 tauray
                          0.2281144001914630E-16
                          0.1044354840794552E-10
                          0.1546148196623554E-09
                          0.7624829931397926E-09
                          0.2378285582937762E-08
                          0.5760528460686148E-08
                          0.1188198585554723E-07
                          0.2192970035421563E-07
                          0.3730498290091841E-07
                          0.5962341279741492E-07
                          0.9071483770299705E-07
                          0.1326233736344890E-06
                          0.1876074049662472E-06
                          0.2581395844301606E-06
                          0.3469068331156504E-06
                          0.4568103404696708E-06
                          0.5909655642967072E-06
                          0.7527022307587788E-06
                          0.9455643343754361E-06
                          0.1173310138023762E-05
                          0.1439912172938373E-05
                          0.1749557238711416E-05
                          0.2106646403292572E-05
                          0.2515795002989052E-05
                          0.2981832642465605E-05
                          0.3509803194744506E-05
                          0.4104964801205566E-05
                          0.4772789871586122E-05
                          0.5518965083981061E-05
                          0.6349391384842773E-05
                          0.7270183988981213E-05
                          0.8287672379563845E-05
                          0.9408400308115674E-05
                          0.1063912579451923E-04
                          0.1198682112701460E-04
                          0.1345867286219937E-04
                          0.1506208182502868E-04
                          0.1680466310881519E-04
                          0.1869424607522912E-04
                          0.2073887435429816E-04
                          0.2294680584440761E-04
                          0.2532651271230025E-04
                          0.2788668139307643E-04
                          0.3063621259019397E-04
                          0.3358422127546827E-04
                          0.3674003668907228E-04
                          0.4011320233953646E-04
                          0.4371347600374877E-04
                          0.4755082972695476E-04
                          0.5163544982275745E-04
                          0.5597773687311750E-04
                          0.6058830572835295E-04
                          0.6547798550713945E-04
                          0.7065781959651030E-04
                          0.7613906565185603E-04
                          0.8193319559692504E-04
                          0.8805189562382309E-04
                          0.9450706619301343E-04
                          0.1013108220333169E-03
                          0.1084754921419120E-03
                          0.1160136197843346E-03
                          0.1239379624944779E-03
                          0.1322614920745932E-03
                          0.1409973945952890E-03
                          0.1501590703955312E-03
                          0.1597601340826433E-03
                          0.1698144145323065E-03
                          0.1803359548885595E-03
                          0.1913390125637983E-03
                          0.2028380592387768E-03
                          0.2148477808626062E-03
                          0.2273830776527553E-03
                          0.2404590640950502E-03
                          0.2540910689436748E-03
                          0.2682946352211707E-03
                          0.2830855202184364E-03
                          0.2984796954947287E-03
                          0.3144933468776614E-03
                          0.3311428744632057E-03
                          0.3484448926156914E-03
                          0.3664162299678041E-03
                          0.3850739294205886E-03
                          0.4044352481434465E-03
                          0.4245176575741366E-03
                          0.4453388434187762E-03
                          0.4669167056518388E-03
                          0.4892693585161562E-03
                          0.5124151305229181E-03
                          0.5363725644516711E-03
                          0.5611604173503196E-03
                          0.5867976605351255E-03
                          0.6133034795907082E-03
                          0.6406972743700447E-03
                          0.6689986589944692E-03
                          0.6982274618536736E-03
                          0.7284037256057086E-03
                          0.7595477071769797E-03
                          0.7916798777622522E-03
                          0.8248209228246488E-03
                          0.8589917420956482E-03
                          0.8942134495750889E-03
                          0.9305073735311642E-03
                          0.9678950565004273E-03
                          0.1006398255287787E-02
                          0.1046038940966512E-02
                          0.1086839298878226E-02
                          0.1128821728632913E-02
                          0.1172008844108910E-02
                          0.1216423473452917E-02
                          0.1262088659079990E-02
                          0.1309027657673538E-02
                          0.1357263940185332E-02
                          0.1406821191835503E-02
                          0.1457723312112532E-02
                          0.1509994414773264E-02
                          0.1563658827842898E-02
                          0.1618741093614991E-02
                          0.1675265968651462E-02
                          0.1733258423782579E-02
                          0.1792743644106976E-02
                          0.1853747028991639E-02
                          0.1916294192071914E-02
                          0.1980410961251503E-02
                          0.2046123378702467E-02
                          0.2113457700865225E-02
                          0.2182440398448551E-02
                          0.2253098156429580E-02
                          0.2325457874053800E-02
                          0.2399546664835062E-02
                          0.2475391856555569E-02
                          0.2553020991265885E-02
                          0.2632461825284932E-02
                          0.2713742329199984E-02
                          0.2796890687866682E-02
                          0.2881935300409019E-02
                          0.2968904780219343E-02
                          0.3057827954958361E-02
                          0.3148733866555146E-02
                          0.3241651771207112E-02
                          0.3336611139380047E-02
                          0.3433641655808088E-02
                          0.3532773219493730E-02
                          0.3634035943707827E-02
                          0.3737460155989590E-02
                          0.3843076398146587E-02
                          0.3950915426254747E-02
                          0.4061008210658348E-02
                          0.4173385935970035E-02
                          0.4288080001070808E-02
                          0.4405122019110019E-02
                          0.4524543817505390E-02
                          0.4646377437942982E-02
                          0.4770655136377232E-02
                          0.4897409383030923E-02
                          0.5026672862395199E-02
                          0.5158478473229562E-02
                          0.5292859328561869E-02
                          0.5429848755688341E-02
                          0.5569480296173544E-02
                          0.5711787705850421E-02
                          0.5856804954820253E-02
                          0.6004566227452689E-02
                          0.6155105922385733E-02
                          0.6308458652525746E-02
                          0.6464659245047448E-02
                          0.6623742741393916E-02
                          0.6785744397276580E-02
                          0.6950699682675240E-02
                          0.7118644281838037E-02
                          0.7289614093281481E-02
                          0.7463645229790446E-02
                          0.7640774018418135E-02
                          0.7821037000486147E-02
                          0.8004470931584410E-02
                          0.8191112781571216E-02
                          0.8380999734573222E-02
                          0.8574169188985434E-02
                          0.8770658757471222E-02
                          0.8970506266962310E-02
                          0.9173749758658778E-02
                          0.9380427488029070E-02
                          0.9590577924809982E-02
                          0.9804239753006670E-02
                          0.1002145187089264E-01
                          0.1024225339100976E-01
                          0.1046668364016828E-01
                          0.1069478215944676E-01
                          0.1092658870419214E-01
                          0.1116214324401974E-01
                          0.1140148596281322E-01
                          0.1164465725872458E-01
                          0.1189169774417419E-01
                          0.1214264824585078E-01
                          0.1239754980471146E-01
                          0.1265644367598166E-01
                          0.1291937132915517E-01
                          0.1318637444799417E-01
                          0.1345749493052916E-01
                          0.1373277488905904E-01
                          0.1401225665015103E-01
                          0.1429598275464071E-01
                          0.1458399595763205E-01
                          0.1487633922849734E-01
                          0.1517305575087724E-01
                          0.1547418892268078E-01
                          0.1577978235608532E-01
                          0.1608987987753662E-01
                          0.1640452552774878E-01
                          0.1672376356170422E-01
                          0.1704763844865375E-01
                          0.1737619487211657E-01
                          0.1770947772988018E-01
                          0.1804753213400045E-01
                          0.1839040341080164E-01
                          0.1873813710087632E-01
                          0.1909077895908549E-01
                          0.1944837495455842E-01
                          0.1981097127069277E-01
                          0.2017861430515460E-01
                          0.2055135066987828E-01
                          0.2092922719106655E-01
                          0.2131229090919049E-01
                          0.2170058907898961E-01
                          0.2209416916947167E-01
                          0.2249307886391286E-01
                          0.2289736605985771E-01
                          0.2330707886911910E-01
                          0.2372226561777829E-01
                          0.2414297484618486E-01
                          0.2456925530895678E-01
                          0.2500115597498036E-01
                          0.2543872602741029E-01
                          0.2588201486366959E-01
                          0.2633107209544965E-01
                          0.2678594754871021E-01
                          0.2724669126367938E-01
                          0.2771335349485363E-01
                          0.2818598471099776E-01
                          0.2866463559514497E-01
                          0.2914935704459678E-01
                          0.2964020017092308E-01
                          0.3013721629996212E-01
                          0.3064045697182052E-01
                          0.3114997394087324E-01
                          0.3166581917576357E-01
                          0.3218804485940323E-01
                          0.3271670338897225E-01
                          0.3325184737591903E-01
                          0.3379352964596026E-01
                          0.3434180323908113E-01
                          0.3489672140953506E-01
                          0.3545833762584391E-01
                          0.3602670557079783E-01
                          0.3660187914145540E-01
                          0.3718391244914343E-01
                          0.3777285981945728E-01
                          0.3836877579226051E-01
                          0.3897171512168511E-01
                          0.3958173277613134E-01
                          0.4019888393826798E-01
                          0.4082322400503202E-01
                          0.4145480858762886E-01
                          0.4209369351153229E-01
                          0.4273993481648442E-01
                          0.4339358875649564E-01
                          0.4405471179984493E-01
                          0.4472336062907933E-01
                          0.4539959214101447E-01
                          0.4608346344673422E-01
                          0.4677503187159086E-01
                          0.4747435495520500E-01
                          0.4818149045146560E-01
                          0.4889649632852998E-01
                          0.4961943076882390E-01
                          0.5035035216904139E-01
                          0.5108931914014479E-01
                          0.5183639050736488E-01
                          0.5259162531020085E-01
                          0.5335508280242012E-01
                          0.5412682245205853E-01
                          0.5490690394142028E-01
                          0.5569538716707793E-01
                          0.5649233223987236E-01
                          0.5729779948491286E-01
                          0.5811184944157706E-01
                          0.5893454286351092E-01
                          0.5976594071862877E-01
                          0.6060610418911333E-01
                          0.6145509467141567E-01
                          0.6231297377625515E-01
                          0.6317980332861957E-01
                          0.6405564536776508E-01
                          0.6494056214721609E-01
                          0.6583461613476552E-01
                          0.6673787001247450E-01
                          0.6765038667667263E-01
                          0.6857222923795782E-01
                          0.6950346102119632E-01
                          0.7044414556552281E-01
                          0.7139434662434020E-01
                          0.7235412816531987E-01
                          0.7332355437040153E-01
                          0.7430268963579326E-01
                          0.7529159857197142E-01
                          0.7629034600368080E-01
                          0.7729899696993459E-01
                          0.7831761672401417E-01
                          0.7934627073346952E-01
                          0.8038502468011872E-01
                          0.8143394446004842E-01
                          0.8249309618361353E-01
                          0.8356254617543721E-01
                          0.8464236097441125E-01
                          0.8573260733369555E-01
                          0.8683335222071849E-01
                          0.8794466281717681E-01
                          0.8906660651903546E-01
                          0.9019925093652797E-01
                          0.9134266389415613E-01
                          0.9249691343068996E-01
                          0.9366206779916811E-01
                          0.9483819546689724E-01
                          0.9602536511545280E-01
                          0.9722364564067809E-01
                          0.9843310615268525E-01
                          0.9965381597585450E-01
                          0.1008858446488345E+00
                          0.1021292619245421E+00
                          0.1033841377701628E+00
                          0.1046505423671503E+00
                          0.1059285461112267E+00
                          0.1072182196123823E+00
                          0.1085196336948760E+00
                          0.1098328593972349E+00
                          0.1111579679722546E+00
                          0.1124950308869987E+00
                          0.1138441198227997E+00
                          0.1152053066752579E+00
                          0.1165786635542425E+00
                          0.1179642627838906E+00
                          0.1193621769026079E+00
                          0.1207724786630684E+00
                          0.1221952410322145E+00
                          0.1236305371912570E+00
                          0.1250784405356747E+00
                          0.1265390246752153E+00
                          0.1280123634338944E+00
                          0.1294985308499963E+00
                          0.1309976011760734E+00
                          0.1325096488789466E+00
                          0.1340347486397050E+00
                          0.1355729753537064E+00
                          0.1371244041305767E+00
                          0.1386891102942102E+00
                          0.1402671693827693E+00
                          0.1418586571486853E+00
                          0.1434636495586573E+00
                          0.1450822227936534E+00
                          0.1467144532489093E+00
                          0.1483604175339296E+00
                          0.1500201924724871E+00
                          0.1516938551026230E+00
                          0.1533814826766467E+00
                          0.1550831526611361E+00
                          0.1567989427369374E+00
                          0.1585289307991653E+00
                          0.1602731949572027E+00
                          0.1620318135347009E+00
                          0.1638048650695794E+00
                          0.1655924283140264E+00
                          0.1673945822344983E+00
                          0.1692114060117197E+00
                          0.1710429790406837E+00
                          0.1728893809306516E+00
                          0.1747506915051536E+00
                          0.1766269908019875E+00
                          0.1785183590732199E+00
                          0.1804248767851859E+00
                          0.1823466246184884E+00
                          0.1842836834679993E+00
                          0.1862361344428582E+00
                          0.1882040588664736E+00
                          0.1901875382765222E+00
                          0.1921866544249490E+00
                          0.1942014892779672E+00
                          0.1962321250160589E+00
                          0.1982786440339737E+00
                          0.2003411289407306E+00
                          0.2024196625596159E+00
                          0.2045143279281851E+00
                          0.2066252082982617E+00
                          0.2087523871359374E+00
                          0.2108959481215726E+00
                          0.2130559751497957E+00
                          0.2152325523295036E+00
                          0.2174257639838621E+00
                          0.2196356946503044E+00
                          0.2218624290805328E+00
                          0.2241060522405174E+00
                          0.2263666493104972E+00
                          0.2286443056849790E+00
                          0.2309391069727386E+00
                          0.2332511389968197E+00
                          0.2355804877945343E+00
                          0.2379272396174632E+00
                          0.2402914809314551E+00
                          0.2426732984166272E+00
                          0.2450727789673652E+00
                          0.2474900096923231E+00
                          0.2499250779144229E+00
                          0.2523780711708559E+00
                          0.2548490772130807E+00
                          0.2573381840068245E+00
                          0.2598454797320833E+00
                          0.2623710527831214E+00
                          0.2649149917684711E+00
                          0.2674773855109328E+00
                          0.2700583230475763E+00
                          0.2726578936297390E+00
                          0.2752761867230265E+00
                          0.2779132920073131E+00
                          0.2805692993767417E+00
                          0.2832442989397230E+00
                          0.2859383810189364E+00
                          0.2886516361513297E+00
                          0.2913841550881184E+00
                          0.2941360287947878E+00
                          0.2969073484510897E+00
                          0.2996982054510460E+00
                          0.3025086914029457E+00
                          0.3053388981293469E+00
                          0.3081889176670755E+00
                          0.3110588422672262E+00
                          0.3139487643951618E+00
                          0.3168587767305137E+00
                          0.3197889721671816E+00
                          0.3227394438133330E+00
                          0.3257102849914044E+00
                          0.3287015892381011E+00
                          0.3317134503043951E+00
                          0.3347459621555287E+00
                          0.3377992189710112E+00
                          0.3408733151446209E+00
                          0.3439683452844040E+00
                          0.3470844042126756E+00
                          0.3502215869660189E+00
                          0.3533799887952852E+00
                          0.3565597051655947E+00
                          0.3597608317563352E+00
                          0.3629834644611638E+00
                          0.3662276993880054E+00
                          0.3694936328590530E+00
                          0.3727813614107688E+00
                          0.3760909817938823E+00
                          0.3794225909733924E+00
                          0.3827762861285654E+00
                          0.3861521646529367E+00
                          0.3895503241543098E+00
                          0.3929708624547564E+00
                          0.3964138775906165E+00
                          0.3998794678124991E+00
                          0.4033677315852813E+00
                          0.4068787675881073E+00
                          0.4104126747143917E+00
                          0.4139695520718161E+00
                          0.4175494989823310E+00
                          0.4211526149821549E+00
                          0.4247789998217750E+00
                          0.4284287534659466E+00
                          0.4321019760936936E+00
                          0.4357987680983080E+00
                          0.4395192300873499E+00
                          0.4432634628826491E+00
                          0.4470315675203023E+00
                          0.4508236452506746E+00
                          0.4546397975384006E+00
                          0.4584801260623823E+00
                          0.4623447327157902E+00
                          0.4662337196060636E+00
                          0.4701471890549097E+00
                          0.4740852435983038E+00
                          0.4780479859864907E+00
                          0.4820355191839822E+00
                          0.4860479463695593E+00
                          0.4900853709362710E+00
                          0.4941478964914347E+00
                          0.4982356268566370E+00
                          0.5023486660677313E+00
                          0.5064871183748408E+00
                          0.5106510882423555E+00
                          0.5148406803489354E+00
                          0.5190559995875080E+00
                          0.5232971510652693E+00
                          0.5275642401036833E+00
                          0.5318573722384834E+00
                          0.5361766532196696E+00
                          0.5405221890115126E+00
                          0.5448940857925491E+00
                          0.5492924499555858E+00
                          0.5537173881076977E+00
                          0.5581690070702263E+00
                          0.5626474138787835E+00
                          0.5671527157832491E+00
                          0.5716850202477709E+00
                          0.5762444349507650E+00
                          0.5808310677849162E+00
                          0.5854450268571774E+00
                          0.5900864204887700E+00
                          0.5947553572151836E+00
                          0.5994519457861766E+00
                          0.6041762951657745E+00
                          0.6089285145322737E+00
                          0.6137087132782362E+00
                          0.6185170010104932E+00
                          0.6233534875501453E+00
                          0.6282182829325604E+00
                          0.6331114974073755E+00
                          0.6380332414384949E+00
                          0.6429836257040923E+00
                          0.6479627610966093E+00
                          0.6529707587227551E+00
                          0.6580077299035095E+00
                          0.6630737861741186E+00
                          0.6681690392840968E+00
                          0.6732936011972284E+00
                          0.6784475840915648E+00
                          0.6836311003594262E+00
                          0.6888442626074013E+00
                          0.6940871836563466E+00
                          0.6993599765413876E+00
                          0.7046627545119176E+00
                          0.7099956310315986E+00
                          0.7153587197783612E+00
                          0.7207521346444042E+00
                          0.7261759897361937E+00
                          0.7316303993744664E+00
                          0.7371154780942243E+00
                          0.7426313406447409E+00
                          0.7481781019895560E+00
                          0.7537558773064787E+00
                          0.7593647819875862E+00
                          0.7650049316392235E+00
                          0.7706764420820049E+00
                          0.7763794293508125E+00
                          0.7821140096947968E+00
                          0.7878802995773764E+00
                          0.7936784156762396E+00
                          0.7995084748833415E+00
                          0.8053705943049059E+00
                          0.8112648912614259E+00
                          0.8171914832876613E+00
                          0.8231504881326410E+00
                          0.8291420237596635E+00
                          0.8351662083462942E+00
                          0.8412231602843672E+00
                          0.8473129981799847E+00
                          0.8534358408535182E+00
                          0.8595918073396063E+00
                          0.8657810168871569E+00
                          0.8720035889593462E+00
                          0.8782596432336173E+00
                          0.8845492996016846E+00
                          0.8908726781695280E+00
                          0.8972298992573975E+00
                          0.9036210833998103E+00
                          0.9100463513455529E+00
                          0.9165058240576793E+00
                          0.9229996227135127E+00
                          0.9295278687046437E+00
                          0.9360906836369323E+00
                          0.9426881893305072E+00
                          0.9493205078197623E+00
                          0.9559877613533645E+00
                          0.9626900723942454E+00
                          0.9694275636196075E+00
                          0.9762003579209194E+00
                          0.9830085784039199E+00
                          0.9898523483886140E+00
                          0.9967317914092775E+00
                          0.1003647031214454E+01
                          0.1010598191766955E+01
                          0.1017585397243859E+01
                          0.1024608772036514E+01
                          0.1031668440750539E+01
                          0.1038764528205815E+01
                          0.1045897159436498E+01
                          0.1053066459691010E+01
                          0.1060272554432041E+01
                          0.1067515569336546E+01
                          0.1074795630295755E+01
                          0.1082112863415162E+01
                          0.1089467395014531E+01
                          0.1096859351627893E+01
                          0.1104288860003548E+01
                          0.1111756047104064E+01
                          0.1119261040106280E+01
                          0.1126803966401299E+01
                          0.1134384953594494E+01
                          0.1142004129505509E+01
                          0.1149661622168254E+01
                          0.1157357559830907E+01
                          0.1165092070955914E+01
                          0.1172865284219992E+01
                          0.1180677328514124E+01
                          0.1188528332943562E+01
                          0.1196418426827825E+01
                          0.1204347739700705E+01
                          0.1212316401310257E+01
                          0.1220324541618805E+01
                          0.1228372290802946E+01
                          0.1236459779253540E+01
                          0.1244587137575718E+01
                          0.1252754496588880E+01
                          0.1260961987326692E+01
                          0.1269209741037090E+01
                          0.1277497889182278E+01
                          0.1285826563438727E+01
                          0.1294195895697180E+01
                          0.1302606018062645E+01
                          0.1311057062854400E+01
                          0.1319549162605989E+01
                          0.1328082450065228E+01
                          0.1336657058194198E+01
                          0.1345273120169252E+01
                          0.1353930769381006E+01
                          0.1362630139434350E+01
                          0.1371371364148439E+01
                          0.1380154577556698E+01
                          0.1388979913906819E+01
                          0.1397847507660762E+01
                          0.1406757493494758E+01
                          0.1415710006299304E+01
                          0.1424705181179166E+01
                          0.1433743153453379E+01
                          0.1442824058655244E+01
                          0.1451948032532335E+01
                          0.1461115211046487E+01
                          0.1470325730373812E+01
                          0.1479579726904686E+01
                          0.1488877337243752E+01
                          0.1498218698209923E+01
                          0.1507603946836381E+01
                          0.1517033220370575E+01
                          0.1526506656274222E+01
                          0.1536024392223310E+01
                          0.1545586566108094E+01
                          0.1555193316033096E+01
                          0.1564844780317107E+01
                          0.1574541097493188E+01
                          0.1584282406308667E+01
                          0.1594068845725139E+01
                          0.1603900554918469E+01
                          0.1613777673278793E+01
                          0.1623700340410510E+01
                          0.1633668696132289E+01
                          0.1643682880477072E+01
                          0.1653743033692062E+01
                          0.1663849296238736E+01
                          0.1674001808792835E+01
                          0.1684200712244375E+01
                          0.1694446147697632E+01
                          0.1704738256471156E+01
                          0.1715077180097764E+01
                          0.1725463060324541E+01
                          0.1735896039112841E+01
                          0.1746376258638283E+01
                          0.1756903861290760E+01
                          0.1767478989674431E+01
                          0.1778101786607721E+01
                          0.1788772395123326E+01
                          0.1799490958468209E+01
                          0.1810257620103604E+01
                          0.1821072523705009E+01
                          0.1831935813162194E+01
                          0.1842847632579196E+01
                          0.1853808126274321E+01
                          0.1864817438780140E+01
                          0.1875875714843497E+01
                          0.1886983099425506E+01
                          0.1898139737701539E+01
                          0.1909345775061249E+01
                          0.1920601357108548E+01
                          0.1931906629661620E+01
                          0.1943261738752920E+01
                          0.1954666830629167E+01
                          0.1966122051751350E+01
                          0.1977627548794726E+01
                          0.1989183468648821E+01
                          0.2000789958417430E+01
                          0.2012447165418614E+01
                          0.2024155237184705E+01
                          0.2035914321462301E+01
                          0.2047724566212270E+01
                          0.2059586119609748E+01
                          0.2071499130044138E+01
                          0.2083463746119114E+01
                          0.2095480116652618E+01
                          0.2107548390676858E+01
                          0.2119668717438310E+01
                          0.2131841246397721E+01
                          0.2144066127230108E+01
                          0.2156343509824750E+01
                          0.2168673544285200E+01
                          0.2181056380929278E+01
                          0.2193492170289069E+01
                          0.2205981063110932E+01
                          0.2218523210355490E+01
                          0.2231118763197636E+01
                          0.2243767873026534E+01
                          0.2256470691445609E+01
                          0.2269227370272563E+01
                          0.2282038061539359E+01
                          0.2294902917492233E+01
                          0.2307822090591688E+01
                          0.2320795733512495E+01
                          0.2333823999143695E+01
                          0.2346907040588594E+01
                          0.2360045011164772E+01
                          0.2373238064404068E+01
                          0.2386486354052602E+01
                          0.2399790034070750E+01
                          0.2413149258633164E+01
                          0.2426564182128763E+01
                          0.2440034959160732E+01
                          0.2453561744546528E+01
                          0.2467144693317871E+01
                          0.2480783960720756E+01
                          0.2494479702215440E+01
                          0.2508232073476454E+01
                          0.2522041230392596E+01
                          0.2535907329066925E+01
                          0.2549830525816782E+01
                          0.2563810977173762E+01
                          0.2577848839883738E+01
                          0.2591944270906852E+01
                          0.2606097427417505E+01
                          0.2620308466804377E+01
                          0.2634577546670406E+01
                          0.2648904824832810E+01
                          0.2663290459323066E+01
                          0.2677734608386924E+01
                          0.2692237430484399E+01
                          0.2706799084289776E+01
                          0.2721419728691612E+01
                          0.2736099522792729E+01
                          0.2750838625910214E+01
                          0.2765637197575431E+01
                          0.2780495397534000E+01
                          0.2795413385745823E+01
                          0.2810391322385060E+01
                          0.2825429367840145E+01
                          0.2840527682713778E+01
                          0.2855686427822927E+01
                          0.2870905764198833E+01
                          0.2886185853086999E+01
                          0.2901526855947196E+01
                          0.2916928934453471E+01
                          0.2932392250494133E+01
                          0.2947916966171762E+01
                          0.2963503243803205E+01
                          0.2979151245919575E+01
                          0.2994861135266261E+01
                          0.3010633074802914E+01
                          0.3026467227703450E+01
                          0.3042363757356067E+01
                          0.3058322827363217E+01
                          0.3074344601541624E+01
                          0.3090429243922288E+01
                          0.3106576918750469E+01
                          0.3122787790485696E+01
                          0.3139062023801772E+01
                          0.3155399783586762E+01
                          0.3171801234943003E+01
                          0.3188266543187101E+01
                          0.3204795873849926E+01
                          0.3221389392676621E+01
                          0.3238047265626598E+01
                          0.3254769658873528E+01
                          0.3271556738805361E+01
                          0.3288408672024314E+01
                          0.3305325625346867E+01
                          0.3322307765803772E+01
                          0.3339355260640048E+01
                          0.3356468277314985E+01
                          0.3373646983502138E+01
                          0.3390891547089331E+01
                          0.3408202136178660E+01
                          0.3425578919086482E+01
                          0.3443022064343432E+01
                          0.3460531740694403E+01
                          0.3478108117098566E+01
                          0.3495751362729355E+01
                          0.3513461646974473E+01
                          0.3531239139435886E+01
                          0.3549084009929840E+01
                          0.3566996428486844E+01
                          0.3584976565351671E+01
                          0.3603024590983369E+01
                          0.3621140676055251E+01
                          0.3639324991454895E+01
                          0.3657577708284157E+01
                          0.3675898997859152E+01
                          0.3694289031710266E+01
                          0.3712747981582155E+01
                          0.3731276019433746E+01
                          0.3749873317438225E+01
                          0.3768540047983060E+01
                          0.3787276383669969E+01
                          0.3806082497314959E+01
                          0.3824958561948288E+01
                          0.3843904750814493E+01
                          0.3862921237372379E+01
                          0.3882008195295009E+01
                          0.3901165798469731E+01
                          0.3920394220998145E+01
                          0.3939693637196128E+01
                          0.3959064221593822E+01
                          0.3978506148935646E+01
                          0.3998019594180272E+01
                          0.4017604732500659E+01
                          0.4037261739284013E+01
                          0.4056990790131828E+01
                          0.4076792060859852E+01
                          0.4096665727498112E+01
                          0.4116611966290897E+01
                          0.4136630953696764E+01
                          0.4156722866388548E+01
                          0.4176887881253333E+01
                          0.4197126175392494E+01
                          0.4217437926121655E+01
                          0.4237823310970724E+01
                          0.4258282507683863E+01
                          0.4278815694219515E+01
                          0.4299423048750387E+01
                          0.4320104749663447E+01
                          0.4340860975559942E+01
                          0.4361691905255381E+01
                          0.4382597717779548E+01
                          0.4403578592376483E+01
                          0.4424634708504512E+01
                          0.4445766245836212E+01
                          0.4466973384258433E+01
                          0.4488256303872300E+01
                          0.4509615184993210E+01
                          0.4531050208150806E+01
                          0.4552561554089024E+01
                          0.4574149403766061E+01
                          0.4595813938354371E+01
                          0.4617555339240695E+01
                          0.4639373788026021E+01
                          0.4661269466525629E+01
                          0.4683242556769046E+01
                          0.4705293241000082E+01
                          0.4727421701676808E+01
                          0.4749628121471569E+01
                          0.4771912683270965E+01
                          0.4794275570175888E+01
                          0.4816716965501473E+01
                          0.4839237052777142E+01
                          0.4861836015746572E+01
                          0.4884514038367716E+01
                          0.4907271304812802E+01
                          0.4930107999468312E+01
                          0.4953024306934999E+01
                          0.4976020412027895E+01
                          0.4999096499776286E+01
                          0.5022252755423739E+01
                          0.5045489364428086E+01
                          0.5068806512461419E+01
                          0.5092204385410111E+01
                          0.5115683169374790E+01
                          0.5139243050670363E+01
                          0.5162884215826011E+01
                          0.5186606851585162E+01
                          0.5210411144905524E+01
                          0.5234297282959078E+01
                          0.5258265453132076E+01
                          0.5282315843025021E+01
                          0.5306448640452702E+01
                          0.5330664033444162E+01
                          0.5354962210242730E+01
                          0.5379343359305982E+01
                          0.5403807669305783E+01
                          0.5428355329128249E+01
                          0.5452986527873779E+01
                          0.5477701454857027E+01
                          0.5502500299606927E+01
                          0.5527383251866673E+01
                          0.5552350501593730E+01
                          0.5577402238959840E+01
                          0.5602538654350992E+01
                          0.5627759938367469E+01
                          0.5653066281823802E+01
                          0.5678457875748800E+01
                          0.5703934911385543E+01
                          0.5729497580191368E+01
                          0.5755146073837897E+01
                          0.5780880584211002E+01
                          0.5806701303410834E+01
                          0.5832608423751815E+01
                          0.5858602137762623E+01
                          0.5884682638186217E+01
                          0.5910850117979825E+01
                          0.5937104770314930E+01
                          0.5963446788577290E+01
                          0.5989876366366936E+01
                          0.6016393697498171E+01
                          0.6042998975999545E+01
                          0.6069692396113906E+01
                          0.6096474152298341E+01
                          0.6123344439224232E+01
                          0.6150303451777204E+01
                          0.6177351385057168E+01
                          0.6204488434378310E+01
                          0.6231714795269061E+01
                          0.6259030663472128E+01
                          0.6286436234944501E+01
                          0.6313931705857424E+01
                          0.6341517272596412E+01
                          0.6369193131761251E+01
                          0.6396959480165997E+01
                          0.6424816514838966E+01
                          0.6452764433022749E+01
                          0.6480803432174206E+01
                          0.6508933709964464E+01
                          0.6537155464278914E+01
                          0.6565468893217225E+01
                          0.6593874195093321E+01
                          0.6622371568435410E+01
                          0.6650961211985952E+01
                          0.6679643324701692E+01
                          0.6708418105753625E+01
                          0.6737285754527035E+01
                          0.6766246470621455E+01
                          0.6795300453850705E+01
                          0.6824447904242850E+01
                          0.6853689022040248E+01
                          0.6883024007699507E+01
                          0.6912453061891511E+01
                          0.6941976385501421E+01
                          0.6971594179628645E+01
                          0.7001306645586882E+01
                          0.7031113984904077E+01
                          0.7061016399322470E+01
                          0.7091014090798538E+01
                          0.7121107261503059E+01
                          0.7151296113821049E+01
                          0.7181580850351820E+01
                          0.7211961673908927E+01
                          0.7242438787520215E+01
                          0.7273012394427781E+01
                          0.7303682698088001E+01
                          0.7334449902171510E+01
                          0.7365314210563225E+01
                          0.7396275827362320E+01
                          0.7427334956882238E+01
                          0.7458491803650695E+01
                          0.7489746572409668E+01
                          0.7521099468115416E+01
                          0.7552550695938458E+01
                          0.7584100461263572E+01
                          0.7615748969689827E+01
                          0.7647496427030530E+01
                          0.7679343039313292E+01
                          0.7711289012779957E+01
                          0.7743334553886667E+01
                          0.7775479869303809E+01
                          0.7807725165916055E+01
                          0.7840070650822343E+01
                          0.7872516531335869E+01
                          0.7905063014984101E+01
                          0.7937710309508789E+01
                          0.7970458622865929E+01
                          0.8003308163225798E+01
                          0.8036259138972957E+01
                          0.8069311758706203E+01
                          0.8102466231238614E+01
                          0.8135722765597544E+01
                          0.8169081571024616E+01
                          0.8202542856975715E+01
                          0.8236106833120996E+01
                          0.8269773709344875E+01
                          0.8303543695746049E+01
                          0.8337417002637466E+01
                          0.8371393840546373E+01
                          0.8405474420214258E+01
                          0.8439658952596876E+01
                          0.8473947648864275E+01
                          0.8508340720400746E+01
                          0.8542838378804866E+01
                          0.8577440835889467E+01
                          0.8612148303681661E+01
                          0.8646960994422814E+01
                          0.8681879120568579E+01
                          0.8716902894788861E+01
                          0.8752032529967847E+01
                          0.8787268239203971E+01
                          0.8822610235809968E+01
                          0.8858058733312808E+01
                          0.8893613945453748E+01
                          0.8929276086188310E+01
                          0.8965045369686292E+01
                          0.9000922010331747E+01
                          0.9036906222723001E+01
                          0.9072998221672632E+01
                          0.9109198222207546E+01
                          0.9145506439568830E+01
                          0.9181923089211903E+01
                          0.9218448386806445E+01
                          0.9255082548236366E+01
                          0.9291825789599891E+01
                          0.9328678327209497E+01
                          0.9365640377591912E+01
                          0.9402712157488155E+01
                          0.9439893883853497E+01
                          0.9477185773857494E+01
                          0.9514588044883952E+01
                          0.9552100914530959E+01
                          0.9589724600610873E+01
                          0.9627459321150306E+01
                          0.9665305294390155E+01
                          0.9703262738785570E+01
                          0.9741331873005974E+01
                          0.9779512915935070E+01
                          0.9817806086670812E+01
                          0.9856211604525432E+01
                          0.9894729689025437E+01
                          0.9933360559911591E+01
                          0.9972104437138919E+01
                          0.1001096154087673E+02
                          0.1004993209150861E+02
                          0.1008901630963238E+02
                          0.1012821441606016E+02
                          0.1016752663181833E+02
                          0.1020695317814752E+02
                          0.1024649427650267E+02
                          0.1028615014855294E+02
                          0.1032592101618178E+02
                          0.1036580710148693E+02
                          0.1040580862678037E+02
                          0.1044592581458834E+02
                          0.1048615888765138E+02
                          0.1052650806892427E+02
                          0.1056697358157610E+02
                          0.1060755564899016E+02
                          0.1064825449476407E+02
                          0.1068907034270969E+02
                          0.1073000341685317E+02
                          0.1077105394143488E+02
                          0.1081222214090952E+02
                          0.1085350823994602E+02
                          0.1089491246342759E+02
                          0.1093643503645171E+02
                          0.1097807618433011E+02
                          0.1101983613258881E+02
                          0.1106171510696810E+02
                          0.1110371333342251E+02
                          0.1114583103812088E+02
                          0.1118806844744629E+02
                          0.1123042578799609E+02
                          0.1127290328658190E+02
                          0.1131550117022962E+02
                          0.1135821966617941E+02
                          0.1140105900188568E+02
                          0.1144401940501715E+02
                          0.1148710110345677E+02
                          0.1153030432530178E+02
                          0.1157362929886369E+02
                          0.1161707625266825E+02
                          0.1166064541545551E+02
                          0.1170433701617978E+02
                          0.1174815128400964E+02
                          0.1179208844832790E+02
                          0.1183614873873170E+02
                          0.1188033238503243E+02
                          0.1192463961725571E+02
                          0.1196907066564147E+02
                          0.1201362576064390E+02
                          0.1205830513293146E+02
                          0.1210310901338684E+02
                          0.1214803763310707E+02
                          0.1219309122340338E+02
                          0.1223827001580131E+02
                          0.1228357424204065E+02
                          0.1232900413407546E+02
                          0.1237455992407408E+02
                          0.1242024184441911E+02
                          0.1246605012770742E+02
                          0.1251198500675014E+02
                          0.1255804671457269E+02
                          0.1260423548441472E+02
                          0.1265055154973019E+02
                          0.1269699514418730E+02
                          0.1274356650166854E+02
                          0.1279026585627065E+02
                          0.1283709344230465E+02
                          0.1288404949429582E+02
                          0.1293113424698371E+02
                          0.1297834793532215E+02
                          0.1302569079447922E+02
                          0.1307316305983728E+02
                          0.1312076496699295E+02
                          0.1316849675175715E+02
                          0.1321635865015500E+02
                          0.1326435089842597E+02
                          0.1331247373302374E+02
                          0.1336072739061627E+02
                          0.1340911210808582E+02
                          0.1345762812252887E+02
                          0.1350627567125621E+02
                          0.1355505499179287E+02
                          0.1360396632187817E+02
                          0.1365300989946567E+02
                          0.1370218596272323E+02
                          0.1375149475003297E+02
                          0.1380093649999126E+02
                          0.1385051145140875E+02
                          0.1390021984331036E+02
                          0.1395006191493530E+02
                          0.1400003790573699E+02
                          0.1405014805538319E+02
                          0.1410039260375586E+02
                          0.1415077179095129E+02
                          0.1420128585727999E+02
                          0.1425193504326676E+02
                          0.1430271958965068E+02
                          0.1435363973738508E+02
                          0.1440469572763755E+02
                          0.1445588780178998E+02
                          0.1450721620143848E+02
                          0.1455868116839350E+02
                          0.1461028294467967E+02
                          0.1466202177253598E+02
                          0.1471389789441562E+02
                          0.1476591155298606E+02
                          0.1481806299112908E+02
                          0.1487035245194067E+02
                          0.1492278017873113E+02
                          0.1497534641502503E+02
                          0.1502805140456116E+02
                          0.1508089539129264E+02
                          0.1513387861938681E+02
                          0.1518700133322531E+02
                          0.1524026377740402E+02
                          0.1529366619673314E+02
                          0.1534720883623707E+02
                          0.1540089194115454E+02
                          0.1545471575693849E+02
                          0.1550868052925617E+02
                          0.1556278650398909E+02
                          0.1561703392723303E+02
                          0.1567142304529803E+02
                          0.1572595410470839E+02
                          0.1578062735220272E+02
                          0.1583544303473384E+02
                          0.1589040139946888E+02
                          0.1594550269378921E+02
                          0.1600074716529051E+02
                          0.1605613506178268E+02
                          0.1611166663128991E+02
                          0.1616734212205068E+02
                          0.1622316178251770E+02
                          0.1627912586135797E+02
                          0.1633523460745276E+02
                          0.1639148826989759E+02
                          0.1644788709800226E+02
                          0.1650443134129085E+02
                          0.1656112124950170E+02
                          0.1661795707258740E+02
                          0.1667493906071484E+02
                          0.1673206746426514E+02
                          0.1678934253383374E+02
                          0.1684676452023031E+02
                          0.1690433367447878E+02
                          0.1696205024781739E+02
                          0.1701991449169859E+02
                          0.1707792665778917E+02
                          0.1713608699797014E+02
                          0.1719439576433678E+02
                          0.1725285320919866E+02
                          0.1731145958507959E+02
                          0.1737021514471767E+02
                          0.1742912014106527E+02
                          0.1748817482728901E+02
                          0.1754737945676981E+02
                          0.1760673428310282E+02
                          0.1766623956009748E+02
                          0.1772589554177748E+02
                          0.1778570248238081E+02
                          0.1784566063635971E+02
                          0.1790577025838071E+02
                          0.1796603160332455E+02
                          0.1802644492628630E+02
                          0.1808701048257525E+02
                          0.1814772852771501E+02
                          0.1820859931744341E+02
                          0.1826962310771259E+02
                          0.1833080015468893E+02
                          0.1839213071475309E+02
                          0.1845361504449999E+02
                          0.1851525340073881E+02
                          0.1857704604049303E+02
                          0.1863899322100037E+02
                          0.1870109519971284E+02
                          0.1876335223429671E+02
                          0.1882576458263249E+02
                          0.1888833250281499E+02
                          0.1895105625315330E+02
                          0.1901393609217076E+02
                          0.1907697227860496E+02
                          0.1914016507140776E+02
                          0.1920351472974536E+02
                          0.1926702151299814E+02
                          0.1933068568076076E+02
                          0.1939450749284221E+02
                          0.1945848720926569E+02
                          0.1952262509026870E+02
                          0.1958692139630297E+02
                          0.1965137638803455E+02
                          0.1971599032634371E+02
                          0.1978076347232503E+02
                          0.1984569608728734E+02
                          0.1991078843275369E+02
                          0.1997604077046151E+02
                          0.2004145336236240E+02
                          0.2010702647062227E+02
                          0.2017276035762127E+02
                          0.2023865528595389E+02
                          0.2030471151842878E+02
                          0.2037092931806894E+02
                          0.2043730894811162E+02
                          0.2050385067200832E+02
                          0.2057055475342483E+02
                          0.2063742145624119E+02
                          0.2070445104455172E+02
                          0.2077164378266500E+02
                          0.2083899993510391E+02
                          0.2090651976660554E+02
                          0.2097420354212131E+02
                          0.2104205152681687E+02
                          0.2111006398607211E+02
                          0.2117824118548129E+02
                          0.2124658339085282E+02
                          0.2131509086820945E+02
                          0.2138376388378820E+02
                          0.2145260270404031E+02
                          0.2152160759563134E+02
                          0.2159077882544108E+02
                          0.2166011666056362E+02
                          0.2172962136830730E+02
                          0.2179929321619472E+02
                          0.2186913247196276E+02
                          0.2193913940356257E+02
                          0.2200931427915957E+02
                          0.2207965736713345E+02
                          0.2215016893607815E+02
                          0.2222084925480190E+02
                          0.2229169859232718E+02
                          0.2236271721789076E+02
                          0.2243390540094365E+02
                          0.2250526341115116E+02
                          0.2257679151839284E+02
                          0.2264848999276254E+02
                          0.2272035910456836E+02
                          0.2279239912433264E+02
                          0.2286461032279202E+02
                          0.2293699297089744E+02
                          0.2300954733981406E+02
                          0.2308227370092128E+02
                          0.2315517232581285E+02
                          0.2322824348629677E+02
                          0.2330148745439523E+02
                          0.2337490450234476E+02
                          0.2344849490259618E+02
                          0.2352225892781452E+02
                          0.2359619685087907E+02
                          0.2367030894488347E+02
                          0.2374459548313554E+02
                          0.2381905673915741E+02
                          0.2389369298668550E+02
                          0.2396850449967042E+02
                          0.2404349155227716E+02
                          0.2411865441888488E+02
                          0.2419399337408706E+02
                          0.2426950869269141E+02
                          0.2434520064971999E+02
                          0.2442106952040903E+02
                          0.2449711558020906E+02
                          0.2457333910478492E+02
                          0.2464974037001566E+02
                          0.2472631965199464E+02
                          0.2480307722702947E+02
                          0.2488001337164205E+02
                          0.2495712836256851E+02
                          0.2503442247675926E+02
                          0.2511189599137900E+02
                          0.2518954918380671E+02
                          0.2526738233163558E+02
                          0.2534539571267310E+02
                          0.2542358960494103E+02
                          0.2550196428667544E+02
                          0.2558052003632658E+02
                          0.2565925713255904E+02
                          0.2573817585425166E+02
                          0.2581727648049751E+02
                          0.2589655929060396E+02
                          0.2597602456409271E+02
                          0.2605567258069962E+02
                          0.2613550362037487E+02
                          0.2621551796328291E+02
                          0.2629571588980244E+02
                          0.2637609768052645E+02
                          0.2645666361626218E+02
                          0.2653741397803118E+02
                          0.2661834904706920E+02
                          0.2669946910482631E+02
                          0.2678077443296684E+02
                          0.2686226531336936E+02
                          0.2694394202812675E+02
                          0.2702580485954610E+02
                          0.2710785409014885E+02
                          0.2719009000267064E+02
                          0.2727251288006143E+02
                          0.2735512300548539E+02
                          0.2743792066232101E+02
                          0.2752090613416100E+02
                          0.2760407970481238E+02
                          0.2768744165829646E+02
                          0.2777099227884875E+02
                          0.2785473185091905E+02
                          0.2793866065917146E+02
                          0.2802277898848431E+02
                          0.2810708712395025E+02
                          0.2819158535087612E+02
                          0.2827627395478311E+02
                          0.2836115322140661E+02
                          0.2844622343669634E+02
                          0.2853148488681624E+02
                          0.2861693785814454E+02
                          0.2870258263727372E+02
                          0.2878841951101061E+02
                          0.2887444876637615E+02
                          0.2896067069060569E+02
                          0.2904708557114878E+02
                          0.2913369369566928E+02
                          0.2922049535204527E+02
                          0.2930749082836914E+02
                          0.2939468041294752E+02
                          0.2948206439430134E+02
                          0.2956964306116575E+02
                          0.2965741670249022E+02
                          0.2974538560743844E+02
                          0.2983355006538841E+02
                          0.2992191036593239E+02
                          0.3001046679887690E+02
                          0.3009921965424271E+02
                          0.3018816922226489E+02
                          0.3027731579339276E+02
                          0.3036665965828989E+02
                          0.3045620110783421E+02
                          0.3054594043311777E+02
                          0.3063587792544705E+02
                          0.3072601387634265E+02
                          0.3081634857753951E+02
                          0.3090688232098688E+02
                          0.3099761539884818E+02
                          0.3108854810350120E+02
                          0.3117968072753792E+02
                          0.3127101356376463E+02
                          0.3136254690520185E+02
                          0.3145428104508441E+02
                          0.3154621627686140E+02
                          0.3163835289419613E+02
                          0.3173069119096630E+02
                          0.3182323146126374E+02
                          0.3191597399939462E+02
                          0.3200891909987932E+02
                          0.3210206705745262E+02
                          0.3219541816706342E+02
                          0.3228897272387494E+02
                          0.3238273102326472E+02
                          0.3247669336082449E+02
                          0.3257086003236030E+02
                          0.3266523133389248E+02
                          0.3275980756165556E+02
                          0.3285458901209839E+02
                          0.3294957598188406E+02
                          0.3304476876788997E+02
                          0.3314016766720778E+02
                          0.3323577297714337E+02
                          0.3333158499521696E+02
                          0.3342760401916294E+02
                          0.3352383034693008E+02
                          0.3362026427668133E+02
                          0.3371690610679398E+02
                          0.3381375613585953E+02
                          0.3391081466268376E+02
                          0.3400808198628675E+02
                          0.3410555840590285E+02
                          0.3420324422098060E+02
                          0.3430113973118291E+02
                          0.3439924523638689E+02
                          0.3449756103668395E+02
                          0.3459608743237975E+02
                          0.3469482472399424E+02
                          0.3479377321226163E+02
                          0.3489293319813039E+02
                          0.3499230498276326E+02
                          0.3509188886753724E+02
                          0.3519168515404361E+02
                          0.3529169414408797E+02
                          0.3539191613969007E+02
                          0.3549235144308404E+02
                          0.3559300035671820E+02
                          0.3569386318325520E+02
                          0.3579494022557189E+02
                          0.3589623178675947E+02
                          0.3599773817012335E+02
                          0.3609945967918323E+02
                          0.3620139661767307E+02
                          0.3630354928954109E+02
                          0.3640591799894980E+02
                          0.3650850305027600E+02
                          0.3661130474811066E+02
                          0.3671432339725915E+02
                          0.3681755930274097E+02
                          0.3692101276979009E+02
                          0.3702468410385448E+02
                          0.3712857361059660E+02
                          0.3723268159589305E+02
                          0.3733700836583478E+02
                          0.3744155422672698E+02
                          0.3754631948508906E+02
                          0.3765130444765478E+02
                          0.3775650942137210E+02
                          0.3786193471340330E+02
                          0.3796758063112490E+02
                          0.3807344748212769E+02
                          0.3817953557421671E+02
                          0.3828584521541136E+02
                          0.3839237671394519E+02
                          0.3849913037826605E+02
                          0.3860610651703607E+02
                          0.3871330543913172E+02
                          0.3882072745364360E+02
                          0.3892837286987670E+02
                          0.3903624199735019E+02
                          0.3914433514579760E+02
                          0.3925265262516665E+02
                          0.3936119474561929E+02
                          0.3946996181753194E+02
                          0.3957895415149503E+02
                          0.3968817205831343E+02
                          0.3979761584900623E+02
                          0.3990728583480675E+02
                          0.4001718232716262E+02
                          0.4012730563773578E+02
                          0.4023765607840238E+02
                          0.4034823396125282E+02
                          0.4045903959859181E+02
                          0.4057007330293833E+02
                          0.4068133538702556E+02
                          0.4079282616380107E+02
                          0.4090454594642661E+02
                          0.4101649504827821E+02
                          0.4112867378294617E+02
                          0.4124108246423508E+02
                          0.4135372140616379E+02
                          0.4146659092296542E+02
                          0.4157969132908729E+02
                          0.4169302293919112E+02
                          0.4180658606815280E+02
                          0.4192038103106255E+02
                          0.4203440814322480E+02
                          0.4214866772015826E+02
                          0.4226316007759588E+02
                          0.4237788553148502E+02
                          0.4249284439798715E+02
                          0.4260803699347806E+02
                          0.4272346363454784E+02
                          0.4283912463800081E+02
                          0.4295502032085557E+02
                          0.4307115100034502E+02
                          0.4318751699391624E+02
                          0.4330411861923072E+02
                          0.4342095619416404E+02
                          0.4353803003680619E+02
                          0.4365534046546139E+02
                          0.4377288779864810E+02
                          0.4389067235509909E+02
                          0.4400869445376135E+02
                          0.4412695441379618E+02
                          0.4424545255457915E+02
                          0.4436418919570007E+02
                          0.4448316465696301E+02
                          0.4460237925838635E+02
                          0.4472183332020267E+02
                          0.4484152716285896E+02
                          0.4496146110701630E+02
                          0.4508163547355021E+02
                          0.4520205058355025E+02
                          0.4532270675832053E+02
                          0.4544360431937920E+02
                          0.4556474358845879E+02
                          0.4568612488750610E+02
                          0.4580774853868216E+02
                          0.4592961486436223E+02
                          0.4605172418713597E+02
                          0.4617407682980718E+02
                          0.4629667311539395E+02
                          0.4641951336712874E+02
                          0.4654259790845809E+02
                          0.4666592706304302E+02
                          0.4678950115475871E+02
                          0.4691332050769461E+02
                          0.4703738544615441E+02
                          0.4716169629465612E+02
                          0.4728625337793199E+02
                          0.4741105702092862E+02
                          0.4753610754880669E+02
                          0.4766140528694140E+02
                          0.4778695056092199E+02
                          0.4791274369655210E+02
                          0.4803878501984959E+02
                          0.4816507485704660E+02
                          0.4829161353458958E+02
                          0.4841840137913915E+02
                          0.4854543871757029E+02
                          0.4867272587697220E+02
                          0.4880026318464837E+02
                          0.4892805096811657E+02
                          0.4905608955510877E+02
                          0.4918437927357132E+02
                          0.4931292045166472E+02
                          0.4944171341776386E+02
                          0.4957075850045777E+02
                          0.4970005602854978E+02
                          0.4982960633105763E+02
                          0.4995940973721314E+02
                          0.5008946657646250E+02
                          0.5021977717846614E+02
                          0.5035034187309875E+02
                          0.5048116099044935E+02
                          0.5061223486082113E+02
                          0.5074356381473157E+02
                          0.5087514818291254E+02
                          0.5100698829631003E+02
                          0.5113908448608434E+02
                          0.5127143708361007E+02
                          0.5140404642047609E+02
                          0.5153691282848551E+02
                          0.5167003663965565E+02
                          0.5180341818621825E+02
                          0.5193705780061925E+02
                          0.5207095581551869E+02
                          0.5220511256379122E+02
                          0.5233952837852544E+02
                          0.5247420359302443E+02
                          0.5260913854080537E+02
                          0.5274433355559984E+02
                          0.5287978897135367E+02
                          0.5301550512222688E+02
                          0.5315148234259387E+02
                          0.5328772096704312E+02
                          0.5342422133037765E+02
                          0.5356098376761453E+02
                          0.5369800861398523E+02
                          0.5383529620493533E+02
                          0.5397284687612481E+02
                          0.5411066096342797E+02
                          0.5424873880293324E+02
                          0.5438708073094331E+02
                          0.5452568708397533E+02
                          0.5466455819876052E+02
                          0.5480369441224444E+02
                          0.5494309606158691E+02
                          0.5508276348416202E+02
                          0.5522269701755815E+02
                          0.5536289699957793E+02
                          0.5550336376823827E+02
                          0.5564409766177034E+02
                          0.5578509901861959E+02
                          0.5592636817744566E+02
                          0.5606790547712259E+02
                          0.5620971125673860E+02
                          0.5635178585559625E+02
                          0.5649412961321217E+02
                          0.5663674286931758E+02
                          0.5677962596385766E+02
                          0.5692277923699216E+02
                          0.5706620302909479E+02
                          0.5720989768075367E+02
                          0.5735386353277126E+02
                          0.5749810092616417E+02
                          0.5764261020216338E+02
                          0.5778739170221404E+02
                          0.5793244576797560E+02
                          0.5807777274132185E+02
                          0.5822337296434070E+02
                          0.5836924677933450E+02
                          0.5851539452881977E+02
                          0.5866181655552729E+02
                          0.5880851320240210E+02
                          0.5895548481260366E+02
                          0.5910273172950548E+02
                          0.5925025429669542E+02
                          0.5939805285797570E+02
                          0.5954612775736273E+02
                          0.5969447933908715E+02
                          0.5984310794759388E+02
                          0.5999201392754224E+02
                          0.6014119762380565E+02
                          0.6029065938147191E+02
                          0.6044039954584294E+02
                          0.6059041846243520E+02
                          0.6074071647697910E+02
                          0.6089129393541960E+02
                          0.6104215118391562E+02
                          0.6119328856884072E+02
                          0.6134470643678240E+02
                          0.6149640513454265E+02
                          0.6164838500913760E+02
                          0.6180064640779771E+02
                          0.6195318967796762E+02
                          0.6210601516730640E+02
                          0.6225912322368726E+02
                          0.6241251419519773E+02
                          0.6256618843013955E+02
                          0.6272014627702878E+02
                          0.6287438808459576E+02
                          0.6302891420178507E+02
                          0.6318372497775557E+02
                          0.6333882076188031E+02
                          0.6349420190374683E+02
                          0.6364986875315664E+02
                          0.6380582166012577E+02
                          0.6396206097488439E+02
                          0.6411858704787697E+02
                          0.6427540022976224E+02
                          0.6443250087141314E+02
                          0.6458988932391705E+02
                          0.6474756593857542E+02
                          0.6490553106690406E+02
                          0.6506378506063314E+02
                          0.6522232827170696E+02
                          0.6538116105228406E+02
                          0.6554028375473739E+02
                          0.6569969673165404E+02
                          0.6585940033583553E+02
                          0.6601939492029746E+02
                          0.6617968083826976E+02
                          0.6634025844319676E+02
                          0.6650112808873691E+02
                          0.6666229012876292E+02
                          0.6682374491736181E+02
                          0.6698549280883496E+02
                          0.6714753415769792E+02
                          0.6730986931868050E+02
                          0.6747249864672669E+02
                          0.6763542249699503E+02
                          0.6779864122485810E+02
                          0.6796215518590272E+02
                          0.6812596473593018E+02
                          0.6829007023095593E+02
                          0.6845447202720956E+02
                          0.6861917048113519E+02
                          0.6878416594939097E+02
                          0.6894945878884946E+02
                          0.6911504935659737E+02
                          0.6928093800993584E+02
                          0.6944712510638023E+02
                          0.6961361100366004E+02
                          0.6978039605971905E+02
                          0.6994748063271560E+02
                          0.7011486508102193E+02
                          0.7028254976322479E+02
                          0.7045053503812497E+02
                          0.7061882126473785E+02
                          0.7078740880229279E+02
                          0.7095629801023354E+02
                          0.7112548924821813E+02
                          0.7129498287611884E+02
                          0.7146477925402219E+02
                          0.7163487874222893E+02
                          0.7180528170125424E+02
                          0.7197598849182742E+02
                          0.7214699947489206E+02
                          0.7231831501160610E+02
                          0.7248993546334169E+02
                          0.7266186119168516E+02
                          0.7283409255843731E+02
                          0.7300662992561305E+02
                          0.7317947365544163E+02
                          0.7335262411036649E+02
                          0.7352608165304545E+02
                          0.7369984664635042E+02
                          0.7387391945336785E+02
                          0.7404830043739827E+02
                          0.7422298996195639E+02
                          0.7439798839077147E+02
                          0.7457329608778689E+02
                          0.7474891341716011E+02
                          0.7492484074326325E+02
                          0.7510107843068236E+02
                          0.7527762684421792E+02
                          0.7545448634888459E+02
                          0.7563165730991147E+02
                          0.7580914009274174E+02
                          0.7598693506303292E+02
                          0.7616504258665674E+02
                          0.7634346302969938E+02
                          0.7652219675846106E+02
                          0.7670124413945636E+02
                          0.7688060553941428E+02
                          0.7706028132527786E+02
                          0.7724027186420440E+02
                          0.7742057752356575E+02
                          0.7760119867094777E+02
                          0.7778213567415064E+02
                          0.7796338890118884E+02
                          0.7814495872029102E+02
                          0.7832684549990034E+02
                          0.7850904960867403E+02
                          0.7869157141548361E+02
                          0.7887441128941484E+02
                          0.7905756959976792E+02
                          0.7924104671605714E+02
                          0.7942484300801105E+02
                          0.7960895884557267E+02
                          0.7979339459889908E+02
                          0.7997815063836171E+02
                          0.8016322733454616E+02
                          0.8034862505825257E+02
                          0.8053434418049507E+02
                          0.8072038507250211E+02
                          0.8090674810571657E+02
                          0.8109343365179541E+02
                          0.8128044208260994E+02
                          0.8146777377024567E+02
                          0.8165542908700256E+02
                          0.8184340840539465E+02
                          0.8203171209815031E+02
                          0.8222034053821216E+02
                          0.8240929409873721E+02
                          0.8259857315309654E+02
                          0.8278817807487562E+02
                          0.8297810923787415E+02
                          0.8316836701610619E+02
                          0.8335895178379994E+02
                          0.8354986391539785E+02
                          0.8374110378555686E+02
                          0.8393267176914797E+02
                          0.8412456824125650E+02
                          0.8431679357718201E+02
                          0.8450934815243833E+02
                          0.8470223234275372E+02
                          0.8489544652407049E+02
                          0.8508899107254528E+02
                          0.8528286636454914E+02
                          0.8547707277666721E+02
                          0.8567161068569888E+02
                          0.8586648046865807E+02
                          0.8606168250277268E+02
                          0.8625721716548500E+02
                          0.8645308483445156E+02
                          0.8664928588754316E+02
                          0.8684582070284502E+02
                          0.8704268965865634E+02
                          0.8723989313349071E+02
                          0.8743743150607618E+02
                          0.8763530515535481E+02
                          0.8783351446048309E+02
                          0.8803205980083158E+02
                          0.8823094155598538E+02
                          0.8843016010574368E+02
                          0.8862971583011989E+02
                          0.8882960910934193E+02
                          0.8902984032385174E+02
                          0.8923040985430569E+02
                          0.8943131808157428E+02
                          0.8963256538674226E+02
                          0.8983415215110898E+02
                          0.9003607875618766E+02
                          0.9023834558370594E+02
                          0.9044095301560579E+02
                          0.9064390143404334E+02
                          0.9084719122138920E+02
                          0.9105082276022783E+02
                          0.9125479643335842E+02
                          0.9145911262379414E+02
                          0.9166377171476256E+02
                          0.9186877408970534E+02
                          0.9207412013227871E+02
                          0.9227981022635291E+02
                          0.9248584475601258E+02
                          0.9269222410555658E+02
                          0.9289894865949805E+02
                          0.9310601880256435E+02
                          0.9331343491969710E+02
                          0.9352119739605240E+02
                          0.9372930661700035E+02
                          0.9393776296812538E+02
                          0.9414656683522639E+02
                          0.9435571860431628E+02
                          0.9456521866162238E+02
                          0.9477506739358618E+02
                          0.9498526518686347E+02
                          0.9519581242832449E+02
                          0.9540670950505348E+02
                          0.9561795680434901E+02
                          0.9582955471372415E+02
                          0.9604150362090593E+02
                          0.9625380391383572E+02
                          0.9646645598066941E+02
                          0.9667946020977681E+02
                          0.9689281698974223E+02
                          0.9710652670936405E+02
                          0.9732058975765521E+02
                          0.9753500652384268E+02
                          0.9774977739736772E+02
                          0.9796490276788596E+02
                          0.9818038302526712E+02
                          0.9839621855959552E+02
                          0.9861240976116933E+02
                          0.9882895702050141E+02
                          0.9904586072831853E+02
                          0.9926312127556197E+02
                          0.9948073905338700E+02
                          0.9969871445316353E+02
                          0.9991704786647553E+02
                          0.1001357396851211E+03
                          0.1003547903011130E+03
                          0.1005742001066779E+03
                          0.1007939694942568E+03
                          0.1010140988565051E+03
                          0.1012345885862925E+03
                          0.1014554390767027E+03
                          0.1016766507210340E+03
                          0.1018982239127986E+03
                          0.1021201590457233E+03
                          0.1023424565137490E+03
                          0.1025651167110311E+03
                          0.1027881400319387E+03
                          0.1030115268710559E+03
                          0.1032352776231806E+03
                          0.1034593926833249E+03
                          0.1036838724467157E+03
                          0.1039087173087935E+03
                          0.1041339276652136E+03
                          0.1043595039118453E+03
                          0.1045854464447722E+03
                          0.1048117556602922E+03
                          0.1050384319549175E+03
                          0.1052654757253743E+03
                          0.1054928873686037E+03
                          0.1057206672817603E+03
                          0.1059488158622137E+03
                          0.1061773335075471E+03
                          0.1064062206155584E+03
                          0.1066354775842596E+03
                          0.1068651048118769E+03
                          0.1070951026968511E+03
                          0.1073254716378370E+03
                          0.1075562120337036E+03
                          0.1077873242835343E+03
                          0.1080188087866269E+03
                          0.1082506659424932E+03
                          0.1084828961508593E+03
                          0.1087154998116658E+03
                          0.1089484773250674E+03
                          0.1091818290914331E+03
                          0.1094155555113461E+03
                          0.1096496569856039E+03
                          0.1098841339152185E+03
                          0.1101189867014158E+03
                          0.1103542157456361E+03
                          0.1105898214495341E+03
                          0.1108258042149786E+03
                          0.1110621644440528E+03
                          0.1112989025390540E+03
                          0.1115360189024941E+03
                          0.1117735139370988E+03
                          0.1120113880458085E+03
                          0.1122496416317775E+03
                          0.1124882750983747E+03
                          0.1127272888491832E+03
                          0.1129666832880000E+03
                          0.1132064588188368E+03
                          0.1134466158459195E+03
                          0.1136871547736880E+03
                          0.1139280760067969E+03
                          0.1141693799501147E+03
                          0.1144110670087243E+03
                          0.1146531375879229E+03
                          0.1148955920932218E+03
                          0.1151384309303468E+03
                          0.1153816545052379E+03
                          0.1156252632240495E+03
                          0.1158692574931497E+03
                          0.1161136377191216E+03
                          0.1163584043087621E+03
                          0.1166035576690826E+03
                          0.1168490982073086E+03
                          0.1170950263308799E+03
                          0.1173413424474509E+03
                          0.1175880469648896E+03
                          0.1178351402912789E+03
                          0.1180826228349156E+03
                          0.1183304950043111E+03
                          0.1185787572081905E+03
                          0.1188274098554939E+03
                          0.1190764533553750E+03
                          0.1193258881172023E+03
                          0.1195757145505581E+03
                          0.1198259330652395E+03
                          0.1200765440712573E+03
                          0.1203275479788369E+03
                          0.1205789451984180E+03
                          0.1208307361406544E+03
                          0.1210829212164142E+03
                          0.1213355008367799E+03
                          0.1215884754130481E+03
                          0.1218418453567299E+03
                          0.1220956110795503E+03
                          0.1223497729934488E+03
                          0.1226043315105794E+03
                          0.1228592870433100E+03
                          0.1231146400042227E+03
                          0.1233703908061143E+03
                          0.1236265398619955E+03
                          0.1238830875850914E+03
                          0.1241400343888414E+03
                          0.1243973806868992E+03
                          0.1246551268931325E+03
                          0.1249132734216237E+03
                          0.1251718206866691E+03
                          0.1254307691027794E+03
                          0.1256901190846796E+03
                          0.1259498710473089E+03
                          0.1262100254058210E+03
                          0.1264705825755834E+03
                          0.1267315429721783E+03
                          0.1269929070114020E+03
                          0.1272546751092651E+03
                          0.1275168476819924E+03
                          0.1277794251460229E+03
                          0.1280424079180104E+03
                          0.1283057964148221E+03
                          0.1285695910535402E+03
                          0.1288337922514608E+03
                          0.1290984004260943E+03
                          0.1293634159951655E+03
                          0.1296288393766135E+03
                          0.1298946709885913E+03
                          0.1301609112494667E+03
                          0.1304275605778213E+03
                          0.1306946193924513E+03
                          0.1309620881123670E+03
                          0.1312299671567932E+03
                          0.1314982569451684E+03
                          0.1317669578971461E+03
                          0.1320360704325933E+03
                          0.1323055949715922E+03
                          0.1325755319344383E+03
                          0.1328458817416420E+03
                          0.1331166448139279E+03
                          0.1333878215722346E+03
                          0.1336594124377151E+03
                          0.1339314178317368E+03
                          0.1342038381758813E+03
                          0.1344766738919443E+03
                          0.1347499254019359E+03
                          0.1350235931280805E+03
                          0.1352976774928167E+03
                          0.1355721789187976E+03
                          0.1358470978288900E+03
                          0.1361224346461757E+03
                          0.1363981897939503E+03
                          0.1366743636957237E+03
                          0.1369509567752201E+03
                          0.1372279694563781E+03
                          0.1375054021633505E+03
                          0.1377832553205043E+03
                          0.1380615293524210E+03
                          0.1383402246838958E+03
                          0.1386193417399388E+03
                          0.1388988809457742E+03
                          0.1391788427268403E+03
                          0.1394592275087897E+03
                          0.1397400357174893E+03
                          0.1400212677790204E+03
                          0.1403029241196785E+03
                          0.1405850051659732E+03
                          0.1408675113446286E+03
                          0.1411504430825830E+03
                          0.1414338008069887E+03
                          0.1417175849452128E+03
                          0.1420017959248362E+03
                          0.1422864341736544E+03
                          0.1425715001196768E+03
