 Temperature at each level [K]
    204.0988
    198.3010
    192.8149
    187.9822
    184.9845
    183.6448
    182.8472
    182.2520
    181.9190
    181.6919
    181.4390
    181.3041
    181.1314
    180.9001
    180.5402
    180.0034
    179.4824
    178.8946
    178.3672
    177.8802
    177.4924
    177.3364
    177.4901
    178.0206
    178.9294
    180.3981
    182.2568
    184.3211
    186.4484
    188.0561
    189.0646
    189.8925
    190.6305
    191.3526
    192.1082
    192.8682
    193.6556
    194.1058
    193.6594
    192.0181
    188.8777
    184.2783
    178.7214
    173.1278
    167.8000
    161.6825
    155.9953
    151.8271
    149.9978
    149.9978
    149.9978
