 Longwave heating rate [K/s]
 -0.1912E-04
 -0.3182E-04
 -0.3515E-04
 -0.4807E-04
 -0.5771E-04
 -0.7949E-04
 -0.8288E-04
 -0.1087E-03
 -0.9751E-04
 -0.1309E-03
 -0.1071E-03
 -0.1255E-03
 -0.1127E-03
 -0.1054E-03
 -0.1161E-03
 -0.6250E-04
 -0.7481E-04
 -0.1394E-03
 -0.9453E-04
 -0.1065E-03
 -0.1062E-03
 -0.2323E-03
 -0.3814E-03
 -0.4943E-03
 -0.5936E-03
 -0.6814E-03
 -0.7543E-03
 -0.8070E-03
 -0.8344E-03
 -0.8321E-03
 -0.7961E-03
 -0.7190E-03
 -0.5647E-03
 -0.7448E-03
 -0.9943E-03
 -0.1174E-02
 -0.1313E-02
 -0.1398E-02
 -0.1442E-02
 -0.1435E-02
 -0.1394E-02
 -0.1415E-02
 -0.1715E-02
 -0.2576E-02
 -0.4184E-02
 -0.6195E-02
 -0.1378E-01
 -0.4577E-01
 -0.1166E+00
 -0.6094E+00
