 Spectral outgoing shortwave flux [W/m2/cm^-1]
  0.0000E+00
  0.4480E-16
  0.6633E-15
  0.3272E-14
  0.1021E-13
  0.2658E-13
  0.6989E-13
  0.1750E-12
  0.3889E-12
  0.7848E-12
  0.1469E-11
  0.2586E-11
  0.4356E-11
  0.7007E-11
  0.1088E-10
  0.1633E-10
  0.2404E-10
  0.3438E-10
  0.4829E-10
  0.6658E-10
  0.9015E-10
  0.1202E-09
  0.1581E-09
  0.2060E-09
  0.2643E-09
  0.3391E-09
  0.4252E-09
  0.5324E-09
  0.6623E-09
  0.8133E-09
  0.9923E-09
  0.1205E-08
  0.1453E-08
  0.1739E-08
  0.2059E-08
  0.2482E-08
  0.2927E-08
  0.3440E-08
  0.4050E-08
  0.4698E-08
  0.5417E-08
  0.6311E-08
  0.7287E-08
  0.8384E-08
  0.9573E-08
  0.5047E-04
  0.7577E-05
  0.2462E-06
  0.4272E-05
  0.1793E-07
  0.2023E-07
  0.2274E-07
  0.2545E-07
  0.2859E-07
  0.3176E-07
  0.3512E-07
  0.3914E-07
  0.4380E-07
  0.4819E-07
  0.5199E-07
  0.5767E-07
  0.6359E-07
  0.6907E-07
  0.7826E-07
  0.8446E-07
  0.9034E-07
  0.9372E-07
  0.1036E-06
  0.1079E-06
  0.1307E-06
  0.1349E-06
  0.1429E-06
  0.1488E-06
  0.1612E-06
  0.1797E-06
  0.1990E-06
  0.2096E-06
  0.2112E-06
  0.2135E-06
  0.2342E-06
  0.2513E-06
  0.2614E-06
  0.2833E-06
  0.2962E-06
  0.3175E-06
  0.3373E-06
  0.3608E-06
  0.3765E-06
  0.4046E-06
  0.4293E-06
  0.4798E-06
  0.5426E-06
  0.6402E-06
  0.6944E-06
  0.8004E-06
  0.8468E-06
  0.8891E-06
  0.9583E-06
  0.9980E-06
  0.1071E-05
  0.1142E-05
  0.1198E-05
  0.1077E-04
  0.1328E-05
  0.1414E-05
  0.1486E-05
  0.1553E-05
  0.2100E-04
  0.1558E-03
  0.1872E-05
  0.1924E-05
  0.2044E-05
  0.2349E-05
  0.7862E-04
  0.2777E-03
  0.2585E-03
  0.1807E-03
  0.1922E-03
  0.4365E-04
  0.3049E-05
  0.3089E-05
  0.3324E-05
  0.3392E-05
  0.3589E-05
  0.3852E-05
  0.3964E-05
  0.4132E-05
  0.4337E-05
  0.4463E-05
  0.4671E-05
  0.4967E-05
  0.5079E-05
  0.5307E-05
  0.5421E-05
  0.5726E-05
  0.5897E-05
  0.5859E-05
  0.6372E-05
  0.6651E-05
  0.6772E-05
  0.7037E-05
  0.7324E-05
  0.7025E-05
  0.7224E-05
  0.7623E-05
  0.8281E-05
  0.8248E-05
  0.8707E-05
  0.8182E-05
  0.8471E-05
  0.8305E-05
  0.8500E-05
  0.8642E-05
  0.9788E-05
  0.1003E-04
  0.9738E-05
  0.9706E-05
  0.9051E-05
  0.8915E-05
  0.8830E-05
  0.8806E-05
  0.1058E-04
  0.1327E-04
  0.1277E-04
  0.1340E-04
  0.2013E-04
  0.1560E-04
  0.5857E-04
  0.3441E-04
  0.3218E-03
  0.8895E-04
  0.5261E-03
  0.3974E-03
  0.5900E-03
  0.4865E-03
  0.4795E-03
  0.3491E-03
  0.2779E-04
  0.2504E-03
  0.2915E-03
  0.6548E-04
  0.5811E-04
  0.3420E-04
  0.3287E-04
  0.3368E-04
  0.3480E-04
  0.3605E-04
  0.3744E-04
  0.3808E-04
  0.3830E-04
  0.3996E-04
  0.4056E-04
  0.4159E-04
  0.4336E-04
  0.4383E-04
  0.4605E-04
  0.4712E-04
  0.4779E-04
  0.4993E-04
  0.5127E-04
  0.5225E-04
  0.5197E-04
  0.5285E-04
  0.5797E-04
  0.5778E-04
  0.5776E-04
  0.6250E-04
  0.6234E-04
  0.6584E-04
  0.6724E-04
  0.6913E-04
  0.6915E-04
  0.7070E-04
  0.7241E-04
  0.7468E-04
  0.7612E-04
  0.7709E-04
  0.7935E-04
  0.8217E-04
  0.8492E-04
  0.8631E-04
  0.8786E-04
  0.8695E-04
  0.9410E-04
  0.8954E-04
  0.9696E-04
  0.2039E-03
  0.1015E-03
  0.1346E-03
  0.4259E-03
  0.7061E-03
  0.7095E-03
  0.4024E-03
  0.1438E-03
  0.1028E-03
  0.1314E-03
  0.5843E-03
  0.1364E-03
  0.1214E-03
  0.1211E-03
  0.1176E-03
  0.1224E-03
  0.1280E-03
  0.1251E-03
  0.1251E-03
  0.1332E-03
  0.1292E-03
  0.1250E-03
  0.1464E-03
  0.1251E-03
  0.1265E-03
  0.1384E-03
  0.1332E-03
  0.1284E-03
  0.1473E-03
  0.1479E-03
  0.1428E-03
  0.3032E-03
  0.1513E-03
  0.1508E-03
  0.1477E-03
  0.1520E-03
  0.1542E-03
  0.2158E-03
  0.3161E-03
  0.1784E-03
  0.1463E-03
  0.1590E-03
  0.1541E-03
  0.1495E-03
  0.1513E-03
  0.1540E-03
  0.1560E-03
  0.1486E-03
  0.1511E-03
  0.1572E-03
  0.1662E-03
  0.1638E-03
  0.1681E-03
  0.1652E-03
  0.1624E-03
  0.1634E-03
  0.1683E-03
  0.1687E-03
  0.1717E-03
  0.1770E-03
  0.1747E-03
  0.1699E-03
  0.1879E-03
  0.1903E-03
  0.1891E-03
  0.1901E-03
  0.1944E-03
  0.1881E-03
  0.1935E-03
  0.1952E-03
  0.1979E-03
  0.2016E-03
  0.1919E-03
  0.2002E-03
  0.2021E-03
  0.2043E-03
  0.2077E-03
  0.2063E-03
  0.2084E-03
  0.2068E-03
  0.3103E-03
  0.4816E-03
  0.2177E-03
  0.2078E-03
  0.2064E-03
  0.2928E-03
  0.6189E-03
  0.5944E-03
  0.6229E-03
  0.4591E-03
  0.2290E-03
  0.2355E-03
  0.2789E-03
  0.2755E-03
  0.5144E-03
  0.4738E-03
  0.2370E-03
  0.2364E-03
  0.2399E-03
  0.2416E-03
  0.2416E-03
  0.2445E-03
  0.2456E-03
  0.2507E-03
  0.2484E-03
  0.2473E-03
  0.2476E-03
  0.2523E-03
  0.4268E-03
  0.3379E-03
  0.4190E-03
  0.4416E-03
  0.3258E-03
  0.3745E-03
  0.4134E-03
  0.3107E-03
  0.3984E-03
  0.3332E-03
  0.2931E-03
  0.2727E-03
  0.2801E-03
  0.2773E-03
  0.2840E-03
  0.2747E-03
  0.2783E-03
  0.2780E-03
  0.2836E-03
  0.2781E-03
  0.2861E-03
  0.2751E-03
  0.2880E-03
  0.2876E-03
  0.2971E-03
  0.2897E-03
  0.2973E-03
  0.3902E-03
  0.3074E-03
  0.3736E-03
  0.4207E-03
  0.4326E-03
  0.4320E-03
  0.4493E-03
  0.3624E-03
  0.4620E-03
  0.4840E-03
  0.4073E-03
  0.3908E-03
  0.3908E-03
  0.3635E-03
  0.3191E-03
  0.3363E-03
  0.4888E-03
  0.3771E-03
  0.3363E-03
  0.3399E-03
  0.3397E-03
  0.5073E-03
  0.4352E-03
  0.3401E-03
  0.3420E-03
  0.4300E-03
  0.5264E-03
  0.5310E-03
  0.5211E-03
  0.5340E-03
  0.5231E-03
  0.5158E-03
  0.5192E-03
  0.5026E-03
  0.5105E-03
  0.4945E-03
  0.5105E-03
  0.5020E-03
  0.4881E-03
  0.5033E-03
  0.5040E-03
  0.5007E-03
  0.5009E-03
  0.5126E-03
  0.5044E-03
  0.4501E-03
  0.4761E-03
  0.4175E-03
  0.4386E-03
  0.3767E-03
  0.3678E-03
  0.3806E-03
  0.4185E-03
  0.3780E-03
  0.4026E-03
  0.3817E-03
  0.3942E-03
  0.3871E-03
  0.3895E-03
  0.3887E-03
  0.3915E-03
  0.3910E-03
  0.3742E-03
  0.3851E-03
  0.3820E-03
  0.3841E-03
  0.3779E-03
  0.4002E-03
  0.3939E-03
  0.3843E-03
  0.4144E-03
  0.4020E-03
  0.4020E-03
  0.3945E-03
  0.4544E-03
  0.4321E-03
  0.4476E-03
  0.4579E-03
  0.4415E-03
  0.4260E-03
  0.4474E-03
  0.4457E-03
  0.4020E-03
  0.4097E-03
  0.4033E-03
  0.4489E-03
  0.4493E-03
  0.4822E-03
  0.4819E-03
  0.4719E-03
  0.4694E-03
  0.5047E-03
  0.4951E-03
  0.4879E-03
  0.4986E-03
  0.4763E-03
  0.4898E-03
  0.4444E-03
  0.4327E-03
  0.3954E-03
  0.4309E-03
  0.4758E-03
  0.4814E-03
  0.4589E-03
  0.4559E-03
  0.4358E-03
  0.4519E-03
  0.3787E-03
  0.3967E-03
  0.3901E-03
  0.4251E-03
  0.4125E-03
  0.4107E-03
  0.4187E-03
  0.4706E-03
  0.4515E-03
  0.4517E-03
  0.4564E-03
  0.4634E-03
  0.4469E-03
  0.4452E-03
  0.4701E-03
  0.4637E-03
  0.4696E-03
  0.4700E-03
  0.4752E-03
  0.4485E-03
  0.4414E-03
  0.4775E-03
  0.4790E-03
  0.4664E-03
  0.4692E-03
  0.4546E-03
  0.4580E-03
  0.4430E-03
  0.4866E-03
  0.4635E-03
  0.4704E-03
  0.4689E-03
  0.4416E-03
  0.4546E-03
  0.4495E-03
  0.4246E-03
  0.4345E-03
  0.4051E-03
  0.4249E-03
  0.4250E-03
  0.4280E-03
  0.4111E-03
  0.3822E-03
  0.4098E-03
  0.4131E-03
  0.3940E-03
  0.4066E-03
  0.3793E-03
  0.3674E-03
  0.4089E-03
  0.3748E-03
  0.3672E-03
  0.3854E-03
  0.3532E-03
  0.4206E-03
  0.4196E-03
  0.4289E-03
  0.4244E-03
  0.4512E-03
  0.4723E-03
  0.4971E-03
  0.4971E-03
  0.4969E-03
  0.4929E-03
  0.4793E-03
  0.4743E-03
  0.4815E-03
  0.4624E-03
  0.4651E-03
  0.4637E-03
  0.4669E-03
  0.4509E-03
  0.4535E-03
  0.4412E-03
  0.4755E-03
  0.4078E-03
  0.4203E-03
  0.4189E-03
  0.3808E-03
  0.3705E-03
  0.3605E-03
  0.3407E-03
  0.3330E-03
  0.3211E-03
  0.2660E-03
  0.2427E-03
  0.2318E-03
  0.2198E-03
  0.2373E-03
  0.2334E-03
  0.2058E-03
  0.1710E-03
  0.1624E-03
  0.1917E-03
  0.2112E-03
  0.1777E-03
  0.2037E-03
  0.2175E-03
  0.1992E-03
  0.2484E-03
  0.2489E-03
  0.2247E-03
  0.1971E-03
  0.1705E-03
  0.1911E-03
  0.1633E-03
  0.1372E-03
  0.1361E-03
  0.1153E-03
  0.1605E-03
  0.2155E-03
  0.1989E-03
  0.1872E-03
  0.2145E-03
  0.2062E-03
  0.1876E-03
  0.2064E-03
  0.1926E-03
  0.1704E-03
  0.1726E-03
  0.1664E-03
  0.1499E-03
  0.1739E-03
  0.1706E-03
  0.1439E-03
  0.1586E-03
  0.1432E-03
  0.1478E-03
  0.1604E-03
  0.1761E-03
  0.1420E-03
  0.1821E-03
  0.1498E-03
  0.1385E-03
  0.1706E-03
  0.1393E-03
  0.1335E-03
  0.1443E-03
  0.1267E-03
  0.1078E-03
  0.1026E-03
  0.9197E-04
  0.8196E-04
  0.7847E-04
  0.7838E-04
  0.6855E-04
  0.6552E-04
  0.6540E-04
  0.6911E-04
  0.8967E-04
  0.1465E-03
  0.1269E-03
  0.1229E-03
  0.1116E-03
  0.9287E-04
  0.9239E-04
  0.9425E-04
  0.7874E-04
  0.7552E-04
  0.8407E-04
  0.8171E-04
  0.7170E-04
  0.9950E-04
  0.1162E-03
  0.1008E-03
  0.9976E-04
  0.8111E-04
  0.8421E-04
  0.8177E-04
  0.6936E-04
  0.6847E-04
  0.7283E-04
  0.6771E-04
  0.6157E-04
  0.8861E-04
  0.9247E-04
  0.1079E-03
  0.1127E-03
  0.1043E-03
  0.1004E-03
  0.9919E-04
  0.1098E-03
  0.1304E-03
  0.1126E-03
  0.1558E-03
  0.1502E-03
  0.1471E-03
  0.1358E-03
  0.1222E-03
  0.1348E-03
  0.1275E-03
  0.1216E-03
  0.1225E-03
  0.1380E-03
  0.1273E-03
  0.1157E-03
  0.1520E-03
  0.1595E-03
  0.1698E-03
  0.1465E-03
  0.1591E-03
  0.1481E-03
  0.1449E-03
  0.1299E-03
  0.1426E-03
  0.1422E-03
  0.1403E-03
  0.1257E-03
  0.1456E-03
  0.1462E-03
  0.1601E-03
  0.1633E-03
  0.1778E-03
  0.1881E-03
  0.1815E-03
  0.1997E-03
  0.2377E-03
  0.2241E-03
  0.2261E-03
  0.2041E-03
  0.2130E-03
  0.2122E-03
  0.1831E-03
  0.1421E-03
  0.1922E-03
  0.1633E-03
  0.1489E-03
  0.1421E-03
  0.1569E-03
  0.1586E-03
  0.1413E-03
  0.1678E-03
  0.1467E-03
  0.1359E-03
  0.1739E-03
  0.1568E-03
  0.1460E-03
  0.1224E-03
  0.1005E-03
  0.1242E-03
  0.9286E-04
  0.9905E-04
  0.1171E-03
  0.1128E-03
  0.1074E-03
  0.1102E-03
  0.9980E-04
  0.1138E-03
  0.1144E-03
  0.1298E-03
  0.1184E-03
  0.1015E-03
  0.1443E-03
  0.1610E-03
  0.1365E-03
  0.1346E-03
  0.1426E-03
  0.1042E-03
  0.1016E-03
  0.1147E-03
  0.1274E-03
  0.1223E-03
  0.9800E-04
  0.9326E-04
  0.1065E-03
  0.7678E-04
  0.1222E-03
  0.1406E-03
  0.1129E-03
  0.1513E-03
  0.1499E-03
  0.1039E-03
  0.1341E-03
  0.1115E-03
  0.1250E-03
  0.1516E-03
  0.1217E-03
  0.1382E-03
  0.1649E-03
  0.1515E-03
  0.1259E-03
  0.1389E-03
  0.8827E-04
  0.1394E-03
  0.1595E-03
  0.1811E-03
  0.1501E-03
  0.1533E-03
  0.1608E-03
  0.1520E-03
  0.8052E-04
  0.7955E-04
  0.1286E-03
  0.9098E-04
  0.9108E-04
  0.1367E-03
  0.1218E-03
  0.1134E-03
  0.1037E-03
  0.6729E-04
  0.6780E-04
  0.8310E-04
  0.5460E-04
  0.5058E-04
  0.5148E-04
  0.2906E-04
  0.8599E-04
  0.1118E-03
  0.6324E-04
  0.9324E-04
  0.8356E-04
  0.7076E-04
  0.6645E-04
  0.8352E-04
  0.7014E-04
  0.9386E-04
  0.7128E-04
  0.6469E-04
  0.7205E-04
  0.7432E-04
  0.6900E-04
  0.7720E-04
  0.8833E-04
  0.6380E-04
  0.1030E-03
  0.7142E-04
  0.8642E-04
  0.8095E-04
  0.6019E-04
  0.5179E-04
  0.5957E-04
  0.6597E-04
  0.8078E-04
  0.7312E-04
  0.6114E-04
  0.5969E-04
  0.6864E-04
  0.5296E-04
  0.6303E-04
  0.1366E-03
  0.1523E-03
  0.1170E-03
  0.1419E-03
  0.1439E-03
  0.1071E-03
  0.1549E-03
  0.1355E-03
  0.1272E-03
  0.1293E-03
  0.1103E-03
  0.8758E-04
  0.8958E-04
  0.7665E-04
  0.7994E-04
  0.8638E-04
  0.7588E-04
  0.6885E-04
  0.8067E-04
  0.7709E-04
  0.7483E-04
  0.6911E-04
  0.6061E-04
  0.6187E-04
  0.3544E-04
  0.5574E-04
  0.6152E-04
  0.7379E-04
  0.7251E-04
  0.6394E-04
  0.8021E-04
  0.5589E-04
  0.4699E-04
  0.8104E-04
  0.1055E-03
  0.1170E-03
  0.7719E-04
  0.1061E-03
  0.6358E-04
  0.8928E-04
  0.9807E-04
  0.1088E-03
  0.6919E-04
  0.9433E-04
  0.1095E-03
  0.8421E-04
  0.9120E-04
  0.5735E-04
  0.7527E-04
  0.6259E-04
  0.8762E-04
  0.1092E-03
  0.7970E-04
  0.4821E-04
  0.6994E-04
  0.6228E-04
  0.5374E-04
  0.7516E-04
  0.8321E-04
  0.8606E-04
  0.9663E-04
  0.5325E-04
  0.5291E-04
  0.6346E-04
  0.6628E-04
  0.7416E-04
  0.5689E-04
  0.8492E-04
  0.8345E-04
  0.7520E-04
  0.8953E-04
  0.6431E-04
  0.4497E-04
  0.6648E-04
  0.5808E-04
  0.6254E-04
  0.3751E-04
  0.5789E-04
  0.7770E-04
  0.7332E-04
  0.8268E-04
  0.8489E-04
  0.6098E-04
  0.5575E-04
  0.6459E-04
  0.5063E-04
  0.5795E-04
  0.3489E-04
  0.5729E-04
  0.4085E-04
  0.2456E-04
  0.4721E-04
  0.6344E-04
  0.5537E-04
  0.2631E-04
  0.5213E-04
  0.3353E-04
  0.4376E-04
  0.4874E-04
  0.5281E-04
  0.2425E-04
  0.4484E-04
  0.5255E-04
  0.3544E-04
  0.2765E-04
  0.2275E-04
  0.3850E-04
  0.3712E-04
  0.5481E-04
  0.6711E-04
  0.4818E-04
  0.4264E-04
  0.5746E-04
  0.3847E-04
  0.3427E-04
  0.5588E-04
  0.4101E-04
  0.2429E-04
  0.3667E-04
  0.3956E-04
  0.3115E-04
  0.1718E-04
  0.2390E-04
  0.1891E-04
  0.2290E-04
  0.1139E-04
  0.2080E-04
  0.2169E-04
  0.8740E-05
  0.1688E-04
  0.3011E-04
  0.2622E-04
  0.1300E-04
  0.1141E-04
  0.2846E-04
  0.3505E-04
  0.1876E-04
  0.1142E-04
  0.7301E-05
  0.4651E-05
  0.1440E-04
  0.1333E-04
  0.2298E-04
  0.4116E-04
  0.1023E-04
  0.1894E-04
  0.2955E-04
  0.2056E-04
  0.3353E-04
  0.3095E-04
  0.1749E-04
  0.2089E-04
  0.1624E-04
  0.1956E-04
  0.3405E-04
  0.2883E-04
  0.1372E-04
  0.2802E-04
  0.1893E-04
  0.1442E-04
  0.1188E-04
  0.2675E-04
  0.3532E-04
  0.1600E-04
  0.2161E-04
  0.1865E-04
  0.2908E-04
  0.1770E-04
  0.2311E-04
  0.1981E-04
  0.3047E-04
  0.3014E-04
  0.2105E-04
  0.1308E-04
  0.1765E-04
  0.1463E-04
  0.1474E-04
  0.1472E-04
  0.1283E-04
  0.1559E-04
  0.1415E-04
  0.8339E-05
  0.1500E-04
  0.1362E-04
  0.3265E-05
  0.1001E-04
  0.1395E-04
  0.2313E-04
  0.2835E-04
  0.2201E-04
  0.1947E-04
  0.1519E-04
  0.1469E-04
  0.1521E-04
  0.1888E-04
  0.1180E-04
  0.1063E-04
  0.6007E-05
  0.6372E-05
  0.3663E-05
  0.1226E-05
  0.2640E-05
  0.2467E-05
  0.3899E-05
  0.7171E-05
  0.4361E-05
  0.3647E-05
  0.3065E-05
  0.2396E-05
  0.7492E-06
  0.1309E-05
  0.2844E-05
  0.2499E-05
  0.3634E-05
  0.6706E-05
  0.6620E-05
  0.2509E-05
  0.4753E-05
  0.1833E-05
  0.3213E-05
  0.4738E-05
  0.2337E-05
  0.2934E-05
  0.2713E-05
  0.2340E-05
  0.4963E-05
  0.5432E-05
  0.2686E-05
  0.1879E-05
  0.1173E-05
  0.3443E-05
  0.4196E-05
  0.4645E-05
  0.4865E-05
  0.2653E-05
  0.3069E-05
  0.2829E-05
  0.2748E-05
  0.1023E-05
  0.1426E-05
  0.2717E-05
  0.5150E-05
  0.8399E-05
  0.5033E-05
  0.7890E-05
  0.2459E-05
  0.4989E-05
  0.5935E-05
  0.2707E-05
  0.9655E-05
  0.7627E-05
  0.5566E-05
  0.5755E-05
  0.5437E-05
  0.2665E-05
  0.3301E-05
  0.1948E-05
  0.4037E-05
  0.2616E-05
  0.9105E-06
  0.7704E-06
  0.1450E-05
  0.1049E-05
  0.7477E-06
  0.1389E-05
  0.1649E-05
  0.1856E-05
  0.5857E-06
  0.9936E-06
  0.2520E-05
  0.3355E-05
  0.1428E-05
  0.1350E-05
  0.6254E-05
  0.5551E-05
  0.3058E-05
  0.6521E-05
  0.1470E-05
  0.3495E-05
  0.1572E-05
  0.2815E-05
  0.3009E-05
  0.2372E-05
  0.5439E-05
  0.4195E-05
  0.5473E-05
  0.2883E-05
  0.2896E-05
  0.2198E-05
  0.1763E-05
  0.2315E-05
  0.4182E-05
  0.2276E-05
  0.2221E-05
  0.1743E-05
  0.4861E-05
  0.2746E-05
  0.1457E-05
  0.1991E-05
  0.1915E-05
  0.1564E-05
  0.1029E-05
  0.9492E-06
  0.2216E-05
  0.1766E-05
  0.6633E-06
  0.1275E-05
  0.9452E-06
  0.1080E-05
  0.5552E-06
  0.6267E-06
  0.1471E-05
  0.1455E-05
  0.1509E-05
  0.1188E-05
  0.2073E-05
  0.2614E-05
  0.1228E-05
  0.3074E-05
  0.2562E-05
  0.1168E-05
  0.3211E-05
  0.5207E-05
  0.1531E-05
  0.2234E-05
  0.2425E-05
  0.1375E-05
  0.5358E-06
  0.1316E-05
  0.1573E-05
  0.7400E-06
  0.1259E-05
  0.2223E-05
  0.2370E-05
  0.1626E-05
  0.9134E-06
  0.5335E-06
  0.1160E-05
  0.5157E-06
  0.1638E-05
  0.1066E-05
  0.2258E-05
  0.1404E-05
  0.3393E-06
  0.1034E-05
  0.1166E-05
  0.5395E-06
  0.6421E-06
  0.8413E-06
  0.7859E-06
  0.1165E-05
  0.9585E-06
  0.7575E-06
  0.4441E-06
  0.3209E-06
  0.3832E-06
  0.7797E-06
  0.7683E-06
  0.1349E-05
  0.1401E-05
  0.1295E-05
  0.8317E-06
  0.1339E-05
  0.7574E-06
  0.2347E-06
  0.1212E-05
  0.1051E-05
  0.7390E-06
  0.1101E-05
  0.8167E-06
  0.1316E-05
  0.4788E-06
  0.6991E-06
  0.1382E-05
  0.7812E-06
  0.9877E-06
  0.8329E-06
  0.8511E-06
  0.5079E-06
  0.4401E-06
  0.6174E-06
  0.9223E-06
  0.4046E-06
  0.6237E-06
  0.5941E-06
  0.1188E-05
  0.5617E-06
  0.7936E-06
  0.1054E-05
  0.6316E-06
  0.1101E-05
  0.8711E-06
  0.5680E-06
  0.7417E-06
  0.6820E-06
  0.5384E-06
  0.5535E-06
  0.7936E-06
  0.3550E-06
  0.4214E-06
  0.6929E-06
  0.1169E-05
  0.6007E-06
  0.2220E-06
  0.2019E-05
  0.1102E-05
  0.8481E-06
  0.1161E-05
  0.8801E-06
  0.7643E-06
  0.4911E-06
  0.6007E-06
  0.6367E-06
  0.6809E-06
  0.3165E-06
  0.3454E-06
  0.7254E-06
  0.5513E-06
  0.7488E-06
  0.3255E-06
  0.4497E-06
  0.6341E-06
  0.3680E-06
  0.2014E-06
  0.3055E-06
  0.3793E-06
  0.3037E-06
  0.3475E-06
  0.3259E-06
  0.3299E-06
  0.3346E-06
  0.2940E-06
  0.2191E-06
  0.2597E-06
  0.1391E-06
  0.4877E-06
  0.2437E-06
  0.2285E-06
  0.2579E-06
  0.3426E-06
  0.2718E-06
  0.2436E-06
  0.1830E-06
  0.2556E-06
  0.3131E-06
  0.8238E-07
  0.2104E-06
  0.3527E-06
  0.8975E-07
  0.2174E-06
  0.4280E-06
  0.3207E-06
  0.4880E-06
  0.1942E-06
  0.2622E-06
  0.1977E-06
  0.3219E-06
  0.1382E-06
  0.9397E-07
  0.4300E-06
  0.2699E-06
  0.2760E-06
  0.3385E-06
  0.2615E-06
  0.1083E-06
  0.9534E-07
  0.1319E-06
  0.3495E-06
  0.1772E-06
  0.9253E-07
  0.1107E-06
  0.2037E-06
  0.1952E-06
  0.1753E-06
  0.1476E-06
  0.1259E-06
  0.1058E-06
  0.1590E-06
  0.1718E-06
  0.1776E-06
  0.1151E-06
  0.1116E-06
  0.6780E-07
  0.1657E-06
  0.1070E-06
  0.6511E-07
  0.8920E-07
  0.9709E-07
  0.1590E-06
  0.1014E-06
  0.6155E-07
  0.8670E-07
  0.1010E-06
  0.8100E-07
  0.1037E-06
  0.2267E-06
  0.2699E-07
  0.9657E-07
  0.7831E-07
  0.7045E-07
  0.5027E-07
  0.3994E-07
  0.7845E-07
  0.7572E-07
  0.4981E-07
  0.7031E-07
  0.7385E-07
  0.4548E-07
  0.5908E-07
  0.4073E-07
  0.6828E-07
  0.7888E-07
  0.6573E-07
  0.5976E-07
  0.2255E-07
  0.5089E-07
  0.1577E-07
  0.1801E-07
  0.4366E-07
  0.5259E-07
  0.5516E-07
  0.5308E-07
  0.2642E-07
  0.6129E-07
  0.4019E-07
  0.2794E-07
  0.4224E-07
  0.5282E-07
  0.2749E-07
  0.5093E-07
  0.4287E-07
  0.1260E-07
  0.2603E-07
  0.2656E-07
  0.5469E-07
  0.3837E-07
  0.3671E-07
  0.2999E-07
  0.2373E-07
  0.2839E-07
  0.1708E-07
  0.2383E-07
  0.4912E-07
  0.6061E-07
  0.4594E-07
  0.2589E-07
  0.2389E-07
  0.3742E-07
  0.2516E-07
  0.1845E-07
  0.3448E-07
  0.1858E-07
  0.2715E-07
  0.4221E-07
  0.2291E-07
  0.3536E-07
  0.3511E-07
  0.3676E-07
  0.1657E-07
  0.2917E-07
  0.2426E-07
  0.2505E-07
  0.3120E-07
  0.3713E-07
  0.3802E-07
  0.2254E-07
  0.1549E-07
  0.1856E-07
  0.2336E-07
  0.2139E-07
  0.2140E-07
  0.1727E-07
  0.2670E-07
  0.3920E-07
  0.1594E-07
  0.2152E-07
  0.2842E-07
  0.1768E-07
  0.1712E-07
  0.2124E-07
  0.1743E-07
  0.1979E-07
  0.1265E-07
  0.1317E-07
  0.8266E-08
  0.1498E-07
  0.1118E-07
  0.1731E-07
  0.1051E-07
  0.1402E-07
  0.1053E-07
  0.6911E-08
  0.8311E-08
  0.4484E-08
  0.5816E-09
  0.1586E-08
  0.4732E-08
  0.6465E-08
  0.9756E-08
  0.1249E-07
  0.8344E-08
  0.9639E-08
  0.1387E-07
  0.8751E-08
  0.1061E-07
  0.1443E-07
  0.1950E-07
  0.1142E-07
  0.9236E-08
  0.9156E-08
  0.9533E-08
  0.1159E-07
  0.1014E-07
  0.8350E-08
  0.1174E-07
  0.7846E-08
  0.8432E-08
  0.8911E-08
  0.9189E-08
  0.7179E-08
  0.7664E-08
  0.4876E-08
  0.6967E-08
  0.1607E-08
  0.7345E-08
  0.7646E-08
  0.6991E-08
  0.4727E-08
  0.4267E-08
  0.8418E-08
  0.3404E-08
  0.4048E-08
  0.3671E-08
  0.9488E-08
  0.1110E-07
  0.5165E-08
  0.1822E-08
  0.5676E-08
  0.5825E-08
  0.6772E-08
  0.4675E-08
  0.1806E-08
  0.4166E-08
  0.2137E-08
  0.6260E-08
  0.5893E-08
  0.3334E-08
  0.4240E-08
  0.5466E-08
  0.4354E-08
  0.4545E-08
  0.4215E-08
  0.3550E-08
  0.2324E-08
  0.4623E-08
  0.2410E-08
  0.4186E-08
  0.3033E-08
  0.4209E-08
  0.5720E-08
  0.2882E-08
  0.3023E-08
  0.1196E-08
  0.8521E-09
  0.3487E-08
  0.1772E-08
  0.3734E-08
  0.1718E-08
  0.5288E-08
  0.3149E-08
  0.1870E-08
  0.2522E-08
  0.2884E-08
  0.2172E-08
  0.1215E-08
  0.1319E-08
  0.5623E-09
  0.1929E-08
  0.2837E-08
  0.3452E-08
  0.2406E-08
  0.2230E-08
  0.4533E-08
  0.2646E-08
  0.2127E-08
  0.9323E-09
  0.2593E-08
  0.2074E-08
  0.6904E-09
  0.2118E-08
  0.8799E-09
  0.1963E-08
  0.1085E-08
  0.2247E-08
  0.1636E-08
  0.1232E-08
  0.2012E-08
  0.1674E-08
  0.1523E-08
  0.4574E-08
  0.7701E-09
  0.3177E-08
  0.6417E-09
  0.4346E-09
  0.2099E-08
  0.2129E-08
  0.2344E-08
  0.2067E-08
  0.1926E-08
  0.3354E-08
  0.2145E-08
  0.2567E-08
  0.1038E-08
  0.2142E-08
  0.1651E-08
  0.1338E-08
  0.2259E-08
  0.9684E-09
  0.2331E-08
  0.1682E-08
  0.9576E-09
  0.5721E-09
  0.3143E-09
  0.4388E-09
  0.1252E-08
  0.8366E-09
  0.1427E-08
  0.4798E-09
  0.8718E-09
  0.1487E-08
  0.6902E-09
  0.1032E-08
  0.1004E-08
  0.2003E-09
  0.1096E-09
  0.9860E-09
  0.4427E-10
  0.1684E-09
  0.2563E-09
  0.3633E-09
  0.8707E-09
  0.3759E-09
  0.5122E-09
  0.1088E-08
  0.1070E-08
  0.9001E-09
  0.5763E-09
  0.1968E-09
  0.6652E-09
  0.1501E-09
  0.3791E-10
  0.1070E-09
  0.2567E-09
  0.6333E-09
  0.6140E-09
  0.7829E-09
  0.6437E-09
  0.8354E-09
  0.1056E-08
  0.1321E-08
  0.3850E-09
  0.4791E-09
  0.1193E-08
  0.8098E-09
  0.3599E-09
  0.8403E-09
  0.7497E-09
  0.1017E-08
  0.6383E-09
  0.4531E-09
  0.3859E-09
  0.1905E-09
  0.3679E-09
  0.4228E-09
  0.2103E-09
  0.3089E-09
  0.4185E-09
  0.1410E-09
  0.1090E-09
  0.3260E-09
  0.2961E-09
  0.1381E-09
  0.1602E-09
  0.3274E-09
  0.1282E-09
  0.3521E-10
  0.2059E-09
  0.1254E-09
  0.2189E-09
  0.2482E-09
  0.2694E-09
  0.2150E-09
  0.3272E-09
  0.6685E-10
  0.1058E-09
  0.8378E-10
  0.1202E-09
  0.1088E-09
  0.7618E-10
  0.4052E-10
  0.4073E-10
  0.7532E-10
  0.8545E-10
  0.2908E-10
  0.2616E-09
  0.2869E-09
  0.4152E-09
  0.2718E-09
  0.3940E-09
  0.1766E-09
  0.1481E-09
  0.7414E-10
  0.3096E-09
  0.9950E-10
  0.1652E-09
  0.5072E-10
  0.7186E-10
  0.1033E-09
  0.1936E-10
  0.1095E-09
  0.8333E-10
  0.3312E-09
  0.1597E-09
  0.2540E-09
  0.2697E-09
  0.2156E-09
  0.2291E-09
  0.3289E-09
  0.1604E-09
  0.2059E-09
  0.1221E-09
  0.2406E-09
  0.1786E-09
  0.8391E-10
  0.9256E-10
  0.4692E-10
  0.1602E-09
  0.4173E-09
  0.1722E-09
  0.2226E-09
  0.8999E-10
  0.5048E-10
  0.6655E-11
  0.3773E-11
  0.7671E-11
  0.9248E-11
  0.9983E-12
  0.2660E-10
  0.1935E-10
  0.1455E-10
  0.1251E-09
  0.6503E-10
  0.9336E-10
  0.1695E-10
  0.1676E-09
  0.1656E-09
  0.2318E-10
  0.5687E-10
  0.6226E-10
  0.5238E-10
  0.9607E-10
  0.1976E-10
  0.6370E-11
  0.1613E-10
  0.1565E-10
  0.3439E-10
  0.1021E-10
  0.2953E-10
  0.1288E-09
  0.3594E-10
  0.2657E-09
  0.4585E-10
  0.7101E-10
  0.5373E-11
  0.5360E-10
  0.5740E-10
  0.3521E-11
  0.2904E-11
  0.6289E-11
  0.3136E-11
  0.1279E-10
  0.5110E-11
  0.8962E-12
  0.7478E-11
  0.1064E-09
  0.5734E-10
  0.1247E-10
  0.2968E-10
  0.5640E-11
  0.6690E-11
  0.6626E-11
  0.1161E-10
  0.3147E-11
  0.5861E-11
  0.4425E-11
  0.1985E-11
  0.1130E-11
  0.4957E-12
  0.5568E-11
  0.2192E-10
  0.5258E-10
  0.7353E-10
  0.3393E-10
  0.9244E-11
  0.2750E-10
  0.1330E-10
  0.1036E-10
  0.1096E-10
  0.4903E-10
  0.1752E-10
  0.1567E-10
  0.2503E-10
  0.2688E-10
  0.2400E-10
  0.1046E-10
  0.4145E-10
  0.1442E-10
  0.4000E-10
  0.3406E-10
  0.8388E-10
  0.1758E-10
  0.3200E-10
  0.1347E-10
  0.2898E-10
  0.5723E-11
  0.1127E-11
  0.8223E-11
  0.1254E-11
  0.1183E-11
  0.1275E-11
  0.2711E-12
  0.7239E-13
  0.7964E-11
  0.4929E-10
  0.6555E-11
  0.1268E-10
  0.2486E-10
  0.1430E-10
  0.4984E-11
  0.8794E-11
  0.6353E-11
  0.1294E-10
  0.3497E-11
  0.3292E-11
  0.1077E-11
  0.7344E-11
  0.9296E-12
  0.2611E-11
  0.3048E-11
  0.4516E-11
  0.1435E-10
  0.3127E-11
  0.3597E-11
  0.1219E-10
  0.1192E-10
  0.2992E-12
  0.3377E-11
  0.6319E-11
  0.5144E-11
  0.1574E-10
  0.1660E-11
  0.8095E-12
  0.9610E-12
  0.5684E-12
  0.2755E-12
  0.2306E-10
  0.2108E-10
  0.1549E-10
  0.2021E-10
  0.1392E-10
  0.1278E-10
  0.9472E-11
  0.4583E-11
  0.1905E-11
  0.1661E-11
  0.5413E-12
  0.3025E-11
  0.6152E-12
  0.1593E-11
  0.2531E-11
  0.3803E-11
  0.1087E-10
  0.6922E-11
  0.5446E-11
  0.3156E-11
  0.1182E-11
  0.3067E-11
  0.2307E-11
  0.1414E-11
  0.6764E-11
  0.4602E-11
  0.2531E-11
  0.1476E-12
  0.1168E-12
  0.5496E-13
  0.1421E-11
  0.1848E-12
  0.2153E-11
  0.4785E-11
  0.1605E-11
  0.1414E-11
  0.9598E-12
  0.3725E-11
  0.6692E-12
  0.9052E-12
  0.2124E-11
  0.3313E-12
  0.1068E-11
  0.1854E-11
  0.4040E-12
  0.7307E-13
  0.1161E-12
  0.1309E-10
  0.3691E-11
  0.1367E-11
  0.9183E-12
  0.1015E-11
  0.1310E-11
  0.3435E-11
  0.3167E-11
  0.4194E-12
  0.1794E-12
  0.1653E-12
  0.5491E-11
  0.7725E-12
  0.1882E-12
  0.3094E-12
  0.3241E-12
  0.2759E-13
  0.1036E-11
  0.3310E-11
  0.2926E-11
  0.4671E-11
  0.1704E-11
  0.2511E-12
  0.6301E-12
  0.9688E-12
  0.2134E-11
  0.1048E-11
  0.1587E-12
  0.6361E-12
  0.8706E-12
  0.3390E-12
  0.2067E-11
  0.3608E-13
  0.8485E-12
  0.5028E-11
  0.5918E-11
  0.3380E-11
  0.1607E-11
  0.9379E-12
  0.7424E-12
  0.8150E-12
  0.1085E-11
  0.3908E-13
  0.9210E-14
  0.1808E-12
  0.3638E-12
  0.3645E-12
  0.1585E-11
  0.8365E-13
  0.3685E-12
  0.4235E-11
  0.6182E-12
  0.9114E-13
  0.1302E-12
  0.1838E-12
  0.1608E-11
  0.3099E-12
  0.5586E-12
  0.5901E-12
  0.4245E-12
  0.1381E-12
  0.6376E-13
  0.4559E-12
  0.3043E-11
  0.1555E-12
  0.9446E-12
  0.4495E-12
  0.5162E-13
  0.2180E-13
  0.1291E-12
  0.2949E-12
  0.4766E-12
  0.3281E-12
  0.2328E-12
  0.3272E-11
  0.6599E-12
  0.8321E-12
  0.4537E-12
  0.1125E-12
  0.9211E-13
  0.3498E-13
  0.1106E-11
  0.9306E-12
  0.3032E-11
  0.4708E-12
  0.5863E-12
  0.2955E-12
  0.2664E-12
  0.9542E-13
  0.3242E-12
  0.4367E-12
  0.1415E-12
  0.8818E-12
  0.8153E-12
  0.9151E-12
  0.2372E-12
  0.1463E-12
  0.6302E-12
  0.3277E-12
  0.3066E-12
  0.1592E-11
  0.4904E-12
  0.1448E-12
  0.1449E-12
  0.4097E-12
  0.3335E-12
  0.4474E-12
  0.5589E-12
  0.3719E-12
  0.1863E-12
  0.1951E-12
  0.6278E-12
  0.1721E-12
  0.2115E-12
  0.1678E-12
  0.1029E-12
  0.7899E-13
  0.1114E-12
  0.7006E-13
  0.1228E-12
  0.1231E-12
  0.1314E-12
  0.1390E-12
  0.4293E-12
  0.3050E-12
  0.4357E-12
  0.1413E-12
  0.2640E-12
  0.4047E-12
  0.3212E-12
  0.3358E-12
  0.2057E-12
  0.1489E-12
  0.9732E-13
  0.1726E-12
  0.2419E-12
  0.7275E-13
  0.1339E-12
  0.1790E-12
  0.2249E-12
  0.1626E-12
  0.1618E-12
  0.2094E-12
  0.5890E-13
  0.1950E-12
  0.2418E-12
  0.2103E-12
  0.9986E-13
  0.2101E-12
  0.3383E-12
  0.2690E-12
  0.8824E-13
  0.1243E-12
  0.5926E-13
  0.5417E-13
  0.1317E-12
  0.1153E-12
  0.7572E-13
  0.1316E-12
  0.1769E-12
  0.1825E-12
  0.8841E-13
  0.2333E-12
  0.7460E-13
  0.5079E-13
  0.1958E-12
  0.1984E-12
  0.2182E-12
  0.7687E-13
  0.1481E-12
  0.2859E-12
  0.1946E-12
  0.7357E-13
  0.1284E-12
  0.1167E-12
  0.1422E-12
  0.3067E-13
  0.1455E-12
  0.2329E-12
  0.7937E-13
  0.9055E-12
