 tauray
                          0.2522396417549598E-16
                          0.1154805179707960E-10
                          0.1709667898602913E-09
                          0.8431227352258515E-09
                          0.2629811633670191E-08
                          0.6369758480933913E-08
                          0.1313861752272181E-07
                          0.2424897225470285E-07
                          0.4125033542251015E-07
                          0.6592914902174100E-07
                          0.1003087842979570E-06
                          0.1466495417466838E-06
                          0.2074486511134112E-06
                          0.2854402713935932E-06
                          0.3835954908326478E-06
                          0.5051223269259579E-06
                          0.6534657264188697E-06
                          0.8323075653066942E-06
                          0.1045566648834706E-05
                          0.1297398711498145E-05
                          0.1592196417042213E-05
                          0.1934589358462079E-05
                          0.2329444058002874E-05
                          0.2781863967159691E-05
                          0.3297189466677595E-05
                          0.3880997866551608E-05
                          0.4539103406026720E-05
                          0.5277557253597876E-05
                          0.6102647507010007E-05
                          0.7020899193257976E-05
                          0.8039074268586642E-05
                          0.9164171618490810E-05
                          0.1040342705771525E-04
                          0.1176431333025470E-04
                          0.1325454010935387E-04
                          0.1488205399750742E-04
                          0.1665503852645998E-04
                          0.1858191415720614E-04
                          0.2067133827999048E-04
                          0.2293220521430749E-04
                          0.2537364620890167E-04
                          0.2800502944176749E-04
                          0.3083596002014935E-04
                          0.3387627998054161E-04
                          0.3713606828868863E-04
                          0.4062564083958472E-04
                          0.4435555045747418E-04
                          0.4833658689585119E-04
                          0.5257977683745999E-04
                          0.5709638389429471E-04
                          0.6189790860759954E-04
                          0.6699608844786852E-04
                          0.7240289781484566E-04
                          0.7813054803752516E-04
                          0.8419148737415077E-04
                          0.9059840101221660E-04
                          0.9736421106846655E-04
                          0.1045020765888944E-03
                          0.1120253935487441E-03
                          0.1199477948525094E-03
                          0.1282831503339342E-03
                          0.1370455667560119E-03
                          0.1462493878109865E-03
                          0.1559091941203517E-03
                          0.1660398032348511E-03
                          0.1766562696344779E-03
                          0.1877738847284761E-03
                          0.1994081768553391E-03
                          0.2115749112828102E-03
                          0.2242900902078831E-03
                          0.2375699527568012E-03
                          0.2514309749850579E-03
                          0.2658898698773962E-03
                          0.2809635873478097E-03
                          0.2966693142395418E-03
                          0.3130244743250854E-03
                          0.3300467283061838E-03
                          0.3477539738138303E-03
                          0.3661643454082675E-03
                          0.3852962145789896E-03
                          0.4051681897447384E-03
                          0.4257991162535078E-03
                          0.4472080763825407E-03
                          0.4694143893383295E-03
                          0.4924376112566180E-03
                          0.5162975352023983E-03
                          0.5410141911699132E-03
                          0.5666078460826560E-03
                          0.5930990037933690E-03
                          0.6205084050840454E-03
                          0.6488570276659276E-03
                          0.6781660861795085E-03
                          0.7084570321945304E-03
                          0.7397515542099858E-03
                          0.7720715776541174E-03
                          0.8054392648844185E-03
                          0.8398770151876301E-03
                          0.8754074647797454E-03
                          0.9120534868060074E-03
                          0.9498381913409074E-03
                          0.9887849253881892E-03
                          0.1028917272880843E-02
                          0.1070259054681113E-02
                          0.1112834328580490E-02
                          0.1156667389299718E-02
                          0.1201782768488787E-02
                          0.1248205234726940E-02
                          0.1295959793522670E-02
                          0.1345071687313717E-02
                          0.1395566395467077E-02
                          0.1447469634278987E-02
                          0.1500807356974941E-02
                          0.1555605753709682E-02
                          0.1611891251567200E-02
                          0.1669690514560739E-02
                          0.1729030443632790E-02
                          0.1789938176655092E-02
                          0.1852441088428642E-02
                          0.1916566790683677E-02
                          0.1982343132079691E-02
                          0.2049798198205425E-02
                          0.2118960311578872E-02
                          0.2189858031647270E-02
                          0.2262520154787113E-02
                          0.2336975714304143E-02
                          0.2413253980433351E-02
                          0.2491384460338978E-02
                          0.2571396898114515E-02
                          0.2653321274782705E-02
                          0.2737187808295537E-02
                          0.2823026953534253E-02
                          0.2910869402309346E-02
                          0.3000746083360552E-02
                          0.3092688162356869E-02
                          0.3186727041896536E-02
                          0.3282894361507042E-02
                          0.3381221997645126E-02
                          0.3481742063696788E-02
                          0.3584486909977258E-02
                          0.3689489123731035E-02
                          0.3796781529131857E-02
                          0.3906397187282714E-02
                          0.4018369396215848E-02
                          0.4132731690892752E-02
                          0.4249517843204160E-02
                          0.4368761861970070E-02
                          0.4490497992939718E-02
                          0.4614760718791596E-02
                          0.4741584759133445E-02
                          0.4871005070502254E-02
                          0.5003056846364272E-02
                          0.5137775517114974E-02
                          0.5275196750079114E-02
                          0.5415356449510677E-02
                          0.5558290756592904E-02
                          0.5704036049438287E-02
                          0.5852628943088561E-02
                          0.6004106289514723E-02
                          0.6158505177617005E-02
                          0.6315862933224908E-02
                          0.6476217119097165E-02
                          0.6639605534921768E-02
                          0.6806066217315956E-02
                          0.6975637439826221E-02
                          0.7148357712928299E-02
                          0.7324265784027185E-02
                          0.7503400637457113E-02
                          0.7685801494481580E-02
                          0.7871507813293318E-02
                          0.8060559289014320E-02
                          0.8252995853695837E-02
                          0.8448857676318337E-02
                          0.8648185162791582E-02
                          0.8851018955954549E-02
                          0.9057399935575481E-02
                          0.9267369218351864E-02
                          0.9480968157910443E-02
                          0.9698238344807202E-02
                          0.9919221606527388E-02
                          0.1014396000748548E-01
                          0.1037249584902523E-01
                          0.1060487166941962E-01
                          0.1084113024387090E-01
                          0.1108131458451053E-01
                          0.1132546794039927E-01
                          0.1157363379752713E-01
                          0.1182585587881332E-01
                          0.1208217814410632E-01
                          0.1234264479018390E-01
                          0.1260730025075304E-01
                          0.1287618919644997E-01
                          0.1314935653484017E-01
                          0.1342684741041841E-01
                          0.1370870720460865E-01
                          0.1399498153576416E-01
                          0.1428571625916739E-01
                          0.1458095746703011E-01
                          0.1488075148849328E-01
                          0.1518514488962717E-01
                          0.1549418447343126E-01
                          0.1580791727983427E-01
                          0.1612639058569422E-01
                          0.1644965190479832E-01
                          0.1677774898786306E-01
                          0.1711072982253420E-01
                          0.1744864263338671E-01
                          0.1779153588192483E-01
                          0.1813945826658208E-01
                          0.1849245872272115E-01
                          0.1885058642263405E-01
                          0.1921389077554202E-01
                          0.1958242142759557E-01
                          0.1995622826187440E-01
                          0.2033536139838751E-01
                          0.2071987119407313E-01
                          0.2110980824279879E-01
                          0.2150522337536119E-01
                          0.2190616765948632E-01
                          0.2231269239982943E-01
                          0.2272484913797500E-01
                          0.2314268965243677E-01
                          0.2356626595865771E-01
                          0.2399563030901011E-01
                          0.2443083519279542E-01
                          0.2487193333624438E-01
                          0.2531897770251697E-01
                          0.2577202149170245E-01
                          0.2623111814081929E-01
                          0.2669632132381523E-01
                          0.2716768495156727E-01
                          0.2764526317188163E-01
                          0.2812911036949382E-01
                          0.2861928116606856E-01
                          0.2911583042019984E-01
                          0.2961881322741091E-01
                          0.3012828492015423E-01
                          0.3064430106781156E-01
                          0.3116691747669388E-01
                          0.3169619019004144E-01
                          0.3223217548802371E-01
                          0.3277492988773945E-01
                          0.3332451014321661E-01
                          0.3388097324541246E-01
                          0.3444437642221350E-01
                          0.3501477713843538E-01
                          0.3559223309582319E-01
                          0.3617680223305114E-01
                          0.3676854272572271E-01
                          0.3736751298637059E-01
                          0.3797377166445683E-01
                          0.3858737764637264E-01
                          0.3920839005543852E-01
                          0.3983686825190420E-01
                          0.4047287183294868E-01
                          0.4111646063268014E-01
                          0.4176769472213614E-01
                          0.4242663440928339E-01
                          0.4309334023901789E-01
                          0.4376787299316481E-01
                          0.4445029369047872E-01
                          0.4514066358664331E-01
                          0.4583904417427158E-01
                          0.4654549718290578E-01
                          0.4726008457901740E-01
                          0.4798286856600711E-01
                          0.4871391158420502E-01
                          0.4945327631087022E-01
                          0.5020102566019129E-01
                          0.5095722278328595E-01
                          0.5172193106820118E-01
                          0.5249521413991322E-01
                          0.5327713586032754E-01
                          0.5406776032827887E-01
                          0.5486715187953124E-01
                          0.5567537508677791E-01
                          0.5649249475964126E-01
                          0.5731857594467307E-01
                          0.5815368392535439E-01
                          0.5899788422209541E-01
                          0.5985124259223557E-01
                          0.6071382503004365E-01
                          0.6158569776671767E-01
                          0.6246692727038480E-01
                          0.6335758024610154E-01
                          0.6425772363585369E-01
                          0.6516742461855617E-01
                          0.6608675061005320E-01
                          0.6701576926311831E-01
                          0.6795454846745427E-01
                          0.6890315634969298E-01
                          0.6986166127339569E-01
                          0.7083013183905297E-01
                          0.7180863688408447E-01
                          0.7279724548283918E-01
                          0.7379602694659536E-01
                          0.7480505082356051E-01
                          0.7582438689887133E-01
                          0.7685410519459386E-01
                          0.7789427596972329E-01
                          0.7894496972018407E-01
                          0.8000625717883000E-01
                          0.8107820931544403E-01
                          0.8216089733673843E-01
                          0.8325439268635466E-01
                          0.8435876704486343E-01
                          0.8547409232976481E-01
                          0.8660044069548790E-01
                          0.8773788453339135E-01
                          0.8888649647176275E-01
                          0.9004634937581918E-01
                          0.9121751634770686E-01
                          0.9240007072650117E-01
                          0.9359408608820698E-01
                          0.9479963624575818E-01
                          0.9601679524901810E-01
                          0.9724563738477919E-01
                          0.9848623717676309E-01
                          0.9973866938562088E-01
                          0.1010030090089328E+00
                          0.1022793312812083E+00
                          0.1035677116738862E+00
                          0.1048682258953342E+00
                          0.1061809498908500E+00
                          0.1075059598426596E+00
                          0.1088433321699191E+00
                          0.1101931435287133E+00
                          0.1115554708120566E+00
                          0.1129303911498921E+00
                          0.1143179819090930E+00
                          0.1157183206934611E+00
                          0.1171314853437276E+00
                          0.1185575539375530E+00
                          0.1199966047895271E+00
                          0.1214487164511687E+00
                          0.1229139677109262E+00
                          0.1243924375941771E+00
                          0.1258842053632280E+00
                          0.1273893505173150E+00
                          0.1289079527926033E+00
                          0.1304400921621873E+00
                          0.1319858488360909E+00
                          0.1335453032612668E+00
                          0.1351185361215976E+00
                          0.1367056283378946E+00
                          0.1383066610678985E+00
                          0.1399217157062793E+00
                          0.1415508738846363E+00
                          0.1431942174714980E+00
                          0.1448518285723220E+00
                          0.1465237895294953E+00
                          0.1482101829223342E+00
                          0.1499110915670843E+00
                          0.1516265985169201E+00
                          0.1533567870619459E+00
                          0.1551017407291945E+00
                          0.1568615432826287E+00
                          0.1586362787231400E+00
                          0.1604260312885497E+00
                          0.1622308854536078E+00
                          0.1640509259299939E+00
                          0.1658862376663165E+00
                          0.1677369058481139E+00
                          0.1696030158978531E+00
                          0.1714846534749307E+00
                          0.1733819044756724E+00
                          0.1752948550333333E+00
                          0.1772235915180974E+00
                          0.1791682005370784E+00
                          0.1811287689343189E+00
                          0.1831053837907908E+00
                          0.1850981324243957E+00
                          0.1871071023899637E+00
                          0.1891323814792547E+00
                          0.1911740577209575E+00
                          0.1932322193806907E+00
                          0.1953069549610014E+00
                          0.1973983532013664E+00
                          0.1995065030781921E+00
                          0.2016314938048132E+00
                          0.2037734148314946E+00
                          0.2059323558454296E+00
                          0.2081084067707414E+00
                          0.2103016577684824E+00
                          0.2125121992366338E+00
                          0.2147401218101064E+00
                          0.2169855163607404E+00
                          0.2192484739973047E+00
                          0.2215290860654982E+00
                          0.2238274441479481E+00
                          0.2261436400642119E+00
                          0.2284777658707756E+00
                          0.2308299138610545E+00
                          0.2332001765653937E+00
                          0.2355886467510669E+00
                          0.2379954174222773E+00
                          0.2404205818201577E+00
                          0.2428642334227695E+00
                          0.2453264659451040E+00
                          0.2478073733390811E+00
                          0.2503070497935506E+00
                          0.2528255897342908E+00
                          0.2553630878240101E+00
                          0.2579196389623455E+00
                          0.2604953382858636E+00
                          0.2630902811680602E+00
                          0.2657045632193601E+00
                          0.2683382802871175E+00
                          0.2709915284556161E+00
                          0.2736644040460686E+00
                          0.2763570036166166E+00
                          0.2790694239623321E+00
                          0.2818017621152148E+00
                          0.2845541153441946E+00
                          0.2873265811551308E+00
                          0.2901192572908116E+00
                          0.2929322417309542E+00
                          0.2957656326922053E+00
                          0.2986195286281413E+00
                          0.3014940282292672E+00
                          0.3043892304230174E+00
                          0.3073052343737555E+00
                          0.3102421394827749E+00
                          0.3132000453882975E+00
                          0.3161790519654750E+00
                          0.3191792593263879E+00
                          0.3222007678200461E+00
                          0.3252436780323895E+00
                          0.3283080907862856E+00
                          0.3313941071415328E+00
                          0.3345018283948581E+00
                          0.3376313560799175E+00
                          0.3407827919672963E+00
                          0.3439562380645098E+00
                          0.3471517966160014E+00
                          0.3503695701031446E+00
                          0.3536096612442420E+00
                          0.3568721729945251E+00
                          0.3601572085461546E+00
                          0.3634648713282217E+00
                          0.3667952650067448E+00
                          0.3701484934846733E+00
                          0.3735246609018849E+00
                          0.3769238716351871E+00
                          0.3803462302983159E+00
                          0.3837918417419375E+00
                          0.3872608110536468E+00
                          0.3907532435579677E+00
                          0.3942692448163541E+00
                          0.3978089206271883E+00
                          0.4013723770257826E+00
                          0.4049597202843783E+00
                          0.4085710569121456E+00
                          0.4122064936551846E+00
                          0.4158661374965238E+00
                          0.4195500956561217E+00
                          0.4232584755908658E+00
                          0.4269913849945727E+00
                          0.4307489317979886E+00
                          0.4345312241687885E+00
                          0.4383383705115767E+00
                          0.4421704794678876E+00
                          0.4460276599161840E+00
                          0.4499100209718572E+00
                          0.4538176719872297E+00
                          0.4577507225515521E+00
                          0.4617092824910041E+00
                          0.4656934618686949E+00
                          0.4697033709846632E+00
                          0.4737391203758765E+00
                          0.4778008208162321E+00
                          0.4818885833165561E+00
                          0.4860025191246033E+00
                          0.4901427397250596E+00
                          0.4943093568395386E+00
                          0.4985024824265828E+00
                          0.5027222286816655E+00
                          0.5069687080371883E+00
                          0.5112420331624818E+00
                          0.5155423169638068E+00
                          0.5198696725843522E+00
                          0.5242242134042370E+00
                          0.5286060530405093E+00
                          0.5330153053471461E+00
                          0.5374520844150539E+00
                          0.5419165045720684E+00
                          0.5464086803829544E+00
                          0.5509287266494071E+00
                          0.5554767584100490E+00
                          0.5600528909404334E+00
                          0.5646572397530414E+00
                          0.5692899205972850E+00
                          0.5739510494595045E+00
                          0.5786407425629698E+00
                          0.5833591163678796E+00
                          0.5881062875713623E+00
                          0.5928823731074748E+00
                          0.5976874901472051E+00
                          0.6025217560984677E+00
                          0.6073852886061087E+00
                          0.6122782055519033E+00
                          0.6172006250545535E+00
                          0.6221526654696929E+00
                          0.6271344453898845E+00
                          0.6321460836446191E+00
                          0.6371876993003176E+00
                          0.6422594116603298E+00
                          0.6473613402649351E+00
                          0.6524936048913421E+00
                          0.6576563255536881E+00
                          0.6628496225030406E+00
                          0.6680736162273949E+00
                          0.6733284274516782E+00
                          0.6786141771377437E+00
                          0.6839309864843756E+00
                          0.6892789769272875E+00
                          0.6946582701391218E+00
                          0.7000689880294505E+00
                          0.7055112527447739E+00
                          0.7109851866685228E+00
                          0.7164909124210566E+00
                          0.7220285528596631E+00
                          0.7275982310785617E+00
                          0.7332000704088995E+00
                          0.7388341944187514E+00
                          0.7445007269131249E+00
                          0.7501997919339541E+00
                          0.7559315137601035E+00
                          0.7616960169073665E+00
                          0.7674934261284657E+00
                          0.7733238664130534E+00
                          0.7791874629877104E+00
                          0.7850843413159471E+00
                          0.7910146270982037E+00
                          0.7969784462718498E+00
                          0.8029759250111818E+00
                          0.8090071897274291E+00
                          0.8150723670687465E+00
                          0.8211715839202216E+00
                          0.8273049674038691E+00
                          0.8334726448786333E+00
                          0.8396747439403880E+00
                          0.8459113924219361E+00
                          0.8521827183930103E+00
                          0.8584888501602715E+00
                          0.8648299162673106E+00
                          0.8712060454946472E+00
                          0.8776173668597315E+00
                          0.8840640096169414E+00
                          0.8905461032575844E+00
                          0.8970637775098985E+00
                          0.9036171623390487E+00
                          0.9102063879471302E+00
                          0.9168315847731691E+00
                          0.9234928834931186E+00
                          0.9301904150198622E+00
                          0.9369243105032122E+00
                          0.9436947013299104E+00
                          0.9505017191236275E+00
                          0.9573454957449642E+00
                          0.9642261632914497E+00
                          0.9711438540975420E+00
                          0.9780987007346307E+00
                          0.9850908360110320E+00
                          0.9921203929719925E+00
                          0.9991875048996880E+00
                          0.1006292305313224E+01
                          0.1013434927968633E+01
                          0.1020615506858880E+01
                          0.1027834176213858E+01
                          0.1035091070500388E+01
                          0.1042386324422222E+01
                          0.1049720072920039E+01
                          0.1057092451171450E+01
                          0.1064503594590994E+01
                          0.1071953638830139E+01
                          0.1079442719777282E+01
                          0.1086970973557752E+01
                          0.1094538536533801E+01
                          0.1102145545304617E+01
                          0.1109792136706314E+01
                          0.1117478447811936E+01
                          0.1125204615931455E+01
                          0.1132970778611774E+01
                          0.1140777073636724E+01
                          0.1148623639027067E+01
                          0.1156510613040489E+01
                          0.1164438134171615E+01
                          0.1172406341151990E+01
                          0.1180415372950092E+01
                          0.1188465368771329E+01
                          0.1196556468058036E+01
                          0.1204688810489479E+01
                          0.1212862535981853E+01
                          0.1221077784688282E+01
                          0.1229334696998819E+01
                          0.1237633413540446E+01
                          0.1245974075177075E+01
                          0.1254356823009547E+01
                          0.1262781798375633E+01
                          0.1271249142850032E+01
                          0.1279758998244372E+01
                          0.1288311506607212E+01
                          0.1296906810224038E+01
                          0.1305545051617268E+01
                          0.1314226373546247E+01
                          0.1322950919007249E+01
                          0.1331718831233480E+01
                          0.1340530253695073E+01
                          0.1349385330099089E+01
                          0.1358284204389522E+01
                          0.1367227020747293E+01
                          0.1376213923590252E+01
                          0.1385245057573178E+01
                          0.1394320567587781E+01
                          0.1403440598762700E+01
                          0.1412605296463500E+01
                          0.1421814806292679E+01
                          0.1431069274089664E+01
                          0.1440368845930809E+01
                          0.1449713668129400E+01
                          0.1459103887235649E+01
                          0.1468539650036698E+01
                          0.1478021103556622E+01
                          0.1487548395056423E+01
                          0.1497121672034027E+01
                          0.1506741082224298E+01
                          0.1516406773599024E+01
                          0.1526118894366923E+01
                          0.1535877592973645E+01
                          0.1545683018101764E+01
                          0.1555535318670788E+01
                          0.1565434643837152E+01
                          0.1575381142994221E+01
                          0.1585374965772288E+01
                          0.1595416262038577E+01
                          0.1605505181897241E+01
                          0.1615641875689360E+01
                          0.1625826493992946E+01
                          0.1636059187622941E+01
                          0.1646340107631212E+01
                          0.1656669405306559E+01
                          0.1667047232174709E+01
                          0.1677473739998320E+01
                          0.1687949080776977E+01
                          0.1698473406747197E+01
                          0.1709046870382426E+01
                          0.1719669624393038E+01
                          0.1730341821726333E+01
                          0.1741063615566548E+01
                          0.1751835159334844E+01
                          0.1762656606689310E+01
                          0.1773528111524967E+01
                          0.1784449827973767E+01
                          0.1795421910404589E+01
                          0.1806444513423237E+01
                          0.1817517791872454E+01
                          0.1828641900831902E+01
                          0.1839816995618181E+01
                          0.1851043231784812E+01
                          0.1862320765122254E+01
                          0.1873649751657887E+01
                          0.1885030347656026E+01
                          0.1896462709617912E+01
                          0.1907946994281718E+01
                          0.1919483358622545E+01
                          0.1931071959852419E+01
                          0.1942712955420304E+01
                          0.1954406503012086E+01
                          0.1966152760550583E+01
                          0.1977951886195543E+01
                          0.1989804038343641E+01
                          0.2001709375628483E+01
                          0.2013668056920602E+01
                          0.2025680241327466E+01
                          0.2037746088193464E+01
                          0.2049865757099923E+01
                          0.2062039407865089E+01
                          0.2074267200544146E+01
                          0.2086549295429207E+01
                          0.2098885853049306E+01
                          0.2111277034170417E+01
                          0.2123722999795433E+01
                          0.2136223911164184E+01
                          0.2148779929753426E+01
                          0.2161391217276846E+01
                          0.2174057935685058E+01
                          0.2186780247165604E+01
                          0.2199558314142961E+01
                          0.2212392299278530E+01
                          0.2225282365470642E+01
                          0.2238228675854561E+01
                          0.2251231393802475E+01
                          0.2264290682923505E+01
                          0.2277406707063699E+01
                          0.2290579630306036E+01
                          0.2303809616970422E+01
                          0.2317096831613697E+01
                          0.2330441439029625E+01
                          0.2343843604248899E+01
                          0.2357303492539146E+01
                          0.2370821269404922E+01
                          0.2384397100587704E+01
                          0.2398031152065909E+01
                          0.2411723590054877E+01
                          0.2425474581006879E+01
                          0.2439284291611114E+01
                          0.2453152888793711E+01
                          0.2467080539717731E+01
                          0.2481067411783160E+01
                          0.2495113672626914E+01
                          0.2509219490122843E+01
                          0.2523385032381717E+01
                          0.2537610467751244E+01
                          0.2551895964816058E+01
                          0.2566241692397721E+01
                          0.2580647819554727E+01
                          0.2595114515582495E+01
                          0.2609641950013381E+01
                          0.2624230292616659E+01
                          0.2638879713398543E+01
                          0.2653590382602170E+01
                          0.2668362470707607E+01
                          0.2683196148431854E+01
                          0.2698091586728836E+01
                          0.2713048956789410E+01
                          0.2728068430041355E+01
                          0.2743150178149394E+01
                          0.2758294373015163E+01
                          0.2773501186777240E+01
                          0.2788770791811126E+01
                          0.2804103360729249E+01
                          0.2819499066380975E+01
                          0.2834958081852586E+01
                          0.2850480580467307E+01
                          0.2866066735785287E+01
                          0.2881716721603597E+01
                          0.2897430711956252E+01
                          0.2913208881114180E+01
                          0.2929051403585253E+01
                          0.2944958454114260E+01
                          0.2960930207682929E+01
                          0.2976966839509910E+01
                          0.2993068525050784E+01
                          0.3009235439998067E+01
                          0.3025467760281199E+01
                          0.3041765662066546E+01
                          0.3058129321757413E+01
                          0.3074558915994021E+01
                          0.3091054621653536E+01
                          0.3107616615850037E+01
                          0.3124245075934546E+01
                          0.3140940179495006E+01
                          0.3157702104356292E+01
                          0.3174531028580210E+01
                          0.3191427130465492E+01
                          0.3208390588547797E+01
                          0.3225421581599720E+01
                          0.3242520288630782E+01
                          0.3259686888887436E+01
                          0.3276921561853055E+01
                          0.3294224487247950E+01
                          0.3311595845029362E+01
                          0.3329035815391458E+01
                          0.3346544578765327E+01
                          0.3364122315819006E+01
                          0.3381769207457442E+01
                          0.3399485434822521E+01
                          0.3417271179293057E+01
                          0.3435126622484796E+01
                          0.3453051946250403E+01
                          0.3471047332679485E+01
                          0.3489112964098569E+01
                          0.3507249023071116E+01
                          0.3525455692397517E+01
                          0.3543733155115087E+01
                          0.3562081594498075E+01
                          0.3580501194057660E+01
                          0.3598992137541943E+01
                          0.3617554608935960E+01
                          0.3636188792461680E+01
                          0.3654894872577993E+01
                          0.3673673033980722E+01
                          0.3692523461602619E+01
                          0.3711446340613369E+01
                          0.3730441856419579E+01
                          0.3749510194664791E+01
                          0.3768651541229473E+01
                          0.3787866082231024E+01
                          0.3807154004023773E+01
                          0.3826515493198972E+01
                          0.3845950736584814E+01
                          0.3865459921246412E+01
                          0.3885043234485811E+01
                          0.3904700863841979E+01
                          0.3924432997090825E+01
                          0.3944239822245184E+01
                          0.3964121527554811E+01
                          0.3984078301506402E+01
                          0.4004110332823577E+01
                          0.4024217810466880E+01
                          0.4044400923633797E+01
                          0.4064659861758734E+01
                          0.4084994814513023E+01
                          0.4105405971804935E+01
                          0.4125893523779668E+01
                          0.4146457660819340E+01
                          0.4167098573543016E+01
                          0.4187816452806666E+01
                          0.4208611489703213E+01
                          0.4229483875562493E+01
                          0.4250433801951281E+01
                          0.4271461460673277E+01
                          0.4292567043769107E+01
                          0.4313750743516336E+01
                          0.4335012752429450E+01
                          0.4356353263259862E+01
                          0.4377772468995921E+01
                          0.4399270562862910E+01
                          0.4420847738323022E+01
                          0.4442504189075403E+01
                          0.4464240109056108E+01
                          0.4486055692438137E+01
                          0.4507951133631404E+01
                          0.4529926627282769E+01
                          0.4551982368276008E+01
                          0.4574118551731830E+01
                          0.4596335373007880E+01
                          0.4618633027698720E+01
                          0.4641011711635852E+01
                          0.4663471620887698E+01
                          0.4686012951759622E+01
                          0.4708635900793901E+01
                          0.4731340664769754E+01
                          0.4754127440703328E+01
                          0.4776996425847689E+01
                          0.4799947817692846E+01
                          0.4822981813965725E+01
                          0.4846098612630194E+01
                          0.4869298411887034E+01
                          0.4892581410173978E+01
                          0.4915947806165663E+01
                          0.4939397798773667E+01
                          0.4962931587146500E+01
                          0.4986549370669604E+01
                          0.5010251348965334E+01
                          0.5034037721892991E+01
                          0.5057908689548806E+01
                          0.5081864452265918E+01
                          0.5105905210614423E+01
                          0.5130031165401323E+01
                          0.5154242517670566E+01
                          0.5178539468703018E+01
                          0.5202922220016481E+01
                          0.5227390973365682E+01
                          0.5251945930742286E+01
                          0.5276587294374867E+01
                          0.5301315266728956E+01
                          0.5326130050506991E+01
                          0.5351031848648351E+01
                          0.5376020864329335E+01
                          0.5401097300963176E+01
                          0.5426261362200051E+01
                          0.5451513251927040E+01
                          0.5476853174268163E+01
                          0.5502281333584378E+01
                          0.5527797934473559E+01
                          0.5553403181770516E+01
                          0.5579097280546996E+01
                          0.5604880436111656E+01
                          0.5630752854010098E+01
                          0.5656714740024842E+01
                          0.5682766300175350E+01
                          0.5708907740718013E+01
                          0.5735139268146133E+01
                          0.5761461089189954E+01
                          0.5787873410816651E+01
                          0.5814376440230334E+01
                          0.5840970384872020E+01
                          0.5867655452419682E+01
                          0.5894431850788196E+01
                          0.5921299788129395E+01
                          0.5948259472832015E+01
                          0.5975311113521744E+01
                          0.6002454919061175E+01
                          0.6029691098549858E+01
                          0.6057019861324246E+01
                          0.6084441416957742E+01
                          0.6111955975260663E+01
                          0.6139563746280265E+01
                          0.6167264940300734E+01
                          0.6195059767843171E+01
                          0.6222948439665627E+01
                          0.6250931166763064E+01
                          0.6279008160367384E+01
                          0.6307179631947419E+01
                          0.6335445793208918E+01
                          0.6363806856094578E+01
                          0.6392263032784008E+01
                          0.6420814535693751E+01
                          0.6449461577477290E+01
                          0.6478204371025018E+01
                          0.6507043129464274E+01
                          0.6535978066159327E+01
                          0.6565009394711358E+01
                          0.6594137328958488E+01
                          0.6623362082975769E+01
                          0.6652683871075189E+01
                          0.6682102907805640E+01
                          0.6711619407952977E+01
                          0.6741233586539951E+01
                          0.6770945658826274E+01
                          0.6800755840308555E+01
                          0.6830664346720354E+01
                          0.6860671394032169E+01
                          0.6890777198451399E+01
                          0.6920981976422384E+01
                          0.6951285944626404E+01
                          0.6981689319981657E+01
                          0.7012192319643273E+01
                          0.7042795161003311E+01
                          0.7073498061690765E+01
                          0.7104301239571547E+01
                          0.7135204912748502E+01
                          0.7166209299561412E+01
                          0.7197314618586984E+01
                          0.7228521088638845E+01
                          0.7259828928767568E+01
                          0.7291238358260641E+01
                          0.7322749596642490E+01
                          0.7354362863674462E+01
                          0.7386078379354845E+01
                          0.7417896363918841E+01
                          0.7449817037838599E+01
                          0.7481840621823180E+01
                          0.7513967336818592E+01
                          0.7546197404007749E+01
                          0.7578531044810521E+01
                          0.7610968480883681E+01
                          0.7643509934120952E+01
                          0.7676155626652985E+01
                          0.7708905780847339E+01
                          0.7741760619308531E+01
                          0.7774720364877979E+01
                          0.7807785240634059E+01
                          0.7840955469892049E+01
                          0.7874231276204180E+01
                          0.7907612883359589E+01
                          0.7941100515384369E+01
                          0.7974694396541512E+01
                          0.8008394751330970E+01
                          0.8042201804489599E+01
                          0.8076115780991199E+01
                          0.8110136906046487E+01
                          0.8144265405103129E+01
                          0.8178501503845704E+01
                          0.8212845428195720E+01
                          0.8247297404311624E+01
                          0.8281857658588777E+01
                          0.8316526417659492E+01
                          0.8351303908392998E+01
                          0.8386190357895440E+01
                          0.8421185993509928E+01
                          0.8456291042816453E+01
                          0.8491505733631984E+01
                          0.8526830294010383E+01
                          0.8562264952242462E+01
                          0.8597809936855947E+01
                          0.8633465476615509E+01
                          0.8669231800522743E+01
                          0.8705109137816168E+01
                          0.8741097717971227E+01
                          0.8777197770700313E+01
                          0.8813409525952727E+01
                          0.8849733213914707E+01
                          0.8886169065009433E+01
                          0.8922717309896996E+01
                          0.8959378179474413E+01
                          0.8996151904875648E+01
                          0.9033038717471589E+01
                          0.9070038848870052E+01
                          0.9107152530915776E+01
                          0.9144379995690434E+01
                          0.9181721475512632E+01
                          0.9219177202937887E+01
                          0.9256747410758679E+01
                          0.9294432332004394E+01
                          0.9332232199941338E+01
                          0.9370147248072776E+01
                          0.9408177710138872E+01
                          0.9446323820116749E+01
                          0.9484585812220425E+01
                          0.9522963920900880E+01
                          0.9561458380845998E+01
                          0.9600069426980612E+01
                          0.9638797294466469E+01
                          0.9677642218702255E+01
                          0.9716604435323575E+01
                          0.9755684180202984E+01
                          0.9794881689449934E+01
                          0.9834197199410836E+01
                          0.9873630946669014E+01
                          0.9913183168044736E+01
                          0.9952854100595180E+01
                          0.9992643981614467E+01
                          0.1003255304863363E+02
                          0.1007258153942067E+02
                          0.1011272969198046E+02
                          0.1015299774455485E+02
                          0.1019338593562260E+02
                          0.1023389450389940E+02
                          0.1027452368833788E+02
                          0.1031527372812759E+02
                          0.1035614486269500E+02
                          0.1039713733170353E+02
                          0.1043825137505350E+02
                          0.1047948723288219E+02
                          0.1052084514556380E+02
                          0.1056232535370945E+02
                          0.1060392809816720E+02
                          0.1064565362002203E+02
                          0.1068750216059586E+02
                          0.1072947396144753E+02
                          0.1077156926437280E+02
                          0.1081378831140439E+02
                          0.1085613134481191E+02
                          0.1089859860710194E+02
                          0.1094119034101796E+02
                          0.1098390678954040E+02
                          0.1102674819588659E+02
                          0.1106971480351081E+02
                          0.1111280685610428E+02
                          0.1115602459759512E+02
                          0.1119936827214840E+02
                          0.1124283812416612E+02
                          0.1128643439828720E+02
                          0.1133015733938749E+02
                          0.1137400719257977E+02
                          0.1141798420321375E+02
                          0.1146208861687608E+02
                          0.1150632067939032E+02
                          0.1155068063681697E+02
                          0.1159516873545347E+02
                          0.1163978522183415E+02
                          0.1168453034273033E+02
                          0.1172940434515020E+02
                          0.1177440747633892E+02
                          0.1181953998377855E+02
                          0.1186480211518811E+02
                          0.1191019411852352E+02
                          0.1195571624197764E+02
                          0.1200136873398028E+02
                          0.1204715184319814E+02
                          0.1209306581853489E+02
                          0.1213911090913109E+02
                          0.1218528736436425E+02
                          0.1223159543384881E+02
                          0.1227803536743614E+02
                          0.1232460741521455E+02
                          0.1237131182750924E+02
                          0.1241814885488237E+02
                          0.1246511874813304E+02
                          0.1251222175829724E+02
                          0.1255945813664793E+02
                          0.1260682813469498E+02
                          0.1265433200418517E+02
                          0.1270196999710225E+02
                          0.1274974236566688E+02
                          0.1279764936233665E+02
                          0.1284569123980607E+02
                          0.1289386825100657E+02
                          0.1294218064910657E+02
                          0.1299062868751134E+02
                          0.1303921261986312E+02
                          0.1308793270004107E+02
                          0.1313678918216131E+02
                          0.1318578232057683E+02
                          0.1323491236987760E+02
                          0.1328417958489050E+02
                          0.1333358422067935E+02
                          0.1338312653254485E+02
                          0.1343280677602471E+02
                          0.1348262520689351E+02
                          0.1353258208116278E+02
                          0.1358267765508098E+02
                          0.1363291218513348E+02
                          0.1368328592804263E+02
                          0.1373379914076763E+02
                          0.1378445208050469E+02
                          0.1383524500468689E+02
                          0.1388617817098427E+02
                          0.1393725183730380E+02
                          0.1398846626178936E+02
                          0.1403982170282175E+02
                          0.1409131841901876E+02
                          0.1414295666923504E+02
                          0.1419473671256222E+02
                          0.1424665880832881E+02
                          0.1429872321610028E+02
                          0.1435093019567905E+02
                          0.1440328000710442E+02
                          0.1445577291065266E+02
                          0.1450840916683693E+02
                          0.1456118903640738E+02
                          0.1461411278035101E+02
                          0.1466718065989181E+02
                          0.1472039293649068E+02
                          0.1477374987184545E+02
                          0.1482725172789088E+02
                          0.1488089876679865E+02
                          0.1493469125097739E+02
                          0.1498862944307262E+02
                          0.1504271360596685E+02
                          0.1509694400277946E+02
                          0.1515132089686679E+02
                          0.1520584455182211E+02
                          0.1526051523147561E+02
                          0.1531533319989440E+02
                          0.1537029872138254E+02
                          0.1542541206048102E+02
                          0.1548067348196773E+02
                          0.1553608325085753E+02
                          0.1559164163240217E+02
                          0.1564734889209036E+02
                          0.1570320529564770E+02
                          0.1575921110903678E+02
                          0.1581536659845707E+02
                          0.1587167203034500E+02
                          0.1592812767137388E+02
                          0.1598473378845400E+02
                          0.1604149064873256E+02
                          0.1609839851959371E+02
                          0.1615545766865848E+02
                          0.1621266836378488E+02
                          0.1627003087306783E+02
                          0.1632754546483916E+02
                          0.1638521240766767E+02
                          0.1644303197035905E+02
                          0.1650100442195594E+02
                          0.1655913003173791E+02
                          0.1661740906922145E+02
                          0.1667584180415999E+02
                          0.1673442850654387E+02
                          0.1679316944660038E+02
                          0.1685206489479373E+02
                          0.1691111512182507E+02
                          0.1697032039863246E+02
                          0.1702968099639091E+02
                          0.1708919718651233E+02
                          0.1714886924064559E+02
                          0.1720869743067646E+02
                          0.1726868202872768E+02
                          0.1732882330715890E+02
                          0.1738912153856667E+02
                          0.1744957699578450E+02
                          0.1751018995188285E+02
                          0.1757096068016904E+02
                          0.1763188945418739E+02
                          0.1769297654771911E+02
                          0.1775422223478235E+02
                          0.1781562678963220E+02
                          0.1787719048676065E+02
                          0.1793891360089667E+02
                          0.1800079640700609E+02
                          0.1806283918029173E+02
                          0.1812504219619331E+02
                          0.1818740573038747E+02
                          0.1824993005878783E+02
                          0.1831261545754487E+02
                          0.1837546220304604E+02
                          0.1843847057191573E+02
                          0.1850164084101520E+02
                          0.1856497328744274E+02
                          0.1862846818853346E+02
                          0.1869212582185947E+02
                          0.1875594646522980E+02
                          0.1881993039669036E+02
                          0.1888407789452405E+02
                          0.1894838923725068E+02
                          0.1901286470362698E+02
                          0.1907750457264663E+02
                          0.1914230912354020E+02
                          0.1920727863577520E+02
                          0.1927241338905613E+02
                          0.1933771366332433E+02
                          0.1940317973875813E+02
                          0.1946881189577276E+02
                          0.1953461041502041E+02
                          0.1960057557739014E+02
                          0.1966670766400801E+02
                          0.1973300695623697E+02
                          0.1979947373567691E+02
                          0.1986610828416463E+02
                          0.1993291088377390E+02
                          0.1999988181681536E+02
                          0.2006702136583664E+02
                          0.2013432981362226E+02
                          0.2020180744319368E+02
                          0.2026945453780931E+02
                          0.2033727138096446E+02
                          0.2040525825639137E+02
                          0.2047341544805922E+02
                          0.2054174324017412E+02
                          0.2061024191717910E+02
                          0.2067891176375414E+02
                          0.2074775306481617E+02
                          0.2081676610551894E+02
                          0.2088595117125325E+02
                          0.2095530854764677E+02
                          0.2102483852056413E+02
                          0.2109454137610686E+02
                          0.2116441740061341E+02
                          0.2123446688065922E+02
                          0.2130469010305660E+02
                          0.2137508735485478E+02
                          0.2144565892334002E+02
                          0.2151640509603536E+02
                          0.2158732616070091E+02
                          0.2165842240533360E+02
                          0.2172969411816737E+02
                          0.2180114158767303E+02
                          0.2187276510255835E+02
                          0.2194456495176803E+02
                          0.2201654142448366E+02
                          0.2208869481012385E+02
                          0.2216102539834403E+02
                          0.2223353347903664E+02
                          0.2230621934233099E+02
                          0.2237908327859340E+02
                          0.2245212557842701E+02
                          0.2252534653267197E+02
                          0.2259874643240535E+02
                          0.2267232556894111E+02
                          0.2274608423383018E+02
                          0.2282002271886040E+02
                          0.2289414131605654E+02
                          0.2296844031768030E+02
                          0.2304292001623035E+02
                          0.2311758070444219E+02
                          0.2319242267528835E+02
                          0.2326744622197826E+02
                          0.2334265163795822E+02
                          0.2341803921691156E+02
                          0.2349360925275843E+02
                          0.2356936203965601E+02
                          0.2364529787199837E+02
                          0.2372141704441647E+02
                          0.2379771985177826E+02
                          0.2387420658918860E+02
                          0.2395087755198925E+02
                          0.2402773303575895E+02
                          0.2410477333631332E+02
                          0.2418199874970492E+02
                          0.2425940957222326E+02
                          0.2433700610039478E+02
                          0.2441478863098284E+02
                          0.2449275746098771E+02
                          0.2457091288764662E+02
                          0.2464925520843370E+02
                          0.2472778472106005E+02
                          0.2480650172347365E+02
                          0.2488540651385944E+02
                          0.2496449939063929E+02
                          0.2504378065247200E+02
                          0.2512325059825329E+02
                          0.2520290952711579E+02
                          0.2528275773842907E+02
                          0.2536279553179968E+02
                          0.2544302320707105E+02
                          0.2552344106432352E+02
                          0.2560404940387440E+02
                          0.2568484852627795E+02
                          0.2576583873232526E+02
                          0.2584702032304445E+02
                          0.2592839359970057E+02
                          0.2600995886379551E+02
                          0.2609171641706815E+02
                          0.2617366656149431E+02
                          0.2625580959928672E+02
                          0.2633814583289502E+02
                          0.2642067556500583E+02
                          0.2650339909854262E+02
                          0.2658631673666590E+02
                          0.2666942878277300E+02
                          0.2675273554049825E+02
                          0.2683623731371286E+02
                          0.2691993440652503E+02
                          0.2700382712327985E+02
                          0.2708791576855931E+02
                          0.2717220064718239E+02
                          0.2725668206420496E+02
                          0.2734136032491983E+02
                          0.2742623573485675E+02
                          0.2751130859978240E+02
                          0.2759657922570037E+02
                          0.2768204791885117E+02
                          0.2776771498571226E+02
                          0.2785358073299807E+02
                          0.2793964546765988E+02
                          0.2802590949688591E+02
                          0.2811237312810137E+02
                          0.2819903666896838E+02
                          0.2828590042738593E+02
                          0.2837296471149001E+02
                          0.2846022982965352E+02
                          0.2854769609048624E+02
                          0.2863536380283493E+02
                          0.2872323327578332E+02
                          0.2881130481865197E+02
                          0.2889957874099844E+02
                          0.2898805535261718E+02
                          0.2907673496353958E+02
                          0.2916561788403398E+02
                          0.2925470442460563E+02
                          0.2934399489599674E+02
                          0.2943348960918639E+02
                          0.2952318887539063E+02
                          0.2961309300606245E+02
                          0.2970320231289172E+02
                          0.2979351710780530E+02
                          0.2988403770296690E+02
                          0.2997476441077727E+02
                          0.3006569754387399E+02
                          0.3015683741513164E+02
                          0.3024818433766166E+02
                          0.3033973862481248E+02
                          0.3043150059016940E+02
                          0.3052347054755473E+02
                          0.3061564881102765E+02
                          0.3070803569488429E+02
                          0.3080063151365766E+02
                          0.3089343658211779E+02
                          0.3098645121527155E+02
                          0.3107967572836282E+02
                          0.3117311043687233E+02
                          0.3126675565651781E+02
                          0.3136061170325386E+02
                          0.3145467889327205E+02
                          0.3154895754300088E+02
                          0.3164344796910575E+02
                          0.3173815048848899E+02
                          0.3183306541828993E+02
                          0.3192819307588471E+02
                          0.3202353377888648E+02
                          0.3211908784514530E+02
                          0.3221485559274819E+02
                          0.3231083734001903E+02
                          0.3240703340551870E+02
                          0.3250344410804495E+02
                          0.3260006976663253E+02
                          0.3269691070055303E+02
                          0.3279396722931504E+02
                          0.3289123967266404E+02
                          0.3298872835058247E+02
                          0.3308643358328970E+02
                          0.3318435569124198E+02
                          0.3328249499513254E+02
                          0.3338085181589151E+02
                          0.3347942647468597E+02
                          0.3357821929291990E+02
                          0.3367723059223429E+02
                          0.3377646069450692E+02
                          0.3387590992185264E+02
                          0.3397557859662314E+02
                          0.3407546704140703E+02
                          0.3417557557902997E+02
                          0.3427590453255439E+02
                          0.3437645422527977E+02
                          0.3447722498074246E+02
                          0.3457821712271576E+02
                          0.3467943097520985E+02
                          0.3478086686247192E+02
                          0.3488252510898607E+02
                          0.3498440603947322E+02
                          0.3508650997889143E+02
                          0.3518883725243550E+02
                          0.3529138818553724E+02
                          0.3539416310386533E+02
                          0.3549716233332552E+02
                          0.3560038620006034E+02
                          0.3570383503044928E+02
                          0.3580750915110885E+02
                          0.3591140888889235E+02
                          0.3601553457089013E+02
                          0.3611988652442944E+02
                          0.3622446507707440E+02
                          0.3632927055662608E+02
                          0.3643430329112253E+02
                          0.3653956360883871E+02
                          0.3664505183828651E+02
                          0.3675076830821467E+02
                          0.3685671334760902E+02
                          0.3696288728569214E+02
                          0.3706929045192366E+02
                          0.3717592317600010E+02
                          0.3728278578785493E+02
                          0.3738987861765853E+02
                          0.3749720199581817E+02
                          0.3760475625297813E+02
                          0.3771254172001959E+02
                          0.3782055872806061E+02
                          0.3792880760845625E+02
                          0.3803728869279845E+02
                          0.3814600231291612E+02
                          0.3825494880087504E+02
                          0.3836412848897798E+02
                          0.3847354170976463E+02
                          0.3858318879601156E+02
                          0.3869307008073233E+02
                          0.3880318589717739E+02
                          0.3891353657883412E+02
                          0.3902412245942688E+02
                          0.3913494387291688E+02
                          0.3924600115350234E+02
                          0.3935729463561832E+02
                          0.3946882465393690E+02
                          0.3958059154336700E+02
                          0.3969259563905456E+02
                          0.3980483727638239E+02
                          0.3991731679097026E+02
                          0.4003003451867484E+02
                          0.4014299079558972E+02
                          0.4025618595804549E+02
                          0.4036962034260961E+02
                          0.4048329428608645E+02
                          0.4059720812551740E+02
                          0.4071136219818062E+02
                          0.4082575684159144E+02
                          0.4094039239350186E+02
                          0.4105526919190098E+02
                          0.4117038757501474E+02
                          0.4128574788130609E+02
                          0.4140135044947486E+02
                          0.4151719561845778E+02
                          0.4163328372742858E+02
                          0.4174961511579786E+02
                          0.4186619012321318E+02
                          0.4198300908955902E+02
                          0.4210007235495681E+02
                          0.4221738025976485E+02
                          0.4233493314457847E+02
                          0.4245273135022984E+02
                          0.4257077521778805E+02
                          0.4268906508855918E+02
                          0.4280760130408625E+02
                          0.4292638420614912E+02
                          0.4304541413676468E+02
                          0.4316469143818667E+02
                          0.4328421645290583E+02
                          0.4340398952364980E+02
                          0.4352401099338305E+02
                          0.4364428120530722E+02
                          0.4376480050286060E+02
                          0.4388556922971862E+02
                          0.4400658772979351E+02
                          0.4412785634723448E+02
                          0.4424937542642766E+02
                          0.4437114531199617E+02
                          0.4449316634880001E+02
                          0.4461543888193604E+02
                          0.4473796325673814E+02
                          0.4486073981877713E+02
                          0.4498376891386064E+02
                          0.4510705088803339E+02
                          0.4523058608757693E+02
                          0.4535437485900975E+02
                          0.4547841754908728E+02
                          0.4560271450480189E+02
                          0.4572726607338287E+02
                          0.4585207260229644E+02
                          0.4597713443924570E+02
                          0.4610245193217079E+02
                          0.4622802542924867E+02
                          0.4635385527889332E+02
                          0.4647994182975560E+02
                          0.4660628543072326E+02
                          0.4673288643092101E+02
                          0.4685974517971057E+02
                          0.4698686202669050E+02
                          0.4711423732169626E+02
                          0.4724187141480034E+02
                          0.4736976465631210E+02
                          0.4749791739677782E+02
                          0.4762632998698077E+02
                          0.4775500277794104E+02
                          0.4788393612091583E+02
                          0.4801313036739901E+02
                          0.4814258586912159E+02
                          0.4827230297805146E+02
                          0.4840228204639340E+02
                          0.4853252342658917E+02
                          0.4866302747131738E+02
                          0.4879379453349367E+02
                          0.4892482496627053E+02
                          0.4905611912303745E+02
                          0.4918767735742075E+02
                          0.4931950002328378E+02
                          0.4945158747472671E+02
                          0.4958394006608682E+02
                          0.4971655815193810E+02
                          0.4984944208709170E+02
                          0.4998259222659539E+02
                          0.5011600892573422E+02
                          0.5024969254002990E+02
                          0.5038364342524122E+02
                          0.5051786193736385E+02
                          0.5065234843263039E+02
                          0.5078710326751032E+02
                          0.5092212679871017E+02
                          0.5105741938317330E+02
                          0.5119298137807998E+02
                          0.5132881314084754E+02
                          0.5146491502913005E+02
                          0.5160128740081871E+02
                          0.5173793061404153E+02
                          0.5187484502716350E+02
                          0.5201203099878644E+02
                          0.5214948888774921E+02
                          0.5228721905312754E+02
                          0.5242522185423418E+02
                          0.5256349765061862E+02
                          0.5270204680206753E+02
                          0.5284086966860431E+02
                          0.5297996661048933E+02
                          0.5311933798821996E+02
                          0.5325898416253043E+02
                          0.5339890549439198E+02
                          0.5353910234501267E+02
                          0.5367957507583754E+02
                          0.5382032404854858E+02
                          0.5396134962506469E+02
                          0.5410265216754173E+02
                          0.5424423203837242E+02
                          0.5438608960018647E+02
                          0.5452822521585048E+02
                          0.5467063924846806E+02
                          0.5481333206137962E+02
                          0.5495630401816251E+02
                          0.5509955548263121E+02
                          0.5524308681883689E+02
                          0.5538689839106780E+02
                          0.5553099056384900E+02
                          0.5567536370194258E+02
                          0.5582001817034755E+02
                          0.5596495433429978E+02
                          0.5611017255927207E+02
                          0.5625567321097430E+02
                          0.5640145665535310E+02
                          0.5654752325859209E+02
                          0.5669387338711185E+02
                          0.5684050740756988E+02
                          0.5698742568686060E+02
                          0.5713462859211528E+02
                          0.5728211649070229E+02
                          0.5742988975022683E+02
                          0.5757794873853089E+02
                          0.5772629382369373E+02
                          0.5787492537403121E+02
                          0.5802384375809634E+02
                          0.5817304934467885E+02
                          0.5832254250280562E+02
                          0.5847232360174035E+02
                          0.5862239301098364E+02
                          0.5877275110027313E+02
                          0.5892339823958316E+02
                          0.5907433479912532E+02
                          0.5922556114934789E+02
                          0.5937707766093622E+02
                          0.5952888470481241E+02
                          0.5968098265213563E+02
                          0.5983337187430204E+02
                          0.5998605274294459E+02
                          0.6013902562993314E+02
                          0.6029229090737469E+02
                          0.6044584894761296E+02
                          0.6059970012322864E+02
                          0.6075384480703943E+02
                          0.6090828337209983E+02
                          0.6106301619170140E+02
                          0.6121804363937256E+02
                          0.6137336608887870E+02
                          0.6152898391422210E+02
                          0.6168489748964200E+02
                          0.6184110718961448E+02
                          0.6199761338885271E+02
                          0.6215441646230666E+02
                          0.6231151678516332E+02
                          0.6246891473284641E+02
                          0.6262661068101691E+02
                          0.6278460500557240E+02
                          0.6294289808264770E+02
                          0.6310149028861427E+02
                          0.6326038200008062E+02
                          0.6341957359389225E+02
                          0.6357906544713152E+02
                          0.6373885793711774E+02
                          0.6389895144140713E+02
                          0.6405934633779285E+02
                          0.6422004300430501E+02
                          0.6438104181921055E+02
                          0.6454234316101353E+02
                          0.6470394740845479E+02
                          0.6486585494051215E+02
                          0.6502806613640027E+02
                          0.6519058137557094E+02
                          0.6535340103771267E+02
                          0.6551652550275095E+02
                          0.6567995515084833E+02
                          0.6584369036240420E+02
                          0.6600773151805478E+02
                          0.6617207899867333E+02
                          0.6633673318537008E+02
                          0.6650169445949210E+02
                          0.6666696320262345E+02
                          0.6683253979658498E+02
                          0.6699842462343472E+02
                          0.6716461806546739E+02
                          0.6733112050521483E+02
                          0.6749793232544556E+02
                          0.6766505390916535E+02
                          0.6783248563961661E+02
                          0.6800022790027890E+02
                          0.6816828107486857E+02
                          0.6833664554733897E+02
                          0.6850532170188026E+02
                          0.6867430992291972E+02
                          0.6884361059512145E+02
                          0.6901322410338646E+02
                          0.6918315083285273E+02
                          0.6935339116889512E+02
                          0.6952394549712550E+02
                          0.6969481420339264E+02
                          0.6986599767378220E+02
                          0.7003749629461672E+02
                          0.7020931045245591E+02
                          0.7038144053409606E+02
                          0.7055388692657070E+02
                          0.7072665001715018E+02
                          0.7089973019334168E+02
                          0.7107312784288942E+02
                          0.7124684335377448E+02
                          0.7142087711421499E+02
                          0.7159522951266588E+02
                          0.7176990093781900E+02
                          0.7194489177860331E+02
                          0.7212020242418453E+02
                          0.7229583326396529E+02
                          0.7247178468758530E+02
                          0.7264805708492102E+02
                          0.7282465084608604E+02
                          0.7300156636143070E+02
                          0.7317880402154231E+02
                          0.7335636421724526E+02
                          0.7353424733960068E+02
                          0.7371245377990670E+02
                          0.7389098392969831E+02
                          0.7406983818074764E+02
                          0.7424901692506353E+02
                          0.7442852055489186E+02
                          0.7460834946271525E+02
                          0.7478850404125362E+02
                          0.7496898468346353E+02
                          0.7514979178253843E+02
                          0.7533092573190896E+02
                          0.7551238692524252E+02
                          0.7569417575644336E+02
                          0.7587629261965292E+02
                          0.7605873790924926E+02
                          0.7624151201984760E+02
                          0.7642461534629994E+02
                          0.7660804828369534E+02
                          0.7679181122735976E+02
                          0.7697590457285598E+02
                          0.7716032871598372E+02
                          0.7734508405277987E+02
                          0.7753017097951799E+02
                          0.7771558989270866E+02
                          0.7790134118909926E+02
                          0.7808742526567443E+02
                          0.7827384251965540E+02
                          0.7846059334850048E+02
                          0.7864767814990491E+02
                          0.7883509732180084E+02
                          0.7902285126235735E+02
                          0.7921094036998035E+02
                          0.7939936504331293E+02
                          0.7958812568123486E+02
                          0.7977722268286290E+02
                          0.7996665644755087E+02
                          0.8015642737488942E+02
                          0.8034653586470601E+02
                          0.8053698231706529E+02
                          0.8072776713226867E+02
                          0.8091889071085447E+02
                          0.8111035345359802E+02
                          0.8130215576151156E+02
                          0.8149429803584414E+02
                          0.8168678067808199E+02
                          0.8187960408994812E+02
                          0.8207276867340229E+02
                          0.8226627483064161E+02
                          0.8246012296409982E+02
                          0.8265431347644748E+02
                          0.8284884677059252E+02
                          0.8304372324967937E+02
                          0.8323894331708958E+02
                          0.8343450737644154E+02
                          0.8363041583159077E+02
                          0.8382666908662948E+02
                          0.8402326754588694E+02
                          0.8422021161392924E+02
                          0.8441750169555962E+02
                          0.8461513819581796E+02
                          0.8481312151998125E+02
                          0.8501145207356349E+02
                          0.8521013026231540E+02
                          0.8540915649222465E+02
                          0.8560853116951606E+02
                          0.8580825470065118E+02
                          0.8600832749232852E+02
                          0.8620874995148354E+02
                          0.8640952248528855E+02
                          0.8661064550115300E+02
                          0.8681211940672311E+02
                          0.8701394460988203E+02
                          0.8721612151874979E+02
                          0.8741865054168358E+02
                          0.8762153208727729E+02
                          0.8782476656436174E+02
                          0.8802835438200491E+02
                          0.8823229594951144E+02
                          0.8843659167642305E+02
                          0.8864124197251823E+02
                          0.8884624724781271E+02
                          0.8905160791255889E+02
                          0.8925732437724609E+02
                          0.8946339705260077E+02
                          0.8966982634958610E+02
                          0.8987661267940229E+02
                          0.9008375645348637E+02
                          0.9029125808351256E+02
                          0.9049911798139172E+02
                          0.9070733655927175E+02
                          0.9091591422953746E+02
                          0.9112485140481074E+02
                          0.9133414849795015E+02
                          0.9154380592205136E+02
                          0.9175382409044687E+02
                          0.9196420341670625E+02
                          0.9217494431463588E+02
                          0.9238604719827897E+02
                          0.9259751248191600E+02
                          0.9280934058006405E+02
                          0.9302153190747727E+02
                          0.9323408687914664E+02
                          0.9344700591030018E+02
                          0.9366028941640288E+02
                          0.9387393781315650E+02
                          0.9408795151649977E+02
                          0.9430233094260853E+02
                          0.9451707650789535E+02
                          0.9473218862900967E+02
                          0.9494766772283820E+02
                          0.9516351420650420E+02
                          0.9537972849736808E+02
                          0.9559631101302705E+02
                          0.9581326217131532E+02
                          0.9603058239030415E+02
                          0.9624827208830149E+02
                          0.9646633168385225E+02
                          0.9668476159573854E+02
                          0.9690356224297912E+02
                          0.9712273404482983E+02
                          0.9734227742078325E+02
                          0.9756219279056911E+02
                          0.9778248057415401E+02
                          0.9800314119174134E+02
                          0.9822417506377164E+02
                          0.9844558261092220E+02
                          0.9866736425410738E+02
                          0.9888952041447831E+02
                          0.9911205151342305E+02
                          0.9933495797256691E+02
                          0.9955824021377171E+02
                          0.9978189865913640E+02
                          0.1000059337309969E+03
                          0.1002303458519260E+03
                          0.1004551354447334E+03
                          0.1006803029324657E+03
                          0.1009058487384066E+03
                          0.1011317732860765E+03
                          0.1013580769992329E+03
                          0.1015847603018700E+03
                          0.1018118236182193E+03
                          0.1020392673727489E+03
                          0.1022670919901640E+03
                          0.1024952978954068E+03
                          0.1027238855136562E+03
                          0.1029528552703281E+03
                          0.1031822075910753E+03
                          0.1034119429017878E+03
                          0.1036420616285922E+03
                          0.1038725641978521E+03
                          0.1041034510361684E+03
                          0.1043347225703783E+03
                          0.1045663792275563E+03
                          0.1047984214350139E+03
                          0.1050308496202992E+03
                          0.1052636642111976E+03
                          0.1054968656357313E+03
                          0.1057304543221592E+03
                          0.1059644306989775E+03
                          0.1061987951949191E+03
                          0.1064335482389537E+03
                          0.1066686902602885E+03
                          0.1069042216883668E+03
                          0.1071401429528697E+03
                          0.1073764544837143E+03
                          0.1076131567110556E+03
                          0.1078502500652849E+03
                          0.1080877349770304E+03
                          0.1083256118771576E+03
                          0.1085638811967686E+03
                          0.1088025433672028E+03
                          0.1090415988200360E+03
                          0.1092810479870816E+03
                          0.1095208913003892E+03
                          0.1097611291922460E+03
                          0.1100017620951755E+03
                          0.1102427904419387E+03
                          0.1104842146655333E+03
                          0.1107260351991936E+03
                          0.1109682524763914E+03
                          0.1112108669308352E+03
                          0.1114538789964702E+03
                          0.1116972891074788E+03
                          0.1119410976982802E+03
                          0.1121853052035308E+03
                          0.1124299120581235E+03
                          0.1126749186971884E+03
                          0.1129203255560924E+03
                          0.1131661330704396E+03
                          0.1134123416760707E+03
                          0.1136589518090632E+03
                          0.1139059639057323E+03
                          0.1141533784026293E+03
                          0.1144011957365427E+03
                          0.1146494163444981E+03
                          0.1148980406637580E+03
                          0.1151470691318215E+03
                          0.1153965021864250E+03
                          0.1156463402655417E+03
                          0.1158965838073816E+03
                          0.1161472332503920E+03
                          0.1163982890332564E+03
                          0.1166497515948963E+03
                          0.1169016213744691E+03
                          0.1171538988113699E+03
                          0.1174065843452301E+03
                          0.1176596784159184E+03
                          0.1179131814635406E+03
                          0.1181670939284387E+03
                          0.1184214162511926E+03
                          0.1186761488726184E+03
                          0.1189312922337694E+03
                          0.1191868467759357E+03
                          0.1194428129406447E+03
                          0.1196991911696602E+03
                          0.1199559819049833E+03
                          0.1202131855888519E+03
                          0.1204708026637410E+03
                          0.1207288335723621E+03
                          0.1209872787576641E+03
                          0.1212461386628324E+03
                          0.1215054137312899E+03
                          0.1217651044066959E+03
                          0.1220252111329468E+03
                          0.1222857343541760E+03
                          0.1225466745147538E+03
                          0.1228080320592875E+03
                          0.1230698074326209E+03
                          0.1233320010798355E+03
                          0.1235946134462490E+03
                          0.1238576449774165E+03
                          0.1241210961191297E+03
                          0.1243849673174175E+03
                          0.1246492590185456E+03
                          0.1249139716690166E+03
                          0.1251791057155700E+03
                          0.1254446616051826E+03
                          0.1257106397850675E+03
                          0.1259770407026753E+03
                          0.1262438648056931E+03
                          0.1265111125420452E+03
                          0.1267787843598928E+03
                          0.1270468807076339E+03
                          0.1273154020339036E+03
                          0.1275843487875736E+03
                          0.1278537214177532E+03
                          0.1281235203737877E+03
                          0.1283937461052602E+03
                          0.1286643990619902E+03
                          0.1289354796940344E+03
                          0.1292069884516860E+03
                          0.1294789257854756E+03
                          0.1297512921461709E+03
                          0.1300240879847758E+03
                          0.1302973137525316E+03
                          0.1305709699009166E+03
                          0.1308450568816458E+03
                          0.1311195751466711E+03
                          0.1313945251481816E+03
                          0.1316699073386031E+03
                          0.1319457221705986E+03
                          0.1322219700970676E+03
                          0.1324986515711468E+03
                          0.1327757670462099E+03
                          0.1330533169758672E+03
                          0.1333313018139665E+03
                          0.1336097220145919E+03
                          0.1338885780320648E+03
                          0.1341678703209433E+03
                          0.1344475993360228E+03
                          0.1347277655323354E+03
                          0.1350083693651500E+03
                          0.1352894112899724E+03
                          0.1355708917625458E+03
                          0.1358528112388499E+03
                          0.1361351701751013E+03
                          0.1364179690277539E+03
                          0.1367012082534982E+03
                          0.1369848883092616E+03
                          0.1372690096522088E+03
                          0.1375535727397411E+03
                          0.1378385780294967E+03
                          0.1381240259793510E+03
                          0.1384099170474161E+03
                          0.1386962516920412E+03
                          0.1389830303718122E+03
                          0.1392702535455521E+03
                          0.1395579216723209E+03
                          0.1398460352114153E+03
                          0.1401345946223691E+03
                          0.1404236003649530E+03
                          0.1407130528991747E+03
                          0.1410029526852785E+03
                          0.1412933001837459E+03
                          0.1415840958552957E+03
                          0.1418753401608827E+03
                          0.1421670335616995E+03
                          0.1424591765191752E+03
                          0.1427517694949757E+03
                          0.1430448129510044E+03
                          0.1433383073494011E+03
                          0.1436322531525426E+03
                          0.1439266508230430E+03
                          0.1442215008237529E+03
                          0.1445168036177599E+03
                          0.1448125596683888E+03
                          0.1451087694392011E+03
                          0.1454054333939952E+03
                          0.1457025519968066E+03
                          0.1460001257119076E+03
                          0.1462981550038075E+03
                          0.1465966403372523E+03
                          0.1468955821772254E+03
                          0.1471949809889468E+03
                          0.1474948372378735E+03
                          0.1477951513896991E+03
                          0.1480959239103549E+03
                          0.1483971552660083E+03
                          0.1486988459230643E+03
                          0.1490009963481643E+03
                          0.1493036070081869E+03
                          0.1496066783702478E+03
                          0.1499102109016992E+03
                          0.1502142050701304E+03
                          0.1505186613433678E+03
                          0.1508235801894747E+03
                          0.1511289620767511E+03
                          0.1514348074737339E+03
                          0.1517411168491975E+03
                          0.1520478906721525E+03
                          0.1523551294118469E+03
                          0.1526628335377655E+03
                          0.1529710035196298E+03
                          0.1532796398273986E+03
                          0.1535887429312675E+03
                          0.1538983133016690E+03
                          0.1542083514092725E+03
                          0.1545188577249843E+03
                          0.1548298327199476E+03
                          0.1551412768655429E+03
                          0.1554531906333872E+03
                          0.1557655744953344E+03
                          0.1560784289234758E+03
                          0.1563917543901391E+03
                          0.1567055513678894E+03
                          0.1570198203295281E+03
                          0.1573345617480944E+03
                          0.1576497760968637E+03
