 Spectral outgoing longwave flux [W/m2/cm^-1]
  0.5961E-05
  0.2998E-04
  0.7204E-04
  0.1317E-03
  0.2082E-03
  0.3013E-03
  0.4093E-03
  0.5321E-03
  0.6547E-03
  0.7961E-03
  0.9530E-03
  0.1117E-02
  0.1288E-02
  0.1454E-02
  0.1640E-02
  0.1876E-02
  0.2151E-02
  0.2412E-02
  0.2654E-02
  0.2870E-02
  0.3178E-02
  0.3521E-02
  0.3839E-02
  0.4143E-02
  0.4423E-02
  0.4681E-02
  0.4972E-02
  0.5270E-02
  0.5531E-02
  0.6019E-02
  0.6384E-02
  0.6612E-02
  0.7204E-02
  0.7582E-02
  0.8079E-02
  0.8510E-02
  0.8855E-02
  0.9245E-02
  0.9745E-02
  0.1021E-01
  0.1059E-01
  0.1090E-01
  0.1151E-01
  0.1189E-01
  0.1297E-01
  0.1240E-01
  0.1313E-01
  0.1373E-01
  0.1429E-01
  0.1509E-01
  0.1532E-01
  0.1589E-01
  0.1656E-01
  0.1703E-01
  0.1747E-01
  0.1797E-01
  0.1838E-01
  0.2044E-01
  0.1993E-01
  0.2001E-01
  0.2070E-01
  0.2114E-01
  0.2176E-01
  0.2323E-01
  0.2281E-01
  0.2453E-01
  0.2406E-01
  0.2464E-01
  0.2509E-01
  0.2645E-01
  0.2814E-01
  0.2731E-01
  0.2782E-01
  0.3109E-01
  0.2965E-01
  0.2936E-01
  0.3061E-01
  0.3051E-01
  0.3244E-01
  0.3315E-01
  0.3389E-01
  0.3291E-01
  0.3362E-01
  0.3652E-01
  0.3525E-01
  0.3559E-01
  0.3640E-01
  0.3702E-01
  0.4132E-01
  0.3837E-01
  0.3931E-01
  0.4017E-01
  0.4075E-01
  0.4107E-01
  0.4134E-01
  0.4269E-01
  0.4263E-01
  0.4532E-01
  0.4359E-01
  0.4433E-01
  0.4588E-01
  0.5050E-01
  0.4646E-01
  0.4698E-01
  0.4782E-01
  0.5269E-01
  0.5080E-01
  0.4964E-01
  0.5044E-01
  0.5083E-01
  0.5171E-01
  0.5626E-01
  0.5414E-01
  0.5355E-01
  0.5461E-01
  0.5519E-01
  0.5544E-01
  0.5592E-01
  0.5976E-01
  0.6191E-01
  0.6391E-01
  0.5903E-01
  0.6534E-01
  0.5933E-01
  0.6023E-01
  0.6039E-01
  0.6093E-01
  0.6309E-01
  0.6442E-01
  0.6531E-01
  0.6594E-01
  0.6619E-01
  0.6586E-01
  0.6590E-01
  0.6635E-01
  0.7116E-01
  0.7121E-01
  0.6800E-01
  0.7369E-01
  0.6929E-01
  0.7402E-01
  0.7553E-01
  0.7126E-01
  0.7266E-01
  0.7288E-01
  0.7444E-01
  0.7684E-01
  0.7712E-01
  0.7723E-01
  0.7610E-01
  0.7788E-01
  0.7834E-01
  0.8023E-01
  0.8079E-01
  0.7999E-01
  0.7972E-01
  0.8180E-01
  0.8158E-01
  0.8138E-01
  0.8031E-01
  0.8007E-01
  0.9098E-01
  0.8577E-01
  0.8140E-01
  0.8245E-01
  0.8299E-01
  0.9652E-01
  0.8404E-01
  0.8651E-01
  0.8726E-01
  0.8856E-01
  0.8948E-01
  0.9181E-01
  0.9288E-01
  0.9284E-01
  0.9147E-01
  0.9019E-01
  0.9064E-01
  0.9072E-01
  0.9038E-01
  0.9356E-01
  0.9295E-01
  0.9154E-01
  0.9262E-01
  0.9575E-01
  0.9895E-01
  0.1011E+00
  0.1031E+00
  0.1044E+00
  0.1054E+00
  0.1060E+00
  0.1063E+00
  0.1060E+00
  0.1049E+00
  0.1024E+00
  0.9882E-01
  0.1002E+00
  0.9714E-01
  0.9761E-01
  0.1011E+00
  0.1026E+00
  0.9930E-01
  0.1015E+00
  0.9743E-01
  0.1029E+00
  0.1081E+00
  0.1118E+00
  0.1144E+00
  0.1162E+00
  0.1172E+00
  0.1174E+00
  0.1162E+00
  0.1127E+00
  0.1161E+00
  0.1197E+00
  0.1211E+00
  0.1215E+00
  0.1209E+00
  0.1196E+00
  0.1162E+00
  0.1127E+00
  0.1062E+00
  0.1130E+00
  0.1081E+00
  0.1095E+00
  0.1151E+00
  0.1141E+00
  0.1200E+00
  0.1228E+00
  0.1222E+00
  0.1171E+00
  0.1146E+00
  0.1217E+00
  0.1274E+00
  0.1305E+00
  0.1320E+00
  0.1324E+00
  0.1318E+00
  0.1297E+00
  0.1268E+00
  0.1201E+00
  0.1098E+00
  0.1082E+00
  0.1220E+00
  0.1298E+00
  0.1345E+00
  0.1372E+00
  0.1388E+00
  0.1400E+00
  0.1400E+00
  0.1376E+00
  0.1326E+00
  0.1364E+00
  0.1406E+00
  0.1414E+00
  0.1401E+00
  0.1363E+00
  0.1290E+00
  0.1232E+00
  0.1250E+00
  0.1293E+00
  0.1177E+00
  0.1254E+00
  0.1368E+00
  0.1414E+00
  0.1418E+00
  0.1375E+00
  0.1288E+00
  0.1334E+00
  0.1422E+00
  0.1458E+00
  0.1444E+00
  0.1439E+00
  0.1475E+00
  0.1483E+00
  0.1511E+00
  0.1508E+00
  0.1495E+00
  0.1424E+00
  0.1218E+00
  0.1351E+00
  0.1325E+00
  0.1384E+00
  0.1361E+00
  0.1414E+00
  0.1369E+00
  0.1445E+00
  0.1526E+00
  0.1576E+00
  0.1604E+00
  0.1621E+00
  0.1631E+00
  0.1631E+00
  0.1614E+00
  0.1565E+00
  0.1477E+00
  0.1534E+00
  0.1570E+00
  0.1502E+00
  0.1384E+00
  0.1440E+00
  0.1561E+00
  0.1630E+00
  0.1662E+00
  0.1666E+00
  0.1645E+00
  0.1577E+00
  0.1500E+00
  0.1552E+00
  0.1642E+00
  0.1688E+00
  0.1704E+00
  0.1704E+00
  0.1675E+00
  0.1568E+00
  0.1524E+00
  0.1522E+00
  0.1468E+00
  0.1494E+00
  0.1559E+00
  0.1637E+00
  0.1710E+00
  0.1747E+00
  0.1766E+00
  0.1779E+00
  0.1789E+00
  0.1794E+00
  0.1793E+00
  0.1789E+00
  0.1775E+00
  0.1750E+00
  0.1709E+00
  0.1645E+00
  0.1539E+00
  0.1426E+00
  0.1410E+00
  0.1530E+00
  0.1613E+00
  0.1650E+00
  0.1707E+00
  0.1735E+00
  0.1782E+00
  0.1803E+00
  0.1795E+00
  0.1759E+00
  0.1801E+00
  0.1831E+00
  0.1829E+00
  0.1738E+00
  0.1810E+00
  0.1835E+00
  0.1802E+00
  0.1720E+00
  0.1670E+00
  0.1693E+00
  0.1798E+00
  0.1820E+00
  0.1819E+00
  0.1869E+00
  0.1871E+00
  0.1847E+00
  0.1800E+00
  0.1782E+00
  0.1757E+00
  0.1665E+00
  0.1529E+00
  0.1564E+00
  0.1705E+00
  0.1760E+00
  0.1826E+00
  0.1869E+00
  0.1884E+00
  0.1881E+00
  0.1848E+00
  0.1818E+00
  0.1788E+00
  0.1669E+00
  0.1567E+00
  0.1661E+00
  0.1784E+00
  0.1832E+00
  0.1882E+00
  0.1902E+00
  0.1895E+00
  0.1868E+00
  0.1812E+00
  0.1712E+00
  0.1740E+00
  0.1807E+00
  0.1880E+00
  0.1901E+00
  0.1894E+00
  0.1853E+00
  0.1825E+00
  0.1871E+00
  0.1896E+00
  0.1903E+00
  0.1896E+00
  0.1876E+00
  0.1828E+00
  0.1731E+00
  0.1617E+00
  0.1703E+00
  0.1711E+00
  0.1622E+00
  0.1516E+00
  0.1451E+00
  0.1520E+00
  0.1539E+00
  0.1510E+00
  0.1459E+00
  0.1397E+00
  0.1326E+00
  0.1253E+00
  0.1194E+00
  0.1132E+00
  0.1088E+00
  0.1054E+00
  0.1019E+00
  0.9780E-01
  0.9402E-01
  0.9331E-01
  0.9064E-01
  0.8990E-01
  0.8891E-01
  0.8785E-01
  0.9005E-01
  0.8772E-01
  0.8670E-01
  0.8635E-01
  0.8628E-01
  0.8635E-01
  0.8468E-01
  0.8020E-01
  0.8221E-01
  0.1061E+00
  0.8238E-01
  0.7870E-01
  0.8049E-01
  0.8861E-01
  0.8146E-01
  0.8037E-01
  0.7997E-01
  0.8044E-01
  0.8491E-01
  0.7871E-01
  0.7789E-01
  0.7766E-01
  0.7928E-01
  0.7729E-01
  0.7619E-01
  0.7569E-01
  0.7879E-01
  0.7820E-01
  0.7863E-01
  0.8517E-01
  0.8298E-01
  0.9015E-01
  0.9054E-01
  0.9801E-01
  0.1016E+00
  0.9918E-01
  0.1021E+00
  0.1121E+00
  0.1136E+00
  0.1142E+00
  0.1138E+00
  0.1124E+00
  0.1139E+00
  0.4198E-01
  0.1146E+00
  0.1139E+00
  0.1058E+00
  0.1030E+00
  0.8072E-01
  0.9819E-01
  0.9744E-01
  0.5260E-01
  0.7706E-01
  0.7556E-01
  0.6425E-01
  0.9382E-01
  0.8553E-01
  0.6093E-01
  0.7059E-01
  0.6544E-01
  0.8526E-01
  0.7772E-01
  0.5232E-01
  0.6612E-01
  0.7829E-01
  0.7219E-01
  0.7085E-01
  0.2809E-01
  0.6171E-01
  0.7220E-01
  0.5696E-01
  0.5203E-01
  0.5890E-01
  0.6764E-01
  0.6266E-01
  0.4516E-01
  0.4818E-01
  0.4794E-01
  0.5291E-01
  0.4409E-01
  0.3463E-01
  0.3681E-01
  0.2497E-01
  0.4465E-01
  0.3968E-01
  0.2234E-01
  0.3753E-01
  0.3193E-01
  0.3544E-01
  0.3642E-01
  0.2858E-01
  0.2115E-01
  0.2085E-01
  0.2036E-01
  0.3054E-01
  0.2726E-01
  0.2086E-01
  0.2261E-01
  0.2772E-01
  0.2850E-01
  0.2681E-01
  0.2216E-01
  0.1977E-01
  0.2247E-01
  0.2713E-01
  0.1922E-01
  0.1936E-01
  0.1921E-01
  0.1892E-01
  0.1877E-01
  0.2128E-01
  0.2480E-01
  0.2513E-01
  0.2053E-01
  0.1831E-01
  0.2079E-01
  0.2511E-01
  0.2531E-01
  0.2099E-01
  0.1769E-01
  0.2414E-01
  0.2589E-01
  0.2632E-01
  0.2034E-01
  0.2193E-01
  0.2909E-01
  0.3041E-01
  0.2801E-01
  0.1670E-01
  0.3117E-01
  0.3527E-01
  0.3463E-01
  0.2762E-01
  0.3378E-01
  0.3707E-01
  0.4244E-01
  0.3807E-01
  0.3498E-01
  0.4748E-01
  0.3841E-01
  0.4984E-01
  0.3196E-01
  0.3991E-01
  0.4305E-01
  0.4206E-01
  0.4771E-01
  0.3529E-01
  0.5477E-01
  0.4106E-01
  0.2313E-01
  0.3207E-01
  0.3727E-01
  0.5514E-01
  0.5947E-01
  0.5969E-01
  0.5083E-01
  0.1534E-01
  0.4892E-01
  0.5747E-01
  0.3645E-01
  0.5315E-01
  0.3803E-01
  0.4371E-01
  0.5849E-01
  0.3853E-01
  0.5357E-01
  0.5424E-01
  0.2003E-01
  0.5993E-01
  0.6956E-01
  0.7376E-01
  0.7330E-01
  0.6742E-01
  0.3335E-01
  0.4440E-01
  0.7231E-01
  0.6996E-01
  0.6977E-01
  0.7056E-01
  0.5994E-01
  0.6442E-01
  0.5729E-01
  0.5452E-01
  0.5241E-01
  0.5275E-01
  0.5539E-01
  0.4760E-01
  0.4177E-01
  0.4021E-01
  0.3961E-01
  0.4576E-01
  0.3801E-01
  0.3688E-01
  0.3650E-01
  0.3822E-01
  0.4702E-01
  0.3783E-01
  0.3656E-01
  0.3649E-01
  0.3903E-01
  0.4739E-01
  0.3700E-01
  0.3544E-01
  0.3562E-01
  0.3663E-01
  0.3935E-01
  0.5188E-01
  0.5375E-01
  0.3956E-01
  0.3546E-01
  0.3459E-01
  0.3564E-01
  0.4339E-01
  0.3953E-01
  0.3456E-01
  0.3351E-01
  0.3432E-01
  0.4017E-01
  0.3708E-01
  0.3246E-01
  0.3168E-01
  0.3189E-01
  0.3420E-01
  0.3340E-01
  0.3172E-01
  0.3226E-01
  0.3291E-01
  0.3423E-01
  0.3578E-01
  0.3821E-01
  0.4134E-01
  0.4407E-01
  0.4691E-01
  0.5056E-01
  0.5351E-01
  0.4997E-01
  0.4505E-01
  0.5643E-01
  0.6709E-01
  0.7503E-01
  0.8043E-01
  0.8402E-01
  0.8664E-01
  0.8849E-01
  0.9018E-01
  0.9130E-01
  0.9247E-01
  0.9388E-01
  0.9501E-01
  0.9593E-01
  0.9684E-01
  0.9829E-01
  0.9984E-01
  0.1007E+00
  0.1014E+00
  0.1023E+00
  0.1038E+00
  0.1046E+00
  0.1044E+00
  0.1037E+00
  0.1054E+00
  0.1054E+00
  0.1025E+00
  0.9418E-01
  0.7857E-01
  0.7751E-01
  0.9472E-01
  0.1033E+00
  0.1063E+00
  0.1071E+00
  0.1067E+00
  0.1059E+00
  0.1054E+00
  0.1045E+00
  0.1035E+00
  0.1026E+00
  0.1012E+00
  0.1004E+00
  0.9963E-01
  0.9734E-01
  0.9630E-01
  0.9451E-01
  0.9151E-01
  0.9012E-01
  0.8766E-01
  0.8417E-01
  0.8200E-01
  0.7999E-01
  0.7623E-01
  0.7324E-01
  0.7208E-01
  0.6881E-01
  0.6500E-01
  0.6462E-01
  0.6259E-01
  0.5964E-01
  0.5833E-01
  0.5747E-01
  0.5618E-01
  0.5504E-01
  0.5411E-01
  0.5328E-01
  0.5333E-01
  0.5159E-01
  0.5055E-01
  0.4780E-01
  0.4502E-01
  0.4299E-01
  0.3945E-01
  0.3874E-01
  0.3578E-01
  0.3454E-01
  0.3323E-01
  0.2988E-01
  0.2984E-01
  0.2691E-01
  0.2524E-01
  0.2462E-01
  0.2214E-01
  0.2144E-01
  0.2055E-01
  0.2055E-01
  0.1898E-01
  0.1832E-01
  0.1969E-01
  0.1757E-01
  0.1736E-01
  0.2274E-01
  0.1709E-01
  0.1695E-01
  0.2112E-01
  0.1764E-01
  0.1676E-01
  0.1784E-01
  0.2259E-01
  0.1702E-01
  0.1664E-01
  0.1797E-01
  0.2117E-01
  0.1667E-01
  0.1659E-01
  0.1726E-01
  0.1761E-01
  0.1666E-01
  0.1649E-01
  0.2033E-01
  0.1905E-01
  0.1677E-01
  0.1601E-01
  0.1578E-01
  0.1580E-01
  0.1602E-01
  0.1635E-01
  0.1669E-01
  0.1689E-01
  0.1674E-01
  0.1618E-01
  0.1541E-01
  0.1483E-01
  0.1470E-01
  0.1507E-01
  0.1594E-01
  0.1731E-01
  0.1914E-01
  0.2161E-01
  0.2479E-01
  0.2842E-01
  0.3278E-01
  0.3728E-01
  0.4127E-01
  0.4575E-01
  0.4855E-01
  0.5006E-01
  0.5263E-01
  0.5266E-01
  0.5213E-01
  0.5317E-01
  0.5246E-01
  0.5078E-01
  0.5071E-01
  0.5068E-01
  0.4838E-01
  0.4798E-01
  0.4629E-01
  0.4607E-01
  0.4296E-01
  0.4133E-01
  0.3897E-01
  0.3376E-01
  0.3209E-01
  0.2645E-01
  0.2525E-01
  0.2202E-01
  0.1966E-01
  0.1877E-01
  0.1609E-01
  0.1583E-01
  0.1430E-01
  0.1321E-01
  0.1303E-01
  0.1236E-01
  0.1163E-01
  0.1122E-01
  0.1277E-01
  0.1069E-01
  0.1069E-01
  0.1236E-01
  0.1045E-01
  0.1098E-01
  0.1371E-01
  0.1067E-01
  0.1126E-01
  0.1863E-01
  0.1133E-01
  0.1119E-01
  0.1584E-01
  0.1321E-01
  0.1115E-01
  0.1186E-01
  0.1861E-01
  0.1215E-01
  0.1050E-01
  0.1050E-01
  0.1134E-01
  0.9674E-02
  0.9961E-02
  0.1437E-01
  0.1328E-01
  0.1150E-01
  0.1099E-01
  0.1104E-01
  0.1149E-01
  0.1237E-01
  0.1365E-01
  0.1528E-01
  0.1677E-01
  0.1619E-01
  0.1370E-01
  0.1486E-01
  0.1252E-01
  0.1020E-01
  0.8937E-02
  0.8417E-02
  0.8346E-02
  0.8584E-02
  0.9104E-02
  0.9890E-02
  0.1100E-01
  0.1259E-01
  0.1462E-01
  0.1714E-01
  0.2011E-01
  0.2352E-01
  0.2731E-01
  0.3132E-01
  0.3532E-01
  0.3914E-01
  0.4259E-01
  0.4554E-01
  0.4800E-01
  0.5008E-01
  0.5166E-01
  0.5279E-01
  0.5368E-01
  0.5433E-01
  0.5473E-01
  0.5509E-01
  0.5513E-01
  0.5505E-01
  0.5487E-01
  0.5451E-01
  0.5451E-01
  0.5440E-01
  0.5422E-01
  0.5401E-01
  0.5378E-01
  0.5354E-01
  0.5330E-01
  0.5304E-01
  0.5275E-01
  0.5237E-01
  0.5175E-01
  0.5126E-01
  0.5141E-01
  0.5147E-01
  0.5138E-01
  0.5121E-01
  0.5101E-01
  0.5080E-01
  0.5057E-01
  0.5034E-01
  0.5008E-01
  0.4975E-01
  0.4945E-01
  0.4928E-01
  0.4906E-01
  0.4894E-01
  0.4878E-01
  0.4859E-01
  0.4838E-01
  0.4816E-01
  0.4794E-01
  0.4771E-01
  0.4746E-01
  0.4716E-01
  0.4680E-01
  0.4661E-01
  0.4651E-01
  0.4633E-01
  0.4608E-01
  0.4575E-01
  0.4523E-01
  0.4423E-01
  0.4362E-01
  0.4437E-01
  0.4462E-01
  0.4458E-01
  0.4444E-01
  0.4426E-01
  0.4405E-01
  0.4377E-01
  0.4337E-01
  0.4269E-01
  0.4223E-01
  0.4259E-01
  0.4267E-01
  0.4256E-01
  0.4238E-01
  0.4214E-01
  0.4189E-01
  0.4152E-01
  0.4095E-01
  0.4057E-01
  0.4060E-01
  0.4042E-01
  0.4008E-01
  0.3964E-01
  0.3909E-01
  0.3847E-01
  0.3774E-01
  0.3682E-01
  0.3573E-01
  0.3425E-01
  0.3285E-01
  0.3190E-01
  0.3051E-01
  0.2880E-01
  0.2674E-01
  0.2456E-01
  0.2250E-01
  0.2020E-01
  0.1746E-01
  0.1539E-01
  0.1308E-01
  0.1096E-01
  0.9468E-02
  0.7982E-02
  0.7694E-02
  0.6499E-02
  0.6072E-02
  0.7648E-02
  0.6701E-02
  0.6733E-02
  0.8516E-02
  0.8491E-02
  0.7675E-02
  0.9062E-02
  0.9613E-02
  0.8546E-02
  0.9230E-02
  0.6460E-02
  0.9079E-02
  0.9186E-02
  0.6297E-02
  0.9256E-02
  0.8977E-02
  0.9071E-02
  0.9162E-02
  0.8317E-02
  0.8536E-02
  0.8145E-02
  0.6629E-02
  0.7798E-02
  0.3251E-02
  0.8612E-02
  0.8484E-02
  0.8191E-02
  0.8764E-02
  0.8387E-02
  0.8672E-02
  0.7440E-02
  0.8097E-02
  0.8072E-02
  0.5625E-02
  0.7939E-02
  0.7150E-02
  0.7842E-02
  0.6963E-02
  0.6151E-02
  0.6065E-02
  0.6171E-02
  0.5258E-02
  0.4899E-02
  0.5500E-02
  0.5141E-02
  0.5204E-02
  0.5830E-02
  0.6814E-02
  0.8130E-02
  0.9813E-02
  0.1156E-01
  0.1322E-01
  0.1559E-01
  0.1750E-01
  0.1865E-01
  0.2035E-01
  0.2136E-01
  0.2177E-01
  0.2211E-01
  0.2176E-01
  0.2150E-01
  0.2172E-01
  0.2062E-01
  0.1772E-01
  0.1765E-01
  0.1705E-01
  0.1689E-01
  0.1529E-01
  0.1407E-01
  0.1403E-01
  0.1450E-01
  0.1471E-01
  0.1431E-01
  0.1370E-01
  0.1236E-01
  0.1117E-01
  0.1022E-01
  0.8875E-02
  0.7757E-02
  0.6820E-02
  0.5807E-02
  0.5234E-02
  0.4226E-02
  0.3712E-02
  0.3746E-02
  0.4042E-02
  0.4403E-02
  0.3776E-02
  0.4050E-02
  0.5186E-02
  0.5646E-02
  0.5037E-02
  0.5075E-02
  0.5724E-02
  0.5759E-02
  0.5402E-02
  0.5616E-02
  0.2511E-02
  0.5683E-02
  0.5448E-02
  0.5573E-02
  0.5229E-02
  0.5172E-02
  0.5328E-02
  0.4157E-03
  0.4383E-02
  0.4272E-02
  0.5060E-02
  0.5203E-02
  0.5040E-02
  0.5242E-02
  0.5144E-02
  0.5059E-02
  0.5212E-02
  0.4769E-02
  0.4720E-02
  0.5076E-02
  0.4613E-02
  0.4644E-02
  0.4806E-02
  0.4414E-02
  0.4139E-02
  0.4375E-02
  0.4527E-02
  0.3438E-02
  0.3848E-02
  0.3645E-02
  0.2747E-02
  0.3340E-02
  0.2643E-02
  0.2421E-02
  0.3114E-02
  0.2531E-02
  0.2708E-02
  0.3234E-02
  0.3519E-02
  0.3802E-02
  0.3916E-02
  0.4490E-02
  0.5175E-02
  0.5682E-02
  0.5946E-02
  0.6146E-02
  0.6275E-02
  0.6362E-02
  0.6093E-02
  0.5418E-02
  0.4365E-02
  0.3684E-02
  0.3362E-02
  0.4688E-02
  0.5329E-02
  0.5165E-02
  0.5622E-02
  0.6079E-02
  0.6010E-02
  0.5450E-02
  0.4649E-02
  0.5204E-02
  0.5372E-02
  0.5080E-02
  0.4424E-02
  0.3241E-02
  0.3296E-02
  0.4387E-02
  0.5090E-02
  0.5430E-02
  0.5564E-02
  0.5536E-02
  0.5359E-02
  0.4951E-02
  0.4271E-02
  0.4262E-02
  0.4630E-02
  0.4524E-02
  0.4179E-02
  0.3834E-02
  0.3055E-02
  0.2231E-02
  0.2116E-02
  0.2532E-02
  0.3141E-02
  0.3593E-02
  0.3621E-02
  0.3190E-02
  0.2597E-02
  0.3153E-02
  0.3591E-02
  0.3648E-02
  0.3350E-02
  0.2696E-02
  0.2296E-02
  0.2312E-02
  0.2872E-02
  0.2820E-02
  0.3355E-02
  0.3715E-02
  0.3784E-02
  0.3639E-02
  0.3712E-02
  0.3673E-02
  0.3462E-02
  0.3034E-02
  0.2630E-02
  0.2687E-02
  0.2449E-02
  0.2485E-02
  0.2860E-02
  0.2829E-02
  0.2418E-02
  0.1970E-02
  0.2107E-02
  0.2106E-02
  0.2333E-02
  0.2500E-02
  0.2388E-02
  0.2052E-02
  0.1553E-02
  0.1406E-02
  0.1486E-02
  0.1778E-02
  0.2050E-02
  0.2286E-02
  0.2266E-02
  0.2396E-02
  0.2248E-02
  0.2002E-02
  0.1913E-02
  0.1906E-02
  0.1692E-02
  0.1612E-02
  0.1545E-02
  0.1735E-02
  0.1775E-02
  0.1845E-02
  0.2007E-02
  0.2034E-02
  0.2145E-02
  0.2067E-02
  0.1801E-02
  0.1558E-02
  0.1687E-02
  0.1681E-02
  0.1407E-02
  0.1235E-02
  0.1158E-02
  0.1127E-02
  0.1290E-02
  0.1435E-02
  0.1546E-02
  0.1743E-02
  0.1922E-02
  0.1949E-02
  0.1877E-02
  0.1872E-02
  0.1753E-02
  0.1490E-02
  0.1361E-02
  0.1261E-02
  0.1288E-02
  0.1348E-02
  0.1068E-02
  0.1109E-02
  0.1403E-02
  0.1533E-02
  0.1583E-02
  0.1635E-02
  0.1614E-02
  0.1371E-02
  0.1382E-02
  0.1449E-02
  0.1556E-02
  0.1425E-02
  0.1116E-02
  0.1419E-02
  0.1096E-02
  0.1448E-02
  0.1723E-02
  0.1907E-02
  0.2027E-02
  0.2132E-02
  0.2194E-02
  0.2246E-02
  0.2270E-02
  0.2274E-02
  0.2265E-02
  0.2262E-02
  0.2225E-02
  0.2173E-02
  0.2138E-02
  0.2180E-02
  0.2221E-02
  0.2217E-02
  0.2185E-02
  0.2109E-02
  0.2091E-02
  0.2044E-02
  0.2058E-02
  0.1990E-02
  0.1888E-02
  0.1816E-02
  0.1741E-02
  0.1717E-02
  0.1596E-02
  0.1382E-02
  0.1076E-02
  0.8382E-03
  0.8226E-03
  0.1070E-02
  0.1273E-02
  0.1297E-02
  0.1130E-02
  0.1093E-02
  0.1182E-02
  0.1277E-02
  0.1144E-02
  0.1207E-02
  0.1333E-02
  0.1319E-02
  0.1193E-02
  0.9593E-03
  0.9560E-03
  0.7379E-03
  0.9178E-03
  0.1062E-02
  0.1185E-02
  0.1219E-02
  0.1184E-02
  0.1067E-02
  0.8436E-03
  0.7848E-03
  0.8071E-03
  0.7915E-03
  0.7818E-03
  0.6297E-03
  0.8250E-03
  0.6839E-03
  0.6344E-03
  0.8182E-03
  0.9672E-03
  0.1052E-02
  0.1062E-02
  0.9828E-03
  0.8118E-03
  0.8716E-03
  0.1019E-02
  0.1033E-02
  0.9261E-03
  0.7286E-03
  0.7001E-03
  0.7830E-03
  0.8600E-03
  0.8411E-03
  0.6890E-03
  0.7433E-03
  0.9204E-03
  0.9730E-03
  0.9251E-03
  0.8460E-03
  0.6776E-03
  0.5334E-03
  0.8108E-03
  0.6011E-03
  0.7762E-03
  0.8557E-03
  0.8742E-03
  0.9004E-03
  0.8644E-03
  0.7405E-03
  0.5371E-03
  0.5293E-03
  0.5603E-03
  0.5271E-03
  0.6331E-03
  0.5086E-03
  0.6286E-03
  0.6905E-03
  0.6745E-03
  0.6821E-03
  0.7741E-03
  0.8984E-03
  0.9195E-03
  0.9480E-03
  0.9169E-03
  0.7745E-03
  0.6123E-03
  0.5870E-03
  0.6070E-03
  0.6096E-03
  0.7252E-03
  0.8919E-03
  0.9696E-03
  0.9805E-03
  0.1049E-02
  0.1070E-02
  0.1043E-02
  0.9650E-03
  0.8294E-03
  0.7856E-03
  0.6049E-03
  0.4225E-03
  0.4686E-03
  0.6346E-03
  0.7241E-03
  0.6464E-03
  0.6005E-03
  0.6910E-03
  0.8005E-03
  0.8325E-03
  0.8930E-03
  0.8584E-03
  0.7769E-03
  0.7124E-03
  0.7381E-03
  0.5321E-03
  0.7766E-03
  0.9555E-03
  0.9730E-03
  0.8412E-03
  0.8265E-03
  0.9296E-03
  0.8929E-03
  0.7151E-03
  0.7042E-03
  0.8813E-03
  0.9666E-03
  0.9452E-03
  0.7616E-03
  0.6528E-03
  0.6465E-03
  0.4805E-03
  0.3900E-03
  0.4697E-03
  0.6543E-03
  0.7730E-03
  0.8933E-03
  0.9192E-03
  0.8506E-03
  0.8367E-03
  0.9787E-03
  0.1001E-02
  0.6824E-03
  0.1013E-02
  0.1024E-02
  0.9352E-03
  0.7715E-03
  0.5900E-03
  0.4556E-03
  0.5625E-03
  0.7358E-03
  0.8026E-03
  0.8695E-03
  0.7774E-03
  0.6903E-03
  0.7334E-03
  0.8370E-03
  0.1045E-02
  0.1124E-02
  0.1142E-02
  0.1060E-02
  0.1035E-02
  0.8953E-03
  0.8681E-03
  0.1017E-02
  0.1157E-02
  0.1228E-02
  0.1247E-02
  0.9764E-03
  0.1249E-02
  0.1207E-02
  0.1133E-02
  0.9903E-03
  0.8515E-03
  0.6581E-03
  0.7116E-03
  0.7398E-03
  0.5975E-03
  0.4892E-03
  0.6231E-03
  0.8140E-03
  0.9287E-03
  0.9866E-03
  0.9609E-03
  0.9061E-03
  0.9241E-03
  0.8756E-03
  0.7455E-03
  0.5557E-03
  0.3522E-03
  0.3610E-03
  0.5139E-03
  0.5788E-03
  0.6120E-03
  0.6258E-03
  0.5857E-03
  0.5438E-03
  0.5101E-03
  0.4689E-03
  0.4127E-03
  0.3468E-03
  0.3103E-03
  0.2783E-03
  0.2653E-03
  0.2473E-03
  0.2224E-03
  0.2189E-03
  0.2046E-03
  0.1721E-03
  0.1624E-03
  0.1656E-03
  0.1712E-03
  0.2229E-03
  0.2603E-03
  0.1782E-03
  0.1681E-03
  0.1599E-03
  0.1783E-03
  0.1896E-03
  0.2499E-03
  0.2145E-03
  0.1989E-03
  0.2524E-03
  0.1989E-03
  0.2513E-03
  0.2852E-03
  0.2344E-03
  0.1789E-03
  0.1879E-03
  0.2377E-03
  0.2330E-03
  0.2250E-03
  0.2133E-03
  0.2634E-03
  0.2460E-03
  0.2689E-03
  0.2903E-03
  0.2956E-03
  0.2220E-03
  0.2533E-03
  0.3158E-03
  0.3151E-03
  0.3005E-03
  0.1976E-03
  0.9661E-04
  0.2514E-03
  0.2861E-03
  0.2837E-03
  0.2349E-03
  0.9179E-04
  0.1319E-03
  0.2477E-03
  0.2728E-03
  0.2613E-03
  0.1822E-03
  0.7100E-04
  0.2616E-03
  0.2824E-03
  0.2802E-03
  0.2600E-03
  0.4196E-04
  0.8299E-04
  0.1887E-03
  0.2438E-03
  0.2628E-03
  0.2480E-03
  0.2512E-03
  0.2049E-03
  0.2191E-03
  0.1621E-03
  0.1431E-03
  0.1311E-03
  0.2172E-03
  0.1626E-03
  0.1486E-03
  0.1689E-03
  0.2411E-03
  0.2295E-03
  0.1682E-03
  0.1611E-03
  0.2063E-03
  0.2145E-03
  0.1546E-03
  0.1239E-03
  0.1417E-03
  0.1841E-03
  0.1225E-03
  0.8287E-04
  0.8315E-04
  0.1338E-03
  0.8443E-04
  0.6661E-04
  0.7314E-04
  0.8645E-04
  0.1033E-03
  0.1412E-03
  0.1799E-03
  0.2038E-03
  0.2455E-03
  0.3074E-03
  0.3456E-03
  0.3457E-03
  0.3604E-03
  0.3789E-03
  0.3572E-03
  0.3121E-03
  0.3014E-03
  0.2469E-03
  0.2230E-03
  0.2448E-03
  0.2237E-03
  0.1826E-03
  0.1679E-03
  0.1432E-03
  0.1116E-03
  0.8208E-04
  0.1156E-03
  0.8561E-04
  0.6901E-04
  0.8056E-04
  0.1029E-03
  0.1598E-03
  0.1021E-03
  0.9334E-04
  0.1108E-03
  0.1667E-03
  0.1702E-03
  0.1360E-03
  0.1280E-03
  0.1485E-03
  0.1385E-03
  0.1661E-03
  0.1486E-03
  0.1432E-03
  0.1591E-03
  0.8661E-04
  0.1611E-03
  0.1449E-03
  0.1449E-03
  0.2590E-04
  0.8873E-04
  0.1488E-03
  0.1463E-03
  0.8619E-04
  0.2807E-04
  0.1501E-03
  0.7448E-04
  0.1386E-03
  0.1369E-03
  0.1471E-03
  0.1064E-03
  0.1185E-03
  0.3411E-04
  0.1027E-03
  0.1361E-04
  0.1156E-03
  0.8731E-04
  0.2178E-04
  0.4330E-04
  0.7466E-04
  0.7754E-04
  0.6271E-04
  0.2724E-04
  0.1865E-04
  0.4366E-04
  0.6055E-04
  0.5364E-04
  0.2970E-04
  0.9179E-05
  0.4264E-04
  0.5803E-04
  0.6230E-04
  0.4222E-04
  0.7625E-05
  0.5989E-04
  0.3092E-04
  0.6128E-05
  0.1193E-04
  0.6744E-04
  0.6618E-04
  0.2274E-04
  0.3857E-04
  0.8087E-04
  0.9451E-04
  0.8663E-04
  0.3329E-04
  0.7875E-04
  0.1120E-03
  0.1125E-03
  0.4679E-04
  0.6616E-04
  0.1015E-03
  0.9703E-04
  0.9688E-04
  0.9078E-04
  0.5292E-04
  0.7390E-04
  0.8008E-04
  0.7414E-04
  0.9136E-04
  0.9826E-04
  0.8785E-04
  0.7428E-04
  0.6273E-04
  0.8482E-04
  0.7172E-04
  0.8139E-04
  0.7719E-04
  0.5777E-04
  0.6521E-04
  0.6511E-04
  0.7726E-04
  0.7033E-04
  0.4802E-04
  0.4377E-04
  0.5158E-04
  0.7617E-04
  0.6833E-04
  0.8993E-04
  0.5251E-04
  0.3454E-04
  0.2758E-04
  0.2725E-04
  0.3792E-04
  0.4829E-04
  0.2535E-04
  0.2396E-04
  0.2684E-04
  0.3397E-04
  0.4494E-04
  0.5764E-04
  0.7164E-04
  0.8152E-04
  0.9264E-04
  0.9800E-04
  0.9531E-04
  0.9354E-04
  0.9319E-04
  0.1065E-03
  0.1031E-03
  0.1088E-03
  0.1168E-03
  0.1206E-03
  0.1190E-03
  0.1117E-03
  0.8458E-04
  0.4470E-04
  0.6277E-04
  0.1429E-03
  0.2139E-03
  0.2683E-03
  0.3039E-03
  0.3243E-03
  0.3394E-03
  0.3482E-03
  0.3505E-03
  0.3489E-03
  0.3362E-03
  0.3286E-03
  0.3069E-03
  0.2877E-03
  0.2673E-03
  0.2364E-03
  0.2216E-03
  0.1883E-03
  0.1644E-03
  0.1466E-03
  0.1191E-03
  0.1046E-03
  0.8706E-04
  0.6653E-04
  0.6141E-04
  0.4834E-04
  0.3829E-04
  0.3316E-04
  0.2727E-04
  0.2068E-04
  0.1821E-04
  0.1486E-04
  0.1632E-04
  0.1190E-04
  0.1103E-04
  0.1320E-04
  0.1153E-04
  0.1214E-04
  0.1488E-04
  0.2074E-04
  0.2261E-04
  0.2210E-04
  0.2618E-04
  0.2866E-04
  0.3727E-04
  0.4428E-04
  0.4175E-04
  0.4376E-04
  0.4146E-04
  0.5059E-04
  0.4585E-04
  0.4713E-04
  0.9841E-05
  0.3993E-04
  0.4323E-04
  0.7590E-05
  0.3658E-04
  0.2095E-04
  0.4155E-05
  0.1677E-04
  0.1321E-04
  0.1233E-04
  0.5892E-05
  0.5072E-05
  0.1083E-04
  0.4587E-05
  0.6819E-05
  0.4685E-05
  0.4924E-05
  0.5408E-05
  0.1005E-05
  0.1364E-05
  0.3905E-05
  0.2824E-06
  0.9175E-06
  0.1996E-05
  0.2943E-06
  0.2175E-05
  0.1216E-05
  0.1750E-06
  0.1320E-05
  0.1565E-05
  0.6129E-06
  0.8735E-06
  0.1381E-05
  0.1044E-05
  0.1502E-06
  0.9469E-06
  0.1223E-05
  0.9259E-06
  0.1638E-06
  0.1520E-06
  0.1215E-05
  0.1255E-05
  0.6051E-06
  0.1614E-05
  0.1084E-05
  0.4539E-06
  0.1576E-06
  0.5627E-06
  0.7199E-06
  0.8907E-06
  0.9128E-06
  0.8720E-06
  0.1344E-06
  0.6791E-06
  0.5798E-06
  0.5454E-06
  0.5636E-06
  0.6152E-06
  0.6549E-06
  0.8043E-06
  0.1172E-05
  0.3822E-06
  0.3072E-06
  0.1208E-06
  0.2854E-06
  0.5062E-06
  0.1271E-06
  0.2691E-06
  0.2432E-06
  0.1115E-06
  0.2344E-06
  0.3612E-06
  0.1102E-06
  0.1657E-06
  0.1081E-06
  0.1048E-06
  0.1721E-06
  0.1516E-06
  0.1024E-06
  0.1292E-06
  0.1325E-06
  0.1049E-06
  0.1021E-06
  0.9848E-07
  0.9919E-07
  0.1001E-06
  0.1017E-06
  0.9919E-07
  0.9707E-07
  0.9456E-07
  0.9547E-07
  0.9079E-07
  0.8130E-07
  0.9252E-07
  0.1529E-06
  0.7966E-07
  0.8641E-07
  0.8814E-07
  0.8962E-07
  0.8530E-07
  0.8263E-07
  0.8516E-07
  0.7689E-07
  0.8398E-07
  0.8070E-07
  0.7830E-07
  0.7823E-07
  0.8006E-07
  0.8327E-07
  0.8723E-07
  0.9100E-07
  0.9153E-07
  0.8367E-07
  0.7235E-07
  0.7155E-07
  0.1770E-06
  0.3195E-06
  0.3927E-06
  0.2272E-06
  0.4890E-06
  0.6606E-06
  0.1560E-06
  0.8870E-06
  0.1983E-06
  0.1114E-05
  0.1301E-05
  0.1534E-05
  0.1823E-05
  0.2180E-05
  0.2619E-05
  0.3184E-05
  0.3946E-05
  0.5037E-05
  0.6612E-05
  0.1108E-04
  0.1416E-04
  0.1694E-04
  0.1855E-04
  0.1838E-04
  0.1405E-04
  0.1061E-04
  0.7489E-05
  0.4385E-05
  0.2701E-05
  0.3032E-05
  0.6464E-05
  0.8647E-05
  0.9987E-05
  0.8549E-05
  0.8557E-05
  0.9471E-05
  0.8900E-05
  0.9750E-05
  0.1061E-04
  0.1294E-04
  0.1520E-04
  0.1992E-04
  0.2958E-04
  0.3973E-04
  0.3769E-04
  0.2622E-04
  0.1766E-04
  0.1229E-04
  0.9014E-05
  0.7356E-05
  0.7318E-05
  0.5934E-05
  0.5635E-05
  0.5687E-05
  0.5942E-05
  0.6432E-05
  0.7199E-05
  0.8308E-05
  0.9901E-05
  0.1208E-04
  0.1508E-04
  0.1916E-04
  0.2451E-04
  0.3159E-04
  0.4034E-04
  0.4953E-04
  0.5945E-04
  0.6848E-04
  0.7782E-04
  0.8440E-04
  0.8894E-04
  0.8878E-04
  0.8392E-04
  0.7917E-04
  0.6871E-04
  0.5641E-04
  0.4590E-04
  0.3557E-04
  0.2544E-04
  0.1881E-04
  0.1369E-04
  0.9719E-05
  0.8653E-05
  0.6421E-05
  0.5269E-05
  0.6329E-05
  0.8990E-05
  0.6531E-05
  0.6408E-05
  0.9528E-05
  0.9834E-05
  0.7408E-05
  0.8228E-05
  0.4070E-05
  0.8613E-05
  0.7456E-05
  0.9497E-05
  0.9167E-05
  0.6295E-05
  0.6641E-05
  0.7920E-05
