 Rayleigh Transmission
                          0.9999999999999943E+00
                          0.9999999999991330E+00
                          0.9999999999990337E+00
                          0.9999999999907251E+00
                          0.9999999999724153E+00
                          0.9999999999861930E+00
                          0.9999999999199296E+00
                          0.9999999999687136E+00
                          0.9999999999946271E+00
                          0.9999999999476344E+00
                          0.9999999999989225E+00
                          0.9999999988875793E+00
                          0.9999999965002434E+00
                          0.9999999999997853E+00
                          0.9999999999998328E+00
                          0.9999999999988469E+00
                          0.9999999999997858E+00
                          0.9999999999992569E+00
                          0.9999999999996604E+00
                          0.9999999999988619E+00
                          0.9999999999993112E+00
                          0.9999999999985134E+00
                          0.9999999999900474E+00
                          0.9999999997258988E+00
                          0.9999999842277519E+00
                          0.9999999568766831E+00
                          0.9999967852233086E+00
                          0.9999805832717903E+00
                          0.9999998670415572E+00
                          0.9999999806850119E+00
                          0.9999999626720859E+00
                          0.9999999999961157E+00
                          0.9999999999881001E+00
                          0.9999999999961111E+00
                          0.9999999999869875E+00
                          0.9999999999951756E+00
                          0.9999999999945963E+00
                          0.9999999999939392E+00
                          0.9999999999893211E+00
                          0.9999999999915873E+00
                          0.9999999999917795E+00
                          0.9999999999908907E+00
                          0.9999999999880385E+00
                          0.9999999999857582E+00
                          0.9999999999879777E+00
                          0.9999999999868544E+00
                          0.9999999999856301E+00
                          0.9999999999843593E+00
                          0.9999999999829801E+00
                          0.9999999999793054E+00
                          0.9999999998577839E+00
                          0.9999999998986008E+00
                          0.9999996562440338E+00
                          0.9999999999681942E+00
                          0.9999999999022641E+00
                          0.9999999991471747E+00
                          0.9999999999634901E+00
                          0.9999999999661645E+00
                          0.9999999999636864E+00
                          0.9999999999609528E+00
                          0.9999999999582027E+00
                          0.9999999999554121E+00
                          0.9999999999520005E+00
                          0.9999999999393492E+00
                          0.9999999999461771E+00
                          0.9999999999422190E+00
                          0.9999999999315193E+00
                          0.9999999999350343E+00
                          0.9999999999302727E+00
                          0.9999999999271545E+00
                          0.9999999999229021E+00
                          0.9999999999185505E+00
                          0.9999999999138428E+00
                          0.9999999994323717E+00
                          0.9999999998998068E+00
                          0.9999999172680110E+00
                          0.9997609457060772E+00
                          0.9999999995030396E+00
                          0.9999999998356294E+00
                          0.9999999998708771E+00
                          0.9999999998610180E+00
                          0.9999999801624744E+00
                          0.9999999799972786E+00
                          0.9999940866137345E+00
                          0.9999895771544840E+00
                          0.9999999998176656E+00
                          0.9999999998246775E+00
                          0.9999999998166281E+00
                          0.9999999998077466E+00
                          0.9999999995736664E+00
                          0.9999999010171138E+00
                          0.9986324392504053E+00
                          0.9767172026157076E+00
                          0.9998764556467850E+00
                          0.9997478517363092E+00
                          0.9999960877815367E+00
                          0.9999999993639485E+00
                          0.9999999997165587E+00
                          0.9999999997045388E+00
                          0.9999999995730241E+00
                          0.9999999991025699E+00
                          0.9999999996569293E+00
                          0.9999999996489669E+00
                          0.9999996077800123E+00
                          0.9999999993878131E+00
                          0.9999999992369965E+00
                          0.9999999995895851E+00
                          0.9999999995805946E+00
                          0.9999999995646270E+00
                          0.9999999995474678E+00
                          0.9999999995217249E+00
                          0.9999999995113326E+00
                          0.9999999994965061E+00
                          0.9999999994784101E+00
                          0.9999999994597220E+00
                          0.9999999994405221E+00
                          0.9999999994208099E+00
                          0.9999999994005898E+00
                          0.9999999993797231E+00
                          0.9999999992758821E+00
                          0.9999999820167270E+00
                          0.9999999993120916E+00
                          0.9999999992913815E+00
                          0.9999999981706222E+00
                          0.9999999992432189E+00
                          0.9999999898835951E+00
                          0.9999999991918613E+00
                          0.9999999991674658E+00
                          0.9999999991343500E+00
                          0.9999999991140865E+00
                          0.9999999990864687E+00
                          0.9999999990573172E+00
                          0.9999999990234546E+00
                          0.9999998989134974E+00
                          0.9999999867705766E+00
                          0.9999999989353743E+00
                          0.9999999988958254E+00
                          0.9999999963469893E+00
                          0.9999999988278837E+00
                          0.9999999986842047E+00
                          0.9999999945721396E+00
                          0.9999999772575890E+00
                          0.9999622777753524E+00
                          0.9999999138559116E+00
                          0.9999976709832682E+00
                          0.9999958083556715E+00
                          0.9999999710813676E+00
                          0.9997324297622059E+00
                          0.9999976232582830E+00
                          0.9999869521049213E+00
                          0.9999999949377336E+00
                          0.9999999983279299E+00
                          0.9999999982676396E+00
                          0.9999999982402618E+00
                          0.9999998968317604E+00
                          0.9999999981518821E+00
                          0.9999999981055098E+00
                          0.9999999980570921E+00
                          0.9999999980067491E+00
                          0.9999999979469970E+00
                          0.9999999486202051E+00
                          0.9999999977776665E+00
                          0.9999999977977001E+00
                          0.9999999977428329E+00
                          0.9999999976869268E+00
                          0.9999999976300229E+00
                          0.9999986533408382E+00
                          0.9999999975129030E+00
                          0.9999999974527112E+00
                          0.9999999973917754E+00
                          0.9999999973295084E+00
                          0.9999999972661319E+00
                          0.9999999972016336E+00
                          0.9999999971359831E+00
                          0.9999999970686263E+00
                          0.9999999969554025E+00
                          0.9999999969321310E+00
                          0.9999861295632765E+00
                          0.9999999967897278E+00
                          0.9999999964587535E+00
                          0.9999999966234150E+00
                          0.9999999965675862E+00
                          0.9999999964908149E+00
                          0.9999999672357690E+00
                          0.9999999963300065E+00
                          0.9999999959395903E+00
                          0.9996689709999376E+00
                          0.9999999959361647E+00
                          0.9999999960044893E+00
                          0.9999999957873877E+00
                          0.9999999955064932E+00
                          0.9999999948716601E+00
                          0.9999999953540077E+00
                          0.9999999664656020E+00
                          0.9999999938005709E+00
                          0.9999999383599210E+00
                          0.9999999818747828E+00
                          0.9998970382120018E+00
                          0.9999999276227703E+00
                          0.9999999471979701E+00
                          0.9999998041473938E+00
                          0.9999999947237683E+00
                          0.9999999945703233E+00
                          0.9999999913874362E+00
                          0.9999973108520527E+00
                          0.9999999923043207E+00
                          0.9999999942417080E+00
                          0.9999999941299226E+00
                          0.9999999940108194E+00
                          0.9999999938923982E+00
                          0.9999999937731098E+00
                          0.9999999936599895E+00
                          0.9999999934028200E+00
                          0.9999999932008005E+00
                          0.9999999932941481E+00
                          0.9999999931691101E+00
                          0.9999999926829783E+00
                          0.9999999929060481E+00
                          0.9999999927800857E+00
                          0.9999999926467230E+00
                          0.9999999925115171E+00
                          0.9999999923738226E+00
                          0.9999999922355221E+00
                          0.9999999920947062E+00
                          0.9999999919519768E+00
                          0.9999999918073241E+00
                          0.9999999916566509E+00
                          0.9999999915005237E+00
                          0.9999999913616350E+00
                          0.9999999912091067E+00
                          0.9999999910545875E+00
                          0.9999999908967959E+00
                          0.9999999907393009E+00
                          0.9999999905702083E+00
                          0.9999999904152838E+00
                          0.9999999861517254E+00
                          0.9999999900839092E+00
                          0.9999999899140576E+00
                          0.9999999723168935E+00
                          0.9999999886879072E+00
                          0.9999999893932253E+00
                          0.9999999065414223E+00
                          0.9999999890260787E+00
                          0.9999999887369501E+00
                          0.9999999886593529E+00
                          0.9999999884734395E+00
                          0.9999999881742365E+00
                          0.9999999518744499E+00
                          0.9999999877686430E+00
                          0.9999999872795536E+00
                          0.9999999873334561E+00
                          0.9999999872885079E+00
                          0.9999999870629080E+00
                          0.9999996917990290E+00
                          0.9999999858067853E+00
                          0.9999999864785303E+00
                          0.9999999862709562E+00
                          0.9999999860558787E+00
                          0.9999999858017234E+00
                          0.9999999855918081E+00
                          0.9999999853384168E+00
                          0.9999999851411326E+00
                          0.9999999849329653E+00
                          0.9999999847072499E+00
                          0.9999999844718396E+00
                          0.9999999842371868E+00
                          0.9999999837152675E+00
                          0.9999999833843606E+00
                          0.9999999804992680E+00
                          0.9999999832623837E+00
                          0.9999999828410059E+00
                          0.9999999827507181E+00
                          0.9999999825041331E+00
                          0.9999999822461478E+00
                          0.9999999778243360E+00
                          0.9999999810826089E+00
                          0.9999999814169628E+00
                          0.9999999807212749E+00
                          0.9999999793005064E+00
                          0.9999999771794926E+00
                          0.9999999803465062E+00
                          0.9999999800712080E+00
                          0.9999999797857583E+00
                          0.9999999794988031E+00
                          0.9999999792075137E+00
                          0.9999999789061141E+00
                          0.9999999786157222E+00
                          0.9999999531016812E+00
                          0.9999999780111737E+00
                          0.9999999777043368E+00
                          0.9999999773939152E+00
                          0.9999999770790066E+00
                          0.9999999616090315E+00
                          0.9999999764411562E+00
                          0.9999999761182278E+00
                          0.9999999757946247E+00
                          0.9999999753681127E+00
                          0.9999999751314040E+00
                          0.9999999747875911E+00
                          0.9999999744455365E+00
                          0.9999999741115939E+00
                          0.9999999737647772E+00
                          0.9999999734143625E+00
                          0.9999999730447906E+00
                          0.9999999726715634E+00
                          0.9999999723399551E+00
                          0.9999999719359041E+00
                          0.9999999716098967E+00
                          0.9999999712378053E+00
                          0.9999999703895022E+00
                          0.9999999704755287E+00
                          0.9999999701012963E+00
                          0.9999999697149690E+00
                          0.9999999693248793E+00
                          0.9999999689309712E+00
                          0.9999999685332700E+00
                          0.9999999681309342E+00
                          0.9999999677162947E+00
                          0.9999999673120902E+00
                          0.9999999669040753E+00
                          0.9999999664808432E+00
                          0.9999999660668301E+00
                          0.9999999656349394E+00
                          0.9999999632247517E+00
                          0.9999999645788979E+00
                          0.9999999620510109E+00
                          0.9999999639021682E+00
                          0.9999999626897335E+00
                          0.9997190602038017E+00
                          0.9999999625475410E+00
                          0.9999999620970936E+00
                          0.9999999615944318E+00
                          0.9999999607921988E+00
                          0.9999999607017095E+00
                          0.9999999602276789E+00
                          0.9999999597490953E+00
                          0.9999999592665662E+00
                          0.9999999587795544E+00
                          0.9999999582881658E+00
                          0.9999999577921487E+00
                          0.9999999572922251E+00
                          0.9999999567875080E+00
                          0.9999999562785529E+00
                          0.9999999557647217E+00
                          0.9999999552469482E+00
                          0.9999999547243503E+00
                          0.9999999541970008E+00
                          0.9999999493323677E+00
                          0.9999999524667355E+00
                          0.9999999525870977E+00
                          0.9999999520423516E+00
                          0.9999999514919943E+00
                          0.9999999509368392E+00
                          0.9999997767872774E+00
                          0.9999999498108845E+00
                          0.9999999492429835E+00
                          0.9999999486687166E+00
                          0.9999999480842057E+00
                          0.9999998886884017E+00
                          0.9999999469165042E+00
                          0.9999999463227904E+00
                          0.9999999457239513E+00
                          0.9999999444881060E+00
                          0.9999999445111887E+00
                          0.9999999438971076E+00
                          0.9999999432783430E+00
                          0.9999999426542455E+00
                          0.9999999420250356E+00
                          0.9999999413906355E+00
                          0.9999999407510486E+00
                          0.9999999397632663E+00
                          0.9999999394561446E+00
                          0.9999999387995875E+00
                          0.9999999381401663E+00
                          0.9999999374741781E+00
                          0.9999999363890554E+00
                          0.9999999360856294E+00
                          0.9999999354439187E+00
                          0.9999999347563405E+00
                          0.9999999340631545E+00
                          0.9999999333624843E+00
                          0.9999999326283732E+00
                          0.9999999319509030E+00
                          0.9999999312356305E+00
                          0.9999999305141219E+00
                          0.9999999297878758E+00
                          0.9999999290559100E+00
                          0.9999999283179680E+00
                          0.9999999275742691E+00
                          0.9999999268247982E+00
                          0.9999999260695255E+00
                          0.9999999253083344E+00
                          0.9999999245414554E+00
                          0.9999999237685966E+00
                          0.9999999229896908E+00
                          0.9999999222050878E+00
                          0.9999999214143750E+00
                          0.9999999206176500E+00
                          0.9999999198148817E+00
                          0.9999999190060107E+00
                          0.9999999181910955E+00
                          0.9999999173700150E+00
                          0.9999999165427682E+00
                          0.9999999157093296E+00
                          0.9999999148696630E+00
                          0.9999999140237377E+00
                          0.9999999131715237E+00
                          0.9999999123129826E+00
                          0.9999999114480908E+00
                          0.9999999105768381E+00
                          0.9999999094436997E+00
                          0.9999999088080946E+00
                          0.9999999079244293E+00
                          0.9999999070268555E+00
                          0.9999999061236212E+00
                          0.9999999052133951E+00
                          0.9999999042963739E+00
                          0.9999999033727800E+00
                          0.9999999024430390E+00
                          0.9999999015062114E+00
                          0.9999999005610506E+00
                          0.9999998996123352E+00
                          0.9999998986393241E+00
                          0.9999998973388144E+00
                          0.9999998965430519E+00
                          0.9999998957426779E+00
                          0.9999998947581475E+00
                          0.9999998937663183E+00
                          0.9999998927492901E+00
                          0.9999998915072665E+00
                          0.9999998898513133E+00
                          0.9999998895397102E+00
                          0.9999998886818142E+00
                          0.9999998857451142E+00
                          0.9999998857647313E+00
                          0.9999998855795467E+00
                          0.9999998845238671E+00
                          0.9999998834609017E+00
                          0.9999998823906113E+00
                          0.9999998813126562E+00
                          0.9999998802279375E+00
                          0.9999998791354793E+00
                          0.9999998780355708E+00
                          0.9999998769281703E+00
                          0.9999998758132448E+00
                          0.9999998746493242E+00
                          0.9999998735606789E+00
                          0.9999998724229819E+00
                          0.9999998712776192E+00
                          0.9999998701245640E+00
                          0.9999998689637772E+00
                          0.9999998677952268E+00
                          0.9999998666188780E+00
                          0.9999998654346963E+00
                          0.9999998642426471E+00
                          0.9999998630393580E+00
                          0.9999998618348034E+00
                          0.9999998606189393E+00
                          0.9999998593949448E+00
                          0.9999998581630311E+00
                          0.9999998569226213E+00
                          0.9999998556750797E+00
                          0.9999998544188314E+00
                          0.9999998531544000E+00
                          0.9999998518817499E+00
                          0.9999998506008455E+00
                          0.9999998493116511E+00
                          0.9999998480141312E+00
                          0.9999998467072739E+00
                          0.9999998453939711E+00
                          0.9999998440712600E+00
                          0.9999998427400788E+00
                          0.9999998414003934E+00
                          0.9999998400521661E+00
                          0.9999998386953614E+00
                          0.9999998373298995E+00
                          0.9999998359547276E+00
                          0.9999998345731181E+00
                          0.9999998331816393E+00
                          0.9999998317814000E+00
                          0.9999998303723626E+00
                          0.9999998289544005E+00
                          0.9999998275277513E+00
                          0.9999998260915810E+00
                          0.9999998246475179E+00
                          0.9999998231939515E+00
                          0.9999998217313618E+00
                          0.9999998202597169E+00
                          0.9999998187789653E+00
                          0.9999998172891114E+00
                          0.9999998157900771E+00
                          0.9999998142818263E+00
                          0.9999998127643207E+00
                          0.9999998112375781E+00
                          0.9999998097014872E+00
                          0.9999998081560697E+00
                          0.9999998066012378E+00
                          0.9999998050369724E+00
                          0.9999998034632336E+00
                          0.9999998018799979E+00
                          0.9999998002872094E+00
                          0.9999997986847724E+00
                          0.9999997970728083E+00
                          0.9999997954511821E+00
                          0.9999997938197835E+00
                          0.9999997921787257E+00
                          0.9999997905278295E+00
                          0.9999997888654207E+00
                          0.9999997871966188E+00
                          0.9999997855161797E+00
                          0.9999997838256914E+00
                          0.9999997821230514E+00
                          0.9999997804151125E+00
                          0.9999997786947082E+00
                          0.9999997769642143E+00
                          0.9999997752235914E+00
                          0.9999997734727999E+00
                          0.9999997717118009E+00
                          0.9999997699405546E+00
                          0.9999997681590209E+00
                          0.9999997663671596E+00
                          0.9999997645649330E+00
                          0.9999997627522991E+00
                          0.9999997609292185E+00
                          0.9999997590956512E+00
                          0.9999997572515571E+00
                          0.9999997553968960E+00
                          0.9999997535316268E+00
                          0.9999997516557114E+00
                          0.9999997497660295E+00
                          0.9999997478717730E+00
                          0.9999997459636721E+00
                          0.9999997440447339E+00
                          0.9999997421146255E+00
                          0.9999997401743429E+00
                          0.9999997382227563E+00
                          0.9999997362601963E+00
                          0.9999997342866218E+00
                          0.9999997323019914E+00
                          0.9999997303062649E+00
                          0.9999997282993794E+00
                          0.9999997262813498E+00
                          0.9999997242519294E+00
                          0.9999997222114613E+00
                          0.9999997201597299E+00
                          0.9999997179657628E+00
                          0.9999997160219889E+00
                          0.9999997139359901E+00
                          0.9999997118385288E+00
                          0.9999997097295510E+00
                          0.9999997076090181E+00
                          0.9999997054768821E+00
                          0.9999997033330439E+00
                          0.9999997011776384E+00
                          0.9999996990104890E+00
                          0.9999996968313214E+00
                          0.9999996946407912E+00
                          0.9999996924380915E+00
                          0.9999996902236827E+00
                          0.9999996879972585E+00
                          0.9999996857588423E+00
                          0.9999996835084037E+00
                          0.9999996812458862E+00
                          0.9999996789433959E+00
                          0.9999996766795364E+00
                          0.9999996743855666E+00
                          0.9999996720743529E+00
                          0.9999996697508627E+00
                          0.9999996674150842E+00
                          0.9999996650669071E+00
                          0.9999996627063245E+00
                          0.9999996603332825E+00
                          0.9999996579477404E+00
                          0.9999996555496553E+00
                          0.9999996531389824E+00
                          0.9999996507155205E+00
                          0.9999996482794696E+00
                          0.9999996458289567E+00
                          0.9999996433695341E+00
                          0.9999996408952651E+00
                          0.9999996384081413E+00
                          0.9999996359081210E+00
                          0.9999996333951592E+00
                          0.9999996308692114E+00
                          0.9999996283302330E+00
                          0.9999996257781706E+00
                          0.9999996232130054E+00
                          0.9999996206346664E+00
                          0.9999996180431174E+00
                          0.9999996154383114E+00
                          0.9999996128202091E+00
                          0.9999996101887596E+00
                          0.9999996075439181E+00
                          0.9999996048856431E+00
                          0.9999996022138855E+00
                          0.9999995995286008E+00
                          0.9999995968297437E+00
                          0.9999995941172684E+00
                          0.9999995913911293E+00
                          0.9999995886507781E+00
                          0.9999995858966462E+00
                          0.9999995831302696E+00
                          0.9999995803490159E+00
                          0.9999995775538676E+00
                          0.9999995747447797E+00
                          0.9999995719215031E+00
                          0.9999995690846016E+00
                          0.9999995662334165E+00
                          0.9999995633680760E+00
                          0.9999995604886155E+00
                          0.9999995575943785E+00
                          0.9999995546869557E+00
                          0.9999995517213190E+00
                          0.9999995488280362E+00
                          0.9999995458769906E+00
                          0.9999995429114963E+00
                          0.9999995399315001E+00
                          0.9999995369369549E+00
                          0.9999995339278159E+00
                          0.9999995309040345E+00
                          0.9999995278655635E+00
                          0.9999995248123557E+00
                          0.9999995217442110E+00
                          0.9999995186615386E+00
                          0.9999995155638342E+00
                          0.9999995124512020E+00
                          0.9999995093235943E+00
                          0.9999995061809631E+00
                          0.9999995030232602E+00
                          0.9999994998504377E+00
                          0.9999994966624448E+00
                          0.9999994934592409E+00
                          0.9999994902389858E+00
                          0.9999994870067700E+00
                          0.9999994837578409E+00
                          0.9999994804932855E+00
                          0.9999994772132689E+00
                          0.9999994739177459E+00
                          0.9999994706066736E+00
                          0.9999994672799913E+00
                          0.9999994639376552E+00
                          0.9999994605796161E+00
                          0.9999994572058248E+00
                          0.9999994538162323E+00
                          0.9999994504107867E+00
                          0.9999994469894464E+00
                          0.9999994435521542E+00
                          0.9999994400988633E+00
                          0.9999994366295240E+00
                          0.9999994331440867E+00
                          0.9999994296425017E+00
                          0.9999994261247193E+00
                          0.9999994225906883E+00
                          0.9999994190403623E+00
                          0.9999994154736878E+00
                          0.9999994118906157E+00
                          0.9999994082910942E+00
                          0.9999994046750786E+00
                          0.9999994010425129E+00
                          0.9999993973933480E+00
                          0.9999993937274481E+00
                          0.9999993900450208E+00
                          0.9999993863457584E+00
                          0.9999993826296939E+00
                          0.9999993788967775E+00
                          0.9999993751469584E+00
                          0.9999993713801856E+00
                          0.9999993675964082E+00
                          0.9999993637955750E+00
                          0.9999993592752803E+00
                          0.9999993561425365E+00
                          0.9999993522902285E+00
                          0.9999993484206599E+00
                          0.9999993445337786E+00
                          0.9999993406295314E+00
                          0.9999993367078721E+00
                          0.9999993327687429E+00
                          0.9999993288120967E+00
                          0.9999993248378785E+00
                          0.9999993208460356E+00
                          0.9999993168347852E+00
                          0.9999993128092775E+00
                          0.9999993066768867E+00
                          0.9999993047014014E+00
                          0.9999993006206589E+00
                          0.9999992965219830E+00
                          0.9999992924053265E+00
                          0.9999992882706229E+00
                          0.9999992841178251E+00
                          0.9999992799468806E+00
                          0.9999992757577368E+00
                          0.9999992715503404E+00
                          0.9999992673246396E+00
                          0.9999992630805521E+00
                          0.9999992588180027E+00
                          0.9999992545371604E+00
                          0.9999992502375904E+00
                          0.9999992459196958E+00
                          0.9999992415830493E+00
                          0.9999992372276333E+00
                          0.9999992328535866E+00
                          0.9999992284608217E+00
                          0.9999992240491410E+00
                          0.9999992196185669E+00
                          0.9999992151687883E+00
                          0.9999992107005252E+00
                          0.9999992062129499E+00
                          0.9999992017062631E+00
                          0.9999991962645195E+00
                          0.9999991926353561E+00
                          0.9999991880710215E+00
                          0.9999991834873027E+00
                          0.9999991788843209E+00
                          0.9999991742618459E+00
                          0.9999991696198819E+00
                          0.9999991649583737E+00
                          0.9999991602772668E+00
                          0.9999991555765063E+00
                          0.9999991508560373E+00
                          0.9999991461158048E+00
                          0.9999991413557535E+00
                          0.9999991365758285E+00
                          0.9999991317759744E+00
                          0.9999991269561361E+00
                          0.9999991221162451E+00
                          0.9999991172562847E+00
                          0.9999991123754550E+00
                          0.9999991074758299E+00
                          0.9999991025552376E+00
                          0.9999990976143269E+00
                          0.9999990926530347E+00
                          0.9999990876713293E+00
                          0.9999990826678500E+00
                          0.9999990776463870E+00
                          0.9999990726030463E+00
                          0.9999990675390538E+00
                          0.9999990624385630E+00
                          0.9999990573441402E+00
                          0.9999990522225880E+00
                          0.9999990470754152E+00
                          0.9999990419073023E+00
                          0.9999990367182019E+00
                          0.9999990315080488E+00
                          0.9999990262767885E+00
                          0.9999990210243653E+00
                          0.9999990157507210E+00
                          0.9999990104557989E+00
                          0.9999990051395418E+00
                          0.9999989998018926E+00
                          0.9999989944427937E+00
                          0.9999989890621880E+00
                          0.9999989836598957E+00
                          0.9999989782362263E+00
                          0.9999989727907549E+00
                          0.9999989673235393E+00
                          0.9999989618345431E+00
                          0.9999989563236867E+00
                          0.9999989507909197E+00
                          0.9999989452361839E+00
                          0.9999989396594214E+00
                          0.9999989340605739E+00
                          0.9999989284395833E+00
                          0.9999989227963906E+00
                          0.9999989171309389E+00
                          0.9999989114431685E+00
                          0.9999989057330212E+00
                          0.9999989000004380E+00
                          0.9999988942453615E+00
                          0.9999988884677316E+00
                          0.9999988826674899E+00
                          0.9999988768445774E+00
                          0.9999988709989346E+00
                          0.9999988651305045E+00
                          0.9999988592392256E+00
                          0.9999988533250397E+00
                          0.9999988473878874E+00
                          0.9999988414277083E+00
                          0.9999988354444455E+00
                          0.9999988294380370E+00
                          0.9999988234084243E+00
                          0.9999988173555473E+00
                          0.9999988112793464E+00
                          0.9999988051797390E+00
                          0.9999987990567327E+00
                          0.9999987929102019E+00
                          0.9999987867398219E+00
                          0.9999987805463803E+00
                          0.9999987743289837E+00
                          0.9999987680878358E+00
                          0.9999987618228833E+00
                          0.9999987555340074E+00
                          0.9999987492213219E+00
                          0.9999987428845921E+00
                          0.9999987365233151E+00
                          0.9999987301389307E+00
                          0.9999987237298774E+00
                          0.9999987172965927E+00
                          0.9999987108390208E+00
                          0.9999987043570316E+00
                          0.9999986978507537E+00
                          0.9999986913199373E+00
                          0.9999986847645951E+00
                          0.9999986781846568E+00
                          0.9999986715800553E+00
                          0.9999986649507342E+00
                          0.9999986582966319E+00
                          0.9999986516176868E+00
                          0.9999986449138369E+00
                          0.9999986381850205E+00
                          0.9999986314311760E+00
                          0.9999986246522405E+00
                          0.9999986178481534E+00
                          0.9999986110188513E+00
                          0.9999986041642727E+00
                          0.9999985972843420E+00
                          0.9999985903790354E+00
                          0.9999985834482522E+00
                          0.9999985764919426E+00
                          0.9999985695100078E+00
                          0.9999985625024936E+00
                          0.9999985554692205E+00
                          0.9999985484101868E+00
                          0.9999985413253046E+00
                          0.9999985342145192E+00
                          0.9999985270777634E+00
                          0.9999985199149867E+00
                          0.9999985127261132E+00
                          0.9999985055110837E+00
                          0.9999984982698351E+00
                          0.9999984910023039E+00
                          0.9999984837084264E+00
                          0.9999984763881391E+00
                          0.9999984690413785E+00
                          0.9999984616680805E+00
                          0.9999984542681816E+00
                          0.9999984468416175E+00
                          0.9999984393883249E+00
                          0.9999984319082391E+00
                          0.9999984244012963E+00
                          0.9999984168674321E+00
                          0.9999984093065823E+00
                          0.9999984017186826E+00
                          0.9999983941036683E+00
                          0.9999983864614673E+00
                          0.9999983787920388E+00
                          0.9999983710952934E+00
                          0.9999983633711764E+00
                          0.9999983556196210E+00
                          0.9999983478405621E+00
                          0.9999983400339356E+00
                          0.9999983321996787E+00
                          0.9999983243377157E+00
                          0.9999983164480035E+00
                          0.9999983085304560E+00
                          0.9999983005850077E+00
                          0.9999982926116147E+00
                          0.9999982846101896E+00
                          0.9999982765806747E+00
                          0.9999982685228387E+00
                          0.9999982604371115E+00
                          0.9999982523229316E+00
                          0.9999982441803983E+00
                          0.9999982360094458E+00
                          0.9999982278100080E+00
                          0.9999982195820186E+00
                          0.9999982113254117E+00
                          0.9999982030401208E+00
                          0.9999981947260795E+00
                          0.9999981863832186E+00
                          0.9999981780114804E+00
                          0.9999981696107894E+00
                          0.9999981611810819E+00
                          0.9999981527222911E+00
                          0.9999981442343503E+00
                          0.9999981357171926E+00
                          0.9999981271707510E+00
                          0.9999981185949582E+00
                          0.9999981099897476E+00
                          0.9999981013550517E+00
                          0.9999980926907897E+00
                          0.9999980839969145E+00
                          0.9999980752733790E+00
                          0.9999980665200684E+00
                          0.9999980577369354E+00
                          0.9999980489239123E+00
                          0.9999980400809314E+00
                          0.9999980312079249E+00
                          0.9999980223048245E+00
                          0.9999980133715631E+00
                          0.9999980044080722E+00
                          0.9999979954142835E+00
                          0.9999979863901289E+00
                          0.9999979773355402E+00
                          0.9999979682504491E+00
                          0.9999979591347871E+00
                          0.9999979499884855E+00
                          0.9999979408114762E+00
                          0.9999979316036901E+00
                          0.9999979223650539E+00
                          0.9999979130955132E+00
                          0.9999979037949845E+00
                          0.9999978944634039E+00
                          0.9999978851007023E+00
                          0.9999978757068104E+00
                          0.9999978662816589E+00
                          0.9999978568251788E+00
                          0.9999978473373015E+00
                          0.9999978378179563E+00
                          0.9999978282670742E+00
                          0.9999978186845855E+00
                          0.9999978090703860E+00
                          0.9999977994245102E+00
                          0.9999977897467839E+00
                          0.9999977800371375E+00
                          0.9999977702956048E+00
                          0.9999977605220119E+00
                          0.9999977507163231E+00
                          0.9999977408784690E+00
                          0.9999977310083786E+00
                          0.9999977211059817E+00
                          0.9999977111712079E+00
                          0.9999977012039868E+00
                          0.9999976912042478E+00
                          0.9999976811719201E+00
                          0.9999976711069331E+00
                          0.9999976610092161E+00
                          0.9999976508786980E+00
                          0.9999976407153079E+00
                          0.9999976305189749E+00
                          0.9999976202896278E+00
                          0.9999976100271953E+00
                          0.9999975997316064E+00
                          0.9999975894027898E+00
                          0.9999975790406738E+00
                          0.9999975686451870E+00
                          0.9999975582162556E+00
                          0.9999975477538144E+00
                          0.9999975372577847E+00
                          0.9999975267280992E+00
                          0.9999975161646820E+00
                          0.9999975055674662E+00
                          0.9999974949363757E+00
                          0.9999974842713397E+00
                          0.9999974735722860E+00
                          0.9999974628391424E+00
                          0.9999974520718365E+00
                          0.9999974412702960E+00
                          0.9999974304344483E+00
                          0.9999974195642209E+00
                          0.9999974086595411E+00
                          0.9999973977203364E+00
                          0.9999973867465334E+00
                          0.9999973757380584E+00
                          0.9999973646948429E+00
                          0.9999973536168089E+00
                          0.9999973425038852E+00
                          0.9999973313559987E+00
                          0.9999973201730756E+00
                          0.9999973089550430E+00
                          0.9999972977018191E+00
                          0.9999972864133549E+00
                          0.9999972750895534E+00
                          0.9999972637303476E+00
                          0.9999972523356644E+00
                          0.9999972409054299E+00
                          0.9999972294395705E+00
                          0.9999972179380120E+00
                          0.9999972064006797E+00
                          0.9999971948275020E+00
                          0.9999971832184020E+00
                          0.9999971715733066E+00
                          0.9999971598921412E+00
                          0.9999971481748109E+00
                          0.9999971364213032E+00
                          0.9999971246314815E+00
                          0.9999971128052918E+00
                          0.9999971009426594E+00
                          0.9999970890435095E+00
                          0.9999970771077674E+00
                          0.9999970651353580E+00
                          0.9999970531262062E+00
                          0.9999970410802371E+00
                          0.9999970289973755E+00
                          0.9999970168775461E+00
                          0.9999970047206734E+00
                          0.9999969925266823E+00
                          0.9999969802954971E+00
                          0.9999969680270424E+00
                          0.9999969557212426E+00
                          0.9999969433780218E+00
                          0.9999969309973042E+00
                          0.9999969185790142E+00
                          0.9999969061230757E+00
                          0.9999968936294127E+00
                          0.9999968810979470E+00
                          0.9999968685286040E+00
                          0.9999968559213153E+00
                          0.9999968432759924E+00
                          0.9999968305924900E+00
                          0.9999968178709534E+00
                          0.9999968051110839E+00
                          0.9999967923128792E+00
                          0.9999967794762616E+00
                          0.9999967666011564E+00
                          0.9999967536874850E+00
                          0.9999967407351709E+00
                          0.9999967277440774E+00
                          0.9999967147143063E+00
                          0.9999967016456019E+00
                          0.9999966885379462E+00
                          0.9999966753912620E+00
                          0.9999966622054720E+00
                          0.9999966489804986E+00
                          0.9999966357162643E+00
                          0.9999966224126915E+00
                          0.9999966090697024E+00
                          0.9999965956872193E+00
                          0.9999965822651644E+00
                          0.9999965688034597E+00
                          0.9999965553020271E+00
                          0.9999965417607888E+00
                          0.9999965281796662E+00
                          0.9999965145585812E+00
                          0.9999965008974563E+00
                          0.9999964871962119E+00
                          0.9999964734547702E+00
                          0.9999964596730495E+00
                          0.9999964458509800E+00
                          0.9999964319884743E+00
                          0.9999964180854565E+00
                          0.9999964041418477E+00
                          0.9999963901575690E+00
                          0.9999963761325416E+00
                          0.9999963620666861E+00
                          0.9999963479599234E+00
                          0.9999963338121725E+00
                          0.9999963196233599E+00
                          0.9999963053934002E+00
                          0.9999962911222160E+00
                          0.9999962768097277E+00
                          0.9999962624558558E+00
                          0.9999962480605203E+00
                          0.9999962336236421E+00
                          0.9999962191451404E+00
                          0.9999962046249363E+00
                          0.9999961900629490E+00
                          0.9999961754590988E+00
                          0.9999961608133051E+00
                          0.9999961461254886E+00
                          0.9999961313955682E+00
                          0.9999961166234637E+00
                          0.9999961018090947E+00
                          0.9999960869523805E+00
                          0.9999960720532407E+00
                          0.9999960571115946E+00
                          0.9999960421273494E+00
                          0.9999960271004600E+00
                          0.9999960120301201E+00
                          0.9999959969183296E+00
                          0.9999959817629386E+00
                          0.9999959665645554E+00
                          0.9999959513230987E+00
                          0.9999959360384871E+00
                          0.9999959207106403E+00
                          0.9999959053394755E+00
                          0.9999958899249115E+00
                          0.9999958744668670E+00
                          0.9999958589652602E+00
                          0.9999958434200010E+00
                          0.9999958278310326E+00
                          0.9999958121982480E+00
                          0.9999957965215734E+00
                          0.9999957808009270E+00
                          0.9999957650362264E+00
                          0.9999957492273897E+00
                          0.9999957333743343E+00
                          0.9999957174769779E+00
                          0.9999957015352382E+00
                          0.9999956855490324E+00
                          0.9999956695182781E+00
                          0.9999956534428917E+00
                          0.9999956373227931E+00
                          0.9999956211578960E+00
                          0.9999956049481205E+00
                          0.9999955886933816E+00
                          0.9999955723935969E+00
                          0.9999955560486833E+00
                          0.9999955396585574E+00
                          0.9999955232231361E+00
                          0.9999955067423351E+00
                          0.9999954902160735E+00
                          0.9999954736442651E+00
                          0.9999954570268275E+00
                          0.9999954403636766E+00
                          0.9999954236547288E+00
                          0.9999954068999004E+00
                          0.9999953900991072E+00
                          0.9999953732522653E+00
                          0.9999953563592914E+00
                          0.9999953394200678E+00
                          0.9999953224346083E+00
                          0.9999953054027307E+00
                          0.9999952883243838E+00
                          0.9999952711994825E+00
                          0.9999952540279406E+00
                          0.9999952368096794E+00
                          0.9999952195446082E+00
                          0.9999952022326445E+00
                          0.9999951848737033E+00
                          0.9999951674676996E+00
                          0.9999951500145484E+00
                          0.9999951325141646E+00
                          0.9999951149664636E+00
                          0.9999950973713596E+00
                          0.9999950797287676E+00
                          0.9999950620386019E+00
                          0.9999950443007773E+00
                          0.9999950265152084E+00
                          0.9999950086818091E+00
                          0.9999949908004947E+00
                          0.9999949728711786E+00
                          0.9999949548937751E+00
                          0.9999949368681985E+00
                          0.9999949187943626E+00
                          0.9999949006721816E+00
                          0.9999948825015680E+00
                          0.9999948642824371E+00
                          0.9999948460147048E+00
                          0.9999948276982814E+00
                          0.9999948093330807E+00
                          0.9999947909190169E+00
                          0.9999947724560032E+00
                          0.9999947539439532E+00
                          0.9999947353827799E+00
                          0.9999947167723966E+00
                          0.9999946981127165E+00
                          0.9999946794036524E+00
                          0.9999946606451174E+00
                          0.9999946418370244E+00
                          0.9999946229792860E+00
                          0.9999946040718151E+00
                          0.9999945851145242E+00
                          0.9999945661073201E+00
                          0.9999945470501330E+00
                          0.9999945279428576E+00
                          0.9999945087854120E+00
                          0.9999944895777084E+00
                          0.9999944703196593E+00
                          0.9999944510111766E+00
                          0.9999944316521722E+00
                          0.9999944122425583E+00
                          0.9999943927822464E+00
                          0.9999943732711490E+00
                          0.9999943537091773E+00
                          0.9999943340962428E+00
                          0.9999943144322456E+00
                          0.9999942947170698E+00
                          0.9999942749507291E+00
                          0.9999942551331100E+00
                          0.9999942352640347E+00
                          0.9999942153434652E+00
                          0.9999941953713125E+00
                          0.9999941753474875E+00
                          0.9999941552719014E+00
                          0.9999941351444649E+00
                          0.9999941149650888E+00
                          0.9999940947336835E+00
                          0.9999940744501609E+00
                          0.9999940541144302E+00
                          0.9999940337264025E+00
                          0.9999940132859880E+00
                          0.9999939927930955E+00
                          0.9999939722476403E+00
                          0.9999939516495274E+00
                          0.9999939309986687E+00
                          0.9999939102949745E+00
                          0.9999938895383543E+00
                          0.9999938687287139E+00
                          0.9999938478659761E+00
                          0.9999938269500376E+00
                          0.9999938059808123E+00
                          0.9999937849582095E+00
                          0.9999937638821396E+00
                          0.9999937427525113E+00
                          0.9999937215692339E+00
                          0.9999937003322171E+00
                          0.9999936790413698E+00
                          0.9999936576965992E+00
                          0.9999936362978195E+00
                          0.9999936148449360E+00
                          0.9999935933378573E+00
                          0.9999935717764927E+00
                          0.9999935501607375E+00
                          0.9999935284905421E+00
                          0.9999935067657730E+00
                          0.9999934849863527E+00
                          0.9999934631521896E+00
                          0.9999934412631921E+00
                          0.9999934193192684E+00
                          0.9999933973203268E+00
                          0.9999933752662756E+00
                          0.9999933531570223E+00
                          0.9999933309924756E+00
                          0.9999933087725427E+00
                          0.9999932864971294E+00
                          0.9999932641661502E+00
                          0.9999932417795064E+00
                          0.9999932193371073E+00
                          0.9999931968388603E+00
                          0.9999931742846734E+00
                          0.9999931516744536E+00
                          0.9999931290081081E+00
                          0.9999931062855442E+00
                          0.9999930835066693E+00
                          0.9999930606713899E+00
                          0.9999930377796135E+00
                          0.9999930148312466E+00
                          0.9999929918261962E+00
                          0.9999929687643689E+00
                          0.9999929456456716E+00
                          0.9999929224700108E+00
                          0.9999928992372887E+00
                          0.9999928759474244E+00
                          0.9999928526003116E+00
                          0.9999928291958609E+00
                          0.9999928057339783E+00
                          0.9999927822145701E+00
                          0.9999927586375423E+00
                          0.9999927350028008E+00
                          0.9999927113102509E+00
                          0.9999926875598006E+00
                          0.9999926637513534E+00
                          0.9999926398848157E+00
                          0.9999926159600926E+00
                          0.9999925919770909E+00
                          0.9999925679357148E+00
                          0.9999925438358701E+00
                          0.9999925196774615E+00
                          0.9999924954603867E+00
                          0.9999924711845769E+00
                          0.9999924468499093E+00
                          0.9999924224562990E+00
                          0.9999923980036510E+00
                          0.9999923734918662E+00
                          0.9999923489208604E+00
                          0.9999923242905268E+00
                          0.9999922996007569E+00
                          0.9999922748515061E+00
                          0.9999922500426282E+00
                          0.9999922251740379E+00
                          0.9999922002456587E+00
                          0.9999921752573758E+00
                          0.9999921502090996E+00
                          0.9999921251007341E+00
                          0.9999920999321833E+00
                          0.9999920747033512E+00
                          0.9999920494141414E+00
                          0.9999920240644579E+00
                          0.9999919986542045E+00
                          0.9999919731832844E+00
                          0.9999919476516013E+00
                          0.9999919220590586E+00
                          0.9999918964055599E+00
                          0.9999918706910080E+00
                          0.9999918449153067E+00
                          0.9999918190783587E+00
                          0.9999917931800673E+00
                          0.9999917672203352E+00
                          0.9999917411990656E+00
                          0.9999917151161614E+00
                          0.9999916889715249E+00
                          0.9999916627650340E+00
                          0.9999916364966667E+00
                          0.9999916101662500E+00
                          0.9999915837737116E+00
                          0.9999915573189536E+00
                          0.9999915308018786E+00
                          0.9999915042222126E+00
                          0.9999914775803861E+00
                          0.9999914508757727E+00
                          0.9999914241084507E+00
                          0.9999913972783216E+00
                          0.9999913703852880E+00
                          0.9999913434292509E+00
                          0.9999913164101123E+00
                          0.9999912893277738E+00
                          0.9999912621821369E+00
                          0.9999912349731027E+00
                          0.9999912077005735E+00
                          0.9999911803644498E+00
                          0.9999911529646330E+00
                          0.9999911255010243E+00
                          0.9999910979735247E+00
                          0.9999910703820353E+00
                          0.9999910427264569E+00
                          0.9999910150066904E+00
                          0.9999909872226366E+00
                          0.9999909593741961E+00
                          0.9999909314612694E+00
                          0.9999909034837574E+00
                          0.9999908754415603E+00
                          0.9999908473345783E+00
                          0.9999908191627119E+00
                          0.9999907909258616E+00
                          0.9999907626239272E+00
                          0.9999907342568086E+00
                          0.9999907058244063E+00
                          0.9999906773266197E+00
                          0.9999906487633490E+00
                          0.9999906201344939E+00
                          0.9999905914399541E+00
                          0.9999905626796290E+00
                          0.9999905338534184E+00
                          0.9999905049612215E+00
                          0.9999904760029380E+00
                          0.9999904469784670E+00
                          0.9999904178877077E+00
                          0.9999903887305592E+00
                          0.9999903595069208E+00
                          0.9999903302166914E+00
                          0.9999903008597698E+00
                          0.9999902714360550E+00
                          0.9999902419454457E+00
                          0.9999902123878405E+00
                          0.9999901827631383E+00
                          0.9999901530712374E+00
                          0.9999901233120363E+00
                          0.9999900934854334E+00
                          0.9999900635913270E+00
                          0.9999900336296154E+00
                          0.9999900036001955E+00
                          0.9999899735029687E+00
                          0.9999899433378298E+00
                          0.9999899131046779E+00
                          0.9999898828034106E+00
                          0.9999898524339259E+00
                          0.9999898219961214E+00
                          0.9999897914898948E+00
                          0.9999897609151434E+00
                          0.9999897302717649E+00
                          0.9999896995596564E+00
                          0.9999896687787159E+00
                          0.9999896379288399E+00
                          0.9999896070099258E+00
                          0.9999895760218708E+00
                          0.9999895449645717E+00
                          0.9999895138379256E+00
                          0.9999894826418293E+00
                          0.9999894513761795E+00
                          0.9999894200408728E+00
                          0.9999893886358063E+00
                          0.9999893571608511E+00
                          0.9999893256159789E+00
                          0.9999892940009476E+00
                          0.9999892623158684E+00
                          0.9999892305604462E+00
                          0.9999891987346452E+00
                          0.9999891668383566E+00
                          0.9999891348714783E+00
                          0.9999891028339057E+00
                          0.9999890707255354E+00
                          0.9999890385462626E+00
                          0.9999890062959832E+00
                          0.9999889739745926E+00
                          0.9999889415819868E+00
                          0.9999889091180606E+00
                          0.9999888765827103E+00
                          0.9999888439758304E+00
                          0.9999888112973166E+00
                          0.9999887785470639E+00
                          0.9999887457249674E+00
                          0.9999887128309222E+00
                          0.9999886798648230E+00
                          0.9999886468265647E+00
                          0.9999886137160428E+00
                          0.9999885805331504E+00
                          0.9999885472777844E+00
                          0.9999885139498375E+00
                          0.9999884805492048E+00
                          0.9999884470757805E+00
                          0.9999884135294593E+00
                          0.9999883799101352E+00
                          0.9999883462177024E+00
                          0.9999883124520549E+00
                          0.9999882786130869E+00
                          0.9999882447006923E+00
                          0.9999882107147648E+00
                          0.9999881766551983E+00
                          0.9999881425218866E+00
                          0.9999881083147233E+00
                          0.9999880740336018E+00
                          0.9999880396784158E+00
                          0.9999880052490584E+00
                          0.9999879707454232E+00
                          0.9999879361674034E+00
                          0.9999879015148921E+00
                          0.9999878667877824E+00
                          0.9999878319859674E+00
                          0.9999877971093400E+00
                          0.9999877621577931E+00
                          0.9999877271312193E+00
                          0.9999876920295114E+00
                          0.9999876568525603E+00
                          0.9999876216002643E+00
                          0.9999875862725101E+00
                          0.9999875508691918E+00
                          0.9999875153902018E+00
                          0.9999874798354326E+00
                          0.9999874442047758E+00
                          0.9999874084981245E+00
                          0.9999873727153699E+00
                          0.9999873368564042E+00
                          0.9999873009211191E+00
                          0.9999872649094067E+00
                          0.9999872288211583E+00
                          0.9999871926562661E+00
                          0.9999871564146213E+00
                          0.9999871200961153E+00
                          0.9999870837006398E+00
                          0.9999870472280861E+00
                          0.9999870106783452E+00
                          0.9999869740513083E+00
                          0.9999869373468669E+00
                          0.9999869005649117E+00
                          0.9999868637053337E+00
                          0.9999868267680238E+00
                          0.9999867897528727E+00
                          0.9999867526597712E+00
                          0.9999867154886101E+00
                          0.9999866782392798E+00
                          0.9999866409116708E+00
                          0.9999866035056728E+00
                          0.9999865660211781E+00
                          0.9999865284580752E+00
                          0.9999864908162548E+00
                          0.9999864530956070E+00
                          0.9999864152960218E+00
                          0.9999863774173893E+00
                          0.9999863394595991E+00
                          0.9999863014225413E+00
                          0.9999862633061055E+00
                          0.9999862251101814E+00
                          0.9999861868346583E+00
                          0.9999861484794262E+00
                          0.9999861100443738E+00
                          0.9999860715293916E+00
                          0.9999860329343677E+00
                          0.9999859942591917E+00
                          0.9999859555037530E+00
                          0.9999859166679402E+00
                          0.9999858777516424E+00
                          0.9999858387547486E+00
                          0.9999857996771475E+00
                          0.9999857605187278E+00
                          0.9999857212793782E+00
                          0.9999856819589874E+00
                          0.9999856425574437E+00
                          0.9999856030746356E+00
                          0.9999855635104514E+00
                          0.9999855238647795E+00
                          0.9999854841375080E+00
                          0.9999854443285250E+00
                          0.9999854044377179E+00
                          0.9999853644649765E+00
                          0.9999853244101868E+00
                          0.9999852842732377E+00
                          0.9999852440540161E+00
                          0.9999852037524106E+00
                          0.9999851633683080E+00
                          0.9999851229015961E+00
                          0.9999850823521624E+00
                          0.9999850417198941E+00
                          0.9999850010046782E+00
                          0.9999849602064029E+00
                          0.9999849193249543E+00
                          0.9999848783602198E+00
                          0.9999848373120861E+00
                          0.9999847961804408E+00
                          0.9999847549651700E+00
                          0.9999847136661608E+00
                          0.9999846722832998E+00
                          0.9999846308164734E+00
                          0.9999845892655683E+00
                          0.9999845476304708E+00
                          0.9999845059110675E+00
                          0.9999844641072443E+00
                          0.9999844222188877E+00
                          0.9999843802458838E+00
                          0.9999843381881185E+00
                          0.9999842960454778E+00
                          0.9999842538178477E+00
                          0.9999842115051140E+00
                          0.9999841691071623E+00
                          0.9999841266238784E+00
                          0.9999840840551478E+00
                          0.9999840414008561E+00
                          0.9999839986608886E+00
                          0.9999839558351309E+00
                          0.9999839129234680E+00
                          0.9999838699257853E+00
                          0.9999838268419677E+00
                          0.9999837836719006E+00
                          0.9999837404154688E+00
                          0.9999836970725570E+00
                          0.9999836536430503E+00
                          0.9999836101268333E+00
                          0.9999835665237907E+00
                          0.9999835228338068E+00
                          0.9999834790567672E+00
                          0.9999834351925535E+00
                          0.9999833912410553E+00
                          0.9999833472021510E+00
                          0.9999833030757297E+00
                          0.9999832588616723E+00
                          0.9999832145598638E+00
                          0.9999831701701883E+00
                          0.9999831256925297E+00
                          0.9999830811267718E+00
                          0.9999830364727983E+00
                          0.9999829917304929E+00
                          0.9999829468997390E+00
                          0.9999829019804208E+00
                          0.9999828569724211E+00
                          0.9999828118756233E+00
                          0.9999827666899108E+00
                          0.9999827214151670E+00
                          0.9999826760512748E+00
                          0.9999826305981172E+00
                          0.9999825850555769E+00
                          0.9999825394235382E+00
                          0.9999824937018822E+00
                          0.9999824478904928E+00
                          0.9999824019892523E+00
                          0.9999823559980431E+00
                          0.9999823099167479E+00
                          0.9999822637452490E+00
                          0.9999822174834290E+00
                          0.9999821711311702E+00
                          0.9999821246883546E+00
                          0.9999820781548643E+00
                          0.9999820315305817E+00
                          0.9999819848153881E+00
                          0.9999819380091669E+00
                          0.9999818911117984E+00
                          0.9999818441231649E+00
                          0.9999817970431480E+00
                          0.9999817498716295E+00
                          0.9999817026084907E+00
                          0.9999816552536133E+00
                          0.9999816078068784E+00
                          0.9999815602681674E+00
                          0.9999815126373616E+00
                          0.9999814649143420E+00
                          0.9999814170989899E+00
                          0.9999813691911861E+00
                          0.9999813211908114E+00
                          0.9999812730977470E+00
                          0.9999812249118729E+00
                          0.9999811766330712E+00
                          0.9999811282612211E+00
                          0.9999810797962039E+00
                          0.9999810312378996E+00
                          0.9999809825861888E+00
                          0.9999809338409520E+00
                          0.9999808850020692E+00
                          0.9999808360694205E+00
                          0.9999807870428860E+00
                          0.9999807379223452E+00
                          0.9999806887076795E+00
                          0.9999806393987668E+00
                          0.9999805899954891E+00
                          0.9999805404977242E+00
                          0.9999804909053523E+00
                          0.9999804412182530E+00
                          0.9999803914363059E+00
                          0.9999803415593899E+00
                          0.9999802915873843E+00
                          0.9999802415201695E+00
                          0.9999801913576238E+00
                          0.9999801410996260E+00
                          0.9999800907460553E+00
                          0.9999800402967901E+00
                          0.9999799897517112E+00
                          0.9999799391106953E+00
                          0.9999798883736217E+00
                          0.9999798375403692E+00
                          0.9999797866108163E+00
                          0.9999797355848414E+00
                          0.9999796844623229E+00
                          0.9999796332431391E+00
                          0.9999795819271683E+00
                          0.9999795305142886E+00
                          0.9999794790043779E+00
                          0.9999794273973145E+00
                          0.9999793756929762E+00
                          0.9999793238912409E+00
                          0.9999792719919862E+00
                          0.9999792199950901E+00
                          0.9999791679004298E+00
                          0.9999791157078831E+00
                          0.9999790634173278E+00
                          0.9999790110286405E+00
                          0.9999789585416993E+00
                          0.9999789059563808E+00
                          0.9999788532725626E+00
                          0.9999788004901216E+00
                          0.9999787476089348E+00
                          0.9999786946288792E+00
                          0.9999786415498315E+00
                          0.9999785883716688E+00
                          0.9999785350942674E+00
                          0.9999784817175041E+00
                          0.9999784282412555E+00
                          0.9999783746653981E+00
                          0.9999783209898081E+00
                          0.9999782672143620E+00
                          0.9999782133389360E+00
                          0.9999781593634062E+00
                          0.9999781052876487E+00
                          0.9999780511115396E+00
                          0.9999779968349547E+00
                          0.9999779424577699E+00
                          0.9999778879798611E+00
                          0.9999778334011039E+00
                          0.9999777787213738E+00
                          0.9999777239405466E+00
                          0.9999776690584977E+00
                          0.9999776140751024E+00
                          0.9999775589902357E+00
                          0.9999775038037739E+00
                          0.9999774485155912E+00
                          0.9999773931255630E+00
                          0.9999773376335642E+00
                          0.9999772820394699E+00
                          0.9999772263431549E+00
                          0.9999771705444940E+00
                          0.9999771146433618E+00
                          0.9999770586396330E+00
                          0.9999770025331822E+00
                          0.9999769463238839E+00
                          0.9999768900116121E+00
                          0.9999768335962421E+00
                          0.9999767770776472E+00
                          0.9999767204557019E+00
                          0.9999766637302803E+00
                          0.9999766069012563E+00
                          0.9999765499685040E+00
                          0.9999764929318973E+00
                          0.9999764357913098E+00
                          0.9999763785466154E+00
                          0.9999763211976875E+00
                          0.9999762637444000E+00
                          0.9999762061866261E+00
                          0.9999761485242392E+00
                          0.9999760907571128E+00
                          0.9999760328851200E+00
                          0.9999759749081342E+00
                          0.9999759168260283E+00
                          0.9999758586386753E+00
                          0.9999758003459484E+00
                          0.9999757419477201E+00
                          0.9999756834438633E+00
                          0.9999756248342510E+00
                          0.9999755661187555E+00
                          0.9999755072972496E+00
                          0.9999754483696056E+00
                          0.9999753893356961E+00
                          0.9999753301953932E+00
                          0.9999752709485693E+00
                          0.9999752115950966E+00
                          0.9999751521348472E+00
                          0.9999750925676930E+00
                          0.9999750328935062E+00
                          0.9999749731121583E+00
                          0.9999749132235215E+00
                          0.9999748532274673E+00
                          0.9999747931238673E+00
                          0.9999747329125932E+00
                          0.9999746725935164E+00
                          0.9999746121665082E+00
                          0.9999745516314403E+00
                          0.9999744909881837E+00
                          0.9999744302366096E+00
                          0.9999743693765892E+00
                          0.9999743084079934E+00
                          0.9999742473306933E+00
                          0.9999741861445596E+00
                          0.9999741248494632E+00
                          0.9999740634452750E+00
                          0.9999740019318653E+00
                          0.9999739403091048E+00
                          0.9999738785768642E+00
                          0.9999738167350136E+00
                          0.9999737547834235E+00
                          0.9999736927219643E+00
                          0.9999736305505060E+00
                          0.9999735682689188E+00
                          0.9999735058770727E+00
                          0.9999734433748375E+00
                          0.9999733807620834E+00
                          0.9999733180386799E+00
                          0.9999732552044971E+00
                          0.9999731922594043E+00
                          0.9999731292032711E+00
                          0.9999730660359673E+00
                          0.9999730027573619E+00
                          0.9999729393673247E+00
                          0.9999728758657246E+00
                          0.9999728122524308E+00
                          0.9999727485273128E+00
                          0.9999726846902393E+00
                          0.9999726207410793E+00
                          0.9999725566797018E+00
                          0.9999724925059754E+00
                          0.9999724282197692E+00
                          0.9999723638209514E+00
                          0.9999722993093910E+00
                          0.9999722346849562E+00
                          0.9999721699475156E+00
                          0.9999721050969375E+00
                          0.9999720401330902E+00
                          0.9999719750558418E+00
                          0.9999719098650605E+00
                          0.9999718445606143E+00
                          0.9999717791423712E+00
                          0.9999717136101991E+00
                          0.9999716479639658E+00
                          0.9999715822035390E+00
                          0.9999715163287864E+00
                          0.9999714503395757E+00
                          0.9999713842357741E+00
                          0.9999713180172494E+00
                          0.9999712516838687E+00
                          0.9999711852354993E+00
                          0.9999711186720086E+00
                          0.9999710519932634E+00
                          0.9999709851991311E+00
                          0.9999709182894784E+00
                          0.9999708512641723E+00
                          0.9999707841230796E+00
                          0.9999707168660671E+00
                          0.9999706494930013E+00
                          0.9999705820037490E+00
                          0.9999705143981766E+00
                          0.9999704466761505E+00
                          0.9999703788375373E+00
                          0.9999703108822029E+00
                          0.9999702428100138E+00
                          0.9999701746208359E+00
                          0.9999701063145355E+00
                          0.9999700378909785E+00
                          0.9999699693500307E+00
                          0.9999699006915580E+00
                          0.9999698319154261E+00
                          0.9999697630215006E+00
                          0.9999696940096473E+00
                          0.9999696248797316E+00
                          0.9999695556316189E+00
                          0.9999694862651747E+00
                          0.9999694167802641E+00
                          0.9999693471767525E+00
                          0.9999692774545048E+00
                          0.9999692076133863E+00
                          0.9999691376532619E+00
                          0.9999690675739964E+00
                          0.9999689973754547E+00
                          0.9999689270575016E+00
                          0.9999688566200017E+00
                          0.9999687860628196E+00
                          0.9999687153858199E+00
                          0.9999686445888670E+00
                          0.9999685736718252E+00
                          0.9999685026345589E+00
                          0.9999684314769323E+00
                          0.9999683601988094E+00
                          0.9999682888000545E+00
                          0.9999682172805313E+00
                          0.9999681456401039E+00
                          0.9999680738786362E+00
                          0.9999680019959918E+00
                          0.9999679299920343E+00
                          0.9999678578666276E+00
                          0.9999677856196350E+00
                          0.9999677132509198E+00
                          0.9999676407603458E+00
                          0.9999675681477760E+00
                          0.9999674954130736E+00
                          0.9999674225561019E+00
                          0.9999673495767240E+00
                          0.9999672764748027E+00
                          0.9999672032502009E+00
                          0.9999671299027816E+00
                          0.9999670564324075E+00
                          0.9999669828389413E+00
                          0.9999669091222455E+00
                          0.9999668352821828E+00
                          0.9999667613186155E+00
                          0.9999666872314060E+00
                          0.9999666130204167E+00
                          0.9999665386855098E+00
                          0.9999664642265473E+00
                          0.9999663896433915E+00
                          0.9999663149359042E+00
                          0.9999662401039474E+00
                          0.9999661651473829E+00
                          0.9999660900660725E+00
                          0.9999660148598779E+00
                          0.9999659395286608E+00
                          0.9999658640722825E+00
                          0.9999657884906046E+00
                          0.9999657127834884E+00
                          0.9999656369507954E+00
                          0.9999655609923866E+00
                          0.9999654849081233E+00
                          0.9999654086978665E+00
                          0.9999653323614773E+00
                          0.9999652558988165E+00
                          0.9999651793097449E+00
                          0.9999651025941235E+00
                          0.9999650257518128E+00
                          0.9999649487826734E+00
                          0.9999648716865660E+00
                          0.9999647944633508E+00
                          0.9999647171128886E+00
                          0.9999646396350392E+00
                          0.9999645620296633E+00
                          0.9999644842966208E+00
                          0.9999644064357718E+00
                          0.9999643284469764E+00
                          0.9999642503300943E+00
                          0.9999641720849856E+00
                          0.9999640937115100E+00
                          0.9999640152095272E+00
                          0.9999639365788967E+00
                          0.9999638578194782E+00
                          0.9999637789311311E+00
                          0.9999636999137147E+00
                          0.9999636207670886E+00
                          0.9999635414911117E+00
                          0.9999634620856434E+00
                          0.9999633825505426E+00
                          0.9999633028856685E+00
                          0.9999632230908798E+00
                          0.9999631431660356E+00
                          0.9999630631109946E+00
                          0.9999629829256154E+00
                          0.9999629026097566E+00
                          0.9999628221632769E+00
                          0.9999627415860348E+00
                          0.9999626608778885E+00
                          0.9999625800386965E+00
                          0.9999624990683169E+00
                          0.9999624179666079E+00
                          0.9999623367334277E+00
                          0.9999622553686341E+00
                          0.9999621738720853E+00
                          0.9999620922436391E+00
                          0.9999620104831530E+00
                          0.9999619285904850E+00
                          0.9999618465654927E+00
                          0.9999617644080335E+00
                          0.9999616821179650E+00
                          0.9999615996951445E+00
                          0.9999615171394295E+00
                          0.9999614344506771E+00
                          0.9999613516287446E+00
                          0.9999612686734889E+00
                          0.9999611855847671E+00
                          0.9999611023624362E+00
                          0.9999610190063529E+00
                          0.9999609355163743E+00
                          0.9999608518923568E+00
                          0.9999607681341572E+00
                          0.9999606842416320E+00
                          0.9999606002146377E+00
                          0.9999605160530307E+00
                          0.9999604317566674E+00
                          0.9999603473254038E+00
                          0.9999602627590963E+00
                          0.9999601780576011E+00
                          0.9999600932207739E+00
                          0.9999600082484709E+00
                          0.9999599231405478E+00
                          0.9999598378968606E+00
                          0.9999597525172648E+00
                          0.9999596670016161E+00
                          0.9999595813497701E+00
                          0.9999594955615824E+00
                          0.9999594096369082E+00
                          0.9999593235756029E+00
                          0.9999592373775218E+00
                          0.9999591510425201E+00
                          0.9999590645704527E+00
                          0.9999589779611749E+00
                          0.9999588912145415E+00
                          0.9999588043304074E+00
                          0.9999587173086275E+00
                          0.9999586301490563E+00
                          0.9999585428515486E+00
                          0.9999584554159590E+00
                          0.9999583678421418E+00
                          0.9999582801299516E+00
                          0.9999581922792427E+00
                          0.9999581042898692E+00
                          0.9999580161616856E+00
                          0.9999579278945456E+00
                          0.9999578394883036E+00
                          0.9999577509428135E+00
                          0.9999576622579289E+00
                          0.9999575734335040E+00
                          0.9999574844693921E+00
                          0.9999573953654473E+00
                          0.9999573061215227E+00
                          0.9999572167374722E+00
                          0.9999571272131489E+00
                          0.9999570375484064E+00
                          0.9999569477430977E+00
                          0.9999568577970763E+00
                          0.9999567677101951E+00
                          0.9999566774823073E+00
                          0.9999565871132656E+00
                          0.9999564966029232E+00
                          0.9999564059511326E+00
                          0.9999563151577467E+00
                          0.9999562242226181E+00
                          0.9999561331455995E+00
                          0.9999560419265432E+00
                          0.9999559505653018E+00
                          0.9999558590617276E+00
                          0.9999557674156727E+00
                          0.9999556756269895E+00
                          0.9999555836955301E+00
                          0.9999554916211465E+00
                          0.9999553994036906E+00
                          0.9999553070430144E+00
                          0.9999552145389695E+00
                          0.9999551218914080E+00
                          0.9999550291001812E+00
                          0.9999549361651410E+00
                          0.9999548430861386E+00
                          0.9999547498630256E+00
                          0.9999546564956533E+00
                          0.9999545629838730E+00
                          0.9999544693275358E+00
                          0.9999543755264930E+00
                          0.9999542815805956E+00
                          0.9999541874896944E+00
                          0.9999540932536406E+00
                          0.9999539988722848E+00
                          0.9999539043454776E+00
                          0.9999538096730700E+00
                          0.9999537148549124E+00
                          0.9999536198908553E+00
                          0.9999535247807492E+00
                          0.9999534295244443E+00
                          0.9999533341217911E+00
                          0.9999532385726397E+00
                          0.9999531428768403E+00
                          0.9999530470342428E+00
                          0.9999529510446973E+00
                          0.9999528549080536E+00
                          0.9999527586241617E+00
                          0.9999526621928712E+00
                          0.9999525656140317E+00
                          0.9999524688874929E+00
                          0.9999523720131044E+00
                          0.9999522749907154E+00
                          0.9999521778201754E+00
                          0.9999520805013338E+00
                          0.9999519830340396E+00
                          0.9999518854181421E+00
                          0.9999517876534902E+00
                          0.9999516897399330E+00
                          0.9999515916773194E+00
                          0.9999514934654982E+00
                          0.9999513951043180E+00
                          0.9999512965936277E+00
                          0.9999511979332758E+00
                          0.9999510991231108E+00
                          0.9999510001629812E+00
                          0.9999509010527353E+00
                          0.9999508017922214E+00
                          0.9999507023812878E+00
                          0.9999506028197827E+00
                          0.9999505031075538E+00
                          0.9999504032444494E+00
                          0.9999503032303174E+00
                          0.9999502030650055E+00
                          0.9999501027483615E+00
                          0.9999500022802331E+00
                          0.9999499016604679E+00
                          0.9999498008889135E+00
                          0.9999496999654172E+00
                          0.9999495988898265E+00
                          0.9999494976619885E+00
                          0.9999493962817506E+00
                          0.9999492947489600E+00
                          0.9999491930634636E+00
                          0.9999490912251084E+00
                          0.9999489892337414E+00
