 Upwards broadband flux at each level [W/m2]
      366.0483
     1289.6477
     1191.2842
     1102.7475
     1022.8030
      950.3737
      884.4812
      824.2615
      768.9598
      717.9237
      670.5941
      626.5209
      585.4442
      532.5615
      469.1759
      415.0118
      373.8990
      342.7965
      318.3839
      299.1973
      282.7654
      268.1831
      255.0976
      242.7262
      230.5517
      217.8663
      203.8659
      187.8984
      170.4762
      152.8980
      137.6273
      125.5000
      116.0725
      108.8555
      103.4066
       99.4542
       96.6443
       94.8025
       93.7562
       93.3182
       93.3771
       93.8338
       94.4802
       94.8798
       94.8274
       94.6591
       94.4932
       94.1077
       93.8801
       93.8672
       93.8605
