  0.2067E+06
  0.1589E+06
  0.1224E+06
  0.9434E+05
  0.7281E+05
  0.5623E+05
  0.4343E+05
  0.3350E+05
  0.2580E+05
  0.1980E+05
  0.1513E+05
  0.1150E+05
  0.8696E+04
  0.5117E+04
  0.2826E+04
  0.1629E+04
  0.1022E+04
  0.6700E+03
  0.4542E+03
  0.3153E+03
  0.2195E+03
  0.1563E+03
  0.1097E+03
  0.7579E+02
  0.4942E+02
  0.2958E+02
  0.1444E+02
  0.5563E+01
  0.1491E+01
  0.3306E+00
  0.7661E-01
  0.1929E-01
  0.5553E-02
  0.1795E-02
  0.7351E-03
  0.3580E-03
  0.2238E-03
  0.1942E-03
  0.2191E-03
  0.3279E-03
  0.6347E-03
  0.1520E-02
  0.2965E-02
  0.3022E-02
  0.2022E-02
  0.1848E-02
  0.8726E-03
  0.9658E-04
  0.1418E-03
  0.6099E-05
