 Longwave heating rate [K/s]
 -0.1093E-05
 -0.2308E-05
 -0.2618E-05
 -0.3450E-05
 -0.4154E-05
 -0.6383E-05
 -0.8064E-05
 -0.1432E-04
 -0.1595E-04
 -0.1947E-04
 -0.1887E-04
 -0.2533E-04
 -0.2303E-04
 -0.2842E-04
 -0.2663E-04
 -0.2857E-04
 -0.3549E-04
 -0.3286E-04
 -0.4111E-04
 -0.3976E-04
 -0.4509E-04
 -0.4592E-04
 -0.4352E-04
 -0.2906E-04
 -0.3323E-04
 -0.2722E-04
 -0.2056E-04
 -0.2493E-04
 -0.2787E-04
 -0.3310E-04
 -0.3015E-04
 -0.3564E-04
 -0.5167E-04
 -0.1529E-03
 -0.2091E-03
 -0.2366E-03
 -0.2430E-03
 -0.2347E-03
 -0.2181E-03
 -0.1993E-03
 -0.1834E-03
 -0.1718E-03
 -0.2229E-03
 -0.2698E-03
 -0.3287E-03
 -0.5935E-03
 -0.1420E-02
 -0.3257E-02
 -0.4904E-02
 -0.4737E-01
