 Spectral ground shortwave flux [W/m2/cm^-1]
  0.0000E+00
  0.0000E+00
  0.0000E+00
  0.0000E+00
  0.0000E+00
  0.0000E+00
  0.0000E+00
  0.0000E+00
  0.0000E+00
  0.0000E+00
  0.0000E+00
  0.0000E+00
  0.0000E+00
  0.0000E+00
  0.0000E+00
  0.0000E+00
  0.0000E+00
  0.0000E+00
  0.0000E+00
  0.0000E+00
  0.0000E+00
  0.0000E+00
  0.0000E+00
  0.0000E+00
  0.0000E+00
  0.0000E+00
  0.0000E+00
  0.0000E+00
  0.0000E+00
  0.0000E+00
  0.0000E+00
  0.0000E+00
  0.0000E+00
  0.1171E-19
  0.1247E-21
  0.6825E-06
  0.3390E-06
  0.5946E-19
  0.0000E+00
  0.0000E+00
  0.3323E-05
  0.1223E-17
  0.0000E+00
  0.0000E+00
  0.1700E-27
  0.9185E-07
  0.0000E+00
  0.0000E+00
  0.1902E-26
  0.0000E+00
  0.0000E+00
  0.0000E+00
  0.0000E+00
  0.0000E+00
  0.0000E+00
  0.0000E+00
  0.0000E+00
  0.0000E+00
  0.0000E+00
  0.0000E+00
  0.0000E+00
  0.0000E+00
  0.0000E+00
  0.0000E+00
  0.0000E+00
  0.0000E+00
  0.0000E+00
  0.0000E+00
  0.0000E+00
  0.0000E+00
  0.0000E+00
  0.0000E+00
  0.0000E+00
  0.0000E+00
  0.0000E+00
  0.0000E+00
  0.0000E+00
  0.0000E+00
  0.0000E+00
  0.0000E+00
  0.0000E+00
  0.0000E+00
  0.0000E+00
  0.0000E+00
  0.0000E+00
  0.0000E+00
  0.0000E+00
  0.3147E-06
  0.7238E-25
  0.0000E+00
  0.0000E+00
  0.0000E+00
  0.0000E+00
  0.0000E+00
  0.0000E+00
  0.0000E+00
  0.0000E+00
  0.1728E-06
  0.4210E-07
  0.6600E-07
  0.9584E-08
  0.8904E-06
  0.4076E-03
  0.1049E-05
  0.7450E-28
  0.0000E+00
  0.9447E-24
  0.0000E+00
  0.2937E-07
  0.2639E-21
  0.5002E-26
  0.0000E+00
  0.0000E+00
  0.1345E-19
  0.1030E-06
  0.2861E-08
  0.8960E-12
  0.1340E-11
  0.1861E-23
  0.0000E+00
  0.0000E+00
  0.0000E+00
  0.0000E+00
  0.0000E+00
  0.0000E+00
  0.0000E+00
  0.0000E+00
  0.0000E+00
  0.0000E+00
  0.0000E+00
  0.0000E+00
  0.0000E+00
  0.0000E+00
  0.0000E+00
  0.0000E+00
  0.0000E+00
  0.0000E+00
  0.0000E+00
  0.0000E+00
  0.0000E+00
  0.0000E+00
  0.0000E+00
  0.0000E+00
  0.0000E+00
  0.0000E+00
  0.0000E+00
  0.0000E+00
  0.0000E+00
  0.0000E+00
  0.0000E+00
  0.0000E+00
  0.0000E+00
  0.0000E+00
  0.0000E+00
  0.0000E+00
  0.0000E+00
  0.0000E+00
  0.0000E+00
  0.0000E+00
  0.0000E+00
  0.0000E+00
  0.0000E+00
  0.0000E+00
  0.0000E+00
  0.0000E+00
  0.0000E+00
  0.0000E+00
  0.3477E-23
  0.0000E+00
  0.1584E-08
  0.9072E-27
  0.2421E-04
  0.2814E-06
  0.1179E-02
  0.1186E-02
  0.2918E-02
  0.3733E-02
  0.1250E-02
  0.3261E-02
  0.3536E-02
  0.1670E-02
  0.1766E-03
  0.7089E-07
  0.1844E-17
  0.7091E-07
  0.1769E-19
  0.5358E-26
  0.3412E-03
  0.1886E-06
  0.1231E-21
  0.0000E+00
  0.0000E+00
  0.0000E+00
  0.0000E+00
  0.0000E+00
  0.0000E+00
  0.0000E+00
  0.0000E+00
  0.0000E+00
  0.0000E+00
  0.0000E+00
  0.0000E+00
  0.0000E+00
  0.0000E+00
  0.0000E+00
  0.0000E+00
  0.0000E+00
  0.0000E+00
  0.0000E+00
  0.0000E+00
  0.0000E+00
  0.0000E+00
  0.0000E+00
  0.0000E+00
  0.0000E+00
  0.0000E+00
  0.0000E+00
  0.0000E+00
  0.0000E+00
  0.0000E+00
  0.0000E+00
  0.0000E+00
  0.0000E+00
  0.0000E+00
  0.0000E+00
  0.0000E+00
  0.2051E-20
  0.0000E+00
  0.6283E-11
  0.2407E-16
  0.5787E-07
  0.4185E-05
  0.1173E-07
  0.8716E-06
  0.1641E-08
  0.2282E-07
  0.2227E-02
  0.2561E-02
  0.1353E-02
  0.1082E-02
  0.4002E-04
  0.3864E-04
  0.1916E-18
  0.7329E-20
  0.1912E-11
  0.5083E-05
  0.2071E-03
  0.4573E-13
  0.0000E+00
  0.0000E+00
  0.0000E+00
  0.2405E-03
  0.5209E-12
  0.0000E+00
  0.0000E+00
  0.2342E-20
  0.1400E-02
  0.3054E-02
  0.1104E-02
  0.1638E-17
  0.1528E-16
  0.5130E-16
  0.3900E-10
  0.2794E-07
  0.5205E-17
  0.0000E+00
  0.0000E+00
  0.0000E+00
  0.0000E+00
  0.0000E+00
  0.0000E+00
  0.0000E+00
  0.0000E+00
  0.0000E+00
  0.0000E+00
  0.0000E+00
  0.0000E+00
  0.0000E+00
  0.0000E+00
  0.0000E+00
  0.0000E+00
  0.0000E+00
  0.0000E+00
  0.0000E+00
  0.0000E+00
  0.0000E+00
  0.0000E+00
  0.0000E+00
  0.0000E+00
  0.0000E+00
  0.0000E+00
  0.0000E+00
  0.0000E+00
  0.0000E+00
  0.0000E+00
  0.0000E+00
  0.0000E+00
  0.0000E+00
  0.0000E+00
  0.0000E+00
  0.0000E+00
  0.0000E+00
  0.0000E+00
  0.0000E+00
  0.0000E+00
  0.0000E+00
  0.5621E-25
  0.1446E-06
  0.2354E-08
  0.1323E-06
  0.4492E-05
  0.1850E-02
  0.1474E-02
  0.5682E-04
  0.2068E-02
  0.2185E-02
  0.1616E-02
  0.1845E-02
  0.2301E-02
  0.2094E-02
  0.2690E-02
  0.2554E-02
  0.1089E-02
  0.6455E-03
  0.1165E-03
  0.7988E-06
  0.2804E-08
  0.0000E+00
  0.0000E+00
  0.6757E-15
  0.0000E+00
  0.0000E+00
  0.0000E+00
  0.7217E-20
  0.2397E-12
  0.0000E+00
  0.7867E-14
  0.9552E-14
  0.0000E+00
  0.2340E-19
  0.4909E-15
  0.0000E+00
  0.2551E-14
  0.2685E-26
  0.0000E+00
  0.0000E+00
  0.0000E+00
  0.0000E+00
  0.0000E+00
  0.0000E+00
  0.0000E+00
  0.0000E+00
  0.0000E+00
  0.0000E+00
  0.0000E+00
  0.0000E+00
  0.0000E+00
  0.0000E+00
  0.0000E+00
  0.0000E+00
  0.0000E+00
  0.1273E-17
  0.0000E+00
  0.1662E-19
  0.1188E-12
  0.2794E-09
  0.4301E-09
  0.2908E-09
  0.0000E+00
  0.9420E-09
  0.4711E-06
  0.1656E-10
  0.4339E-09
  0.7432E-03
  0.1083E-02
  0.2981E-03
  0.6093E-03
  0.1701E-02
  0.1621E-02
  0.9712E-03
  0.5573E-04
  0.1183E-06
  0.1771E-02
  0.1669E-02
  0.7512E-03
  0.1020E-02
  0.1499E-02
  0.1607E-02
  0.1561E-02
  0.4193E-03
  0.1162E-02
  0.1137E-02
  0.8295E-03
  0.8319E-03
  0.5459E-03
  0.1050E-03
  0.1276E-05
  0.7623E-03
  0.7069E-04
  0.1580E-06
  0.4098E-03
  0.4374E-03
  0.4025E-03
  0.6154E-03
  0.2737E-03
  0.2252E-05
  0.8462E-12
  0.4411E-07
  0.5329E-20
  0.6428E-13
  0.0000E+00
  0.0000E+00
  0.0000E+00
  0.1646E-21
  0.0000E+00
  0.0000E+00
  0.0000E+00
  0.0000E+00
  0.0000E+00
  0.0000E+00
  0.0000E+00
  0.0000E+00
  0.0000E+00
  0.0000E+00
  0.0000E+00
  0.0000E+00
  0.0000E+00
  0.0000E+00
  0.0000E+00
  0.0000E+00
  0.0000E+00
  0.3607E-28
  0.0000E+00
  0.1341E-17
  0.1317E-15
  0.2309E-16
  0.8307E-21
  0.1003E-19
  0.3353E-29
  0.0000E+00
  0.0000E+00
  0.0000E+00
  0.0000E+00
  0.0000E+00
  0.0000E+00
  0.0000E+00
  0.1591E-21
  0.2379E-08
  0.5196E-04
  0.4451E-04
  0.6354E-04
  0.3461E-03
  0.6571E-03
  0.3188E-03
  0.2398E-03
  0.6280E-03
  0.6437E-03
  0.6831E-03
  0.5965E-03
  0.4795E-03
  0.1952E-03
  0.5816E-03
  0.6167E-03
  0.6173E-03
  0.5826E-03
  0.4661E-03
  0.3541E-03
  0.3290E-03
  0.3652E-04
  0.1515E-03
  0.9747E-04
  0.1705E-03
  0.3187E-03
  0.1408E-03
  0.1723E-04
  0.2589E-04
  0.2733E-04
  0.2823E-04
  0.2689E-06
  0.1572E-05
  0.2539E-08
  0.1385E-08
  0.6675E-15
  0.0000E+00
  0.0000E+00
  0.7845E-18
  0.0000E+00
  0.4548E-07
  0.0000E+00
  0.1398E-20
  0.6927E-23
  0.2336E-21
  0.1073E-09
  0.6513E-06
  0.5173E-06
  0.6721E-04
  0.1081E-03
  0.2400E-05
  0.3220E-06
  0.2091E-05
  0.7107E-05
  0.4308E-04
  0.1212E-10
  0.7046E-04
  0.5228E-07
  0.9934E-05
  0.9316E-05
  0.4292E-04
  0.5281E-04
  0.2006E-03
  0.1797E-03
  0.1412E-03
  0.2368E-03
  0.2135E-03
  0.2122E-03
  0.2069E-03
  0.1977E-03
  0.2156E-03
  0.1931E-03
  0.1870E-03
  0.1931E-03
  0.1734E-03
  0.2026E-03
  0.1983E-03
  0.1970E-03
  0.1902E-03
  0.1994E-03
  0.1984E-03
  0.2077E-03
  0.1986E-03
  0.1983E-03
  0.1935E-03
  0.1835E-03
  0.1726E-03
  0.1690E-03
  0.1554E-03
  0.1465E-03
  0.1273E-03
  0.1229E-03
  0.3647E-04
  0.4110E-04
  0.2744E-04
  0.3134E-05
  0.1075E-10
  0.1061E-05
  0.4204E-13
  0.9511E-10
  0.2790E-10
  0.2510E-21
  0.7200E-18
  0.1451E-24
  0.0000E+00
  0.0000E+00
  0.4238E-26
  0.1180E-08
  0.0000E+00
  0.0000E+00
  0.3956E-21
  0.1493E-07
  0.9954E-07
  0.7573E-06
  0.1057E-04
  0.3419E-05
  0.1273E-05
  0.3471E-05
  0.2713E-05
  0.1698E-06
  0.1071E-05
  0.2284E-06
  0.7904E-10
  0.2993E-08
  0.4342E-11
  0.1284E-11
  0.3985E-05
  0.1948E-07
  0.3690E-11
  0.5506E-12
  0.7122E-08
  0.1268E-04
  0.1714E-04
  0.1984E-04
  0.2613E-04
  0.1737E-04
  0.2007E-04
  0.2061E-04
  0.2120E-04
  0.1716E-04
  0.1909E-04
  0.1706E-04
  0.1541E-04
  0.1818E-04
  0.1749E-04
  0.1439E-04
  0.1548E-04
  0.1364E-04
  0.1371E-04
  0.1452E-04
  0.1544E-04
  0.1041E-04
  0.1388E-04
  0.1038E-04
  0.9854E-05
  0.1188E-04
  0.6233E-05
  0.8520E-05
  0.7656E-05
  0.5476E-05
  0.2861E-05
  0.5442E-06
  0.3974E-06
  0.1629E-07
  0.7135E-06
  0.2726E-06
  0.2324E-07
  0.2733E-06
  0.5546E-06
  0.1574E-07
  0.1252E-07
  0.2130E-06
  0.1980E-05
  0.2982E-05
  0.3922E-05
  0.2044E-05
  0.3039E-05
  0.3078E-05
  0.2651E-05
  0.2349E-05
  0.2416E-05
  0.2526E-05
  0.2114E-05
  0.2481E-05
  0.2621E-05
  0.3560E-06
  0.2135E-05
  0.2150E-05
  0.9047E-06
  0.1259E-05
  0.1258E-05
  0.1321E-05
  0.1844E-05
  0.1747E-05
  0.1524E-05
  0.2171E-05
  0.2187E-05
  0.2474E-05
  0.2522E-05
  0.2254E-05
  0.2114E-05
  0.2024E-05
  0.2169E-05
  0.2496E-05
  0.2088E-05
  0.2796E-05
  0.2611E-05
  0.2474E-05
  0.2207E-05
  0.1919E-05
  0.2019E-05
  0.1851E-05
  0.1706E-05
  0.1611E-05
  0.1773E-05
  0.1530E-05
  0.1216E-05
  0.1122E-05
  0.1414E-05
  0.9939E-06
  0.1425E-06
  0.5525E-06
  0.1453E-06
  0.1683E-06
  0.8684E-08
  0.1189E-08
  0.3996E-07
  0.9488E-07
  0.1885E-08
  0.5792E-08
  0.1342E-08
  0.1026E-08
  0.4936E-11
  0.1123E-06
  0.5675E-06
  0.6968E-06
  0.8499E-06
  0.1175E-05
  0.1102E-05
  0.1167E-05
  0.9511E-06
  0.9809E-06
  0.9095E-06
  0.7995E-06
  0.6051E-06
  0.5811E-06
  0.4026E-06
  0.2711E-06
  0.3731E-06
  0.1486E-06
  0.4044E-06
  0.2955E-06
  0.1154E-06
  0.3988E-06
  0.1686E-06
  0.1241E-06
  0.1050E-06
  0.3067E-06
  0.3142E-06
  0.2502E-06
  0.3017E-06
  0.2192E-06
  0.2260E-06
  0.2481E-06
  0.2317E-06
  0.2143E-06
  0.2118E-06
  0.1822E-06
  0.2049E-06
  0.1981E-06
  0.2162E-06
  0.1893E-06
  0.1558E-06
  0.2118E-06
  0.2248E-06
  0.1838E-06
  0.1743E-06
  0.1759E-06
  0.1212E-06
  0.1084E-06
  0.1156E-06
  0.1096E-06
  0.1117E-06
  0.8561E-07
  0.4634E-07
  0.5198E-07
  0.4804E-07
  0.7857E-07
  0.6454E-07
  0.5046E-07
  0.2529E-07
  0.5497E-07
  0.2747E-07
  0.6921E-07
  0.6156E-07
  0.6410E-07
  0.7885E-07
  0.6226E-07
  0.6670E-07
  0.7663E-07
  0.6624E-07
  0.5344E-07
  0.5533E-07
  0.3418E-07
  0.5136E-07
  0.5570E-07
  0.5987E-07
  0.4708E-07
  0.4631E-07
  0.4515E-07
  0.4082E-07
  0.2112E-07
  0.1848E-07
  0.3089E-07
  0.1898E-07
  0.1641E-07
  0.2730E-07
  0.2382E-07
  0.2166E-07
  0.1887E-07
  0.1164E-07
  0.1119E-07
  0.1304E-07
  0.8139E-08
  0.7164E-08
  0.6928E-08
  0.3720E-08
  0.1046E-07
  0.1288E-07
  0.6893E-08
  0.9706E-08
  0.8125E-08
  0.6499E-08
  0.5794E-08
  0.6763E-08
  0.3369E-08
  0.6287E-08
  0.4464E-08
  0.3121E-08
  0.3022E-08
  0.1344E-08
  0.1376E-08
  0.1050E-08
  0.1840E-08
  0.1522E-08
  0.2944E-08
  0.6204E-09
  0.1263E-08
  0.2456E-08
  0.1964E-08
  0.1470E-08
  0.1779E-08
  0.1963E-08
  0.2371E-08
  0.2063E-08
  0.1649E-08
  0.1533E-08
  0.1668E-08
  0.1214E-08
  0.1366E-08
  0.2795E-08
  0.2931E-08
  0.2114E-08
  0.2430E-08
  0.2287E-08
  0.1589E-08
  0.2203E-08
  0.1751E-08
  0.1561E-08
  0.1531E-08
  0.1139E-08
  0.9180E-09
  0.8181E-09
  0.6137E-09
  0.6600E-09
  0.6977E-09
  0.5105E-09
  0.4310E-09
  0.5363E-09
  0.4965E-09
  0.4668E-09
  0.3939E-09
  0.3342E-09
  0.3218E-09
  0.1731E-09
  0.2558E-09
  0.2655E-09
  0.2984E-09
  0.2756E-09
  0.2279E-09
  0.2683E-09
  0.1735E-09
  0.1379E-09
  0.2222E-09
  0.2709E-09
  0.2794E-09
  0.1695E-09
  0.2137E-09
  0.1198E-09
  0.1571E-09
  0.1683E-09
  0.1701E-09
  0.1008E-09
  0.1166E-09
  0.9970E-10
  0.9794E-10
  0.9693E-10
  0.6220E-10
  0.7572E-10
  0.5829E-10
  0.7714E-10
  0.9051E-10
  0.6247E-10
  0.3517E-10
  0.4778E-10
  0.3968E-10
  0.3197E-10
  0.4171E-10
  0.4307E-10
  0.4153E-10
  0.4342E-10
  0.2231E-10
  0.2063E-10
  0.2304E-10
  0.2237E-10
  0.2336E-10
  0.1667E-10
  0.2302E-10
  0.2095E-10
  0.1762E-10
  0.1930E-10
  0.1296E-10
  0.8464E-11
  0.1155E-10
  0.9434E-11
  0.9326E-11
  0.5116E-11
  0.7545E-11
  0.9419E-11
  0.8268E-11
  0.8659E-11
  0.8183E-11
  0.5454E-11
  0.4624E-11
  0.4954E-11
  0.3578E-11
  0.3761E-11
  0.1968E-11
  0.3109E-11
  0.1989E-11
  0.9257E-12
  0.1822E-11
  0.2344E-11
  0.1397E-11
  0.8661E-12
  0.1369E-11
  0.2991E-12
  0.1066E-11
  0.7548E-12
  0.1158E-11
  0.5174E-12
  0.9039E-12
  0.9660E-12
  0.5978E-12
  0.4409E-12
  0.3347E-12
  0.5195E-12
  0.4646E-12
  0.6318E-12
  0.7126E-12
  0.4711E-12
  0.3837E-12
  0.4758E-12
  0.2930E-12
  0.2400E-12
  0.3596E-12
  0.2425E-12
  0.1320E-12
  0.1828E-12
  0.1810E-12
  0.1308E-12
  0.6582E-13
  0.8443E-13
  0.6138E-13
  0.6766E-13
  0.3078E-13
  0.5175E-13
  0.4957E-13
  0.1818E-13
  0.3221E-13
  0.5276E-13
  0.4127E-13
  0.1910E-13
  0.1535E-13
  0.3490E-13
  0.3954E-13
  0.1935E-13
  0.1075E-13
  0.6280E-14
  0.3656E-14
  0.1033E-13
  0.8714E-14
  0.1370E-13
  0.2237E-13
  0.5047E-14
  0.8515E-14
  0.1205E-13
  0.7456E-14
  0.1128E-13
  0.9403E-14
  0.4755E-14
  0.5276E-14
  0.3702E-14
  0.4110E-14
  0.6470E-14
  0.5030E-14
  0.2179E-14
  0.4043E-14
  0.2506E-14
  0.1732E-14
  0.1293E-14
  0.2646E-14
  0.3172E-14
  0.1305E-14
  0.1597E-14
  0.1247E-14
  0.1762E-14
  0.9704E-15
  0.1147E-14
  0.8934E-15
  0.1243E-14
  0.1113E-14
  0.7030E-15
  0.3949E-15
  0.4817E-15
  0.3607E-15
  0.3284E-15
  0.2960E-15
  0.2330E-15
  0.2554E-15
  0.2090E-15
  0.1111E-15
  0.1797E-15
  0.1474E-15
  0.3175E-16
  0.8768E-16
  0.1099E-15
  0.1637E-15
  0.1805E-15
  0.1214E-15
  0.9691E-16
  0.6923E-16
  0.5611E-16
  0.5213E-16
  0.6155E-16
  0.2892E-16
  0.2765E-16
  0.1419E-16
  0.1367E-16
  0.5748E-17
  0.2069E-17
  0.3776E-17
  0.3454E-17
  0.4912E-17
  0.8101E-17
  0.4385E-17
  0.3308E-17
  0.2494E-17
  0.1743E-17
  0.4871E-18
  0.7612E-18
  0.1478E-17
  0.1160E-17
  0.1506E-17
  0.2479E-17
  0.2183E-17
  0.7381E-18
  0.1247E-17
  0.4286E-18
  0.6691E-18
  0.8789E-18
  0.3859E-18
  0.4314E-18
  0.3548E-18
  0.2722E-18
  0.5132E-18
  0.4994E-18
  0.2194E-18
  0.1362E-18
  0.7557E-19
  0.1964E-18
  0.2128E-18
  0.2089E-18
  0.1939E-18
  0.9349E-19
  0.9613E-19
  0.7822E-19
  0.6742E-19
  0.2222E-19
  0.2738E-19
  0.4609E-19
  0.7730E-19
  0.1115E-18
  0.5914E-19
  0.8191E-19
  0.2254E-19
  0.4026E-19
  0.4237E-19
  0.1691E-19
  0.5342E-19
  0.3645E-19
  0.2392E-19
  0.2177E-19
  0.1813E-19
  0.7804E-20
  0.8170E-20
  0.4401E-20
  0.8084E-20
  0.4601E-20
  0.1408E-20
  0.1047E-20
  0.1726E-20
  0.1098E-20
  0.6864E-21
  0.1118E-20
  0.1164E-20
  0.1149E-20
  0.3176E-21
  0.4714E-21
  0.1046E-20
  0.1220E-20
  0.4546E-21
  0.3754E-21
  0.1521E-20
  0.1180E-20
  0.5679E-21
  0.1057E-20
  0.2081E-21
  0.4315E-21
  0.1691E-21
  0.2642E-21
  0.2461E-21
  0.1687E-21
  0.3370E-21
  0.2260E-21
  0.2550E-21
  0.1170E-21
  0.1023E-21
  0.6723E-22
  0.4655E-22
  0.5213E-22
  0.8219E-22
  0.3886E-22
  0.3319E-22
  0.2260E-22
  0.5368E-22
  0.2495E-22
  0.1209E-22
  0.1463E-22
  0.1222E-22
  0.8694E-23
  0.4951E-23
  0.3947E-23
  0.7979E-23
  0.5495E-23
  0.1783E-23
  0.2957E-23
  0.1892E-23
  0.1865E-23
  0.8263E-24
  0.8037E-24
  0.1626E-23
  0.1385E-23
  0.1236E-23
  0.8372E-24
  0.1256E-23
  0.1362E-23
  0.5495E-24
  0.1182E-23
  0.8459E-24
  0.3309E-24
  0.7807E-24
  0.1086E-23
  0.2736E-24
  0.3422E-24
  0.3181E-24
  0.1545E-24
  0.5152E-25
  0.1082E-24
  0.1107E-24
  0.4448E-25
  0.6467E-25
  0.9752E-25
  0.8877E-25
  0.5194E-25
  0.2486E-25
  0.1240E-25
  0.2294E-25
  0.8682E-26
  0.2351E-25
  0.1296E-25
  0.2344E-25
  0.1235E-25
  0.2503E-26
  0.6606E-26
  0.6317E-26
  0.2482E-26
  0.2512E-26
  0.2789E-26
  0.2204E-26
  0.2771E-26
  0.1935E-26
  0.1289E-26
  0.6429E-27
  0.3934E-27
  0.3979E-27
  0.6846E-27
  0.5703E-27
  0.8458E-27
  0.7421E-27
  0.5787E-27
  0.3136E-27
  0.4259E-27
  0.2030E-27
  0.5300E-28
  0.2304E-27
  0.1683E-27
  0.9953E-28
  0.1247E-27
  0.7777E-28
  0.1052E-27
  0.3218E-28
  0.3934E-28
  0.6542E-28
  0.3080E-28
  0.3278E-28
  0.2322E-28
  0.1985E-28
  0.9893E-29
  0.7078E-29
  0.8348E-29
  0.1050E-28
  0.3842E-29
  0.4974E-29
  0.3942E-29
  0.6574E-29
  0.2532E-29
  0.3069E-29
  0.3373E-29
  0.1701E-29
  0.2468E-29
  0.1624E-29
  0.0000E+00
  0.0000E+00
  0.0000E+00
  0.0000E+00
  0.0000E+00
  0.0000E+00
  0.0000E+00
  0.0000E+00
  0.0000E+00
  0.0000E+00
  0.0000E+00
  0.0000E+00
  0.0000E+00
  0.0000E+00
  0.0000E+00
  0.0000E+00
  0.0000E+00
  0.0000E+00
  0.0000E+00
  0.0000E+00
  0.0000E+00
  0.0000E+00
  0.0000E+00
  0.0000E+00
  0.0000E+00
  0.0000E+00
  0.0000E+00
  0.0000E+00
  0.0000E+00
  0.0000E+00
  0.0000E+00
  0.0000E+00
  0.0000E+00
  0.0000E+00
  0.0000E+00
  0.0000E+00
  0.0000E+00
  0.0000E+00
  0.0000E+00
  0.0000E+00
  0.0000E+00
  0.0000E+00
  0.0000E+00
  0.0000E+00
  0.0000E+00
  0.0000E+00
  0.0000E+00
  0.0000E+00
  0.0000E+00
  0.0000E+00
  0.0000E+00
  0.0000E+00
  0.0000E+00
  0.0000E+00
  0.0000E+00
  0.0000E+00
  0.0000E+00
  0.0000E+00
  0.0000E+00
  0.0000E+00
  0.0000E+00
  0.0000E+00
  0.0000E+00
  0.0000E+00
  0.0000E+00
  0.0000E+00
  0.0000E+00
  0.0000E+00
  0.0000E+00
  0.0000E+00
  0.0000E+00
  0.0000E+00
  0.0000E+00
  0.0000E+00
  0.0000E+00
  0.0000E+00
  0.0000E+00
  0.0000E+00
  0.0000E+00
  0.0000E+00
  0.0000E+00
  0.0000E+00
  0.0000E+00
  0.0000E+00
  0.0000E+00
  0.0000E+00
  0.0000E+00
  0.0000E+00
  0.0000E+00
  0.0000E+00
  0.0000E+00
  0.0000E+00
  0.0000E+00
  0.0000E+00
  0.0000E+00
  0.0000E+00
  0.0000E+00
  0.0000E+00
  0.0000E+00
  0.0000E+00
  0.0000E+00
  0.0000E+00
  0.0000E+00
  0.0000E+00
  0.0000E+00
  0.0000E+00
  0.0000E+00
  0.0000E+00
  0.0000E+00
  0.0000E+00
  0.0000E+00
  0.0000E+00
  0.0000E+00
  0.0000E+00
  0.0000E+00
  0.0000E+00
  0.0000E+00
  0.0000E+00
  0.0000E+00
  0.0000E+00
  0.0000E+00
  0.0000E+00
  0.0000E+00
  0.0000E+00
  0.0000E+00
  0.0000E+00
  0.0000E+00
  0.0000E+00
  0.0000E+00
  0.0000E+00
  0.0000E+00
  0.0000E+00
  0.0000E+00
  0.0000E+00
  0.0000E+00
  0.0000E+00
  0.0000E+00
  0.0000E+00
  0.0000E+00
  0.0000E+00
  0.0000E+00
  0.0000E+00
  0.0000E+00
  0.0000E+00
  0.0000E+00
  0.0000E+00
  0.0000E+00
  0.0000E+00
  0.0000E+00
  0.0000E+00
  0.0000E+00
  0.0000E+00
  0.0000E+00
  0.0000E+00
  0.0000E+00
  0.0000E+00
  0.0000E+00
  0.0000E+00
  0.0000E+00
  0.0000E+00
  0.0000E+00
  0.0000E+00
  0.0000E+00
  0.0000E+00
  0.0000E+00
  0.0000E+00
  0.0000E+00
  0.0000E+00
  0.0000E+00
  0.0000E+00
  0.0000E+00
  0.0000E+00
  0.0000E+00
  0.0000E+00
  0.0000E+00
  0.0000E+00
  0.0000E+00
  0.0000E+00
  0.0000E+00
  0.0000E+00
  0.0000E+00
  0.0000E+00
  0.0000E+00
  0.0000E+00
  0.0000E+00
  0.0000E+00
  0.0000E+00
  0.0000E+00
  0.0000E+00
  0.0000E+00
  0.0000E+00
  0.0000E+00
  0.0000E+00
  0.0000E+00
  0.0000E+00
  0.0000E+00
  0.0000E+00
  0.0000E+00
  0.0000E+00
  0.0000E+00
  0.0000E+00
  0.0000E+00
  0.0000E+00
  0.0000E+00
  0.0000E+00
  0.0000E+00
  0.0000E+00
  0.0000E+00
  0.0000E+00
  0.0000E+00
  0.0000E+00
  0.0000E+00
  0.0000E+00
  0.0000E+00
  0.0000E+00
  0.0000E+00
  0.0000E+00
  0.0000E+00
  0.0000E+00
  0.0000E+00
  0.0000E+00
  0.0000E+00
  0.0000E+00
  0.0000E+00
  0.0000E+00
  0.0000E+00
  0.0000E+00
  0.0000E+00
  0.0000E+00
  0.0000E+00
  0.0000E+00
  0.0000E+00
  0.0000E+00
  0.0000E+00
  0.0000E+00
  0.0000E+00
  0.0000E+00
  0.0000E+00
  0.0000E+00
  0.0000E+00
  0.0000E+00
  0.0000E+00
  0.0000E+00
  0.0000E+00
  0.0000E+00
  0.0000E+00
  0.0000E+00
  0.0000E+00
  0.0000E+00
  0.0000E+00
  0.0000E+00
  0.0000E+00
  0.0000E+00
  0.0000E+00
  0.0000E+00
  0.0000E+00
  0.0000E+00
  0.0000E+00
  0.0000E+00
  0.0000E+00
  0.0000E+00
  0.0000E+00
  0.0000E+00
  0.0000E+00
  0.0000E+00
  0.0000E+00
  0.0000E+00
  0.0000E+00
  0.0000E+00
  0.0000E+00
  0.0000E+00
  0.0000E+00
  0.0000E+00
  0.0000E+00
  0.0000E+00
  0.0000E+00
  0.0000E+00
  0.0000E+00
  0.0000E+00
  0.0000E+00
  0.0000E+00
  0.0000E+00
  0.0000E+00
  0.0000E+00
  0.0000E+00
  0.0000E+00
  0.0000E+00
  0.0000E+00
  0.0000E+00
  0.0000E+00
  0.0000E+00
  0.0000E+00
  0.0000E+00
  0.0000E+00
  0.0000E+00
  0.0000E+00
  0.0000E+00
  0.0000E+00
  0.0000E+00
  0.0000E+00
  0.0000E+00
  0.0000E+00
  0.0000E+00
  0.0000E+00
  0.0000E+00
  0.0000E+00
  0.0000E+00
  0.0000E+00
  0.0000E+00
  0.0000E+00
  0.0000E+00
  0.0000E+00
  0.0000E+00
  0.0000E+00
  0.0000E+00
  0.0000E+00
  0.0000E+00
  0.0000E+00
  0.0000E+00
  0.0000E+00
  0.0000E+00
  0.0000E+00
  0.0000E+00
  0.0000E+00
  0.0000E+00
  0.0000E+00
  0.0000E+00
  0.0000E+00
  0.0000E+00
  0.0000E+00
  0.0000E+00
  0.0000E+00
  0.0000E+00
  0.0000E+00
  0.0000E+00
  0.0000E+00
  0.0000E+00
  0.0000E+00
  0.0000E+00
  0.0000E+00
  0.0000E+00
  0.0000E+00
  0.0000E+00
  0.0000E+00
  0.0000E+00
  0.0000E+00
  0.0000E+00
  0.0000E+00
  0.0000E+00
  0.0000E+00
  0.0000E+00
  0.0000E+00
  0.0000E+00
  0.0000E+00
  0.0000E+00
  0.0000E+00
  0.0000E+00
  0.0000E+00
  0.0000E+00
  0.0000E+00
  0.0000E+00
  0.0000E+00
  0.0000E+00
  0.0000E+00
  0.0000E+00
  0.0000E+00
  0.0000E+00
  0.0000E+00
  0.0000E+00
  0.0000E+00
  0.0000E+00
  0.0000E+00
  0.0000E+00
  0.0000E+00
  0.0000E+00
  0.0000E+00
  0.0000E+00
  0.0000E+00
  0.0000E+00
  0.0000E+00
  0.0000E+00
  0.0000E+00
  0.0000E+00
  0.0000E+00
  0.0000E+00
  0.0000E+00
  0.0000E+00
  0.0000E+00
  0.0000E+00
  0.0000E+00
  0.0000E+00
  0.0000E+00
  0.0000E+00
  0.0000E+00
  0.0000E+00
  0.0000E+00
  0.0000E+00
  0.0000E+00
  0.0000E+00
  0.0000E+00
  0.0000E+00
  0.0000E+00
  0.0000E+00
  0.0000E+00
  0.0000E+00
  0.0000E+00
  0.0000E+00
  0.0000E+00
  0.0000E+00
  0.0000E+00
  0.0000E+00
  0.0000E+00
  0.0000E+00
  0.0000E+00
  0.0000E+00
  0.0000E+00
  0.0000E+00
  0.0000E+00
  0.0000E+00
  0.0000E+00
  0.0000E+00
  0.0000E+00
  0.0000E+00
  0.0000E+00
  0.0000E+00
  0.0000E+00
  0.0000E+00
  0.0000E+00
  0.0000E+00
  0.0000E+00
  0.0000E+00
  0.0000E+00
  0.0000E+00
  0.0000E+00
  0.0000E+00
  0.0000E+00
  0.0000E+00
  0.0000E+00
  0.0000E+00
  0.0000E+00
  0.0000E+00
  0.0000E+00
  0.0000E+00
  0.0000E+00
  0.0000E+00
  0.0000E+00
  0.0000E+00
  0.0000E+00
  0.0000E+00
  0.0000E+00
  0.0000E+00
  0.0000E+00
  0.0000E+00
  0.0000E+00
  0.0000E+00
  0.0000E+00
  0.0000E+00
  0.0000E+00
  0.0000E+00
  0.0000E+00
  0.0000E+00
  0.0000E+00
  0.0000E+00
  0.0000E+00
  0.0000E+00
  0.0000E+00
  0.0000E+00
  0.0000E+00
  0.0000E+00
  0.0000E+00
  0.0000E+00
  0.0000E+00
  0.0000E+00
  0.0000E+00
  0.0000E+00
  0.0000E+00
  0.0000E+00
  0.0000E+00
  0.0000E+00
  0.0000E+00
  0.0000E+00
  0.0000E+00
  0.0000E+00
  0.0000E+00
  0.0000E+00
  0.0000E+00
  0.0000E+00
  0.0000E+00
  0.0000E+00
  0.0000E+00
  0.0000E+00
  0.0000E+00
  0.0000E+00
  0.0000E+00
  0.0000E+00
  0.0000E+00
  0.0000E+00
  0.0000E+00
  0.0000E+00
  0.0000E+00
  0.0000E+00
  0.0000E+00
  0.0000E+00
  0.0000E+00
  0.0000E+00
  0.0000E+00
  0.0000E+00
  0.0000E+00
  0.0000E+00
  0.0000E+00
  0.0000E+00
  0.0000E+00
  0.0000E+00
  0.0000E+00
  0.0000E+00
  0.0000E+00
  0.0000E+00
  0.0000E+00
  0.0000E+00
  0.0000E+00
  0.0000E+00
  0.0000E+00
  0.0000E+00
  0.0000E+00
  0.0000E+00
  0.0000E+00
  0.0000E+00
  0.0000E+00
  0.0000E+00
  0.0000E+00
  0.0000E+00
  0.0000E+00
  0.0000E+00
  0.0000E+00
  0.0000E+00
  0.0000E+00
  0.0000E+00
  0.0000E+00
  0.0000E+00
  0.0000E+00
  0.0000E+00
  0.0000E+00
  0.0000E+00
  0.0000E+00
  0.0000E+00
  0.0000E+00
  0.0000E+00
  0.0000E+00
  0.0000E+00
  0.0000E+00
  0.0000E+00
  0.0000E+00
  0.0000E+00
  0.0000E+00
  0.0000E+00
  0.0000E+00
  0.0000E+00
  0.0000E+00
  0.0000E+00
  0.0000E+00
  0.0000E+00
  0.0000E+00
  0.0000E+00
  0.0000E+00
  0.0000E+00
  0.0000E+00
  0.0000E+00
  0.0000E+00
  0.0000E+00
  0.0000E+00
  0.0000E+00
  0.0000E+00
  0.0000E+00
  0.0000E+00
  0.0000E+00
  0.0000E+00
  0.0000E+00
  0.0000E+00
  0.0000E+00
  0.0000E+00
  0.0000E+00
  0.0000E+00
  0.0000E+00
  0.0000E+00
  0.0000E+00
  0.0000E+00
  0.0000E+00
  0.0000E+00
  0.0000E+00
  0.0000E+00
  0.0000E+00
  0.0000E+00
  0.0000E+00
  0.0000E+00
  0.0000E+00
  0.0000E+00
  0.0000E+00
  0.0000E+00
  0.0000E+00
  0.0000E+00
  0.0000E+00
  0.0000E+00
  0.0000E+00
  0.0000E+00
  0.0000E+00
  0.0000E+00
  0.0000E+00
  0.0000E+00
  0.0000E+00
  0.0000E+00
  0.0000E+00
  0.0000E+00
  0.0000E+00
  0.0000E+00
  0.0000E+00
  0.0000E+00
  0.0000E+00
  0.0000E+00
  0.0000E+00
  0.0000E+00
  0.0000E+00
  0.0000E+00
  0.0000E+00
  0.0000E+00
  0.0000E+00
  0.0000E+00
  0.0000E+00
  0.0000E+00
  0.0000E+00
  0.0000E+00
  0.0000E+00
  0.0000E+00
  0.0000E+00
  0.0000E+00
  0.0000E+00
  0.0000E+00
  0.0000E+00
  0.0000E+00
  0.0000E+00
  0.0000E+00
  0.0000E+00
  0.0000E+00
  0.0000E+00
  0.0000E+00
  0.0000E+00
  0.0000E+00
  0.0000E+00
  0.0000E+00
  0.0000E+00
  0.0000E+00
  0.0000E+00
  0.0000E+00
  0.0000E+00
  0.0000E+00
  0.0000E+00
  0.0000E+00
  0.0000E+00
  0.0000E+00
  0.0000E+00
  0.0000E+00
  0.0000E+00
  0.0000E+00
  0.0000E+00
  0.0000E+00
  0.0000E+00
  0.0000E+00
  0.0000E+00
  0.0000E+00
  0.0000E+00
  0.0000E+00
  0.0000E+00
  0.0000E+00
  0.0000E+00
  0.0000E+00
  0.0000E+00
  0.0000E+00
  0.0000E+00
  0.0000E+00
  0.0000E+00
  0.0000E+00
  0.0000E+00
  0.0000E+00
  0.0000E+00
  0.0000E+00
  0.0000E+00
  0.0000E+00
  0.0000E+00
  0.0000E+00
  0.0000E+00
  0.0000E+00
  0.0000E+00
  0.0000E+00
  0.0000E+00
  0.0000E+00
  0.0000E+00
  0.0000E+00
  0.0000E+00
  0.0000E+00
  0.0000E+00
  0.0000E+00
  0.0000E+00
  0.0000E+00
  0.0000E+00
  0.0000E+00
  0.0000E+00
  0.0000E+00
  0.0000E+00
  0.0000E+00
  0.0000E+00
  0.0000E+00
  0.0000E+00
  0.0000E+00
  0.0000E+00
  0.0000E+00
  0.0000E+00
  0.0000E+00
  0.0000E+00
  0.0000E+00
  0.0000E+00
  0.0000E+00
  0.0000E+00
  0.0000E+00
  0.0000E+00
  0.0000E+00
  0.0000E+00
  0.0000E+00
  0.0000E+00
  0.0000E+00
  0.0000E+00
  0.0000E+00
  0.0000E+00
  0.0000E+00
  0.0000E+00
  0.0000E+00
  0.0000E+00
  0.0000E+00
  0.0000E+00
  0.0000E+00
  0.0000E+00
  0.0000E+00
  0.0000E+00
  0.0000E+00
  0.0000E+00
  0.0000E+00
  0.0000E+00
  0.0000E+00
  0.0000E+00
  0.0000E+00
  0.0000E+00
  0.0000E+00
  0.0000E+00
  0.0000E+00
  0.0000E+00
  0.0000E+00
  0.0000E+00
  0.0000E+00
  0.0000E+00
  0.0000E+00
  0.0000E+00
  0.0000E+00
  0.0000E+00
  0.0000E+00
  0.0000E+00
  0.0000E+00
  0.0000E+00
  0.0000E+00
  0.0000E+00
  0.0000E+00
  0.0000E+00
  0.0000E+00
  0.0000E+00
  0.0000E+00
  0.0000E+00
  0.0000E+00
  0.0000E+00
  0.0000E+00
  0.0000E+00
  0.0000E+00
  0.0000E+00
  0.0000E+00
  0.0000E+00
  0.0000E+00
  0.0000E+00
  0.0000E+00
  0.0000E+00
  0.0000E+00
  0.0000E+00
  0.0000E+00
  0.0000E+00
  0.0000E+00
  0.0000E+00
  0.0000E+00
  0.0000E+00
  0.0000E+00
  0.0000E+00
  0.0000E+00
  0.0000E+00
  0.0000E+00
  0.0000E+00
  0.0000E+00
  0.0000E+00
