 Outgoing longwave flux vs. time [W/m2]
  0.3004E+02
  0.3136E+02
  0.3200E+02
  0.3210E+02
  0.3226E+02
  0.3258E+02
  0.3270E+02
  0.3294E+02
  0.3306E+02
  0.3326E+02
  0.3338E+02
  0.3356E+02
  0.3367E+02
  0.3375E+02
  0.3387E+02
  0.3400E+02
  0.3418E+02
  0.3435E+02
  0.3444E+02
  0.3455E+02
  0.3465E+02
  0.3479E+02
  0.3489E+02
  0.3501E+02
  0.3513E+02
  0.3525E+02
  0.3536E+02
  0.3543E+02
  0.3550E+02
  0.3557E+02
  0.3568E+02
  0.3577E+02
  0.3585E+02
  0.3593E+02
  0.3602E+02
  0.3611E+02
  0.3619E+02
  0.3626E+02
  0.3632E+02
  0.3643E+02
  0.3649E+02
  0.3656E+02
  0.3664E+02
  0.3672E+02
  0.3678E+02
  0.3686E+02
  0.3693E+02
  0.3701E+02
  0.3709E+02
  0.3712E+02
  0.3718E+02
  0.3725E+02
  0.3727E+02
  0.3733E+02
  0.3736E+02
  0.3742E+02
  0.3746E+02
  0.3751E+02
  0.3756E+02
  0.3760E+02
  0.3765E+02
  0.3770E+02
  0.3776E+02
  0.3781E+02
  0.3785E+02
  0.3791E+02
  0.3794E+02
  0.3799E+02
  0.3803E+02
  0.3806E+02
  0.3811E+02
  0.3817E+02
  0.3820E+02
  0.3826E+02
  0.3830E+02
  0.3835E+02
  0.3840E+02
  0.3842E+02
  0.3846E+02
  0.3851E+02
  0.3854E+02
  0.3858E+02
  0.3863E+02
  0.3867E+02
  0.3870E+02
  0.3874E+02
  0.3878E+02
  0.3881E+02
  0.3885E+02
  0.3891E+02
  0.3894E+02
  0.3898E+02
  0.3901E+02
  0.3904E+02
  0.3907E+02
  0.3910E+02
  0.3912E+02
  0.3916E+02
  0.3918E+02
  0.3922E+02
  0.3925E+02
  0.3928E+02
  0.3931E+02
  0.3934E+02
  0.3936E+02
  0.3940E+02
  0.3942E+02
  0.3946E+02
  0.3949E+02
  0.3954E+02
  0.3957E+02
  0.3960E+02
  0.3963E+02
  0.3965E+02
  0.3969E+02
  0.3972E+02
  0.3974E+02
  0.3979E+02
  0.3981E+02
  0.3985E+02
  0.3988E+02
  0.3992E+02
  0.3996E+02
  0.3999E+02
  0.4002E+02
  0.4005E+02
  0.4007E+02
  0.4011E+02
  0.4014E+02
  0.4019E+02
  0.4022E+02
  0.4024E+02
  0.4029E+02
  0.4031E+02
  0.4034E+02
  0.4038E+02
  0.4040E+02
  0.4043E+02
  0.4047E+02
  0.4049E+02
  0.4052E+02
  0.4055E+02
  0.4057E+02
  0.4061E+02
  0.4064E+02
  0.4068E+02
  0.4071E+02
  0.4075E+02
  0.4078E+02
  0.4082E+02
  0.4084E+02
  0.4088E+02
  0.4090E+02
  0.4095E+02
  0.4099E+02
  0.4102E+02
  0.4105E+02
  0.4108E+02
  0.4113E+02
  0.4118E+02
  0.4121E+02
  0.4126E+02
  0.4131E+02
  0.4134E+02
  0.4137E+02
  0.4141E+02
  0.4143E+02
  0.4147E+02
  0.4151E+02
  0.4156E+02
  0.4159E+02
  0.4164E+02
  0.4167E+02
  0.4171E+02
  0.4173E+02
  0.4176E+02
  0.4179E+02
  0.4183E+02
  0.4185E+02
  0.4188E+02
  0.4190E+02
  0.4194E+02
  0.4196E+02
  0.4198E+02
  0.4201E+02
  0.4205E+02
  0.4209E+02
  0.4212E+02
  0.4216E+02
  0.4220E+02
  0.4222E+02
  0.4227E+02
  0.4230E+02
  0.4234E+02
  0.4240E+02
  0.4244E+02
  0.4246E+02
  0.4250E+02
  0.4252E+02
  0.4256E+02
  0.4260E+02
  0.4264E+02
  0.4267E+02
  0.4271E+02
  0.4273E+02
  0.4277E+02
  0.4281E+02
  0.4283E+02
  0.4287E+02
  0.4290E+02
  0.4293E+02
  0.4297E+02
  0.4301E+02
  0.4306E+02
  0.4309E+02
  0.4313E+02
  0.4317E+02
  0.4320E+02
  0.4323E+02
  0.4326E+02
  0.4330E+02
  0.4334E+02
  0.4337E+02
  0.4341E+02
  0.4345E+02
  0.4348E+02
  0.4348E+02
  0.4352E+02
  0.4353E+02
  0.4356E+02
  0.4360E+02
  0.4361E+02
  0.4364E+02
  0.4367E+02
  0.4367E+02
  0.4371E+02
  0.4372E+02
  0.4374E+02
  0.4375E+02
  0.4378E+02
  0.4380E+02
  0.4382E+02
  0.4383E+02
  0.4385E+02
  0.4386E+02
  0.4388E+02
  0.4390E+02
  0.4393E+02
  0.4394E+02
  0.4395E+02
  0.4397E+02
  0.4400E+02
  0.4401E+02
  0.4404E+02
  0.4404E+02
  0.4408E+02
  0.4408E+02
  0.4412E+02
  0.4412E+02
  0.4415E+02
  0.4415E+02
  0.4418E+02
  0.4422E+02
  0.4422E+02
  0.4425E+02
  0.4426E+02
  0.4428E+02
  0.4430E+02
  0.4433E+02
  0.4435E+02
  0.4437E+02
  0.4439E+02
  0.4441E+02
  0.4445E+02
  0.4446E+02
  0.4448E+02
  0.4451E+02
  0.4452E+02
  0.4453E+02
  0.4455E+02
  0.4455E+02
  0.4458E+02
  0.4459E+02
  0.4461E+02
  0.4463E+02
  0.4465E+02
  0.4466E+02
  0.4468E+02
  0.4469E+02
  0.4470E+02
  0.4471E+02
  0.4474E+02
  0.4475E+02
  0.4476E+02
  0.4478E+02
  0.4479E+02
  0.4480E+02
  0.4481E+02
  0.4482E+02
  0.4483E+02
  0.4484E+02
  0.4486E+02
  0.4485E+02
  0.4486E+02
  0.4486E+02
  0.4487E+02
  0.4487E+02
  0.4489E+02
  0.4489E+02
  0.4490E+02
  0.4492E+02
  0.4493E+02
  0.4495E+02
  0.4494E+02
  0.4497E+02
  0.4497E+02
  0.4499E+02
  0.4500E+02
  0.4502E+02
  0.4502E+02
  0.4504E+02
  0.4505E+02
  0.4506E+02
  0.4509E+02
  0.4512E+02
  0.4514E+02
  0.4515E+02
  0.4516E+02
  0.4517E+02
  0.4519E+02
  0.4520E+02
  0.4522E+02
  0.4524E+02
  0.4526E+02
  0.4526E+02
  0.4529E+02
  0.4529E+02
  0.4531E+02
  0.4532E+02
  0.4533E+02
  0.4535E+02
  0.4537E+02
  0.4538E+02
  0.4538E+02
  0.4540E+02
  0.4540E+02
  0.4542E+02
  0.4541E+02
  0.4543E+02
  0.4543E+02
  0.4544E+02
  0.4544E+02
  0.4546E+02
  0.4545E+02
  0.4546E+02
  0.4546E+02
  0.4548E+02
  0.4548E+02
  0.4550E+02
  0.4551E+02
  0.4551E+02
  0.4552E+02
  0.4552E+02
  0.4553E+02
  0.4554E+02
  0.4555E+02
  0.4556E+02
  0.4556E+02
  0.4557E+02
  0.4558E+02
  0.4560E+02
  0.4561E+02
  0.4561E+02
  0.4563E+02
  0.4563E+02
  0.4563E+02
  0.4563E+02
  0.4563E+02
  0.4563E+02
  0.4563E+02
  0.4563E+02
  0.4564E+02
  0.4564E+02
  0.4565E+02
  0.4566E+02
  0.4567E+02
  0.4568E+02
  0.4570E+02
  0.4571E+02
  0.4572E+02
  0.4573E+02
  0.4574E+02
  0.4575E+02
  0.4575E+02
  0.4577E+02
  0.4578E+02
  0.4579E+02
  0.4580E+02
  0.4580E+02
  0.4580E+02
  0.4580E+02
  0.4581E+02
  0.4581E+02
  0.4581E+02
  0.4582E+02
  0.4583E+02
  0.4584E+02
  0.4584E+02
  0.4586E+02
  0.4587E+02
  0.4588E+02
  0.4589E+02
  0.4590E+02
  0.4590E+02
  0.4590E+02
  0.4591E+02
  0.4590E+02
  0.4592E+02
  0.4591E+02
  0.4593E+02
  0.4592E+02
  0.4593E+02
  0.4593E+02
  0.4593E+02
  0.4593E+02
  0.4594E+02
  0.4593E+02
  0.4594E+02
  0.4593E+02
  0.4594E+02
  0.4593E+02
  0.4594E+02
  0.4594E+02
  0.4594E+02
  0.4594E+02
  0.4595E+02
  0.4597E+02
  0.4598E+02
  0.4599E+02
  0.4600E+02
  0.4601E+02
  0.4602E+02
  0.4604E+02
  0.4607E+02
  0.4608E+02
  0.4610E+02
  0.4612E+02
  0.4612E+02
  0.4614E+02
  0.4615E+02
  0.4616E+02
  0.4617E+02
  0.4619E+02
  0.4621E+02
  0.4622E+02
  0.4624E+02
  0.4625E+02
  0.4627E+02
  0.4628E+02
  0.4628E+02
  0.4630E+02
  0.4630E+02
  0.4632E+02
  0.4631E+02
  0.4633E+02
  0.4633E+02
  0.4634E+02
  0.4634E+02
  0.4636E+02
  0.4636E+02
  0.4636E+02
  0.4637E+02
  0.4636E+02
  0.4638E+02
  0.4639E+02
  0.4639E+02
  0.4640E+02
  0.4642E+02
  0.4642E+02
  0.4642E+02
  0.4642E+02
  0.4643E+02
  0.4643E+02
  0.4643E+02
  0.4643E+02
  0.4643E+02
  0.4643E+02
  0.4643E+02
  0.4643E+02
  0.4643E+02
  0.4643E+02
  0.4643E+02
  0.4643E+02
  0.4643E+02
  0.4643E+02
  0.4643E+02
  0.4643E+02
  0.4643E+02
  0.4643E+02
  0.4643E+02
