 Absorbed shortwave flux vs. time [W/m2]
    318.4259
    320.6055
    319.4900
    317.7950
    316.2958
    314.9804
    313.8431
    312.8647
    312.0219
    311.2934
    310.6613
    310.1112
    309.6309
    309.2105
    308.8413
    308.5166
    308.2301
    307.9772
    307.7536
    307.5557
    307.3795
    307.2235
    307.0902
    306.9769
    306.8808
    306.7994
    306.7306
    306.6733
    306.6254
    306.5872
    306.5577
    306.5354
    306.5182
    306.5073
    306.5011
    306.4994
    306.5013
    306.5055
    306.5113
    306.5191
    306.5306
    306.5436
    306.5577
    306.5728
    306.5896
    306.6070
    306.6261
    306.6460
    306.6669
    306.6890
    306.7110
    306.7314
    306.7539
    306.7761
    306.7980
    306.8201
    306.8426
    306.8648
    306.8881
    306.9116
    306.9348
    306.9587
    306.9823
    307.0049
    307.0268
    307.0494
    307.0713
    307.0923
    307.1142
    307.1341
    307.1549
    307.1759
    307.1960
    307.2157
    307.2355
    307.2547
    307.2737
    307.2929
    307.3121
    307.3312
    307.3497
    307.3679
    307.3850
    307.4026
    307.4192
    307.4364
    307.4535
    307.4706
    307.4875
    307.5046
    307.5218
    307.5391
    307.5557
    307.5723
    307.5882
    307.6036
    307.6195
    307.6348
    307.6502
    307.6652
    307.6801
    307.6950
    307.7096
    307.7237
    307.7382
    307.7529
    307.7678
    307.7830
    307.7982
    307.8130
    307.8275
    307.8417
    307.8559
    307.8700
    307.8845
    307.8988
    307.9136
    307.9281
    307.9428
    307.9575
    307.9721
    307.9865
    308.0006
    308.0152
    308.0293
    308.0436
    308.0582
    308.0728
    308.0874
    308.1022
    308.1162
    308.1300
    308.1430
    308.1563
    308.1695
    308.1831
    308.1965
    308.2092
    308.2220
    308.2354
    308.2489
    308.2620
    308.2755
    308.2887
    308.3023
    308.3154
    308.3289
    308.3421
    308.3555
    308.3687
    308.3819
    308.3947
    308.4073
    308.4203
    308.4333
    308.4465
    308.4596
    308.4729
    308.4859
    308.4998
    308.5135
    308.5274
    308.5414
    308.5550
    308.5689
    308.5828
    308.5955
    308.6088
    308.6223
    308.6354
    308.6481
    308.6614
    308.6748
    308.6883
    308.7017
    308.7154
    308.7288
    308.7422
    308.7551
    308.7676
    308.7805
    308.7927
    308.8050
    308.8176
    308.8300
    308.8422
    308.8543
    308.8657
    308.8776
    308.8892
    308.9008
    308.9123
    308.9242
    308.9360
    308.9476
    308.9596
    308.9717
    308.9841
    308.9966
    309.0084
    309.0207
    309.0326
    309.0445
    309.0565
    309.0684
    309.0801
    309.0920
    309.1038
    309.1157
    309.1281
    309.1406
    309.1536
    309.1665
    309.1792
    309.1919
    309.2042
    309.2167
    309.2294
    309.2414
    309.2530
    309.2647
    309.2758
    309.2873
    309.2986
    309.3098
    309.3207
    309.3313
    309.3418
    309.3526
    309.3635
    309.3746
    309.3859
    309.3979
    309.4099
    309.4224
    309.4354
    309.4480
    309.4604
    309.4730
    309.4854
    309.4978
    309.5105
    309.5229
    309.5351
    309.5471
    309.5594
    309.5716
    309.5833
    309.5949
    309.6065
    309.6173
    309.6283
    309.6393
    309.6507
    309.6619
    309.6735
    309.6845
    309.6954
    309.7067
    309.7177
    309.7288
    309.7401
    309.7512
    309.7625
    309.7742
    309.7859
    309.7975
    309.8092
    309.8210
    309.8327
    309.8447
    309.8564
    309.8683
    309.8798
    309.8909
    309.9023
    309.9134
    309.9248
    309.9358
    309.9467
    309.9576
    309.9682
    309.9789
    309.9900
    310.0008
    310.0120
    310.0235
    310.0348
    310.0459
    310.0575
    310.0687
    310.0800
    310.0916
    310.1025
    310.1134
    310.1250
    310.1362
    310.1470
    310.1585
    310.1698
    310.1810
    310.1924
    310.2037
    310.2147
    310.2259
    310.2376
    310.2486
    310.2594
    310.2704
    310.2812
    310.2917
    310.3023
    310.3129
    310.3238
    310.3352
    310.3463
    310.3574
    310.3686
    310.3797
    310.3906
    310.4015
    310.4128
    310.4236
    310.4344
    310.4457
    310.4563
    310.4668
    310.4776
    310.4882
    310.4989
    310.5102
    310.5213
    310.5321
    310.5429
    310.5541
    310.5649
    310.5755
    310.5862
    310.5960
    310.6059
    310.6163
    310.6261
    310.6356
    310.6452
    310.6546
    310.6647
    310.6747
    310.6846
    310.6950
    310.7049
    310.7155
    310.7257
    310.7363
    310.7464
    310.7570
    310.7670
    310.7774
    310.7873
    310.7976
    310.8077
    310.8184
    310.8285
    310.8392
    310.8491
    310.8599
    310.8702
    310.8808
    310.8909
    310.9012
    310.9108
    310.9209
    310.9307
    310.9411
    310.9511
    310.9617
    310.9722
    310.9827
    310.9933
    311.0043
    311.0149
    311.0259
    311.0363
    311.0467
    311.0567
    311.0667
    311.0763
    311.0863
    311.0959
    311.1062
    311.1161
    311.1264
    311.1360
    311.1463
    311.1559
    311.1660
    311.1755
    311.1854
    311.1950
    311.2049
    311.2139
    311.2235
    311.2325
    311.2421
    311.2513
    311.2612
    311.2706
    311.2806
    311.2897
    311.2994
    311.3087
    311.3186
    311.3279
    311.3376
    311.3466
    311.3564
    311.3657
    311.3755
    311.3849
    311.3948
    311.4043
    311.4140
    311.4232
    311.4326
    311.4424
    311.4518
    311.4617
    311.4711
    311.4811
    311.4905
    311.5002
    311.5095
    311.5191
    311.5282
    311.5376
    311.5462
    311.5553
    311.5639
    311.5730
    311.5819
    311.5910
    311.6009
    311.6103
    311.6203
    311.6298
    311.6399
    311.6494
    311.6594
    311.6685
    311.6784
    311.6878
    311.6974
    311.7065
    311.7160
    311.7251
    311.7339
    311.7434
    311.7522
    311.7616
    311.7704
    311.7798
    311.7884
    311.7978
    311.8067
    311.8162
    311.8250
    311.8343
    311.8431
    311.8521
    311.8604
    311.8691
    311.8775
    311.8858
    311.8945
    311.9024
    311.9108
    311.9187
    311.9273
    311.9355
    311.9441
    311.9524
    311.9612
    311.9696
    311.9785
    311.9869
    311.9960
    312.0047
    312.0139
    312.0229
    312.0326
    312.0419
    312.0517
    312.0609
    312.0705
    312.0797
    312.0892
    312.0982
    312.1075
    312.1163
    312.1254
    312.1338
