 Longwave optical depth [dimless]
  0.6874E-02
  0.2275E-01
  0.4455E-01
  0.7540E-01
  0.2042E+00
  0.1616E+00
  0.2172E+00
  0.2816E+00
  0.5449E+00
  0.6944E+00
  0.7611E+00
  0.1381E+01
  0.1211E+01
  0.1888E+01
  0.1064E+03
  0.2388E+01
  0.1819E+01
  0.1785E+01
  0.2128E+01
  0.9697E+01
  0.3104E+01
  0.2367E+01
  0.2429E+01
  0.2655E+01
  0.3065E+01
  0.5865E+01
  0.5589E+01
  0.4843E+01
  0.1590E+02
  0.7813E+02
  0.1305E+03
  0.1379E+02
  0.1855E+03
  0.5447E+01
  0.5017E+01
  0.5027E+01
  0.6794E+01
  0.6238E+02
  0.5971E+01
  0.5480E+01
  0.5825E+01
  0.7393E+01
  0.1567E+03
  0.3033E+02
  0.1372E+03
  0.1667E+04
  0.2069E+02
  0.5881E+02
  0.9462E+01
  0.3646E+03
  0.1762E+02
  0.1112E+02
  0.7323E+01
  0.2693E+02
  0.1568E+02
  0.1148E+02
  0.1264E+02
  0.5711E+03
  0.8770E+02
  0.3275E+02
  0.3437E+02
  0.2160E+02
  0.3182E+02
  0.1171E+04
  0.4260E+02
  0.3457E+03
  0.1183E+02
  0.1078E+02
  0.1586E+02
  0.5242E+02
  0.1497E+03
  0.6470E+02
  0.2315E+02
  0.3453E+03
  0.3775E+02
  0.1645E+02
  0.3668E+03
  0.1826E+02
  0.6757E+02
  0.8261E+02
  0.1062E+03
  0.2299E+02
  0.2241E+02
  0.2494E+03
  0.9141E+02
  0.3154E+02
  0.1343E+02
  0.1393E+02
  0.5298E+03
  0.1498E+02
  0.9193E+01
  0.8541E+01
  0.9823E+01
  0.1473E+02
  0.1783E+02
  0.8344E+02
  0.4549E+02
  0.1779E+03
  0.2283E+02
  0.1933E+02
  0.4247E+02
  0.3582E+03
  0.6559E+02
  0.1477E+02
  0.3114E+02
  0.1696E+03
  0.1620E+03
  0.1480E+02
  0.1406E+02
  0.1551E+02
  0.7981E+02
  0.1578E+04
  0.9173E+02
  0.1422E+02
  0.9849E+01
  0.1035E+02
  0.1131E+02
  0.2102E+02
  0.8750E+02
  0.1264E+03
  0.2780E+03
  0.4317E+02
  0.1686E+04
  0.1955E+02
  0.1811E+02
  0.5909E+02
  0.3586E+02
  0.1153E+02
  0.8393E+01
  0.8206E+01
  0.7747E+01
  0.8020E+01
  0.2416E+02
  0.1949E+02
  0.3106E+02
  0.1157E+03
  0.9625E+02
  0.2161E+02
  0.9315E+03
  0.1579E+02
  0.2620E+04
  0.1705E+03
  0.4150E+02
  0.1036E+02
  0.3915E+02
  0.1183E+02
  0.7893E+02
  0.7483E+01
  0.7670E+01
  0.1510E+02
  0.8015E+02
  0.8216E+01
  0.6085E+01
  0.6898E+01
  0.5086E+03
  0.2021E+02
  0.2191E+02
  0.2624E+02
  0.9010E+01
  0.1271E+02
  0.2960E+02
  0.5857E+03
  0.1114E+03
  0.2116E+02
  0.1386E+02
  0.2645E+02
  0.2415E+04
  0.1964E+02
  0.1892E+02
  0.1757E+02
  0.2300E+02
  0.3935E+02
  0.5899E+01
  0.4838E+01
  0.5001E+01
  0.6816E+01
  0.2732E+02
  0.3298E+02
  0.9375E+02
  0.1421E+02
  0.1571E+03
  0.1058E+03
  0.6127E+02
  0.1179E+02
  0.1484E+02
  0.8290E+01
  0.1343E+02
  0.3520E+01
  0.3171E+01
  0.3021E+01
  0.2977E+01
  0.3032E+01
  0.3309E+01
  0.3858E+01
  0.6346E+01
  0.2391E+02
  0.4701E+02
  0.4588E+02
  0.4909E+02
  0.1282E+02
  0.3052E+02
  0.1417E+02
  0.1885E+03
  0.4401E+02
  0.1847E+02
  0.6288E+01
  0.3638E+01
  0.2938E+01
  0.2666E+01
  0.2607E+01
  0.3241E+01
  0.3683E+01
  0.8159E+02
  0.4759E+01
  0.2706E+01
  0.2447E+01
  0.2487E+01
  0.2797E+01
  0.3041E+01
  0.4355E+01
  0.8400E+02
  0.2022E+02
  0.1777E+04
  0.2043E+02
  0.1904E+02
  0.1856E+04
  0.1130E+02
  0.2492E+02
  0.3694E+01
  0.3733E+01
  0.9059E+01
  0.5272E+02
  0.8165E+01
  0.2946E+01
  0.2497E+01
  0.2442E+01
  0.2501E+01
  0.2741E+01
  0.2229E+02
  0.4019E+01
  0.8432E+01
  0.3412E+02
  0.5154E+02
  0.8265E+01
  0.4867E+01
  0.2779E+01
  0.2629E+01
  0.3091E+01
  0.2461E+01
  0.2553E+01
  0.3008E+01
  0.4635E+02
  0.3672E+01
  0.2669E+01
  0.2610E+01
  0.2765E+01
  0.3289E+01
  0.5162E+01
  0.2020E+03
  0.8758E+01
  0.5501E+01
  0.4722E+02
  0.1230E+02
  0.3865E+01
  0.3204E+01
  0.3139E+01
  0.3815E+01
  0.2560E+02
  0.5975E+01
  0.3473E+01
  0.3136E+01
  0.4067E+01
  0.5983E+01
  0.3491E+01
  0.5950E+01
  0.3150E+01
  0.4185E+01
  0.3298E+01
  0.4668E+01
  0.9958E+03
  0.7024E+01
  0.1383E+02
  0.7713E+01
  0.2488E+02
  0.4543E+01
  0.2518E+03
  0.4690E+02
  0.3478E+01
  0.3242E+01
  0.3217E+01
  0.3169E+01
  0.3153E+01
  0.3163E+01
  0.3216E+01
  0.3489E+01
  0.1494E+02
  0.3737E+01
  0.3474E+01
  0.4157E+01
  0.1268E+02
  0.1651E+02
  0.3667E+01
  0.7741E+01
  0.3217E+01
  0.3283E+01
  0.3253E+01
  0.4709E+01
  0.5914E+02
  0.4189E+01
  0.3241E+01
  0.3155E+01
  0.3595E+01
  0.3135E+01
  0.3185E+01
  0.3687E+01
  0.4185E+01
  0.6464E+01
  0.1379E+03
  0.5604E+01
  0.4226E+01
  0.3410E+01
  0.3082E+01
  0.3020E+01
  0.2998E+01
  0.2982E+01
  0.2954E+01
  0.2940E+01
  0.2931E+01
  0.2923E+01
  0.2927E+01
  0.2936E+01
  0.3065E+01
  0.3092E+01
  0.4150E+01
  0.1254E+03
  0.8371E+02
  0.3700E+01
  0.3244E+01
  0.3390E+01
  0.3054E+01
  0.3230E+01
  0.2838E+01
  0.2811E+01
  0.2816E+01
  0.7244E+01
  0.2819E+01
  0.2772E+01
  0.6669E+01
  0.2956E+01
  0.2785E+01
  0.2759E+01
  0.2779E+01
  0.3006E+01
  0.6068E+01
  0.4523E+01
  0.2806E+01
  0.2858E+01
  0.2957E+01
  0.2766E+01
  0.2800E+01
  0.2817E+01
  0.3028E+01
  0.2976E+01
  0.2891E+01
  0.3089E+01
  0.5533E+01
  0.4003E+01
  0.3028E+01
  0.2991E+01
  0.2926E+01
  0.3036E+01
  0.2945E+01
  0.3116E+01
  0.3034E+01
  0.3168E+01
  0.3102E+01
  0.3540E+01
  0.1137E+02
  0.3843E+01
  0.3271E+01
  0.3273E+01
  0.3259E+01
  0.3282E+01
  0.3333E+01
  0.4619E+01
  0.3504E+01
  0.4236E+01
  0.3719E+01
  0.4091E+01
  0.3651E+01
  0.3670E+01
  0.3832E+01
  0.4022E+01
  0.4857E+01
  0.3941E+01
  0.3996E+01
  0.4074E+01
  0.4505E+01
  0.4263E+01
  0.4475E+01
  0.4456E+01
  0.3327E+02
  0.5342E+01
  0.4706E+01
  0.4841E+01
  0.5617E+01
  0.9410E+01
  0.5654E+01
  0.6033E+01
  0.7168E+01
  0.5672E+01
  0.5600E+01
  0.6050E+01
  0.6836E+01
  0.7655E+01
  0.2541E+02
  0.8004E+01
  0.6688E+01
  0.6771E+01
  0.7829E+01
  0.2219E+02
  0.3385E+02
  0.9515E+01
  0.8263E+01
  0.8017E+01
  0.9283E+01
  0.2997E+02
  0.1423E+02
  0.1386E+02
  0.8836E+01
  0.9170E+01
  0.1317E+02
  0.1649E+02
  0.1095E+02
  0.1515E+02
  0.3812E+03
  0.6659E+02
  0.2304E+02
  0.1272E+02
  0.8165E+02
  0.1521E+02
  0.1424E+02
  0.1297E+02
  0.1658E+02
  0.6026E+02
  0.1838E+02
  0.1504E+02
  0.2314E+02
  0.5421E+02
  0.2323E+02
  0.3798E+02
  0.3321E+02
  0.4394E+02
  0.5190E+02
  0.4165E+02
  0.1023E+03
  0.4725E+02
  0.8418E+02
  0.4898E+02
  0.2042E+03
  0.6419E+03
  0.6662E+02
  0.7716E+02
  0.2611E+03
  0.5676E+03
  0.3847E+03
  0.1612E+03
  0.1791E+03
  0.4494E+03
  0.1918E+05
  0.5418E+03
  0.3015E+03
  0.1010E+04
  0.1383E+04
  0.6872E+04
  0.1033E+04
  0.1381E+04
  0.2370E+05
  0.5808E+04
  0.5800E+04
  0.2746E+04
  0.9366E+03
  0.1911E+04
  0.1700E+05
  0.5607E+04
  0.3082E+04
  0.1271E+04
  0.2443E+04
  0.2616E+05
  0.4184E+04
  0.2177E+04
  0.4586E+04
  0.9034E+04
  0.1800E+06
  0.1155E+05
  0.2966E+04
  0.1051E+05
  0.1161E+05
  0.2464E+05
  0.3553E+04
  0.5745E+04
  0.3634E+05
  0.1233E+05
  0.1217E+05
  0.2556E+05
  0.8877E+05
  0.1174E+06
  0.1830E+05
  0.1162E+06
  0.2345E+05
  0.7556E+05
  0.1645E+07
  0.7768E+05
  0.6316E+05
  0.4134E+05
  0.6122E+05
  0.2524E+06
  0.2131E+07
  0.7559E+06
  0.2033E+06
  0.8366E+05
  0.2261E+06
  0.1416E+07
  0.6184E+06
  0.1347E+06
  0.1019E+06
  0.1422E+06
  0.4432E+06
  0.1293E+07
  0.2705E+06
  0.1259E+06
  0.1665E+06
  0.3083E+06
  0.1146E+08
  0.6005E+07
  0.1999E+07
  0.4090E+06
  0.1483E+06
  0.1231E+06
  0.4805E+06
  0.5006E+07
  0.5474E+06
  0.1274E+06
  0.1276E+06
  0.3946E+06
  0.5332E+07
  0.1876E+06
  0.1010E+06
  0.1459E+06
  0.6286E+06
  0.4234E+06
  0.7931E+05
  0.5442E+05
  0.1352E+06
  0.4555E+07
  0.6047E+05
  0.2907E+05
  0.6065E+05
  0.1950E+06
  0.5482E+05
  0.4127E+05
  0.2473E+05
  0.3342E+05
  0.6396E+05
  0.9034E+04
  0.2880E+05
  0.7891E+04
  0.1151E+06
  0.6595E+04
  0.1076E+05
  0.1041E+05
  0.2328E+05
  0.2886E+04
  0.2764E+04
  0.2044E+05
  0.1688E+06
  0.3079E+05
  0.8750E+04
  0.2663E+04
  0.1339E+04
  0.1083E+04
  0.3169E+04
  0.1279E+06
  0.3829E+04
  0.1393E+04
  0.2373E+04
  0.2329E+04
  0.1740E+05
  0.8529E+04
  0.1674E+04
  0.2310E+04
  0.2089E+04
  0.5700E+04
  0.8646E+05
  0.2164E+04
  0.8347E+03
  0.4539E+03
  0.5610E+03
  0.1554E+04
  0.2239E+05
  0.1849E+04
  0.3020E+03
  0.1889E+03
  0.2347E+03
  0.7762E+03
  0.4430E+04
  0.2544E+03
  0.8451E+02
  0.6155E+02
  0.5511E+02
  0.1106E+03
  0.4459E+03
  0.1868E+03
  0.3681E+02
  0.2324E+02
  0.4462E+02
  0.1836E+03
  0.2613E+02
  0.6088E+02
  0.1190E+02
  0.1838E+02
  0.1473E+03
  0.7351E+02
  0.1268E+02
  0.1288E+02
  0.1912E+02
  0.1091E+03
  0.1333E+02
  0.1585E+02
  0.1157E+02
  0.1100E+02
  0.2477E+02
  0.7250E+02
  0.2929E+03
  0.3037E+02
  0.9951E+01
  0.8623E+01
  0.9647E+01
  0.5640E+02
  0.2547E+02
  0.9018E+01
  0.7038E+01
  0.9874E+01
  0.5083E+02
  0.2913E+02
  0.7844E+01
  0.6235E+01
  0.7914E+01
  0.2775E+02
  0.2439E+02
  0.6330E+01
  0.4848E+01
  0.5204E+01
  0.1282E+02
  0.1532E+02
  0.4787E+01
  0.3782E+01
  0.3766E+01
  0.6236E+01
  0.7474E+01
  0.3414E+01
  0.3458E+01
  0.1329E+02
  0.5773E+01
  0.4003E+01
  0.3198E+01
  0.3202E+01
  0.3017E+01
  0.3928E+01
  0.3023E+01
  0.3086E+01
  0.3263E+01
  0.3308E+01
  0.3016E+01
  0.2914E+01
  0.2888E+01
  0.3152E+01
  0.2878E+01
  0.2661E+01
  0.3063E+01
  0.2722E+01
  0.3197E+01
  0.2594E+01
  0.2522E+01
  0.3245E+01
  0.3311E+01
  0.2811E+01
  0.2393E+01
  0.2481E+01
  0.2849E+01
  0.3821E+01
  0.3028E+01
  0.2312E+01
  0.2269E+01
  0.2238E+01
  0.2253E+01
  0.2311E+01
  0.2309E+01
  0.2232E+01
  0.2111E+01
  0.2121E+01
  0.2143E+01
  0.2359E+01
  0.2049E+01
  0.2008E+01
  0.2749E+01
  0.2123E+01
  0.2236E+01
  0.3696E+01
  0.1922E+01
  0.2112E+01
  0.2753E+01
  0.2317E+01
  0.1925E+01
  0.2160E+01
  0.2114E+01
  0.1893E+01
  0.1983E+01
  0.4671E+01
  0.1817E+01
  0.2236E+01
  0.2820E+01
  0.2371E+01
  0.3481E+01
  0.2761E+01
  0.1997E+01
  0.4110E+01
  0.2329E+01
  0.2072E+01
  0.3184E+01
  0.2078E+01
  0.1038E+02
  0.2056E+01
  0.1100E+02
  0.4949E+01
  0.3808E+01
  0.2866E+01
  0.5882E+01
  0.2365E+01
  0.9665E+01
  0.2485E+01
  0.6927E+01
  0.5440E+01
  0.3055E+01
  0.2989E+02
  0.4157E+01
  0.3457E+01
  0.9134E+02
  0.1228E+02
  0.5264E+01
  0.6090E+02
  0.4490E+01
  0.6405E+01
  0.2134E+03
  0.5966E+01
  0.5741E+01
  0.7022E+02
  0.1004E+02
  0.5758E+01
  0.1138E+02
  0.9151E+02
  0.6662E+01
  0.5532E+01
  0.1343E+02
  0.6826E+02
  0.5075E+01
  0.3938E+01
  0.3626E+01
  0.2408E+01
  0.2735E+01
  0.6204E+01
  0.7154E+02
  0.3544E+02
  0.1092E+02
  0.7492E+01
  0.7584E+01
  0.8183E+01
  0.1077E+02
  0.1578E+02
  0.2447E+02
  0.3689E+02
  0.4774E+02
  0.4666E+02
  0.3294E+02
  0.1855E+02
  0.9906E+01
  0.5686E+01
  0.4237E+01
  0.3214E+01
  0.3783E+01
  0.2083E+02
  0.3302E+01
  0.3563E+01
  0.2656E+01
  0.1902E+01
  0.2033E+01
  0.1855E+01
  0.1777E+01
  0.1867E+01
  0.1575E+01
  0.1638E+01
  0.2197E+01
  0.1621E+01
  0.1669E+01
  0.3981E+01
  0.1719E+01
  0.1721E+01
  0.2031E+01
  0.2445E+01
  0.4508E+01
  0.1752E+01
  0.2082E+01
  0.2810E+01
  0.1886E+01
  0.2449E+01
  0.2249E+01
  0.1980E+02
  0.2063E+01
  0.2908E+01
  0.2801E+01
  0.2608E+01
  0.6933E+02
  0.3787E+01
  0.8748E+01
  0.8952E+01
  0.7180E+01
  0.3689E+02
  0.1010E+02
  0.5145E+01
  0.8709E+02
  0.5302E+01
  0.8021E+01
  0.3845E+02
  0.6824E+01
  0.1093E+02
  0.5209E+02
  0.7463E+01
  0.1094E+02
  0.2893E+03
  0.1034E+02
  0.1016E+02
  0.7005E+02
  0.2321E+02
  0.8906E+01
  0.1345E+02
  0.2440E+03
  0.1599E+02
  0.1125E+02
  0.8406E+01
  0.1597E+02
  0.4648E+01
  0.6165E+01
  0.8465E+02
  0.3501E+02
  0.1345E+02
  0.1072E+02
  0.1165E+02
  0.1412E+02
  0.2391E+02
  0.4894E+02
  0.1284E+03
  0.3151E+03
  0.6547E+03
  0.7774E+03
  0.5092E+03
  0.1870E+03
  0.5733E+02
  0.2135E+02
  0.1103E+02
  0.8027E+01
  0.7853E+01
  0.1336E+02
  0.2418E+02
  0.1367E+02
  0.3784E+01
  0.7587E+01
  0.1959E+01
  0.6533E+01
  0.4047E+01
  0.1656E+01
  0.1724E+01
  0.1465E+01
  0.1365E+01
  0.1235E+01
  0.1272E+01
  0.1165E+01
  0.1143E+01
  0.1116E+01
  0.1100E+01
  0.1081E+01
  0.1063E+01
  0.1046E+01
  0.1030E+01
  0.1015E+01
  0.9989E+00
  0.9835E+00
  0.9910E+00
  0.9537E+00
  0.9384E+00
  0.9233E+00
  0.9089E+00
  0.8945E+00
  0.8802E+00
  0.8668E+00
  0.8522E+00
  0.8384E+00
  0.8250E+00
  0.8130E+00
  0.8090E+00
  0.8336E+00
  0.7720E+00
  0.7586E+00
  0.7460E+00
  0.7336E+00
  0.7214E+00
  0.7088E+00
  0.6971E+00
  0.6867E+00
  0.6742E+00
  0.6646E+00
  0.6535E+00
  0.6643E+00
  0.6292E+00
  0.6184E+00
  0.6077E+00
  0.5974E+00
  0.5873E+00
  0.5774E+00
  0.5673E+00
  0.5579E+00
  0.5493E+00
  0.5474E+00
  0.5349E+00
  0.5212E+00
  0.5123E+00
  0.5037E+00
  0.4958E+00
  0.4880E+00
  0.5016E+00
  0.5058E+00
  0.4661E+00
  0.4578E+00
  0.4534E+00
  0.4427E+00
  0.4365E+00
  0.4292E+00
  0.4225E+00
  0.4163E+00
  0.4140E+00
  0.4303E+00
  0.3993E+00
  0.3930E+00
  0.3962E+00
  0.3825E+00
  0.3792E+00
  0.3761E+00
  0.3704E+00
  0.3671E+00
  0.3733E+00
  0.3670E+00
  0.3541E+00
  0.3548E+00
  0.3744E+00
  0.3511E+00
  0.3629E+00
  0.3624E+00
  0.4568E+00
  0.3600E+00
  0.4542E+00
  0.5749E+00
  0.4005E+00
  0.4973E+00
  0.4010E+00
  0.7612E+00
  0.9287E+00
  0.3941E+00
  0.4937E+00
  0.2166E+01
  0.4600E+00
  0.6205E+00
  0.4671E+01
  0.7097E+00
  0.6160E+00
  0.7159E+01
  0.1005E+01
  0.8523E+00
  0.5074E+01
  0.1621E+01
  0.1435E+01
  0.3860E+01
  0.2787E+01
  0.1514E+01
  0.3169E+01
  0.7619E+01
  0.2402E+01
  0.2710E+01
  0.2924E+02
  0.3385E+01
  0.2431E+01
  0.2630E+02
  0.4959E+01
  0.2064E+01
  0.6531E+01
  0.4824E+01
  0.1480E+01
  0.1948E+01
  0.3373E+01
  0.1250E+01
  0.1447E+01
  0.2866E+02
  0.2332E+01
  0.2112E+01
  0.9491E+01
  0.4950E+01
  0.2599E+01
  0.5279E+01
  0.1565E+02
  0.2691E+01
  0.2808E+01
  0.3076E+02
  0.3566E+01
  0.2149E+01
  0.4976E+01
  0.8479E+01
  0.2279E+01
  0.2354E+01
  0.2111E+02
  0.2168E+01
  0.1624E+01
  0.4802E+01
  0.3355E+01
  0.1612E+01
  0.1391E+01
  0.1936E+01
  0.1322E+01
  0.9589E+00
  0.9062E+00
  0.1633E+01
  0.8611E+00
  0.7807E+00
  0.1170E+01
  0.7990E+00
  0.6831E+00
  0.8281E+00
  0.6091E+00
  0.6114E+00
  0.6813E+00
  0.5511E+00
  0.5916E+00
  0.2626E+01
  0.2923E+01
  0.9766E+00
  0.6069E+00
  0.6600E+00
  0.1425E+01
  0.1285E+01
  0.6000E+00
  0.5929E+00
  0.5373E+00
  0.5027E+00
  0.7058E+00
  0.5876E+00
  0.1037E+01
  0.1501E+01
  0.7518E+00
  0.5882E+00
  0.7861E+00
  0.4646E+01
  0.1201E+01
  0.8996E+00
  0.7163E+01
  0.3647E+01
  0.3878E+01
  0.1426E+01
  0.1364E+01
  0.3958E+01
  0.7392E+01
  0.2222E+01
  0.2006E+01
  0.9075E+01
  0.6795E+01
  0.2389E+01
  0.3073E+01
  0.5388E+02
  0.3920E+01
  0.2422E+01
  0.6198E+01
  0.8754E+01
  0.2390E+02
  0.4866E+01
  0.5189E+02
  0.2377E+01
  0.1676E+01
  0.4112E+01
  0.3098E+02
  0.2600E+01
  0.5450E+01
  0.7883E+01
  0.1705E+02
  0.1082E+02
  0.1190E+02
  0.5552E+01
  0.4821E+01
  0.1442E+02
  0.3423E+01
  0.4314E+01
  0.1310E+02
  0.2761E+01
  0.4411E+01
  0.2756E+02
  0.2535E+01
  0.4649E+01
  0.3764E+01
  0.2148E+01
  0.7205E+01
  0.6118E+01
  0.3698E+01
  0.1190E+02
  0.3881E+01
  0.2982E+01
  0.3488E+01
  0.1641E+01
  0.1697E+01
  0.2859E+02
  0.2472E+01
  0.1632E+01
  0.1317E+01
  0.2663E+01
  0.1033E+01
  0.1036E+01
  0.9120E+00
  0.1183E+01
  0.7957E+01
  0.8440E+01
  0.6787E+01
  0.1030E+02
  0.1340E+01
  0.1076E+01
  0.2533E+02
  0.1210E+01
  0.7245E+00
  0.6655E+00
  0.9471E+00
  0.6982E+02
  0.9343E+00
  0.7770E+00
  0.2494E+01
  0.1159E+01
  0.6955E+01
  0.6709E+01
  0.1038E+01
  0.6821E+00
  0.5256E+00
  0.4779E+00
  0.4632E+00
  0.5346E+00
  0.8618E+00
  0.2578E+01
  0.1819E+01
  0.6551E+00
  0.7302E+00
  0.1436E+01
  0.1036E+01
  0.3032E+01
  0.1105E+02
  0.1631E+02
  0.9476E+01
  0.2261E+01
  0.9554E+00
  0.9175E+00
  0.1698E+01
  0.3156E+03
  0.1720E+01
  0.9164E+00
  0.7675E+00
  0.1115E+01
  0.3838E+01
  0.1799E+02
  0.6711E+02
  0.1817E+01
  0.1376E+03
  0.1135E+01
  0.6355E+00
  0.6172E+00
  0.1191E+02
  0.7063E+00
  0.5867E+00
  0.8600E+00
  0.1265E+02
  0.1185E+03
  0.2291E+01
  0.7817E+02
  0.9022E+01
  0.1140E+01
  0.1033E+01
  0.2000E+01
  0.1667E+03
  0.3108E+01
  0.4454E+02
  0.2220E+01
  0.2520E+01
  0.1520E+01
  0.2168E+01
  0.1027E+02
  0.2161E+02
  0.4739E+02
  0.5366E+02
  0.1605E+02
  0.1860E+01
  0.4482E+02
  0.1384E+01
  0.2375E+02
  0.8517E+01
  0.1928E+03
  0.2664E+01
  0.1311E+02
  0.2052E+03
  0.2216E+02
  0.1031E+02
  0.1244E+02
  0.4450E+01
  0.3287E+02
  0.3560E+02
  0.1305E+01
  0.1976E+01
  0.3232E+01
  0.2425E+02
  0.3245E+01
  0.2251E+01
  0.3738E+01
  0.3671E+02
  0.3191E+02
  0.1103E+02
  0.4416E+02
  0.1356E+02
  0.1998E+02
  0.2609E+01
  0.1320E+01
  0.1434E+01
  0.7664E+01
  0.1728E+01
  0.1808E+01
  0.5928E+01
  0.9046E+01
  0.4599E+01
  0.1232E+03
  0.2352E+03
  0.6303E+02
  0.7855E+01
  0.2366E+01
  0.2122E+01
  0.1072E+03
  0.1741E+01
  0.1473E+01
  0.7929E+01
  0.1127E+03
  0.2184E+01
  0.1380E+01
  0.1730E+01
  0.4694E+01
  0.8604E+03
  0.6458E+01
  0.1618E+01
  0.9215E+00
  0.6928E+00
  0.1024E+01
  0.5201E+00
  0.4580E+00
  0.4279E+00
  0.4399E+00
  0.4178E+00
  0.1072E+01
  0.5052E+00
  0.4953E+00
  0.5770E+00
  0.1169E+01
  0.3736E+01
  0.4241E+00
  0.3824E+00
  0.4047E+00
  0.7209E+01
  0.6040E+00
  0.1192E+01
  0.4481E+00
  0.5786E+00
  0.3135E+01
  0.8571E+00
  0.2997E+01
  0.6428E+00
  0.7432E+00
  0.1040E+01
  0.2270E+01
  0.2016E+02
  0.1276E+02
  0.2080E+01
  0.1253E+01
  0.1313E+01
  0.5861E+01
  0.1145E+03
  0.1847E+01
  0.1267E+01
  0.6461E+01
  0.2183E+01
  0.9444E+00
  0.9320E+00
  0.1223E+01
  0.2529E+01
  0.1630E+03
  0.1758E+02
  0.4727E+02
  0.1960E+01
  0.1475E+01
  0.1061E+01
  0.9372E+01
  0.1487E+01
  0.4076E+01
  0.7990E+02
  0.1713E+03
  0.9119E+01
  0.2899E+01
  0.5952E+01
  0.9446E+03
  0.5376E+02
  0.1365E+02
  0.2736E+01
  0.1853E+01
  0.1139E+01
  0.1092E+01
  0.2442E+01
  0.1287E+02
  0.3344E+01
  0.1247E+01
  0.1147E+01
  0.1792E+01
  0.8721E+01
  0.1009E+02
  0.9734E+01
  0.4466E+01
  0.2042E+01
  0.3037E+02
  0.4857E+01
  0.1526E+01
  0.1245E+01
  0.1176E+02
  0.2356E+01
  0.4461E+01
  0.1845E+02
  0.4884E+03
  0.4344E+01
  0.2023E+01
  0.3697E+01
  0.7477E+01
  0.1329E+01
  0.1651E+01
  0.2564E+01
  0.8501E+01
  0.7708E+02
  0.1788E+02
  0.5616E+01
  0.7058E+03
  0.7074E+02
  0.2953E+01
  0.2837E+01
  0.6111E+01
  0.4056E+02
  0.3562E+01
  0.1009E+01
  0.3086E+01
  0.9413E+00
  0.1115E+01
  0.3759E+01
  0.1833E+02
  0.3838E+01
  0.8376E+03
  0.1349E+03
  0.1849E+01
  0.9489E+00
  0.7500E+00
  0.3950E+01
  0.5756E+00
  0.5598E+00
  0.8891E+00
  0.7531E+00
  0.1922E+02
  0.1322E+01
  0.3176E+01
  0.2276E+02
  0.3710E+02
  0.2024E+01
  0.2433E+01
  0.2226E+01
  0.1509E+03
  0.1640E+01
  0.1370E+01
  0.2039E+02
  0.1067E+01
  0.2155E+01
  0.3609E+01
  0.1191E+03
  0.1726E+01
  0.1838E+02
  0.1275E+01
  0.6289E+00
  0.5010E+00
  0.1765E+01
  0.1936E+01
  0.2466E+01
  0.6393E+00
  0.3458E+01
  0.3784E+01
  0.6414E+00
  0.4133E+00
  0.4261E+00
  0.1060E+01
  0.1955E+01
  0.1181E+01
  0.5463E+02
  0.3249E+02
  0.3366E+01
  0.1262E+01
  0.1214E+01
  0.4183E+00
  0.6084E+00
  0.1049E+01
  0.1739E+01
  0.3885E+00
  0.6189E+00
  0.4754E+02
  0.2834E+00
  0.2565E+00
  0.5269E+00
  0.1532E+01
  0.6950E+01
  0.3270E+02
  0.2077E+01
  0.1052E+01
  0.9106E+01
  0.4067E+00
  0.9380E+00
  0.5641E+01
  0.1810E+01
  0.2440E+02
  0.2380E+00
  0.5743E+00
  0.1690E+00
  0.6397E+00
  0.7157E+00
  0.8494E+00
  0.1290E+01
  0.1753E+01
  0.1516E+00
  0.1649E+00
  0.1853E+00
  0.8054E+01
  0.1129E+00
  0.1431E+00
  0.2876E+00
  0.2864E+00
  0.3863E+00
  0.7835E+01
  0.8184E+00
  0.4374E+00
  0.2316E+01
  0.2014E+02
  0.9704E+00
  0.2969E+00
  0.2251E+00
  0.4501E+00
  0.3480E+00
  0.2062E+01
  0.5256E+00
  0.2303E+00
  0.2756E+00
  0.7494E+00
  0.6688E+01
  0.3626E+01
  0.7471E+00
  0.1253E+01
  0.4107E+00
  0.3601E+00
  0.5606E+01
  0.1494E+01
  0.3843E+00
  0.3469E+00
  0.5728E+00
  0.8312E+00
  0.2325E+02
  0.9509E+00
  0.4751E+00
  0.4955E+00
  0.8143E+00
  0.3100E+01
  0.5834E+01
  0.2753E+01
  0.4268E+01
  0.3293E+01
  0.1048E+01
  0.1177E+02
  0.3401E+01
  0.5081E+01
  0.1131E+01
  0.8643E+00
  0.2610E+01
  0.9106E+01
  0.1491E+02
  0.3691E+01
  0.4034E+01
  0.4207E+01
  0.1922E+01
  0.3201E+02
  0.5765E+01
  0.5203E+01
  0.1599E+01
  0.2454E+01
  0.6577E+01
  0.1089E+02
  0.2287E+03
  0.4267E+02
  0.8648E+01
  0.8305E+01
  0.6532E+01
  0.1924E+02
  0.8123E+02
  0.1662E+03
  0.5312E+02
  0.1367E+02
  0.1300E+02
  0.4738E+02
  0.1082E+03
  0.3833E+03
  0.3757E+02
  0.1783E+02
  0.1725E+02
  0.3796E+02
  0.2646E+03
  0.1116E+03
  0.1989E+02
  0.1705E+02
  0.1353E+02
  0.3842E+02
  0.2066E+03
  0.1002E+02
  0.4495E+01
  0.5019E+01
  0.1074E+02
  0.6095E+03
  0.3531E+03
  0.5474E+02
  0.1565E+02
  0.3855E+01
  0.2517E+01
  0.2152E+01
  0.1504E+02
  0.2238E+02
  0.7742E+00
  0.8304E+00
  0.1428E+01
  0.8654E+01
  0.6598E+00
  0.5765E+00
  0.2227E+01
  0.9820E+01
  0.4623E+01
  0.3577E+01
  0.1727E+01
  0.4260E+01
  0.3546E+02
  0.2725E+01
  0.3219E+01
  0.2120E+01
  0.7314E+02
  0.2371E+01
  0.4310E+01
  0.2873E+02
  0.8352E+01
  0.2679E+01
  0.5225E+00
  0.4824E+00
  0.1893E+01
  0.2025E+01
  0.7951E+00
  0.2430E+00
  0.8253E+00
  0.1456E+01
  0.2879E+00
  0.1433E+00
  0.8556E+00
  0.1180E+01
  0.3126E+00
  0.1743E+00
  0.8670E+00
  0.1100E+01
  0.4806E+00
  0.1983E+01
  0.5514E+00
  0.1010E+01
  0.2978E+01
  0.5336E+00
  0.4250E+00
  0.4265E+00
  0.7621E+00
  0.3034E+02
  0.5067E+01
  0.6567E+00
  0.1145E+01
  0.2623E+01
  0.1385E+02
  0.1642E+01
  0.9806E+00
  0.1638E+01
  0.1107E+02
  0.1089E+02
  0.2553E+01
  0.1756E+01
  0.3094E+01
  0.2937E+02
  0.8781E+01
  0.2487E+01
  0.8211E+01
  0.1459E+02
  0.5058E+02
  0.6128E+01
  0.3522E+01
  0.4526E+01
  0.4832E+02
  0.1094E+03
  0.1575E+02
  0.1639E+02
  0.2789E+02
  0.2493E+03
  0.3196E+02
  0.7692E+03
  0.6972E+02
  0.3131E+02
  0.2333E+02
  0.4307E+02
  0.1634E+03
  0.1644E+04
  0.1228E+03
  0.1208E+03
  0.7160E+02
  0.1542E+03
  0.2272E+04
  0.4968E+03
  0.1322E+03
  0.1016E+03
  0.1634E+03
  0.8519E+03
  0.1624E+04
  0.2226E+03
  0.1101E+03
  0.1295E+03
  0.4151E+03
  0.3188E+04
  0.2201E+03
  0.2805E+03
  0.7981E+02
  0.1436E+03
  0.1557E+04
  0.9425E+02
  0.4270E+03
  0.9797E+04
  0.1969E+04
  0.1354E+03
  0.7009E+02
  0.5581E+03
  0.1561E+03
  0.6376E+02
  0.4287E+02
  0.3092E+02
  0.2228E+03
  0.4152E+02
  0.1246E+02
  0.2582E+02
  0.8211E+03
  0.1175E+03
  0.5138E+02
  0.1187E+02
  0.1555E+02
  0.1180E+02
  0.9659E+02
  0.2523E+03
  0.1446E+02
  0.8347E+01
  0.1856E+02
  0.7220E+02
  0.2017E+03
  0.1892E+02
  0.8016E+01
  0.3748E+02
  0.2243E+02
  0.1951E+03
  0.1773E+02
  0.7482E+01
  0.4363E+02
  0.9208E+01
  0.1340E+03
  0.1122E+02
  0.5509E+01
  0.3417E+01
  0.5342E+01
  0.4096E+02
  0.8011E+02
  0.7247E+02
  0.8530E+01
  0.3151E+01
  0.1793E+01
  0.1684E+01
  0.3758E+01
  0.9707E+01
  0.9757E+00
  0.1200E+01
  0.1672E+01
  0.1484E+01
  0.2024E+01
  0.6251E+00
  0.1250E+01
  0.2006E+01
  0.6267E+00
  0.4950E+00
  0.1059E+01
  0.1210E+01
  0.1874E+01
  0.6499E+00
  0.1979E+01
  0.1051E+01
  0.5804E+00
  0.1199E+01
  0.9096E+00
  0.1860E+01
  0.9693E+00
  0.5921E+01
  0.6704E+00
  0.1191E+01
  0.5298E+00
  0.2451E+00
  0.1451E+00
  0.6470E+00
  0.2138E+01
  0.3696E+00
  0.6541E+00
  0.3770E+00
  0.4821E+00
  0.2251E+00
  0.1270E+01
  0.2102E+01
  0.2751E+00
  0.8090E+00
  0.3845E+00
  0.6972E+00
  0.2845E+01
  0.1553E+01
  0.7600E+01
  0.1579E+01
  0.1379E+01
  0.8118E+01
  0.8307E+00
  0.1192E+01
  0.4205E+01
  0.2730E+01
  0.4993E+01
  0.9668E+01
  0.1688E+01
  0.1011E+02
  0.6898E+02
  0.2999E+02
  0.1031E+02
  0.1204E+03
  0.6077E+02
  0.3225E+02
  0.5201E+02
  0.8218E+02
  0.6350E+02
  0.3253E+02
  0.7778E+02
  0.8550E+02
  0.2122E+03
  0.1807E+03
  0.1225E+03
  0.1414E+03
  0.2117E+04
  0.3115E+03
  0.1613E+04
  0.3272E+03
  0.1011E+04
  0.4857E+03
  0.8080E+03
  0.1073E+05
  0.5352E+03
  0.2703E+04
  0.3880E+04
  0.4123E+04
  0.3597E+04
  0.2244E+04
  0.1858E+05
  0.5578E+04
  0.2747E+04
  0.1667E+05
  0.9459E+04
  0.1144E+05
  0.1127E+05
  0.7637E+04
  0.1569E+06
  0.5566E+05
  0.8735E+04
  0.6637E+06
  0.1444E+05
  0.1586E+05
  0.6203E+06
  0.1461E+05
  0.3618E+05
  0.1668E+07
  0.3744E+05
  0.1794E+05
  0.1318E+06
  0.5821E+05
  0.1950E+05
  0.3620E+05
  0.5020E+07
  0.4538E+05
  0.2463E+05
  0.4191E+05
  0.1875E+07
  0.1287E+06
  0.3784E+05
  0.4121E+05
  0.1686E+05
  0.2050E+05
  0.4058E+05
  0.1562E+06
  0.7347E+06
  0.1299E+06
  0.2013E+06
  0.6752E+05
  0.2177E+06
  0.5361E+05
  0.2367E+06
  0.1607E+06
  0.1712E+06
  0.2106E+06
  0.1805E+06
  0.5100E+06
  0.7284E+06
  0.4836E+06
  0.1450E+06
  0.3656E+06
  0.5187E+06
  0.2963E+06
  0.2340E+07
  0.1251E+07
  0.7412E+06
  0.1819E+07
  0.1593E+07
  0.1505E+07
  0.1091E+07
  0.8026E+06
  0.1353E+08
  0.3297E+07
  0.1237E+07
  0.1914E+09
  0.1329E+07
  0.1438E+07
  0.2091E+09
  0.1829E+07
  0.1689E+07
  0.2741E+08
  0.3211E+07
  0.1921E+07
  0.5603E+07
  0.1533E+08
  0.2002E+07
  0.2106E+07
  0.1613E+08
  0.7850E+07
  0.2605E+07
  0.2476E+07
  0.1095E+08
  0.1184E+08
  0.6985E+06
  0.8858E+07
  0.4512E+07
  0.2109E+07
  0.1916E+07
  0.2389E+07
  0.4700E+07
  0.1725E+08
  0.3656E+09
  0.2997E+08
  0.1122E+08
  0.5862E+07
  0.4230E+07
  0.3571E+07
  0.3004E+07
  0.2798E+07
  0.2769E+07
  0.3107E+07
  0.4784E+07
  0.1765E+08
  0.1339E+08
  0.1498E+07
  0.5194E+06
  0.4014E+06
  0.2039E+07
  0.3833E+06
  0.1107E+06
  0.2096E+07
  0.4408E+05
  0.6455E+06
  0.1669E+05
  0.1149E+05
  0.1082E+05
  0.6734E+04
  0.3134E+04
  0.2141E+04
  0.1550E+04
  0.1127E+04
  0.8009E+03
  0.5662E+03
  0.3180E+03
  0.2137E+03
  0.1425E+03
  0.9214E+02
  0.5882E+02
  0.4781E+02
  0.1628E+02
  0.9831E+01
  0.3696E+02
  0.2481E+01
  0.1211E+01
  0.4001E+02
  0.6999E+00
  0.4947E+00
  0.4229E+01
  0.1476E+01
  0.4784E+00
  0.9418E+00
  0.4604E+02
  0.7798E+00
  0.4116E+00
  0.7086E+00
  0.1454E+02
  0.5230E+00
  0.2402E+00
  0.8928E+00
  0.4989E+00
  0.4037E+00
  0.5473E+00
  0.1115E+01
  0.5123E+01
  0.4413E+02
  0.5139E+01
  0.2155E+01
  0.1566E+01
  0.1084E+01
  0.9695E+00
  0.9036E+00
  0.8352E+00
  0.1196E+01
  0.1062E+01
  0.1535E+01
  0.3710E+01
  0.6180E+01
  0.6356E+00
  0.3793E+00
  0.3989E+00
  0.1052E+01
  0.3234E+00
  0.1156E+00
  0.9513E+00
  0.8775E-01
  0.3683E+00
  0.4549E+00
  0.1776E+00
  0.2426E+00
  0.4080E+00
  0.1587E+00
  0.1886E+00
  0.1274E+01
  0.6066E+00
  0.2785E+00
  0.5665E+00
  0.6769E+01
  0.6821E+00
  0.7327E+00
  0.1155E+01
  0.8118E+01
  0.8988E+00
  0.6441E+00
  0.2705E+01
  0.2845E+01
  0.7109E+00
  0.1083E+01
  0.1968E+02
  0.1059E+01
  0.6745E+00
  0.1964E+01
  0.2047E+01
  0.3736E+00
  0.4182E+00
  0.1527E+01
