 Adiabat temperature at each layer [K]
    219.3655
    216.5278
    213.8181
    211.2295
    208.7542
    206.3833
    204.1072
    201.9161
    199.7999
    197.7485
    195.7518
    193.8002
    191.8846
    189.9959
    188.1261
    186.2672
    184.4119
    182.5534
    180.6852
    178.8012
    176.8956
    174.9630
    172.9978
    170.9947
    168.9486
    166.8540
    164.7054
    162.4971
    160.2230
    157.8765
    155.4504
    152.9368
    150.3268
    149.9990
    149.9990
    149.9990
    149.9990
    149.9990
    149.9990
    149.9990
    149.9990
    149.9990
    149.9990
    149.9990
    149.9990
    149.9990
    149.9990
    149.9990
    149.9990
    149.9990
