 Flux gradient shortwave
       -0.5416
       -0.3962
       -0.3093
       -0.2570
       -0.2220
       -0.1958
       -0.1751
       -0.1587
       -0.1455
       -0.1345
       -0.1247
       -0.1160
       -0.1083
       -0.1019
       -0.0967
       -0.0924
       -0.0886
       -0.0851
       -0.0817
       -0.0784
       -0.0754
       -0.0729
       -0.0709
       -0.0695
       -0.0688
       -0.0692
       -0.0708
       -0.0739
       -0.0776
       -0.0808
       -0.0822
       -0.0812
       -0.0776
       -0.0719
       -0.0649
       -0.0577
       -0.0529
       -0.0554
       -0.0669
       -0.0795
       -0.0831
       -0.0736
       -0.0562
       -0.0446
       -0.0357
       -0.0275
       -0.0240
       -0.0119
       -0.0030
       -0.0006
