 Downwards broadband flux at each level [W/m2]
       70.0081
       56.4302
       45.2436
       36.4665
       29.7009
       24.4443
       20.3344
       17.1353
       14.7520
       12.9870
       11.5582
       10.3878
        9.3896
        8.5420
        7.7909
        7.1361
        6.5536
        6.0654
        5.6374
        5.2353
        4.8578
        4.5043
        4.1746
        3.8698
        3.5913
        3.3413
        3.1185
        2.9188
        2.7385
        2.5740
        2.4220
        2.2790
        2.1422
        2.0092
        1.8789
        1.7512
        1.6265
        1.5039
        1.3807
        1.2506
        1.1062
        0.9457
        0.7713
        0.5925
        0.4232
        0.2682
        0.1358
        0.0576
        0.0308
        0.0205
        0.0000
