 Longwave heating rate [K/s]
 -0.2948E-03
 -0.2911E-03
 -0.3191E-03
 -0.4069E-03
 -0.5085E-03
 -0.6251E-03
 -0.7545E-03
 -0.8909E-03
 -0.1025E-02
 -0.1149E-02
 -0.1259E-02
 -0.1355E-02
 -0.1440E-02
 -0.1514E-02
 -0.1577E-02
 -0.1622E-02
 -0.1646E-02
 -0.1643E-02
 -0.1618E-02
 -0.1574E-02
 -0.1513E-02
 -0.1434E-02
 -0.1333E-02
 -0.1207E-02
 -0.1060E-02
 -0.9071E-03
 -0.7621E-03
 -0.6123E-03
 -0.5309E-03
 -0.5863E-03
 -0.5991E-03
 -0.7205E-03
 -0.8306E-03
 -0.9432E-03
 -0.1158E-02
 -0.1356E-02
 -0.1533E-02
 -0.1579E-02
 -0.1662E-02
 -0.1840E-02
 -0.2808E-02
 -0.4552E-02
 -0.6491E-02
 -0.7521E-02
 -0.8046E-02
 -0.9687E-02
 -0.1192E-01
 -0.1958E-01
 -0.2958E-01
 -0.5693E-01
