 Species molar concentration at each layer [mol/mol]
  0.9000E+00
  0.1000E+00
  0.0000E+00
  0.6059E-03
  0.9000E+00
  0.1000E+00
  0.0000E+00
  0.5086E-03
  0.9000E+00
  0.1000E+00
  0.0000E+00
  0.4149E-03
  0.9000E+00
  0.1000E+00
  0.0000E+00
  0.3442E-03
  0.9000E+00
  0.1000E+00
  0.0000E+00
  0.2861E-03
  0.9000E+00
  0.1000E+00
  0.0000E+00
  0.2382E-03
  0.9000E+00
  0.1000E+00
  0.0000E+00
  0.1986E-03
  0.9000E+00
  0.1000E+00
  0.0000E+00
  0.1659E-03
  0.9000E+00
  0.1000E+00
  0.0000E+00
  0.1387E-03
  0.9000E+00
  0.1000E+00
  0.0000E+00
  0.1160E-03
  0.9000E+00
  0.1000E+00
  0.0000E+00
  0.9701E-04
  0.9000E+00
  0.1000E+00
  0.0000E+00
  0.8108E-04
  0.9000E+00
  0.1000E+00
  0.0000E+00
  0.6767E-04
  0.9000E+00
  0.1000E+00
  0.0000E+00
  0.5636E-04
  0.9000E+00
  0.1000E+00
  0.0000E+00
  0.4681E-04
  0.9000E+00
  0.1000E+00
  0.0000E+00
  0.3874E-04
  0.9000E+00
  0.1000E+00
  0.0000E+00
  0.3191E-04
  0.9000E+00
  0.1000E+00
  0.0000E+00
  0.2615E-04
  0.9000E+00
  0.1000E+00
  0.0000E+00
  0.2129E-04
  0.9000E+00
  0.1000E+00
  0.0000E+00
  0.1722E-04
  0.9000E+00
  0.1000E+00
  0.0000E+00
  0.1381E-04
  0.9000E+00
  0.1000E+00
  0.0000E+00
  0.1097E-04
  0.9000E+00
  0.1000E+00
  0.0000E+00
  0.8628E-05
  0.9000E+00
  0.1000E+00
  0.0000E+00
  0.6707E-05
  0.9000E+00
  0.1000E+00
  0.0000E+00
  0.5147E-05
  0.9000E+00
  0.1000E+00
  0.0000E+00
  0.3893E-05
  0.9000E+00
  0.1000E+00
  0.0000E+00
  0.2898E-05
  0.9000E+00
  0.1000E+00
  0.0000E+00
  0.2119E-05
  0.9000E+00
  0.1000E+00
  0.0000E+00
  0.1629E-05
  0.9000E+00
  0.1000E+00
  0.0000E+00
  0.1410E-05
  0.9000E+00
  0.1000E+00
  0.0000E+00
  0.1238E-05
  0.9000E+00
  0.1000E+00
  0.0000E+00
  0.1201E-05
  0.9000E+00
  0.1000E+00
  0.0000E+00
  0.1194E-05
  0.9000E+00
  0.1000E+00
  0.0000E+00
  0.1194E-05
  0.9000E+00
  0.1000E+00
  0.0000E+00
  0.1194E-05
  0.9000E+00
  0.1000E+00
  0.0000E+00
  0.1194E-05
  0.9000E+00
  0.1000E+00
  0.0000E+00
  0.1194E-05
  0.9000E+00
  0.1000E+00
  0.0000E+00
  0.1194E-05
  0.9000E+00
  0.1000E+00
  0.0000E+00
  0.1194E-05
  0.9000E+00
  0.1000E+00
  0.0000E+00
  0.1194E-05
  0.9000E+00
  0.1000E+00
  0.0000E+00
  0.1194E-05
  0.9000E+00
  0.1000E+00
  0.0000E+00
  0.1194E-05
  0.9000E+00
  0.1000E+00
  0.0000E+00
  0.1194E-05
  0.9000E+00
  0.1000E+00
  0.0000E+00
  0.1194E-05
  0.9000E+00
  0.1000E+00
  0.0000E+00
  0.1194E-05
  0.9000E+00
  0.1000E+00
  0.0000E+00
  0.1194E-05
  0.9000E+00
  0.1000E+00
  0.0000E+00
  0.1194E-05
  0.9000E+00
  0.1000E+00
  0.0000E+00
  0.1194E-05
  0.9000E+00
  0.1000E+00
  0.0000E+00
  0.1194E-05
  0.9000E+00
  0.1000E+00
  0.0000E+00
  0.1194E-05
