 Surface temperature vs. time [K]
    270.0000
    267.9612
    265.9616
    264.2003
    262.6561
    261.2970
    260.0949
    259.0360
    258.0980
    257.2717
    256.5422
    255.8948
    255.3158
    254.8009
    254.3473
    253.9482
    253.5945
    253.2815
    253.0055
    252.7599
    252.5450
    252.3565
    252.1919
    252.0450
    251.9152
    251.8008
    251.6989
    251.6082
    251.5282
    251.4578
    251.3948
    251.3390
    251.2883
    251.2448
    251.2068
    251.1720
    251.1418
    251.1152
    251.0909
    251.0694
    251.0497
    251.0325
    251.0173
    251.0033
    250.9912
    250.9803
    250.9711
    250.9629
    250.9550
    250.9485
    250.9431
    250.9390
    250.9350
    250.9315
    250.9286
    250.9262
    250.9239
    250.9216
    250.9204
    250.9186
    250.9178
    250.9163
    250.9157
    250.9146
    250.9138
    250.9130
    250.9122
    250.9116
    250.9112
    250.9104
    250.9099
    250.9097
    250.9092
    250.9091
    250.9090
    250.9087
    250.9090
    250.9090
    250.9088
    250.9086
    250.9085
    250.9081
    250.9083
    250.9080
    250.9083
    250.9086
    250.9089
    250.9091
    250.9091
    250.9092
    250.9089
    250.9089
    250.9090
    250.9089
    250.9090
    250.9091
    250.9088
    250.9088
    250.9085
    250.9085
    250.9086
    250.9086
    250.9090
    250.9090
    250.9094
    250.9093
    250.9097
    250.9095
    250.9099
    250.9098
    250.9101
    250.9099
    250.9102
    250.9100
    250.9103
    250.9102
    250.9104
    250.9102
    250.9105
    250.9103
    250.9106
    250.9104
    250.9106
    250.9104
    250.9106
    250.9104
    250.9107
    250.9105
    250.9107
    250.9105
    250.9107
    250.9105
    250.9107
    250.9105
    250.9107
    250.9105
    250.9108
    250.9105
    250.9108
    250.9105
    250.9108
    250.9105
    250.9108
    250.9105
    250.9108
    250.9105
    250.9108
    250.9105
    250.9108
    250.9106
    250.9108
    250.9106
    250.9108
    250.9106
    250.9108
    250.9106
    250.9108
    250.9106
    250.9108
    250.9106
    250.9108
    250.9106
    250.9108
    250.9106
    250.9108
    250.9106
    250.9108
    250.9106
    250.9108
    250.9106
    250.9108
    250.9106
    250.9108
    250.9106
    250.9108
    250.9106
    250.9108
    250.9106
    250.9108
    250.9106
    250.9108
    250.9106
    250.9108
    250.9106
    250.9108
    250.9106
    250.9108
    250.9106
    250.9108
    250.9106
    250.9108
    250.9106
    250.9108
    250.9106
    250.9108
    250.9106
    250.9108
    250.9106
    250.9108
    250.9106
    250.9108
    250.9106
    250.9108
    250.9106
    250.9108
    250.9106
    250.9108
    250.9106
    250.9108
    250.9106
    250.9108
    250.9106
    250.9108
    250.9106
    250.9108
    250.9106
    250.9108
    250.9106
    250.9108
    250.9106
    250.9108
    250.9106
    250.9108
    250.9106
    250.9108
    250.9106
    250.9108
    250.9106
    250.9108
    250.9106
    250.9108
    250.9106
    250.9108
    250.9106
    250.9108
    250.9106
    250.9108
    250.9106
    250.9108
    250.9106
    250.9108
    250.9106
    250.9108
    250.9106
    250.9108
    250.9106
    250.9108
    250.9106
    250.9108
    250.9106
    250.9108
    250.9106
    250.9108
    250.9106
    250.9108
    250.9106
    250.9108
    250.9106
    250.9108
    250.9106
    250.9108
    250.9106
    250.9108
    250.9106
    250.9108
    250.9106
    250.9108
    250.9106
    250.9108
    250.9106
    250.9108
    250.9106
    250.9108
    250.9106
    250.9108
    250.9106
    250.9108
    250.9106
    250.9108
    250.9106
    250.9108
    250.9106
    250.9108
    250.9106
    250.9108
    250.9106
    250.9108
    250.9106
    250.9108
    250.9106
    250.9108
    250.9106
    250.9108
    250.9106
    250.9108
    250.9106
    250.9108
    250.9106
    250.9108
    250.9106
    250.9108
    250.9106
    250.9108
    250.9106
    250.9108
    250.9106
    250.9108
    250.9106
    250.9108
    250.9106
    250.9108
    250.9106
    250.9108
    250.9106
    250.9108
    250.9106
    250.9108
    250.9106
    250.9108
    250.9106
    250.9108
    250.9106
    250.9108
    250.9106
    250.9108
    250.9106
    250.9108
    250.9106
    250.9108
    250.9106
    250.9108
    250.9106
    250.9108
    250.9106
    250.9108
    250.9106
    250.9108
    250.9106
    250.9108
    250.9106
    250.9108
    250.9106
    250.9108
    250.9106
    250.9108
    250.9106
    250.9108
    250.9106
    250.9108
    250.9106
    250.9108
    250.9106
    250.9108
    250.9106
    250.9108
    250.9106
    250.9108
    250.9106
    250.9108
    250.9106
    250.9108
    250.9106
    250.9108
    250.9106
    250.9108
    250.9106
    250.9108
    250.9106
    250.9108
    250.9106
    250.9108
    250.9106
    250.9108
    250.9106
    250.9108
    250.9106
    250.9108
    250.9106
    250.9108
    250.9106
    250.9108
    250.9106
    250.9108
    250.9106
    250.9108
    250.9106
    250.9108
    250.9106
    250.9108
    250.9106
    250.9108
    250.9106
    250.9108
    250.9106
    250.9108
    250.9106
    250.9108
    250.9106
    250.9108
    250.9106
    250.9108
    250.9106
    250.9108
    250.9106
    250.9108
    250.9106
    250.9108
    250.9106
    250.9108
    250.9106
    250.9108
    250.9106
    250.9108
    250.9106
    250.9108
    250.9106
    250.9108
    250.9106
    250.9108
    250.9106
    250.9108
    250.9106
    250.9108
    250.9106
    250.9108
    250.9106
    250.9108
    250.9106
    250.9108
    250.9106
    250.9108
    250.9106
    250.9108
    250.9106
    250.9108
    250.9106
    250.9108
    250.9106
    250.9108
    250.9106
    250.9108
    250.9106
    250.9108
    250.9106
    250.9108
    250.9106
    250.9108
    250.9106
    250.9108
    250.9106
    250.9108
    250.9106
    250.9108
    250.9106
    250.9108
    250.9106
    250.9108
    250.9106
    250.9108
    250.9106
    250.9108
    250.9106
    250.9108
    250.9106
    250.9108
    250.9106
    250.9108
    250.9106
    250.9108
    250.9106
    250.9108
    250.9106
    250.9108
    250.9106
    250.9108
    250.9106
    250.9108
    250.9106
    250.9108
    250.9106
    250.9108
    250.9106
    250.9108
    250.9106
    250.9108
    250.9106
    250.9108
    250.9106
    250.9108
    250.9106
    250.9108
    250.9106
    250.9108
    250.9106
    250.9108
    250.9106
    250.9108
    250.9106
    250.9108
    250.9106
