 Rayleigh Transmission
                          0.9999999999999998E+00
                          0.9999999999999719E+00
                          0.9999999999999688E+00
                          0.9999999999997010E+00
                          0.9999999999991108E+00
                          0.9999999999995537E+00
                          0.9999999999974175E+00
                          0.9999999999989864E+00
                          0.9999999999998170E+00
                          0.9999999999982974E+00
                          0.9999999999999414E+00
                          0.9999999999641299E+00
                          0.9999999998820159E+00
                          0.9999999999999251E+00
                          0.9999999999999031E+00
                          0.9999999999998425E+00
                          0.9999999999998372E+00
                          0.9999999999997776E+00
                          0.9999999999997394E+00
                          0.9999999999991501E+00
                          0.9999999999994771E+00
                          0.9999999999988781E+00
                          0.9999999999926619E+00
                          0.9999999997982000E+00
                          0.9999999881710605E+00
                          0.9999999683179276E+00
                          0.9999976381754669E+00
                          0.9999857349828162E+00
                          0.9999999023168192E+00
                          0.9999999858092689E+00
                          0.9999999725747344E+00
                          0.9999999999970441E+00
                          0.9999999999911285E+00
                          0.9999999999970118E+00
                          0.9999999999899956E+00
                          0.9999999999962899E+00
                          0.9999999999958445E+00
                          0.9999999999953403E+00
                          0.9999999999919240E+00
                          0.9999999999935638E+00
                          0.9999999999936779E+00
                          0.9999999999929956E+00
                          0.9999999999908685E+00
                          0.9999999999891593E+00
                          0.9999999999907540E+00
                          0.9999999999898896E+00
                          0.9999999999889609E+00
                          0.9999999999879707E+00
                          0.9999999999869101E+00
                          0.9999999999841602E+00
                          0.9999999998948281E+00
                          0.9999999999238588E+00
                          0.9999997355925893E+00
                          0.9999999999756850E+00
                          0.9999999999272587E+00
                          0.9999999993520292E+00
                          0.9999999999721010E+00
                          0.9999999999739891E+00
                          0.9999999999721187E+00
                          0.9999999999701417E+00
                          0.9999999999680655E+00
                          0.9999999999658863E+00
                          0.9999999999635811E+00
                          0.9999999999608710E+00
                          0.9999999999586754E+00
                          0.9999999999560164E+00
                          0.9999999999530197E+00
                          0.9999999999503426E+00
                          0.9999999999473056E+00
                          0.9999999999441733E+00
                          0.9999999999408699E+00
                          0.9999999999374246E+00
                          0.9999999999337732E+00
                          0.9999999995634405E+00
                          0.9999999999230879E+00
                          0.9999999363696110E+00
                          0.9998161294544351E+00
                          0.9999999996310227E+00
                          0.9999999998751592E+00
                          0.9999999999007936E+00
                          0.9999999998933796E+00
                          0.9999999847668201E+00
                          0.9999999852993251E+00
                          0.9999956555804286E+00
                          0.9999919835882713E+00
                          0.9999999998602508E+00
                          0.9999999998651679E+00
                          0.9999999998589689E+00
                          0.9999999998521415E+00
                          0.9999999996798994E+00
                          0.9999999272714509E+00
                          0.9989922358348362E+00
                          0.9820439859673729E+00
                          0.9999092328954170E+00
                          0.9998087520505280E+00
                          0.9999971257316138E+00
                          0.9999999995233454E+00
                          0.9999999997820106E+00
                          0.9999999997727712E+00
                          0.9999999996751878E+00
                          0.9999999993296647E+00
                          0.9999999997364922E+00
                          0.9999999997301818E+00
                          0.9999996983471600E+00
                          0.9999999995373559E+00
                          0.9999999994260519E+00
                          0.9999999996845733E+00
                          0.9999999996774495E+00
                          0.9999999996651653E+00
                          0.9999999996519892E+00
                          0.9999999996325079E+00
                          0.9999999996243055E+00
                          0.9999999996127661E+00
                          0.9999999995988453E+00
                          0.9999999995844721E+00
                          0.9999999995697039E+00
                          0.9999999995545436E+00
                          0.9999999995389918E+00
                          0.9999999995229801E+00
                          0.9999999994430919E+00
                          0.9999999861733676E+00
                          0.9999999994709610E+00
                          0.9999999994550183E+00
                          0.9999999993999296E+00
                          0.9999999994183587E+00
                          0.9999999922196622E+00
                          0.9999999993785265E+00
                          0.9999999993597583E+00
                          0.9999999993344710E+00
                          0.9999999993187821E+00
                          0.9999999992974042E+00
                          0.9999999992750099E+00
                          0.9999999992490772E+00
                          0.9999999222926440E+00
                          0.9999999902451678E+00
                          0.9999999991812751E+00
                          0.9999999991580545E+00
                          0.9999999971903392E+00
                          0.9999999990989468E+00
                          0.9999999989922164E+00
                          0.9999999959700026E+00
                          0.9999999826295586E+00
                          0.9999709923585185E+00
                          0.9999999366653879E+00
                          0.9999982888750110E+00
                          0.9999969202875302E+00
                          0.9999999787041604E+00
                          0.9997942011169766E+00
                          0.9999982538021661E+00
                          0.9999903015007044E+00
                          0.9999999962399480E+00
                          0.9999999987148089E+00
                          0.9999999986730723E+00
                          0.9999999986475224E+00
                          0.9999999206519179E+00
                          0.9999999985787598E+00
                          0.9999999985430384E+00
                          0.9999999985057298E+00
                          0.9999999984673058E+00
                          0.9999999984213508E+00
                          0.9999999604887955E+00
                          0.9999999982915956E+00
                          0.9999999983062048E+00
                          0.9999999982640061E+00
                          0.9999999982210217E+00
                          0.9999999981772438E+00
                          0.9999989642593868E+00
                          0.9999999980871713E+00
                          0.9999999980409052E+00
                          0.9999999979940065E+00
                          0.9999999979461167E+00
                          0.9999999978973736E+00
                          0.9999999978477678E+00
                          0.9999999977972764E+00
                          0.9999999977458910E+00
                          0.9999999976583903E+00
                          0.9999999976404936E+00
                          0.9999893320191819E+00
                          0.9999999975309707E+00
                          0.9999999972764081E+00
                          0.9999999974030879E+00
                          0.9999999973601512E+00
                          0.9999999973010801E+00
                          0.9999999748000934E+00
                          0.9999999971775794E+00
                          0.9999999968879677E+00
                          0.9997453906871331E+00
                          0.9999999968745744E+00
                          0.9999999969270976E+00
                          0.9999999967615156E+00
                          0.9999999965552878E+00
                          0.9999999960627098E+00
                          0.9999999964371227E+00
                          0.9999999749842978E+00
                          0.9999999952894548E+00
                          0.9999999545518772E+00
                          0.9999999865214252E+00
                          0.9999208090244915E+00
                          0.9999999466511599E+00
                          0.9999999609884337E+00
                          0.9999998518087124E+00
                          0.9999999959439032E+00
                          0.9999999958276644E+00
                          0.9999999934861213E+00
                          0.9999980241633262E+00
                          0.9999999941503569E+00
                          0.9999999955713265E+00
                          0.9999999954853515E+00
                          0.9999999953960279E+00
                          0.9999999953026464E+00
                          0.9999999952112621E+00
                          0.9999999951240163E+00
                          0.9999999949309217E+00
                          0.9999999947784058E+00
                          0.9999999948426425E+00
                          0.9999999947464395E+00
                          0.9999999946349687E+00
                          0.9999999945481330E+00
                          0.9999999944471478E+00
                          0.9999999943445765E+00
                          0.9999999942405903E+00
                          0.9999999941351556E+00
                          0.9999999940283232E+00
                          0.9999999939200145E+00
                          0.9999999938102414E+00
                          0.9999999936989883E+00
                          0.9999999935858376E+00
                          0.9999999934630271E+00
                          0.9999999933562074E+00
                          0.9999999932388975E+00
                          0.9999999931200558E+00
                          0.9999999929986980E+00
                          0.9999999928775717E+00
                          0.9999999927479076E+00
                          0.9999999926283895E+00
                          0.9999999893495669E+00
                          0.9999999923735089E+00
                          0.9999999922428815E+00
                          0.9999999787086432E+00
                          0.9999999913002671E+00
                          0.9999999918423492E+00
                          0.9999999281251617E+00
                          0.9999999915602942E+00
                          0.9999999913387781E+00
                          0.9999999912782457E+00
                          0.9999999911352186E+00
                          0.9999999909050531E+00
                          0.9999999629867075E+00
                          0.9999999905976500E+00
                          0.9999999902299493E+00
                          0.9999999902643359E+00
                          0.9999999902243950E+00
                          0.9999999900730199E+00
                          0.9999997632822056E+00
                          0.9999999891144770E+00
                          0.9999999896008146E+00
                          0.9999999894409746E+00
                          0.9999999892755351E+00
                          0.9999999890801309E+00
                          0.9999999889191571E+00
                          0.9999999887276200E+00
                          0.9999999885727641E+00
                          0.9999999884120746E+00
                          0.9999999882382997E+00
                          0.9999999880572445E+00
                          0.9999999878767745E+00
                          0.9999999874754382E+00
                          0.9999999872336011E+00
                          0.9999999850018090E+00
                          0.9999999871271030E+00
                          0.9999999868089103E+00
                          0.9999999867359888E+00
                          0.9999999865442079E+00
                          0.9999999863454736E+00
                          0.9999999829445483E+00
                          0.9999999856948314E+00
                          0.9999999857103956E+00
                          0.9999999851885638E+00
                          0.9999999841226683E+00
                          0.9999999825675950E+00
                          0.9999999848849559E+00
                          0.9999999846734294E+00
                          0.9999999844541104E+00
                          0.9999999842324984E+00
                          0.9999999840084869E+00
                          0.9999999837766341E+00
                          0.9999999835532998E+00
                          0.9999999639314444E+00
                          0.9999999830884524E+00
                          0.9999999828523868E+00
                          0.9999999826138334E+00
                          0.9999999823714545E+00
                          0.9999999704796426E+00
                          0.9999999818809897E+00
                          0.9999999816342180E+00
                          0.9999999813835873E+00
                          0.9999999810574577E+00
                          0.9999999808734964E+00
                          0.9999999806093179E+00
                          0.9999999803463800E+00
                          0.9999999800891736E+00
                          0.9999999798224126E+00
                          0.9999999795529096E+00
                          0.9999999792692112E+00
                          0.9999999789827096E+00
                          0.9999999787266604E+00
                          0.9999999784158542E+00
                          0.9999999781650850E+00
                          0.9999999778789229E+00
                          0.9999999772428224E+00
                          0.9999999772926915E+00
                          0.9999999770048164E+00
                          0.9999999767076900E+00
                          0.9999999764076707E+00
                          0.9999999761047167E+00
                          0.9999999757988468E+00
                          0.9999999754894529E+00
                          0.9999999751705174E+00
                          0.9999999748596299E+00
                          0.9999999745458412E+00
                          0.9999999742203145E+00
                          0.9999999739018974E+00
                          0.9999999735697849E+00
                          0.9999999717161918E+00
                          0.9999999727575591E+00
                          0.9999999708133713E+00
                          0.9999999722370773E+00
                          0.9999999713310148E+00
                          0.9997839235169511E+00
                          0.9999999711952833E+00
                          0.9999999708488790E+00
                          0.9999999704636366E+00
                          0.9999999698582243E+00
                          0.9999999697755698E+00
                          0.9999999694109910E+00
                          0.9999999690430491E+00
                          0.9999999686718063E+00
                          0.9999999682972288E+00
                          0.9999999679193005E+00
                          0.9999999675378146E+00
                          0.9999999671533193E+00
                          0.9999999667652167E+00
                          0.9999999663737009E+00
                          0.9999999659785116E+00
                          0.9999999655802905E+00
                          0.9999999651783594E+00
                          0.9999999647727795E+00
                          0.9999999610315091E+00
                          0.9999999639290891E+00
                          0.9999999635353024E+00
                          0.9999999631156471E+00
                          0.9999999626923450E+00
                          0.9999999622653886E+00
                          0.9999999559807520E+00
                          0.9999999614003116E+00
                          0.9999999609626262E+00
                          0.9999999605209570E+00
                          0.9999999600714036E+00
                          0.9999999144013911E+00
                          0.9999999591733258E+00
                          0.9999999587166949E+00
                          0.9999999582561274E+00
                          0.9999999573056517E+00
                          0.9999999573234412E+00
                          0.9999999568512757E+00
                          0.9999999563752002E+00
                          0.9999999558952054E+00
                          0.9999999554112770E+00
                          0.9999999549233596E+00
                          0.9999999544314494E+00
                          0.9999999536717543E+00
                          0.9999999534355360E+00
                          0.9999999529314342E+00
                          0.9999999524234130E+00
                          0.9999999519111998E+00
                          0.9999999510833812E+00
                          0.9999999508433303E+00
                          0.9999999503497569E+00
                          0.9999999498209027E+00
                          0.9999999492877732E+00
                          0.9999999487489594E+00
                          0.9999999481853845E+00
                          0.9999999476632352E+00
                          0.9999999471131124E+00
                          0.9999999465582186E+00
                          0.9999999459996496E+00
                          0.9999999454366828E+00
                          0.9999999448691289E+00
                          0.9999999442971478E+00
                          0.9999999437207274E+00
                          0.9999999431398449E+00
                          0.9999999425544742E+00
                          0.9999999419646014E+00
                          0.9999999413701933E+00
                          0.9999999407712216E+00
                          0.9999999401676939E+00
                          0.9999999395595542E+00
                          0.9999999389467906E+00
                          0.9999999383293792E+00
                          0.9999999377072958E+00
                          0.9999999370805200E+00
                          0.9999999364490246E+00
                          0.9999999358127868E+00
                          0.9999999351717865E+00
                          0.9999999345259961E+00
                          0.9999999338753923E+00
                          0.9999999332199520E+00
                          0.9999999325596458E+00
                          0.9999999318944595E+00
                          0.9999999312243713E+00
                          0.9999999305407296E+00
                          0.9999999298640259E+00
                          0.9999999291843957E+00
                          0.9999999284944098E+00
                          0.9999999277994239E+00
                          0.9999999270993704E+00
                          0.9999999263942314E+00
                          0.9999999256839917E+00
                          0.9999999249686418E+00
                          0.9999999242481269E+00
                          0.9999999235212089E+00
                          0.9999999227915414E+00
                          0.9999999220548836E+00
                          0.9999999210430407E+00
                          0.9999999205614029E+00
                          0.9999999198153952E+00
                          0.9999999190581811E+00
                          0.9999999182955409E+00
                          0.9999999175269083E+00
                          0.9999999167453361E+00
                          0.9999999159450212E+00
                          0.9999999151846128E+00
                          0.9999999144005541E+00
                          0.9999999121262544E+00
                          0.9999999121414630E+00
                          0.9999999119988774E+00
                          0.9999999111869510E+00
                          0.9999999103694210E+00
                          0.9999999095462584E+00
                          0.9999999087172095E+00
                          0.9999999078829382E+00
                          0.9999999070427280E+00
                          0.9999999061967830E+00
                          0.9999999053450773E+00
                          0.9999999044875846E+00
                          0.9999999035924094E+00
                          0.9999999027551292E+00
                          0.9999999018801228E+00
                          0.9999999009992223E+00
                          0.9999999001124024E+00
                          0.9999998992196377E+00
                          0.9999998983209019E+00
                          0.9999998974161685E+00
                          0.9999998965054107E+00
                          0.9999998955886019E+00
                          0.9999998946631484E+00
                          0.9999998937367224E+00
                          0.9999998928015972E+00
                          0.9999998918602238E+00
                          0.9999998909127551E+00
                          0.9999998899587668E+00
                          0.9999998889992593E+00
                          0.9999998880330749E+00
                          0.9999998870605967E+00
                          0.9999998860817977E+00
                          0.9999998850966501E+00
                          0.9999998841051267E+00
                          0.9999998831072002E+00
                          0.9999998821020928E+00
                          0.9999998810920270E+00
                          0.9999998800747256E+00
                          0.9999998790509105E+00
                          0.9999998780205539E+00
                          0.9999998769836282E+00
                          0.9999998759401054E+00
                          0.9999998748899251E+00
                          0.9999998738331182E+00
                          0.9999998727696754E+00
                          0.9999998716994848E+00
                          0.9999998706225568E+00
                          0.9999998695388633E+00
                          0.9999998684483056E+00
                          0.9999998673510622E+00
                          0.9999998662468896E+00
                          0.9999998651358689E+00
                          0.9999998640179232E+00
                          0.9999998628930411E+00
                          0.9999998617611942E+00
                          0.9999998606223545E+00
                          0.9999998594764931E+00
                          0.9999998583235803E+00
                          0.9999998571635875E+00
                          0.9999998559964857E+00
                          0.9999998548222396E+00
                          0.9999998536408421E+00
                          0.9999998524522417E+00
                          0.9999998512564156E+00
                          0.9999998500533350E+00
                          0.9999998488429670E+00
                          0.9999998476252953E+00
                          0.9999998464002767E+00
                          0.9999998451678375E+00
                          0.9999998439280716E+00
                          0.9999998426808732E+00
                          0.9999998414261896E+00
                          0.9999998401640169E+00
                          0.9999998388943090E+00
                          0.9999998376158036E+00
                          0.9999998363322629E+00
                          0.9999998350398320E+00
                          0.9999998337397394E+00
                          0.9999998324302496E+00
                          0.9999998311165853E+00
                          0.9999998297934171E+00
                          0.9999998284624888E+00
                          0.9999998271237703E+00
                          0.9999998257772311E+00
                          0.9999998244228413E+00
                          0.9999998230605702E+00
                          0.9999998216903871E+00
                          0.9999998203122616E+00
                          0.9999998189261630E+00
                          0.9999998175320606E+00
                          0.9999998161299236E+00
                          0.9999998147197213E+00
                          0.9999998133014228E+00
                          0.9999998118749972E+00
                          0.9999998104404130E+00
                          0.9999998089976405E+00
                          0.9999998075465436E+00
                          0.9999998060874027E+00
                          0.9999998046198754E+00
                          0.9999998031440333E+00
                          0.9999998016598350E+00
                          0.9999998001672844E+00
                          0.9999997986663129E+00
                          0.9999997971569019E+00
                          0.9999997956390196E+00
                          0.9999997941126344E+00
                          0.9999997925777147E+00
                          0.9999997910342280E+00
                          0.9999997894821442E+00
                          0.9999997879214247E+00
                          0.9999997863520506E+00
                          0.9999997847739837E+00
                          0.9999997830865949E+00
                          0.9999997815916335E+00
                          0.9999997799872890E+00
                          0.9999997783741217E+00
                          0.9999997767521001E+00
                          0.9999997751211916E+00
                          0.9999997734813598E+00
                          0.9999997718325797E+00
                          0.9999997701747991E+00
                          0.9999997685080362E+00
                          0.9999997668321970E+00
                          0.9999997651472897E+00
                          0.9999997634531880E+00
                          0.9999997617500762E+00
                          0.9999997600377261E+00
                          0.9999997583161542E+00
                          0.9999997565853340E+00
                          0.9999997548452344E+00
                          0.9999997530948850E+00
                          0.9999997513368999E+00
                          0.9999997495689312E+00
                          0.9999997477913812E+00
                          0.9999997460043855E+00
                          0.9999997442079115E+00
                          0.9999997424019236E+00
                          0.9999997405863896E+00
                          0.9999997387612756E+00
                          0.9999997369265480E+00
                          0.9999997350821730E+00
                          0.9999997332281170E+00
                          0.9999997313643404E+00
                          0.9999997294908188E+00
                          0.9999997276074554E+00
                          0.9999997257144052E+00
                          0.9999997238114355E+00
                          0.9999997218985810E+00
                          0.9999997199758075E+00
                          0.9999997180430806E+00
                          0.9999997161003663E+00
                          0.9999997141476301E+00
                          0.9999997121848372E+00
                          0.9999997102119542E+00
                          0.9999997082289457E+00
                          0.9999997062357773E+00
                          0.9999997042324142E+00
                          0.9999997022188222E+00
                          0.9999997001949661E+00
                          0.9999996981608110E+00
                          0.9999996961163226E+00
                          0.9999996940614653E+00
                          0.9999996919962045E+00
                          0.9999996899205050E+00
                          0.9999996878343317E+00
                          0.9999996857376495E+00
                          0.9999996836304061E+00
                          0.9999996815118254E+00
                          0.9999996793841964E+00
                          0.9999996772451255E+00
                          0.9999996750953684E+00
                          0.9999996729348899E+00
                          0.9999996707634990E+00
                          0.9999996685816290E+00
                          0.9999996663887736E+00
                          0.9999996641850525E+00
                          0.9999996619704336E+00
                          0.9999996597448622E+00
                          0.9999996575083543E+00
                          0.9999996552593582E+00
                          0.9999996530022417E+00
                          0.9999996507325852E+00
                          0.9999996484518114E+00
                          0.9999996461598870E+00
                          0.9999996438567732E+00
                          0.9999996415424346E+00
                          0.9999996392168347E+00
                          0.9999996368799371E+00
                          0.9999996345317053E+00
                          0.9999996321719865E+00
                          0.9999996298010926E+00
                          0.9999996274186383E+00
                          0.9999996250247032E+00
                          0.9999996226192501E+00
                          0.9999996202022425E+00
                          0.9999996177736433E+00
                          0.9999996153334155E+00
                          0.9999996128815219E+00
                          0.9999996104179258E+00
                          0.9999996079425295E+00
                          0.9999996054554687E+00
                          0.9999996029565484E+00
                          0.9999996004457686E+00
                          0.9999995979230976E+00
                          0.9999995953885039E+00
                          0.9999995928419442E+00
                          0.9999995902833824E+00
                          0.9999995877127811E+00
                          0.9999995851301026E+00
                          0.9999995825353091E+00
                          0.9999995799283627E+00
                          0.9999995773092238E+00
                          0.9999995746778600E+00
                          0.9999995720342277E+00
                          0.9999995693782907E+00
                          0.9999995667100109E+00
                          0.9999995640293501E+00
                          0.9999995613362700E+00
                          0.9999995586307323E+00
                          0.9999995559126980E+00
                          0.9999995531821309E+00
                          0.9999995504389901E+00
                          0.9999995476832381E+00
                          0.9999995449148348E+00
                          0.9999995421337456E+00
                          0.9999995393399279E+00
                          0.9999995365333438E+00
                          0.9999995337139522E+00
                          0.9999995308817221E+00
                          0.9999995280366073E+00
                          0.9999995251785703E+00
                          0.9999995223075725E+00
                          0.9999995194235747E+00
                          0.9999995165265378E+00
                          0.9999995136164226E+00
                          0.9999995106931897E+00
                          0.9999995072166166E+00
                          0.9999995048072134E+00
                          0.9999995018443912E+00
                          0.9999994988682935E+00
                          0.9999994958788807E+00
                          0.9999994928761132E+00
                          0.9999994898599515E+00
                          0.9999994868303553E+00
                          0.9999994837872853E+00
                          0.9999994807307013E+00
                          0.9999994776605634E+00
                          0.9999994745767729E+00
                          0.9999994714794661E+00
                          0.9999994667630236E+00
                          0.9999994652436724E+00
                          0.9999994621051639E+00
                          0.9999994589528605E+00
                          0.9999994557867220E+00
                          0.9999994526067083E+00
                          0.9999994494127783E+00
                          0.9999994462048916E+00
                          0.9999994429830077E+00
                          0.9999994397470857E+00
                          0.9999994364970857E+00
                          0.9999994332329650E+00
                          0.9999994299546826E+00
                          0.9999994266622048E+00
                          0.9999994233554779E+00
                          0.9999994200344762E+00
                          0.9999994166991462E+00
                          0.9999994133494478E+00
                          0.9999994099853464E+00
                          0.9999994066067995E+00
                          0.9999994032137611E+00
                          0.9999993998061923E+00
                          0.9999993963840431E+00
                          0.9999993929472980E+00
                          0.9999993894958893E+00
                          0.9999993860297842E+00
                          0.9999993818445224E+00
                          0.9999993790533184E+00
                          0.9999993755428740E+00
                          0.9999993720175642E+00
                          0.9999993684773532E+00
                          0.9999993649221928E+00
                          0.9999993613520433E+00
                          0.9999993577668623E+00
                          0.9999993541666079E+00
                          0.9999993505512379E+00
                          0.9999993469207100E+00
                          0.9999993432749819E+00
                          0.9999993396140112E+00
                          0.9999993359377555E+00
                          0.9999993322461723E+00
                          0.9999993285392190E+00
                          0.9999993248168528E+00
                          0.9999993210790321E+00
                          0.9999993173256890E+00
                          0.9999993135568528E+00
                          0.9999993097724094E+00
                          0.9999993059723392E+00
                          0.9999993021565993E+00
                          0.9999992983251474E+00
                          0.9999992944778966E+00
                          0.9999992906149332E+00
                          0.9999992867360848E+00
                          0.9999992828413513E+00
                          0.9999992789185459E+00
                          0.9999992750038956E+00
                          0.9999992710614064E+00
                          0.9999992671026987E+00
                          0.9999992631278884E+00
                          0.9999992591369324E+00
                          0.9999992551297868E+00
                          0.9999992511064079E+00
                          0.9999992470667518E+00
                          0.9999992430107749E+00
                          0.9999992389384331E+00
                          0.9999992348496826E+00
                          0.9999992307444793E+00
                          0.9999992266227790E+00
                          0.9999992224845378E+00
                          0.9999992183297072E+00
                          0.9999992141582553E+00
                          0.9999992099701257E+00
                          0.9999992057652776E+00
                          0.9999992015436674E+00
                          0.9999991973052499E+00
                          0.9999991930499809E+00
                          0.9999991887778155E+00
                          0.9999991844887093E+00
                          0.9999991801826174E+00
                          0.9999991758594952E+00
                          0.9999991715192976E+00
                          0.9999991671619800E+00
                          0.9999991627874972E+00
                          0.9999991583958043E+00
                          0.9999991539868561E+00
                          0.9999991495606078E+00
                          0.9999991451170137E+00
                          0.9999991406560289E+00
                          0.9999991361776079E+00
                          0.9999991316817055E+00
                          0.9999991271682761E+00
                          0.9999991226372743E+00
                          0.9999991180886545E+00
                          0.9999991135223713E+00
                          0.9999991089383786E+00
                          0.9999991043366311E+00
                          0.9999990997170827E+00
                          0.9999990950796878E+00
                          0.9999990904244003E+00
                          0.9999990857511742E+00
                          0.9999990810599630E+00
                          0.9999990763507227E+00
                          0.9999990716234050E+00
                          0.9999990668779547E+00
                          0.9999990621143541E+00
                          0.9999990573325289E+00
                          0.9999990525324417E+00
                          0.9999990477140460E+00
                          0.9999990428772937E+00
                          0.9999990380221438E+00
                          0.9999990331485441E+00
                          0.9999990282564327E+00
                          0.9999990233458138E+00
                          0.9999990184165899E+00
                          0.9999990134687308E+00
                          0.9999990085021899E+00
                          0.9999990035169180E+00
                          0.9999989985128742E+00
                          0.9999989934900053E+00
                          0.9999989884482666E+00
                          0.9999989833876106E+00
                          0.9999989783079898E+00
                          0.9999989732093569E+00
                          0.9999989680916649E+00
                          0.9999989629548660E+00
                          0.9999989577989130E+00
                          0.9999989526237582E+00
                          0.9999989474293538E+00
                          0.9999989422156524E+00
                          0.9999989369826062E+00
                          0.9999989317301674E+00
                          0.9999989264582881E+00
                          0.9999989211669201E+00
                          0.9999989158560165E+00
                          0.9999989105255281E+00
                          0.9999989051754073E+00
                          0.9999988998056047E+00
                          0.9999988944160757E+00
                          0.9999988890067681E+00
                          0.9999988835776357E+00
                          0.9999988781286292E+00
                          0.9999988726597006E+00
                          0.9999988671708010E+00
                          0.9999988616618825E+00
                          0.9999988561328959E+00
                          0.9999988505837928E+00
                          0.9999988450145243E+00
                          0.9999988394250418E+00
                          0.9999988338152963E+00
                          0.9999988281852389E+00
                          0.9999988225348208E+00
                          0.9999988168639927E+00
                          0.9999988111727057E+00
                          0.9999988054609106E+00
                          0.9999987997285582E+00
                          0.9999987939755992E+00
                          0.9999987882019843E+00
                          0.9999987824076642E+00
                          0.9999987765925893E+00
                          0.9999987707567102E+00
                          0.9999987648999773E+00
                          0.9999987590223407E+00
                          0.9999987531237516E+00
                          0.9999987472041594E+00
                          0.9999987412635145E+00
                          0.9999987353017672E+00
                          0.9999987293188676E+00
                          0.9999987233147655E+00
                          0.9999987172894110E+00
                          0.9999987112427539E+00
                          0.9999987051747445E+00
                          0.9999986990853321E+00
                          0.9999986929744663E+00
                          0.9999986868420976E+00
                          0.9999986806881748E+00
                          0.9999986745126477E+00
                          0.9999986683154602E+00
                          0.9999986620965786E+00
                          0.9999986558559355E+00
                          0.9999986495934857E+00
                          0.9999986433091785E+00
                          0.9999986370029631E+00
                          0.9999986306747888E+00
                          0.9999986243246044E+00
                          0.9999986179523591E+00
                          0.9999986115580018E+00
                          0.9999986051414814E+00
                          0.9999985987027470E+00
                          0.9999985922417470E+00
                          0.9999985857584304E+00
                          0.9999985792527457E+00
                          0.9999985727246417E+00
                          0.9999985661740667E+00
                          0.9999985596009693E+00
                          0.9999985530052981E+00
                          0.9999985463870013E+00
                          0.9999985397460273E+00
                          0.9999985330823238E+00
                          0.9999985263958397E+00
                          0.9999985196865240E+00
                          0.9999985129543230E+00
                          0.9999985061991854E+00
                          0.9999984994210592E+00
                          0.9999984926198924E+00
                          0.9999984857956328E+00
                          0.9999984789482280E+00
                          0.9999984720776260E+00
                          0.9999984651837744E+00
                          0.9999984582666207E+00
                          0.9999984513261125E+00
                          0.9999984443621974E+00
                          0.9999984373748226E+00
                          0.9999984303639358E+00
                          0.9999984233294840E+00
                          0.9999984162714145E+00
                          0.9999984091896746E+00
                          0.9999984020842113E+00
                          0.9999983949549722E+00
                          0.9999983878019036E+00
                          0.9999983806249528E+00
                          0.9999983734240668E+00
                          0.9999983661991922E+00
                          0.9999983589502759E+00
                          0.9999983516772647E+00
                          0.9999983443801052E+00
                          0.9999983370587439E+00
                          0.9999983297131274E+00
                          0.9999983223432023E+00
                          0.9999983149489139E+00
                          0.9999983075302118E+00
                          0.9999983000870390E+00
                          0.9999982926193419E+00
                          0.9999982851270699E+00
                          0.9999982776101658E+00
                          0.9999982700685768E+00
                          0.9999982625022489E+00
                          0.9999982549111280E+00
                          0.9999982472951603E+00
                          0.9999982396542912E+00
                          0.9999982319884668E+00
                          0.9999982242976327E+00
                          0.9999982165817347E+00
                          0.9999982088407182E+00
                          0.9999982010745289E+00
                          0.9999981932831121E+00
                          0.9999981854664134E+00
                          0.9999981776243781E+00
                          0.9999981697569517E+00
                          0.9999981618640791E+00
                          0.9999981539457057E+00
                          0.9999981460017766E+00
                          0.9999981380322369E+00
                          0.9999981300370316E+00
                          0.9999981220161056E+00
                          0.9999981139694040E+00
                          0.9999981058968713E+00
                          0.9999980977984527E+00
                          0.9999980896740924E+00
                          0.9999980815237356E+00
                          0.9999980733473266E+00
                          0.9999980651448099E+00
                          0.9999980569161301E+00
                          0.9999980486612317E+00
                          0.9999980403800588E+00
                          0.9999980320725560E+00
                          0.9999980237386673E+00
                          0.9999980153783371E+00
                          0.9999980069915095E+00
                          0.9999979985781284E+00
                          0.9999979901381381E+00
                          0.9999979816714821E+00
                          0.9999979731781049E+00
                          0.9999979646579498E+00
                          0.9999979561109609E+00
                          0.9999979475370817E+00
                          0.9999979389362561E+00
                          0.9999979303084274E+00
                          0.9999979216535392E+00
                          0.9999979129715355E+00
                          0.9999979042623591E+00
                          0.9999978955259536E+00
                          0.9999978867622623E+00
                          0.9999978779712284E+00
                          0.9999978691527951E+00
                          0.9999978603069055E+00
                          0.9999978514335027E+00
                          0.9999978425325299E+00
                          0.9999978336039298E+00
                          0.9999978246476453E+00
                          0.9999978156636193E+00
                          0.9999978066517939E+00
                          0.9999977976121139E+00
                          0.9999977885445198E+00
                          0.9999977794489550E+00
                          0.9999977703253620E+00
                          0.9999977611736832E+00
                          0.9999977519938611E+00
                          0.9999977427858381E+00
                          0.9999977335495563E+00
                          0.9999977242849583E+00
                          0.9999977149919860E+00
                          0.9999977056705815E+00
                          0.9999976963206870E+00
                          0.9999976869422446E+00
                          0.9999976775351961E+00
                          0.9999976680994833E+00
                          0.9999976586350483E+00
                          0.9999976491418326E+00
                          0.9999976396197781E+00
                          0.9999976300688264E+00
                          0.9999976204889189E+00
                          0.9999976108799975E+00
                          0.9999976012420034E+00
                          0.9999975915748781E+00
                          0.9999975818785632E+00
                          0.9999975721529997E+00
                          0.9999975623981263E+00
                          0.9999975526138919E+00
                          0.9999975428002299E+00
                          0.9999975329570840E+00
                          0.9999975230843953E+00
                          0.9999975131821046E+00
                          0.9999975032501529E+00
                          0.9999974932884809E+00
                          0.9999974832970273E+00
                          0.9999974732757391E+00
                          0.9999974632245507E+00
                          0.9999974531434048E+00
                          0.9999974430322420E+00
                          0.9999974328910026E+00
                          0.9999974227196271E+00
                          0.9999974125180560E+00
                          0.9999974022862294E+00
                          0.9999973920240876E+00
                          0.9999973817315707E+00
                          0.9999973714086189E+00
                          0.9999973610551723E+00
                          0.9999973506711709E+00
                          0.9999973402565546E+00
                          0.9999973298112633E+00
                          0.9999973193352369E+00
                          0.9999973088284151E+00
                          0.9999972982907375E+00
                          0.9999972877221439E+00
                          0.9999972771225738E+00
                          0.9999972664919669E+00
                          0.9999972558302624E+00
                          0.9999972451374000E+00
                          0.9999972344133188E+00
                          0.9999972236579583E+00
                          0.9999972128712575E+00
                          0.9999972020531559E+00
                          0.9999971912035924E+00
                          0.9999971803225061E+00
                          0.9999971694098360E+00
                          0.9999971584655211E+00
                          0.9999971474895002E+00
                          0.9999971364817121E+00
                          0.9999971254420956E+00
                          0.9999971143705896E+00
                          0.9999971032671324E+00
                          0.9999970921316629E+00
                          0.9999970809641194E+00
                          0.9999970697644406E+00
                          0.9999970585325647E+00
                          0.9999970472684301E+00
                          0.9999970359719751E+00
                          0.9999970246431380E+00
                          0.9999970132818570E+00
                          0.9999970018880701E+00
                          0.9999969904617154E+00
                          0.9999969790027309E+00
                          0.9999969675110545E+00
                          0.9999969559866239E+00
                          0.9999969444293778E+00
                          0.9999969328392296E+00
                          0.9999969212161874E+00
                          0.9999969095601188E+00
                          0.9999968978709848E+00
                          0.9999968861487228E+00
                          0.9999968743932705E+00
                          0.9999968626045650E+00
                          0.9999968507825440E+00
                          0.9999968389271444E+00
                          0.9999968270383037E+00
                          0.9999968151159589E+00
                          0.9999968031600471E+00
                          0.9999967911705060E+00
                          0.9999967791472717E+00
                          0.9999967670902816E+00
                          0.9999967549994725E+00
                          0.9999967428747811E+00
                          0.9999967307161444E+00
                          0.9999967185234988E+00
                          0.9999967062967812E+00
                          0.9999966940359281E+00
                          0.9999966817408760E+00
                          0.9999966694115614E+00
                          0.9999966570479206E+00
                          0.9999966446498902E+00
                          0.9999966322174063E+00
                          0.9999966197504051E+00
                          0.9999966072488229E+00
                          0.9999965947125957E+00
                          0.9999965821416595E+00
                          0.9999965695359506E+00
                          0.9999965568954046E+00
                          0.9999965442199574E+00
                          0.9999965315095452E+00
                          0.9999965187641032E+00
                          0.9999965059835676E+00
                          0.9999964931678736E+00
                          0.9999964803169572E+00
                          0.9999964674307537E+00
                          0.9999964545091985E+00
                          0.9999964415522271E+00
                          0.9999964285597749E+00
                          0.9999964155317760E+00
                          0.9999964024681689E+00
                          0.9999963893688856E+00
                          0.9999963762338622E+00
                          0.9999963630630337E+00
                          0.9999963498563352E+00
                          0.9999963366137017E+00
                          0.9999963233350679E+00
                          0.9999963100203688E+00
                          0.9999962966695390E+00
                          0.9999962832825132E+00
                          0.9999962698592262E+00
                          0.9999962563996124E+00
                          0.9999962429036063E+00
                          0.9999962293711426E+00
                          0.9999962158021555E+00
                          0.9999962021965795E+00
                          0.9999961885543486E+00
                          0.9999961748753973E+00
                          0.9999961611596596E+00
                          0.9999961474070698E+00
                          0.9999961336175618E+00
                          0.9999961197910696E+00
                          0.9999961059275271E+00
                          0.9999960920268682E+00
                          0.9999960780890269E+00
                          0.9999960641139366E+00
                          0.9999960501015313E+00
                          0.9999960360517446E+00
                          0.9999960219645099E+00
                          0.9999960078397608E+00
                          0.9999959936774309E+00
                          0.9999959794774533E+00
                          0.9999959652397616E+00
                          0.9999959509642889E+00
                          0.9999959366509688E+00
                          0.9999959222997339E+00
                          0.9999959079105177E+00
                          0.9999958934832531E+00
                          0.9999958790178732E+00
                          0.9999958645143109E+00
                          0.9999958499724989E+00
                          0.9999958353923702E+00
                          0.9999958207738573E+00
                          0.9999958061168934E+00
                          0.9999957914214107E+00
                          0.9999957766873419E+00
                          0.9999957619146195E+00
                          0.9999957471031760E+00
                          0.9999957322529436E+00
                          0.9999957173638550E+00
                          0.9999957024358421E+00
                          0.9999956874688374E+00
                          0.9999956724627730E+00
                          0.9999956574175809E+00
                          0.9999956423331932E+00
                          0.9999956272095415E+00
                          0.9999956120465568E+00
                          0.9999955968441745E+00
                          0.9999955816023255E+00
                          0.9999955663209384E+00
                          0.9999955509999470E+00
                          0.9999955356392825E+00
                          0.9999955202388766E+00
                          0.9999955047986610E+00
                          0.9999954893185669E+00
                          0.9999954737985258E+00
                          0.9999954582384690E+00
                          0.9999954426383280E+00
                          0.9999954269980337E+00
                          0.9999954113175175E+00
                          0.9999953955967104E+00
                          0.9999953798355432E+00
                          0.9999953640339474E+00
                          0.9999953481918537E+00
                          0.9999953323091927E+00
                          0.9999953163858956E+00
                          0.9999953004218929E+00
                          0.9999952844171152E+00
                          0.9999952683714936E+00
                          0.9999952522849582E+00
                          0.9999952361574397E+00
                          0.9999952199888685E+00
                          0.9999952037791751E+00
                          0.9999951875282896E+00
                          0.9999951712361426E+00
                          0.9999951549026640E+00
                          0.9999951385277841E+00
                          0.9999951221114330E+00
                          0.9999951056535409E+00
                          0.9999950891540376E+00
                          0.9999950726128529E+00
                          0.9999950560299169E+00
                          0.9999950394051588E+00
                          0.9999950227385098E+00
                          0.9999950060298982E+00
                          0.9999949892792541E+00
                          0.9999949724865070E+00
                          0.9999949556515865E+00
                          0.9999949387744219E+00
                          0.9999949218549428E+00
                          0.9999949048930783E+00
                          0.9999948878887579E+00
                          0.9999948708419106E+00
                          0.9999948537524658E+00
                          0.9999948366203524E+00
                          0.9999948194454995E+00
                          0.9999948022278361E+00
                          0.9999947849672911E+00
                          0.9999947676637934E+00
                          0.9999947503172717E+00
                          0.9999947329276547E+00
                          0.9999947154948714E+00
                          0.9999946980188501E+00
                          0.9999946804995195E+00
                          0.9999946629368081E+00
                          0.9999946453306443E+00
                          0.9999946276809565E+00
                          0.9999946099876731E+00
                          0.9999945922507224E+00
                          0.9999945744700325E+00
                          0.9999945566455315E+00
                          0.9999945387771475E+00
                          0.9999945208648089E+00
                          0.9999945029084433E+00
                          0.9999944849079786E+00
                          0.9999944668633429E+00
                          0.9999944487744639E+00
                          0.9999944306412691E+00
                          0.9999944124636866E+00
                          0.9999943942416438E+00
                          0.9999943759750682E+00
                          0.9999943576638874E+00
                          0.9999943393080289E+00
                          0.9999943209074200E+00
                          0.9999943024619881E+00
                          0.9999942839716603E+00
                          0.9999942654363640E+00
                          0.9999942468560263E+00
                          0.9999942282305739E+00
                          0.9999942095599349E+00
                          0.9999941908440353E+00
                          0.9999941720828022E+00
                          0.9999941532761626E+00
                          0.9999941344240431E+00
                          0.9999941155263709E+00
                          0.9999940965830721E+00
                          0.9999940775940731E+00
                          0.9999940585593021E+00
                          0.9999940394786839E+00
                          0.9999940203521454E+00
                          0.9999940011796133E+00
                          0.9999939819610135E+00
                          0.9999939626962726E+00
                          0.9999939433853167E+00
                          0.9999939240280719E+00
                          0.9999939046244642E+00
                          0.9999938851744198E+00
                          0.9999938656778647E+00
                          0.9999938461347248E+00
                          0.9999938265449257E+00
                          0.9999938069083935E+00
                          0.9999937872250538E+00
                          0.9999937674948323E+00
                          0.9999937477176546E+00
                          0.9999937278934463E+00
                          0.9999937080221329E+00
                          0.9999936881036399E+00
                          0.9999936681378925E+00
                          0.9999936481248162E+00
                          0.9999936280643361E+00
                          0.9999936079563776E+00
                          0.9999935878008648E+00
                          0.9999935675977255E+00
                          0.9999935473468821E+00
                          0.9999935270482604E+00
                          0.9999935067017853E+00
                          0.9999934863073818E+00
                          0.9999934658649686E+00
                          0.9999934453744884E+00
                          0.9999934248358479E+00
                          0.9999934042489776E+00
                          0.9999933836138023E+00
                          0.9999933629302463E+00
                          0.9999933421982342E+00
                          0.9999933214176903E+00
                          0.9999933005885389E+00
                          0.9999932797107042E+00
                          0.9999932587841105E+00
                          0.9999932378086820E+00
                          0.9999932167843426E+00
                          0.9999931957110165E+00
                          0.9999931745886276E+00
                          0.9999931534170998E+00
                          0.9999931321963570E+00
                          0.9999931109263229E+00
                          0.9999930896069213E+00
                          0.9999930682380759E+00
                          0.9999930468197102E+00
                          0.9999930253517479E+00
                          0.9999930038341125E+00
                          0.9999929822667273E+00
                          0.9999929606495156E+00
                          0.9999929389824010E+00
                          0.9999929172653066E+00
                          0.9999928954981556E+00
                          0.9999928736808712E+00
                          0.9999928518133765E+00
                          0.9999928298955945E+00
                          0.9999928079274479E+00
                          0.9999927859088601E+00
                          0.9999927638397536E+00
                          0.9999927417200513E+00
                          0.9999927195496758E+00
                          0.9999926973285500E+00
                          0.9999926750565964E+00
                          0.9999926527337375E+00
                          0.9999926303598959E+00
                          0.9999926079349940E+00
                          0.9999925854589541E+00
                          0.9999925629316986E+00
                          0.9999925403531497E+00
                          0.9999925177232296E+00
                          0.9999924950418606E+00
                          0.9999924723089645E+00
                          0.9999924495244636E+00
                          0.9999924266882797E+00
                          0.9999924038003347E+00
                          0.9999923808605505E+00
                          0.9999923578688490E+00
                          0.9999923348251516E+00
                          0.9999923117293803E+00
                          0.9999922885814566E+00
                          0.9999922653813020E+00
                          0.9999922421288380E+00
                          0.9999922188239861E+00
                          0.9999921954666676E+00
                          0.9999921720568039E+00
                          0.9999921485943162E+00
                          0.9999921250791256E+00
                          0.9999921015111535E+00
                          0.9999920778903206E+00
                          0.9999920542165484E+00
                          0.9999920304897575E+00
                          0.9999920067098689E+00
                          0.9999919828768034E+00
                          0.9999919589904819E+00
                          0.9999919350508250E+00
                          0.9999919110577534E+00
                          0.9999918870111878E+00
                          0.9999918629110487E+00
                          0.9999918387572565E+00
                          0.9999918145497310E+00
                          0.9999917902883948E+00
                          0.9999917659731637E+00
                          0.9999917416039654E+00
                          0.9999917171807133E+00
                          0.9999916927033301E+00
                          0.9999916681717355E+00
                          0.9999916435858497E+00
                          0.9999916189455926E+00
                          0.9999915942508841E+00
                          0.9999915695016441E+00
                          0.9999915446977925E+00
                          0.9999915198392487E+00
                          0.9999914949259326E+00
                          0.9999914699577638E+00
                          0.9999914449346617E+00
                          0.9999914198565459E+00
                          0.9999913947233360E+00
                          0.9999913695349509E+00
                          0.9999913442913104E+00
                          0.9999913189923334E+00
                          0.9999912936379394E+00
                          0.9999912682280472E+00
                          0.9999912427625761E+00
                          0.9999912172414451E+00
                          0.9999911916645732E+00
                          0.9999911660318791E+00
                          0.9999911403432818E+00
                          0.9999911145987000E+00
                          0.9999910887980525E+00
                          0.9999910629412579E+00
                          0.9999910370282349E+00
                          0.9999910110589020E+00
                          0.9999909850331775E+00
                          0.9999909589509801E+00
                          0.9999909328122281E+00
                          0.9999909066168396E+00
                          0.9999908803647332E+00
                          0.9999908540558268E+00
                          0.9999908276900386E+00
                          0.9999908012672867E+00
                          0.9999907747874892E+00
                          0.9999907482505640E+00
                          0.9999907216564289E+00
                          0.9999906950050018E+00
                          0.9999906682962005E+00
                          0.9999906415299428E+00
                          0.9999906147061463E+00
                          0.9999905878247284E+00
                          0.9999905608856069E+00
                          0.9999905338886992E+00
                          0.9999905068339227E+00
                          0.9999904797211948E+00
                          0.9999904525504328E+00
                          0.9999904253215540E+00
                          0.9999903980344755E+00
                          0.9999903706891144E+00
                          0.9999903432853879E+00
                          0.9999903158232130E+00
                          0.9999902883025066E+00
                          0.9999902607231854E+00
                          0.9999902330851667E+00
                          0.9999902053883668E+00
                          0.9999901776327027E+00
                          0.9999901498180910E+00
                          0.9999901219444483E+00
                          0.9999900940116910E+00
                          0.9999900660197358E+00
                          0.9999900379684991E+00
                          0.9999900098578971E+00
                          0.9999899816878461E+00
                          0.9999899534582626E+00
                          0.9999899251690626E+00
                          0.9999898968201623E+00
                          0.9999898684114776E+00
                          0.9999898399429247E+00
                          0.9999898114144194E+00
                          0.9999897828258778E+00
                          0.9999897541772156E+00
                          0.9999897254683486E+00
                          0.9999896966991925E+00
                          0.9999896678696629E+00
                          0.9999896389796755E+00
                          0.9999896100291458E+00
                          0.9999895810179892E+00
                          0.9999895519461213E+00
                          0.9999895228134573E+00
                          0.9999894936199126E+00
                          0.9999894643654024E+00
                          0.9999894350498418E+00
                          0.9999894056731461E+00
                          0.9999893762352303E+00
                          0.9999893467360094E+00
                          0.9999893171753983E+00
                          0.9999892875533118E+00
                          0.9999892578696651E+00
                          0.9999892281243726E+00
                          0.9999891983173492E+00
                          0.9999891684485095E+00
                          0.9999891385177681E+00
                          0.9999891085250395E+00
                          0.9999890784702382E+00
                          0.9999890483532787E+00
                          0.9999890181740753E+00
                          0.9999889879325422E+00
                          0.9999889576285937E+00
                          0.9999889272621442E+00
                          0.9999888968331074E+00
                          0.9999888663413978E+00
                          0.9999888357869292E+00
                          0.9999888051696155E+00
                          0.9999887744893706E+00
                          0.9999887437461085E+00
                          0.9999887129397428E+00
                          0.9999886820701872E+00
                          0.9999886511373555E+00
                          0.9999886201411612E+00
                          0.9999885890815178E+00
                          0.9999885579583387E+00
                          0.9999885267715376E+00
                          0.9999884955210276E+00
                          0.9999884642067222E+00
                          0.9999884328285344E+00
                          0.9999884013863776E+00
                          0.9999883698801648E+00
                          0.9999883383098090E+00
                          0.9999883066752235E+00
                          0.9999882749763209E+00
                          0.9999882432130143E+00
                          0.9999882113852164E+00
                          0.9999881794928400E+00
                          0.9999881475357980E+00
                          0.9999881155140028E+00
                          0.9999880834273670E+00
                          0.9999880512758033E+00
                          0.9999880190592240E+00
                          0.9999879867775416E+00
                          0.9999879544306686E+00
                          0.9999879220185171E+00
                          0.9999878895409993E+00
                          0.9999878569980275E+00
                          0.9999878243895138E+00
                          0.9999877917153702E+00
                          0.9999877589755088E+00
                          0.9999877261698416E+00
                          0.9999876932982802E+00
                          0.9999876603607367E+00
                          0.9999876273571228E+00
                          0.9999875942873502E+00
                          0.9999875611513304E+00
                          0.9999875279489752E+00
                          0.9999874946801960E+00
                          0.9999874613449043E+00
                          0.9999874279430117E+00
                          0.9999873944744292E+00
                          0.9999873609390684E+00
                          0.9999873273368404E+00
                          0.9999872936676564E+00
                          0.9999872599314273E+00
                          0.9999872261280647E+00
                          0.9999871922574791E+00
                          0.9999871583195816E+00
                          0.9999871243142833E+00
                          0.9999870902414946E+00
                          0.9999870561011265E+00
                          0.9999870218930897E+00
                          0.9999869876172950E+00
                          0.9999869532736526E+00
                          0.9999869188620734E+00
                          0.9999868843824676E+00
                          0.9999868498347458E+00
                          0.9999868152188184E+00
                          0.9999867805345954E+00
                          0.9999867457819873E+00
                          0.9999867109609042E+00
                          0.9999866760712562E+00
                          0.9999866411129533E+00
                          0.9999866060859056E+00
                          0.9999865709900231E+00
                          0.9999865358252155E+00
                          0.9999865005913926E+00
                          0.9999864652884644E+00
                          0.9999864299163405E+00
                          0.9999863944749303E+00
                          0.9999863589641438E+00
                          0.9999863233838903E+00
                          0.9999862877340792E+00
                          0.9999862520146201E+00
                          0.9999862162254222E+00
                          0.9999861803663949E+00
                          0.9999861444374473E+00
                          0.9999861084384886E+00
                          0.9999860723694280E+00
                          0.9999860362301746E+00
                          0.9999860000206373E+00
                          0.9999859637407250E+00
                          0.9999859273903466E+00
                          0.9999858909694110E+00
                          0.9999858544778271E+00
                          0.9999858179155031E+00
                          0.9999857812823482E+00
                          0.9999857445782706E+00
                          0.9999857078031790E+00
                          0.9999856709569818E+00
                          0.9999856340395875E+00
                          0.9999855970509043E+00
                          0.9999855599908406E+00
                          0.9999855228593048E+00
                          0.9999854856562046E+00
                          0.9999854483814485E+00
                          0.9999854110349444E+00
                          0.9999853736166004E+00
                          0.9999853361263245E+00
                          0.9999852985640243E+00
                          0.9999852609296077E+00
                          0.9999852232229827E+00
                          0.9999851854440567E+00
                          0.9999851475927375E+00
                          0.9999851096689326E+00
                          0.9999850716725497E+00
                          0.9999850336034960E+00
                          0.9999849954616792E+00
                          0.9999849572470063E+00
                          0.9999849189593849E+00
                          0.9999848805987221E+00
                          0.9999848421649250E+00
                          0.9999848036579009E+00
                          0.9999847650775567E+00
                          0.9999847264237994E+00
                          0.9999846876965359E+00
                          0.9999846488956733E+00
                          0.9999846100211182E+00
                          0.9999845710727773E+00
                          0.9999845320505575E+00
                          0.9999844929543653E+00
                          0.9999844537841074E+00
                          0.9999844145396902E+00
                          0.9999843752210202E+00
                          0.9999843358280038E+00
                          0.9999842963605474E+00
                          0.9999842568185573E+00
                          0.9999842172019396E+00
                          0.9999841775106005E+00
                          0.9999841377444463E+00
                          0.9999840979033828E+00
                          0.9999840579873160E+00
                          0.9999840179961521E+00
                          0.9999839779297968E+00
                          0.9999839377881558E+00
                          0.9999838975711349E+00
                          0.9999838572786399E+00
                          0.9999838169105765E+00
                          0.9999837764668501E+00
                          0.9999837359473663E+00
                          0.9999836953520306E+00
                          0.9999836546807483E+00
                          0.9999836139334248E+00
                          0.9999835731099654E+00
                          0.9999835322102754E+00
                          0.9999834912342598E+00
                          0.9999834501818238E+00
                          0.9999834090528723E+00
                          0.9999833678473106E+00
                          0.9999833265650433E+00
                          0.9999832852059755E+00
                          0.9999832437700119E+00
                          0.9999832022570573E+00
                          0.9999831606670164E+00
                          0.9999831189997939E+00
                          0.9999830772552941E+00
                          0.9999830354334218E+00
                          0.9999829935340814E+00
                          0.9999829515571772E+00
                          0.9999829095026137E+00
                          0.9999828673702950E+00
                          0.9999828251601255E+00
                          0.9999827828720091E+00
                          0.9999827405058502E+00
                          0.9999826980615528E+00
                          0.9999826555390208E+00
                          0.9999826129381580E+00
                          0.9999825702588686E+00
                          0.9999825275010562E+00
                          0.9999824846646245E+00
                          0.9999824417494773E+00
                          0.9999823987555182E+00
                          0.9999823556826507E+00
                          0.9999823125307785E+00
                          0.9999822692998049E+00
                          0.9999822259896334E+00
                          0.9999821826001672E+00
                          0.9999821391313097E+00
                          0.9999820955829641E+00
                          0.9999820519550336E+00
                          0.9999820082474212E+00
                          0.9999819644600301E+00
                          0.9999819205927630E+00
                          0.9999818766455232E+00
                          0.9999818326182133E+00
                          0.9999817885107362E+00
                          0.9999817443229946E+00
                          0.9999817000548912E+00
                          0.9999816557063287E+00
                          0.9999816112772096E+00
                          0.9999815667674365E+00
                          0.9999815221769118E+00
                          0.9999814775055379E+00
                          0.9999814327532172E+00
                          0.9999813879198518E+00
                          0.9999813430053440E+00
                          0.9999812980095961E+00
                          0.9999812529325101E+00
                          0.9999812077739880E+00
                          0.9999811625339319E+00
                          0.9999811172122436E+00
                          0.9999810718088249E+00
                          0.9999810263235779E+00
                          0.9999809807564041E+00
                          0.9999809351072052E+00
                          0.9999808893758829E+00
                          0.9999808435623389E+00
                          0.9999807976664744E+00
                          0.9999807516881911E+00
                          0.9999807056273903E+00
                          0.9999806594839734E+00
                          0.9999806132578416E+00
                          0.9999805669488961E+00
                          0.9999805205570382E+00
                          0.9999804740821688E+00
                          0.9999804275241891E+00
                          0.9999803808830001E+00
                          0.9999803341585026E+00
                          0.9999802873505976E+00
                          0.9999802404591858E+00
                          0.9999801934841679E+00
                          0.9999801464254447E+00
                          0.9999800992829168E+00
                          0.9999800520564848E+00
                          0.9999800047460490E+00
                          0.9999799573515101E+00
                          0.9999799098727685E+00
                          0.9999798623097244E+00
                          0.9999798146622781E+00
                          0.9999797669303299E+00
                          0.9999797191137798E+00
                          0.9999796712125281E+00
                          0.9999796232264746E+00
                          0.9999795751555195E+00
                          0.9999795269995626E+00
                          0.9999794787585038E+00
                          0.9999794304322429E+00
                          0.9999793820206797E+00
                          0.9999793335237138E+00
                          0.9999792849412449E+00
                          0.9999792362731724E+00
                          0.9999791875193961E+00
                          0.9999791386798151E+00
                          0.9999790897543291E+00
                          0.9999790407428373E+00
                          0.9999789916452390E+00
                          0.9999789424614334E+00
                          0.9999788931913196E+00
                          0.9999788438347967E+00
                          0.9999787943917640E+00
                          0.9999787448621200E+00
                          0.9999786952457640E+00
                          0.9999786455425949E+00
                          0.9999785957525111E+00
                          0.9999785458754117E+00
                          0.9999784959111953E+00
                          0.9999784458597605E+00
                          0.9999783957210058E+00
                          0.9999783454948298E+00
                          0.9999782951811309E+00
                          0.9999782447798076E+00
                          0.9999781942907581E+00
                          0.9999781437138807E+00
                          0.9999780930490737E+00
                          0.9999780422962351E+00
                          0.9999779914552631E+00
                          0.9999779405260557E+00
                          0.9999778895085109E+00
                          0.9999778384025266E+00
                          0.9999777872080007E+00
                          0.9999777359248310E+00
                          0.9999776845529151E+00
                          0.9999776330921508E+00
                          0.9999775815424358E+00
                          0.9999775299036675E+00
                          0.9999774781757436E+00
                          0.9999774263585613E+00
                          0.9999773744520183E+00
                          0.9999773224560116E+00
                          0.9999772703704386E+00
                          0.9999772181951966E+00
                          0.9999771659301827E+00
                          0.9999771135752940E+00
                          0.9999770611304274E+00
                          0.9999770085954801E+00
                          0.9999769559703489E+00
                          0.9999769032549305E+00
                          0.9999768504491220E+00
                          0.9999767975528200E+00
                          0.9999767445659211E+00
                          0.9999766914883221E+00
                          0.9999766383199195E+00
                          0.9999765850606097E+00
                          0.9999765317102892E+00
                          0.9999764782688544E+00
                          0.9999764247362016E+00
                          0.9999763711122273E+00
                          0.9999763173968272E+00
                          0.9999762635898980E+00
                          0.9999762096913355E+00
                          0.9999761557010357E+00
                          0.9999761016188947E+00
                          0.9999760474448084E+00
                          0.9999759931786726E+00
                          0.9999759388203832E+00
                          0.9999758843698358E+00
                          0.9999758298269261E+00
                          0.9999757751915499E+00
                          0.9999757204636025E+00
                          0.9999756656429796E+00
                          0.9999756107295765E+00
                          0.9999755557232887E+00
                          0.9999755006240115E+00
                          0.9999754454316402E+00
                          0.9999753901460698E+00
                          0.9999753347671957E+00
                          0.9999752792949129E+00
                          0.9999752237291165E+00
                          0.9999751680697013E+00
                          0.9999751123165623E+00
                          0.9999750564695945E+00
                          0.9999750005286925E+00
                          0.9999749444937510E+00
                          0.9999748883646650E+00
                          0.9999748321413288E+00
                          0.9999747758236369E+00
                          0.9999747194114842E+00
                          0.9999746629047648E+00
                          0.9999746063033731E+00
                          0.9999745496072037E+00
                          0.9999744928161505E+00
                          0.9999744359301079E+00
                          0.9999743789489701E+00
                          0.9999743218726311E+00
                          0.9999742647009850E+00
                          0.9999742074339257E+00
                          0.9999741500713470E+00
                          0.9999740926131431E+00
                          0.9999740350592075E+00
                          0.9999739774094339E+00
                          0.9999739196637163E+00
                          0.9999738618219479E+00
                          0.9999738038840226E+00
                          0.9999737458498338E+00
                          0.9999736877192748E+00
                          0.9999736294922391E+00
                          0.9999735711686201E+00
                          0.9999735127483109E+00
                          0.9999734542312049E+00
                          0.9999733956171950E+00
                          0.9999733369061744E+00
                          0.9999732780980362E+00
                          0.9999732191926733E+00
                          0.9999731601899786E+00
                          0.9999731010898451E+00
                          0.9999730418921654E+00
                          0.9999729825968322E+00
                          0.9999729232037384E+00
                          0.9999728637127765E+00
                          0.9999728041238390E+00
                          0.9999727444368185E+00
                          0.9999726846516073E+00
                          0.9999726247680979E+00
                          0.9999725647861827E+00
                          0.9999725047057537E+00
                          0.9999724445267033E+00
                          0.9999723842489237E+00
                          0.9999723238723068E+00
                          0.9999722633967447E+00
                          0.9999722028221294E+00
                          0.9999721421483528E+00
                          0.9999720813753068E+00
                          0.9999720205028831E+00
                          0.9999719595309735E+00
                          0.9999718984594695E+00
                          0.9999718372882630E+00
                          0.9999717760172454E+00
                          0.9999717146463082E+00
                          0.9999716531753428E+00
                          0.9999715916042405E+00
                          0.9999715299328930E+00
                          0.9999714681611912E+00
                          0.9999714062890264E+00
                          0.9999713443162898E+00
                          0.9999712822428724E+00
                          0.9999712200686651E+00
                          0.9999711577935593E+00
                          0.9999710954174454E+00
                          0.9999710329402146E+00
                          0.9999709703617576E+00
                          0.9999709076819651E+00
                          0.9999708449007277E+00
                          0.9999707820179362E+00
                          0.9999707190334810E+00
                          0.9999706559472527E+00
                          0.9999705927591416E+00
                          0.9999705294690382E+00
                          0.9999704660768327E+00
                          0.9999704025824155E+00
                          0.9999703389856767E+00
                          0.9999702752865065E+00
                          0.9999702114847949E+00
                          0.9999701475804321E+00
                          0.9999700835733080E+00
                          0.9999700194633123E+00
                          0.9999699552503351E+00
                          0.9999698909342660E+00
                          0.9999698265149949E+00
                          0.9999697619924113E+00
                          0.9999696973664050E+00
                          0.9999696326368654E+00
                          0.9999695678036822E+00
                          0.9999695028667445E+00
                          0.9999694378259419E+00
                          0.9999693726811638E+00
                          0.9999693074322993E+00
                          0.9999692420792375E+00
                          0.9999691766218678E+00
                          0.9999691110600791E+00
                          0.9999690453937606E+00
                          0.9999689796228011E+00
                          0.9999689137470895E+00
                          0.9999688477665147E+00
                          0.9999687816809656E+00
                          0.9999687154903307E+00
                          0.9999686491944989E+00
                          0.9999685827933587E+00
                          0.9999685162867985E+00
                          0.9999684496747070E+00
                          0.9999683829569725E+00
                          0.9999683161334837E+00
                          0.9999682492041284E+00
                          0.9999681821687953E+00
                          0.9999681150273724E+00
                          0.9999680477797478E+00
                          0.9999679804258097E+00
                          0.9999679129654460E+00
                          0.9999678453985448E+00
                          0.9999677777249938E+00
                          0.9999677099446811E+00
                          0.9999676420574943E+00
                          0.9999675740633213E+00
                          0.9999675059620495E+00
                          0.9999674377535668E+00
                          0.9999673694377605E+00
                          0.9999673010145183E+00
                          0.9999672324837275E+00
                          0.9999671638452755E+00
                          0.9999670950990497E+00
                          0.9999670262449373E+00
                          0.9999669572828254E+00
                          0.9999668882126012E+00
                          0.9999668190341519E+00
                          0.9999667497473643E+00
                          0.9999666803521255E+00
                          0.9999666108483225E+00
                          0.9999665412358419E+00
                          0.9999664715145707E+00
                          0.9999664016843957E+00
                          0.9999663317452031E+00
                          0.9999662616968800E+00
                          0.9999661915393127E+00
                          0.9999661212723878E+00
                          0.9999660508959917E+00
                          0.9999659804100106E+00
                          0.9999659098143311E+00
                          0.9999658391088393E+00
                          0.9999657682934215E+00
                          0.9999656973679637E+00
                          0.9999656263323521E+00
                          0.9999655551864726E+00
                          0.9999654839302111E+00
                          0.9999654125634538E+00
                          0.9999653410860863E+00
                          0.9999652694979945E+00
                          0.9999651977990639E+00
                          0.9999651259891805E+00
                          0.9999650540682297E+00
                          0.9999649820360971E+00
                          0.9999649098926682E+00
                          0.9999648376378284E+00
                          0.9999647652714631E+00
                          0.9999646927934575E+00
                          0.9999646202036970E+00
                          0.9999645475020668E+00
                          0.9999644746884518E+00
                          0.9999644017627375E+00
                          0.9999643287248086E+00
                          0.9999642555745500E+00
                          0.9999641823118469E+00
                          0.9999641089365839E+00
                          0.9999640354486459E+00
                          0.9999639618479175E+00
                          0.9999638881342835E+00
                          0.9999638143076285E+00
                          0.9999637403678370E+00
                          0.9999636663147934E+00
                          0.9999635921483823E+00
                          0.9999635178684878E+00
                          0.9999634434749946E+00
                          0.9999633689677867E+00
                          0.9999632943467484E+00
                          0.9999632196117636E+00
                          0.9999631447627167E+00
                          0.9999630697994916E+00
                          0.9999629947219721E+00
                          0.9999629195300423E+00
                          0.9999628442235861E+00
                          0.9999627688024869E+00
                          0.9999626932666289E+00
                          0.9999626176158954E+00
                          0.9999625418501702E+00
                          0.9999624659693367E+00
                          0.9999623899732786E+00
                          0.9999623138618792E+00
                          0.9999622376350218E+00
                          0.9999621612925897E+00
                          0.9999620848344664E+00
                          0.9999620082605348E+00
                          0.9999619315706783E+00
                          0.9999618547647797E+00
                          0.9999617778427222E+00
                          0.9999617008043887E+00
                          0.9999616236496622E+00
                          0.9999615463784254E+00
                          0.9999614689905610E+00
                          0.9999613914859520E+00
                          0.9999613138644808E+00
                          0.9999612361260303E+00
                          0.9999611582704827E+00
                          0.9999610802977207E+00
                          0.9999610022076266E+00
                          0.9999609240000829E+00
                          0.9999608456749719E+00
                          0.9999607672321756E+00
