 height of levels
  0.0000E+00
  0.8668E+04
  0.1682E+05
  0.2448E+05
  0.3171E+05
  0.3853E+05
  0.4499E+05
  0.5113E+05
  0.5698E+05
  0.6261E+05
  0.6808E+05
  0.7341E+05
  0.7866E+05
  0.8384E+05
  0.8898E+05
  0.9410E+05
  0.9923E+05
  0.1044E+06
  0.1096E+06
  0.1149E+06
  0.1203E+06
  0.1258E+06
  0.1315E+06
  0.1373E+06
  0.1433E+06
  0.1495E+06
  0.1560E+06
  0.1627E+06
  0.1697E+06
  0.1770E+06
  0.1846E+06
  0.1926E+06
  0.2010E+06
  0.2098E+06
  0.2192E+06
  0.2292E+06
  0.2397E+06
  0.2511E+06
  0.2633E+06
  0.2764E+06
  0.2907E+06
  0.3064E+06
  0.3237E+06
  0.3429E+06
  0.3647E+06
  0.3895E+06
  0.4183E+06
  0.4517E+06
  0.4888E+06
  0.5169E+06
  0.5282E+06
