 Outgoing longwave flux vs. time [W/m2]
  0.1280E+03
  0.1210E+03
  0.1140E+03
  0.1087E+03
  0.1046E+03
  0.1011E+03
  0.9810E+02
  0.9557E+02
  0.9323E+02
  0.9117E+02
  0.8936E+02
  0.8777E+02
  0.8623E+02
  0.8486E+02
  0.8360E+02
  0.8252E+02
  0.8147E+02
  0.8049E+02
  0.7958E+02
  0.7872E+02
  0.7796E+02
  0.7724E+02
  0.7656E+02
  0.7590E+02
  0.7531E+02
  0.7476E+02
  0.7422E+02
  0.7371E+02
  0.7323E+02
  0.7275E+02
  0.7232E+02
  0.7188E+02
  0.7148E+02
  0.7114E+02
  0.7077E+02
  0.7042E+02
  0.7007E+02
  0.6974E+02
  0.6942E+02
  0.6914E+02
  0.6885E+02
  0.6858E+02
  0.6830E+02
  0.6803E+02
  0.6780E+02
  0.6755E+02
  0.6732E+02
  0.6708E+02
  0.6685E+02
  0.6664E+02
  0.6645E+02
  0.6625E+02
  0.6606E+02
  0.6588E+02
  0.6570E+02
  0.6553E+02
  0.6535E+02
  0.6518E+02
  0.6502E+02
  0.6486E+02
  0.6470E+02
  0.6456E+02
  0.6442E+02
  0.6429E+02
  0.6414E+02
  0.6400E+02
  0.6387E+02
  0.6375E+02
  0.6363E+02
  0.6350E+02
  0.6339E+02
  0.6327E+02
  0.6316E+02
  0.6304E+02
  0.6294E+02
  0.6284E+02
  0.6274E+02
  0.6264E+02
  0.6254E+02
  0.6244E+02
  0.6234E+02
  0.6225E+02
  0.6216E+02
  0.6208E+02
  0.6199E+02
  0.6191E+02
  0.6182E+02
  0.6174E+02
  0.6166E+02
  0.6158E+02
  0.6151E+02
  0.6142E+02
  0.6135E+02
  0.6127E+02
  0.6120E+02
  0.6114E+02
  0.6107E+02
  0.6100E+02
  0.6093E+02
  0.6087E+02
  0.6080E+02
  0.6074E+02
  0.6067E+02
  0.6061E+02
  0.6055E+02
  0.6049E+02
  0.6043E+02
  0.6037E+02
  0.6031E+02
  0.6025E+02
  0.6019E+02
  0.6014E+02
  0.6008E+02
  0.6002E+02
  0.5996E+02
  0.5990E+02
  0.5985E+02
  0.5979E+02
  0.5973E+02
  0.5969E+02
  0.5962E+02
  0.5956E+02
  0.5951E+02
  0.5946E+02
  0.5940E+02
  0.5934E+02
  0.5929E+02
  0.5922E+02
  0.5918E+02
  0.5913E+02
  0.5907E+02
  0.5901E+02
  0.5896E+02
  0.5892E+02
  0.5886E+02
  0.5880E+02
  0.5875E+02
  0.5870E+02
  0.5865E+02
  0.5859E+02
  0.5855E+02
  0.5850E+02
  0.5844E+02
  0.5839E+02
  0.5834E+02
  0.5829E+02
  0.5824E+02
  0.5819E+02
  0.5813E+02
  0.5810E+02
  0.5805E+02
  0.5800E+02
  0.5794E+02
  0.5789E+02
  0.5785E+02
  0.5780E+02
  0.5775E+02
  0.5770E+02
  0.5765E+02
  0.5761E+02
  0.5756E+02
  0.5751E+02
  0.5746E+02
  0.5742E+02
  0.5737E+02
  0.5732E+02
  0.5728E+02
  0.5724E+02
  0.5720E+02
  0.5715E+02
  0.5711E+02
  0.5707E+02
  0.5702E+02
  0.5698E+02
  0.5694E+02
  0.5689E+02
  0.5685E+02
  0.5680E+02
  0.5676E+02
  0.5672E+02
  0.5667E+02
  0.5663E+02
  0.5660E+02
  0.5656E+02
  0.5651E+02
  0.5648E+02
  0.5644E+02
  0.5640E+02
  0.5636E+02
  0.5631E+02
  0.5628E+02
  0.5624E+02
  0.5619E+02
  0.5615E+02
  0.5611E+02
  0.5607E+02
  0.5603E+02
  0.5600E+02
  0.5596E+02
  0.5592E+02
  0.5588E+02
  0.5585E+02
  0.5581E+02
  0.5577E+02
  0.5573E+02
  0.5569E+02
  0.5566E+02
  0.5563E+02
  0.5559E+02
  0.5555E+02
  0.5552E+02
  0.5548E+02
  0.5544E+02
  0.5540E+02
  0.5536E+02
  0.5533E+02
  0.5529E+02
  0.5526E+02
  0.5522E+02
  0.5519E+02
  0.5516E+02
  0.5512E+02
  0.5510E+02
  0.5506E+02
  0.5502E+02
  0.5499E+02
  0.5496E+02
  0.5493E+02
  0.5490E+02
  0.5487E+02
  0.5483E+02
  0.5479E+02
  0.5476E+02
  0.5474E+02
  0.5470E+02
  0.5468E+02
  0.5465E+02
  0.5462E+02
  0.5459E+02
  0.5457E+02
  0.5454E+02
  0.5451E+02
  0.5451E+02
  0.5449E+02
  0.5448E+02
  0.5445E+02
  0.5445E+02
  0.5443E+02
  0.5441E+02
  0.5440E+02
  0.5438E+02
  0.5438E+02
  0.5437E+02
  0.5436E+02
  0.5434E+02
  0.5434E+02
  0.5433E+02
  0.5433E+02
  0.5431E+02
  0.5430E+02
  0.5430E+02
  0.5430E+02
  0.5429E+02
  0.5430E+02
  0.5429E+02
  0.5429E+02
  0.5428E+02
  0.5428E+02
  0.5428E+02
  0.5429E+02
  0.5429E+02
  0.5430E+02
  0.5429E+02
  0.5430E+02
  0.5430E+02
  0.5430E+02
  0.5431E+02
  0.5432E+02
  0.5432E+02
  0.5433E+02
  0.5434E+02
  0.5435E+02
  0.5436E+02
  0.5438E+02
  0.5439E+02
  0.5440E+02
  0.5442E+02
  0.5443E+02
  0.5444E+02
  0.5445E+02
  0.5446E+02
  0.5446E+02
  0.5447E+02
  0.5447E+02
  0.5448E+02
  0.5448E+02
  0.5449E+02
  0.5449E+02
  0.5451E+02
  0.5450E+02
  0.5452E+02
  0.5452E+02
  0.5452E+02
  0.5453E+02
  0.5453E+02
  0.5453E+02
  0.5453E+02
  0.5454E+02
  0.5454E+02
  0.5454E+02
  0.5454E+02
  0.5455E+02
  0.5455E+02
  0.5455E+02
  0.5455E+02
  0.5455E+02
  0.5455E+02
  0.5455E+02
  0.5455E+02
  0.5455E+02
  0.5455E+02
  0.5456E+02
  0.5455E+02
  0.5456E+02
  0.5455E+02
  0.5456E+02
  0.5455E+02
  0.5456E+02
  0.5456E+02
  0.5456E+02
  0.5456E+02
  0.5456E+02
  0.5456E+02
  0.5456E+02
  0.5456E+02
  0.5456E+02
  0.5456E+02
  0.5456E+02
  0.5456E+02
  0.5456E+02
  0.5456E+02
  0.5456E+02
  0.5456E+02
  0.5456E+02
  0.5456E+02
  0.5456E+02
  0.5456E+02
  0.5456E+02
  0.5456E+02
  0.5456E+02
  0.5456E+02
  0.5456E+02
  0.5456E+02
  0.5456E+02
  0.5456E+02
  0.5456E+02
  0.5456E+02
  0.5456E+02
  0.5456E+02
  0.5456E+02
  0.5456E+02
  0.5456E+02
  0.5456E+02
  0.5456E+02
  0.5456E+02
  0.5456E+02
  0.5456E+02
  0.5456E+02
  0.5456E+02
  0.5456E+02
  0.5456E+02
  0.5456E+02
  0.5456E+02
  0.5456E+02
  0.5456E+02
  0.5456E+02
  0.5456E+02
  0.5456E+02
  0.5456E+02
  0.5456E+02
  0.5456E+02
  0.5456E+02
  0.5456E+02
  0.5456E+02
  0.5456E+02
  0.5456E+02
  0.5456E+02
  0.5456E+02
  0.5456E+02
  0.5456E+02
  0.5456E+02
  0.5456E+02
  0.5456E+02
  0.5456E+02
  0.5456E+02
  0.5456E+02
  0.5456E+02
  0.5456E+02
  0.5456E+02
  0.5456E+02
  0.5456E+02
  0.5456E+02
  0.5456E+02
  0.5456E+02
  0.5456E+02
  0.5456E+02
  0.5456E+02
  0.5456E+02
  0.5456E+02
  0.5456E+02
  0.5456E+02
  0.5456E+02
  0.5456E+02
  0.5456E+02
  0.5456E+02
  0.5456E+02
  0.5456E+02
  0.5456E+02
  0.5456E+02
  0.5456E+02
  0.5456E+02
  0.5456E+02
  0.5456E+02
  0.5456E+02
  0.5456E+02
  0.5456E+02
  0.5456E+02
  0.5456E+02
  0.5456E+02
  0.5456E+02
  0.5456E+02
  0.5456E+02
  0.5456E+02
  0.5456E+02
  0.5456E+02
  0.5456E+02
  0.5456E+02
  0.5456E+02
  0.5456E+02
  0.5456E+02
  0.5456E+02
  0.5456E+02
  0.5456E+02
  0.5456E+02
  0.5456E+02
  0.5456E+02
  0.5456E+02
  0.5456E+02
  0.5456E+02
  0.5456E+02
  0.5456E+02
  0.5456E+02
  0.5456E+02
  0.5456E+02
  0.5456E+02
  0.5456E+02
  0.5456E+02
  0.5456E+02
  0.5456E+02
  0.5456E+02
  0.5456E+02
  0.5456E+02
  0.5456E+02
  0.5456E+02
  0.5456E+02
  0.5456E+02
  0.5456E+02
  0.5456E+02
  0.5456E+02
  0.5456E+02
  0.5456E+02
  0.5456E+02
  0.5456E+02
  0.5456E+02
  0.5456E+02
  0.5456E+02
  0.5456E+02
  0.5456E+02
  0.5456E+02
  0.5456E+02
  0.5456E+02
  0.5456E+02
  0.5456E+02
  0.5456E+02
  0.5456E+02
  0.5456E+02
  0.5456E+02
  0.5456E+02
  0.5456E+02
  0.5456E+02
  0.5456E+02
  0.5456E+02
  0.5456E+02
  0.5456E+02
  0.5456E+02
  0.5456E+02
  0.5456E+02
  0.5456E+02
  0.5456E+02
  0.5456E+02
