 Spectral outgoing shortwave flux [W/m2/cm^-1]
  0.0000E+00
  0.6704E-06
  0.6640E-06
  0.4525E-06
  0.1772E-06
  0.3945E-06
  0.1927E-07
  0.7772E-10
  0.1053E-05
  0.2709E-07
  0.2177E-05
  0.1328E-06
  0.3173E-05
  0.4099E-05
  0.4563E-05
  0.6631E-06
  0.6450E-05
  0.7075E-05
  0.7997E-05
  0.7248E-05
  0.5546E-05
  0.3365E-06
  0.7944E-12
  0.1035E-11
  0.1328E-11
  0.1703E-11
  0.2136E-11
  0.2674E-11
  0.3327E-11
  0.4085E-11
  0.4985E-11
  0.5335E-10
  0.7300E-11
  0.7665E-07
  0.1092E-04
  0.1692E-04
  0.2152E-04
  0.4891E-05
  0.2034E-10
  0.3052E-09
  0.3327E-04
  0.1193E-04
  0.1686E-09
  0.4213E-10
  0.2576E-04
  0.4749E-04
  0.4946E-04
  0.5110E-04
  0.5169E-04
  0.3103E-04
  0.5387E-06
  0.1682E-05
  0.3313E-04
  0.4197E-04
  0.1052E-05
  0.2193E-07
  0.1439E-04
  0.7191E-04
  0.7462E-04
  0.7068E-04
  0.7341E-04
  0.7846E-04
  0.8165E-04
  0.6389E-04
  0.8923E-04
  0.8819E-04
  0.6615E-04
  0.8857E-04
  0.8331E-04
  0.1017E-03
  0.9287E-04
  0.9948E-04
  0.9550E-04
  0.9574E-04
  0.7147E-04
  0.6176E-05
  0.1053E-08
  0.1100E-08
  0.1168E-05
  0.1949E-05
  0.1791E-04
  0.1313E-08
  0.1424E-08
  0.1488E-08
  0.1596E-08
  0.1052E-07
  0.3004E-04
  0.6023E-04
  0.1769E-05
  0.2158E-08
  0.2411E-08
  0.2727E-08
  0.3218E-08
  0.3490E-08
  0.4023E-08
  0.4256E-08
  0.4469E-08
  0.1177E-03
  0.5497E-04
  0.6927E-04
  0.4347E-06
  0.1080E-03
  0.1567E-03
  0.2934E-04
  0.1547E-07
  0.7607E-08
  0.1428E-03
  0.2235E-03
  0.2281E-03
  0.1984E-03
  0.1531E-03
  0.1797E-03
  0.2300E-03
  0.2400E-03
  0.2514E-03
  0.2593E-03
  0.2552E-03
  0.2645E-03
  0.2596E-03
  0.2626E-03
  0.2203E-03
  0.2716E-03
  0.2717E-03
  0.2782E-03
  0.2804E-03
  0.2657E-03
  0.1663E-03
  0.2814E-03
  0.1468E-03
  0.2879E-03
  0.3015E-03
  0.2708E-03
  0.1202E-03
  0.6434E-04
  0.2883E-07
  0.2391E-04
  0.2755E-03
  0.1922E-03
  0.6560E-07
  0.3411E-07
  0.3545E-07
  0.3690E-07
  0.3540E-07
  0.3640E-07
  0.3841E-07
  0.4173E-07
  0.4157E-07
  0.4389E-07
  0.4125E-07
  0.4270E-07
  0.4187E-07
  0.2129E-03
  0.4358E-07
  0.5061E-07
  0.1977E-03
  0.2237E-03
  0.2772E-03
  0.2611E-03
  0.2413E-03
  0.1689E-04
  0.4717E-04
  0.2553E-04
  0.3434E-03
  0.3243E-03
  0.3321E-03
  0.3202E-03
  0.2571E-03
  0.3461E-03
  0.3183E-03
  0.3661E-03
  0.3438E-03
  0.4120E-03
  0.3737E-03
  0.4416E-03
  0.4087E-03
  0.4909E-03
  0.5008E-03
  0.3746E-04
  0.5053E-03
  0.5044E-03
  0.4977E-03
  0.4757E-03
  0.4638E-03
  0.4189E-03
  0.2448E-03
  0.1925E-06
  0.1827E-06
  0.2776E-03
  0.3341E-03
  0.1120E-04
  0.2031E-06
  0.2057E-06
  0.2110E-06
  0.2200E-06
  0.2225E-06
  0.2338E-06
  0.2393E-06
  0.2427E-06
  0.2537E-06
  0.2605E-06
  0.2655E-06
  0.5136E-05
  0.3000E-06
  0.2948E-06
  0.2940E-06
  0.2939E-06
  0.3895E-05
  0.5771E-03
  0.6018E-03
  0.5151E-03
  0.3353E-03
  0.3838E-03
  0.7363E-06
  0.3799E-06
  0.5991E-03
  0.6402E-03
  0.6312E-03
  0.4841E-03
  0.6584E-03
  0.6683E-03
  0.6593E-03
  0.6638E-03
  0.6468E-03
  0.6858E-03
  0.6445E-03
  0.6617E-03
  0.6777E-03
  0.6289E-03
  0.6607E-03
  0.6791E-03
  0.6680E-03
  0.6471E-03
  0.6718E-03
  0.4751E-03
  0.5815E-03
  0.5747E-03
  0.6816E-03
  0.6020E-03
  0.4984E-03
  0.4509E-03
  0.4589E-03
  0.4037E-03
  0.2133E-03
  0.1553E-03
  0.6526E-04
  0.4145E-03
  0.2405E-03
  0.4993E-04
  0.7563E-06
  0.6471E-06
  0.6539E-06
  0.3357E-03
  0.7094E-04
  0.6644E-06
  0.7625E-06
  0.4615E-04
  0.5607E-03
  0.5969E-03
  0.5706E-03
  0.1064E-03
  0.8604E-04
  0.5648E-05
  0.3124E-03
  0.5587E-03
  0.5499E-03
  0.5778E-03
  0.4904E-03
  0.8830E-06
  0.4274E-03
  0.2356E-03
  0.7925E-06
  0.3956E-03
  0.5083E-03
  0.4905E-03
  0.3464E-03
  0.1611E-03
  0.1794E-05
  0.8584E-06
  0.8816E-06
  0.8669E-06
  0.3325E-03
  0.4865E-03
  0.4893E-03
  0.4882E-03
  0.4843E-03
  0.4974E-03
  0.4857E-03
  0.4338E-03
  0.4952E-03
  0.5030E-03
  0.4926E-03
  0.4637E-03
  0.1306E-03
  0.4474E-03
  0.4255E-03
  0.4746E-03
  0.4654E-03
  0.4403E-03
  0.3259E-03
  0.1913E-03
  0.4604E-03
  0.4618E-03
  0.4348E-03
  0.1832E-03
  0.8610E-04
  0.4128E-03
  0.4550E-03
  0.4592E-03
  0.4184E-03
  0.1608E-05
  0.3491E-03
  0.4117E-03
  0.4317E-03
  0.4428E-03
  0.4311E-03
  0.4214E-03
  0.4021E-03
  0.4173E-03
  0.4097E-03
  0.3926E-03
  0.4290E-03
  0.4110E-03
  0.3630E-03
  0.3464E-03
  0.2619E-03
  0.2293E-03
  0.3407E-03
  0.1332E-05
  0.1339E-05
  0.3442E-03
  0.2540E-03
  0.3660E-04
  0.1355E-05
  0.3908E-03
  0.3723E-03
  0.3982E-03
  0.3788E-03
  0.3979E-03
  0.3855E-03
  0.3754E-03
  0.3872E-03
  0.3895E-03
  0.3783E-03
  0.3812E-03
  0.3741E-03
  0.3725E-03
  0.3747E-03
  0.3673E-03
  0.3785E-03
  0.3565E-03
  0.3630E-03
  0.3565E-03
  0.3604E-03
  0.3450E-03
  0.3526E-03
  0.3412E-03
  0.3536E-03
  0.3491E-03
  0.1312E-03
  0.3406E-03
  0.3426E-03
  0.3460E-03
  0.3315E-03
  0.3257E-03
  0.3379E-03
  0.3448E-03
  0.3438E-03
  0.3327E-03
  0.3494E-03
  0.3342E-03
  0.3359E-03
  0.3325E-03
  0.3361E-03
  0.3182E-03
  0.3389E-03
  0.3619E-04
  0.2910E-03
  0.3266E-03
  0.3239E-03
  0.3216E-03
  0.2939E-03
  0.3115E-04
  0.3255E-03
  0.3202E-03
  0.2979E-03
  0.3122E-03
  0.3170E-03
  0.3150E-03
  0.3170E-03
  0.3135E-03
  0.3176E-03
  0.3101E-03
  0.3057E-03
  0.3072E-03
  0.3010E-03
  0.3048E-03
  0.3015E-03
  0.2981E-03
  0.2969E-03
  0.2989E-03
  0.2926E-03
  0.2937E-03
  0.2905E-03
  0.2884E-03
  0.2956E-03
  0.2991E-03
  0.2906E-03
  0.2907E-03
  0.2846E-03
  0.2776E-03
  0.2728E-03
  0.2648E-03
  0.2733E-03
  0.2734E-03
  0.2657E-03
  0.2760E-03
  0.2711E-03
  0.2760E-03
  0.2705E-03
  0.2702E-03
  0.2677E-03
  0.2676E-03
  0.2651E-03
  0.2515E-03
  0.2568E-03
  0.2523E-03
  0.2523E-03
  0.2455E-03
  0.2586E-03
  0.2492E-03
  0.2439E-03
  0.2484E-03
  0.2414E-03
  0.2238E-03
  0.2099E-03
  0.2547E-03
  0.2456E-03
  0.2513E-03
  0.2619E-03
  0.2521E-03
  0.2454E-03
  0.2564E-03
  0.2484E-03
  0.2312E-03
  0.2349E-03
  0.2291E-03
  0.2417E-03
  0.2279E-03
  0.2343E-03
  0.2330E-03
  0.2271E-03
  0.2237E-03
  0.2390E-03
  0.2339E-03
  0.2298E-03
  0.2338E-03
  0.2243E-03
  0.2311E-03
  0.2196E-03
  0.2205E-03
  0.1936E-03
  0.1960E-03
  0.2155E-03
  0.2170E-03
  0.2059E-03
  0.2038E-03
  0.1940E-03
  0.2003E-03
  0.1678E-03
  0.1745E-03
  0.1708E-03
  0.1852E-03
  0.1786E-03
  0.1773E-03
  0.1805E-03
  0.2019E-03
  0.1930E-03
  0.1922E-03
  0.1949E-03
  0.1963E-03
  0.1900E-03
  0.1882E-03
  0.2013E-03
  0.2039E-03
  0.2028E-03
  0.1984E-03
  0.2033E-03
  0.1833E-03
  0.1885E-03
  0.1981E-03
  0.1985E-03
  0.1922E-03
  0.1884E-03
  0.1799E-03
  0.1802E-03
  0.1726E-03
  0.1886E-03
  0.1796E-03
  0.1818E-03
  0.1799E-03
  0.1684E-03
  0.1722E-03
  0.1714E-03
  0.1594E-03
  0.1632E-03
  0.1513E-03
  0.1593E-03
  0.1435E-03
  0.1571E-03
  0.1505E-03
  0.1410E-03
  0.1375E-03
  0.1483E-03
  0.1408E-03
  0.1446E-03
  0.1342E-03
  0.1294E-03
  0.1434E-03
  0.1308E-03
  0.1276E-03
  0.1333E-03
  0.1216E-03
  0.1441E-03
  0.1431E-03
  0.1456E-03
  0.1434E-03
  0.1517E-03
  0.1581E-03
  0.1656E-03
  0.1649E-03
  0.1640E-03
  0.1620E-03
  0.1568E-03
  0.1545E-03
  0.1561E-03
  0.1492E-03
  0.1494E-03
  0.1483E-03
  0.1486E-03
  0.1430E-03
  0.1431E-03
  0.1386E-03
  0.1488E-03
  0.1275E-03
  0.1304E-03
  0.1300E-03
  0.1174E-03
  0.1138E-03
  0.1106E-03
  0.1039E-03
  0.1013E-03
  0.9753E-04
  0.8048E-04
  0.7271E-04
  0.6886E-04
  0.6554E-04
  0.7036E-04
  0.6830E-04
  0.6006E-04
  0.4966E-04
  0.4690E-04
  0.5511E-04
  0.6050E-04
  0.5067E-04
  0.5783E-04
  0.6149E-04
  0.5610E-04
  0.6963E-04
  0.6949E-04
  0.6251E-04
  0.5459E-04
  0.4705E-04
  0.5253E-04
  0.4462E-04
  0.3736E-04
  0.3692E-04
  0.3116E-04
  0.4314E-04
  0.5763E-04
  0.5297E-04
  0.4965E-04
  0.5666E-04
  0.5423E-04
  0.4914E-04
  0.5385E-04
  0.5006E-04
  0.4410E-04
  0.4450E-04
  0.4272E-04
  0.3832E-04
  0.4430E-04
  0.4328E-04
  0.3637E-04
  0.3992E-04
  0.3588E-04
  0.3689E-04
  0.3989E-04
  0.4361E-04
  0.3503E-04
  0.4477E-04
  0.3666E-04
  0.3379E-04
  0.4144E-04
  0.3370E-04
  0.3219E-04
  0.3463E-04
  0.3031E-04
  0.2569E-04
  0.2436E-04
  0.2175E-04
  0.1932E-04
  0.1842E-04
  0.1833E-04
  0.1597E-04
  0.1521E-04
  0.1512E-04
  0.1592E-04
  0.2058E-04
  0.3350E-04
  0.2891E-04
  0.2790E-04
  0.2525E-04
  0.2092E-04
  0.2074E-04
  0.2109E-04
  0.1755E-04
  0.1677E-04
  0.1861E-04
  0.1802E-04
  0.1576E-04
  0.2179E-04
  0.2536E-04
  0.2191E-04
  0.2161E-04
  0.1751E-04
  0.1812E-04
  0.1753E-04
  0.1482E-04
  0.1458E-04
  0.1545E-04
  0.1432E-04
  0.1297E-04
  0.1861E-04
  0.1935E-04
  0.2250E-04
  0.2343E-04
  0.2161E-04
  0.2073E-04
  0.2041E-04
  0.2252E-04
  0.2664E-04
  0.2293E-04
  0.3163E-04
  0.3040E-04
  0.2966E-04
  0.2729E-04
  0.2449E-04
  0.2692E-04
  0.2538E-04
  0.2412E-04
  0.2423E-04
  0.2720E-04
  0.2501E-04
  0.2267E-04
  0.2967E-04
  0.3104E-04
  0.3294E-04
  0.2834E-04
  0.3066E-04
  0.2844E-04
  0.2775E-04
  0.2481E-04
  0.2715E-04
  0.2698E-04
  0.2653E-04
  0.2371E-04
  0.2738E-04
  0.2741E-04
  0.2991E-04
  0.3042E-04
  0.3302E-04
  0.3483E-04
  0.3346E-04
  0.3674E-04
  0.4361E-04
  0.4100E-04
  0.4124E-04
  0.3711E-04
  0.3861E-04
  0.3836E-04
  0.3299E-04
  0.2554E-04
  0.3443E-04
  0.2916E-04
  0.2651E-04
  0.2524E-04
  0.2779E-04
  0.2800E-04
  0.2488E-04
  0.2946E-04
  0.2569E-04
  0.2372E-04
  0.3027E-04
  0.2721E-04
  0.2526E-04
  0.2111E-04
  0.1729E-04
  0.2130E-04
  0.1587E-04
  0.1690E-04
  0.1992E-04
  0.1914E-04
  0.1816E-04
  0.1859E-04
  0.1679E-04
  0.1909E-04
  0.1914E-04
  0.2165E-04
  0.1970E-04
  0.1684E-04
  0.2388E-04
  0.2657E-04
  0.2246E-04
  0.2209E-04
  0.2335E-04
  0.1702E-04
  0.1655E-04
  0.1863E-04
  0.2064E-04
  0.1976E-04
  0.1579E-04
  0.1499E-04
  0.1707E-04
  0.1227E-04
  0.1948E-04
  0.2235E-04
  0.1791E-04
  0.2393E-04
  0.2365E-04
  0.1635E-04
  0.2105E-04
  0.1745E-04
  0.1952E-04
  0.2361E-04
  0.1890E-04
  0.2141E-04
  0.2549E-04
  0.2336E-04
  0.1935E-04
  0.2130E-04
  0.1350E-04
  0.2128E-04
  0.2429E-04
  0.2750E-04
  0.2273E-04
  0.2316E-04
  0.2423E-04
  0.2285E-04
  0.1208E-04
  0.1190E-04
  0.1919E-04
  0.1354E-04
  0.1353E-04
  0.2025E-04
  0.1800E-04
  0.1671E-04
  0.1525E-04
  0.9872E-05
  0.9923E-05
  0.1213E-04
  0.7952E-05
  0.7349E-05
  0.7462E-05
  0.4202E-05
  0.1241E-04
  0.1609E-04
  0.9080E-05
  0.1336E-04
  0.1194E-04
  0.1009E-04
  0.9451E-05
  0.1185E-04
  0.9930E-05
  0.1326E-04
  0.1004E-04
  0.9094E-05
  0.1011E-04
  0.1040E-04
  0.9633E-05
  0.1075E-04
  0.1228E-04
  0.8846E-05
  0.1425E-04
  0.9857E-05
  0.1190E-04
  0.1112E-04
  0.8252E-05
  0.7084E-05
  0.8130E-05
  0.8983E-05
  0.1097E-04
  0.9911E-05
  0.8270E-05
  0.8055E-05
  0.9243E-05
  0.7115E-05
  0.8450E-05
  0.1827E-04
  0.2033E-04
  0.1558E-04
  0.1886E-04
  0.1909E-04
  0.1417E-04
  0.2045E-04
  0.1786E-04
  0.1672E-04
  0.1696E-04
  0.1444E-04
  0.1144E-04
  0.1167E-04
  0.9968E-05
  0.1037E-04
  0.1118E-04
  0.9805E-05
  0.8878E-05
  0.1038E-04
  0.9898E-05
  0.9587E-05
  0.8836E-05
  0.7733E-05
  0.7877E-05
  0.4503E-05
  0.7067E-05
  0.7785E-05
  0.9317E-05
  0.9137E-05
  0.8040E-05
  0.1007E-04
  0.6999E-05
  0.5872E-05
  0.1011E-04
  0.1314E-04
  0.1453E-04
  0.9569E-05
  0.1313E-04
  0.7849E-05
  0.1100E-04
  0.1206E-04
  0.1336E-04
  0.8474E-05
  0.1153E-04
  0.1336E-04
  0.1025E-04
  0.1108E-04
  0.6955E-05
  0.9109E-05
  0.7560E-05
  0.1056E-04
  0.1313E-04
  0.9570E-05
  0.5777E-05
  0.8366E-05
  0.7435E-05
  0.6403E-05
  0.8939E-05
  0.9876E-05
  0.1020E-04
  0.1142E-04
  0.6284E-05
  0.6232E-05
  0.7461E-05
  0.7777E-05
  0.8686E-05
  0.6651E-05
  0.9909E-05
  0.9720E-05
  0.8742E-05
  0.1039E-04
  0.7448E-05
  0.5199E-05
  0.7671E-05
  0.6689E-05
  0.7189E-05
  0.4304E-05
  0.6631E-05
  0.8883E-05
  0.8368E-05
  0.9419E-05
  0.9653E-05
  0.6922E-05
  0.6316E-05
  0.7305E-05
  0.5716E-05
  0.6531E-05
  0.3925E-05
  0.6433E-05
  0.4580E-05
  0.2748E-05
  0.5274E-05
  0.7074E-05
  0.6163E-05
  0.2923E-05
  0.5783E-05
  0.3713E-05
  0.4838E-05
  0.5379E-05
  0.5818E-05
  0.2668E-05
  0.4923E-05
  0.5760E-05
  0.3877E-05
  0.3020E-05
  0.2481E-05
  0.4191E-05
  0.4035E-05
  0.5948E-05
  0.7270E-05
  0.5210E-05
  0.4604E-05
  0.6194E-05
  0.4140E-05
  0.3682E-05
  0.5995E-05
  0.4392E-05
  0.2598E-05
  0.3914E-05
  0.4217E-05
  0.3314E-05
  0.1825E-05
  0.2535E-05
  0.2002E-05
  0.2421E-05
  0.1202E-05
  0.2192E-05
  0.2283E-05
  0.9184E-06
  0.1771E-05
  0.3154E-05
  0.2743E-05
  0.1358E-05
  0.1190E-05
  0.2963E-05
  0.3644E-05
  0.1948E-05
  0.1184E-05
  0.7556E-06
  0.4807E-06
  0.1486E-05
  0.1373E-05
  0.2364E-05
  0.4229E-05
  0.1050E-05
  0.1940E-05
  0.3023E-05
  0.2100E-05
  0.3420E-05
  0.3152E-05
  0.1779E-05
  0.2122E-05
  0.1647E-05
  0.1981E-05
  0.3444E-05
  0.2912E-05
  0.1384E-05
  0.2822E-05
  0.1905E-05
  0.1448E-05
  0.1192E-05
  0.2680E-05
  0.3534E-05
  0.1599E-05
  0.2156E-05
  0.1859E-05
  0.2895E-05
  0.1759E-05
  0.2294E-05
  0.1964E-05
  0.3017E-05
  0.2980E-05
  0.2079E-05
  0.1290E-05
  0.1739E-05
  0.1439E-05
  0.1449E-05
  0.1445E-05
  0.1258E-05
  0.1527E-05
  0.1384E-05
  0.8147E-06
  0.1463E-05
  0.1328E-05
  0.3178E-06
  0.9733E-06
  0.1354E-05
  0.2244E-05
  0.2747E-05
  0.2130E-05
  0.1882E-05
  0.1467E-05
  0.1417E-05
  0.1465E-05
  0.1818E-05
  0.1134E-05
  0.1021E-05
  0.5763E-06
  0.6106E-06
  0.3507E-06
  0.1173E-06
  0.2522E-06
  0.2355E-06
  0.3717E-06
  0.6831E-06
  0.4149E-06
  0.3467E-06
  0.2911E-06
  0.2273E-06
  0.7101E-07
  0.1240E-06
  0.2690E-06
  0.2361E-06
  0.3431E-06
  0.6326E-06
  0.6239E-06
  0.2363E-06
  0.4471E-06
  0.1723E-06
  0.3017E-06
  0.4445E-06
  0.2190E-06
  0.2748E-06
  0.2538E-06
  0.2188E-06
  0.4636E-06
  0.5070E-06
  0.2505E-06
  0.1751E-06
  0.1092E-06
  0.3203E-06
  0.3901E-06
  0.4315E-06
  0.4516E-06
  0.2461E-06
  0.2845E-06
  0.2620E-06
  0.2543E-06
  0.9464E-07
  0.1318E-06
  0.2510E-06
  0.4754E-06
  0.7747E-06
  0.4639E-06
  0.7268E-06
  0.2264E-06
  0.4590E-06
  0.5457E-06
  0.2487E-06
  0.8865E-06
  0.6999E-06
  0.5105E-06
  0.5275E-06
  0.4980E-06
  0.2440E-06
  0.3020E-06
  0.1781E-06
  0.3690E-06
  0.2390E-06
  0.8313E-07
  0.7030E-07
  0.1323E-06
  0.9560E-07
  0.6814E-07
  0.1265E-06
  0.1501E-06
  0.1689E-06
  0.5327E-07
  0.9034E-07
  0.2290E-06
  0.3048E-06
  0.1297E-06
  0.1225E-06
  0.5675E-06
  0.5035E-06
  0.2773E-06
  0.5911E-06
  0.1332E-06
  0.3165E-06
  0.1424E-06
  0.2548E-06
  0.2723E-06
  0.2146E-06
  0.4920E-06
  0.3793E-06
  0.4947E-06
  0.2606E-06
  0.2617E-06
  0.1985E-06
  0.1592E-06
  0.2090E-06
  0.3775E-06
  0.2055E-06
  0.2004E-06
  0.1573E-06
  0.4385E-06
  0.2477E-06
  0.1314E-06
  0.1795E-06
  0.1727E-06
  0.1410E-06
  0.9280E-07
  0.8556E-07
  0.1997E-06
  0.1591E-06
  0.5978E-07
  0.1149E-06
  0.8518E-07
  0.9735E-07
  0.5003E-07
  0.5647E-07
  0.1326E-06
  0.1311E-06
  0.1360E-06
  0.1071E-06
  0.1869E-06
  0.2356E-06
  0.1107E-06
  0.2771E-06
  0.2310E-06
  0.1053E-06
  0.2895E-06
  0.4696E-06
  0.1381E-06
  0.2015E-06
  0.2188E-06
  0.1241E-06
  0.4836E-07
  0.1188E-06
  0.1420E-06
  0.6683E-07
  0.1137E-06
  0.2008E-06
  0.2142E-06
  0.1470E-06
  0.8259E-07
  0.4825E-07
  0.1049E-06
  0.4667E-07
  0.1483E-06
  0.9650E-07
  0.2045E-06
  0.1272E-06
  0.3076E-07
  0.9377E-07
  0.1057E-06
  0.4895E-07
  0.5828E-07
  0.7639E-07
  0.7139E-07
  0.1059E-06
  0.8714E-07
  0.6890E-07
  0.4041E-07
  0.2921E-07
  0.3490E-07
  0.7104E-07
  0.7004E-07
  0.1230E-06
  0.1279E-06
  0.1182E-06
  0.7597E-07
  0.1224E-06
  0.6927E-07
  0.2148E-07
  0.1109E-06
  0.9627E-07
  0.6773E-07
  0.1009E-06
  0.7494E-07
  0.1209E-06
  0.4399E-07
  0.6428E-07
  0.1271E-06
  0.7191E-07
  0.9098E-07
  0.7678E-07
  0.7851E-07
  0.4688E-07
  0.4065E-07
  0.5707E-07
  0.8532E-07
  0.3745E-07
  0.5778E-07
  0.5508E-07
  0.1102E-06
  0.5215E-07
  0.7374E-07
  0.9805E-07
  0.5878E-07
  0.1026E-06
  0.8119E-07
  0.5299E-07
  0.6925E-07
  0.6373E-07
  0.5035E-07
  0.5181E-07
  0.7435E-07
  0.3329E-07
  0.3955E-07
  0.6509E-07
  0.1100E-06
  0.5653E-07
  0.2091E-07
  0.1904E-06
  0.1040E-06
  0.8011E-07
  0.1098E-06
  0.8329E-07
  0.7240E-07
  0.4657E-07
  0.5702E-07
  0.6049E-07
  0.6476E-07
  0.3013E-07
  0.3291E-07
  0.6920E-07
  0.5264E-07
  0.7158E-07
  0.3115E-07
  0.4308E-07
  0.6081E-07
  0.3533E-07
  0.1936E-07
  0.2939E-07
  0.3654E-07
  0.2928E-07
  0.3355E-07
  0.3150E-07
  0.3192E-07
  0.3241E-07
  0.2852E-07
  0.2127E-07
  0.2524E-07
  0.1354E-07
  0.4752E-07
  0.2377E-07
  0.2232E-07
  0.2521E-07
  0.3354E-07
  0.2664E-07
  0.2391E-07
  0.1798E-07
  0.2515E-07
  0.3084E-07
  0.8126E-08
  0.2078E-07
  0.3488E-07
  0.8886E-08
  0.2156E-07
  0.4249E-07
  0.3188E-07
  0.4857E-07
  0.1936E-07
  0.2616E-07
  0.1976E-07
  0.3221E-07
  0.1385E-07
  0.9428E-08
  0.4320E-07
  0.2715E-07
  0.2780E-07
  0.3415E-07
  0.2642E-07
  0.1096E-07
  0.9657E-08
  0.1338E-07
  0.3551E-07
  0.1803E-07
  0.9426E-08
  0.1129E-07
  0.2081E-07
  0.1997E-07
  0.1796E-07
  0.1514E-07
  0.1293E-07
  0.1089E-07
  0.1638E-07
  0.1773E-07
  0.1836E-07
  0.1191E-07
  0.1157E-07
  0.7039E-08
  0.1723E-07
  0.1115E-07
  0.6791E-08
  0.9318E-08
  0.1016E-07
  0.1666E-07
  0.1064E-07
  0.6469E-08
  0.9126E-08
  0.1065E-07
  0.8552E-08
  0.1096E-07
  0.2401E-07
  0.2863E-08
  0.1026E-07
  0.8333E-08
  0.7509E-08
  0.5367E-08
  0.4270E-08
  0.8401E-08
  0.8122E-08
  0.5352E-08
  0.7566E-08
  0.7960E-08
  0.4910E-08
  0.6388E-08
  0.4412E-08
  0.7408E-08
  0.8572E-08
  0.7155E-08
  0.6516E-08
  0.2462E-08
  0.5567E-08
  0.1728E-08
  0.1977E-08
  0.4800E-08
  0.5791E-08
  0.6085E-08
  0.5866E-08
  0.2924E-08
  0.6795E-08
  0.4463E-08
  0.3109E-08
  0.4708E-08
  0.5896E-08
  0.3074E-08
  0.5704E-08
  0.4810E-08
  0.1416E-08
  0.2931E-08
  0.2995E-08
  0.6179E-08
  0.4342E-08
  0.4162E-08
  0.3406E-08
  0.2700E-08
  0.3236E-08
  0.1950E-08
  0.2726E-08
  0.5627E-08
  0.6957E-08
  0.5282E-08
  0.2982E-08
  0.2756E-08
  0.4325E-08
  0.2913E-08
  0.2140E-08
  0.4006E-08
  0.2164E-08
  0.3167E-08
  0.4932E-08
  0.2681E-08
  0.4145E-08
  0.4124E-08
  0.4325E-08
  0.1953E-08
  0.3445E-08
  0.2870E-08
  0.2969E-08
  0.3705E-08
  0.4417E-08
  0.4531E-08
  0.2691E-08
  0.1852E-08
  0.2224E-08
  0.2804E-08
  0.2573E-08
  0.2578E-08
  0.2084E-08
  0.3229E-08
  0.4749E-08
  0.1934E-08
  0.2617E-08
  0.3462E-08
  0.2158E-08
  0.2094E-08
  0.2601E-08
  0.2139E-08
  0.2433E-08
  0.1558E-08
  0.1625E-08
  0.1022E-08
  0.1856E-08
  0.1388E-08
  0.2153E-08
  0.1309E-08
  0.1749E-08
  0.1316E-08
  0.8656E-09
  0.1043E-08
  0.5638E-09
  0.7325E-10
  0.2002E-09
  0.5983E-09
  0.8189E-09
  0.1238E-08
  0.1587E-08
  0.1063E-08
  0.1230E-08
  0.1774E-08
  0.1121E-08
  0.1362E-08
  0.1856E-08
  0.2513E-08
  0.1475E-08
  0.1194E-08
  0.1186E-08
  0.1237E-08
  0.1507E-08
  0.1321E-08
  0.1090E-08
  0.1536E-08
  0.1028E-08
  0.1107E-08
  0.1172E-08
  0.1211E-08
  0.9479E-09
  0.1014E-08
  0.6463E-09
  0.9251E-09
  0.2138E-09
  0.9790E-09
  0.1021E-08
  0.9354E-09
  0.6337E-09
  0.5731E-09
  0.1133E-08
  0.4590E-09
  0.5468E-09
  0.4968E-09
  0.1286E-08
  0.1508E-08
  0.7030E-09
  0.2485E-09
  0.7754E-09
  0.7974E-09
  0.9288E-09
  0.6424E-09
  0.2486E-09
  0.5745E-09
  0.2954E-09
  0.8667E-09
  0.8174E-09
  0.4633E-09
  0.5905E-09
  0.7626E-09
  0.6087E-09
  0.6366E-09
  0.5914E-09
  0.4990E-09
  0.3274E-09
  0.6524E-09
  0.3408E-09
  0.5930E-09
  0.4305E-09
  0.5985E-09
  0.8149E-09
  0.4114E-09
  0.4323E-09
  0.1714E-09
  0.1223E-09
  0.5014E-09
  0.2553E-09
  0.5391E-09
  0.2485E-09
  0.7663E-09
  0.4572E-09
  0.2720E-09
  0.3676E-09
  0.4211E-09
  0.3177E-09
  0.1780E-09
  0.1937E-09
  0.8273E-10
  0.2843E-09
  0.4190E-09
  0.5107E-09
  0.3567E-09
  0.3312E-09
  0.6745E-09
  0.3944E-09
  0.3178E-09
  0.1395E-09
  0.3888E-09
  0.3115E-09
  0.1039E-09
  0.3194E-09
  0.1329E-09
  0.2970E-09
  0.1646E-09
  0.3414E-09
  0.2490E-09
  0.1878E-09
  0.3073E-09
  0.2562E-09
  0.2335E-09
  0.7028E-09
  0.1185E-09
  0.4899E-09
  0.9914E-10
  0.6728E-10
  0.3255E-09
  0.3308E-09
  0.3648E-09
  0.3224E-09
  0.3009E-09
  0.5250E-09
  0.3364E-09
  0.4033E-09
  0.1633E-09
  0.3378E-09
  0.2609E-09
  0.2118E-09
  0.3583E-09
  0.1539E-09
  0.3711E-09
  0.2683E-09
  0.1530E-09
  0.9156E-10
  0.5040E-10
  0.7049E-10
  0.2015E-09
  0.1349E-09
  0.2306E-09
  0.7766E-10
  0.1414E-09
  0.2416E-09
  0.1123E-09
  0.1682E-09
  0.1639E-09
  0.3278E-10
  0.1797E-10
  0.1619E-09
  0.7285E-11
  0.2776E-10
  0.4233E-10
  0.6011E-10
  0.1443E-09
  0.6242E-10
  0.8521E-10
  0.1813E-09
  0.1786E-09
  0.1506E-09
  0.9657E-10
  0.3303E-10
  0.1119E-09
  0.2529E-10
  0.6399E-11
  0.1810E-10
  0.4348E-10
  0.1075E-09
  0.1044E-09
  0.1333E-09
  0.1098E-09
  0.1428E-09
  0.1809E-09
  0.2266E-09
  0.6616E-10
  0.8248E-10
  0.2057E-09
  0.1399E-09
  0.6229E-10
  0.1457E-09
  0.1302E-09
  0.1770E-09
  0.1113E-09
  0.7913E-10
  0.6752E-10
  0.3339E-10
  0.6459E-10
  0.7436E-10
  0.3706E-10
  0.5452E-10
  0.7400E-10
  0.2497E-10
  0.1934E-10
  0.5795E-10
  0.5273E-10
  0.2464E-10
  0.2864E-10
  0.5861E-10
  0.2299E-10
  0.6325E-11
  0.3705E-10
  0.2261E-10
  0.3953E-10
  0.4491E-10
  0.4883E-10
  0.3903E-10
  0.5951E-10
  0.1218E-10
  0.1931E-10
  0.1532E-10
  0.2201E-10
  0.1995E-10
  0.1400E-10
  0.7460E-11
  0.7511E-11
  0.1391E-10
  0.1581E-10
  0.5391E-11
  0.4858E-10
  0.5336E-10
  0.7737E-10
  0.5072E-10
  0.7367E-10
  0.3308E-10
  0.2779E-10
  0.1393E-10
  0.5829E-10
  0.1876E-10
  0.3122E-10
  0.9598E-11
  0.1362E-10
  0.1961E-10
  0.3682E-11
  0.2085E-10
  0.1590E-10
  0.6332E-10
  0.3057E-10
  0.4872E-10
  0.5181E-10
  0.4149E-10
  0.4417E-10
  0.6352E-10
  0.3102E-10
  0.3990E-10
  0.2370E-10
  0.4677E-10
  0.3477E-10
  0.1637E-10
  0.1808E-10
  0.9183E-11
  0.3141E-10
  0.8193E-10
  0.3387E-10
  0.4385E-10
  0.1776E-10
  0.9978E-11
  0.1318E-11
  0.7483E-12
  0.1524E-11
  0.1840E-11
  0.1990E-12
  0.5310E-11
  0.3870E-11
  0.2913E-11
  0.2510E-10
  0.1307E-10
  0.1879E-10
  0.3417E-11
  0.3384E-10
  0.3350E-10
  0.4697E-11
  0.1154E-10
  0.1265E-10
  0.1066E-10
  0.1959E-10
  0.4036E-11
  0.1303E-11
  0.3306E-11
  0.3211E-11
  0.7070E-11
  0.2103E-11
  0.6089E-11
  0.2660E-10
  0.7435E-11
  0.5505E-10
  0.9516E-11
  0.1476E-10
  0.1119E-11
  0.1118E-10
  0.1199E-10
  0.7366E-12
  0.6085E-12
  0.1320E-11
  0.6592E-12
  0.2693E-11
  0.1078E-11
  0.1893E-12
  0.1582E-11
  0.2254E-10
  0.1217E-10
  0.2651E-11
  0.6317E-11
  0.1202E-11
  0.1428E-11
  0.1417E-11
  0.2487E-11
  0.6752E-12
  0.1259E-11
  0.9523E-12
  0.4278E-12
  0.2440E-12
  0.1072E-12
  0.1206E-11
  0.4755E-11
  0.1142E-10
  0.1600E-10
  0.7393E-11
  0.2017E-11
  0.6010E-11
  0.2910E-11
  0.2272E-11
  0.2407E-11
  0.1078E-10
  0.3858E-11
  0.3456E-11
  0.5529E-11
  0.5946E-11
  0.5317E-11
  0.2320E-11
  0.9212E-11
  0.3210E-11
  0.8918E-11
  0.7604E-11
  0.1875E-10
  0.3936E-11
  0.7176E-11
  0.3025E-11
  0.6518E-11
  0.1289E-11
  0.2543E-12
  0.1858E-11
  0.2838E-12
  0.2681E-12
  0.2894E-12
  0.6163E-13
  0.1648E-13
  0.1816E-11
  0.1125E-10
  0.1499E-11
  0.2904E-11
  0.5701E-11
  0.3283E-11
  0.1146E-11
  0.2026E-11
  0.1465E-11
  0.2988E-11
  0.8091E-12
  0.7628E-12
  0.2499E-12
  0.1706E-11
  0.2163E-12
  0.6085E-12
  0.7114E-12
  0.1055E-11
  0.3358E-11
  0.7329E-12
  0.8444E-12
  0.2865E-11
  0.2805E-11
  0.7055E-13
  0.7973E-12
  0.1494E-11
  0.1218E-11
  0.3733E-11
  0.3942E-12
  0.1925E-12
  0.2288E-12
  0.1355E-12
  0.6580E-13
  0.5514E-11
  0.5047E-11
  0.3716E-11
  0.4854E-11
  0.3347E-11
  0.3078E-11
  0.2284E-11
  0.1107E-11
  0.4607E-12
  0.4023E-12
  0.1313E-12
  0.7347E-12
  0.1496E-12
  0.3880E-12
  0.6172E-12
  0.9290E-12
  0.2660E-11
  0.1695E-11
  0.1336E-11
  0.7752E-12
  0.2907E-12
  0.7555E-12
  0.5690E-12
  0.3493E-12
  0.1673E-11
  0.1140E-11
  0.6276E-12
  0.3665E-13
  0.2904E-13
  0.1369E-13
  0.3543E-12
  0.4614E-13
  0.5383E-12
  0.1198E-11
  0.4023E-12
  0.3549E-12
  0.2413E-12
  0.9377E-12
  0.1687E-12
  0.2285E-12
  0.5368E-12
  0.8385E-13
  0.2706E-12
  0.4704E-12
  0.1027E-12
  0.1859E-13
  0.2957E-13
  0.3341E-11
  0.9429E-12
  0.3496E-12
  0.2352E-12
  0.2602E-12
  0.3364E-12
  0.8834E-12
  0.8156E-12
  0.1081E-12
  0.4631E-13
  0.4273E-13
  0.1422E-11
  0.2002E-12
  0.4885E-13
  0.8039E-13
  0.8435E-13
  0.7189E-14
  0.2704E-12
  0.8647E-12
  0.7653E-12
  0.1223E-11
  0.4470E-12
  0.6593E-13
  0.1657E-12
  0.2551E-12
  0.5626E-12
  0.2766E-12
  0.4194E-13
  0.1683E-12
  0.2307E-12
  0.8994E-13
  0.5492E-12
  0.9597E-14
  0.2260E-12
  0.1341E-11
  0.1580E-11
  0.9035E-12
  0.4301E-12
  0.2514E-12
  0.1992E-12
  0.2190E-12
  0.2920E-12
  0.1053E-13
  0.2484E-14
  0.4882E-13
  0.9836E-13
  0.9867E-13
  0.4297E-12
  0.2270E-13
  0.1002E-12
  0.1152E-11
  0.1684E-12
  0.2486E-13
  0.3556E-13
  0.5026E-13
  0.4404E-12
  0.8495E-13
  0.1533E-12
  0.1622E-12
  0.1168E-12
  0.3804E-13
  0.1759E-13
  0.1259E-12
  0.8415E-12
  0.4306E-13
  0.2618E-12
  0.1247E-12
  0.1434E-13
  0.6065E-14
  0.3596E-13
  0.8223E-13
  0.1331E-12
  0.9172E-13
  0.6516E-13
  0.9169E-12
  0.1852E-12
  0.2337E-12
  0.1276E-12
  0.3169E-13
  0.2597E-13
  0.9873E-14
  0.3126E-12
  0.2633E-12
  0.8588E-12
  0.1335E-12
  0.1665E-12
  0.8400E-13
  0.7581E-13
  0.2719E-13
  0.9248E-13
  0.1247E-12
  0.4047E-13
  0.2524E-12
  0.2337E-12
  0.2626E-12
  0.6816E-13
  0.4208E-13
  0.1815E-12
  0.9447E-13
  0.8849E-13
  0.4601E-12
  0.1419E-12
  0.4195E-13
  0.4201E-13
  0.1189E-12
  0.9693E-13
  0.1302E-12
  0.1628E-12
  0.1085E-12
  0.5441E-13
  0.5704E-13
  0.1837E-12
  0.5043E-13
  0.6204E-13
  0.4928E-13
  0.3026E-13
  0.2325E-13
  0.3283E-13
  0.2067E-13
  0.3627E-13
  0.3640E-13
  0.3889E-13
  0.4119E-13
  0.1273E-12
  0.9059E-13
  0.1296E-12
  0.4207E-13
  0.7868E-13
  0.1207E-12
  0.9594E-13
  0.1004E-12
  0.6159E-13
  0.4461E-13
  0.2920E-13
  0.5185E-13
  0.7273E-13
  0.2190E-13
  0.4034E-13
  0.5400E-13
  0.6791E-13
  0.4915E-13
  0.4897E-13
  0.6345E-13
  0.1787E-13
  0.5921E-13
  0.7351E-13
  0.6399E-13
  0.3042E-13
  0.6407E-13
  0.1033E-12
  0.8223E-13
  0.2700E-13
  0.3808E-13
  0.1817E-13
  0.1663E-13
  0.4047E-13
  0.3548E-13
  0.2332E-13
  0.4058E-13
  0.5460E-13
  0.5639E-13
  0.2734E-13
  0.7223E-13
  0.2312E-13
  0.1576E-13
  0.6083E-13
  0.6168E-13
  0.6792E-13
  0.2395E-13
  0.4620E-13
  0.8927E-13
  0.6083E-13
  0.2302E-13
  0.4021E-13
  0.3658E-13
  0.4464E-13
  0.9635E-14
  0.4576E-13
  0.7335E-13
  0.2502E-13
  0.2857E-12
