 Temperature at each level [K]
    191.0042
    185.8256
    180.8513
    176.1677
    171.7525
    167.7125
    164.5907
    162.1541
    160.2366
    158.6736
    157.3688
    156.4202
    155.7300
    155.3177
    155.0037
    154.7459
    154.7118
    154.6882
    154.6717
    154.7316
    154.7273
    154.7214
    154.5928
    154.3389
    154.0766
    153.7230
    153.3451
    152.8692
    152.2034
    151.6172
    151.1396
    150.7541
    150.4354
    150.1707
    149.9991
    149.9982
    149.9982
    149.9982
    149.9982
    149.9982
    149.9982
    149.9982
    149.9982
    149.9982
    149.9982
    149.9982
    149.9982
    149.9982
    149.9982
    149.9982
    149.9982
