 Flux gradient longwave
        1.0257
       18.2258
       16.7729
       11.0633
        8.2579
        7.5405
        6.7336
        5.8204
        4.5001
        3.4640
        3.0359
        2.5323
        2.4819
        2.1323
        2.1678
        2.0220
        2.0366
        1.9565
        2.0343
        2.0749
        2.1128
        2.1574
        2.2146
        2.2887
        2.3860
        2.5318
        2.5514
        2.6476
        2.6676
        2.6538
        2.4087
        2.3954
        2.2888
        2.0424
        2.0348
        1.8643
        1.8046
        1.6075
        1.5377
        1.4845
        1.5458
        1.7307
        1.6640
        1.3349
        1.1154
        1.5491
        1.2172
        0.7116
        0.2600
        0.0086
