 Temperature at each layer [K]
    369.1842
    356.0139
    301.2540
    277.9822
    267.7267
    261.4052
    255.4714
    248.9117
    242.3337
    237.1001
    233.4390
    230.6395
    228.7237
    226.9736
    225.6720
    224.2720
    223.0720
    221.8720
    220.8720
    219.8720
    218.8720
    217.8720
    216.8720
    215.8720
    214.8720
    213.8720
    212.6720
    211.4720
    210.0720
    208.4720
    206.4720
    204.6720
    202.6720
    200.4720
    198.6720
    196.6720
    194.8720
    192.8720
    191.2466
    190.1972
    190.3912
    191.3779
    190.3069
    186.7289
    183.7819
    184.4102
    178.6123
    170.3011
    174.7860
    149.9951
