 Shortwave heating rate [K/s]
  0.2090E-04
  0.2031E-04
  0.1987E-04
  0.1961E-04
  0.1984E-04
  0.2056E-04
  0.2160E-04
  0.2298E-04
  0.2442E-04
  0.2590E-04
  0.2744E-04
  0.2912E-04
  0.3098E-04
  0.3310E-04
  0.3547E-04
  0.3804E-04
  0.4073E-04
  0.4350E-04
  0.4634E-04
  0.4929E-04
  0.5239E-04
  0.5569E-04
  0.5920E-04
  0.6296E-04
  0.6706E-04
  0.7218E-04
  0.7825E-04
  0.8494E-04
  0.9254E-04
  0.1017E-03
  0.1137E-03
  0.1300E-03
  0.1525E-03
  0.1821E-03
  0.2177E-03
  0.2562E-03
  0.2942E-03
  0.3328E-03
  0.3794E-03
  0.4367E-03
  0.5041E-03
  0.6088E-03
  0.8376E-03
  0.1331E-02
  0.1773E-02
  0.2209E-02
  0.6157E-02
  0.1033E-01
  0.1893E-01
  0.3678E-01
