 Outgoing longwave flux vs. time [W/m2]
  0.9031E+02
  0.9219E+02
  0.9137E+02
  0.9056E+02
  0.8972E+02
  0.8904E+02
  0.8843E+02
  0.8773E+02
  0.8717E+02
  0.8658E+02
  0.8607E+02
  0.8571E+02
  0.8528E+02
  0.8497E+02
  0.8465E+02
  0.8436E+02
  0.8408E+02
  0.8377E+02
  0.8354E+02
  0.8327E+02
  0.8308E+02
  0.8286E+02
  0.8268E+02
  0.8249E+02
  0.8233E+02
  0.8218E+02
  0.8201E+02
  0.8186E+02
  0.8175E+02
  0.8160E+02
  0.8148E+02
  0.8133E+02
  0.8124E+02
  0.8111E+02
  0.8103E+02
  0.8089E+02
  0.8081E+02
  0.8072E+02
  0.8063E+02
  0.8057E+02
  0.8045E+02
  0.8036E+02
  0.8028E+02
  0.8020E+02
  0.8012E+02
  0.8005E+02
  0.7999E+02
  0.7992E+02
  0.7986E+02
  0.7980E+02
  0.7974E+02
  0.7968E+02
  0.7961E+02
  0.7956E+02
  0.7950E+02
  0.7944E+02
  0.7940E+02
  0.7934E+02
  0.7930E+02
  0.7926E+02
  0.7920E+02
  0.7915E+02
  0.7910E+02
  0.7905E+02
  0.7900E+02
  0.7896E+02
  0.7892E+02
  0.7891E+02
  0.7885E+02
  0.7882E+02
  0.7876E+02
  0.7875E+02
  0.7870E+02
  0.7867E+02
  0.7863E+02
  0.7860E+02
  0.7857E+02
  0.7855E+02
  0.7849E+02
  0.7847E+02
  0.7842E+02
  0.7839E+02
  0.7834E+02
  0.7832E+02
  0.7827E+02
  0.7825E+02
  0.7821E+02
  0.7817E+02
  0.7814E+02
  0.7810E+02
  0.7807E+02
  0.7803E+02
  0.7800E+02
  0.7797E+02
  0.7794E+02
  0.7791E+02
  0.7788E+02
  0.7786E+02
  0.7783E+02
  0.7781E+02
  0.7778E+02
  0.7775E+02
  0.7772E+02
  0.7770E+02
  0.7767E+02
  0.7765E+02
  0.7762E+02
  0.7759E+02
  0.7756E+02
  0.7754E+02
  0.7751E+02
  0.7748E+02
  0.7745E+02
  0.7742E+02
  0.7740E+02
  0.7737E+02
  0.7735E+02
  0.7732E+02
  0.7730E+02
  0.7726E+02
  0.7725E+02
  0.7723E+02
  0.7721E+02
  0.7719E+02
  0.7717E+02
  0.7714E+02
  0.7712E+02
  0.7709E+02
  0.7707E+02
  0.7705E+02
  0.7702E+02
  0.7700E+02
  0.7697E+02
  0.7695E+02
  0.7692E+02
  0.7690E+02
  0.7688E+02
  0.7685E+02
  0.7683E+02
  0.7681E+02
  0.7678E+02
  0.7676E+02
  0.7673E+02
  0.7671E+02
  0.7669E+02
  0.7666E+02
  0.7664E+02
  0.7662E+02
  0.7660E+02
  0.7659E+02
  0.7656E+02
  0.7654E+02
  0.7652E+02
  0.7650E+02
  0.7648E+02
  0.7646E+02
  0.7644E+02
  0.7642E+02
  0.7640E+02
  0.7638E+02
  0.7637E+02
  0.7635E+02
  0.7633E+02
  0.7631E+02
  0.7630E+02
  0.7628E+02
  0.7627E+02
  0.7625E+02
  0.7624E+02
  0.7623E+02
  0.7622E+02
  0.7621E+02
  0.7619E+02
  0.7618E+02
  0.7617E+02
  0.7616E+02
  0.7615E+02
  0.7614E+02
  0.7613E+02
  0.7612E+02
  0.7610E+02
  0.7609E+02
  0.7608E+02
  0.7607E+02
  0.7606E+02
  0.7605E+02
  0.7604E+02
  0.7603E+02
  0.7602E+02
  0.7601E+02
  0.7600E+02
  0.7599E+02
  0.7597E+02
  0.7597E+02
  0.7595E+02
  0.7594E+02
  0.7593E+02
  0.7593E+02
  0.7592E+02
  0.7591E+02
  0.7590E+02
  0.7589E+02
  0.7588E+02
  0.7587E+02
  0.7586E+02
  0.7585E+02
  0.7584E+02
  0.7584E+02
  0.7584E+02
  0.7584E+02
  0.7584E+02
  0.7584E+02
  0.7584E+02
  0.7585E+02
  0.7586E+02
  0.7586E+02
  0.7587E+02
  0.7587E+02
  0.7588E+02
  0.7588E+02
  0.7589E+02
  0.7589E+02
  0.7590E+02
  0.7590E+02
  0.7591E+02
  0.7591E+02
  0.7591E+02
  0.7591E+02
  0.7592E+02
  0.7592E+02
  0.7592E+02
  0.7593E+02
  0.7593E+02
  0.7593E+02
  0.7593E+02
  0.7594E+02
  0.7594E+02
  0.7594E+02
  0.7594E+02
  0.7594E+02
  0.7594E+02
  0.7595E+02
  0.7595E+02
  0.7595E+02
  0.7595E+02
  0.7595E+02
  0.7595E+02
  0.7595E+02
  0.7595E+02
  0.7595E+02
  0.7596E+02
  0.7596E+02
  0.7596E+02
  0.7596E+02
  0.7596E+02
  0.7596E+02
  0.7596E+02
  0.7596E+02
  0.7596E+02
  0.7596E+02
  0.7596E+02
  0.7596E+02
  0.7596E+02
  0.7596E+02
  0.7597E+02
  0.7596E+02
  0.7597E+02
  0.7597E+02
  0.7597E+02
  0.7597E+02
  0.7597E+02
  0.7597E+02
  0.7597E+02
  0.7597E+02
  0.7597E+02
  0.7597E+02
  0.7597E+02
  0.7597E+02
  0.7597E+02
  0.7597E+02
  0.7597E+02
  0.7597E+02
  0.7597E+02
  0.7597E+02
  0.7597E+02
  0.7597E+02
  0.7597E+02
  0.7597E+02
  0.7597E+02
  0.7597E+02
  0.7597E+02
  0.7597E+02
  0.7597E+02
  0.7597E+02
  0.7597E+02
  0.7597E+02
  0.7597E+02
  0.7597E+02
  0.7597E+02
  0.7597E+02
  0.7597E+02
  0.7597E+02
  0.7597E+02
  0.7597E+02
  0.7597E+02
  0.7597E+02
  0.7597E+02
  0.7597E+02
  0.7597E+02
  0.7597E+02
  0.7597E+02
  0.7597E+02
  0.7597E+02
  0.7597E+02
  0.7597E+02
  0.7597E+02
  0.7597E+02
  0.7597E+02
  0.7597E+02
  0.7597E+02
  0.7597E+02
  0.7597E+02
  0.7597E+02
  0.7597E+02
  0.7597E+02
  0.7597E+02
  0.7597E+02
  0.7597E+02
  0.7597E+02
  0.7597E+02
  0.7597E+02
  0.7597E+02
  0.7597E+02
  0.7597E+02
  0.7597E+02
  0.7597E+02
  0.7597E+02
  0.7597E+02
  0.7597E+02
  0.7597E+02
  0.7597E+02
  0.7597E+02
  0.7597E+02
  0.7597E+02
  0.7597E+02
  0.7597E+02
  0.7597E+02
  0.7597E+02
  0.7597E+02
  0.7597E+02
  0.7597E+02
  0.7597E+02
  0.7597E+02
  0.7597E+02
  0.7597E+02
  0.7597E+02
  0.7597E+02
  0.7597E+02
  0.7597E+02
  0.7597E+02
  0.7597E+02
  0.7597E+02
  0.7597E+02
  0.7597E+02
  0.7597E+02
  0.7597E+02
  0.7597E+02
  0.7597E+02
  0.7597E+02
  0.7597E+02
  0.7597E+02
  0.7597E+02
  0.7597E+02
  0.7597E+02
  0.7597E+02
  0.7597E+02
  0.7597E+02
  0.7597E+02
  0.7597E+02
  0.7597E+02
  0.7597E+02
  0.7597E+02
  0.7597E+02
  0.7597E+02
  0.7597E+02
  0.7597E+02
  0.7597E+02
  0.7597E+02
  0.7597E+02
  0.7597E+02
  0.7597E+02
  0.7597E+02
  0.7597E+02
  0.7597E+02
  0.7597E+02
  0.7597E+02
  0.7597E+02
  0.7597E+02
  0.7597E+02
  0.7597E+02
  0.7597E+02
  0.7597E+02
  0.7597E+02
  0.7597E+02
  0.7597E+02
  0.7597E+02
  0.7597E+02
  0.7597E+02
  0.7597E+02
  0.7597E+02
  0.7597E+02
  0.7597E+02
  0.7597E+02
  0.7597E+02
  0.7597E+02
  0.7597E+02
  0.7597E+02
  0.7597E+02
  0.7597E+02
  0.7597E+02
  0.7597E+02
  0.7597E+02
  0.7597E+02
  0.7597E+02
  0.7597E+02
  0.7597E+02
  0.7597E+02
  0.7597E+02
  0.7597E+02
  0.7597E+02
  0.7597E+02
  0.7597E+02
  0.7597E+02
  0.7597E+02
  0.7597E+02
  0.7597E+02
  0.7597E+02
  0.7597E+02
  0.7597E+02
  0.7597E+02
  0.7597E+02
  0.7597E+02
  0.7597E+02
  0.7597E+02
  0.7597E+02
  0.7597E+02
  0.7597E+02
  0.7597E+02
  0.7597E+02
  0.7597E+02
  0.7597E+02
  0.7597E+02
  0.7597E+02
  0.7597E+02
  0.7597E+02
  0.7597E+02
  0.7597E+02
  0.7597E+02
  0.7597E+02
  0.7597E+02
  0.7597E+02
  0.7597E+02
  0.7597E+02
  0.7597E+02
  0.7597E+02
  0.7597E+02
  0.7597E+02
  0.7597E+02
  0.7597E+02
  0.7597E+02
  0.7597E+02
  0.7597E+02
  0.7597E+02
  0.7597E+02
  0.7597E+02
  0.7597E+02
  0.7597E+02
  0.7597E+02
  0.7597E+02
  0.7597E+02
  0.7597E+02
  0.7597E+02
  0.7597E+02
  0.7597E+02
  0.7597E+02
  0.7597E+02
  0.7597E+02
  0.7597E+02
  0.7597E+02
  0.7597E+02
  0.7597E+02
  0.7597E+02
  0.7597E+02
  0.7597E+02
  0.7597E+02
  0.7597E+02
  0.7597E+02
  0.7597E+02
  0.7597E+02
  0.7597E+02
