 Species molar concentration at each layer [mol/mol]
  0.5000E-01
  0.9500E+00
  0.0000E+00
  0.2393E-03
  0.5000E-01
  0.9500E+00
  0.0000E+00
  0.1781E-03
  0.5000E-01
  0.9500E+00
  0.0000E+00
  0.1329E-03
  0.5000E-01
  0.9500E+00
  0.0000E+00
  0.9935E-04
  0.5000E-01
  0.9500E+00
  0.0000E+00
  0.7448E-04
  0.5000E-01
  0.9500E+00
  0.0000E+00
  0.5598E-04
  0.5000E-01
  0.9500E+00
  0.0000E+00
  0.4218E-04
  0.5000E-01
  0.9500E+00
  0.0000E+00
  0.3185E-04
  0.5000E-01
  0.9500E+00
  0.0000E+00
  0.2408E-04
  0.5000E-01
  0.9500E+00
  0.0000E+00
  0.1822E-04
  0.5000E-01
  0.9500E+00
  0.0000E+00
  0.1378E-04
  0.5000E-01
  0.9500E+00
  0.0000E+00
  0.1041E-04
  0.5000E-01
  0.9500E+00
  0.0000E+00
  0.7843E-05
  0.5000E-01
  0.9500E+00
  0.0000E+00
  0.5890E-05
  0.5000E-01
  0.9500E+00
  0.0000E+00
  0.4401E-05
  0.5000E-01
  0.9500E+00
  0.0000E+00
  0.3270E-05
  0.5000E-01
  0.9500E+00
  0.0000E+00
  0.2527E-05
  0.5000E-01
  0.9500E+00
  0.0000E+00
  0.2281E-05
  0.5000E-01
  0.9500E+00
  0.0000E+00
  0.2113E-05
  0.5000E-01
  0.9500E+00
  0.0000E+00
  0.2027E-05
  0.5000E-01
  0.9500E+00
  0.0000E+00
  0.1932E-05
  0.5000E-01
  0.9500E+00
  0.0000E+00
  0.1932E-05
  0.5000E-01
  0.9500E+00
  0.0000E+00
  0.1932E-05
  0.5000E-01
  0.9500E+00
  0.0000E+00
  0.1932E-05
  0.5000E-01
  0.9500E+00
  0.0000E+00
  0.1932E-05
  0.5000E-01
  0.9500E+00
  0.0000E+00
  0.1932E-05
  0.5000E-01
  0.9500E+00
  0.0000E+00
  0.1932E-05
  0.5000E-01
  0.9500E+00
  0.0000E+00
  0.1932E-05
  0.5000E-01
  0.9500E+00
  0.0000E+00
  0.1932E-05
  0.5000E-01
  0.9500E+00
  0.0000E+00
  0.1932E-05
  0.5000E-01
  0.9500E+00
  0.0000E+00
  0.1932E-05
  0.5000E-01
  0.9500E+00
  0.0000E+00
  0.1932E-05
  0.5000E-01
  0.9500E+00
  0.0000E+00
  0.1932E-05
  0.5000E-01
  0.9500E+00
  0.0000E+00
  0.1932E-05
  0.5000E-01
  0.9500E+00
  0.0000E+00
  0.1932E-05
  0.5000E-01
  0.9500E+00
  0.0000E+00
  0.1932E-05
  0.5000E-01
  0.9500E+00
  0.0000E+00
  0.1932E-05
  0.5000E-01
  0.9500E+00
  0.0000E+00
  0.1932E-05
  0.5000E-01
  0.9500E+00
  0.0000E+00
  0.1932E-05
  0.5000E-01
  0.9500E+00
  0.0000E+00
  0.1932E-05
  0.5000E-01
  0.9500E+00
  0.0000E+00
  0.1932E-05
  0.5000E-01
  0.9500E+00
  0.0000E+00
  0.1932E-05
  0.5000E-01
  0.9500E+00
  0.0000E+00
  0.1932E-05
  0.5000E-01
  0.9500E+00
  0.0000E+00
  0.1932E-05
  0.5000E-01
  0.9500E+00
  0.0000E+00
  0.1932E-05
  0.5000E-01
  0.9500E+00
  0.0000E+00
  0.1932E-05
  0.5000E-01
  0.9500E+00
  0.0000E+00
  0.1932E-05
  0.5000E-01
  0.9500E+00
  0.0000E+00
  0.1932E-05
  0.5000E-01
  0.9500E+00
  0.0000E+00
  0.1932E-05
  0.5000E-01
  0.9500E+00
  0.0000E+00
  0.1932E-05
