 Flux gradient longwave
        0.4624
        0.6167
        0.7352
        0.7044
        0.8901
        0.9398
        1.1283
        0.9537
        1.1518
        0.9211
        0.8979
        0.9132
        0.7944
        1.0194
        0.7682
        1.0902
        0.6629
        0.8324
        0.6538
        0.6714
        0.5297
        0.4560
        0.2840
        0.4184
        0.2022
        0.2566
        0.2919
        0.2973
        0.1801
        0.3310
        0.3104
        1.3168
        2.0142
        2.3111
        2.3270
        2.1383
        1.8278
        1.4734
        1.1345
        0.8476
        0.6277
        0.4762
        0.3900
        0.3571
        0.3393
        0.3689
        0.4785
        0.4583
        0.1403
        0.0226
