 Spectral outgoing longwave flux [W/m2/cm^-1]
  0.5959E-05
  0.2981E-04
  0.7119E-04
  0.1291E-03
  0.2005E-03
  0.2911E-03
  0.3930E-03
  0.5075E-03
  0.5527E-03
  0.6654E-03
  0.7897E-03
  0.9217E-03
  0.1061E-02
  0.1207E-02
  0.1342E-02
  0.1532E-02
  0.1708E-02
  0.1890E-02
  0.2079E-02
  0.2272E-02
  0.2481E-02
  0.2695E-02
  0.2915E-02
  0.3143E-02
  0.3377E-02
  0.3617E-02
  0.3866E-02
  0.4122E-02
  0.4382E-02
  0.4646E-02
  0.4922E-02
  0.5207E-02
  0.5490E-02
  0.5788E-02
  0.6088E-02
  0.6392E-02
  0.6702E-02
  0.7017E-02
  0.7338E-02
  0.7664E-02
  0.7995E-02
  0.8330E-02
  0.8668E-02
  0.9013E-02
  0.9359E-02
  0.9691E-02
  0.1007E-01
  0.1043E-01
  0.1080E-01
  0.1117E-01
  0.1154E-01
  0.1191E-01
  0.1229E-01
  0.1268E-01
  0.1306E-01
  0.1345E-01
  0.1384E-01
  0.1423E-01
  0.1463E-01
  0.1502E-01
  0.1542E-01
  0.1583E-01
  0.1623E-01
  0.1663E-01
  0.1704E-01
  0.1745E-01
  0.1787E-01
  0.1828E-01
  0.1869E-01
  0.1911E-01
  0.1952E-01
  0.1994E-01
  0.2036E-01
  0.2078E-01
  0.2120E-01
  0.2162E-01
  0.2204E-01
  0.2247E-01
  0.2289E-01
  0.2331E-01
  0.2373E-01
  0.2416E-01
  0.2458E-01
  0.2500E-01
  0.2543E-01
  0.2585E-01
  0.2627E-01
  0.2670E-01
  0.2711E-01
  0.2754E-01
  0.2796E-01
  0.2838E-01
  0.2880E-01
  0.2922E-01
  0.2964E-01
  0.3006E-01
  0.3048E-01
  0.3089E-01
  0.3131E-01
  0.3172E-01
  0.3213E-01
  0.3254E-01
  0.3296E-01
  0.3337E-01
  0.3378E-01
  0.3418E-01
  0.3459E-01
  0.3500E-01
  0.3540E-01
  0.3580E-01
  0.3620E-01
  0.3659E-01
  0.3700E-01
  0.3740E-01
  0.3779E-01
  0.3819E-01
  0.3858E-01
  0.3897E-01
  0.3935E-01
  0.3974E-01
  0.4012E-01
  0.4051E-01
  0.4087E-01
  0.4128E-01
  0.4166E-01
  0.4204E-01
  0.4241E-01
  0.4279E-01
  0.4316E-01
  0.4354E-01
  0.4391E-01
  0.4428E-01
  0.4464E-01
  0.4501E-01
  0.4537E-01
  0.4572E-01
  0.4608E-01
  0.4646E-01
  0.4672E-01
  0.4717E-01
  0.4750E-01
  0.4786E-01
  0.4824E-01
  0.4859E-01
  0.4894E-01
  0.4929E-01
  0.4964E-01
  0.4999E-01
  0.5034E-01
  0.5068E-01
  0.5101E-01
  0.5137E-01
  0.5171E-01
  0.5205E-01
  0.5239E-01
  0.5273E-01
  0.5307E-01
  0.5341E-01
  0.5374E-01
  0.5408E-01
  0.5440E-01
  0.5457E-01
  0.5500E-01
  0.5539E-01
  0.5573E-01
  0.5604E-01
  0.5588E-01
  0.5670E-01
  0.5703E-01
  0.5736E-01
  0.5767E-01
  0.5798E-01
  0.5831E-01
  0.5863E-01
  0.5894E-01
  0.5924E-01
  0.5949E-01
  0.5978E-01
  0.6012E-01
  0.6044E-01
  0.6056E-01
  0.6087E-01
  0.6120E-01
  0.6158E-01
  0.6187E-01
  0.6214E-01
  0.6241E-01
  0.6268E-01
  0.6293E-01
  0.6317E-01
  0.6341E-01
  0.6365E-01
  0.6387E-01
  0.6408E-01
  0.6428E-01
  0.6442E-01
  0.6446E-01
  0.6475E-01
  0.6492E-01
  0.6518E-01
  0.6532E-01
  0.6545E-01
  0.6532E-01
  0.6564E-01
  0.6582E-01
  0.6593E-01
  0.6602E-01
  0.6611E-01
  0.6617E-01
  0.6621E-01
  0.6625E-01
  0.6629E-01
  0.6624E-01
  0.6630E-01
  0.6630E-01
  0.6630E-01
  0.6626E-01
  0.6622E-01
  0.6618E-01
  0.6613E-01
  0.6596E-01
  0.6596E-01
  0.6557E-01
  0.6582E-01
  0.6572E-01
  0.6539E-01
  0.6552E-01
  0.6542E-01
  0.6530E-01
  0.6517E-01
  0.6504E-01
  0.6490E-01
  0.6479E-01
  0.6465E-01
  0.6451E-01
  0.6438E-01
  0.6423E-01
  0.6408E-01
  0.6394E-01
  0.6380E-01
  0.6365E-01
  0.6350E-01
  0.6335E-01
  0.6321E-01
  0.6306E-01
  0.6291E-01
  0.6277E-01
  0.6263E-01
  0.6248E-01
  0.6234E-01
  0.6220E-01
  0.6206E-01
  0.6192E-01
  0.6178E-01
  0.6165E-01
  0.6151E-01
  0.6138E-01
  0.6124E-01
  0.6110E-01
  0.6098E-01
  0.6085E-01
  0.6072E-01
  0.6060E-01
  0.6047E-01
  0.6034E-01
  0.6022E-01
  0.6009E-01
  0.5997E-01
  0.5985E-01
  0.5973E-01
  0.5960E-01
  0.5948E-01
  0.5936E-01
  0.5924E-01
  0.5912E-01
  0.5900E-01
  0.5888E-01
  0.5876E-01
  0.5864E-01
  0.5851E-01
  0.5839E-01
  0.5827E-01
  0.5815E-01
  0.5803E-01
  0.5791E-01
  0.5778E-01
  0.5766E-01
  0.5754E-01
  0.5742E-01
  0.5729E-01
  0.5717E-01
  0.5704E-01
  0.5691E-01
  0.5679E-01
  0.5666E-01
  0.5653E-01
  0.5640E-01
  0.5627E-01
  0.5614E-01
  0.5601E-01
  0.5588E-01
  0.5574E-01
  0.5561E-01
  0.5548E-01
  0.5534E-01
  0.5521E-01
  0.5507E-01
  0.5493E-01
  0.5479E-01
  0.5465E-01
  0.5451E-01
  0.5437E-01
  0.5423E-01
  0.5409E-01
  0.5395E-01
  0.5381E-01
  0.5366E-01
  0.5352E-01
  0.5338E-01
  0.5323E-01
  0.5309E-01
  0.5294E-01
  0.5280E-01
  0.5265E-01
  0.5250E-01
  0.5235E-01
  0.5221E-01
  0.5206E-01
  0.5191E-01
  0.5176E-01
  0.5161E-01
  0.5146E-01
  0.5132E-01
  0.5117E-01
  0.5102E-01
  0.5087E-01
  0.5072E-01
  0.5057E-01
  0.5042E-01
  0.5027E-01
  0.5012E-01
  0.4997E-01
  0.4982E-01
  0.4967E-01
  0.4951E-01
  0.4936E-01
  0.4921E-01
  0.4906E-01
  0.4891E-01
  0.4876E-01
  0.4861E-01
  0.4846E-01
  0.4831E-01
  0.4816E-01
  0.4801E-01
  0.4786E-01
  0.4771E-01
  0.4755E-01
  0.4740E-01
  0.4725E-01
  0.4710E-01
  0.4694E-01
  0.4679E-01
  0.4664E-01
  0.4648E-01
  0.4633E-01
  0.4617E-01
  0.4602E-01
  0.4586E-01
  0.4570E-01
  0.4554E-01
  0.4538E-01
  0.4522E-01
  0.4506E-01
  0.4489E-01
  0.4473E-01
  0.4456E-01
  0.4439E-01
  0.4422E-01
  0.4406E-01
  0.4388E-01
  0.4370E-01
  0.4353E-01
  0.4335E-01
  0.4317E-01
  0.4299E-01
  0.4280E-01
  0.4262E-01
  0.4243E-01
  0.4224E-01
  0.4204E-01
  0.4185E-01
  0.4165E-01
  0.4146E-01
  0.4126E-01
  0.4106E-01
  0.4085E-01
  0.4065E-01
  0.4044E-01
  0.4024E-01
  0.4003E-01
  0.3982E-01
  0.3961E-01
  0.3940E-01
  0.3919E-01
  0.3897E-01
  0.3876E-01
  0.3855E-01
  0.3834E-01
  0.3812E-01
  0.3791E-01
  0.3770E-01
  0.3749E-01
  0.3728E-01
  0.3707E-01
  0.3685E-01
  0.3665E-01
  0.3644E-01
  0.3623E-01
  0.3603E-01
  0.3582E-01
  0.3561E-01
  0.3542E-01
  0.3522E-01
  0.3502E-01
  0.3482E-01
  0.3461E-01
  0.3442E-01
  0.3423E-01
  0.3404E-01
  0.3385E-01
  0.3366E-01
  0.3347E-01
  0.3328E-01
  0.3309E-01
  0.3282E-01
  0.3272E-01
  0.3255E-01
  0.3237E-01
  0.3216E-01
  0.3201E-01
  0.3183E-01
  0.3165E-01
  0.3148E-01
  0.3130E-01
  0.3113E-01
  0.3096E-01
  0.3079E-01
  0.3062E-01
  0.3045E-01
  0.3028E-01
  0.3011E-01
  0.2994E-01
  0.2978E-01
  0.2961E-01
  0.2945E-01
  0.2929E-01
  0.2912E-01
  0.2896E-01
  0.2880E-01
  0.2861E-01
  0.2848E-01
  0.2832E-01
  0.2814E-01
  0.2799E-01
  0.2783E-01
  0.2767E-01
  0.2752E-01
  0.2736E-01
  0.2720E-01
  0.2705E-01
  0.2690E-01
  0.2674E-01
  0.2659E-01
  0.2644E-01
  0.2629E-01
  0.2614E-01
  0.2599E-01
  0.2584E-01
  0.2569E-01
  0.2554E-01
  0.2540E-01
  0.2525E-01
  0.2510E-01
  0.2496E-01
  0.2481E-01
  0.2467E-01
  0.2452E-01
  0.2438E-01
  0.2424E-01
  0.2409E-01
  0.2395E-01
  0.2381E-01
  0.2367E-01
  0.2353E-01
  0.2339E-01
  0.2325E-01
  0.2311E-01
  0.2297E-01
  0.2283E-01
  0.2270E-01
  0.2256E-01
  0.2242E-01
  0.2229E-01
  0.2215E-01
  0.2202E-01
  0.2188E-01
  0.2175E-01
  0.2162E-01
  0.2149E-01
  0.2136E-01
  0.2122E-01
  0.2109E-01
  0.2096E-01
  0.2083E-01
  0.2071E-01
  0.2058E-01
  0.2045E-01
  0.2032E-01
  0.2020E-01
  0.2007E-01
  0.1995E-01
  0.1982E-01
  0.1970E-01
  0.1957E-01
  0.1945E-01
  0.1933E-01
  0.1921E-01
  0.1909E-01
  0.1896E-01
  0.1884E-01
  0.1873E-01
  0.1861E-01
  0.1849E-01
  0.1837E-01
  0.1825E-01
  0.1814E-01
  0.1802E-01
  0.1790E-01
  0.1779E-01
  0.1767E-01
  0.1756E-01
  0.1745E-01
  0.1733E-01
  0.1722E-01
  0.1711E-01
  0.1700E-01
  0.1689E-01
  0.1678E-01
  0.1667E-01
  0.1656E-01
  0.1645E-01
  0.1634E-01
  0.1624E-01
  0.1613E-01
  0.1602E-01
  0.1592E-01
  0.1581E-01
  0.1571E-01
  0.1560E-01
  0.1550E-01
  0.1540E-01
  0.1530E-01
  0.1519E-01
  0.1509E-01
  0.1499E-01
  0.1489E-01
  0.1479E-01
  0.1469E-01
  0.1459E-01
  0.1450E-01
  0.1440E-01
  0.1430E-01
  0.1420E-01
  0.1411E-01
  0.1401E-01
  0.1392E-01
  0.1382E-01
  0.1373E-01
  0.1364E-01
  0.1354E-01
  0.1345E-01
  0.1336E-01
  0.1327E-01
  0.1318E-01
  0.1309E-01
  0.1300E-01
  0.1291E-01
  0.1282E-01
  0.1273E-01
  0.1264E-01
  0.1256E-01
  0.1247E-01
  0.1238E-01
  0.1230E-01
  0.1221E-01
  0.1215E-01
  0.1207E-01
  0.1196E-01
  0.1188E-01
  0.1179E-01
  0.1220E-01
  0.1238E-01
  0.1228E-01
  0.1180E-01
  0.1139E-01
  0.1242E-01
  0.1274E-01
  0.1279E-01
  0.1279E-01
  0.1269E-01
  0.1234E-01
  0.1267E-01
  0.1282E-01
  0.1282E-01
  0.1279E-01
  0.1241E-01
  0.1275E-01
  0.1272E-01
  0.1273E-01
  0.1266E-01
  0.1199E-01
  0.1259E-01
  0.1261E-01
  0.1259E-01
  0.1248E-01
  0.1171E-01
  0.1249E-01
  0.1250E-01
  0.1245E-01
  0.1239E-01
  0.1220E-01
  0.1172E-01
  0.1126E-01
  0.1216E-01
  0.1229E-01
  0.1227E-01
  0.1220E-01
  0.1158E-01
  0.1192E-01
  0.1213E-01
  0.1214E-01
  0.1208E-01
  0.1161E-01
  0.1182E-01
  0.1204E-01
  0.1204E-01
  0.1200E-01
  0.1182E-01
  0.1185E-01
  0.1195E-01
  0.1194E-01
  0.1192E-01
  0.1187E-01
  0.1185E-01
  0.1187E-01
  0.1185E-01
  0.1184E-01
  0.1182E-01
  0.1180E-01
  0.1180E-01
  0.1179E-01
  0.1177E-01
  0.1176E-01
  0.1176E-01
  0.1175E-01
  0.1175E-01
  0.1174E-01
  0.1174E-01
  0.1174E-01
  0.1174E-01
  0.1175E-01
  0.1175E-01
  0.1176E-01
  0.1177E-01
  0.1178E-01
  0.1179E-01
  0.1180E-01
  0.1182E-01
  0.1184E-01
  0.1185E-01
  0.1188E-01
  0.1190E-01
  0.1192E-01
  0.1195E-01
  0.1198E-01
  0.1201E-01
  0.1204E-01
  0.1208E-01
  0.1211E-01
  0.1215E-01
  0.1219E-01
  0.1223E-01
  0.1228E-01
  0.1232E-01
  0.1237E-01
  0.1242E-01
  0.1247E-01
  0.1253E-01
  0.1259E-01
  0.1265E-01
  0.1271E-01
  0.1277E-01
  0.1284E-01
  0.1291E-01
  0.1297E-01
  0.1305E-01
  0.1312E-01
  0.1319E-01
  0.1328E-01
  0.1336E-01
  0.1343E-01
  0.1352E-01
  0.1361E-01
  0.1369E-01
  0.1379E-01
  0.1388E-01
  0.1397E-01
  0.1401E-01
  0.1417E-01
  0.1427E-01
  0.1436E-01
  0.1444E-01
  0.1458E-01
  0.1468E-01
  0.1478E-01
  0.1485E-01
  0.1501E-01
  0.1512E-01
  0.1523E-01
  0.1535E-01
  0.1545E-01
  0.1558E-01
  0.1563E-01
  0.1577E-01
  0.1592E-01
  0.1604E-01
  0.1615E-01
  0.1628E-01
  0.1635E-01
  0.1649E-01
  0.1650E-01
  0.1666E-01
  0.1685E-01
  0.1663E-01
  0.1705E-01
  0.1716E-01
  0.1601E-01
  0.1732E-01
  0.1740E-01
  0.1597E-01
  0.1757E-01
  0.1756E-01
  0.1291E-01
  0.1764E-01
  0.1773E-01
  0.1459E-01
  0.1728E-01
  0.1784E-01
  0.1716E-01
  0.1313E-01
  0.1770E-01
  0.1796E-01
  0.1699E-01
  0.1395E-01
  0.1809E-01
  0.1847E-01
  0.1856E-01
  0.1880E-01
  0.1870E-01
  0.1807E-01
  0.1391E-01
  0.1524E-01
  0.1728E-01
  0.1780E-01
  0.1787E-01
  0.1776E-01
  0.1746E-01
  0.1703E-01
  0.1654E-01
  0.1613E-01
  0.1606E-01
  0.1648E-01
  0.1719E-01
  0.1784E-01
  0.1825E-01
  0.1844E-01
  0.1850E-01
  0.1848E-01
  0.1841E-01
  0.1827E-01
  0.1828E-01
  0.1816E-01
  0.1810E-01
  0.1800E-01
  0.1788E-01
  0.1779E-01
  0.1767E-01
  0.1753E-01
  0.1744E-01
  0.1731E-01
  0.1712E-01
  0.1707E-01
  0.1695E-01
  0.1662E-01
  0.1668E-01
  0.1657E-01
  0.1642E-01
  0.1621E-01
  0.1618E-01
  0.1607E-01
  0.1593E-01
  0.1573E-01
  0.1570E-01
  0.1557E-01
  0.1542E-01
  0.1526E-01
  0.1522E-01
  0.1510E-01
  0.1497E-01
  0.1487E-01
  0.1426E-01
  0.1456E-01
  0.1425E-01
  0.1418E-01
  0.1424E-01
  0.1341E-01
  0.1398E-01
  0.1399E-01
  0.1185E-01
  0.1380E-01
  0.1351E-01
  0.1184E-01
  0.1343E-01
  0.1289E-01
  0.1038E-01
  0.1296E-01
  0.1245E-01
  0.5186E-02
  0.1227E-01
  0.1232E-01
  0.8000E-02
  0.1047E-01
  0.1215E-01
  0.1149E-01
  0.4374E-02
  0.1100E-01
  0.1238E-01
  0.1231E-01
  0.1140E-01
  0.1317E-01
  0.1270E-01
  0.7730E-02
  0.9182E-02
  0.1111E-01
  0.1158E-01
  0.1151E-01
  0.1102E-01
  0.1002E-01
  0.8465E-02
  0.6482E-02
  0.4449E-02
  0.2953E-02
  0.2566E-02
  0.4834E-02
  0.8496E-02
  0.1131E-01
  0.1286E-01
  0.1363E-01
  0.1401E-01
  0.1420E-01
  0.1426E-01
  0.1441E-01
  0.1469E-01
  0.1484E-01
  0.1493E-01
  0.1506E-01
  0.1516E-01
  0.1526E-01
  0.1537E-01
  0.1547E-01
  0.1558E-01
  0.1569E-01
  0.1580E-01
  0.1591E-01
  0.1603E-01
  0.1615E-01
  0.1627E-01
  0.1639E-01
  0.1652E-01
  0.1665E-01
  0.1679E-01
  0.1692E-01
  0.1705E-01
  0.1719E-01
  0.1734E-01
  0.1745E-01
  0.1763E-01
  0.1778E-01
  0.1794E-01
  0.1809E-01
  0.1825E-01
  0.1841E-01
  0.1858E-01
  0.1874E-01
  0.1891E-01
  0.1907E-01
  0.1923E-01
  0.1933E-01
  0.1956E-01
  0.1979E-01
  0.1999E-01
  0.2018E-01
  0.2037E-01
  0.2056E-01
  0.2077E-01
  0.2096E-01
  0.2116E-01
  0.2135E-01
  0.2154E-01
  0.2176E-01
  0.2195E-01
  0.2221E-01
  0.2243E-01
  0.2265E-01
  0.2288E-01
  0.2310E-01
  0.2334E-01
  0.2356E-01
  0.2377E-01
  0.2397E-01
  0.2394E-01
  0.2425E-01
  0.2469E-01
  0.2496E-01
  0.2520E-01
  0.2541E-01
  0.2555E-01
  0.2529E-01
  0.2460E-01
  0.2612E-01
  0.2658E-01
  0.2687E-01
  0.2718E-01
  0.2739E-01
  0.2770E-01
  0.2794E-01
  0.2809E-01
  0.2780E-01
  0.2712E-01
  0.2867E-01
  0.2914E-01
  0.2935E-01
  0.2969E-01
  0.2984E-01
  0.3022E-01
  0.3028E-01
  0.2977E-01
  0.2926E-01
  0.3091E-01
  0.3141E-01
  0.3172E-01
  0.3195E-01
  0.3211E-01
  0.3186E-01
  0.3238E-01
  0.3231E-01
  0.3197E-01
  0.2925E-01
  0.2953E-01
  0.3210E-01
  0.3252E-01
  0.3268E-01
  0.3161E-01
  0.2897E-01
  0.3172E-01
  0.3055E-01
  0.2791E-01
  0.2922E-01
  0.2480E-01
  0.2107E-01
  0.2440E-01
  0.2430E-01
  0.1270E-01
  0.1771E-01
  0.1633E-01
  0.6393E-02
  0.9163E-02
  0.7855E-02
  0.2813E-02
  0.2728E-02
  0.4430E-02
  0.1540E-02
  0.6368E-03
  0.2013E-02
  0.1137E-02
  0.4664E-03
  0.1006E-02
  0.9605E-03
  0.4539E-03
  0.6500E-03
  0.1017E-02
  0.4679E-03
  0.5472E-03
  0.1601E-02
  0.1204E-02
  0.1366E-02
  0.5007E-02
  0.2061E-02
  0.4148E-03
  0.8304E-03
  0.9064E-03
  0.4102E-03
  0.4633E-03
  0.8290E-03
  0.4944E-03
  0.3909E-03
  0.9378E-03
  0.9026E-03
  0.3791E-03
  0.8314E-03
  0.1815E-02
  0.8276E-03
  0.5234E-03
  0.2943E-02
  0.3092E-02
  0.4953E-03
  0.4661E-02
  0.6263E-02
  0.4263E-02
  0.5780E-02
  0.7852E-02
  0.9756E-02
  0.1207E-01
  0.1257E-01
  0.1472E-01
  0.1546E-01
  0.1466E-01
  0.1684E-01
  0.1759E-01
  0.1732E-01
  0.1888E-01
  0.1944E-01
  0.1934E-01
  0.1921E-01
  0.1914E-01
  0.1855E-01
  0.1996E-01
  0.1961E-01
  0.1621E-01
  0.1370E-01
  0.1699E-01
  0.1783E-01
  0.1611E-01
  0.1222E-01
  0.1248E-01
  0.1631E-01
  0.1713E-01
  0.1780E-01
  0.1812E-01
  0.1641E-01
  0.1596E-01
  0.1655E-01
  0.1460E-01
  0.1272E-01
  0.1463E-01
  0.1314E-01
  0.6717E-02
  0.1028E-01
  0.1025E-01
  0.6208E-02
  0.4733E-02
  0.3418E-02
  0.5484E-02
  0.4270E-02
  0.1268E-02
  0.4762E-03
  0.1305E-02
  0.1233E-02
  0.2591E-03
  0.2690E-03
  0.6584E-03
  0.4242E-03
  0.2112E-03
  0.3021E-03
  0.4675E-03
  0.2268E-03
  0.2087E-03
  0.5041E-03
  0.4040E-03
  0.1979E-03
  0.1478E-02
  0.1864E-02
  0.3238E-03
  0.3498E-03
  0.4777E-03
  0.2128E-03
  0.1971E-03
  0.3830E-03
  0.2215E-03
  0.1829E-03
  0.3903E-03
  0.2624E-03
  0.1781E-03
  0.5452E-03
  0.3731E-03
  0.1808E-03
  0.9619E-03
  0.6629E-03
  0.3004E-03
  0.1912E-02
  0.1168E-02
  0.1392E-02
  0.3002E-02
  0.1535E-02
  0.2696E-02
  0.3606E-02
  0.1830E-02
  0.3610E-02
  0.3903E-02
  0.4455E-02
  0.5710E-02
  0.5591E-02
  0.3703E-02
  0.5869E-02
  0.6690E-02
  0.7200E-02
  0.7058E-02
  0.7227E-02
  0.6969E-02
  0.7292E-02
  0.6882E-02
  0.6117E-02
  0.4843E-02
  0.3771E-02
  0.3226E-02
  0.5498E-02
  0.5885E-02
  0.3588E-02
  0.5976E-02
  0.6796E-02
  0.6782E-02
  0.5893E-02
  0.2804E-02
  0.5674E-02
  0.6309E-02
  0.5832E-02
  0.5304E-02
  0.3374E-02
  0.3216E-02
  0.5244E-02
  0.6146E-02
  0.6577E-02
  0.6720E-02
  0.6727E-02
  0.6558E-02
  0.5787E-02
  0.4499E-02
  0.4785E-02
  0.5838E-02
  0.5721E-02
  0.5212E-02
  0.4873E-02
  0.3824E-02
  0.2498E-02
  0.2105E-02
  0.2437E-02
  0.3670E-02
  0.4466E-02
  0.4359E-02
  0.3424E-02
  0.1355E-02
  0.3370E-02
  0.4308E-02
  0.4551E-02
  0.4173E-02
  0.2983E-02
  0.1965E-02
  0.1813E-02
  0.3817E-02
  0.2148E-02
  0.4438E-02
  0.4894E-02
  0.4905E-02
  0.3603E-02
  0.4715E-02
  0.4666E-02
  0.4291E-02
  0.3427E-02
  0.1464E-02
  0.3268E-02
  0.2197E-02
  0.2275E-02
  0.3705E-02
  0.3702E-02
  0.3077E-02
  0.1146E-02
  0.2566E-02
  0.1306E-02
  0.2643E-02
  0.3091E-02
  0.3019E-02
  0.2515E-02
  0.1515E-02
  0.1241E-02
  0.1185E-02
  0.1699E-02
  0.2576E-02
  0.3088E-02
  0.2398E-02
  0.3291E-02
  0.2679E-02
  0.2379E-02
  0.1142E-02
  0.2475E-02
  0.1992E-02
  0.9690E-03
  0.1224E-02
  0.2001E-02
  0.2060E-02
  0.2215E-02
  0.2402E-02
  0.1657E-02
  0.2812E-02
  0.2692E-02
  0.2073E-02
  0.1264E-02
  0.2059E-02
  0.2118E-02
  0.1674E-02
  0.8183E-03
  0.8623E-03
  0.1192E-02
  0.8694E-03
  0.1709E-02
  0.1625E-02
  0.2293E-02
  0.2577E-02
  0.2616E-02
  0.2307E-02
  0.2507E-02
  0.2311E-02
  0.1786E-02
  0.1567E-02
  0.1543E-02
  0.6482E-03
  0.5519E-03
  0.7565E-03
  0.1274E-02
  0.1800E-02
  0.1826E-02
  0.8789E-03
  0.1908E-02
  0.1937E-02
  0.1246E-02
  0.6329E-03
  0.1613E-02
  0.1846E-02
  0.1645E-02
  0.1136E-02
  0.3305E-03
  0.1091E-02
  0.1640E-02
  0.2018E-02
  0.2283E-02
  0.2463E-02
  0.2634E-02
  0.2739E-02
  0.2827E-02
  0.2875E-02
  0.2892E-02
  0.2695E-02
  0.2798E-02
  0.2781E-02
  0.2565E-02
  0.2177E-02
  0.2391E-02
  0.2818E-02
  0.2823E-02
  0.2719E-02
  0.1952E-02
  0.2428E-02
  0.2003E-02
  0.2552E-02
  0.2412E-02
  0.1862E-02
  0.2009E-02
  0.1657E-02
  0.2020E-02
  0.1848E-02
  0.1551E-02
  0.1139E-02
  0.5512E-03
  0.6291E-03
  0.1157E-02
  0.1455E-02
  0.1493E-02
  0.1078E-02
  0.4611E-03
  0.1262E-02
  0.1435E-02
  0.8298E-03
  0.1141E-02
  0.1563E-02
  0.1587E-02
  0.1416E-02
  0.1057E-02
  0.3874E-03
  0.5981E-03
  0.6384E-03
  0.1240E-02
  0.1440E-02
  0.1531E-02
  0.1428E-02
  0.1340E-02
  0.9544E-03
  0.4254E-03
  0.5968E-03
  0.7136E-03
  0.9564E-03
  0.7059E-03
  0.2114E-03
  0.3409E-03
  0.6740E-03
  0.1008E-02
  0.1203E-02
  0.1311E-02
  0.1318E-02
  0.1134E-02
  0.5714E-03
  0.8501E-03
  0.1234E-02
  0.1288E-02
  0.1113E-02
  0.6547E-03
  0.5701E-03
  0.6959E-03
  0.1001E-02
  0.1032E-02
  0.4552E-03
  0.8094E-03
  0.1164E-02
  0.1279E-02
  0.1115E-02
  0.1098E-02
  0.7989E-03
  0.5314E-03
  0.2049E-03
  0.6976E-03
  0.9872E-03
  0.1071E-02
  0.8678E-03
  0.1157E-02
  0.1107E-02
  0.9647E-03
  0.6014E-03
  0.3115E-03
  0.6257E-03
  0.6127E-03
  0.1654E-03
  0.4064E-03
  0.7966E-03
  0.8455E-03
  0.7074E-03
  0.3616E-03
  0.7956E-03
  0.1116E-02
  0.1017E-02
  0.1241E-02
  0.1249E-02
  0.9460E-03
  0.5431E-03
  0.7860E-03
  0.2353E-03
  0.3059E-03
  0.8766E-03
  0.1165E-02
  0.1298E-02
  0.1115E-02
  0.1417E-02
  0.1421E-02
  0.1401E-02
  0.1309E-02
  0.7316E-03
  0.1080E-02
  0.8329E-03
  0.4579E-03
  0.3124E-03
  0.7827E-03
  0.8767E-03
  0.6631E-03
  0.2210E-03
  0.7211E-03
  0.9639E-03
  0.9058E-03
  0.1174E-02
  0.1017E-02
  0.8027E-03
  0.4260E-03
  0.1008E-02
  0.5949E-03
  0.1175E-02
  0.1376E-02
  0.1391E-02
  0.1049E-02
  0.1015E-02
  0.1277E-02
  0.1208E-02
  0.7399E-03
  0.7008E-03
  0.1140E-02
  0.1280E-02
  0.1266E-02
  0.1100E-02
  0.9168E-03
  0.7365E-03
  0.2654E-03
  0.2316E-03
  0.4725E-03
  0.7599E-03
  0.8933E-03
  0.1108E-02
  0.1108E-02
  0.7890E-03
  0.7064E-03
  0.1172E-02
  0.1178E-02
  0.6927E-03
  0.1374E-02
  0.1333E-02
  0.1211E-02
  0.9883E-03
  0.6264E-03
  0.2555E-03
  0.5704E-03
  0.8889E-03
  0.8827E-03
  0.1084E-02
  0.7715E-03
  0.4344E-03
  0.9724E-03
  0.8581E-03
  0.1413E-02
  0.1225E-02
  0.1487E-02
  0.1357E-02
  0.1333E-02
  0.8443E-03
  0.7455E-03
  0.1220E-02
  0.1540E-02
  0.1638E-02
  0.1652E-02
  0.1319E-02
  0.1700E-02
  0.1630E-02
  0.1527E-02
  0.1356E-02
  0.1105E-02
  0.5021E-03
  0.8496E-03
  0.9338E-03
  0.5227E-03
  0.2962E-03
  0.6704E-03
  0.1033E-02
  0.1241E-02
  0.1258E-02
  0.1255E-02
  0.8668E-03
  0.1274E-02
  0.1232E-02
  0.1050E-02
  0.7576E-03
  0.3396E-03
  0.3946E-03
  0.7741E-03
  0.8991E-03
  0.1171E-02
  0.1359E-02
  0.1361E-02
  0.1347E-02
  0.1554E-02
  0.1609E-02
  0.1551E-02
  0.1517E-02
  0.8309E-03
  0.1368E-02
  0.1474E-02
  0.1415E-02
  0.1183E-02
  0.7454E-03
  0.4216E-03
  0.4549E-03
  0.4229E-03
  0.4117E-03
  0.6877E-03
  0.3192E-03
  0.2880E-03
  0.4488E-03
  0.8837E-03
  0.9308E-03
  0.6958E-03
  0.9791E-04
  0.6985E-05
  0.3423E-03
  0.3847E-03
  0.1366E-03
  0.3672E-03
  0.1426E-03
  0.6180E-04
  0.1261E-03
  0.3801E-03
  0.3597E-03
  0.6468E-04
  0.1163E-03
  0.3981E-05
  0.4717E-05
  0.5797E-04
  0.8052E-04
  0.4170E-04
  0.4547E-05
  0.3076E-05
  0.3000E-05
  0.3143E-05
  0.4728E-05
  0.4242E-05
  0.3018E-05
  0.2853E-05
  0.2825E-05
  0.2798E-05
  0.2813E-05
  0.2781E-05
  0.2714E-05
  0.2687E-05
  0.2660E-05
  0.2636E-05
  0.2642E-05
  0.2594E-05
  0.2555E-05
  0.2529E-05
  0.2529E-05
  0.3042E-05
  0.2929E-05
  0.2464E-05
  0.2406E-05
  0.2381E-05
  0.2358E-05
  0.2353E-05
  0.4809E-05
  0.9933E-05
  0.7758E-05
  0.2248E-05
  0.2606E-04
  0.1587E-03
  0.2327E-03
  0.2380E-03
  0.1878E-04
  0.1565E-03
  0.2195E-03
  0.1121E-03
  0.3166E-05
  0.8445E-05
  0.9063E-04
  0.1087E-03
  0.2077E-04
  0.2041E-05
  0.1165E-03
  0.2501E-03
  0.1571E-03
  0.2073E-05
  0.2429E-03
  0.4329E-03
  0.3131E-03
  0.1927E-03
  0.6464E-03
  0.1386E-02
  0.1572E-02
  0.1268E-02
  0.1428E-02
  0.1376E-02
  0.2064E-02
  0.2104E-02
  0.2142E-02
  0.2310E-02
  0.2391E-02
  0.2095E-02
  0.1978E-02
  0.1862E-02
  0.1409E-02
  0.8846E-03
  0.1203E-02
  0.8428E-03
  0.6527E-03
  0.8822E-03
  0.1341E-02
  0.1308E-02
  0.1336E-02
  0.8078E-03
  0.1218E-02
  0.1207E-02
  0.1976E-03
  0.4535E-03
  0.7619E-03
  0.4820E-03
  0.1822E-03
  0.1242E-04
  0.1620E-03
  0.2220E-03
  0.1057E-03
  0.3473E-05
  0.2093E-05
  0.2735E-04
  0.3870E-04
  0.1136E-04
  0.1190E-05
  0.1425E-05
  0.8772E-05
  0.1162E-04
  0.2965E-05
  0.1128E-05
  0.1465E-05
  0.7605E-05
  0.7128E-05
  0.1084E-05
  0.1072E-05
  0.3755E-05
  0.4125E-05
  0.1043E-05
  0.1030E-05
  0.1750E-05
  0.1009E-05
  0.1038E-05
  0.1032E-05
  0.1649E-05
  0.9903E-06
  0.9597E-06
  0.9493E-06
  0.9398E-06
  0.9302E-06
  0.9218E-06
  0.9115E-06
  0.9023E-06
  0.8932E-06
  0.8841E-06
  0.8752E-06
  0.8663E-06
  0.8576E-06
  0.8489E-06
  0.8403E-06
  0.8318E-06
  0.8234E-06
  0.8150E-06
  0.8068E-06
  0.7986E-06
  0.7905E-06
  0.7825E-06
  0.7746E-06
  0.7667E-06
  0.7590E-06
  0.7513E-06
  0.7437E-06
  0.7361E-06
  0.7287E-06
  0.7213E-06
  0.7140E-06
  0.7067E-06
  0.6996E-06
  0.6929E-06
  0.6855E-06
  0.6785E-06
  0.6716E-06
  0.7420E-06
  0.8475E-06
  0.6514E-06
  0.6448E-06
  0.3037E-05
  0.5342E-05
  0.5102E-05
  0.8631E-05
  0.6134E-06
  0.2240E-05
  0.1971E-04
  0.2856E-04
  0.5859E-05
  0.1531E-05
  0.1068E-05
  0.2264E-04
  0.4756E-04
  0.8910E-05
  0.2306E-04
  0.5876E-06
  0.1372E-04
  0.5532E-04
  0.3702E-04
  0.3134E-04
  0.5594E-06
  0.2035E-04
  0.9766E-04
  0.1261E-03
  0.7508E-04
  0.6161E-05
  0.7301E-05
  0.6294E-06
  0.6350E-04
  0.2184E-03
  0.3867E-03
  0.4232E-03
  0.2104E-03
  0.1483E-03
  0.6243E-03
  0.9701E-03
  0.1105E-02
  0.1037E-02
  0.1301E-02
  0.1837E-02
  0.2066E-02
  0.2124E-02
  0.2719E-02
  0.2751E-02
  0.2457E-02
  0.1634E-02
  0.2371E-02
  0.2505E-02
  0.2145E-02
  0.2583E-02
  0.2906E-02
  0.2879E-02
  0.2381E-02
  0.2505E-02
  0.2689E-02
  0.1764E-02
  0.2439E-02
  0.3361E-02
  0.3722E-02
  0.3656E-02
  0.2623E-02
  0.3664E-02
  0.4108E-02
  0.4254E-02
  0.4356E-02
  0.4374E-02
  0.4289E-02
  0.4144E-02
  0.3304E-02
  0.3922E-02
  0.4042E-02
  0.3526E-02
  0.3712E-02
  0.3528E-02
  0.3675E-02
  0.3710E-02
  0.3327E-02
  0.3425E-02
  0.3118E-02
  0.2494E-02
  0.2855E-02
  0.2573E-02
  0.2041E-02
  0.2039E-02
  0.1806E-02
  0.1334E-02
  0.1616E-02
  0.1271E-02
  0.7421E-03
  0.8759E-03
  0.7963E-03
  0.4489E-03
  0.4612E-03
  0.3577E-03
  0.2783E-03
  0.1373E-03
  0.9662E-04
  0.9499E-04
  0.5918E-04
  0.4211E-04
  0.1442E-04
  0.3430E-05
  0.5688E-05
  0.3717E-05
  0.2253E-06
  0.2966E-06
  0.2249E-06
  0.2648E-06
  0.2108E-06
  0.2094E-06
  0.2073E-06
  0.2044E-06
  0.2023E-06
  0.2002E-06
  0.1981E-06
  0.1961E-06
  0.1941E-06
  0.1921E-06
  0.1901E-06
  0.1882E-06
  0.1862E-06
  0.1843E-06
  0.1824E-06
  0.1806E-06
  0.1787E-06
  0.1769E-06
  0.1751E-06
  0.1733E-06
  0.1715E-06
  0.1697E-06
  0.1680E-06
  0.1662E-06
  0.1645E-06
  0.1628E-06
  0.1612E-06
  0.1595E-06
  0.1579E-06
  0.1563E-06
  0.1546E-06
  0.1531E-06
  0.1515E-06
  0.1499E-06
  0.1484E-06
  0.1469E-06
  0.1453E-06
  0.1438E-06
  0.1424E-06
  0.1409E-06
  0.1395E-06
  0.1380E-06
  0.1366E-06
  0.1352E-06
  0.1338E-06
  0.1324E-06
  0.1311E-06
  0.1297E-06
  0.1284E-06
  0.1270E-06
  0.1257E-06
  0.1244E-06
  0.1232E-06
  0.1219E-06
  0.1206E-06
  0.1194E-06
  0.1182E-06
  0.1169E-06
  0.1157E-06
  0.1145E-06
  0.1134E-06
  0.1122E-06
  0.1110E-06
  0.1099E-06
  0.1088E-06
  0.1076E-06
  0.1065E-06
  0.1054E-06
  0.1043E-06
  0.1033E-06
  0.1022E-06
  0.1011E-06
  0.1001E-06
  0.9906E-07
  0.9804E-07
  0.9703E-07
  0.9603E-07
  0.9504E-07
  0.9405E-07
  0.9308E-07
  0.9212E-07
  0.9117E-07
  0.9023E-07
  0.8930E-07
  0.8837E-07
  0.8746E-07
  0.8656E-07
  0.8566E-07
  0.8478E-07
  0.8390E-07
  0.8303E-07
  0.8217E-07
  0.8133E-07
  0.8048E-07
  0.7965E-07
  0.7883E-07
  0.7801E-07
  0.7721E-07
  0.7641E-07
  0.7562E-07
  0.7484E-07
  0.7406E-07
  0.7329E-07
  0.7254E-07
  0.7179E-07
  0.7104E-07
  0.7031E-07
  0.6958E-07
  0.6886E-07
  0.6815E-07
  0.6744E-07
  0.6674E-07
  0.6605E-07
  0.6537E-07
  0.6469E-07
  0.6402E-07
  0.6336E-07
  0.6270E-07
  0.6205E-07
  0.6141E-07
  0.6077E-07
  0.6014E-07
  0.5952E-07
  0.5890E-07
  0.5829E-07
  0.5769E-07
  0.5709E-07
  0.5650E-07
  0.5591E-07
  0.5533E-07
  0.5476E-07
  0.5419E-07
  0.5363E-07
  0.5307E-07
  0.5252E-07
  0.5199E-07
  0.5190E-07
  0.5822E-07
  0.1174E-06
  0.2005E-05
  0.8069E-05
  0.2367E-04
  0.9051E-04
  0.1996E-03
  0.4825E-03
  0.4402E-03
  0.8214E-03
  0.8972E-03
  0.5375E-03
  0.6275E-03
  0.8356E-03
  0.6895E-03
  0.3865E-03
  0.7542E-03
  0.9188E-03
  0.8684E-03
  0.7965E-03
  0.1245E-02
  0.1555E-02
  0.1424E-02
  0.1179E-02
  0.1022E-02
  0.8486E-03
  0.6490E-03
  0.4649E-03
  0.3234E-03
  0.4087E-03
  0.4685E-03
  0.5215E-03
  0.5699E-03
  0.6163E-03
  0.6657E-03
  0.7210E-03
  0.7792E-03
  0.8478E-03
  0.9308E-03
  0.1002E-02
  0.1086E-02
  0.1227E-02
  0.1365E-02
  0.1391E-02
  0.1419E-02
  0.1395E-02
  0.1416E-02
  0.1388E-02
  0.1389E-02
  0.1341E-02
  0.1282E-02
  0.1312E-02
  0.1208E-02
  0.1065E-02
  0.9904E-03
  0.8457E-03
  0.5732E-03
  0.4853E-03
  0.4261E-03
  0.2825E-03
  0.6094E-04
  0.1080E-03
  0.9760E-04
  0.3915E-04
  0.2342E-05
  0.1938E-04
  0.1687E-04
  0.1811E-05
  0.1010E-05
  0.6220E-05
  0.3226E-05
  0.2487E-07
  0.2127E-05
  0.5092E-05
  0.8893E-06
  0.1445E-05
  0.1964E-04
  0.3541E-04
  0.6511E-04
