 Longwave optical depth [dimless]
  0.3032E+03
  0.3500E+03
  0.4105E+03
  0.4940E+03
  0.6140E+03
  0.7205E+03
  0.9358E+03
  0.1209E+04
  0.2332E+04
  0.3709E+04
  0.4877E+04
  0.7199E+04
  0.1101E+05
  0.2033E+05
  0.3647E+05
  0.2363E+05
  0.1503E+05
  0.1371E+05
  0.1743E+05
  0.2802E+05
  0.2334E+05
  0.1693E+05
  0.1627E+05
  0.1869E+05
  0.2578E+05
  0.3901E+05
  0.5186E+05
  0.6936E+05
  0.1310E+06
  0.1730E+06
  0.1851E+06
  0.1444E+06
  0.1078E+06
  0.6699E+05
  0.5294E+05
  0.5355E+05
  0.7137E+05
  0.9645E+05
  0.6996E+05
  0.6543E+05
  0.7910E+05
  0.1165E+06
  0.2003E+06
  0.3613E+06
  0.5113E+06
  0.4465E+06
  0.2547E+06
  0.1716E+06
  0.1407E+06
  0.1607E+06
  0.1556E+06
  0.1280E+06
  0.1006E+06
  0.1137E+06
  0.1422E+06
  0.1504E+06
  0.2044E+06
  0.3419E+06
  0.3764E+06
  0.3414E+06
  0.2942E+06
  0.2177E+06
  0.2675E+06
  0.3424E+06
  0.2674E+06
  0.2750E+06
  0.2079E+06
  0.2109E+06
  0.3048E+06
  0.6180E+06
  0.7986E+06
  0.4906E+06
  0.4673E+06
  0.7056E+06
  0.5241E+06
  0.3492E+06
  0.3744E+06
  0.3814E+06
  0.6195E+06
  0.9180E+06
  0.9113E+06
  0.4599E+06
  0.4050E+06
  0.5356E+06
  0.4459E+06
  0.2890E+06
  0.2263E+06
  0.2390E+06
  0.3525E+06
  0.2350E+06
  0.1587E+06
  0.1417E+06
  0.1564E+06
  0.2048E+06
  0.2773E+06
  0.4888E+06
  0.6727E+06
  0.8584E+06
  0.4245E+06
  0.3676E+06
  0.5939E+06
  0.8250E+06
  0.4486E+06
  0.3345E+06
  0.4322E+06
  0.7394E+06
  0.5653E+06
  0.3147E+06
  0.2544E+06
  0.3137E+06
  0.7144E+06
  0.7891E+06
  0.4787E+06
  0.2733E+06
  0.2074E+06
  0.2101E+06
  0.2635E+06
  0.4143E+06
  0.8645E+06
  0.1483E+07
  0.1651E+07
  0.8552E+06
  0.7334E+06
  0.4111E+06
  0.3342E+06
  0.5530E+06
  0.4755E+06
  0.2128E+06
  0.1526E+06
  0.1346E+06
  0.1332E+06
  0.1531E+06
  0.2229E+06
  0.2852E+06
  0.4067E+06
  0.9039E+06
  0.8826E+06
  0.4621E+06
  0.4224E+06
  0.3373E+06
  0.6487E+06
  0.5281E+06
  0.3405E+06
  0.2113E+06
  0.2595E+06
  0.1863E+06
  0.1317E+06
  0.1135E+06
  0.1272E+06
  0.2011E+06
  0.2647E+06
  0.1495E+06
  0.1143E+06
  0.1268E+06
  0.2455E+06
  0.2551E+06
  0.1559E+06
  0.1801E+06
  0.2065E+06
  0.3222E+06
  0.6942E+06
  0.2051E+07
  0.1504E+07
  0.5645E+06
  0.3735E+06
  0.4764E+06
  0.7803E+06
  0.3835E+06
  0.2157E+06
  0.2327E+06
  0.1869E+06
  0.1796E+06
  0.1095E+06
  0.9642E+05
  0.1043E+06
  0.1431E+06
  0.2613E+06
  0.2998E+06
  0.2724E+06
  0.3011E+06
  0.5778E+06
  0.9261E+06
  0.7220E+06
  0.2712E+06
  0.1856E+06
  0.1090E+06
  0.8022E+05
  0.6108E+05
  0.5259E+05
  0.4871E+05
  0.4802E+05
  0.5027E+05
  0.5724E+05
  0.7363E+05
  0.1160E+06
  0.2187E+06
  0.2888E+06
  0.4197E+06
  0.4158E+06
  0.2143E+06
  0.1890E+06
  0.3344E+06
  0.1261E+07
  0.7555E+06
  0.2237E+06
  0.1104E+06
  0.6922E+05
  0.5108E+05
  0.4223E+05
  0.3877E+05
  0.4027E+05
  0.5211E+05
  0.8677E+05
  0.6055E+05
  0.3883E+05
  0.3371E+05
  0.3434E+05
  0.3971E+05
  0.4909E+05
  0.7695E+05
  0.1463E+06
  0.3163E+06
  0.7023E+06
  0.2770E+06
  0.2298E+06
  0.3029E+06
  0.1374E+06
  0.7416E+05
  0.5475E+05
  0.5938E+05
  0.1019E+06
  0.1404E+06
  0.6969E+05
  0.3911E+05
  0.2863E+05
  0.2521E+05
  0.2536E+05
  0.2951E+05
  0.4027E+05
  0.5795E+05
  0.1268E+06
  0.4293E+06
  0.5560E+06
  0.1146E+06
  0.4916E+05
  0.2945E+05
  0.2209E+05
  0.1902E+05
  0.1713E+05
  0.1780E+05
  0.2336E+05
  0.4008E+05
  0.2834E+05
  0.1900E+05
  0.1791E+05
  0.2113E+05
  0.3115E+05
  0.6147E+05
  0.1504E+06
  0.9884E+05
  0.7687E+05
  0.2422E+06
  0.1227E+06
  0.3991E+05
  0.2464E+05
  0.2301E+05
  0.3275E+05
  0.6514E+05
  0.4603E+05
  0.2318E+05
  0.1764E+05
  0.2115E+05
  0.2295E+05
  0.1719E+05
  0.1703E+05
  0.1280E+05
  0.1331E+05
  0.1613E+05
  0.3433E+05
  0.2398E+06
  0.7027E+05
  0.8597E+05
  0.5120E+05
  0.6104E+05
  0.3443E+05
  0.4551E+05
  0.2633E+05
  0.1374E+05
  0.9045E+04
  0.7276E+04
  0.6357E+04
  0.5936E+04
  0.6032E+04
  0.7042E+04
  0.1063E+05
  0.2095E+05
  0.1398E+05
  0.1123E+05
  0.2238E+05
  0.6299E+05
  0.3983E+05
  0.1373E+05
  0.7475E+04
  0.5712E+04
  0.5509E+04
  0.6540E+04
  0.1127E+05
  0.1909E+05
  0.1294E+05
  0.6833E+04
  0.4972E+04
  0.4533E+04
  0.4615E+04
  0.5849E+04
  0.1457E+05
  0.2079E+05
  0.1904E+05
  0.2996E+05
  0.2659E+05
  0.1602E+05
  0.8557E+04
  0.4822E+04
  0.3716E+04
  0.3268E+04
  0.3022E+04
  0.2833E+04
  0.2773E+04
  0.2800E+04
  0.2903E+04
  0.3191E+04
  0.3757E+04
  0.4962E+04
  0.7703E+04
  0.1636E+05
  0.3626E+05
  0.3806E+05
  0.1667E+05
  0.9860E+04
  0.7953E+04
  0.5333E+04
  0.4466E+04
  0.3211E+04
  0.2808E+04
  0.3022E+04
  0.4072E+04
  0.2973E+04
  0.2412E+04
  0.2471E+04
  0.4519E+04
  0.2728E+04
  0.2349E+04
  0.2876E+04
  0.4894E+04
  0.6879E+04
  0.6025E+04
  0.2918E+04
  0.2593E+04
  0.2658E+04
  0.1923E+04
  0.1899E+04
  0.2166E+04
  0.2938E+04
  0.3203E+04
  0.3556E+04
  0.6264E+04
  0.1521E+05
  0.1194E+05
  0.4753E+04
  0.3462E+04
  0.2330E+04
  0.1854E+04
  0.1707E+04
  0.1731E+04
  0.2051E+04
  0.2373E+04
  0.2579E+04
  0.4487E+04
  0.1008E+05
  0.5813E+04
  0.2805E+04
  0.2160E+04
  0.1679E+04
  0.1529E+04
  0.1554E+04
  0.1778E+04
  0.2384E+04
  0.4501E+04
  0.3648E+04
  0.2373E+04
  0.1584E+04
  0.1408E+04
  0.1432E+04
  0.1765E+04
  0.2154E+04
  0.1530E+04
  0.1318E+04
  0.1254E+04
  0.1266E+04
  0.1352E+04
  0.1633E+04
  0.2682E+04
  0.5784E+04
  0.2723E+04
  0.2208E+04
  0.3206E+04
  0.4161E+04
  0.2165E+04
  0.1649E+04
  0.1515E+04
  0.1420E+04
  0.1463E+04
  0.1738E+04
  0.2604E+04
  0.3818E+04
  0.3044E+04
  0.2987E+04
  0.1881E+04
  0.1646E+04
  0.1809E+04
  0.2840E+04
  0.6310E+04
  0.2524E+04
  0.1683E+04
  0.1464E+04
  0.1391E+04
  0.1371E+04
  0.1399E+04
  0.1506E+04
  0.1806E+04
  0.1595E+04
  0.1468E+04
  0.1496E+04
  0.1624E+04
  0.1612E+04
  0.1819E+04
  0.2419E+04
  0.2721E+04
  0.2201E+04
  0.1899E+04
  0.2110E+04
  0.1741E+04
  0.1634E+04
  0.1684E+04
  0.1808E+04
  0.1676E+04
  0.1647E+04
  0.1644E+04
  0.1672E+04
  0.1730E+04
  0.1849E+04
  0.1991E+04
  0.1990E+04
  0.2260E+04
  0.2886E+04
  0.2714E+04
  0.2677E+04
  0.2408E+04
  0.2369E+04
  0.2507E+04
  0.2943E+04
  0.4566E+04
  0.3405E+04
  0.3377E+04
  0.3975E+04
  0.4706E+04
  0.4682E+04
  0.5021E+04
  0.5757E+04
  0.6536E+04
  0.7844E+04
  0.8779E+04
  0.9948E+04
  0.1215E+05
  0.1495E+05
  0.1780E+05
  0.1999E+05
  0.2419E+05
  0.3019E+05
  0.3063E+05
  0.3240E+05
  0.3192E+05
  0.3313E+05
  0.3703E+05
  0.4356E+05
  0.4407E+05
  0.4225E+05
  0.4247E+05
  0.4564E+05
  0.5158E+05
  0.5221E+05
  0.5914E+05
  0.8424E+05
  0.1634E+06
  0.4054E+06
  0.2870E+06
  0.1199E+06
  0.8212E+05
  0.7460E+05
  0.7644E+05
  0.8646E+05
  0.1033E+06
  0.1271E+06
  0.1541E+06
  0.1835E+06
  0.2208E+06
  0.2776E+06
  0.3354E+06
  0.4005E+06
  0.5218E+06
  0.5988E+06
  0.7902E+06
  0.1177E+07
  0.1209E+07
  0.1353E+07
  0.1596E+07
  0.1974E+07
  0.2741E+07
  0.4118E+07
  0.4563E+07
  0.3706E+07
  0.3743E+07
  0.4497E+07
  0.6639E+07
  0.6226E+07
  0.4998E+07
  0.4720E+07
  0.5063E+07
  0.6278E+07
  0.7170E+07
  0.5530E+07
  0.5805E+07
  0.8404E+07
  0.1766E+08
  0.8052E+08
  0.4479E+08
  0.1781E+08
  0.1029E+08
  0.7229E+07
  0.6381E+07
  0.7052E+07
  0.1180E+08
  0.7699E+07
  0.6124E+07
  0.5927E+07
  0.6959E+07
  0.9905E+07
  0.5518E+07
  0.4436E+07
  0.4297E+07
  0.5002E+07
  0.4148E+07
  0.2842E+07
  0.2379E+07
  0.2314E+07
  0.2687E+07
  0.1492E+07
  0.1129E+07
  0.9832E+06
  0.9306E+06
  0.6889E+06
  0.4982E+06
  0.4073E+06
  0.3552E+06
  0.2880E+06
  0.2136E+06
  0.1773E+06
  0.1483E+06
  0.1256E+06
  0.1015E+06
  0.9014E+05
  0.8228E+05
  0.7375E+05
  0.7374E+05
  0.9365E+05
  0.1667E+06
  0.3786E+06
  0.3533E+06
  0.1287E+06
  0.6805E+05
  0.4806E+05
  0.4157E+05
  0.4203E+05
  0.5025E+05
  0.4418E+05
  0.4191E+05
  0.4150E+05
  0.4296E+05
  0.4582E+05
  0.4276E+05
  0.3731E+05
  0.3406E+05
  0.3343E+05
  0.3575E+05
  0.3259E+05
  0.2376E+05
  0.1880E+05
  0.1521E+05
  0.1316E+05
  0.1155E+05
  0.9889E+04
  0.7843E+04
  0.6298E+04
  0.5195E+04
  0.4425E+04
  0.3807E+04
  0.3258E+04
  0.2608E+04
  0.2116E+04
  0.1787E+04
  0.1536E+04
  0.1341E+04
  0.1171E+04
  0.1018E+04
  0.8922E+03
  0.8159E+03
  0.7550E+03
  0.7084E+03
  0.6503E+03
  0.6064E+03
  0.5840E+03
  0.5711E+03
  0.5601E+03
  0.5359E+03
  0.5201E+03
  0.5088E+03
  0.5055E+03
  0.5087E+03
  0.5062E+03
  0.4935E+03
  0.5027E+03
  0.5465E+03
  0.6832E+03
  0.1127E+04
  0.1224E+04
  0.7628E+03
  0.5948E+03
  0.5542E+03
  0.5234E+03
  0.5459E+03
  0.5083E+03
  0.4919E+03
  0.4880E+03
  0.4923E+03
  0.4857E+03
  0.4781E+03
  0.4670E+03
  0.4589E+03
  0.4498E+03
  0.4436E+03
  0.4340E+03
  0.4249E+03
  0.4140E+03
  0.4044E+03
  0.3962E+03
  0.3884E+03
  0.3804E+03
  0.3738E+03
  0.3688E+03
  0.3648E+03
  0.3623E+03
  0.3589E+03
  0.3605E+03
  0.3605E+03
  0.3503E+03
  0.3438E+03
  0.3396E+03
  0.3364E+03
  0.3337E+03
  0.3311E+03
  0.3285E+03
  0.3265E+03
  0.3269E+03
  0.3219E+03
  0.3185E+03
  0.3153E+03
  0.3125E+03
  0.3098E+03
  0.3074E+03
  0.3061E+03
  0.3061E+03
  0.3020E+03
  0.3043E+03
  0.2977E+03
  0.2930E+03
  0.2879E+03
  0.2842E+03
  0.2812E+03
  0.2779E+03
  0.2750E+03
  0.2727E+03
  0.2713E+03
  0.2695E+03
  0.2647E+03
  0.2605E+03
  0.2575E+03
  0.2553E+03
  0.2548E+03
  0.2500E+03
  0.2461E+03
  0.2430E+03
  0.2403E+03
  0.2379E+03
  0.2360E+03
  0.2324E+03
  0.2298E+03
  0.2270E+03
  0.2251E+03
  0.2222E+03
  0.2206E+03
  0.2207E+03
  0.2155E+03
  0.2119E+03
  0.2092E+03
  0.2065E+03
  0.2041E+03
  0.2019E+03
  0.1996E+03
  0.1976E+03
  0.1956E+03
  0.1932E+03
  0.1913E+03
  0.1896E+03
  0.1877E+03
  0.1858E+03
  0.1849E+03
  0.1831E+03
  0.1838E+03
  0.1807E+03
  0.1774E+03
  0.1757E+03
  0.1742E+03
  0.1730E+03
  0.1721E+03
  0.1711E+03
  0.1713E+03
  0.1698E+03
  0.1707E+03
  0.1711E+03
  0.1699E+03
  0.1726E+03
  0.1707E+03
  0.1731E+03
  0.1751E+03
  0.1760E+03
  0.1832E+03
  0.1847E+03
  0.1888E+03
  0.1990E+03
  0.1992E+03
  0.2061E+03
  0.2185E+03
  0.2172E+03
  0.2250E+03
  0.2396E+03
  0.2364E+03
  0.2406E+03
  0.2548E+03
  0.2531E+03
  0.2496E+03
  0.2535E+03
  0.2544E+03
  0.2415E+03
  0.2335E+03
  0.2281E+03
  0.2167E+03
  0.1990E+03
  0.1848E+03
  0.1740E+03
  0.1697E+03
  0.1778E+03
  0.1940E+03
  0.2144E+03
  0.2335E+03
  0.2485E+03
  0.2607E+03
  0.2712E+03
  0.2798E+03
  0.2854E+03
  0.2874E+03
  0.2848E+03
  0.2788E+03
  0.2687E+03
  0.2565E+03
  0.2430E+03
  0.2293E+03
  0.2157E+03
  0.2031E+03
  0.1918E+03
  0.1823E+03
  0.1746E+03
  0.1685E+03
  0.1636E+03
  0.1604E+03
  0.1581E+03
  0.1569E+03
  0.1564E+03
  0.1563E+03
  0.1568E+03
  0.1578E+03
  0.1584E+03
  0.1594E+03
  0.1605E+03
  0.1617E+03
  0.1628E+03
  0.1640E+03
  0.1652E+03
  0.1665E+03
  0.1688E+03
  0.1697E+03
  0.1708E+03
  0.1727E+03
  0.1755E+03
  0.1754E+03
  0.1773E+03
  0.1797E+03
  0.1809E+03
  0.1846E+03
  0.1863E+03
  0.1902E+03
  0.1942E+03
  0.1969E+03
  0.2048E+03
  0.2074E+03
  0.2145E+03
  0.2209E+03
  0.2235E+03
  0.2374E+03
  0.2408E+03
  0.2485E+03
  0.2673E+03
  0.2674E+03
  0.2820E+03
  0.3020E+03
  0.3000E+03
  0.3185E+03
  0.3402E+03
  0.3342E+03
  0.3498E+03
  0.3743E+03
  0.3630E+03
  0.3651E+03
  0.3824E+03
  0.3726E+03
  0.3555E+03
  0.3507E+03
  0.3443E+03
  0.3172E+03
  0.2919E+03
  0.2703E+03
  0.2503E+03
  0.2367E+03
  0.2470E+03
  0.2805E+03
  0.3021E+03
  0.3259E+03
  0.3493E+03
  0.3722E+03
  0.3936E+03
  0.4127E+03
  0.4252E+03
  0.4271E+03
  0.4223E+03
  0.4109E+03
  0.3935E+03
  0.3709E+03
  0.3454E+03
  0.3186E+03
  0.2915E+03
  0.2653E+03
  0.2411E+03
  0.2200E+03
  0.2022E+03
  0.1881E+03
  0.1728E+03
  0.1611E+03
  0.1522E+03
  0.1452E+03
  0.1399E+03
  0.1363E+03
  0.1343E+03
  0.1332E+03
  0.1284E+03
  0.1245E+03
  0.1229E+03
  0.1249E+03
  0.1232E+03
  0.1177E+03
  0.1163E+03
  0.1181E+03
  0.1147E+03
  0.1103E+03
  0.1078E+03
  0.1061E+03
  0.1047E+03
  0.1038E+03
  0.1048E+03
  0.1125E+03
  0.1024E+03
  0.9782E+02
  0.9554E+02
  0.9388E+02
  0.9242E+02
  0.9117E+02
  0.9013E+02
  0.8943E+02
  0.8960E+02
  0.9231E+02
  0.1053E+03
  0.1170E+03
  0.9905E+02
  0.8695E+02
  0.8159E+02
  0.7898E+02
  0.7712E+02
  0.7562E+02
  0.7439E+02
  0.7354E+02
  0.7341E+02
  0.7583E+02
  0.7812E+02
  0.7459E+02
  0.7448E+02
  0.6925E+02
  0.6647E+02
  0.6474E+02
  0.6356E+02
  0.6261E+02
  0.6181E+02
  0.6136E+02
  0.6179E+02
  0.6402E+02
  0.7137E+02
  0.6884E+02
  0.6155E+02
  0.5951E+02
  0.5983E+02
  0.6260E+02
  0.7246E+02
  0.1088E+03
  0.1391E+03
  0.8022E+02
  0.6222E+02
  0.5650E+02
  0.5359E+02
  0.5267E+02
  0.5190E+02
  0.5346E+02
  0.5971E+02
  0.8181E+02
  0.9964E+02
  0.6483E+02
  0.5308E+02
  0.4957E+02
  0.4735E+02
  0.4771E+02
  0.4719E+02
  0.5142E+02
  0.6703E+02
  0.7476E+02
  0.5242E+02
  0.4533E+02
  0.4279E+02
  0.4202E+02
  0.4256E+02
  0.4490E+02
  0.4502E+02
  0.4902E+02
  0.6045E+02
  0.9240E+02
  0.1103E+03
  0.7079E+02
  0.5538E+02
  0.5221E+02
  0.6027E+02
  0.7834E+02
  0.5962E+02
  0.5709E+02
  0.5847E+02
  0.7617E+02
  0.1339E+03
  0.9364E+02
  0.6039E+02
  0.5058E+02
  0.4812E+02
  0.4684E+02
  0.4766E+02
  0.5033E+02
  0.5279E+02
  0.5925E+02
  0.6643E+02
  0.7121E+02
  0.7721E+02
  0.8806E+02
  0.1173E+03
  0.1810E+03
  0.1709E+03
  0.1294E+03
  0.1039E+03
  0.1020E+03
  0.1148E+03
  0.1063E+03
  0.1079E+03
  0.1097E+03
  0.1073E+03
  0.1094E+03
  0.1364E+03
  0.2164E+03
  0.4322E+03
  0.3672E+03
  0.2138E+03
  0.1702E+03
  0.1839E+03
  0.2331E+03
  0.2542E+03
  0.3332E+03
  0.4283E+03
  0.6067E+03
  0.5828E+03
  0.2834E+03
  0.1923E+03
  0.1434E+03
  0.1251E+03
  0.1260E+03
  0.1472E+03
  0.1345E+03
  0.1207E+03
  0.1381E+03
  0.1513E+03
  0.1779E+03
  0.3310E+03
  0.2892E+03
  0.1756E+03
  0.1447E+03
  0.1049E+03
  0.1003E+03
  0.1093E+03
  0.1593E+03
  0.1411E+03
  0.1063E+03
  0.1016E+03
  0.1041E+03
  0.1102E+03
  0.1218E+03
  0.1477E+03
  0.1923E+03
  0.2862E+03
  0.3520E+03
  0.2924E+03
  0.4025E+03
  0.1045E+04
  0.9963E+03
  0.9366E+03
  0.8874E+03
  0.1347E+04
  0.1789E+04
  0.1537E+04
  0.9281E+03
  0.4987E+03
  0.3895E+03
  0.3148E+03
  0.2979E+03
  0.2918E+03
  0.3109E+03
  0.3594E+03
  0.3543E+03
  0.4026E+03
  0.4979E+03
  0.7468E+03
  0.1957E+04
  0.2481E+04
  0.4622E+04
  0.4405E+04
  0.2890E+04
  0.1258E+04
  0.8173E+03
  0.6607E+03
  0.6377E+03
  0.7349E+03
  0.1097E+04
  0.1222E+04
  0.8819E+03
  0.8404E+03
  0.1045E+04
  0.1546E+04
  0.1167E+04
  0.1186E+04
  0.1506E+04
  0.2636E+04
  0.9186E+04
  0.7596E+04
  0.8905E+04
  0.3079E+04
  0.2072E+04
  0.2429E+04
  0.4139E+04
  0.2825E+04
  0.2888E+04
  0.4887E+04
  0.1051E+05
  0.9212E+04
  0.5269E+04
  0.3376E+04
  0.2794E+04
  0.2405E+04
  0.2041E+04
  0.2127E+04
  0.2515E+04
  0.3597E+04
  0.7709E+04
  0.2640E+05
  0.9283E+04
  0.4870E+04
  0.4881E+04
  0.6761E+04
  0.1579E+05
  0.2485E+05
  0.1534E+05
  0.1332E+05
  0.1748E+05
  0.1514E+05
  0.7600E+04
  0.5760E+04
  0.6897E+04
  0.1092E+05
  0.6935E+04
  0.4460E+04
  0.3812E+04
  0.4177E+04
  0.4429E+04
  0.4751E+04
  0.4989E+04
  0.6623E+04
  0.1161E+05
  0.2687E+05
  0.4365E+05
  0.5627E+05
  0.1995E+05
  0.1276E+05
  0.1463E+05
  0.1066E+05
  0.7668E+04
  0.7868E+04
  0.1118E+05
  0.1903E+05
  0.1258E+05
  0.1097E+05
  0.1310E+05
  0.2043E+05
  0.5212E+05
  0.4797E+05
  0.1949E+05
  0.1137E+05
  0.8780E+04
  0.7814E+04
  0.7760E+04
  0.8583E+04
  0.1130E+05
  0.1917E+05
  0.1868E+05
  0.1318E+05
  0.1395E+05
  0.1815E+05
  0.2296E+05
  0.4514E+05
  0.1006E+06
  0.1116E+06
  0.6773E+05
  0.3709E+05
  0.2399E+05
  0.2259E+05
  0.3177E+05
  0.5067E+05
  0.3158E+05
  0.2125E+05
  0.1998E+05
  0.2588E+05
  0.4779E+05
  0.7257E+05
  0.7427E+05
  0.3960E+05
  0.4219E+05
  0.2361E+05
  0.1602E+05
  0.1463E+05
  0.1666E+05
  0.1478E+05
  0.1479E+05
  0.1763E+05
  0.2627E+05
  0.4031E+05
  0.3741E+05
  0.4958E+05
  0.4429E+05
  0.2884E+05
  0.2899E+05
  0.4475E+05
  0.9024E+05
  0.6119E+05
  0.6128E+05
  0.4374E+05
  0.3606E+05
  0.4009E+05
  0.5790E+05
  0.1137E+06
  0.1632E+06
  0.1482E+06
  0.8756E+05
  0.5928E+05
  0.4280E+05
  0.4475E+05
  0.3583E+05
  0.4286E+05
  0.5653E+05
  0.7366E+05
  0.6121E+05
  0.8426E+05
  0.1272E+06
  0.1019E+06
  0.7008E+05
  0.6727E+05
  0.6013E+05
  0.4774E+05
  0.4411E+05
  0.3629E+05
  0.3969E+05
  0.5519E+05
  0.7973E+05
  0.6281E+05
  0.6142E+05
  0.9168E+05
  0.1767E+06
  0.2017E+06
  0.1608E+06
  0.1374E+06
  0.8598E+05
  0.7335E+05
  0.5211E+05
  0.3846E+05
  0.3669E+05
  0.4125E+05
  0.3986E+05
  0.4647E+05
  0.7080E+05
  0.8662E+05
  0.9731E+05
  0.1676E+06
  0.2193E+06
  0.2029E+06
  0.1252E+06
  0.6853E+05
  0.5256E+05
  0.5255E+05
  0.4223E+05
  0.4286E+05
  0.6197E+05
  0.7986E+05
  0.5214E+05
  0.4317E+05
  0.5203E+05
  0.8910E+05
  0.1541E+06
  0.8992E+05
  0.4661E+05
  0.2970E+05
  0.2221E+05
  0.1834E+05
  0.1546E+05
  0.1390E+05
  0.1265E+05
  0.1204E+05
  0.1181E+05
  0.1188E+05
  0.1168E+05
  0.1206E+05
  0.1289E+05
  0.1344E+05
  0.1229E+05
  0.1122E+05
  0.1100E+05
  0.1135E+05
  0.1248E+05
  0.1273E+05
  0.1336E+05
  0.1270E+05
  0.1394E+05
  0.1620E+05
  0.1770E+05
  0.1949E+05
  0.1955E+05
  0.2325E+05
  0.3289E+05
  0.5752E+05
  0.1199E+06
  0.1115E+06
  0.5607E+05
  0.3743E+05
  0.3556E+05
  0.4835E+05
  0.6510E+05
  0.4198E+05
  0.3433E+05
  0.4267E+05
  0.3754E+05
  0.2942E+05
  0.2993E+05
  0.3792E+05
  0.6179E+05
  0.1202E+06
  0.1192E+06
  0.7463E+05
  0.4721E+05
  0.3571E+05
  0.3267E+05
  0.3489E+05
  0.4452E+05
  0.7558E+05
  0.1196E+06
  0.9884E+05
  0.8454E+05
  0.8363E+05
  0.1361E+06
  0.2665E+06
  0.2423E+06
  0.1322E+06
  0.7026E+05
  0.4633E+05
  0.3682E+05
  0.3527E+05
  0.4175E+05
  0.6259E+05
  0.5209E+05
  0.3630E+05
  0.3472E+05
  0.4463E+05
  0.7440E+05
  0.8087E+05
  0.6383E+05
  0.5121E+05
  0.5344E+05
  0.8965E+05
  0.6903E+05
  0.4161E+05
  0.3597E+05
  0.4117E+05
  0.4977E+05
  0.8050E+05
  0.1428E+06
  0.2031E+06
  0.9837E+05
  0.5523E+05
  0.4398E+05
  0.4079E+05
  0.3706E+05
  0.4037E+05
  0.5805E+05
  0.1186E+06
  0.1836E+06
  0.1072E+06
  0.1133E+06
  0.1904E+06
  0.1477E+06
  0.7438E+05
  0.5952E+05
  0.6061E+05
  0.5939E+05
  0.4163E+05
  0.2930E+05
  0.2791E+05
  0.2541E+05
  0.2768E+05
  0.4274E+05
  0.7248E+05
  0.7921E+05
  0.1442E+06
  0.9108E+05
  0.4443E+05
  0.2626E+05
  0.2078E+05
  0.2033E+05
  0.1607E+05
  0.1489E+05
  0.1589E+05
  0.1981E+05
  0.3010E+05
  0.3361E+05
  0.6289E+05
  0.1360E+06
  0.1090E+06
  0.4967E+05
  0.3548E+05
  0.4334E+05
  0.6359E+05
  0.3630E+05
  0.2665E+05
  0.2491E+05
  0.2015E+05
  0.2214E+05
  0.2836E+05
  0.3421E+05
  0.3244E+05
  0.7352E+05
  0.2818E+05
  0.1510E+05
  0.1404E+05
  0.2169E+05
  0.2241E+05
  0.1531E+05
  0.1664E+05
  0.3001E+05
  0.3062E+05
  0.1626E+05
  0.1222E+05
  0.1283E+05
  0.2403E+05
  0.3499E+05
  0.3095E+05
  0.6165E+05
  0.9549E+05
  0.5720E+05
  0.2835E+05
  0.1915E+05
  0.1267E+05
  0.1173E+05
  0.1465E+05
  0.1537E+05
  0.9501E+04
  0.8845E+04
  0.2884E+05
  0.8248E+04
  0.7761E+04
  0.9900E+04
  0.1666E+05
  0.3208E+05
  0.5324E+05
  0.3268E+05
  0.1713E+05
  0.1405E+05
  0.1078E+05
  0.1457E+05
  0.1965E+05
  0.1789E+05
  0.1274E+05
  0.6073E+04
  0.4872E+04
  0.4514E+04
  0.5825E+04
  0.5939E+04
  0.9340E+04
  0.1014E+05
  0.6127E+04
  0.3914E+04
  0.3174E+04
  0.2968E+04
  0.7034E+04
  0.2836E+04
  0.3094E+04
  0.3705E+04
  0.5504E+04
  0.8322E+04
  0.1741E+05
  0.1313E+05
  0.1104E+05
  0.1879E+05
  0.2991E+05
  0.1644E+05
  0.7848E+04
  0.5305E+04
  0.4331E+04
  0.4604E+04
  0.5478E+04
  0.4431E+04
  0.4900E+04
  0.7308E+04
  0.1536E+05
  0.4397E+05
  0.3876E+05
  0.1395E+05
  0.8884E+04
  0.5785E+04
  0.3452E+04
  0.2584E+04
  0.2207E+04
  0.1905E+04
  0.1719E+04
  0.1627E+04
  0.1687E+04
  0.1886E+04
  0.1768E+04
  0.2033E+04
  0.2050E+04
  0.2624E+04
  0.4135E+04
  0.8042E+04
  0.1401E+05
  0.2164E+05
  0.1892E+05
  0.7054E+04
  0.3484E+04
  0.2207E+04
  0.1635E+04
  0.1351E+04
  0.1168E+04
  0.1075E+04
  0.1044E+04
  0.1024E+04
  0.1132E+04
  0.1515E+04
  0.1914E+04
  0.1866E+04
  0.2729E+04
  0.6094E+04
  0.8659E+04
  0.3653E+04
  0.2184E+04
  0.2257E+04
  0.4034E+04
  0.2449E+04
  0.1382E+04
  0.1010E+04
  0.9103E+03
  0.9469E+03
  0.1070E+04
  0.1368E+04
  0.1583E+04
  0.1661E+04
  0.2453E+04
  0.3015E+04
  0.3969E+04
  0.2783E+04
  0.2363E+04
  0.2146E+04
  0.2543E+04
  0.4376E+04
  0.1419E+05
  0.1340E+05
  0.4810E+04
  0.3561E+04
  0.5078E+04
  0.4576E+04
  0.2236E+04
  0.1582E+04
  0.1010E+04
  0.8237E+03
  0.8224E+03
  0.1139E+04
  0.3624E+04
  0.2525E+04
  0.1206E+04
  0.8086E+03
  0.7170E+03
  0.8217E+03
  0.1253E+04
  0.2871E+04
  0.8740E+04
  0.3764E+04
  0.2196E+04
  0.1977E+04
  0.1070E+04
  0.6052E+03
  0.4374E+03
  0.3705E+03
  0.3654E+03
  0.4333E+03
  0.6693E+03
  0.4662E+03
  0.3564E+03
  0.3329E+03
  0.3539E+03
  0.4616E+03
  0.3914E+03
  0.4442E+03
  0.7175E+03
  0.1768E+04
  0.3037E+04
  0.1053E+04
  0.4514E+03
  0.2745E+03
  0.2033E+03
  0.1730E+03
  0.1664E+03
  0.1797E+03
  0.1456E+03
  0.1275E+03
  0.1245E+03
  0.1295E+03
  0.1331E+03
  0.1516E+03
  0.1912E+03
  0.2883E+03
  0.5934E+03
  0.9803E+03
  0.8419E+03
  0.2593E+04
  0.3476E+04
  0.9616E+03
  0.4116E+03
  0.2633E+03
  0.2454E+03
  0.3421E+03
  0.2336E+03
  0.1482E+03
  0.1227E+03
  0.1128E+03
  0.1123E+03
  0.1296E+03
  0.1838E+03
  0.1993E+03
  0.1786E+03
  0.1481E+03
  0.1619E+03
  0.2205E+03
  0.3731E+03
  0.1156E+04
  0.1264E+04
  0.6847E+03
  0.3931E+03
  0.2628E+03
  0.2272E+03
  0.2096E+03
  0.2041E+03
  0.2886E+03
  0.2371E+03
  0.1788E+03
  0.1703E+03
  0.1929E+03
  0.2265E+03
  0.2428E+03
  0.2998E+03
  0.4571E+03
  0.9698E+03
  0.6250E+03
  0.7841E+03
  0.1328E+04
  0.1069E+04
  0.1189E+04
  0.1327E+04
  0.1698E+04
  0.2291E+04
  0.2362E+04
  0.2604E+04
  0.2877E+04
  0.3614E+04
  0.5312E+04
  0.5244E+04
  0.4797E+04
  0.4871E+04
  0.5581E+04
  0.7580E+04
  0.8618E+04
  0.6352E+04
  0.5685E+04
  0.6664E+04
  0.6895E+04
  0.8674E+04
  0.4914E+04
  0.3869E+04
  0.3600E+04
  0.3887E+04
  0.5066E+04
  0.5894E+04
  0.1585E+05
  0.3927E+05
  0.1222E+05
  0.5264E+04
  0.3305E+04
  0.3046E+04
  0.2350E+04
  0.1616E+04
  0.1298E+04
  0.1188E+04
  0.1262E+04
  0.1119E+04
  0.7303E+03
  0.8984E+03
  0.1470E+04
  0.7150E+03
  0.3914E+03
  0.2952E+03
  0.2403E+03
  0.2285E+03
  0.2413E+03
  0.2080E+03
  0.1983E+03
  0.2064E+03
  0.2383E+03
  0.2657E+03
  0.2450E+03
  0.2265E+03
  0.2202E+03
  0.2343E+03
  0.2465E+03
  0.3114E+03
  0.2198E+03
  0.1853E+03
  0.1700E+03
  0.1625E+03
  0.1649E+03
  0.1376E+03
  0.1225E+03
  0.1236E+03
  0.1321E+03
  0.1955E+03
  0.4437E+03
  0.5698E+03
  0.2010E+03
  0.1011E+03
  0.6773E+02
  0.6286E+02
  0.1698E+03
  0.6282E+02
  0.5047E+02
  0.4046E+02
  0.2708E+02
  0.2302E+02
  0.2153E+02
  0.2758E+02
  0.2487E+02
  0.2187E+02
  0.1622E+02
  0.1432E+02
  0.1621E+02
  0.2786E+02
  0.1658E+02
  0.1338E+02
  0.1408E+02
  0.1270E+02
  0.1152E+02
  0.1236E+02
  0.2343E+02
  0.2027E+02
  0.1686E+02
  0.1815E+02
  0.1452E+02
  0.9633E+01
  0.7686E+01
  0.7838E+01
  0.1031E+02
  0.7334E+01
  0.5781E+01
  0.5339E+01
  0.5048E+01
  0.5030E+01
  0.5408E+01
  0.6268E+01
  0.8872E+01
  0.7180E+01
  0.6705E+01
  0.8251E+01
  0.9698E+01
  0.1075E+02
  0.8387E+01
  0.8561E+01
  0.9622E+01
  0.1056E+02
  0.1234E+02
  0.1458E+02
  0.1486E+02
  0.1767E+02
  0.2109E+02
  0.2640E+02
  0.2854E+02
  0.3481E+02
  0.3924E+02
  0.5548E+02
  0.6093E+02
  0.7402E+02
  0.8866E+02
  0.1155E+03
  0.1393E+03
  0.1835E+03
  0.2180E+03
  0.2957E+03
  0.3553E+03
  0.4667E+03
  0.6005E+03
  0.7522E+03
  0.1002E+04
  0.1209E+04
  0.1676E+04
  0.1999E+04
  0.2812E+04
  0.3250E+04
  0.4591E+04
  0.5284E+04
  0.6980E+04
  0.8794E+04
  0.1043E+05
  0.1526E+05
  0.1593E+05
  0.2295E+05
  0.2620E+05
  0.3214E+05
  0.4384E+05
  0.4574E+05
  0.6913E+05
  0.7180E+05
  0.8563E+05
  0.1243E+06
  0.1181E+06
  0.1682E+06
  0.1906E+06
  0.1984E+06
  0.3391E+06
  0.2902E+06
  0.3241E+06
  0.6276E+06
  0.4282E+06
  0.4969E+06
  0.9486E+06
  0.6145E+06
  0.6870E+06
  0.1571E+07
  0.8592E+06
  0.8441E+06
  0.1335E+07
  0.1216E+07
  0.9622E+06
  0.1124E+07
  0.3242E+07
  0.1104E+07
  0.9240E+06
  0.1012E+07
  0.1966E+07
  0.7598E+06
  0.5281E+06
  0.4375E+06
  0.4014E+06
  0.5121E+06
  0.7340E+06
  0.1189E+07
  0.1933E+07
  0.1565E+07
  0.1558E+07
  0.1596E+07
  0.1754E+07
  0.1853E+07
  0.2100E+07
  0.2192E+07
  0.2379E+07
  0.2551E+07
  0.2571E+07
  0.3033E+07
  0.2958E+07
  0.3714E+07
  0.3864E+07
  0.4594E+07
  0.5982E+07
  0.6056E+07
  0.9192E+07
  0.9098E+07
  0.1100E+08
  0.1569E+08
  0.1464E+08
  0.2084E+08
  0.2330E+08
  0.2356E+08
  0.4072E+08
  0.3425E+08
  0.3735E+08
  0.9016E+08
  0.4942E+08
  0.5455E+08
  0.1342E+09
  0.6942E+08
  0.7168E+08
  0.1288E+09
  0.9606E+08
  0.8494E+08
  0.1161E+09
  0.1444E+09
  0.9578E+08
  0.9622E+08
  0.1392E+09
  0.1148E+09
  0.7745E+08
  0.6841E+08
  0.7082E+08
  0.5966E+08
  0.3121E+08
  0.4567E+08
  0.6396E+08
  0.7142E+08
  0.8251E+08
  0.9979E+08
  0.1266E+09
  0.1701E+09
  0.3132E+09
  0.1913E+09
  0.1589E+09
  0.1399E+09
  0.1251E+09
  0.1118E+09
  0.9897E+08
  0.8632E+08
  0.7410E+08
  0.6274E+08
  0.5264E+08
  0.4442E+08
  0.3348E+08
  0.2301E+08
  0.1629E+08
  0.1175E+08
  0.8606E+07
  0.5909E+07
  0.4029E+07
  0.2817E+07
  0.1923E+07
  0.1397E+07
  0.9943E+06
  0.7195E+06
  0.5262E+06
  0.3869E+06
  0.2846E+06
  0.2083E+06
  0.1512E+06
  0.1084E+06
  0.7668E+05
  0.5344E+05
  0.2890E+05
  0.1911E+05
  0.1243E+05
  0.7947E+04
  0.4994E+04
  0.2170E+04
  0.1292E+04
  0.7579E+03
  0.2900E+03
  0.1645E+03
  0.6287E+02
  0.2980E+02
  0.1801E+02
  0.1489E+02
  0.1571E+02
  0.1515E+02
  0.1405E+02
  0.1428E+02
  0.1444E+02
  0.1243E+02
  0.1086E+02
  0.9698E+01
  0.8215E+01
  0.6214E+01
  0.4973E+01
  0.5176E+01
  0.6675E+01
  0.8607E+01
  0.1080E+02
  0.1315E+02
  0.1543E+02
  0.1733E+02
  0.1821E+02
  0.1860E+02
  0.1855E+02
  0.1813E+02
  0.1735E+02
  0.1626E+02
  0.1492E+02
  0.1340E+02
  0.1180E+02
  0.1018E+02
  0.8616E+01
  0.7153E+01
  0.5792E+01
  0.4632E+01
  0.3732E+01
  0.3017E+01
  0.2465E+01
  0.2032E+01
  0.1759E+01
  0.1592E+01
  0.1542E+01
  0.1612E+01
  0.1701E+01
  0.1960E+01
  0.2329E+01
  0.2725E+01
  0.3243E+01
  0.3974E+01
  0.4630E+01
  0.5329E+01
  0.6343E+01
  0.8360E+01
  0.8779E+01
  0.9796E+01
  0.1164E+02
  0.1523E+02
  0.1442E+02
  0.1555E+02
  0.1872E+02
  0.2008E+02
  0.1858E+02
  0.1946E+02
  0.2744E+02
  0.1897E+02
  0.1689E+02
  0.1722E+02
  0.1485E+02
  0.1047E+02
  0.8130E+01
  0.6249E+01
