 Adiabat temperature at each layer [K]
    235.0250
    226.4451
    218.6694
    211.6188
    205.2119
    199.3679
    194.0094
    189.0633
    184.4630
    180.1484
    176.0666
    172.1716
    168.4237
    164.7894
    161.2404
    157.7531
    154.3076
    150.8876
    149.9956
    149.9956
    149.9956
    149.9956
    149.9956
    149.9956
    149.9956
    149.9956
    149.9956
    149.9956
    149.9956
    149.9956
    149.9956
    149.9956
    149.9956
    149.9956
    149.9956
    149.9956
    149.9956
    149.9956
    149.9956
    149.9956
    149.9956
    149.9956
    149.9956
    149.9956
    149.9956
    149.9956
    149.9956
    149.9956
    149.9956
    149.9956
