 Spectral ground shortwave flux [W/m2/cm^-1]
  0.0000E+00
  0.1788E-05
  0.1539E-05
  0.1106E-05
  0.3955E-06
  0.6936E-06
  0.1425E-06
  0.1829E-05
  0.1522E-05
  0.2921E-05
  0.5911E-05
  0.7621E-05
  0.9596E-05
  0.1151E-04
  0.1364E-04
  0.1572E-04
  0.1798E-04
  0.2018E-04
  0.2254E-04
  0.2487E-04
  0.2563E-04
  0.8119E-08
  0.7951E-16
  0.0000E+00
  0.0000E+00
  0.0000E+00
  0.0000E+00
  0.0000E+00
  0.0000E+00
  0.0000E+00
  0.0000E+00
  0.8356E-27
  0.0000E+00
  0.9712E-05
  0.6956E-04
  0.7641E-04
  0.4030E-04
  0.3028E-05
  0.3321E-27
  0.1140E-22
  0.5094E-04
  0.1840E-05
  0.0000E+00
  0.0000E+00
  0.5115E-04
  0.1318E-03
  0.1373E-03
  0.1418E-03
  0.1400E-03
  0.8814E-12
  0.0000E+00
  0.0000E+00
  0.3664E-05
  0.1307E-07
  0.0000E+00
  0.0000E+00
  0.5608E-12
  0.1876E-03
  0.2077E-03
  0.2065E-03
  0.2088E-03
  0.2155E-03
  0.2199E-03
  0.1922E-03
  0.2467E-03
  0.2335E-03
  0.1635E-03
  0.2301E-03
  0.2095E-03
  0.2813E-03
  0.2683E-03
  0.2718E-03
  0.2690E-03
  0.2553E-03
  0.7147E-05
  0.0000E+00
  0.0000E+00
  0.0000E+00
  0.0000E+00
  0.8347E-11
  0.8805E-24
  0.0000E+00
  0.0000E+00
  0.0000E+00
  0.0000E+00
  0.0000E+00
  0.5742E-07
  0.2329E-03
  0.1662E-06
  0.0000E+00
  0.0000E+00
  0.0000E+00
  0.0000E+00
  0.0000E+00
  0.0000E+00
  0.0000E+00
  0.0000E+00
  0.8814E-05
  0.1369E-04
  0.1609E-21
  0.0000E+00
  0.1057E-17
  0.1913E-03
  0.3769E-06
  0.0000E+00
  0.0000E+00
  0.1172E-11
  0.4094E-03
  0.4334E-03
  0.5113E-04
  0.1466E-19
  0.4466E-13
  0.2191E-03
  0.6527E-03
  0.6962E-03
  0.7122E-03
  0.6892E-03
  0.7305E-03
  0.6088E-03
  0.9043E-04
  0.2220E-03
  0.7353E-03
  0.7548E-03
  0.7654E-03
  0.4651E-03
  0.3828E-03
  0.4110E-11
  0.4901E-07
  0.0000E+00
  0.2569E-03
  0.3785E-03
  0.1336E-04
  0.4960E-20
  0.0000E+00
  0.0000E+00
  0.4858E-22
  0.2329E-03
  0.1199E-03
  0.2724E-17
  0.0000E+00
  0.0000E+00
  0.0000E+00
  0.0000E+00
  0.0000E+00
  0.0000E+00
  0.0000E+00
  0.0000E+00
  0.0000E+00
  0.0000E+00
  0.0000E+00
  0.0000E+00
  0.1236E-03
  0.1628E-07
  0.7976E-08
  0.5826E-09
  0.2104E-06
  0.3672E-03
  0.6116E-03
  0.5309E-03
  0.2089E-07
  0.6980E-07
  0.8490E-04
  0.9068E-03
  0.8858E-03
  0.9089E-03
  0.8769E-03
  0.4890E-03
  0.4909E-03
  0.7840E-03
  0.9967E-03
  0.9433E-03
  0.1131E-02
  0.1025E-02
  0.1201E-02
  0.1043E-02
  0.1307E-02
  0.9472E-03
  0.2387E-04
  0.1165E-02
  0.1028E-02
  0.1980E-03
  0.4847E-03
  0.7194E-03
  0.1542E-04
  0.2728E-18
  0.0000E+00
  0.0000E+00
  0.1653E-04
  0.1171E-06
  0.0000E+00
  0.0000E+00
  0.0000E+00
  0.0000E+00
  0.0000E+00
  0.0000E+00
  0.0000E+00
  0.0000E+00
  0.0000E+00
  0.0000E+00
  0.0000E+00
  0.0000E+00
  0.0000E+00
  0.0000E+00
  0.0000E+00
  0.0000E+00
  0.0000E+00
  0.1753E-28
  0.2594E-04
  0.8139E-03
  0.4950E-03
  0.1987E-03
  0.6850E-10
  0.0000E+00
  0.0000E+00
  0.2218E-03
  0.1595E-02
  0.1650E-02
  0.1704E-02
  0.1769E-02
  0.1798E-02
  0.1793E-02
  0.1793E-02
  0.1730E-02
  0.1782E-02
  0.1710E-02
  0.1774E-02
  0.1756E-02
  0.1646E-02
  0.1667E-02
  0.1761E-02
  0.1782E-02
  0.1712E-02
  0.1538E-02
  0.6078E-03
  0.3958E-04
  0.5166E-03
  0.1589E-02
  0.5405E-03
  0.8623E-05
  0.2201E-05
  0.5703E-07
  0.2405E-06
  0.0000E+00
  0.0000E+00
  0.0000E+00
  0.1713E-23
  0.4337E-05
  0.1482E-20
  0.0000E+00
  0.0000E+00
  0.0000E+00
  0.4682E-05
  0.3279E-26
  0.0000E+00
  0.0000E+00
  0.0000E+00
  0.6892E-04
  0.8392E-03
  0.3131E-03
  0.0000E+00
  0.0000E+00
  0.0000E+00
  0.3838E-12
  0.1361E-02
  0.1342E-02
  0.1264E-02
  0.1023E-03
  0.0000E+00
  0.5096E-04
  0.1912E-04
  0.0000E+00
  0.0000E+00
  0.3328E-07
  0.1266E-02
  0.1004E-02
  0.2313E-04
  0.0000E+00
  0.0000E+00
  0.0000E+00
  0.0000E+00
  0.0000E+00
  0.1229E-02
  0.1233E-02
  0.1230E-02
  0.1244E-02
  0.1250E-02
  0.1103E-02
  0.8809E-03
  0.1201E-02
  0.1191E-02
  0.8753E-03
  0.6264E-04
  0.5845E-04
  0.6850E-03
  0.7919E-03
  0.1134E-02
  0.7150E-03
  0.5495E-05
  0.4969E-23
  0.3146E-18
  0.8293E-03
  0.1028E-02
  0.3263E-04
  0.0000E+00
  0.0000E+00
  0.1819E-03
  0.1096E-02
  0.1087E-02
  0.1082E-04
  0.1843E-21
  0.2248E-10
  0.9144E-03
  0.1050E-02
  0.1068E-02
  0.1040E-02
  0.8364E-03
  0.4687E-04
  0.7167E-04
  0.4448E-03
  0.2303E-03
  0.8405E-03
  0.9452E-03
  0.4101E-04
  0.2510E-06
  0.3229E-06
  0.2153E-06
  0.4550E-15
  0.0000E+00
  0.0000E+00
  0.1322E-05
  0.2955E-20
  0.0000E+00
  0.0000E+00
  0.1391E-04
  0.8746E-03
  0.9327E-03
  0.8871E-03
  0.9299E-03
  0.8939E-03
  0.8637E-03
  0.8915E-03
  0.8992E-03
  0.8734E-03
  0.8800E-03
  0.8586E-03
  0.8496E-03
  0.6762E-03
  0.5865E-03
  0.8237E-03
  0.8237E-03
  0.8239E-03
  0.8036E-03
  0.4703E-03
  0.2649E-03
  0.5532E-03
  0.7648E-03
  0.7913E-03
  0.7188E-03
  0.5392E-04
  0.1744E-03
  0.7558E-03
  0.7658E-03
  0.7301E-03
  0.7166E-03
  0.7338E-03
  0.6320E-03
  0.6494E-03
  0.7201E-03
  0.7578E-03
  0.7241E-03
  0.7208E-03
  0.6123E-03
  0.5234E-03
  0.6158E-03
  0.3684E-03
  0.7035E-07
  0.5323E-05
  0.6722E-03
  0.5904E-03
  0.5283E-04
  0.2176E-14
  0.3790E-23
  0.6298E-03
  0.6027E-03
  0.1385E-04
  0.4310E-05
  0.3585E-03
  0.6479E-03
  0.6502E-03
  0.6414E-03
  0.6477E-03
  0.6305E-03
  0.6196E-03
  0.6199E-03
  0.5919E-03
  0.6071E-03
  0.6025E-03
  0.5944E-03
  0.5900E-03
  0.5920E-03
  0.5774E-03
  0.5731E-03
  0.5612E-03
  0.5619E-03
  0.5754E-03
  0.5802E-03
  0.5611E-03
  0.5424E-03
  0.5206E-03
  0.5305E-03
  0.5196E-03
  0.5004E-03
  0.5167E-03
  0.5136E-03
  0.4963E-03
  0.5158E-03
  0.5049E-03
  0.5121E-03
  0.4999E-03
  0.4963E-03
  0.4894E-03
  0.4868E-03
  0.4655E-03
  0.4312E-03
  0.4581E-03
  0.4504E-03
  0.4505E-03
  0.4264E-03
  0.3359E-03
  0.1850E-03
  0.4259E-03
  0.4342E-03
  0.3937E-03
  0.1713E-03
  0.1819E-03
  0.4384E-03
  0.4209E-03
  0.4291E-03
  0.4390E-03
  0.3944E-03
  0.4079E-03
  0.4301E-03
  0.4147E-03
  0.3840E-03
  0.3881E-03
  0.3768E-03
  0.3894E-03
  0.3641E-03
  0.3796E-03
  0.3764E-03
  0.3649E-03
  0.3574E-03
  0.3802E-03
  0.3704E-03
  0.3621E-03
  0.3658E-03
  0.3427E-03
  0.3479E-03
  0.2162E-03
  0.3260E-04
  0.5191E-06
  0.2980E-03
  0.3258E-03
  0.3263E-03
  0.3082E-03
  0.3033E-03
  0.2872E-03
  0.2950E-03
  0.2457E-03
  0.2539E-03
  0.2475E-03
  0.2668E-03
  0.2559E-03
  0.2526E-03
  0.2557E-03
  0.2840E-03
  0.2690E-03
  0.2673E-03
  0.2698E-03
  0.2700E-03
  0.2597E-03
  0.2519E-03
  0.2640E-03
  0.2739E-03
  0.2708E-03
  0.2633E-03
  0.2676E-03
  0.2394E-03
  0.2457E-03
  0.2566E-03
  0.2555E-03
  0.2459E-03
  0.2392E-03
  0.2266E-03
  0.2260E-03
  0.2152E-03
  0.2336E-03
  0.2200E-03
  0.2189E-03
  0.2184E-03
  0.2030E-03
  0.2063E-03
  0.2035E-03
  0.1876E-03
  0.1912E-03
  0.1699E-03
  0.1356E-03
  0.3994E-04
  0.1780E-03
  0.1617E-03
  0.9326E-04
  0.9722E-05
  0.1633E-03
  0.1552E-03
  0.1582E-03
  0.1458E-03
  0.1395E-03
  0.1533E-03
  0.1390E-03
  0.1345E-03
  0.1395E-03
  0.1263E-03
  0.1486E-03
  0.1464E-03
  0.1478E-03
  0.1445E-03
  0.1517E-03
  0.1565E-03
  0.1630E-03
  0.1610E-03
  0.1590E-03
  0.1557E-03
  0.1495E-03
  0.1461E-03
  0.1464E-03
  0.1389E-03
  0.1379E-03
  0.1358E-03
  0.1349E-03
  0.1287E-03
  0.1278E-03
  0.1227E-03
  0.1307E-03
  0.1109E-03
  0.1124E-03
  0.1108E-03
  0.9960E-04
  0.9563E-04
  0.9205E-04
  0.8562E-04
  0.8294E-04
  0.7893E-04
  0.6363E-04
  0.5404E-04
  0.5437E-04
  0.5128E-04
  0.5412E-04
  0.4829E-04
  0.4231E-04
  0.3729E-04
  0.3503E-04
  0.4035E-04
  0.4265E-04
  0.3656E-04
  0.4157E-04
  0.4376E-04
  0.3958E-04
  0.4865E-04
  0.4808E-04
  0.4283E-04
  0.3703E-04
  0.3160E-04
  0.3493E-04
  0.2937E-04
  0.2433E-04
  0.2380E-04
  0.1990E-04
  0.2727E-04
  0.3605E-04
  0.3280E-04
  0.3042E-04
  0.3435E-04
  0.3254E-04
  0.2917E-04
  0.3163E-04
  0.2907E-04
  0.2534E-04
  0.2531E-04
  0.2403E-04
  0.2132E-04
  0.2438E-04
  0.2356E-04
  0.1958E-04
  0.2125E-04
  0.1889E-04
  0.1920E-04
  0.2052E-04
  0.2218E-04
  0.1762E-04
  0.2226E-04
  0.1802E-04
  0.1642E-04
  0.1990E-04
  0.1596E-04
  0.1488E-04
  0.1586E-04
  0.1389E-04
  0.1162E-04
  0.1079E-04
  0.9363E-05
  0.8407E-05
  0.7943E-05
  0.7803E-05
  0.6707E-05
  0.6288E-05
  0.6124E-05
  0.6454E-05
  0.8239E-05
  0.1324E-04
  0.1128E-04
  0.1075E-04
  0.9604E-05
  0.7806E-05
  0.7689E-05
  0.7715E-05
  0.6339E-05
  0.5979E-05
  0.6545E-05
  0.6254E-05
  0.5397E-05
  0.7363E-05
  0.8457E-05
  0.7204E-05
  0.7008E-05
  0.5605E-05
  0.5715E-05
  0.5428E-05
  0.4545E-05
  0.4416E-05
  0.4615E-05
  0.4217E-05
  0.3767E-05
  0.5328E-05
  0.5462E-05
  0.6243E-05
  0.6426E-05
  0.5841E-05
  0.5523E-05
  0.5359E-05
  0.5827E-05
  0.6790E-05
  0.5760E-05
  0.7811E-05
  0.7413E-05
  0.7123E-05
  0.6447E-05
  0.5685E-05
  0.6179E-05
  0.5738E-05
  0.5368E-05
  0.5303E-05
  0.5856E-05
  0.5315E-05
  0.4742E-05
  0.6111E-05
  0.6292E-05
  0.6572E-05
  0.5563E-05
  0.5925E-05
  0.5405E-05
  0.5189E-05
  0.4568E-05
  0.4917E-05
  0.4808E-05
  0.4651E-05
  0.4089E-05
  0.4643E-05
  0.4571E-05
  0.4906E-05
  0.4903E-05
  0.5231E-05
  0.5427E-05
  0.5110E-05
  0.5536E-05
  0.6457E-05
  0.5960E-05
  0.5883E-05
  0.5217E-05
  0.5333E-05
  0.5207E-05
  0.4398E-05
  0.3342E-05
  0.4431E-05
  0.3686E-05
  0.3291E-05
  0.3078E-05
  0.3327E-05
  0.3292E-05
  0.2872E-05
  0.3338E-05
  0.2858E-05
  0.2591E-05
  0.3245E-05
  0.2863E-05
  0.2609E-05
  0.2139E-05
  0.1719E-05
  0.2078E-05
  0.1514E-05
  0.1587E-05
  0.1834E-05
  0.1729E-05
  0.1609E-05
  0.1615E-05
  0.1430E-05
  0.1595E-05
  0.1567E-05
  0.1738E-05
  0.1550E-05
  0.1299E-05
  0.1805E-05
  0.1968E-05
  0.1631E-05
  0.1571E-05
  0.1628E-05
  0.1162E-05
  0.1106E-05
  0.1220E-05
  0.1324E-05
  0.1242E-05
  0.9714E-06
  0.9024E-06
  0.1007E-05
  0.7087E-06
  0.1101E-05
  0.1236E-05
  0.9679E-06
  0.1267E-05
  0.1226E-05
  0.8293E-06
  0.1045E-05
  0.8473E-06
  0.9273E-06
  0.1097E-05
  0.8588E-06
  0.9512E-06
  0.1107E-05
  0.9922E-06
  0.8037E-06
  0.8638E-06
  0.5359E-06
  0.8253E-06
  0.9205E-06
  0.1018E-05
  0.8226E-06
  0.8190E-06
  0.8370E-06
  0.7710E-06
  0.3979E-06
  0.3830E-06
  0.6031E-06
  0.4157E-06
  0.4053E-06
  0.5922E-06
  0.5139E-06
  0.4656E-06
  0.4148E-06
  0.2621E-06
  0.2570E-06
  0.3066E-06
  0.1961E-06
  0.1768E-06
  0.1751E-06
  0.9611E-07
  0.2766E-06
  0.3500E-06
  0.1926E-06
  0.2762E-06
  0.2407E-06
  0.1982E-06
  0.1810E-06
  0.2212E-06
  0.1806E-06
  0.2349E-06
  0.1734E-06
  0.1529E-06
  0.1655E-06
  0.1659E-06
  0.1496E-06
  0.1626E-06
  0.1808E-06
  0.1268E-06
  0.1989E-06
  0.1339E-06
  0.1573E-06
  0.1430E-06
  0.1033E-06
  0.8626E-07
  0.9631E-07
  0.1035E-06
  0.1230E-06
  0.1080E-06
  0.8763E-07
  0.8299E-07
  0.9258E-07
  0.6928E-07
  0.7997E-07
  0.1680E-06
  0.1817E-06
  0.1353E-06
  0.1591E-06
  0.1564E-06
  0.1128E-06
  0.1581E-06
  0.1341E-06
  0.1219E-06
  0.1201E-06
  0.9919E-07
  0.7629E-07
  0.7557E-07
  0.6262E-07
  0.6323E-07
  0.6615E-07
  0.5626E-07
  0.4941E-07
  0.5603E-07
  0.5181E-07
  0.4867E-07
  0.4349E-07
  0.3689E-07
  0.3643E-07
  0.2019E-07
  0.3070E-07
  0.3277E-07
  0.3800E-07
  0.3610E-07
  0.3077E-07
  0.3731E-07
  0.2513E-07
  0.2041E-07
  0.3402E-07
  0.4281E-07
  0.4583E-07
  0.2921E-07
  0.3879E-07
  0.2244E-07
  0.3042E-07
  0.3226E-07
  0.3456E-07
  0.2121E-07
  0.2791E-07
  0.3126E-07
  0.2320E-07
  0.2424E-07
  0.1470E-07
  0.1861E-07
  0.1493E-07
  0.2015E-07
  0.2420E-07
  0.1704E-07
  0.9935E-08
  0.1389E-07
  0.1192E-07
  0.9913E-08
  0.1336E-07
  0.1425E-07
  0.1419E-07
  0.1535E-07
  0.8146E-08
  0.7794E-08
  0.9001E-08
  0.9049E-08
  0.9747E-08
  0.7196E-08
  0.1034E-07
  0.9774E-08
  0.8473E-08
  0.9704E-08
  0.6704E-08
  0.4509E-08
  0.6409E-08
  0.5384E-08
  0.5573E-08
  0.3213E-08
  0.4765E-08
  0.6147E-08
  0.5574E-08
  0.6038E-08
  0.5955E-08
  0.4109E-08
  0.3607E-08
  0.4013E-08
  0.3020E-08
  0.3319E-08
  0.1918E-08
  0.3022E-08
  0.2068E-08
  0.1193E-08
  0.2200E-08
  0.2835E-08
  0.2374E-08
  0.1081E-08
  0.2055E-08
  0.1267E-08
  0.1585E-08
  0.1692E-08
  0.1757E-08
  0.7733E-09
  0.1370E-08
  0.1538E-08
  0.9931E-09
  0.7420E-09
  0.5847E-09
  0.9473E-09
  0.8744E-09
  0.1236E-08
  0.1448E-08
  0.9946E-09
  0.8423E-09
  0.1086E-08
  0.6953E-09
  0.5923E-09
  0.9236E-09
  0.6480E-09
  0.3670E-09
  0.5294E-09
  0.5459E-09
  0.4106E-09
  0.2164E-09
  0.2875E-09
  0.2173E-09
  0.2513E-09
  0.1193E-09
  0.2081E-09
  0.2072E-09
  0.7968E-10
  0.1468E-09
  0.2500E-09
  0.2077E-09
  0.9820E-10
  0.8221E-10
  0.1956E-09
  0.2296E-09
  0.1172E-09
  0.6799E-10
  0.4142E-10
  0.2515E-10
  0.7417E-10
  0.6539E-10
  0.1074E-09
  0.1832E-09
  0.4337E-10
  0.7642E-10
  0.1135E-09
  0.7518E-10
  0.1166E-09
  0.1024E-09
  0.5508E-10
  0.6258E-10
  0.4627E-10
  0.5297E-10
  0.8770E-10
  0.7059E-10
  0.3193E-10
  0.6196E-10
  0.3979E-10
  0.2878E-10
  0.2253E-10
  0.4818E-10
  0.6041E-10
  0.2598E-10
  0.3330E-10
  0.2728E-10
  0.4037E-10
  0.2331E-10
  0.2887E-10
  0.2348E-10
  0.3425E-10
  0.3212E-10
  0.2127E-10
  0.1253E-10
  0.1603E-10
  0.1259E-10
  0.1202E-10
  0.1137E-10
  0.9386E-11
  0.1080E-10
  0.9282E-11
  0.5179E-11
  0.8816E-11
  0.7579E-11
  0.1719E-11
  0.4985E-11
  0.6570E-11
  0.1031E-10
  0.1194E-10
  0.8768E-11
  0.7331E-11
  0.5406E-11
  0.4941E-11
  0.4833E-11
  0.5669E-11
  0.3345E-11
  0.2846E-11
  0.1519E-11
  0.1521E-11
  0.8254E-12
  0.2607E-12
  0.5297E-12
  0.4670E-12
  0.6961E-12
  0.1208E-11
  0.6923E-12
  0.5459E-12
  0.4325E-12
  0.3186E-12
  0.9387E-13
  0.1545E-12
  0.3162E-12
  0.2617E-12
  0.3583E-12
  0.6226E-12
  0.5785E-12
  0.2064E-12
  0.3679E-12
  0.1335E-12
  0.2201E-12
  0.3052E-12
  0.1415E-12
  0.1671E-12
  0.1452E-12
  0.1177E-12
  0.2346E-12
  0.2412E-12
  0.1120E-12
  0.7359E-13
  0.4315E-13
  0.1189E-12
  0.1360E-12
  0.1413E-12
  0.1389E-12
  0.7105E-13
  0.7708E-13
  0.6663E-13
  0.6069E-13
  0.2118E-13
  0.2767E-13
  0.4941E-13
  0.8775E-13
  0.1341E-12
  0.7523E-13
  0.1104E-12
  0.3223E-13
  0.6120E-13
  0.6814E-13
  0.2908E-13
  0.9704E-13
  0.7170E-13
  0.4894E-13
  0.4731E-13
  0.4178E-13
  0.1914E-13
  0.2216E-13
  0.1221E-13
  0.2365E-13
  0.1431E-13
  0.4652E-14
  0.3675E-14
  0.6456E-14
  0.4357E-14
  0.2899E-14
  0.5024E-14
  0.5562E-14
  0.5838E-14
  0.1718E-14
  0.2717E-14
  0.6420E-14
  0.7966E-14
  0.3159E-14
  0.2782E-14
  0.1200E-13
  0.9917E-14
  0.5086E-14
  0.1009E-13
  0.2118E-14
  0.4683E-14
  0.1960E-14
  0.3263E-14
  0.3243E-14
  0.2376E-14
  0.5065E-14
  0.3630E-14
  0.4400E-14
  0.2153E-14
  0.2009E-14
  0.1415E-14
  0.1054E-14
  0.1284E-14
  0.2153E-14
  0.1087E-14
  0.9840E-15
  0.7162E-15
  0.1852E-14
  0.9698E-15
  0.4769E-15
  0.6038E-15
  0.5381E-15
  0.4071E-15
  0.2481E-15
  0.2118E-15
  0.4576E-15
  0.3375E-15
  0.1173E-15
  0.2086E-15
  0.1430E-15
  0.1512E-15
  0.7182E-16
  0.7493E-16
  0.1626E-15
  0.1486E-15
  0.1423E-15
  0.1035E-15
  0.1667E-15
  0.1940E-15
  0.8413E-16
  0.1944E-15
  0.1495E-15
  0.6283E-16
  0.1593E-15
  0.2382E-15
  0.6454E-16
  0.8681E-16
  0.8680E-16
  0.4534E-16
  0.1627E-16
  0.3680E-16
  0.4050E-16
  0.1754E-16
  0.2745E-16
  0.4458E-16
  0.4372E-16
  0.2758E-16
  0.1425E-16
  0.7650E-17
  0.1528E-16
  0.6243E-17
  0.1821E-16
  0.1088E-16
  0.2117E-16
  0.1208E-16
  0.2681E-17
  0.7497E-17
  0.7752E-17
  0.3290E-17
  0.3590E-17
  0.4312E-17
  0.3692E-17
  0.5016E-17
  0.3780E-17
  0.2736E-17
  0.1469E-17
  0.9717E-18
  0.1062E-17
  0.1977E-17
  0.1783E-17
  0.2862E-17
  0.2720E-17
  0.2297E-17
  0.1349E-17
  0.1985E-17
  0.1026E-17
  0.2903E-18
  0.1368E-17
  0.1084E-17
  0.6955E-18
  0.9454E-18
  0.6399E-18
  0.9409E-18
  0.3121E-18
  0.4154E-18
  0.7484E-18
  0.3856E-18
  0.4441E-18
  0.3412E-18
  0.3175E-18
  0.1725E-18
  0.1360E-18
  0.1736E-18
  0.2360E-18
  0.9416E-19
  0.1320E-18
  0.1143E-18
  0.2078E-18
  0.8925E-19
  0.1146E-18
  0.1382E-18
  0.7520E-19
  0.1190E-18
  0.8545E-19
  0.5056E-19
  0.5989E-19
  0.4994E-19
  0.3575E-19
  0.3332E-19
  0.4329E-19
  0.1755E-19
  0.1887E-19
  0.2809E-19
  0.4293E-19
  0.1996E-19
  0.6674E-20
  0.5494E-19
  0.2712E-19
  0.1887E-19
  0.2336E-19
  0.1600E-19
  0.1256E-19
  0.7288E-20
  0.8052E-20
  0.7706E-20
  0.7439E-20
  0.3120E-20
  0.3072E-20
  0.5820E-20
  0.3989E-20
  0.4885E-20
  0.1914E-20
  0.2383E-20
  0.3026E-20
  0.1582E-20
  0.7796E-21
  0.1064E-20
  0.1190E-20
  0.8568E-21
  0.8819E-21
  0.7438E-21
  0.6769E-21
  0.6171E-21
  0.4873E-21
  0.3262E-21
  0.3472E-21
  0.1670E-21
  0.5255E-21
  0.2357E-21
  0.1982E-21
  0.2007E-21
  0.2391E-21
  0.1700E-21
  0.1366E-21
  0.9194E-22
  0.1150E-21
  0.1262E-21
  0.2972E-22
  0.6794E-22
  0.1019E-21
  0.2320E-22
  0.5026E-22
  0.8847E-22
  0.5926E-22
  0.8057E-22
  0.2865E-22
  0.3454E-22
  0.2326E-22
  0.3381E-22
  0.1295E-22
  0.7857E-23
  0.3207E-22
  0.1795E-22
  0.1636E-22
  0.1789E-22
  0.1231E-22
  0.4542E-23
  0.3560E-23
  0.4385E-23
  0.1034E-22
  0.4665E-23
  0.2167E-23
  0.2305E-23
  0.3772E-23
  0.3211E-23
  0.2562E-23
  0.1916E-23
  0.1452E-23
  0.1084E-23
  0.1445E-23
  0.1386E-23
  0.1270E-23
  0.7301E-24
  0.6279E-24
  0.3380E-24
  0.7318E-24
  0.4188E-24
  0.2256E-24
  0.2737E-24
  0.2636E-24
  0.3820E-24
  0.2155E-24
  0.1157E-24
  0.1441E-24
  0.1483E-24
  0.1051E-24
  0.1188E-24
  0.2295E-24
  0.2412E-25
  0.7616E-25
  0.5449E-25
  0.4324E-25
  0.2721E-25
  0.1906E-25
  0.3299E-25
  0.2805E-25
  0.1625E-25
  0.2020E-25
  0.1868E-25
  0.1012E-25
  0.1157E-25
  0.7015E-26
  0.1034E-25
  0.1050E-25
  0.7688E-26
  0.6140E-26
  0.2034E-26
  0.4032E-26
  0.1096E-26
  0.1099E-26
  0.2337E-26
  0.2468E-26
  0.2270E-26
  0.1914E-26
  0.8347E-27
  0.1696E-26
  0.9738E-27
  0.5927E-27
  0.7841E-27
  0.8576E-27
  0.3904E-27
  0.6323E-27
  0.4653E-27
  0.1195E-27
  0.2156E-27
  0.1921E-27
  0.3453E-27
  0.2114E-27
  0.1765E-27
  0.1258E-27
  0.8676E-28
  0.9049E-28
  0.4743E-28
  0.5766E-28
  0.1035E-27
  0.1112E-27
  0.7334E-28
  0.3596E-28
  0.2886E-28
  0.3931E-28
  0.2297E-28
  0.1464E-28
  0.2377E-28
  0.1113E-28
  0.1411E-28
  0.1904E-28
  0.8965E-29
  0.1200E-28
  0.1033E-28
  0.9378E-29
  0.3663E-29
  0.5587E-29
  0.4023E-29
  0.3597E-29
  0.3877E-29
  0.3992E-29
  0.3536E-29
  0.1812E-29
  0.1076E-29
  0.1115E-29
  0.1211E-29
  0.0000E+00
  0.0000E+00
  0.0000E+00
  0.0000E+00
  0.0000E+00
  0.0000E+00
  0.0000E+00
  0.0000E+00
  0.0000E+00
  0.0000E+00
  0.0000E+00
  0.0000E+00
  0.0000E+00
  0.0000E+00
  0.0000E+00
  0.0000E+00
  0.0000E+00
  0.0000E+00
  0.0000E+00
  0.0000E+00
  0.0000E+00
  0.0000E+00
  0.0000E+00
  0.0000E+00
  0.0000E+00
  0.0000E+00
  0.0000E+00
  0.0000E+00
  0.0000E+00
  0.0000E+00
  0.0000E+00
  0.0000E+00
  0.0000E+00
  0.0000E+00
  0.0000E+00
  0.0000E+00
  0.0000E+00
  0.0000E+00
  0.0000E+00
  0.0000E+00
  0.0000E+00
  0.0000E+00
  0.0000E+00
  0.0000E+00
  0.0000E+00
  0.0000E+00
  0.0000E+00
  0.0000E+00
  0.0000E+00
  0.0000E+00
  0.0000E+00
  0.0000E+00
  0.0000E+00
  0.0000E+00
  0.0000E+00
  0.0000E+00
  0.0000E+00
  0.0000E+00
  0.0000E+00
  0.0000E+00
  0.0000E+00
  0.0000E+00
  0.0000E+00
  0.0000E+00
  0.0000E+00
  0.0000E+00
  0.0000E+00
  0.0000E+00
  0.0000E+00
  0.0000E+00
  0.0000E+00
  0.0000E+00
  0.0000E+00
  0.0000E+00
  0.0000E+00
  0.0000E+00
  0.0000E+00
  0.0000E+00
  0.0000E+00
  0.0000E+00
  0.0000E+00
  0.0000E+00
  0.0000E+00
  0.0000E+00
  0.0000E+00
  0.0000E+00
  0.0000E+00
  0.0000E+00
  0.0000E+00
  0.0000E+00
  0.0000E+00
  0.0000E+00
  0.0000E+00
  0.0000E+00
  0.0000E+00
  0.0000E+00
  0.0000E+00
  0.0000E+00
  0.0000E+00
  0.0000E+00
  0.0000E+00
  0.0000E+00
  0.0000E+00
  0.0000E+00
  0.0000E+00
  0.0000E+00
  0.0000E+00
  0.0000E+00
  0.0000E+00
  0.0000E+00
  0.0000E+00
  0.0000E+00
  0.0000E+00
  0.0000E+00
  0.0000E+00
  0.0000E+00
  0.0000E+00
  0.0000E+00
  0.0000E+00
  0.0000E+00
  0.0000E+00
  0.0000E+00
  0.0000E+00
  0.0000E+00
  0.0000E+00
  0.0000E+00
  0.0000E+00
  0.0000E+00
  0.0000E+00
  0.0000E+00
  0.0000E+00
  0.0000E+00
  0.0000E+00
  0.0000E+00
  0.0000E+00
  0.0000E+00
  0.0000E+00
  0.0000E+00
  0.0000E+00
  0.0000E+00
  0.0000E+00
  0.0000E+00
  0.0000E+00
  0.0000E+00
  0.0000E+00
  0.0000E+00
  0.0000E+00
  0.0000E+00
  0.0000E+00
  0.0000E+00
  0.0000E+00
  0.0000E+00
  0.0000E+00
  0.0000E+00
  0.0000E+00
  0.0000E+00
  0.0000E+00
  0.0000E+00
  0.0000E+00
  0.0000E+00
  0.0000E+00
  0.0000E+00
  0.0000E+00
  0.0000E+00
  0.0000E+00
  0.0000E+00
  0.0000E+00
  0.0000E+00
  0.0000E+00
  0.0000E+00
  0.0000E+00
  0.0000E+00
  0.0000E+00
  0.0000E+00
  0.0000E+00
  0.0000E+00
  0.0000E+00
  0.0000E+00
  0.0000E+00
  0.0000E+00
  0.0000E+00
  0.0000E+00
  0.0000E+00
  0.0000E+00
  0.0000E+00
  0.0000E+00
  0.0000E+00
  0.0000E+00
  0.0000E+00
  0.0000E+00
  0.0000E+00
  0.0000E+00
  0.0000E+00
  0.0000E+00
  0.0000E+00
  0.0000E+00
  0.0000E+00
  0.0000E+00
  0.0000E+00
  0.0000E+00
  0.0000E+00
  0.0000E+00
  0.0000E+00
  0.0000E+00
  0.0000E+00
  0.0000E+00
  0.0000E+00
  0.0000E+00
  0.0000E+00
  0.0000E+00
  0.0000E+00
  0.0000E+00
  0.0000E+00
  0.0000E+00
  0.0000E+00
  0.0000E+00
  0.0000E+00
  0.0000E+00
  0.0000E+00
  0.0000E+00
  0.0000E+00
  0.0000E+00
  0.0000E+00
  0.0000E+00
  0.0000E+00
  0.0000E+00
  0.0000E+00
  0.0000E+00
  0.0000E+00
  0.0000E+00
  0.0000E+00
  0.0000E+00
  0.0000E+00
  0.0000E+00
  0.0000E+00
  0.0000E+00
  0.0000E+00
  0.0000E+00
  0.0000E+00
  0.0000E+00
  0.0000E+00
  0.0000E+00
  0.0000E+00
  0.0000E+00
  0.0000E+00
  0.0000E+00
  0.0000E+00
  0.0000E+00
  0.0000E+00
  0.0000E+00
  0.0000E+00
  0.0000E+00
  0.0000E+00
  0.0000E+00
  0.0000E+00
  0.0000E+00
  0.0000E+00
  0.0000E+00
  0.0000E+00
  0.0000E+00
  0.0000E+00
  0.0000E+00
  0.0000E+00
  0.0000E+00
  0.0000E+00
  0.0000E+00
  0.0000E+00
  0.0000E+00
  0.0000E+00
  0.0000E+00
  0.0000E+00
  0.0000E+00
  0.0000E+00
  0.0000E+00
  0.0000E+00
  0.0000E+00
  0.0000E+00
  0.0000E+00
  0.0000E+00
  0.0000E+00
  0.0000E+00
  0.0000E+00
  0.0000E+00
  0.0000E+00
  0.0000E+00
  0.0000E+00
  0.0000E+00
  0.0000E+00
  0.0000E+00
  0.0000E+00
  0.0000E+00
  0.0000E+00
  0.0000E+00
  0.0000E+00
  0.0000E+00
  0.0000E+00
  0.0000E+00
  0.0000E+00
  0.0000E+00
  0.0000E+00
  0.0000E+00
  0.0000E+00
  0.0000E+00
  0.0000E+00
  0.0000E+00
  0.0000E+00
  0.0000E+00
  0.0000E+00
  0.0000E+00
  0.0000E+00
  0.0000E+00
  0.0000E+00
  0.0000E+00
  0.0000E+00
  0.0000E+00
  0.0000E+00
  0.0000E+00
  0.0000E+00
  0.0000E+00
  0.0000E+00
  0.0000E+00
  0.0000E+00
  0.0000E+00
  0.0000E+00
  0.0000E+00
  0.0000E+00
  0.0000E+00
  0.0000E+00
  0.0000E+00
  0.0000E+00
  0.0000E+00
  0.0000E+00
  0.0000E+00
  0.0000E+00
  0.0000E+00
  0.0000E+00
  0.0000E+00
  0.0000E+00
  0.0000E+00
  0.0000E+00
  0.0000E+00
  0.0000E+00
  0.0000E+00
  0.0000E+00
  0.0000E+00
  0.0000E+00
  0.0000E+00
  0.0000E+00
  0.0000E+00
  0.0000E+00
  0.0000E+00
  0.0000E+00
  0.0000E+00
  0.0000E+00
  0.0000E+00
  0.0000E+00
  0.0000E+00
  0.0000E+00
  0.0000E+00
  0.0000E+00
  0.0000E+00
  0.0000E+00
  0.0000E+00
  0.0000E+00
  0.0000E+00
  0.0000E+00
  0.0000E+00
  0.0000E+00
  0.0000E+00
  0.0000E+00
  0.0000E+00
  0.0000E+00
  0.0000E+00
  0.0000E+00
  0.0000E+00
  0.0000E+00
  0.0000E+00
  0.0000E+00
  0.0000E+00
  0.0000E+00
  0.0000E+00
  0.0000E+00
  0.0000E+00
  0.0000E+00
  0.0000E+00
  0.0000E+00
  0.0000E+00
  0.0000E+00
  0.0000E+00
  0.0000E+00
  0.0000E+00
  0.0000E+00
  0.0000E+00
  0.0000E+00
  0.0000E+00
  0.0000E+00
  0.0000E+00
  0.0000E+00
  0.0000E+00
  0.0000E+00
  0.0000E+00
  0.0000E+00
  0.0000E+00
  0.0000E+00
  0.0000E+00
  0.0000E+00
  0.0000E+00
  0.0000E+00
  0.0000E+00
  0.0000E+00
  0.0000E+00
  0.0000E+00
  0.0000E+00
  0.0000E+00
  0.0000E+00
  0.0000E+00
  0.0000E+00
  0.0000E+00
  0.0000E+00
  0.0000E+00
  0.0000E+00
  0.0000E+00
  0.0000E+00
  0.0000E+00
  0.0000E+00
  0.0000E+00
  0.0000E+00
  0.0000E+00
  0.0000E+00
  0.0000E+00
  0.0000E+00
  0.0000E+00
  0.0000E+00
  0.0000E+00
  0.0000E+00
  0.0000E+00
  0.0000E+00
  0.0000E+00
  0.0000E+00
  0.0000E+00
  0.0000E+00
  0.0000E+00
  0.0000E+00
  0.0000E+00
  0.0000E+00
  0.0000E+00
  0.0000E+00
  0.0000E+00
  0.0000E+00
  0.0000E+00
  0.0000E+00
  0.0000E+00
  0.0000E+00
  0.0000E+00
  0.0000E+00
  0.0000E+00
  0.0000E+00
  0.0000E+00
  0.0000E+00
  0.0000E+00
  0.0000E+00
  0.0000E+00
  0.0000E+00
  0.0000E+00
  0.0000E+00
  0.0000E+00
  0.0000E+00
  0.0000E+00
  0.0000E+00
  0.0000E+00
  0.0000E+00
  0.0000E+00
  0.0000E+00
  0.0000E+00
  0.0000E+00
  0.0000E+00
  0.0000E+00
  0.0000E+00
  0.0000E+00
  0.0000E+00
  0.0000E+00
  0.0000E+00
  0.0000E+00
  0.0000E+00
  0.0000E+00
  0.0000E+00
  0.0000E+00
  0.0000E+00
  0.0000E+00
  0.0000E+00
  0.0000E+00
  0.0000E+00
  0.0000E+00
  0.0000E+00
  0.0000E+00
  0.0000E+00
  0.0000E+00
  0.0000E+00
  0.0000E+00
  0.0000E+00
  0.0000E+00
  0.0000E+00
  0.0000E+00
  0.0000E+00
  0.0000E+00
  0.0000E+00
  0.0000E+00
  0.0000E+00
  0.0000E+00
  0.0000E+00
  0.0000E+00
  0.0000E+00
  0.0000E+00
  0.0000E+00
  0.0000E+00
  0.0000E+00
  0.0000E+00
  0.0000E+00
  0.0000E+00
  0.0000E+00
  0.0000E+00
  0.0000E+00
  0.0000E+00
  0.0000E+00
  0.0000E+00
  0.0000E+00
  0.0000E+00
  0.0000E+00
  0.0000E+00
  0.0000E+00
  0.0000E+00
  0.0000E+00
  0.0000E+00
  0.0000E+00
  0.0000E+00
  0.0000E+00
  0.0000E+00
  0.0000E+00
  0.0000E+00
  0.0000E+00
  0.0000E+00
  0.0000E+00
  0.0000E+00
  0.0000E+00
  0.0000E+00
  0.0000E+00
  0.0000E+00
  0.0000E+00
  0.0000E+00
  0.0000E+00
  0.0000E+00
  0.0000E+00
  0.0000E+00
  0.0000E+00
  0.0000E+00
  0.0000E+00
  0.0000E+00
  0.0000E+00
  0.0000E+00
  0.0000E+00
  0.0000E+00
  0.0000E+00
  0.0000E+00
  0.0000E+00
  0.0000E+00
  0.0000E+00
  0.0000E+00
  0.0000E+00
  0.0000E+00
  0.0000E+00
  0.0000E+00
  0.0000E+00
  0.0000E+00
  0.0000E+00
  0.0000E+00
  0.0000E+00
  0.0000E+00
  0.0000E+00
  0.0000E+00
  0.0000E+00
  0.0000E+00
  0.0000E+00
  0.0000E+00
  0.0000E+00
  0.0000E+00
  0.0000E+00
  0.0000E+00
  0.0000E+00
  0.0000E+00
  0.0000E+00
  0.0000E+00
  0.0000E+00
  0.0000E+00
  0.0000E+00
  0.0000E+00
  0.0000E+00
  0.0000E+00
  0.0000E+00
  0.0000E+00
  0.0000E+00
  0.0000E+00
  0.0000E+00
  0.0000E+00
  0.0000E+00
  0.0000E+00
  0.0000E+00
  0.0000E+00
  0.0000E+00
  0.0000E+00
  0.0000E+00
  0.0000E+00
  0.0000E+00
  0.0000E+00
  0.0000E+00
  0.0000E+00
  0.0000E+00
  0.0000E+00
  0.0000E+00
  0.0000E+00
  0.0000E+00
  0.0000E+00
  0.0000E+00
  0.0000E+00
  0.0000E+00
