  0.3799E-02
  0.2343E-01
  0.3644E-01
  0.3585E-01
  0.2696E-01
  0.1851E-01
  0.1126E-01
  0.6808E-02
  0.3878E-02
  0.2184E-02
  0.1219E-02
  0.6724E-03
  0.3691E-03
  0.2014E-03
  0.1096E-03
  0.5721E-04
  0.3163E-04
  0.1702E-04
  0.8975E-05
  0.4927E-05
  0.2847E-05
  0.1675E-05
  0.1012E-05
  0.7172E-06
  0.6740E-06
  0.6740E-06
  0.6740E-06
  0.6740E-06
  0.6740E-06
  0.6740E-06
  0.6740E-06
  0.6740E-06
  0.6740E-06
  0.6740E-06
  0.6740E-06
  0.6740E-06
  0.6740E-06
  0.6740E-06
  0.6740E-06
  0.6740E-06
  0.6740E-06
  0.6740E-06
  0.6740E-06
  0.6740E-06
  0.6740E-06
  0.6740E-06
  0.6740E-06
  0.6740E-06
  0.6740E-06
  0.6740E-06
