 TOA temperature vs. time [K]
    149.9993
    149.9978
    149.9990
    153.3324
    150.8324
    152.8324
    154.4990
    155.9276
    154.6776
    155.7887
    154.7887
    155.6978
    156.5311
    155.7619
    156.4762
    157.1429
    156.5179
    157.1061
    157.6617
    157.1353
    157.6353
    158.1115
    157.6570
    158.0918
    158.5084
    158.1084
    158.4931
    158.8634
    158.5063
    158.8511
    158.5178
    158.8404
    158.5279
    158.8309
    158.5368
    158.8225
    158.5447
    158.8150
    158.5518
    158.8082
    158.5582
    158.8021
    158.5640
    158.7966
    158.5693
    158.7915
    158.5742
    158.7869
    158.5786
    158.7827
    158.9827
    158.7866
    158.9789
    158.7902
    158.9754
    158.7936
    158.9722
    158.7967
    158.9691
    158.7996
    158.9663
    158.8024
    158.9637
    158.8049
    158.6487
    158.8025
    158.6510
    158.8003
    158.6532
    158.7981
    158.6553
    158.7961
    158.6572
    158.7942
    158.9294
    158.7960
    158.9276
    158.7977
    158.9259
    158.7994
    158.9244
    158.8009
    158.9228
    158.8024
    158.9214
    158.8038
    158.9200
    158.8051
    158.9187
    158.8064
    158.9175
    158.8076
    158.9163
    158.8088
    158.7024
    158.8076
    158.7035
    158.8066
    158.7045
    158.8055
    158.7055
    158.8055
    158.7055
    158.8055
    158.7055
    158.8055
    158.7055
    158.8055
    158.7055
    158.8055
    158.7055
    158.8055
    158.7055
    158.8055
    158.7055
    158.8055
    158.7055
    158.8055
    158.7055
    158.8055
    158.7055
    158.8055
    158.7055
    158.8055
    158.7055
    158.8055
    158.7055
    158.8055
    158.7055
    158.8055
    158.7055
    158.8055
    158.7055
    158.8055
    158.7055
    158.8055
    158.7055
    158.8055
    158.7055
    158.8055
    158.7055
    158.8055
    158.7055
    158.8055
    158.7055
    158.8055
    158.7055
    158.8055
    158.7055
    158.8055
    158.7055
    158.8055
    158.7055
    158.8055
    158.7055
    158.8055
    158.7055
    158.8055
    158.7055
    158.8055
    158.7055
    158.8055
    158.7055
    158.8055
    158.7055
    158.8055
    158.7055
    158.8055
    158.7055
    158.8055
    158.7055
    158.8055
    158.7055
    158.8055
    158.7055
    158.8055
    158.7055
    158.8055
    158.7055
    158.8055
    158.7055
    158.8055
    158.7055
    158.8055
    158.7055
    158.8055
    158.7055
    158.8055
    158.7055
    158.8055
    158.7055
    158.8055
    158.7055
    158.8055
    158.7055
    158.8055
    158.7055
    158.8055
    158.7055
    158.8055
    158.7055
    158.8055
    158.7055
    158.8055
    158.7055
    158.8055
    158.7055
    158.8055
    158.7055
    158.8055
    158.7055
    158.8055
    158.7055
    158.8055
    158.7055
    158.8055
    158.7055
    158.8055
    158.7055
    158.8055
    158.7055
    158.8055
    158.7055
    158.8055
    158.7055
    158.8055
    158.7055
    158.8055
    158.7055
    158.8055
    158.7055
    158.8055
    158.7055
    158.8055
    158.7055
    158.8055
    158.7055
    158.8055
    158.7055
    158.8055
    158.7055
    158.8055
    158.7055
    158.8055
    158.7055
    158.8055
    158.7055
    158.8055
    158.7055
    158.8055
    158.7055
    158.8055
    158.7055
    158.8055
    158.7055
    158.8055
    158.7055
    158.8055
    158.7055
    158.8055
    158.7055
    158.8055
    158.7055
    158.8055
    158.7055
    158.8055
    158.7055
    158.8055
    158.7055
    158.8055
    158.7055
    158.8055
    158.7055
    158.8055
    158.7055
    158.8055
    158.7055
    158.8055
    158.7055
    158.8055
    158.7055
    158.8055
    158.7055
    158.8055
    158.7055
    158.8055
    158.7055
    158.8055
    158.7055
    158.8055
    158.7055
    158.8055
    158.7055
    158.8055
    158.7055
    158.8055
    158.7055
    158.8055
    158.7055
    158.8055
    158.7055
    158.8055
    158.7055
    158.8055
    158.7055
    158.8055
    158.7055
    158.8055
    158.7055
    158.8055
    158.7055
    158.8055
    158.7055
    158.8055
    158.7055
    158.8055
    158.7055
    158.8055
    158.7055
    158.8055
    158.7055
    158.8055
    158.7055
    158.8055
    158.7055
    158.8055
    158.7055
    158.8055
    158.7055
    158.8055
    158.7055
    158.8055
    158.7055
    158.8055
    158.7055
    158.8055
    158.7055
    158.8055
    158.7055
    158.8055
    158.7055
    158.8055
    158.7055
    158.8055
    158.7055
    158.8055
    158.7055
    158.8055
    158.7055
    158.8055
    158.7055
    158.8055
    158.7055
    158.8055
    158.7055
    158.8055
    158.7055
    158.8055
    158.7055
    158.8055
    158.7055
    158.8055
    158.7055
    158.8055
    158.7055
    158.8055
    158.7055
    158.8055
    158.7055
    158.8055
    158.7055
    158.8055
    158.7055
    158.8055
    158.7055
    158.8055
    158.7055
    158.8055
    158.7055
    158.8055
    158.7055
    158.8055
    158.7055
    158.8055
    158.7055
    158.8055
    158.7055
    158.8055
    158.7055
    158.8055
    158.7055
    158.8055
    158.7055
    158.8055
    158.7055
    158.8055
    158.7055
    158.8055
    158.7055
    158.8055
    158.7055
    158.8055
    158.7055
    158.8055
    158.7055
    158.8055
    158.7055
    158.8055
    158.7055
    158.8055
    158.7055
    158.8055
    158.7055
    158.8055
    158.7055
    158.8055
    158.7055
    158.8055
    158.7055
    158.8055
    158.7055
    158.8055
    158.7055
    158.8055
    158.7055
    158.8055
    158.7055
    158.8055
    158.7055
    158.8055
    158.7055
    158.8055
    158.7055
    158.8055
    158.7055
    158.8055
    158.7055
    158.8055
    158.7055
    158.8055
    158.7055
    158.8055
    158.7055
    158.8055
    158.7055
    158.8055
    158.7055
    158.8055
    158.7055
    158.8055
    158.7055
    158.8055
    158.7055
    158.8055
    158.7055
    158.8055
    158.7055
    158.8055
    158.7055
    158.8055
    158.7055
    158.8055
    158.7055
    158.8055
    158.7055
    158.8055
    158.7055
    158.8055
    158.7055
    158.8055
    158.7055
    158.8055
    158.7055
    158.8055
    158.7055
    158.8055
    158.7055
    158.8055
    158.7055
    158.8055
    158.7055
    158.8055
    158.7055
    158.8055
    158.7055
    158.8055
    158.7055
    158.8055
    158.7055
    158.8055
    158.7055
    158.8055
    158.7055
    158.8055
    158.7055
    158.8055
    158.7055
    158.8055
    158.7055
    158.8055
