 Planetary albedo [cm2 / molecules of air]
          0.00000000E+00
          0.15502084E+00
          0.13688561E+00
          0.79152357E-03
          0.10894315E-08
          0.41519975E-04
          0.74869999E-10
          0.13818202E-09
          0.44278807E-03
          0.37569525E-09
          0.21707345E-01
          0.83567797E-09
          0.27074642E-01
          0.10058296E+00
          0.65093216E-01
          0.28784322E-08
          0.18643251E+00
          0.14120795E+00
          0.19498214E+00
          0.16557397E+00
          0.12241064E+00
          0.76256298E-02
          0.13274266E-07
          0.15852367E-07
          0.18788934E-07
          0.22115748E-07
          0.25865943E-07
          0.30073999E-07
          0.34775751E-07
          0.40008380E-07
          0.45810419E-07
          0.11124918E-05
          0.59283611E-07
          0.11380806E-02
          0.95570493E-01
          0.12983374E+00
          0.15087727E+00
          0.41234951E-01
          0.11779499E-06
          0.40395253E-05
          0.18232056E+00
          0.75151722E-01
          0.18037615E-05
          0.19316491E-06
          0.12752173E+00
          0.19998938E+00
          0.19888215E+00
          0.19990485E+00
          0.19543415E+00
          0.12667616E+00
          0.33453176E-02
          0.91967460E-02
          0.12191883E+00
          0.14288694E+00
          0.53996720E-02
          0.13482712E-03
          0.51671943E-01
          0.18755595E+00
          0.16310642E+00
          0.73826381E-01
          0.75223713E-01
          0.11766607E+00
          0.15600866E+00
          0.26517148E-02
          0.18739320E+00
          0.15120992E+00
          0.47012855E-02
          0.14095740E+00
          0.74781427E-01
          0.17658410E+00
          0.76617911E-01
          0.18307845E+00
          0.17095501E+00
          0.17793437E+00
          0.14465338E+00
          0.16795078E-01
          0.18807578E-05
          0.21781246E-05
          0.40018141E-02
          0.61796747E-02
          0.44532187E-01
          0.24263976E-05
          0.25483952E-05
          0.26749365E-05
          0.28061329E-05
          0.38452677E-04
          0.65445384E-01
          0.11805430E+00
          0.50874281E-02
          0.35359359E-05
          0.36974785E-05
          0.38644940E-05
          0.40371047E-05
          0.42154341E-05
          0.43996072E-05
          0.45897502E-05
          0.47859908E-05
          0.13574303E+00
          0.71837501E-01
          0.85216094E-01
          0.83690076E-03
          0.12029409E+00
          0.16077847E+00
          0.38689296E-01
          0.25029755E-04
          0.71793856E-05
          0.14317117E+00
          0.19800664E+00
          0.19888257E+00
          0.17840189E+00
          0.14347839E+00
          0.15935064E+00
          0.19141181E+00
          0.19719248E+00
          0.19991654E+00
          0.19993379E+00
          0.19974739E+00
          0.19992414E+00
          0.19781322E+00
          0.19461428E+00
          0.17324392E+00
          0.19680326E+00
          0.19855653E+00
          0.19399167E+00
          0.18012817E+00
          0.18537300E+00
          0.12777411E+00
          0.18702651E+00
          0.11414517E+00
          0.16477139E+00
          0.19507044E+00
          0.18027147E+00
          0.92492219E-01
          0.50331510E-01
          0.18159138E-04
          0.22135611E-01
          0.18360326E+00
          0.13026113E+00
          0.65262281E-04
          0.21024000E-04
          0.21635377E-04
          0.22259991E-04
          0.22898032E-04
          0.23549692E-04
          0.24215162E-04
          0.24894637E-04
          0.25588312E-04
          0.26296383E-04
          0.27019047E-04
          0.27756504E-04
          0.28508955E-04
          0.94121566E-01
          0.30059645E-04
          0.31904686E-04
          0.18128228E-01
          0.14474908E+00
          0.13647266E+00
          0.18670711E+00
          0.14700814E+00
          0.20484465E-01
          0.51258810E-01
          0.26325673E-01
          0.19893293E+00
          0.19965788E+00
          0.19974895E+00
          0.19982826E+00
          0.15763091E+00
          0.19883177E+00
          0.19802187E+00
          0.19981814E+00
          0.19987269E+00
          0.19988597E+00
          0.19986897E+00
          0.19959028E+00
          0.19967874E+00
          0.19739310E+00
          0.19931936E+00
          0.22400590E-01
          0.19743183E+00
          0.19896878E+00
          0.19447856E+00
          0.18662076E+00
          0.18260708E+00
          0.16795218E+00
          0.10827707E+00
          0.80473856E-04
          0.67384741E-04
          0.11607626E+00
          0.13561604E+00
          0.69357315E-02
          0.73796633E-04
          0.74925650E-04
          0.76506630E-04
          0.78112551E-04
          0.79743619E-04
          0.81400095E-04
          0.83082242E-04
          0.84790322E-04
          0.86524601E-04
          0.88285346E-04
          0.90072824E-04
          0.31470168E-02
          0.11933819E-03
          0.95598355E-04
          0.97495470E-04
          0.99420676E-04
          0.22032679E-02
          0.18508658E+00
          0.18783679E+00
          0.16412096E+00
          0.11302644E+00
          0.13381120E+00
          0.35542587E-03
          0.12276475E-03
          0.13099065E+00
          0.18895058E+00
          0.16843222E+00
          0.43162024E-02
          0.19746937E+00
          0.19787374E+00
          0.17480715E+00
          0.19836445E+00
          0.19746586E+00
          0.19860745E+00
          0.19915870E+00
          0.19920170E+00
          0.19873967E+00
          0.19069420E+00
          0.19880982E+00
          0.19951139E+00
          0.19967765E+00
          0.19922603E+00
          0.19643459E+00
          0.14889332E+00
          0.19477424E+00
          0.17619967E+00
          0.19761141E+00
          0.19078993E+00
          0.15566151E+00
          0.14566353E+00
          0.15330016E+00
          0.13557656E+00
          0.77680793E-01
          0.61248480E-01
          0.29078168E-01
          0.13627081E+00
          0.90100321E-01
          0.23911447E-01
          0.21314063E-03
          0.21738014E-03
          0.21991916E-03
          0.11994759E+00
          0.33085363E-01
          0.23058026E-03
          0.23424602E-03
          0.21400431E-01
          0.18814243E+00
          0.19868658E+00
          0.18637447E+00
          0.46485173E-01
          0.39827762E-01
          0.31710165E-02
          0.11861156E+00
          0.19652267E+00
          0.19851340E+00
          0.19754693E+00
          0.18604331E+00
          0.32923239E-03
          0.16402525E+00
          0.10443174E+00
          0.30186818E-03
          0.15984629E+00
          0.16253291E+00
          0.19804347E+00
          0.15076823E+00
          0.78208219E-01
          0.10170349E-02
          0.33127723E-03
          0.33608467E-03
          0.34094421E-03
          0.14131572E+00
          0.19780125E+00
          0.17326292E+00
          0.19640479E+00
          0.16680559E+00
          0.19693145E+00
          0.19794350E+00
          0.18243592E+00
          0.17593606E+00
          0.18839875E+00
          0.18322321E+00
          0.18821609E+00
          0.64022157E-01
          0.17862571E+00
          0.48766232E-01
          0.18620820E+00
          0.18900581E+00
          0.18263614E+00
          0.15333203E+00
          0.95805366E-01
          0.19278949E+00
          0.19828809E+00
          0.18784364E+00
          0.94604274E-01
          0.49672502E-01
          0.18742987E+00
          0.19851714E+00
          0.19884324E+00
          0.18620077E+00
          0.97837304E-03
          0.17196054E+00
          0.19161227E+00
          0.19895816E+00
          0.19895698E+00
          0.19883949E+00
          0.19724724E+00
          0.18919732E+00
          0.19573769E+00
          0.19750347E+00
          0.19391254E+00
          0.19862594E+00
          0.19796034E+00
          0.17787916E+00
          0.17328029E+00
          0.13833884E+00
          0.12452755E+00
          0.17273562E+00
          0.64311655E-03
          0.65101346E-03
          0.17369197E+00
          0.13816612E+00
          0.26461233E-01
          0.68333283E-03
          0.19765400E+00
          0.19869478E+00
          0.19870613E+00
          0.19867114E+00
          0.19868917E+00
          0.19853904E+00
          0.19854921E+00
          0.19861051E+00
          0.19841515E+00
          0.19847793E+00
          0.19857589E+00
          0.19850645E+00
          0.19845161E+00
          0.19565369E+00
          0.17508295E+00
          0.19703919E+00
          0.15937613E+00
          0.19572445E+00
          0.19715366E+00
          0.19671270E+00
          0.16694233E+00
          0.19469901E+00
          0.19775628E+00
          0.19740861E+00
          0.19793315E+00
          0.87427216E-01
          0.19632429E+00
          0.19824061E+00
          0.19807625E+00
          0.19773069E+00
          0.19819553E+00
          0.19818692E+00
          0.19801272E+00
          0.19790606E+00
          0.19814226E+00
          0.19771380E+00
          0.19805676E+00
          0.19783320E+00
          0.19759660E+00
          0.19614268E+00
          0.19409260E+00
          0.19702845E+00
          0.31025829E-01
          0.17614600E+00
          0.19515580E+00
          0.19643282E+00
          0.19419770E+00
          0.18112627E+00
          0.26894781E-01
          0.19764546E+00
          0.19716826E+00
          0.18806355E+00
          0.19566039E+00
          0.19763067E+00
          0.19775590E+00
          0.19773285E+00
          0.19771020E+00
          0.19768809E+00
          0.19766374E+00
          0.19763871E+00
          0.19759176E+00
          0.19741289E+00
          0.19756511E+00
          0.19753057E+00
          0.19751999E+00
          0.19746046E+00
          0.19744177E+00
          0.19744370E+00
          0.19739389E+00
          0.19737458E+00
          0.19733487E+00
          0.19734248E+00
          0.19729135E+00
          0.19723469E+00
          0.19719051E+00
          0.19713804E+00
          0.19720301E+00
          0.19707249E+00
          0.19705615E+00
          0.19707830E+00
          0.19707693E+00
          0.19697593E+00
          0.19696659E+00
          0.19693373E+00
          0.19691878E+00
          0.19689368E+00
          0.19602541E+00
          0.19666195E+00
          0.19611158E+00
          0.19619628E+00
          0.19653390E+00
          0.19598717E+00
          0.19550079E+00
          0.19505516E+00
          0.19581221E+00
          0.19591028E+00
          0.19133820E+00
          0.19508589E+00
          0.19614395E+00
          0.19630199E+00
          0.18361999E+00
          0.17686500E+00
          0.19643445E+00
          0.19639584E+00
          0.19633283E+00
          0.19623013E+00
          0.19493507E+00
          0.19625108E+00
          0.19572628E+00
          0.19610541E+00
          0.19614343E+00
          0.19609056E+00
          0.19597571E+00
          0.19597854E+00
          0.19603144E+00
          0.19601262E+00
          0.19597788E+00
          0.19594296E+00
          0.19590860E+00
          0.19587264E+00
          0.19583495E+00
          0.19579509E+00
          0.19555952E+00
          0.19565113E+00
          0.19551658E+00
          0.19243083E+00
          0.19448367E+00
          0.18885166E+00
          0.19554379E+00
          0.19550566E+00
          0.19546699E+00
          0.19542980E+00
          0.19539086E+00
          0.19535247E+00
          0.19531351E+00
          0.19522761E+00
          0.19523225E+00
          0.19519425E+00
          0.19515548E+00
          0.19511539E+00
          0.19507486E+00
          0.19503386E+00
          0.19485892E+00
          0.19494730E+00
          0.19490982E+00
          0.19486712E+00
          0.19482393E+00
          0.19472752E+00
          0.19421889E+00
          0.19463023E+00
          0.19450254E+00
          0.19459422E+00
          0.19456150E+00
          0.19449395E+00
          0.19447598E+00
          0.19438568E+00
          0.19436605E+00
          0.19434073E+00
          0.19427377E+00
          0.19417756E+00
          0.19416399E+00
          0.19412162E+00
          0.19412665E+00
          0.19408048E+00
          0.19402924E+00
          0.19393532E+00
          0.19394088E+00
          0.19389102E+00
          0.19382828E+00
          0.19370174E+00
          0.19373424E+00
          0.19368613E+00
          0.19359752E+00
          0.19340333E+00
          0.17603114E+00
          0.19346477E+00
          0.19340203E+00
          0.19315394E+00
          0.17790672E+00
          0.19331010E+00
          0.19326115E+00
          0.19321039E+00
          0.19315975E+00
          0.19310435E+00
          0.19305553E+00
          0.19300563E+00
          0.19295376E+00
          0.19290160E+00
          0.19284917E+00
          0.19279647E+00
          0.19274351E+00
          0.19269027E+00
          0.19263676E+00
          0.19258298E+00
          0.19251820E+00
          0.19247461E+00
          0.19241940E+00
          0.19236518E+00
          0.19231006E+00
          0.19225459E+00
          0.19219869E+00
          0.19214291E+00
          0.19208675E+00
          0.19203023E+00
          0.19197342E+00
          0.19191613E+00
          0.19185820E+00
          0.19179136E+00
          0.19174244E+00
          0.19168130E+00
          0.19142421E+00
          0.19156497E+00
          0.19143188E+00
          0.19144748E+00
          0.19138757E+00
          0.19127020E+00
          0.19125328E+00
          0.19120175E+00
          0.19091694E+00
          0.19095851E+00
          0.19069998E+00
          0.19095964E+00
          0.18925455E+00
          0.19081236E+00
          0.18975013E+00
          0.19064640E+00
          0.19063650E+00
          0.19058668E+00
          0.19047733E+00
          0.19043858E+00
          0.19037156E+00
          0.19031124E+00
          0.19026732E+00
          0.19020107E+00
          0.19013799E+00
          0.19007302E+00
          0.19000494E+00
          0.18993962E+00
          0.18986913E+00
          0.18980545E+00
          0.18974162E+00
          0.18967331E+00
          0.18945489E+00
          0.18953573E+00
          0.18941579E+00
          0.18940246E+00
          0.18933386E+00
          0.18926489E+00
          0.18919563E+00
          0.18912579E+00
          0.18905604E+00
          0.18898563E+00
          0.18891479E+00
          0.18884421E+00
          0.18877346E+00
          0.18870195E+00
          0.18863012E+00
          0.18855841E+00
          0.18848613E+00
          0.18841346E+00
          0.18834069E+00
          0.18826750E+00
          0.18819406E+00
          0.18812026E+00
          0.18804586E+00
          0.18797169E+00
          0.18789601E+00
          0.18781160E+00
          0.18774524E+00
          0.18766715E+00
          0.18757878E+00
          0.18750818E+00
          0.18739890E+00
          0.18736529E+00
          0.18728095E+00
          0.18718836E+00
          0.18711989E+00
          0.18704807E+00
          0.18697763E+00
          0.18686346E+00
          0.18679468E+00
          0.18673815E+00
          0.18664527E+00
          0.18657938E+00
          0.18650088E+00
          0.18642158E+00
          0.18634132E+00
          0.18626044E+00
          0.18617964E+00
          0.18602598E+00
          0.18601535E+00
          0.18593404E+00
          0.18585193E+00
          0.18576868E+00
          0.18568616E+00
          0.18560285E+00
          0.18551937E+00
          0.18543553E+00
          0.18535128E+00
          0.18525197E+00
          0.18517918E+00
          0.18509702E+00
          0.18501011E+00
          0.18490656E+00
          0.18483977E+00
          0.18475359E+00
          0.18466728E+00
          0.18458047E+00
          0.18449333E+00
          0.18440591E+00
          0.18431817E+00
          0.18421273E+00
          0.18414183E+00
          0.18405322E+00
          0.18396431E+00
          0.18387511E+00
          0.18378553E+00
          0.18369557E+00
          0.18360573E+00
          0.18350184E+00
          0.18342469E+00
          0.18333324E+00
          0.18324154E+00
          0.18314092E+00
          0.18305908E+00
          0.18296697E+00
          0.18286859E+00
          0.18278083E+00
          0.18268494E+00
          0.18259548E+00
          0.18250193E+00
          0.18240580E+00
          0.18231373E+00
          0.18221873E+00
          0.18212071E+00
          0.18202934E+00
          0.18187202E+00
          0.18183625E+00
          0.18172038E+00
          0.18164439E+00
          0.18154864E+00
          0.18145319E+00
          0.18135223E+00
          0.18125823E+00
          0.18114792E+00
          0.18104999E+00
          0.18095722E+00
          0.18084406E+00
          0.18076815E+00
          0.18050882E+00
          0.18057040E+00
          0.18047083E+00
          0.18037014E+00
          0.18026859E+00
          0.18017085E+00
          0.18007021E+00
          0.17996906E+00
          0.17986779E+00
          0.17976450E+00
          0.17966478E+00
          0.17956254E+00
          0.17945939E+00
          0.17935719E+00
          0.17925438E+00
          0.17915234E+00
          0.17904883E+00
          0.17894324E+00
          0.17884126E+00
          0.17873699E+00
          0.17863269E+00
          0.17852712E+00
          0.17842334E+00
          0.17831830E+00
          0.17821283E+00
          0.17810704E+00
          0.17788182E+00
          0.17789507E+00
          0.17778858E+00
          0.17768154E+00
          0.17757483E+00
          0.17746765E+00
          0.17736018E+00
          0.17725245E+00
          0.17714446E+00
          0.17703613E+00
          0.17692775E+00
          0.17681902E+00
          0.17671004E+00
          0.17660083E+00
          0.17649136E+00
          0.17638165E+00
          0.17627168E+00
          0.17616151E+00
          0.17604992E+00
          0.17593910E+00
          0.17582908E+00
          0.17571827E+00
          0.17560692E+00
          0.17549463E+00
          0.17538262E+00
          0.17527137E+00
          0.17515886E+00
          0.17504643E+00
          0.17489428E+00
          0.17481551E+00
          0.17470615E+00
          0.17459361E+00
          0.17448058E+00
          0.17436676E+00
          0.17425266E+00
          0.17413815E+00
          0.17402384E+00
          0.17390912E+00
          0.17379408E+00
          0.17367892E+00
          0.17356363E+00
          0.17344766E+00
          0.17333226E+00
          0.17321617E+00
          0.17310007E+00
          0.17298353E+00
          0.17286706E+00
          0.17275027E+00
          0.17263314E+00
          0.17251599E+00
          0.17239869E+00
          0.17228109E+00
          0.17216332E+00
          0.17204534E+00
          0.17192695E+00
          0.17180884E+00
          0.17169026E+00
          0.17156639E+00
          0.17145273E+00
          0.17133365E+00
          0.17121441E+00
          0.17109498E+00
          0.17097538E+00
          0.17085560E+00
          0.17073565E+00
          0.17061511E+00
          0.17049480E+00
          0.17037480E+00
          0.17025418E+00
          0.17013341E+00
          0.17001230E+00
          0.16989138E+00
          0.16977013E+00
          0.16964872E+00
          0.16952550E+00
          0.16940542E+00
          0.16928356E+00
          0.16916100E+00
          0.16903924E+00
          0.16891470E+00
          0.16879448E+00
          0.16867185E+00
          0.16854919E+00
          0.16842638E+00
          0.16830344E+00
          0.16818011E+00
          0.16805695E+00
          0.16793384E+00
          0.16781039E+00
          0.16768679E+00
          0.16756285E+00
          0.16743921E+00
          0.16731532E+00
          0.16719130E+00
          0.16706712E+00
          0.16694284E+00
          0.16681845E+00
          0.16669395E+00
          0.16656935E+00
          0.16644465E+00
          0.16631986E+00
          0.16619496E+00
          0.16606993E+00
          0.16594490E+00
          0.16581969E+00
          0.16569450E+00
          0.16556915E+00
          0.16544375E+00
          0.16531827E+00
          0.16519267E+00
          0.16506704E+00
          0.16494132E+00
          0.16481538E+00
          0.16468973E+00
          0.16456382E+00
          0.16443779E+00
          0.16431176E+00
          0.16418573E+00
          0.16405955E+00
          0.16393343E+00
          0.16380720E+00
          0.16368092E+00
          0.16355460E+00
          0.16342823E+00
          0.16330183E+00
          0.16317540E+00
          0.16304893E+00
          0.16292243E+00
          0.16279591E+00
          0.16266936E+00
          0.16254277E+00
          0.16241620E+00
          0.16228959E+00
          0.16216298E+00
          0.16203634E+00
          0.16190963E+00
          0.16178305E+00
          0.16165641E+00
          0.16152974E+00
          0.16140315E+00
          0.16127647E+00
          0.16114987E+00
          0.16102314E+00
          0.16089650E+00
          0.16077009E+00
          0.16064351E+00
          0.16051702E+00
          0.16039052E+00
          0.16026404E+00
          0.16013749E+00
          0.16001104E+00
          0.15988484E+00
          0.15975851E+00
          0.15963223E+00
          0.15950600E+00
          0.15937982E+00
          0.15925369E+00
          0.15912762E+00
          0.15900161E+00
          0.15887567E+00
          0.15874978E+00
          0.15862398E+00
          0.15849824E+00
          0.15837258E+00
          0.15824700E+00
          0.15812150E+00
          0.15799609E+00
          0.15787076E+00
          0.15774553E+00
          0.15762039E+00
          0.15749536E+00
          0.15737040E+00
          0.15724554E+00
          0.15712087E+00
          0.15699626E+00
          0.15687164E+00
          0.15674738E+00
          0.15662313E+00
          0.15649900E+00
          0.15637500E+00
          0.15625112E+00
          0.15612737E+00
          0.15600379E+00
          0.15588033E+00
          0.15575702E+00
          0.15563386E+00
          0.15551083E+00
          0.15538798E+00
          0.15526527E+00
          0.15514273E+00
          0.15502024E+00
          0.15489818E+00
          0.15477530E+00
          0.15465433E+00
          0.15453265E+00
          0.15441025E+00
          0.15428984E+00
          0.15416804E+00
          0.15404786E+00
          0.15392716E+00
          0.15380665E+00
          0.15368634E+00
          0.15356621E+00
          0.15344636E+00
          0.15332669E+00
          0.15320716E+00
          0.15308802E+00
          0.15296902E+00
          0.15285025E+00
          0.15273171E+00
          0.15261341E+00
          0.15249536E+00
          0.15237755E+00
          0.15225998E+00
          0.15214267E+00
          0.15202562E+00
          0.15190883E+00
          0.15179230E+00
          0.15167604E+00
          0.15156005E+00
          0.15144431E+00
          0.15132889E+00
          0.15121374E+00
          0.15109887E+00
          0.15098427E+00
          0.15087001E+00
          0.15075603E+00
          0.15064234E+00
          0.15052897E+00
          0.15041590E+00
          0.15030314E+00
          0.15019071E+00
          0.15007860E+00
          0.14996680E+00
          0.14985535E+00
          0.14974422E+00
          0.14963342E+00
          0.14952297E+00
          0.14941286E+00
          0.14930310E+00
          0.14919369E+00
          0.14908464E+00
          0.14897595E+00
          0.14886762E+00
          0.14875966E+00
          0.14865207E+00
          0.14854485E+00
          0.14843798E+00
          0.14833158E+00
          0.14822552E+00
          0.14811985E+00
          0.14801458E+00
          0.14790971E+00
          0.14780524E+00
          0.14770118E+00
          0.14759754E+00
          0.14749429E+00
          0.14739149E+00
          0.14728910E+00
          0.14718714E+00
          0.14708561E+00
          0.14698451E+00
          0.14688386E+00
          0.14678365E+00
          0.14668388E+00
          0.14658458E+00
          0.14648572E+00
          0.14638732E+00
          0.14628940E+00
          0.14619193E+00
          0.14609494E+00
          0.14599843E+00
          0.14590240E+00
          0.14580685E+00
          0.14571179E+00
          0.14561722E+00
          0.14552315E+00
          0.14542958E+00
          0.14533651E+00
          0.14524395E+00
          0.14515191E+00
          0.14506038E+00
          0.14496938E+00
          0.14487890E+00
          0.14478895E+00
          0.14469953E+00
          0.14461065E+00
          0.14452230E+00
          0.14443441E+00
          0.14434726E+00
          0.14426056E+00
          0.14417444E+00
          0.14408888E+00
          0.14400388E+00
          0.14391886E+00
          0.14383559E+00
          0.14375231E+00
          0.14366962E+00
          0.14358734E+00
          0.14350599E+00
          0.14342502E+00
          0.14334474E+00
          0.14326502E+00
          0.14318590E+00
          0.14310739E+00
          0.14302950E+00
          0.14295223E+00
          0.14287559E+00
          0.14279956E+00
          0.14272418E+00
          0.14264942E+00
          0.14257531E+00
          0.14250184E+00
          0.14242902E+00
          0.14235685E+00
          0.14228533E+00
          0.14221448E+00
          0.14214429E+00
          0.14207476E+00
          0.14200591E+00
          0.14193774E+00
          0.14187024E+00
          0.14180343E+00
          0.14173731E+00
          0.14167188E+00
          0.14160714E+00
          0.14154311E+00
          0.14147978E+00
          0.14141716E+00
          0.14135524E+00
          0.14129405E+00
          0.14123358E+00
          0.14117383E+00
          0.14111480E+00
          0.14105652E+00
          0.14099897E+00
          0.14094215E+00
          0.14088608E+00
          0.14083076E+00
          0.14077619E+00
          0.14072237E+00
          0.14066932E+00
          0.14061703E+00
          0.14056550E+00
          0.14051475E+00
          0.14046477E+00
          0.14041557E+00
          0.14036713E+00
          0.14031953E+00
          0.14027251E+00
          0.14022665E+00
          0.14018140E+00
          0.14013696E+00
          0.14009332E+00
          0.14005048E+00
          0.14000847E+00
          0.13996728E+00
          0.13992690E+00
          0.13988735E+00
          0.13984863E+00
          0.13981074E+00
          0.13977369E+00
          0.13973747E+00
          0.13970210E+00
          0.13966758E+00
          0.13963391E+00
          0.13960109E+00
          0.13956913E+00
          0.13953804E+00
          0.13950781E+00
          0.13947845E+00
          0.13944996E+00
          0.13942235E+00
          0.13939562E+00
          0.13936977E+00
          0.13934481E+00
          0.13932074E+00
          0.13929757E+00
          0.13927529E+00
          0.13925392E+00
          0.13923345E+00
          0.13921388E+00
          0.13919524E+00
          0.13917751E+00
          0.13916069E+00
          0.13914481E+00
          0.13912984E+00
          0.13911581E+00
          0.13910271E+00
          0.13909053E+00
          0.13907929E+00
          0.13906902E+00
          0.13905970E+00
          0.13905132E+00
          0.13904386E+00
          0.13903740E+00
          0.13903189E+00
          0.13902734E+00
          0.13902376E+00
          0.13902114E+00
          0.13901950E+00
          0.13901884E+00
          0.13901915E+00
          0.13902045E+00
          0.13902273E+00
          0.13902600E+00
          0.13903026E+00
          0.13903552E+00
          0.13904178E+00
          0.13904903E+00
          0.13905730E+00
          0.13906657E+00
          0.13907685E+00
          0.13908814E+00
          0.13910045E+00
          0.13911379E+00
          0.13912814E+00
          0.13914352E+00
          0.13915993E+00
          0.13917737E+00
          0.13919584E+00
          0.13921535E+00
          0.13923591E+00
          0.13925750E+00
          0.13928014E+00
          0.13930383E+00
          0.13932857E+00
          0.13935437E+00
          0.13938122E+00
          0.13940914E+00
          0.13943811E+00
          0.13946816E+00
          0.13949926E+00
          0.13953144E+00
          0.13956469E+00
          0.13959903E+00
          0.13963444E+00
          0.13967092E+00
          0.13970850E+00
          0.13974716E+00
          0.13978691E+00
          0.13982774E+00
          0.13986967E+00
          0.13991271E+00
          0.13995684E+00
          0.14000207E+00
          0.14004840E+00
          0.14009584E+00
          0.14014438E+00
          0.14019404E+00
          0.14024482E+00
          0.14029671E+00
          0.14034972E+00
          0.14040384E+00
          0.14045909E+00
          0.14051546E+00
          0.14057296E+00
          0.14063159E+00
          0.14069134E+00
          0.14075224E+00
          0.14081426E+00
          0.14087743E+00
          0.14094173E+00
          0.14100717E+00
          0.14107376E+00
          0.14114150E+00
          0.14121038E+00
          0.14128041E+00
          0.14135159E+00
          0.14142392E+00
          0.14149742E+00
          0.14157206E+00
          0.14164787E+00
          0.14172483E+00
          0.14180297E+00
          0.14188226E+00
          0.14196272E+00
          0.14204434E+00
          0.14212714E+00
          0.14221109E+00
          0.14229625E+00
          0.14238257E+00
          0.14247006E+00
          0.14255873E+00
          0.14264857E+00
          0.14273960E+00
          0.14283182E+00
          0.14292521E+00
          0.14301979E+00
          0.14311556E+00
          0.14321252E+00
          0.14331066E+00
          0.14341000E+00
          0.14351053E+00
          0.14361225E+00
          0.14371517E+00
          0.14381928E+00
          0.14392459E+00
          0.14403110E+00
          0.14413881E+00
          0.14424772E+00
          0.14435783E+00
          0.14446915E+00
          0.14458167E+00
          0.14469540E+00
          0.14481033E+00
          0.14492647E+00
          0.14504382E+00
          0.14516238E+00
          0.14528215E+00
          0.14540313E+00
          0.14552533E+00
          0.14564874E+00
          0.14577336E+00
          0.14589920E+00
          0.14602625E+00
          0.14615453E+00
          0.14628402E+00
          0.14641472E+00
          0.14654665E+00
          0.14667980E+00
          0.14681416E+00
          0.14694975E+00
          0.14708656E+00
          0.14722459E+00
          0.14736385E+00
          0.14750433E+00
          0.14764603E+00
          0.14778896E+00
          0.14793311E+00
          0.14807849E+00
          0.14822510E+00
          0.14837293E+00
          0.14852199E+00
          0.14867227E+00
          0.14882378E+00
          0.14897652E+00
          0.14913049E+00
          0.14928569E+00
          0.14944211E+00
          0.14959977E+00
          0.14975865E+00
          0.14991876E+00
          0.15008011E+00
          0.15024268E+00
          0.15040648E+00
          0.15057151E+00
          0.15073777E+00
          0.15090526E+00
          0.15107398E+00
          0.15124393E+00
          0.15141511E+00
          0.15158751E+00
          0.15176115E+00
          0.15193602E+00
          0.15211211E+00
          0.15228944E+00
          0.15246799E+00
          0.15264777E+00
          0.15282878E+00
          0.15301102E+00
          0.15319449E+00
          0.15337918E+00
          0.15356509E+00
          0.15375225E+00
          0.15394062E+00
          0.15413022E+00
          0.15432105E+00
          0.15451310E+00
          0.15470634E+00
          0.15490087E+00
          0.15509659E+00
          0.15529354E+00
          0.15549171E+00
          0.15569110E+00
          0.15589171E+00
          0.15609354E+00
          0.15629659E+00
          0.15650086E+00
          0.15670635E+00
          0.15691306E+00
          0.15712098E+00
          0.15733012E+00
          0.15754048E+00
          0.15775205E+00
          0.15796483E+00
          0.15817883E+00
          0.15839404E+00
          0.15861046E+00
          0.15882809E+00
          0.15904693E+00
          0.15926698E+00
          0.15948823E+00
          0.15971070E+00
          0.15993436E+00
          0.16015923E+00
          0.16038531E+00
          0.16061258E+00
          0.16084106E+00
          0.16107074E+00
          0.16130161E+00
          0.16153368E+00
          0.16176695E+00
          0.16200141E+00
          0.16223707E+00
          0.16247392E+00
          0.16271196E+00
          0.16295119E+00
          0.16319161E+00
          0.16343321E+00
          0.16367600E+00
          0.16391998E+00
          0.16416514E+00
          0.16441148E+00
          0.16465900E+00
          0.16490769E+00
          0.16515757E+00
          0.16540862E+00
          0.16566084E+00
          0.16591424E+00
          0.16616881E+00
          0.16642454E+00
          0.16668145E+00
          0.16693952E+00
          0.16719875E+00
          0.16745915E+00
          0.16772071E+00
          0.16798342E+00
          0.16824730E+00
          0.16851233E+00
          0.16877851E+00
          0.16904585E+00
          0.16931434E+00
          0.16958397E+00
          0.16985475E+00
          0.17012668E+00
          0.17039975E+00
          0.17067396E+00
          0.17094931E+00
          0.17122580E+00
          0.17150343E+00
          0.17178218E+00
          0.17206207E+00
          0.17234309E+00
          0.17262523E+00
          0.17290850E+00
          0.17319290E+00
          0.17347841E+00
          0.17376505E+00
          0.17405280E+00
          0.17434167E+00
          0.17463165E+00
          0.17492274E+00
          0.17521494E+00
          0.17550824E+00
          0.17580266E+00
          0.17609817E+00
          0.17639478E+00
          0.17669249E+00
          0.17699130E+00
          0.17729120E+00
          0.17759219E+00
          0.17789426E+00
          0.17819743E+00
          0.17850168E+00
          0.17880701E+00
          0.17911342E+00
          0.17942090E+00
          0.17972947E+00
          0.18003910E+00
          0.18034980E+00
          0.18066157E+00
          0.18097441E+00
          0.18128831E+00
          0.18160327E+00
          0.18191929E+00
          0.18223636E+00
          0.18255448E+00
          0.18287366E+00
          0.18319388E+00
          0.18351515E+00
          0.18383746E+00
          0.18416081E+00
          0.18448520E+00
          0.18481062E+00
          0.18513707E+00
          0.18546456E+00
          0.18579307E+00
          0.18612261E+00
          0.18645317E+00
          0.18678474E+00
          0.18711734E+00
          0.18745095E+00
          0.18778557E+00
          0.18812120E+00
          0.18845783E+00
          0.18879547E+00
          0.18913411E+00
          0.18947374E+00
          0.18981437E+00
          0.19015600E+00
          0.19049861E+00
          0.19084221E+00
          0.19118680E+00
          0.19153236E+00
          0.19187890E+00
          0.19222642E+00
          0.19257492E+00
          0.19292438E+00
          0.19327481E+00
          0.19362620E+00
          0.19397856E+00
          0.19433187E+00
          0.19468614E+00
          0.19504137E+00
          0.19539754E+00
          0.19575466E+00
          0.19611273E+00
          0.19647174E+00
          0.19683168E+00
          0.19719256E+00
          0.19755438E+00
          0.19791712E+00
          0.19828079E+00
          0.19864539E+00
          0.19901090E+00
          0.19937734E+00
          0.19974469E+00
          0.20011295E+00
          0.20048212E+00
          0.20085220E+00
          0.20122318E+00
          0.20159506E+00
          0.20196784E+00
          0.20234151E+00
          0.20271608E+00
          0.20309153E+00
          0.20346787E+00
          0.20384509E+00
          0.20422319E+00
          0.20460217E+00
          0.20498202E+00
          0.20536274E+00
          0.20574433E+00
          0.20612678E+00
          0.20651009E+00
          0.20689426E+00
          0.20727929E+00
          0.20766517E+00
          0.20805189E+00
          0.20843947E+00
          0.20882788E+00
          0.20921714E+00
          0.20960723E+00
          0.20999816E+00
          0.21038992E+00
          0.21078250E+00
          0.21117591E+00
          0.21157015E+00
          0.21196519E+00
          0.21236106E+00
          0.21275774E+00
          0.21315522E+00
          0.21355352E+00
          0.21395261E+00
          0.21435251E+00
          0.21475320E+00
          0.21515468E+00
          0.21555696E+00
          0.21596002E+00
          0.21636387E+00
          0.21676850E+00
          0.21717391E+00
          0.21758009E+00
          0.21798704E+00
          0.21839477E+00
          0.21880325E+00
          0.21921251E+00
          0.21962252E+00
          0.22003328E+00
          0.22044481E+00
          0.22085708E+00
          0.22127010E+00
          0.22168386E+00
          0.22209836E+00
          0.22251360E+00
          0.22292958E+00
          0.22334629E+00
          0.22376372E+00
          0.22418188E+00
          0.22460077E+00
          0.22502037E+00
          0.22544069E+00
          0.22586172E+00
          0.22628347E+00
          0.22670592E+00
          0.22712907E+00
          0.22755292E+00
          0.22797748E+00
          0.22840272E+00
          0.22882866E+00
          0.22925529E+00
          0.22968260E+00
          0.23011059E+00
          0.23053926E+00
          0.23096861E+00
          0.23139863E+00
          0.23182933E+00
          0.23226068E+00
          0.23269271E+00
          0.23312539E+00
          0.23355873E+00
          0.23399273E+00
          0.23442737E+00
          0.23486267E+00
          0.23529861E+00
          0.23573519E+00
          0.23617242E+00
          0.23661028E+00
          0.23704877E+00
          0.23748789E+00
          0.23792764E+00
          0.23836802E+00
          0.23880901E+00
          0.23925063E+00
          0.23969286E+00
          0.24013570E+00
          0.24057915E+00
          0.24102321E+00
          0.24146787E+00
          0.24191313E+00
          0.24235899E+00
          0.24280544E+00
          0.24325248E+00
          0.24370012E+00
          0.24414833E+00
          0.24459713E+00
          0.24504651E+00
          0.24549647E+00
          0.24594700E+00
          0.24639809E+00
          0.24684976E+00
          0.24730199E+00
          0.24775479E+00
          0.24820814E+00
          0.24866205E+00
          0.24911651E+00
          0.24957152E+00
          0.25002708E+00
          0.25048318E+00
          0.25093982E+00
          0.25139701E+00
          0.25185473E+00
          0.25231298E+00
          0.25277176E+00
          0.25323106E+00
          0.25369090E+00
          0.25415125E+00
          0.25461212E+00
          0.25507351E+00
          0.25553541E+00
          0.25599782E+00
          0.25646073E+00
          0.25692415E+00
          0.25738807E+00
          0.25785249E+00
          0.25831741E+00
          0.25878282E+00
          0.25924872E+00
          0.25971510E+00
          0.26018198E+00
          0.26064933E+00
          0.26111716E+00
          0.26158547E+00
          0.26205425E+00
          0.26252350E+00
          0.26299322E+00
          0.26346341E+00
          0.26393406E+00
          0.26440516E+00
          0.26487673E+00
          0.26534875E+00
          0.26582122E+00
          0.26629414E+00
          0.26676750E+00
          0.26724132E+00
          0.26771557E+00
          0.26819025E+00
          0.26866538E+00
          0.26914094E+00
          0.26961692E+00
          0.27009334E+00
          0.27057018E+00
          0.27104744E+00
          0.27152512E+00
          0.27200322E+00
          0.27248173E+00
          0.27296066E+00
          0.27343999E+00
          0.27391973E+00
          0.27439988E+00
          0.27488042E+00
          0.27536136E+00
          0.27584271E+00
          0.27632444E+00
          0.27680657E+00
          0.27728908E+00
          0.27777198E+00
          0.27825527E+00
          0.27873893E+00
          0.27922297E+00
          0.27970739E+00
          0.28019218E+00
          0.28067735E+00
          0.28116288E+00
          0.28164878E+00
          0.28213504E+00
          0.28262166E+00
          0.28310864E+00
          0.28359598E+00
          0.28408367E+00
          0.28457171E+00
          0.28506010E+00
          0.28554884E+00
          0.28603792E+00
          0.28652734E+00
          0.28701710E+00
          0.28750720E+00
          0.28799763E+00
          0.28848839E+00
          0.28897949E+00
          0.28947091E+00
          0.28996265E+00
          0.29045472E+00
          0.29094711E+00
          0.29143981E+00
          0.29193283E+00
          0.29242616E+00
          0.29291981E+00
          0.29341376E+00
          0.29390802E+00
          0.29440257E+00
          0.29489743E+00
          0.29539260E+00
          0.29588806E+00
          0.29638378E+00
          0.29687986E+00
          0.29737620E+00
          0.29787282E+00
          0.29836973E+00
          0.29886692E+00
          0.29936440E+00
          0.29986215E+00
          0.30036018E+00
          0.30085848E+00
          0.30135705E+00
          0.30185590E+00
          0.30235501E+00
          0.30285439E+00
          0.30335403E+00
          0.30385393E+00
          0.30435409E+00
          0.30485451E+00
          0.30535519E+00
          0.30585611E+00
          0.30635729E+00
          0.30685871E+00
          0.30736038E+00
          0.30786230E+00
          0.30836445E+00
          0.30886685E+00
          0.30936948E+00
          0.30987235E+00
          0.31037546E+00
          0.31087879E+00
          0.31138235E+00
          0.31188614E+00
          0.31239016E+00
          0.31289439E+00
          0.31339886E+00
          0.31390354E+00
          0.31440841E+00
          0.31491354E+00
          0.31541887E+00
          0.31592441E+00
          0.31643015E+00
          0.31693610E+00
          0.31744225E+00
          0.31794861E+00
          0.31845517E+00
          0.31896193E+00
          0.31946888E+00
          0.31997604E+00
          0.32048338E+00
          0.32099091E+00
          0.32149863E+00
          0.32200652E+00
          0.32251465E+00
          0.32302293E+00
          0.32353139E+00
          0.32404003E+00
          0.32454885E+00
          0.32505784E+00
          0.32556701E+00
          0.32607635E+00
          0.32658586E+00
          0.32709554E+00
          0.32760538E+00
          0.32811539E+00
          0.32862556E+00
          0.32913590E+00
          0.32964639E+00
          0.33015703E+00
          0.33066784E+00
          0.33117879E+00
          0.33168990E+00
          0.33220116E+00
          0.33271256E+00
          0.33322411E+00
          0.33373581E+00
          0.33424765E+00
          0.33475962E+00
          0.33527174E+00
          0.33578399E+00
          0.33629637E+00
          0.33680891E+00
          0.33732155E+00
          0.33783434E+00
          0.33834725E+00
          0.33886026E+00
          0.33937333E+00
          0.33988675E+00
          0.34040016E+00
          0.34091368E+00
          0.34142733E+00
          0.34194109E+00
          0.34245497E+00
          0.34296896E+00
          0.34348306E+00
          0.34399726E+00
          0.34451158E+00
          0.34502600E+00
          0.34554053E+00
          0.34605515E+00
          0.34656989E+00
          0.34708471E+00
          0.34759965E+00
          0.34811467E+00
          0.34862979E+00
          0.34914500E+00
          0.34966030E+00
          0.35017569E+00
          0.35069117E+00
          0.35120673E+00
          0.35172236E+00
          0.35223811E+00
          0.35275392E+00
          0.35326982E+00
          0.35378579E+00
          0.35430183E+00
          0.35481795E+00
          0.35533414E+00
          0.35585041E+00
          0.35636673E+00
          0.35688316E+00
          0.35739963E+00
          0.35791617E+00
          0.35843277E+00
          0.35894944E+00
          0.35946616E+00
          0.35998295E+00
          0.36049979E+00
          0.36101668E+00
          0.36153364E+00
          0.36205064E+00
          0.36256770E+00
          0.36308480E+00
          0.36360196E+00
          0.36411917E+00
          0.36463642E+00
          0.36515371E+00
          0.36567105E+00
          0.36618842E+00
          0.36670584E+00
          0.36722329E+00
          0.36774079E+00
          0.36825831E+00
          0.36877587E+00
          0.36929347E+00
          0.36981109E+00
          0.37032874E+00
          0.37084640E+00
          0.37136410E+00
          0.37188180E+00
          0.37239962E+00
          0.37291738E+00
          0.37343520E+00
          0.37395301E+00
          0.37447085E+00
          0.37498870E+00
          0.37550657E+00
          0.37602445E+00
          0.37654234E+00
          0.37706025E+00
          0.37757816E+00
          0.37809608E+00
          0.37861401E+00
          0.37913195E+00
          0.37964988E+00
          0.38016779E+00
          0.38068575E+00
          0.38120371E+00
          0.38172165E+00
          0.38223958E+00
          0.38275752E+00
          0.38327544E+00
          0.38379336E+00
          0.38431128E+00
          0.38482918E+00
          0.38534707E+00
          0.38586494E+00
          0.38638280E+00
          0.38690066E+00
          0.38741850E+00
          0.38793630E+00
          0.38845411E+00
          0.38897188E+00
          0.38948958E+00
          0.39000737E+00
          0.39052508E+00
          0.39104277E+00
          0.39156042E+00
          0.39207805E+00
          0.39259564E+00
          0.39311322E+00
          0.39363075E+00
          0.39414826E+00
          0.39466572E+00
          0.39518315E+00
          0.39570055E+00
          0.39621791E+00
          0.39673523E+00
          0.39725251E+00
          0.39776971E+00
          0.39828693E+00
          0.39880408E+00
          0.39932118E+00
          0.39983824E+00
          0.40035524E+00
          0.40087220E+00
          0.40138911E+00
          0.40190596E+00
          0.40242276E+00
          0.40293948E+00
          0.40345609E+00
          0.40397283E+00
          0.40448941E+00
          0.40500593E+00
          0.40552239E+00
          0.40603877E+00
          0.40655511E+00
          0.40707138E+00
          0.40758758E+00
          0.40810371E+00
          0.40861978E+00
          0.40913579E+00
          0.40965172E+00
          0.41016758E+00
          0.41068337E+00
          0.41119908E+00
          0.41171472E+00
          0.41223028E+00
          0.41274576E+00
          0.41326118E+00
          0.41377651E+00
          0.41429175E+00
          0.41480692E+00
          0.41532201E+00
          0.41583700E+00
          0.41635190E+00
          0.41686675E+00
          0.41738150E+00
          0.41789615E+00
          0.41841072E+00
          0.41892519E+00
          0.41943957E+00
          0.41995386E+00
          0.42046806E+00
          0.42098216E+00
          0.42149616E+00
          0.42201007E+00
          0.42252387E+00
          0.42303759E+00
          0.42355120E+00
          0.42406471E+00
          0.42457811E+00
          0.42509141E+00
          0.42560460E+00
          0.42611769E+00
          0.42663067E+00
          0.42714355E+00
          0.42765632E+00
          0.42816897E+00
          0.42868151E+00
          0.42919395E+00
          0.42970626E+00
          0.43021846E+00
          0.43073055E+00
          0.43124252E+00
          0.43175438E+00
          0.43226611E+00
          0.43277773E+00
          0.43328922E+00
          0.43380059E+00
          0.43431184E+00
          0.43482296E+00
          0.43533396E+00
          0.43584484E+00
          0.43635558E+00
          0.43686620E+00
          0.43737669E+00
          0.43788705E+00
          0.43839728E+00
          0.43890737E+00
          0.43941734E+00
          0.43992717E+00
          0.44043686E+00
          0.44094642E+00
          0.44145584E+00
          0.44196512E+00
          0.44247426E+00
          0.44298327E+00
          0.44349213E+00
          0.44400085E+00
          0.44450942E+00
          0.44501786E+00
          0.44552614E+00
          0.44603429E+00
          0.44654228E+00
          0.44705013E+00
          0.44755782E+00
          0.44806537E+00
          0.44857277E+00
          0.44908001E+00
          0.44958711E+00
          0.45009404E+00
          0.45060083E+00
          0.45110746E+00
          0.45161393E+00
          0.45212024E+00
          0.45262640E+00
          0.45313239E+00
          0.45363823E+00
          0.45414391E+00
          0.45464942E+00
          0.45515477E+00
          0.45565995E+00
          0.45616497E+00
          0.45666983E+00
          0.45717452E+00
          0.45767904E+00
          0.45818339E+00
          0.45868757E+00
          0.45919158E+00
          0.45969542E+00
          0.46019909E+00
          0.46070258E+00
          0.46120590E+00
          0.46170905E+00
          0.46221202E+00
          0.46271481E+00
          0.46321743E+00
          0.46371987E+00
          0.46422213E+00
          0.46472420E+00
          0.46522610E+00
          0.46572782E+00
          0.46622935E+00
          0.46673070E+00
          0.46723186E+00
          0.46773284E+00
          0.46823363E+00
          0.46873423E+00
          0.46923465E+00
          0.46973488E+00
          0.47023492E+00
          0.47073476E+00
          0.47123442E+00
          0.47173388E+00
          0.47223315E+00
          0.47273223E+00
          0.47323111E+00
