 Longwave optical depth [dimless]
  0.5629E-03
  0.6429E-03
  0.7572E-03
  0.9542E-03
  0.8010E-02
  0.1423E-02
  0.1784E-02
  0.2394E-02
  0.1108E-01
  0.1604E-01
  0.1391E-01
  0.5521E-01
  0.3414E-01
  0.8076E-01
  0.7531E+01
  0.1039E+00
  0.4797E-01
  0.3613E-01
  0.5499E-01
  0.6565E+00
  0.1168E+00
  0.4791E-01
  0.4432E-01
  0.5426E-01
  0.7978E-01
  0.2927E+00
  0.2702E+00
  0.2027E+00
  0.1096E+01
  0.5808E+01
  0.9240E+01
  0.9031E+00
  0.1163E+02
  0.2141E+00
  0.1738E+00
  0.1695E+00
  0.3092E+00
  0.4702E+01
  0.2340E+00
  0.1873E+00
  0.2148E+00
  0.3395E+00
  0.1084E+02
  0.2205E+01
  0.1081E+02
  0.1064E+03
  0.1396E+01
  0.4293E+01
  0.4892E+00
  0.2449E+02
  0.1147E+01
  0.6189E+00
  0.3082E+00
  0.1531E+01
  0.9844E+00
  0.6435E+00
  0.7383E+00
  0.4057E+02
  0.6765E+01
  0.2336E+01
  0.2496E+01
  0.1367E+01
  0.2281E+01
  0.7340E+02
  0.2654E+01
  0.2563E+02
  0.6677E+00
  0.5820E+00
  0.9914E+00
  0.3974E+01
  0.1186E+02
  0.4875E+01
  0.1595E+01
  0.2736E+02
  0.2785E+01
  0.1047E+01
  0.2637E+02
  0.1195E+01
  0.5196E+01
  0.6386E+01
  0.8346E+01
  0.1584E+01
  0.1539E+01
  0.1951E+02
  0.7030E+01
  0.2260E+01
  0.8066E+00
  0.8538E+00
  0.3962E+02
  0.9428E+00
  0.4723E+00
  0.4202E+00
  0.5257E+00
  0.9234E+00
  0.1177E+01
  0.6475E+01
  0.3433E+01
  0.1413E+02
  0.1593E+01
  0.1302E+01
  0.3198E+01
  0.2851E+02
  0.4839E+01
  0.9472E+00
  0.2265E+01
  0.1348E+02
  0.1206E+02
  0.9585E+00
  0.8919E+00
  0.1016E+01
  0.6220E+01
  0.1009E+03
  0.7163E+01
  0.9100E+00
  0.5693E+00
  0.6113E+00
  0.6922E+00
  0.1433E+01
  0.6847E+01
  0.1008E+02
  0.2234E+02
  0.3295E+01
  0.1200E+03
  0.1378E+01
  0.1261E+01
  0.4543E+01
  0.2698E+01
  0.7328E+00
  0.4806E+00
  0.4675E+00
  0.4228E+00
  0.4570E+00
  0.1748E+01
  0.1392E+01
  0.2109E+01
  0.9210E+01
  0.7639E+01
  0.1572E+01
  0.5861E+02
  0.1107E+01
  0.1666E+03
  0.1356E+02
  0.3054E+01
  0.6727E+00
  0.3002E+01
  0.7954E+00
  0.5403E+01
  0.4259E+00
  0.4599E+00
  0.1070E+01
  0.6308E+01
  0.5143E+00
  0.3425E+00
  0.4098E+00
  0.3669E+02
  0.1492E+01
  0.1617E+01
  0.1835E+01
  0.5913E+00
  0.8946E+00
  0.2272E+01
  0.4681E+02
  0.8921E+01
  0.1590E+01
  0.9974E+00
  0.2019E+01
  0.1750E+03
  0.1471E+01
  0.1377E+01
  0.1300E+01
  0.1725E+01
  0.2966E+01
  0.3583E+00
  0.2753E+00
  0.2900E+00
  0.4390E+00
  0.2106E+01
  0.2566E+01
  0.7343E+01
  0.1044E+01
  0.1253E+02
  0.8478E+01
  0.4872E+01
  0.8489E+00
  0.1094E+01
  0.5660E+00
  0.9733E+00
  0.1830E+00
  0.1553E+00
  0.1438E+00
  0.1409E+00
  0.1460E+00
  0.1688E+00
  0.2143E+00
  0.4169E+00
  0.1840E+01
  0.3694E+01
  0.3627E+01
  0.3886E+01
  0.9424E+00
  0.1979E+01
  0.1054E+01
  0.1516E+02
  0.3480E+01
  0.1340E+01
  0.4132E+00
  0.1989E+00
  0.1425E+00
  0.1202E+00
  0.1152E+00
  0.1659E+00
  0.2020E+00
  0.6346E+01
  0.2886E+00
  0.1216E+00
  0.1001E+00
  0.1028E+00
  0.1273E+00
  0.1465E+00
  0.2528E+00
  0.6356E+01
  0.1534E+01
  0.1118E+03
  0.1552E+01
  0.1435E+01
  0.1172E+03
  0.7645E+00
  0.1708E+01
  0.1891E+00
  0.1918E+00
  0.6227E+00
  0.4102E+01
  0.5446E+00
  0.1224E+00
  0.8440E-01
  0.7824E-01
  0.8150E-01
  0.9911E-01
  0.1607E+01
  0.1991E+00
  0.5510E+00
  0.2635E+01
  0.4046E+01
  0.5279E+00
  0.2453E+00
  0.8704E-01
  0.7271E-01
  0.1061E+00
  0.5509E-01
  0.6164E-01
  0.9448E-01
  0.3123E+01
  0.1437E+00
  0.5983E-01
  0.5270E-01
  0.6300E-01
  0.1028E+00
  0.2519E+00
  0.1521E+02
  0.5391E+00
  0.2720E+00
  0.3643E+01
  0.8170E+00
  0.1309E+00
  0.7544E-01
  0.6778E-01
  0.1204E+00
  0.1861E+01
  0.2904E+00
  0.8253E-01
  0.5658E-01
  0.1277E+00
  0.2799E+00
  0.7631E-01
  0.2717E+00
  0.4386E-01
  0.1234E+00
  0.5165E-01
  0.1583E+00
  0.7390E+02
  0.3469E+00
  0.8953E+00
  0.3951E+00
  0.1773E+01
  0.1393E+00
  0.1559E+02
  0.3143E+01
  0.4836E-01
  0.2806E-01
  0.2492E-01
  0.1983E-01
  0.1766E-01
  0.1754E-01
  0.2111E-01
  0.4213E-01
  0.9561E+00
  0.6148E-01
  0.3941E-01
  0.9450E-01
  0.7836E+00
  0.1088E+01
  0.5407E-01
  0.2930E+00
  0.1754E-01
  0.2248E-01
  0.2060E-01
  0.1349E+00
  0.3947E+01
  0.9737E-01
  0.2072E-01
  0.1403E-01
  0.4741E-01
  0.1331E-01
  0.1791E-01
  0.5920E-01
  0.9995E-01
  0.2774E+00
  0.8955E+01
  0.2170E+00
  0.1061E+00
  0.4079E-01
  0.1498E-01
  0.1080E-01
  0.9852E-02
  0.9346E-02
  0.7861E-02
  0.7495E-02
  0.7711E-02
  0.7821E-02
  0.8973E-02
  0.1044E-01
  0.2152E-01
  0.2488E-01
  0.1110E+00
  0.8566E+01
  0.6068E+01
  0.7762E-01
  0.4057E-01
  0.5250E-01
  0.2643E-01
  0.4115E-01
  0.1071E-01
  0.8534E-02
  0.9410E-02
  0.3479E+00
  0.1039E-01
  0.7061E-02
  0.2559E+00
  0.2336E-01
  0.8870E-02
  0.7224E-02
  0.9002E-02
  0.2707E-01
  0.2710E+00
  0.1558E+00
  0.1266E-01
  0.1454E-01
  0.2182E-01
  0.6039E-02
  0.8791E-02
  0.1774E-01
  0.3975E-01
  0.2287E-01
  0.1367E-01
  0.2930E-01
  0.2264E+00
  0.1170E+00
  0.3217E-01
  0.1736E-01
  0.8917E-02
  0.1533E-01
  0.1125E-01
  0.7042E-01
  0.1249E-01
  0.2028E-01
  0.1598E-01
  0.1794E+00
  0.6703E+00
  0.6477E-01
  0.3711E-01
  0.2880E-01
  0.1687E-01
  0.1156E-01
  0.1833E-01
  0.1393E+00
  0.4208E-01
  0.8129E-01
  0.2966E-01
  0.5737E-01
  0.3442E-01
  0.1754E-01
  0.7418E-01
  0.1255E+00
  0.1811E+00
  0.2762E-01
  0.3280E-01
  0.4005E-01
  0.2083E+00
  0.6290E-01
  0.1276E+00
  0.4934E-01
  0.2104E+01
  0.4043E+00
  0.7596E-01
  0.5693E-01
  0.1426E+00
  0.2398E+01
  0.4243E+00
  0.5901E+00
  0.1175E+01
  0.2914E+00
  0.1742E+00
  0.3229E+00
  0.5142E+00
  0.1180E+01
  0.1033E+02
  0.1240E+01
  0.4664E+00
  0.4473E+00
  0.9638E+00
  0.4029E+01
  0.1616E+02
  0.1821E+01
  0.9596E+00
  0.7799E+00
  0.1502E+01
  0.1395E+02
  0.4410E+01
  0.3484E+01
  0.8505E+00
  0.1004E+01
  0.3336E+01
  0.4620E+01
  0.1691E+01
  0.4398E+01
  0.1897E+03
  0.3250E+02
  0.7683E+01
  0.2430E+01
  0.3774E+02
  0.3693E+01
  0.2839E+01
  0.2118E+01
  0.4156E+01
  0.2997E+02
  0.5050E+01
  0.3008E+01
  0.6630E+01
  0.2513E+02
  0.7819E+01
  0.1531E+02
  0.1283E+02
  0.1877E+02
  0.2255E+02
  0.1797E+02
  0.5475E+02
  0.2174E+02
  0.3735E+02
  0.2167E+02
  0.1165E+03
  0.3504E+03
  0.3427E+02
  0.3981E+02
  0.1550E+03
  0.3404E+03
  0.2347E+03
  0.9662E+02
  0.1065E+03
  0.2755E+03
  0.8003E+04
  0.3441E+03
  0.1873E+03
  0.5917E+03
  0.9060E+03
  0.4474E+04
  0.6696E+03
  0.8554E+03
  0.1273E+05
  0.3929E+04
  0.3956E+04
  0.1664E+04
  0.6419E+03
  0.1285E+04
  0.1168E+05
  0.3908E+04
  0.1987E+04
  0.8838E+03
  0.1682E+04
  0.1796E+05
  0.2925E+04
  0.1457E+04
  0.2918E+04
  0.5665E+04
  0.1096E+06
  0.8152E+04
  0.2043E+04
  0.7304E+04
  0.8113E+04
  0.1375E+05
  0.2436E+04
  0.4058E+04
  0.2465E+05
  0.9108E+04
  0.9008E+04
  0.1751E+05
  0.6017E+05
  0.6905E+05
  0.1255E+05
  0.9323E+05
  0.1692E+05
  0.5413E+05
  0.1095E+07
  0.5845E+05
  0.5080E+05
  0.3232E+05
  0.4707E+05
  0.1951E+06
  0.1660E+07
  0.6646E+06
  0.1324E+06
  0.6728E+05
  0.1775E+06
  0.1188E+07
  0.5142E+06
  0.1130E+06
  0.8474E+05
  0.1200E+06
  0.3833E+06
  0.1140E+07
  0.2027E+06
  0.1004E+06
  0.1420E+06
  0.2640E+06
  0.1009E+08
  0.4452E+07
  0.1519E+07
  0.3486E+06
  0.1246E+06
  0.1043E+06
  0.3355E+06
  0.4429E+07
  0.4283E+06
  0.1073E+06
  0.1061E+06
  0.3207E+06
  0.4471E+07
  0.1538E+06
  0.8058E+05
  0.1132E+06
  0.5034E+06
  0.3358E+06
  0.5997E+05
  0.4185E+05
  0.1004E+06
  0.3085E+07
  0.4533E+05
  0.2129E+05
  0.4117E+05
  0.1419E+06
  0.3957E+05
  0.2732E+05
  0.1608E+05
  0.2167E+05
  0.4371E+05
  0.6246E+04
  0.1949E+05
  0.5318E+04
  0.6763E+05
  0.4129E+04
  0.7484E+04
  0.7044E+04
  0.1387E+05
  0.1823E+04
  0.1882E+04
  0.1285E+05
  0.9240E+05
  0.2136E+05
  0.5806E+04
  0.1690E+04
  0.9114E+03
  0.7616E+03
  0.2144E+04
  0.6526E+05
  0.2666E+04
  0.9774E+03
  0.1482E+04
  0.1616E+04
  0.1196E+05
  0.5884E+04
  0.1148E+04
  0.1234E+04
  0.1319E+04
  0.3580E+04
  0.4252E+05
  0.1454E+04
  0.5274E+03
  0.3000E+03
  0.3691E+03
  0.1007E+04
  0.1159E+05
  0.9132E+03
  0.1787E+03
  0.1157E+03
  0.1469E+03
  0.4603E+03
  0.2330E+04
  0.1558E+03
  0.4971E+02
  0.3543E+02
  0.3203E+02
  0.6604E+02
  0.2600E+03
  0.1084E+03
  0.2032E+02
  0.1178E+02
  0.2240E+02
  0.1030E+03
  0.1389E+02
  0.2674E+02
  0.5279E+01
  0.9163E+01
  0.8240E+02
  0.3071E+02
  0.5713E+01
  0.5816E+01
  0.9824E+01
  0.6201E+02
  0.5732E+01
  0.6619E+01
  0.4847E+01
  0.4917E+01
  0.1294E+02
  0.4294E+02
  0.1721E+03
  0.1665E+02
  0.4256E+01
  0.3358E+01
  0.4097E+01
  0.3319E+02
  0.1429E+02
  0.3679E+01
  0.2550E+01
  0.4293E+01
  0.2982E+02
  0.1644E+02
  0.3055E+01
  0.2030E+01
  0.3018E+01
  0.1536E+02
  0.1323E+02
  0.2064E+01
  0.1150E+01
  0.1379E+01
  0.5998E+01
  0.7465E+01
  0.1095E+01
  0.5081E+00
  0.5079E+00
  0.1944E+01
  0.2689E+01
  0.3097E+00
  0.3417E+00
  0.5598E+01
  0.1449E+01
  0.6686E+00
  0.2240E+00
  0.2372E+00
  0.1392E+00
  0.6586E+00
  0.1594E+00
  0.2102E+00
  0.3052E+00
  0.3608E+00
  0.1918E+00
  0.1526E+00
  0.1542E+00
  0.3180E+00
  0.1721E+00
  0.5584E-01
  0.2859E+00
  0.1196E+00
  0.3826E+00
  0.6487E-01
  0.4238E-01
  0.4141E+00
  0.4643E+00
  0.2130E+00
  0.2334E-01
  0.8013E-01
  0.2598E+00
  0.7093E+00
  0.4337E+00
  0.4591E-01
  0.3366E-01
  0.2970E-01
  0.4729E-01
  0.9092E-01
  0.1130E+00
  0.7010E-01
  0.2579E-01
  0.4448E-01
  0.7062E-01
  0.2016E+00
  0.4350E-01
  0.2962E-01
  0.4517E+00
  0.1088E+00
  0.1960E+00
  0.9437E+00
  0.4289E-01
  0.1616E+00
  0.5638E+00
  0.2855E+00
  0.9807E-01
  0.2432E+00
  0.2356E+00
  0.1130E+00
  0.1714E+00
  0.1739E+01
  0.1076E+00
  0.3532E+00
  0.7007E+00
  0.4822E+00
  0.1065E+01
  0.6694E+00
  0.2770E+00
  0.1513E+01
  0.4844E+00
  0.3390E+00
  0.9670E+00
  0.3604E+00
  0.3976E+01
  0.3618E+00
  0.4248E+01
  0.2081E+01
  0.1376E+01
  0.8746E+00
  0.2212E+01
  0.5539E+00
  0.4814E+01
  0.6989E+00
  0.3227E+01
  0.2442E+01
  0.1013E+01
  0.1677E+02
  0.1707E+01
  0.1315E+01
  0.5052E+02
  0.5044E+01
  0.2433E+01
  0.3567E+02
  0.1994E+01
  0.3018E+01
  0.1168E+03
  0.2934E+01
  0.2800E+01
  0.4227E+02
  0.5543E+01
  0.2791E+01
  0.6408E+01
  0.5511E+02
  0.3442E+01
  0.2709E+01
  0.7668E+01
  0.4071E+02
  0.2449E+01
  0.1589E+01
  0.1454E+01
  0.7262E+00
  0.9496E+00
  0.3158E+01
  0.4218E+02
  0.2142E+02
  0.6142E+01
  0.3961E+01
  0.3920E+01
  0.4376E+01
  0.5993E+01
  0.9130E+01
  0.1450E+02
  0.2207E+02
  0.2850E+02
  0.2766E+02
  0.1931E+02
  0.1054E+02
  0.5235E+01
  0.2648E+01
  0.1722E+01
  0.1111E+01
  0.1436E+01
  0.1053E+02
  0.1115E+01
  0.1151E+01
  0.7022E+00
  0.2621E+00
  0.3449E+00
  0.1908E+00
  0.1612E+00
  0.2251E+00
  0.3845E-01
  0.6859E-01
  0.4105E+00
  0.4356E-01
  0.6455E-01
  0.1394E+01
  0.8103E-01
  0.7035E-01
  0.2487E+00
  0.5094E+00
  0.1561E+01
  0.6321E-01
  0.2428E+00
  0.5602E+00
  0.1208E+00
  0.4505E+00
  0.3307E+00
  0.9697E+01
  0.2075E+00
  0.6732E+00
  0.6426E+00
  0.5155E+00
  0.3469E+02
  0.1242E+01
  0.3734E+01
  0.4056E+01
  0.2928E+01
  0.2086E+02
  0.4266E+01
  0.2064E+01
  0.5061E+02
  0.2145E+01
  0.3715E+01
  0.2264E+02
  0.3074E+01
  0.5626E+01
  0.3140E+02
  0.3575E+01
  0.5786E+01
  0.1687E+03
  0.5424E+01
  0.5130E+01
  0.4312E+02
  0.1363E+02
  0.4533E+01
  0.7371E+01
  0.1422E+03
  0.9049E+01
  0.5748E+01
  0.4218E+01
  0.9080E+01
  0.1829E+01
  0.2860E+01
  0.4975E+02
  0.2125E+02
  0.7553E+01
  0.5808E+01
  0.6332E+01
  0.8056E+01
  0.1429E+02
  0.2996E+02
  0.7705E+02
  0.1840E+03
  0.3234E+03
  0.3341E+03
  0.2562E+03
  0.1086E+03
  0.3420E+02
  0.1228E+02
  0.5898E+01
  0.4017E+01
  0.3870E+01
  0.7009E+01
  0.1311E+02
  0.5396E+01
  0.1445E+01
  0.3507E+01
  0.3967E+00
  0.2425E+01
  0.1376E+01
  0.2368E+00
  0.2484E+00
  0.1432E+00
  0.9484E-01
  0.3529E-01
  0.5645E-01
  0.1336E-01
  0.1066E-01
  0.4797E-02
  0.3267E-02
  0.2333E-02
  0.1586E-02
  0.9646E-03
  0.5535E-03
  0.3628E-03
  0.2613E-03
  0.1608E-03
  0.1898E-02
  0.1653E-03
  0.5372E-04
  0.3315E-04
  0.6368E-04
  0.2124E-04
  0.1655E-04
  0.8328E-04
  0.7403E-04
  0.2250E-04
  0.5082E-04
  0.1864E-03
  0.9277E-03
  0.3667E-02
  0.8040E-04
  0.3413E-04
  0.3262E-04
  0.3846E-04
  0.1037E-03
  0.2109E-04
  0.3307E-04
  0.5525E-03
  0.6836E-04
  0.2365E-03
  0.7428E-03
  0.1869E-02
  0.4064E-04
  0.1514E-03
  0.3959E-04
  0.1971E-04
  0.3593E-04
  0.2607E-03
  0.2487E-04
  0.3058E-04
  0.9948E-04
  0.7930E-03
  0.4224E-03
  0.4658E-04
  0.9168E-04
  0.6458E-04
  0.8256E-04
  0.1072E-03
  0.1792E-02
  0.2815E-02
  0.2033E-03
  0.1528E-03
  0.4142E-03
  0.1853E-03
  0.2210E-03
  0.2158E-03
  0.1220E-03
  0.1373E-03
  0.5561E-03
  0.2370E-02
  0.2703E-03
  0.3213E-03
  0.1722E-02
  0.5242E-03
  0.7499E-03
  0.2617E-02
  0.1259E-02
  0.1483E-02
  0.3955E-02
  0.7215E-02
  0.2776E-02
  0.5774E-02
  0.1583E-01
  0.7841E-02
  0.1371E-01
  0.1766E-01
  0.5509E-01
  0.2115E-01
  0.4869E-01
  0.5338E-01
  0.5138E-01
  0.1069E+00
  0.4791E-01
  0.2558E+00
  0.3140E+00
  0.5526E-01
  0.1170E+00
  0.1019E+01
  0.1035E+00
  0.1461E+00
  0.2395E+01
  0.2919E+00
  0.2183E+00
  0.4180E+01
  0.5007E+00
  0.3919E+00
  0.3459E+01
  0.9662E+00
  0.8833E+00
  0.2727E+01
  0.1928E+01
  0.8928E+00
  0.2273E+01
  0.5870E+01
  0.1485E+01
  0.1928E+01
  0.2414E+02
  0.2313E+01
  0.1733E+01
  0.2256E+02
  0.3457E+01
  0.1365E+01
  0.5342E+01
  0.3690E+01
  0.8727E+00
  0.1279E+01
  0.2268E+01
  0.5029E+00
  0.7496E+00
  0.2616E+02
  0.1513E+01
  0.1302E+01
  0.7613E+01
  0.3715E+01
  0.1529E+01
  0.3353E+01
  0.1270E+02
  0.1527E+01
  0.1698E+01
  0.2460E+02
  0.2310E+01
  0.1050E+01
  0.3178E+01
  0.5989E+01
  0.7527E+00
  0.8956E+00
  0.1380E+02
  0.7019E+00
  0.4210E+00
  0.1257E+01
  0.1432E+01
  0.3075E+00
  0.2815E+00
  0.7079E+00
  0.3694E+00
  0.1096E+00
  0.7736E-01
  0.5592E+00
  0.6948E-01
  0.2948E-01
  0.2911E+00
  0.7470E-01
  0.2466E-01
  0.1260E+00
  0.9637E-02
  0.1773E-01
  0.4541E-01
  0.6675E-02
  0.4027E-01
  0.1597E+00
  0.1804E+00
  0.1567E+00
  0.2128E-01
  0.2423E-01
  0.1729E+00
  0.8700E-01
  0.4821E-01
  0.1037E+00
  0.5178E-01
  0.3089E-01
  0.9275E-01
  0.1181E+00
  0.3589E+00
  0.2305E+00
  0.2543E+00
  0.9697E-01
  0.2167E+00
  0.2775E+01
  0.4598E+00
  0.2494E+00
  0.9614E+00
  0.1693E+01
  0.2343E+01
  0.6869E+00
  0.6912E+00
  0.2695E+01
  0.5459E+01
  0.1422E+01
  0.1210E+01
  0.6926E+01
  0.5231E+01
  0.1494E+01
  0.2156E+01
  0.4067E+02
  0.2859E+01
  0.1594E+01
  0.4801E+01
  0.7112E+01
  0.3074E+01
  0.2118E+01
  0.4405E+02
  0.1122E+01
  0.8238E+00
  0.2963E+01
  0.3855E+01
  0.1402E+01
  0.3968E+01
  0.5584E+01
  0.2923E+01
  0.3991E+01
  0.9177E+01
  0.2914E+01
  0.3029E+01
  0.1101E+02
  0.1832E+01
  0.2505E+01
  0.9665E+01
  0.1113E+01
  0.2064E+01
  0.6637E+01
  0.7372E+00
  0.2215E+01
  0.1679E+01
  0.4915E+00
  0.3307E+01
  0.9523E+00
  0.5130E+00
  0.6022E+01
  0.5427E+00
  0.3997E+00
  0.1411E+01
  0.3736E+00
  0.3423E+00
  0.2767E+01
  0.6689E+00
  0.4691E+00
  0.2961E+00
  0.3461E+00
  0.1388E+00
  0.1159E+00
  0.1054E+00
  0.1323E+00
  0.6022E+00
  0.6620E+00
  0.6209E+00
  0.8118E+00
  0.9893E-01
  0.1058E+00
  0.1763E+01
  0.7391E-01
  0.4789E-01
  0.3181E-01
  0.5390E-01
  0.4858E+01
  0.5480E-01
  0.4030E-01
  0.1569E+00
  0.7407E-01
  0.5438E+00
  0.5260E+00
  0.6677E-01
  0.3711E-01
  0.2607E-01
  0.2302E-01
  0.2215E-01
  0.2854E-01
  0.5411E-01
  0.1948E+00
  0.1343E+00
  0.4052E-01
  0.4638E-01
  0.1043E+00
  0.7230E-01
  0.2346E+00
  0.8861E+00
  0.1312E+01
  0.7574E+00
  0.1741E+00
  0.6850E-01
  0.6555E-01
  0.1295E+00
  0.1940E+02
  0.1320E+00
  0.6677E-01
  0.5496E-01
  0.8335E-01
  0.3049E+00
  0.1445E+01
  0.5260E+01
  0.1417E+00
  0.8638E+01
  0.8647E-01
  0.4637E-01
  0.4537E-01
  0.9023E+00
  0.5220E-01
  0.4323E-01
  0.6434E-01
  0.8046E+00
  0.8109E+01
  0.1823E+00
  0.5649E+01
  0.7264E+00
  0.9089E-01
  0.8253E-01
  0.1611E+00
  0.1268E+02
  0.2518E+00
  0.3481E+01
  0.1795E+00
  0.1869E+00
  0.1230E+00
  0.1760E+00
  0.8346E+00
  0.1753E+01
  0.3728E+01
  0.4028E+01
  0.1246E+01
  0.1509E+00
  0.3420E+01
  0.1134E+00
  0.1820E+01
  0.6804E+00
  0.1250E+02
  0.2169E+00
  0.1057E+01
  0.1539E+02
  0.1784E+01
  0.7099E+00
  0.9701E+00
  0.3625E+00
  0.2458E+01
  0.2659E+01
  0.1075E+00
  0.1612E+00
  0.2641E+00
  0.1940E+01
  0.2613E+00
  0.1825E+00
  0.3062E+00
  0.2974E+01
  0.2588E+01
  0.8999E+00
  0.3540E+01
  0.1075E+01
  0.1603E+01
  0.2138E+00
  0.1091E+00
  0.1183E+00
  0.6177E+00
  0.1419E+00
  0.1487E+00
  0.4826E+00
  0.7353E+00
  0.3738E+00
  0.9217E+01
  0.1802E+02
  0.5060E+01
  0.6411E+00
  0.1944E+00
  0.1732E+00
  0.6915E+01
  0.1431E+00
  0.1217E+00
  0.6415E+00
  0.8550E+01
  0.1796E+00
  0.1142E+00
  0.1428E+00
  0.3847E+00
  0.5497E+02
  0.5245E+00
  0.1336E+00
  0.7679E-01
  0.5803E-01
  0.8160E-01
  0.4415E-01
  0.3889E-01
  0.3640E-01
  0.3699E-01
  0.3554E-01
  0.8753E-01
  0.4266E-01
  0.4164E-01
  0.4844E-01
  0.9628E-01
  0.2821E+00
  0.3583E-01
  0.3263E-01
  0.3447E-01
  0.4944E+00
  0.5061E-01
  0.9788E-01
  0.3800E-01
  0.4839E-01
  0.2497E+00
  0.7130E-01
  0.2200E+00
  0.5386E-01
  0.6208E-01
  0.8641E-01
  0.1870E+00
  0.1641E+01
  0.1041E+01
  0.1714E+00
  0.1032E+00
  0.1082E+00
  0.4716E+00
  0.8559E+01
  0.1522E+00
  0.1044E+00
  0.5257E+00
  0.1797E+00
  0.7886E-01
  0.7787E-01
  0.1016E+00
  0.2082E+00
  0.1129E+02
  0.1430E+01
  0.3552E+01
  0.1615E+00
  0.1221E+00
  0.8860E-01
  0.6262E+00
  0.1234E+00
  0.3343E+00
  0.6329E+01
  0.1057E+02
  0.7408E+00
  0.2380E+00
  0.4899E+00
  0.5929E+02
  0.4351E+01
  0.1108E+01
  0.2259E+00
  0.1480E+00
  0.9575E-01
  0.9174E-01
  0.2011E+00
  0.1042E+01
  0.2801E+00
  0.1057E+00
  0.9987E-01
  0.1590E+00
  0.7179E+00
  0.8243E+00
  0.7888E+00
  0.3437E+00
  0.1691E+00
  0.2444E+01
  0.3980E+00
  0.1306E+00
  0.1056E+00
  0.9026E+00
  0.1928E+00
  0.3661E+00
  0.1498E+01
  0.3623E+02
  0.3564E+00
  0.1669E+00
  0.3012E+00
  0.5998E+00
  0.1103E+00
  0.1335E+00
  0.2011E+00
  0.6933E+00
  0.6190E+01
  0.1392E+01
  0.4525E+00
  0.4437E+02
  0.4758E+01
  0.2416E+00
  0.2323E+00
  0.4923E+00
  0.3068E+01
  0.2884E+00
  0.8384E-01
  0.2508E+00
  0.7832E-01
  0.9128E-01
  0.2992E+00
  0.1477E+01
  0.3141E+00
  0.5236E+02
  0.9592E+01
  0.1524E+00
  0.7868E-01
  0.6261E-01
  0.3176E+00
  0.4774E-01
  0.4681E-01
  0.6792E-01
  0.6268E-01
  0.1502E+01
  0.1088E+00
  0.2583E+00
  0.1844E+01
  0.2982E+01
  0.1659E+00
  0.1966E+00
  0.1812E+00
  0.1109E+02
  0.1347E+00
  0.1125E+00
  0.1481E+01
  0.8762E-01
  0.1744E+00
  0.2931E+00
  0.7451E+01
  0.1411E+00
  0.1485E+01
  0.1044E+00
  0.5162E-01
  0.4162E-01
  0.1437E+00
  0.1581E+00
  0.1943E+00
  0.5292E-01
  0.2810E+00
  0.3079E+00
  0.5312E-01
  0.3452E-01
  0.3693E-01
  0.8686E-01
  0.1595E+00
  0.9691E-01
  0.4195E+01
  0.2622E+01
  0.2751E+00
  0.1037E+00
  0.9933E-01
  0.3467E-01
  0.4983E-01
  0.8596E-01
  0.1416E+00
  0.3221E-01
  0.5028E-01
  0.3699E+01
  0.2362E-01
  0.2151E-01
  0.4338E-01
  0.1219E+00
  0.5587E+00
  0.2616E+01
  0.1801E+00
  0.8855E-01
  0.6715E+00
  0.3426E-01
  0.7880E-01
  0.4571E+00
  0.1477E+00
  0.1839E+01
  0.2456E-01
  0.5056E-01
  0.1513E-01
  0.5344E-01
  0.6354E-01
  0.7486E-01
  0.1074E+00
  0.1565E+00
  0.1789E-01
  0.3359E-01
  0.2899E-01
  0.6374E+00
  0.1727E-01
  0.3158E-01
  0.6577E-01
  0.3229E-01
  0.4029E-01
  0.6365E+00
  0.7048E-01
  0.4523E-01
  0.2680E+00
  0.1624E+01
  0.9006E-01
  0.3606E-01
  0.4197E-01
  0.4141E-01
  0.8709E-01
  0.1968E+00
  0.1739E+00
  0.5666E-01
  0.4317E-01
  0.9742E-01
  0.1053E+01
  0.4171E+00
  0.1446E+00
  0.1568E+00
  0.9305E-01
  0.1664E+00
  0.3207E+01
  0.4523E+00
  0.2061E+00
  0.1926E+00
  0.2379E+00
  0.4951E+00
  0.1124E+02
  0.4989E+00
  0.2669E+00
  0.2783E+00
  0.5013E+00
  0.2015E+01
  0.2167E+01
  0.6925E+00
  0.8624E+00
  0.9520E+00
  0.5059E+00
  0.6298E+01
  0.2479E+01
  0.2734E+01
  0.7068E+00
  0.5460E+00
  0.1589E+01
  0.5594E+01
  0.1149E+02
  0.2012E+01
  0.2154E+01
  0.2955E+01
  0.1250E+01
  0.1667E+02
  0.3679E+01
  0.2055E+01
  0.1001E+01
  0.1467E+01
  0.4745E+01
  0.6485E+01
  0.1276E+03
  0.2823E+02
  0.6096E+01
  0.5707E+01
  0.4697E+01
  0.1428E+02
  0.5868E+02
  0.1215E+03
  0.3343E+02
  0.1021E+02
  0.9845E+01
  0.2132E+02
  0.8428E+02
  0.3025E+03
  0.3013E+02
  0.1441E+02
  0.1393E+02
  0.2989E+02
  0.2187E+03
  0.9369E+02
  0.1669E+02
  0.1081E+02
  0.1119E+02
  0.3320E+02
  0.1827E+03
  0.8674E+01
  0.3851E+01
  0.4271E+01
  0.9130E+01
  0.5420E+03
  0.2731E+03
  0.4260E+02
  0.1260E+02
  0.3048E+01
  0.1927E+01
  0.1758E+01
  0.1300E+02
  0.3065E+01
  0.4565E+00
  0.4059E+00
  0.3575E+00
  0.6098E+01
  0.5110E+00
  0.4265E+00
  0.1375E+01
  0.7522E+01
  0.3654E+01
  0.1124E+01
  0.1065E+01
  0.3198E+01
  0.2666E+02
  0.1848E+01
  0.1000E+01
  0.1549E+01
  0.5018E+02
  0.1689E+01
  0.9062E+00
  0.2420E+01
  0.5778E+01
  0.1808E+01
  0.3538E+00
  0.3254E+00
  0.1271E+01
  0.1340E+01
  0.2626E+00
  0.1567E+00
  0.5320E+00
  0.9306E+00
  0.1878E+00
  0.9173E-01
  0.5653E+00
  0.7311E+00
  0.1999E+00
  0.8462E-01
  0.3972E+00
  0.6194E+00
  0.2232E+00
  0.2463E+00
  0.3805E+00
  0.6263E+00
  0.1914E+01
  0.3540E+00
  0.1816E+00
  0.2756E+00
  0.5200E+00
  0.1769E+02
  0.3153E+01
  0.4593E+00
  0.8141E+00
  0.1861E+01
  0.1010E+02
  0.1175E+01
  0.7243E+00
  0.1202E+01
  0.7949E+01
  0.8416E+01
  0.1782E+01
  0.1277E+01
  0.2313E+01
  0.2315E+02
  0.7118E+01
  0.1959E+01
  0.4719E+01
  0.9012E+01
  0.4197E+02
  0.5001E+01
  0.2593E+01
  0.3321E+01
  0.3309E+02
  0.7157E+02
  0.1068E+02
  0.9924E+01
  0.2229E+02
  0.1979E+03
  0.2190E+02
  0.4689E+03
  0.4850E+02
  0.2309E+02
  0.1673E+02
  0.3209E+02
  0.1175E+03
  0.1159E+04
  0.9188E+02
  0.9184E+02
  0.5400E+02
  0.1177E+03
  0.1735E+04
  0.3884E+03
  0.1049E+03
  0.8138E+02
  0.1304E+03
  0.6890E+03
  0.1339E+04
  0.1815E+03
  0.9120E+02
  0.1081E+03
  0.3522E+03
  0.2767E+04
  0.1761E+03
  0.1791E+03
  0.6609E+02
  0.1236E+03
  0.1424E+04
  0.7714E+02
  0.3421E+03
  0.7932E+04
  0.1203E+04
  0.9986E+02
  0.5667E+02
  0.4011E+03
  0.1315E+03
  0.4865E+02
  0.3044E+02
  0.2521E+02
  0.1824E+03
  0.3369E+02
  0.9575E+01
  0.1800E+02
  0.5115E+03
  0.8075E+02
  0.2989E+02
  0.8187E+01
  0.1080E+02
  0.7787E+01
  0.6630E+02
  0.1245E+03
  0.9875E+01
  0.5652E+01
  0.1259E+02
  0.4466E+02
  0.1255E+03
  0.1280E+02
  0.5477E+01
  0.2489E+02
  0.1414E+02
  0.1265E+03
  0.1226E+02
  0.5130E+01
  0.2668E+02
  0.6359E+01
  0.8904E+02
  0.7873E+01
  0.3693E+01
  0.2317E+01
  0.3614E+01
  0.2706E+02
  0.4218E+02
  0.5073E+02
  0.5650E+01
  0.2058E+01
  0.1157E+01
  0.1088E+01
  0.2477E+01
  0.6481E+01
  0.6623E+00
  0.7542E+00
  0.1019E+01
  0.9810E+00
  0.1362E+01
  0.3806E+00
  0.7733E+00
  0.1200E+01
  0.3677E+00
  0.3157E+00
  0.6530E+00
  0.7106E+00
  0.1141E+01
  0.4145E+00
  0.1260E+01
  0.6495E+00
  0.3592E+00
  0.7215E+00
  0.5675E+00
  0.1149E+01
  0.5757E+00
  0.3142E+01
  0.4163E+00
  0.7015E+00
  0.3051E+00
  0.1390E+00
  0.6981E-01
  0.3255E+00
  0.9800E+00
  0.2005E+00
  0.3483E+00
  0.2156E+00
  0.2782E+00
  0.1322E+00
  0.5756E+00
  0.9052E+00
  0.1596E+00
  0.4625E+00
  0.2073E+00
  0.4052E+00
  0.1538E+01
  0.7326E+00
  0.4102E+01
  0.7964E+00
  0.7322E+00
  0.4671E+01
  0.4819E+00
  0.6966E+00
  0.2446E+01
  0.1484E+01
  0.2810E+01
  0.5639E+01
  0.9963E+00
  0.5465E+01
  0.3453E+02
  0.1654E+02
  0.5614E+01
  0.6154E+02
  0.2937E+02
  0.1885E+02
  0.2559E+02
  0.4611E+02
  0.3147E+02
  0.1864E+02
  0.4111E+02
  0.5115E+02
  0.1251E+03
  0.1099E+03
  0.7442E+02
  0.7844E+02
  0.1211E+04
  0.1956E+03
  0.9495E+03
  0.1948E+03
  0.6217E+03
  0.3068E+03
  0.5191E+03
  0.5724E+04
  0.3577E+03
  0.1808E+04
  0.2321E+04
  0.2647E+04
  0.2481E+04
  0.1451E+04
  0.1273E+05
  0.3925E+04
  0.1936E+04
  0.1190E+05
  0.6119E+04
  0.8364E+04
  0.8065E+04
  0.5496E+04
  0.1160E+06
  0.3319E+05
  0.6586E+04
  0.4892E+06
  0.1084E+05
  0.1218E+05
  0.4834E+06
  0.1144E+05
  0.2673E+05
  0.1324E+07
  0.2833E+05
  0.1452E+05
  0.1094E+06
  0.4859E+05
  0.1589E+05
  0.2928E+05
  0.4317E+07
  0.3480E+05
  0.1991E+05
  0.3366E+05
  0.1735E+07
  0.7158E+05
  0.2126E+05
  0.2162E+05
  0.1233E+05
  0.1465E+05
  0.2970E+05
  0.1177E+06
  0.6377E+06
  0.9739E+05
  0.1188E+06
  0.4723E+05
  0.1420E+06
  0.4145E+05
  0.1471E+06
  0.1143E+06
  0.1252E+06
  0.1568E+06
  0.1383E+06
  0.3523E+06
  0.4411E+06
  0.3325E+06
  0.9967E+05
  0.2570E+06
  0.3584E+06
  0.1845E+06
  0.1649E+07
  0.7996E+06
  0.5541E+06
  0.1324E+07
  0.1086E+07
  0.1101E+07
  0.8182E+06
  0.5833E+06
  0.1024E+08
  0.2228E+07
  0.9721E+06
  0.1279E+09
  0.1037E+07
  0.1122E+07
  0.1564E+09
  0.1468E+07
  0.1335E+07
  0.2261E+08
  0.2652E+07
  0.1591E+07
  0.4660E+07
  0.1306E+08
  0.1697E+07
  0.1790E+07
  0.1365E+08
  0.6759E+07
  0.2152E+07
  0.2021E+07
  0.7567E+07
  0.1042E+08
  0.5506E+06
  0.7912E+07
  0.3940E+07
  0.1795E+07
  0.1611E+07
  0.2033E+07
  0.4047E+07
  0.1494E+08
  0.3211E+09
  0.2558E+08
  0.9087E+07
  0.4886E+07
  0.3492E+07
  0.2890E+07
  0.2429E+07
  0.2230E+07
  0.2176E+07
  0.2414E+07
  0.3654E+07
  0.1301E+08
  0.9712E+07
  0.1099E+07
  0.3785E+06
  0.2875E+06
  0.1385E+07
  0.2645E+06
  0.7709E+05
  0.1089E+07
  0.3055E+05
  0.2876E+06
  0.1185E+05
  0.8208E+04
  0.7371E+04
  0.4640E+04
  0.2384E+04
  0.1652E+04
  0.1192E+04
  0.8587E+03
  0.6064E+03
  0.4244E+03
  0.2322E+03
  0.1543E+03
  0.1016E+03
  0.6496E+02
  0.4100E+02
  0.2931E+02
  0.1092E+02
  0.6516E+01
  0.1956E+02
  0.1587E+01
  0.7576E+00
  0.2095E+02
  0.4431E+00
  0.3135E+00
  0.2672E+01
  0.9425E+00
  0.3063E+00
  0.5992E+00
  0.2246E+02
  0.4985E+00
  0.2631E+00
  0.4562E+00
  0.7972E+01
  0.3332E+00
  0.1357E+00
  0.5338E+00
  0.2945E+00
  0.2538E+00
  0.3477E+00
  0.7141E+00
  0.3224E+01
  0.2234E+02
  0.3252E+01
  0.1373E+01
  0.9824E+00
  0.6891E+00
  0.6128E+00
  0.5702E+00
  0.5293E+00
  0.7050E+00
  0.6626E+00
  0.9061E+00
  0.2227E+01
  0.3528E+01
  0.3998E+00
  0.2108E+00
  0.2570E+00
  0.6087E+00
  0.1891E+00
  0.7666E-01
  0.4623E+00
  0.5634E-01
  0.2068E+00
  0.2651E+00
  0.1065E+00
  0.1630E+00
  0.2788E+00
  0.1103E+00
  0.1309E+00
  0.8882E+00
  0.4316E+00
  0.1990E+00
  0.4011E+00
  0.4684E+01
  0.5274E+00
  0.5002E+00
  0.8476E+00
  0.6345E+01
  0.6937E+00
  0.5174E+00
  0.2229E+01
  0.2378E+01
  0.5933E+00
  0.8844E+00
  0.1722E+02
  0.9118E+00
  0.5580E+00
  0.1716E+01
  0.1730E+01
  0.3212E+00
  0.3634E+00
  0.1409E+01
