 Temperature at each layer [K]
    206.0806
    200.4765
    195.2012
    190.2313
    185.5423
    181.1092
    178.5320
    176.7635
    175.4893
    174.3200
    173.6298
    173.0789
    172.8534
    172.6884
    172.5460
    172.8137
    172.8936
    173.1381
    173.5164
    173.5838
    173.8839
    173.9669
    173.8887
    173.7883
    173.5416
    173.3504
    172.9527
    172.3362
    171.6535
    170.9766
    170.1436
    169.5368
    168.6531
    167.7517
    166.3007
    164.6849
    162.6384
    160.7780
    159.0694
    158.2829
    158.1619
    157.5451
    155.9363
    152.9571
    150.1134
    149.9999
    149.9999
    150.8889
    155.8050
    149.9999
