 Species molar concentration at each layer [mol/mol]
  0.9900E+00
  0.1000E-01
  0.0000E+00
  0.1769E-04
  0.9900E+00
  0.1000E-01
  0.0000E+00
  0.8424E-05
  0.9900E+00
  0.1000E-01
  0.0000E+00
  0.4005E-05
  0.9900E+00
  0.1000E-01
  0.0000E+00
  0.1904E-05
  0.9900E+00
  0.1000E-01
  0.0000E+00
  0.9059E-06
  0.9900E+00
  0.1000E-01
  0.0000E+00
  0.4312E-06
  0.9900E+00
  0.1000E-01
  0.0000E+00
  0.2053E-06
  0.9900E+00
  0.1000E-01
  0.0000E+00
  0.9765E-07
  0.9900E+00
  0.1000E-01
  0.0000E+00
  0.4633E-07
  0.9900E+00
  0.1000E-01
  0.0000E+00
  0.2914E-07
  0.9900E+00
  0.1000E-01
  0.0000E+00
  0.2154E-07
  0.9900E+00
  0.1000E-01
  0.0000E+00
  0.1635E-07
  0.9900E+00
  0.1000E-01
  0.0000E+00
  0.1323E-07
  0.9900E+00
  0.1000E-01
  0.0000E+00
  0.1066E-07
  0.9900E+00
  0.1000E-01
  0.0000E+00
  0.9291E-08
  0.9900E+00
  0.1000E-01
  0.0000E+00
  0.8075E-08
  0.9900E+00
  0.1000E-01
  0.0000E+00
  0.7021E-08
  0.9900E+00
  0.1000E-01
  0.0000E+00
  0.6655E-08
  0.9900E+00
  0.1000E-01
  0.0000E+00
  0.6174E-08
  0.9900E+00
  0.1000E-01
  0.0000E+00
  0.5836E-08
  0.9900E+00
  0.1000E-01
  0.0000E+00
  0.5661E-08
  0.9900E+00
  0.1000E-01
  0.0000E+00
  0.5550E-08
  0.9900E+00
  0.1000E-01
  0.0000E+00
  0.5550E-08
  0.9900E+00
  0.1000E-01
  0.0000E+00
  0.5550E-08
  0.9900E+00
  0.1000E-01
  0.0000E+00
  0.5550E-08
  0.9900E+00
  0.1000E-01
  0.0000E+00
  0.5550E-08
  0.9900E+00
  0.1000E-01
  0.0000E+00
  0.5550E-08
  0.9900E+00
  0.1000E-01
  0.0000E+00
  0.5550E-08
  0.9900E+00
  0.1000E-01
  0.0000E+00
  0.5550E-08
  0.9900E+00
  0.1000E-01
  0.0000E+00
  0.5550E-08
  0.9900E+00
  0.1000E-01
  0.0000E+00
  0.5550E-08
  0.9900E+00
  0.1000E-01
  0.0000E+00
  0.5550E-08
  0.9900E+00
  0.1000E-01
  0.0000E+00
  0.5550E-08
  0.9900E+00
  0.1000E-01
  0.0000E+00
  0.5550E-08
  0.9900E+00
  0.1000E-01
  0.0000E+00
  0.5550E-08
  0.9900E+00
  0.1000E-01
  0.0000E+00
  0.5550E-08
  0.9900E+00
  0.1000E-01
  0.0000E+00
  0.5550E-08
  0.9900E+00
  0.1000E-01
  0.0000E+00
  0.5550E-08
  0.9900E+00
  0.1000E-01
  0.0000E+00
  0.5550E-08
  0.9900E+00
  0.1000E-01
  0.0000E+00
  0.5550E-08
  0.9900E+00
  0.1000E-01
  0.0000E+00
  0.5550E-08
  0.9900E+00
  0.1000E-01
  0.0000E+00
  0.5550E-08
  0.9900E+00
  0.1000E-01
  0.0000E+00
  0.5550E-08
  0.9900E+00
  0.1000E-01
  0.0000E+00
  0.5550E-08
  0.9900E+00
  0.1000E-01
  0.0000E+00
  0.5550E-08
  0.9900E+00
  0.1000E-01
  0.0000E+00
  0.5550E-08
  0.9900E+00
  0.1000E-01
  0.0000E+00
  0.5550E-08
  0.9900E+00
  0.1000E-01
  0.0000E+00
  0.5550E-08
  0.9900E+00
  0.1000E-01
  0.0000E+00
  0.5550E-08
  0.9900E+00
  0.1000E-01
  0.0000E+00
  0.5550E-08
