 Outgoing longwave flux vs. time [W/m2]
  0.4849E+02
  0.5735E+02
  0.6176E+02
  0.6652E+02
  0.7071E+02
  0.7511E+02
  0.7937E+02
  0.8357E+02
  0.8758E+02
  0.9129E+02
  0.9484E+02
  0.9814E+02
  0.1011E+03
  0.1039E+03
  0.1065E+03
  0.1088E+03
  0.1109E+03
  0.1128E+03
  0.1146E+03
  0.1161E+03
  0.1175E+03
  0.1187E+03
  0.1198E+03
  0.1208E+03
  0.1216E+03
  0.1224E+03
  0.1230E+03
  0.1237E+03
  0.1243E+03
  0.1248E+03
  0.1253E+03
  0.1257E+03
  0.1261E+03
  0.1264E+03
  0.1267E+03
  0.1270E+03
  0.1273E+03
  0.1275E+03
  0.1278E+03
  0.1279E+03
  0.1281E+03
  0.1282E+03
  0.1283E+03
  0.1285E+03
  0.1286E+03
  0.1287E+03
  0.1289E+03
  0.1289E+03
  0.1291E+03
  0.1291E+03
  0.1292E+03
  0.1293E+03
  0.1294E+03
  0.1294E+03
  0.1295E+03
  0.1296E+03
  0.1296E+03
  0.1297E+03
  0.1298E+03
  0.1299E+03
  0.1300E+03
  0.1300E+03
  0.1300E+03
  0.1301E+03
  0.1301E+03
  0.1301E+03
  0.1302E+03
  0.1302E+03
  0.1302E+03
  0.1303E+03
  0.1303E+03
  0.1304E+03
  0.1304E+03
  0.1304E+03
  0.1304E+03
  0.1305E+03
  0.1305E+03
  0.1306E+03
  0.1307E+03
  0.1307E+03
  0.1306E+03
  0.1307E+03
  0.1307E+03
  0.1307E+03
  0.1307E+03
  0.1308E+03
  0.1308E+03
  0.1309E+03
  0.1309E+03
  0.1309E+03
  0.1309E+03
  0.1309E+03
  0.1309E+03
  0.1309E+03
  0.1310E+03
  0.1310E+03
  0.1311E+03
  0.1311E+03
  0.1311E+03
  0.1312E+03
  0.1312E+03
  0.1312E+03
  0.1313E+03
  0.1313E+03
  0.1313E+03
  0.1314E+03
  0.1314E+03
  0.1315E+03
  0.1315E+03
  0.1315E+03
  0.1315E+03
  0.1316E+03
  0.1316E+03
  0.1316E+03
  0.1316E+03
  0.1317E+03
  0.1317E+03
  0.1317E+03
  0.1317E+03
  0.1317E+03
  0.1318E+03
  0.1318E+03
  0.1319E+03
  0.1320E+03
  0.1320E+03
  0.1320E+03
  0.1320E+03
  0.1320E+03
  0.1321E+03
  0.1321E+03
  0.1321E+03
  0.1321E+03
  0.1321E+03
  0.1322E+03
  0.1322E+03
  0.1322E+03
  0.1322E+03
  0.1322E+03
  0.1323E+03
  0.1323E+03
  0.1324E+03
  0.1324E+03
  0.1325E+03
  0.1325E+03
  0.1325E+03
  0.1325E+03
  0.1326E+03
  0.1326E+03
  0.1326E+03
  0.1326E+03
  0.1326E+03
  0.1326E+03
  0.1327E+03
  0.1327E+03
  0.1328E+03
  0.1328E+03
  0.1328E+03
  0.1328E+03
  0.1328E+03
  0.1329E+03
  0.1328E+03
  0.1329E+03
  0.1329E+03
  0.1329E+03
  0.1330E+03
  0.1330E+03
  0.1331E+03
  0.1331E+03
  0.1331E+03
  0.1332E+03
  0.1332E+03
  0.1333E+03
  0.1333E+03
  0.1333E+03
  0.1333E+03
  0.1333E+03
  0.1333E+03
  0.1334E+03
  0.1334E+03
  0.1334E+03
  0.1334E+03
  0.1334E+03
  0.1334E+03
  0.1334E+03
  0.1334E+03
  0.1335E+03
  0.1335E+03
  0.1335E+03
  0.1335E+03
  0.1335E+03
  0.1336E+03
  0.1335E+03
  0.1336E+03
  0.1336E+03
  0.1337E+03
  0.1337E+03
  0.1337E+03
  0.1337E+03
  0.1337E+03
  0.1338E+03
  0.1338E+03
  0.1338E+03
  0.1338E+03
  0.1338E+03
  0.1338E+03
  0.1339E+03
  0.1339E+03
  0.1339E+03
  0.1339E+03
  0.1339E+03
  0.1340E+03
  0.1340E+03
  0.1340E+03
  0.1340E+03
  0.1340E+03
  0.1340E+03
  0.1339E+03
  0.1340E+03
  0.1340E+03
  0.1340E+03
  0.1340E+03
  0.1340E+03
  0.1340E+03
  0.1340E+03
  0.1341E+03
  0.1341E+03
  0.1341E+03
  0.1342E+03
  0.1341E+03
  0.1342E+03
  0.1342E+03
  0.1342E+03
  0.1342E+03
  0.1342E+03
  0.1342E+03
  0.1342E+03
  0.1343E+03
  0.1343E+03
  0.1344E+03
  0.1344E+03
  0.1344E+03
  0.1344E+03
  0.1344E+03
  0.1345E+03
  0.1345E+03
  0.1345E+03
  0.1346E+03
  0.1346E+03
  0.1346E+03
  0.1346E+03
  0.1347E+03
  0.1347E+03
  0.1347E+03
  0.1348E+03
  0.1347E+03
  0.1348E+03
  0.1348E+03
  0.1348E+03
  0.1348E+03
  0.1348E+03
  0.1348E+03
  0.1348E+03
  0.1348E+03
  0.1348E+03
  0.1348E+03
  0.1348E+03
  0.1349E+03
  0.1349E+03
  0.1349E+03
  0.1349E+03
  0.1349E+03
  0.1348E+03
  0.1348E+03
  0.1348E+03
  0.1349E+03
  0.1349E+03
  0.1349E+03
  0.1349E+03
  0.1349E+03
  0.1350E+03
  0.1350E+03
  0.1350E+03
  0.1351E+03
  0.1351E+03
  0.1351E+03
  0.1351E+03
  0.1351E+03
  0.1352E+03
  0.1351E+03
  0.1352E+03
  0.1352E+03
  0.1352E+03
  0.1352E+03
  0.1352E+03
  0.1352E+03
  0.1352E+03
  0.1352E+03
  0.1353E+03
  0.1353E+03
  0.1353E+03
  0.1353E+03
  0.1353E+03
  0.1353E+03
  0.1353E+03
  0.1353E+03
  0.1353E+03
  0.1353E+03
  0.1353E+03
  0.1354E+03
  0.1353E+03
  0.1353E+03
  0.1354E+03
  0.1354E+03
  0.1354E+03
  0.1354E+03
  0.1354E+03
  0.1355E+03
  0.1355E+03
  0.1355E+03
  0.1355E+03
  0.1355E+03
  0.1356E+03
  0.1355E+03
  0.1355E+03
  0.1355E+03
  0.1355E+03
  0.1355E+03
  0.1355E+03
  0.1355E+03
  0.1356E+03
  0.1355E+03
  0.1356E+03
  0.1356E+03
  0.1356E+03
  0.1356E+03
  0.1356E+03
  0.1356E+03
  0.1356E+03
  0.1357E+03
  0.1357E+03
  0.1357E+03
  0.1357E+03
  0.1357E+03
  0.1357E+03
  0.1357E+03
  0.1357E+03
  0.1357E+03
  0.1357E+03
  0.1357E+03
  0.1357E+03
  0.1357E+03
  0.1357E+03
  0.1358E+03
  0.1357E+03
  0.1358E+03
  0.1358E+03
  0.1358E+03
  0.1358E+03
  0.1359E+03
  0.1359E+03
  0.1359E+03
  0.1359E+03
  0.1359E+03
  0.1359E+03
  0.1360E+03
  0.1360E+03
  0.1360E+03
  0.1360E+03
  0.1360E+03
  0.1360E+03
  0.1360E+03
  0.1361E+03
  0.1361E+03
  0.1361E+03
  0.1361E+03
  0.1361E+03
  0.1361E+03
  0.1361E+03
  0.1361E+03
  0.1362E+03
  0.1362E+03
  0.1362E+03
  0.1362E+03
  0.1363E+03
  0.1362E+03
  0.1363E+03
  0.1362E+03
  0.1362E+03
  0.1362E+03
  0.1362E+03
  0.1362E+03
  0.1363E+03
  0.1362E+03
  0.1362E+03
  0.1362E+03
  0.1362E+03
  0.1362E+03
  0.1362E+03
  0.1363E+03
  0.1362E+03
  0.1363E+03
  0.1363E+03
  0.1363E+03
  0.1363E+03
  0.1363E+03
  0.1363E+03
  0.1363E+03
  0.1363E+03
  0.1363E+03
  0.1363E+03
  0.1364E+03
  0.1364E+03
  0.1364E+03
  0.1364E+03
  0.1364E+03
  0.1365E+03
  0.1365E+03
  0.1365E+03
  0.1365E+03
  0.1365E+03
  0.1365E+03
  0.1365E+03
  0.1364E+03
  0.1364E+03
  0.1364E+03
  0.1364E+03
  0.1364E+03
  0.1364E+03
  0.1364E+03
  0.1365E+03
  0.1365E+03
  0.1365E+03
  0.1365E+03
  0.1365E+03
  0.1365E+03
  0.1366E+03
  0.1366E+03
  0.1366E+03
  0.1366E+03
  0.1366E+03
  0.1366E+03
  0.1366E+03
  0.1366E+03
  0.1366E+03
  0.1366E+03
  0.1366E+03
  0.1366E+03
  0.1366E+03
  0.1366E+03
  0.1366E+03
  0.1366E+03
  0.1366E+03
  0.1366E+03
  0.1366E+03
  0.1366E+03
  0.1366E+03
  0.1366E+03
  0.1366E+03
  0.1366E+03
  0.1367E+03
  0.1367E+03
  0.1367E+03
  0.1367E+03
  0.1367E+03
  0.1367E+03
  0.1367E+03
  0.1367E+03
  0.1367E+03
  0.1367E+03
  0.1367E+03
  0.1367E+03
  0.1367E+03
  0.1367E+03
  0.1367E+03
  0.1368E+03
  0.1368E+03
  0.1368E+03
  0.1369E+03
  0.1368E+03
  0.1369E+03
  0.1368E+03
  0.1369E+03
  0.1368E+03
  0.1369E+03
  0.1369E+03
  0.1369E+03
  0.1369E+03
  0.1369E+03
  0.1369E+03
  0.1369E+03
  0.1369E+03
  0.1369E+03
  0.1369E+03
  0.1369E+03
  0.1369E+03
  0.1369E+03
  0.1369E+03
  0.1369E+03
  0.1369E+03
  0.1369E+03
