 Surface temperature vs. time [K]
    270.0000
    276.4450
    282.3814
    287.9187
    293.0113
    297.7060
    302.0024
    305.9194
    309.4705
    312.6779
    315.5688
    318.1620
    320.4810
    322.5558
    324.3999
    326.0359
    327.4814
    328.7585
    329.8826
    330.8674
    331.7311
    332.4882
    333.1463
    333.7215
    334.2190
    334.6514
    335.0271
    335.3511
    335.6249
    335.8578
    336.0523
    336.2117
    336.3408
    336.4395
    336.5210
    336.5795
    336.6182
    336.6392
    336.6469
    336.6401
    336.6229
    336.5975
    336.5660
    336.5266
    336.4817
    336.4304
    336.3716
    336.3078
    336.2412
    336.1694
    336.0959
    336.0207
    335.9439
    335.8639
    335.7827
    335.7017
    335.6170
    335.5308
    335.4425
    335.3508
    335.2580
    335.1630
    335.0685
    334.9779
    334.8849
    334.7921
    334.7003
    334.6101
    334.5218
    334.4335
    334.3426
    334.2527
    334.1628
    334.0758
    333.9892
    333.9059
    333.8201
    333.7356
    333.6488
    333.5619
    333.4761
    333.3958
    333.3161
    333.2368
    333.1598
    333.0831
    333.0070
    332.9298
    332.8528
    332.7767
    332.7040
    332.6334
    332.5644
    332.4975
    332.4308
    332.3628
    332.2944
    332.2254
    332.1566
    332.0868
    332.0169
    331.9456
    331.8759
    331.8064
    331.7367
    331.6676
    331.6000
    331.5315
    331.4621
    331.3919
    331.3213
    331.2541
    331.1844
    331.1178
    331.0516
    330.9870
    330.9224
    330.8581
    330.7940
    330.7317
    330.6692
    330.6069
    330.5435
    330.4795
    330.4115
    330.3442
    330.2779
    330.2144
    330.1498
    330.0856
    330.0234
    329.9597
    329.8976
    329.8368
    329.7756
    329.7160
    329.6567
    329.6008
    329.5444
    329.4881
    329.4314
    329.3721
    329.3103
    329.2480
    329.1854
    329.1234
    329.0645
    329.0030
    328.9429
    328.8826
    328.8263
    328.7688
    328.7134
    328.6574
    328.5996
    328.5426
    328.4867
    328.4313
    328.3778
    328.3237
    328.2689
    328.2164
    328.1641
    328.1113
    328.0581
    328.0045
    327.9491
    327.8924
    327.8371
    327.7820
    327.7258
    327.6686
    327.6101
    327.5529
    327.4974
    327.4417
    327.3872
    327.3328
    327.2761
    327.2226
    327.1709
    327.1179
    327.0674
    327.0187
    326.9703
    326.9223
    326.8739
    326.8242
    326.7776
    326.7306
    326.6845
    326.6381
    326.5937
    326.5478
    326.5045
    326.4578
    326.4111
    326.3639
    326.3168
    326.2715
    326.2252
    326.1783
    326.1329
    326.0888
    326.0445
    326.0013
    325.9568
    325.9132
    325.8722
    325.8293
    325.7877
    325.7450
    325.7029
    325.6612
    325.6221
    325.5841
    325.5462
    325.5118
    325.4761
    325.4427
    325.4085
    325.3760
    325.3430
    325.3106
    325.2782
    325.2435
    325.2115
    325.1775
    325.1420
    325.1085
    325.0741
    325.0390
    325.0054
    324.9714
    324.9396
    324.9065
    324.8742
    324.8392
    324.8051
    324.7689
    324.7324
    324.6970
    324.6623
    324.6265
    324.5879
    324.5495
    324.5118
    324.4723
    324.4302
    324.3894
    324.3485
    324.3071
    324.2632
    324.2232
    324.1813
    324.1429
    324.1032
    324.0646
    324.0233
    323.9834
    323.9442
    323.9062
    323.8704
    323.8363
    323.8026
    323.7691
    323.7360
    323.7026
    323.6706
    323.6389
    323.6090
    323.5801
    323.5540
    323.5288
    323.5031
    323.4774
    323.4517
    323.4260
    323.3995
    323.3733
    323.3451
    323.3163
    323.2854
    323.2517
    323.2206
    323.1897
    323.1579
    323.1267
    323.0939
    323.0630
    323.0323
    323.0026
    322.9735
    322.9441
    322.9157
    322.8864
    322.8572
    322.8287
    322.7978
    322.7691
    322.7401
    322.7134
    322.6873
    322.6626
    322.6378
    322.6128
    322.5877
    322.5615
    322.5357
    322.5094
    322.4861
    322.4622
    322.4366
    322.4114
    322.3865
    322.3620
    322.3358
    322.3077
    322.2804
    322.2528
    322.2258
    322.1992
    322.1718
    322.1475
    322.1221
    322.0991
    322.0755
    322.0537
    322.0312
    322.0104
    321.9889
    321.9691
    321.9479
    321.9274
    321.9043
    321.8816
    321.8605
    321.8384
    321.8176
    321.7953
    321.7719
    321.7491
    321.7263
    321.7046
    321.6813
    321.6586
    321.6361
    321.6147
    321.5937
    321.5739
    321.5551
    321.5361
    321.5174
    321.4990
    321.4821
    321.4630
    321.4440
    321.4227
    321.4024
    321.3813
    321.3605
    321.3367
    321.3146
    321.2913
    321.2701
    321.2469
    321.2245
    321.2010
    321.1757
    321.1528
    321.1285
    321.1059
    321.0824
    321.0594
    321.0345
    321.0103
    320.9871
    320.9644
    320.9410
    320.9171
    320.8923
    320.8649
    320.8390
    320.8132
    320.7862
    320.7619
    320.7365
    320.7135
    320.6903
    320.6702
    320.6489
    320.6302
    320.6091
    320.5910
    320.5723
    320.5551
    320.5378
    320.5206
    320.5038
    320.4868
    320.4705
    320.4542
    320.4379
    320.4201
    320.4029
    320.3847
    320.3673
    320.3507
    320.3353
    320.3186
    320.3021
    320.2834
    320.2654
    320.2451
    320.2247
    320.2046
    320.1830
    320.1599
    320.1395
    320.1182
    320.0998
    320.0820
    320.0652
    320.0506
    320.0366
    320.0233
    320.0098
    319.9974
    319.9844
    319.9719
    319.9590
    319.9467
    319.9334
    319.9196
    319.9049
    319.8890
    319.8730
    319.8572
    319.8397
    319.8220
    319.8064
    319.7900
    319.7755
    319.7599
    319.7466
    319.7322
    319.7202
    319.7068
    319.6952
    319.6822
    319.6710
    319.6579
    319.6461
    319.6328
    319.6220
    319.6096
    319.5996
    319.5875
    319.5770
    319.5663
    319.5538
    319.5420
    319.5282
    319.5145
    319.5013
    319.4886
    319.4765
    319.4649
    319.4537
    319.4425
    319.4314
    319.4204
    319.4084
    319.3965
    319.3851
    319.3709
    319.3568
    319.3406
    319.3221
    319.3067
    319.2895
    319.2749
    319.2586
    319.2443
    319.2278
    319.2117
    319.1936
    319.1774
    319.1598
    319.1442
    319.1283
    319.1139
    319.0993
    319.0868
    319.0741
    319.0627
    319.0508
    319.0398
    319.0275
    319.0162
