 Species molar concentration at each layer [mol/mol]
  0.9900E+00
  0.1000E-01
  0.0000E+00
  0.1631E-02
  0.9900E+00
  0.1000E-01
  0.0000E+00
  0.7170E-02
  0.9900E+00
  0.1000E-01
  0.0000E+00
  0.7170E-02
  0.9900E+00
  0.1000E-01
  0.0000E+00
  0.7170E-02
  0.9900E+00
  0.1000E-01
  0.0000E+00
  0.7170E-02
  0.9900E+00
  0.1000E-01
  0.0000E+00
  0.7170E-02
  0.9900E+00
  0.1000E-01
  0.0000E+00
  0.6270E-02
  0.9900E+00
  0.1000E-01
  0.0000E+00
  0.5126E-02
  0.9900E+00
  0.1000E-01
  0.0000E+00
  0.3831E-02
  0.9900E+00
  0.1000E-01
  0.0000E+00
  0.2676E-02
  0.9900E+00
  0.1000E-01
  0.0000E+00
  0.1845E-02
  0.9900E+00
  0.1000E-01
  0.0000E+00
  0.1289E-02
  0.9900E+00
  0.1000E-01
  0.0000E+00
  0.8977E-03
  0.9900E+00
  0.1000E-01
  0.0000E+00
  0.6147E-03
  0.9900E+00
  0.1000E-01
  0.0000E+00
  0.4237E-03
  0.9900E+00
  0.1000E-01
  0.0000E+00
  0.2923E-03
  0.9900E+00
  0.1000E-01
  0.0000E+00
  0.2012E-03
  0.9900E+00
  0.1000E-01
  0.0000E+00
  0.1390E-03
  0.9900E+00
  0.1000E-01
  0.0000E+00
  0.9420E-04
  0.9900E+00
  0.1000E-01
  0.0000E+00
  0.6240E-04
  0.9900E+00
  0.1000E-01
  0.0000E+00
  0.3968E-04
  0.9900E+00
  0.1000E-01
  0.0000E+00
  0.2392E-04
  0.9900E+00
  0.1000E-01
  0.0000E+00
  0.1308E-04
  0.9900E+00
  0.1000E-01
  0.0000E+00
  0.6186E-05
  0.9900E+00
  0.1000E-01
  0.0000E+00
  0.2467E-05
  0.9900E+00
  0.1000E-01
  0.0000E+00
  0.8559E-06
  0.9900E+00
  0.1000E-01
  0.0000E+00
  0.2724E-06
  0.9900E+00
  0.1000E-01
  0.0000E+00
  0.8422E-07
  0.9900E+00
  0.1000E-01
  0.0000E+00
  0.2456E-07
  0.9900E+00
  0.1000E-01
  0.0000E+00
  0.7473E-08
  0.9900E+00
  0.1000E-01
  0.0000E+00
  0.2276E-08
  0.9900E+00
  0.1000E-01
  0.0000E+00
  0.7490E-09
  0.9900E+00
  0.1000E-01
  0.0000E+00
  0.2716E-09
  0.9900E+00
  0.1000E-01
  0.0000E+00
  0.1285E-09
  0.9900E+00
  0.1000E-01
  0.0000E+00
  0.1285E-09
  0.9900E+00
  0.1000E-01
  0.0000E+00
  0.1285E-09
  0.9900E+00
  0.1000E-01
  0.0000E+00
  0.1285E-09
  0.9900E+00
  0.1000E-01
  0.0000E+00
  0.1285E-09
  0.9900E+00
  0.1000E-01
  0.0000E+00
  0.1285E-09
  0.9900E+00
  0.1000E-01
  0.0000E+00
  0.1285E-09
  0.9900E+00
  0.1000E-01
  0.0000E+00
  0.1285E-09
  0.9900E+00
  0.1000E-01
  0.0000E+00
  0.1285E-09
  0.9900E+00
  0.1000E-01
  0.0000E+00
  0.1285E-09
  0.9900E+00
  0.1000E-01
  0.0000E+00
  0.1285E-09
  0.9900E+00
  0.1000E-01
  0.0000E+00
  0.1285E-09
  0.9900E+00
  0.1000E-01
  0.0000E+00
  0.1285E-09
  0.9900E+00
  0.1000E-01
  0.0000E+00
  0.1285E-09
  0.9900E+00
  0.1000E-01
  0.0000E+00
  0.1285E-09
  0.9900E+00
  0.1000E-01
  0.0000E+00
  0.1285E-09
  0.9900E+00
  0.1000E-01
  0.0000E+00
  0.1285E-09
