 Absorbed shortwave flux vs. time [W/m2]
    319.1283
    321.2852
    320.0272
    318.1792
    316.5483
    315.1318
    313.9184
    312.8837
    312.0011
    311.2462
    310.5975
    310.0383
    309.5538
    309.1328
    308.7649
    308.4429
    308.1600
    307.9105
    307.6897
    307.4932
    307.3183
    307.1642
    307.0316
    306.9173
    306.8194
    306.7352
    306.6633
    306.6023
    306.5511
    306.5073
    306.4697
    306.4403
    306.4162
    306.3979
    306.3835
    306.3732
    306.3672
    306.3650
    306.3661
    306.3699
    306.3759
    306.3839
    306.3933
    306.4034
    306.4141
    306.4267
    306.4396
    306.4541
    306.4701
    306.4874
    306.5054
    306.5230
    306.5419
    306.5607
    306.5798
    306.5992
    306.6181
    306.6379
    306.6575
    306.6769
    306.6968
    306.7173
    306.7374
    306.7574
    306.7779
    306.7986
    306.8199
    306.8411
    306.8622
    306.8828
    306.9031
    306.9227
    306.9422
    306.9614
    306.9800
    306.9989
    307.0172
    307.0346
    307.0525
    307.0705
    307.0885
    307.1063
    307.1233
    307.1409
    307.1582
    307.1751
    307.1916
    307.2076
    307.2236
    307.2395
    307.2553
    307.2710
    307.2866
    307.3024
    307.3181
    307.3334
    307.3484
    307.3629
    307.3776
    307.3920
    307.4065
    307.4207
    307.4351
    307.4496
    307.4640
    307.4784
    307.4923
    307.5065
    307.5204
    307.5343
    307.5482
    307.5626
    307.5769
    307.5914
    307.6056
    307.6195
    307.6339
    307.6482
    307.6621
    307.6759
    307.6896
    307.7028
    307.7160
    307.7301
    307.7439
    307.7571
    307.7710
    307.7850
    307.7990
    307.8134
    307.8280
    307.8424
    307.8565
    307.8705
    307.8845
    307.8983
    307.9118
    307.9258
    307.9400
    307.9542
    307.9678
    307.9818
    307.9955
    308.0090
    308.0222
    308.0355
    308.0485
    308.0620
    308.0750
    308.0882
    308.1016
    308.1147
    308.1276
    308.1403
    308.1536
    308.1666
    308.1799
    308.1931
    308.2063
    308.2192
    308.2319
    308.2450
    308.2584
    308.2724
    308.2861
    308.2997
    308.3131
    308.3265
    308.3397
    308.3528
    308.3657
    308.3787
    308.3920
    308.4048
    308.4173
    308.4305
    308.4435
    308.4561
    308.4694
    308.4824
    308.4954
    308.5090
    308.5225
    308.5360
    308.5493
    308.5627
    308.5754
    308.5884
    308.6013
    308.6142
    308.6272
    308.6404
    308.6536
    308.6664
    308.6792
    308.6920
    308.7046
    308.7172
    308.7296
    308.7422
    308.7548
    308.7678
    308.7804
    308.7931
    308.8058
    308.8180
    308.8298
    308.8424
    308.8544
    308.8668
    308.8793
    308.8915
    308.9040
    308.9169
    308.9297
    308.9425
    308.9550
    308.9679
    308.9805
    308.9930
    309.0055
    309.0171
    309.0290
    309.0410
    309.0530
    309.0650
    309.0770
    309.0885
    309.1007
    309.1129
    309.1247
    309.1368
    309.1491
    309.1610
    309.1728
    309.1847
    309.1962
    309.2078
    309.2196
    309.2315
    309.2433
    309.2556
    309.2675
    309.2794
    309.2914
    309.3034
    309.3152
    309.3275
    309.3394
    309.3511
    309.3631
    309.3750
    309.3868
    309.3988
    309.4103
    309.4215
    309.4333
    309.4443
    309.4555
    309.4669
    309.4781
    309.4894
    309.5010
    309.5121
    309.5229
    309.5340
    309.5447
    309.5558
    309.5672
    309.5781
    309.5892
    309.6007
    309.6120
    309.6232
    309.6346
    309.6454
    309.6564
    309.6679
    309.6790
    309.6899
    309.7012
    309.7128
    309.7240
    309.7346
    309.7459
    309.7565
    309.7674
    309.7788
    309.7902
    309.8018
    309.8139
    309.8256
    309.8373
    309.8494
    309.8611
    309.8726
    309.8841
    309.8952
    309.9059
    309.9173
    309.9285
    309.9396
    309.9509
    309.9618
    309.9726
    309.9829
    309.9937
    310.0042
    310.0147
    310.0256
    310.0358
    310.0459
    310.0568
    310.0671
    310.0773
    310.0881
    310.0984
    310.1089
    310.1193
    310.1300
    310.1399
    310.1498
    310.1602
    310.1702
    310.1803
    310.1911
    310.2017
    310.2126
    310.2235
    310.2348
    310.2453
    310.2560
    310.2670
    310.2774
    310.2876
    310.2980
    310.3081
    310.3179
    310.3278
    310.3383
    310.3483
    310.3581
    310.3687
    310.3786
    310.3882
    310.3982
    310.4085
    310.4186
    310.4287
    310.4395
    310.4500
    310.4606
    310.4714
    310.4827
    310.4933
    310.5040
    310.5146
    310.5257
    310.5358
    310.5460
    310.5568
    310.5671
    310.5774
    310.5877
    310.5985
    310.6084
    310.6187
    310.6290
    310.6398
    310.6500
    310.6601
    310.6703
    310.6812
    310.6912
    310.7013
    310.7122
    310.7223
    310.7322
    310.7419
    310.7523
    310.7616
    310.7709
    310.7803
    310.7904
    310.7999
    310.8096
    310.8193
    310.8289
    310.8393
    310.8489
    310.8583
    310.8676
    310.8777
    310.8870
    310.8962
    310.9055
    310.9148
    310.9251
    310.9345
    310.9437
    310.9531
    310.9623
    310.9724
    310.9817
    310.9911
    311.0006
    311.0101
    311.0203
    311.0295
    311.0385
    311.0474
    311.0564
    311.0654
    311.0743
    311.0843
    311.0932
    311.1020
    311.1110
    311.1198
    311.1285
    311.1372
    311.1457
    311.1538
    311.1621
    311.1711
    311.1792
    311.1874
    311.1959
    311.2045
    311.2132
    311.2219
    311.2309
    311.2401
    311.2493
    311.2584
    311.2678
    311.2772
    311.2865
    311.2958
    311.3050
    311.3141
    311.3232
    311.3322
    311.3409
    311.3498
    311.3585
    311.3672
    311.3758
    311.3845
    311.3933
    311.4023
    311.4114
    311.4204
    311.4293
    311.4383
    311.4471
    311.4556
    311.4642
    311.4730
    311.4817
    311.4902
    311.4986
    311.5068
    311.5149
    311.5230
    311.5309
    311.5387
    311.5466
    311.5547
    311.5628
    311.5712
    311.5796
    311.5882
    311.5977
    311.6071
    311.6163
    311.6254
    311.6344
    311.6434
    311.6522
    311.6609
    311.6694
    311.6777
    311.6862
    311.6948
    311.7031
    311.7116
    311.7200
    311.7285
    311.7372
    311.7459
    311.7545
    311.7633
    311.7719
    311.7805
    311.7890
    311.7974
    311.8059
    311.8142
    311.8223
