 Adiabat temperature at each layer [K]
    337.2742
    334.2375
    331.3555
    328.6181
    326.0145
    323.5330
    321.1620
    318.8894
    316.7036
    314.5928
    312.5460
    310.5524
    308.6020
    306.6853
    304.7935
    302.9183
    301.0522
    299.1880
    297.3192
    295.4395
    293.5431
    291.6245
    289.6782
    287.6991
    285.6820
    283.6214
    281.5121
    279.3483
    277.1241
    274.8328
    272.5426
    270.3557
    268.0779
    265.6985
    263.2054
    260.5843
    257.8177
    254.8845
    251.7584
    248.4061
    244.7844
    240.8356
    236.4804
    231.6047
    226.0358
    219.4934
    211.4790
    201.0010
    186.2620
    173.6451
