  0.9150E+00
  0.5641E+00
  0.3507E+00
  0.2199E+00
  0.1390E+00
  0.8855E-01
  0.5681E-01
  0.3666E-01
  0.2378E-01
  0.1547E-01
  0.1008E-01
  0.6573E-02
  0.4278E-02
  0.2775E-02
  0.1790E-02
  0.1147E-02
  0.8393E-03
  0.6347E-03
  0.5338E-03
  0.4419E-03
  0.3888E-03
  0.3417E-03
  0.3259E-03
  0.3104E-03
  0.3165E-03
  0.3211E-03
  0.3159E-03
  0.3101E-03
  0.2738E-03
  0.2493E-03
  0.2186E-03
  0.1893E-03
  0.1749E-03
  0.1741E-03
  0.1677E-03
  0.1646E-03
  0.1413E-03
  0.1043E-03
  0.6651E-04
  0.4497E-04
  0.3657E-04
  0.3773E-04
  0.4059E-04
  0.2771E-04
  0.1185E-04
  0.6105E-05
  0.6105E-05
  0.6105E-05
  0.2788E-04
  0.6105E-05
