 Longwave heating rate [K/s]
 -0.3147E-03
 -0.2655E-03
 -0.1944E-03
 -0.1082E-03
 -0.8997E-04
 -0.9928E-04
 -0.1052E-03
 -0.1112E-03
 -0.1291E-03
 -0.1299E-03
 -0.1400E-03
 -0.1487E-03
 -0.1554E-03
 -0.1780E-03
 -0.1703E-03
 -0.1944E-03
 -0.1950E-03
 -0.2269E-03
 -0.2413E-03
 -0.2649E-03
 -0.2659E-03
 -0.2952E-03
 -0.3256E-03
 -0.3551E-03
 -0.3711E-03
 -0.4098E-03
 -0.4443E-03
 -0.4607E-03
 -0.4976E-03
 -0.5618E-03
 -0.5983E-03
 -0.6847E-03
 -0.7440E-03
 -0.8668E-03
 -0.1012E-02
 -0.1240E-02
 -0.1537E-02
 -0.1806E-02
 -0.2155E-02
 -0.2500E-02
 -0.2849E-02
 -0.3362E-02
 -0.4280E-02
 -0.6059E-02
 -0.1011E-01
 -0.1238E-01
 -0.2602E-01
 -0.6838E-01
 -0.1525E+00
 -0.8709E+00
