 tauray
                          0.2281144023713468E-16
                          0.1044354850774510E-10
                          0.1546148211398699E-09
                          0.7624830004261556E-09
                          0.2378285605664894E-08
                          0.5760528515734328E-08
                          0.1188198596909266E-07
                          0.2192970056377802E-07
                          0.3730498325740852E-07
                          0.5962341336718216E-07
                          0.9071483856987703E-07
                          0.1326233749018511E-06
                          0.1876074067590421E-06
                          0.2581395868969680E-06
                          0.3469068364307263E-06
                          0.4568103448349956E-06
                          0.5909655699440327E-06
                          0.7527022379516758E-06
                          0.9455643434113424E-06
                          0.1173310149236030E-05
                          0.1439912186698316E-05
                          0.1749557255430358E-05
                          0.2106646423423894E-05
                          0.2515795027030237E-05
                          0.2981832670960293E-05
                          0.3509803228284532E-05
                          0.4104964840433016E-05
                          0.4772789917195374E-05
                          0.5518965136720837E-05
                          0.6349391445518185E-05
                          0.7270184058455809E-05
                          0.8287672458761662E-05
                          0.9408400398023280E-05
                          0.1063912589618777E-04
                          0.1198682124156185E-04
                          0.1345867299081178E-04
                          0.1506208196896342E-04
                          0.1680466326940221E-04
                          0.1869424625387319E-04
                          0.2073887455248090E-04
                          0.2294680606368956E-04
                          0.2532651295432291E-04
                          0.2788668165956432E-04
                          0.3063621288295664E-04
                          0.3358422159640242E-04
                          0.3674003704016371E-04
                          0.4011320272286219E-04
                          0.4371347642147907E-04
                          0.4755083018135520E-04
                          0.5163545031619092E-04
                          0.5597773740804629E-04
                          0.6058830630734079E-04
                          0.6547798613285355E-04
                          0.7065782027172341E-04
                          0.7613906637944847E-04
                          0.8193319637988676E-04
                          0.8805189646525571E-04
                          0.9450706709613230E-04
                          0.1013108230014532E-03
                          0.1084754931785145E-03
                          0.1160136208929722E-03
                          0.1239379636788414E-03
                          0.1322614933384971E-03
                          0.1409973959426740E-03
                          0.1501590718304662E-03
                          0.1597601356093269E-03
                          0.1698144161550699E-03
                          0.1803359566118677E-03
                          0.1913390143922529E-03
                          0.2028380611771174E-03
                          0.2148477829157129E-03
                          0.2273830798256505E-03
                          0.2404590663929008E-03
                          0.2540910713717942E-03
                          0.2682946377850208E-03
                          0.2830855229236297E-03
                          0.2984796983470302E-03
                          0.3144933498829909E-03
                          0.3311428776276397E-03
                          0.3484448959454652E-03
                          0.3664162334693138E-03
                          0.3850739331003932E-03
                          0.4044352520082698E-03
                          0.4245176616308693E-03
                          0.4453388476744782E-03
                          0.4669167101137410E-03
                          0.4892693631916626E-03
                          0.5124151354196078E-03
                          0.5363725695773003E-03
                          0.5611604227128241E-03
                          0.5867976661426220E-03
                          0.6133034854514970E-03
                          0.6406972804926112E-03
                          0.6689986653874866E-03
                          0.6982274685260044E-03
                          0.7284037325664066E-03
                          0.7595477144352928E-03
                          0.7916798853276235E-03
                          0.8248209307067191E-03
                          0.8589917503042582E-03
                          0.8942134581202810E-03
                          0.9305073824231847E-03
                          0.9678950657497281E-03
                          0.1006398264905028E-02
                          0.1046038950962563E-02
                          0.1086839309264170E-02
                          0.1128821739420045E-02
                          0.1172008855308743E-02
                          0.1216423485077180E-02
                          0.1262088671140634E-02
                          0.1309027670182736E-02
                          0.1357263953155481E-02
                          0.1406821205279225E-02
                          0.1457723326042680E-02
                          0.1509994429202920E-02
                          0.1563658842785377E-02
                          0.1618741109083841E-02
                          0.1675265984660469E-02
                          0.1733258440345769E-02
                          0.1792743661238611E-02
                          0.1853747046706229E-02
                          0.1916294210384211E-02
                          0.1980410980176507E-02
                          0.2046123398255424E-02
                          0.2113457721061636E-02
                          0.2182440419304168E-02
                          0.2253098177960409E-02
                          0.2325457896276105E-02
                          0.2399546687765367E-02
                          0.2475391880210658E-02
                          0.2553021015662806E-02
                          0.2632461850440997E-02
                          0.2713742355132774E-02
                          0.2796890714594046E-02
                          0.2881935327949078E-02
                          0.2968904808590491E-02
                          0.3057827984179267E-02
                          0.3148733896644758E-02
                          0.3241651802184657E-02
                          0.3336611171265034E-02
                          0.3433641688620308E-02
                          0.3532773253253261E-02
                          0.3634035978435033E-02
                          0.3737460191705129E-02
                          0.3843076434871405E-02
                          0.3950915464010086E-02
                          0.4061008249465745E-02
                          0.4173385975851323E-02
                          0.4288080042048125E-02
                          0.4405122061205802E-02
                          0.4524543860742379E-02
                          0.4646377482344225E-02
                          0.4770655181966084E-02
                          0.4897409429831052E-02
                          0.5026672910430582E-02
                          0.5158478522524493E-02
                          0.5292859379140957E-02
                          0.5429848807576514E-02
                          0.5569480349396049E-02
                          0.5711787760432829E-02
                          0.5856805010788461E-02
                          0.6004566284832918E-02
                          0.6155105981204534E-02
                          0.6308458712810001E-02
                          0.6464659306824371E-02
                          0.6623742804691057E-02
                          0.6785744462121825E-02
                          0.6950699749096814E-02
                          0.7118644349864506E-02
                          0.7289614162941755E-02
                          0.7463645301113778E-02
                          0.7640774091434127E-02
                          0.7821037075224751E-02
                          0.8004471008075926E-02
                          0.8191112859846300E-02
                          0.8380999814662884E-02
                          0.8574169270921044E-02
                          0.8770658841284504E-02
                          0.8970506352685354E-02
                          0.9173749846324039E-02
                          0.9380427577669364E-02
                          0.9590578016458491E-02
                          0.9804239846696957E-02
                          0.1002145196665862E-01
                          0.1024225348888575E-01
                          0.1046668374018894E-01
                          0.1069478226164716E-01
                          0.1092658880860771E-01
                          0.1116214335068629E-01
                          0.1140148607176695E-01
                          0.1164465737000208E-01
                          0.1189169785781242E-01
                          0.1214264836188713E-01
                          0.1239754992318367E-01
                          0.1265644379692788E-01
                          0.1291937145261396E-01
                          0.1318637457400447E-01
                          0.1345749505913032E-01
                          0.1373277502029080E-01
                          0.1401225678405354E-01
                          0.1429598289125454E-01
                          0.1458399609699816E-01
                          0.1487633937065711E-01
                          0.1517305589587246E-01
                          0.1547418907055366E-01
                          0.1577978250687849E-01
                          0.1608988003129310E-01
                          0.1640452568451205E-01
                          0.1672376372151816E-01
                          0.1704763861156267E-01
                          0.1737619503816520E-01
                          0.1770947789911370E-01
                          0.1804753230646446E-01
                          0.1839040358654216E-01
                          0.1873813727993981E-01
                          0.1909077914151886E-01
                          0.1944837514040901E-01
                          0.1981097146000838E-01
                          0.2017861449798344E-01
                          0.2055135086626902E-01
                          0.2092922739106831E-01
                          0.2131229111285285E-01
                          0.2170058928636258E-01
                          0.2209416938060573E-01
                          0.2249307907885895E-01
                          0.2289736627866721E-01
                          0.2330707909184386E-01
                          0.2372226584447061E-01
                          0.2414297507689751E-01
                          0.2456925554374302E-01
                          0.2500115621389389E-01
                          0.2543872627050527E-01
                          0.2588201511100069E-01
                          0.2633107234707198E-01
                          0.2678594780467938E-01
                          0.2724669152405146E-01
                          0.2771335375968518E-01
                          0.2818598498034582E-01
                          0.2866463586906707E-01
                          0.2914935732315092E-01
                          0.2964020045416776E-01
                          0.3013721658795634E-01
                          0.3064045726462376E-01
                          0.3114997423854548E-01
                          0.3166581947836527E-01
                          0.3218804516699537E-01
                          0.3271670370161631E-01
                          0.3325184769367697E-01
                          0.3379352996889457E-01
                          0.3434180356725480E-01
                          0.3489672174301159E-01
                          0.3545833796468729E-01
                          0.3602670591507259E-01
                          0.3660187949122658E-01
                          0.3718391280447658E-01
                          0.3777286018041846E-01
                          0.3836877615891632E-01
                          0.3897171549410267E-01
                          0.3958173315437830E-01
                          0.4019888432241250E-01
                          0.4082322439514278E-01
                          0.4145480898377512E-01
                          0.4209369391378379E-01
                          0.4273993522491147E-01
                          0.4339358917116907E-01
                          0.4405471222083612E-01
                          0.4472336105646019E-01
                          0.4539959257485746E-01
                          0.4608346388711236E-01
                          0.4677503231857769E-01
                          0.4747435540887464E-01
                          0.4818149091189269E-01
                          0.4889649679578974E-01
                          0.4961943124299209E-01
                          0.5035035265019434E-01
                          0.5108931962835938E-01
                          0.5183639100271855E-01
                          0.5259162581277163E-01
                          0.5335508331228658E-01
                          0.5412682296929980E-01
                          0.5490690446611608E-01
                          0.5569538769930856E-01
                          0.5649233277971867E-01
                          0.5729780003245630E-01
                          0.5811184999689965E-01
                          0.5893454342669523E-01
                          0.5976594128975801E-01
                          0.6060610476827126E-01
                          0.6145509525868664E-01
                          0.6231297437172410E-01
                          0.6317980393237202E-01
                          0.6405564597988715E-01
                          0.6494056276779453E-01
                          0.6583461676388762E-01
                          0.6673787065022818E-01
                          0.6765038732314642E-01
                          0.6857222989324081E-01
                          0.6950346168537828E-01
                          0.7044414623869404E-01
                          0.7139434730659164E-01
                          0.7235412885674308E-01
                          0.7332355507108868E-01
                          0.7430269034583710E-01
                          0.7529159929146539E-01
                          0.7629034673271889E-01
                          0.7729899770861146E-01
                          0.7831761747242508E-01
                          0.7934627149171034E-01
                          0.8038502544828598E-01
                          0.8143394523823924E-01
                          0.8249309697192572E-01
                          0.8356254697396917E-01
                          0.8464236178326202E-01
                          0.8573260815296482E-01
                          0.8683335305050659E-01
                          0.8794466365758470E-01
                          0.8906660737016477E-01
                          0.9019925179848094E-01
                          0.9134266476703566E-01
                          0.9249691431459961E-01
                          0.9366206869421209E-01
                          0.9483819637318042E-01
                          0.9602536603308069E-01
                          0.9722364656975686E-01
                          0.9843310709332175E-01
                          0.9965381692815622E-01
                          0.1008858456129096E+00
                          0.1021292629004994E+00
                          0.1033841387581118E+00
                          0.1046505433672013E+00
                          0.1059285471234903E+00
                          0.1072182206369702E+00
                          0.1085196347319004E+00
                          0.1098328604468086E+00
                          0.1111579690344911E+00
                          0.1124950319620123E+00
                          0.1138441209107054E+00
                          0.1152053077761712E+00
                          0.1165786646682797E+00
                          0.1179642639111688E+00
                          0.1193621780432447E+00
                          0.1207724798171822E+00
                          0.1221952421999244E+00
                          0.1236305383726826E+00
                          0.1250784417309367E+00
                          0.1265390258844347E+00
                          0.1280123646571932E+00
                          0.1294985320874971E+00
                          0.1309976024278994E+00
                          0.1325096501452219E+00
                          0.1340347499205543E+00
                          0.1355729766492552E+00
                          0.1371244054409511E+00
                          0.1386891116195371E+00
                          0.1402671707231762E+00
                          0.1418586585043007E+00
                          0.1434636509296102E+00
                          0.1450822241800734E+00
                          0.1467144546509271E+00
                          0.1483604189516765E+00
                          0.1500201939060949E+00
                          0.1516938565522245E+00
                          0.1533814841423753E+00
                          0.1550831541431260E+00
                          0.1567989442353236E+00
                          0.1585289323140835E+00
                          0.1602731964887892E+00
                          0.1620318150830929E+00
                          0.1638048666349149E+00
                          0.1655924298964440E+00
                          0.1673945838341375E+00
                          0.1692114076287206E+00
                          0.1710429806751873E+00
                          0.1728893825827996E+00
                          0.1747506931750885E+00
                          0.1766269924898525E+00
                          0.1785183607791590E+00
                          0.1804248785093439E+00
                          0.1823466263610108E+00
                          0.1842836852290324E+00
                          0.1862361362225491E+00
                          0.1882040606649702E+00
                          0.1901875400939732E+00
                          0.1921866562615037E+00
                          0.1942014911337759E+00
                          0.1962321268912725E+00
                          0.1982786459287441E+00
                          0.2003411308552103E+00
                          0.2024196644939582E+00
                          0.2045143298825443E+00
                          0.2066252102727926E+00
                          0.2087523891307958E+00
                          0.2108959501369151E+00
                          0.2130559771857796E+00
                          0.2152325543862872E+00
                          0.2174257660616042E+00
                          0.2196356967491648E+00
                          0.2218624312006721E+00
                          0.2241060543820970E+00
                          0.2263666514736793E+00
                          0.2286443078699266E+00
                          0.2309391091796156E+00
                          0.2332511412257906E+00
                          0.2355804900457648E+00
                          0.2379272418911194E+00
                          0.2402914832277042E+00
                          0.2426733007356372E+00
                          0.2450727813093049E+00
                          0.2474900120573622E+00
                          0.2499250803027317E+00
                          0.2523780735826058E+00
                          0.2548490796484437E+00
                          0.2573381864659736E+00
                          0.2598454822151924E+00
                          0.2623710552903651E+00
                          0.2649149943000249E+00
                          0.2674773880669732E+00
                          0.2700583256282804E+00
                          0.2726578962352848E+00
                          0.2752761893535929E+00
                          0.2779132946630800E+00
                          0.2805693020578897E+00
                          0.2832443016464335E+00
                          0.2859383837513919E+00
                          0.2886516389097132E+00
                          0.2913841578726142E+00
                          0.2941360316055808E+00
                          0.2969073512883658E+00
                          0.2996982083149917E+00
                          0.3025086942937487E+00
                          0.3053389010471956E+00
                          0.3081889206121592E+00
                          0.3110588452397353E+00
                          0.3139487673952873E+00
                          0.3168587797584475E+00
                          0.3197889752231166E+00
                          0.3227394468974630E+00
                          0.3257102881039241E+00
                          0.3287015923792060E+00
                          0.3317134534742817E+00
                          0.3347459653543942E+00
                          0.3377992221990540E+00
                          0.3408733184020400E+00
                          0.3439683485713996E+00
                          0.3470844075294485E+00
                          0.3502215903127711E+00
                          0.3533799921722193E+00
                          0.3565597085729145E+00
                          0.3597608351942453E+00
                          0.3629834679298696E+00
                          0.3662277028877135E+00
                          0.3694936363899707E+00
                          0.3727813649731044E+00
                          0.3760909853878449E+00
                          0.3794225945991922E+00
                          0.3827762897864135E+00
                          0.3861521683430450E+00
                          0.3895503278768912E+00
                          0.3929708662100249E+00
                          0.3964138813787867E+00
                          0.3998794716337869E+00
                          0.4033677354399033E+00
                          0.4068787714762810E+00
                          0.4104126786363358E+00
                          0.4139695560277501E+00
                          0.4175495029724753E+00
                          0.4211526190067310E+00
                          0.4247790038810051E+00
                          0.4284287575600541E+00
                          0.4321019802229027E+00
                          0.4357987722628441E+00
                          0.4395192342874391E+00
                          0.4432634671185186E+00
                          0.4470315717921802E+00
                          0.4508236495587900E+00
                          0.4546398018829834E+00
                          0.4584801304436638E+00
                          0.4623447371340022E+00
                          0.4662337240614391E+00
                          0.4701471935476827E+00
                          0.4740852481287093E+00
                          0.4780479905547645E+00
                          0.4820355237903613E+00
                          0.4860479510142816E+00
                          0.4900853756195753E+00
                          0.4941479012135609E+00
                          0.4982356316178259E+00
                          0.5023486708682249E+00
                          0.5064871232148818E+00
                          0.5106510931221878E+00
                          0.5148406852688039E+00
                          0.5190560045476584E+00
                          0.5232971560659486E+00
                          0.5275642451451394E+00
                          0.5318573773209651E+00
                          0.5361766583434266E+00
                          0.5405221941767961E+00
                          0.5448940909996108E+00
                          0.5492924552046787E+00
                          0.5537173933990758E+00
                          0.5581690124041446E+00
                          0.5626474192554978E+00
                          0.5671527212030165E+00
                          0.5716850257108496E+00
                          0.5762444404574140E+00
                          0.5808310733353953E+00
                          0.5854450324517479E+00
                          0.5900864261276942E+00
                          0.5947553628987245E+00
                          0.5994519515145986E+00
                          0.6041763009393430E+00
                          0.6089285203512549E+00
                          0.6137087191428974E+00
                          0.6185170069211029E+00
                          0.6233534935069729E+00
                          0.6282182889358765E+00
                          0.6331115034574516E+00
                          0.6380332475356038E+00
                          0.6429836318485074E+00
                          0.6479627672886056E+00
                          0.6529707649626083E+00
                          0.6580077361914964E+00
                          0.6630737925105173E+00
                          0.6681690456691862E+00
                          0.6732936076312886E+00
                          0.6784475905748770E+00
                          0.6836311068922726E+00
                          0.6888442691900653E+00
                          0.6940871902891124E+00
                          0.6993599832245407E+00
                          0.7046627612457447E+00
                          0.7099956378163871E+00
                          0.7153587266143998E+00
                          0.7207521415319830E+00
                          0.7261759966756033E+00
                          0.7316304063659989E+00
                          0.7371154851381727E+00
                          0.7426313477413994E+00
                          0.7481781091392200E+00
                          0.7537558845094445E+00
                          0.7593647892441511E+00
                          0.7650049389496862E+00
                          0.7706764494466652E+00
                          0.7763794367699711E+00
                          0.7821140171687557E+00
                          0.7878803071064385E+00
                          0.7936784232607091E+00
                          0.7995084825235236E+00
                          0.8053706020011070E+00
                          0.8112648990139535E+00
                          0.8171914910968240E+00
                          0.8231504959987486E+00
                          0.8291420316830267E+00
                          0.8351662163272251E+00
                          0.8412231683231789E+00
                          0.8473130062769916E+00
                          0.8534358490090355E+00
                          0.8595918155539506E+00
                          0.8657810251606460E+00
                          0.8720035972922987E+00
                          0.8782596516263533E+00
                          0.8845493080545253E+00
                          0.8908726866827955E+00
                          0.8972299078314152E+00
                          0.9036210920349028E+00
                          0.9100463600420459E+00
                          0.9165058328158997E+00
                          0.9229996315337884E+00
                          0.9295278775873039E+00
                          0.9360906925823075E+00
                          0.9426881983389288E+00
                          0.9493205168915629E+00
                          0.9559877704888782E+00
                          0.9626900815938070E+00
                          0.9694275728835532E+00
                          0.9762003672495866E+00
                          0.9830085877976471E+00
                          0.9898523578477411E+00
                          0.9967318009341452E+00
                          0.1003647040805405E+01
                          0.1010598201424331E+01
                          0.1017585406968005E+01
                          0.1024608781827776E+01
                          0.1031668450609264E+01
                          0.1038764538132352E+01
                          0.1045897169431195E+01
                          0.1053066469754218E+01
                          0.1060272564564110E+01
                          0.1067515579537830E+01
                          0.1074795640566609E+01
                          0.1082112873755940E+01
                          0.1089467405425589E+01
                          0.1096859362109589E+01
                          0.1104288870556241E+01
                          0.1111756057728115E+01
                          0.1119261050802049E+01
                          0.1126803977169149E+01
                          0.1134384964434789E+01
                          0.1142004140418614E+01
                          0.1149661633154534E+01
                          0.1157357570890730E+01
                          0.1165092082089650E+01
                          0.1172865295428009E+01
                          0.1180677339796794E+01
                          0.1188528344301256E+01
                          0.1196418438260918E+01
                          0.1204347751209571E+01
                          0.1212316412895272E+01
                          0.1220324553280347E+01
                          0.1228372302541393E+01
                          0.1236459791069272E+01
                          0.1244587149469116E+01
                          0.1252754508560326E+01
                          0.1260961999376569E+01
                          0.1269209753165784E+01
                          0.1277497901390174E+01
                          0.1285826575726213E+01
                          0.1294195908064644E+01
                          0.1302606030510477E+01
                          0.1311057075382991E+01
                          0.1319549175215732E+01
                          0.1328082462756515E+01
                          0.1336657070967425E+01
                          0.1345273133024816E+01
                          0.1353930782319303E+01
                          0.1362630152455779E+01
                          0.1371371377253400E+01
                          0.1380154590745591E+01
                          0.1388979927180048E+01
                          0.1397847521018732E+01
                          0.1406757506937872E+01
                          0.1415710019827969E+01
                          0.1424705194793790E+01
                          0.1433743167154370E+01
                          0.1442824072443013E+01
                          0.1451948046407294E+01
                          0.1461115225009049E+01
                          0.1470325744424390E+01
                          0.1479579741043697E+01
                          0.1488877351471612E+01
                          0.1498218712527049E+01
                          0.1507603961243193E+01
                          0.1517033234867494E+01
                          0.1526506670861671E+01
                          0.1536024406901711E+01
                          0.1545586580877872E+01
                          0.1555193330894678E+01
                          0.1564844795270919E+01
                          0.1574541112539658E+01
                          0.1584282421448226E+01
                          0.1594068860958219E+01
                          0.1603900570245501E+01
                          0.1613777688700212E+01
                          0.1623700355926751E+01
                          0.1633668711743789E+01
                          0.1643682896184268E+01
                          0.1653743049495394E+01
                          0.1663849312138644E+01
                          0.1674001824789762E+01
                          0.1684200728338764E+01
                          0.1694446163889927E+01
                          0.1704738272761804E+01
                          0.1715077196487211E+01
                          0.1725463076813237E+01
                          0.1735896055701235E+01
                          0.1746376275326827E+01
                          0.1756903878079907E+01
                          0.1767479006564635E+01
                          0.1778101803599437E+01
                          0.1788772412217012E+01
                          0.1799490975664323E+01
                          0.1810257637402605E+01
                          0.1821072541107358E+01
                          0.1831935830668354E+01
                          0.1842847650189630E+01
                          0.1853808143989495E+01
                          0.1864817456600520E+01
                          0.1875875732769551E+01
                          0.1886983117457703E+01
                          0.1898139755840350E+01
                          0.1909345793307146E+01
                          0.1920601375462004E+01
                          0.1931906648123111E+01
                          0.1943261757322922E+01
                          0.1954666849308157E+01
                          0.1966122070539807E+01
                          0.1977627567693131E+01
                          0.1989183487657655E+01
                          0.2000789977537177E+01
                          0.2012447184649758E+01
                          0.2024155256527732E+01
                          0.2035914340917699E+01
                          0.2047724585780528E+01
                          0.2059586139291357E+01
                          0.2071499149839588E+01
                          0.2083463766028900E+01
                          0.2095480136677234E+01
                          0.2107548410816799E+01
                          0.2119668737694074E+01
                          0.2131841266769807E+01
                          0.2144066147719016E+01
                          0.2156343530430981E+01
                          0.2168673565009259E+01
                          0.2181056401771668E+01
                          0.2193492191250297E+01
                          0.2205981084191506E+01
                          0.2218523231555917E+01
                          0.2231118784518428E+01
                          0.2243767894468202E+01
                          0.2256470713008666E+01
                          0.2269227391957524E+01
                          0.2282038083346740E+01
                          0.2294902939422552E+01
                          0.2307822112645464E+01
                          0.2320795755690249E+01
                          0.2333824021445948E+01
                          0.2346907063015870E+01
                          0.2360045033717595E+01
                          0.2373238087082966E+01
                          0.2386486376858101E+01
                          0.2399790057003381E+01
                          0.2413149281693457E+01
                          0.2426564205317250E+01
                          0.2440034982477947E+01
                          0.2453561767993007E+01
                          0.2467144716894150E+01
                          0.2480783984427373E+01
                          0.2494479726052934E+01
                          0.2508232097445368E+01
                          0.2522041254493471E+01
                          0.2535907353300307E+01
                          0.2549830550183215E+01
                          0.2563811001673793E+01
                          0.2577848864517917E+01
                          0.2591944295675728E+01
                          0.2606097452321629E+01
                          0.2620308491844304E+01
                          0.2634577571846689E+01
                          0.2648904850146007E+01
                          0.2663290484773733E+01
                          0.2677734633975621E+01
                          0.2692237456211686E+01
                          0.2706799110156216E+01
                          0.2721419754697768E+01
                          0.2736099548939167E+01
                          0.2750838652197500E+01
                          0.2765637224004133E+01
                          0.2780495424104689E+01
                          0.2795413412459070E+01
                          0.2810391349241437E+01
                          0.2825429394840227E+01
                          0.2840527709858141E+01
                          0.2855686455112149E+01
                          0.2870905791633492E+01
                          0.2886185880667676E+01
                          0.2901526883674473E+01
                          0.2916928962327932E+01
                          0.2932392278516363E+01
                          0.2947916994342348E+01
                          0.2963503272122735E+01
                          0.2979151274388639E+01
                          0.2994861163885450E+01
                          0.3010633103572821E+01
                          0.3026467256624671E+01
                          0.3042363786429196E+01
                          0.3058322856588852E+01
                          0.3074344630920366E+01
                          0.3090429273454735E+01
                          0.3106576948437226E+01
                          0.3122787820327365E+01
                          0.3139062053798959E+01
                          0.3155399813740074E+01
                          0.3171801265253050E+01
                          0.3188266573654491E+01
                          0.3204795904475273E+01
                          0.3221389423460537E+01
                          0.3238047296569698E+01
                          0.3254769689976429E+01
                          0.3271556770068681E+01
                          0.3288408703448673E+01
                          0.3305325656932886E+01
                          0.3322307797552074E+01
                          0.3339355292551257E+01
                          0.3356468309389728E+01
                          0.3373647015741042E+01
                          0.3390891579493027E+01
                          0.3408202168747777E+01
                          0.3425578951821653E+01
                          0.3443022097245292E+01
                          0.3460531773763587E+01
                          0.3478108150335712E+01
                          0.3495751396135101E+01
                          0.3513461680549459E+01
                          0.3531239173180757E+01
                          0.3549084043845238E+01
                          0.3566996462573415E+01
                          0.3584976599610062E+01
                          0.3603024625414228E+01
                          0.3621140710659230E+01
                          0.3639325026232644E+01
                          0.3657577743236331E+01
                          0.3675899032986407E+01
                          0.3694289067013258E+01
                          0.3712748017061542E+01
                          0.3731276055090189E+01
                          0.3749873353272385E+01
                          0.3768540083995601E+01
                          0.3787276419861557E+01
                          0.3806082533686260E+01
                          0.3824958598499970E+01
                          0.3843904787547227E+01
                          0.3862921274286836E+01
                          0.3882008232391863E+01
                          0.3901165835749657E+01
                          0.3920394258461820E+01
                          0.3939693674844230E+01
                          0.3959064259427032E+01
                          0.3978506186954645E+01
                          0.3998019632385743E+01
                          0.4017604770893286E+01
                          0.4037261777864486E+01
                          0.4056990828900833E+01
                          0.4076792099818080E+01
                          0.4096665766646256E+01
                          0.4116612005629649E+01
                          0.4136630993226819E+01
                          0.4156722906110603E+01
                          0.4176887921168087E+01
                          0.4197126215500647E+01
                          0.4217437966423909E+01
                          0.4237823351467783E+01
                          0.4258282548376433E+01
                          0.4278815735108301E+01
                          0.4299423089836099E+01
                          0.4320104790946795E+01
                          0.4340861017041639E+01
                          0.4361691946936141E+01
                          0.4382597759660086E+01
                          0.4403578634457515E+01
                          0.4424634750786759E+01
                          0.4445766288320394E+01
                          0.4466973426945273E+01
                          0.4488256346762522E+01
                          0.4509615228087539E+01
                          0.4531050251449971E+01
                          0.4552561597593753E+01
                          0.4574149447477085E+01
                          0.4595813982272424E+01
                          0.4617555383366510E+01
                          0.4639373832360336E+01
                          0.4661269511069182E+01
                          0.4683242601522576E+01
                          0.4705293285964330E+01
                          0.4727421746852517E+01
                          0.4749628166859485E+01
                          0.4771912728871834E+01
                          0.4794275615990459E+01
                          0.4816717011530496E+01
                          0.4839237099021370E+01
                          0.4861836062206758E+01
                          0.4884514085044615E+01
                          0.4907271351707172E+01
                          0.4930108046580912E+01
                          0.4953024354266589E+01
                          0.4976020459579238E+01
                          0.4999096547548146E+01
                          0.5022252803416883E+01
                          0.5045489412643282E+01
                          0.5068806560899436E+01
                          0.5092204434071720E+01
                          0.5115683218260765E+01
                          0.5139243099781479E+01
                          0.5162884265163044E+01
                          0.5186606901148890E+01
                          0.5210411194696728E+01
                          0.5234297332978540E+01
                          0.5258265503380581E+01
                          0.5282315893503354E+01
                          0.5306448691161650E+01
                          0.5330664084384515E+01
                          0.5354962261415278E+01
                          0.5379343410711519E+01
                          0.5403807720945104E+01
                          0.5428355381002150E+01
                          0.5452986579983058E+01
                          0.5477701507202484E+01
                          0.5502500352189365E+01
                          0.5527383304686894E+01
                          0.5552350554652541E+01
                          0.5577402292258047E+01
                          0.5602538707889406E+01
                          0.5627759992146900E+01
                          0.5653066335845062E+01
                          0.5678457930012704E+01
                          0.5703934965892910E+01
                          0.5729497634943014E+01
                          0.5755146128834642E+01
                          0.5780880639453668E+01
                          0.5806701358900246E+01
                          0.5832608479488798E+01
                          0.5858602193748005E+01
                          0.5884682694420825E+01
                          0.5910850174464493E+01
                          0.5937104827050490E+01
                          0.5963446845564578E+01
                          0.5989876423606787E+01
                          0.6016393754991424E+01
                          0.6042999033747042E+01
                          0.6069692454116487E+01
                          0.6096474210556851E+01
                          0.6123344497739517E+01
                          0.6150303510550112E+01
                          0.6177351444088550E+01
                          0.6204488493669015E+01
                          0.6231714854819943E+01
                          0.6259030723284044E+01
                          0.6286436295018308E+01
                          0.6313931766193980E+01
                          0.6341517333196578E+01
                          0.6369193192625890E+01
                          0.6396959541295974E+01
                          0.6424816576235148E+01
                          0.6452764494686004E+01
                          0.6480803494105404E+01
                          0.6508933772164479E+01
                          0.6537155526748618E+01
                          0.6565468955957495E+01
                          0.6593874258105035E+01
                          0.6622371631719448E+01
                          0.6650961275543195E+01
                          0.6679643388533024E+01
                          0.6708418169859932E+01
                          0.6737285818909204E+01
                          0.6766246535280376E+01
                          0.6795300518787268E+01
                          0.6824447969457949E+01
                          0.6853689087534779E+01
                          0.6883024073474365E+01
                          0.6912453127947596E+01
                          0.6941976451839635E+01
                          0.6971594246249889E+01
                          0.7001306712492061E+01
                          0.7031114052094098E+01
                          0.7061016466798240E+01
                          0.7091014158560970E+01
                          0.7121107329553064E+01
                          0.7151296182159543E+01
                          0.7181580918979718E+01
                          0.7211961742827145E+01
                          0.7242438856729677E+01
                          0.7273012463929406E+01
                          0.7303682767882716E+01
                          0.7334449972260240E+01
                          0.7365314280946897E+01
                          0.7396275898041863E+01
                          0.7427335027858585E+01
                          0.7458491874924781E+01
                          0.7489746643982428E+01
                          0.7521099539987786E+01
                          0.7552550768111380E+01
                          0.7584100533737986E+01
                          0.7615749042466677E+01
                          0.7647496500110763E+01
                          0.7679343112697854E+01
                          0.7711289086469798E+01
                          0.7743334627882738E+01
                          0.7775479943607064E+01
                          0.7807725240527449E+01
                          0.7840070725742833E+01
                          0.7872516606566416E+01
                          0.7905063090525665E+01
                          0.7937710385362334E+01
                          0.7970458699032420E+01
                          0.8003308239706204E+01
                          0.8036259215768244E+01
                          0.8069311835817345E+01
                          0.8102466308666584E+01
                          0.8135722843343315E+01
                          0.8169081649089168E+01
                          0.8202542935360025E+01
                          0.8236106911826047E+01
                          0.8269773788371651E+01
                          0.8303543775095534E+01
                          0.8337417082310647E+01
                          0.8371393920544241E+01
                          0.8405474500537803E+01
                          0.8439659033247091E+01
                          0.8473947729842157E+01
                          0.8508340801707291E+01
                          0.8542838460441075E+01
                          0.8577440917856340E+01
                          0.8612148385980202E+01
                          0.8646961077054030E+01
                          0.8681879203533475E+01
                          0.8716902978088447E+01
                          0.8752032613603136E+01
                          0.8787268323175976E+01
                          0.8822610320119704E+01
                          0.8858058817961293E+01
                          0.8893614030442002E+01
                          0.8929276171517357E+01
                          0.8965045455357153E+01
                          0.9000922096345448E+01
                          0.9036906309080571E+01
                          0.9072998308375102E+01
                          0.9109198309255945E+01
                          0.9145506526964194E+01
                          0.9181923176955269E+01
                          0.9218448474898850E+01
                          0.9255082636678852E+01
                          0.9291825878393498E+01
                          0.9328678416355269E+01
                          0.9365640467090898E+01
                          0.9402712247341404E+01
                          0.9439893974062056E+01
                          0.9477185864422419E+01
                          0.9514588135806298E+01
                          0.9552101005811782E+01
                          0.9589724692251231E+01
                          0.9627459413151259E+01
                          0.9665305386752769E+01
                          0.9703262831510910E+01
                          0.9741331966095105E+01
                          0.9779513009389063E+01
                          0.9817806180490738E+01
                          0.9856211698712366E+01
                          0.9894729783580454E+01
                          0.9933360654835768E+01
                          0.9972104532433335E+01
                          0.1001096163654247E+02
                          0.1004993218754676E+02
                          0.1008901640604402E+02
                          0.1012821451284638E+02
                          0.1016752672898022E+02
                          0.1020695327568617E+02
                          0.1024649437441918E+02
                          0.1028615024684841E+02
                          0.1032592111485730E+02
                          0.1036580720054361E+02
                          0.1040580872621930E+02
                          0.1044592591441064E+02
                          0.1048615898785815E+02
                          0.1052650816951663E+02
                          0.1056697368255514E+02
                          0.1060755575035701E+02
                          0.1064825459651985E+02
                          0.1068907044485551E+02
                          0.1073000351939014E+02
                          0.1077105404436414E+02
                          0.1081222224423218E+02
                          0.1085350834366322E+02
                          0.1089491256754045E+02
                          0.1093643514096136E+02
                          0.1097807628923769E+02
                          0.1101983623789546E+02
                          0.1106171521267494E+02
                          0.1110371343953069E+02
                          0.1114583114463155E+02
                          0.1118806855436058E+02
                          0.1123042589531515E+02
                          0.1127290339430688E+02
                          0.1131550127836167E+02
                          0.1135821977471968E+02
                          0.1140105911083533E+02
                          0.1144401951437733E+02
                          0.1148710121322864E+02
                          0.1153030443548651E+02
                          0.1157362940946244E+02
                          0.1161707636368218E+02
                          0.1166064552688579E+02
                          0.1170433712802758E+02
                          0.1174815139627613E+02
                          0.1179208856101426E+02
                          0.1183614885183911E+02
                          0.1188033249856206E+02
                          0.1192463973120874E+02
                          0.1196907078001909E+02
                          0.1201362587544730E+02
                          0.1205830524816182E+02
                          0.1210310912904535E+02
                          0.1214803774919492E+02
                          0.1219309133992176E+02
                          0.1223827013275143E+02
                          0.1228357435942370E+02
                          0.1232900425189264E+02
                          0.1237456004232660E+02
                          0.1242024196310817E+02
                          0.1246605024683423E+02
                          0.1251198512631591E+02
                          0.1255804683457862E+02
                          0.1260423560486205E+02
                          0.1265055167062011E+02
                          0.1269699526552104E+02
                          0.1274356662344733E+02
                          0.1279026597849570E+02
                          0.1283709356497719E+02
                          0.1288404961741707E+02
                          0.1293113437055490E+02
                          0.1297834805934453E+02
                          0.1302569091895401E+02
                          0.1307316318476572E+02
                          0.1312076509237628E+02
                          0.1316849687759661E+02
                          0.1321635877645184E+02
                          0.1326435102518142E+02
                          0.1331247386023905E+02
                          0.1336072751829270E+02
                          0.1340911223622462E+02
                          0.1345762825113130E+02
                          0.1350627580032352E+02
                          0.1355505512132631E+02
                          0.1360396645187902E+02
                          0.1365301002993518E+02
                          0.1370218609366267E+02
                          0.1375149488144361E+02
                          0.1380093663187438E+02
                          0.1385051158376561E+02
                          0.1390021997614224E+02
                          0.1395006204824347E+02
                          0.1400003803952274E+02
                          0.1405014818964779E+02
                          0.1410039273850061E+02
                          0.1415077192617746E+02
                          0.1420128599298888E+02
                          0.1425193517945966E+02
                          0.1430271972632888E+02
                          0.1435363987454988E+02
                          0.1440469586529025E+02
                          0.1445588793993187E+02
                          0.1450721634007088E+02
                          0.1455868130751769E+02
                          0.1461028308429698E+02
                          0.1466202191264771E+02
                          0.1471389803502308E+02
                          0.1476591169409058E+02
                          0.1481806313273196E+02
                          0.1487035259404323E+02
                          0.1492278032133470E+02
                          0.1497534655813092E+02
                          0.1502805154817071E+02
                          0.1508089553540717E+02
                          0.1513387876400765E+02
                          0.1518700147835379E+02
                          0.1524026392304149E+02
                          0.1529366634288093E+02
                          0.1534720898289651E+02
                          0.1540089208832698E+02
                          0.1545471590462528E+02
                          0.1550868067745866E+02
                          0.1556278665270862E+02
                          0.1561703407647095E+02
                          0.1567142319505570E+02
                          0.1572595425498717E+02
                          0.1578062750300395E+02
                          0.1583544318605890E+02
                          0.1589040155131912E+02
                          0.1594550284616601E+02
                          0.1600074731819523E+02
                          0.1605613521521669E+02
                          0.1611166678525460E+02
                          0.1616734227654740E+02
                          0.1622316193754784E+02
                          0.1627912601692291E+02
                          0.1633523476355388E+02
                          0.1639148842653627E+02
                          0.1644788725517989E+02
                          0.1650443149900883E+02
                          0.1656112140776142E+02
                          0.1661795723139024E+02
                          0.1667493922006221E+02
                          0.1673206762415844E+02
                          0.1678934269427436E+02
                          0.1684676468121965E+02
                          0.1690433383601826E+02
                          0.1696205040990842E+02
                          0.1701991465434258E+02
                          0.1707792682098752E+02
                          0.1713608716172428E+02
                          0.1719439592864812E+02
                          0.1725285337406863E+02
                          0.1731145975050962E+02
                          0.1737021531070916E+02
                          0.1742912030761967E+02
                          0.1748817499440774E+02
                          0.1754737962445431E+02
                          0.1760673445135451E+02
                          0.1766623972891781E+02
                          0.1772589571116789E+02
                          0.1778570265234275E+02
                          0.1784566080689461E+02
                          0.1790577042949002E+02
                          0.1796603177500972E+02
                          0.1802644509854879E+02
                          0.1808701065541651E+02
                          0.1814772870113650E+02
                          0.1820859949144659E+02
                          0.1826962328229891E+02
                          0.1833080032985987E+02
                          0.1839213089051012E+02
                          0.1845361522084456E+02
                          0.1851525357767241E+02
                          0.1857704621801712E+02
                          0.1863899339911643E+02
                          0.1870109537842235E+02
                          0.1876335241360116E+02
                          0.1882576476253335E+02
                          0.1888833268331377E+02
                          0.1895105643425147E+02
                          0.1901393627386981E+02
                          0.1907697246090639E+02
                          0.1914016525431308E+02
                          0.1920351491325605E+02
                          0.1926702169711570E+02
                          0.1933068586548670E+02
                          0.1939450767817804E+02
                          0.1945848739521292E+02
                          0.1952262527682884E+02
                          0.1958692158347753E+02
                          0.1965137657582504E+02
                          0.1971599051475167E+02
                          0.1978076366135197E+02
                          0.1984569627693477E+02
                          0.1991078862302315E+02
                          0.1997604096135453E+02
                          0.2004145355388051E+02
                          0.2010702666276700E+02
                          0.2017276055039417E+02
                          0.2023865547935648E+02
                          0.2030471171246261E+02
                          0.2037092951273556E+02
                          0.2043730914341257E+02
                          0.2050385086794515E+02
                          0.2057055494999909E+02
                          0.2063742165345443E+02
                          0.2070445124240550E+02
                          0.2077164398116089E+02
                          0.2083900013424346E+02
                          0.2090651996639031E+02
                          0.2097420374255287E+02
                          0.2104205172789679E+02
                          0.2111006418780197E+02
                          0.2117824138786266E+02
                          0.2124658359388727E+02
                          0.2131509107189857E+02
                          0.2138376408813356E+02
                          0.2145260290904351E+02
                          0.2152160780129395E+02
                          0.2159077903176470E+02
                          0.2166011686754984E+02
                          0.2172962157595771E+02
                          0.2179929342451092E+02
                          0.2186913268094635E+02
                          0.2193913961321516E+02
                          0.2200931448948275E+02
                          0.2207965757812884E+02
                          0.2215016914774735E+02
                          0.2222084946714653E+02
                          0.2229169880534885E+02
                          0.2236271743159110E+02
                          0.2243390561532427E+02
                          0.2250526362621368E+02
                          0.2257679173413889E+02
                          0.2264849020919375E+02
                          0.2272035932168636E+02
                          0.2279239934213907E+02
                          0.2286461054128850E+02
                          0.2293699319008562E+02
                          0.2300954755969557E+02
                          0.2308227392149777E+02
                          0.2315517254708597E+02
                          0.2322824370826816E+02
                          0.2330148767706654E+02
                          0.2337490472571766E+02
                          0.2344849512667232E+02
                          0.2352225915259555E+02
                          0.2359619707636666E+02
                          0.2367030917107928E+02
                          0.2374459571004125E+02
                          0.2381905696677467E+02
                          0.2389369321501600E+02
                          0.2396850472871582E+02
                          0.2404349178203914E+02
                          0.2411865464936513E+02
                          0.2419399360528725E+02
                          0.2426950892461324E+02
                          0.2434520088236513E+02
                          0.2442106975377919E+02
                          0.2449711581430592E+02
                          0.2457333933961018E+02
                          0.2464974060557102E+02
                          0.2472631988828179E+02
                          0.2480307746405013E+02
                          0.2488001360939792E+02
                          0.2495712860106130E+02
                          0.2503442271599068E+02
                          0.2511189623135077E+02
                          0.2518954942452053E+02
                          0.2526738257309318E+02
                          0.2534539595487620E+02
                          0.2542358984789137E+02
                          0.2550196453037474E+02
                          0.2558052028077655E+02
                          0.2565925737776144E+02
                          0.2573817610020821E+02
                          0.2581727672720995E+02
                          0.2589655953807405E+02
                          0.2597602481232217E+02
                          0.2605567282969021E+02
                          0.2613550387012833E+02
                          0.2621551821380100E+02
                          0.2629571614108690E+02
                          0.2637609793257905E+02
                          0.2645666386908468E+02
                          0.2653741423162533E+02
                          0.2661834930143678E+02
                          0.2669946935996908E+02
                          0.2678077468888657E+02
                          0.2686226557006782E+02
                          0.2694394228560573E+02
                          0.2702580511780737E+02
                          0.2710785434919419E+02
                          0.2719009026250183E+02
                          0.2727251314068026E+02
                          0.2735512326689365E+02
                          0.2743792092452049E+02
                          0.2752090639715350E+02
                          0.2760407996859970E+02
                          0.2768744192288039E+02
                          0.2777099254423110E+02
                          0.2785473211710162E+02
                          0.2793866092615607E+02
                          0.2802277925627276E+02
                          0.2810708739254435E+02
                          0.2819158562027770E+02
                          0.2827627422499398E+02
                          0.2836115349242860E+02
                          0.2844622370853126E+02
                          0.2853148515946593E+02
                          0.2861693813161083E+02
                          0.2870258291155844E+02
                          0.2878841978611559E+02
                          0.2887444904230324E+02
                          0.2896067096735672E+02
                          0.2904708584872560E+02
                          0.2913369397407374E+02
                          0.2922049563127922E+02
                          0.2930749110843443E+02
                          0.2939468069384599E+02
                          0.2948206467603486E+02
                          0.2956964334373618E+02
                          0.2965741698589942E+02
                          0.2974538589168829E+02
                          0.2983355035048077E+02
                          0.2992191065186913E+02
                          0.3001046708565989E+02
                          0.3009921994187383E+02
                          0.3018816951074602E+02
                          0.3027731608272578E+02
                          0.3036665994847670E+02
                          0.3045620139887669E+02
                          0.3054594072501780E+02
                          0.3063587821820653E+02
                          0.3072601416996348E+02
                          0.3081634887202359E+02
                          0.3090688261633611E+02
                          0.3099761569506446E+02
                          0.3108854840058644E+02
                          0.3117968102549404E+02
                          0.3127101386259353E+02
                          0.3136254720490545E+02
                          0.3145428134566463E+02
                          0.3154621657832017E+02
                          0.3163835319653536E+02
                          0.3173069149418793E+02
                          0.3182323176536969E+02
                          0.3191597430438682E+02
                          0.3200891940575972E+02
                          0.3210206736422315E+02
                          0.3219541847472602E+02
                          0.3228897303243156E+02
                          0.3238273133271731E+02
                          0.3247669367117498E+02
                          0.3257086034361066E+02
                          0.3266523164604466E+02
                          0.3275980787471153E+02
                          0.3285458932606009E+02
                          0.3294957629675347E+02
                          0.3304476908366905E+02
                          0.3314016798389850E+02
                          0.3323577329474771E+02
                          0.3333158531373689E+02
                          0.3342760433860043E+02
                          0.3352383066728711E+02
                          0.3362026459795990E+02
                          0.3371690642899607E+02
                          0.3381375645898714E+02
                          0.3391081498673886E+02
                          0.3400808231127135E+02
                          0.3410555873181894E+02
                          0.3420324454783019E+02
                          0.3430114005896800E+02
                          0.3439924556510948E+02
                          0.3449756136634605E+02
                          0.3459608776298339E+02
                          0.3469482505554141E+02
                          0.3479377354475437E+02
                          0.3489293353157070E+02
                          0.3499230531715318E+02
                          0.3509188920287880E+02
                          0.3519168549033884E+02
                          0.3529169448133889E+02
                          0.3539191647789872E+02
                          0.3549235178225246E+02
                          0.3559300069684843E+02
                          0.3569386352434928E+02
                          0.3579494056763188E+02
                          0.3589623212978741E+02
                          0.3599773851412129E+02
                          0.3609946002415325E+02
                          0.3620139696361719E+02
                          0.3630354963646140E+02
                          0.3640591834684835E+02
                          0.3650850339915486E+02
                          0.3661130509797191E+02
                          0.3671432374810486E+02
                          0.3681755965457322E+02
                          0.3692101312261094E+02
                          0.3702468445766603E+02
                          0.3712857396540092E+02
                          0.3723268195169224E+02
                          0.3733700872263092E+02
                          0.3744155458452217E+02
                          0.3754631984388540E+02
                          0.3765130480745437E+02
                          0.3775650978217704E+02
                          0.3786193507521569E+02
                          0.3796758099394685E+02
                          0.3807344784596132E+02
                          0.3817953593906413E+02
                          0.3828584558127469E+02
                          0.3839237708082654E+02
                          0.3849913074616754E+02
                          0.3860610688595985E+02
                          0.3871330580907991E+02
                          0.3882072782461831E+02
                          0.3892837324188009E+02
                          0.3903624237038438E+02
                          0.3914433551986473E+02
                          0.3925265300026888E+02
                          0.3936119512175875E+02
                          0.3946996219471080E+02
                          0.3957895452971542E+02
                          0.3968817243757753E+02
                          0.3979761622931618E+02
                          0.3990728621616472E+02
                          0.4001718270957078E+02
                          0.4012730602119628E+02
                          0.4023765646291741E+02
                          0.4034823434682453E+02
                          0.4045903998522240E+02
                          0.4057007369062996E+02
                          0.4068133577578043E+02
                          0.4079282655362135E+02
                          0.4090454633731449E+02
                          0.4101649544023589E+02
                          0.4112867417597585E+02
                          0.4124108285833894E+02
                          0.4135372180134404E+02
                          0.4146659131922427E+02
                          0.4157969172642693E+02
                          0.4169302333761378E+02
                          0.4180658646766068E+02
                          0.4192038143165786E+02
                          0.4203440854490977E+02
                          0.4214866812293509E+02
                          0.4226316048146683E+02
                          0.4237788593645229E+02
                          0.4249284480405298E+02
                          0.4260803740064468E+02
                          0.4272346404281748E+02
                          0.4283912504737572E+02
                          0.4295502073133800E+02
                          0.4307115141193719E+02
                          0.4318751740662042E+02
                          0.4330411903304916E+02
                          0.4342095660909899E+02
                          0.4353803045285991E+02
                          0.4365534088263614E+02
                          0.4377288821694614E+02
                          0.4389067277452270E+02
                          0.4400869487431279E+02
                          0.4412695483547773E+02
                          0.4424545297739307E+02
                          0.4436418961964865E+02
                          0.4448316508204853E+02
                          0.4460237968461110E+02
                          0.4472183374756894E+02
                          0.4484152759136903E+02
                          0.4496146153667247E+02
                          0.4508163590435478E+02
                          0.4520205101550552E+02
                          0.4532270719142880E+02
                          0.4544360475364277E+02
                          0.4556474402387999E+02
                          0.4568612532408724E+02
                          0.4580774897642554E+02
                          0.4592961530327018E+02
                          0.4605172462721080E+02
                          0.4617407727105122E+02
                          0.4629667355780954E+02
                          0.4641951381071820E+02
                          0.4654259835322377E+02
                          0.4666592750898724E+02
                          0.4678950160188381E+02
                          0.4691332095600294E+02
                          0.4703738589564832E+02
                          0.4716169674533796E+02
                          0.4728625382980410E+02
                          0.4741105747399337E+02
                          0.4753610800306644E+02
                          0.4766140574239850E+02
                          0.4778695101757882E+02
                          0.4791274415441102E+02
                          0.4803878547891297E+02
                          0.4816507531731682E+02
                          0.4829161399606902E+02
                          0.4841840184183019E+02
                          0.4854543918147531E+02
                          0.4867272634209359E+02
                          0.4880026365098851E+02
                          0.4892805143567786E+02
                          0.4905609002389362E+02
                          0.4918437974358211E+02
                          0.4931292092290386E+02
                          0.4944171389023376E+02
                          0.4957075897416085E+02
                          0.4970005650348843E+02
                          0.4982960680723428E+02
                          0.4995941021463020E+02
                          0.5008946705512240E+02
                          0.5021977765837130E+02
                          0.5035034235425159E+02
                          0.5048116147285232E+02
                          0.5061223534447665E+02
                          0.5074356429964209E+02
                          0.5087514866908050E+02
                          0.5100698878373786E+02
                          0.5113908497477448E+02
                          0.5127143757356500E+02
                          0.5140404691169824E+02
                          0.5153691332097735E+02
                          0.5167003713341963E+02
                          0.5180341868125684E+02
                          0.5193705829693491E+02
                          0.5207095631311390E+02
                          0.5220511306266844E+02
                          0.5233952887868716E+02
                          0.5247420409447312E+02
                          0.5260913904354350E+02
                          0.5274433405962991E+02
                          0.5287978947667816E+02
                          0.5301550562884829E+02
                          0.5315148285051470E+02
                          0.5328772147626586E+02
                          0.5342422184090479E+02
                          0.5356098427944860E+02
                          0.5369800912712871E+02
                          0.5383529671939075E+02
                          0.5397284739189468E+02
                          0.5411066148051481E+02
                          0.5424873932133956E+02
                          0.5438708125067163E+02
                          0.5452568760502819E+02
                          0.5466455872114044E+02
                          0.5480369493595396E+02
                          0.5494309658662858E+02
                          0.5508276401053836E+02
                          0.5522269754527171E+02
                          0.5536289752863126E+02
                          0.5550336429863391E+02
                          0.5564409819351084E+02
                          0.5578509955170751E+02
                          0.5592636871188357E+02
                          0.5606790601291304E+02
                          0.5620971179388416E+02
                          0.5635178639409949E+02
                          0.5649413015307567E+02
                          0.5663674341054390E+02
                          0.5677962650644939E+02
                          0.5692277978095186E+02
                          0.5706620357442507E+02
                          0.5720989822745711E+02
                          0.5735386408085046E+02
                          0.5749810147562172E+02
                          0.5764261075300187E+02
                          0.5778739225443607E+02
                          0.5793244632158378E+02
                          0.5807777329631880E+02
                          0.5822337352072902E+02
                          0.5836924733711680E+02
                          0.5851539508799866E+02
                          0.5866181711610541E+02
                          0.5880851376438208E+02
                          0.5895548537598811E+02
                          0.5910273229429703E+02
                          0.5925025486289670E+02
                          0.5939805342558937E+02
                          0.5954612832639143E+02
                          0.5969447990953351E+02
                          0.5984310851946054E+02
                          0.5999201450083186E+02
                          0.6014119819852088E+02
                          0.6029065995761542E+02
                          0.6044040012341738E+02
                          0.6059041904144323E+02
                          0.6074071705742340E+02
                          0.6089129451730282E+02
                          0.6104215176724045E+02
                          0.6119328915360984E+02
                          0.6134470702299848E+02
                          0.6149640572220838E+02
                          0.6164838559825566E+02
                          0.6180064699837080E+02
                          0.6195319026999843E+02
                          0.6210601576079763E+02
                          0.6225912381864160E+02
                          0.6241251479161789E+02
                          0.6256618902802824E+02
                          0.6272014687638870E+02
                          0.6287438868542963E+02
                          0.6302891480409561E+02
                          0.6318372558154550E+02
                          0.6333882136715236E+02
                          0.6349420251050371E+02
                          0.6364986936140108E+02
                          0.6380582226986051E+02
                          0.6396206158611218E+02
                          0.6411858766060053E+02
                          0.6427540084398433E+02
                          0.6443250148713649E+02
                          0.6458988994114442E+02
                          0.6474756655730957E+02
                          0.6490553168714774E+02
                          0.6506378568238911E+02
                          0.6522232889497798E+02
                          0.6538116167707290E+02
                          0.6554028438104683E+02
                          0.6569969735948685E+02
                          0.6585940096519447E+02
                          0.6601939555118533E+02
                          0.6617968147068935E+02
                          0.6634025907715083E+02
                          0.6650112872422827E+02
                          0.6666229076579435E+02
                          0.6682374555593613E+02
                          0.6698549344895497E+02
                          0.6714753479936640E+02
                          0.6730986996190028E+02
                          0.6747249929150057E+02
                          0.6763542314332582E+02
                          0.6779864187274862E+02
                          0.6796215583535579E+02
                          0.6812596538694865E+02
                          0.6829007088354260E+02
                          0.6845447268136726E+02
                          0.6861917113686677E+02
                          0.6878416660669926E+02
                          0.6894945944773731E+02
                          0.6911505001706762E+02
                          0.6928093867199134E+02
                          0.6944712577002382E+02
                          0.6961361166889459E+02
                          0.6978039672654742E+02
                          0.6994748130114064E+02
                          0.7011486575104652E+02
                          0.7028255043485180E+02
                          0.7045053571135725E+02
                          0.7061882193957830E+02
                          0.7078740947874427E+02
                          0.7095629868829894E+02
                          0.7112548992790035E+02
                          0.7129498355742075E+02
                          0.7146477993694670E+02
                          0.7163487942677892E+02
                          0.7180528238743263E+02
                          0.7197598917963708E+02
                          0.7214700016433592E+02
                          0.7231831570268707E+02
                          0.7248993615606268E+02
                          0.7266186188604910E+02
                          0.7283409325444710E+02
                          0.7300663062327163E+02
                          0.7317947435475190E+02
                          0.7335262481133142E+02
                          0.7352608235566797E+02
                          0.7369984735063345E+02
                          0.7387392015931432E+02
                          0.7404830114501115E+02
                          0.7422299067123863E+02
                          0.7439798910172601E+02
                          0.7457329680041668E+02
                          0.7474891413146813E+02
                          0.7492484145925243E+02
                          0.7510107914835569E+02
                          0.7527762756357838E+02
                          0.7545448706993513E+02
                          0.7563165803265508E+02
                          0.7580914081718139E+02
                          0.7598693578917158E+02
                          0.7616504331449742E+02
                          0.7634346375924507E+02
                          0.7652219748971474E+02
                          0.7670124487242104E+02
                          0.7688060627409295E+02
                          0.7706028206167353E+02
                          0.7724027260232009E+02
                          0.7742057826340445E+02
                          0.7760119941251250E+02
                          0.7778213641744442E+02
                          0.7796338964621469E+02
                          0.7814495946705198E+02
                          0.7832684624839943E+02
                          0.7850905035891428E+02
                          0.7869157216746805E+02
                          0.7887441204314651E+02
                          0.7905757035524987E+02
                          0.7924104747329243E+02
                          0.7942484376700271E+02
                          0.7960895960632375E+02
                          0.7979339536141265E+02
                          0.7997815140264083E+02
                          0.8016322810059390E+02
                          0.8034862582607198E+02
                          0.8053434495008922E+02
                          0.8072038584387410E+02
                          0.8090674887886946E+02
                          0.8109343442673227E+02
                          0.8128044285933387E+02
                          0.8146777454875978E+02
                          0.8165542986730992E+02
                          0.8184340918749835E+02
                          0.8203171288205347E+02
                          0.8222034132391786E+02
                          0.8240929488624857E+02
                          0.8259857394241668E+02
                          0.8278817886600763E+02
                          0.8297811003082117E+02
                          0.8316836781087133E+02
                          0.8335895258038633E+02
                          0.8354986471380862E+02
                          0.8374110458579513E+02
                          0.8393267257121690E+02
                          0.8412456904515919E+02
                          0.8431679438292163E+02
                          0.8450934896001803E+02
                          0.8470223315217663E+02
                          0.8489544733533978E+02
                          0.8508899188566410E+02
                          0.8528286717952065E+02
                          0.8547707359349458E+02
                          0.8567161150438527E+02
                          0.8586648128920666E+02
                          0.8606168332518664E+02
                          0.8625721798976750E+02
                          0.8645308566060579E+02
                          0.8664928671557232E+02
                          0.8684582153275227E+02
                          0.8704269049044490E+02
                          0.8723989396716377E+02
                          0.8743743234163692E+02
                          0.8763530599280647E+02
                          0.8783351529982883E+02
                          0.8803206064207465E+02
                          0.8823094239912899E+02
                          0.8843016095079103E+02
                          0.8862971667707421E+02
                          0.8882960995820646E+02
                          0.8902984117462971E+02
                          0.8923041070700032E+02
                          0.8943131893618880E+02
                          0.8963256624327992E+02
                          0.8983415300957303E+02
                          0.9003607961658133E+02
                          0.9023834644603249E+02
                          0.9044095387986847E+02
                          0.9064390230024544E+02
                          0.9084719208953395E+02
                          0.9105082363031850E+02
                          0.9125479730539828E+02
                          0.9145911349778646E+02
                          0.9166377259071064E+02
                          0.9186877496761244E+02
                          0.9207412101214811E+02
                          0.9227981110818790E+02
                          0.9248584563981646E+02
                          0.9269222499133264E+02
                          0.9289894954724959E+02
                          0.9310601969229468E+02
                          0.9331343581140952E+02
                          0.9352119828975022E+02
                          0.9372930751268687E+02
                          0.9393776386580393E+02
                          0.9414656773490030E+02
                          0.9435571950598886E+02
                          0.9456521956529696E+02
                          0.9477506829926611E+02
                          0.9498526609455207E+02
                          0.9519581333802509E+02
                          0.9540671041676944E+02
                          0.9561795771808367E+02
                          0.9582955562948085E+02
                          0.9604150453868805E+02
                          0.9625380483364660E+02
                          0.9646645690251241E+02
                          0.9667946113365528E+02
                          0.9689281791565958E+02
                          0.9710652763732362E+02
                          0.9732059068766038E+02
                          0.9753500745589686E+02
                          0.9774977833147426E+02
                          0.9796490370404827E+02
                          0.9818038396348858E+02
                          0.9839621949987952E+02
                          0.9861241070351927E+02
                          0.9882895796492070E+02
                          0.9904586167481057E+02
                          0.9926312222413017E+02
                          0.9948074000403477E+02
                          0.9969871540589432E+02
                          0.9991704882129272E+02
                          0.1001357406420281E+03
                          0.1003547912601133E+03
                          0.1005742010677749E+03
                          0.1007939704574540E+03
                          0.1010140998218058E+03
                          0.1012345895537002E+03
                          0.1014554400462209E+03
                          0.1016766516926661E+03
                          0.1018982248865481E+03
                          0.1021201600215936E+03
                          0.1023424574917437E+03
                          0.1025651176911535E+03
                          0.1027881410141923E+03
                          0.1030115278554442E+03
                          0.1032352786097071E+03
                          0.1034593936719931E+03
                          0.1036838734375290E+03
                          0.1039087183017555E+03
                          0.1041339286603277E+03
                          0.1043595049091150E+03
                          0.1045854474442011E+03
                          0.1048117566618837E+03
                          0.1050384329586751E+03
                          0.1052654767313016E+03
                          0.1054928883767042E+03
                          0.1057206682920375E+03
                          0.1059488168746711E+03
                          0.1061773345221882E+03
                          0.1064062216323867E+03
                          0.1066354786032788E+03
                          0.1068651058330904E+03
                          0.1070951037202625E+03
                          0.1073254726634498E+03
                          0.1075562130615214E+03
                          0.1077873253135606E+03
                          0.1080188098188653E+03
                          0.1082506669769472E+03
                          0.1084828971875325E+03
                          0.1087155008505619E+03
                          0.1089484783661899E+03
                          0.1091818301347855E+03
                          0.1094155565569320E+03
                          0.1096496580334269E+03
                          0.1098841349652822E+03
                          0.1101189877537237E+03
                          0.1103542168001919E+03
                          0.1105898225063413E+03
                          0.1108258052740409E+03
                          0.1110621655053738E+03
                          0.1112989036026373E+03
                          0.1115360199683433E+03
                          0.1117735150052176E+03
                          0.1120113891162004E+03
                          0.1122496427044462E+03
                          0.1124882761733238E+03
                          0.1127272899264163E+03
                          0.1129666843675208E+03
                          0.1132064599006489E+03
                          0.1134466169300266E+03
                          0.1136871558600937E+03
                          0.1139280770955049E+03
                          0.1141693810411286E+03
                          0.1144110681020478E+03
                          0.1146531386835596E+03
                          0.1148955931911754E+03
                          0.1151384320306211E+03
                          0.1153816556078364E+03
                          0.1156252643289759E+03
                          0.1158692586004078E+03
                          0.1161136388287150E+03
                          0.1163584054206946E+03
                          0.1166035587833578E+03
                          0.1168490993239301E+03
                          0.1170950274498515E+03
                          0.1173413435687763E+03
                          0.1175880480885726E+03
                          0.1178351414173231E+03
                          0.1180826239633249E+03
                          0.1183304961350890E+03
                          0.1185787583413408E+03
                          0.1188274109910203E+03
                          0.1190764544932813E+03
                          0.1193258892574923E+03
                          0.1195757156932355E+03
                          0.1198259342103080E+03
                          0.1200765452187207E+03
                          0.1203275491286988E+03
                          0.1205789463506823E+03
                          0.1208307372953249E+03
                          0.1210829223734946E+03
                          0.1213355019962739E+03
                          0.1215884765749596E+03
                          0.1218418465210626E+03
                          0.1220956122463081E+03
                          0.1223497741626354E+03
                          0.1226043326821985E+03
                          0.1228592882173655E+03
                          0.1231146411807184E+03
                          0.1233703919850539E+03
                          0.1236265410433830E+03
                          0.1238830887689304E+03
                          0.1241400355751359E+03
                          0.1243973818756529E+03
                          0.1246551280843492E+03
                          0.1249132746153073E+03
                          0.1251718218828234E+03
                          0.1254307703014083E+03
                          0.1256901202857868E+03
                          0.1259498722508984E+03
                          0.1262100266118965E+03
                          0.1264705837841488E+03
                          0.1267315441832374E+03
                          0.1269929082249588E+03
                          0.1272546763253234E+03
                          0.1275168489005560E+03
                          0.1277794263670958E+03
                          0.1280424091415964E+03
                          0.1283057976409250E+03
                          0.1285695922821640E+03
                          0.1288337934826093E+03
                          0.1290984016597714E+03
                          0.1293634172313751E+03
                          0.1296288406153595E+03
                          0.1298946722298776E+03
                          0.1301609124932972E+03
                          0.1304275618242000E+03
                          0.1306946206413820E+03
                          0.1309620893638537E+03
                          0.1312299684108397E+03
                          0.1314982582017788E+03
                          0.1317669591563242E+03
                          0.1320360716943431E+03
                          0.1323055962359175E+03
                          0.1325755332013432E+03
                          0.1328458830111304E+03
                          0.1331166460860037E+03
                          0.1333878228469018E+03
                          0.1336594137149777E+03
                          0.1339314191115987E+03
                          0.1342038394583464E+03
                          0.1344766751770167E+03
                          0.1347499266896195E+03
                          0.1350235944183793E+03
                          0.1352976787857347E+03
                          0.1355721802143388E+03
                          0.1358470991270583E+03
                          0.1361224359469752E+03
                          0.1363981910973849E+03
                          0.1366743650017974E+03
                          0.1369509580839370E+03
                          0.1372279707677422E+03
                          0.1375054034773657E+03
                          0.1377832566371748E+03
                          0.1380615306717506E+03
                          0.1383402260058886E+03
                          0.1386193430645989E+03
                          0.1388988822731056E+03
                          0.1391788440568470E+03
                          0.1394592288414758E+03
                          0.1397400370528589E+03
                          0.1400212691170775E+03
                          0.1403029254604271E+03
                          0.1405850065094174E+03
                          0.1408675126907725E+03
                          0.1411504444314306E+03
                          0.1414338021585441E+03
                          0.1417175862994801E+03
                          0.1420017972818194E+03
                          0.1422864355333576E+03
                          0.1425715014821042E+03
