 ISR
     34.0625
     34.0625
     37.6963
     41.3157
     44.5302
     47.3806
     49.9276
     52.2212
     54.2963
     56.1814
     57.9004
     59.4707
     60.9090
     62.2287
     63.4415
     64.5563
     65.5820
     66.5274
     67.3982
     68.2011
     68.9418
     69.6251
     70.2550
     70.8355
     71.3703
     71.8629
     72.3163
     72.7330
     73.1161
     73.4676
     73.7898
     74.0844
     74.3533
     74.5983
     74.8212
     75.0237
     75.2068
     75.3717
     75.5199
     75.6525
     75.7706
     75.8752
     75.9671
     76.0472
     76.1163
     76.1751
     76.2244
     76.2647
     76.2969
     76.3215
     76.3393
     76.3504
     76.3556
     76.3552
     76.3498
     76.3394
     76.3249
     76.3062
     76.2839
     76.2581
     76.2295
     76.1979
     76.1639
     76.1276
     76.0892
     76.0488
     76.0068
     75.9633
     75.9183
     75.8722
     75.8251
     75.7772
     75.7284
     75.6790
     75.6292
     75.5789
     75.5282
     75.4773
     75.4261
     75.3748
     75.3234
     75.2721
     75.2207
     75.1697
     75.1187
     75.0681
     75.0176
     74.9676
     74.9179
     74.8685
     74.8195
     74.7709
     74.7227
     74.6751
     74.6278
     74.5810
     74.5348
     74.4891
     74.4438
     74.3991
     74.3549
     74.3113
     74.2682
     74.2256
     74.1836
     74.1420
     74.1009
     74.0602
     74.0200
     73.9802
     73.9408
     73.9018
     73.8632
     73.8250
     73.7871
     73.7496
     73.7124
     73.6757
     73.6392
     73.6031
     73.5673
     73.5318
     73.4965
     73.4616
     73.4269
     73.3926
     73.3586
     73.3248
     73.2913
     73.2581
     73.2253
     73.1927
     73.1603
     73.1285
     73.0967
     73.0653
     73.0340
     73.0031
     72.9725
     72.9421
     72.9118
     72.8820
     72.8522
     72.8227
     72.7933
     72.7642
     72.7354
     72.7067
     72.6783
     72.6502
     72.6223
     72.5947
     72.5672
     72.5400
     72.5129
     72.4860
     72.4591
     72.4326
     72.4062
     72.3800
     72.3539
     72.3281
     72.3025
     72.2770
     72.2518
     72.2268
     72.2020
     72.1774
     72.1529
     72.1287
     72.1046
     72.0807
     72.0569
     72.0333
     72.0098
     71.9866
     71.9634
     71.9406
     71.9178
     71.8953
     71.8728
     71.8507
     71.8285
     71.8066
     71.7848
     71.7632
     71.7418
     71.7206
     71.6994
     71.6784
     71.6576
     71.6369
     71.6162
     71.5959
     71.5756
     71.5556
     71.5356
     71.5159
     71.4963
     71.4768
     71.4574
     71.4382
     71.4192
     71.4003
     71.3814
     71.3627
     71.3442
     71.3258
     71.3075
     71.2893
     71.2713
     71.2534
     71.2356
     71.2179
     71.2005
     71.1831
     71.1659
     71.1489
     71.1319
     71.1151
     71.0983
     71.0816
     71.0650
     71.0486
     71.0323
     71.0161
     71.0001
     70.9841
     70.9684
     70.9527
     70.9372
     70.9219
     70.9066
     70.8914
     70.8764
     70.8616
     70.8469
     70.8324
     70.8180
     70.8038
     70.7897
     70.7756
     70.7617
     70.7479
     70.7343
     70.7208
     70.7073
     70.6941
     70.6809
     70.6678
     70.6549
     70.6421
     70.6294
     70.6168
     70.6043
     70.5920
     70.5798
     70.5676
     70.5556
     70.5438
     70.5320
     70.5203
     70.5088
     70.4973
     70.4859
     70.4746
     70.4635
     70.4524
     70.4414
     70.4305
     70.4198
     70.4091
     70.3984
     70.3879
     70.3775
     70.3671
     70.3568
     70.3465
     70.3365
     70.3263
     70.3164
     70.3066
     70.2969
     70.2872
     70.2776
     70.2682
     70.2588
     70.2494
     70.2401
     70.2310
     70.2219
     70.2129
     70.2039
     70.1950
     70.1862
     70.1774
     70.1687
     70.1601
     70.1516
     70.1430
     70.1347
     70.1264
     70.1182
     70.1101
     70.1021
     70.0941
     70.0863
     70.0784
     70.0706
     70.0630
     70.0554
     70.0478
     70.0405
     70.0331
     70.0257
     70.0185
     70.0114
     70.0043
     69.9974
     69.9905
     69.9836
     69.9770
     69.9703
     69.9637
     69.9571
     69.9506
     69.9441
     69.9377
     69.9313
     69.9250
     69.9188
     69.9125
     69.9064
     69.9004
     69.8944
     69.8886
     69.8828
     69.8772
     69.8716
     69.8663
     69.8611
     69.8560
     69.8511
     69.8463
     69.8415
     69.8369
     69.8324
     69.8280
     69.8237
     69.8196
     69.8154
     69.8115
     69.8075
     69.8037
     69.8000
     69.7964
     69.7930
     69.7897
     69.7866
     69.7835
     69.7806
     69.7778
     69.7750
     69.7724
     69.7700
     69.7679
     69.7659
     69.7641
     69.7624
     69.7610
     69.7596
     69.7584
     69.7572
     69.7562
     69.7553
     69.7545
     69.7537
     69.7530
     69.7524
     69.7518
     69.7513
     69.7508
     69.7504
     69.7500
     69.7496
     69.7493
     69.7490
     69.7487
     69.7484
     69.7482
     69.7480
     69.7479
     69.7477
     69.7475
     69.7474
     69.7473
     69.7471
     69.7471
     69.7470
     69.7469
     69.7468
     69.7467
     69.7467
     69.7466
     69.7466
     69.7465
     69.7465
     69.7464
     69.7464
     69.7464
     69.7463
     69.7463
     69.7463
     69.7463
     69.7462
     69.7462
     69.7462
     69.7462
     69.7462
     69.7462
     69.7462
     69.7462
     69.7461
     69.7461
     69.7461
     69.7461
     69.7461
     69.7461
     69.7460
     69.7460
     69.7460
     69.7460
     69.7460
     69.7460
     69.7460
     69.7460
     69.7460
     69.7460
     69.7460
     69.7460
     69.7460
     69.7460
     69.7460
     69.7460
     69.7459
     69.7460
     69.7459
     69.7460
     69.7459
     69.7460
     69.7459
     69.7460
     69.7459
     69.7460
     69.7459
     69.7460
     69.7459
     69.7459
     69.7459
     69.7459
     69.7459
     69.7459
     69.7459
     69.7459
     69.7459
     69.7459
     69.7459
     69.7459
     69.7459
     69.7459
     69.7459
     69.7459
     69.7459
     69.7459
     69.7459
     69.7459
     69.7459
     69.7459
     69.7459
     69.7459
     69.7459
     69.7459
     69.7459
     69.7459
     69.7459
     69.7459
     69.7459
     69.7459
     69.7459
     69.7459
     69.7459
     69.7459
     69.7459
     69.7459
     69.7459
     69.7459
     69.7459
     69.7459
     69.7459
     69.7459
