 Flux gradient longwave
        3.6433
        3.1392
        3.2065
        3.2709
        3.2444
        3.1245
        2.9344
        2.7011
        2.4474
        2.1925
        1.9498
        1.7261
        1.5222
        1.3359
        1.1645
        1.0063
        0.8612
        0.7297
        0.6123
        0.5088
        0.4185
        0.3403
        0.2728
        0.2144
        0.1622
        0.1002
        0.0947
        0.0828
        0.1083
        0.1243
        0.1352
        0.1435
        0.1494
        0.1542
        0.1603
        0.1692
        0.1795
        0.1860
        0.1844
        0.1758
        0.1697
        0.1789
        0.2044
        0.2233
        0.2181
        0.1958
        0.1549
        0.0670
        0.0148
        0.0282
