 Rayleigh Transmission
                          0.9999999999999998E+00
                          0.9999999999999701E+00
                          0.9999999999999675E+00
                          0.9999999999996876E+00
                          0.9999999999990709E+00
                          0.9999999999995342E+00
                          0.9999999999973020E+00
                          0.9999999999989426E+00
                          0.9999999999998124E+00
                          0.9999999999982262E+00
                          0.9999999999999474E+00
                          0.9999999999625220E+00
                          0.9999999998766956E+00
                          0.9999999999999464E+00
                          0.9999999999999319E+00
                          0.9999999999998790E+00
                          0.9999999999998865E+00
                          0.9999999999998396E+00
                          0.9999999999998170E+00
                          0.9999999999976414E+00
                          0.9999999999992111E+00
                          0.9999999999971315E+00
                          0.9999999999722506E+00
                          0.9999999991912218E+00
                          0.9999999528828847E+00
                          0.9999998725087627E+00
                          0.9999904626253461E+00
                          0.9999422608214339E+00
                          0.9999996099663737E+00
                          0.9999999427008839E+00
                          0.9999998906902551E+00
                          0.9999999999956856E+00
                          0.9999999999728161E+00
                          0.9999999999977180E+00
                          0.9999999999714057E+00
                          0.9999999999973914E+00
                          0.9999999999970668E+00
                          0.9999999999966334E+00
                          0.9999999999845559E+00
                          0.9999999999930769E+00
                          0.9999999999955667E+00
                          0.9999999999949997E+00
                          0.9999999999887543E+00
                          0.9999999999843793E+00
                          0.9999999999935387E+00
                          0.9999999999929500E+00
                          0.9999999999923022E+00
                          0.9999999999916119E+00
                          0.9999999999908573E+00
                          0.9999999999835367E+00
                          0.9999999996259513E+00
                          0.9999999997506673E+00
                          0.9999989637378319E+00
                          0.9999999999669914E+00
                          0.9999999997762031E+00
                          0.9999999975116272E+00
                          0.9999999999683146E+00
                          0.9999999999818512E+00
                          0.9999999999805574E+00
                          0.9999999999791769E+00
                          0.9999999999777286E+00
                          0.9999999999762096E+00
                          0.9999999999745971E+00
                          0.9999999999726007E+00
                          0.9999999999711829E+00
                          0.9999999999693229E+00
                          0.9999999999671495E+00
                          0.9999999999653078E+00
                          0.9999999999632416E+00
                          0.9999999999610686E+00
                          0.9999999999587657E+00
                          0.9999999999563646E+00
                          0.9999999999536412E+00
                          0.9999999985142295E+00
                          0.9999999999360993E+00
                          0.9999997508821836E+00
                          0.9992796158959264E+00
                          0.9999999987965106E+00
                          0.9999999998005253E+00
                          0.9999999999199686E+00
                          0.9999999999064422E+00
                          0.9999999405871428E+00
                          0.9999999413716462E+00
                          0.9999824193744938E+00
                          0.9999685820734683E+00
                          0.9999999998649822E+00
                          0.9999999999053378E+00
                          0.9999999999015848E+00
                          0.9999999998960618E+00
                          0.9999999992302053E+00
                          0.9999997087342765E+00
                          0.9959344484042639E+00
                          0.9314484826933067E+00
                          0.9996343342574077E+00
                          0.9992432837404556E+00
                          0.9999885122597159E+00
                          0.9999999987920900E+00
                          0.9999999998475558E+00
                          0.9999999998407194E+00
                          0.9999999994789776E+00
                          0.9999999981117331E+00
                          0.9999999997913791E+00
                          0.9999999998003934E+00
                          0.9999988185809146E+00
                          0.9999999990925492E+00
                          0.9999999986806970E+00
                          0.9999999997640137E+00
                          0.9999999997749814E+00
                          0.9999999997662083E+00
                          0.9999999997549920E+00
                          0.9999999997194058E+00
                          0.9999999997307130E+00
                          0.9999999997296541E+00
                          0.9999999997202356E+00
                          0.9999999997102493E+00
                          0.9999999996999493E+00
                          0.9999999996893694E+00
                          0.9999999996785354E+00
                          0.9999999996671999E+00
                          0.9999999994067962E+00
                          0.9999999474419842E+00
                          0.9999999996255441E+00
                          0.9999999996199751E+00
                          0.9999999995686792E+00
                          0.9999999995943053E+00
                          0.9999999714428495E+00
                          0.9999999995618342E+00
                          0.9999999995525218E+00
                          0.9999999995185743E+00
                          0.9999999995249104E+00
                          0.9999999995099342E+00
                          0.9999999994925489E+00
                          0.9999999994627111E+00
                          0.9999996978914777E+00
                          0.9999999632183919E+00
                          0.9999999994234323E+00
                          0.9999999994123127E+00
                          0.9999999917796237E+00
                          0.9999999993417181E+00
                          0.9999999989984981E+00
                          0.9999999869359315E+00
                          0.9999999347607433E+00
                          0.9998862983005918E+00
                          0.9999997487230429E+00
                          0.9999930830982611E+00
                          0.9999875722773259E+00
                          0.9999999180902729E+00
                          0.9991936588452683E+00
                          0.9999929432777573E+00
                          0.9999610892942469E+00
                          0.9999999890147360E+00
                          0.9999999990827222E+00
                          0.9999999990280996E+00
                          0.9999999990409927E+00
                          0.9999996934721964E+00
                          0.9999999990033115E+00
                          0.9999999989825658E+00
                          0.9999999989578474E+00
                          0.9999999989310941E+00
                          0.9999999988763214E+00
                          0.9999998503149212E+00
                          0.9999999986264277E+00
                          0.9999999988188965E+00
                          0.9999999987894765E+00
                          0.9999999987595042E+00
                          0.9999999987289740E+00
                          0.9999959468961745E+00
                          0.9999999986658350E+00
                          0.9999999986334137E+00
                          0.9999999986012030E+00
                          0.9999999985678124E+00
                          0.9999999985338237E+00
                          0.9999999984992327E+00
                          0.9999999984639808E+00
                          0.9999999984281255E+00
                          0.9999999982534894E+00
                          0.9999999983546205E+00
                          0.9999582003189560E+00
                          0.9999999982767788E+00
                          0.9999999974592754E+00
                          0.9999999981389395E+00
                          0.9999999981570091E+00
                          0.9999999981149853E+00
                          0.9999999101209632E+00
                          0.9999999980188974E+00
                          0.9999999970542739E+00
                          0.9990025464112160E+00
                          0.9999999974382989E+00
                          0.9999999978530767E+00
                          0.9999999974129082E+00
                          0.9999999967935777E+00
                          0.9999999950937726E+00
                          0.9999999967799037E+00
                          0.9999999113649030E+00
                          0.9999999926064744E+00
                          0.9999998298829400E+00
                          0.9999999576418349E+00
                          0.9996896799310736E+00
                          0.9999997980109884E+00
                          0.9999998554375716E+00
                          0.9999994282050346E+00
                          0.9999999970289775E+00
                          0.9999999968280533E+00
                          0.9999999876593090E+00
                          0.9999920143071886E+00
                          0.9999999908927116E+00
                          0.9999999969085979E+00
                          0.9999999968506721E+00
                          0.9999999967839686E+00
                          0.9999999967048274E+00
                          0.9999999966371950E+00
                          0.9999999965912618E+00
                          0.9999999961216810E+00
                          0.9999999958214398E+00
                          0.9999999964008320E+00
                          0.9999999963364522E+00
                          0.9999999962512158E+00
                          0.9999999961982949E+00
                          0.9999999961279566E+00
                          0.9999999960564331E+00
                          0.9999999959839218E+00
                          0.9999999959103943E+00
                          0.9999999958359072E+00
                          0.9999999957603772E+00
                          0.9999999956838346E+00
                          0.9999999956062595E+00
                          0.9999999955264141E+00
                          0.9999999954128456E+00
                          0.9999999953672087E+00
                          0.9999999952853952E+00
                          0.9999999952025621E+00
                          0.9999999951148927E+00
                          0.9999999950331929E+00
                          0.9999999949223789E+00
                          0.9999999948579836E+00
                          0.9999999824150463E+00
                          0.9999999946813651E+00
                          0.9999999945884414E+00
                          0.9999999419669144E+00
                          0.9999999917470918E+00
                          0.9999999943078911E+00
                          0.9999997450180070E+00
                          0.9999999940885901E+00
                          0.9999999936696435E+00
                          0.9999999938924503E+00
                          0.9999999937947142E+00
                          0.9999999933616126E+00
                          0.9999998844214887E+00
                          0.9999999931019955E+00
                          0.9999999921228950E+00
                          0.9999999927689194E+00
                          0.9999999931232976E+00
                          0.9999999930378918E+00
                          0.9999991039361331E+00
                          0.9999999902228448E+00
                          0.9999999927330548E+00
                          0.9999999926354054E+00
                          0.9999999925216418E+00
                          0.9999999922964773E+00
                          0.9999999922117538E+00
                          0.9999999920115347E+00
                          0.9999999919671688E+00
                          0.9999999919051490E+00
                          0.9999999917974771E+00
                          0.9999999916674260E+00
                          0.9999999915462887E+00
                          0.9999999905659309E+00
                          0.9999999901830811E+00
                          0.9999999820768707E+00
                          0.9999999910199842E+00
                          0.9999999903790998E+00
                          0.9999999907338432E+00
                          0.9999999906165215E+00
                          0.9999999904785920E+00
                          0.9999999777967900E+00
                          0.9999999892636274E+00
                          0.9999999899526175E+00
                          0.9999999885374604E+00
                          0.9999999849684528E+00
                          0.9999999793449376E+00
                          0.9999999894418820E+00
                          0.9999999893126532E+00
                          0.9999999891597119E+00
                          0.9999999890051903E+00
                          0.9999999888489972E+00
                          0.9999999886697205E+00
                          0.9999999885315669E+00
                          0.9999999123724113E+00
                          0.9999999882073813E+00
                          0.9999999880427940E+00
                          0.9999999878764259E+00
                          0.9999999877028570E+00
                          0.9999999418649437E+00
                          0.9999999873577553E+00
                          0.9999999871919181E+00
                          0.9999999870185063E+00
                          0.9999999865578910E+00
                          0.9999999866623103E+00
                          0.9999999864602750E+00
                          0.9999999862722095E+00
                          0.9999999861158569E+00
                          0.9999999859298727E+00
                          0.9999999857417513E+00
                          0.9999999855052323E+00
                          0.9999999852664083E+00
                          0.9999999851598756E+00
                          0.9999999848451130E+00
                          0.9999999847743185E+00
                          0.9999999845737414E+00
                          0.9999999829659937E+00
                          0.9999999841451438E+00
                          0.9999999839652126E+00
                          0.9999999837580985E+00
                          0.9999999835488933E+00
                          0.9999999833374891E+00
                          0.9999999831240244E+00
                          0.9999999829061043E+00
                          0.9999999826604011E+00
                          0.9999999824557750E+00
                          0.9999999822493075E+00
                          0.9999999820065947E+00
                          0.9999999818014260E+00
                          0.9999999815522331E+00
                          0.9999999753493488E+00
                          0.9999999805037363E+00
                          0.9999999739659076E+00
                          0.9999999806385552E+00
                          0.9999999781192374E+00
                          0.9991535117295508E+00
                          0.9999999798932331E+00
                          0.9999999796688316E+00
                          0.9999999792986094E+00
                          0.9999999780500365E+00
                          0.9999999789240384E+00
                          0.9999999786700526E+00
                          0.9999999784134952E+00
                          0.9999999781546282E+00
                          0.9999999778934329E+00
                          0.9999999776298971E+00
                          0.9999999773632661E+00
                          0.9999999770957727E+00
                          0.9999999768251276E+00
                          0.9999999765521337E+00
                          0.9999999762758653E+00
                          0.9999999759988921E+00
                          0.9999999757186220E+00
                          0.9999999754353447E+00
                          0.9999999620903737E+00
                          0.9999999748397214E+00
                          0.9999999745728965E+00
                          0.9999999742802753E+00
                          0.9999999739850842E+00
                          0.9999999736872778E+00
                          0.9999999672682126E+00
                          0.9999999730833889E+00
                          0.9999999727789604E+00
                          0.9999999724709834E+00
                          0.9999999721441449E+00
                          0.9999997945772579E+00
                          0.9999999715308893E+00
                          0.9999999712128586E+00
                          0.9999999708916997E+00
                          0.9999999686628318E+00
                          0.9999999702413298E+00
                          0.9999999699120838E+00
                          0.9999999695800585E+00
                          0.9999999692453565E+00
                          0.9999999689079662E+00
                          0.9999999685677375E+00
                          0.9999999682247264E+00
                          0.9999999668451154E+00
                          0.9999999675301852E+00
                          0.9999999671785195E+00
                          0.9999999668244270E+00
                          0.9999999664672286E+00
                          0.9999999648667564E+00
                          0.9999999656223423E+00
                          0.9999999653784550E+00
                          0.9999999650096147E+00
                          0.9999999646375985E+00
                          0.9999999642567553E+00
                          0.9999999637904691E+00
                          0.9999999635051721E+00
                          0.9999999631215800E+00
                          0.9999999627331776E+00
                          0.9999999623444509E+00
                          0.9999999619525751E+00
                          0.9999999615568524E+00
                          0.9999999611580064E+00
                          0.9999999607560645E+00
                          0.9999999603510109E+00
                          0.9999999599428268E+00
                          0.9999999595315052E+00
                          0.9999999591170170E+00
                          0.9999999586993252E+00
                          0.9999999582785082E+00
                          0.9999999578544483E+00
                          0.9999999574271644E+00
                          0.9999999569966390E+00
                          0.9999999565628556E+00
                          0.9999999561258006E+00
                          0.9999999556854524E+00
                          0.9999999552417949E+00
                          0.9999999547948261E+00
                          0.9999999543445131E+00
                          0.9999999538908425E+00
                          0.9999999534337990E+00
                          0.9999999529733457E+00
                          0.9999999525095047E+00
                          0.9999999520422665E+00
                          0.9999999515625615E+00
                          0.9999999510764989E+00
                          0.9999999506197772E+00
                          0.9999999501386388E+00
                          0.9999999496540247E+00
                          0.9999999491658735E+00
                          0.9999999486741729E+00
                          0.9999999481789161E+00
                          0.9999999476801018E+00
                          0.9999999471776806E+00
                          0.9999999466668462E+00
                          0.9999999461619932E+00
                          0.9999999456481232E+00
                          0.9999999440695894E+00
                          0.9999999446047588E+00
                          0.9999999440865104E+00
                          0.9999999435586951E+00
                          0.9999999430268767E+00
                          0.9999999424906582E+00
                          0.9999999419422047E+00
                          0.9999999413773261E+00
                          0.9999999408553741E+00
                          0.9999999403106382E+00
                          0.9999999339570550E+00
                          0.9999999365965834E+00
                          0.9999999386361932E+00
                          0.9999999380700280E+00
                          0.9999999374999619E+00
                          0.9999999369259623E+00
                          0.9999999363470896E+00
                          0.9999999357661187E+00
                          0.9999999351802351E+00
                          0.9999999345903517E+00
                          0.9999999339964512E+00
                          0.9999999333985151E+00
                          0.9999999326716169E+00
                          0.9999999321904441E+00
                          0.9999999315803086E+00
                          0.9999999309660557E+00
                          0.9999999303476699E+00
                          0.9999999297251387E+00
                          0.9999999290984438E+00
                          0.9999999284675667E+00
                          0.9999999278324889E+00
                          0.9999999271931916E+00
                          0.9999999265395946E+00
                          0.9999999259018562E+00
                          0.9999999252497775E+00
                          0.9999999245930434E+00
                          0.9999999239323552E+00
                          0.9999999232660983E+00
                          0.9999999225983962E+00
                          0.9999999219246689E+00
                          0.9999999212465529E+00
                          0.9999999205640295E+00
                          0.9999999198770791E+00
                          0.9999999191856829E+00
                          0.9999999184898216E+00
                          0.9999999177865351E+00
                          0.9999999170846260E+00
                          0.9999999163752555E+00
                          0.9999999156613419E+00
                          0.9999999149428670E+00
                          0.9999999142198114E+00
                          0.9999999134921556E+00
                          0.9999999127597510E+00
                          0.9999999120229238E+00
                          0.9999999112813921E+00
                          0.9999999105351406E+00
                          0.9999999097841911E+00
                          0.9999999090285235E+00
                          0.9999999082678337E+00
                          0.9999999075029378E+00
                          0.9999999067330010E+00
                          0.9999999059582845E+00
                          0.9999999051787331E+00
                          0.9999999043943445E+00
                          0.9999999036050981E+00
                          0.9999999028109786E+00
                          0.9999999020119615E+00
                          0.9999999012080273E+00
                          0.9999999003991560E+00
                          0.9999998995853272E+00
                          0.9999998987664890E+00
                          0.9999998979427204E+00
                          0.9999998971139011E+00
                          0.9999998962800430E+00
                          0.9999998954411258E+00
                          0.9999998945971125E+00
                          0.9999998937480371E+00
                          0.9999998928938227E+00
                          0.9999998920342758E+00
                          0.9999998911698589E+00
                          0.9999998903002558E+00
                          0.9999998894253560E+00
                          0.9999998885452286E+00
                          0.9999998876597994E+00
                          0.9999998867640741E+00
                          0.9999998858733221E+00
                          0.9999998849720997E+00
                          0.9999998840654690E+00
                          0.9999998831464848E+00
                          0.9999998822363957E+00
                          0.9999998813137415E+00
                          0.9999998803856758E+00
                          0.9999998794521778E+00
                          0.9999998785132256E+00
                          0.9999998775688002E+00
                          0.9999998766188796E+00
                          0.9999998756634412E+00
                          0.9999998747024643E+00
                          0.9999998737359279E+00
                          0.9999998727638104E+00
                          0.9999998717860903E+00
                          0.9999998708027462E+00
                          0.9999998698137565E+00
                          0.9999998688190999E+00
                          0.9999998678187524E+00
                          0.9999998668126986E+00
                          0.9999998658008021E+00
                          0.9999998647833689E+00
                          0.9999998637600518E+00
                          0.9999998627309362E+00
                          0.9999998616959902E+00
                          0.9999998606552283E+00
                          0.9999998596085903E+00
                          0.9999998585560672E+00
                          0.9999998574976371E+00
                          0.9999998564332778E+00
                          0.9999998553629673E+00
                          0.9999998542866827E+00
                          0.9999998532044039E+00
                          0.9999998521161012E+00
                          0.9999998510217661E+00
                          0.9999998499213694E+00
                          0.9999998484206404E+00
                          0.9999998477022947E+00
                          0.9999998465835737E+00
                          0.9999998454586994E+00
                          0.9999998443276521E+00
                          0.9999998431904094E+00
                          0.9999998420469315E+00
                          0.9999998408972335E+00
                          0.9999998397411911E+00
                          0.9999998385790089E+00
                          0.9999998374104315E+00
                          0.9999998362355338E+00
                          0.9999998350539824E+00
                          0.9999998338666087E+00
                          0.9999998326726010E+00
                          0.9999998314721369E+00
                          0.9999998302652183E+00
                          0.9999998290518319E+00
                          0.9999998278309811E+00
                          0.9999998266053944E+00
                          0.9999998253726357E+00
                          0.9999998241331376E+00
                          0.9999998228870525E+00
                          0.9999998216343586E+00
                          0.9999998203750304E+00
                          0.9999998191090457E+00
                          0.9999998178363806E+00
                          0.9999998165570119E+00
                          0.9999998152709161E+00
                          0.9999998139780695E+00
                          0.9999998126784416E+00
                          0.9999998113720222E+00
                          0.9999998100587182E+00
                          0.9999998087387048E+00
                          0.9999998074117504E+00
                          0.9999998060779033E+00
                          0.9999998047371396E+00
                          0.9999998033894354E+00
                          0.9999998020347668E+00
                          0.9999998006731099E+00
                          0.9999997993044402E+00
                          0.9999997979287349E+00
                          0.9999997965459690E+00
                          0.9999997951561185E+00
                          0.9999997937591590E+00
                          0.9999997923550670E+00
                          0.9999997909438176E+00
                          0.9999997895253868E+00
                          0.9999997880997503E+00
                          0.9999997866668837E+00
                          0.9999997852267626E+00
                          0.9999997837793625E+00
                          0.9999997823246589E+00
                          0.9999997808626274E+00
                          0.9999997793932257E+00
                          0.9999997779133790E+00
                          0.9999997764323192E+00
                          0.9999997749407297E+00
                          0.9999997734416873E+00
                          0.9999997719351680E+00
                          0.9999997704205386E+00
                          0.9999997688996117E+00
                          0.9999997673705177E+00
                          0.9999997658338444E+00
                          0.9999997642895726E+00
                          0.9999997627376644E+00
                          0.9999997611781380E+00
                          0.9999997596093883E+00
                          0.9999997580359897E+00
                          0.9999997564533449E+00
                          0.9999997548629427E+00
                          0.9999997532647708E+00
                          0.9999997516587930E+00
                          0.9999997500449881E+00
                          0.9999997484233306E+00
                          0.9999997467937952E+00
                          0.9999997451563564E+00
                          0.9999997435105308E+00
                          0.9999997418576663E+00
                          0.9999997401963638E+00
                          0.9999997385270557E+00
                          0.9999997368497161E+00
                          0.9999997351643194E+00
                          0.9999997334708398E+00
                          0.9999997317692515E+00
                          0.9999997300595285E+00
                          0.9999997283416453E+00
                          0.9999997266155126E+00
                          0.9999997248812850E+00
                          0.9999997231387734E+00
                          0.9999997213879884E+00
                          0.9999997196289048E+00
                          0.9999997178615215E+00
                          0.9999997160857873E+00
                          0.9999997143016839E+00
                          0.9999997125091852E+00
                          0.9999997107082649E+00
                          0.9999997088988968E+00
                          0.9999997070810545E+00
                          0.9999997052547039E+00
                          0.9999997034198413E+00
                          0.9999997015764175E+00
                          0.9999996997244136E+00
                          0.9999996978638029E+00
                          0.9999996959945590E+00
                          0.9999996941166547E+00
                          0.9999996922300640E+00
                          0.9999996903347566E+00
                          0.9999996884307152E+00
                          0.9999996865179035E+00
                          0.9999996845962975E+00
                          0.9999996826658656E+00
                          0.9999996807265970E+00
                          0.9999996787784476E+00
                          0.9999996768213959E+00
                          0.9999996748554133E+00
                          0.9999996728804782E+00
                          0.9999996708965612E+00
                          0.9999996689036313E+00
                          0.9999996669016640E+00
                          0.9999996648906316E+00
                          0.9999996628705070E+00
                          0.9999996608412627E+00
                          0.9999996588028714E+00
                          0.9999996546382820E+00
                          0.9999996546985378E+00
                          0.9999996526325406E+00
                          0.9999996505572863E+00
                          0.9999996484727474E+00
                          0.9999996463788959E+00
                          0.9999996442757046E+00
                          0.9999996421631455E+00
                          0.9999996400411910E+00
                          0.9999996379098129E+00
                          0.9999996357689837E+00
                          0.9999996336186128E+00
                          0.9999996314588601E+00
                          0.9999996229978269E+00
                          0.9999996271105964E+00
                          0.9999996249220917E+00
                          0.9999996227239676E+00
                          0.9999996205161960E+00
                          0.9999996182987504E+00
                          0.9999996160715999E+00
                          0.9999996138347175E+00
                          0.9999996115880746E+00
                          0.9999996093316419E+00
                          0.9999996070653945E+00
                          0.9999996047892994E+00
                          0.9999996025033285E+00
                          0.9999996002074611E+00
                          0.9999995979016553E+00
                          0.9999995955858983E+00
                          0.9999995932601488E+00
                          0.9999995909243788E+00
                          0.9999995885785669E+00
                          0.9999995862226827E+00
                          0.9999995838566926E+00
                          0.9999995814805703E+00
                          0.9999995790942779E+00
                          0.9999995766978138E+00
                          0.9999995742911217E+00
                          0.9999995718741816E+00
                          0.9999995666862965E+00
                          0.9999995670094417E+00
                          0.9999995645615836E+00
                          0.9999995621033589E+00
                          0.9999995596347449E+00
                          0.9999995571557059E+00
                          0.9999995546662148E+00
                          0.9999995521662424E+00
                          0.9999995496557590E+00
                          0.9999995471347354E+00
                          0.9999995446031420E+00
                          0.9999995420609495E+00
                          0.9999995395081283E+00
                          0.9999995369446486E+00
                          0.9999995343704809E+00
                          0.9999995317855958E+00
                          0.9999995291899627E+00
                          0.9999995265835534E+00
                          0.9999995239663119E+00
                          0.9999995213382830E+00
                          0.9999995186993637E+00
                          0.9999995160495473E+00
                          0.9999995133888042E+00
                          0.9999995107171051E+00
                          0.9999995080343743E+00
                          0.9999995053407171E+00
                          0.9999995026359680E+00
                          0.9999994999201423E+00
                          0.9999994971456143E+00
                          0.9999994944549720E+00
                          0.9999994917059013E+00
                          0.9999994889454660E+00
                          0.9999994861738020E+00
                          0.9999994833908795E+00
                          0.9999994805966679E+00
                          0.9999994777911366E+00
                          0.9999994749742552E+00
                          0.9999994721459932E+00
                          0.9999994693063197E+00
                          0.9999994664552043E+00
                          0.9999994635926164E+00
                          0.9999994607185247E+00
                          0.9999994578328993E+00
                          0.9999994549357044E+00
                          0.9999994520269223E+00
                          0.9999994491065091E+00
                          0.9999994461744379E+00
                          0.9999994432306787E+00
                          0.9999994402751994E+00
                          0.9999994373079695E+00
                          0.9999994343289575E+00
                          0.9999994313381326E+00
                          0.9999994283354636E+00
                          0.9999994253209191E+00
                          0.9999994222944678E+00
                          0.9999994192560787E+00
                          0.9999994162057201E+00
                          0.9999994131433607E+00
                          0.9999994100689692E+00
                          0.9999994069825140E+00
                          0.9999994038839637E+00
                          0.9999994007732865E+00
                          0.9999993976504511E+00
                          0.9999993945154256E+00
                          0.9999993913681786E+00
                          0.9999993882086780E+00
                          0.9999993850368922E+00
                          0.9999993818527899E+00
                          0.9999993786563386E+00
                          0.9999993754475066E+00
                          0.9999993722262619E+00
                          0.9999993689925727E+00
                          0.9999993657464069E+00
                          0.9999993624877325E+00
                          0.9999993592165164E+00
                          0.9999993559327292E+00
                          0.9999993526363361E+00
                          0.9999993493272957E+00
                          0.9999993460056057E+00
                          0.9999993426712043E+00
                          0.9999993393240685E+00
                          0.9999993359641661E+00
                          0.9999993325914628E+00
                          0.9999993292059322E+00
                          0.9999993258075355E+00
                          0.9999993223962248E+00
                          0.9999993189720203E+00
                          0.9999993155348365E+00
                          0.9999993120846583E+00
                          0.9999993086214531E+00
                          0.9999993051451859E+00
                          0.9999993016558304E+00
                          0.9999992981533473E+00
                          0.9999992946377061E+00
                          0.9999992911088739E+00
                          0.9999992875668171E+00
                          0.9999992840115033E+00
                          0.9999992804428993E+00
                          0.9999992768609720E+00
                          0.9999992732656883E+00
                          0.9999992696570150E+00
                          0.9999992660349190E+00
                          0.9999992623993669E+00
                          0.9999992587503256E+00
                          0.9999992550877617E+00
                          0.9999992514116417E+00
                          0.9999992477219319E+00
                          0.9999992440186002E+00
                          0.9999992403016117E+00
                          0.9999992365709334E+00
                          0.9999992328265302E+00
                          0.9999992290683727E+00
                          0.9999992252964228E+00
                          0.9999992215106492E+00
                          0.9999992177110171E+00
                          0.9999992138974931E+00
                          0.9999992100700432E+00
                          0.9999992062286340E+00
                          0.9999992023732313E+00
                          0.9999991985038010E+00
                          0.9999991946203093E+00
                          0.9999991907227223E+00
                          0.9999991868110056E+00
                          0.9999991828851253E+00
                          0.9999991789450473E+00
                          0.9999991749907374E+00
                          0.9999991710221612E+00
                          0.9999991670392846E+00
                          0.9999991630420733E+00
                          0.9999991590304927E+00
                          0.9999991550045088E+00
                          0.9999991509640868E+00
                          0.9999991469091924E+00
                          0.9999991428397911E+00
                          0.9999991387558482E+00
                          0.9999991346573290E+00
                          0.9999991305441996E+00
                          0.9999991264164245E+00
                          0.9999991222739693E+00
                          0.9999991181167990E+00
                          0.9999991139448791E+00
                          0.9999991097581745E+00
                          0.9999991055566506E+00
                          0.9999991013402720E+00
                          0.9999990971090046E+00
                          0.9999990928628125E+00
                          0.9999990886016609E+00
                          0.9999990843255151E+00
                          0.9999990800343395E+00
                          0.9999990757280990E+00
                          0.9999990714067526E+00
                          0.9999990670702826E+00
                          0.9999990627186361E+00
                          0.9999990583517838E+00
                          0.9999990539696901E+00
                          0.9999990495723197E+00
                          0.9999990451596370E+00
                          0.9999990407316067E+00
                          0.9999990362881931E+00
                          0.9999990318293606E+00
                          0.9999990273550735E+00
                          0.9999990228652966E+00
                          0.9999990183599936E+00
                          0.9999990138391291E+00
                          0.9999990093026672E+00
                          0.9999990047505720E+00
                          0.9999990001828077E+00
                          0.9999989955993385E+00
                          0.9999989910001282E+00
                          0.9999989863851410E+00
                          0.9999989817543407E+00
                          0.9999989771076908E+00
                          0.9999989724451560E+00
                          0.9999989677667007E+00
                          0.9999989630722872E+00
                          0.9999989583618798E+00
                          0.9999989536354423E+00
                          0.9999989488929384E+00
                          0.9999989441343317E+00
                          0.9999989393595857E+00
                          0.9999989345686641E+00
                          0.9999989297615303E+00
                          0.9999989249381478E+00
                          0.9999989200984800E+00
                          0.9999989152424904E+00
                          0.9999989103701422E+00
                          0.9999989054813988E+00
                          0.9999989005762234E+00
                          0.9999988956545793E+00
                          0.9999988907164296E+00
                          0.9999988857617372E+00
                          0.9999988807904659E+00
                          0.9999988758025782E+00
                          0.9999988707980372E+00
                          0.9999988657768059E+00
                          0.9999988607388471E+00
                          0.9999988556841241E+00
                          0.9999988506125992E+00
                          0.9999988455242357E+00
                          0.9999988404189961E+00
                          0.9999988352968432E+00
                          0.9999988301577396E+00
                          0.9999988250016468E+00
                          0.9999988198285311E+00
                          0.9999988146383515E+00
                          0.9999988094310702E+00
                          0.9999988042066537E+00
                          0.9999987989650604E+00
                          0.9999987937062542E+00
                          0.9999987884301975E+00
                          0.9999987831368524E+00
                          0.9999987778261813E+00
                          0.9999987724981464E+00
                          0.9999987671527100E+00
                          0.9999987617898340E+00
                          0.9999987564094808E+00
                          0.9999987510116122E+00
                          0.9999987455961904E+00
                          0.9999987401631774E+00
                          0.9999987347125351E+00
                          0.9999987292442254E+00
                          0.9999987237582101E+00
                          0.9999987182544511E+00
                          0.9999987127329102E+00
                          0.9999987071935491E+00
                          0.9999987016363295E+00
                          0.9999986960612132E+00
                          0.9999986904681615E+00
                          0.9999986848571363E+00
                          0.9999986792280989E+00
                          0.9999986735810109E+00
                          0.9999986679158338E+00
                          0.9999986622325290E+00
                          0.9999986565310577E+00
                          0.9999986508113814E+00
                          0.9999986450734614E+00
                          0.9999986393172589E+00
                          0.9999986335427350E+00
                          0.9999986277498509E+00
                          0.9999986219385680E+00
                          0.9999986161088470E+00
                          0.9999986102606492E+00
                          0.9999986043939355E+00
                          0.9999985985086668E+00
                          0.9999985926048042E+00
                          0.9999985866823085E+00
                          0.9999985807411403E+00
                          0.9999985747812608E+00
                          0.9999985688026304E+00
                          0.9999985628052100E+00
                          0.9999985567889603E+00
                          0.9999985507538415E+00
                          0.9999985446998152E+00
                          0.9999985386268410E+00
                          0.9999985325348797E+00
                          0.9999985264238918E+00
                          0.9999985202938376E+00
                          0.9999985141446778E+00
                          0.9999985079763724E+00
                          0.9999985017888817E+00
                          0.9999984955821662E+00
                          0.9999984893561861E+00
                          0.9999984831109014E+00
                          0.9999984768462724E+00
                          0.9999984705622583E+00
                          0.9999984642588214E+00
                          0.9999984579359197E+00
                          0.9999984515935137E+00
                          0.9999984452315634E+00
                          0.9999984388500287E+00
                          0.9999984324488694E+00
                          0.9999984260280453E+00
                          0.9999984195875163E+00
                          0.9999984131272420E+00
                          0.9999984066471822E+00
                          0.9999984001472964E+00
                          0.9999983936275442E+00
                          0.9999983870878854E+00
                          0.9999983805282792E+00
                          0.9999983739486852E+00
                          0.9999983673490630E+00
                          0.9999983607293718E+00
                          0.9999983540895709E+00
                          0.9999983474296199E+00
                          0.9999983407494779E+00
                          0.9999983340491041E+00
                          0.9999983273284577E+00
                          0.9999983205874978E+00
                          0.9999983138261840E+00
                          0.9999983070444747E+00
                          0.9999983002423265E+00
                          0.9999982934197064E+00
                          0.9999982865765653E+00
                          0.9999982797128649E+00
                          0.9999982728285640E+00
                          0.9999982659236214E+00
                          0.9999982589979959E+00
                          0.9999982520516462E+00
                          0.9999982450845289E+00
                          0.9999982380966090E+00
                          0.9999982310878389E+00
                          0.9999982240581791E+00
                          0.9999982170075882E+00
                          0.9999982099360246E+00
                          0.9999982028434470E+00
                          0.9999981957298136E+00
                          0.9999981885950828E+00
                          0.9999981814392130E+00
                          0.9999981742621625E+00
                          0.9999981670638894E+00
                          0.9999981598443521E+00
                          0.9999981526035087E+00
                          0.9999981453413171E+00
                          0.9999981380577356E+00
                          0.9999981307527224E+00
                          0.9999981234262351E+00
                          0.9999981160782320E+00
                          0.9999981087086708E+00
                          0.9999981013175093E+00
                          0.9999980939047057E+00
                          0.9999980864702176E+00
                          0.9999980790140027E+00
                          0.9999980715360187E+00
                          0.9999980640362234E+00
                          0.9999980565145743E+00
                          0.9999980489710291E+00
                          0.9999980414055452E+00
                          0.9999980338180802E+00
                          0.9999980262085916E+00
                          0.9999980185770367E+00
                          0.9999980109233730E+00
                          0.9999980032475578E+00
                          0.9999979955495485E+00
                          0.9999979878293022E+00
                          0.9999979800867761E+00
                          0.9999979723219274E+00
                          0.9999979645347136E+00
                          0.9999979567250912E+00
                          0.9999979488930176E+00
                          0.9999979410384499E+00
                          0.9999979331613448E+00
                          0.9999979252616593E+00
                          0.9999979173393505E+00
                          0.9999979093943751E+00
                          0.9999979014266898E+00
                          0.9999978934362515E+00
                          0.9999978854230168E+00
                          0.9999978773869421E+00
                          0.9999978693279853E+00
                          0.9999978612460774E+00
                          0.9999978531412483E+00
                          0.9999978450133816E+00
                          0.9999978368624580E+00
                          0.9999978286884341E+00
                          0.9999978204912662E+00
                          0.9999978122709106E+00
                          0.9999978040273237E+00
                          0.9999977957604618E+00
                          0.9999977874702810E+00
                          0.9999977791567377E+00
                          0.9999977708197875E+00
                          0.9999977624593875E+00
                          0.9999977540754931E+00
                          0.9999977456680602E+00
                          0.9999977372370452E+00
                          0.9999977287824038E+00
                          0.9999977203040918E+00
                          0.9999977118020653E+00
                          0.9999977032762801E+00
                          0.9999976947266919E+00
                          0.9999976861532565E+00
                          0.9999976775559294E+00
                          0.9999976689346665E+00
                          0.9999976602894233E+00
                          0.9999976516201554E+00
                          0.9999976429268184E+00
                          0.9999976342093676E+00
                          0.9999976254677586E+00
                          0.9999976167019469E+00
                          0.9999976079118875E+00
                          0.9999975990975362E+00
                          0.9999975902588479E+00
                          0.9999975813957781E+00
                          0.9999975725082819E+00
                          0.9999975635963144E+00
                          0.9999975546598309E+00
                          0.9999975456987863E+00
                          0.9999975367131357E+00
                          0.9999975277028342E+00
                          0.9999975186678366E+00
                          0.9999975096080979E+00
                          0.9999975005235718E+00
                          0.9999974914142166E+00
                          0.9999974822799836E+00
                          0.9999974731208288E+00
                          0.9999974639367067E+00
                          0.9999974547275722E+00
                          0.9999974454933799E+00
                          0.9999974362340842E+00
                          0.9999974269496399E+00
                          0.9999974176400014E+00
                          0.9999974083051231E+00
                          0.9999973989449593E+00
                          0.9999973895594647E+00
                          0.9999973801485935E+00
                          0.9999973707123000E+00
                          0.9999973612505384E+00
                          0.9999973517632630E+00
                          0.9999973422504279E+00
                          0.9999973327119872E+00
                          0.9999973231478951E+00
                          0.9999973135581057E+00
                          0.9999973039425729E+00
                          0.9999972943012507E+00
                          0.9999972846340930E+00
                          0.9999972749410537E+00
                          0.9999972652220868E+00
                          0.9999972554771458E+00
                          0.9999972457061846E+00
                          0.9999972359091571E+00
                          0.9999972260860168E+00
                          0.9999972162367174E+00
                          0.9999972063612125E+00
                          0.9999971964594556E+00
                          0.9999971865314002E+00
                          0.9999971765769999E+00
                          0.9999971665962082E+00
                          0.9999971565889781E+00
                          0.9999971465552634E+00
                          0.9999971364950172E+00
                          0.9999971264081928E+00
                          0.9999971162947434E+00
                          0.9999971061546223E+00
                          0.9999970959877825E+00
                          0.9999970857941770E+00
                          0.9999970755737595E+00
                          0.9999970653264824E+00
                          0.9999970550522987E+00
                          0.9999970447511616E+00
                          0.9999970344230238E+00
                          0.9999970240678383E+00
                          0.9999970136855579E+00
                          0.9999970032761354E+00
                          0.9999969928395235E+00
                          0.9999969823756748E+00
                          0.9999969718845421E+00
                          0.9999969613660779E+00
                          0.9999969508202344E+00
                          0.9999969402469632E+00
                          0.9999969296462204E+00
                          0.9999969190179576E+00
                          0.9999969083621240E+00
                          0.9999968976786737E+00
                          0.9999968869675592E+00
                          0.9999968762287326E+00
                          0.9999968654621462E+00
                          0.9999968546677523E+00
                          0.9999968438455029E+00
                          0.9999968329953504E+00
                          0.9999968221172465E+00
                          0.9999968112111436E+00
                          0.9999968002769933E+00
                          0.9999967893147480E+00
                          0.9999967783243593E+00
                          0.9999967673057792E+00
                          0.9999967562589595E+00
                          0.9999967451838520E+00
                          0.9999967340804083E+00
                          0.9999967229485804E+00
                          0.9999967117883197E+00
                          0.9999967005995782E+00
                          0.9999966893823071E+00
                          0.9999966781364581E+00
                          0.9999966668619826E+00
                          0.9999966555588322E+00
                          0.9999966442269582E+00
                          0.9999966328663121E+00
                          0.9999966214768452E+00
                          0.9999966100585088E+00
                          0.9999965986112541E+00
                          0.9999965871350324E+00
                          0.9999965756297948E+00
                          0.9999965640954925E+00
                          0.9999965525320765E+00
                          0.9999965409394974E+00
                          0.9999965293177078E+00
                          0.9999965176666571E+00
                          0.9999965059862966E+00
                          0.9999964942765773E+00
                          0.9999964825374502E+00
                          0.9999964707688659E+00
                          0.9999964589707752E+00
                          0.9999964471431287E+00
                          0.9999964352858774E+00
                          0.9999964233989718E+00
                          0.9999964114823623E+00
                          0.9999963995359996E+00
                          0.9999963875598344E+00
                          0.9999963755538169E+00
                          0.9999963635178978E+00
                          0.9999963514520271E+00
                          0.9999963393561556E+00
                          0.9999963272302332E+00
                          0.9999963150742106E+00
                          0.9999963028880376E+00
                          0.9999962906716647E+00
                          0.9999962784250420E+00
                          0.9999962661481194E+00
                          0.9999962538408472E+00
                          0.9999962415031753E+00
                          0.9999962291350538E+00
                          0.9999962167364325E+00
                          0.9999962043072613E+00
                          0.9999961918474900E+00
                          0.9999961793570689E+00
                          0.9999961668359472E+00
                          0.9999961542840748E+00
                          0.9999961417014015E+00
                          0.9999961290878769E+00
                          0.9999961164434507E+00
                          0.9999961037680722E+00
                          0.9999960910616912E+00
                          0.9999960783242571E+00
                          0.9999960655557193E+00
                          0.9999960527560273E+00
                          0.9999960399251304E+00
                          0.9999960270629780E+00
                          0.9999960141695192E+00
                          0.9999960012447034E+00
                          0.9999959882884799E+00
                          0.9999959753007973E+00
                          0.9999959622816059E+00
                          0.9999959492308536E+00
                          0.9999959361484899E+00
                          0.9999959230344638E+00
                          0.9999959098887240E+00
                          0.9999958967112200E+00
                          0.9999958835019002E+00
                          0.9999958702607128E+00
                          0.9999958569876085E+00
                          0.9999958436825344E+00
                          0.9999958303454394E+00
                          0.9999958169762729E+00
                          0.9999958035749829E+00
                          0.9999957901415181E+00
                          0.9999957766758272E+00
                          0.9999957631778584E+00
                          0.9999957496475606E+00
                          0.9999957360848819E+00
                          0.9999957224897708E+00
                          0.9999957088621755E+00
                          0.9999956952020445E+00
                          0.9999956815093259E+00
                          0.9999956677839680E+00
                          0.9999956540259189E+00
                          0.9999956402351269E+00
                          0.9999956264115398E+00
                          0.9999956125551059E+00
                          0.9999955986657733E+00
                          0.9999955847434896E+00
                          0.9999955707882030E+00
                          0.9999955567998613E+00
                          0.9999955427784123E+00
                          0.9999955287238030E+00
                          0.9999955146359838E+00
                          0.9999955005148998E+00
                          0.9999954863604995E+00
                          0.9999954721727305E+00
                          0.9999954579515405E+00
                          0.9999954436968709E+00
                          0.9999954294086877E+00
                          0.9999954150869198E+00
                          0.9999954007315208E+00
                          0.9999953863424382E+00
                          0.9999953719196193E+00
                          0.9999953574630113E+00
                          0.9999953429725617E+00
                          0.9999953284482175E+00
                          0.9999953138899259E+00
                          0.9999952992976343E+00
                          0.9999952846712895E+00
                          0.9999952700108388E+00
                          0.9999952553162290E+00
                          0.9999952405874073E+00
                          0.9999952258243205E+00
                          0.9999952110269157E+00
                          0.9999951961951394E+00
                          0.9999951813289387E+00
                          0.9999951664282603E+00
                          0.9999951514930508E+00
                          0.9999951365232572E+00
                          0.9999951215188259E+00
                          0.9999951064797036E+00
                          0.9999950914058368E+00
                          0.9999950762971721E+00
                          0.9999950611536560E+00
                          0.9999950459752349E+00
                          0.9999950307618553E+00
                          0.9999950155134634E+00
                          0.9999950002300056E+00
                          0.9999949849114284E+00
                          0.9999949695576776E+00
                          0.9999949541686997E+00
                          0.9999949387444408E+00
                          0.9999949232848471E+00
                          0.9999949077898646E+00
                          0.9999948922594392E+00
                          0.9999948766935171E+00
                          0.9999948610920442E+00
                          0.9999948454549663E+00
                          0.9999948297822294E+00
                          0.9999948140737793E+00
                          0.9999947983295618E+00
                          0.9999947825495227E+00
                          0.9999947667336075E+00
                          0.9999947508817622E+00
                          0.9999947349939321E+00
                          0.9999947190700629E+00
                          0.9999947031101002E+00
                          0.9999946871139894E+00
                          0.9999946710816761E+00
                          0.9999946550131056E+00
                          0.9999946389082233E+00
                          0.9999946227669745E+00
                          0.9999946065893046E+00
                          0.9999945903751588E+00
                          0.9999945741244823E+00
                          0.9999945578372205E+00
                          0.9999945415133180E+00
                          0.9999945251527205E+00
                          0.9999945087553725E+00
                          0.9999944923212194E+00
                          0.9999944758502061E+00
                          0.9999944593422774E+00
                          0.9999944427973783E+00
                          0.9999944262154534E+00
                          0.9999944095964479E+00
                          0.9999943929403063E+00
                          0.9999943762469734E+00
                          0.9999943595163938E+00
                          0.9999943427485122E+00
                          0.9999943259432732E+00
                          0.9999943091006214E+00
                          0.9999942922205004E+00
                          0.9999942753028572E+00
                          0.9999942583476316E+00
                          0.9999942413547752E+00
                          0.9999942243242260E+00
                          0.9999942072559305E+00
                          0.9999941901498328E+00
                          0.9999941730058773E+00
                          0.9999941558240081E+00
                          0.9999941386041693E+00
                          0.9999941213463051E+00
                          0.9999941040503594E+00
                          0.9999940867162764E+00
                          0.9999940693440000E+00
                          0.9999940519334742E+00
                          0.9999940344846429E+00
                          0.9999940169974498E+00
                          0.9999939994718390E+00
                          0.9999939819077539E+00
                          0.9999939643051386E+00
                          0.9999939466639366E+00
                          0.9999939289840916E+00
                          0.9999939112655470E+00
                          0.9999938935082467E+00
                          0.9999938757121342E+00
                          0.9999938578771528E+00
                          0.9999938400032460E+00
                          0.9999938220903573E+00
                          0.9999938041384299E+00
                          0.9999937861474073E+00
                          0.9999937681172326E+00
                          0.9999937500478492E+00
                          0.9999937319392003E+00
                          0.9999937137912289E+00
                          0.9999936956038783E+00
                          0.9999936773770914E+00
                          0.9999936591108114E+00
                          0.9999936408049812E+00
                          0.9999936224595438E+00
                          0.9999936040744420E+00
                          0.9999935856496189E+00
                          0.9999935671850171E+00
                          0.9999935486805795E+00
                          0.9999935301362488E+00
                          0.9999935115519678E+00
                          0.9999934929276790E+00
                          0.9999934742633252E+00
                          0.9999934555588488E+00
                          0.9999934368141925E+00
                          0.9999934180292988E+00
                          0.9999933992041100E+00
                          0.9999933803385687E+00
                          0.9999933614326172E+00
                          0.9999933424861978E+00
                          0.9999933234992529E+00
                          0.9999933044717245E+00
                          0.9999932854035551E+00
                          0.9999932662946869E+00
                          0.9999932471450618E+00
                          0.9999932279546220E+00
                          0.9999932087233095E+00
                          0.9999931894510664E+00
                          0.9999931701378346E+00
                          0.9999931507835560E+00
                          0.9999931313881726E+00
                          0.9999931119516261E+00
                          0.9999930924738585E+00
                          0.9999930729548112E+00
                          0.9999930533944263E+00
                          0.9999930337926454E+00
                          0.9999930141494099E+00
                          0.9999929944646617E+00
                          0.9999929747383421E+00
                          0.9999929549703928E+00
                          0.9999929351607552E+00
                          0.9999929153093707E+00
                          0.9999928954161807E+00
                          0.9999928754811267E+00
                          0.9999928555041498E+00
                          0.9999928354851915E+00
                          0.9999928154241927E+00
                          0.9999927953210949E+00
                          0.9999927751758390E+00
                          0.9999927549883662E+00
                          0.9999927347586176E+00
                          0.9999927144865343E+00
                          0.9999926941720571E+00
                          0.9999926738151269E+00
                          0.9999926534156849E+00
                          0.9999926329736717E+00
                          0.9999926124890282E+00
                          0.9999925919616951E+00
                          0.9999925713916132E+00
                          0.9999925507787233E+00
                          0.9999925301229659E+00
                          0.9999925094242815E+00
                          0.9999924886826109E+00
                          0.9999924678978946E+00
                          0.9999924470700730E+00
                          0.9999924261990866E+00
                          0.9999924052848758E+00
                          0.9999923843273808E+00
                          0.9999923633265422E+00
                          0.9999923422823001E+00
                          0.9999923211945948E+00
                          0.9999923000633664E+00
                          0.9999922788885552E+00
                          0.9999922576701014E+00
                          0.9999922364079447E+00
                          0.9999922151020255E+00
                          0.9999921937522837E+00
                          0.9999921723586590E+00
                          0.9999921509210917E+00
                          0.9999921294395215E+00
                          0.9999921079138883E+00
                          0.9999920863441316E+00
                          0.9999920647301915E+00
                          0.9999920430720076E+00
                          0.9999920213695195E+00
                          0.9999919996226667E+00
                          0.9999919778313892E+00
                          0.9999919559956261E+00
                          0.9999919341153171E+00
                          0.9999919121904016E+00
                          0.9999918902208191E+00
                          0.9999918682065090E+00
                          0.9999918461474104E+00
                          0.9999918240434629E+00
                          0.9999918018946056E+00
                          0.9999917797007777E+00
                          0.9999917574619184E+00
                          0.9999917351779668E+00
                          0.9999917128488621E+00
                          0.9999916904745432E+00
                          0.9999916680549492E+00
                          0.9999916455900190E+00
                          0.9999916230796916E+00
                          0.9999916005239058E+00
                          0.9999915779226005E+00
                          0.9999915552757146E+00
                          0.9999915325831866E+00
                          0.9999915098449554E+00
                          0.9999914870609597E+00
                          0.9999914642311380E+00
                          0.9999914413554292E+00
                          0.9999914184337714E+00
                          0.9999913954661034E+00
                          0.9999913724523637E+00
                          0.9999913493924906E+00
                          0.9999913262864225E+00
                          0.9999913031340979E+00
                          0.9999912799354549E+00
                          0.9999912566904319E+00
                          0.9999912333989671E+00
                          0.9999912100609987E+00
                          0.9999911866764648E+00
                          0.9999911632453035E+00
                          0.9999911397674529E+00
                          0.9999911162428510E+00
                          0.9999910926714358E+00
                          0.9999910690531453E+00
                          0.9999910453879172E+00
                          0.9999910216756895E+00
                          0.9999909979164000E+00
                          0.9999909741099865E+00
                          0.9999909502563867E+00
                          0.9999909263555383E+00
                          0.9999909024073789E+00
                          0.9999908784118462E+00
                          0.9999908543688776E+00
                          0.9999908302784108E+00
                          0.9999908061403833E+00
                          0.9999907819547325E+00
                          0.9999907577213957E+00
                          0.9999907334403103E+00
                          0.9999907091114137E+00
                          0.9999906847346431E+00
                          0.9999906603099359E+00
                          0.9999906358372291E+00
                          0.9999906113164599E+00
                          0.9999905867475656E+00
                          0.9999905621304831E+00
                          0.9999905374651494E+00
                          0.9999905127515016E+00
                          0.9999904879894765E+00
                          0.9999904631790113E+00
                          0.9999904383200425E+00
                          0.9999904134125073E+00
                          0.9999903884563422E+00
                          0.9999903634514841E+00
                          0.9999903383978695E+00
                          0.9999903132954354E+00
                          0.9999902881441183E+00
                          0.9999902629438546E+00
                          0.9999902376945810E+00
                          0.9999902123962339E+00
                          0.9999901870487499E+00
                          0.9999901616520653E+00
                          0.9999901362061165E+00
                          0.9999901107108400E+00
                          0.9999900851661718E+00
                          0.9999900595720483E+00
                          0.9999900339284058E+00
                          0.9999900082351804E+00
                          0.9999899824923081E+00
                          0.9999899566997251E+00
                          0.9999899308573675E+00
                          0.9999899049651713E+00
                          0.9999898790230723E+00
                          0.9999898530310066E+00
                          0.9999898269889101E+00
                          0.9999898008967185E+00
                          0.9999897747543677E+00
                          0.9999897485617935E+00
                          0.9999897223189314E+00
                          0.9999896960257173E+00
                          0.9999896696820867E+00
                          0.9999896432879753E+00
                          0.9999896168433187E+00
                          0.9999895903480522E+00
                          0.9999895638021115E+00
                          0.9999895372054318E+00
                          0.9999895105579488E+00
                          0.9999894838595975E+00
                          0.9999894571103135E+00
                          0.9999894303100318E+00
                          0.9999894034586879E+00
                          0.9999893765562169E+00
                          0.9999893496025537E+00
                          0.9999893225976337E+00
                          0.9999892955413919E+00
                          0.9999892684337632E+00
                          0.9999892412746827E+00
                          0.9999892140640854E+00
                          0.9999891868019060E+00
                          0.9999891594880793E+00
                          0.9999891321225405E+00
                          0.9999891047052240E+00
                          0.9999890772360647E+00
                          0.9999890497149972E+00
                          0.9999890221419563E+00
                          0.9999889945168765E+00
                          0.9999889668396923E+00
                          0.9999889391103384E+00
                          0.9999889113287492E+00
                          0.9999888834948591E+00
                          0.9999888556086026E+00
                          0.9999888276699139E+00
                          0.9999887996787276E+00
                          0.9999887716349777E+00
                          0.9999887435385986E+00
                          0.9999887153895244E+00
                          0.9999886871876893E+00
                          0.9999886589330275E+00
                          0.9999886306254728E+00
                          0.9999886022649596E+00
                          0.9999885738514217E+00
                          0.9999885453847931E+00
                          0.9999885168650076E+00
                          0.9999884882919992E+00
                          0.9999884596657016E+00
                          0.9999884309860487E+00
                          0.9999884022529743E+00
                          0.9999883734664120E+00
                          0.9999883446262954E+00
                          0.9999883157325583E+00
                          0.9999882867851341E+00
                          0.9999882577839564E+00
                          0.9999882287289589E+00
                          0.9999881996200747E+00
                          0.9999881704572374E+00
                          0.9999881412403805E+00
                          0.9999881119694372E+00
                          0.9999880826443407E+00
                          0.9999880532650244E+00
                          0.9999880238314215E+00
                          0.9999879943434651E+00
                          0.9999879648010884E+00
                          0.9999879352042245E+00
                          0.9999879055528064E+00
                          0.9999878758467670E+00
                          0.9999878460860394E+00
                          0.9999878162705566E+00
                          0.9999877864002513E+00
                          0.9999877564750564E+00
                          0.9999877264949047E+00
                          0.9999876964597292E+00
                          0.9999876663694622E+00
                          0.9999876362240366E+00
                          0.9999876060233851E+00
                          0.9999875757674401E+00
                          0.9999875454561344E+00
                          0.9999875150894003E+00
                          0.9999874846671704E+00
                          0.9999874541893770E+00
                          0.9999874236559526E+00
                          0.9999873930668295E+00
                          0.9999873624219401E+00
                          0.9999873317212166E+00
                          0.9999873009645911E+00
                          0.9999872701519960E+00
                          0.9999872392833633E+00
                          0.9999872083586252E+00
                          0.9999871773777136E+00
                          0.9999871463405607E+00
                          0.9999871152470984E+00
                          0.9999870840972587E+00
                          0.9999870528909733E+00
                          0.9999870216281743E+00
                          0.9999869903087935E+00
                          0.9999869589327625E+00
                          0.9999869275000131E+00
                          0.9999868960104770E+00
                          0.9999868644640858E+00
                          0.9999868328607712E+00
                          0.9999868012004648E+00
                          0.9999867694830979E+00
                          0.9999867377086024E+00
                          0.9999867058769093E+00
                          0.9999866739879503E+00
                          0.9999866420416565E+00
                          0.9999866100379595E+00
                          0.9999865779767905E+00
                          0.9999865458580806E+00
                          0.9999865136817611E+00
                          0.9999864814477631E+00
                          0.9999864491560179E+00
                          0.9999864168064564E+00
                          0.9999863843990097E+00
                          0.9999863519336086E+00
                          0.9999863194101843E+00
                          0.9999862868286677E+00
                          0.9999862541889896E+00
                          0.9999862214910807E+00
                          0.9999861887348721E+00
                          0.9999861559202942E+00
                          0.9999861230472780E+00
                          0.9999860901157539E+00
                          0.9999860571256527E+00
                          0.9999860240769048E+00
                          0.9999859909694411E+00
                          0.9999859578031917E+00
                          0.9999859245780872E+00
                          0.9999858912940582E+00
                          0.9999858579510348E+00
                          0.9999858245489475E+00
                          0.9999857910877266E+00
                          0.9999857575673022E+00
                          0.9999857239876047E+00
                          0.9999856903485641E+00
                          0.9999856566501106E+00
                          0.9999856228921744E+00
                          0.9999855890746854E+00
                          0.9999855551975737E+00
                          0.9999855212607691E+00
                          0.9999854872642018E+00
                          0.9999854532078014E+00
                          0.9999854190914979E+00
                          0.9999853849152210E+00
                          0.9999853506789007E+00
                          0.9999853163824663E+00
                          0.9999852820258480E+00
                          0.9999852476089750E+00
                          0.9999852131317771E+00
                          0.9999851785941838E+00
                          0.9999851439961246E+00
                          0.9999851093375289E+00
                          0.9999850746183264E+00
                          0.9999850398384462E+00
                          0.9999850049978178E+00
                          0.9999849700963706E+00
                          0.9999849351340335E+00
                          0.9999849001107360E+00
                          0.9999848650264074E+00
                          0.9999848298809766E+00
                          0.9999847946743728E+00
                          0.9999847594065250E+00
                          0.9999847240773624E+00
                          0.9999846886868137E+00
                          0.9999846532348080E+00
                          0.9999846177212743E+00
                          0.9999845821461413E+00
                          0.9999845465093378E+00
                          0.9999845108107926E+00
                          0.9999844750504345E+00
                          0.9999844392281922E+00
                          0.9999844033439943E+00
                          0.9999843673977693E+00
                          0.9999843313894460E+00
                          0.9999842953189527E+00
                          0.9999842591862180E+00
                          0.9999842229911704E+00
                          0.9999841867337382E+00
                          0.9999841504138498E+00
                          0.9999841140314336E+00
                          0.9999840775864177E+00
                          0.9999840410787305E+00
                          0.9999840045083001E+00
                          0.9999839678750546E+00
                          0.9999839311789224E+00
                          0.9999838944198313E+00
                          0.9999838575977094E+00
                          0.9999838207124847E+00
                          0.9999837837640851E+00
                          0.9999837467524387E+00
                          0.9999837096774732E+00
                          0.9999836725391165E+00
                          0.9999836353372963E+00
                          0.9999835980719404E+00
                          0.9999835607429766E+00
                          0.9999835233503324E+00
                          0.9999834858939354E+00
                          0.9999834483737134E+00
                          0.9999834107895937E+00
                          0.9999833731415041E+00
                          0.9999833354293718E+00
                          0.9999832976531242E+00
                          0.9999832598126889E+00
                          0.9999832219079929E+00
                          0.9999831839389639E+00
                          0.9999831459055288E+00
                          0.9999831078076151E+00
                          0.9999830696451498E+00
                          0.9999830314180600E+00
                          0.9999829931262729E+00
                          0.9999829547697154E+00
                          0.9999829163483147E+00
                          0.9999828778619977E+00
                          0.9999828393106912E+00
                          0.9999828006943222E+00
                          0.9999827620128175E+00
                          0.9999827232661039E+00
                          0.9999826844541082E+00
                          0.9999826455767572E+00
                          0.9999826066339773E+00
                          0.9999825676256955E+00
                          0.9999825285518380E+00
                          0.9999824894123317E+00
                          0.9999824502071030E+00
                          0.9999824109360782E+00
                          0.9999823715991839E+00
                          0.9999823321963466E+00
                          0.9999822927274924E+00
                          0.9999822531925477E+00
                          0.9999822135914389E+00
                          0.9999821739240921E+00
                          0.9999821341904334E+00
                          0.9999820943903891E+00
                          0.9999820545238852E+00
                          0.9999820145908479E+00
                          0.9999819745912031E+00
                          0.9999819345248767E+00
                          0.9999818943917949E+00
                          0.9999818541918832E+00
                          0.9999818139250679E+00
                          0.9999817735912746E+00
                          0.9999817331904290E+00
                          0.9999816927224570E+00
                          0.9999816521872842E+00
                          0.9999816115848362E+00
                          0.9999815709150387E+00
                          0.9999815301778172E+00
                          0.9999814893730973E+00
                          0.9999814485008044E+00
                          0.9999814075608641E+00
                          0.9999813665532016E+00
                          0.9999813254777423E+00
                          0.9999812843344117E+00
                          0.9999812431231350E+00
                          0.9999812018438372E+00
                          0.9999811604964438E+00
                          0.9999811190808799E+00
                          0.9999810775970706E+00
                          0.9999810360449409E+00
                          0.9999809944244159E+00
                          0.9999809527354205E+00
                          0.9999809109778798E+00
                          0.9999808691517186E+00
                          0.9999808272568618E+00
                          0.9999807852932343E+00
                          0.9999807432607608E+00
                          0.9999807011593660E+00
                          0.9999806589889747E+00
                          0.9999806167495116E+00
                          0.9999805744409012E+00
                          0.9999805320630681E+00
                          0.9999804896159370E+00
                          0.9999804470994322E+00
                          0.9999804045134782E+00
                          0.9999803618579997E+00
                          0.9999803191329206E+00
                          0.9999802763381656E+00
                          0.9999802334736587E+00
                          0.9999801905393244E+00
                          0.9999801475350869E+00
                          0.9999801044608703E+00
                          0.9999800613165987E+00
                          0.9999800181021962E+00
                          0.9999799748175868E+00
                          0.9999799314626947E+00
                          0.9999798880374438E+00
                          0.9999798445417578E+00
                          0.9999798009755608E+00
                          0.9999797573387766E+00
                          0.9999797136313290E+00
                          0.9999796698531418E+00
                          0.9999796260041386E+00
                          0.9999795820842432E+00
                          0.9999795380933791E+00
                          0.9999794940314701E+00
                          0.9999794498984396E+00
                          0.9999794056942112E+00
                          0.9999793614187082E+00
                          0.9999793170718543E+00
                          0.9999792726535727E+00
                          0.9999792281637867E+00
                          0.9999791836024198E+00
                          0.9999791389693952E+00
                          0.9999790942646360E+00
                          0.9999790494880656E+00
                          0.9999790046396069E+00
                          0.9999789597191833E+00
                          0.9999789147267175E+00
                          0.9999788696621328E+00
                          0.9999788245253521E+00
                          0.9999787793162983E+00
                          0.9999787340348943E+00
                          0.9999786886810631E+00
                          0.9999786432547274E+00
                          0.9999785977558099E+00
                          0.9999785521842334E+00
                          0.9999785065399206E+00
                          0.9999784608227942E+00
                          0.9999784150327767E+00
                          0.9999783691697908E+00
                          0.9999783232337589E+00
                          0.9999782772246036E+00
                          0.9999782311422473E+00
                          0.9999781849866123E+00
                          0.9999781387576211E+00
                          0.9999780924551960E+00
                          0.9999780460792592E+00
                          0.9999779996297331E+00
                          0.9999779531065397E+00
                          0.9999779065096013E+00
                          0.9999778598388400E+00
                          0.9999778130941778E+00
                          0.9999777662755368E+00
                          0.9999777193828390E+00
                          0.9999776724160063E+00
                          0.9999776253749607E+00
                          0.9999775782596240E+00
                          0.9999775310699179E+00
                          0.9999774838057646E+00
                          0.9999774364670854E+00
                          0.9999773890538022E+00
                          0.9999773415658366E+00
                          0.9999772940031103E+00
                          0.9999772463655449E+00
                          0.9999771986530619E+00
                          0.9999771508655827E+00
                          0.9999771030030290E+00
                          0.9999770550653220E+00
                          0.9999770070523831E+00
                          0.9999769589641337E+00
                          0.9999769108004952E+00
                          0.9999768625613886E+00
                          0.9999768142467353E+00
                          0.9999767658564566E+00
                          0.9999767173904732E+00
                          0.9999766688487065E+00
                          0.9999766202310776E+00
                          0.9999765715375073E+00
                          0.9999765227679167E+00
                          0.9999764739222267E+00
                          0.9999764250003581E+00
                          0.9999763760022319E+00
                          0.9999763269277688E+00
                          0.9999762777768896E+00
                          0.9999762285495150E+00
                          0.9999761792455657E+00
                          0.9999761298649622E+00
                          0.9999760804076253E+00
                          0.9999760308734755E+00
                          0.9999759812624333E+00
                          0.9999759315744191E+00
                          0.9999758818093534E+00
                          0.9999758319671567E+00
                          0.9999757820477491E+00
                          0.9999757320510511E+00
                          0.9999756819769828E+00
                          0.9999756318254647E+00
                          0.9999755815964166E+00
                          0.9999755312897591E+00
                          0.9999754809054120E+00
                          0.9999754304432954E+00
                          0.9999753799033294E+00
                          0.9999753292854340E+00
                          0.9999752785895289E+00
                          0.9999752278155343E+00
                          0.9999751769633699E+00
                          0.9999751260329556E+00
                          0.9999750750242110E+00
                          0.9999750239370561E+00
                          0.9999749727714105E+00
                          0.9999749215271936E+00
                          0.9999748702043253E+00
                          0.9999748188027251E+00
                          0.9999747673223125E+00
                          0.9999747157630070E+00
                          0.9999746641247281E+00
                          0.9999746124073952E+00
                          0.9999745606109275E+00
                          0.9999745087352444E+00
                          0.9999744567802653E+00
                          0.9999744047459094E+00
                          0.9999743526320958E+00
                          0.9999743004387438E+00
                          0.9999742481657723E+00
                          0.9999741958131007E+00
                          0.9999741433806477E+00
                          0.9999740908683326E+00
                          0.9999740382760740E+00
                          0.9999739856037911E+00
                          0.9999739328514028E+00
                          0.9999738800188277E+00
                          0.9999738271059847E+00
                          0.9999737741127925E+00
                          0.9999737210391700E+00
                          0.9999736678850357E+00
                          0.9999736146503082E+00
                          0.9999735613349062E+00
                          0.9999735079387481E+00
                          0.9999734544617526E+00
                          0.9999734009038379E+00
                          0.9999733472649226E+00
                          0.9999732935449250E+00
                          0.9999732397437636E+00
                          0.9999731858613565E+00
                          0.9999731318976220E+00
                          0.9999730778524784E+00
                          0.9999730237258438E+00
                          0.9999729695176364E+00
                          0.9999729152277741E+00
                          0.9999728608561752E+00
                          0.9999728064027575E+00
                          0.9999727518674392E+00
                          0.9999726972501379E+00
                          0.9999726425507719E+00
