 Spectral outgoing longwave flux [W/m2/cm^-1]
  0.5213E-05
  0.2623E-04
  0.6305E-04
  0.1152E-03
  0.1823E-03
  0.2639E-03
  0.3594E-03
  0.4683E-03
  0.5861E-03
  0.7188E-03
  0.8636E-03
  0.1019E-02
  0.1187E-02
  0.1364E-02
  0.1487E-02
  0.1752E-02
  0.1962E-02
  0.2182E-02
  0.2411E-02
  0.2640E-02
  0.2898E-02
  0.3157E-02
  0.3424E-02
  0.3700E-02
  0.3985E-02
  0.4275E-02
  0.4578E-02
  0.4890E-02
  0.5196E-02
  0.5462E-02
  0.5742E-02
  0.6206E-02
  0.6284E-02
  0.6928E-02
  0.7295E-02
  0.7670E-02
  0.8049E-02
  0.8377E-02
  0.8834E-02
  0.9237E-02
  0.9646E-02
  0.1006E-01
  0.1028E-01
  0.1087E-01
  0.1120E-01
  0.1054E-01
  0.1221E-01
  0.1261E-01
  0.1314E-01
  0.1319E-01
  0.1405E-01
  0.1454E-01
  0.1502E-01
  0.1542E-01
  0.1598E-01
  0.1648E-01
  0.1697E-01
  0.1684E-01
  0.1785E-01
  0.1844E-01
  0.1896E-01
  0.1950E-01
  0.2001E-01
  0.1889E-01
  0.2096E-01
  0.2114E-01
  0.2218E-01
  0.2272E-01
  0.2325E-01
  0.2370E-01
  0.2407E-01
  0.2476E-01
  0.2542E-01
  0.2545E-01
  0.2649E-01
  0.2713E-01
  0.2700E-01
  0.2826E-01
  0.2867E-01
  0.2919E-01
  0.2973E-01
  0.3053E-01
  0.3111E-01
  0.3114E-01
  0.3206E-01
  0.3283E-01
  0.3349E-01
  0.3407E-01
  0.3345E-01
  0.3525E-01
  0.3588E-01
  0.3648E-01
  0.3707E-01
  0.3764E-01
  0.3822E-01
  0.3852E-01
  0.3928E-01
  0.3943E-01
  0.4060E-01
  0.4122E-01
  0.4168E-01
  0.4131E-01
  0.4276E-01
  0.4368E-01
  0.4417E-01
  0.4410E-01
  0.4467E-01
  0.4613E-01
  0.4675E-01
  0.4735E-01
  0.4752E-01
  0.4390E-01
  0.4862E-01
  0.4982E-01
  0.5049E-01
  0.5110E-01
  0.5171E-01
  0.5216E-01
  0.5220E-01
  0.5258E-01
  0.5257E-01
  0.5442E-01
  0.5077E-01
  0.5592E-01
  0.5657E-01
  0.5672E-01
  0.5757E-01
  0.5853E-01
  0.5920E-01
  0.5983E-01
  0.6044E-01
  0.6107E-01
  0.6139E-01
  0.6208E-01
  0.6215E-01
  0.6208E-01
  0.6283E-01
  0.6447E-01
  0.5638E-01
  0.6584E-01
  0.5724E-01
  0.6501E-01
  0.6708E-01
  0.6844E-01
  0.6841E-01
  0.6963E-01
  0.6812E-01
  0.7092E-01
  0.7158E-01
  0.7193E-01
  0.7108E-01
  0.7339E-01
  0.7410E-01
  0.7467E-01
  0.6983E-01
  0.7541E-01
  0.7593E-01
  0.7610E-01
  0.7758E-01
  0.7799E-01
  0.7791E-01
  0.7333E-01
  0.7720E-01
  0.7993E-01
  0.8084E-01
  0.8083E-01
  0.7021E-01
  0.8226E-01
  0.8280E-01
  0.8358E-01
  0.8378E-01
  0.8356E-01
  0.8590E-01
  0.8655E-01
  0.8710E-01
  0.8750E-01
  0.8671E-01
  0.8695E-01
  0.8570E-01
  0.8911E-01
  0.8523E-01
  0.8672E-01
  0.8836E-01
  0.9135E-01
  0.9172E-01
  0.9270E-01
  0.9275E-01
  0.9414E-01
  0.9467E-01
  0.9517E-01
  0.9566E-01
  0.9613E-01
  0.9657E-01
  0.9696E-01
  0.9713E-01
  0.9599E-01
  0.9481E-01
  0.9550E-01
  0.9574E-01
  0.9862E-01
  0.9598E-01
  0.9920E-01
  0.9345E-01
  0.9782E-01
  0.9970E-01
  0.1016E+00
  0.1022E+00
  0.1027E+00
  0.1031E+00
  0.1034E+00
  0.1036E+00
  0.1038E+00
  0.9879E-01
  0.1043E+00
  0.1048E+00
  0.1051E+00
  0.1054E+00
  0.1055E+00
  0.1057E+00
  0.1058E+00
  0.9981E-01
  0.1044E+00
  0.8063E-01
  0.1048E+00
  0.1050E+00
  0.8278E-01
  0.1058E+00
  0.1049E+00
  0.1073E+00
  0.1074E+00
  0.1068E+00
  0.1036E+00
  0.1071E+00
  0.1078E+00
  0.1079E+00
  0.1079E+00
  0.1079E+00
  0.1079E+00
  0.1060E+00
  0.1078E+00
  0.1073E+00
  0.1053E+00
  0.1045E+00
  0.1072E+00
  0.1075E+00
  0.1077E+00
  0.1076E+00
  0.1075E+00
  0.1075E+00
  0.1074E+00
  0.1073E+00
  0.1026E+00
  0.1070E+00
  0.1070E+00
  0.1069E+00
  0.1067E+00
  0.1066E+00
  0.1063E+00
  0.9892E-01
  0.1057E+00
  0.1058E+00
  0.1036E+00
  0.1051E+00
  0.1055E+00
  0.1054E+00
  0.1053E+00
  0.1050E+00
  0.1035E+00
  0.1046E+00
  0.1046E+00
  0.1044E+00
  0.1042E+00
  0.1039E+00
  0.1039E+00
  0.1036E+00
  0.1036E+00
  0.1034E+00
  0.1033E+00
  0.1031E+00
  0.9291E-01
  0.1027E+00
  0.1022E+00
  0.1024E+00
  0.1015E+00
  0.1023E+00
  0.9137E-01
  0.1000E+00
  0.1020E+00
  0.1019E+00
  0.1018E+00
  0.1017E+00
  0.1016E+00
  0.1015E+00
  0.1014E+00
  0.1013E+00
  0.1006E+00
  0.1011E+00
  0.1010E+00
  0.1009E+00
  0.1005E+00
  0.1003E+00
  0.1007E+00
  0.1001E+00
  0.1006E+00
  0.1006E+00
  0.1005E+00
  0.1004E+00
  0.9733E-01
  0.1003E+00
  0.1003E+00
  0.1003E+00
  0.1002E+00
  0.1002E+00
  0.1001E+00
  0.1001E+00
  0.1000E+00
  0.9981E-01
  0.9390E-01
  0.9982E-01
  0.9985E-01
  0.9986E-01
  0.9984E-01
  0.9981E-01
  0.9977E-01
  0.9973E-01
  0.9970E-01
  0.9966E-01
  0.9962E-01
  0.9958E-01
  0.9954E-01
  0.9949E-01
  0.9944E-01
  0.9938E-01
  0.9927E-01
  0.9351E-01
  0.9534E-01
  0.9911E-01
  0.9909E-01
  0.9901E-01
  0.9897E-01
  0.9887E-01
  0.9881E-01
  0.9874E-01
  0.9865E-01
  0.9816E-01
  0.9845E-01
  0.9835E-01
  0.9782E-01
  0.9811E-01
  0.9800E-01
  0.9787E-01
  0.9774E-01
  0.9758E-01
  0.9717E-01
  0.9713E-01
  0.9712E-01
  0.9694E-01
  0.9675E-01
  0.9657E-01
  0.9637E-01
  0.9611E-01
  0.9584E-01
  0.9569E-01
  0.9548E-01
  0.9521E-01
  0.9478E-01
  0.9453E-01
  0.9437E-01
  0.9414E-01
  0.9385E-01
  0.9352E-01
  0.9323E-01
  0.9218E-01
  0.9256E-01
  0.9222E-01
  0.9187E-01
  0.9028E-01
  0.9059E-01
  0.9069E-01
  0.9013E-01
  0.8973E-01
  0.8951E-01
  0.8913E-01
  0.8869E-01
  0.8786E-01
  0.8769E-01
  0.8730E-01
  0.8690E-01
  0.8640E-01
  0.8588E-01
  0.8546E-01
  0.8478E-01
  0.8405E-01
  0.8344E-01
  0.8337E-01
  0.8289E-01
  0.8237E-01
  0.8029E-01
  0.8112E-01
  0.8041E-01
  0.8025E-01
  0.7885E-01
  0.7750E-01
  0.7859E-01
  0.7809E-01
  0.7745E-01
  0.7014E-01
  0.7550E-01
  0.7476E-01
  0.7198E-01
  0.7431E-01
  0.7400E-01
  0.7310E-01
  0.7056E-01
  0.7083E-01
  0.5890E-01
  0.6871E-01
  0.7023E-01
  0.6972E-01
  0.6821E-01
  0.6539E-01
  0.5532E-01
  0.6532E-01
  0.6568E-01
  0.6611E-01
  0.6474E-01
  0.5499E-01
  0.6101E-01
  0.5596E-01
  0.6329E-01
  0.6279E-01
  0.5966E-01
  0.5571E-01
  0.6045E-01
  0.5845E-01
  0.3284E-01
  0.4714E-01
  0.5411E-01
  0.5810E-01
  0.3756E-01
  0.5624E-01
  0.5641E-01
  0.5541E-01
  0.5497E-01
  0.4482E-01
  0.5404E-01
  0.5449E-01
  0.4764E-01
  0.4669E-01
  0.5163E-01
  0.4807E-01
  0.4890E-01
  0.3921E-01
  0.4501E-01
  0.4692E-01
  0.4239E-01
  0.4654E-01
  0.3247E-01
  0.3924E-01
  0.3726E-01
  0.2871E-01
  0.4256E-01
  0.4090E-01
  0.3236E-01
  0.3133E-01
  0.3257E-01
  0.3433E-01
  0.3507E-01
  0.2947E-01
  0.2721E-01
  0.2975E-01
  0.2983E-01
  0.2701E-01
  0.2698E-01
  0.2644E-01
  0.2658E-01
  0.2628E-01
  0.2599E-01
  0.2584E-01
  0.2570E-01
  0.2555E-01
  0.2580E-01
  0.2530E-01
  0.2511E-01
  0.2496E-01
  0.2481E-01
  0.2481E-01
  0.2454E-01
  0.2438E-01
  0.2424E-01
  0.2411E-01
  0.2395E-01
  0.2381E-01
  0.2367E-01
  0.2353E-01
  0.2339E-01
  0.2325E-01
  0.2311E-01
  0.2297E-01
  0.2284E-01
  0.2270E-01
  0.2256E-01
  0.2243E-01
  0.2229E-01
  0.2216E-01
  0.2202E-01
  0.2189E-01
  0.2175E-01
  0.2162E-01
  0.2149E-01
  0.2136E-01
  0.2123E-01
  0.2110E-01
  0.2097E-01
  0.2084E-01
  0.2071E-01
  0.2058E-01
  0.2045E-01
  0.2033E-01
  0.2020E-01
  0.2007E-01
  0.1995E-01
  0.1982E-01
  0.1970E-01
  0.1958E-01
  0.1945E-01
  0.1933E-01
  0.1921E-01
  0.1909E-01
  0.1897E-01
  0.1885E-01
  0.1873E-01
  0.1861E-01
  0.1849E-01
  0.1837E-01
  0.1825E-01
  0.1814E-01
  0.1802E-01
  0.1791E-01
  0.1779E-01
  0.1768E-01
  0.1756E-01
  0.1745E-01
  0.1734E-01
  0.1722E-01
  0.1711E-01
  0.1700E-01
  0.1689E-01
  0.1678E-01
  0.1667E-01
  0.1656E-01
  0.1645E-01
  0.1635E-01
  0.1624E-01
  0.1613E-01
  0.1603E-01
  0.1592E-01
  0.1581E-01
  0.1571E-01
  0.1561E-01
  0.1550E-01
  0.1540E-01
  0.1530E-01
  0.1520E-01
  0.1509E-01
  0.1499E-01
  0.1489E-01
  0.1479E-01
  0.1469E-01
  0.1460E-01
  0.1450E-01
  0.1440E-01
  0.1430E-01
  0.1422E-01
  0.1411E-01
  0.1402E-01
  0.1392E-01
  0.1383E-01
  0.1373E-01
  0.1373E-01
  0.1368E-01
  0.1346E-01
  0.1336E-01
  0.1327E-01
  0.1325E-01
  0.1309E-01
  0.1301E-01
  0.1291E-01
  0.1282E-01
  0.1280E-01
  0.1265E-01
  0.1256E-01
  0.1247E-01
  0.1238E-01
  0.1236E-01
  0.1251E-01
  0.1378E-01
  0.1344E-01
  0.1219E-01
  0.1188E-01
  0.1179E-01
  0.1312E-01
  0.1646E-01
  0.1613E-01
  0.1236E-01
  0.1139E-01
  0.1597E-01
  0.1969E-01
  0.2191E-01
  0.2251E-01
  0.1931E-01
  0.1386E-01
  0.1695E-01
  0.2423E-01
  0.2371E-01
  0.1960E-01
  0.1470E-01
  0.2575E-01
  0.1382E-01
  0.2939E-01
  0.2546E-01
  0.1375E-01
  0.1129E-01
  0.2742E-01
  0.2809E-01
  0.2514E-01
  0.1394E-01
  0.2494E-01
  0.2404E-01
  0.2541E-01
  0.2678E-01
  0.1929E-01
  0.1695E-01
  0.1243E-01
  0.2159E-01
  0.2713E-01
  0.2659E-01
  0.2404E-01
  0.1671E-01
  0.2095E-01
  0.2359E-01
  0.2808E-01
  0.2588E-01
  0.1714E-01
  0.2001E-01
  0.2696E-01
  0.2817E-01
  0.2656E-01
  0.2006E-01
  0.2067E-01
  0.2772E-01
  0.2900E-01
  0.2858E-01
  0.2370E-01
  0.2269E-01
  0.2861E-01
  0.2983E-01
  0.2975E-01
  0.2654E-01
  0.2595E-01
  0.2990E-01
  0.2968E-01
  0.2048E-01
  0.2333E-01
  0.2860E-01
  0.2956E-01
  0.2941E-01
  0.2963E-01
  0.2783E-01
  0.2937E-01
  0.2911E-01
  0.2866E-01
  0.2846E-01
  0.2887E-01
  0.2893E-01
  0.2890E-01
  0.2830E-01
  0.2868E-01
  0.2894E-01
  0.2784E-01
  0.2864E-01
  0.2765E-01
  0.2851E-01
  0.2870E-01
  0.2610E-01
  0.2661E-01
  0.2738E-01
  0.2854E-01
  0.2813E-01
  0.2615E-01
  0.2256E-01
  0.2659E-01
  0.2819E-01
  0.2818E-01
  0.2816E-01
  0.2796E-01
  0.2772E-01
  0.2765E-01
  0.2764E-01
  0.2794E-01
  0.2783E-01
  0.2766E-01
  0.2702E-01
  0.2771E-01
  0.2772E-01
  0.2543E-01
  0.2704E-01
  0.2672E-01
  0.2162E-01
  0.2745E-01
  0.2690E-01
  0.2485E-01
  0.2588E-01
  0.2704E-01
  0.2599E-01
  0.2635E-01
  0.2683E-01
  0.2632E-01
  0.2032E-01
  0.2669E-01
  0.2555E-01
  0.2419E-01
  0.2472E-01
  0.2274E-01
  0.2387E-01
  0.2558E-01
  0.2108E-01
  0.2477E-01
  0.2518E-01
  0.2285E-01
  0.2493E-01
  0.1158E-01
  0.2455E-01
  0.1025E-01
  0.2014E-01
  0.2084E-01
  0.2265E-01
  0.1551E-01
  0.2283E-01
  0.1623E-01
  0.2262E-01
  0.1569E-01
  0.1781E-01
  0.2083E-01
  0.1159E-01
  0.1973E-01
  0.2062E-01
  0.7349E-02
  0.9023E-02
  0.1828E-01
  0.8761E-02
  0.1867E-01
  0.1527E-01
  0.4947E-02
  0.1703E-01
  0.1709E-01
  0.7895E-02
  0.1434E-01
  0.1617E-01
  0.1360E-01
  0.6745E-02
  0.1556E-01
  0.1630E-01
  0.1254E-01
  0.6879E-02
  0.1631E-01
  0.1562E-01
  0.1749E-01
  0.1966E-01
  0.1890E-01
  0.1489E-01
  0.6233E-02
  0.8539E-02
  0.1250E-01
  0.1391E-01
  0.1286E-01
  0.1345E-01
  0.1237E-01
  0.1103E-01
  0.9629E-02
  0.8434E-02
  0.7719E-02
  0.7763E-02
  0.8707E-02
  0.1042E-01
  0.1242E-01
  0.1448E-01
  0.1524E-01
  0.1666E-01
  0.1594E-01
  0.9021E-02
  0.1634E-01
  0.1383E-01
  0.1700E-01
  0.1822E-01
  0.1765E-01
  0.1781E-01
  0.1807E-01
  0.1768E-01
  0.1830E-01
  0.1803E-01
  0.1647E-01
  0.1786E-01
  0.1763E-01
  0.1230E-01
  0.1730E-01
  0.1717E-01
  0.1650E-01
  0.1514E-01
  0.1316E-01
  0.1669E-01
  0.1597E-01
  0.1182E-01
  0.1613E-01
  0.1513E-01
  0.1508E-01
  0.7652E-02
  0.1541E-01
  0.1398E-01
  0.1415E-01
  0.1428E-01
  0.4223E-02
  0.1236E-01
  0.6810E-02
  0.7792E-02
  0.8896E-02
  0.5901E-02
  0.6646E-02
  0.1114E-01
  0.4390E-02
  0.1097E-01
  0.9111E-02
  0.5873E-02
  0.9877E-02
  0.8042E-02
  0.5082E-02
  0.9478E-02
  0.8368E-02
  0.2423E-02
  0.8352E-02
  0.7915E-02
  0.4224E-02
  0.6202E-02
  0.8289E-02
  0.7222E-02
  0.2262E-02
  0.6509E-02
  0.7572E-02
  0.8188E-02
  0.6475E-02
  0.9983E-02
  0.9032E-02
  0.3005E-02
  0.4773E-02
  0.6775E-02
  0.7326E-02
  0.6909E-02
  0.6619E-02
  0.5498E-02
  0.3885E-02
  0.2545E-02
  0.1967E-02
  0.1516E-02
  0.1496E-02
  0.1528E-02
  0.2417E-02
  0.4036E-02
  0.5753E-02
  0.7130E-02
  0.7846E-02
  0.7666E-02
  0.6082E-02
  0.5368E-02
  0.3268E-02
  0.9693E-02
  0.7481E-02
  0.1136E-01
  0.6336E-02
  0.8343E-02
  0.1165E-01
  0.1124E-01
  0.1181E-01
  0.1194E-01
  0.1217E-01
  0.1198E-01
  0.1219E-01
  0.1219E-01
  0.1219E-01
  0.1217E-01
  0.1215E-01
  0.1214E-01
  0.1212E-01
  0.1210E-01
  0.1208E-01
  0.1206E-01
  0.1204E-01
  0.1202E-01
  0.1200E-01
  0.1198E-01
  0.1196E-01
  0.1194E-01
  0.1192E-01
  0.1190E-01
  0.1188E-01
  0.1186E-01
  0.1184E-01
  0.1182E-01
  0.1180E-01
  0.1178E-01
  0.1175E-01
  0.1173E-01
  0.1171E-01
  0.1169E-01
  0.1167E-01
  0.1165E-01
  0.1162E-01
  0.1160E-01
  0.1157E-01
  0.1155E-01
  0.1153E-01
  0.1150E-01
  0.1148E-01
  0.1146E-01
  0.1143E-01
  0.1141E-01
  0.1138E-01
  0.1135E-01
  0.1133E-01
  0.1130E-01
  0.1127E-01
  0.1124E-01
  0.1121E-01
  0.1119E-01
  0.1116E-01
  0.1113E-01
  0.1110E-01
  0.1107E-01
  0.1104E-01
  0.1100E-01
  0.1097E-01
  0.1093E-01
  0.1090E-01
  0.1087E-01
  0.1083E-01
  0.1080E-01
  0.1076E-01
  0.1073E-01
  0.1069E-01
  0.1065E-01
  0.1061E-01
  0.1058E-01
  0.1054E-01
  0.1049E-01
  0.1046E-01
  0.1042E-01
  0.1036E-01
  0.1033E-01
  0.1029E-01
  0.1023E-01
  0.1015E-01
  0.1015E-01
  0.1009E-01
  0.9886E-02
  0.9983E-02
  0.9886E-02
  0.9820E-02
  0.8996E-02
  0.9713E-02
  0.9384E-02
  0.9476E-02
  0.9388E-02
  0.8911E-02
  0.9154E-02
  0.7381E-02
  0.7578E-02
  0.9132E-02
  0.8752E-02
  0.3537E-02
  0.8728E-02
  0.8495E-02
  0.1649E-02
  0.7635E-02
  0.7992E-02
  0.1344E-02
  0.6785E-02
  0.7072E-02
  0.2736E-02
  0.5494E-02
  0.4931E-02
  0.3428E-02
  0.4124E-02
  0.5332E-02
  0.3763E-02
  0.2109E-02
  0.3446E-02
  0.4040E-02
  0.6140E-03
  0.2701E-02
  0.4061E-02
  0.6331E-03
  0.1988E-02
  0.4439E-02
  0.2028E-02
  0.2455E-02
  0.5029E-02
  0.4281E-02
  0.2799E-02
  0.5401E-02
  0.4886E-02
  0.4155E-03
  0.3841E-02
  0.4030E-02
  0.1446E-02
  0.2391E-02
  0.3575E-02
  0.2512E-02
  0.9750E-03
  0.3547E-02
  0.3366E-02
  0.4913E-03
  0.2769E-02
  0.3798E-02
  0.2300E-02
  0.9476E-03
  0.3586E-02
  0.3503E-02
  0.4592E-03
  0.3627E-02
  0.4152E-02
  0.3084E-02
  0.2759E-02
  0.4018E-02
  0.4283E-02
  0.3692E-02
  0.4350E-02
  0.4900E-02
  0.4959E-02
  0.3722E-02
  0.4962E-02
  0.5079E-02
  0.3900E-02
  0.4987E-02
  0.5201E-02
  0.4646E-02
  0.5332E-02
  0.5326E-02
  0.5220E-02
  0.5384E-02
  0.5220E-02
  0.5190E-02
  0.5198E-02
  0.4444E-02
  0.5321E-02
  0.5330E-02
  0.4892E-02
  0.5200E-02
  0.5128E-02
  0.4967E-02
  0.5132E-02
  0.5146E-02
  0.4965E-02
  0.4847E-02
  0.3819E-02
  0.4566E-02
  0.4351E-02
  0.4785E-02
  0.4433E-02
  0.1100E-02
  0.3894E-02
  0.4312E-02
  0.3511E-02
  0.2440E-02
  0.2009E-02
  0.3227E-02
  0.3378E-02
  0.1884E-02
  0.1170E-02
  0.2470E-02
  0.2773E-02
  0.9955E-03
  0.1199E-02
  0.2483E-02
  0.2064E-02
  0.2174E-03
  0.1715E-02
  0.2297E-02
  0.1211E-02
  0.8515E-03
  0.1952E-02
  0.1917E-02
  0.1980E-03
  0.1664E-02
  0.2591E-02
  0.1314E-02
  0.1561E-02
  0.2117E-02
  0.1213E-02
  0.9665E-03
  0.1734E-02
  0.1288E-02
  0.6622E-03
  0.5558E-03
  0.1391E-02
  0.5627E-03
  0.1643E-02
  0.1433E-02
  0.4974E-03
  0.1871E-02
  0.1536E-02
  0.8287E-03
  0.2114E-02
  0.1319E-02
  0.1544E-02
  0.2148E-02
  0.6048E-03
  0.2132E-02
  0.2412E-02
  0.2698E-03
  0.2360E-02
  0.2449E-02
  0.1186E-02
  0.2344E-02
  0.2440E-02
  0.1098E-02
  0.1374E-02
  0.2066E-02
  0.2499E-02
  0.2617E-02
  0.2831E-02
  0.2891E-02
  0.2926E-02
  0.2918E-02
  0.2804E-02
  0.2826E-02
  0.2590E-02
  0.2788E-02
  0.3022E-02
  0.2934E-02
  0.2332E-02
  0.3136E-02
  0.3136E-02
  0.3197E-02
  0.3196E-02
  0.1791E-02
  0.3212E-02
  0.3229E-02
  0.3110E-02
  0.3212E-02
  0.2951E-02
  0.2953E-02
  0.3214E-02
  0.3231E-02
  0.3241E-02
  0.3235E-02
  0.3234E-02
  0.3222E-02
  0.3193E-02
  0.3092E-02
  0.3124E-02
  0.3181E-02
  0.3167E-02
  0.3115E-02
  0.3125E-02
  0.3005E-02
  0.2663E-02
  0.2491E-02
  0.2684E-02
  0.2997E-02
  0.3059E-02
  0.3047E-02
  0.2984E-02
  0.6599E-03
  0.2959E-02
  0.2994E-02
  0.2988E-02
  0.2955E-02
  0.2795E-02
  0.2292E-02
  0.1665E-02
  0.2862E-02
  0.1008E-02
  0.2871E-02
  0.2887E-02
  0.2874E-02
  0.2343E-02
  0.2839E-02
  0.2834E-02
  0.2800E-02
  0.2171E-02
  0.1118E-02
  0.2678E-02
  0.1379E-02
  0.2379E-02
  0.2728E-02
  0.2718E-02
  0.2647E-02
  0.1112E-02
  0.2559E-02
  0.1606E-02
  0.2575E-02
  0.2526E-02
  0.2585E-02
  0.2532E-02
  0.2182E-02
  0.1891E-02
  0.1537E-02
  0.1424E-02
  0.1975E-02
  0.2463E-02
  0.1512E-02
  0.2457E-02
  0.1760E-02
  0.2128E-02
  0.7308E-03
  0.2335E-02
  0.1957E-02
  0.8902E-03
  0.1721E-02
  0.1907E-02
  0.1910E-02
  0.2173E-02
  0.1503E-02
  0.1424E-02
  0.2277E-02
  0.2229E-02
  0.2155E-02
  0.1590E-02
  0.2126E-02
  0.2157E-02
  0.2078E-02
  0.1396E-02
  0.1441E-02
  0.1798E-02
  0.1295E-02
  0.1713E-02
  0.1582E-02
  0.2039E-02
  0.2084E-02
  0.2066E-02
  0.1823E-02
  0.2027E-02
  0.2009E-02
  0.1838E-02
  0.1732E-02
  0.1857E-02
  0.8172E-03
  0.6938E-03
  0.1074E-02
  0.1705E-02
  0.1883E-02
  0.1880E-02
  0.6591E-03
  0.1874E-02
  0.1873E-02
  0.1633E-02
  0.7960E-03
  0.1806E-02
  0.1829E-02
  0.1802E-02
  0.1678E-02
  0.2677E-03
  0.1602E-02
  0.1760E-02
  0.1779E-02
  0.1778E-02
  0.1750E-02
  0.1763E-02
  0.1755E-02
  0.1745E-02
  0.1733E-02
  0.1723E-02
  0.1682E-02
  0.1696E-02
  0.1686E-02
  0.1671E-02
  0.1635E-02
  0.1521E-02
  0.1645E-02
  0.1636E-02
  0.1624E-02
  0.1343E-02
  0.1595E-02
  0.1560E-02
  0.1580E-02
  0.1565E-02
  0.1459E-02
  0.1533E-02
  0.1427E-02
  0.1521E-02
  0.1507E-02
  0.1486E-02
  0.1431E-02
  0.1062E-02
  0.1164E-02
  0.1410E-02
  0.1429E-02
  0.1418E-02
  0.1273E-02
  0.5689E-03
  0.1372E-02
  0.1382E-02
  0.1225E-02
  0.1333E-02
  0.1366E-02
  0.1357E-02
  0.1338E-02
  0.1288E-02
  0.4166E-03
  0.9859E-03
  0.7108E-03
  0.1271E-02
  0.1278E-02
  0.1283E-02
  0.1026E-02
  0.1252E-02
  0.1172E-02
  0.6032E-03
  0.2980E-03
  0.1041E-02
  0.1171E-02
  0.1087E-02
  0.1364E-03
  0.6578E-03
  0.9420E-03
  0.1134E-02
  0.1151E-02
  0.1165E-02
  0.1159E-02
  0.1113E-02
  0.9071E-03
  0.1064E-02
  0.1121E-02
  0.1110E-02
  0.1062E-02
  0.9235E-03
  0.9119E-03
  0.9128E-03
  0.9956E-03
  0.1051E-02
  0.6902E-03
  0.9741E-03
  0.1033E-02
  0.1042E-02
  0.8351E-03
  0.1001E-02
  0.9487E-03
  0.7504E-03
  0.2430E-03
  0.9326E-03
  0.9774E-03
  0.9348E-03
  0.8574E-03
  0.9745E-03
  0.9585E-03
  0.9283E-03
  0.8212E-03
  0.4655E-03
  0.6921E-03
  0.8460E-03
  0.1073E-03
  0.3678E-03
  0.8816E-03
  0.8782E-03
  0.8129E-03
  0.5061E-03
  0.8457E-03
  0.8943E-03
  0.8441E-03
  0.8839E-03
  0.8741E-03
  0.8126E-03
  0.6353E-03
  0.8024E-03
  0.1108E-03
  0.2878E-03
  0.8230E-03
  0.8373E-03
  0.8360E-03
  0.7690E-03
  0.8285E-03
  0.8237E-03
  0.8093E-03
  0.8081E-03
  0.5719E-03
  0.7856E-03
  0.7458E-03
  0.5462E-03
  0.4665E-03
  0.7507E-03
  0.7382E-03
  0.7359E-03
  0.2545E-03
  0.7374E-03
  0.7381E-03
  0.5074E-03
  0.7342E-03
  0.7088E-03
  0.6804E-03
  0.2049E-03
  0.7024E-03
  0.5242E-03
  0.7011E-03
  0.7082E-03
  0.7060E-03
  0.6780E-03
  0.6706E-03
  0.6572E-03
  0.6842E-03
  0.6334E-03
  0.6243E-03
  0.6702E-03
  0.6701E-03
  0.6623E-03
  0.6497E-03
  0.6307E-03
  0.6382E-03
  0.3204E-03
  0.3908E-03
  0.5914E-03
  0.6195E-03
  0.6164E-03
  0.6259E-03
  0.6183E-03
  0.6064E-03
  0.5914E-03
  0.6095E-03
  0.6011E-03
  0.3336E-03
  0.5991E-03
  0.5953E-03
  0.5864E-03
  0.5670E-03
  0.4993E-03
  0.3475E-03
  0.5397E-03
  0.5564E-03
  0.4571E-03
  0.5607E-03
  0.5472E-03
  0.4851E-03
  0.5299E-03
  0.3565E-03
  0.5416E-03
  0.5325E-03
  0.5380E-03
  0.5270E-03
  0.5132E-03
  0.5138E-03
  0.5060E-03
  0.4811E-03
  0.5138E-03
  0.4887E-03
  0.4958E-03
  0.4220E-03
  0.4982E-03
  0.4848E-03
  0.4336E-03
  0.4857E-03
  0.4809E-03
  0.4027E-03
  0.4713E-03
  0.4700E-03
  0.3922E-03
  0.3183E-03
  0.4515E-03
  0.4560E-03
  0.4443E-03
  0.4495E-03
  0.4216E-03
  0.4131E-03
  0.2986E-03
  0.4199E-03
  0.4318E-03
  0.4149E-03
  0.2356E-03
  0.3537E-03
  0.3760E-03
  0.3894E-03
  0.3910E-03
  0.3636E-03
  0.7201E-04
  0.2882E-03
  0.3361E-03
  0.3412E-03
  0.3257E-03
  0.2579E-03
  0.7154E-05
  0.2677E-03
  0.3105E-03
  0.2984E-03
  0.2574E-03
  0.1152E-03
  0.1210E-03
  0.1810E-03
  0.2111E-03
  0.1593E-03
  0.2514E-03
  0.7191E-05
  0.8679E-04
  0.9156E-05
  0.2022E-03
  0.2333E-03
  0.1174E-03
  0.4426E-05
  0.8067E-05
  0.7184E-04
  0.5145E-04
  0.5648E-04
  0.1547E-03
  0.1083E-04
  0.6930E-04
  0.1067E-03
  0.1693E-03
  0.1021E-03
  0.2574E-04
  0.4984E-04
  0.3284E-05
  0.3900E-05
  0.4778E-04
  0.4525E-04
  0.5815E-04
  0.1488E-04
  0.7743E-05
  0.4386E-05
  0.3371E-05
  0.2916E-04
  0.2930E-04
  0.1493E-04
  0.4941E-05
  0.2893E-05
  0.1019E-04
  0.1885E-04
  0.1936E-04
  0.9612E-05
  0.2830E-05
  0.3775E-05
  0.1509E-04
  0.2215E-04
  0.2095E-04
  0.7509E-05
  0.2586E-05
  0.2511E-04
  0.5121E-04
  0.4692E-04
  0.2382E-04
  0.2406E-05
  0.2420E-05
  0.6438E-05
  0.1783E-04
  0.5845E-04
  0.8141E-04
  0.8717E-04
  0.1125E-04
  0.8254E-04
  0.1670E-03
  0.1634E-03
  0.1884E-03
  0.1923E-04
  0.1604E-03
  0.1634E-03
  0.7283E-04
  0.2283E-04
  0.4575E-04
  0.1136E-03
  0.1102E-03
  0.5072E-04
  0.7175E-05
  0.6693E-04
  0.1135E-03
  0.8453E-04
  0.3250E-05
  0.7920E-04
  0.1203E-03
  0.8119E-04
  0.3099E-04
  0.7237E-04
  0.1569E-03
  0.1590E-03
  0.9015E-04
  0.8622E-04
  0.1627E-03
  0.1778E-03
  0.1293E-03
  0.1013E-03
  0.1669E-03
  0.1832E-03
  0.1209E-03
  0.1059E-03
  0.1595E-03
  0.1807E-03
  0.1370E-03
  0.1010E-03
  0.1541E-03
  0.1625E-03
  0.1220E-03
  0.9674E-04
  0.5133E-04
  0.1242E-03
  0.1525E-03
  0.1397E-03
  0.1136E-03
  0.2693E-05
  0.1443E-04
  0.1151E-03
  0.8289E-04
  0.5602E-04
  0.1260E-04
  0.6723E-04
  0.9590E-04
  0.7315E-04
  0.9830E-05
  0.1468E-04
  0.5251E-04
  0.6942E-04
  0.4507E-04
  0.4464E-05
  0.1629E-04
  0.5001E-04
  0.1439E-04
  0.1331E-04
  0.2122E-05
  0.2208E-04
  0.3898E-04
  0.3247E-04
  0.1084E-05
  0.1893E-05
  0.1473E-04
  0.8286E-05
  0.1768E-05
  0.1030E-05
  0.6449E-05
  0.1016E-05
  0.3716E-05
  0.5850E-05
  0.8693E-05
  0.2732E-05
  0.1812E-05
  0.9498E-06
  0.1848E-05
  0.9306E-06
  0.2377E-05
  0.1482E-05
  0.9026E-06
  0.9238E-06
  0.1434E-05
  0.1617E-05
  0.1216E-05
  0.8595E-06
  0.8492E-06
  0.9455E-06
  0.1323E-05
  0.1181E-05
  0.8292E-06
  0.8071E-06
  0.9502E-06
  0.8531E-06
  0.1582E-05
  0.9883E-06
  0.7670E-06
  0.1422E-05
  0.7747E-06
  0.7440E-06
  0.7364E-06
  0.1348E-05
  0.1764E-05
  0.7143E-06
  0.8302E-06
  0.2037E-05
  0.2734E-05
  0.3190E-05
  0.7343E-06
  0.2458E-05
  0.8850E-05
  0.5929E-05
  0.6528E-06
  0.9592E-06
  0.1871E-05
  0.1074E-04
  0.7971E-05
  0.1005E-04
  0.6929E-06
  0.6108E-06
  0.8890E-05
  0.1336E-04
  0.6472E-05
  0.1734E-05
  0.8311E-06
  0.6854E-05
  0.1384E-04
  0.3688E-05
  0.5246E-05
  0.7784E-06
  0.7059E-05
  0.1426E-04
  0.2319E-05
  0.1159E-04
  0.8193E-06
  0.9412E-05
  0.1760E-04
  0.2484E-04
  0.1524E-04
  0.1656E-05
  0.4981E-06
  0.1991E-05
  0.1046E-04
  0.2494E-04
  0.3617E-04
  0.3676E-04
  0.2073E-04
  0.8490E-05
  0.4762E-04
  0.4423E-04
  0.3674E-04
  0.3812E-04
  0.2864E-04
  0.5575E-04
  0.4249E-04
  0.3180E-04
  0.5442E-04
  0.5672E-04
  0.4383E-04
  0.4121E-04
  0.3057E-04
  0.5140E-04
  0.2871E-04
  0.4156E-04
  0.5235E-04
  0.3654E-04
  0.4403E-04
  0.2904E-04
  0.4233E-04
  0.7393E-05
  0.4828E-04
  0.3529E-04
  0.4908E-04
  0.5886E-04
  0.6381E-04
  0.4089E-04
  0.1724E-04
  0.5065E-04
  0.4366E-04
  0.5146E-04
  0.4933E-04
  0.5674E-04
  0.2683E-04
  0.1559E-04
  0.5385E-04
  0.4037E-04
  0.4848E-04
  0.4235E-04
  0.1729E-04
  0.2304E-04
  0.8627E-05
  0.2717E-04
  0.2939E-04
  0.8729E-05
  0.3738E-04
  0.3364E-04
  0.1540E-04
  0.1927E-04
  0.9447E-05
  0.7643E-05
  0.2695E-04
  0.8256E-05
  0.7716E-06
  0.3569E-05
  0.6315E-05
  0.1037E-05
  0.1251E-05
  0.4248E-05
  0.8096E-06
  0.9541E-06
  0.2773E-06
  0.2662E-05
  0.8973E-06
  0.1748E-05
  0.8983E-06
  0.6296E-06
  0.7828E-06
  0.7264E-06
  0.2198E-06
  0.5275E-06
  0.2283E-06
  0.2170E-06
  0.2109E-06
  0.2336E-06
  0.2758E-06
  0.2045E-06
  0.2837E-06
  0.2015E-06
  0.1982E-06
  0.1963E-06
  0.1943E-06
  0.1925E-06
  0.1902E-06
  0.1883E-06
  0.1865E-06
  0.1844E-06
  0.1825E-06
  0.1806E-06
  0.1788E-06
  0.1770E-06
  0.1751E-06
  0.1733E-06
  0.1716E-06
  0.1698E-06
  0.1680E-06
  0.1663E-06
  0.1646E-06
  0.1629E-06
  0.1612E-06
  0.1596E-06
  0.1579E-06
  0.1563E-06
  0.1547E-06
  0.1531E-06
  0.1515E-06
  0.1500E-06
  0.1484E-06
  0.1469E-06
  0.1454E-06
  0.1439E-06
  0.1424E-06
  0.1410E-06
  0.1395E-06
  0.1381E-06
  0.1367E-06
  0.1352E-06
  0.1339E-06
  0.1325E-06
  0.1311E-06
  0.1298E-06
  0.1284E-06
  0.1271E-06
  0.1258E-06
  0.1245E-06
  0.1232E-06
  0.1219E-06
  0.1207E-06
  0.1194E-06
  0.1182E-06
  0.1170E-06
  0.1158E-06
  0.1146E-06
  0.1134E-06
  0.1122E-06
  0.1111E-06
  0.1099E-06
  0.1088E-06
  0.1077E-06
  0.1066E-06
  0.1055E-06
  0.1044E-06
  0.1033E-06
  0.1022E-06
  0.1012E-06
  0.1001E-06
  0.9911E-07
  0.9808E-07
  0.9707E-07
  0.9607E-07
  0.9508E-07
  0.9409E-07
  0.9312E-07
  0.9216E-07
  0.9121E-07
  0.9027E-07
  0.8933E-07
  0.8841E-07
  0.8750E-07
  0.8659E-07
  0.8570E-07
  0.8481E-07
  0.8394E-07
  0.8307E-07
  0.8221E-07
  0.8136E-07
  0.8052E-07
  0.7969E-07
  0.7886E-07
  0.7805E-07
  0.7724E-07
  0.7644E-07
  0.7565E-07
  0.7487E-07
  0.7409E-07
  0.7333E-07
  0.7257E-07
  0.7182E-07
  0.7107E-07
  0.7034E-07
  0.6961E-07
  0.6889E-07
  0.6818E-07
  0.6747E-07
  0.6677E-07
  0.6608E-07
  0.6540E-07
  0.6472E-07
  0.6405E-07
  0.6338E-07
  0.6273E-07
  0.6208E-07
  0.6143E-07
  0.6080E-07
  0.6017E-07
  0.5954E-07
  0.5893E-07
  0.5832E-07
  0.5771E-07
  0.5711E-07
  0.5652E-07
  0.5594E-07
  0.5536E-07
  0.5482E-07
  0.5446E-07
  0.5477E-07
  0.5699E-07
  0.7339E-07
  0.9821E-07
  0.1434E-06
  0.2204E-06
  0.3495E-06
  0.3742E-06
  0.1241E-05
  0.1930E-05
  0.2858E-06
  0.5768E-05
  0.8695E-05
  0.2352E-06
  0.1086E-04
  0.1196E-04
  0.3651E-05
  0.7487E-05
  0.1180E-04
  0.9099E-05
  0.9617E-07
  0.9729E-05
  0.1189E-04
  0.9984E-05
  0.5260E-06
  0.1077E-04
  0.1238E-04
  0.8100E-05
  0.1022E-04
  0.1119E-04
  0.1033E-04
  0.7689E-05
  0.2526E-05
  0.1130E-06
  0.2644E-05
  0.5133E-05
  0.6185E-05
  0.7579E-05
  0.7920E-05
  0.8091E-05
  0.8311E-05
  0.6518E-05
  0.7017E-05
  0.5730E-05
  0.3204E-05
  0.1804E-05
  0.8709E-05
  0.9672E-05
  0.9459E-05
  0.6853E-05
  0.9404E-05
  0.1159E-04
  0.5920E-05
  0.1168E-04
  0.8995E-05
  0.7705E-05
  0.1064E-04
  0.9970E-05
  0.8624E-05
  0.1052E-04
  0.1019E-04
  0.4702E-05
  0.7427E-05
  0.9321E-05
  0.7389E-05
  0.3094E-06
  0.6761E-05
  0.6016E-05
  0.4898E-05
  0.3256E-06
  0.5622E-05
  0.6685E-05
  0.2231E-05
  0.2067E-05
  0.6196E-05
  0.4828E-05
  0.3217E-07
  0.4801E-05
  0.6088E-05
  0.2775E-05
  0.2328E-05
  0.7385E-05
  0.7045E-05
  0.2180E-05
