 Flux gradient longwave
       14.4189
        8.6283
        3.9445
        0.9594
        0.5178
        0.4446
        0.4265
        0.3838
        0.3566
        0.3186
        0.2980
        0.2995
        0.2573
        0.2631
        0.2318
        0.2360
        0.2113
        0.2239
        0.2083
        0.1956
        0.2117
        0.2029
        0.2027
        0.2074
        0.2210
        0.2144
        0.2333
        0.2472
        0.2595
        0.2437
        0.2469
        0.2218
        0.2136
        0.1814
        0.1706
        0.1515
        0.1748
        0.2000
        0.2401
        0.2523
        0.2315
        0.1757
        0.1395
        0.1207
        0.1095
        0.0948
        0.0630
        0.0263
        0.0109
        0.0152
