 Adiabat temperature at each level [K]
    216.1650
    206.4554
    197.2645
    188.7611
    180.8829
    173.5679
    166.7564
    160.3924
    154.4238
    150.7652
    149.9983
    149.9983
    149.9983
    149.9983
    149.9983
    149.9983
    149.9983
    149.9983
    149.9983
    149.9983
    149.9983
    149.9983
    149.9983
    149.9983
    149.9983
    149.9983
    149.9983
    149.9983
    149.9983
    149.9983
    149.9983
    149.9983
    149.9983
    149.9983
    149.9983
    149.9983
    149.9983
    149.9983
    149.9983
    149.9983
    149.9983
    149.9983
    149.9983
    149.9983
    149.9983
    149.9983
    149.9983
    149.9983
    149.9983
    149.9983
    149.9983
