 Species molar concentration at each layer [mol/mol]
  0.9900E+00
  0.1000E-01
  0.0000E+00
  0.8725E-07
  0.9900E+00
  0.1000E-01
  0.0000E+00
  0.1723E-07
  0.9900E+00
  0.1000E-01
  0.0000E+00
  0.3426E-08
  0.9900E+00
  0.1000E-01
  0.0000E+00
  0.1072E-08
  0.9900E+00
  0.1000E-01
  0.0000E+00
  0.6139E-09
  0.9900E+00
  0.1000E-01
  0.0000E+00
  0.4508E-09
  0.9900E+00
  0.1000E-01
  0.0000E+00
  0.4067E-09
  0.9900E+00
  0.1000E-01
  0.0000E+00
  0.4067E-09
  0.9900E+00
  0.1000E-01
  0.0000E+00
  0.4067E-09
  0.9900E+00
  0.1000E-01
  0.0000E+00
  0.4067E-09
  0.9900E+00
  0.1000E-01
  0.0000E+00
  0.4067E-09
  0.9900E+00
  0.1000E-01
  0.0000E+00
  0.4067E-09
  0.9900E+00
  0.1000E-01
  0.0000E+00
  0.4067E-09
  0.9900E+00
  0.1000E-01
  0.0000E+00
  0.4067E-09
  0.9900E+00
  0.1000E-01
  0.0000E+00
  0.4067E-09
  0.9900E+00
  0.1000E-01
  0.0000E+00
  0.4067E-09
  0.9900E+00
  0.1000E-01
  0.0000E+00
  0.4067E-09
  0.9900E+00
  0.1000E-01
  0.0000E+00
  0.4067E-09
  0.9900E+00
  0.1000E-01
  0.0000E+00
  0.4067E-09
  0.9900E+00
  0.1000E-01
  0.0000E+00
  0.4067E-09
  0.9900E+00
  0.1000E-01
  0.0000E+00
  0.4067E-09
  0.9900E+00
  0.1000E-01
  0.0000E+00
  0.4067E-09
  0.9900E+00
  0.1000E-01
  0.0000E+00
  0.4067E-09
  0.9900E+00
  0.1000E-01
  0.0000E+00
  0.4067E-09
  0.9900E+00
  0.1000E-01
  0.0000E+00
  0.4067E-09
  0.9900E+00
  0.1000E-01
  0.0000E+00
  0.4067E-09
  0.9900E+00
  0.1000E-01
  0.0000E+00
  0.4067E-09
  0.9900E+00
  0.1000E-01
  0.0000E+00
  0.4067E-09
  0.9900E+00
  0.1000E-01
  0.0000E+00
  0.4067E-09
  0.9900E+00
  0.1000E-01
  0.0000E+00
  0.4067E-09
  0.9900E+00
  0.1000E-01
  0.0000E+00
  0.4067E-09
  0.9900E+00
  0.1000E-01
  0.0000E+00
  0.4067E-09
  0.9900E+00
  0.1000E-01
  0.0000E+00
  0.4067E-09
  0.9900E+00
  0.1000E-01
  0.0000E+00
  0.4067E-09
  0.9900E+00
  0.1000E-01
  0.0000E+00
  0.4067E-09
  0.9900E+00
  0.1000E-01
  0.0000E+00
  0.4067E-09
  0.9900E+00
  0.1000E-01
  0.0000E+00
  0.4067E-09
  0.9900E+00
  0.1000E-01
  0.0000E+00
  0.4067E-09
  0.9900E+00
  0.1000E-01
  0.0000E+00
  0.4067E-09
  0.9900E+00
  0.1000E-01
  0.0000E+00
  0.4067E-09
  0.9900E+00
  0.1000E-01
  0.0000E+00
  0.4067E-09
  0.9900E+00
  0.1000E-01
  0.0000E+00
  0.4067E-09
  0.9900E+00
  0.1000E-01
  0.0000E+00
  0.4067E-09
  0.9900E+00
  0.1000E-01
  0.0000E+00
  0.4067E-09
  0.9900E+00
  0.1000E-01
  0.0000E+00
  0.4067E-09
  0.9900E+00
  0.1000E-01
  0.0000E+00
  0.4067E-09
  0.9900E+00
  0.1000E-01
  0.0000E+00
  0.4067E-09
  0.9900E+00
  0.1000E-01
  0.0000E+00
  0.4067E-09
  0.9900E+00
  0.1000E-01
  0.0000E+00
  0.4067E-09
  0.9900E+00
  0.1000E-01
  0.0000E+00
  0.4067E-09
