 Downwards broadband flux at each level [W/m2]
       79.8067
       49.1381
       29.2877
       20.4198
       16.5366
       14.4015
       13.0303
       12.0953
       11.5179
       11.2502
       11.2660
       11.4945
       11.8704
       12.3040
       12.6774
       12.9422
       13.0981
       13.2067
       13.2780
       13.3580
       13.4529
       13.5140
       13.5468
       13.5995
       13.6406
       13.6785
       13.6917
       13.6534
       13.5804
       13.4605
       13.2314
       12.9032
       12.4596
       11.8484
       11.1230
       10.2539
        9.2819
        8.2001
        7.1182
        6.0930
        5.1779
        4.3737
        3.5530
        2.7254
        1.9960
        1.4681
        0.9745
        0.5092
        0.1204
        0.0177
        0.0000
