 Spectral outgoing longwave flux [W/m2/cm^-1]
  0.5366E-05
  0.2705E-04
  0.6516E-04
  0.1195E-03
  0.1897E-03
  0.2758E-03
  0.3772E-03
  0.4938E-03
  0.6232E-03
  0.7672E-03
  0.9252E-03
  0.1095E-02
  0.1276E-02
  0.1462E-02
  0.1649E-02
  0.1892E-02
  0.2143E-02
  0.2395E-02
  0.2649E-02
  0.2901E-02
  0.3194E-02
  0.3505E-02
  0.3815E-02
  0.4124E-02
  0.4424E-02
  0.4718E-02
  0.5020E-02
  0.5322E-02
  0.5567E-02
  0.5869E-02
  0.6225E-02
  0.6658E-02
  0.7100E-02
  0.7629E-02
  0.8097E-02
  0.8522E-02
  0.8895E-02
  0.9265E-02
  0.9777E-02
  0.1024E-01
  0.1064E-01
  0.1097E-01
  0.1122E-01
  0.1142E-01
  0.1182E-01
  0.1215E-01
  0.1300E-01
  0.1371E-01
  0.1432E-01
  0.1480E-01
  0.1531E-01
  0.1593E-01
  0.1658E-01
  0.1707E-01
  0.1749E-01
  0.1798E-01
  0.1831E-01
  0.1866E-01
  0.1901E-01
  0.1960E-01
  0.2027E-01
  0.2105E-01
  0.2147E-01
  0.2185E-01
  0.2259E-01
  0.2324E-01
  0.2397E-01
  0.2453E-01
  0.2475E-01
  0.2467E-01
  0.2522E-01
  0.2601E-01
  0.2660E-01
  0.2742E-01
  0.2769E-01
  0.2872E-01
  0.2936E-01
  0.2984E-01
  0.2995E-01
  0.3010E-01
  0.3073E-01
  0.3203E-01
  0.3282E-01
  0.3331E-01
  0.3399E-01
  0.3521E-01
  0.3615E-01
  0.3666E-01
  0.3711E-01
  0.3795E-01
  0.3919E-01
  0.4001E-01
  0.4055E-01
  0.4081E-01
  0.4094E-01
  0.4062E-01
  0.4057E-01
  0.4099E-01
  0.4262E-01
  0.4347E-01
  0.4317E-01
  0.4400E-01
  0.4491E-01
  0.4612E-01
  0.4621E-01
  0.4635E-01
  0.4696E-01
  0.4876E-01
  0.4992E-01
  0.5014E-01
  0.4895E-01
  0.4983E-01
  0.5116E-01
  0.5297E-01
  0.5421E-01
  0.5479E-01
  0.5482E-01
  0.5421E-01
  0.5325E-01
  0.5318E-01
  0.5425E-01
  0.5474E-01
  0.5678E-01
  0.5802E-01
  0.5931E-01
  0.5858E-01
  0.5962E-01
  0.6249E-01
  0.6398E-01
  0.6494E-01
  0.6559E-01
  0.6584E-01
  0.6542E-01
  0.6515E-01
  0.6440E-01
  0.6280E-01
  0.6329E-01
  0.6564E-01
  0.6699E-01
  0.6806E-01
  0.6697E-01
  0.6804E-01
  0.6974E-01
  0.7214E-01
  0.7228E-01
  0.7395E-01
  0.7568E-01
  0.7672E-01
  0.7694E-01
  0.7594E-01
  0.7558E-01
  0.7817E-01
  0.7972E-01
  0.7999E-01
  0.7838E-01
  0.7866E-01
  0.8099E-01
  0.8093E-01
  0.8070E-01
  0.7914E-01
  0.7604E-01
  0.7478E-01
  0.7423E-01
  0.7839E-01
  0.8090E-01
  0.8022E-01
  0.8126E-01
  0.8230E-01
  0.8577E-01
  0.8628E-01
  0.8784E-01
  0.8867E-01
  0.9121E-01
  0.9228E-01
  0.9243E-01
  0.9141E-01
  0.8881E-01
  0.8851E-01
  0.8964E-01
  0.8933E-01
  0.8637E-01
  0.8401E-01
  0.8558E-01
  0.9167E-01
  0.9462E-01
  0.9791E-01
  0.1001E+00
  0.1019E+00
  0.1031E+00
  0.1040E+00
  0.1046E+00
  0.1049E+00
  0.1048E+00
  0.1039E+00
  0.1018E+00
  0.9846E-01
  0.9695E-01
  0.9493E-01
  0.9545E-01
  0.1000E+00
  0.1011E+00
  0.9766E-01
  0.8966E-01
  0.9279E-01
  0.1015E+00
  0.1066E+00
  0.1101E+00
  0.1124E+00
  0.1140E+00
  0.1150E+00
  0.1153E+00
  0.1144E+00
  0.1124E+00
  0.1144E+00
  0.1172E+00
  0.1185E+00
  0.1188E+00
  0.1183E+00
  0.1173E+00
  0.1146E+00
  0.1104E+00
  0.1047E+00
  0.9966E-01
  0.1064E+00
  0.1082E+00
  0.1070E+00
  0.1128E+00
  0.1176E+00
  0.1201E+00
  0.1200E+00
  0.1169E+00
  0.1151E+00
  0.1202E+00
  0.1245E+00
  0.1269E+00
  0.1281E+00
  0.1283E+00
  0.1276E+00
  0.1258E+00
  0.1230E+00
  0.1171E+00
  0.1071E+00
  0.1051E+00
  0.1184E+00
  0.1256E+00
  0.1299E+00
  0.1324E+00
  0.1339E+00
  0.1348E+00
  0.1349E+00
  0.1337E+00
  0.1311E+00
  0.1332E+00
  0.1357E+00
  0.1363E+00
  0.1354E+00
  0.1328E+00
  0.1275E+00
  0.1204E+00
  0.1236E+00
  0.1254E+00
  0.1161E+00
  0.1220E+00
  0.1317E+00
  0.1361E+00
  0.1371E+00
  0.1351E+00
  0.1307E+00
  0.1333E+00
  0.1383E+00
  0.1404E+00
  0.1399E+00
  0.1398E+00
  0.1413E+00
  0.1418E+00
  0.1433E+00
  0.1432E+00
  0.1417E+00
  0.1353E+00
  0.1186E+00
  0.1293E+00
  0.1282E+00
  0.1329E+00
  0.1323E+00
  0.1370E+00
  0.1360E+00
  0.1405E+00
  0.1449E+00
  0.1476E+00
  0.1490E+00
  0.1498E+00
  0.1502E+00
  0.1503E+00
  0.1498E+00
  0.1480E+00
  0.1450E+00
  0.1466E+00
  0.1471E+00
  0.1414E+00
  0.1327E+00
  0.1376E+00
  0.1458E+00
  0.1501E+00
  0.1516E+00
  0.1519E+00
  0.1513E+00
  0.1490E+00
  0.1466E+00
  0.1488E+00
  0.1517E+00
  0.1529E+00
  0.1533E+00
  0.1531E+00
  0.1520E+00
  0.1457E+00
  0.1429E+00
  0.1452E+00
  0.1418E+00
  0.1415E+00
  0.1455E+00
  0.1501E+00
  0.1531E+00
  0.1542E+00
  0.1547E+00
  0.1550E+00
  0.1552E+00
  0.1553E+00
  0.1553E+00
  0.1552E+00
  0.1548E+00
  0.1543E+00
  0.1531E+00
  0.1508E+00
  0.1459E+00
  0.1391E+00
  0.1389E+00
  0.1456E+00
  0.1489E+00
  0.1503E+00
  0.1524E+00
  0.1533E+00
  0.1544E+00
  0.1548E+00
  0.1547E+00
  0.1542E+00
  0.1547E+00
  0.1549E+00
  0.1547E+00
  0.1522E+00
  0.1541E+00
  0.1546E+00
  0.1541E+00
  0.1527E+00
  0.1515E+00
  0.1510E+00
  0.1532E+00
  0.1534E+00
  0.1531E+00
  0.1537E+00
  0.1535E+00
  0.1530E+00
  0.1521E+00
  0.1515E+00
  0.1509E+00
  0.1485E+00
  0.1439E+00
  0.1449E+00
  0.1489E+00
  0.1498E+00
  0.1508E+00
  0.1512E+00
  0.1512E+00
  0.1509E+00
  0.1500E+00
  0.1486E+00
  0.1456E+00
  0.1383E+00
  0.1389E+00
  0.1446E+00
  0.1479E+00
  0.1487E+00
  0.1491E+00
  0.1488E+00
  0.1480E+00
  0.1473E+00
  0.1466E+00
  0.1451E+00
  0.1449E+00
  0.1449E+00
  0.1450E+00
  0.1445E+00
  0.1438E+00
  0.1428E+00
  0.1419E+00
  0.1415E+00
  0.1409E+00
  0.1403E+00
  0.1395E+00
  0.1386E+00
  0.1370E+00
  0.1349E+00
  0.1320E+00
  0.1304E+00
  0.1266E+00
  0.1198E+00
  0.1085E+00
  0.9764E-01
  0.1016E+00
  0.1028E+00
  0.1002E+00
  0.9629E-01
  0.9214E-01
  0.8788E-01
  0.8348E-01
  0.7933E-01
  0.7591E-01
  0.7303E-01
  0.7116E-01
  0.6947E-01
  0.6783E-01
  0.6694E-01
  0.6777E-01
  0.6536E-01
  0.6460E-01
  0.6419E-01
  0.6429E-01
  0.6718E-01
  0.6518E-01
  0.6392E-01
  0.6287E-01
  0.6290E-01
  0.6362E-01
  0.6295E-01
  0.6105E-01
  0.6611E-01
  0.8293E-01
  0.6590E-01
  0.6044E-01
  0.6075E-01
  0.6665E-01
  0.6122E-01
  0.5974E-01
  0.5950E-01
  0.6071E-01
  0.6459E-01
  0.5902E-01
  0.5801E-01
  0.5831E-01
  0.6048E-01
  0.5890E-01
  0.5811E-01
  0.5837E-01
  0.6133E-01
  0.6168E-01
  0.6269E-01
  0.6846E-01
  0.6765E-01
  0.7304E-01
  0.7423E-01
  0.7939E-01
  0.7397E-01
  0.8102E-01
  0.8271E-01
  0.8388E-01
  0.8683E-01
  0.8686E-01
  0.8516E-01
  0.8644E-01
  0.8359E-01
  0.2881E-01
  0.8299E-01
  0.8304E-01
  0.7343E-01
  0.7041E-01
  0.5205E-01
  0.6632E-01
  0.6570E-01
  0.3354E-01
  0.4921E-01
  0.4807E-01
  0.4003E-01
  0.6245E-01
  0.5572E-01
  0.3771E-01
  0.4434E-01
  0.4100E-01
  0.5548E-01
  0.4961E-01
  0.3223E-01
  0.4112E-01
  0.5002E-01
  0.4542E-01
  0.4444E-01
  0.2373E-01
  0.3795E-01
  0.4538E-01
  0.3479E-01
  0.3173E-01
  0.3600E-01
  0.4200E-01
  0.3847E-01
  0.2771E-01
  0.2931E-01
  0.2914E-01
  0.3204E-01
  0.2696E-01
  0.2316E-01
  0.2372E-01
  0.2164E-01
  0.2709E-01
  0.2457E-01
  0.2123E-01
  0.2356E-01
  0.2188E-01
  0.2269E-01
  0.2294E-01
  0.2099E-01
  0.2045E-01
  0.2033E-01
  0.2020E-01
  0.2092E-01
  0.2028E-01
  0.1982E-01
  0.1971E-01
  0.2003E-01
  0.2005E-01
  0.1969E-01
  0.1922E-01
  0.1909E-01
  0.1900E-01
  0.1934E-01
  0.1873E-01
  0.1861E-01
  0.1849E-01
  0.1837E-01
  0.1825E-01
  0.1816E-01
  0.1832E-01
  0.1826E-01
  0.1780E-01
  0.1768E-01
  0.1759E-01
  0.1788E-01
  0.1782E-01
  0.1727E-01
  0.1711E-01
  0.1737E-01
  0.1756E-01
  0.1756E-01
  0.1672E-01
  0.1673E-01
  0.1803E-01
  0.1841E-01
  0.1758E-01
  0.1613E-01
  0.1855E-01
  0.2045E-01
  0.2009E-01
  0.1712E-01
  0.1960E-01
  0.2129E-01
  0.2434E-01
  0.2179E-01
  0.2009E-01
  0.2744E-01
  0.2191E-01
  0.2899E-01
  0.1844E-01
  0.2304E-01
  0.2458E-01
  0.2411E-01
  0.2754E-01
  0.2007E-01
  0.3237E-01
  0.2329E-01
  0.1484E-01
  0.1822E-01
  0.2101E-01
  0.3264E-01
  0.3576E-01
  0.3593E-01
  0.2961E-01
  0.1337E-01
  0.2829E-01
  0.3432E-01
  0.2044E-01
  0.3123E-01
  0.2128E-01
  0.2480E-01
  0.3509E-01
  0.2218E-01
  0.3161E-01
  0.3201E-01
  0.1298E-01
  0.3620E-01
  0.4415E-01
  0.4830E-01
  0.4788E-01
  0.4229E-01
  0.1841E-01
  0.2608E-01
  0.5093E-01
  0.5052E-01
  0.5020E-01
  0.4846E-01
  0.3688E-01
  0.4777E-01
  0.4413E-01
  0.4235E-01
  0.4078E-01
  0.4059E-01
  0.4117E-01
  0.3614E-01
  0.3169E-01
  0.3025E-01
  0.2948E-01
  0.3347E-01
  0.2778E-01
  0.2640E-01
  0.2616E-01
  0.2771E-01
  0.3342E-01
  0.2737E-01
  0.2618E-01
  0.2623E-01
  0.2850E-01
  0.3363E-01
  0.2672E-01
  0.2525E-01
  0.2549E-01
  0.2668E-01
  0.2922E-01
  0.3921E-01
  0.3957E-01
  0.2970E-01
  0.2604E-01
  0.2507E-01
  0.2598E-01
  0.3147E-01
  0.2906E-01
  0.2509E-01
  0.2411E-01
  0.2488E-01
  0.2914E-01
  0.2688E-01
  0.2292E-01
  0.2193E-01
  0.2205E-01
  0.2385E-01
  0.2286E-01
  0.2072E-01
  0.2040E-01
  0.2047E-01
  0.2101E-01
  0.2123E-01
  0.2145E-01
  0.2234E-01
  0.2327E-01
  0.2434E-01
  0.2571E-01
  0.2677E-01
  0.2521E-01
  0.2337E-01
  0.2785E-01
  0.3274E-01
  0.3661E-01
  0.3931E-01
  0.4112E-01
  0.4245E-01
  0.4336E-01
  0.4421E-01
  0.4478E-01
  0.4533E-01
  0.4601E-01
  0.4654E-01
  0.4699E-01
  0.4743E-01
  0.4814E-01
  0.4891E-01
  0.4937E-01
  0.4971E-01
  0.5020E-01
  0.5089E-01
  0.5123E-01
  0.5108E-01
  0.5065E-01
  0.5147E-01
  0.5144E-01
  0.4986E-01
  0.4548E-01
  0.3761E-01
  0.3714E-01
  0.4569E-01
  0.5010E-01
  0.5165E-01
  0.5203E-01
  0.5182E-01
  0.5138E-01
  0.5104E-01
  0.5054E-01
  0.4995E-01
  0.4948E-01
  0.4874E-01
  0.4827E-01
  0.4780E-01
  0.4662E-01
  0.4605E-01
  0.4510E-01
  0.4359E-01
  0.4284E-01
  0.4155E-01
  0.3983E-01
  0.3867E-01
  0.3763E-01
  0.3582E-01
  0.3433E-01
  0.3367E-01
  0.3211E-01
  0.3038E-01
  0.3003E-01
  0.2902E-01
  0.2768E-01
  0.2706E-01
  0.2652E-01
  0.2588E-01
  0.2534E-01
  0.2491E-01
  0.2439E-01
  0.2432E-01
  0.2349E-01
  0.2297E-01
  0.2176E-01
  0.2055E-01
  0.1974E-01
  0.1827E-01
  0.1790E-01
  0.1670E-01
  0.1618E-01
  0.1565E-01
  0.1451E-01
  0.1439E-01
  0.1347E-01
  0.1288E-01
  0.1257E-01
  0.1219E-01
  0.1165E-01
  0.1138E-01
  0.1235E-01
  0.1102E-01
  0.1094E-01
  0.1258E-01
  0.1081E-01
  0.1092E-01
  0.1477E-01
  0.1102E-01
  0.1099E-01
  0.1429E-01
  0.1187E-01
  0.1105E-01
  0.1213E-01
  0.1529E-01
  0.1141E-01
  0.1103E-01
  0.1216E-01
  0.1406E-01
  0.1074E-01
  0.1021E-01
  0.1022E-01
  0.1001E-01
  0.9923E-02
  0.1052E-01
  0.1337E-01
  0.1289E-01
  0.1141E-01
  0.1085E-01
  0.1068E-01
  0.1073E-01
  0.1091E-01
  0.1114E-01
  0.1133E-01
  0.1136E-01
  0.1112E-01
  0.1058E-01
  0.9868E-02
  0.9211E-02
  0.8770E-02
  0.8580E-02
  0.8624E-02
  0.8867E-02
  0.9319E-02
  0.1005E-01
  0.1103E-01
  0.1234E-01
  0.1401E-01
  0.1585E-01
  0.1760E-01
  0.1952E-01
  0.2079E-01
  0.2152E-01
  0.2262E-01
  0.2266E-01
  0.2249E-01
  0.2285E-01
  0.2253E-01
  0.2190E-01
  0.2173E-01
  0.2166E-01
  0.2065E-01
  0.2048E-01
  0.1961E-01
  0.1945E-01
  0.1806E-01
  0.1732E-01
  0.1622E-01
  0.1407E-01
  0.1337E-01
  0.1122E-01
  0.1069E-01
  0.9531E-02
  0.8736E-02
  0.8417E-02
  0.7831E-02
  0.7555E-02
  0.7205E-02
  0.6950E-02
  0.6787E-02
  0.7116E-02
  0.6527E-02
  0.6421E-02
  0.7944E-02
  0.6377E-02
  0.6617E-02
  0.8069E-02
  0.6567E-02
  0.7161E-02
  0.9178E-02
  0.6990E-02
  0.7540E-02
  0.1167E-01
  0.7662E-02
  0.7566E-02
  0.1062E-01
  0.9074E-02
  0.7565E-02
  0.8117E-02
  0.1147E-01
  0.8244E-02
  0.6959E-02
  0.6882E-02
  0.7290E-02
  0.5834E-02
  0.6258E-02
  0.9104E-02
  0.8859E-02
  0.7838E-02
  0.7516E-02
  0.7574E-02
  0.7917E-02
  0.8501E-02
  0.9234E-02
  0.9991E-02
  0.1036E-01
  0.9237E-02
  0.7468E-02
  0.8824E-02
  0.7958E-02
  0.6574E-02
  0.5625E-02
  0.5092E-02
  0.4833E-02
  0.4751E-02
  0.4803E-02
  0.4912E-02
  0.5078E-02
  0.5462E-02
  0.6038E-02
  0.6826E-02
  0.7850E-02
  0.9112E-02
  0.1058E-01
  0.1219E-01
  0.1382E-01
  0.1540E-01
  0.1685E-01
  0.1811E-01
  0.1916E-01
  0.2001E-01
  0.2067E-01
  0.2117E-01
  0.2153E-01
  0.2177E-01
  0.2192E-01
  0.2206E-01
  0.2206E-01
  0.2202E-01
  0.2197E-01
  0.2189E-01
  0.2179E-01
  0.2169E-01
  0.2159E-01
  0.2148E-01
  0.2136E-01
  0.2125E-01
  0.2114E-01
  0.2102E-01
  0.2091E-01
  0.2080E-01
  0.2068E-01
  0.2057E-01
  0.2046E-01
  0.2035E-01
  0.2025E-01
  0.2014E-01
  0.2003E-01
  0.1992E-01
  0.1981E-01
  0.1971E-01
  0.1960E-01
  0.1949E-01
  0.1939E-01
  0.1928E-01
  0.1918E-01
  0.1908E-01
  0.1897E-01
  0.1887E-01
  0.1877E-01
  0.1867E-01
  0.1856E-01
  0.1846E-01
  0.1836E-01
  0.1826E-01
  0.1816E-01
  0.1806E-01
  0.1796E-01
  0.1787E-01
  0.1777E-01
  0.1767E-01
  0.1757E-01
  0.1746E-01
  0.1736E-01
  0.1728E-01
  0.1719E-01
  0.1710E-01
  0.1700E-01
  0.1691E-01
  0.1681E-01
  0.1672E-01
  0.1662E-01
  0.1652E-01
  0.1643E-01
  0.1634E-01
  0.1625E-01
  0.1615E-01
  0.1605E-01
  0.1595E-01
  0.1584E-01
  0.1573E-01
  0.1561E-01
  0.1548E-01
  0.1535E-01
  0.1520E-01
  0.1504E-01
  0.1485E-01
  0.1463E-01
  0.1439E-01
  0.1411E-01
  0.1378E-01
  0.1342E-01
  0.1298E-01
  0.1249E-01
  0.1197E-01
  0.1136E-01
  0.1069E-01
  0.9961E-02
  0.9185E-02
  0.8388E-02
  0.7569E-02
  0.6680E-02
  0.5931E-02
  0.5195E-02
  0.4623E-02
  0.4137E-02
  0.3694E-02
  0.3883E-02
  0.3582E-02
  0.3560E-02
  0.4430E-02
  0.4194E-02
  0.4172E-02
  0.5024E-02
  0.5089E-02
  0.4834E-02
  0.5267E-02
  0.5100E-02
  0.5124E-02
  0.5298E-02
  0.2819E-02
  0.5153E-02
  0.5208E-02
  0.2728E-02
  0.5014E-02
  0.5128E-02
  0.4564E-02
  0.4822E-02
  0.4913E-02
  0.4869E-02
  0.4489E-02
  0.4164E-02
  0.4653E-02
  0.1257E-02
  0.4824E-02
  0.4807E-02
  0.3956E-02
  0.4547E-02
  0.4724E-02
  0.4577E-02
  0.3461E-02
  0.4613E-02
  0.4577E-02
  0.2419E-02
  0.4422E-02
  0.4285E-02
  0.4357E-02
  0.3548E-02
  0.3830E-02
  0.3750E-02
  0.2964E-02
  0.3277E-02
  0.3018E-02
  0.3202E-02
  0.2880E-02
  0.2737E-02
  0.2819E-02
  0.2991E-02
  0.3389E-02
  0.3813E-02
  0.4381E-02
  0.4985E-02
  0.5677E-02
  0.6318E-02
  0.6766E-02
  0.7362E-02
  0.7778E-02
  0.8046E-02
  0.8333E-02
  0.8493E-02
  0.8581E-02
  0.8616E-02
  0.8563E-02
  0.8426E-02
  0.8301E-02
  0.8031E-02
  0.7904E-02
  0.7606E-02
  0.7191E-02
  0.6932E-02
  0.6628E-02
  0.6155E-02
  0.5774E-02
  0.5388E-02
  0.4891E-02
  0.4449E-02
  0.4056E-02
  0.3629E-02
  0.3284E-02
  0.2872E-02
  0.2575E-02
  0.2468E-02
  0.2154E-02
  0.1978E-02
  0.2077E-02
  0.2316E-02
  0.2519E-02
  0.2321E-02
  0.2486E-02
  0.2910E-02
  0.2933E-02
  0.2880E-02
  0.2936E-02
  0.2808E-02
  0.2869E-02
  0.2996E-02
  0.2998E-02
  0.9320E-03
  0.2922E-02
  0.2943E-02
  0.2705E-02
  0.2417E-02
  0.2808E-02
  0.2812E-02
  0.2229E-03
  0.2526E-02
  0.2455E-02
  0.2529E-02
  0.2712E-02
  0.2718E-02
  0.2547E-02
  0.2439E-02
  0.2695E-02
  0.2583E-02
  0.2160E-02
  0.2515E-02
  0.2592E-02
  0.2077E-02
  0.2551E-02
  0.2548E-02
  0.2020E-02
  0.2382E-02
  0.2418E-02
  0.2274E-02
  0.2074E-02
  0.2182E-02
  0.2080E-02
  0.1670E-02
  0.1849E-02
  0.1537E-02
  0.1361E-02
  0.1550E-02
  0.1335E-02
  0.1399E-02
  0.1591E-02
  0.1681E-02
  0.1882E-02
  0.2075E-02
  0.2346E-02
  0.2646E-02
  0.2932E-02
  0.3193E-02
  0.3435E-02
  0.3649E-02
  0.3840E-02
  0.3943E-02
  0.3884E-02
  0.3567E-02
  0.3323E-02
  0.3233E-02
  0.3891E-02
  0.4214E-02
  0.4244E-02
  0.4390E-02
  0.4525E-02
  0.4519E-02
  0.4378E-02
  0.4165E-02
  0.4283E-02
  0.4295E-02
  0.4167E-02
  0.3859E-02
  0.3227E-02
  0.3280E-02
  0.3836E-02
  0.4128E-02
  0.4235E-02
  0.4263E-02
  0.4238E-02
  0.4167E-02
  0.4018E-02
  0.3768E-02
  0.3733E-02
  0.3833E-02
  0.3765E-02
  0.3593E-02
  0.3385E-02
  0.2909E-02
  0.2361E-02
  0.2282E-02
  0.2608E-02
  0.2987E-02
  0.3235E-02
  0.3265E-02
  0.3085E-02
  0.2766E-02
  0.3051E-02
  0.3220E-02
  0.3219E-02
  0.3045E-02
  0.2686E-02
  0.2412E-02
  0.2386E-02
  0.2685E-02
  0.2707E-02
  0.2976E-02
  0.3154E-02
  0.3188E-02
  0.3139E-02
  0.3145E-02
  0.3115E-02
  0.3011E-02
  0.2814E-02
  0.2586E-02
  0.2551E-02
  0.2408E-02
  0.2457E-02
  0.2613E-02
  0.2580E-02
  0.2340E-02
  0.1996E-02
  0.2137E-02
  0.2158E-02
  0.2296E-02
  0.2354E-02
  0.2274E-02
  0.2059E-02
  0.1711E-02
  0.1514E-02
  0.1554E-02
  0.1791E-02
  0.1977E-02
  0.2119E-02
  0.2124E-02
  0.2182E-02
  0.2097E-02
  0.1956E-02
  0.1818E-02
  0.1860E-02
  0.1707E-02
  0.1527E-02
  0.1604E-02
  0.1755E-02
  0.1781E-02
  0.1824E-02
  0.1910E-02
  0.1945E-02
  0.1994E-02
  0.1943E-02
  0.1801E-02
  0.1649E-02
  0.1699E-02
  0.1673E-02
  0.1487E-02
  0.1213E-02
  0.1146E-02
  0.1223E-02
  0.1295E-02
  0.1471E-02
  0.1553E-02
  0.1675E-02
  0.1782E-02
  0.1796E-02
  0.1755E-02
  0.1738E-02
  0.1659E-02
  0.1498E-02
  0.1399E-02
  0.1315E-02
  0.1106E-02
  0.1007E-02
  0.1030E-02
  0.1196E-02
  0.1413E-02
  0.1524E-02
  0.1530E-02
  0.1606E-02
  0.1590E-02
  0.1468E-02
  0.1369E-02
  0.1499E-02
  0.1545E-02
  0.1465E-02
  0.1267E-02
  0.1010E-02
  0.1254E-02
  0.1482E-02
  0.1641E-02
  0.1735E-02
  0.1789E-02
  0.1833E-02
  0.1854E-02
  0.1871E-02
  0.1874E-02
  0.1870E-02
  0.1862E-02
  0.1855E-02
  0.1835E-02
  0.1814E-02
  0.1801E-02
  0.1803E-02
  0.1807E-02
  0.1799E-02
  0.1783E-02
  0.1755E-02
  0.1741E-02
  0.1720E-02
  0.1710E-02
  0.1679E-02
  0.1638E-02
  0.1603E-02
  0.1568E-02
  0.1537E-02
  0.1472E-02
  0.1354E-02
  0.1171E-02
  0.9460E-03
  0.9593E-03
  0.1148E-02
  0.1260E-02
  0.1270E-02
  0.1193E-02
  0.1105E-02
  0.1211E-02
  0.1253E-02
  0.1209E-02
  0.1226E-02
  0.1262E-02
  0.1242E-02
  0.1164E-02
  0.1020E-02
  0.8304E-03
  0.8349E-03
  0.9479E-03
  0.1063E-02
  0.1129E-02
  0.1143E-02
  0.1116E-02
  0.1040E-02
  0.9013E-03
  0.7834E-03
  0.8065E-03
  0.8384E-03
  0.8200E-03
  0.6936E-03
  0.5236E-03
  0.5586E-03
  0.6932E-03
  0.8401E-03
  0.9435E-03
  0.9984E-03
  0.1005E-02
  0.9691E-03
  0.8904E-03
  0.9182E-03
  0.9754E-03
  0.9723E-03
  0.9076E-03
  0.7983E-03
  0.7764E-03
  0.8236E-03
  0.8604E-03
  0.8414E-03
  0.7427E-03
  0.7868E-03
  0.8786E-03
  0.9037E-03
  0.8722E-03
  0.8169E-03
  0.7078E-03
  0.5841E-03
  0.5160E-03
  0.6479E-03
  0.7662E-03
  0.8188E-03
  0.8369E-03
  0.8445E-03
  0.8152E-03
  0.7298E-03
  0.5856E-03
  0.5041E-03
  0.5857E-03
  0.5725E-03
  0.4521E-03
  0.5259E-03
  0.6470E-03
  0.6970E-03
  0.7034E-03
  0.7110E-03
  0.7745E-03
  0.8278E-03
  0.8395E-03
  0.8440E-03
  0.8182E-03
  0.7364E-03
  0.6369E-03
  0.5963E-03
  0.4919E-03
  0.5719E-03
  0.7039E-03
  0.7972E-03
  0.8369E-03
  0.8471E-03
  0.8712E-03
  0.8788E-03
  0.8627E-03
  0.8231E-03
  0.7589E-03
  0.7121E-03
  0.5889E-03
  0.4639E-03
  0.5020E-03
  0.6276E-03
  0.6860E-03
  0.6624E-03
  0.6044E-03
  0.6879E-03
  0.7310E-03
  0.7428E-03
  0.7630E-03
  0.7492E-03
  0.7137E-03
  0.6778E-03
  0.6610E-03
  0.5365E-03
  0.6703E-03
  0.7647E-03
  0.7737E-03
  0.7246E-03
  0.7162E-03
  0.7519E-03
  0.7379E-03
  0.6701E-03
  0.6650E-03
  0.7298E-03
  0.7576E-03
  0.7434E-03
  0.6463E-03
  0.5871E-03
  0.6107E-03
  0.5116E-03
  0.4464E-03
  0.5151E-03
  0.6130E-03
  0.6693E-03
  0.7117E-03
  0.7192E-03
  0.7011E-03
  0.6966E-03
  0.7287E-03
  0.7256E-03
  0.5997E-03
  0.7206E-03
  0.7247E-03
  0.6977E-03
  0.6380E-03
  0.5592E-03
  0.5000E-03
  0.5494E-03
  0.6167E-03
  0.6417E-03
  0.6606E-03
  0.6399E-03
  0.6172E-03
  0.5948E-03
  0.6366E-03
  0.6831E-03
  0.6954E-03
  0.6935E-03
  0.6770E-03
  0.6683E-03
  0.6443E-03
  0.6357E-03
  0.6538E-03
  0.6679E-03
  0.6709E-03
  0.6672E-03
  0.6221E-03
  0.6563E-03
  0.6478E-03
  0.6349E-03
  0.6104E-03
  0.5815E-03
  0.5321E-03
  0.5396E-03
  0.5436E-03
  0.5042E-03
  0.4662E-03
  0.5028E-03
  0.5413E-03
  0.5518E-03
  0.5497E-03
  0.5336E-03
  0.5116E-03
  0.4933E-03
  0.4727E-03
  0.4351E-03
  0.3737E-03
  0.2941E-03
  0.2782E-03
  0.2952E-03
  0.2823E-03
  0.2566E-03
  0.2245E-03
  0.1915E-03
  0.1657E-03
  0.1471E-03
  0.1303E-03
  0.1128E-03
  0.9698E-04
  0.9555E-04
  0.8084E-04
  0.7590E-04
  0.7169E-04
  0.7088E-04
  0.8146E-04
  0.8041E-04
  0.6607E-04
  0.6465E-04
  0.6722E-04
  0.7155E-04
  0.9096E-04
  0.1117E-03
  0.7531E-04
  0.7675E-04
  0.7503E-04
  0.8632E-04
  0.7708E-04
  0.8455E-04
  0.1059E-03
  0.9830E-04
  0.1073E-03
  0.9983E-04
  0.1158E-03
  0.1238E-03
  0.1089E-03
  0.9161E-04
  0.9501E-04
  0.9437E-04
  0.1097E-03
  0.7436E-04
  0.7540E-04
  0.1199E-03
  0.1161E-03
  0.1226E-03
  0.1079E-03
  0.1005E-03
  0.6696E-04
  0.8729E-04
  0.1231E-03
  0.1212E-03
  0.1060E-03
  0.5779E-04
  0.2386E-04
  0.8004E-04
  0.9786E-04
  0.9678E-04
  0.7332E-04
  0.2250E-04
  0.3506E-04
  0.7935E-04
  0.9248E-04
  0.8653E-04
  0.5278E-04
  0.1660E-04
  0.8769E-04
  0.1045E-03
  0.1030E-03
  0.8780E-04
  0.9134E-05
  0.2011E-04
  0.5601E-04
  0.8056E-04
  0.1033E-03
  0.1031E-03
  0.1023E-03
  0.6392E-04
  0.9606E-04
  0.7986E-04
  0.7235E-04
  0.6694E-04
  0.8280E-04
  0.7863E-04
  0.7379E-04
  0.8066E-04
  0.8930E-04
  0.9288E-04
  0.7996E-04
  0.7743E-04
  0.8863E-04
  0.7158E-04
  0.7421E-04
  0.6253E-04
  0.6892E-04
  0.5935E-04
  0.6042E-04
  0.4196E-04
  0.4135E-04
  0.6080E-04
  0.3967E-04
  0.2614E-04
  0.2539E-04
  0.3008E-04
  0.3033E-04
  0.3242E-04
  0.3859E-04
  0.4385E-04
  0.5191E-04
  0.6320E-04
  0.7059E-04
  0.7309E-04
  0.7752E-04
  0.8319E-04
  0.8375E-04
  0.7992E-04
  0.7822E-04
  0.7540E-04
  0.7028E-04
  0.6382E-04
  0.5385E-04
  0.4537E-04
  0.4069E-04
  0.3536E-04
  0.3000E-04
  0.2770E-04
  0.4233E-04
  0.3720E-04
  0.3262E-04
  0.3819E-04
  0.4844E-04
  0.6215E-04
  0.4903E-04
  0.4603E-04
  0.5257E-04
  0.6291E-04
  0.6183E-04
  0.5969E-04
  0.5758E-04
  0.6173E-04
  0.4200E-04
  0.5787E-04
  0.6093E-04
  0.5975E-04
  0.6045E-04
  0.2273E-04
  0.5688E-04
  0.5886E-04
  0.5829E-04
  0.6269E-05
  0.2377E-04
  0.5738E-04
  0.5670E-04
  0.2384E-04
  0.5850E-05
  0.5465E-04
  0.1923E-04
  0.4463E-04
  0.4404E-04
  0.5350E-04
  0.3223E-04
  0.3497E-04
  0.7334E-05
  0.2892E-04
  0.3102E-05
  0.3424E-04
  0.2341E-04
  0.4368E-05
  0.9820E-05
  0.1925E-04
  0.2023E-04
  0.1552E-04
  0.5647E-05
  0.3678E-05
  0.9980E-05
  0.1491E-04
  0.1285E-04
  0.6269E-05
  0.1786E-05
  0.9725E-05
  0.1425E-04
  0.1555E-04
  0.9633E-05
  0.1496E-05
  0.1485E-04
  0.6615E-05
  0.1235E-05
  0.2288E-05
  0.1731E-04
  0.1692E-04
  0.4619E-05
  0.8696E-05
  0.2200E-04
  0.2727E-04
  0.2422E-04
  0.7292E-05
  0.2139E-04
  0.3701E-04
  0.3845E-04
  0.1131E-04
  0.1738E-04
  0.3867E-04
  0.3828E-04
  0.3761E-04
  0.3697E-04
  0.1356E-04
  0.2468E-04
  0.3376E-04
  0.3243E-04
  0.3570E-04
  0.3467E-04
  0.2824E-04
  0.3162E-04
  0.2856E-04
  0.3290E-04
  0.3084E-04
  0.2434E-04
  0.3189E-04
  0.2652E-04
  0.2702E-04
  0.2856E-04
  0.2290E-04
  0.2953E-04
  0.2260E-04
  0.2091E-04
  0.2359E-04
  0.2643E-04
  0.2728E-04
  0.2996E-04
  0.2352E-04
  0.1662E-04
  0.1320E-04
  0.1278E-04
  0.1687E-04
  0.1970E-04
  0.1071E-04
  0.8740E-05
  0.8755E-05
  0.1030E-04
  0.1141E-04
  0.1092E-04
  0.1266E-04
  0.1398E-04
  0.1541E-04
  0.1636E-04
  0.1597E-04
  0.1568E-04
  0.1566E-04
  0.1769E-04
  0.1752E-04
  0.1786E-04
  0.1891E-04
  0.1952E-04
  0.1932E-04
  0.1805E-04
  0.1348E-04
  0.8209E-05
  0.1032E-04
  0.2249E-04
  0.3409E-04
  0.4317E-04
  0.4923E-04
  0.5268E-04
  0.5519E-04
  0.5659E-04
  0.5688E-04
  0.5652E-04
  0.5428E-04
  0.5291E-04
  0.4920E-04
  0.4586E-04
  0.4232E-04
  0.3713E-04
  0.3462E-04
  0.2913E-04
  0.2522E-04
  0.2227E-04
  0.1799E-04
  0.1563E-04
  0.1299E-04
  0.1017E-04
  0.9239E-05
  0.7430E-05
  0.6243E-05
  0.5478E-05
  0.4949E-05
  0.4394E-05
  0.3842E-05
  0.3587E-05
  0.4949E-05
  0.3722E-05
  0.3789E-05
  0.5048E-05
  0.4749E-05
  0.5319E-05
  0.6436E-05
  0.8835E-05
  0.8913E-05
  0.1023E-04
  0.1178E-04
  0.1279E-04
  0.1533E-04
  0.1570E-04
  0.1658E-04
  0.1692E-04
  0.1161E-04
  0.1595E-04
  0.1326E-04
  0.1473E-04
  0.1843E-05
  0.1079E-04
  0.1190E-04
  0.1359E-05
  0.9400E-05
  0.4600E-05
  0.7009E-06
  0.3515E-05
  0.2616E-05
  0.2409E-05
  0.1013E-05
  0.8604E-06
  0.2063E-05
  0.7720E-06
  0.1197E-05
  0.7889E-06
  0.8317E-06
  0.9211E-06
  0.2175E-06
  0.2543E-06
  0.6495E-06
  0.1700E-06
  0.2046E-06
  0.3381E-06
  0.1650E-06
  0.3639E-06
  0.2294E-06
  0.1596E-06
  0.2399E-06
  0.2715E-06
  0.1702E-06
  0.1890E-06
  0.2443E-06
  0.2031E-06
  0.1484E-06
  0.1911E-06
  0.2207E-06
  0.1869E-06
  0.1424E-06
  0.1410E-06
  0.2218E-06
  0.2257E-06
  0.1545E-06
  0.2692E-06
  0.1973E-06
  0.1411E-06
  0.1311E-06
  0.1457E-06
  0.1566E-06
  0.1715E-06
  0.1730E-06
  0.1678E-06
  0.1232E-06
  0.1482E-06
  0.1394E-06
  0.1358E-06
  0.1361E-06
  0.1391E-06
  0.1413E-06
  0.1541E-06
  0.1975E-06
  0.1192E-06
  0.1165E-06
  0.1099E-06
  0.1115E-06
  0.1233E-06
  0.1066E-06
  0.1077E-06
  0.1058E-06
  0.1033E-06
  0.1035E-06
  0.1083E-06
  0.1001E-06
  0.9922E-07
  0.9808E-07
  0.9707E-07
  0.9629E-07
  0.9514E-07
  0.9409E-07
  0.9313E-07
  0.9217E-07
  0.9121E-07
  0.9027E-07
  0.8933E-07
  0.8841E-07
  0.8750E-07
  0.8659E-07
  0.8570E-07
  0.8481E-07
  0.8394E-07
  0.8307E-07
  0.8221E-07
  0.8136E-07
  0.8052E-07
  0.8000E-07
  0.7886E-07
  0.7805E-07
  0.7724E-07
  0.7644E-07
  0.7565E-07
  0.7487E-07
  0.7409E-07
  0.7333E-07
  0.7257E-07
  0.7182E-07
  0.7107E-07
  0.7034E-07
  0.6961E-07
  0.6889E-07
  0.6818E-07
  0.6747E-07
  0.6677E-07
  0.6608E-07
  0.6540E-07
  0.6472E-07
  0.6580E-07
  0.7335E-07
  0.7838E-07
  0.6643E-07
  0.8623E-07
  0.1055E-06
  0.6142E-07
  0.1350E-06
  0.6215E-07
  0.1667E-06
  0.1940E-06
  0.2293E-06
  0.2750E-06
  0.3340E-06
  0.4109E-06
  0.5160E-06
  0.6677E-06
  0.8991E-06
  0.1257E-05
  0.2401E-05
  0.3332E-05
  0.4346E-05
  0.5214E-05
  0.5683E-05
  0.5212E-05
  0.4356E-05
  0.3286E-05
  0.1767E-05
  0.1042E-05
  0.7638E-06
  0.1365E-05
  0.1260E-05
  0.1399E-05
  0.1420E-05
  0.1336E-05
  0.1356E-05
  0.1340E-05
  0.1824E-05
  0.1520E-05
  0.1745E-05
  0.2047E-05
  0.2796E-05
  0.3793E-05
  0.5052E-05
  0.4816E-05
  0.3350E-05
  0.2281E-05
  0.1654E-05
  0.1329E-05
  0.1278E-05
  0.1494E-05
  0.1119E-05
  0.9935E-06
  0.9532E-06
  0.9499E-06
  0.9817E-06
  0.1050E-05
  0.1161E-05
  0.1338E-05
  0.1579E-05
  0.1913E-05
  0.2420E-05
  0.3113E-05
  0.3997E-05
  0.5102E-05
  0.6345E-05
  0.7665E-05
  0.8911E-05
  0.1015E-04
  0.1104E-04
  0.1163E-04
  0.1163E-04
  0.1100E-04
  0.1033E-04
  0.8990E-05
  0.7449E-05
  0.6080E-05
  0.4811E-05
  0.3763E-05
  0.2951E-05
  0.2309E-05
  0.2009E-05
  0.2240E-05
  0.2006E-05
  0.1844E-05
  0.2315E-05
  0.2519E-05
  0.2489E-05
  0.2488E-05
  0.3052E-05
  0.3077E-05
  0.2759E-05
  0.2918E-05
  0.8169E-06
  0.2958E-05
  0.2739E-05
  0.2956E-05
  0.2851E-05
  0.2371E-05
  0.2320E-05
  0.2065E-05
