 tauray
                          0.1823531964557789E-17
                          0.8348505981784122E-12
                          0.1235981006074138E-10
                          0.6095240411193226E-10
                          0.1901186324797511E-09
                          0.4604929707194867E-09
                          0.9498383702137171E-09
                          0.1753046258172308E-08
                          0.2982136537632415E-08
                          0.4766257587458477E-08
                          0.7251686262342237E-08
                          0.1060182789280272E-07
                          0.1499721628518621E-07
                          0.2063551372166633E-07
                          0.2773151096024394E-07
                          0.3651712723474727E-07
                          0.4724141025483172E-07
                          0.6017053620598010E-07
                          0.7558780974950243E-07
                          0.9379366402253604E-07
                          0.1151056606380455E-06
                          0.1398584896848229E-06
                          0.1684039697274872E-06
                          0.2011110478064848E-06
                          0.2383657994380900E-06
                          0.2805714286144035E-06
                          0.3281482678033536E-06
                          0.3815337779486958E-06
                          0.4411825484700137E-06
                          0.5075662972627165E-06
                          0.5811738706980427E-06
                          0.6625112436230568E-06
                          0.7521015193606505E-06
                          0.8504849297095432E-06
                          0.9582188349442822E-06
                          0.1075877723815241E-05
                          0.1204053213548620E-05
                          0.1343354049846450E-05
                          0.1494406106886586E-05
                          0.1657852387322709E-05
                          0.1834353022284331E-05
                          0.2024585271376790E-05
                          0.2229243522681252E-05
                          0.2449039292754706E-05
                          0.2684701226629973E-05
                          0.2936975097815701E-05
                          0.3206623808296365E-05
                          0.3494427388532262E-05
                          0.3801182997459526E-05
                          0.4127704922490108E-05
                          0.4474824579511797E-05
                          0.4843390512888198E-05
                          0.5234268395458749E-05
                          0.5648341028538726E-05
                          0.6086508341919202E-05
                          0.6549687393867111E-05
                          0.7038812371125199E-05
                          0.7554834588912037E-05
                          0.8098722490922027E-05
                          0.8671461649325394E-05
                          0.9274054764768210E-05
                          0.9907521666372331E-05
                          0.1057289931173549E-04
                          0.1127124178693122E-04
                          0.1200362030650890E-04
                          0.1277112321349369E-04
                          0.1357485597938663E-04
                          0.1441594120416457E-04
                          0.1529551861628016E-04
                          0.1621474507266194E-04
                          0.1717479455871422E-04
                          0.1817685818831716E-04
                          0.1922214420382673E-04
                          0.2031187797607475E-04
                          0.2144730200436887E-04
                          0.2262967591649253E-04
                          0.2386027646870505E-04
                          0.2514039754574153E-04
                          0.2647135016081291E-04
                          0.2785446245560602E-04
                          0.2929107970028339E-04
                          0.3078256429348349E-04
                          0.3233029576232059E-04
                          0.3393567076238472E-04
                          0.3560010307774187E-04
                          0.3732502362093371E-04
                          0.3911188043297781E-04
                          0.4096213868336761E-04
                          0.4287728067007227E-04
                          0.4485880581953689E-04
                          0.4690823068668233E-04
                          0.4902708895490528E-04
                          0.5121693143607828E-04
                          0.5347932607054965E-04
                          0.5581585792714360E-04
                          0.5822812920316021E-04
                          0.6071775922437520E-04
                          0.6328638444504027E-04
                          0.6593565844788299E-04
                          0.6866725194410658E-04
                          0.7148285277339031E-04
                          0.7438416590388904E-04
                          0.7737291343223360E-04
                          0.8045083458353060E-04
                          0.8361968571136257E-04
                          0.8688124029778774E-04
                          0.9023728895334024E-04
                          0.9368963941702997E-04
                          0.9724011655634269E-04
                          0.1008905623672402E-03
                          0.1046428359741596E-03
                          0.1084988136300143E-03
                          0.1124603887161934E-03
                          0.1165294717425617E-03
                          0.1207079903474601E-03
                          0.1249978892977051E-03
                          0.1294011304885888E-03
                          0.1339196929438799E-03
                          0.1385555728158221E-03
                          0.1433107833851353E-03
                          0.1481873550610153E-03
                          0.1531873353811336E-03
                          0.1583127890116375E-03
                          0.1635657977471501E-03
                          0.1689484605107706E-03
                          0.1744628933540737E-03
                          0.1801112294571101E-03
                          0.1858956191284063E-03
                          0.1918182298049645E-03
                          0.1978812460522630E-03
                          0.2040868695642556E-03
                          0.2104373191633723E-03
                          0.2169348308005183E-03
                          0.2235816575550756E-03
                          0.2303800696349013E-03
                          0.2373323543763283E-03
                          0.2444408162441655E-03
                          0.2517077768316982E-03
                          0.2591355748606862E-03
                          0.2667265661813665E-03
                          0.2744831237724512E-03
                          0.2824076377411283E-03
                          0.2905025153230616E-03
                          0.2987701808823911E-03
                          0.3072130759117321E-03
                          0.3158336590321762E-03
                          0.3246344059932902E-03
                          0.3336178096731174E-03
                          0.3427863800781767E-03
                          0.3521426443434627E-03
                          0.3616891467324462E-03
                          0.3714284486370729E-03
                          0.3813631285777656E-03
                          0.3914957822034221E-03
                          0.4018290222914161E-03
                          0.4123654787475973E-03
                          0.4231077986062912E-03
                          0.4340586460302992E-03
                          0.4452207023108979E-03
                          0.4565966658678411E-03
                          0.4681892522493570E-03
                          0.4800011941321505E-03
                          0.4920352413214019E-03
                          0.5042941607507675E-03
                          0.5167807364823791E-03
                          0.5294977697068452E-03
                          0.5424480787432487E-03
                          0.5556344990391502E-03
                          0.5690598831705843E-03
                          0.5827271008420624E-03
                          0.5966390388865722E-03
                          0.6107986012655754E-03
                          0.6252087090690122E-03
                          0.6398723005152960E-03
                          0.6547923309513175E-03
                          0.6699717728524428E-03
                          0.6854136158225142E-03
                          0.7011208665938494E-03
                          0.7170965490272419E-03
                          0.7333437041119616E-03
                          0.7498653899657533E-03
                          0.7666646818348387E-03
                          0.7837446720939149E-03
                          0.8011084702461534E-03
                          0.8187592029232038E-03
                          0.8367000138851917E-03
                          0.8549340640207156E-03
                          0.8734645313468518E-03
                          0.8922946110091531E-03
                          0.9114275152816473E-03
                          0.9308664735668374E-03
                          0.9506147323957022E-03
                          0.9706755554276985E-03
                          0.9910522234507567E-03
                          0.1011748034381284E-02
                          0.1032766303264162E-02
                          0.1054110362272751E-02
                          0.1075783560708883E-02
                          0.1097789265002871E-02
                          0.1120130858713500E-02
                          0.1142811742528031E-02
                          0.1165835334262203E-02
                          0.1189205068860228E-02
                          0.1212924398394797E-02
                          0.1236996792067074E-02
                          0.1261425736206700E-02
                          0.1286214734271792E-02
                          0.1311367306848945E-02
                          0.1336886991653224E-02
                          0.1362777343528174E-02
                          0.1389041934445816E-02
                          0.1415684353506648E-02
                          0.1442708206939638E-02
                          0.1470117118102236E-02
                          0.1497914727480363E-02
                          0.1526104692688423E-02
                          0.1554690688469287E-02
                          0.1583676406694306E-02
                          0.1613065556363308E-02
                          0.1642861863604597E-02
                          0.1673069071674948E-02
                          0.1703690940959617E-02
                          0.1734731248972337E-02
                          0.1766193790355310E-02
                          0.1798082376879218E-02
                          0.1830400837443220E-02
                          0.1863153018074948E-02
                          0.1896342781930513E-02
                          0.1929974009294498E-02
                          0.1964050597579966E-02
                          0.1998576461328452E-02
                          0.2033555532209969E-02
                          0.2068991759023006E-02
                          0.2104889107694526E-02
                          0.2141251561279971E-02
                          0.2178083119963254E-02
                          0.2215387801056768E-02
                          0.2253169639001382E-02
                          0.2291432685366438E-02
                          0.2330181008849754E-02
                          0.2369418695277627E-02
                          0.2409149847604826E-02
                          0.2449378585914599E-02
                          0.2490109047418670E-02
                          0.2531345386457230E-02
                          0.2573091774498962E-02
                          0.2615352400141012E-02
                          0.2658131469109008E-02
                          0.2701433204257045E-02
                          0.2745261845567708E-02
                          0.2789621650152046E-02
                          0.2834516892249590E-02
                          0.2879951863228344E-02
                          0.2925930871584791E-02
                          0.2972458242943881E-02
                          0.3019538320059054E-02
                          0.3067175462812214E-02
                          0.3115374048213748E-02
                          0.3164138470402511E-02
                          0.3213473140645844E-02
                          0.3263382487339555E-02
                          0.3313870956007932E-02
                          0.3364943009303740E-02
                          0.3416603127008218E-02
                          0.3468855806031076E-02
                          0.3521705560410513E-02
                          0.3575156921313187E-02
                          0.3629214437034244E-02
                          0.3683882672997302E-02
                          0.3739166211754456E-02
                          0.3795069652986274E-02
                          0.3851597613501803E-02
                          0.3908754727238560E-02
                          0.3966545645262550E-02
                          0.4024975035768245E-02
                          0.4084047584078587E-02
                          0.4143767992645004E-02
                          0.4204140981047402E-02
                          0.4265171285994149E-02
                          0.4326863661322102E-02
                          0.4389222877996589E-02
                          0.4452253724111414E-02
                          0.4515961004888853E-02
                          0.4580349542679666E-02
                          0.4645424176963083E-02
                          0.4711189764346810E-02
                          0.4777651178567031E-02
                          0.4844813310488404E-02
                          0.4912681068104066E-02
                          0.4981259376535626E-02
                          0.5050553178033169E-02
                          0.5120567431975259E-02
                          0.5191307114868935E-02
                          0.5262777220349706E-02
                          0.5334982759181567E-02
                          0.5407928759256980E-02
                          0.5481620265596889E-02
                          0.5556062340350710E-02
                          0.5631260062796336E-02
                          0.5707218529340133E-02
                          0.5783942853516949E-02
                          0.5861438165990104E-02
                          0.5939709614551394E-02
                          0.6018762364121091E-02
                          0.6098601596747941E-02
                          0.6179232511609173E-02
                          0.6260660325010478E-02
                          0.6342890270386040E-02
                          0.6425927598298507E-02
                          0.6509777576439005E-02
                          0.6594445489627141E-02
                          0.6679936639810983E-02
                          0.6766256346067099E-02
                          0.6853409944600509E-02
                          0.6941402788744728E-02
                          0.7030240248961732E-02
                          0.7119927712841977E-02
                          0.7210470585104402E-02
                          0.7301874287596419E-02
                          0.7394144259293899E-02
                          0.7487285956301224E-02
                          0.7581304851851210E-02
                          0.7676206436305188E-02
                          0.7771996217152930E-02
                          0.7868679719012712E-02
                          0.7966262483631274E-02
                          0.8064750069883832E-02
                          0.8164148053774066E-02
                          0.8264462028434158E-02
                          0.8365697604124754E-02
                          0.8467860408234959E-02
                          0.8570956085282378E-02
                          0.8674990296913081E-02
                          0.8779968721901607E-02
                          0.8885897056150996E-02
                          0.8992781012692725E-02
                          0.9100626321686789E-02
                          0.9209438730421618E-02
                          0.9319224003314154E-02
                          0.9429987921909791E-02
                          0.9541736284882411E-02
                          0.9654474908034361E-02
                          0.9768209624296477E-02
                          0.9882946283728062E-02
                          0.9998690753516897E-02
                          0.1011544891797924E-01
                          0.1023322667855982E-01
                          0.1035202995383185E-01
                          0.1047186467949701E-01
                          0.1059273680838546E-01
                          0.1071465231045584E-01
                          0.1083761717279526E-01
                          0.1096163739961931E-01
                          0.1108671901227206E-01
                          0.1121286804922602E-01
                          0.1134009056608224E-01
                          0.1146839263557019E-01
                          0.1159778034754785E-01
                          0.1172825980900165E-01
                          0.1185983714404652E-01
                          0.1199251849392584E-01
                          0.1212631001701149E-01
                          0.1226121788880382E-01
                          0.1239724830193164E-01
                          0.1253440746615225E-01
                          0.1267270160835144E-01
                          0.1281213697254344E-01
                          0.1295271981987098E-01
                          0.1309445642860526E-01
                          0.1323735309414596E-01
                          0.1338141612902125E-01
                          0.1352665186288772E-01
                          0.1367306664253050E-01
                          0.1382066683186315E-01
                          0.1396945881192776E-01
                          0.1411944898089483E-01
                          0.1427064375406337E-01
                          0.1442304956386089E-01
                          0.1457667285984332E-01
                          0.1473152010869512E-01
                          0.1488759779422918E-01
                          0.1504491241738689E-01
                          0.1520347049623812E-01
                          0.1536327856598120E-01
                          0.1552434317894294E-01
                          0.1568667090457865E-01
                          0.1585026832947208E-01
                          0.1601514205733549E-01
                          0.1618129870900956E-01
                          0.1634874492246352E-01
                          0.1651748735279503E-01
                          0.1668753267223022E-01
                          0.1685888757012373E-01
                          0.1703155875295864E-01
                          0.1720555294434653E-01
                          0.1738087688502745E-01
                          0.1755753733286992E-01
                          0.1773554106287096E-01
                          0.1791489486715600E-01
                          0.1809560555497904E-01
                          0.1827767995272247E-01
                          0.1846112490389722E-01
                          0.1864594726914266E-01
                          0.1883215392622663E-01
                          0.1901975177004549E-01
                          0.1920874771262402E-01
                          0.1939914868311552E-01
                          0.1959096162780174E-01
                          0.1978419351009292E-01
                          0.1997885131052774E-01
                          0.2017494202677345E-01
                          0.2037247267362565E-01
                          0.2057145028300849E-01
                          0.2077188190397460E-01
                          0.2097377460270507E-01
                          0.2117713546250945E-01
                          0.2138197158382578E-01
                          0.2158829008422059E-01
                          0.2179609809838887E-01
                          0.2200540277815408E-01
                          0.2221621129246816E-01
                          0.2242853082741154E-01
                          0.2264236858619311E-01
                          0.2285773178915025E-01
                          0.2307462767374880E-01
                          0.2329306349458306E-01
                          0.2351304652337590E-01
                          0.2373458404897850E-01
                          0.2395768337737068E-01
                          0.2418235183166064E-01
                          0.2440859675208510E-01
                          0.2463642549600921E-01
                          0.2486584543792664E-01
                          0.2509686396945952E-01
                          0.2532948849935845E-01
                          0.2556372645350253E-01
                          0.2579958527489928E-01
                          0.2603707242368474E-01
                          0.2627619537712348E-01
                          0.2651696162960840E-01
                          0.2675937869266102E-01
                          0.2700345409493125E-01
                          0.2724919538219750E-01
                          0.2749661011736667E-01
                          0.2774570588047411E-01
                          0.2799649026868368E-01
                          0.2824897089628767E-01
                          0.2850315539470689E-01
                          0.2875905141249059E-01
                          0.2901666661531654E-01
                          0.2927600868599095E-01
                          0.2953708532444849E-01
                          0.2979990424775237E-01
                          0.3006447319009420E-01
                          0.3033079990279412E-01
                          0.3059889215430071E-01
                          0.3086875773019107E-01
                          0.3114040443317074E-01
                          0.3141384008307374E-01
                          0.3168907251686255E-01
                          0.3196610958862819E-01
                          0.3224495916959013E-01
                          0.3252562914809620E-01
                          0.3280812742962291E-01
                          0.3309246193677508E-01
                          0.3337864060928607E-01
                          0.3366667140401775E-01
                          0.3395656229496039E-01
                          0.3424832127323278E-01
                          0.3454195634708220E-01
                          0.3483747554188437E-01
                          0.3513488690014347E-01
                          0.3543419848149225E-01
                          0.3573541836269185E-01
                          0.3603855463763188E-01
                          0.3634361541733047E-01
                          0.3665060882993423E-01
                          0.3695954302071820E-01
                          0.3727042615208595E-01
                          0.3758326640356947E-01
                          0.3789807197182926E-01
                          0.3821485107065431E-01
                          0.3853361193096203E-01
                          0.3885436280079836E-01
                          0.3917711194533770E-01
                          0.3950186764688288E-01
                          0.3982863820486534E-01
                          0.4015743193584484E-01
                          0.4048825717350971E-01
                          0.4082112226867667E-01
                          0.4115603558929102E-01
                          0.4149300552042649E-01
                          0.4183204046428527E-01
                          0.4217314884019803E-01
                          0.4251633908462394E-01
                          0.4286161965115060E-01
                          0.4320899901049418E-01
                          0.4355848565049920E-01
                          0.4391008807613875E-01
                          0.4426381480951440E-01
                          0.4461967438985608E-01
                          0.4497767537352227E-01
                          0.4533782633400003E-01
                          0.4570013586190474E-01
                          0.4606461256498032E-01
                          0.4643126506809914E-01
                          0.4680010201326208E-01
                          0.4717113205959849E-01
                          0.4754436388336617E-01
                          0.4791980617795144E-01
                          0.4829746765386899E-01
                          0.4867735703876221E-01
                          0.4905948307740269E-01
                          0.4944385453169065E-01
                          0.4983048018065480E-01
                          0.5021936882045226E-01
                          0.5061052926436868E-01
                          0.5100397034281812E-01
                          0.5139970090334320E-01
                          0.5179772981061494E-01
                          0.5219806594643283E-01
                          0.5260071820972495E-01
                          0.5300569551654778E-01
                          0.5341300680008616E-01
                          0.5382266101065365E-01
                          0.5423466711569210E-01
                          0.5464903409977188E-01
                          0.5506577096459189E-01
                          0.5548488672897941E-01
                          0.5590639042889028E-01
                          0.5633029111740878E-01
                          0.5675659786474764E-01
                          0.5718531975824815E-01
                          0.5761646590238004E-01
                          0.5805004541874139E-01
                          0.5848606744605901E-01
                          0.5892454114018788E-01
                          0.5936547567411173E-01
                          0.5980888023794263E-01
                          0.6025476403892112E-01
                          0.6070313630141628E-01
                          0.6115400626692558E-01
                          0.6160738319407506E-01
                          0.6206327635861918E-01
                          0.6252169505344088E-01
                          0.6298264858855152E-01
                          0.6344614629109112E-01
                          0.6391219750532798E-01
                          0.6438081159265896E-01
                          0.6485199793160944E-01
                          0.6532576591783314E-01
                          0.6580212496411231E-01
                          0.6628108450035781E-01
                          0.6676265397360881E-01
                          0.6724684284803306E-01
                          0.6773366060492667E-01
                          0.6822311674271435E-01
                          0.6871522077694921E-01
                          0.6920998224031284E-01
                          0.6970741068261539E-01
                          0.7020751567079529E-01
                          0.7071030678891972E-01
                          0.7121579363818414E-01
                          0.7172398583691252E-01
                          0.7223489302055733E-01
                          0.7274852484169954E-01
                          0.7326489097004850E-01
                          0.7378400109244215E-01
                          0.7430586491284683E-01
                          0.7483049215235739E-01
                          0.7535789254919721E-01
                          0.7588807585871794E-01
                          0.7642105185339999E-01
                          0.7695683032285203E-01
                          0.7749542107381131E-01
                          0.7803683393014355E-01
                          0.7858107873284291E-01
                          0.7912816534003195E-01
                          0.7967810362696187E-01
                          0.8023090348601233E-01
                          0.8078657482669134E-01
                          0.8134512757563542E-01
                          0.8190657167660959E-01
                          0.8247091709050751E-01
                          0.8303817379535097E-01
                          0.8360835178629047E-01
                          0.8418146107560504E-01
                          0.8475751169270204E-01
                          0.8533651368411725E-01
                          0.8591847711351516E-01
                          0.8650341206168856E-01
                          0.8709132862655874E-01
                          0.8768223692317552E-01
                          0.8827614708371714E-01
                          0.8887306925749035E-01
                          0.8947301361093032E-01
                          0.9007599032760080E-01
                          0.9068200960819389E-01
                          0.9129108167053032E-01
                          0.9190321674955916E-01
                          0.9251842509735800E-01
                          0.9313671698313293E-01
                          0.9375810269321842E-01
                          0.9438259253107760E-01
                          0.9501019681730190E-01
                          0.9564092588961122E-01
                          0.9627479010285421E-01
                          0.9691179982900765E-01
                          0.9755196545717690E-01
                          0.9819529739359595E-01
                          0.9884180606162710E-01
                          0.9949150190176115E-01
                          0.1001443953716174E+00
                          0.1008004969459437E+00
                          0.1014598171166163E+00
                          0.1021223663926399E+00
                          0.1027881553001476E+00
                          0.1034571943824013E+00
                          0.1041294941997910E+00
                          0.1048050653298354E+00
                          0.1054839183671815E+00
                          0.1061660639236049E+00
                          0.1068515126280099E+00
                          0.1075402751264289E+00
                          0.1082323620820227E+00
                          0.1089277841750810E+00
                          0.1096265521030218E+00
                          0.1103286765803914E+00
                          0.1110341683388649E+00
                          0.1117430381272455E+00
                          0.1124552967114651E+00
                          0.1131709548745842E+00
                          0.1138900234167914E+00
                          0.1146125131554042E+00
                          0.1153384349248681E+00
                          0.1160677995767578E+00
                          0.1168006179797755E+00
                          0.1175369010197527E+00
                          0.1182766595996491E+00
                          0.1190199046395527E+00
                          0.1197666470766802E+00
                          0.1205168978653767E+00
                          0.1212706679771158E+00
                          0.1220279684004995E+00
                          0.1227888101412583E+00
                          0.1235532042222513E+00
                          0.1243211616834660E+00
                          0.1250926935820182E+00
                          0.1258678109921525E+00
                          0.1266465250052417E+00
                          0.1274288467297873E+00
                          0.1282147872914188E+00
                          0.1290043578328952E+00
                          0.1297975695141028E+00
                          0.1305944335120569E+00
                          0.1313949610209015E+00
                          0.1321991632519086E+00
                          0.1330070514334791E+00
                          0.1338186368111421E+00
                          0.1346339306475554E+00
                          0.1354529442225049E+00
                          0.1362756888329054E+00
                          0.1371021757927999E+00
                          0.1379324164333601E+00
                          0.1387664221028861E+00
                          0.1396042041668060E+00
                          0.1404457740076772E+00
                          0.1412911430251850E+00
                          0.1421403226361435E+00
                          0.1429933242744950E+00
                          0.1438501593913104E+00
                          0.1447108394547891E+00
                          0.1455753759502590E+00
                          0.1464437803801763E+00
                          0.1473160642641259E+00
                          0.1481922391388213E+00
                          0.1490723165581037E+00
                          0.1499563080929437E+00
                          0.1508442253314402E+00
                          0.1517360798788199E+00
                          0.1526318833574389E+00
                          0.1535316474067811E+00
                          0.1544353836834590E+00
                          0.1553431038612139E+00
                          0.1562548196309154E+00
                          0.1571705427005615E+00
                          0.1580902847952785E+00
                          0.1590140576573215E+00
                          0.1599418730460741E+00
                          0.1608737427380481E+00
                          0.1618096785268840E+00
                          0.1627496922233508E+00
                          0.1636937956553455E+00
                          0.1646420006678943E+00
                          0.1655943191231513E+00
                          0.1665507629003994E+00
                          0.1675113438960500E+00
                          0.1684760740236426E+00
                          0.1694449652138455E+00
                          0.1704180294144555E+00
                          0.1713952785903978E+00
                          0.1723767247237257E+00
                          0.1733623798136218E+00
                          0.1743522558763965E+00
                          0.1753463649454887E+00
                          0.1763447190714663E+00
                          0.1773473303220249E+00
                          0.1783542107819895E+00
                          0.1793653725533129E+00
                          0.1803808277550763E+00
                          0.1814005885234900E+00
                          0.1824246670118921E+00
                          0.1834530753907497E+00
                          0.1844858258476581E+00
                          0.1855229305873411E+00
                          0.1865644018316511E+00
                          0.1876102518195687E+00
                          0.1886604928072035E+00
                          0.1897151370677928E+00
                          0.1907741968917032E+00
                          0.1918376845864292E+00
                          0.1929056124765940E+00
                          0.1939779929039493E+00
                          0.1950548382273751E+00
                          0.1961361608228803E+00
                          0.1972219730836014E+00
                          0.1983122874198045E+00
                          0.1994071162588832E+00
                          0.2005064720453605E+00
                          0.2016103672408870E+00
                          0.2027188143242421E+00
                          0.2038318257913341E+00
                          0.2049494141551989E+00
                          0.2060715919460017E+00
                          0.2071983717110360E+00
                          0.2083297660147232E+00
                          0.2094657874386140E+00
                          0.2106064485813867E+00
                          0.2117517620588492E+00
                          0.2129017405039368E+00
                          0.2140563965667139E+00
                          0.2152157429143730E+00
                          0.2163797922312351E+00
                          0.2175485572187503E+00
                          0.2187220505954966E+00
                          0.2199002850971803E+00
                          0.2210832734766369E+00
                          0.2222710285038295E+00
                          0.2234635629658505E+00
                          0.2246608896669199E+00
                          0.2258630214283872E+00
                          0.2270699710887295E+00
                          0.2282817515035528E+00
                          0.2294983755455917E+00
                          0.2307198561047088E+00
                          0.2319462060878955E+00
                          0.2331774384192716E+00
                          0.2344135660400855E+00
                          0.2356546019087140E+00
                          0.2369005590006623E+00
                          0.2381514503085639E+00
                          0.2394072888421814E+00
                          0.2406680876284053E+00
                          0.2419338597112544E+00
                          0.2432046181518771E+00
                          0.2444803760285489E+00
                          0.2457611464366745E+00
                          0.2470469424887870E+00
                          0.2483377773145481E+00
                          0.2496336640607474E+00
                          0.2509346158913038E+00
                          0.2522406459872640E+00
                          0.2535517675468035E+00
                          0.2548679937852264E+00
                          0.2561893379349648E+00
                          0.2575158132455797E+00
                          0.2588474329837605E+00
                          0.2601842104333248E+00
                          0.2615261588952190E+00
                          0.2628732916875180E+00
                          0.2642256221454249E+00
                          0.2655831636212714E+00
                          0.2669459294845177E+00
                          0.2683139331217526E+00
                          0.2696871879366931E+00
                          0.2710657073501849E+00
                          0.2724495048002022E+00
                          0.2738385937418472E+00
                          0.2752329876473515E+00
                          0.2766327000060740E+00
                          0.2780377443245032E+00
                          0.2794481341262555E+00
                          0.2808638829520758E+00
                          0.2822850043598371E+00
                          0.2837115119245418E+00
                          0.2851434192383203E+00
                          0.2865807399104311E+00
                          0.2880234875672619E+00
                          0.2894716758523284E+00
                          0.2909253184262746E+00
                          0.2923844289668737E+00
                          0.2938490211690268E+00
                          0.2953191087447633E+00
                          0.2967947054232416E+00
                          0.2982758249507487E+00
                          0.2997624810906990E+00
                          0.3012546876236371E+00
                          0.3027524583472339E+00
                          0.3042558070762910E+00
                          0.3057647476427368E+00
                          0.3072792938956290E+00
                          0.3087994597011539E+00
                          0.3103252589426254E+00
                          0.3118567055204871E+00
                          0.3133938133523099E+00
                          0.3149365963727938E+00
                          0.3164850685337671E+00
                          0.3180392438041872E+00
                          0.3195991361701385E+00
                          0.3211647596348358E+00
                          0.3227361282186205E+00
                          0.3243132559589639E+00
                          0.3258961569104650E+00
                          0.3274848451448514E+00
                          0.3290793347509798E+00
                          0.3306796398348341E+00
                          0.3322857745195282E+00
                          0.3338977529453031E+00
                          0.3355155892695292E+00
                          0.3371392976667049E+00
                          0.3387688923284574E+00
                          0.3404043874635419E+00
                          0.3420457972978426E+00
                          0.3436931360743722E+00
                          0.3453464180532711E+00
                          0.3470056575118093E+00
                          0.3486708687443841E+00
                          0.3503420660625224E+00
                          0.3520192637948784E+00
                          0.3537024762872364E+00
                          0.3553917179025074E+00
                          0.3570870030207317E+00
                          0.3587883460390780E+00
                          0.3604957613718442E+00
                          0.3622092634504552E+00
                          0.3639288667234653E+00
                          0.3656545856565578E+00
                          0.3673864347325431E+00
                          0.3691244284513613E+00
                          0.3708685813300799E+00
                          0.3726189079028961E+00
                          0.3743754227211344E+00
                          0.3761381403532487E+00
                          0.3779070753848205E+00
                          0.3796822424185610E+00
                          0.3814636560743080E+00
                          0.3832513309890302E+00
                          0.3850452818168225E+00
                          0.3868455232289099E+00
                          0.3886520699136446E+00
                          0.3904649365765081E+00
                          0.3922841379401109E+00
                          0.3941096887441904E+00
                          0.3959416037456135E+00
                          0.3977798977183759E+00
                          0.3996245854536006E+00
                          0.4014756817595400E+00
                          0.4033332014615753E+00
                          0.4051971594022147E+00
                          0.4070675704410965E+00
                          0.4089444494549863E+00
                          0.4108278113377787E+00
                          0.4127176710004974E+00
                          0.4146140433712932E+00
                          0.4165169433954458E+00
                          0.4184263860353640E+00
                          0.4203423862705855E+00
                          0.4222649590977744E+00
                          0.4241941195307256E+00
                          0.4261298826003605E+00
                          0.4280722633547309E+00
                          0.4300212768590152E+00
                          0.4319769381955221E+00
                          0.4339392624636867E+00
                          0.4359082647800751E+00
                          0.4378839602783793E+00
                          0.4398663641094217E+00
                          0.4418554914411520E+00
                          0.4438513574586491E+00
                          0.4458539773641204E+00
                          0.4478633663769007E+00
                          0.4498795397334548E+00
                          0.4519025126873747E+00
                          0.4539323005093817E+00
                          0.4559689184873256E+00
                          0.4580123819261835E+00
                          0.4600627061480627E+00
                          0.4621199064921978E+00
                          0.4641839983149518E+00
                          0.4662549969898171E+00
                          0.4683329179074136E+00
                          0.4704177764754904E+00
                          0.4725095881189252E+00
                          0.4746083682797231E+00
                          0.4767141324170183E+00
                          0.4788268960070738E+00
                          0.4809466745432813E+00
                          0.4830734835361593E+00
                          0.4852073385133571E+00
                          0.4873482550196505E+00
                          0.4894962486169453E+00
                          0.4916513348842742E+00
                          0.4938135294177997E+00
                          0.4959828478308130E+00
                          0.4981593057537323E+00
                          0.5003429188341049E+00
                          0.5025337027366071E+00
                          0.5047316731430437E+00
                          0.5069368457523471E+00
                          0.5091492362805786E+00
                          0.5113688604609288E+00
                          0.5135957340437152E+00
                          0.5158298727963848E+00
                          0.5180712925035131E+00
                          0.5203200089668041E+00
                          0.5225760380050892E+00
                          0.5248393954543300E+00
                          0.5271100971676150E+00
                          0.5293881590151627E+00
                          0.5316735968843181E+00
                          0.5339664266795570E+00
                          0.5362666643224814E+00
                          0.5385743257518237E+00
                          0.5408894269234434E+00
                          0.5432119838103298E+00
                          0.5455420124025987E+00
                          0.5478795287074966E+00
                          0.5502245487493967E+00
                          0.5525770885698018E+00
                          0.5549371642273433E+00
                          0.5573047917977796E+00
                          0.5596799873739995E+00
                          0.5620627670660182E+00
                          0.5644531470009818E+00
                          0.5668511433231622E+00
                          0.5692567721939626E+00
                          0.5716700497919118E+00
                          0.5740909923126699E+00
                          0.5765196159690227E+00
                          0.5789559369908871E+00
                          0.5813999716253062E+00
                          0.5838517361364536E+00
                          0.5863112468056292E+00
                          0.5887785199312636E+00
                          0.5912535718289146E+00
                          0.5937364188312683E+00
                          0.5962270772881402E+00
                          0.5987255635664731E+00
                          0.6012318940503394E+00
                          0.6037460851409401E+00
                          0.6062681532566028E+00
                          0.6087981148327862E+00
                          0.6113359863220748E+00
                          0.6138817841941843E+00
                          0.6164355249359561E+00
                          0.6189972250513626E+00
                          0.6215669010615027E+00
                          0.6241445695046051E+00
                          0.6267302469360269E+00
                          0.6293239499282527E+00
                          0.6319256950708957E+00
                          0.6345354989706993E+00
                          0.6371533782515326E+00
                          0.6397793495543955E+00
                          0.6424134295374161E+00
                          0.6450556348758498E+00
                          0.6477059822620805E+00
                          0.6503644884056219E+00
                          0.6530311700331156E+00
                          0.6557060438883313E+00
                          0.6583891267321677E+00
                          0.6610804353426510E+00
                          0.6637799865149373E+00
                          0.6664877970613093E+00
                          0.6692038838111807E+00
                          0.6719282636110917E+00
                          0.6746609533247111E+00
                          0.6774019698328376E+00
                          0.6801513300333963E+00
                          0.6829090508414433E+00
                          0.6856751491891603E+00
                          0.6884496420258599E+00
                          0.6912325463179817E+00
                          0.6940238790490947E+00
                          0.6968236572198955E+00
                          0.6996318978482103E+00
                          0.7024486179689921E+00
                          0.7052738346343248E+00
                          0.7081075649134179E+00
                          0.7109498258926117E+00
                          0.7138006346753738E+00
                          0.7166600083823012E+00
                          0.7195279641511185E+00
                          0.7224045191366790E+00
                          0.7252896905109631E+00
                          0.7281834954630844E+00
                          0.7310859511992782E+00
                          0.7339970749429136E+00
                          0.7369168839344863E+00
                          0.7398453954316196E+00
                          0.7427826267090669E+00
                          0.7457285950587098E+00
                          0.7486833177895570E+00
                          0.7516468122277473E+00
                          0.7546190957165464E+00
                          0.7576001856163505E+00
                          0.7605900993046820E+00
                          0.7635888541761936E+00
                          0.7665964676426660E+00
                          0.7696129571330074E+00
                          0.7726383400932562E+00
                          0.7756726339865778E+00
                          0.7787158562932661E+00
                          0.7817680245107449E+00
                          0.7848291561535644E+00
                          0.7878992687534053E+00
                          0.7909783798590760E+00
                          0.7940665070365134E+00
                          0.7971636678687813E+00
                          0.8002698799560748E+00
                          0.8033851609157163E+00
                          0.8065095283821551E+00
                          0.8096430000069716E+00
                          0.8127855934588728E+00
                          0.8159373264236948E+00
                          0.8190982166044032E+00
                          0.8222682817210895E+00
                          0.8254475395109756E+00
                          0.8286360077284129E+00
                          0.8318337041448787E+00
                          0.8350406465489794E+00
                          0.8382568527464517E+00
                          0.8414823405601584E+00
                          0.8447171278300932E+00
                          0.8479612324133755E+00
                          0.8512146721842559E+00
                          0.8544774650341109E+00
                          0.8577496288714482E+00
                          0.8610311816219013E+00
                          0.8643221412282340E+00
                          0.8676225256503385E+00
                          0.8709323528652343E+00
                          0.8742516408670705E+00
                          0.8775804076671238E+00
                          0.8809186712938003E+00
                          0.8842664497926334E+00
                          0.8876237612262859E+00
                          0.8909906236745501E+00
                          0.8943670552343441E+00
                          0.8977530740197159E+00
                          0.9011486981618426E+00
                          0.9045539458090287E+00
                          0.9079688351267083E+00
                          0.9113933842974423E+00
                          0.9148276115209214E+00
                          0.9182715350139651E+00
                          0.9217251730105203E+00
                          0.9251885437616632E+00
                          0.9286616655355969E+00
                          0.9321445566176549E+00
                          0.9356372353102992E+00
                          0.9391397199331187E+00
                          0.9426520288228311E+00
                          0.9461741803332834E+00
                          0.9497061928354517E+00
                          0.9532480847174383E+00
                          0.9567998743844759E+00
                          0.9603615802589255E+00
                          0.9639332207802757E+00
                          0.9675148144051431E+00
                          0.9711063796072753E+00
                          0.9747079348775456E+00
                          0.9783194987239577E+00
                          0.9819410896716424E+00
                          0.9855727262628594E+00
                          0.9892144270569982E+00
                          0.9928662106305747E+00
                          0.9965280955772349E+00
                          0.1000200100507752E+01
                          0.1003882244050029E+01
                          0.1007574544849095E+01
                          0.1011277021567111E+01
                          0.1014989692883363E+01
                          0.1018712577494270E+01
                          0.1022445694113373E+01
                          0.1026189061471349E+01
                          0.1029942698315996E+01
                          0.1033706623412246E+01
                          0.1037480855542158E+01
                          0.1041265413504917E+01
                          0.1045060316116841E+01
                          0.1048865582211372E+01
                          0.1052681230639084E+01
                          0.1056507280267676E+01
                          0.1060343749981979E+01
                          0.1064190658683951E+01
                          0.1068048025292677E+01
                          0.1071915868744373E+01
                          0.1075794207992382E+01
                          0.1079683062007176E+01
                          0.1083582449776354E+01
                          0.1087492390304647E+01
                          0.1091412902613910E+01
                          0.1095344005743130E+01
                          0.1099285718748421E+01
                          0.1103238060703026E+01
                          0.1107201050697314E+01
                          0.1111174707838787E+01
                          0.1115159051252072E+01
                          0.1119154100078926E+01
                          0.1123159873478235E+01
                          0.1127176390626009E+01
                          0.1131203670715394E+01
                          0.1135241732956658E+01
                          0.1139290596577201E+01
                          0.1143350280821550E+01
                          0.1147420804951362E+01
                          0.1151502188245419E+01
                          0.1155594449999636E+01
                          0.1159697609527052E+01
                          0.1163811686157839E+01
                          0.1167936699239295E+01
                          0.1172072668135845E+01
                          0.1176219612229047E+01
                          0.1180377550917582E+01
                          0.1184546503617263E+01
                          0.1188726489761032E+01
                          0.1192917528798956E+01
                          0.1197119640198234E+01
                          0.1201332843443192E+01
                          0.1205557158035285E+01
                          0.1209792603493093E+01
                          0.1214039199352331E+01
                          0.1218296965165837E+01
                          0.1222565920503581E+01
                          0.1226846084952658E+01
                          0.1231137478117296E+01
                          0.1235440119618847E+01
                          0.1239754029095792E+01
                          0.1244079226203745E+01
                          0.1248415730615443E+01
                          0.1252763562020755E+01
                          0.1257122740126676E+01
                          0.1261493284657332E+01
                          0.1265875215353977E+01
                          0.1270268551974990E+01
                          0.1274673314295883E+01
                          0.1279089522109294E+01
                          0.1283517195224990E+01
                          0.1287956353469867E+01
                          0.1292407016687949E+01
                          0.1296869204740389E+01
                          0.1301342937505466E+01
                          0.1305828234878593E+01
                          0.1310325116772304E+01
                          0.1314833603116268E+01
                          0.1319353713857280E+01
                          0.1323885468959262E+01
                          0.1328428888403266E+01
                          0.1332983992187474E+01
                          0.1337550800327192E+01
                          0.1342129332854860E+01
                          0.1346719609820043E+01
                          0.1351321651289435E+01
                          0.1355935477346858E+01
                          0.1360561108093264E+01
                          0.1365198563646732E+01
                          0.1369847864142471E+01
                          0.1374509029732818E+01
                          0.1379182080587238E+01
                          0.1383867036892323E+01
                          0.1388563918851795E+01
                          0.1393272746686507E+01
                          0.1397993540634436E+01
                          0.1402726320950691E+01
                          0.1407471107907505E+01
                          0.1412227921794246E+01
                          0.1416996782917404E+01
                          0.1421777711600602E+01
                          0.1426570728184589E+01
                          0.1431375853027246E+01
                          0.1436193106503576E+01
                          0.1441022509005717E+01
                          0.1445864080942931E+01
                          0.1450717842741611E+01
                          0.1455583814845277E+01
                          0.1460462017714579E+01
                          0.1465352471827296E+01
                          0.1470255197678332E+01
                          0.1475170215779722E+01
                          0.1480097546660629E+01
                          0.1485037210867344E+01
                          0.1489989228963289E+01
                          0.1494953621529011E+01
                          0.1499930409162190E+01
                          0.1504919612477626E+01
                          0.1509921252107256E+01
                          0.1514935348700144E+01
                          0.1519961922922478E+01
                          0.1525000995457579E+01
                          0.1530052587005893E+01
                          0.1535116718285000E+01
                          0.1540193410029602E+01
                          0.1545282682991531E+01
                          0.1550384557939752E+01
                          0.1555499055660353E+01
                          0.1560626196956555E+01
                          0.1565766002648702E+01
                          0.1570918493574272E+01
                          0.1576083690587869E+01
                          0.1581261614561224E+01
                          0.1586452286383201E+01
                          0.1591655726959784E+01
                          0.1596871957214098E+01
                          0.1602100998086385E+01
                          0.1607342870534022E+01
                          0.1612597595531511E+01
                          0.1617865194070485E+01
                          0.1623145687159704E+01
                          0.1628439095825056E+01
                          0.1633745441109560E+01
                          0.1639064744073361E+01
                          0.1644397025793734E+01
                          0.1649742307365081E+01
                          0.1655100609898932E+01
                          0.1660471954523949E+01
                          0.1665856362385920E+01
                          0.1671253854647761E+01
                          0.1676664452489518E+01
                          0.1682088177108364E+01
                          0.1687525049718599E+01
                          0.1692975091551658E+01
                          0.1698438323856096E+01
                          0.1703914767897603E+01
                          0.1709404444958995E+01
                          0.1714907376340215E+01
                          0.1720423583358336E+01
                          0.1725953087347562E+01
                          0.1731495909659220E+01
                          0.1737052071661771E+01
                          0.1742621594740800E+01
                          0.1748204500299022E+01
                          0.1753800809756282E+01
                          0.1759410544549552E+01
                          0.1765033726132933E+01
                          0.1770670375977654E+01
                          0.1776320515572073E+01
                          0.1781984166421675E+01
                          0.1787661350049077E+01
                          0.1793352087994020E+01
                          0.1799056401813375E+01
                          0.1804774313081145E+01
                          0.1810505843388458E+01
                          0.1816251014343570E+01
                          0.1822009847571867E+01
                          0.1827782364715860E+01
                          0.1833568587435197E+01
                          0.1839368537406646E+01
                          0.1845182236324105E+01
                          0.1851009705898604E+01
                          0.1856850967858302E+01
                          0.1862706043948478E+01
                          0.1868574955931548E+01
                          0.1874457725587056E+01
                          0.1880354374711669E+01
                          0.1886264925119187E+01
                          0.1892189398640538E+01
                          0.1898127817123777E+01
                          0.1904080202434088E+01
                          0.1910046576453786E+01
                          0.1916026961082307E+01
                          0.1922021378236226E+01
                          0.1928029849849237E+01
                          0.1934052397872171E+01
                          0.1940089044272978E+01
                          0.1946139811036746E+01
                          0.1952204720165685E+01
                          0.1958283793679134E+01
                          0.1964377053613565E+01
                          0.1970484522022573E+01
                          0.1976606220976885E+01
                          0.1982742172564355E+01
                          0.1988892398889967E+01
                          0.1995056922075831E+01
                          0.2001235764261187E+01
                          0.2007428947602403E+01
                          0.2013636494272979E+01
                          0.2019858426463536E+01
                          0.2026094766381829E+01
                          0.2032345536252739E+01
                          0.2038610758318281E+01
                          0.2044890454837589E+01
                          0.2051184648086934E+01
                          0.2057493360359714E+01
                          0.2063816613966447E+01
                          0.2070154431234788E+01
                          0.2076506834509524E+01
                          0.2082873846152560E+01
                          0.2089255488542936E+01
                          0.2095651784076819E+01
                          0.2102062755167502E+01
                          0.2108488424245412E+01
                          0.2114928813758100E+01
                          0.2121383946170249E+01
                          0.2127853843963665E+01
                          0.2134338529637288E+01
                          0.2140838025707184E+01
                          0.2147352354706547E+01
                          0.2153881539185702E+01
                          0.2160425601712096E+01
                          0.2166984564870314E+01
                          0.2173558451262064E+01
                          0.2180147283506182E+01
                          0.2186751084238634E+01
                          0.2193369876112514E+01
                          0.2200003681798044E+01
                          0.2206652523982576E+01
                          0.2213316425370589E+01
                          0.2219995408683693E+01
                          0.2226689496660621E+01
                          0.2233398712057240E+01
                          0.2240123077646543E+01
                          0.2246862616218652E+01
                          0.2253617350580817E+01
                          0.2260387303557418E+01
                          0.2267172497989959E+01
                          0.2273972956737081E+01
                          0.2280788702674544E+01
                          0.2287619758695243E+01
                          0.2294466147709198E+01
                          0.2301327892643560E+01
                          0.2308205016442606E+01
                          0.2315097542067743E+01
                          0.2322005492497506E+01
                          0.2328928890727560E+01
                          0.2335867759770695E+01
                          0.2342822122656833E+01
                          0.2349792002433021E+01
                          0.2356777422163440E+01
                          0.2363778404929392E+01
                          0.2370794973829315E+01
                          0.2377827151978769E+01
                          0.2384874962510448E+01
                          0.2391938428574171E+01
                          0.2399017573336886E+01
                          0.2406112419982669E+01
                          0.2413222991712727E+01
                          0.2420349311745393E+01
                          0.2427491403316127E+01
                          0.2434649289677525E+01
                          0.2441822994099301E+01
                          0.2449012539868308E+01
                          0.2456217950288517E+01
                          0.2463439248681034E+01
                          0.2470676458384095E+01
                          0.2477929602753057E+01
                          0.2485198705160415E+01
                          0.2492483788995785E+01
                          0.2499784877665914E+01
                          0.2507101994594677E+01
                          0.2514435163223078E+01
                          0.2521784407009251E+01
                          0.2529149749428454E+01
                          0.2536531213973082E+01
                          0.2543928824152648E+01
                          0.2551342603493799E+01
                          0.2558772575540309E+01
                          0.2566218763853086E+01
                          0.2573681192010158E+01
                          0.2581159883606684E+01
                          0.2588654862254956E+01
                          0.2596166151584389E+01
                          0.2603693775241529E+01
                          0.2611237756890054E+01
                          0.2618798120210761E+01
                          0.2626374888901584E+01
                          0.2633968086677580E+01
                          0.2641577737270940E+01
                          0.2649203864430981E+01
                          0.2656846491924146E+01
                          0.2664505643534011E+01
                          0.2672181343061272E+01
                          0.2679873614323766E+01
                          0.2687582481156450E+01
                          0.2695307967411410E+01
                          0.2703050096957864E+01
                          0.2710808893682154E+01
                          0.2718584381487753E+01
                          0.2726376584295266E+01
                          0.2734185526042418E+01
                          0.2742011230684070E+01
                          0.2749853722192207E+01
                          0.2757713024555947E+01
                          0.2765589161781530E+01
                          0.2773482157892330E+01
                          0.2781392036928851E+01
                          0.2789318822948715E+01
                          0.2797262540026686E+01
                          0.2805223212254646E+01
                          0.2813200863741611E+01
                          0.2821195518613726E+01
                          0.2829207201014257E+01
                          0.2837235935103612E+01
                          0.2845281745059312E+01
                          0.2853344655076018E+01
                          0.2861424689365513E+01
                          0.2869521872156712E+01
                          0.2877636227695658E+01
                          0.2885767780245521E+01
                          0.2893916554086601E+01
                          0.2902082573516325E+01
                          0.2910265862849248E+01
                          0.2918466446417059E+01
                          0.2926684348568567E+01
                          0.2934919593669717E+01
                          0.2943172206103573E+01
                          0.2951442210270343E+01
                          0.2959729630587346E+01
                          0.2968034491489043E+01
                          0.2976356817427012E+01
                          0.2984696632869971E+01
                          0.2993053962303761E+01
                          0.3001428830231347E+01
                          0.3009821261172832E+01
                          0.3018231279665438E+01
                          0.3026658910263523E+01
                          0.3035104177538568E+01
                          0.3043567106079188E+01
                          0.3052047720491120E+01
                          0.3060546045397238E+01
                          0.3069062105437534E+01
                          0.3077595925269134E+01
                          0.3086147529566293E+01
                          0.3094716943020397E+01
                          0.3103304190339952E+01
                          0.3111909296250602E+01
                          0.3120532285495111E+01
                          0.3129173182833381E+01
                          0.3137832013042433E+01
                          0.3146508800916420E+01
                          0.3155203571266629E+01
                          0.3163916348921465E+01
                          0.3172647158726471E+01
                          0.3181396025544312E+01
                          0.3190162974254783E+01
                          0.3198948029754809E+01
                          0.3207751216958447E+01
                          0.3216572560796875E+01
                          0.3225412086218403E+01
                          0.3234269818188469E+01
                          0.3243145781689643E+01
                          0.3252040001721613E+01
                          0.3260952503301210E+01
                          0.3269883311462383E+01
                          0.3278832451256215E+01
                          0.3287799947750911E+01
                          0.3296785826031811E+01
                          0.3305790111201383E+01
                          0.3314812828379221E+01
                          0.3323854002702042E+01
                          0.3332913659323706E+01
                          0.3341991823415189E+01
                          0.3351088520164601E+01
                          0.3360203774777180E+01
                          0.3369337612475288E+01
                          0.3378490058498418E+01
                          0.3387661138103196E+01
                          0.3396850876563374E+01
                          0.3406059299169826E+01
                          0.3415286431230565E+01
                          0.3424532298070725E+01
                          0.3433796925032570E+01
                          0.3443080337475497E+01
                          0.3452382560776023E+01
                          0.3461703620327804E+01
                          0.3471043541541612E+01
                          0.3480402349845357E+01
                          0.3489780070684076E+01
                          0.3499176729519931E+01
                          0.3508592351832216E+01
                          0.3518026963117352E+01
                          0.3527480588888888E+01
                          0.3536953254677503E+01
                          0.3546444986031003E+01
                          0.3555955808514322E+01
                          0.3565485747709525E+01
                          0.3575034829215800E+01
                          0.3584603078649474E+01
                          0.3594190521643990E+01
                          0.3603797183849933E+01
                          0.3613423090934998E+01
                          0.3623068268584028E+01
                          0.3632732742498981E+01
                          0.3642416538398951E+01
                          0.3652119682020158E+01
                          0.3661842199115948E+01
                          0.3671584115456798E+01
                          0.3681345456830315E+01
                          0.3691126249041233E+01
                          0.3700926517911409E+01
                          0.3710746289279841E+01
                          0.3720585589002639E+01
                          0.3730444442953058E+01
                          0.3740322877021473E+01
                          0.3750220917115390E+01
                          0.3760138589159436E+01
                          0.3770075919095377E+01
                          0.3780032932882100E+01
                          0.3790009656495628E+01
                          0.3800006115929101E+01
                          0.3810022337192803E+01
                          0.3820058346314131E+01
                          0.3830114169337619E+01
                          0.3840189832324928E+01
                          0.3850285361354846E+01
                          0.3860400782523296E+01
                          0.3870536121943320E+01
                          0.3880691405745091E+01
                          0.3890866660075915E+01
                          0.3901061911100222E+01
                          0.3911277184999576E+01
                          0.3921512507972661E+01
                          0.3931767906235296E+01
                          0.3942043406020425E+01
                          0.3952339033578128E+01
                          0.3962654815175600E+01
                          0.3972990777097170E+01
                          0.3983346945644308E+01
                          0.3993723347135593E+01
                          0.4004120007906747E+01
                          0.4014536954310610E+01
                          0.4024974212717158E+01
                          0.4035431809513494E+01
                          0.4045909771103847E+01
                          0.4056408123909572E+01
                          0.4066926894369163E+01
                          0.4077466108938234E+01
                          0.4088025794089524E+01
                          0.4098605976312911E+01
                          0.4109206682115396E+01
                          0.4119827938021107E+01
                          0.4130469770571299E+01
                          0.4141132206324365E+01
                          0.4151815271855820E+01
                          0.4162518993758297E+01
                          0.4173243398641581E+01
                          0.4183988513132565E+01
                          0.4194754363875283E+01
                          0.4205540977530885E+01
                          0.4216348380777662E+01
                          0.4227176600311029E+01
                          0.4238025662843527E+01
                          0.4248895595104832E+01
                          0.4259786423841733E+01
                          0.4270698175818169E+01
                          0.4281630877815192E+01
                          0.4292584556630990E+01
                          0.4303559239080871E+01
                          0.4314554951997280E+01
                          0.4325571722229792E+01
                          0.4336609576645102E+01
                          0.4347668542127034E+01
                          0.4358748645576555E+01
                          0.4369849913911742E+01
                          0.4380972374067809E+01
                          0.4392116052997098E+01
                          0.4403280977669075E+01
                          0.4414467175070343E+01
                          0.4425674672204628E+01
                          0.4436903496092786E+01
                          0.4448153673772802E+01
                          0.4459425232299787E+01
                          0.4470718198745979E+01
                          0.4482032600200750E+01
                          0.4493368463770599E+01
                          0.4504725816579155E+01
                          0.4516104685767161E+01
                          0.4527505098492512E+01
                          0.4538927081930213E+01
                          0.4550370663272412E+01
                          0.4561835869728371E+01
                          0.4573322728524486E+01
                          0.4584831266904287E+01
                          0.4596361512128426E+01
                          0.4607913491474686E+01
                          0.4619487232237979E+01
                          0.4631082761730342E+01
                          0.4642700107280946E+01
                          0.4654339296236085E+01
                          0.4666000355959183E+01
                          0.4677683313830799E+01
                          0.4689388197248610E+01
                          0.4701115033627425E+01
                          0.4712863850399192E+01
                          0.4724634675012966E+01
                          0.4736427534934947E+01
                          0.4748242457648466E+01
                          0.4760079470653971E+01
                          0.4771938601469040E+01
                          0.4783819877628384E+01
                          0.4795723326683847E+01
                          0.4807648976204388E+01
                          0.4819596853776109E+01
                          0.4831566987002225E+01
                          0.4843559403503098E+01
                          0.4855574130916200E+01
                          0.4867611196896149E+01
                          0.4879670629114670E+01
                          0.4891752455260642E+01
                          0.4903856703040050E+01
                          0.4915983400176023E+01
                          0.4928132574408810E+01
                          0.4940304253495793E+01
                          0.4952498465211472E+01
                          0.4964715237347495E+01
                          0.4976954597712622E+01
                          0.4989216574132748E+01
                          0.5001501194450895E+01
                          0.5013808486527211E+01
                          0.5026138478238978E+01
                          0.5038491197480605E+01
                          0.5050866672163626E+01
                          0.5063264930216702E+01
                          0.5075685999585635E+01
                          0.5088129908233336E+01
                          0.5100596684139865E+01
                          0.5113086355302398E+01
                          0.5125598949735239E+01
                          0.5138134495469825E+01
                          0.5150693020554718E+01
                          0.5163274553055615E+01
                          0.5175879121055333E+01
                          0.5188506752653820E+01
                          0.5201157475968159E+01
                          0.5213831319132558E+01
                          0.5226528310298343E+01
                          0.5239248477633984E+01
                          0.5251991849325067E+01
                          0.5264758453574321E+01
                          0.5277548318601587E+01
                          0.5290361472643842E+01
                          0.5303197943955200E+01
                          0.5316057760806889E+01
                          0.5328940951487273E+01
                          0.5341847544301838E+01
                          0.5354777567573213E+01
                          0.5367731049641141E+01
                          0.5380708018862501E+01
                          0.5393708503611288E+01
                          0.5406732532278649E+01
                          0.5419780133272841E+01
                          0.5432851335019248E+01
                          0.5445946165960398E+01
                          0.5459064654555938E+01
                          0.5472206829282636E+01
                          0.5485372718634407E+01
                          0.5498562351122277E+01
                          0.5511775755274407E+01
                          0.5525012959636086E+01
                          0.5538273992769734E+01
                          0.5551558883254904E+01
                          0.5564867659688264E+01
                          0.5578200350683611E+01
                          0.5591556984871893E+01
                          0.5604937590901162E+01
                          0.5618342197436610E+01
                          0.5631770833160544E+01
                          0.5645223526772427E+01
                          0.5658700306988822E+01
                          0.5672201202543435E+01
                          0.5685726242187098E+01
                          0.5699275454687773E+01
                          0.5712848868830546E+01
                          0.5726446513417628E+01
                          0.5740068417268376E+01
                          0.5753714609219256E+01
                          0.5767385118123869E+01
                          0.5781079972852955E+01
                          0.5794799202294366E+01
                          0.5808542835353089E+01
                          0.5822310900951246E+01
                          0.5836103428028077E+01
                          0.5849920445539960E+01
                          0.5863761982460391E+01
                          0.5877628067780004E+01
                          0.5891518730506550E+01
                          0.5905433999664926E+01
                          0.5919373904297146E+01
                          0.5933338473462346E+01
                          0.5947327736236806E+01
                          0.5961341721713931E+01
                          0.5975380459004236E+01
                          0.5989443977235394E+01
                          0.6003532305552185E+01
                          0.6017645473116524E+01
                          0.6031783509107449E+01
                          0.6045946442721144E+01
                          0.6060134303170901E+01
                          0.6074347119687149E+01
                          0.6088584921517445E+01
                          0.6102847737926480E+01
                          0.6117135598196064E+01
                          0.6131448531625136E+01
                          0.6145786567529777E+01
                          0.6160149735243181E+01
                          0.6174538064115670E+01
                          0.6188951583514714E+01
                          0.6203390322824892E+01
                          0.6217854311447915E+01
                          0.6232343578802628E+01
                          0.6246858154324994E+01
                          0.6261398067468124E+01
                          0.6275963347702239E+01
                          0.6290554024514696E+01
                          0.6305170127409974E+01
                          0.6319811685909696E+01
                          0.6334478729552599E+01
                          0.6349171287894547E+01
                          0.6363889390508549E+01
                          0.6378633066984725E+01
                          0.6393402346930333E+01
                          0.6408197259969748E+01
                          0.6423017835744496E+01
                          0.6437864103913212E+01
                          0.6452736094151660E+01
                          0.6467633836152747E+01
                          0.6482557359626492E+01
                          0.6497506694300054E+01
                          0.6512481869917709E+01
                          0.6527482916240879E+01
                          0.6542509863048097E+01
                          0.6557562740135033E+01
                          0.6572641577314481E+01
                          0.6587746404416374E+01
                          0.6602877251287760E+01
                          0.6618034147792823E+01
                          0.6633217123812869E+01
                          0.6648426209246349E+01
                          0.6663661434008822E+01
                          0.6678922828032982E+01
                          0.6694210421268663E+01
                          0.6709524243682814E+01
                          0.6724864325259516E+01
                          0.6740230695999979E+01
                          0.6755623385922537E+01
                          0.6771042425062668E+01
                          0.6786487843472960E+01
                          0.6801959671223134E+01
                          0.6817457938400055E+01
                          0.6832982675107695E+01
                          0.6848533911467159E+01
                          0.6864111677616700E+01
                          0.6879716003711673E+01
                          0.6895346919924577E+01
                          0.6911004456445033E+01
                          0.6926688643479789E+01
                          0.6942399511252738E+01
                          0.6958137090004881E+01
                          0.6973901409994347E+01
                          0.6989692501496416E+01
                          0.7005510394803479E+01
                          0.7021355120225057E+01
                          0.7037226708087798E+01
                          0.7053125188735485E+01
                          0.7069050592529028E+01
                          0.7085002949846458E+01
                          0.7100982291082947E+01
                          0.7116988646650785E+01
                          0.7133022046979398E+01
                          0.7149082522515330E+01
                          0.7165170103722258E+01
                          0.7181284821081003E+01
                          0.7197426705089489E+01
                          0.7213595786262781E+01
                          0.7229792095133077E+01
                          0.7246015662249696E+01
                          0.7262266518179098E+01
                          0.7278544693504840E+01
                          0.7294850218827648E+01
                          0.7311183124765347E+01
                          0.7327543441952910E+01
                          0.7343931201042414E+01
                          0.7360346432703092E+01
                          0.7376789167621291E+01
                          0.7393259436500489E+01
                          0.7409757270061291E+01
                          0.7426282699041435E+01
                          0.7442835754195780E+01
                          0.7459416466296314E+01
                          0.7476024866132166E+01
                          0.7492660984509581E+01
                          0.7509324852251929E+01
                          0.7526016500199731E+01
                          0.7542735959210609E+01
                          0.7559483260159331E+01
                          0.7576258433937785E+01
                          0.7593061511454982E+01
                          0.7609892523637087E+01
                          0.7626751501427369E+01
                          0.7643638475786225E+01
                          0.7660553477691203E+01
                          0.7677496538136956E+01
                          0.7694467688135270E+01
                          0.7711466958715076E+01
                          0.7728494380922413E+01
                          0.7745549985820459E+01
                          0.7762633804489512E+01
                          0.7779745868027018E+01
                          0.7796886207547531E+01
                          0.7814054854182737E+01
                          0.7831251839081458E+01
                          0.7848477193409631E+01
                          0.7865730948350350E+01
                          0.7883013135103801E+01
                          0.7900323784887329E+01
                          0.7917662928935388E+01
                          0.7935030598499571E+01
                          0.7952426824848582E+01
                          0.7969851639268286E+01
                          0.7987305073061647E+01
                          0.8004787157548764E+01
                          0.8022297924066878E+01
                          0.8039837403970347E+01
                          0.8057405628630654E+01
                          0.8075002629436414E+01
                          0.8092628437793381E+01
                          0.8110283085124431E+01
                          0.8127966602869554E+01
                          0.8145679022485886E+01
                          0.8163420375447680E+01
                          0.8181190693246339E+01
                          0.8198990007390371E+01
                          0.8216818349405409E+01
                          0.8234675750834249E+01
                          0.8252562243236776E+01
                          0.8270477858190018E+01
                          0.8288422627288147E+01
                          0.8306396582142442E+01
                          0.8324399754381314E+01
                          0.8342432175650320E+01
                          0.8360493877612122E+01
                          0.8378584891946522E+01
                          0.8396705250350458E+01
                          0.8414854984537964E+01
                          0.8433034126240255E+01
                          0.8451242707205628E+01
                          0.8469480759199540E+01
                          0.8487748314004550E+01
                          0.8506045403420359E+01
                          0.8524372059263804E+01
                          0.8542728313368828E+01
                          0.8561114197586537E+01
                          0.8579529743785132E+01
                          0.8597974983849953E+01
                          0.8616449949683476E+01
                          0.8634954673205305E+01
                          0.8653489186352163E+01
                          0.8672053521077897E+01
                          0.8690647709353511E+01
                          0.8709271783167111E+01
                          0.8727925774523936E+01
                          0.8746609715446352E+01
                          0.8765323637973861E+01
                          0.8784067574163103E+01
                          0.8802841556087817E+01
                          0.8821645615838893E+01
                          0.8840479785524341E+01
                          0.8859344097269313E+01
                          0.8878238583216069E+01
                          0.8897163275524003E+01
                          0.8916118206369655E+01
                          0.8935103407946672E+01
                          0.8954118912465839E+01
                          0.8973164752155066E+01
                          0.8992240959259394E+01
                          0.9011347566041000E+01
                          0.9030484604779172E+01
                          0.9049652107770330E+01
                          0.9068850107328048E+01
                          0.9088078635782990E+01
                          0.9107337725482987E+01
                          0.9126627408792960E+01
                          0.9145947718094988E+01
                          0.9165298685788263E+01
                          0.9184680344289109E+01
                          0.9204092726030987E+01
                          0.9223535863464470E+01
                          0.9243009789057288E+01
                          0.9262514535294251E+01
                          0.9282050134677348E+01
                          0.9301616619725669E+01
                          0.9321214022975440E+01
                          0.9340842376980005E+01
                          0.9360501714309855E+01
                          0.9380192067552610E+01
                          0.9399913469312986E+01
                          0.9419665952212865E+01
                          0.9439449548891240E+01
                          0.9459264292004235E+01
                          0.9479110214225090E+01
                          0.9498987348244205E+01
                          0.9518895726769074E+01
                          0.9538835382524352E+01
                          0.9558806348251792E+01
                          0.9578808656710295E+01
                          0.9598842340675883E+01
                          0.9618907432941695E+01
                          0.9639003966318032E+01
                          0.9659131973632292E+01
                          0.9679291487729012E+01
                          0.9699482541469859E+01
                          0.9719705167733627E+01
                          0.9739959399416245E+01
                          0.9760245269430754E+01
                          0.9780562810707330E+01
                          0.9800912056193299E+01
                          0.9821293038853087E+01
                          0.9841705791668250E+01
                          0.9862150347637501E+01
                          0.9882626739776651E+01
                          0.9903135001118642E+01
                          0.9923675164713574E+01
                          0.9944247263628638E+01
                          0.9964851330948168E+01
                          0.9985487399773646E+01
                          0.1000615550322365E+02
                          0.1002685567443390E+02
                          0.1004758794655725E+02
                          0.1006835235276369E+02
                          0.1008914892624031E+02
                          0.1010997770019135E+02
                          0.1013083870783817E+02
                          0.1015173198241927E+02
                          0.1017265755719028E+02
                          0.1019361546542392E+02
                          0.1021460574041008E+02
                          0.1023562841545579E+02
                          0.1025668352388515E+02
                          0.1027777109903944E+02
                          0.1029889117427706E+02
                          0.1032004378297350E+02
                          0.1034122895852144E+02
                          0.1036244673433064E+02
                          0.1038369714382801E+02
                          0.1040498022045759E+02
                          0.1042629599768053E+02
                          0.1044764450897512E+02
                          0.1046902578783680E+02
                          0.1049043986777810E+02
                          0.1051188678232870E+02
                          0.1053336656503540E+02
                          0.1055487924946214E+02
                          0.1057642486918998E+02
                          0.1059800345781711E+02
                          0.1061961504895885E+02
                          0.1064125967624764E+02
                          0.1066293737333307E+02
                          0.1068464817388183E+02
                          0.1070639211157776E+02
                          0.1072816922012181E+02
                          0.1074997953323209E+02
                          0.1077182308464380E+02
                          0.1079369990810929E+02
                          0.1081561003739805E+02
                          0.1083755350629666E+02
                          0.1085953034860886E+02
                          0.1088154059815552E+02
                          0.1090358428877462E+02
                          0.1092566145432128E+02
                          0.1094777212866774E+02
                          0.1096991634570339E+02
                          0.1099209413933471E+02
                          0.1101430554348535E+02
                          0.1103655059209607E+02
                          0.1105882931912473E+02
                          0.1108114175854638E+02
                          0.1110348794435315E+02
                          0.1112586791055432E+02
                          0.1114828169117629E+02
                          0.1117072932026258E+02
                          0.1119321083187386E+02
                          0.1121572626008792E+02
                          0.1123827563899967E+02
                          0.1126085900272115E+02
                          0.1128347638538155E+02
                          0.1130612782112714E+02
                          0.1132881334412139E+02
                          0.1135153298854482E+02
                          0.1137428678859515E+02
                          0.1139707477848718E+02
