 Surface temperature vs. time [K]
    270.0000
    266.3615
    262.6995
    259.2533
    256.0518
    253.0577
    250.2532
    247.6125
    245.1248
    242.7775
    240.5605
    238.4657
    236.4817
    234.6028
    232.8206
    231.1298
    229.5239
    227.9961
    226.5443
    225.1646
    223.8526
    222.6041
    221.4167
    220.2868
    219.2116
    218.1881
    217.2139
    216.2862
    215.4030
    214.5615
    213.7606
    212.9973
    212.2704
    211.5780
    210.9185
    210.2901
    209.6927
    209.1244
    208.5836
    208.0698
    207.5813
    207.1162
    206.6739
    206.2539
    205.8550
    205.4766
    205.1176
    204.7764
    204.4531
    204.1465
    203.8565
    203.5815
    203.3218
    203.0757
    202.8442
    202.6254
    202.4194
    202.2248
    202.0416
    201.8689
    201.7062
    201.5539
    201.4112
    201.2771
    201.1520
    201.0349
    200.9263
    200.8246
    200.7304
    200.6431
    200.5623
    200.4880
    200.4199
    200.3578
    200.3017
    200.2508
    200.2051
    200.1642
    200.1277
    200.0961
    200.0686
    200.0455
    200.0261
    200.0101
    199.9978
    199.9888
    199.9833
    199.9806
    199.9813
    199.9845
    199.9903
    199.9982
    200.0085
    200.0209
    200.0355
    200.0520
    200.0704
    200.0906
    200.1125
    200.1361
    200.1614
    200.1879
    200.2160
    200.2452
    200.2758
    200.3077
    200.3409
    200.3756
    200.4117
    200.4487
    200.4868
    200.5255
    200.5653
    200.6056
    200.6468
    200.6889
    200.7317
    200.7756
    200.8201
    200.8653
    200.9106
    200.9567
    201.0028
    201.0496
    201.0966
    201.1445
    201.1926
    201.2417
    201.2912
    201.3407
    201.3905
    201.4407
    201.4913
    201.5420
    201.5930
    201.6443
    201.6956
    201.7472
    201.7989
    201.8509
    201.9028
    201.9552
    202.0075
    202.0602
    202.1128
    202.1659
    202.2187
    202.2718
    202.3249
    202.3777
    202.4306
    202.4832
    202.5359
    202.5883
    202.6409
    202.6932
    202.7456
    202.7977
    202.8499
    202.9018
    202.9538
    203.0055
    203.0574
    203.1090
    203.1607
    203.2119
    203.2630
    203.3139
    203.3647
    203.4152
    203.4655
    203.5154
    203.5653
    203.6147
    203.6638
    203.7126
    203.7612
    203.8097
    203.8579
    203.9057
    203.9533
    204.0006
    204.0478
    204.0946
    204.1414
    204.1878
    204.2343
    204.2801
    204.3258
    204.3710
    204.4161
    204.4605
    204.5047
    204.5486
    204.5923
    204.6358
    204.6791
    204.7219
    204.7644
    204.8066
    204.8484
    204.8899
    204.9309
    204.9718
    205.0122
    205.0524
    205.0924
    205.1320
    205.1713
    205.2103
    205.2490
    205.2875
    205.3258
    205.3637
    205.4013
    205.4388
    205.4758
    205.5125
    205.5487
    205.5846
    205.6200
    205.6547
    205.6893
    205.7238
    205.7575
    205.7911
    205.8241
    205.8569
    205.8891
    205.9211
    205.9527
    205.9842
    206.0152
    206.0460
    206.0763
    206.1065
    206.1361
    206.1655
    206.1944
    206.2233
    206.2520
    206.2803
    206.3085
    206.3361
    206.3634
    206.3903
    206.4169
    206.4431
    206.4690
    206.4944
    206.5196
    206.5443
    206.5687
    206.5925
    206.6159
    206.6386
    206.6608
    206.6824
    206.7036
    206.7242
    206.7444
    206.7640
    206.7832
    206.8019
    206.8202
    206.8380
    206.8555
    206.8725
    206.8892
    206.9055
    206.9214
    206.9369
    206.9522
    206.9670
    206.9815
    206.9954
    207.0085
    207.0208
    207.0323
    207.0431
    207.0533
    207.0627
    207.0717
    207.0801
    207.0880
    207.0953
    207.1023
    207.1087
    207.1149
    207.1205
    207.1259
    207.1308
    207.1356
    207.1400
    207.1442
    207.1480
    207.1517
    207.1551
    207.1583
    207.1613
    207.1642
    207.1668
    207.1693
    207.1716
    207.1738
    207.1758
    207.1778
    207.1796
    207.1813
    207.1829
    207.1844
    207.1858
    207.1871
    207.1883
    207.1895
    207.1906
    207.1917
    207.1926
    207.1935
    207.1943
    207.1952
    207.1958
    207.1966
    207.1972
    207.1979
    207.1984
    207.1990
    207.1994
    207.2000
    207.2004
    207.2009
    207.2012
    207.2016
    207.2019
    207.2023
    207.2026
    207.2029
    207.2031
    207.2034
    207.2036
    207.2039
    207.2040
    207.2043
    207.2044
    207.2046
    207.2047
    207.2049
    207.2050
    207.2052
    207.2053
    207.2055
    207.2055
    207.2057
    207.2057
    207.2058
    207.2059
    207.2060
    207.2060
    207.2061
    207.2062
    207.2063
    207.2063
    207.2064
    207.2064
    207.2065
    207.2065
    207.2066
    207.2065
    207.2066
    207.2066
    207.2067
    207.2067
    207.2068
    207.2067
    207.2068
    207.2068
    207.2068
    207.2068
    207.2069
    207.2068
    207.2069
    207.2069
    207.2069
    207.2069
    207.2070
    207.2069
    207.2070
    207.2069
    207.2070
    207.2070
    207.2070
    207.2070
    207.2070
    207.2070
    207.2071
    207.2070
    207.2071
    207.2070
    207.2071
    207.2070
    207.2071
    207.2070
    207.2071
    207.2070
    207.2071
    207.2070
    207.2071
    207.2071
    207.2071
    207.2071
    207.2071
    207.2071
    207.2071
    207.2071
    207.2071
    207.2071
    207.2071
    207.2071
    207.2071
    207.2071
    207.2071
    207.2071
    207.2071
    207.2071
    207.2071
    207.2071
    207.2071
    207.2071
    207.2071
    207.2071
    207.2071
    207.2071
    207.2071
    207.2071
    207.2071
    207.2071
    207.2071
    207.2071
    207.2071
    207.2071
    207.2071
    207.2071
    207.2071
    207.2071
    207.2071
    207.2071
    207.2071
    207.2071
    207.2071
    207.2071
    207.2071
    207.2071
    207.2072
    207.2071
    207.2072
    207.2071
    207.2072
    207.2071
    207.2072
    207.2071
    207.2072
    207.2071
    207.2072
    207.2071
    207.2072
    207.2071
    207.2072
    207.2071
    207.2072
    207.2071
    207.2072
    207.2071
    207.2072
    207.2071
    207.2072
    207.2071
    207.2072
    207.2071
    207.2072
    207.2071
    207.2072
    207.2071
    207.2072
    207.2071
    207.2072
    207.2071
    207.2072
    207.2071
    207.2072
    207.2071
    207.2072
    207.2071
    207.2072
    207.2071
    207.2072
    207.2071
    207.2072
    207.2071
    207.2072
    207.2071
