 Downwards broadband flux at each level [W/m2]
       47.9075
       30.7557
       20.4132
       14.9805
       12.2721
       10.6886
        9.6364
        8.8918
        8.3417
        7.9608
        7.7157
        7.5423
        7.3948
        7.2735
        7.1521
        7.0063
        6.8453
        6.6618
        6.4371
        6.2121
        5.9783
        5.7531
        5.5262
        5.2984
        5.0793
        4.8649
        4.6479
        4.4192
        4.1600
        3.8869
        3.6003
        3.2891
        2.9806
        2.6778
        2.4014
        2.1551
        1.9497
        1.7612
        1.5671
        1.3393
        1.0903
        0.8430
        0.6452
        0.4844
        0.3385
        0.2049
        0.1006
        0.0466
        0.0284
        0.0153
        0.0000
