 Spectral ground shortwave flux [W/m2/cm^-1]
  0.0000E+00
  0.7916E-05
  0.7554E-05
  0.1078E-05
  0.6542E-08
  0.3794E-06
  0.3945E-14
  0.6792E-29
  0.2108E-05
  0.7134E-15
  0.1436E-04
  0.2418E-11
  0.2261E-04
  0.4261E-04
  0.4184E-04
  0.1039E-08
  0.8057E-04
  0.8181E-04
  0.1032E-03
  0.1131E-03
  0.1217E-03
  0.9775E-04
  0.4613E-05
  0.1020E-28
  0.0000E+00
  0.0000E+00
  0.0000E+00
  0.0000E+00
  0.0000E+00
  0.0000E+00
  0.0000E+00
  0.1076E-03
  0.1342E-04
  0.2177E-03
  0.3294E-03
  0.3613E-03
  0.3861E-03
  0.3653E-03
  0.3287E-04
  0.1855E-03
  0.4762E-03
  0.4669E-03
  0.1966E-03
  0.9223E-04
  0.5583E-03
  0.6056E-03
  0.6299E-03
  0.6516E-03
  0.6787E-03
  0.6761E-03
  0.4566E-03
  0.5452E-03
  0.7624E-03
  0.7949E-03
  0.5669E-03
  0.4150E-03
  0.7925E-03
  0.9247E-03
  0.8958E-03
  0.6703E-03
  0.7026E-03
  0.8542E-03
  0.9669E-03
  0.2197E-03
  0.1116E-02
  0.1034E-02
  0.2714E-03
  0.1025E-02
  0.7910E-03
  0.1252E-02
  0.8904E-03
  0.1236E-02
  0.1193E-02
  0.1248E-02
  0.1318E-02
  0.1112E-02
  0.1794E-08
  0.2691E-03
  0.8825E-03
  0.1007E-02
  0.1225E-02
  0.9305E-04
  0.0000E+00
  0.0000E+00
  0.2363E-06
  0.6846E-03
  0.1365E-02
  0.1432E-02
  0.1137E-02
  0.5345E-16
  0.0000E+00
  0.0000E+00
  0.0000E+00
  0.0000E+00
  0.0000E+00
  0.0000E+00
  0.1780E-09
  0.2382E-02
  0.2259E-02
  0.2326E-02
  0.1312E-02
  0.2481E-02
  0.2605E-02
  0.2377E-02
  0.9670E-03
  0.6120E-03
  0.2702E-02
  0.2885E-02
  0.2929E-02
  0.2912E-02
  0.2876E-02
  0.2989E-02
  0.3097E-02
  0.3111E-02
  0.3208E-02
  0.3307E-02
  0.3258E-02
  0.3374E-02
  0.3356E-02
  0.3452E-02
  0.3343E-02
  0.3526E-02
  0.3484E-02
  0.3537E-02
  0.3600E-02
  0.3659E-02
  0.3577E-02
  0.3746E-02
  0.3570E-02
  0.3608E-02
  0.3952E-02
  0.3888E-02
  0.3701E-02
  0.3353E-02
  0.1071E-14
  0.3376E-02
  0.3871E-02
  0.3957E-02
  0.2046E-02
  0.3329E-03
  0.4668E-23
  0.2134E-10
  0.0000E+00
  0.0000E+00
  0.0000E+00
  0.0000E+00
  0.0000E+00
  0.0000E+00
  0.0000E+00
  0.0000E+00
  0.0000E+00
  0.3002E-02
  0.4551E-04
  0.1204E-02
  0.1762E-02
  0.3632E-02
  0.3261E-02
  0.3330E-02
  0.2938E-02
  0.2582E-02
  0.2744E-02
  0.3096E-02
  0.4403E-02
  0.4135E-02
  0.4237E-02
  0.4086E-02
  0.4354E-02
  0.4445E-02
  0.4109E-02
  0.4674E-02
  0.4387E-02
  0.5257E-02
  0.4769E-02
  0.5646E-02
  0.5223E-02
  0.6365E-02
  0.6414E-02
  0.4990E-02
  0.6549E-02
  0.6475E-02
  0.6571E-02
  0.6612E-02
  0.6623E-02
  0.6616E-02
  0.6343E-02
  0.2262E-02
  0.3328E-05
  0.6735E-02
  0.6756E-02
  0.4854E-02
  0.1644E-02
  0.9389E-03
  0.6506E-07
  0.0000E+00
  0.5415E-05
  0.0000E+00
  0.1084E-14
  0.1528E-05
  0.0000E+00
  0.0000E+00
  0.0000E+00
  0.4768E-02
  0.2938E-02
  0.1506E-12
  0.0000E+00
  0.1551E-19
  0.5408E-02
  0.7701E-02
  0.8017E-02
  0.7908E-02
  0.7665E-02
  0.7718E-02
  0.3816E-02
  0.2457E-02
  0.7084E-02
  0.8066E-02
  0.7685E-02
  0.1982E-02
  0.8380E-02
  0.8512E-02
  0.8115E-02
  0.8515E-02
  0.8260E-02
  0.8809E-02
  0.8234E-02
  0.8468E-02
  0.8711E-02
  0.8497E-02
  0.8490E-02
  0.8687E-02
  0.8536E-02
  0.8293E-02
  0.8763E-02
  0.8628E-02
  0.7662E-02
  0.8576E-02
  0.8826E-02
  0.8142E-02
  0.8558E-02
  0.8362E-02
  0.8058E-02
  0.8135E-02
  0.7894E-02
  0.7277E-02
  0.6829E-02
  0.8265E-02
  0.7667E-02
  0.6499E-02
  0.2321E-02
  0.1773E-02
  0.1677E-02
  0.7748E-02
  0.6510E-02
  0.9663E-22
  0.1869E-03
  0.6708E-02
  0.7713E-02
  0.7676E-02
  0.7942E-02
  0.6771E-02
  0.6267E-02
  0.5189E-02
  0.7311E-02
  0.7286E-02
  0.7074E-02
  0.7478E-02
  0.6838E-02
  0.2694E-02
  0.6938E-02
  0.6351E-02
  0.2118E-02
  0.6574E-02
  0.6281E-02
  0.6330E-02
  0.6213E-02
  0.5997E-02
  0.3995E-02
  0.3054E-04
  0.1011E-03
  0.2908E-08
  0.5967E-02
  0.6219E-02
  0.6016E-02
  0.6232E-02
  0.5887E-02
  0.6376E-02
  0.6217E-02
  0.5865E-02
  0.6255E-02
  0.6400E-02
  0.6210E-02
  0.6292E-02
  0.5673E-02
  0.5941E-02
  0.3760E-02
  0.6049E-02
  0.6122E-02
  0.6160E-02
  0.5676E-02
  0.5572E-02
  0.5964E-02
  0.5948E-02
  0.5995E-02
  0.5436E-02
  0.5037E-02
  0.5683E-02
  0.5858E-02
  0.5900E-02
  0.5829E-02
  0.2625E-02
  0.5349E-02
  0.5542E-02
  0.5543E-02
  0.5686E-02
  0.5540E-02
  0.5469E-02
  0.5493E-02
  0.5468E-02
  0.5309E-02
  0.5204E-02
  0.5520E-02
  0.5311E-02
  0.5343E-02
  0.5269E-02
  0.5179E-02
  0.5093E-02
  0.5197E-02
  0.2308E-03
  0.1338E-16
  0.5212E-02
  0.4998E-02
  0.4059E-02
  0.6737E-03
  0.5053E-02
  0.4789E-02
  0.5120E-02
  0.4873E-02
  0.5119E-02
  0.4960E-02
  0.4833E-02
  0.4983E-02
  0.5012E-02
  0.4870E-02
  0.4907E-02
  0.4815E-02
  0.4797E-02
  0.4902E-02
  0.4605E-02
  0.4867E-02
  0.4316E-02
  0.4658E-02
  0.4627E-02
  0.4665E-02
  0.4275E-02
  0.4603E-02
  0.4394E-02
  0.4551E-02
  0.4504E-02
  0.4180E-02
  0.4444E-02
  0.4418E-02
  0.4462E-02
  0.4281E-02
  0.4202E-02
  0.4360E-02
  0.4455E-02
  0.4446E-02
  0.4295E-02
  0.4507E-02
  0.4316E-02
  0.4344E-02
  0.4306E-02
  0.4384E-02
  0.4216E-02
  0.4407E-02
  0.3352E-02
  0.4334E-02
  0.4299E-02
  0.4227E-02
  0.4258E-02
  0.4230E-02
  0.3418E-02
  0.4216E-02
  0.4159E-02
  0.4102E-02
  0.4094E-02
  0.4106E-02
  0.4077E-02
  0.4103E-02
  0.4059E-02
  0.4112E-02
  0.4016E-02
  0.3960E-02
  0.3980E-02
  0.3905E-02
  0.3950E-02
  0.3907E-02
  0.3865E-02
  0.3849E-02
  0.3877E-02
  0.3795E-02
  0.3811E-02
  0.3770E-02
  0.3743E-02
  0.3837E-02
  0.3883E-02
  0.3773E-02
  0.3776E-02
  0.3698E-02
  0.3605E-02
  0.3543E-02
  0.3442E-02
  0.3552E-02
  0.3554E-02
  0.3454E-02
  0.3588E-02
  0.3526E-02
  0.3590E-02
  0.3520E-02
  0.3514E-02
  0.3485E-02
  0.3480E-02
  0.3449E-02
  0.3279E-02
  0.3345E-02
  0.3287E-02
  0.3280E-02
  0.3211E-02
  0.3373E-02
  0.3274E-02
  0.3174E-02
  0.3240E-02
  0.3152E-02
  0.3169E-02
  0.3115E-02
  0.3325E-02
  0.3208E-02
  0.3283E-02
  0.3421E-02
  0.3323E-02
  0.3208E-02
  0.3350E-02
  0.3248E-02
  0.3023E-02
  0.3073E-02
  0.2999E-02
  0.3165E-02
  0.2983E-02
  0.3068E-02
  0.3052E-02
  0.2974E-02
  0.2931E-02
  0.3132E-02
  0.3066E-02
  0.3013E-02
  0.3071E-02
  0.2944E-02
  0.3036E-02
  0.2941E-02
  0.2916E-02
  0.2654E-02
  0.2574E-02
  0.2831E-02
  0.2852E-02
  0.2707E-02
  0.2679E-02
  0.2551E-02
  0.2635E-02
  0.2209E-02
  0.2296E-02
  0.2249E-02
  0.2438E-02
  0.2353E-02
  0.2336E-02
  0.2379E-02
  0.2664E-02
  0.2545E-02
  0.2535E-02
  0.2572E-02
  0.2590E-02
  0.2508E-02
  0.2493E-02
  0.2659E-02
  0.2693E-02
  0.2680E-02
  0.2622E-02
  0.2688E-02
  0.2424E-02
  0.2494E-02
  0.2621E-02
  0.2628E-02
  0.2545E-02
  0.2495E-02
  0.2384E-02
  0.2388E-02
  0.2288E-02
  0.2501E-02
  0.2382E-02
  0.2413E-02
  0.2387E-02
  0.2236E-02
  0.2287E-02
  0.2279E-02
  0.2118E-02
  0.2170E-02
  0.2013E-02
  0.2121E-02
  0.2139E-02
  0.2091E-02
  0.2005E-02
  0.1882E-02
  0.2023E-02
  0.1977E-02
  0.1877E-02
  0.1928E-02
  0.1791E-02
  0.1728E-02
  0.1914E-02
  0.1747E-02
  0.1704E-02
  0.1781E-02
  0.1625E-02
  0.1927E-02
  0.1914E-02
  0.1948E-02
  0.1920E-02
  0.2032E-02
  0.2119E-02
  0.2220E-02
  0.2211E-02
  0.2200E-02
  0.2173E-02
  0.2104E-02
  0.2074E-02
  0.2096E-02
  0.2005E-02
  0.2008E-02
  0.1994E-02
  0.1999E-02
  0.1924E-02
  0.1927E-02
  0.1867E-02
  0.2005E-02
  0.1717E-02
  0.1759E-02
  0.1754E-02
  0.1585E-02
  0.1536E-02
  0.1494E-02
  0.1404E-02
  0.1369E-02
  0.1319E-02
  0.1088E-02
  0.9852E-03
  0.9322E-03
  0.8853E-03
  0.9533E-03
  0.9315E-03
  0.8146E-03
  0.6735E-03
  0.6365E-03
  0.7484E-03
  0.8217E-03
  0.6884E-03
  0.7860E-03
  0.8362E-03
  0.7631E-03
  0.9477E-03
  0.9461E-03
  0.8515E-03
  0.7439E-03
  0.6415E-03
  0.7165E-03
  0.6089E-03
  0.5100E-03
  0.5041E-03
  0.4257E-03
  0.5896E-03
  0.7882E-03
  0.7247E-03
  0.6797E-03
  0.7759E-03
  0.7431E-03
  0.6736E-03
  0.7384E-03
  0.6868E-03
  0.6053E-03
  0.6111E-03
  0.5869E-03
  0.5268E-03
  0.6092E-03
  0.5955E-03
  0.5006E-03
  0.5497E-03
  0.4944E-03
  0.5085E-03
  0.5501E-03
  0.6017E-03
  0.4836E-03
  0.6183E-03
  0.5066E-03
  0.4671E-03
  0.5733E-03
  0.4664E-03
  0.4457E-03
  0.4799E-03
  0.4201E-03
  0.3562E-03
  0.3380E-03
  0.3020E-03
  0.2682E-03
  0.2559E-03
  0.2548E-03
  0.2222E-03
  0.2116E-03
  0.2106E-03
  0.2218E-03
  0.2869E-03
  0.4672E-03
  0.4034E-03
  0.3895E-03
  0.3527E-03
  0.2924E-03
  0.2900E-03
  0.2950E-03
  0.2457E-03
  0.2349E-03
  0.2607E-03
  0.2526E-03
  0.2210E-03
  0.3058E-03
  0.3561E-03
  0.3078E-03
  0.3038E-03
  0.2463E-03
  0.2550E-03
  0.2468E-03
  0.2088E-03
  0.2055E-03
  0.2180E-03
  0.2021E-03
  0.1832E-03
  0.2629E-03
  0.2736E-03
  0.3183E-03
  0.3316E-03
  0.3060E-03
  0.2937E-03
  0.2894E-03
  0.3195E-03
  0.3782E-03
  0.3257E-03
  0.4496E-03
  0.4323E-03
  0.4220E-03
  0.3886E-03
  0.3489E-03
  0.3837E-03
  0.3620E-03
  0.3442E-03
  0.3460E-03
  0.3887E-03
  0.3576E-03
  0.3243E-03
  0.4248E-03
  0.4446E-03
  0.4721E-03
  0.4064E-03
  0.4400E-03
  0.4085E-03
  0.3987E-03
  0.3567E-03
  0.3905E-03
  0.3884E-03
  0.3822E-03
  0.3418E-03
  0.3949E-03
  0.3955E-03
  0.4319E-03
  0.4395E-03
  0.4775E-03
  0.5039E-03
  0.4849E-03
  0.5323E-03
  0.6321E-03
  0.5947E-03
  0.5986E-03
  0.5390E-03
  0.5611E-03
  0.5579E-03
  0.4801E-03
  0.3719E-03
  0.5017E-03
  0.4252E-03
  0.3868E-03
  0.3686E-03
  0.4060E-03
  0.4093E-03
  0.3639E-03
  0.4312E-03
  0.3763E-03
  0.3477E-03
  0.4440E-03
  0.3994E-03
  0.3711E-03
  0.3103E-03
  0.2543E-03
  0.3135E-03
  0.2340E-03
  0.2491E-03
  0.2938E-03
  0.2825E-03
  0.2682E-03
  0.2747E-03
  0.2483E-03
  0.2826E-03
  0.2834E-03
  0.3209E-03
  0.2921E-03
  0.2500E-03
  0.3547E-03
  0.3949E-03
  0.3341E-03
  0.3288E-03
  0.3478E-03
  0.2537E-03
  0.2468E-03
  0.2781E-03
  0.3083E-03
  0.2953E-03
  0.2362E-03
  0.2243E-03
  0.2557E-03
  0.1840E-03
  0.2922E-03
  0.3355E-03
  0.2690E-03
  0.3597E-03
  0.3558E-03
  0.2461E-03
  0.3170E-03
  0.2630E-03
  0.2945E-03
  0.3564E-03
  0.2856E-03
  0.3237E-03
  0.3857E-03
  0.3537E-03
  0.2933E-03
  0.3229E-03
  0.2049E-03
  0.3231E-03
  0.3691E-03
  0.4182E-03
  0.3460E-03
  0.3528E-03
  0.3694E-03
  0.3485E-03
  0.1843E-03
  0.1818E-03
  0.2934E-03
  0.2072E-03
  0.2071E-03
  0.3102E-03
  0.2760E-03
  0.2564E-03
  0.2342E-03
  0.1517E-03
  0.1526E-03
  0.1867E-03
  0.1225E-03
  0.1133E-03
  0.1151E-03
  0.6487E-04
  0.1917E-03
  0.2487E-03
  0.1405E-03
  0.2068E-03
  0.1850E-03
  0.1564E-03
  0.1467E-03
  0.1841E-03
  0.1543E-03
  0.2062E-03
  0.1564E-03
  0.1417E-03
  0.1576E-03
  0.1623E-03
  0.1504E-03
  0.1680E-03
  0.1920E-03
  0.1384E-03
  0.2232E-03
  0.1545E-03
  0.1867E-03
  0.1746E-03
  0.1296E-03
  0.1114E-03
  0.1279E-03
  0.1415E-03
  0.1730E-03
  0.1563E-03
  0.1305E-03
  0.1272E-03
  0.1461E-03
  0.1126E-03
  0.1338E-03
  0.2895E-03
  0.3224E-03
  0.2472E-03
  0.2995E-03
  0.3033E-03
  0.2254E-03
  0.3255E-03
  0.2844E-03
  0.2665E-03
  0.2707E-03
  0.2305E-03
  0.1828E-03
  0.1867E-03
  0.1595E-03
  0.1661E-03
  0.1793E-03
  0.1573E-03
  0.1425E-03
  0.1668E-03
  0.1591E-03
  0.1543E-03
  0.1423E-03
  0.1246E-03
  0.1270E-03
  0.7268E-04
  0.1141E-03
  0.1258E-03
  0.1507E-03
  0.1479E-03
  0.1303E-03
  0.1632E-03
  0.1136E-03
  0.9535E-04
  0.1642E-03
  0.2136E-03
  0.2365E-03
  0.1558E-03
  0.2140E-03
  0.1280E-03
  0.1796E-03
  0.1970E-03
  0.2183E-03
  0.1386E-03
  0.1888E-03
  0.2189E-03
  0.1681E-03
  0.1818E-03
  0.1142E-03
  0.1497E-03
  0.1243E-03
  0.1738E-03
  0.2163E-03
  0.1578E-03
  0.9530E-04
  0.1381E-03
  0.1228E-03
  0.1059E-03
  0.1479E-03
  0.1635E-03
  0.1689E-03
  0.1894E-03
  0.1043E-03
  0.1035E-03
  0.1240E-03
  0.1293E-03
  0.1445E-03
  0.1108E-03
  0.1651E-03
  0.1621E-03
  0.1459E-03
  0.1735E-03
  0.1245E-03
  0.8694E-04
  0.1284E-03
  0.1120E-03
  0.1205E-03
  0.7219E-04
  0.1113E-03
  0.1492E-03
  0.1406E-03
  0.1584E-03
  0.1625E-03
  0.1166E-03
  0.1064E-03
  0.1232E-03
  0.9646E-04
  0.1103E-03
  0.6633E-04
  0.1088E-03
  0.7749E-04
  0.4653E-04
  0.8936E-04
  0.1199E-03
  0.1046E-03
  0.4963E-04
  0.9824E-04
  0.6312E-04
  0.8228E-04
  0.9156E-04
  0.9910E-04
  0.4546E-04
  0.8395E-04
  0.9829E-04
  0.6621E-04
  0.5160E-04
  0.4242E-04
  0.7170E-04
  0.6906E-04
  0.1019E-03
  0.1246E-03
  0.8935E-04
  0.7901E-04
  0.1063E-03
  0.7113E-04
  0.6329E-04
  0.1031E-03
  0.7559E-04
  0.4473E-04
  0.6744E-04
  0.7269E-04
  0.5717E-04
  0.3151E-04
  0.4377E-04
  0.3460E-04
  0.4186E-04
  0.2079E-04
  0.3794E-04
  0.3954E-04
  0.1591E-04
  0.3069E-04
  0.5471E-04
  0.4760E-04
  0.2357E-04
  0.2067E-04
  0.5151E-04
  0.6337E-04
  0.3389E-04
  0.2061E-04
  0.1316E-04
  0.8376E-05
  0.2590E-04
  0.2395E-04
  0.4125E-04
  0.7382E-04
  0.1833E-04
  0.3390E-04
  0.5285E-04
  0.3674E-04
  0.5984E-04
  0.5518E-04
  0.3115E-04
  0.3718E-04
  0.2888E-04
  0.3473E-04
  0.6042E-04
  0.5111E-04
  0.2430E-04
  0.4957E-04
  0.3347E-04
  0.2546E-04
  0.2097E-04
  0.4715E-04
  0.6220E-04
  0.2815E-04
  0.3797E-04
  0.3274E-04
  0.5101E-04
  0.3101E-04
  0.4045E-04
  0.3465E-04
  0.5324E-04
  0.5261E-04
  0.3671E-04
  0.2279E-04
  0.3073E-04
  0.2544E-04
  0.2562E-04
  0.2555E-04
  0.2225E-04
  0.2702E-04
  0.2450E-04
  0.1442E-04
  0.2592E-04
  0.2352E-04
  0.5630E-05
  0.1725E-04
  0.2401E-04
  0.3979E-04
  0.4870E-04
  0.3778E-04
  0.3339E-04
  0.2603E-04
  0.2515E-04
  0.2601E-04
  0.3226E-04
  0.2014E-04
  0.1813E-04
  0.1024E-04
  0.1085E-04
  0.6231E-05
  0.2084E-05
  0.4482E-05
  0.4185E-05
  0.6607E-05
  0.1214E-04
  0.7376E-05
  0.6163E-05
  0.5175E-05
  0.4041E-05
  0.1263E-05
  0.2204E-05
  0.4784E-05
  0.4199E-05
  0.6101E-05
  0.1125E-04
  0.1110E-04
  0.4202E-05
  0.7952E-05
  0.3064E-05
  0.5365E-05
  0.7905E-05
  0.3895E-05
  0.4887E-05
  0.4513E-05
  0.3889E-05
  0.8242E-05
  0.9013E-05
  0.4453E-05
  0.3112E-05
  0.1941E-05
  0.5692E-05
  0.6931E-05
  0.7666E-05
  0.8021E-05
  0.4371E-05
  0.5051E-05
  0.4651E-05
  0.4515E-05
  0.1680E-05
  0.2339E-05
  0.4452E-05
  0.8431E-05
  0.1374E-04
  0.8224E-05
  0.1288E-04
  0.4011E-05
  0.8131E-05
  0.9664E-05
  0.4403E-05
  0.1569E-04
  0.1238E-04
  0.9030E-05
  0.9328E-05
  0.8804E-05
  0.4312E-05
  0.5336E-05
  0.3145E-05
  0.6514E-05
  0.4218E-05
  0.1466E-05
  0.1240E-05
  0.2331E-05
  0.1684E-05
  0.1200E-05
  0.2227E-05
  0.2641E-05
  0.2970E-05
  0.9366E-06
  0.1587E-05
  0.4022E-05
  0.5350E-05
  0.2275E-05
  0.2149E-05
  0.9947E-05
  0.8821E-05
  0.4855E-05
  0.1034E-04
  0.2330E-05
  0.5533E-05
  0.2487E-05
  0.4449E-05
  0.4752E-05
  0.3742E-05
  0.8573E-05
  0.6606E-05
  0.8611E-05
  0.4533E-05
  0.4549E-05
  0.3449E-05
  0.2764E-05
  0.3626E-05
  0.6544E-05
  0.3559E-05
  0.3469E-05
  0.2720E-05
  0.7579E-05
  0.4278E-05
  0.2268E-05
  0.3096E-05
  0.2976E-05
  0.2428E-05
  0.1596E-05
  0.1471E-05
  0.3430E-05
  0.2731E-05
  0.1025E-05
  0.1968E-05
  0.1458E-05
  0.1665E-05
  0.8547E-06
  0.9638E-06
  0.2261E-05
  0.2234E-05
  0.2315E-05
  0.1821E-05
  0.3175E-05
  0.3998E-05
  0.1876E-05
  0.4694E-05
  0.3909E-05
  0.1780E-05
  0.4889E-05
  0.7921E-05
  0.2326E-05
  0.3392E-05
  0.3678E-05
  0.2084E-05
  0.8113E-06
  0.1991E-05
  0.2378E-05
  0.1117E-05
  0.1899E-05
  0.3350E-05
  0.3569E-05
  0.2446E-05
  0.1373E-05
  0.8012E-06
  0.1740E-05
  0.7730E-06
  0.2453E-05
  0.1595E-05
  0.3374E-05
  0.2096E-05
  0.5063E-06
  0.1542E-05
  0.1736E-05
  0.8027E-06
  0.9543E-06
  0.1249E-05
  0.1166E-05
  0.1727E-05
  0.1419E-05
  0.1121E-05
  0.6564E-06
  0.4738E-06
  0.5653E-06
  0.1149E-05
  0.1131E-05
  0.1984E-05
  0.2059E-05
  0.1901E-05
  0.1220E-05
  0.1963E-05
  0.1109E-05
  0.3433E-06
  0.1771E-05
  0.1534E-05
  0.1078E-05
  0.1604E-05
  0.1189E-05
  0.1915E-05
  0.6957E-06
  0.1015E-05
  0.2004E-05
  0.1132E-05
  0.1430E-05
  0.1204E-05
  0.1230E-05
  0.7330E-06
  0.6346E-06
  0.8893E-06
  0.1327E-05
  0.5817E-06
  0.8959E-06
  0.8525E-06
  0.1703E-05
  0.8043E-06
  0.1135E-05
  0.1507E-05
  0.9019E-06
  0.1571E-05
  0.1241E-05
  0.8087E-06
  0.1055E-05
  0.9690E-06
  0.7643E-06
  0.7849E-06
  0.1124E-05
  0.5025E-06
  0.5958E-06
  0.9787E-06
  0.1650E-05
  0.8468E-06
  0.3126E-06
  0.2841E-05
  0.1549E-05
  0.1191E-05
  0.1629E-05
  0.1233E-05
  0.1070E-05
  0.6868E-06
  0.8393E-06
  0.8887E-06
  0.9494E-06
  0.4408E-06
  0.4806E-06
  0.1008E-05
  0.7656E-06
  0.1039E-05
  0.4511E-06
  0.6226E-06
  0.8770E-06
  0.5084E-06
  0.2780E-06
  0.4212E-06
  0.5225E-06
  0.4179E-06
  0.4777E-06
  0.4475E-06
  0.4526E-06
  0.4586E-06
  0.4026E-06
  0.2996E-06
  0.3548E-06
  0.1899E-06
  0.6649E-06
  0.3319E-06
  0.3109E-06
  0.3505E-06
  0.4652E-06
  0.3687E-06
  0.3301E-06
  0.2477E-06
  0.3456E-06
  0.4229E-06
  0.1112E-06
  0.2836E-06
  0.4749E-06
  0.1207E-06
  0.2921E-06
  0.5745E-06
  0.4300E-06
  0.6535E-06
  0.2599E-06
  0.3504E-06
  0.2640E-06
  0.4293E-06
  0.1841E-06
  0.1251E-06
  0.5716E-06
  0.3584E-06
  0.3661E-06
  0.4486E-06
  0.3462E-06
  0.1432E-06
  0.1259E-06
  0.1740E-06
  0.4607E-06
  0.2333E-06
  0.1217E-06
  0.1454E-06
  0.2673E-06
  0.2558E-06
  0.2295E-06
  0.1930E-06
  0.1645E-06
  0.1381E-06
  0.2072E-06
  0.2237E-06
  0.2310E-06
  0.1495E-06
  0.1449E-06
  0.8790E-07
  0.2146E-06
  0.1385E-06
  0.8414E-07
  0.1151E-06
  0.1252E-06
  0.2047E-06
  0.1304E-06
  0.7909E-07
  0.1113E-06
  0.1295E-06
  0.1037E-06
  0.1326E-06
  0.2897E-06
  0.3445E-07
  0.1231E-06
  0.9972E-07
  0.8961E-07
  0.6387E-07
  0.5068E-07
  0.9944E-07
  0.9587E-07
  0.6299E-07
  0.8881E-07
  0.9318E-07
  0.5732E-07
  0.7437E-07
  0.5122E-07
  0.8575E-07
  0.9895E-07
  0.8237E-07
  0.7480E-07
  0.2819E-07
  0.6355E-07
  0.1967E-07
  0.2244E-07
  0.5432E-07
  0.6536E-07
  0.6848E-07
  0.6582E-07
  0.3272E-07
  0.7582E-07
  0.4966E-07
  0.3449E-07
  0.5207E-07
  0.6503E-07
  0.3381E-07
  0.6255E-07
  0.5259E-07
  0.1544E-07
  0.3186E-07
  0.3246E-07
  0.6677E-07
  0.4678E-07
  0.4471E-07
  0.3648E-07
  0.2883E-07
  0.3445E-07
  0.2070E-07
  0.2885E-07
  0.5939E-07
  0.7320E-07
  0.5541E-07
  0.3119E-07
  0.2874E-07
  0.4496E-07
  0.3020E-07
  0.2211E-07
  0.4128E-07
  0.2222E-07
  0.3243E-07
  0.5035E-07
  0.2729E-07
  0.4207E-07
  0.4172E-07
  0.4363E-07
  0.1964E-07
  0.3454E-07
  0.2868E-07
  0.2958E-07
  0.3680E-07
  0.4374E-07
  0.4473E-07
  0.2649E-07
  0.1818E-07
  0.2175E-07
  0.2734E-07
  0.2501E-07
  0.2498E-07
  0.2014E-07
  0.3110E-07
  0.4559E-07
  0.1851E-07
  0.2497E-07
  0.3292E-07
  0.2045E-07
  0.1979E-07
  0.2451E-07
  0.2008E-07
  0.2277E-07
  0.1454E-07
  0.1512E-07
  0.9478E-08
  0.1715E-07
  0.1279E-07
  0.1977E-07
  0.1199E-07
  0.1597E-07
  0.1198E-07
  0.7851E-08
  0.9429E-08
  0.5081E-08
  0.6580E-09
  0.1793E-08
  0.5340E-08
  0.7285E-08
  0.1098E-07
  0.1403E-07
  0.9365E-08
  0.1080E-07
  0.1553E-07
  0.9783E-08
  0.1185E-07
  0.1609E-07
  0.2171E-07
  0.1270E-07
  0.1025E-07
  0.1015E-07
  0.1056E-07
  0.1281E-07
  0.1119E-07
  0.9207E-08
  0.1293E-07
  0.8627E-08
  0.9260E-08
  0.9771E-08
  0.1006E-07
  0.7851E-08
  0.8369E-08
  0.5318E-08
  0.7586E-08
  0.1748E-08
  0.7976E-08
  0.8291E-08
  0.7571E-08
  0.5112E-08
  0.4608E-08
  0.9077E-08
  0.3666E-08
  0.4353E-08
  0.3941E-08
  0.1017E-07
  0.1189E-07
  0.5522E-08
  0.1946E-08
  0.6051E-08
  0.6201E-08
  0.7199E-08
  0.4962E-08
  0.1914E-08
  0.4409E-08
  0.2259E-08
  0.6606E-08
  0.6209E-08
  0.3508E-08
  0.4455E-08
  0.5735E-08
  0.4562E-08
  0.4755E-08
  0.4403E-08
  0.3702E-08
  0.2421E-08
  0.4807E-08
  0.2503E-08
  0.4340E-08
  0.3140E-08
  0.4351E-08
  0.5904E-08
  0.2971E-08
  0.3111E-08
  0.1229E-08
  0.8743E-09
  0.3572E-08
  0.1812E-08
  0.3814E-08
  0.1752E-08
  0.5384E-08
  0.3202E-08
  0.1898E-08
  0.2556E-08
  0.2919E-08
  0.2195E-08
  0.1225E-08
  0.1329E-08
  0.5656E-09
  0.1937E-08
  0.2845E-08
  0.3456E-08
  0.2405E-08
  0.2226E-08
  0.4517E-08
  0.2633E-08
  0.2114E-08
  0.9248E-09
  0.2568E-08
  0.2051E-08
  0.6816E-09
  0.2088E-08
  0.8660E-09
  0.1928E-08
  0.1065E-08
  0.2201E-08
  0.1600E-08
  0.1202E-08
  0.1961E-08
  0.1629E-08
  0.1480E-08
  0.4438E-08
  0.7459E-09
  0.3072E-08
  0.6195E-09
  0.4190E-09
  0.2020E-08
  0.2046E-08
  0.2248E-08
  0.1980E-08
  0.1841E-08
  0.3202E-08
  0.2044E-08
  0.2442E-08
  0.9857E-09
  0.2031E-08
  0.1563E-08
  0.1265E-08
  0.2132E-08
  0.9123E-09
  0.2193E-08
  0.1580E-08
  0.8976E-09
  0.5354E-09
  0.2937E-09
  0.4093E-09
  0.1166E-08
  0.7777E-09
  0.1325E-08
  0.4445E-09
  0.8063E-09
  0.1373E-08
  0.6362E-09
  0.9496E-09
  0.9220E-09
  0.1837E-09
  0.1004E-09
  0.9012E-09
  0.4039E-10
  0.1534E-09
  0.2331E-09
  0.3298E-09
  0.7890E-09
  0.3401E-09
  0.4625E-09
  0.9808E-09
  0.9625E-09
  0.8086E-09
  0.5168E-09
  0.1762E-09
  0.5944E-09
  0.1339E-09
  0.3376E-10
  0.9515E-10
  0.2278E-09
  0.5610E-09
  0.5429E-09
  0.6910E-09
  0.5672E-09
  0.7348E-09
  0.9273E-09
  0.1158E-08
  0.3368E-09
  0.4184E-09
  0.1040E-08
  0.7047E-09
  0.3126E-09
  0.7285E-09
  0.6489E-09
  0.8788E-09
  0.5505E-09
  0.3900E-09
  0.3316E-09
  0.1634E-09
  0.3149E-09
  0.3613E-09
  0.1794E-09
  0.2630E-09
  0.3557E-09
  0.1196E-09
  0.9228E-10
  0.2755E-09
  0.2498E-09
  0.1163E-09
  0.1347E-09
  0.2747E-09
  0.1073E-09
  0.2942E-10
  0.1718E-09
  0.1044E-09
  0.1819E-09
  0.2059E-09
  0.2231E-09
  0.1777E-09
  0.2699E-09
  0.5504E-10
  0.8697E-10
  0.6872E-10
  0.9840E-10
  0.8888E-10
  0.6213E-10
  0.3299E-10
  0.3309E-10
  0.6107E-10
  0.6915E-10
  0.2349E-10
  0.2109E-09
  0.2308E-09
  0.3335E-09
  0.2178E-09
  0.3152E-09
  0.1410E-09
  0.1180E-09
  0.5896E-10
  0.2458E-09
  0.7883E-10
  0.1307E-09
  0.4002E-10
  0.5660E-10
  0.8120E-10
  0.1519E-10
  0.8569E-10
  0.6511E-10
  0.2583E-09
  0.1243E-09
  0.1973E-09
  0.2090E-09
  0.1668E-09
  0.1769E-09
  0.2535E-09
  0.1233E-09
  0.1580E-09
  0.9354E-10
  0.1839E-09
  0.1362E-09
  0.6387E-10
  0.7032E-10
  0.3558E-10
  0.1212E-09
  0.3150E-09
  0.1298E-09
  0.1674E-09
  0.6753E-10
  0.3780E-10
  0.4974E-11
  0.2814E-11
  0.5710E-11
  0.6869E-11
  0.7399E-12
  0.1967E-10
  0.1428E-10
  0.1071E-10
  0.9196E-10
  0.4770E-10
  0.6833E-10
  0.1238E-10
  0.1222E-09
  0.1205E-09
  0.1683E-10
  0.4119E-10
  0.4500E-10
  0.3778E-10
  0.6914E-10
  0.1419E-10
  0.4565E-11
  0.1154E-10
  0.1116E-10
  0.2449E-10
  0.7256E-11
  0.2094E-10
  0.9113E-10
  0.2537E-10
  0.1871E-09
  0.3223E-10
  0.4981E-10
  0.3761E-11
  0.3743E-10
  0.4000E-10
  0.2448E-11
  0.2015E-11
  0.4354E-11
  0.2166E-11
  0.8818E-11
  0.3515E-11
  0.6150E-12
  0.5120E-11
  0.7270E-10
  0.3909E-10
  0.8485E-11
  0.2014E-10
  0.3819E-11
  0.4520E-11
  0.4467E-11
  0.7808E-11
  0.2112E-11
  0.3925E-11
  0.2956E-11
  0.1323E-11
  0.7517E-12
  0.3290E-12
  0.3687E-11
  0.1448E-10
  0.3465E-10
  0.4835E-10
  0.2226E-10
  0.6051E-11
  0.1796E-10
  0.8664E-11
  0.6738E-11
  0.7111E-11
  0.3173E-10
  0.1131E-10
  0.1009E-10
  0.1608E-10
  0.1723E-10
  0.1535E-10
  0.6673E-11
  0.2639E-10
  0.9161E-11
  0.2535E-10
  0.2154E-10
  0.5291E-10
  0.1106E-10
  0.2009E-10
  0.8435E-11
  0.1811E-10
  0.3567E-11
  0.7010E-12
  0.5102E-11
  0.7762E-12
  0.7306E-12
  0.7854E-12
  0.1666E-12
  0.4438E-13
  0.4871E-11
  0.3007E-10
  0.3990E-11
  0.7700E-11
  0.1506E-10
  0.8638E-11
  0.3004E-11
  0.5288E-11
  0.3811E-11
  0.7741E-11
  0.2088E-11
  0.1961E-11
  0.6397E-12
  0.4352E-11
  0.5495E-12
  0.1540E-11
  0.1793E-11
  0.2650E-11
  0.8398E-11
  0.1826E-11
  0.2095E-11
  0.7081E-11
  0.6906E-11
  0.1730E-12
  0.1947E-11
  0.3635E-11
  0.2952E-11
  0.9012E-11
  0.9478E-12
  0.4610E-12
  0.5459E-12
  0.3221E-12
  0.1557E-12
  0.1300E-10
  0.1185E-10
  0.8691E-11
  0.1131E-10
  0.7768E-11
  0.7114E-11
  0.5259E-11
  0.2538E-11
  0.1052E-11
  0.9151E-12
  0.2975E-12
  0.1658E-11
  0.3364E-12
  0.8687E-12
  0.1376E-11
  0.2063E-11
  0.5884E-11
  0.3736E-11
  0.2932E-11
  0.1695E-11
  0.6330E-12
  0.1638E-11
  0.1229E-11
  0.7515E-12
  0.3584E-11
  0.2432E-11
  0.1334E-11
  0.7759E-13
  0.6124E-13
  0.2874E-13
  0.7411E-12
  0.9612E-13
  0.1117E-11
  0.2476E-11
  0.8280E-12
  0.7276E-12
  0.4926E-12
  0.1907E-11
  0.3416E-12
  0.4608E-12
  0.1078E-11
  0.1678E-12
  0.5393E-12
  0.9335E-12
  0.2029E-12
  0.3660E-13
  0.5797E-13
  0.6523E-11
  0.1834E-11
  0.6770E-12
  0.4537E-12
  0.4999E-12
  0.6436E-12
  0.1683E-11
  0.1548E-11
  0.2044E-12
  0.8717E-13
  0.8009E-13
  0.2654E-11
  0.3723E-12
  0.9046E-13
  0.1483E-12
  0.1549E-12
  0.1315E-13
  0.4925E-12
  0.1569E-11
  0.1383E-11
  0.2201E-11
  0.8009E-12
  0.1176E-12
  0.2944E-12
  0.4514E-12
  0.9915E-12
  0.4855E-12
  0.7331E-13
  0.2930E-12
  0.3999E-12
  0.1553E-12
  0.9441E-12
  0.1643E-13
  0.3853E-12
  0.2276E-11
  0.2671E-11
  0.1521E-11
  0.7212E-12
  0.4197E-12
  0.3313E-12
  0.3626E-12
  0.4816E-12
  0.1729E-13
  0.4062E-14
  0.7949E-13
  0.1595E-12
  0.1593E-12
  0.6909E-12
  0.3636E-13
  0.1597E-12
  0.1830E-11
  0.2663E-12
  0.3914E-13
  0.5576E-13
  0.7847E-13
  0.6846E-12
  0.1315E-12
  0.2364E-12
  0.2490E-12
  0.1785E-12
  0.5790E-13
  0.2666E-13
  0.1900E-12
  0.1265E-11
  0.6444E-13
  0.3902E-12
  0.1851E-12
  0.2119E-13
  0.8923E-14
  0.5269E-13
  0.1200E-12
  0.1933E-12
  0.1327E-12
  0.9384E-13
  0.1315E-11
  0.2644E-12
  0.3324E-12
  0.1807E-12
  0.4467E-13
  0.3645E-13
  0.1380E-13
  0.4351E-12
  0.3648E-12
  0.1185E-11
  0.1834E-12
  0.2277E-12
  0.1144E-12
  0.1028E-12
  0.3672E-13
  0.1243E-12
  0.1670E-12
  0.5395E-13
  0.3350E-12
  0.3088E-12
  0.3455E-12
  0.8929E-13
  0.5488E-13
  0.2357E-12
  0.1222E-12
  0.1139E-12
  0.5897E-12
  0.1811E-12
  0.5330E-13
  0.5315E-13
  0.1498E-12
  0.1216E-12
  0.1625E-12
  0.2024E-12
  0.1343E-12
  0.6705E-13
  0.6998E-13
  0.2244E-12
  0.6133E-13
  0.7511E-13
  0.5941E-13
  0.3631E-13
  0.2778E-13
  0.3906E-13
  0.2448E-13
  0.4276E-13
  0.4273E-13
  0.4545E-13
  0.4792E-13
  0.1475E-12
  0.1045E-12
  0.1487E-12
  0.4809E-13
  0.8953E-13
  0.1368E-12
  0.1082E-12
  0.1127E-12
  0.6884E-13
  0.4965E-13
  0.3235E-13
  0.5718E-13
  0.7986E-13
  0.2394E-13
  0.4390E-13
  0.5850E-13
  0.7324E-13
  0.5277E-13
  0.5234E-13
  0.6751E-13
  0.1892E-13
  0.6243E-13
  0.7717E-13
  0.6687E-13
  0.3165E-13
  0.6635E-13
  0.1065E-12
  0.8439E-13
  0.2758E-13
  0.3872E-13
  0.1840E-13
  0.1676E-13
  0.4060E-13
  0.3543E-13
  0.2318E-13
  0.4015E-13
  0.5379E-13
  0.5530E-13
  0.2669E-13
  0.7018E-13
  0.2236E-13
  0.1517E-13
  0.5829E-13
  0.5884E-13
  0.6449E-13
  0.2264E-13
  0.4347E-13
  0.8360E-13
  0.5671E-13
  0.2136E-13
  0.3714E-13
  0.3363E-13
  0.4085E-13
  0.8777E-14
  0.4149E-13
  0.6620E-13
  0.2247E-13
  0.2555E-12
