 Adiabat temperature at each level [K]
    205.4249
    196.1827
    187.4432
    179.3613
    171.8750
    164.9241
    158.4518
    152.6639
    149.9995
    149.9995
    149.9995
    149.9995
    149.9995
    149.9995
    149.9995
    149.9995
    149.9995
    149.9995
    149.9995
    149.9995
    149.9995
    149.9995
    149.9995
    149.9995
    149.9995
    149.9995
    149.9995
    149.9995
    149.9995
    149.9995
    149.9995
    149.9995
    149.9995
    149.9995
    149.9995
    149.9995
    149.9995
    149.9995
    149.9995
    149.9995
    149.9995
    149.9995
    149.9995
    149.9995
    149.9995
    149.9995
    149.9995
    149.9995
    149.9995
    149.9995
    149.9995
