 Flux gradient shortwave
       -0.4644
       -0.6633
       -0.7039
       -0.7679
       -0.8560
       -0.9869
       -1.2037
       -1.3307
       -1.3131
       -1.2781
       -1.2423
       -1.2186
       -1.1606
       -1.1330
       -1.1285
       -1.1537
       -1.1380
       -1.0923
       -1.0815
       -1.0610
       -0.9444
       -0.7535
       -0.6132
       -0.5039
       -0.4209
       -0.3748
       -0.3589
       -0.3569
       -0.3609
       -0.3674
       -0.3736
       -0.3773
       -0.3763
       -0.3692
       -0.3570
       -0.3431
       -0.3298
       -0.3147
       -0.2967
       -0.2813
       -0.2777
       -0.3041
       -0.3358
       -0.3057
       -0.2343
       -0.2848
       -0.2989
       -0.1613
       -0.0662
       -0.0012
