 ISR
     34.0625
     34.0625
     35.8190
     37.5645
     39.1981
     40.7312
     42.1721
     43.5323
     44.8190
     46.0401
     47.2009
     48.3047
     49.3553
     50.3557
     51.3097
     52.2192
     53.0873
     53.9158
     54.7053
     55.4602
     56.1804
     56.8689
     57.5268
     58.1563
     58.7585
     59.3347
     59.8865
     60.4144
     60.9192
     61.4029
     61.8657
     62.3090
     62.7339
     63.1402
     63.5293
     63.9017
     64.2581
     64.5994
     64.9259
     65.2381
     65.5374
     65.8236
     66.0978
     66.3600
     66.6109
     66.8510
     67.0807
     67.3003
     67.5102
     67.7105
     67.9018
     68.0843
     68.2587
     68.4250
     68.5837
     68.7350
     68.8793
     69.0166
     69.1474
     69.2718
     69.3902
     69.5025
     69.6091
     69.7104
     69.8065
     69.8977
     69.9842
     70.0661
     70.1436
     70.2167
     70.2859
     70.3507
     70.4117
     70.4689
     70.5226
     70.5728
     70.6196
     70.6634
     70.7040
     70.7418
     70.7770
     70.8094
     70.8396
     70.8670
     70.8922
     70.9149
     70.9356
     70.9542
     70.9708
     70.9854
     70.9983
     71.0092
     71.0184
     71.0260
     71.0321
     71.0368
     71.0399
     71.0415
     71.0418
     71.0408
     71.0386
     71.0354
     71.0310
     71.0254
     71.0189
     71.0112
     71.0027
     70.9930
     70.9826
     70.9712
     70.9589
     70.9458
     70.9319
     70.9173
     70.9020
     70.8858
     70.8689
     70.8512
     70.8329
     70.8139
     70.7943
     70.7740
     70.7533
     70.7320
     70.7103
     70.6880
     70.6653
     70.6420
     70.6183
     70.5942
     70.5697
     70.5448
     70.5196
     70.4939
     70.4681
     70.4416
     70.4149
     70.3878
     70.3605
     70.3328
     70.3050
     70.2769
     70.2486
     70.2200
     70.1913
     70.1623
     70.1332
     70.1039
     70.0743
     70.0445
     70.0144
     69.9845
     69.9542
     69.9242
     69.8937
     69.8634
     69.8327
     69.8021
     69.7713
     69.7406
     69.7096
     69.6788
     69.6477
     69.6168
     69.5855
     69.5545
     69.5231
     69.4921
     69.4607
     69.4295
     69.3981
     69.3669
     69.3355
     69.3044
     69.2728
     69.2416
     69.2101
     69.1787
     69.1472
     69.1158
     69.0844
     69.0530
     69.0216
     68.9903
     68.9590
     68.9278
     68.8966
     68.8655
     68.8344
     68.8036
     68.7726
     68.7418
     68.7110
     68.6804
     68.6498
     68.6194
     68.5889
     68.5588
     68.5286
     68.4986
     68.4686
     68.4388
     68.4090
     68.3793
     68.3497
     68.3203
     68.2909
     68.2617
     68.2325
     68.2035
     68.1745
     68.1456
     68.1167
     68.0882
     68.0594
     68.0310
     68.0025
     67.9744
     67.9462
     67.9185
     67.8906
     67.8631
     67.8355
     67.8084
     67.7811
     67.7543
     67.7274
     67.7008
     67.6742
     67.6479
     67.6216
     67.5956
     67.5697
     67.5440
     67.5184
     67.4931
     67.4678
     67.4428
     67.4178
     67.3932
     67.3685
     67.3441
     67.3198
     67.2956
     67.2714
     67.2476
     67.2239
     67.2004
     67.1771
     67.1540
     67.1308
     67.1081
     67.0855
     67.0631
     67.0409
     67.0189
     66.9971
     66.9754
     66.9539
     66.9327
     66.9117
     66.8908
     66.8700
     66.8494
     66.8290
     66.8088
     66.7890
     66.7693
     66.7498
     66.7305
     66.7113
     66.6924
     66.6736
     66.6550
     66.6365
     66.6183
     66.6003
     66.5825
     66.5648
     66.5474
     66.5301
     66.5131
     66.4964
     66.4798
     66.4633
     66.4471
     66.4311
     66.4153
     66.3998
     66.3844
     66.3693
     66.3544
     66.3398
     66.3254
     66.3112
     66.2972
     66.2834
     66.2699
     66.2567
     66.2437
     66.2309
     66.2184
     66.2063
     66.1945
     66.1830
     66.1718
     66.1610
     66.1504
     66.1401
     66.1301
     66.1203
     66.1108
     66.1016
     66.0926
     66.0837
     66.0753
     66.0674
     66.0599
     66.0529
     66.0463
     66.0399
     66.0340
     66.0286
     66.0235
     66.0188
     66.0142
     66.0102
     66.0062
     66.0026
     65.9991
     65.9960
     65.9929
     65.9903
     65.9876
     65.9853
     65.9828
     65.9808
     65.9786
     65.9768
     65.9749
     65.9733
     65.9715
     65.9701
     65.9686
     65.9673
     65.9659
     65.9648
     65.9636
     65.9626
     65.9615
     65.9606
     65.9596
     65.9589
     65.9580
     65.9573
     65.9565
     65.9559
     65.9552
     65.9547
     65.9540
     65.9536
     65.9530
     65.9526
     65.9520
     65.9517
     65.9512
     65.9510
     65.9505
     65.9503
     65.9499
     65.9497
     65.9493
     65.9491
     65.9488
     65.9486
     65.9483
     65.9482
     65.9479
     65.9478
     65.9475
     65.9475
     65.9472
     65.9472
     65.9469
     65.9469
     65.9467
     65.9467
     65.9465
     65.9465
     65.9462
     65.9463
     65.9461
     65.9461
     65.9459
     65.9459
     65.9457
     65.9458
     65.9456
     65.9457
     65.9455
     65.9456
     65.9454
     65.9455
     65.9453
     65.9454
     65.9452
     65.9453
     65.9452
     65.9452
     65.9451
     65.9452
     65.9450
     65.9451
     65.9450
     65.9451
     65.9450
     65.9450
     65.9449
     65.9450
     65.9449
     65.9450
     65.9448
     65.9449
     65.9448
     65.9449
     65.9448
     65.9449
     65.9448
     65.9449
     65.9448
     65.9449
     65.9447
     65.9448
     65.9447
     65.9448
     65.9447
     65.9448
     65.9447
     65.9448
     65.9447
     65.9448
     65.9447
     65.9448
     65.9447
     65.9448
     65.9447
     65.9448
     65.9447
     65.9448
     65.9447
     65.9448
     65.9447
     65.9448
     65.9447
     65.9448
     65.9446
     65.9448
     65.9446
     65.9448
     65.9446
     65.9447
     65.9446
     65.9447
     65.9446
     65.9447
     65.9446
     65.9447
     65.9446
     65.9447
     65.9446
     65.9447
     65.9446
     65.9447
     65.9446
     65.9447
     65.9446
     65.9447
     65.9446
     65.9447
     65.9446
     65.9447
     65.9446
     65.9447
     65.9446
     65.9447
     65.9446
     65.9447
     65.9446
     65.9447
     65.9446
     65.9447
     65.9446
     65.9447
     65.9446
     65.9447
     65.9446
     65.9447
     65.9446
     65.9447
     65.9446
