 tauray
                          0.3833012520445339E-17
                          0.1754832302210366E-11
                          0.2597997053736135E-10
                          0.1281202263810805E-09
                          0.3996239785363731E-09
                          0.9679431765666346E-09
                          0.1996533340895652E-08
                          0.3684853562807601E-08
                          0.6268366504447047E-08
                          0.1001853839881894E-07
                          0.1524283904978865E-07
                          0.2228474183208190E-07
                          0.3152372369128481E-07
                          0.4337526514384391E-07
                          0.5829085027706606E-07
                          0.7675796674911865E-07
                          0.9930010578902930E-07
                          0.1264767621966861E-06
                          0.1588834343428376E-06
                          0.1971516241690926E-06
                          0.2419488371879203E-06
                          0.2939785824826504E-06
                          0.3539803727074730E-06
                          0.4227297240874380E-06
                          0.5010381564184570E-06
                          0.5897531930673010E-06
                          0.6897583609716014E-06
                          0.8019731906398496E-06
                          0.9273532161513997E-06
                          0.1066889975156462E-05
                          0.1221611008876112E-05
                          0.1392579862102282E-05
                          0.1580896083197767E-05
                          0.1787695224096218E-05
                          0.2014148840302155E-05
                          0.2261464490890949E-05
                          0.2530885738508836E-05
                          0.2823692149372914E-05
                          0.3141199293271141E-05
                          0.3484758743562325E-05
                          0.3855758077176152E-05
                          0.4255620874613156E-05
                          0.4685806719944736E-05
                          0.5147811200813148E-05
                          0.5643165908431510E-05
                          0.6173438437583804E-05
                          0.6740232386624870E-05
                          0.7345187357480403E-05
                          0.7989978955646970E-05
                          0.8676318790191983E-05
                          0.9405954473753734E-05
                          0.1018066962254136E-04
                          0.1100228385633485E-04
                          0.1187265279848509E-04
                          0.1279366807591377E-04
                          0.1376725731911351E-04
                          0.1479538416214773E-04
                          0.1588004824265074E-04
                          0.1702328520182770E-04
                          0.1822716668445463E-04
                          0.1949380033887845E-04
                          0.2082532981701685E-04
                          0.2222393477435847E-04
                          0.2369183086996278E-04
                          0.2523126976646012E-04
                          0.2684453913005160E-04
                          0.2853396263050935E-04
                          0.3030189994117624E-04
                          0.3215074673896603E-04
                          0.3408293470436338E-04
                          0.3610093152142377E-04
                          0.3820724087777355E-04
                          0.4040440246460991E-04
                          0.4269499197670092E-04
                          0.4508162111238555E-04
                          0.4756693757357353E-04
                          0.5015362506574557E-04
                          0.5284440329795315E-04
                          0.5564202798281860E-04
                          0.5854929083653529E-04
                          0.6156901957886713E-04
                          0.6470407793314921E-04
                          0.6795736562628736E-04
                          0.7133181838875810E-04
                          0.7483040795460918E-04
                          0.7845614206145882E-04
                          0.8221206445049630E-04
                          0.8610125486648181E-04
                          0.9012682905774621E-04
                          0.9429193877619146E-04
                          0.9859977177729022E-04
                          0.1030535518200860E-03
                          0.1076565386671933E-03
                          0.1124120280847973E-03
                          0.1173233518426541E-03
                          0.1223938777140909E-03
                          0.1276270094760054E-03
                          0.1330261869088663E-03
                          0.1385948857967133E-03
                          0.1443366179271568E-03
                          0.1502549310913781E-03
                          0.1563534090841293E-03
                          0.1626356717037335E-03
                          0.1691053747520845E-03
                          0.1757662100346471E-03
                          0.1826219053604569E-03
                          0.1896762245421204E-03
                          0.1969329673958148E-03
                          0.2043959697412883E-03
                          0.2120691034018602E-03
                          0.2199562762044202E-03
                          0.2280614319794288E-03
                          0.2363885505609181E-03
                          0.2449416477864903E-03
                          0.2537247754973190E-03
                          0.2627420215381482E-03
                          0.2719975097572926E-03
                          0.2814954000066392E-03
                          0.2912398881416436E-03
                          0.3012352060213341E-03
                          0.3114856215083092E-03
                          0.3219954384687381E-03
                          0.3327689967723610E-03
                          0.3438106722924889E-03
                          0.3551248769060041E-03
                          0.3667160584933594E-03
                          0.3785887009385781E-03
                          0.3907473241292549E-03
                          0.4031964839565555E-03
                          0.4159407723152155E-03
                          0.4289848171035426E-03
                          0.4423332822234146E-03
                          0.4559908675802798E-03
                          0.4699623090831588E-03
                          0.4842523786446418E-03
                          0.4988658841808900E-03
                          0.5138076696116356E-03
                          0.5290826148601825E-03
                          0.5446956358534036E-03
                          0.5606516845217445E-03
                          0.5769557487992210E-03
                          0.5936128526234192E-03
                          0.6106280559354966E-03
                          0.6280064546801820E-03
                          0.6457531808057738E-03
                          0.6638734022641429E-03
                          0.6823723230107290E-03
                          0.7012551830045448E-03
                          0.7205272582081727E-03
                          0.7401938605877660E-03
                          0.7602603381130497E-03
                          0.7807320747573174E-03
                          0.8016144904974367E-03
                          0.8229130413138440E-03
                          0.8446332191905470E-03
                          0.8667805521151242E-03
                          0.8893606040787251E-03
                          0.9123789750760706E-03
                          0.9358413011054503E-03
                          0.9597532541687286E-03
                          0.9841205422713366E-03
                          0.1008948909422279E-02
                          0.1034244135634130E-02
                          0.1060012036923035E-02
                          0.1086258465308711E-02
                          0.1112989308814445E-02
                          0.1140210491467094E-02
                          0.1167927973297089E-02
                          0.1196147750338427E-02
                          0.1224875854628681E-02
                          0.1254118354208993E-02
                          0.1283881353124072E-02
                          0.1314170991422206E-02
                          0.1344993445155245E-02
                          0.1376354926378616E-02
                          0.1408261683151314E-02
                          0.1440719999535907E-02
                          0.1473736195598531E-02
                          0.1507316627408896E-02
                          0.1541467687040279E-02
                          0.1576195802569533E-02
                          0.1611507438077076E-02
                          0.1647409093646903E-02
                          0.1683907305366573E-02
                          0.1721008645327221E-02
                          0.1758719721623556E-02
                          0.1797047178353846E-02
                          0.1835997695619941E-02
                          0.1875577989527257E-02
                          0.1915794812184785E-02
                          0.1956654951705080E-02
                          0.1998165232204270E-02
                          0.2040332513802061E-02
                          0.2083163692621720E-02
                          0.2126665700790092E-02
                          0.2170845506437588E-02
                          0.2215710113698193E-02
                          0.2261266562709460E-02
                          0.2307521929612517E-02
                          0.2354483326552061E-02
                          0.2402157901676355E-02
                          0.2450552839137242E-02
                          0.2499675359090129E-02
                          0.2549532717693996E-02
                          0.2600132207111392E-02
                          0.2651481155508440E-02
                          0.2703586927054834E-02
                          0.2756456921923838E-02
                          0.2810098576292283E-02
                          0.2864519362340574E-02
                          0.2919726788252689E-02
                          0.2975728398216177E-02
                          0.3032531772422152E-02
                          0.3090144527065304E-02
                          0.3148574314343888E-02
                          0.3207828822459742E-02
                          0.3267915775618263E-02
                          0.3328842934028421E-02
                          0.3390618093902762E-02
                          0.3453249087457400E-02
                          0.3516743782912016E-02
                          0.3581110084489866E-02
                          0.3646355932417784E-02
                          0.3712489302926158E-02
                          0.3779518208248960E-02
                          0.3847450696623726E-02
                          0.3916294852291569E-02
                          0.3986058795497167E-02
                          0.4056750682488772E-02
                          0.4128378705518208E-02
                          0.4200951092840867E-02
                          0.4274476108715713E-02
                          0.4348962053405282E-02
                          0.4424417263175677E-02
                          0.4500850110296578E-02
                          0.4578269003041230E-02
                          0.4656682385686449E-02
                          0.4736098738512631E-02
                          0.4816526577803732E-02
                          0.4897974455847281E-02
                          0.4980450960934384E-02
                          0.5063964717359710E-02
                          0.5148524385421505E-02
                          0.5234138661421584E-02
                          0.5320816277665326E-02
                          0.5408566002461694E-02
                          0.5497396640123214E-02
                          0.5587317030965984E-02
                          0.5678336051309664E-02
                          0.5770462613477503E-02
                          0.5863705665796310E-02
                          0.5958074192596465E-02
                          0.6053577214211919E-02
                          0.6150223786980200E-02
                          0.6248023003242391E-02
                          0.6346983991343167E-02
                          0.6447115915630760E-02
                          0.6548427976456979E-02
                          0.6650929410177193E-02
                          0.6754629489150360E-02
                          0.6859537521738993E-02
                          0.6965662852309182E-02
                          0.7073014861230591E-02
                          0.7181602964876454E-02
                          0.7291436615623560E-02
                          0.7402525301852302E-02
                          0.7514878547946607E-02
                          0.7628505914293997E-02
                          0.7743416997285557E-02
                          0.7859621429315945E-02
                          0.7977128878783386E-02
                          0.8095949050089681E-02
                          0.8216091683640193E-02
                          0.8337566555843872E-02
                          0.8460383479113232E-02
                          0.8584552301864341E-02
                          0.8710082908516851E-02
                          0.8836985219494005E-02
                          0.8965269191222579E-02
                          0.9094944816132945E-02
                          0.9226022122659038E-02
                          0.9358511175238369E-02
                          0.9492422074312008E-02
                          0.9627764956324609E-02
                          0.9764549993724394E-02
                          0.9902787394963147E-02
                          0.1004248740449623E-01
                          0.1018366030278258E-01
                          0.1032631640628471E-01
                          0.1047046606746867E-01
                          0.1061611967480411E-01
                          0.1076328765276426E-01
                          0.1091198046182590E-01
                          0.1106220859846939E-01
                          0.1121398259517865E-01
                          0.1136731302044118E-01
                          0.1152221047874806E-01
                          0.1167868561059392E-01
                          0.1183674909247698E-01
                          0.1199641163689901E-01
                          0.1215768399236537E-01
                          0.1232057694338500E-01
                          0.1248510131047037E-01
                          0.1265126795013756E-01
                          0.1281908775490620E-01
                          0.1298857165329951E-01
                          0.1315973060984425E-01
                          0.1333257562507078E-01
                          0.1350711773551303E-01
                          0.1368336801370848E-01
                          0.1386133756819819E-01
                          0.1404103754352679E-01
                          0.1422247912024249E-01
                          0.1440567351489707E-01
                          0.1459063198004587E-01
                          0.1477736580424780E-01
                          0.1496588631206535E-01
                          0.1515620486406459E-01
                          0.1534833285681514E-01
                          0.1554228172289018E-01
                          0.1573806293086653E-01
                          0.1593568798532448E-01
                          0.1613516842684797E-01
                          0.1633651583202447E-01
                          0.1653974181344504E-01
                          0.1674485801970432E-01
                          0.1695187613540049E-01
                          0.1716080788113531E-01
                          0.1737166501351413E-01
                          0.1758445932514586E-01
                          0.1779920264464297E-01
                          0.1801590683662152E-01
                          0.1823458380170112E-01
                          0.1845524547650496E-01
                          0.1867790383365982E-01
                          0.1890257088179602E-01
                          0.1912925866554747E-01
                          0.1935797926555162E-01
                          0.1958874479844956E-01
                          0.1982156741688588E-01
                          0.2005645930950877E-01
                          0.2029343270096999E-01
                          0.2053249985192487E-01
                          0.2077367305903232E-01
                          0.2101696465495479E-01
                          0.2126238700835834E-01
                          0.2150995252391257E-01
                          0.2175967364229069E-01
                          0.2201156284016942E-01
                          0.2226563263022911E-01
                          0.2252189556115363E-01
                          0.2278036421763048E-01
                          0.2304105122035068E-01
                          0.2330396922600886E-01
                          0.2356913092730315E-01
                          0.2383654905293535E-01
                          0.2410623636761076E-01
                          0.2437820567203829E-01
                          0.2465246980293038E-01
                          0.2492904163300307E-01
                          0.2520793407097597E-01
                          0.2548916006157226E-01
                          0.2577273258551867E-01
                          0.2605866465954554E-01
                          0.2634696933638674E-01
                          0.2663765970477974E-01
                          0.2693074888946558E-01
                          0.2722625005118884E-01
                          0.2752417638669769E-01
                          0.2782454112874388E-01
                          0.2812735754608276E-01
                          0.2843263894347316E-01
                          0.2874039866167756E-01
                          0.2905065007746196E-01
                          0.2936340660359602E-01
                          0.2967868168885282E-01
                          0.2999648881800916E-01
                          0.3031684151184537E-01
                          0.3063975332714525E-01
                          0.3096523785669635E-01
                          0.3129330872928960E-01
                          0.3162397960971963E-01
                          0.3195726419878463E-01
                          0.3229317623328630E-01
                          0.3263172948602994E-01
                          0.3297293776582447E-01
                          0.3331681491748228E-01
                          0.3366337482181947E-01
                          0.3401263139565553E-01
                          0.3436459859181369E-01
                          0.3471929039912068E-01
                          0.3507672084240675E-01
                          0.3543690398250583E-01
                          0.3579985391625531E-01
                          0.3616558477649623E-01
                          0.3653411073207320E-01
                          0.3690544598783432E-01
                          0.3727960478463139E-01
                          0.3765660139931963E-01
                          0.3803645014475798E-01
                          0.3841916536980880E-01
                          0.3880476145933817E-01
                          0.3919325283421565E-01
                          0.3958465395131438E-01
                          0.3997897930351110E-01
                          0.4037624341968609E-01
                          0.4077646086472322E-01
                          0.4117964623950993E-01
                          0.4158581418093722E-01
                          0.4199497936189963E-01
                          0.4240715649129542E-01
                          0.4282236031402618E-01
                          0.4324060561099725E-01
                          0.4366190719911751E-01
                          0.4408627993129939E-01
                          0.4451373869645887E-01
                          0.4494429841951553E-01
                          0.4537797406139253E-01
                          0.4581478061901658E-01
                          0.4625473312531794E-01
                          0.4669784664923047E-01
                          0.4714413629569163E-01
                          0.4759361720564239E-01
                          0.4804630455602734E-01
                          0.4850221355979462E-01
                          0.4896135946589587E-01
                          0.4942375755928651E-01
                          0.4988942316092524E-01
                          0.5035837162777459E-01
                          0.5083061835280053E-01
                          0.5130617876497263E-01
                          0.5178506832926398E-01
                          0.5226730254665135E-01
                          0.5275289695411498E-01
                          0.5324186712463871E-01
                          0.5373422866721002E-01
                          0.5422999722681982E-01
                          0.5472918848446267E-01
                          0.5523181815713683E-01
                          0.5573790199784383E-01
                          0.5624745579558908E-01
                          0.5676049537538137E-01
                          0.5727703659823309E-01
                          0.5779709536116025E-01
                          0.5832068759718243E-01
                          0.5884782927532276E-01
                          0.5937853640060789E-01
                          0.5991282501406812E-01
                          0.6045071119273726E-01
                          0.6099221104965279E-01
                          0.6153734073385564E-01
                          0.6208611643039037E-01
                          0.6263855436030516E-01
                          0.6319467078065161E-01
                          0.6375448198448504E-01
                          0.6431800430086426E-01
                          0.6488525409485171E-01
                          0.6545624776751337E-01
                          0.6603100175591875E-01
                          0.6660953253314096E-01
                          0.6719185660825677E-01
                          0.6777799052634645E-01
                          0.6836795086849366E-01
                          0.6896175425178601E-01
                          0.6955941732931437E-01
                          0.7016095679017328E-01
                          0.7076638935946089E-01
                          0.7137573179827889E-01
                          0.7198900090373249E-01
                          0.7260621350893059E-01
                          0.7322738648298556E-01
                          0.7385253673101326E-01
                          0.7448168119413343E-01
                          0.7511483684946912E-01
                          0.7575202071014688E-01
                          0.7639324982529709E-01
                          0.7703854128005359E-01
                          0.7768791219555371E-01
                          0.7834137972893845E-01
                          0.7899896107335236E-01
                          0.7966067345794348E-01
                          0.8032653414786357E-01
                          0.8099656044426781E-01
                          0.8167076968431508E-01
                          0.8234917924116773E-01
                          0.8303180652399170E-01
                          0.8371866897795664E-01
                          0.8440978408423555E-01
                          0.8510516936000519E-01
                          0.8580484235844563E-01
                          0.8650882066874088E-01
                          0.8721712191607824E-01
                          0.8792976376164870E-01
                          0.8864676390264674E-01
                          0.8936814007227052E-01
                          0.9009391003972163E-01
                          0.9082409161020544E-01
                          0.9155870262493061E-01
                          0.9229776096110963E-01
                          0.9304128453195852E-01
                          0.9378929128669664E-01
                          0.9454179921054709E-01
                          0.9529882632473666E-01
                          0.9606039068649556E-01
                          0.9682651038905755E-01
                          0.9759720356166005E-01
                          0.9837248836954396E-01
                          0.9915238301395385E-01
                          0.9993690573213779E-01
                          0.1007260747973475E+00
                          0.1015199085188380E+00
                          0.1023184252418685E+00
                          0.1031216433477010E+00
                          0.1039295812536015E+00
                          0.1047422574128397E+00
                          0.1055596903146886E+00
                          0.1063818984844248E+00
                          0.1072089004833286E+00
                          0.1080407149086838E+00
                          0.1088773603937777E+00
                          0.1097188556079013E+00
                          0.1105652192563491E+00
                          0.1114164700804193E+00
                          0.1122726268574132E+00
                          0.1131337084006365E+00
                          0.1139997335593977E+00
                          0.1148707212190092E+00
                          0.1157466903007870E+00
                          0.1166276597620506E+00
                          0.1175136485961231E+00
                          0.1184046758323310E+00
                          0.1193007605360047E+00
                          0.1202019218084779E+00
                          0.1211081787870881E+00
                          0.1220195506451760E+00
                          0.1229360565920864E+00
                          0.1238577158731670E+00
                          0.1247845477697698E+00
                          0.1257165715992498E+00
                          0.1266538067149659E+00
                          0.1275962725062805E+00
                          0.1285439883985594E+00
                          0.1294969738531721E+00
                          0.1304552483674918E+00
                          0.1314188314748950E+00
                          0.1323877427447620E+00
                          0.1333620017824766E+00
                          0.1343416282294262E+00
                          0.1353266417630015E+00
                          0.1363170620965974E+00
                          0.1373129089796115E+00
                          0.1383142021974457E+00
                          0.1393209615715052E+00
                          0.1403332069591988E+00
                          0.1413509582539387E+00
                          0.1423742353851410E+00
                          0.1434030583182251E+00
                          0.1444374470546141E+00
                          0.1454774216317346E+00
                          0.1465230021230169E+00
                          0.1475742086378945E+00
                          0.1486310613218051E+00
                          0.1496935803561894E+00
                          0.1507617859584921E+00
                          0.1518356983821610E+00
                          0.1529153379166480E+00
                          0.1540007248874080E+00
                          0.1550918796559000E+00
                          0.1561888226195861E+00
                          0.1572915742119326E+00
                          0.1584001549024088E+00
                          0.1595145851964875E+00
                          0.1606348856356457E+00
                          0.1617610767973634E+00
                          0.1628931792951245E+00
                          0.1640312137784162E+00
                          0.1651752009327296E+00
                          0.1663251614795589E+00
                          0.1674811161764022E+00
                          0.1686430858167615E+00
                          0.1698110912301417E+00
                          0.1709851532820515E+00
                          0.1721652928740033E+00
                          0.1733515309435131E+00
                          0.1745438884641003E+00
                          0.1757423864452878E+00
                          0.1769470459326026E+00
                          0.1781578880075747E+00
                          0.1793749337877376E+00
                          0.1805982044266290E+00
                          0.1818277211137897E+00
                          0.1830635050747641E+00
                          0.1843055775711003E+00
                          0.1855539599003499E+00
                          0.1868086733960680E+00
                          0.1880697394278135E+00
                          0.1893371794011487E+00
                          0.1906110147576394E+00
                          0.1918912669748552E+00
                          0.1931779575663691E+00
                          0.1944711080817576E+00
                          0.1957707401066011E+00
                          0.1970768752624832E+00
                          0.1983895352069912E+00
                          0.1997087416337161E+00
                          0.2010345162722521E+00
                          0.2023668808881977E+00
                          0.2037058572831543E+00
                          0.2050514672947268E+00
                          0.2064037327965244E+00
                          0.2077626756981591E+00
                          0.2091283179452468E+00
                          0.2105006815194072E+00
                          0.2118797884382631E+00
                          0.2132656607554413E+00
                          0.2146583205605718E+00
                          0.2160577899792883E+00
                          0.2174640911732284E+00
                          0.2188772463400328E+00
                          0.2202972777133460E+00
                          0.2217242075628159E+00
                          0.2231580581940942E+00
                          0.2245988519488362E+00
                          0.2260466112047006E+00
                          0.2275013583753493E+00
                          0.2289631159104487E+00
                          0.2304319062956680E+00
                          0.2319077520526804E+00
                          0.2333906757391624E+00
                          0.2348806999487940E+00
                          0.2363778473112592E+00
                          0.2378821404922452E+00
                          0.2393936021934427E+00
                          0.2409122551525466E+00
                          0.2424381221432543E+00
                          0.2439712259752681E+00
                          0.2455115894942924E+00
                          0.2470592355820364E+00
                          0.2486141871562127E+00
                          0.2501764671705367E+00
                          0.2517460986147278E+00
                          0.2533231045145093E+00
                          0.2549075079316076E+00
                          0.2564993319637529E+00
                          0.2580985997446789E+00
                          0.2597053344441230E+00
                          0.2613195592678262E+00
                          0.2629412974575325E+00
                          0.2645705722909903E+00
                          0.2662074070819512E+00
                          0.2678518251801700E+00
                          0.2695038499714054E+00
                          0.2711635048774204E+00
                          0.2728308133559804E+00
                          0.2745057989008545E+00
                          0.2761884850418163E+00
                          0.2778788953446419E+00
                          0.2795770534111119E+00
                          0.2812829828790095E+00
                          0.2829967074221228E+00
                          0.2847182507502417E+00
                          0.2864476366091613E+00
                          0.2881848887806794E+00
                          0.2899300310825976E+00
                          0.2916830873687211E+00
                          0.2934440815288583E+00
                          0.2952130374888217E+00
                          0.2969899792104274E+00
                          0.2987749306914945E+00
                          0.3005679159658461E+00
                          0.3023689591033089E+00
                          0.3041780842097128E+00
                          0.3059953154268916E+00
                          0.3078206769326828E+00
                          0.3096541929409269E+00
                          0.3114958877014689E+00
                          0.3133457855001558E+00
                          0.3152039106588400E+00
                          0.3170702875353766E+00
                          0.3189449405236239E+00
                          0.3208278940534446E+00
                          0.3227191725907043E+00
                          0.3246188006372723E+00
                          0.3265268027310219E+00
                          0.3284432034458296E+00
                          0.3303680273915755E+00
                          0.3323012992141430E+00
                          0.3342430435954198E+00
                          0.3361932852532967E+00
                          0.3381520489416678E+00
                          0.3401193594504315E+00
                          0.3420952416054891E+00
                          0.3440797202687457E+00
                          0.3460728203381103E+00
                          0.3480745667474947E+00
                          0.3500849844668150E+00
                          0.3521040985019909E+00
                          0.3541319338949450E+00
                          0.3561685157236038E+00
                          0.3582138691018976E+00
                          0.3602680191797605E+00
                          0.3623309911431288E+00
                          0.3644028102139442E+00
                          0.3664835016501509E+00
                          0.3685730907456966E+00
                          0.3706716028305330E+00
                          0.3727790632706152E+00
                          0.3748954974679021E+00
                          0.3770209308603559E+00
                          0.3791553889219422E+00
                          0.3812988971626308E+00
                          0.3834514811283942E+00
                          0.3856131664012092E+00
                          0.3877839785990560E+00
                          0.3899639433759181E+00
                          0.3921530864217829E+00
                          0.3943514334626411E+00
                          0.3965590102604874E+00
                          0.3987758426133192E+00
                          0.4010019563551388E+00
                          0.4032373773559507E+00
                          0.4054821315217637E+00
                          0.4077362447945904E+00
                          0.4099997431524462E+00
                          0.4122726526093511E+00
                          0.4145549992153271E+00
                          0.4168468090564017E+00
                          0.4191481082546041E+00
                          0.4214589229679689E+00
                          0.4237792793905331E+00
                          0.4261092037523370E+00
                          0.4284487223194257E+00
                          0.4307978613938464E+00
                          0.4331566473136512E+00
                          0.4355251064528954E+00
                          0.4379032652216369E+00
                          0.4402911500659387E+00
                          0.4426887874678661E+00
                          0.4450962039454889E+00
                          0.4475134260528798E+00
                          0.4499404803801155E+00
                          0.4523773935532758E+00
                          0.4548241922344442E+00
                          0.4572809031217087E+00
                          0.4597475529491599E+00
                          0.4622241684868917E+00
                          0.4647107765410029E+00
                          0.4672074039535939E+00
                          0.4697140776027709E+00
                          0.4722308244026415E+00
                          0.4747576713033190E+00
                          0.4772946452909185E+00
                          0.4798417733875595E+00
                          0.4823990826513654E+00
                          0.4849666001764624E+00
                          0.4875443530929801E+00
                          0.4901323685670529E+00
                          0.4927306738008178E+00
                          0.4953392960324158E+00
                          0.4979582625359908E+00
                          0.5005876006216909E+00
                          0.5032273376356678E+00
                          0.5058775009600769E+00
                          0.5085381180130758E+00
                          0.5112092162488281E+00
                          0.5138908231574987E+00
                          0.5165829662652569E+00
                          0.5192856731342762E+00
                          0.5219989713627332E+00
                          0.5247228885848069E+00
                          0.5274574524706822E+00
                          0.5302026907265456E+00
                          0.5329586310945883E+00
                          0.5357253013530046E+00
                          0.5385027293159921E+00
                          0.5412909428337527E+00
                          0.5440899697924916E+00
                          0.5468998381144168E+00
                          0.5497205757577408E+00
                          0.5525522107166797E+00
                          0.5553947710214527E+00
                          0.5582482847382827E+00
                          0.5611127799693961E+00
                          0.5639882848530231E+00
                          0.5668748275633976E+00
                          0.5697724363107564E+00
                          0.5726811393413406E+00
                          0.5756009649373941E+00
                          0.5785319414171657E+00
                          0.5814740971349058E+00
                          0.5844274604808704E+00
                          0.5873920598813178E+00
                          0.5903679237985104E+00
                          0.5933550807307132E+00
                          0.5963535592121962E+00
                          0.5993633878132328E+00
                          0.6023845951400985E+00
                          0.6054172098350740E+00
                          0.6084612605764430E+00
                          0.6115167760784919E+00
                          0.6145837850915128E+00
                          0.6176623164017992E+00
                          0.6207523988316488E+00
                          0.6238540612393634E+00
                          0.6269673325192487E+00
                          0.6300922416016123E+00
                          0.6332288174527675E+00
                          0.6363770890750285E+00
                          0.6395370855067165E+00
                          0.6427088358221528E+00
                          0.6458923691316648E+00
                          0.6490877145815828E+00
                          0.6522949013542393E+00
                          0.6555139586679731E+00
                          0.6587449157771239E+00
                          0.6619878019720359E+00
                          0.6652426465790572E+00
                          0.6685094789605400E+00
                          0.6717883285148382E+00
                          0.6750792246763117E+00
                          0.6783821969153215E+00
                          0.6816972747382343E+00
                          0.6850244876874185E+00
                          0.6883638653412478E+00
                          0.6917154373140988E+00
                          0.6950792332563507E+00
                          0.6984552828543883E+00
                          0.7018436158305974E+00
                          0.7052442619433703E+00
                          0.7086572509870998E+00
                          0.7120826127921851E+00
                          0.7155203772250266E+00
                          0.7189705741880298E+00
                          0.7224332336196041E+00
                          0.7259083854941601E+00
                          0.7293960598221153E+00
                          0.7328962866498876E+00
                          0.7364090960599011E+00
                          0.7399345181705808E+00
                          0.7434725831363588E+00
                          0.7470233211476670E+00
                          0.7505867624309427E+00
                          0.7541629372486269E+00
                          0.7577518758991653E+00
                          0.7613536087170032E+00
                          0.7649681660725939E+00
                          0.7685955783723927E+00
                          0.7722358760588568E+00
                          0.7758890896104499E+00
                          0.7795552495416361E+00
                          0.7832343864028866E+00
                          0.7869265307806727E+00
                          0.7906317132974715E+00
                          0.7943499646117629E+00
                          0.7980813154180313E+00
                          0.8018257964467621E+00
                          0.8055834384644482E+00
                          0.8093542722735824E+00
                          0.8131383287126633E+00
                          0.8169356386561918E+00
                          0.8207462330146728E+00
                          0.8245701427346165E+00
                          0.8284073987985339E+00
                          0.8322580322249400E+00
                          0.8361220740683556E+00
                          0.8399995554193024E+00
                          0.8438905074043074E+00
                          0.8477949611859011E+00
                          0.8517129479626162E+00
                          0.8556444989689906E+00
                          0.8595896454755643E+00
                          0.8635484187888817E+00
                          0.8675208502514923E+00
                          0.8715069712419459E+00
                          0.8755068131747969E+00
                          0.8795204075006052E+00
                          0.8835477857059336E+00
                          0.8875889793133461E+00
                          0.8916440198814135E+00
                          0.8957129390047073E+00
                          0.8997957683138053E+00
                          0.9038925394752861E+00
                          0.9080032841917350E+00
                          0.9121280342017373E+00
                          0.9162668212798857E+00
                          0.9204196772367726E+00
                          0.9245866339189971E+00
                          0.9287677232091601E+00
                          0.9329629770258669E+00
                          0.9371724273237266E+00
                          0.9413961060933498E+00
                          0.9456340453613541E+00
                          0.9498862771903571E+00
                          0.9541528336789828E+00
                          0.9584337469618578E+00
                          0.9627290492096110E+00
                          0.9670387726288774E+00
                          0.9713629494622932E+00
                          0.9757016119884988E+00
                          0.9800547925221397E+00
                          0.9844225234138622E+00
                          0.9888048370503187E+00
                          0.9932017658541654E+00
                          0.9976133422840591E+00
                          0.1002039598834662E+01
                          0.1006480568036640E+01
                          0.1010936282456663E+01
                          0.1015406774697404E+01
                          0.1019892077397539E+01
                          0.1024392223231747E+01
                          0.1028907244910714E+01
                          0.1033437175181125E+01
                          0.1037982046825670E+01
                          0.1042541892663047E+01
                          0.1047116745547952E+01
                          0.1051706638371084E+01
                          0.1056311604059151E+01
                          0.1060931675574860E+01
                          0.1065566885916924E+01
                          0.1070217268120059E+01
                          0.1074882855254984E+01
                          0.1079563680428421E+01
                          0.1084259776783097E+01
                          0.1088971177497742E+01
                          0.1093697915787090E+01
                          0.1098440024901877E+01
                          0.1103197538128846E+01
                          0.1107970488790738E+01
                          0.1112758910246304E+01
                          0.1117562835890293E+01
                          0.1122382299153462E+01
                          0.1127217333502568E+01
                          0.1132067972440374E+01
                          0.1136934249505644E+01
                          0.1141816198273151E+01
                          0.1146713852353664E+01
                          0.1151627245393962E+01
                          0.1156556411076823E+01
                          0.1161501383121032E+01
                          0.1166462195281376E+01
                          0.1171438881348645E+01
                          0.1176431475149634E+01
                          0.1181440010547140E+01
                          0.1186464521439966E+01
                          0.1191505041762914E+01
                          0.1196561605486796E+01
                          0.1201634246618422E+01
                          0.1206722999200609E+01
                          0.1211827897312174E+01
                          0.1216948975067943E+01
                          0.1222086266618740E+01
                          0.1227239806151396E+01
                          0.1232409627888744E+01
                          0.1237595766089622E+01
                          0.1242798255048870E+01
                          0.1248017129097332E+01
                          0.1253252422601857E+01
                          0.1258504169965295E+01
                          0.1263772405626502E+01
                          0.1269057164060336E+01
                          0.1274358479777659E+01
                          0.1279676387325339E+01
                          0.1285010921286241E+01
                          0.1290362116279242E+01
                          0.1295730006959215E+01
                          0.1301114628017043E+01
                          0.1306516014179607E+01
                          0.1311934200209794E+01
                          0.1317369220906498E+01
                          0.1322821111104611E+01
                          0.1328289905675030E+01
                          0.1333775639524658E+01
                          0.1339278347596399E+01
                          0.1344798064869161E+01
                          0.1350334826357859E+01
                          0.1355888667113406E+01
                          0.1361459622222720E+01
                          0.1367047726808727E+01
                          0.1372653016030352E+01
                          0.1378275525082525E+01
                          0.1383915289196181E+01
                          0.1389572343638255E+01
                          0.1395246723711689E+01
                          0.1400938464755424E+01
                          0.1406647602144413E+01
                          0.1412374171289605E+01
                          0.1418118207637953E+01
                          0.1423879746672419E+01
                          0.1429658823911963E+01
                          0.1435455474911552E+01
                          0.1441269735262153E+01
                          0.1447101640590741E+01
                          0.1452951226560292E+01
                          0.1458818528869785E+01
                          0.1464703583254204E+01
                          0.1470606425484537E+01
                          0.1476527091367773E+01
                          0.1482465616746908E+01
                          0.1488422037500938E+01
                          0.1494396389544866E+01
                          0.1500388708829695E+01
                          0.1506399031342436E+01
                          0.1512427393106101E+01
                          0.1518473830179704E+01
                          0.1524538378658262E+01
                          0.1530621074672805E+01
                          0.1536721954390353E+01
                          0.1542841054013937E+01
                          0.1548978409782593E+01
                          0.1555134057971355E+01
                          0.1561308034891266E+01
                          0.1567500376889370E+01
                          0.1573711120348714E+01
                          0.1579940301688350E+01
                          0.1586187957363332E+01
                          0.1592454123864720E+01
                          0.1598738837719574E+01
                          0.1605042135490961E+01
                          0.1611364053777951E+01
                          0.1617704629215615E+01
                          0.1624063898475032E+01
                          0.1630441898263279E+01
                          0.1636838665323441E+01
                          0.1643254236434605E+01
                          0.1649688648411860E+01
                          0.1656141938106303E+01
                          0.1662614142405031E+01
                          0.1669105298231145E+01
                          0.1675615442543748E+01
                          0.1682144612337951E+01
                          0.1688692844644867E+01
                          0.1695260176531608E+01
                          0.1701846645101296E+01
                          0.1708452287493053E+01
                          0.1715077140882005E+01
                          0.1721721242479284E+01
                          0.1728384629532021E+01
                          0.1735067339323353E+01
                          0.1741769409172423E+01
                          0.1748490876434374E+01
                          0.1755231778500353E+01
                          0.1761992152797512E+01
                          0.1768772036789006E+01
                          0.1775571467973994E+01
                          0.1782390483887636E+01
                          0.1789229122101101E+01
                          0.1796087420221555E+01
                          0.1802965415892173E+01
                          0.1809863146792129E+01
                          0.1816780650636605E+01
                          0.1823717965176785E+01
                          0.1830675128199854E+01
                          0.1837652177529005E+01
                          0.1844649151023429E+01
                          0.1851666086578327E+01
                          0.1858703022124898E+01
                          0.1865759995630347E+01
                          0.1872837045097886E+01
                          0.1879934208566724E+01
                          0.1887051524112076E+01
                          0.1894189029845162E+01
                          0.1901346763913206E+01
                          0.1908524764499434E+01
                          0.1915723069823074E+01
                          0.1922941718139361E+01
                          0.1930180747739531E+01
                          0.1937440196950827E+01
                          0.1944720104136493E+01
                          0.1952020507695773E+01
                          0.1959341446063922E+01
                          0.1966682957712194E+01
                          0.1974045081147848E+01
                          0.1981427854914143E+01
                          0.1988831317590348E+01
                          0.1996255507791732E+01
                          0.2003700464169566E+01
                          0.2011166225411127E+01
                          0.2018652830239696E+01
                          0.2026160317414556E+01
                          0.2033688725730992E+01
                          0.2041238094020299E+01
                          0.2048808461149766E+01
                          0.2056399866022695E+01
                          0.2064012347578385E+01
                          0.2071645944792140E+01
                          0.2079300696675272E+01
                          0.2086976642275090E+01
                          0.2094673820674912E+01
                          0.2102392270994055E+01
                          0.2110132032387843E+01
                          0.2117893144047602E+01
                          0.2125675645200662E+01
                          0.2133479575110355E+01
                          0.2141304973076021E+01
                          0.2149151878432998E+01
                          0.2157020330552633E+01
                          0.2164910368842270E+01
                          0.2172822032745261E+01
                          0.2180755361740965E+01
                          0.2188710395344736E+01
                          0.2196687173107939E+01
                          0.2204685734617937E+01
                          0.2212706119498102E+01
                          0.2220748367407805E+01
                          0.2228812518042422E+01
                          0.2236898611133333E+01
                          0.2245006686447922E+01
                          0.2253136783789577E+01
                          0.2261288942997687E+01
                          0.2269463203947647E+01
                          0.2277659606550854E+01
                          0.2285878190754711E+01
                          0.2294118996542620E+01
                          0.2302382063933992E+01
                          0.2310667432984238E+01
                          0.2318975143784776E+01
                          0.2327305236463020E+01
                          0.2335657751182397E+01
                          0.2344032728142332E+01
                          0.2352430207578255E+01
                          0.2360850229761600E+01
                          0.2369292834999802E+01
                          0.2377758063636304E+01
                          0.2386245956050549E+01
                          0.2394756552657984E+01
                          0.2403289893910063E+01
                          0.2411846020294240E+01
                          0.2420424972333971E+01
                          0.2429026790588720E+01
                          0.2437651515653951E+01
                          0.2446299188161136E+01
                          0.2454969848777746E+01
                          0.2463663538207256E+01
                          0.2472380297189149E+01
                          0.2481120166498906E+01
                          0.2489883186948015E+01
                          0.2498669399383966E+01
                          0.2507478844690254E+01
                          0.2516311563786376E+01
                          0.2525167597627834E+01
                          0.2534046987206134E+01
                          0.2542949773548780E+01
                          0.2551875997719288E+01
                          0.2560825700817172E+01
                          0.2569798923977953E+01
                          0.2578795708373151E+01
                          0.2587816095210296E+01
                          0.2596860125732915E+01
                          0.2605927841220540E+01
                          0.2615019282988710E+01
                          0.2624134492388967E+01
                          0.2633273510808855E+01
                          0.2642436379671918E+01
                          0.2651623140437711E+01
                          0.2660833834601790E+01
                          0.2670068503695707E+01
                          0.2679327189287031E+01
                          0.2688609932979324E+01
                          0.2697916776412154E+01
                          0.2707247761261097E+01
                          0.2716602929237728E+01
                          0.2725982322089627E+01
                          0.2735385981600376E+01
                          0.2744813949589565E+01
                          0.2754266267912782E+01
                          0.2763742978461621E+01
                          0.2773244123163682E+01
                          0.2782769743982565E+01
                          0.2792319882917874E+01
                          0.2801894582005219E+01
                          0.2811493883316208E+01
                          0.2821117828958463E+01
                          0.2830766461075600E+01
                          0.2840439821847240E+01
                          0.2850137953489014E+01
                          0.2859860898252545E+01
                          0.2869608698425471E+01
                          0.2879381396331429E+01
                          0.2889179034330059E+01
                          0.2899001654817006E+01
                          0.2908849300223916E+01
                          0.2918722013018439E+01
                          0.2928619835704233E+01
                          0.2938542810820956E+01
                          0.2948490980944270E+01
                          0.2958464388685836E+01
                          0.2968463076693331E+01
                          0.2978487087650421E+01
                          0.2988536464276784E+01
                          0.2998611249328101E+01
                          0.3008711485596057E+01
                          0.3018837215908337E+01
                          0.3028988483128633E+01
                          0.3039165330156635E+01
                          0.3049367799928044E+01
                          0.3059595935414560E+01
                          0.3069849779623889E+01
                          0.3080129375599741E+01
                          0.3090434766421827E+01
                          0.3100765995205859E+01
                          0.3111123105103559E+01
                          0.3121506139302649E+01
                          0.3131915141026855E+01
                          0.3142350153535908E+01
                          0.3152811220125545E+01
                          0.3163298384127494E+01
                          0.3173811688909502E+01
                          0.3184351177875313E+01
                          0.3194916894464673E+01
                          0.3205508882153333E+01
                          0.3216127184453046E+01
                          0.3226771844911577E+01
                          0.3237442907112682E+01
                          0.3248140414676125E+01
                          0.3258864411257683E+01
                          0.3269614940549121E+01
                          0.3280392046278221E+01
                          0.3291195772208758E+01
                          0.3302026162140520E+01
                          0.3312883259909290E+01
                          0.3323767109386861E+01
                          0.3334677754481028E+01
                          0.3345615239135581E+01
                          0.3356579607330332E+01
                          0.3367570903081081E+01
                          0.3378589170439636E+01
                          0.3389634453493808E+01
                          0.3400706796367417E+01
                          0.3411806243220276E+01
                          0.3422932838248211E+01
                          0.3434086625683050E+01
                          0.3445267649792619E+01
                          0.3456475954880754E+01
                          0.3467711585287291E+01
                          0.3478974585388070E+01
                          0.3490264999594935E+01
                          0.3501582872355737E+01
                          0.3512928248154322E+01
                          0.3524301171510551E+01
                          0.3535701686980279E+01
                          0.3547129839155365E+01
                          0.3558585672663681E+01
                          0.3570069232169088E+01
                          0.3581580562371464E+01
                          0.3593119708006688E+01
                          0.3604686713846634E+01
                          0.3616281624699187E+01
                          0.3627904485408236E+01
                          0.3639555340853670E+01
                          0.3651234235951384E+01
                          0.3662941215653276E+01
                          0.3674676324947243E+01
                          0.3686439608857194E+01
                          0.3698231112443036E+01
                          0.3710050880800683E+01
                          0.3721898959062048E+01
                          0.3733775392395052E+01
                          0.3745680226003615E+01
                          0.3757613505127666E+01
                          0.3769575275043132E+01
                          0.3781565581061948E+01
                          0.3793584468532052E+01
                          0.3805631982837384E+01
                          0.3817708169397890E+01
                          0.3829813073669513E+01
                          0.3841946741144203E+01
                          0.3854109217349922E+01
                          0.3866300547850625E+01
                          0.3878520778246272E+01
                          0.3890769954172829E+01
                          0.3903048121302271E+01
                          0.3915355325342562E+01
                          0.3927691612037681E+01
                          0.3940057027167613E+01
                          0.3952451616548336E+01
                          0.3964875426031837E+01
                          0.3977328501506108E+01
                          0.3989810888895144E+01
                          0.4002322634158941E+01
                          0.4014863783293503E+01
                          0.4027434382330827E+01
                          0.4040034477338932E+01
                          0.4052664114421821E+01
                          0.4065323339719518E+01
                          0.4078012199408032E+01
                          0.4090730739699395E+01
                          0.4103479006841630E+01
                          0.4116257047118762E+01
                          0.4129064906850831E+01
                          0.4141902632393871E+01
                          0.4154770270139923E+01
                          0.4167667866517028E+01
                          0.4180595467989241E+01
                          0.4193553121056609E+01
                          0.4206540872255184E+01
                          0.4219558768157026E+01
                          0.4232606855370202E+01
                          0.4245685180538771E+01
                          0.4258793790342803E+01
                          0.4271932731498372E+01
                          0.4285102050757559E+01
                          0.4298301794908435E+01
                          0.4311532010775088E+01
                          0.4324792745217608E+01
                          0.4338084045132078E+01
                          0.4351405957450592E+01
                          0.4364758529141260E+01
                          0.4378141807208171E+01
                          0.4391555838691435E+01
                          0.4405000670667158E+01
                          0.4418476350247451E+01
                          0.4431982924580433E+01
                          0.4445520440850220E+01
                          0.4459088946276939E+01
                          0.4472688488116711E+01
                          0.4486319113661670E+01
                          0.4499980870239948E+01
                          0.4513673805215679E+01
                          0.4527397965989008E+01
                          0.4541153399996072E+01
                          0.4554940154709028E+01
                          0.4568758277636020E+01
                          0.4582607816321207E+01
                          0.4596488818344746E+01
                          0.4610401331322800E+01
                          0.4624345402907529E+01
                          0.4638321080787110E+01
                          0.4652328412685710E+01
                          0.4666367446363512E+01
                          0.4680438229616684E+01
                          0.4694540810277421E+01
                          0.4708675236213902E+01
                          0.4722841555330323E+01
                          0.4737039815566873E+01
                          0.4751270064899755E+01
                          0.4765532351341164E+01
                          0.4779826722939311E+01
                          0.4794153227778401E+01
                          0.4808511913978647E+01
                          0.4822902829696261E+01
                          0.4837326023123469E+01
                          0.4851781542488489E+01
                          0.4866269436055546E+01
                          0.4880789752124870E+01
                          0.4895342539032701E+01
                          0.4909927845151267E+01
                          0.4924545718888814E+01
                          0.4939196208689582E+01
                          0.4953879363033825E+01
                          0.4968595230437787E+01
                          0.4983343859453726E+01
                          0.4998125298669901E+01
                          0.5012939596710571E+01
                          0.5027786802236007E+01
                          0.5042666963942474E+01
                          0.5057580130562244E+01
                          0.5072526350863595E+01
                          0.5087505673650806E+01
                          0.5102518147764158E+01
                          0.5117563822079945E+01
                          0.5132642745510448E+01
                          0.5147754967003971E+01
                          0.5162900535544804E+01
                          0.5178079500153247E+01
                          0.5193291909885613E+01
                          0.5208537813834203E+01
                          0.5223817261127335E+01
                          0.5239130300929321E+01
                          0.5254476982440480E+01
                          0.5269857354897133E+01
                          0.5285271467571607E+01
                          0.5300719369772236E+01
                          0.5316201110843342E+01
                          0.5331716740165278E+01
                          0.5347266307154375E+01
                          0.5362849861262978E+01
                          0.5378467451979430E+01
                          0.5394119128828094E+01
                          0.5409804941369315E+01
                          0.5425524939199453E+01
                          0.5441279171950872E+01
                          0.5457067689291937E+01
                          0.5472890540927015E+01
                          0.5488747776596482E+01
                          0.5504639446076714E+01
                          0.5520565599180085E+01
                          0.5536526285754983E+01
                          0.5552521555685793E+01
                          0.5568551458892911E+01
                          0.5584616045332724E+01
                          0.5600715364997635E+01
                          0.5616849467916037E+01
                          0.5633018404152343E+01
                          0.5649222223806958E+01
                          0.5665460977016296E+01
                          0.5681734713952772E+01
                          0.5698043484824799E+01
                          0.5714387339876806E+01
                          0.5730766329389221E+01
                          0.5747180503678466E+01
                          0.5763629913096981E+01
                          0.5780114608033198E+01
                          0.5796634638911564E+01
                          0.5813190056192514E+01
                          0.5829780910372502E+01
                          0.5846407251983980E+01
                          0.5863069131595396E+01
                          0.5879766599811219E+01
                          0.5896499707271898E+01
                          0.5913268504653908E+01
                          0.5930073042669718E+01
                          0.5946913372067792E+01
                          0.5963789543632617E+01
                          0.5980701608184664E+01
                          0.5997649616580421E+01
                          0.6014633619712373E+01
                          0.6031653668509009E+01
                          0.6048709813934829E+01
                          0.6065802106990324E+01
                          0.6082930598711998E+01
                          0.6100095340172354E+01
                          0.6117296382479901E+01
                          0.6134533776779157E+01
                          0.6151807574250626E+01
                          0.6169117826110839E+01
                          0.6186464583612303E+01
                          0.6203847898043566E+01
                          0.6221267820729137E+01
                          0.6238724403029564E+01
                          0.6256217696341370E+01
                          0.6273747752097106E+01
                          0.6291314621765316E+01
                          0.6308918356850541E+01
                          0.6326559008893339E+01
                          0.6344236629470259E+01
                          0.6361951270193861E+01
                          0.6379702982712708E+01
                          0.6397491818711366E+01
                          0.6415317829910401E+01
                          0.6433181068066392E+01
                          0.6451081584971911E+01
                          0.6469019432455535E+01
                          0.6486994662381847E+01
                          0.6505007326651440E+01
                          0.6523057477200897E+01
                          0.6541145166002819E+01
                          0.6559270445065796E+01
                          0.6577433366434440E+01
                          0.6595633982189348E+01
                          0.6613872344447122E+01
                          0.6632148505360393E+01
                          0.6650462517117758E+01
                          0.6668814431943846E+01
                          0.6687204302099277E+01
                          0.6705632179880672E+01
                          0.6724098117620662E+01
                          0.6742602167687889E+01
                          0.6761144382486988E+01
                          0.6779724814458589E+01
                          0.6798343516079346E+01
                          0.6817000539861906E+01
                          0.6835695938354911E+01
                          0.6854429764143025E+01
                          0.6873202069846904E+01
                          0.6892012908123209E+01
                          0.6910862331664603E+01
                          0.6929750393199758E+01
                          0.6948677145493349E+01
                          0.6967642641346050E+01
                          0.6986646933594532E+01
                          0.7005690075111491E+01
                          0.7024772118805608E+01
                          0.7043893117621577E+01
                          0.7063053124540094E+01
                          0.7082252192577846E+01
                          0.7101490374787537E+01
                          0.7120767724257877E+01
                          0.7140084294113575E+01
                          0.7159440137515335E+01
                          0.7178835307659879E+01
                          0.7198269857779925E+01
                          0.7217743841144192E+01
                          0.7237257311057414E+01
                          0.7256810320860311E+01
                          0.7276402923929630E+01
                          0.7296035173678088E+01
                          0.7315707123554438E+01
                          0.7335418827043425E+01
                          0.7355170337665789E+01
                          0.7374961708978289E+01
                          0.7394792994573675E+01
                          0.7414664248080705E+01
                          0.7434575523164145E+01
                          0.7454526873524759E+01
                          0.7474518352899310E+01
                          0.7494550015060580E+01
                          0.7514621913817331E+01
                          0.7534734103014359E+01
                          0.7554886636532438E+01
                          0.7575079568288366E+01
                          0.7595312952234911E+01
                          0.7615586842360888E+01
                          0.7635901292691083E+01
                          0.7656256357286304E+01
                          0.7676652090243353E+01
                          0.7697088545695039E+01
                          0.7717565777810167E+01
                          0.7738083840793564E+01
                          0.7758642788886044E+01
                          0.7779242676364423E+01
                          0.7799883557541537E+01
                          0.7820565486766204E+01
                          0.7841288518423267E+01
                          0.7862052706933564E+01
                          0.7882858106753934E+01
                          0.7903704772377217E+01
                          0.7924592758332259E+01
                          0.7945522119183913E+01
                          0.7966492909533043E+01
                          0.7987505184016489E+01
                          0.8008558997307132E+01
                          0.8029654404113824E+01
                          0.8050791459181440E+01
                          0.8071970217290847E+01
                          0.8093190733258924E+01
                          0.8114453061938558E+01
                          0.8135757258218623E+01
                          0.8157103377024008E+01
                          0.8178491473315603E+01
                          0.8199921602090301E+01
                          0.8221393818381006E+01
                          0.8242908177256611E+01
                          0.8264464733822029E+01
                          0.8286063543218159E+01
                          0.8307704660621924E+01
                          0.8329388141246232E+01
                          0.8351114040339990E+01
                          0.8372882413188144E+01
                          0.8394693315111603E+01
                          0.8416546801467307E+01
                          0.8438442927648181E+01
                          0.8460381749083167E+01
                          0.8482363321237209E+01
                          0.8504387699611245E+01
                          0.8526454939742214E+01
                          0.8548565097203086E+01
                          0.8570718227602804E+01
                          0.8592914386586324E+01
                          0.8615153629834616E+01
                          0.8637436013064644E+01
                          0.8659761592029376E+01
                          0.8682130422517773E+01
                          0.8704542560354831E+01
                          0.8726998061401520E+01
                          0.8749496981554815E+01
                          0.8772039376747717E+01
                          0.8794625302949207E+01
                          0.8817254816164290E+01
                          0.8839927972433941E+01
                          0.8862644827835179E+01
                          0.8885405438481014E+01
                          0.8908209860520438E+01
                          0.8931058150138481E+01
                          0.8953950363556132E+01
                          0.8976886557030436E+01
                          0.8999866786854401E+01
                          0.9022891109357063E+01
                          0.9045959580903439E+01
                          0.9069072257894563E+01
                          0.9092229196767489E+01
                          0.9115430453995243E+01
                          0.9138676086086864E+01
                          0.9161966149587416E+01
                          0.9185300701077944E+01
                          0.9208679797175499E+01
                          0.9232103494533138E+01
                          0.9255571849839923E+01
                          0.9279084919820921E+01
                          0.9302642761237202E+01
                          0.9326245430885837E+01
                          0.9349892985599906E+01
                          0.9373585482248489E+01
                          0.9397322977736657E+01
                          0.9421105529005507E+01
                          0.9444933193032130E+01
                          0.9468806026829625E+01
                          0.9492724087447067E+01
                          0.9516687431969585E+01
                          0.9540696117518259E+01
                          0.9564750201250222E+01
                          0.9588849740358569E+01
                          0.9612994792072413E+01
                          0.9637185413656884E+01
                          0.9661421662413094E+01
                          0.9685703595678183E+01
                          0.9710031270825269E+01
                          0.9734404745263484E+01
                          0.9758824076437978E+01
                          0.9783289321829873E+01
                          0.9807800538956325E+01
                          0.9832357785370480E+01
                          0.9856961118661490E+01
                          0.9881610596454500E+01
                          0.9906306276410685E+01
                          0.9931048216227195E+01
                          0.9955836473637190E+01
                          0.9980671106409854E+01
                          0.1000555217235036E+02
                          0.1003047972929986E+02
                          0.1005545383513556E+02
                          0.1008047454777063E+02
                          0.1010554192515426E+02
                          0.1013065602527164E+02
                          0.1015581690614396E+02
                          0.1018102462582842E+02
                          0.1020627924241823E+02
                          0.1023158081404259E+02
                          0.1025692939886669E+02
                          0.1028232505509177E+02
                          0.1030776784095502E+02
                          0.1033325781472969E+02
                          0.1035879503472497E+02
                          0.1038437955928611E+02
                          0.1041001144679431E+02
                          0.1043569075566684E+02
                          0.1046141754435691E+02
                          0.1048719187135378E+02
                          0.1051301379518268E+02
                          0.1053888337440485E+02
                          0.1056480066761756E+02
                          0.1059076573345406E+02
                          0.1061677863058360E+02
                          0.1064283941771144E+02
                          0.1066894815357886E+02
                          0.1069510489696311E+02
                          0.1072130970667749E+02
                          0.1074756264157125E+02
                          0.1077386376052968E+02
                          0.1080021312247406E+02
                          0.1082661078636168E+02
                          0.1085305681118583E+02
                          0.1087955125597580E+02
                          0.1090609417979689E+02
                          0.1093268564175040E+02
                          0.1095932570097365E+02
                          0.1098601441663991E+02
                          0.1101275184795854E+02
                          0.1103953805417481E+02
                          0.1106637309457007E+02
                          0.1109325702846163E+02
                          0.1112018991520281E+02
                          0.1114717181418296E+02
                          0.1117420278482740E+02
                          0.1120128288659747E+02
                          0.1122841217899049E+02
                          0.1125559072153984E+02
                          0.1128281857381485E+02
                          0.1131009579542087E+02
                          0.1133742244599924E+02
                          0.1136479858522735E+02
                          0.1139222427281854E+02
                          0.1141969956852217E+02
                          0.1144722453212362E+02
                          0.1147479922344427E+02
                          0.1150242370234148E+02
                          0.1153009802870865E+02
                          0.1155782226247515E+02
                          0.1158559646360636E+02
                          0.1161342069210367E+02
                          0.1164129500800448E+02
                          0.1166921947138221E+02
                          0.1169719414234622E+02
                          0.1172521908104193E+02
                          0.1175329434765077E+02
                          0.1178142000239013E+02
                          0.1180959610551343E+02
                          0.1183782271731007E+02
                          0.1186609989810550E+02
                          0.1189442770826114E+02
                          0.1192280620817442E+02
                          0.1195123545827876E+02
                          0.1197971551904362E+02
                          0.1200824645097442E+02
                          0.1203682831461260E+02
                          0.1206546117053563E+02
                          0.1209414507935694E+02
                          0.1212288010172599E+02
                          0.1215166629832825E+02
                          0.1218050372988517E+02
                          0.1220939245715421E+02
                          0.1223833254092886E+02
                          0.1226732404203857E+02
                          0.1229636702134883E+02
                          0.1232546153976112E+02
                          0.1235460765821292E+02
                          0.1238380543767770E+02
                          0.1241305493916497E+02
                          0.1244235622372023E+02
                          0.1247170935242495E+02
                          0.1250111438639665E+02
                          0.1253057138678884E+02
                          0.1256008041479101E+02
                          0.1258964153162869E+02
                          0.1261925479856339E+02
                          0.1264892027689262E+02
                          0.1267863802794991E+02
                          0.1270840811310478E+02
                          0.1273823059376277E+02
                          0.1276810553136541E+02
                          0.1279803298739022E+02
                          0.1282801302335076E+02
                          0.1285804570079657E+02
                          0.1288813108131319E+02
                          0.1291826922652218E+02
                          0.1294846019808110E+02
                          0.1297870405768348E+02
                          0.1300900086705891E+02
                          0.1303935068797295E+02
                          0.1306975358222716E+02
                          0.1310020961165912E+02
                          0.1313071883814240E+02
                          0.1316128132358658E+02
                          0.1319189712993725E+02
                          0.1322256631917599E+02
                          0.1325328895332039E+02
                          0.1328406509442405E+02
                          0.1331489480457657E+02
                          0.1334577814590352E+02
                          0.1337671518056656E+02
                          0.1340770597076325E+02
                          0.1343875057872723E+02
                          0.1346984906672809E+02
                          0.1350100149707147E+02
                          0.1353220793209899E+02
                          0.1356346843418826E+02
                          0.1359478306575293E+02
                          0.1362615188924263E+02
                          0.1365757496714298E+02
                          0.1368905236197563E+02
                          0.1372058413629823E+02
                          0.1375217035270443E+02
                          0.1378381107382386E+02
                          0.1381550636232219E+02
                          0.1384725628090108E+02
                          0.1387906089229819E+02
                          0.1391092025928718E+02
                          0.1394283444467771E+02
                          0.1397480351131548E+02
                          0.1400682752208215E+02
                          0.1403890653989538E+02
                          0.1407104062770889E+02
                          0.1410322984851235E+02
                          0.1413547426533145E+02
                          0.1416777394122788E+02
                          0.1420012893929933E+02
                          0.1423253932267953E+02
                          0.1426500515453816E+02
                          0.1429752649808092E+02
                          0.1433010341654955E+02
                          0.1436273597322175E+02
                          0.1439542423141123E+02
                          0.1442816825446774E+02
                          0.1446096810577698E+02
                          0.1449382384876069E+02
                          0.1452673554687660E+02
                          0.1455970326361844E+02
                          0.1459272706251597E+02
                          0.1462580700713492E+02
                          0.1465894316107702E+02
                          0.1469213558798005E+02
                          0.1472538435151777E+02
                          0.1475868951539991E+02
                          0.1479205114337224E+02
                          0.1482546929921654E+02
                          0.1485894404675056E+02
                          0.1489247544982808E+02
                          0.1492606357233888E+02
                          0.1495970847820874E+02
                          0.1499341023139944E+02
                          0.1502716889590877E+02
                          0.1506098453577050E+02
                          0.1509485721505445E+02
                          0.1512878699786641E+02
                          0.1516277394834816E+02
                          0.1519681813067753E+02
                          0.1523091960906833E+02
                          0.1526507844777037E+02
                          0.1529929471106944E+02
                          0.1533356846328739E+02
                          0.1536789976878202E+02
                          0.1540228869194717E+02
                          0.1543673529721266E+02
                          0.1547123964904432E+02
                          0.1550580181194400E+02
                          0.1554042185044953E+02
                          0.1557509982913477E+02
                          0.1560983581260956E+02
                          0.1564462986551974E+02
                          0.1567948205254716E+02
                          0.1571439243840969E+02
                          0.1574936108786120E+02
                          0.1578438806569153E+02
                          0.1581947343672659E+02
                          0.1585461726582821E+02
                          0.1588981961789429E+02
                          0.1592508055785870E+02
                          0.1596040015069132E+02
                          0.1599577846139804E+02
                          0.1603121555502076E+02
                          0.1606671149663736E+02
                          0.1610226635136175E+02
                          0.1613788018434382E+02
                          0.1617355306076948E+02
                          0.1620928504586064E+02
                          0.1624507620487520E+02
                          0.1628092660310709E+02
                          0.1631683630588622E+02
                          0.1635280537857852E+02
                          0.1638883388658591E+02
                          0.1642492189534632E+02
                          0.1646106947033368E+02
                          0.1649727667705792E+02
                          0.1653354358106501E+02
                          0.1656987024793685E+02
                          0.1660625674329143E+02
                          0.1664270313278268E+02
                          0.1667920948210056E+02
                          0.1671577585697101E+02
                          0.1675240232315602E+02
                          0.1678908894645354E+02
                          0.1682583579269752E+02
                          0.1686264292775798E+02
                          0.1689951041754086E+02
                          0.1693643832798815E+02
                          0.1697342672507781E+02
                          0.1701047567482387E+02
                          0.1704758524327630E+02
                          0.1708475549652109E+02
                          0.1712198650068023E+02
                          0.1715927832191172E+02
                          0.1719663102640959E+02
                          0.1723404468040384E+02
                          0.1727151935016045E+02
                          0.1730905510198148E+02
                          0.1734665200220492E+02
                          0.1738431011720480E+02
                          0.1742202951339114E+02
                          0.1745981025720999E+02
                          0.1749765241514335E+02
                          0.1753555605370929E+02
                          0.1757352123946184E+02
                          0.1761154803899103E+02
                          0.1764963651892293E+02
                          0.1768778674591955E+02
                          0.1772599878667899E+02
                          0.1776427270793528E+02
                          0.1780260857645852E+02
                          0.1784100645905473E+02
                          0.1787946642256598E+02
                          0.1791798853387038E+02
                          0.1795657285988196E+02
                          0.1799521946755084E+02
                          0.1803392842386309E+02
                          0.1807269979584078E+02
                          0.1811153365054201E+02
                          0.1815043005506090E+02
                          0.1818938907652751E+02
                          0.1822841078210795E+02
                          0.1826749523900433E+02
                          0.1830664251445477E+02
                          0.1834585267573337E+02
                          0.1838512579015023E+02
                          0.1842446192505148E+02
                          0.1846386114781926E+02
                          0.1850332352587168E+02
                          0.1854284912666287E+02
                          0.1858243801768295E+02
                          0.1862209026645808E+02
                          0.1866180594055040E+02
                          0.1870158510755802E+02
                          0.1874142783511514E+02
                          0.1878133419089187E+02
                          0.1882130424259438E+02
                          0.1886133805796482E+02
                          0.1890143570478135E+02
                          0.1894159725085816E+02
                          0.1898182276404539E+02
                          0.1902211231222921E+02
                          0.1906246596333183E+02
                          0.1910288378531139E+02
                          0.1914336584616211E+02
                          0.1918391221391414E+02
                          0.1922452295663371E+02
                          0.1926519814242298E+02
                          0.1930593783942014E+02
                          0.1934674211579944E+02
                          0.1938761103977102E+02
                          0.1942854467958117E+02
                          0.1946954310351202E+02
                          0.1951060637988182E+02
                          0.1955173457704480E+02
                          0.1959292776339117E+02
                          0.1963418600734714E+02
                          0.1967550937737495E+02
                          0.1971689794197287E+02
                          0.1975835176967508E+02
                          0.1979987092905186E+02
                          0.1984145548870944E+02
                          0.1988310551729006E+02
                          0.1992482108347196E+02
                          0.1996660225596943E+02
                          0.2000844910353270E+02
                          0.2005036169494805E+02
                          0.2009234009903773E+02
                          0.2013438438466003E+02
                          0.2017649462070920E+02
                          0.2021867087611550E+02
                          0.2026091321984526E+02
                          0.2030322172090073E+02
                          0.2034559644832020E+02
                          0.2038803747117796E+02
                          0.2043054485858430E+02
                          0.2047311867968554E+02
                          0.2051575900366396E+02
                          0.2055846589973784E+02
                          0.2060123943716155E+02
                          0.2064407968522536E+02
                          0.2068698671325558E+02
                          0.2072996059061456E+02
                          0.2077300138670060E+02
                          0.2081610917094801E+02
                          0.2085928401282716E+02
                          0.2090252598184437E+02
                          0.2094583514754194E+02
                          0.2098921157949827E+02
                          0.2103265534732766E+02
                          0.2107616652068047E+02
                          0.2111974516924305E+02
                          0.2116339136273775E+02
                          0.2120710517092294E+02
                          0.2125088666359298E+02
                          0.2129473591057822E+02
                          0.2133865298174505E+02
                          0.2138263794699583E+02
                          0.2142669087626894E+02
                          0.2147081183953873E+02
                          0.2151500090681565E+02
                          0.2155925814814601E+02
                          0.2160358363361226E+02
                          0.2164797743333276E+02
                          0.2169243961746191E+02
                          0.2173697025619013E+02
                          0.2178156941974381E+02
                          0.2182623717838534E+02
                          0.2187097360241318E+02
                          0.2191577876216171E+02
                          0.2196065272800134E+02
                          0.2200559557033852E+02
                          0.2205060735961568E+02
                          0.2209568816631121E+02
                          0.2214083806093958E+02
                          0.2218605711405120E+02
                          0.2223134539623253E+02
                          0.2227670297810600E+02
                          0.2232212993033007E+02
                          0.2236762632359919E+02
                          0.2241319222864380E+02
                          0.2245882771623036E+02
                          0.2250453285716136E+02
                          0.2255030772227523E+02
                          0.2259615238244646E+02
                          0.2264206690858552E+02
                          0.2268805137163886E+02
                          0.2273410584258899E+02
                          0.2278023039245439E+02
                          0.2282642509228952E+02
                          0.2287269001318490E+02
                          0.2291902522626702E+02
                          0.2296543080269837E+02
                          0.2301190681367744E+02
                          0.2305845333043876E+02
                          0.2310507042425280E+02
                          0.2315175816642612E+02
                          0.2319851662830122E+02
                          0.2324534588125658E+02
                          0.2329224599670675E+02
                          0.2333921704610227E+02
                          0.2338625910092967E+02
                          0.2343337223271146E+02
                          0.2348055651300618E+02
                          0.2352781201340837E+02
                          0.2357513880554859E+02
                          0.2362253696109338E+02
                          0.2367000655174528E+02
                          0.2371754764924286E+02
                          0.2376516032536065E+02
                          0.2381284465190926E+02
                          0.2386060070073520E+02
                          0.2390842854372109E+02
                          0.2395632825278547E+02
