 ISR
    116.7150
    116.7150
    118.3665
    119.8666
    121.2031
    122.3992
    123.4722
    124.4365
    125.3054
    126.0869
    126.7934
    127.4318
    128.0083
    128.5294
    128.9995
    129.4242
    129.8060
    130.1506
    130.4596
    130.7385
    130.9876
    131.2114
    131.4112
    131.5903
    131.7497
    131.8918
    132.0181
    132.1300
    132.2293
    132.3169
    132.3948
    132.4624
    132.5220
    132.5733
    132.6181
    132.6569
    132.6898
    132.7179
    132.7411
    132.7603
    132.7754
    132.7875
    132.7968
    132.8036
    132.8084
    132.8110
    132.8122
    132.8115
    132.8100
    132.8072
    132.8042
    132.8014
    132.7990
    132.7966
    132.7949
    132.7934
    132.7923
    132.7912
    132.7903
    132.7896
    132.7890
    132.7884
    132.7879
    132.7875
    132.7872
    132.7869
    132.7866
    132.7865
    132.7863
    132.7862
    132.7861
    132.7860
    132.7857
    132.7855
    132.7853
    132.7852
    132.7851
    132.7853
    132.7852
    132.7857
    132.7857
    132.7860
    132.7860
    132.7861
    132.7861
    132.7863
    132.7864
    132.7865
    132.7865
    132.7866
    132.7865
    132.7867
    132.7868
    132.7868
    132.7868
    132.7868
    132.7867
    132.7867
    132.7867
    132.7868
    132.7869
    132.7870
    132.7870
    132.7871
    132.7872
    132.7872
    132.7873
    132.7873
    132.7873
    132.7874
    132.7874
    132.7875
    132.7874
    132.7875
    132.7875
    132.7875
    132.7875
    132.7876
    132.7875
    132.7876
    132.7876
    132.7876
    132.7876
    132.7876
    132.7876
    132.7877
    132.7876
    132.7877
    132.7876
    132.7877
    132.7876
    132.7877
    132.7876
    132.7877
    132.7876
    132.7877
    132.7876
    132.7877
    132.7877
    132.7877
    132.7877
    132.7877
    132.7877
    132.7877
    132.7877
    132.7877
    132.7877
    132.7877
    132.7877
    132.7877
    132.7877
    132.7877
    132.7877
    132.7877
    132.7877
    132.7877
    132.7877
    132.7877
    132.7877
    132.7877
    132.7877
    132.7877
    132.7877
    132.7877
    132.7877
    132.7877
    132.7877
    132.7877
    132.7877
    132.7877
    132.7877
    132.7877
    132.7877
    132.7877
    132.7877
    132.7877
    132.7877
    132.7877
    132.7877
    132.7877
    132.7877
    132.7877
    132.7877
    132.7877
    132.7877
    132.7877
    132.7877
    132.7877
    132.7877
    132.7877
    132.7877
    132.7877
    132.7877
    132.7877
    132.7877
    132.7877
    132.7877
    132.7877
    132.7877
    132.7877
    132.7877
    132.7877
    132.7877
    132.7877
    132.7877
    132.7877
    132.7877
    132.7877
    132.7877
    132.7877
    132.7877
    132.7877
    132.7877
    132.7877
    132.7877
    132.7877
    132.7877
    132.7877
    132.7877
    132.7877
    132.7877
    132.7877
    132.7877
    132.7877
    132.7877
    132.7877
    132.7877
    132.7877
    132.7877
    132.7877
    132.7877
    132.7877
    132.7877
    132.7877
    132.7877
    132.7877
    132.7877
    132.7877
    132.7877
    132.7877
    132.7877
    132.7877
    132.7877
    132.7877
    132.7877
    132.7877
    132.7877
    132.7877
    132.7877
    132.7877
    132.7877
    132.7877
    132.7877
    132.7877
    132.7877
    132.7877
    132.7877
    132.7877
    132.7877
    132.7877
    132.7877
    132.7877
    132.7877
    132.7877
    132.7877
    132.7877
    132.7877
    132.7877
    132.7877
    132.7877
    132.7877
    132.7877
    132.7877
    132.7877
    132.7877
    132.7877
    132.7877
    132.7877
    132.7877
    132.7877
    132.7877
    132.7877
    132.7877
    132.7877
    132.7877
    132.7877
    132.7877
    132.7877
    132.7877
    132.7877
    132.7877
    132.7877
    132.7877
    132.7877
    132.7877
    132.7877
    132.7877
    132.7877
    132.7877
    132.7877
    132.7877
    132.7877
    132.7877
    132.7877
    132.7877
    132.7877
    132.7877
    132.7877
    132.7877
    132.7877
    132.7877
    132.7877
    132.7877
    132.7877
    132.7877
    132.7877
    132.7877
    132.7877
    132.7877
    132.7877
    132.7877
    132.7877
    132.7877
    132.7877
    132.7877
    132.7877
    132.7877
    132.7877
    132.7877
    132.7877
    132.7877
    132.7877
    132.7877
    132.7877
    132.7877
    132.7877
    132.7877
    132.7877
    132.7877
    132.7877
    132.7877
    132.7877
    132.7877
    132.7877
    132.7877
    132.7877
    132.7877
    132.7877
    132.7877
    132.7877
    132.7877
    132.7877
    132.7877
    132.7877
    132.7877
    132.7877
    132.7877
    132.7877
    132.7877
    132.7877
    132.7877
    132.7877
    132.7877
    132.7877
    132.7877
    132.7877
    132.7877
    132.7877
    132.7877
    132.7877
    132.7877
    132.7877
    132.7877
    132.7877
    132.7877
    132.7877
    132.7877
    132.7877
    132.7877
    132.7877
    132.7877
    132.7877
    132.7877
    132.7877
    132.7877
    132.7877
    132.7877
    132.7877
    132.7877
    132.7877
    132.7877
    132.7877
    132.7877
    132.7877
    132.7877
    132.7877
    132.7877
    132.7877
    132.7877
    132.7877
    132.7877
    132.7877
    132.7877
    132.7877
    132.7877
    132.7877
    132.7877
    132.7877
    132.7877
    132.7877
    132.7877
    132.7877
    132.7877
    132.7877
    132.7877
    132.7877
    132.7877
    132.7877
    132.7877
    132.7877
    132.7877
    132.7877
    132.7877
    132.7877
    132.7877
    132.7877
    132.7877
    132.7877
    132.7877
    132.7877
    132.7877
    132.7877
    132.7877
    132.7877
    132.7877
    132.7877
    132.7877
    132.7877
    132.7877
    132.7877
    132.7877
    132.7877
    132.7877
    132.7877
    132.7877
    132.7877
    132.7877
    132.7877
    132.7877
    132.7877
    132.7877
    132.7877
    132.7877
    132.7877
    132.7877
    132.7877
    132.7877
    132.7877
    132.7877
    132.7877
    132.7877
    132.7877
    132.7877
    132.7877
    132.7877
    132.7877
    132.7877
    132.7877
    132.7877
    132.7877
    132.7877
    132.7877
    132.7877
    132.7877
    132.7877
    132.7877
    132.7877
    132.7877
    132.7877
    132.7877
    132.7877
    132.7877
    132.7877
    132.7877
    132.7877
    132.7877
    132.7877
    132.7877
    132.7877
    132.7877
    132.7877
    132.7877
    132.7877
    132.7877
    132.7877
    132.7877
    132.7877
    132.7877
    132.7877
    132.7877
