 Longwave optical depth [dimless]
  0.1761E-01
  0.2011E-01
  0.2369E-01
  0.2984E-01
  0.2435E+00
  0.4408E-01
  0.5557E-01
  0.7448E-01
  0.3234E+00
  0.4790E+00
  0.4083E+00
  0.1666E+01
  0.1029E+01
  0.2484E+01
  0.2217E+03
  0.3196E+01
  0.1438E+01
  0.1060E+01
  0.1638E+01
  0.2032E+02
  0.3556E+01
  0.1389E+01
  0.1270E+01
  0.1567E+01
  0.2354E+01
  0.8895E+01
  0.8274E+01
  0.6156E+01
  0.3401E+02
  0.1764E+03
  0.2745E+03
  0.2794E+02
  0.3172E+03
  0.6410E+01
  0.5133E+01
  0.4979E+01
  0.9327E+01
  0.1448E+03
  0.6947E+01
  0.5422E+01
  0.6311E+01
  0.1019E+02
  0.3189E+03
  0.6842E+02
  0.3357E+03
  0.2829E+04
  0.4292E+02
  0.1307E+03
  0.1470E+02
  0.7115E+03
  0.3517E+02
  0.1868E+02
  0.8965E+01
  0.4391E+02
  0.3000E+02
  0.1937E+02
  0.2233E+02
  0.1196E+04
  0.2093E+03
  0.7171E+02
  0.7699E+02
  0.4077E+02
  0.7013E+02
  0.2019E+04
  0.7763E+02
  0.7721E+03
  0.1992E+02
  0.1723E+02
  0.2994E+02
  0.1231E+03
  0.3685E+03
  0.1499E+03
  0.4881E+02
  0.8466E+03
  0.8593E+02
  0.3165E+02
  0.7861E+03
  0.3621E+02
  0.1608E+03
  0.1977E+03
  0.2592E+03
  0.4830E+02
  0.4691E+02
  0.6011E+03
  0.2166E+03
  0.6901E+02
  0.2396E+02
  0.2548E+02
  0.1196E+04
  0.2827E+02
  0.1357E+02
  0.1194E+02
  0.1521E+02
  0.2756E+02
  0.3550E+02
  0.2002E+03
  0.1059E+03
  0.4385E+03
  0.4848E+02
  0.3931E+02
  0.9864E+02
  0.8835E+03
  0.1468E+03
  0.2838E+02
  0.6924E+02
  0.4186E+03
  0.3652E+03
  0.2876E+02
  0.2658E+02
  0.3050E+02
  0.1925E+03
  0.2875E+04
  0.2215E+03
  0.2716E+02
  0.1665E+02
  0.1795E+02
  0.2049E+02
  0.4303E+02
  0.2119E+03
  0.3135E+03
  0.6949E+03
  0.1017E+03
  0.3554E+04
  0.4194E+02
  0.3821E+02
  0.1400E+03
  0.8296E+02
  0.2181E+02
  0.1398E+02
  0.1358E+02
  0.1207E+02
  0.1328E+02
  0.5324E+02
  0.4244E+02
  0.6235E+02
  0.2862E+03
  0.2373E+03
  0.4813E+02
  0.1619E+04
  0.3363E+02
  0.4773E+04
  0.4202E+03
  0.9271E+02
  0.2013E+02
  0.9252E+02
  0.2397E+02
  0.1583E+03
  0.1221E+02
  0.1352E+02
  0.3261E+02
  0.1953E+03
  0.1530E+02
  0.9958E+01
  0.1205E+02
  0.1094E+04
  0.4569E+02
  0.4940E+02
  0.5518E+02
  0.1778E+02
  0.2727E+02
  0.7027E+02
  0.1451E+04
  0.2777E+03
  0.4902E+02
  0.3055E+02
  0.6240E+02
  0.5210E+04
  0.4537E+02
  0.4195E+02
  0.3985E+02
  0.5298E+02
  0.9051E+02
  0.1064E+02
  0.8088E+01
  0.8560E+01
  0.1322E+02
  0.6523E+02
  0.7954E+02
  0.2262E+03
  0.3212E+02
  0.3885E+03
  0.2638E+03
  0.1515E+03
  0.2602E+02
  0.3353E+02
  0.1717E+02
  0.2973E+02
  0.5329E+01
  0.4479E+01
  0.4130E+01
  0.4050E+01
  0.4218E+01
  0.4932E+01
  0.6362E+01
  0.1268E+02
  0.5699E+02
  0.1145E+03
  0.1127E+03
  0.1208E+03
  0.2901E+02
  0.5751E+02
  0.3260E+02
  0.4716E+03
  0.1082E+03
  0.4078E+02
  0.1260E+02
  0.5964E+01
  0.4222E+01
  0.3531E+01
  0.3379E+01
  0.4954E+01
  0.6085E+01
  0.1952E+03
  0.8786E+01
  0.3599E+01
  0.2936E+01
  0.3021E+01
  0.3788E+01
  0.4393E+01
  0.7709E+01
  0.1935E+03
  0.4757E+02
  0.3187E+04
  0.4815E+02
  0.4444E+02
  0.3343E+04
  0.2320E+02
  0.5073E+02
  0.5747E+01
  0.5843E+01
  0.1927E+02
  0.1270E+03
  0.1679E+02
  0.3694E+01
  0.2514E+01
  0.2322E+01
  0.2426E+01
  0.2972E+01
  0.4890E+02
  0.6084E+01
  0.1699E+02
  0.8184E+02
  0.1257E+03
  0.1620E+02
  0.7396E+01
  0.2614E+01
  0.2168E+01
  0.3186E+01
  0.1611E+01
  0.1764E+01
  0.2848E+01
  0.9183E+02
  0.4392E+01
  0.1784E+01
  0.1563E+01
  0.1876E+01
  0.3126E+01
  0.7764E+01
  0.4616E+03
  0.1670E+02
  0.8387E+01
  0.1130E+03
  0.2530E+02
  0.3989E+01
  0.2281E+01
  0.2047E+01
  0.3682E+01
  0.5761E+02
  0.8990E+01
  0.2493E+01
  0.1637E+01
  0.3919E+01
  0.8643E+01
  0.2316E+01
  0.8364E+01
  0.1313E+01
  0.3761E+01
  0.1551E+01
  0.4839E+01
  0.2224E+04
  0.1071E+02
  0.2773E+02
  0.1218E+02
  0.5479E+02
  0.4290E+01
  0.4401E+03
  0.9318E+02
  0.1464E+01
  0.8335E+00
  0.7369E+00
  0.5786E+00
  0.5086E+00
  0.5098E+00
  0.6199E+00
  0.1273E+01
  0.2956E+02
  0.1881E+01
  0.1190E+01
  0.2898E+01
  0.2424E+02
  0.3360E+02
  0.1647E+01
  0.8292E+01
  0.5135E+00
  0.6654E+00
  0.6131E+00
  0.4122E+01
  0.1164E+03
  0.3007E+01
  0.6203E+00
  0.4115E+00
  0.1416E+01
  0.3906E+00
  0.5338E+00
  0.1810E+01
  0.3075E+01
  0.8524E+01
  0.2599E+03
  0.6699E+01
  0.3265E+01
  0.1244E+01
  0.4455E+00
  0.3163E+00
  0.2835E+00
  0.2692E+00
  0.2244E+00
  0.2153E+00
  0.2200E+00
  0.2255E+00
  0.2578E+00
  0.3071E+00
  0.6500E+00
  0.7504E+00
  0.3425E+01
  0.2523E+03
  0.1832E+03
  0.2336E+01
  0.1241E+01
  0.1605E+01
  0.8035E+00
  0.1258E+01
  0.2927E+00
  0.2455E+00
  0.2769E+00
  0.1057E+02
  0.3035E+00
  0.1968E+00
  0.7351E+01
  0.6643E+00
  0.2474E+00
  0.1841E+00
  0.2391E+00
  0.8138E+00
  0.8346E+01
  0.4511E+01
  0.2809E+00
  0.4084E+00
  0.6398E+00
  0.1515E+00
  0.2057E+00
  0.2006E+00
  0.6749E+00
  0.5771E+00
  0.3512E+00
  0.8127E+00
  0.6903E+01
  0.2960E+01
  0.4882E+00
  0.3970E+00
  0.1941E+00
  0.3505E+00
  0.1218E+00
  0.1929E+00
  0.2269E+00
  0.4996E+00
  0.2567E+00
  0.5579E+00
  0.2012E+02
  0.1715E+01
  0.2464E+00
  0.1884E+00
  0.1163E+00
  0.9972E-01
  0.1039E+00
  0.2213E+01
  0.2106E+00
  0.2023E+01
  0.6422E+00
  0.1376E+01
  0.1072E+00
  0.8969E-01
  0.1165E+00
  0.2157E+00
  0.2138E+01
  0.1241E+00
  0.8383E-01
  0.7478E-01
  0.9419E-01
  0.8651E-01
  0.1650E+00
  0.3043E+00
  0.6166E+02
  0.3344E+00
  0.2140E+00
  0.4519E+00
  0.2036E+01
  0.4848E+00
  0.1686E+00
  0.2168E+00
  0.2530E+00
  0.1194E+00
  0.2024E+00
  0.4851E+00
  0.1357E+01
  0.5679E+00
  0.4223E+01
  0.3037E+00
  0.1524E+00
  0.1677E+00
  0.4044E+00
  0.2610E+02
  0.2466E+01
  0.3504E+00
  0.1911E+00
  0.1577E+00
  0.2633E+00
  0.2031E+01
  0.7106E+00
  0.1609E+01
  0.1984E+00
  0.1885E+00
  0.5268E+00
  0.2875E+01
  0.2909E+00
  0.6974E+00
  0.2526E+02
  0.5592E+01
  0.1225E+01
  0.4487E+00
  0.5670E+01
  0.5859E+00
  0.6652E+00
  0.3481E+00
  0.1445E+01
  0.4251E+01
  0.8064E+00
  0.4532E+00
  0.9248E+00
  0.3515E+01
  0.1168E+01
  0.2352E+01
  0.1829E+01
  0.2668E+01
  0.8723E+01
  0.2770E+01
  0.8094E+01
  0.3292E+01
  0.5111E+01
  0.3092E+01
  0.1667E+02
  0.6478E+02
  0.5094E+01
  0.5805E+01
  0.2254E+02
  0.5240E+02
  0.3438E+02
  0.1446E+02
  0.1716E+02
  0.4036E+02
  0.9691E+03
  0.5126E+02
  0.2798E+02
  0.8389E+02
  0.1373E+03
  0.6682E+03
  0.1018E+03
  0.1248E+03
  0.1703E+04
  0.6014E+03
  0.6093E+03
  0.2388E+03
  0.9993E+02
  0.1974E+03
  0.1811E+04
  0.6120E+03
  0.2996E+03
  0.1390E+03
  0.2622E+03
  0.2794E+04
  0.4617E+03
  0.2253E+03
  0.4367E+03
  0.8410E+03
  0.1573E+05
  0.1286E+04
  0.3201E+03
  0.1152E+04
  0.1307E+04
  0.1854E+04
  0.3840E+03
  0.6479E+03
  0.3814E+04
  0.1547E+04
  0.1536E+04
  0.2748E+04
  0.9307E+04
  0.9653E+04
  0.2045E+04
  0.1747E+05
  0.2803E+04
  0.8838E+04
  0.1662E+06
  0.9960E+04
  0.9548E+04
  0.5766E+04
  0.8232E+04
  0.3429E+05
  0.2971E+06
  0.1341E+06
  0.2240E+05
  0.1245E+05
  0.3237E+05
  0.2302E+06
  0.9896E+05
  0.2190E+05
  0.1646E+05
  0.2350E+05
  0.7715E+05
  0.2362E+06
  0.3746E+05
  0.1893E+05
  0.2804E+05
  0.5199E+05
  0.2079E+07
  0.7544E+06
  0.2827E+06
  0.6978E+05
  0.2441E+05
  0.2062E+05
  0.5764E+05
  0.9193E+06
  0.7903E+05
  0.2089E+05
  0.2038E+05
  0.6043E+05
  0.8693E+06
  0.2891E+05
  0.1476E+05
  0.2014E+05
  0.9214E+05
  0.6056E+05
  0.1045E+05
  0.7332E+04
  0.1700E+05
  0.4790E+06
  0.7697E+04
  0.3546E+04
  0.6456E+04
  0.2338E+05
  0.6468E+04
  0.4155E+04
  0.2432E+04
  0.3346E+04
  0.6825E+04
  0.9820E+03
  0.3006E+04
  0.8231E+03
  0.9293E+04
  0.6106E+03
  0.1174E+04
  0.1093E+04
  0.1949E+04
  0.2735E+03
  0.2917E+03
  0.1897E+04
  0.1253E+05
  0.3343E+04
  0.8794E+03
  0.2531E+03
  0.1412E+03
  0.1203E+03
  0.3329E+03
  0.8735E+04
  0.4176E+03
  0.1539E+03
  0.2188E+03
  0.2522E+03
  0.1855E+04
  0.9133E+03
  0.1775E+03
  0.1736E+03
  0.1941E+03
  0.5246E+03
  0.5380E+04
  0.2216E+03
  0.7960E+02
  0.4541E+02
  0.5566E+02
  0.1499E+03
  0.1483E+04
  0.1225E+03
  0.2590E+02
  0.1690E+02
  0.2160E+02
  0.6510E+02
  0.3039E+03
  0.2261E+02
  0.7155E+01
  0.5087E+01
  0.4628E+01
  0.9502E+01
  0.3645E+02
  0.1527E+02
  0.2911E+01
  0.1672E+01
  0.3056E+01
  0.1419E+02
  0.1986E+01
  0.3411E+01
  0.7557E+00
  0.1313E+01
  0.1134E+02
  0.3848E+01
  0.8151E+00
  0.8251E+00
  0.1411E+01
  0.8638E+01
  0.8204E+00
  0.8857E+00
  0.6751E+00
  0.7119E+00
  0.1823E+01
  0.6198E+01
  0.2419E+02
  0.2391E+01
  0.6179E+00
  0.5599E+00
  0.6037E+00
  0.5402E+01
  0.2087E+01
  0.5333E+00
  0.3744E+00
  0.7829E+00
  0.4304E+01
  0.2386E+01
  0.4457E+00
  0.3007E+00
  0.4353E+00
  0.2212E+01
  0.1903E+01
  0.3017E+00
  0.1696E+00
  0.2000E+00
  0.8579E+00
  0.1064E+01
  0.1562E+00
  0.7347E-01
  0.7370E-01
  0.2746E+00
  0.3817E+00
  0.4521E-01
  0.5210E-01
  0.7539E+00
  0.1918E+00
  0.9398E-01
  0.3219E-01
  0.3397E-01
  0.2038E-01
  0.9149E-01
  0.2296E-01
  0.3020E-01
  0.9252E-01
  0.5167E-01
  0.2719E-01
  0.2178E-01
  0.2223E-01
  0.4486E-01
  0.2470E-01
  0.8775E-02
  0.4533E-01
  0.1797E-01
  0.1111E+00
  0.1136E-01
  0.1341E-01
  0.5479E-01
  0.6229E-01
  0.3079E-01
  0.3960E-02
  0.1130E-01
  0.3399E-01
  0.9232E-01
  0.6270E-01
  0.7254E-02
  0.5223E-02
  0.4705E-02
  0.7019E-02
  0.2408E-01
  0.1654E-01
  0.9834E-02
  0.4140E-02
  0.6818E-02
  0.1044E-01
  0.5386E-01
  0.6690E-02
  0.1464E-01
  0.6177E-01
  0.1698E-01
  0.2740E-01
  0.1236E+00
  0.2869E-01
  0.3197E-01
  0.7984E-01
  0.3917E-01
  0.1414E-01
  0.3426E-01
  0.3352E-01
  0.1619E-01
  0.2403E-01
  0.2413E+00
  0.1562E-01
  0.4932E-01
  0.9785E-01
  0.6932E-01
  0.1456E+00
  0.9244E-01
  0.3961E-01
  0.2141E+00
  0.6872E-01
  0.4743E-01
  0.1339E+00
  0.5046E-01
  0.4981E+00
  0.5074E-01
  0.5360E+00
  0.2942E+00
  0.1899E+00
  0.1239E+00
  0.2906E+00
  0.7666E-01
  0.6793E+00
  0.1001E+00
  0.4466E+00
  0.3438E+00
  0.1428E+00
  0.2348E+01
  0.2408E+00
  0.1870E+00
  0.6886E+01
  0.6471E+00
  0.3468E+00
  0.5035E+01
  0.2854E+00
  0.4265E+00
  0.1572E+02
  0.4212E+00
  0.4066E+00
  0.6035E+01
  0.8009E+00
  0.4021E+00
  0.9274E+00
  0.7858E+01
  0.4991E+00
  0.3925E+00
  0.1109E+01
  0.5789E+01
  0.3564E+00
  0.2237E+00
  0.2103E+00
  0.1054E+00
  0.1384E+00
  0.4596E+00
  0.5957E+01
  0.3095E+01
  0.8926E+00
  0.5752E+00
  0.5639E+00
  0.6351E+00
  0.8685E+00
  0.1322E+01
  0.2091E+01
  0.3174E+01
  0.4076E+01
  0.3941E+01
  0.2755E+01
  0.1508E+01
  0.7486E+00
  0.3792E+00
  0.2446E+00
  0.1590E+00
  0.2045E+00
  0.1413E+01
  0.1580E+00
  0.1539E+00
  0.9851E-01
  0.3707E-01
  0.4941E-01
  0.2542E-01
  0.2239E-01
  0.3310E-01
  0.5841E-02
  0.1049E-01
  0.5935E-01
  0.8859E-02
  0.9466E-02
  0.1930E+00
  0.1216E-01
  0.1008E-01
  0.3713E-01
  0.7400E-01
  0.2111E+00
  0.9423E-02
  0.3544E-01
  0.7188E-01
  0.1864E-01
  0.6440E-01
  0.4752E-01
  0.1294E+01
  0.2992E-01
  0.9437E-01
  0.9204E-01
  0.7344E-01
  0.4504E+01
  0.1810E+00
  0.4994E+00
  0.5560E+00
  0.3970E+00
  0.2941E+01
  0.5621E+00
  0.2960E+00
  0.7117E+01
  0.3068E+00
  0.5280E+00
  0.3251E+01
  0.4396E+00
  0.8069E+00
  0.4531E+01
  0.5172E+00
  0.8385E+00
  0.2352E+02
  0.7873E+00
  0.7396E+00
  0.6256E+01
  0.1984E+01
  0.6577E+00
  0.1069E+01
  0.1983E+02
  0.1318E+01
  0.8157E+00
  0.6097E+00
  0.1324E+01
  0.2620E+00
  0.4165E+00
  0.7170E+01
  0.3099E+01
  0.1103E+01
  0.8469E+00
  0.9190E+00
  0.1178E+01
  0.2085E+01
  0.4354E+01
  0.1102E+02
  0.2564E+02
  0.4112E+02
  0.4081E+02
  0.3290E+02
  0.1513E+02
  0.4892E+01
  0.1763E+01
  0.8452E+00
  0.5724E+00
  0.5478E+00
  0.9825E+00
  0.1845E+01
  0.6848E+00
  0.2036E+00
  0.4804E+00
  0.5628E-01
  0.3041E+00
  0.1793E+00
  0.4208E-01
  0.3661E-01
  0.2037E-01
  0.1324E-01
  0.5984E-02
  0.9652E-02
  0.4274E-02
  0.2216E-02
  0.1335E-02
  0.6375E-02
  0.1846E-02
  0.6423E-03
  0.4945E-03
  0.3505E-03
  0.7529E-03
  0.5099E-03
  0.9378E-03
  0.5555E-01
  0.1025E-02
  0.5638E-03
  0.3350E-03
  0.3259E-03
  0.2537E-03
  0.2816E-03
  0.1991E-02
  0.3995E-03
  0.6220E-03
  0.1359E-02
  0.5708E-02
  0.2864E-01
  0.1078E+00
  0.1335E-02
  0.6257E-03
  0.4966E-03
  0.3620E-03
  0.5523E-03
  0.3346E-03
  0.5177E-03
  0.6102E-03
  0.1762E-02
  0.6913E-02
  0.3204E-02
  0.5596E-01
  0.9255E-03
  0.8678E-03
  0.3598E-03
  0.3399E-03
  0.5051E-03
  0.4398E-03
  0.4351E-03
  0.7740E-03
  0.2650E-02
  0.2110E-01
  0.1299E-01
  0.1127E-02
  0.8187E-03
  0.1546E-02
  0.2225E-02
  0.3020E-02
  0.5412E-01
  0.8646E-01
  0.4973E-02
  0.2062E-02
  0.8170E-02
  0.1093E-02
  0.2635E-02
  0.9729E-03
  0.1319E-02
  0.2355E-02
  0.1076E-01
  0.6567E-01
  0.3761E-02
  0.2076E-02
  0.1461E-01
  0.1350E-02
  0.5448E-02
  0.1769E-02
  0.5321E-02
  0.8562E-02
  0.2735E-01
  0.3682E-02
  0.1638E-02
  0.1744E-02
  0.3329E-02
  0.2558E-02
  0.1695E-01
  0.5085E-02
  0.1203E-01
  0.7257E-02
  0.1238E+00
  0.4619E+00
  0.1447E-01
  0.3123E-01
  0.1048E-01
  0.4019E-01
  0.3302E+00
  0.1286E-01
  0.4901E-01
  0.1480E+00
  0.2349E-01
  0.2970E+00
  0.3728E+00
  0.5290E-01
  0.3782E-01
  0.5961E+00
  0.8414E-01
  0.6755E-01
  0.5722E+00
  0.1644E+00
  0.1668E+00
  0.5006E+00
  0.3480E+00
  0.1711E+00
  0.4208E+00
  0.1099E+01
  0.3240E+00
  0.4168E+00
  0.4664E+01
  0.4215E+00
  0.3458E+00
  0.4575E+01
  0.6462E+00
  0.3857E+00
  0.1107E+01
  0.7460E+00
  0.1798E+00
  0.2865E+00
  0.8070E+00
  0.3427E+00
  0.2437E+00
  0.5298E+01
  0.3229E+00
  0.2905E+00
  0.1969E+01
  0.7903E+00
  0.5510E+00
  0.2251E+01
  0.2701E+01
  0.6442E+00
  0.3873E+00
  0.4653E+01
  0.4502E+00
  0.2030E+00
  0.5907E+00
  0.1276E+01
  0.2085E+00
  0.1685E+00
  0.2238E+01
  0.1682E+00
  0.1630E+00
  0.4205E+01
  0.3382E+00
  0.7468E-01
  0.6739E-01
  0.1874E+00
  0.7476E-01
  0.5925E-01
  0.4990E-01
  0.1151E+00
  0.2023E-01
  0.1670E-01
  0.5560E-01
  0.2017E-01
  0.1406E-01
  0.3296E-01
  0.3659E-01
  0.6644E-01
  0.1818E+00
  0.4386E-01
  0.5620E-01
  0.4287E+01
  0.5191E+01
  0.6889E+00
  0.2688E+00
  0.4684E+00
  0.2081E+01
  0.1960E+01
  0.2185E+00
  0.8055E-01
  0.1235E+00
  0.8176E-01
  0.3653E+00
  0.5660E-01
  0.8772E-01
  0.1586E+01
  0.8450E-01
  0.9647E-01
  0.1812E+00
  0.5134E+00
  0.4673E+00
  0.4237E+00
  0.1462E+02
  0.2840E+01
  0.1260E+01
  0.2772E+00
  0.2603E+00
  0.6482E+00
  0.1056E+01
  0.3868E+00
  0.4597E+00
  0.1744E+01
  0.1088E+01
  0.6228E+00
  0.5398E+00
  0.2094E+02
  0.7235E+00
  0.4311E+00
  0.1284E+01
  0.1739E+01
  0.5088E+02
  0.5405E+01
  0.1205E+02
  0.5215E+00
  0.3828E+00
  0.9068E+00
  0.4828E+02
  0.9130E+00
  0.1186E+01
  0.2520E+01
  0.3382E+02
  0.1493E+02
  0.2660E+01
  0.8483E+00
  0.1371E+01
  0.3067E+01
  0.5206E+00
  0.7186E+00
  0.2232E+01
  0.5468E+00
  0.2281E+01
  0.5061E+02
  0.1383E+01
  0.1483E+01
  0.1097E+01
  0.7396E+00
  0.3340E+01
  0.1083E+02
  0.5780E+01
  0.2745E+01
  0.6215E+01
  0.4250E+01
  0.9911E+00
  0.5965E+00
  0.1012E+01
  0.6000E+02
  0.1178E+01
  0.5069E+00
  0.5136E+00
  0.4033E+01
  0.6060E+00
  0.7600E+00
  0.5003E+00
  0.1202E+01
  0.1711E+02
  0.1956E+02
  0.1518E+02
  0.2471E+02
  0.2105E+01
  0.1320E+01
  0.5173E+02
  0.1841E+01
  0.7649E+00
  0.7434E+00
  0.1504E+01
  0.1426E+03
  0.1557E+01
  0.1190E+01
  0.4489E+01
  0.2225E+01
  0.1687E+02
  0.1630E+02
  0.2014E+01
  0.1090E+01
  0.7660E+00
  0.6637E+00
  0.6509E+00
  0.8466E+00
  0.1624E+01
  0.6019E+01
  0.4139E+01
  0.1219E+01
  0.1396E+01
  0.3196E+01
  0.2203E+01
  0.7255E+01
  0.2755E+02
  0.4082E+02
  0.2353E+02
  0.5376E+01
  0.2086E+01
  0.1992E+01
  0.3989E+01
  0.5297E+03
  0.4066E+01
  0.2025E+01
  0.1657E+01
  0.2536E+01
  0.9440E+01
  0.4485E+02
  0.1616E+03
  0.4353E+01
  0.2450E+03
  0.2627E+01
  0.1376E+01
  0.1335E+01
  0.2732E+02
  0.1550E+01
  0.1275E+01
  0.1913E+01
  0.2316E+02
  0.2361E+03
  0.5598E+01
  0.1683E+03
  0.2249E+02
  0.2750E+01
  0.2491E+01
  0.4932E+01
  0.3847E+03
  0.7766E+01
  0.1067E+03
  0.5503E+01
  0.5553E+01
  0.3743E+01
  0.5392E+01
  0.2594E+02
  0.5452E+02
  0.1147E+03
  0.1215E+03
  0.3804E+02
  0.4592E+01
  0.1038E+03
  0.3410E+01
  0.5528E+02
  0.2094E+02
  0.3566E+03
  0.6650E+01
  0.3271E+02
  0.4645E+03
  0.5529E+02
  0.2084E+02
  0.2963E+02
  0.1118E+02
  0.7402E+02
  0.7999E+02
  0.3234E+01
  0.4894E+01
  0.8116E+01
  0.5999E+02
  0.7991E+01
  0.5552E+01
  0.9437E+01
  0.9247E+02
  0.8049E+02
  0.2796E+02
  0.1096E+03
  0.3304E+02
  0.4953E+02
  0.6539E+01
  0.3279E+01
  0.3564E+01
  0.1902E+02
  0.4298E+01
  0.4517E+01
  0.1491E+02
  0.2278E+02
  0.1151E+02
  0.2777E+03
  0.5479E+03
  0.1568E+03
  0.1989E+02
  0.5952E+01
  0.5275E+01
  0.1953E+03
  0.4347E+01
  0.3688E+01
  0.1983E+02
  0.2588E+03
  0.5501E+01
  0.3463E+01
  0.4358E+01
  0.1191E+02
  0.1541E+04
  0.1623E+02
  0.4073E+01
  0.2300E+01
  0.1714E+01
  0.2407E+01
  0.1275E+01
  0.1120E+01
  0.1044E+01
  0.1060E+01
  0.1019E+01
  0.2625E+01
  0.1240E+01
  0.1209E+01
  0.1425E+01
  0.2911E+01
  0.8438E+01
  0.1031E+01
  0.9327E+00
  0.9901E+00
  0.1430E+02
  0.1494E+01
  0.2963E+01
  0.1099E+01
  0.1423E+01
  0.7618E+01
  0.2139E+01
  0.6465E+01
  0.1596E+01
  0.1852E+01
  0.2612E+01
  0.5751E+01
  0.5108E+02
  0.3239E+02
  0.5265E+01
  0.3124E+01
  0.3279E+01
  0.1452E+02
  0.2576E+03
  0.4657E+01
  0.3160E+01
  0.1628E+02
  0.5512E+01
  0.2362E+01
  0.2326E+01
  0.3068E+01
  0.6400E+01
  0.3292E+03
  0.4445E+02
  0.1071E+03
  0.4933E+01
  0.3686E+01
  0.2653E+01
  0.1807E+02
  0.3732E+01
  0.1031E+02
  0.1951E+03
  0.2925E+03
  0.2294E+02
  0.7304E+01
  0.1511E+02
  0.1634E+04
  0.1352E+03
  0.3438E+02
  0.6870E+01
  0.4437E+01
  0.2841E+01
  0.2728E+01
  0.6090E+01
  0.3225E+02
  0.8424E+01
  0.3103E+01
  0.2820E+01
  0.4438E+01
  0.2171E+02
  0.2552E+02
  0.2439E+02
  0.1035E+02
  0.5142E+01
  0.7568E+02
  0.1227E+02
  0.3804E+01
  0.3106E+01
  0.2730E+02
  0.5829E+01
  0.1125E+02
  0.4636E+02
  0.1087E+04
  0.1101E+02
  0.5091E+01
  0.9230E+01
  0.1845E+02
  0.3331E+01
  0.4018E+01
  0.6061E+01
  0.2152E+02
  0.1919E+03
  0.4251E+02
  0.1393E+02
  0.1212E+04
  0.1377E+03
  0.7432E+01
  0.7146E+01
  0.1518E+02
  0.9319E+02
  0.8863E+01
  0.2525E+01
  0.7700E+01
  0.2352E+01
  0.2749E+01
  0.9157E+01
  0.4578E+02
  0.9695E+01
  0.1475E+04
  0.2832E+03
  0.4662E+01
  0.2374E+01
  0.1869E+01
  0.9762E+01
  0.1402E+01
  0.1387E+01
  0.2001E+01
  0.1880E+01
  0.4593E+02
  0.3325E+01
  0.7975E+01
  0.5728E+02
  0.9248E+02
  0.5117E+01
  0.6038E+01
  0.5579E+01
  0.3315E+03
  0.4151E+01
  0.3447E+01
  0.4414E+02
  0.2674E+01
  0.5347E+01
  0.9064E+01
  0.2093E+03
  0.4344E+01
  0.4607E+02
  0.3204E+01
  0.1559E+01
  0.1251E+01
  0.4421E+01
  0.4872E+01
  0.5914E+01
  0.1603E+01
  0.8705E+01
  0.9550E+01
  0.1610E+01
  0.1032E+01
  0.1053E+01
  0.2660E+01
  0.4916E+01
  0.2987E+01
  0.1277E+03
  0.8145E+02
  0.8547E+01
  0.3189E+01
  0.3058E+01
  0.1048E+01
  0.1514E+01
  0.2648E+01
  0.4380E+01
  0.9702E+00
  0.1526E+01
  0.1131E+03
  0.7058E+00
  0.6386E+00
  0.1300E+01
  0.3723E+01
  0.1728E+02
  0.8097E+02
  0.5216E+01
  0.2611E+01
  0.2010E+02
  0.1018E+01
  0.2341E+01
  0.1415E+02
  0.4526E+01
  0.5552E+02
  0.5689E+00
  0.1397E+01
  0.4157E+00
  0.1588E+01
  0.1618E+01
  0.2118E+01
  0.3243E+01
  0.4185E+01
  0.3523E+00
  0.2835E+00
  0.3821E+00
  0.1915E+02
  0.2405E+00
  0.2615E+00
  0.3993E+00
  0.6730E+00
  0.9354E+00
  0.1945E+02
  0.2050E+01
  0.1063E+01
  0.5412E+01
  0.4950E+02
  0.2402E+01
  0.6911E+00
  0.4471E+00
  0.8738E+00
  0.5899E+00
  0.4762E+01
  0.4296E+00
  0.3982E+00
  0.6006E+00
  0.1721E+01
  0.1426E+02
  0.8633E+01
  0.1494E+01
  0.2898E+01
  0.7565E+00
  0.3123E+00
  0.6517E+00
  0.1729E+01
  0.1958E+00
  0.1704E+00
  0.5657E+00
  0.2387E+00
  0.2859E+01
  0.6087E+00
  0.2524E+00
  0.2136E+00
  0.2973E+00
  0.7075E+00
  0.7705E+01
  0.4630E+01
  0.7947E+01
  0.5224E+01
  0.1013E+01
  0.1158E+01
  0.5993E+00
  0.5408E+00
  0.2412E+00
  0.1855E+00
  0.3240E+00
  0.1039E+01
  0.2141E+01
  0.3787E+00
  0.5139E+00
  0.1306E+01
  0.3721E+00
  0.2442E+01
  0.1913E+01
  0.6861E+01
  0.5719E+00
  0.4411E+00
  0.1918E+01
  0.4923E+01
  0.1727E+02
  0.4532E+01
  0.1069E+01
  0.9563E+00
  0.8340E+00
  0.2503E+01
  0.9763E+01
  0.2034E+02
  0.5261E+01
  0.2365E+01
  0.2188E+01
  0.4146E+02
  0.1519E+02
  0.5467E+02
  0.5618E+01
  0.2815E+01
  0.2917E+01
  0.8374E+01
  0.4419E+02
  0.1856E+02
  0.3583E+01
  0.1200E+02
  0.3516E+01
  0.6871E+01
  0.3813E+02
  0.1814E+01
  0.8143E+00
  0.8852E+00
  0.1843E+01
  0.1131E+03
  0.4832E+02
  0.7764E+01
  0.2427E+01
  0.6223E+00
  0.4410E+00
  0.4531E+00
  0.3059E+01
  0.4694E+02
  0.5858E+00
  0.7118E+00
  0.2628E+01
  0.1171E+01
  0.1493E+00
  0.1210E+00
  0.3290E+00
  0.1368E+01
  0.7007E+00
  0.5111E+01
  0.8283E+00
  0.6046E+00
  0.4574E+01
  0.3338E+00
  0.3687E+01
  0.2960E+00
  0.7853E+01
  0.3509E+00
  0.7605E+01
  0.4713E+02
  0.1044E+01
  0.3237E+00
  0.7853E-01
  0.6757E-01
  0.2099E+00
  0.2193E+00
  0.7740E+00
  0.4129E-01
  0.9060E-01
  0.1491E+00
  0.4376E-01
  0.2632E-01
  0.9943E-01
  0.1261E+00
  0.6139E-01
  0.1510E+00
  0.8810E+00
  0.1868E+00
  0.4299E+00
  0.4210E+01
  0.2293E+00
  0.1336E+00
  0.3081E+00
  0.8113E-01
  0.4597E+00
  0.1107E+00
  0.9482E-01
  0.2420E+01
  0.4775E+00
  0.8465E-01
  0.1458E+00
  0.4460E+00
  0.1704E+01
  0.2208E+00
  0.1344E+00
  0.2138E+00
  0.1354E+01
  0.1516E+01
  0.5269E+00
  0.4700E+00
  0.7088E+00
  0.4257E+01
  0.1341E+01
  0.3908E+00
  0.7237E+00
  0.1388E+01
  0.8207E+01
  0.9849E+00
  0.4564E+00
  0.5860E+00
  0.5629E+01
  0.1145E+02
  0.1706E+01
  0.1502E+01
  0.4121E+01
  0.3643E+02
  0.3478E+01
  0.6617E+02
  0.1056E+02
  0.3977E+01
  0.2952E+01
  0.5499E+01
  0.1920E+02
  0.1854E+03
  0.1557E+02
  0.1626E+02
  0.9222E+01
  0.2032E+02
  0.3013E+03
  0.6891E+02
  0.1891E+02
  0.1484E+02
  0.2378E+02
  0.1278E+03
  0.2540E+03
  0.3418E+02
  0.1745E+02
  0.2305E+02
  0.6923E+02
  0.5628E+03
  0.3310E+02
  0.2796E+02
  0.1280E+02
  0.2497E+02
  0.3023E+03
  0.1470E+02
  0.6403E+02
  0.1478E+04
  0.1767E+03
  0.1724E+02
  0.1074E+02
  0.7159E+02
  0.2610E+02
  0.8619E+01
  0.5268E+01
  0.5285E+01
  0.3501E+02
  0.6952E+01
  0.1719E+01
  0.2902E+01
  0.7447E+02
  0.1305E+02
  0.4265E+01
  0.1395E+01
  0.1709E+01
  0.1205E+01
  0.1045E+02
  0.1570E+02
  0.1532E+01
  0.8818E+00
  0.2012E+01
  0.6651E+01
  0.1809E+02
  0.1962E+01
  0.8510E+00
  0.3804E+01
  0.2108E+01
  0.1980E+02
  0.1936E+01
  0.7968E+00
  0.3791E+01
  0.9928E+00
  0.1356E+02
  0.1253E+01
  0.5691E+00
  0.4527E+00
  0.5606E+00
  0.4098E+01
  0.5852E+01
  0.7969E+01
  0.8605E+00
  0.3111E+00
  0.1744E+00
  0.1661E+00
  0.7199E+00
  0.1026E+01
  0.1076E+00
  0.1177E+00
  0.1484E+00
  0.1502E+00
  0.2097E+00
  0.6410E-01
  0.1144E+00
  0.2420E+00
  0.5344E-01
  0.4719E-01
  0.1056E+00
  0.1750E+00
  0.1639E+00
  0.6407E-01
  0.1886E+00
  0.9460E-01
  0.5230E-01
  0.1054E+00
  0.8608E-01
  0.1683E+00
  0.8428E-01
  0.4212E+00
  0.6062E-01
  0.1002E+00
  0.4308E-01
  0.1982E-01
  0.7321E-01
  0.4723E-01
  0.1211E+00
  0.3081E-01
  0.4700E-01
  0.3001E-01
  0.3992E-01
  0.1901E-01
  0.9630E-01
  0.1122E+00
  0.2270E-01
  0.6733E-01
  0.2904E-01
  0.5867E-01
  0.2064E+00
  0.9519E-01
  0.5526E+00
  0.1055E+00
  0.9927E-01
  0.6480E+00
  0.6765E-01
  0.9816E-01
  0.3459E+00
  0.2035E+00
  0.3841E+00
  0.7920E+00
  0.1415E+00
  0.7449E+00
  0.4444E+01
  0.2253E+01
  0.7972E+00
  0.8015E+01
  0.3734E+01
  0.2666E+01
  0.3342E+01
  0.6309E+01
  0.4036E+01
  0.2633E+01
  0.5551E+01
  0.7295E+01
  0.1767E+02
  0.1584E+02
  0.1086E+02
  0.1087E+02
  0.1693E+03
  0.2886E+02
  0.1333E+03
  0.2831E+02
  0.8920E+02
  0.4593E+02
  0.7733E+02
  0.7715E+03
  0.5500E+02
  0.2781E+03
  0.3430E+03
  0.3932E+03
  0.3901E+03
  0.2232E+03
  0.1988E+04
  0.6342E+03
  0.3109E+03
  0.1926E+04
  0.9304E+03
  0.1383E+04
  0.1308E+04
  0.8968E+03
  0.1943E+05
  0.4714E+04
  0.1125E+04
  0.8211E+05
  0.1862E+04
  0.2158E+04
  0.8628E+05
  0.2055E+04
  0.4544E+04
  0.2411E+06
  0.4973E+04
  0.2713E+04
  0.2093E+05
  0.9372E+04
  0.3024E+04
  0.5607E+04
  0.8298E+06
  0.6546E+04
  0.3756E+04
  0.6461E+04
  0.3564E+06
  0.1139E+05
  0.3342E+04
  0.3251E+04
  0.2156E+04
  0.2515E+04
  0.5180E+04
  0.2191E+05
  0.1320E+06
  0.1764E+05
  0.1774E+05
  0.7993E+04
  0.2190E+05
  0.7530E+04
  0.2318E+05
  0.1924E+05
  0.2168E+05
  0.2720E+05
  0.2437E+05
  0.5608E+05
  0.6357E+05
  0.5227E+05
  0.1573E+05
  0.4130E+05
  0.5641E+05
  0.2795E+05
  0.2638E+06
  0.1192E+06
  0.9456E+05
  0.2178E+06
  0.1705E+06
  0.1836E+06
  0.1394E+06
  0.9599E+05
  0.1759E+07
  0.3467E+06
  0.1755E+06
  0.2048E+08
  0.1836E+06
  0.1996E+06
  0.2691E+08
  0.2689E+06
  0.2430E+06
  0.4291E+07
  0.5042E+06
  0.3031E+06
  0.8982E+06
  0.2577E+07
  0.3329E+06
  0.3527E+06
  0.2704E+07
  0.1359E+07
  0.4167E+06
  0.3852E+06
  0.1308E+07
  0.2171E+07
  0.1014E+06
  0.1672E+07
  0.8081E+06
  0.3574E+06
  0.3166E+06
  0.4043E+06
  0.8124E+06
  0.3016E+07
  0.6286E+08
  0.5071E+07
  0.1731E+07
  0.9357E+06
  0.6604E+06
  0.5357E+06
  0.4471E+06
  0.4040E+06
  0.3883E+06
  0.4244E+06
  0.6311E+06
  0.2177E+07
  0.1598E+07
  0.1826E+06
  0.6256E+05
  0.4685E+05
  0.2150E+06
  0.4181E+05
  0.1239E+05
  0.1389E+06
  0.4938E+04
  0.3516E+05
  0.1983E+04
  0.1383E+04
  0.1200E+04
  0.7661E+03
  0.4200E+03
  0.2925E+03
  0.2095E+03
  0.1493E+03
  0.1044E+03
  0.7227E+02
  0.3852E+02
  0.2531E+02
  0.1648E+02
  0.1043E+02
  0.6521E+01
  0.4294E+01
  0.1684E+01
  0.9960E+00
  0.2589E+01
  0.2360E+00
  0.1106E+00
  0.2737E+01
  0.6440E-01
  0.4555E-01
  0.3877E+00
  0.1374E+00
  0.4474E-01
  0.8724E-01
  0.2838E+01
  0.7286E-01
  0.3844E-01
  0.6683E-01
  0.1066E+01
  0.4859E-01
  0.1873E-01
  0.7666E-01
  0.4193E-01
  0.3677E-01
  0.5063E-01
  0.1044E+00
  0.4678E+00
  0.2869E+01
  0.4725E+00
  0.2000E+00
  0.1421E+00
  0.1003E+00
  0.8903E-01
  0.8281E-01
  0.7711E-01
  0.1000E+00
  0.9570E-01
  0.1281E+00
  0.3157E+00
  0.4863E+00
  0.5926E-01
  0.2956E-01
  0.3837E-01
  0.8529E-01
  0.2859E-01
  0.1184E-01
  0.6071E-01
  0.8593E-02
  0.3018E-01
  0.3764E-01
  0.1536E-01
  0.2520E-01
  0.4358E-01
  0.1752E-01
  0.2103E-01
  0.1412E+00
  0.7015E-01
  0.3282E-01
  0.6542E-01
  0.7423E+00
  0.9288E-01
  0.8050E-01
  0.1463E+00
  0.1137E+01
  0.1236E+00
  0.9552E-01
  0.4239E+00
  0.4598E+00
  0.1144E+00
  0.1690E+00
  0.3405E+01
  0.1826E+00
  0.1090E+00
  0.3521E+00
  0.3525E+00
  0.6482E-01
  0.7442E-01
  0.2975E+00
