 Spectral ground shortwave flux [W/m2/cm^-1]
  0.0000E+00
  0.0000E+00
  0.0000E+00
  0.0000E+00
  0.0000E+00
  0.0000E+00
  0.0000E+00
  0.0000E+00
  0.0000E+00
  0.0000E+00
  0.0000E+00
  0.0000E+00
  0.0000E+00
  0.0000E+00
  0.0000E+00
  0.0000E+00
  0.0000E+00
  0.0000E+00
  0.0000E+00
  0.0000E+00
  0.0000E+00
  0.0000E+00
  0.0000E+00
  0.0000E+00
  0.0000E+00
  0.0000E+00
  0.0000E+00
  0.0000E+00
  0.0000E+00
  0.0000E+00
  0.0000E+00
  0.0000E+00
  0.0000E+00
  0.0000E+00
  0.0000E+00
  0.0000E+00
  0.0000E+00
  0.0000E+00
  0.0000E+00
  0.0000E+00
  0.0000E+00
  0.0000E+00
  0.0000E+00
  0.0000E+00
  0.0000E+00
  0.0000E+00
  0.0000E+00
  0.0000E+00
  0.0000E+00
  0.0000E+00
  0.0000E+00
  0.0000E+00
  0.0000E+00
  0.0000E+00
  0.0000E+00
  0.0000E+00
  0.0000E+00
  0.0000E+00
  0.0000E+00
  0.0000E+00
  0.0000E+00
  0.0000E+00
  0.0000E+00
  0.0000E+00
  0.0000E+00
  0.0000E+00
  0.0000E+00
  0.0000E+00
  0.0000E+00
  0.0000E+00
  0.0000E+00
  0.0000E+00
  0.0000E+00
  0.0000E+00
  0.0000E+00
  0.0000E+00
  0.0000E+00
  0.0000E+00
  0.0000E+00
  0.0000E+00
  0.0000E+00
  0.0000E+00
  0.0000E+00
  0.0000E+00
  0.0000E+00
  0.0000E+00
  0.0000E+00
  0.0000E+00
  0.0000E+00
  0.0000E+00
  0.0000E+00
  0.0000E+00
  0.0000E+00
  0.0000E+00
  0.0000E+00
  0.0000E+00
  0.0000E+00
  0.8585E-27
  0.0000E+00
  0.3343E-26
  0.0000E+00
  0.3332E-26
  0.0000E+00
  0.0000E+00
  0.0000E+00
  0.0000E+00
  0.0000E+00
  0.0000E+00
  0.0000E+00
  0.0000E+00
  0.0000E+00
  0.0000E+00
  0.0000E+00
  0.0000E+00
  0.0000E+00
  0.0000E+00
  0.0000E+00
  0.0000E+00
  0.0000E+00
  0.0000E+00
  0.0000E+00
  0.0000E+00
  0.0000E+00
  0.0000E+00
  0.0000E+00
  0.0000E+00
  0.0000E+00
  0.0000E+00
  0.0000E+00
  0.0000E+00
  0.0000E+00
  0.0000E+00
  0.0000E+00
  0.0000E+00
  0.0000E+00
  0.0000E+00
  0.0000E+00
  0.0000E+00
  0.0000E+00
  0.0000E+00
  0.0000E+00
  0.0000E+00
  0.0000E+00
  0.0000E+00
  0.0000E+00
  0.0000E+00
  0.0000E+00
  0.0000E+00
  0.0000E+00
  0.0000E+00
  0.0000E+00
  0.0000E+00
  0.0000E+00
  0.0000E+00
  0.0000E+00
  0.0000E+00
  0.0000E+00
  0.0000E+00
  0.0000E+00
  0.0000E+00
  0.0000E+00
  0.0000E+00
  0.0000E+00
  0.0000E+00
  0.0000E+00
  0.0000E+00
  0.0000E+00
  0.0000E+00
  0.0000E+00
  0.0000E+00
  0.0000E+00
  0.0000E+00
  0.0000E+00
  0.0000E+00
  0.0000E+00
  0.1110E-18
  0.9464E-09
  0.7901E-23
  0.2362E-12
  0.5667E-09
  0.9355E-27
  0.0000E+00
  0.0000E+00
  0.0000E+00
  0.0000E+00
  0.0000E+00
  0.0000E+00
  0.0000E+00
  0.0000E+00
  0.0000E+00
  0.0000E+00
  0.0000E+00
  0.0000E+00
  0.0000E+00
  0.0000E+00
  0.0000E+00
  0.0000E+00
  0.0000E+00
  0.0000E+00
  0.0000E+00
  0.0000E+00
  0.0000E+00
  0.0000E+00
  0.0000E+00
  0.0000E+00
  0.0000E+00
  0.0000E+00
  0.0000E+00
  0.0000E+00
  0.0000E+00
  0.0000E+00
  0.0000E+00
  0.0000E+00
  0.0000E+00
  0.0000E+00
  0.0000E+00
  0.0000E+00
  0.0000E+00
  0.0000E+00
  0.0000E+00
  0.0000E+00
  0.0000E+00
  0.0000E+00
  0.0000E+00
  0.0000E+00
  0.0000E+00
  0.0000E+00
  0.0000E+00
  0.0000E+00
  0.0000E+00
  0.0000E+00
  0.0000E+00
  0.0000E+00
  0.0000E+00
  0.0000E+00
  0.0000E+00
  0.0000E+00
  0.3542E-22
  0.1109E-25
  0.3228E-13
  0.0000E+00
  0.0000E+00
  0.0000E+00
  0.0000E+00
  0.0000E+00
  0.1973E-21
  0.2031E-22
  0.0000E+00
  0.0000E+00
  0.0000E+00
  0.0000E+00
  0.0000E+00
  0.0000E+00
  0.0000E+00
  0.0000E+00
  0.0000E+00
  0.1989E-23
  0.5696E-14
  0.0000E+00
  0.0000E+00
  0.0000E+00
  0.0000E+00
  0.0000E+00
  0.0000E+00
  0.0000E+00
  0.0000E+00
  0.0000E+00
  0.0000E+00
  0.0000E+00
  0.0000E+00
  0.0000E+00
  0.0000E+00
  0.0000E+00
  0.0000E+00
  0.0000E+00
  0.0000E+00
  0.0000E+00
  0.0000E+00
  0.0000E+00
  0.0000E+00
  0.0000E+00
  0.0000E+00
  0.0000E+00
  0.0000E+00
  0.0000E+00
  0.0000E+00
  0.0000E+00
  0.0000E+00
  0.0000E+00
  0.0000E+00
  0.0000E+00
  0.0000E+00
  0.0000E+00
  0.0000E+00
  0.0000E+00
  0.0000E+00
  0.0000E+00
  0.0000E+00
  0.0000E+00
  0.0000E+00
  0.0000E+00
  0.0000E+00
  0.0000E+00
  0.0000E+00
  0.0000E+00
  0.0000E+00
  0.0000E+00
  0.0000E+00
  0.0000E+00
  0.0000E+00
  0.0000E+00
  0.6707E-17
  0.0000E+00
  0.0000E+00
  0.3965E-16
  0.1434E-12
  0.1650E-09
  0.5157E-08
  0.8373E-06
  0.1395E-07
  0.3517E-06
  0.2495E-06
  0.1101E-13
  0.9891E-12
  0.0000E+00
  0.0000E+00
  0.0000E+00
  0.0000E+00
  0.0000E+00
  0.0000E+00
  0.0000E+00
  0.0000E+00
  0.0000E+00
  0.0000E+00
  0.0000E+00
  0.0000E+00
  0.0000E+00
  0.0000E+00
  0.0000E+00
  0.0000E+00
  0.0000E+00
  0.0000E+00
  0.0000E+00
  0.0000E+00
  0.0000E+00
  0.0000E+00
  0.0000E+00
  0.0000E+00
  0.0000E+00
  0.0000E+00
  0.0000E+00
  0.0000E+00
  0.0000E+00
  0.0000E+00
  0.0000E+00
  0.0000E+00
  0.0000E+00
  0.0000E+00
  0.0000E+00
  0.0000E+00
  0.0000E+00
  0.0000E+00
  0.0000E+00
  0.0000E+00
  0.0000E+00
  0.0000E+00
  0.0000E+00
  0.0000E+00
  0.0000E+00
  0.0000E+00
  0.0000E+00
  0.0000E+00
  0.0000E+00
  0.0000E+00
  0.2829E-16
  0.4805E-08
  0.2080E-07
  0.1241E-05
  0.5916E-03
  0.1143E-03
  0.1309E-08
  0.3085E-19
  0.4392E-02
  0.3420E-02
  0.6274E-05
  0.1919E-03
  0.1774E-04
  0.9716E-04
  0.2500E-04
  0.0000E+00
  0.3440E-12
  0.1413E-13
  0.7218E-19
  0.8222E-21
  0.0000E+00
  0.0000E+00
  0.0000E+00
  0.2178E-20
  0.0000E+00
  0.0000E+00
  0.0000E+00
  0.0000E+00
  0.0000E+00
  0.3600E-29
  0.0000E+00
  0.0000E+00
  0.0000E+00
  0.0000E+00
  0.0000E+00
  0.0000E+00
  0.0000E+00
  0.0000E+00
  0.0000E+00
  0.0000E+00
  0.0000E+00
  0.0000E+00
  0.0000E+00
  0.0000E+00
  0.0000E+00
  0.0000E+00
  0.0000E+00
  0.0000E+00
  0.0000E+00
  0.0000E+00
  0.0000E+00
  0.0000E+00
  0.0000E+00
  0.0000E+00
  0.0000E+00
  0.0000E+00
  0.0000E+00
  0.0000E+00
  0.0000E+00
  0.0000E+00
  0.0000E+00
  0.0000E+00
  0.0000E+00
  0.0000E+00
  0.0000E+00
  0.0000E+00
  0.0000E+00
  0.0000E+00
  0.0000E+00
  0.0000E+00
  0.0000E+00
  0.0000E+00
  0.0000E+00
  0.0000E+00
  0.0000E+00
  0.0000E+00
  0.0000E+00
  0.3719E-24
  0.3245E-07
  0.0000E+00
  0.0000E+00
  0.1101E-07
  0.8728E-06
  0.2206E-03
  0.4256E-03
  0.1874E-04
  0.1054E-04
  0.1892E-02
  0.1971E-03
  0.2510E-03
  0.5309E-03
  0.2495E-11
  0.6171E-16
  0.3217E-19
  0.0000E+00
  0.0000E+00
  0.0000E+00
  0.0000E+00
  0.1464E-14
  0.0000E+00
  0.0000E+00
  0.0000E+00
  0.0000E+00
  0.0000E+00
  0.0000E+00
  0.0000E+00
  0.0000E+00
  0.0000E+00
  0.0000E+00
  0.0000E+00
  0.0000E+00
  0.0000E+00
  0.0000E+00
  0.0000E+00
  0.0000E+00
  0.0000E+00
  0.0000E+00
  0.0000E+00
  0.0000E+00
  0.0000E+00
  0.0000E+00
  0.0000E+00
  0.0000E+00
  0.0000E+00
  0.0000E+00
  0.0000E+00
  0.0000E+00
  0.0000E+00
  0.0000E+00
  0.0000E+00
  0.0000E+00
  0.0000E+00
  0.0000E+00
  0.0000E+00
  0.0000E+00
  0.8000E-10
  0.1764E-11
  0.3725E-05
  0.4201E-03
  0.3512E-04
  0.1138E-05
  0.5588E-03
  0.8012E-03
  0.7654E-03
  0.4154E-03
  0.8007E-03
  0.1062E-02
  0.8703E-03
  0.1092E-02
  0.1098E-02
  0.5339E-03
  0.4173E-03
  0.5902E-03
  0.7336E-04
  0.1874E-03
  0.1542E-05
  0.1538E-03
  0.1831E-03
  0.7736E-04
  0.3288E-05
  0.6943E-06
  0.2870E-06
  0.8433E-08
  0.4709E-12
  0.3349E-13
  0.0000E+00
  0.0000E+00
  0.0000E+00
  0.0000E+00
  0.0000E+00
  0.0000E+00
  0.0000E+00
  0.0000E+00
  0.0000E+00
  0.0000E+00
  0.0000E+00
  0.0000E+00
  0.0000E+00
  0.0000E+00
  0.0000E+00
  0.0000E+00
  0.0000E+00
  0.0000E+00
  0.0000E+00
  0.0000E+00
  0.0000E+00
  0.0000E+00
  0.0000E+00
  0.0000E+00
  0.0000E+00
  0.0000E+00
  0.0000E+00
  0.0000E+00
  0.0000E+00
  0.0000E+00
  0.0000E+00
  0.0000E+00
  0.0000E+00
  0.0000E+00
  0.0000E+00
  0.0000E+00
  0.0000E+00
  0.0000E+00
  0.0000E+00
  0.0000E+00
  0.6770E-18
  0.7114E-11
  0.5880E-06
  0.1008E-16
  0.2171E-08
  0.2097E-10
  0.2030E-06
  0.8761E-09
  0.1060E-04
  0.8193E-07
  0.3603E-06
  0.3696E-04
  0.4884E-04
  0.2623E-04
  0.4896E-04
  0.4537E-04
  0.4430E-04
  0.5313E-04
  0.3768E-04
  0.5059E-10
  0.9670E-09
  0.4266E-09
  0.1758E-07
  0.3984E-07
  0.0000E+00
  0.4963E-09
  0.1692E-13
  0.5284E-19
  0.0000E+00
  0.0000E+00
  0.0000E+00
  0.0000E+00
  0.0000E+00
  0.0000E+00
  0.0000E+00
  0.0000E+00
  0.0000E+00
  0.0000E+00
  0.0000E+00
  0.0000E+00
  0.0000E+00
  0.1014E-26
  0.3085E-12
  0.0000E+00
  0.8866E-15
  0.3472E-13
  0.9300E-11
  0.1289E-14
  0.7187E-14
  0.7455E-11
  0.5661E-11
  0.1013E-13
  0.3659E-16
  0.0000E+00
  0.7168E-16
  0.3959E-09
  0.0000E+00
  0.5989E-22
  0.3919E-18
  0.1148E-17
  0.5287E-07
  0.2301E-05
  0.7568E-06
  0.6299E-05
  0.4657E-05
  0.5439E-05
  0.8534E-05
  0.5733E-05
  0.8386E-05
  0.8046E-05
  0.7818E-05
  0.9755E-05
  0.8317E-05
  0.1077E-04
  0.9685E-05
  0.9130E-05
  0.7046E-05
  0.4999E-05
  0.1829E-05
  0.1737E-05
  0.1519E-05
  0.3178E-07
  0.1708E-06
  0.8601E-08
  0.3488E-11
  0.1153E-27
  0.8025E-15
  0.7861E-27
  0.0000E+00
  0.0000E+00
  0.0000E+00
  0.0000E+00
  0.0000E+00
  0.0000E+00
  0.0000E+00
  0.0000E+00
  0.0000E+00
  0.0000E+00
  0.0000E+00
  0.0000E+00
  0.0000E+00
  0.0000E+00
  0.0000E+00
  0.5592E-21
  0.1444E-16
  0.3465E-11
  0.3345E-10
  0.1356E-07
  0.1179E-09
  0.5217E-09
  0.1618E-11
  0.2942E-08
  0.5367E-08
  0.6946E-18
  0.1899E-25
  0.0000E+00
  0.2242E-20
  0.0000E+00
  0.7951E-16
  0.4514E-21
  0.0000E+00
  0.2650E-11
  0.0000E+00
  0.0000E+00
  0.0000E+00
  0.6680E-15
  0.1864E-07
  0.4175E-07
  0.4735E-07
  0.1968E-06
  0.2666E-06
  0.2871E-07
  0.6665E-08
  0.5114E-07
  0.1200E-06
  0.6016E-07
  0.3525E-06
  0.3746E-06
  0.4943E-06
  0.4198E-06
  0.3735E-06
  0.3910E-06
  0.2350E-06
  0.2649E-06
  0.3125E-06
  0.1801E-06
  0.4435E-07
  0.6202E-10
  0.9056E-09
  0.1896E-14
  0.2878E-09
  0.2263E-09
  0.2287E-27
  0.4020E-25
  0.4185E-15
  0.9094E-14
  0.2015E-20
  0.9335E-23
  0.0000E+00
  0.5370E-26
  0.0000E+00
  0.6240E-12
  0.1047E-08
  0.1748E-09
  0.3844E-08
  0.5598E-07
  0.2812E-07
  0.3096E-07
  0.7246E-08
  0.4382E-07
  0.3723E-08
  0.2957E-07
  0.2154E-07
  0.2142E-07
  0.8459E-08
  0.8520E-08
  0.1723E-07
  0.1150E-08
  0.9760E-09
  0.8734E-08
  0.1064E-09
  0.2335E-07
  0.6052E-10
  0.1065E-14
  0.1037E-08
  0.6040E-08
  0.3876E-07
  0.3392E-07
  0.1744E-07
  0.2238E-07
  0.2533E-07
  0.1445E-07
  0.1139E-07
  0.1055E-07
  0.5780E-08
  0.1597E-07
  0.1497E-07
  0.5288E-08
  0.1118E-07
  0.1530E-08
  0.1416E-08
  0.1350E-08
  0.3355E-09
  0.0000E+00
  0.5892E-12
  0.3132E-12
  0.6900E-20
  0.8415E-21
  0.0000E+00
  0.0000E+00
  0.0000E+00
  0.0000E+00
  0.3927E-29
  0.9250E-23
  0.0000E+00
  0.0000E+00
  0.6982E-16
  0.1292E-12
  0.1362E-15
  0.5399E-13
  0.6474E-11
  0.1693E-09
  0.7250E-09
  0.1174E-08
  0.1940E-08
  0.2284E-08
  0.1420E-08
  0.1767E-08
  0.3240E-08
  0.2609E-08
  0.1206E-08
  0.1526E-08
  0.4689E-09
  0.9247E-10
  0.8657E-09
  0.5898E-10
  0.9051E-10
  0.3589E-09
  0.1570E-11
  0.1907E-09
  0.7729E-12
  0.3999E-15
  0.3452E-11
  0.2967E-10
  0.3926E-14
  0.1458E-14
  0.7870E-11
  0.2423E-10
  0.4592E-09
  0.7231E-10
  0.3198E-09
  0.3906E-09
  0.1981E-09
  0.2898E-09
  0.3224E-09
  0.3094E-09
  0.3058E-09
  0.2358E-09
  0.2721E-09
  0.5571E-10
  0.1032E-09
  0.1238E-09
  0.1413E-09
  0.8739E-10
  0.9504E-11
  0.3042E-11
  0.2176E-11
  0.1211E-11
  0.4509E-10
  0.4194E-11
  0.3458E-11
  0.4587E-15
  0.1074E-21
  0.6297E-12
  0.4719E-13
  0.2500E-10
  0.1779E-10
  0.6197E-11
  0.6781E-11
  0.1763E-10
  0.6049E-10
  0.2698E-10
  0.4548E-10
  0.3548E-10
  0.3050E-10
  0.3917E-10
  0.4079E-10
  0.3914E-10
  0.3708E-10
  0.1935E-10
  0.1674E-10
  0.1806E-10
  0.1604E-10
  0.1928E-10
  0.1298E-10
  0.1210E-10
  0.6745E-11
  0.8351E-11
  0.3877E-11
  0.4388E-11
  0.3074E-11
  0.2602E-11
  0.4012E-11
  0.2037E-11
  0.8984E-13
  0.3312E-11
  0.5204E-11
  0.5263E-11
  0.6037E-11
  0.2998E-11
  0.1989E-11
  0.1967E-11
  0.1725E-11
  0.8714E-12
  0.5192E-12
  0.3193E-14
  0.6978E-13
  0.3569E-14
  0.3950E-19
  0.5751E-17
  0.8016E-15
  0.1339E-29
  0.4419E-14
  0.8597E-18
  0.0000E+00
  0.4988E-16
  0.0000E+00
  0.1825E-14
  0.2782E-13
  0.2406E-12
  0.1071E-12
  0.2435E-13
  0.1869E-12
  0.1490E-12
  0.1052E-12
  0.2495E-12
  0.3322E-12
  0.3801E-12
  0.2591E-12
  0.2091E-12
  0.2569E-12
  0.1559E-12
  0.1255E-12
  0.1839E-12
  0.1213E-12
  0.6458E-13
  0.8292E-13
  0.7844E-13
  0.5501E-13
  0.1379E-13
  0.3298E-13
  0.2655E-13
  0.1614E-13
  0.5054E-14
  0.1504E-13
  0.1694E-13
  0.3552E-14
  0.8080E-14
  0.1533E-13
  0.3203E-14
  0.5851E-14
  0.5142E-14
  0.8114E-14
  0.1523E-13
  0.7364E-14
  0.3629E-14
  0.2164E-14
  0.1353E-14
  0.3754E-14
  0.2685E-14
  0.4061E-14
  0.6364E-14
  0.1010E-14
  0.1594E-14
  0.1584E-14
  0.1579E-15
  0.6703E-15
  0.5147E-15
  0.7722E-16
  0.2911E-15
  0.1485E-15
  0.3853E-15
  0.3546E-15
  0.5982E-15
  0.2927E-15
  0.4730E-15
  0.6311E-15
  0.4104E-15
  0.2607E-15
  0.6030E-15
  0.7887E-15
  0.3409E-15
  0.4104E-15
  0.2718E-15
  0.4052E-15
  0.2022E-15
  0.2259E-15
  0.2282E-15
  0.3159E-15
  0.2804E-15
  0.1757E-15
  0.9710E-16
  0.1170E-15
  0.8557E-16
  0.7704E-16
  0.6713E-16
  0.5292E-16
  0.5609E-16
  0.4184E-16
  0.2280E-16
  0.2857E-16
  0.2729E-16
  0.4872E-17
  0.1348E-16
  0.1491E-16
  0.1863E-16
  0.1904E-16
  0.1956E-18
  0.5830E-18
  0.2022E-17
  0.1555E-19
  0.2295E-19
  0.7486E-18
  0.3866E-27
  0.2113E-18
  0.1951E-18
  0.5507E-18
  0.3954E-25
  0.2159E-19
  0.2687E-21
  0.2365E-18
  0.4586E-18
  0.7837E-18
  0.2791E-18
  0.3672E-18
  0.3381E-18
  0.2343E-18
  0.6082E-19
  0.1017E-18
  0.1991E-18
  0.1564E-18
  0.1990E-18
  0.3215E-18
  0.2727E-18
  0.9283E-19
  0.1548E-18
  0.5277E-19
  0.8038E-19
  0.1049E-18
  0.4541E-19
  0.5006E-19
  0.4036E-19
  0.3040E-19
  0.5572E-19
  0.5414E-19
  0.2317E-19
  0.1323E-19
  0.7747E-20
  0.1586E-19
  0.2048E-19
  0.1981E-19
  0.1736E-19
  0.5896E-20
  0.8595E-20
  0.5532E-20
  0.5248E-20
  0.1635E-20
  0.1898E-20
  0.2964E-20
  0.5098E-20
  0.7830E-20
  0.4349E-20
  0.6028E-20
  0.1622E-20
  0.2376E-20
  0.2974E-20
  0.5118E-21
  0.2903E-20
  0.5901E-22
  0.1257E-20
  0.1072E-20
  0.9566E-21
  0.3296E-21
  0.1840E-22
  0.1530E-21
  0.4644E-21
  0.2381E-21
  0.7760E-22
  0.5963E-22
  0.7649E-22
  0.5978E-22
  0.3492E-22
  0.5352E-22
  0.5818E-22
  0.5815E-22
  0.1562E-22
  0.2015E-22
  0.4593E-22
  0.5656E-22
  0.2131E-22
  0.1581E-22
  0.6545E-22
  0.5293E-22
  0.2447E-22
  0.4433E-22
  0.8868E-23
  0.1768E-22
  0.5737E-23
  0.1020E-22
  0.9233E-23
  0.4929E-23
  0.1108E-22
  0.6585E-23
  0.4325E-23
  0.2386E-23
  0.2146E-23
  0.1127E-23
  0.5074E-24
  0.1134E-24
  0.2121E-24
  0.1468E-24
  0.2943E-24
  0.1961E-24
  0.6951E-25
  0.1425E-26
  0.2333E-25
  0.1615E-24
  0.1388E-24
  0.1762E-24
  0.1076E-24
  0.8171E-25
  0.1891E-24
  0.1322E-24
  0.4288E-25
  0.6930E-25
  0.4458E-25
  0.4304E-25
  0.1853E-25
  0.1767E-25
  0.3523E-25
  0.2934E-25
  0.2554E-25
  0.1700E-25
  0.2487E-25
  0.2645E-25
  0.1019E-25
  0.2143E-25
  0.1521E-25
  0.5895E-26
  0.1367E-25
  0.1827E-25
  0.4597E-26
  0.5539E-26
  0.5082E-26
  0.2428E-26
  0.7916E-27
  0.1620E-26
  0.1609E-26
  0.6145E-27
  0.8976E-27
  0.1328E-26
  0.1182E-26
  0.6476E-27
  0.2432E-27
  0.1451E-27
  0.2457E-27
  0.8032E-28
  0.2424E-27
  0.9039E-28
  0.2055E-27
  0.7459E-28
  0.5019E-29
  0.5966E-28
  0.5008E-28
  0.1987E-28
  0.2212E-28
  0.2060E-28
  0.1271E-28
  0.1599E-28
  0.1365E-28
  0.6359E-29
  0.4505E-29
  0.2749E-29
  0.3095E-29
  0.5219E-29
  0.4350E-29
  0.6319E-29
  0.5406E-29
  0.4127E-29
  0.2159E-29
  0.2895E-29
  0.1327E-29
  0.0000E+00
  0.1437E-29
  0.1043E-29
  0.0000E+00
  0.0000E+00
  0.0000E+00
  0.0000E+00
  0.0000E+00
  0.0000E+00
  0.0000E+00
  0.0000E+00
  0.0000E+00
  0.0000E+00
  0.0000E+00
  0.0000E+00
  0.0000E+00
  0.0000E+00
  0.0000E+00
  0.0000E+00
  0.0000E+00
  0.0000E+00
  0.0000E+00
  0.0000E+00
  0.0000E+00
  0.0000E+00
  0.0000E+00
  0.0000E+00
  0.0000E+00
  0.0000E+00
  0.0000E+00
  0.0000E+00
  0.0000E+00
  0.0000E+00
  0.0000E+00
  0.0000E+00
  0.0000E+00
  0.0000E+00
  0.0000E+00
  0.0000E+00
  0.0000E+00
  0.0000E+00
  0.0000E+00
  0.0000E+00
  0.0000E+00
  0.0000E+00
  0.0000E+00
  0.0000E+00
  0.0000E+00
  0.0000E+00
  0.0000E+00
  0.0000E+00
  0.0000E+00
  0.0000E+00
  0.0000E+00
  0.0000E+00
  0.0000E+00
  0.0000E+00
  0.0000E+00
  0.0000E+00
  0.0000E+00
  0.0000E+00
  0.0000E+00
  0.0000E+00
  0.0000E+00
  0.0000E+00
  0.0000E+00
  0.0000E+00
  0.0000E+00
  0.0000E+00
  0.0000E+00
  0.0000E+00
  0.0000E+00
  0.0000E+00
  0.0000E+00
  0.0000E+00
  0.0000E+00
  0.0000E+00
  0.0000E+00
  0.0000E+00
  0.0000E+00
  0.0000E+00
  0.0000E+00
  0.0000E+00
  0.0000E+00
  0.0000E+00
  0.0000E+00
  0.0000E+00
  0.0000E+00
  0.0000E+00
  0.0000E+00
  0.0000E+00
  0.0000E+00
  0.0000E+00
  0.0000E+00
  0.0000E+00
  0.0000E+00
  0.0000E+00
  0.0000E+00
  0.0000E+00
  0.0000E+00
  0.0000E+00
  0.0000E+00
  0.0000E+00
  0.0000E+00
  0.0000E+00
  0.0000E+00
  0.0000E+00
  0.0000E+00
  0.0000E+00
  0.0000E+00
  0.0000E+00
  0.0000E+00
  0.0000E+00
  0.0000E+00
  0.0000E+00
  0.0000E+00
  0.0000E+00
  0.0000E+00
  0.0000E+00
  0.0000E+00
  0.0000E+00
  0.0000E+00
  0.0000E+00
  0.0000E+00
  0.0000E+00
  0.0000E+00
  0.0000E+00
  0.0000E+00
  0.0000E+00
  0.0000E+00
  0.0000E+00
  0.0000E+00
  0.0000E+00
  0.0000E+00
  0.0000E+00
  0.0000E+00
  0.0000E+00
  0.0000E+00
  0.0000E+00
  0.0000E+00
  0.0000E+00
  0.0000E+00
  0.0000E+00
  0.0000E+00
  0.0000E+00
  0.0000E+00
  0.0000E+00
  0.0000E+00
  0.0000E+00
  0.0000E+00
  0.0000E+00
  0.0000E+00
  0.0000E+00
  0.0000E+00
  0.0000E+00
  0.0000E+00
  0.0000E+00
  0.0000E+00
  0.0000E+00
  0.0000E+00
  0.0000E+00
  0.0000E+00
  0.0000E+00
  0.0000E+00
  0.0000E+00
  0.0000E+00
  0.0000E+00
  0.0000E+00
  0.0000E+00
  0.0000E+00
  0.0000E+00
  0.0000E+00
  0.0000E+00
  0.0000E+00
  0.0000E+00
  0.0000E+00
  0.0000E+00
  0.0000E+00
  0.0000E+00
  0.0000E+00
  0.0000E+00
  0.0000E+00
  0.0000E+00
  0.0000E+00
  0.0000E+00
  0.0000E+00
  0.0000E+00
  0.0000E+00
  0.0000E+00
  0.0000E+00
  0.0000E+00
  0.0000E+00
  0.0000E+00
  0.0000E+00
  0.0000E+00
  0.0000E+00
  0.0000E+00
  0.0000E+00
  0.0000E+00
  0.0000E+00
  0.0000E+00
  0.0000E+00
  0.0000E+00
  0.0000E+00
  0.0000E+00
  0.0000E+00
  0.0000E+00
  0.0000E+00
  0.0000E+00
  0.0000E+00
  0.0000E+00
  0.0000E+00
  0.0000E+00
  0.0000E+00
  0.0000E+00
  0.0000E+00
  0.0000E+00
  0.0000E+00
  0.0000E+00
  0.0000E+00
  0.0000E+00
  0.0000E+00
  0.0000E+00
  0.0000E+00
  0.0000E+00
  0.0000E+00
  0.0000E+00
  0.0000E+00
  0.0000E+00
  0.0000E+00
  0.0000E+00
  0.0000E+00
  0.0000E+00
  0.0000E+00
  0.0000E+00
  0.0000E+00
  0.0000E+00
  0.0000E+00
  0.0000E+00
  0.0000E+00
  0.0000E+00
  0.0000E+00
  0.0000E+00
  0.0000E+00
  0.0000E+00
  0.0000E+00
  0.0000E+00
  0.0000E+00
  0.0000E+00
  0.0000E+00
  0.0000E+00
  0.0000E+00
  0.0000E+00
  0.0000E+00
  0.0000E+00
  0.0000E+00
  0.0000E+00
  0.0000E+00
  0.0000E+00
  0.0000E+00
  0.0000E+00
  0.0000E+00
  0.0000E+00
  0.0000E+00
  0.0000E+00
  0.0000E+00
  0.0000E+00
  0.0000E+00
  0.0000E+00
  0.0000E+00
  0.0000E+00
  0.0000E+00
  0.0000E+00
  0.0000E+00
  0.0000E+00
  0.0000E+00
  0.0000E+00
  0.0000E+00
  0.0000E+00
  0.0000E+00
  0.0000E+00
  0.0000E+00
  0.0000E+00
  0.0000E+00
  0.0000E+00
  0.0000E+00
  0.0000E+00
  0.0000E+00
  0.0000E+00
  0.0000E+00
  0.0000E+00
  0.0000E+00
  0.0000E+00
  0.0000E+00
  0.0000E+00
  0.0000E+00
  0.0000E+00
  0.0000E+00
  0.0000E+00
  0.0000E+00
  0.0000E+00
  0.0000E+00
  0.0000E+00
  0.0000E+00
  0.0000E+00
  0.0000E+00
  0.0000E+00
  0.0000E+00
  0.0000E+00
  0.0000E+00
  0.0000E+00
  0.0000E+00
  0.0000E+00
  0.0000E+00
  0.0000E+00
  0.0000E+00
  0.0000E+00
  0.0000E+00
  0.0000E+00
  0.0000E+00
  0.0000E+00
  0.0000E+00
  0.0000E+00
  0.0000E+00
  0.0000E+00
  0.0000E+00
  0.0000E+00
  0.0000E+00
  0.0000E+00
  0.0000E+00
  0.0000E+00
  0.0000E+00
  0.0000E+00
  0.0000E+00
  0.0000E+00
  0.0000E+00
  0.0000E+00
  0.0000E+00
  0.0000E+00
  0.0000E+00
  0.0000E+00
  0.0000E+00
  0.0000E+00
  0.0000E+00
  0.0000E+00
  0.0000E+00
  0.0000E+00
  0.0000E+00
  0.0000E+00
  0.0000E+00
  0.0000E+00
  0.0000E+00
  0.0000E+00
  0.0000E+00
  0.0000E+00
  0.0000E+00
  0.0000E+00
  0.0000E+00
  0.0000E+00
  0.0000E+00
  0.0000E+00
  0.0000E+00
  0.0000E+00
  0.0000E+00
  0.0000E+00
  0.0000E+00
  0.0000E+00
  0.0000E+00
  0.0000E+00
  0.0000E+00
  0.0000E+00
  0.0000E+00
  0.0000E+00
  0.0000E+00
  0.0000E+00
  0.0000E+00
  0.0000E+00
  0.0000E+00
  0.0000E+00
  0.0000E+00
  0.0000E+00
  0.0000E+00
  0.0000E+00
  0.0000E+00
  0.0000E+00
  0.0000E+00
  0.0000E+00
  0.0000E+00
  0.0000E+00
  0.0000E+00
  0.0000E+00
  0.0000E+00
  0.0000E+00
  0.0000E+00
  0.0000E+00
  0.0000E+00
  0.0000E+00
  0.0000E+00
  0.0000E+00
  0.0000E+00
  0.0000E+00
  0.0000E+00
  0.0000E+00
  0.0000E+00
  0.0000E+00
  0.0000E+00
  0.0000E+00
  0.0000E+00
  0.0000E+00
  0.0000E+00
  0.0000E+00
  0.0000E+00
  0.0000E+00
  0.0000E+00
  0.0000E+00
  0.0000E+00
  0.0000E+00
  0.0000E+00
  0.0000E+00
  0.0000E+00
  0.0000E+00
  0.0000E+00
  0.0000E+00
  0.0000E+00
  0.0000E+00
  0.0000E+00
  0.0000E+00
  0.0000E+00
  0.0000E+00
  0.0000E+00
  0.0000E+00
  0.0000E+00
  0.0000E+00
  0.0000E+00
  0.0000E+00
  0.0000E+00
  0.0000E+00
  0.0000E+00
  0.0000E+00
  0.0000E+00
  0.0000E+00
  0.0000E+00
  0.0000E+00
  0.0000E+00
  0.0000E+00
  0.0000E+00
  0.0000E+00
  0.0000E+00
  0.0000E+00
  0.0000E+00
  0.0000E+00
  0.0000E+00
  0.0000E+00
  0.0000E+00
  0.0000E+00
  0.0000E+00
  0.0000E+00
  0.0000E+00
  0.0000E+00
  0.0000E+00
  0.0000E+00
  0.0000E+00
  0.0000E+00
  0.0000E+00
  0.0000E+00
  0.0000E+00
  0.0000E+00
  0.0000E+00
  0.0000E+00
  0.0000E+00
  0.0000E+00
  0.0000E+00
  0.0000E+00
  0.0000E+00
  0.0000E+00
  0.0000E+00
  0.0000E+00
  0.0000E+00
  0.0000E+00
  0.0000E+00
  0.0000E+00
  0.0000E+00
  0.0000E+00
  0.0000E+00
  0.0000E+00
  0.0000E+00
  0.0000E+00
  0.0000E+00
  0.0000E+00
  0.0000E+00
  0.0000E+00
  0.0000E+00
  0.0000E+00
  0.0000E+00
  0.0000E+00
  0.0000E+00
  0.0000E+00
  0.0000E+00
  0.0000E+00
  0.0000E+00
  0.0000E+00
  0.0000E+00
  0.0000E+00
  0.0000E+00
  0.0000E+00
  0.0000E+00
  0.0000E+00
  0.0000E+00
  0.0000E+00
  0.0000E+00
  0.0000E+00
  0.0000E+00
  0.0000E+00
  0.0000E+00
  0.0000E+00
  0.0000E+00
  0.0000E+00
  0.0000E+00
  0.0000E+00
  0.0000E+00
  0.0000E+00
  0.0000E+00
  0.0000E+00
  0.0000E+00
  0.0000E+00
  0.0000E+00
  0.0000E+00
  0.0000E+00
  0.0000E+00
  0.0000E+00
  0.0000E+00
  0.0000E+00
  0.0000E+00
  0.0000E+00
  0.0000E+00
  0.0000E+00
  0.0000E+00
  0.0000E+00
  0.0000E+00
  0.0000E+00
  0.0000E+00
  0.0000E+00
  0.0000E+00
  0.0000E+00
  0.0000E+00
  0.0000E+00
  0.0000E+00
  0.0000E+00
  0.0000E+00
  0.0000E+00
  0.0000E+00
  0.0000E+00
  0.0000E+00
  0.0000E+00
  0.0000E+00
  0.0000E+00
  0.0000E+00
  0.0000E+00
  0.0000E+00
  0.0000E+00
  0.0000E+00
  0.0000E+00
  0.0000E+00
  0.0000E+00
  0.0000E+00
  0.0000E+00
  0.0000E+00
  0.0000E+00
  0.0000E+00
  0.0000E+00
  0.0000E+00
  0.0000E+00
  0.0000E+00
  0.0000E+00
  0.0000E+00
  0.0000E+00
  0.0000E+00
  0.0000E+00
  0.0000E+00
  0.0000E+00
  0.0000E+00
  0.0000E+00
  0.0000E+00
  0.0000E+00
  0.0000E+00
  0.0000E+00
  0.0000E+00
  0.0000E+00
  0.0000E+00
  0.0000E+00
  0.0000E+00
  0.0000E+00
  0.0000E+00
  0.0000E+00
  0.0000E+00
  0.0000E+00
  0.0000E+00
  0.0000E+00
  0.0000E+00
  0.0000E+00
  0.0000E+00
  0.0000E+00
  0.0000E+00
  0.0000E+00
  0.0000E+00
  0.0000E+00
  0.0000E+00
  0.0000E+00
  0.0000E+00
  0.0000E+00
  0.0000E+00
  0.0000E+00
  0.0000E+00
  0.0000E+00
  0.0000E+00
  0.0000E+00
  0.0000E+00
  0.0000E+00
  0.0000E+00
  0.0000E+00
  0.0000E+00
  0.0000E+00
  0.0000E+00
  0.0000E+00
  0.0000E+00
  0.0000E+00
  0.0000E+00
  0.0000E+00
  0.0000E+00
  0.0000E+00
  0.0000E+00
  0.0000E+00
  0.0000E+00
  0.0000E+00
  0.0000E+00
  0.0000E+00
  0.0000E+00
  0.0000E+00
  0.0000E+00
  0.0000E+00
  0.0000E+00
  0.0000E+00
  0.0000E+00
  0.0000E+00
  0.0000E+00
  0.0000E+00
  0.0000E+00
  0.0000E+00
  0.0000E+00
  0.0000E+00
  0.0000E+00
  0.0000E+00
  0.0000E+00
  0.0000E+00
  0.0000E+00
  0.0000E+00
  0.0000E+00
  0.0000E+00
  0.0000E+00
  0.0000E+00
  0.0000E+00
  0.0000E+00
  0.0000E+00
  0.0000E+00
  0.0000E+00
  0.0000E+00
  0.0000E+00
  0.0000E+00
  0.0000E+00
  0.0000E+00
  0.0000E+00
  0.0000E+00
  0.0000E+00
  0.0000E+00
  0.0000E+00
  0.0000E+00
  0.0000E+00
  0.0000E+00
  0.0000E+00
  0.0000E+00
  0.0000E+00
  0.0000E+00
  0.0000E+00
  0.0000E+00
  0.0000E+00
  0.0000E+00
  0.0000E+00
  0.0000E+00
  0.0000E+00
  0.0000E+00
  0.0000E+00
  0.0000E+00
  0.0000E+00
  0.0000E+00
  0.0000E+00
  0.0000E+00
  0.0000E+00
  0.0000E+00
  0.0000E+00
  0.0000E+00
  0.0000E+00
  0.0000E+00
  0.0000E+00
  0.0000E+00
  0.0000E+00
  0.0000E+00
  0.0000E+00
  0.0000E+00
  0.0000E+00
  0.0000E+00
  0.0000E+00
  0.0000E+00
  0.0000E+00
  0.0000E+00
  0.0000E+00
  0.0000E+00
  0.0000E+00
  0.0000E+00
  0.0000E+00
  0.0000E+00
  0.0000E+00
  0.0000E+00
  0.0000E+00
  0.0000E+00
  0.0000E+00
  0.0000E+00
  0.0000E+00
  0.0000E+00
  0.0000E+00
  0.0000E+00
  0.0000E+00
  0.0000E+00
  0.0000E+00
  0.0000E+00
  0.0000E+00
  0.0000E+00
  0.0000E+00
  0.0000E+00
  0.0000E+00
  0.0000E+00
  0.0000E+00
  0.0000E+00
  0.0000E+00
  0.0000E+00
  0.0000E+00
  0.0000E+00
  0.0000E+00
  0.0000E+00
  0.0000E+00
  0.0000E+00
  0.0000E+00
  0.0000E+00
  0.0000E+00
  0.0000E+00
  0.0000E+00
  0.0000E+00
  0.0000E+00
  0.0000E+00
  0.0000E+00
  0.0000E+00
  0.0000E+00
  0.0000E+00
  0.0000E+00
  0.0000E+00
  0.0000E+00
  0.0000E+00
  0.0000E+00
  0.0000E+00
  0.0000E+00
  0.0000E+00
  0.0000E+00
  0.0000E+00
  0.0000E+00
  0.0000E+00
  0.0000E+00
  0.0000E+00
  0.0000E+00
  0.0000E+00
  0.0000E+00
  0.0000E+00
  0.0000E+00
  0.0000E+00
  0.0000E+00
  0.0000E+00
  0.0000E+00
  0.0000E+00
  0.0000E+00
  0.0000E+00
  0.0000E+00
  0.0000E+00
  0.0000E+00
  0.0000E+00
  0.0000E+00
  0.0000E+00
  0.0000E+00
  0.0000E+00
  0.0000E+00
  0.0000E+00
  0.0000E+00
  0.0000E+00
  0.0000E+00
  0.0000E+00
  0.0000E+00
  0.0000E+00
  0.0000E+00
  0.0000E+00
  0.0000E+00
  0.0000E+00
  0.0000E+00
  0.0000E+00
  0.0000E+00
  0.0000E+00
  0.0000E+00
  0.0000E+00
  0.0000E+00
  0.0000E+00
  0.0000E+00
  0.0000E+00
  0.0000E+00
  0.0000E+00
  0.0000E+00
  0.0000E+00
  0.0000E+00
  0.0000E+00
  0.0000E+00
  0.0000E+00
  0.0000E+00
  0.0000E+00
  0.0000E+00
