 tau_sw_i
                          0.2099505255586809E-09
                          0.3238665732822186E-07
                          0.3610697384744386E-07
                          0.3465575605205810E-06
                          0.1030697897644757E-05
                          0.5158315128385878E-06
                          0.2991751723404621E-05
                          0.1168780096281115E-05
                          0.2002655056241196E-06
                          0.1955908518054534E-05
                          0.3905012094912507E-07
                          0.4156519980994690E-04
                          0.1307743899337952E-03
                          0.4573829517457447E-08
                          0.1610313211555442E-08
                          0.3697950757321606E-07
                          0.1011085780318639E-09
                          0.1770155976646666E-07
                          0.2996122725127540E-10
                          0.4529998513615052E-10
                          0.4323377102509768E-10
                          0.6162032465723714E-09
                          0.4091243439677238E-10
                          0.1303504201737921E-08
                          0.5848114697012121E-07
                          0.1614970656404191E-06
                          0.1208047365593136E-04
                          0.7313734661320407E-04
                          0.4940156667871278E-06
                          0.7257347245590755E-07
                          0.1384436784496627E-06
                          0.5484378895043717E-11
                          0.3436219991192668E-10
                          0.2903977291114098E-11
                          0.3466076748961165E-10
                          0.3167865236706544E-11
                          0.3557654235745722E-11
                          0.4105870795351605E-11
                          0.1936574443284090E-10
                          0.8569200464211397E-11
                          0.5375277450061148E-11
                          0.6266110949671173E-11
                          0.1398329315633335E-10
                          0.1951119711566770E-10
                          0.1387442986133139E-10
                          0.8551189681229442E-11
                          0.6595484952234416E-09
                          0.1098731951829581E-10
                          0.1120688458299916E-10
                          0.2397182894747688E-10
                          0.4872566732142514E-09
                          0.3128054843758724E-09
                          0.1253651740283953E-05
                          0.6631682641460588E-10
                          0.3321950203470921E-09
                          0.3599702881089484E-08
                          0.4984303975976541E-09
                          0.6307839428615016E-09
                          0.2437926799595028E-08
                          0.8793380679564760E-08
                          0.1077674176444769E-07
                          0.9106137493191053E-08
                          0.2530236214896663E-07
                          0.3812374189216435E-06
                          0.3621745348581844E-08
                          0.2315913617947769E-07
                          0.2884796743796754E-06
                          0.1561131322717461E-07
                          0.4735939735783723E-07
                          0.1014042799224820E-07
                          0.8469742891779552E-08
                          0.3483397006705344E-08
                          0.1823612161153852E-08
                          0.3665368338179479E-08
                          0.3774677090805008E-09
                          0.3015578630071863E-06
                          0.8719010739410370E-03
                          0.1556573320250359E-08
                          0.2660389211510340E-09
                          0.1255842165933942E-09
                          0.1200294550420173E-09
                          0.7622029458983524E-07
                          0.7425837674511834E-07
                          0.2226869240233971E-04
                          0.3801278274597776E-04
                          0.1662447124979835E-09
                          0.1152607483544246E-09
                          0.1192705975397275E-09
                          0.1259689380789993E-09
                          0.2783866130840022E-08
                          0.3689137689410079E-06
                          0.5145840393491324E-02
                          0.8591850371394454E-01
                          0.4632473701854491E-03
                          0.9290415700763500E-03
                          0.1455048591794192E-04
                          0.1521919216047031E-08
                          0.1847494814097288E-09
                          0.1930579416972997E-09
                          0.6476274241952406E-09
                          0.2382350471804874E-08
                          0.2566411007602506E-09
                          0.2426459196514180E-09
                          0.1429419955374543E-05
                          0.1138496270002614E-08
                          0.1660055818888653E-08
                          0.2966834848306086E-09
                          0.9830244751587911E-09
                          0.6660251425100249E-09
                          0.3008222404994502E-09
                          0.8582315413848645E-09
                          0.2271415591676282E-08
                          0.3414181206863671E-09
                          0.3928175069882257E-09
                          0.4304280178173460E-09
                          0.3649596737844576E-09
                          0.3917050179489097E-09
                          0.3896644758112245E-09
                          0.2163094256074757E-08
                          0.8461593681204807E-09
                          0.6363095227660865E-07
                          0.5057289217899403E-09
                          0.1418571689107181E-08
                          0.4100229330588929E-04
                          0.2076726785831632E-07
                          0.3507174660375183E-07
                          0.5432129744853977E-09
                          0.2994727341662814E-08
                          0.6359089216100255E-09
                          0.7672542849969695E-08
                          0.6916551922763981E-09
                          0.7800880560140450E-09
                          0.6786528244225042E-09
                          0.1582542409202671E-05
                          0.4659838146200505E-07
                          0.7613523910253624E-09
                          0.3702175629829542E-06
                          0.1011339609667769E-07
                          0.9820140510349490E-09
                          0.1288874772045644E-08
                          0.1913028248696552E-07
                          0.8349049443539482E-07
                          0.1376008842929418E-03
                          0.3201183982010611E-06
                          0.8765228252771691E-05
                          0.1576432795568732E-04
                          0.1134335144162778E-06
                          0.9760049282778822E-03
                          0.8958835883245510E-05
                          0.4883743001990602E-04
                          0.8537483797324446E-06
                          0.4168184783344692E-07
                          0.2438181100589622E-06
                          0.3768806658988496E-07
                          0.4655666312071466E-06
                          0.4922540521974033E-08
                          0.5081786924256671E-08
                          0.2462965042171445E-08
                          0.1747866179335249E-07
                          0.1402788856076301E-08
                          0.1811454106101221E-06
                          0.2946419596511510E-08
                          0.1444017306901010E-08
                          0.1475341170669044E-08
                          0.2183304236597454E-08
                          0.1561067537367971E-08
                          0.4903931145689090E-05
                          0.1642820430015351E-08
                          0.2969614059126793E-08
                          0.1695137247908462E-08
                          0.1736149042573862E-08
                          0.1777406546801008E-08
                          0.1818967442384078E-08
                          0.1861549126999863E-08
                          0.2317894477001990E-07
                          0.2119458278966377E-08
                          0.1993753958754794E-08
                          0.5057557904513387E-04
                          0.2088091868499744E-08
                          0.3077197683120188E-08
                          0.2255165053164261E-08
                          0.2233385420960110E-08
                          0.2299408068128795E-08
                          0.1087464192161386E-06
                          0.2401551025898933E-08
                          0.3621218000358358E-08
                          0.1207441009488298E-02
                          0.3103659078028083E-08
                          0.2602107526181233E-08
                          0.3141286095482759E-08
                          0.3938814579504052E-08
                          0.5974440172534629E-08
                          0.3950828500428524E-08
                          0.1110154834544001E-06
                          0.9486184707615634E-08
                          0.2153212550238137E-06
                          0.5351397194434525E-07
                          0.3755296057363634E-03
                          0.2556726243190679E-06
                          0.1851616694966741E-06
                          0.7036086933821791E-06
                          0.3623404391098707E-08
                          0.3863552751577255E-08
                          0.4172180518067672E-07
                          0.1011705301335468E-04
                          0.1137345919344373E-07
                          0.3773024729350728E-08
                          0.5270880046079568E-08
                          0.1217520797829258E-06
                          0.4662779371251113E-08
                          0.6705747603480103E-08
                          0.4936731263092454E-08
                          0.5841956971860914E-08
                          0.1295711501650445E-07
                          0.1092310337669670E-07
                          0.9278459552790286E-08
                          0.1334364118816873E-04
                          0.2131675826380355E-06
                          0.4999360621373727E-08
                          0.5003270308029851E-08
                          0.5142075489969807E-08
                          0.2893605831453957E-07
                          0.5399511219560072E-08
                          0.5141699399644685E-08
                          0.5265203592022613E-08
                          0.5345168756544072E-08
                          0.1442334266659097E-06
                          0.5571857542158035E-08
                          0.5614197539265648E-08
                          0.5713132001625592E-08
                          0.5813259137929864E-08
                          0.5919452195920211E-08
                          0.6018501652825986E-08
                          0.6154611239335355E-08
                          0.6233893946228639E-08
                          0.2128912690951497E-07
                          0.6444738473331007E-08
                          0.6557360740463265E-08
                          0.7022364291427989E-07
                          0.9997519246443674E-08
                          0.6898230976955766E-08
                          0.3085435586703537E-06
                          0.7164943189351319E-08
                          0.7676683792343998E-08
                          0.7402416394361122E-08
                          0.7520673326976694E-08
                          0.8044619162870889E-08
                          0.1398558144588203E-06
                          0.8669599258702266E-08
                          0.9607520470661995E-08
                          0.8791451778391648E-08
                          0.8337242349633379E-08
                          0.1151742170838378E-05
                          0.1085759946770778E-05
                          0.1205203776375944E-07
                          0.8810011625891165E-08
                          0.8929209709681074E-08
                          0.9061734349752757E-08
                          0.9335792116392347E-08
                          0.9444235389505702E-08
                          0.1169040549542736E-06
                          0.9737279667169563E-08
                          0.9903422944809304E-08
                          0.9939262802056225E-08
                          0.1010062968150689E-07
                          0.1029166254974522E-07
                          0.1146476955105795E-07
                          0.1195707046593894E-07
                          0.2171224371089568E-07
                          0.1103620370694333E-07
                          0.1177298974964409E-07
                          0.1243348790871514E-06
                          0.2777970200927935E-07
                          0.1233783155149549E-07
                          0.2690756436585276E-07
                          0.1241557346004887E-04
                          0.8829825784923705E-07
                          0.1453675182001344E-07
                          0.2841372203355308E-07
                          0.2570616258305376E-07
                          0.2608457053907874E-07
                          0.4975305610655221E-07
                          0.6117873452863659E-07
                          0.1492794944694028E-07
                          0.1613953183448928E-07
                          0.1386687834412617E-07
                          0.1455769206537753E-07
                          0.1137829164290023E-06
                          0.2063303867080491E-07
                          0.1697418983045415E-07
                          0.2695335170122649E-07
                          0.1530427445850267E-07
                          0.7287750254069534E-07
                          0.1839058157650006E-07
                          0.1042447903511692E-06
                          0.1642576936777389E-07
                          0.1137758004190093E-06
                          0.1623237774369992E-07
                          0.1644239856383673E-07
                          0.2018996115518092E-07
                          0.1801726227379790E-07
                          0.1709376614177137E-07
                          0.1727868807455830E-07
                          0.1758000693184652E-07
                          0.1786146066790754E-07
                          0.1802004970770970E-07
                          0.2018245890862737E-07
                          0.1844980331321054E-07
                          0.1869680803999987E-07
                          0.2364704124772480E-07
                          0.1921197017949422E-07
                          0.1942975543851929E-07
                          0.1969341249489108E-07
                          0.1993430994871158E-07
                          0.2019038140057521E-07
                          0.2048123360440685E-07
                          0.2141844647719642E-07
                          0.2101086171645654E-07
                          0.2125875083696533E-07
                          0.2151183147943933E-07
                          0.2180300268271132E-07
                          0.2205273420179068E-07
                          0.2235419345752851E-07
                          0.2985958245913016E-07
                          0.2362324947383362E-07
                          0.3153398619111412E-07
                          0.2346184000839106E-07
                          0.2663976607916512E-07
                          0.1024662309323267E-02
                          0.2436594277021590E-07
                          0.2799374592225235E-07
                          0.2509546950515964E-07
                          0.2667217509267146E-07
                          0.2565068119703859E-07
                          0.2610480949838542E-07
                          0.3344556246511614E-07
                          0.2724874782455146E-07
                          0.2678956866791876E-07
                          0.2711628472598648E-07
                          0.2743350936699530E-07
                          0.2775593609641243E-07
                          0.3198555051878852E-07
                          0.2841393030621590E-07
                          0.2874841294148412E-07
                          0.2908564583303366E-07
                          0.2944988403994766E-07
                          0.2977944689530828E-07
                          0.5053454931538230E-07
                          0.2477946043829402E-04
                          0.6686870748565313E-07
                          0.3226426157304848E-07
                          0.3156614046545287E-07
                          0.3262425779768931E-07
                          0.6486360461840693E-02
                          0.7854185869837015E-07
                          0.3315576036937476E-07
                          0.3359598107975021E-07
                          0.3377859962179365E-07
                          0.4370048856561711E-06
                          0.3450997621327537E-07
                          0.3496293629028256E-07
                          0.3543115191998259E-07
                          0.3798753119013437E-07
                          0.3892136089560125E-07
                          0.4573679770758345E-07
                          0.3686634234603083E-07
                          0.3729302451735669E-07
                          0.3767862773525342E-07
                          0.3817767408886227E-07
                          0.3850327974826665E-07
                          0.4017285769377864E-07
                          0.3934739546817050E-07
                          0.8328547652505428E-07
                          0.4019970690375886E-07
                          0.4063246496366401E-07
                          0.4260227364891215E-07
                          0.4165632449380145E-07
                          0.4382106516418902E-07
                          0.4239868393441063E-07
                          0.4284947412185720E-07
                          0.4331130038183149E-07
                          0.4388117896748373E-07
                          0.4444631973438120E-07
                          0.4468645312777399E-07
                          0.4515718782403111E-07
                          0.4562816669525303E-07
                          0.4610296870018822E-07
                          0.4658247362035047E-07
                          0.4706576360681923E-07
                          0.4755295269714602E-07
                          0.4804362969507500E-07
                          0.5178200522173173E-07
                          0.4903666747915958E-07
                          0.4953901107244649E-07
                          0.5442564427094504E-07
                          0.5055529512579924E-07
                          0.5107088976984897E-07
                          0.5158654298527840E-07
                          0.5211737480204092E-07
                          0.5375100458736964E-07
                          0.5316345636576343E-07
                          0.5369704097640989E-07
                          0.5424540606539759E-07
                          0.5478875150660989E-07
                          0.5532184316450702E-07
                          0.5587456010160043E-07
                          0.5642613599607327E-07
                          0.5699440201962496E-07
                          0.5779605247419095E-07
                          0.5811229765714794E-07
                          0.9604153803986179E-05
                          0.5930618035761575E-07
                          0.5985187095102136E-07
                          0.7775390109929781E-07
                          0.6281234158660417E-07
                          0.6360971355026384E-07
                          0.7157300776993762E-07
                          0.7721198167062333E-07
                          0.6342304682522363E-07
                          0.6410585651473455E-07
                          0.6516540475509383E-07
                          0.6539974622665238E-07
                          0.6599309437655325E-06
                          0.7132343480035054E-07
                          0.6695990297774157E-05
                          0.6882550191727707E-07
                          0.6908134580312407E-07
                          0.7879338279526745E-07
                          0.7687962510707059E-06
                          0.9593616411838967E-05
                          0.3364355245823939E-04
                          0.7183434778572721E-05
                          0.8707527979746426E-06
                          0.8002097774341519E-07
                          0.7682620247202620E-07
                          0.7435902717268093E-07
                          0.7504341100809474E-07
                          0.7574155339751035E-07
                          0.7648252279802236E-07
                          0.7713192826008825E-07
                          0.7783851178953812E-07
                          0.7869131281640943E-07
                          0.7930578973336380E-07
                          0.7999607535568523E-07
                          0.8071789310105272E-07
                          0.8160304481396942E-07
                          0.8216714777949312E-07
                          0.8290586676784405E-07
                          0.8373359449685272E-07
                          0.8439964075304025E-07
                          0.8515380670366393E-07
                          0.8591320846640318E-07
                          0.8667785974566290E-07
                          0.8744746540536511E-07
                          0.8822186905696264E-07
                          0.8901369055836639E-07
                          0.8980586856084712E-07
                          0.9057662811910741E-07
                          0.9137247079276907E-07
                          0.9217299261715306E-07
                          0.9298037374311953E-07
                          0.9378935249390147E-07
                          0.9460572322135007E-07
                          0.9542741867828485E-07
                          0.9625444260397507E-07
                          0.9708739690740142E-07
                          0.9792824937526996E-07
                          0.9876822506169895E-07
                          0.9962746999662221E-07
                          0.1004705893562687E-06
                          0.1013303671762324E-06
                          0.1022133751744302E-06
                          0.1030657541478402E-06
                          0.1039421725678397E-06
                          0.1048246565242997E-06
                          0.1057113155586163E-06
                          0.1494174349578083E-06
                          0.1075039286559271E-06
                          0.1084070627444144E-06
                          0.1093448384511455E-06
                          0.1103327668992047E-06
                          0.1111544614228229E-06
                          0.1120816036776543E-06
                          0.1328686758372970E-06
                          0.1141274746875999E-06
                          0.1149005573432758E-06
                          0.1158617571764661E-06
                          0.1168044286138742E-06
                          0.1183211966420401E-06
                          0.1187756917446494E-06
                          0.1197098474094408E-06
                          0.1210739176733311E-06
                          0.1228917111675115E-06
                          0.1226674486768374E-06
                          0.1244344918593175E-06
                          0.1246731383508237E-06
                          0.1256799535185669E-06
                          0.1267443985734859E-06
                          0.1277196808797931E-06
                          0.1287481946727961E-06
                          0.1297836816620722E-06
                          0.1308246787927042E-06
                          0.1318847578621465E-06
                          0.1329279260619085E-06
                          0.1355178932438813E-06
                          0.1350537388734811E-06
                          0.1361663668916121E-06
                          0.1372109621554795E-06
                          0.1382926861337330E-06
                          0.1393820295181950E-06
                          0.1438511997375597E-06
                          0.1415945643993344E-06
                          0.1426969450733018E-06
                          0.1438149499104563E-06
                          0.1449395264403504E-06
                          0.1460706471313966E-06
                          0.1472084007880557E-06
                          0.1483527805227931E-06
                          0.1495039775026259E-06
                          0.1506615540066199E-06
                          0.1518513560868301E-06
                          0.1529971626817093E-06
                          0.1541751006236951E-06
                          0.1553598271778477E-06
                          0.1565513711825536E-06
                          0.1577497522967811E-06
                          0.1589550001811646E-06
                          0.1601671471099764E-06
                          0.1613862603027289E-06
                          0.2776146178677696E-06
                          0.1638935036648883E-06
                          0.1650851698267794E-06
                          0.1673100128345304E-06
                          0.1814791194295658E-06
                          0.1688526063407283E-06
                          0.1701155947612589E-06
                          0.1713909979849651E-06
                          0.1726738563546869E-06
                          0.1739771243409042E-06
                          0.1752601431145394E-06
                          0.1773289690378213E-06
                          0.1780881856782585E-06
                          0.1852037823233454E-06
                          0.1843085470182322E-06
                          0.1818788159782315E-06
                          0.1836761993595132E-06
                          0.1845431764442458E-06
                          0.1860779434569248E-06
                          0.1872808765039638E-06
                          0.1886360590410007E-06
                          0.1900159199997872E-06
                          0.1914215187431574E-06
                          0.1954963036635454E-06
                          0.1942363910892770E-06
                          0.1956093246227668E-06
                          0.2054322148592452E-06
                          0.1985346227286829E-06
                          0.1998708429744587E-06
                          0.2013082455842158E-06
                          0.2027582649113970E-06
                          0.2042621599808987E-06
                          0.2056789342430947E-06
                          0.2076392523020635E-06
                          0.1250931473688020E-05
                          0.3965575722245931E-06
                          0.2116002293377321E-06
                          0.2136968214830749E-06
                          0.2155991984867890E-06
                          0.2161301580127416E-06
                          0.2177863926796652E-06
                          0.2191901254649689E-06
                          0.2207337914697349E-06
                          0.2222926647304064E-06
                          0.2238406877754841E-06
                          0.2254076816343991E-06
                          0.2328554971143433E-06
                          0.2371194479646989E-06
                          0.3064810534655436E-06
                          0.2318363839810828E-06
                          0.2333637813388128E-06
                          0.2349868079890878E-06
                          0.2366046371413258E-06
                          0.2382377160738868E-06
                          0.2398791717641965E-06
                          0.2415292056535618E-06
                          0.2435078215408403E-06
                          0.2448545466158606E-06
                          0.2465300725533445E-06
                          0.2482141952630433E-06
                          0.2499847382506152E-06
                          0.2516142963629534E-06
                          0.2533183322528470E-06
                          0.2550831849534877E-06
                          0.2567646419617805E-06
                          0.2585015269200457E-06
                          0.2602458234241367E-06
                          0.2619996727394078E-06
                          0.2637623723386361E-06
                          0.2655339559819097E-06
                          0.2860812229111016E-06
                          0.2691143924017989E-06
                          0.2709022665389374E-06
                          0.2727096593532260E-06
                          0.2745400052693716E-06
                          0.2763516196908582E-06
                          0.2781868848732397E-06
                          0.2800298520276287E-06
                          0.2818826973688000E-06
                          0.2848236793790613E-06
                          0.2858358374774612E-06
                          0.3078140367301868E-06
                          0.2893866250203625E-06
                          0.1911398832540195E-05
                          0.2932349194197760E-06
                          0.2952558316193856E-06
                          0.2970385133962751E-06
                          0.2989763623114664E-06
                          0.3009411694163287E-06
                          0.3028782336704976E-06
                          0.3048415034840825E-06
                          0.3068171827466671E-06
                          0.3088001106480486E-06
                          0.3107953480197888E-06
                          0.3127985000947010E-06
                          0.3148115717177866E-06
                          0.3168333293461855E-06
                          0.3188656242846733E-06
                          0.3209077197520534E-06
                          0.3229598018571933E-06
                          0.3250215889455186E-06
                          0.3271900081577069E-06
                          0.3291749143485834E-06
                          0.3979302941685435E-06
                          0.3414248093006603E-06
                          0.3354794755725148E-06
                          0.3376023038849881E-06
                          0.3397323389488132E-06
                          0.3420564006077900E-06
                          0.3440256194854869E-06
                          0.3461874371481532E-06
                          0.3483594792711413E-06
                          0.3505416670959155E-06
                          0.3527341213809636E-06
                          0.3549368513752019E-06
                          0.3571498777174563E-06
                          0.3593732240479600E-06
                          0.3616069451273611E-06
                          0.3638510621857994E-06
                          0.3661056086064657E-06
                          0.3683706380762418E-06
                          0.3706461178301928E-06
                          0.3729321449363527E-06
                          0.3752287623221589E-06
                          0.3775359069631812E-06
                          0.3798537067529712E-06
                          0.3821821626913062E-06
                          0.3845224872664680E-06
                          0.3868711725797988E-06
                          0.3892317918190119E-06
                          0.3916133793936035E-06
                          0.3972340245750119E-06
                          0.3963927725736960E-06
                          0.3987824630542399E-06
                          0.4011973463926508E-06
                          0.4036232971253106E-06
                          0.4060600125724647E-06
                          0.4085110025460204E-06
                          0.4109674785513387E-06
                          0.4134412729089023E-06
                          0.4184793383841392E-06
                          0.4184109241279575E-06
                          0.4209198532635881E-06
                          0.4234288154880553E-06
                          0.4259546559085712E-06
                          0.4285637624615314E-06
                          0.4310535970843082E-06
                          0.4336541250573882E-06
                          0.4361788168717189E-06
                          0.4387613257697286E-06
                          0.4414130703832398E-06
                          0.5088031701838169E-06
                          0.4465847213624064E-06
                          0.4568113346064801E-06
                          0.4518390887020285E-06
                          0.4546665362184374E-06
                          0.4573953589936462E-06
                          0.4598295616769419E-06
                          0.4625164958423838E-06
                          0.4652151928959750E-06
                          0.4679270607322328E-06
                          0.4706481832306673E-06
                          0.4733856185699279E-06
                          0.4761282977197001E-06
                          0.4799385696232456E-06
                          0.4856494711262545E-06
                          0.4849592406219685E-06
                          0.4921341968340392E-06
                          0.4901085564418975E-06
                          0.4928563959716722E-06
                          0.4990430040791433E-06
                          0.5014730511397028E-06
                          0.5014174725068718E-06
                          0.5042509226125694E-06
                          0.5071301037930881E-06
                          0.5196596389306525E-06
                          0.5129253698848668E-06
                          0.5158415957309759E-06
                          0.5188782820407481E-06
                          0.5250516543553199E-06
                          0.5246650982992895E-06
                          0.5276311170591485E-06
                          0.5328015773933931E-06
                          0.5336029871791137E-06
                          0.5366108894397214E-06
                          0.5396215694124172E-06
                          0.5426509559333619E-06
                          0.5456928574684772E-06
                          0.5487476428459469E-06
                          0.5518153535154354E-06
                          0.5548956712750410E-06
                          0.5579890312687466E-06
                          0.5610952169935214E-06
                          0.5642144686024111E-06
                          0.5673465654871477E-06
                          0.5709726211522208E-06
                          0.5736500452640163E-06
                          0.6031858955528832E-06
                          0.5800060134668848E-06
                          0.5832036041342603E-06
                          0.5864225698356624E-06
                          0.5899525632389013E-06
                          0.5928759079427247E-06
                          0.6439499665337362E-06
                          0.5994567506514294E-06
                          0.6027950127344633E-06
                          0.6060611657476014E-06
                          0.6093207317462791E-06
                          0.7897789425111767E-06
                          0.6159383002102946E-06
                          0.6192575846405261E-06
                          0.6227232403155635E-06
                          0.6259898043373706E-06
                          0.6293734448559514E-06
                          0.6327895127386276E-06
                          0.6361872588703678E-06
                          0.6396133241277810E-06
                          0.6430545539749099E-06
                          0.6465090096324884E-06
                          0.6499776878148571E-06
                          0.6534604312496207E-06
                          0.6569639129688193E-06
                          0.6650454369582175E-06
                          0.6639959517155679E-06
                          0.6675384187671950E-06
                          0.6713524284107514E-06
                          0.6746507069839671E-06
                          0.6782320158339125E-06
                          0.6818274364837929E-06
                          0.6854381826674914E-06
                          0.6890611934621201E-06
                          0.6926996081416300E-06
                          0.6963524023044554E-06
                          0.7000358714694040E-06
                          0.7037013151454609E-06
                          0.7073975171545434E-06
                          0.7111082362843214E-06
                          0.7148498929715308E-06
                          0.7185734862354424E-06
                          0.7223280709126768E-06
                          0.7260973539938894E-06
                          0.7298813697256024E-06
                          0.7337094264742887E-06
                          0.7374937549705992E-06
                          0.7413222267471508E-06
                          0.7451655903013298E-06
                          0.7490237821973341E-06
                          0.7529258659710164E-06
                          0.7567883533531675E-06
                          0.7606934904315267E-06
                          0.7646068187300916E-06
                          0.7685419830667238E-06
                          0.7724927081983392E-06
                          0.7773117348230818E-06
                          0.7804734954531403E-06
                          0.7844299107783130E-06
                          0.7990717538879811E-06
                          0.7927183747113468E-06
                          0.7965033255622141E-06
                          0.8005569653715089E-06
                          0.8046282700474570E-06
                          0.8108862087712658E-06
                          0.8128193038388156E-06
                          0.8169353118222308E-06
                          0.8397627502219494E-06
                          0.8252180370283121E-06
                          0.8293828726721558E-06
                          0.8336314096239486E-06
                          0.8377787002629130E-06
                          0.8443890624128054E-06
                          0.8463876858967613E-06
                          0.8508121430314262E-06
                          0.8549000883932253E-06
                          0.8589803968478963E-06
                          0.8632723948716080E-06
                          0.8675804525934535E-06
                          0.8719053365030090E-06
                          0.8762449290028821E-06
                          0.8806014519643138E-06
                          0.8849741497530812E-06
                          0.8893631196712459E-06
                          0.8937801342502868E-06
                          0.8981943880641402E-06
                          0.9026322004029451E-06
                          0.9070828789039608E-06
                          0.9120279840742234E-06
                          0.9160408335885072E-06
                          0.9205447991042078E-06
                          0.9250668326101022E-06
                          0.9309547680769515E-06
                          0.9341564391650369E-06
                          0.9390425198193524E-06
                          0.9433143315061366E-06
                          0.9479184145271441E-06
                          0.9525395474728520E-06
                          0.9573342796457130E-06
                          0.9618319382570606E-06
                          0.9665035703296610E-06
                          0.9711922330668229E-06
                          0.9758979542846889E-06
                          0.9806210510109062E-06
                          0.9853606778305248E-06
                          0.9901177644443883E-06
                          0.9948920553317361E-06
                          0.9996835867484537E-06
                          0.1004492912955201E-05
                          0.1009323603681128E-05
                          0.1014162076995306E-05
                          0.1019023007891849E-05
                          0.1023901565144231E-05
                          0.1028797270657133E-05
                          0.1033710685630233E-05
                          0.1038641908795667E-05
                          0.1043594717965283E-05
                          0.1048859139076481E-05
                          0.1053541187054756E-05
                          0.1058567912788384E-05
                          0.1063561800005060E-05
                          0.1068599138496780E-05
                          0.1073686544419772E-05
                          0.1078785334482736E-05
                          0.1083823231362239E-05
                          0.1089186156064544E-05
                          0.1094055447568143E-05
                          0.1099200037951468E-05
                          0.1104628881574327E-05
                          0.1109544870701807E-05
                          0.1114754678480938E-05
                          0.1119962834209702E-05
                          0.1131374512476096E-05
                          0.1130453461150388E-05
                          0.1135726470789322E-05
                          0.1141017887469319E-05
                          0.1146327773239312E-05
                          0.1151656176653286E-05
                          0.1157006463535174E-05
                          0.1162368685941452E-05
                          0.1167752880120630E-05
                          0.1173158947458309E-05
                          0.1178691131654052E-05
                          0.1184017743813865E-05
                          0.1189476923275879E-05
                          0.1194954967635502E-05
                          0.1200451955080210E-05
                          0.1205967796563518E-05
                          0.1211502672064265E-05
                          0.1217056575267553E-05
                          0.1222632560222364E-05
                          0.1228223695007741E-05
                          0.1233832904312386E-05
                          0.1239969303017101E-05
                          0.1245871495317397E-05
                          0.1250782073045860E-05
                          0.1256470410573654E-05
                          0.1262178395747245E-05
                          0.1267905408755125E-05
                          0.1273651877729552E-05
                          0.1279418063917043E-05
                          0.1285214927016521E-05
                          0.1291014009277925E-05
                          0.1296833885926321E-05
                          0.1302678493011889E-05
                          0.1308542839686512E-05
                          0.1314428798701325E-05
                          0.1320331074724520E-05
                          0.1326254729044957E-05
                          0.1332203724418238E-05
                          0.1338162637296294E-05
                          0.1344145947106651E-05
                          0.1350331217791340E-05
                          0.1356173343178967E-05
                          0.1362217815243813E-05
                          0.1368281420737414E-05
                          0.1374365779865182E-05
                          0.1380472186911407E-05
                          0.1386605388215115E-05
                          0.1392760727195625E-05
                          0.1398906314742478E-05
                          0.1405092773160385E-05
                          0.1411299131129929E-05
                          0.1417526839971644E-05
                          0.1425071575065713E-05
                          0.1430042445970752E-05
                          0.1436331707002527E-05
                          0.1443933233469929E-05
                          0.1448971856818957E-05
                          0.1455323226483088E-05
                          0.1461706982630892E-05
                          0.1468088583639554E-05
                          0.1474502772494979E-05
                          0.1480937736067267E-05
                          0.1487393849082303E-05
                          0.1493871325743674E-05
                          0.1500369379705266E-05
                          0.1506888888756299E-05
                          0.1513429621436143E-05
                          0.1519991623901406E-05
                          0.1526575713627270E-05
                          0.1533179622646710E-05
                          0.1539805716750123E-05
                          0.1546453253064673E-05
                          0.1553129036199780E-05
                          0.1559820177170366E-05
                          0.1566525207127151E-05
                          0.1573258892570965E-05
                          0.1580014401126112E-05
                          0.1586872456882025E-05
                          0.1593592644077973E-05
                          0.1600447007747283E-05
                          0.1607254230312616E-05
                          0.1614170596410855E-05
                          0.1621005473963166E-05
                          0.1627914090189204E-05
                          0.1634844761173603E-05
                          0.1641798333036253E-05
                          0.1648772479462239E-05
                          0.1655769626038697E-05
                          0.1662789052979683E-05
                          0.1669830677639110E-05
                          0.1676894697923183E-05
                          0.1683985089776300E-05
                          0.1691089959555972E-05
                          0.1698232006225365E-05
                          0.1705443281398074E-05
                          0.1712553263063204E-05
                          0.1719761308289474E-05
                          0.1726978303685383E-05
                          0.1734217178545444E-05
                          0.1741484174525910E-05
                          0.1748776495267809E-05
                          0.1756402854968259E-05
                          0.1763443407961488E-05
                          0.1770781610228379E-05
                          0.1778164281518898E-05
                          0.1785568792904580E-05
                          0.1793002576525638E-05
                          0.1800447533195989E-05
                          0.1807922875857298E-05
                          0.1815454486170662E-05
                          0.1822939930113743E-05
                          0.1830484107726117E-05
                          0.1838051718615436E-05
                          0.1845642700404801E-05
                          0.1854033508166744E-05
                          0.1860895224494453E-05
                          0.1868556843470731E-05
                          0.1876242099594821E-05
                          0.1883951035511506E-05
                          0.1891687305190738E-05
                          0.1899440151072459E-05
                          0.1907220427159412E-05
                          0.1915024580344734E-05
                          0.1922852659408516E-05
                          0.1930704713221664E-05
                          0.1938580790670231E-05
                          0.1946480940720967E-05
                          0.1954405403982161E-05
                          0.1962353654680256E-05
                          0.1970326454168529E-05
                          0.1978323247579024E-05
                          0.1986344503834350E-05
                          0.1994390323119911E-05
                          0.2002460146809030E-05
                          0.2010554920974615E-05
                          0.2018673660129110E-05
                          0.2026890829995368E-05
                          0.2035159585307369E-05
                          0.2043178310852074E-05
                          0.2051399627256036E-05
                          0.2062404922370514E-05
                          0.2067905469507191E-05
                          0.2076197355227056E-05
                          0.2084514278258258E-05
                          0.2092881277931067E-05
                          0.2101223784248754E-05
                          0.2109615014465677E-05
                          0.2118032083713463E-05
                          0.2128700266964025E-05
                          0.2134945919143910E-05
                          0.2143434489963542E-05
                          0.2151952486175926E-05
                          0.2160495868570756E-05
                          0.2169064664283630E-05
                          0.2177658923961376E-05
                          0.2186278695776468E-05
                          0.2194924186575028E-05
                          0.2203594984587888E-05
                          0.2212291601752205E-05
                          0.2221013934951218E-05
                          0.2229763072580003E-05
                          0.2238535951521350E-05
                          0.2247335736470305E-05
                          0.2256166510499469E-05
                          0.2265027779554762E-05
                          0.2273890807556793E-05
                          0.2282794575009492E-05
                          0.2291724463360883E-05
                          0.2300786281213487E-05
                          0.2309662808319530E-05
                          0.2318671370075662E-05
                          0.2327706258800852E-05
                          0.2336767526809715E-05
                          0.2345855223397788E-05
                          0.2354969399373589E-05
                          0.2364110108781197E-05
                          0.2373277401932681E-05
                          0.2382547586514333E-05
                          0.2391691945073927E-05
                          0.2400939300883812E-05
                          0.2410213441499904E-05
                          0.2419517875729004E-05
                          0.2428842304378088E-05
                          0.2438205777636108E-05
                          0.2447578961016427E-05
                          0.2457001079380498E-05
                          0.2466423814234993E-05
                          0.2475887320447271E-05
                          0.2485377738249722E-05
                          0.2494906682024487E-05
                          0.2504442346132953E-05
                          0.2514011970561503E-05
                          0.2523612720238472E-05
                          0.2533238773014765E-05
                          0.2542893425326103E-05
                          0.2552579081843087E-05
                          0.2562285494135008E-05
                          0.2572467256931753E-05
                          0.2581788271963163E-05
                          0.2617351340765592E-05
                          0.2601402157527872E-05
                          0.2611250906522493E-05
                          0.2621127594068340E-05
                          0.2631032274167575E-05
                          0.2640980290341061E-05
                          0.2650925825302162E-05
                          0.2660914786935364E-05
                          0.2670935210478285E-05
                          0.2680985352282425E-05
                          0.2691055444462246E-05
                          0.2701467572927260E-05
                          0.2711284742210161E-05
                          0.2721442773917652E-05
                          0.2731630241084436E-05
                          0.2741846471941977E-05
                          0.2752091034128143E-05
                          0.2762364427999325E-05
                          0.2772666578203777E-05
                          0.2782998485630964E-05
                          0.2793357237712315E-05
                          0.2803746225918901E-05
                          0.2814163503326497E-05
                          0.2824643634577437E-05
                          0.2835085789796793E-05
                          0.2845617145665338E-05
                          0.2856124512208734E-05
                          0.2866687677361766E-05
                          0.2877280116176782E-05
                          0.2887901882257471E-05
                          0.2898553030489243E-05
                          0.2909233613349917E-05
                          0.2919974908971496E-05
                          0.2930683302024224E-05
                          0.2941454857990670E-05
                          0.2952251384131594E-05
                          0.2963079958543737E-05
                          0.2973938309268027E-05
                          0.2984826572415157E-05
                          0.2995751520098903E-05
                          0.3006710717828722E-05
                          0.3017676806738947E-05
                          0.3029897514784735E-05
                          0.3039716351710473E-05
                          0.3050788358265145E-05
                          0.3061884422077277E-05
                          0.3073011600450025E-05
                          0.3084245827536339E-05
                          0.3095361514534048E-05
                          0.3106582593116773E-05
                          0.3117832197602215E-05
                          0.3129110533779456E-05
                          0.3140421872793097E-05
                          0.3151764487107483E-05
                          0.3163143836120118E-05
                          0.3174539875262650E-05
                          0.3185974088348140E-05
                          0.3197439153754789E-05
                          0.3208935139467084E-05
                          0.3220462868580257E-05
                          0.3232020932050837E-05
                          0.3243620586564614E-05
                          0.3255229420180610E-05
                          0.3266880751923382E-05
                          0.3278563400879770E-05
                          0.3290277355579389E-05
                          0.3302023067625828E-05
                          0.3313801473221494E-05
                          0.3325654442916747E-05
                          0.3337528549974112E-05
                          0.3349345347497133E-05
                          0.3361221634441426E-05
                          0.3373156296026974E-05
                          0.3385122711467186E-05
                          0.3397120937347914E-05
                          0.3409151231090952E-05
                          0.3421213045363122E-05
                          0.3433307040337990E-05
                          0.3445433071244037E-05
                          0.3457591194574516E-05
                          0.3469781467104492E-05
                          0.3482003944940852E-05
                          0.3494258692744069E-05
                          0.3506545744616031E-05
                          0.3518865226450019E-05
                          0.3531441119731578E-05
                          0.3543603505253606E-05
                          0.3556018338688919E-05
                          0.3568467864349026E-05
                          0.3580950097974777E-05
                          0.3593465720478363E-05
                          0.3606012529064322E-05
                          0.3618593023909753E-05
                          0.3631206412966242E-05
                          0.3643858944701188E-05
                          0.3656532057524538E-05
                          0.3669244448526975E-05
                          0.3681995216238885E-05
                          0.3695213924367898E-05
                          0.3709929137757867E-05
                          0.3722316857711655E-05
                          0.3733304331976259E-05
                          0.3746216329378279E-05
                          0.3759162364569028E-05
                          0.3772140675139927E-05
                          0.3785155257000473E-05
                          0.3798199371758638E-05
                          0.3811279234391295E-05
                          0.3824392850368748E-05
                          0.3837555106334469E-05
                          0.3850721574362443E-05
                          0.3863936799863158E-05
                          0.3877186008401574E-05
                          0.3890469263189317E-05
                          0.3903848292871473E-05
                          0.3917138135021300E-05
                          0.3930523922023192E-05
                          0.3943947281624150E-05
                          0.3957398230415921E-05
                          0.3970887317374807E-05
                          0.3984576433345679E-05
                          0.3997967874882261E-05
                          0.4011560153120425E-05
                          0.4025187057328850E-05
                          0.4038864265524791E-05
                          0.4052551982478705E-05
                          0.4066276234363122E-05
                          0.4080047379802148E-05
                          0.4093846533057259E-05
                          0.4107678993353332E-05
                          0.4121625176433034E-05
                          0.4135486622183149E-05
                          0.4149397279777135E-05
                          0.4163373653614237E-05
                          0.4177391086138372E-05
                          0.4191958951397317E-05
                          0.4205514863057082E-05
                          0.4219632760181270E-05
                          0.4233786178292408E-05
                          0.4247975170246460E-05
                          0.4262199806438816E-05
                          0.4276460420900331E-05
                          0.4290763994815111E-05
                          0.4305088155461419E-05
                          0.4319460877632229E-05
                          0.4333859539999063E-05
                          0.4348302584090704E-05
                          0.4362864110163031E-05
                          0.4377297200887259E-05
                          0.4391835544740221E-05
                          0.4406419110854659E-05
                          0.4421042555733822E-05
                          0.4435696725343672E-05
                          0.4450389890065599E-05
                          0.4465120077894392E-05
                          0.4479892157861460E-05
                          0.4494688932958218E-05
                          0.4509528509645627E-05
                          0.4524404801562887E-05
                          0.4539317869691166E-05
                          0.4554267773253550E-05
                          0.4569258041877138E-05
                          0.4584279518369782E-05
                          0.4599339109653060E-05
                          0.4614590191484804E-05
                          0.4629571961245208E-05
                          0.4644744157460199E-05
                          0.4659953617219949E-05
                          0.4675200400567536E-05
                          0.4690484560879890E-05
                          0.4705806169213932E-05
                          0.4721165283852823E-05
                          0.4736591225236529E-05
                          0.4751996275073431E-05
                          0.4767468274056725E-05
                          0.4782978350779417E-05
                          0.4798537978346825E-05
                          0.4814111020681943E-05
                          0.4829734392669598E-05
                          0.4845395757324720E-05
                          0.4861119638551901E-05
                          0.4877182782939174E-05
                          0.4892608543961290E-05
                          0.4908444175735799E-05
                          0.4924304434394721E-05
                          0.4940189585047697E-05
                          0.4956247552646739E-05
                          0.4972061958719891E-05
                          0.4988068246130409E-05
                          0.5004747436640411E-05
                          0.5020197202024740E-05
                          0.5036318742126825E-05
                          0.5052721585660103E-05
                          0.5068679080616754E-05
                          0.5084917799569084E-05
                          0.5101195624176847E-05
                          0.5117512277952930E-05
                          0.5133868154014274E-05
                          0.5150263204867731E-05
                          0.5166697492059394E-05
                          0.5183176026803712E-05
                          0.5199684028294560E-05
                          0.5216236402256424E-05
                          0.5232830680488339E-05
                          0.5249459675433876E-05
                          0.5266130969657239E-05
                          0.5282842900124235E-05
                          0.5299592590855322E-05
                          0.5316382098485231E-05
                          0.5333212187314951E-05
                          0.5350082251664805E-05
                          0.5366992245636922E-05
                          0.5383942324547589E-05
                          0.5400932536089843E-05
                          0.5418904081198100E-05
                          0.5435034473727079E-05
                          0.5452144444214568E-05
                          0.5469295743524915E-05
                          0.5486487474144474E-05
                          0.5503719719008912E-05
                          0.5527575324158473E-05
                          0.5538306019197932E-05
                          0.5555660013746935E-05
                          0.5573054866952083E-05
                          0.5590493791863024E-05
                          0.5607967088433656E-05
                          0.5625484582508288E-05
                          0.5643043083508544E-05
                          0.5660642655846618E-05
                          0.5678283377285628E-05
                          0.5695975333811887E-05
                          0.5713689649448717E-05
                          0.5731452938248201E-05
                          0.5749259687087511E-05
                          0.5767106172899135E-05
                          0.5784995038505062E-05
                          0.5802925488641572E-05
                          0.5820897589111404E-05
                          0.5838912340480305E-05
                          0.5856966990850712E-05
                          0.5875064703188342E-05
                          0.5893210526152096E-05
                          0.5911385075547127E-05
                          0.5929608423688588E-05
                          0.5947873872960788E-05
                          0.5966187481576336E-05
                          0.5984531340050088E-05
                          0.6002923475777034E-05
                          0.6021357980322344E-05
                          0.6039834905960578E-05
                          0.6058354328651353E-05
                          0.6076918699548937E-05
                          0.6095520893940925E-05
                          0.6114168175205745E-05
                          0.6132858207777080E-05
                          0.6151591056986874E-05
                          0.6170366788154161E-05
                          0.6189185496676624E-05
                          0.6208047180095831E-05
                          0.6226951927584052E-05
                          0.6245899840973305E-05
                          0.6264890963734230E-05
                          0.6283925853366399E-05
                          0.6303003100239322E-05
                          0.6322124440770185E-05
                          0.6341289153854251E-05
                          0.6360503985673530E-05
                          0.6379748852882861E-05
                          0.6399045442938797E-05
                          0.6418383372633309E-05
                          0.6437766340851428E-05
                          0.6457193175457345E-05
                          0.6476663945071045E-05
                          0.6496214123138781E-05
                          0.6515737552027160E-05
                          0.6535344913944041E-05
                          0.6554987691657334E-05
                          0.6574679132051722E-05
                          0.6594414891285130E-05
                          0.6614196930668693E-05
                          0.6634019686701913E-05
                          0.6653888864200886E-05
                          0.6673802820684071E-05
                          0.6693766495925384E-05
                          0.6713764239302812E-05
                          0.6733812146847914E-05
                          0.6753904967858075E-05
                          0.6774042721138265E-05
                          0.6794225475539338E-05
                          0.6814453294634876E-05
                          0.6834726244195667E-05
                          0.6855044396605576E-05
                          0.6875416559924858E-05
                          0.6895816570446396E-05
                          0.6917204317981803E-05
                          0.6936770352372947E-05
                          0.6959676830041641E-05
                          0.6977906279444299E-05
                          0.6998604267385557E-05
                          0.7019224892140494E-05
                          0.7039957191002338E-05
                          0.7060726730133580E-05
                          0.7081553001813545E-05
                          0.7102412334434627E-05
                          0.7123324218130753E-05
                          0.7144282246608805E-05
                          0.7165287822278367E-05
                          0.7186337009175349E-05
                          0.7207443998407887E-05
                          0.7228577322878836E-05
                          0.7249767242421392E-05
                          0.7271003259212691E-05
                          0.7292286721919671E-05
                          0.7313615835670738E-05
                          0.7334992244984405E-05
                          0.7356417947601672E-05
                          0.7377896553082341E-05
                          0.7399402619354715E-05
                          0.7420989938470014E-05
                          0.7442577920450059E-05
                          0.7464236287991566E-05
                          0.7485941891430397E-05
                          0.7507698280035101E-05
                          0.7529495082653188E-05
                          0.7551342804855817E-05
                          0.7573238039903584E-05
                          0.7595180871792943E-05
                          0.7617171316533736E-05
                          0.7639209496661090E-05
                          0.7661296003958974E-05
                          0.7683429285743537E-05
                          0.7705611263744006E-05
                          0.7727840773336783E-05
                          0.7750120358107848E-05
                          0.7772444512401600E-05
                          0.7794818902741699E-05
                          0.7817241057205264E-05
                          0.7839711810361752E-05
                          0.7862230962510966E-05
                          0.7884798599014513E-05
                          0.7907416454058607E-05
                          0.7930079587057222E-05
                          0.7952793103009635E-05
                          0.7975555326092359E-05
                          0.7998369744677653E-05
                          0.8021303685985569E-05
                          0.8044137508249615E-05
                          0.8067095878905161E-05
                          0.8090100370756716E-05
                          0.8113157074048147E-05
                          0.8136262134826418E-05
                          0.8159427223743074E-05
                          0.8182622038175077E-05
                          0.8205876319905880E-05
                          0.8229178023857063E-05
                          0.8252530855990890E-05
                          0.8275933277013030E-05
                          0.8299388866645666E-05
                          0.8322887472539971E-05
                          0.8346439676358146E-05
                          0.8370043412210107E-05
                          0.8393694651461906E-05
                          0.8417394987056601E-05
                          0.8441147132324598E-05
                          0.8464953667129240E-05
                          0.8488802371211350E-05
                          0.8512705166232111E-05
                          0.8536658560214363E-05
                          0.8560662517195103E-05
                          0.8584717077929321E-05
                          0.8608826883681328E-05
                          0.8632979289924641E-05
                          0.8657184989559722E-05
                          0.8681442642827896E-05
                          0.8705772796268640E-05
                          0.8730110850507548E-05
                          0.8754521397072430E-05
                          0.8778983210741127E-05
                          0.8803496252335117E-05
                          0.8828060640621711E-05
                          0.8852676302508463E-05
                          0.8877343455103923E-05
                          0.8902062121354148E-05
                          0.8926832381197078E-05
                          0.8951654281562788E-05
                          0.8976532593320735E-05
                          0.9001453357892989E-05
                          0.9026447810709739E-05
                          0.9051459922798173E-05
                          0.9076541194010495E-05
                          0.9101682641024250E-05
                          0.9126860078151884E-05
                          0.9152097826881881E-05
                          0.9177389710857457E-05
                          0.9202730319243807E-05
                          0.9228125203702983E-05
                          0.9253572608265333E-05
                          0.9279072607571877E-05
                          0.9304625274997683E-05
                          0.9330230677679021E-05
                          0.9355888893463058E-05
                          0.9381599993135230E-05
                          0.9407364049528001E-05
                          0.9433181265010303E-05
                          0.9459051794277677E-05
                          0.9484998098434886E-05
                          0.9510951303764658E-05
                          0.9536989509733735E-05
                          0.9563064545880903E-05
                          0.9589211561062759E-05
                          0.9615391663767027E-05
                          0.9641636428750678E-05
                          0.9667933319608157E-05
                          0.9694284614769019E-05
                          0.9720689831218861E-05
                          0.9747157607901107E-05
                          0.9773662052556589E-05
                          0.9800229228638739E-05
                          0.9826850533127413E-05
                          0.9853535624162479E-05
                          0.9880255703266151E-05
                          0.9907039796331939E-05
                          0.9933878308663596E-05
                          0.9960771313978366E-05
                          0.9987718886034081E-05
                          0.1001472109832124E-04
                          0.1004177802510235E-04
                          0.1006888974022024E-04
                          0.1009605631628382E-04
                          0.1012327782895692E-04
                          0.1015055435161930E-04
                          0.1017788595818827E-04
                          0.1020527330211723E-04
                          0.1023271505254905E-04
                          0.1026021202373122E-04
                          0.1028776514318223E-04
                          0.1031537284766211E-04
                          0.1034303654485636E-04
                          0.1037075578949697E-04
                          0.1039853081553853E-04
                          0.1042636144442578E-04
                          0.1045424798135570E-04
                          0.1048219040900933E-04
                          0.1051018883726827E-04
                          0.1053824412939261E-04
                          0.1056635386768145E-04
                          0.1059452065602346E-04
                          0.1062274372014569E-04
                          0.1065102313496053E-04
                          0.1067935904244993E-04
                          0.1070776750913818E-04
                          0.1073620023334208E-04
                          0.1076476474091380E-04
                          0.1079326810913962E-04
                          0.1082192981264430E-04
                          0.1085056317143055E-04
                          0.1087929609364266E-04
                          0.1090808603996823E-04
                          0.1093693309077782E-04
                          0.1096583731683568E-04
                          0.1099479880075882E-04
                          0.1102381761366534E-04
                          0.1105289383128244E-04
                          0.1108203574819925E-04
                          0.1111121878311590E-04
                          0.1114046788243203E-04
                          0.1116977426187910E-04
                          0.1119913872392583E-04
                          0.1122856087434867E-04
                          0.1125804121098156E-04
                          0.1128757922780196E-04
                          0.1131719468231145E-04
                          0.1134682993065650E-04
                          0.1137655527126816E-04
                          0.1140631585856268E-04
                          0.1143614501176226E-04
                          0.1146603082095478E-04
                          0.1149597737388229E-04
                          0.1152598222898514E-04
                          0.1155604594109116E-04
                          0.1158616842989378E-04
                          0.1161634984344556E-04
                          0.1164659176969324E-04
                          0.1167688929550268E-04
                          0.1170726712804657E-04
                          0.1173766515923061E-04
                          0.1176814189414398E-04
                          0.1179867795261377E-04
                          0.1182927337795072E-04
                          0.1185992828112288E-04
                          0.1189064272613031E-04
                          0.1192141683860411E-04
                          0.1195225054976212E-04
                          0.1198314408264152E-04
                          0.1201409746580867E-04
                          0.1204511077651678E-04
                          0.1207618409686490E-04
                          0.1210731764733797E-04
                          0.1213851104751931E-04
                          0.1216976484146112E-04
                          0.1220109390722330E-04
                          0.1223245377408617E-04
                          0.1226389011994082E-04
                          0.1229538393989930E-04
                          0.1232694018625783E-04
                          0.1235856061653666E-04
                          0.1239023455501097E-04
                          0.1242197392200576E-04
                          0.1245377246076030E-04
                          0.1248563293302837E-04
                          0.1251757479397696E-04
                          0.1254953874619007E-04
                          0.1258160679706584E-04
                          0.1261368634051747E-04
                          0.1264585301805775E-04
                          0.1267808117858429E-04
                          0.1271037157448102E-04
                          0.1274272226177971E-04
                          0.1277514190139786E-04
                          0.1280763492684626E-04
                          0.1284015761620222E-04
                          0.1287274567233660E-04
                          0.1290540646507435E-04
                          0.1293812925602267E-04
                          0.1297093733235368E-04
                          0.1300376159748464E-04
                          0.1303667136930202E-04
                          0.1306964332682907E-04
                          0.1310267792139311E-04
                          0.1313577507509391E-04
                          0.1316893490816471E-04
                          0.1320215747396256E-04
                          0.1323544286516992E-04
                          0.1326879115602396E-04
                          0.1330220242614827E-04
                          0.1333567675855453E-04
                          0.1336921422072655E-04
                          0.1340281490379260E-04
                          0.1343647888335331E-04
                          0.1347020630336654E-04
                          0.1350399704915014E-04
                          0.1353785139461128E-04
                          0.1357177715256391E-04
                          0.1360575100857475E-04
                          0.1363979951904485E-04
                          0.1367390571755026E-04
                          0.1370807893214408E-04
                          0.1374231616187228E-04
                          0.1377661757709251E-04
                          0.1381098297442105E-04
                          0.1384541272106765E-04
                          0.1387990680077071E-04
                          0.1391446529355687E-04
                          0.1394908899205508E-04
                          0.1398377583901921E-04
                          0.1401852805720093E-04
                          0.1405334499916234E-04
                          0.1408822676048219E-04
                          0.1412317341647535E-04
                          0.1415818504758182E-04
                          0.1419326173427513E-04
                          0.1422840360300503E-04
                          0.1426361059665551E-04
                          0.1429888332424751E-04
                          0.1433422064851246E-04
                          0.1436962382247996E-04
                          0.1440509254136818E-04
                          0.1444062686961655E-04
                          0.1447622690939064E-04
                          0.1451189272143963E-04
                          0.1454762440188043E-04
                          0.1458343785096091E-04
                          0.1461928567661046E-04
                          0.1465521543300677E-04
                          0.1469121137710700E-04
                          0.1472727359020251E-04
                          0.1476340218953037E-04
                          0.1479959714794325E-04
                          0.1483585865550783E-04
                          0.1487218717108328E-04
                          0.1490858153510898E-04
                          0.1494504307011763E-04
                          0.1498157144408309E-04
                          0.1501817792919358E-04
                          0.1505482903534573E-04
                          0.1509155841607026E-04
                          0.1512835496261093E-04
                          0.1516521912684565E-04
                          0.1520214988016880E-04
                          0.1523914841511521E-04
                          0.1527621444344861E-04
                          0.1531334804719655E-04
                          0.1535054930845407E-04
                          0.1538781830932949E-04
                          0.1542515513201287E-04
                          0.1546255989631746E-04
                          0.1550003257181032E-04
                          0.1553757335353666E-04
                          0.1557518316759304E-04
                          0.1561285945247698E-04
                          0.1565060493463741E-04
                          0.1568841881527262E-04
                          0.1572630117761091E-04
                          0.1576425210234640E-04
                          0.1580227167408763E-04
                          0.1584035997493149E-04
                          0.1587851732153245E-04
                          0.1591674309505363E-04
                          0.1595503808005380E-04
                          0.1599340212555957E-04
                          0.1603183531455525E-04
                          0.1607033773007299E-04
                          0.1610890945518056E-04
                          0.1614755091410350E-04
                          0.1618626116677833E-04
                          0.1622504131963426E-04
                          0.1626389111488366E-04
                          0.1630281064060337E-04
                          0.1634179996599934E-04
                          0.1638085918865132E-04
                          0.1641998838731433E-04
                          0.1645918764556077E-04
                          0.1649846194609302E-04
                          0.1653779667490247E-04
                          0.1657720661338641E-04
                          0.1661668694601514E-04
                          0.1665623775656423E-04
                          0.1669585912885916E-04
                          0.1673555114677516E-04
                          0.1677531389423730E-04
                          0.1681514745522050E-04
                          0.1685505191374946E-04
                          0.1689502735389872E-04
                          0.1693507385979266E-04
                          0.1697519151560543E-04
                          0.1701538040556106E-04
                          0.1705564061393335E-04
                          0.1709597222504595E-04
                          0.1713637532327231E-04
                          0.1717684999303573E-04
                          0.1721739631880933E-04
                          0.1725801438511598E-04
                          0.1729870427652849E-04
                          0.1733946607766941E-04
                          0.1738029987321109E-04
                          0.1742120574787578E-04
                          0.1746218378643551E-04
                          0.1750323407371210E-04
                          0.1754435669457723E-04
                          0.1758555173395241E-04
                          0.1762681927680895E-04
                          0.1766815940816796E-04
                          0.1770957221310041E-04
                          0.1775105777672708E-04
                          0.1779261618421856E-04
                          0.1783424752079525E-04
                          0.1787595187172741E-04
                          0.1791772932233510E-04
                          0.1795957995798817E-04
                          0.1800150386410635E-04
                          0.1804350112615916E-04
                          0.1808557182966592E-04
                          0.1812771606019580E-04
                          0.1816993390336777E-04
                          0.1821222544485067E-04
                          0.1825459077036309E-04
                          0.1829702996567349E-04
                          0.1833954311660011E-04
                          0.1838213030901107E-04
                          0.1842479162882427E-04
                          0.1846752716200742E-04
                          0.1851033699457809E-04
                          0.1855322121260364E-04
                          0.1859617990220127E-04
                          0.1863921314953795E-04
                          0.1868232104083057E-04
                          0.1872550366234574E-04
                          0.1876876110039995E-04
                          0.1881209344135950E-04
                          0.1885550077164050E-04
                          0.1889898317770888E-04
                          0.1894254074608039E-04
                          0.1898617356332063E-04
                          0.1902988171604497E-04
                          0.1907366529091865E-04
                          0.1911752437465669E-04
                          0.1916145905402399E-04
                          0.1920546941583518E-04
                          0.1924955554695479E-04
                          0.1929371753429713E-04
                          0.1933795546482636E-04
                          0.1938226942555643E-04
                          0.1942665950355112E-04
                          0.1947112578592405E-04
                          0.1951566835983865E-04
                          0.1956028731250816E-04
                          0.1960498273119565E-04
                          0.1964975470321397E-04
                          0.1969460331592589E-04
                          0.1973952865674391E-04
                          0.1978453081313037E-04
                          0.1982960987259747E-04
                          0.1987476592270719E-04
                          0.1991999905107132E-04
                          0.1996530934535155E-04
                          0.2001069689325928E-04
                          0.2005616178255582E-04
                          0.2010170410105224E-04
                          0.2014732393660946E-04
                          0.2019302137713825E-04
                          0.2023879651059914E-04
                          0.2028464942500248E-04
                          0.2033058020840854E-04
                          0.2037658894892731E-04
                          0.2042267573471861E-04
                          0.2046884065399212E-04
                          0.2051508379500734E-04
                          0.2056140524607354E-04
                          0.2060780509554986E-04
                          0.2065428343184527E-04
                          0.2070084034341849E-04
                          0.2074747591877815E-04
                          0.2079419024648263E-04
                          0.2084098341514016E-04
                          0.2088785551340880E-04
                          0.2093480662999642E-04
                          0.2098183685366070E-04
                          0.2102894627320916E-04
                          0.2107613497749913E-04
                          0.2112340305543778E-04
                          0.2117075059598205E-04
                          0.2121817768813877E-04
                          0.2126568442096453E-04
                          0.2131327088356578E-04
                          0.2136093716509875E-04
                          0.2140868335476955E-04
                          0.2145650954183408E-04
                          0.2150441581559803E-04
                          0.2155240226541697E-04
                          0.2160046898069626E-04
                          0.2164861605089106E-04
                          0.2169684356550636E-04
                          0.2174515161409703E-04
                          0.2179354028626769E-04
                          0.2184200967167279E-04
                          0.2189055986001664E-04
                          0.2193919094105333E-04
                          0.2198790300458681E-04
                          0.2203669614047081E-04
                          0.2208557043860886E-04
                          0.2213452598895442E-04
                          0.2218356288151068E-04
                          0.2223268120633062E-04
                          0.2228188105351716E-04
                          0.2233116251322295E-04
                          0.2238052567565045E-04
                          0.2242997063105202E-04
                          0.2247949746972977E-04
                          0.2252910628203566E-04
                          0.2257879715837146E-04
                          0.2262857018918879E-04
                          0.2267842546498905E-04
                          0.2272836307632348E-04
                          0.2277838311379314E-04
                          0.2282848566804888E-04
                          0.2287867082979146E-04
                          0.2292893868977135E-04
                          0.2297928933878894E-04
                          0.2302972286769436E-04
                          0.2308023936738761E-04
                          0.2313083892881845E-04
                          0.2318152164298658E-04
                          0.2323228760094139E-04
                          0.2328313689378216E-04
                          0.2333406961265800E-04
                          0.2338508584876780E-04
                          0.2343618569336029E-04
                          0.2348736923773399E-04
                          0.2353863657323733E-04
                          0.2358998779126848E-04
                          0.2364142298327544E-04
                          0.2369294224075604E-04
                          0.2374454565525793E-04
                          0.2379623331837862E-04
                          0.2384800532176537E-04
                          0.2389986175711530E-04
                          0.2395180271617537E-04
                          0.2400382829074233E-04
                          0.2405593857266273E-04
                          0.2410813365383300E-04
                          0.2416041362619936E-04
                          0.2421277858175783E-04
                          0.2426522861255428E-04
                          0.2431776381068442E-04
                          0.2437038426829371E-04
                          0.2442309007757751E-04
                          0.2447588133078092E-04
                          0.2452875812019895E-04
                          0.2458172053817636E-04
                          0.2463476867710779E-04
                          0.2468790262943763E-04
                          0.2474112248766013E-04
                          0.2479442834431939E-04
                          0.2484782029200926E-04
                          0.2490129842337349E-04
                          0.2495486283110559E-04
                          0.2500851360794891E-04
                          0.2506225084669663E-04
                          0.2511607464019175E-04
                          0.2516998508132710E-04
                          0.2522398226304524E-04
                          0.2527806627833871E-04
                          0.2533223722024977E-04
                          0.2538649518187049E-04
                          0.2544084025634281E-04
                          0.2549527253685844E-04
                          0.2554979211665899E-04
                          0.2560439908903580E-04
                          0.2565909354733009E-04
                          0.2571387558493286E-04
                          0.2576874529528498E-04
                          0.2582370277187711E-04
                          0.2587874810824971E-04
                          0.2593388139799313E-04
                          0.2598910273474746E-04
                          0.2604441221220266E-04
                          0.2609980992409848E-04
                          0.2615529596422453E-04
                          0.2621087042642022E-04
                          0.2626653340457478E-04
                          0.2632228499262722E-04
                          0.2637812528456647E-04
                          0.2643405437443118E-04
                          0.2649007235630991E-04
                          0.2654617932434094E-04
                          0.2660237537271247E-04
                          0.2665866059566243E-04
                          0.2671503508747864E-04
                          0.2677149894249873E-04
                          0.2682805225511010E-04
                          0.2688469511975009E-04
                          0.2694142763090567E-04
                          0.2699824988311382E-04
                          0.2705516197096122E-04
                          0.2711216398908444E-04
                          0.2716925603216979E-04
                          0.2722643819495350E-04
                          0.2728371057222161E-04
                          0.2734107325880986E-04
                          0.2739852634960395E-04
                          0.2745606993953932E-04
                          0.2751370412360128E-04
                          0.2757142899682489E-04
                          0.2762924465429515E-04
                          0.2768715119114675E-04
                          0.2774514870256430E-04
                          0.2780323728378217E-04
                          0.2786141703008458E-04
                          0.2791968803680556E-04
                          0.2797805039932893E-04
                          0.2803650421308842E-04
                          0.2809504957356749E-04
                          0.2815368657629947E-04
                          0.2821241531686748E-04
                          0.2827123589090449E-04
                          0.2833014839409330E-04
                          0.2838915292216646E-04
                          0.2844824957090639E-04
                          0.2850743843614539E-04
                          0.2856671961376548E-04
                          0.2862609319969852E-04
                          0.2868555928992626E-04
                          0.2874511798048020E-04
                          0.2880476936744165E-04
                          0.2886451354694184E-04
                          0.2892435061516173E-04
                          0.2898428066833209E-04
                          0.2904430380273361E-04
                          0.2910442011469669E-04
                          0.2916462970060162E-04
                          0.2922493265687846E-04
                          0.2928532908000716E-04
                          0.2934581906651744E-04
                          0.2940640271298884E-04
                          0.2946708011605072E-04
                          0.2952785137238231E-04
                          0.2958871657871260E-04
                          0.2964967583182044E-04
                          0.2971072922853444E-04
                          0.2977187686573315E-04
                          0.2983311884034479E-04
                          0.2989445524934753E-04
                          0.2995588618976930E-04
                          0.3001741175868783E-04
                          0.3007903205323074E-04
                          0.3014074717057542E-04
                          0.3020255720794905E-04
                          0.3026446226262874E-04
                          0.3032646243194131E-04
                          0.3038855781326343E-04
                          0.3045074850402166E-04
                          0.3051303460169230E-04
                          0.3057541620380147E-04
                          0.3063789340792517E-04
                          0.3070046631168914E-04
                          0.3076313501276906E-04
                          0.3082589960889029E-04
                          0.3088876019782813E-04
                          0.3095171687740763E-04
                          0.3101476974550370E-04
                          0.3107791890004100E-04
                          0.3114116443899412E-04
                          0.3120450646038739E-04
                          0.3126794506229500E-04
                          0.3133148034284092E-04
                          0.3139511240019898E-04
                          0.3145884133259282E-04
                          0.3152266723829589E-04
                          0.3158659021563145E-04
                          0.3165061036297264E-04
                          0.3171472777874238E-04
                          0.3177894256141337E-04
                          0.3184325480950820E-04
                          0.3190766462159924E-04
                          0.3197217209630868E-04
                          0.3203677733230858E-04
                          0.3210148042832081E-04
                          0.3216628148311692E-04
                          0.3223118059551849E-04
                          0.3229617786439683E-04
                          0.3236127338867303E-04
                          0.3242646726731804E-04
                          0.3249175959935265E-04
                          0.3255715048384743E-04
                          0.3262264001992282E-04
                          0.3268822830674902E-04
                          0.3275391544354611E-04
                          0.3281970152958393E-04
                          0.3288558666418218E-04
                          0.3295157094671040E-04
                          0.3301765447658790E-04
                          0.3308383735328387E-04
                          0.3315011967631726E-04
