 Temperature at each level [K]
    394.4820
    442.7660
    437.6574
    432.9753
    428.6790
    424.7257
    421.0731
    417.6796
    414.5055
    411.5135
    408.6697
    405.9439
    403.3097
    400.7432
    398.2234
    395.7327
    393.2558
    390.7796
    388.2928
    385.7852
    383.2480
    380.6730
    378.0528
    375.3803
    372.6486
    369.8506
    366.9793
    364.0272
    360.9860
    357.8470
    354.6000
    351.2336
    347.7357
    344.0915
    325.4968
    298.1616
    282.6767
    274.7278
    269.4324
    264.5666
    259.2083
    253.2199
    246.4005
    238.4518
    228.9388
    217.2783
    209.0169
    203.9901
    202.0798
    188.3647
    173.2574
