 ISR
     18.8350
     18.8350
     21.3041
     23.9175
     26.3318
     28.5424
     30.5767
     32.4646
     34.2245
     35.8723
     37.4200
     38.8766
     40.2513
     41.5505
     42.7808
     43.9470
     45.0542
     46.1054
     47.1041
     48.0546
     48.9600
     49.8221
     50.6435
     51.4267
     52.1739
     52.8866
     53.5666
     54.2156
     54.8355
     55.4265
     55.9909
     56.5297
     57.0446
     57.5365
     58.0062
     58.4543
     58.8826
     59.2907
     59.6808
     60.0527
     60.4077
     60.7461
     61.0687
     61.3759
     61.6692
     61.9481
     62.2138
     62.4662
     62.7068
     62.9353
     63.1526
     63.3587
     63.5544
     63.7401
     63.9160
     64.0824
     64.2399
     64.3887
     64.5291
     64.6616
     64.7865
     64.9039
     65.0140
     65.1173
     65.2139
     65.3044
     65.3889
     65.4675
     65.5404
     65.6081
     65.6704
     65.7281
     65.7807
     65.8290
     65.8727
     65.9125
     65.9481
     65.9800
     66.0081
     66.0327
     66.0538
     66.0718
     66.0865
     66.0984
     66.1072
     66.1135
     66.1170
     66.1181
     66.1167
     66.1133
     66.1077
     66.0999
     66.0902
     66.0788
     66.0655
     66.0507
     66.0341
     66.0161
     65.9966
     65.9757
     65.9536
     65.9302
     65.9056
     65.8799
     65.8530
     65.8250
     65.7959
     65.7660
     65.7351
     65.7033
     65.6705
     65.6368
     65.6024
     65.5671
     65.5312
     65.4945
     65.4570
     65.4189
     65.3802
     65.3410
     65.3011
     65.2608
     65.2199
     65.1784
     65.1366
     65.0942
     65.0513
     65.0080
     64.9643
     64.9202
     64.8758
     64.8309
     64.7857
     64.7404
     64.6947
     64.6487
     64.6025
     64.5560
     64.5094
     64.4624
     64.4154
     64.3680
     64.3206
     64.2730
     64.2252
     64.1772
     64.1292
     64.0809
     64.0325
     63.9840
     63.9354
     63.8867
     63.8379
     63.7890
     63.7400
     63.6909
     63.6419
     63.5928
     63.5438
     63.4947
     63.4457
     63.3966
     63.3477
     63.2986
     63.2495
     63.2005
     63.1516
     63.1028
     63.0540
     63.0053
     62.9568
     62.9083
     62.8600
     62.8117
     62.7635
     62.7154
     62.6674
     62.6197
     62.5720
     62.5244
     62.4768
     62.4295
     62.3823
     62.3353
     62.2886
     62.2420
     62.1955
     62.1493
     62.1031
     62.0571
     62.0115
     61.9660
     61.9206
     61.8754
     61.8304
     61.7856
     61.7410
     61.6967
     61.6526
     61.6087
     61.5651
     61.5216
     61.4783
     61.4353
     61.3924
     61.3497
     61.3073
     61.2651
     61.2230
     61.1812
     61.1397
     61.0983
     61.0571
     61.0162
     60.9755
     60.9351
     60.8950
     60.8551
     60.8153
     60.7759
     60.7366
     60.6976
     60.6588
     60.6202
     60.5818
     60.5436
     60.5056
     60.4679
     60.4303
     60.3929
     60.3557
     60.3188
     60.2820
     60.2454
     60.2092
     60.1732
     60.1374
     60.1019
     60.0666
     60.0315
     59.9967
     59.9621
     59.9279
     59.8938
     59.8599
     59.8262
     59.7929
     59.7598
     59.7269
     59.6942
     59.6617
     59.6295
     59.5975
     59.5658
     59.5342
     59.5030
     59.4718
     59.4407
     59.4099
     59.3793
     59.3489
     59.3188
     59.2887
     59.2587
     59.2291
     59.1996
     59.1703
     59.1413
     59.1126
     59.0842
     59.0560
     59.0282
     59.0004
     58.9730
     58.9457
     58.9186
     58.8918
     58.8653
     58.8390
     58.8128
     58.7868
     58.7611
     58.7356
     58.7102
     58.6851
     58.6602
     58.6355
     58.6110
     58.5867
     58.5626
     58.5388
     58.5152
     58.4915
     58.4682
     58.4451
     58.4222
     58.3996
     58.3773
     58.3553
     58.3336
     58.3121
     58.2909
     58.2699
     58.2491
     58.2285
     58.2083
     58.1882
     58.1684
     58.1488
     58.1294
     58.1102
     58.0913
     58.0726
     58.0541
     58.0357
     58.0175
     57.9995
     57.9816
     57.9640
     57.9466
     57.9295
     57.9125
     57.8958
     57.8793
     57.8630
     57.8467
     57.8306
     57.8149
     57.7992
     57.7840
     57.7688
     57.7539
     57.7390
     57.7244
     57.7099
     57.6955
     57.6813
     57.6673
     57.6535
     57.6400
     57.6268
     57.6137
     57.6007
     57.5879
     57.5752
     57.5625
     57.5501
     57.5378
     57.5257
     57.5137
     57.5018
     57.4902
     57.4786
     57.4673
     57.4561
     57.4452
     57.4344
     57.4238
     57.4134
     57.4031
     57.3928
     57.3827
     57.3728
     57.3631
     57.3535
     57.3442
     57.3350
     57.3261
     57.3173
     57.3089
     57.3006
     57.2926
     57.2848
     57.2773
     57.2699
     57.2628
     57.2558
     57.2490
     57.2424
     57.2360
     57.2298
     57.2237
     57.2178
     57.2120
     57.2064
     57.2009
     57.1956
     57.1904
     57.1853
     57.1802
     57.1752
     57.1704
     57.1657
     57.1612
     57.1567
     57.1525
     57.1485
     57.1448
     57.1413
     57.1382
     57.1351
     57.1324
     57.1297
     57.1273
     57.1249
     57.1229
     57.1208
     57.1190
     57.1173
     57.1157
     57.1141
     57.1128
     57.1114
     57.1103
     57.1090
     57.1080
     57.1070
     57.1061
     57.1052
     57.1044
     57.1036
     57.1030
     57.1023
     57.1017
     57.1011
     57.1006
     57.1001
     57.0996
     57.0992
     57.0988
     57.0984
     57.0981
     57.0977
     57.0975
     57.0971
     57.0969
     57.0966
     57.0965
     57.0962
     57.0960
     57.0958
     57.0956
     57.0954
     57.0953
     57.0951
     57.0950
     57.0948
     57.0948
     57.0946
     57.0946
     57.0944
     57.0944
     57.0942
     57.0942
     57.0941
     57.0941
     57.0940
     57.0940
     57.0939
     57.0939
     57.0938
     57.0938
     57.0937
     57.0937
     57.0936
     57.0937
     57.0936
     57.0936
     57.0935
     57.0936
     57.0935
     57.0935
     57.0934
     57.0935
     57.0934
     57.0935
     57.0934
     57.0934
     57.0933
     57.0934
     57.0933
     57.0934
     57.0933
     57.0934
     57.0933
     57.0934
     57.0933
     57.0933
     57.0933
     57.0933
     57.0933
     57.0933
     57.0933
     57.0933
     57.0932
     57.0933
     57.0932
     57.0933
     57.0932
     57.0933
