 tauray
                          0.1823531957280603E-17
                          0.8348505948467662E-12
                          0.1235981001141698E-10
                          0.6095240386868893E-10
                          0.1901186317210430E-09
                          0.4604929688817932E-09
                          0.9498383664231884E-09
                          0.1753046251176410E-08
                          0.2982136525731575E-08
                          0.4766257568437729E-08
                          0.7251686233402866E-08
                          0.1060182785049390E-07
                          0.1499721622533668E-07
                          0.2063551363931600E-07
                          0.2773151084957554E-07
                          0.3651712708901803E-07
                          0.4724141006630499E-07
                          0.6017053596585699E-07
                          0.7558780944785346E-07
                          0.9379366364823280E-07
                          0.1151056601786923E-06
                          0.1398584891266883E-06
                          0.1684039690554359E-06
                          0.2011110470039091E-06
                          0.2383657984868414E-06
                          0.2805714274947245E-06
                          0.3281482664938093E-06
                          0.3815337764261054E-06
                          0.4411825467093824E-06
                          0.5075662952371670E-06
                          0.5811738683787468E-06
                          0.6625112409791670E-06
                          0.7521015163592320E-06
                          0.8504849263155051E-06
                          0.9582188311203094E-06
                          0.1075877719521726E-05
                          0.1204053208743594E-05
                          0.1343354044485514E-05
                          0.1494406100922846E-05
                          0.1657852380706702E-05
                          0.1834353014963961E-05
                          0.2024585263297259E-05
                          0.2229243513784989E-05
                          0.2449039282981302E-05
                          0.2684701215916112E-05
                          0.2936975086095087E-05
                          0.3206623795499662E-05
                          0.3494427374587018E-05
                          0.3801182982290110E-05
                          0.4127704906017638E-05
                          0.4474824561654073E-05
                          0.4843390493559635E-05
                          0.5234268374570305E-05
                          0.5648341005997839E-05
                          0.6086508317629716E-05
                          0.6549687367729213E-05
                          0.7038812343035347E-05
                          0.7554834558762888E-05
                          0.8098722458602380E-05
                          0.8671461614720112E-05
                          0.9274054727758154E-05
                          0.9907521626834293E-05
                          0.1057289926954213E-04
                          0.1127124174195098E-04
                          0.1200362025860594E-04
                          0.1277112316252785E-04
                          0.1357485592521333E-04
                          0.1441594114663474E-04
                          0.1529551855524020E-04
                          0.1621474500795361E-04
                          0.1717479449017461E-04
                          0.1817685811577860E-04
                          0.1922214412711674E-04
                          0.2031187789501595E-04
                          0.2144730191877892E-04
                          0.2262967582618407E-04
                          0.2386027637348563E-04
                          0.2514039744541352E-04
                          0.2647135005517345E-04
                          0.2785446234444696E-04
                          0.2929107958339120E-04
                          0.3078256417063923E-04
                          0.3233029563329978E-04
                          0.3393567062695733E-04
                          0.3560010293567220E-04
                          0.3732502347198039E-04
                          0.3911188027689367E-04
                          0.4096213851989962E-04
                          0.4287728049896151E-04
                          0.4485880564051845E-04
                          0.4690823049948522E-04
                          0.4902708875925242E-04
                          0.5121693123168639E-04
                          0.5347932585712921E-04
                          0.5581585770439874E-04
                          0.5822812897078867E-04
                          0.6071775898206827E-04
                          0.6328638419248271E-04
                          0.6593565818475295E-04
                          0.6866725167007555E-04
                          0.7148285248812303E-04
                          0.7438416560704346E-04
                          0.7737291312346079E-04
                          0.8045083426247471E-04
                          0.8361968537766071E-04
                          0.8688123995106997E-04
                          0.9023728859322946E-04
                          0.9368963904314187E-04
                          0.9724011616828565E-04
                          0.1008905619646153E-03
                          0.1046428355565605E-03
                          0.1084988131970271E-03
                          0.1124603882673967E-03
                          0.1165294712775265E-03
                          0.1207079898657497E-03
                          0.1249978887988749E-03
                          0.1294011299721865E-03
                          0.1339196924094454E-03
                          0.1385555722628871E-03
                          0.1433107828132237E-03
                          0.1481873544696427E-03
                          0.1531873347698075E-03
                          0.1583127883798572E-03
                          0.1635657970944066E-03
                          0.1689484598365464E-03
                          0.1744628926578430E-03
                          0.1801112287383386E-03
                          0.1858956183865509E-03
                          0.1918182290394737E-03
                          0.1978812452625765E-03
                          0.2040868687498043E-03
                          0.2104373183235781E-03
                          0.2169348299347945E-03
                          0.2235816566628262E-03
                          0.2303800687155214E-03
                          0.2373323534292039E-03
                          0.2444408152686733E-03
                          0.2517077758272056E-03
                          0.2591355738265515E-03
                          0.2667265651169383E-03
                          0.2744831226770689E-03
                          0.2824076366141216E-03
                          0.2905025141637506E-03
                          0.2987701796900862E-03
                          0.3072130746857341E-03
                          0.3158336577717759E-03
                          0.3246344046977686E-03
                          0.3336178083417457E-03
                          0.3427863787102159E-03
                          0.3521426429381638E-03
                          0.3616891452890501E-03
                          0.3714284471548100E-03
                          0.3813631270558562E-03
                          0.3914957806410763E-03
                          0.4018290206878333E-03
                          0.4123654771019666E-03
                          0.4231077969177910E-03
                          0.4340586442980973E-03
                          0.4452207005341515E-03
                          0.4565966640456966E-03
                          0.4681892503809498E-03
                          0.4800011922166053E-03
                          0.4920352393578323E-03
                          0.5042941587382761E-03
                          0.5167807344200574E-03
                          0.5294977675937736E-03
                          0.5424480765784962E-03
                          0.5556344968217744E-03
                          0.5690598808996318E-03
                          0.5827270985165680E-03
                          0.5966390365055593E-03
                          0.6107985988280558E-03
                          0.6252087065739860E-03
                          0.6398722979617516E-03
                          0.6547923283382318E-03
                          0.6699717701787803E-03
                          0.6854136130872277E-03
                          0.7011208637958799E-03
                          0.7170965461655181E-03
                          0.7333437011854001E-03
                          0.7498653869732586E-03
                          0.7666646787753029E-03
                          0.7837446689662178E-03
                          0.8011084670491624E-03
                          0.8187591996557740E-03
                          0.8367000105461653E-03
                          0.8549340606089223E-03
                          0.8734645278611089E-03
                          0.8922946074482647E-03
                          0.9114275116444051E-03
                          0.9308664698520199E-03
                          0.9506147286020752E-03
                          0.9706755515540145E-03
                          0.9910522194957554E-03
                          0.1011748030343692E-02
                          0.1032766299142692E-02
                          0.1054110358066103E-02
                          0.1075783556415744E-02
                          0.1097789260621914E-02
                          0.1120130854243384E-02
                          0.1142811737967401E-02
                          0.1165835329609694E-02
                          0.1189205064114457E-02
                          0.1212924393554369E-02
                          0.1236996787130579E-02
                          0.1261425731172716E-02
                          0.1286214729138883E-02
                          0.1311367301615659E-02
                          0.1336886986318096E-02
                          0.1362777338089726E-02
                          0.1389041928902554E-02
                          0.1415684347857063E-02
                          0.1442708201182209E-02
                          0.1470117112235426E-02
                          0.1497914721502621E-02
                          0.1526104686598183E-02
                          0.1554690682264968E-02
                          0.1583676400374314E-02
                          0.1613065549926033E-02
                          0.1642861857048413E-02
                          0.1673069064998216E-02
                          0.1703690934160682E-02
                          0.1734731242049529E-02
                          0.1766193783306943E-02
                          0.1798082369703594E-02
                          0.1830400830138622E-02
                          0.1863153010639646E-02
                          0.1896342774362760E-02
                          0.1929974001592533E-02
                          0.1964050589742011E-02
                          0.1998576453352714E-02
                          0.2033555524094640E-02
                          0.2068991750766261E-02
                          0.2104889099294526E-02
                          0.2141251552734858E-02
                          0.2178083111271158E-02
                          0.2215387792215800E-02
                          0.2253169630009637E-02
                          0.2291432676221996E-02
                          0.2330180999550679E-02
                          0.2369418685821965E-02
                          0.2409149837990609E-02
                          0.2449378576139841E-02
                          0.2490109037481368E-02
                          0.2531345376355367E-02
                          0.2573091764230501E-02
                          0.2615352389703901E-02
                          0.2658131458501178E-02
                          0.2701433193476411E-02
                          0.2745261834612166E-02
                          0.2789621639019477E-02
                          0.2834516880937857E-02
                          0.2879951851735293E-02
                          0.2925930859908251E-02
                          0.2972458231081665E-02
                          0.3019538308008955E-02
                          0.3067175450572009E-02
                          0.3115374035781196E-02
                          0.3164138457775354E-02
                          0.3213473127821807E-02
                          0.3263382474316344E-02
                          0.3313870942783236E-02
                          0.3364942995875230E-02
                          0.3416603113373549E-02
                          0.3468855792187881E-02
                          0.3521705546356410E-02
                          0.3575156907045775E-02
                          0.3629214422551104E-02
                          0.3683882658295997E-02
                          0.3739166196832531E-02
                          0.3795069637841255E-02
                          0.3851597598131196E-02
                          0.3908754711639856E-02
                          0.3966545629433220E-02
                          0.4024975019705741E-02
                          0.4084047567780340E-02
                          0.4143767976108431E-02
                          0.4204140964269897E-02
                          0.4265171268973091E-02
                          0.4326863644054848E-02
                          0.4389222860480477E-02
                          0.4452253706343764E-02
                          0.4515960986866966E-02
                          0.4580349524400823E-02
                          0.4645424158424546E-02
                          0.4711189745545821E-02
                          0.4777651159500814E-02
                          0.4844813291154162E-02
                          0.4912681048498985E-02
                          0.4981259356656868E-02
                          0.5050553157877880E-02
                          0.5120567411540563E-02
                          0.5191307094151937E-02
                          0.5262777199347492E-02
                          0.5334982737891202E-02
                          0.5407928737675509E-02
                          0.5481620243721336E-02
                          0.5556062318178081E-02
                          0.5631260040323614E-02
                          0.5707218506564284E-02
                          0.5783942830434916E-02
                          0.5861438142598808E-02
                          0.5939709590847740E-02
                          0.6018762340101960E-02
                          0.6098601572410195E-02
                          0.6179232486949653E-02
                          0.6260660300026004E-02
                          0.6342890245073410E-02
                          0.6425927572654498E-02
                          0.6509777550460377E-02
                          0.6594445463310626E-02
                          0.6679936613153298E-02
                          0.6766256319064937E-02
                          0.6853409917250543E-02
                          0.6941402761043608E-02
                          0.7030240220906088E-02
                          0.7119927684428416E-02
                          0.7210470556329510E-02
                          0.7301874258456761E-02
                          0.7394144229786019E-02
                          0.7487285926421642E-02
                          0.7581304821596427E-02
                          0.7676206405671680E-02
                          0.7771996186137152E-02
                          0.7868679687611100E-02
                          0.7966262451840237E-02
                          0.8064750037699761E-02
                          0.8164148021193326E-02
                          0.8264461995453092E-02
                          0.8365697570739686E-02
                          0.8467860374442190E-02
                          0.8570956051078184E-02
                          0.8674990262293717E-02
                          0.8779968686863305E-02
                          0.8885897020689964E-02
                          0.8992780976805151E-02
                          0.9100626285368835E-02
                          0.9209438693669426E-02
                          0.9319223966123840E-02
                          0.9429987884277451E-02
                          0.9541736246804116E-02
                          0.9654474869506159E-02
                          0.9768209585314392E-02
                          0.9882946244288097E-02
                          0.9998690713615031E-02
                          0.1011544887761142E-01
                          0.1023322663772198E-01
                          0.1035202991251991E-01
                          0.1047186463770684E-01
                          0.1059273676611293E-01
                          0.1071465226769678E-01
                          0.1083761712954548E-01
                          0.1096163735587460E-01
                          0.1108671896802819E-01
                          0.1121286800447873E-01
                          0.1134009052082724E-01
                          0.1146839258980317E-01
                          0.1159778030126448E-01
                          0.1172825976219758E-01
                          0.1185983709671736E-01
                          0.1199251844606718E-01
                          0.1212630996861891E-01
                          0.1226121783987286E-01
                          0.1239724825245783E-01
                          0.1253440741613108E-01
                          0.1267270155777837E-01
                          0.1281213692141392E-01
                          0.1295271976818044E-01
                          0.1309445637634910E-01
                          0.1323735304131953E-01
                          0.1338141607561991E-01
                          0.1352665180890678E-01
                          0.1367306658796526E-01
                          0.1382066677670889E-01
                          0.1396945875617971E-01
                          0.1411944892454821E-01
                          0.1427064369711338E-01
                          0.1442304950630270E-01
                          0.1457667280167206E-01
                          0.1473152004990591E-01
                          0.1488759773481710E-01
                          0.1504491235734701E-01
                          0.1520347043556549E-01
                          0.1536327850467082E-01
                          0.1552434311698980E-01
                          0.1568667084197771E-01
                          0.1585026826621827E-01
                          0.1601514199342371E-01
                          0.1618129864443470E-01
                          0.1634874485722043E-01
                          0.1651748728687854E-01
                          0.1668753260563513E-01
                          0.1685888750284481E-01
                          0.1703155868499064E-01
                          0.1720555287568417E-01
                          0.1738087681566543E-01
                          0.1755753726280290E-01
                          0.1773554099209357E-01
                          0.1791489479566286E-01
                          0.1809560548276474E-01
                          0.1827767987978156E-01
                          0.1846112483022424E-01
                          0.1864594719473210E-01
                          0.1883215385107298E-01
                          0.1901975169414319E-01
                          0.1920874763596750E-01
                          0.1939914860569916E-01
                          0.1959096154961991E-01
                          0.1978419343113996E-01
                          0.1997885123079795E-01
                          0.2017494194626112E-01
                          0.2037247259232504E-01
                          0.2057145020091381E-01
                          0.2077188182108006E-01
                          0.2097377451900483E-01
                          0.2117713537799766E-01
                          0.2138197149849655E-01
                          0.2158828999806800E-01
                          0.2179609801140698E-01
                          0.2200540269033691E-01
                          0.2221621120380972E-01
                          0.2242853073790580E-01
                          0.2264236849583401E-01
                          0.2285773169793169E-01
                          0.2307462758166467E-01
                          0.2329306340162722E-01
                          0.2351304642954217E-01
                          0.2373458395426067E-01
                          0.2395768328176253E-01
                          0.2418235173515591E-01
                          0.2440859665467749E-01
                          0.2463642539769239E-01
                          0.2486584533869428E-01
                          0.2509686386930523E-01
                          0.2532948839827583E-01
                          0.2556372635148513E-01
                          0.2579958517194064E-01
                          0.2603707231977836E-01
                          0.2627619527226283E-01
                          0.2651696152378692E-01
                          0.2675937858587212E-01
                          0.2700345398716832E-01
                          0.2724919527345389E-01
                          0.2749661000763569E-01
                          0.2774570576974907E-01
                          0.2799649015695783E-01
                          0.2824897078355424E-01
                          0.2850315528095909E-01
                          0.2875905129772158E-01
                          0.2901666649951946E-01
                          0.2927600856915891E-01
                          0.2953708520657457E-01
                          0.2979990412882962E-01
                          0.3006447307011563E-01
                          0.3033079978175271E-01
                          0.3059889203218943E-01
                          0.3086875760700284E-01
                          0.3114040430889844E-01
                          0.3141383995771024E-01
                          0.3168907239040068E-01
                          0.3196610946106074E-01
                          0.3224495904090987E-01
                          0.3252562901829588E-01
                          0.3280812729869521E-01
                          0.3309246180471268E-01
                          0.3337864047608163E-01
                          0.3366667126966385E-01
                          0.3395656215944963E-01
                          0.3424832113655769E-01
                          0.3454195620923530E-01
                          0.3483747540285814E-01
                          0.3513488675993035E-01
                          0.3543419834008466E-01
                          0.3573541822008219E-01
                          0.3603855449381248E-01
                          0.3634361527229367E-01
                          0.3665060868367231E-01
                          0.3695954287322341E-01
                          0.3727042600335052E-01
                          0.3758326625358558E-01
                          0.3789807182058907E-01
                          0.3821485091814995E-01
                          0.3853361177718559E-01
                          0.3885436264574190E-01
                          0.3917711178899323E-01
                          0.3950186748924242E-01
                          0.3982863804592083E-01
                          0.4015743177558821E-01
                          0.4048825701193285E-01
                          0.4082112210577144E-01
                          0.4115603542504925E-01
                          0.4149300535483997E-01
                          0.4183204029734576E-01
                          0.4217314867189725E-01
                          0.4251633891495359E-01
                          0.4286161948010233E-01
                          0.4320899883805963E-01
                          0.4355848547666995E-01
                          0.4391008790090635E-01
                          0.4426381463287038E-01
                          0.4461967421179193E-01
                          0.4497767519402945E-01
                          0.4533782615306994E-01
                          0.4570013567952879E-01
                          0.4606461238114985E-01
                          0.4643126488280546E-01
                          0.4680010182649648E-01
                          0.4717113187135222E-01
                          0.4754436369363044E-01
                          0.4791980598671743E-01
                          0.4829746746112784E-01
                          0.4867735684450503E-01
                          0.4905948288162056E-01
                          0.4944385433437460E-01
                          0.4983047998179584E-01
                          0.5021936862004137E-01
                          0.5061052906239678E-01
                          0.5100397013927611E-01
                          0.5139970069822194E-01
                          0.5179772960390527E-01
                          0.5219806573812552E-01
                          0.5260071799981078E-01
                          0.5300569530501747E-01
                          0.5341300658693039E-01
                          0.5382266079586306E-01
                          0.5423466689925731E-01
                          0.5464903388168348E-01
                          0.5506577074484040E-01
                          0.5548488650755536E-01
                          0.5590639020578413E-01
                          0.5633029089261097E-01
                          0.5675659763824856E-01
                          0.5718531953003817E-01
                          0.5761646567244948E-01
                          0.5805004518708054E-01
                          0.5848606721265812E-01
                          0.5892454090503717E-01
                          0.5936547543720138E-01
                          0.5980887999926277E-01
                          0.6025476379846188E-01
                          0.6070313605916771E-01
                          0.6115400602287772E-01
                          0.6160738294821791E-01
                          0.6206327611094269E-01
                          0.6252169480393496E-01
                          0.6298264833720607E-01
                          0.6344614603789599E-01
                          0.6391219725027299E-01
                          0.6438081133573387E-01
                          0.6485199767280397E-01
                          0.6532576565713701E-01
                          0.6580212470151517E-01
                          0.6628108423584927E-01
                          0.6676265370717847E-01
                          0.6724684257967047E-01
                          0.6773366033462133E-01
                          0.6822311647045573E-01
                          0.6871522050272674E-01
                          0.6920998196411593E-01
                          0.6970741040443339E-01
                          0.7020751539061751E-01
                          0.7071030650673545E-01
                          0.7121579335398261E-01
                          0.7172398555068295E-01
                          0.7223489273228888E-01
                          0.7274852455138134E-01
                          0.7326489067766963E-01
                          0.7378400079799166E-01
                          0.7430586461631372E-01
                          0.7483049185373065E-01
                          0.7535789224846577E-01
                          0.7588807555587071E-01
                          0.7642105154842579E-01
                          0.7695683001573969E-01
                          0.7749542076454963E-01
                          0.7803683361872124E-01
                          0.7858107841924868E-01
                          0.7912816502425445E-01
                          0.7967810330898972E-01
                          0.8023090316583413E-01
                          0.8078657450429562E-01
                          0.8134512725101067E-01
                          0.8190657134974427E-01
                          0.8247091676139007E-01
                          0.8303817346396977E-01
                          0.8360835145263386E-01
                          0.8418146073966130E-01
                          0.8475751135445946E-01
                          0.8533651334356403E-01
                          0.8591847677063950E-01
                          0.8650341171647860E-01
                          0.8709132827900258E-01
                          0.8768223657326121E-01
                          0.8827614673143272E-01
                          0.8887306890282377E-01
                          0.8947301325386955E-01
                          0.9007598996813372E-01
                          0.9068200924630837E-01
                          0.9129108130621416E-01
                          0.9190321638280015E-01
                          0.9251842472814387E-01
                          0.9313671661145137E-01
                          0.9375810231905710E-01
                          0.9438259215442411E-01
                          0.9501019643814383E-01
                          0.9564092550793610E-01
                          0.9627478971864951E-01
                          0.9691179944226083E-01
                          0.9755196506787538E-01
                          0.9819529700172706E-01
                          0.9884180566717819E-01
                          0.9949150150471950E-01
                          0.1001443949719703E+00
                          0.1008004965436783E+00
                          0.1014598167117197E+00
                          0.1021223659850992E+00
                          0.1027881548899500E+00
                          0.1034571939695337E+00
                          0.1041294937842404E+00
                          0.1048050649115888E+00
                          0.1054839179462258E+00
                          0.1061660634999270E+00
                          0.1068515122015966E+00
                          0.1075402746972669E+00
                          0.1082323616500988E+00
                          0.1089277837403819E+00
                          0.1096265516655341E+00
                          0.1103286761401018E+00
                          0.1110341678957598E+00
                          0.1117430376813115E+00
                          0.1124552962626887E+00
                          0.1131709544229518E+00
                          0.1138900229622894E+00
                          0.1146125126980190E+00
                          0.1153384344645860E+00
                          0.1160677991135649E+00
                          0.1168006175136582E+00
                          0.1175369005506971E+00
                          0.1182766591276413E+00
                          0.1190199041645789E+00
                          0.1197666465987263E+00
                          0.1205168973844288E+00
                          0.1212706674931598E+00
                          0.1220279679135213E+00
                          0.1227888096512438E+00
                          0.1235532037291864E+00
                          0.1243211611873364E+00
                          0.1250926930828097E+00
                          0.1258678104898506E+00
                          0.1266465244998323E+00
                          0.1274288462212558E+00
                          0.1282147867797509E+00
                          0.1290043573180763E+00
                          0.1297975689961184E+00
                          0.1305944329908924E+00
                          0.1313949604965424E+00
                          0.1321991627243402E+00
                          0.1330070509026867E+00
                          0.1338186362771108E+00
                          0.1346339301102705E+00
                          0.1354529436819516E+00
                          0.1362756882890687E+00
                          0.1371021752456650E+00
                          0.1379324158829119E+00
                          0.1387664215491096E+00
                          0.1396042036096862E+00
                          0.1404457734471989E+00
                          0.1412911424613332E+00
                          0.1421403220689028E+00
                          0.1429933237038502E+00
                          0.1438501588172462E+00
                          0.1447108388772902E+00
                          0.1455753753693100E+00
                          0.1464437797957618E+00
                          0.1473160636762304E+00
                          0.1481922385474291E+00
                          0.1490723159631994E+00
                          0.1499563074945117E+00
                          0.1508442247294647E+00
                          0.1517360792732854E+00
                          0.1526318827483295E+00
                          0.1535316467940809E+00
                          0.1544353830671523E+00
                          0.1553431032412848E+00
                          0.1562548190073479E+00
                          0.1571705420733395E+00
                          0.1580902841643861E+00
                          0.1590140570227426E+00
                          0.1599418724077926E+00
                          0.1608737420960478E+00
                          0.1618096778811487E+00
                          0.1627496915738640E+00
                          0.1636937950020912E+00
                          0.1646420000108559E+00
                          0.1655943184623125E+00
                          0.1665507622357437E+00
                          0.1675113432275609E+00
                          0.1684760733513036E+00
                          0.1694449645376399E+00
                          0.1704180287343667E+00
                          0.1713952779064090E+00
                          0.1723767240358203E+00
                          0.1733623791217830E+00
                          0.1743522551806073E+00
                          0.1753463642457324E+00
                          0.1763447183677258E+00
                          0.1773473296142833E+00
                          0.1783542100702297E+00
                          0.1793653718375178E+00
                          0.1803808270352289E+00
                          0.1814005877995730E+00
                          0.1824246662838883E+00
                          0.1834530746586418E+00
                          0.1844858251114288E+00
                          0.1855229298469731E+00
                          0.1865644010871268E+00
                          0.1876102510708707E+00
                          0.1886604920543143E+00
                          0.1897151363106948E+00
                          0.1907741961303789E+00
                          0.1918376838208608E+00
                          0.1929056117067638E+00
                          0.1939779921298395E+00
                          0.1950548374489680E+00
                          0.1961361600401579E+00
                          0.1972219722965458E+00
                          0.1983122866283978E+00
                          0.1994071154631074E+00
                          0.2005064712451974E+00
                          0.2016103664363186E+00
                          0.2027188135152503E+00
                          0.2038318249779005E+00
                          0.2049494133373054E+00
                          0.2060715911236299E+00
                          0.2071983708841676E+00
                          0.2083297651833396E+00
                          0.2094657866026969E+00
                          0.2106064477409177E+00
                          0.2117517612138095E+00
                          0.2129017396543079E+00
                          0.2140563957124771E+00
                          0.2152157420555095E+00
                          0.2163797913677263E+00
                          0.2175485563505773E+00
                          0.2187220497226405E+00
                          0.2199002842196223E+00
                          0.2210832725943579E+00
                          0.2222710276168104E+00
                          0.2234635620740724E+00
                          0.2246608887703636E+00
                          0.2258630205270336E+00
                          0.2270699701825593E+00
                          0.2282817505925467E+00
                          0.2294983746297304E+00
                          0.2307198551839730E+00
                          0.2319462051622656E+00
                          0.2331774374887282E+00
                          0.2344135651046091E+00
                          0.2356546009682850E+00
                          0.2369005580552611E+00
                          0.2381514493581707E+00
                          0.2394072878867765E+00
                          0.2406680866679690E+00
                          0.2419338587457668E+00
                          0.2432046171813182E+00
                          0.2444803750528988E+00
                          0.2457611454559132E+00
                          0.2470469415028945E+00
                          0.2483377763235043E+00
                          0.2496336630645321E+00
                          0.2509346148898967E+00
                          0.2522406449806449E+00
                          0.2535517665349521E+00
                          0.2548679927681223E+00
                          0.2561893369125877E+00
                          0.2575158122179089E+00
                          0.2588474319507757E+00
                          0.2601842093950053E+00
                          0.2615261578515441E+00
                          0.2628732906384671E+00
                          0.2642256210909772E+00
                          0.2655831625614062E+00
                          0.2669459284192141E+00
                          0.2683139320509896E+00
                          0.2696871868604500E+00
                          0.2710657062684405E+00
                          0.2724495037129354E+00
                          0.2738385926490370E+00
                          0.2752329865489767E+00
                          0.2766326989021133E+00
                          0.2780377432149354E+00
                          0.2794481330110592E+00
                          0.2808638818312297E+00
                          0.2822850032333197E+00
                          0.2837115107923316E+00
                          0.2851434181003958E+00
                          0.2865807387667707E+00
                          0.2880234864178439E+00
                          0.2894716746971311E+00
                          0.2909253172652762E+00
                          0.2923844278000525E+00
                          0.2938490199963608E+00
                          0.2953191075662306E+00
                          0.2967947042388203E+00
                          0.2982758237604166E+00
                          0.2997624798944341E+00
                          0.3012546864214172E+00
                          0.3027524571390368E+00
                          0.3042558058620945E+00
                          0.3057647464225186E+00
                          0.3072792926693667E+00
                          0.3087994584688250E+00
                          0.3103252577042075E+00
                          0.3118567042759576E+00
                          0.3133938121016463E+00
                          0.3149365951159734E+00
                          0.3164850672707673E+00
                          0.3180392425349850E+00
                          0.3195991348947113E+00
                          0.3211647583531606E+00
                          0.3227361269306744E+00
                          0.3243132546647240E+00
                          0.3258961556099081E+00
                          0.3274848438379546E+00
                          0.3290793334377198E+00
                          0.3306796385151878E+00
                          0.3322857731934723E+00
                          0.3338977516128142E+00
                          0.3355155879305841E+00
                          0.3371392963212800E+00
                          0.3387688909765293E+00
                          0.3404043861050869E+00
                          0.3420457959328373E+00
                          0.3436931347027928E+00
                          0.3453464166750939E+00
                          0.3470056561270106E+00
                          0.3486708673529400E+00
                          0.3503420646644090E+00
                          0.3520192623900719E+00
                          0.3537024748757127E+00
                          0.3553917164842424E+00
                          0.3570870015957012E+00
                          0.3587883446072580E+00
                          0.3604957599332105E+00
                          0.3622092620049833E+00
                          0.3639288652711311E+00
                          0.3656545841973367E+00
                          0.3673864332664106E+00
                          0.3691244269782930E+00
                          0.3708685798500512E+00
                          0.3726189064158825E+00
                          0.3743754212271110E+00
                          0.3761381388521907E+00
                          0.3779070738767033E+00
                          0.3796822409033596E+00
                          0.3814636545519975E+00
                          0.3832513294595856E+00
                          0.3850452802802187E+00
                          0.3868455216851219E+00
                          0.3886520683626472E+00
                          0.3904649350182761E+00
                          0.3922841363746189E+00
                          0.3941096871714133E+00
                          0.3959416021655258E+00
                          0.3977798961309520E+00
                          0.3996245838588151E+00
                          0.4014756801573673E+00
                          0.4033331998519898E+00
                          0.4051971577851907E+00
                          0.4070675688166082E+00
                          0.4089444478230079E+00
                          0.4108278096982844E+00
                          0.4127176693534612E+00
                          0.4146140417166891E+00
                          0.4165169417332478E+00
                          0.4184263843655460E+00
                          0.4203423845931212E+00
                          0.4222649574126377E+00
                          0.4241941178378901E+00
                          0.4261298808998001E+00
                          0.4280722616464190E+00
                          0.4300212751429253E+00
                          0.4319769364716277E+00
                          0.4339392607319613E+00
                          0.4359082630404920E+00
                          0.4378839585309117E+00
                          0.4398663623540429E+00
                          0.4418554896778353E+00
                          0.4438513556873674E+00
                          0.4458539755848468E+00
                          0.4478633645896082E+00
                          0.4498795379381164E+00
                          0.4519025108839632E+00
                          0.4539322986978698E+00
                          0.4559689166676862E+00
                          0.4580123800983893E+00
                          0.4600627043120862E+00
                          0.4621199046480116E+00
                          0.4641839964625284E+00
                          0.4662549951291290E+00
                          0.4683329160384331E+00
                          0.4704177745981899E+00
                          0.4725095862332769E+00
                          0.4746083663856991E+00
                          0.4767141305145909E+00
                          0.4788268940962149E+00
                          0.4809466726239629E+00
                          0.4830734816083535E+00
                          0.4852073365770357E+00
                          0.4873482530747853E+00
                          0.4894962466635081E+00
                          0.4916513329222367E+00
                          0.4938135274471335E+00
                          0.4959828458514897E+00
                          0.4981593037657234E+00
                          0.5003429168373817E+00
                          0.5025337007311413E+00
                          0.5047316711288063E+00
                          0.5069368437293095E+00
                          0.5091492342487121E+00
                          0.5113688584202043E+00
                          0.5135957319941039E+00
                          0.5158298707378578E+00
                          0.5180712904360412E+00
                          0.5203200068903582E+00
                          0.5225760359196402E+00
                          0.5248393933598486E+00
                          0.5271100950640719E+00
                          0.5293881569025285E+00
                          0.5316735947625634E+00
                          0.5339664245486522E+00
                          0.5362666621823970E+00
                          0.5385743236025301E+00
                          0.5408894247649110E+00
                          0.5432119816425287E+00
                          0.5455420102254991E+00
                          0.5478795265210687E+00
                          0.5502245465536106E+00
                          0.5525770863646273E+00
                          0.5549371620127505E+00
                          0.5573047895737383E+00
                          0.5596799851404795E+00
                          0.5620627648229892E+00
                          0.5644531447484133E+00
                          0.5668511410610242E+00
                          0.5692567699222244E+00
                          0.5716700475105428E+00
                          0.5740909900216397E+00
                          0.5765196136683005E+00
                          0.5789559346804423E+00
                          0.5813999693051081E+00
                          0.5838517338064710E+00
                          0.5863112444658315E+00
                          0.5887785175816197E+00
                          0.5912535694693936E+00
                          0.5937364164618389E+00
                          0.5962270749087712E+00
                          0.5987255611771335E+00
                          0.6012318916509978E+00
                          0.6037460827315650E+00
                          0.6062681508371629E+00
                          0.6087981124032500E+00
                          0.6113359838824106E+00
                          0.6138817817443606E+00
                          0.6164355224759411E+00
                          0.6189972225811246E+00
                          0.6215668985810100E+00
                          0.6241445670138256E+00
                          0.6267302444349286E+00
                          0.6293239474168038E+00
                          0.6319256925490639E+00
                          0.6345354964384525E+00
                          0.6371533757088388E+00
                          0.6397793470012221E+00
                          0.6424134269737309E+00
                          0.6450556323016203E+00
                          0.6477059796772743E+00
                          0.6503644858102063E+00
                          0.6530311674270581E+00
                          0.6557060412715991E+00
                          0.6583891241047281E+00
                          0.6610804327044713E+00
                          0.6637799838659844E+00
                          0.6664877944015504E+00
                          0.6692038811405826E+00
                          0.6719282609296214E+00
                          0.6746609506323354E+00
                          0.6774019671295233E+00
                          0.6801513273191102E+00
                          0.6829090481161518E+00
                          0.6856751464528301E+00
                          0.6884496392784576E+00
                          0.6912325435594736E+00
                          0.6940238762794472E+00
                          0.6968236544390749E+00
                          0.6996318950561828E+00
                          0.7024486151657239E+00
                          0.7052738318197820E+00
                          0.7081075620875665E+00
                          0.7109498230554177E+00
                          0.7138006318268030E+00
                          0.7166600055223195E+00
                          0.7195279612796917E+00
                          0.7224045162537727E+00
                          0.7252896876165429E+00
                          0.7281834925571157E+00
                          0.7310859482817268E+00
                          0.7339970720137446E+00
                          0.7369168809936654E+00
                          0.7398453924791117E+00
                          0.7427826237448375E+00
                          0.7457285920827238E+00
                          0.7486833148017795E+00
                          0.7516468092281434E+00
                          0.7546190927050810E+00
                          0.7576001825929884E+00
                          0.7605900962693881E+00
                          0.7635888511289325E+00
                          0.7665964645834024E+00
                          0.7696129540617058E+00
                          0.7726383370098813E+00
                          0.7756726308910938E+00
                          0.7787158531856375E+00
                          0.7817680213909359E+00
                          0.7848291530215394E+00
                          0.7878992656091285E+00
                          0.7909783767025114E+00
                          0.7940665038676248E+00
                          0.7971636646875330E+00
                          0.8002698767624303E+00
                          0.8033851577096397E+00
                          0.8065095251636101E+00
                          0.8096429967759219E+00
                          0.8127855902152819E+00
                          0.8159373231675262E+00
                          0.8190982133356204E+00
                          0.8222682784396559E+00
                          0.8254475362168545E+00
                          0.8286360044215675E+00
                          0.8318337008252722E+00
                          0.8350406432165750E+00
                          0.8382568494012124E+00
                          0.8414823372020470E+00
                          0.8447171244590728E+00
                          0.8479612290294088E+00
                          0.8512146687873057E+00
                          0.8544774616241398E+00
                          0.8577496254484189E+00
                          0.8610311781857761E+00
                          0.8643221377789756E+00
                          0.8676225221879093E+00
                          0.8709323493895965E+00
                          0.8742516373781863E+00
                          0.8775804041649555E+00
                          0.8809186677783100E+00
                          0.8842664462637831E+00
                          0.8876237576840377E+00
                          0.8909906201188655E+00
                          0.8943670516651853E+00
                          0.8977530704370444E+00
                          0.9011486945656202E+00
                          0.9045539421992169E+00
                          0.9079688315032688E+00
                          0.9113933806603364E+00
                          0.9148276078701104E+00
                          0.9182715313494103E+00
                          0.9217251693321831E+00
                          0.9251885400695047E+00
                          0.9286616618295782E+00
                          0.9321445528977370E+00
                          0.9356372315764431E+00
                          0.9391397161852852E+00
                          0.9426520250609809E+00
                          0.9461741765573773E+00
                          0.9497061890454505E+00
                          0.9532480809133024E+00
                          0.9567998705661658E+00
                          0.9603615764264017E+00
                          0.9639332169334984E+00
                          0.9675148105440728E+00
                          0.9711063757318721E+00
                          0.9747079309877696E+00
                          0.9783194948197691E+00
                          0.9819410857530010E+00
                          0.9855727223297253E+00
                          0.9892144231093311E+00
                          0.9928662066683344E+00
                          0.9965280916003810E+00
                          0.1000200096516244E+01
                          0.1003882240043827E+01
                          0.1007574540828158E+01
                          0.1011277017531398E+01
                          0.1014989688832835E+01
                          0.1018712573428884E+01
                          0.1022445690033090E+01
                          0.1026189057376127E+01
                          0.1029942694205794E+01
                          0.1033706619287023E+01
                          0.1037480851401873E+01
                          0.1041265409349529E+01
                          0.1045060311946309E+01
                          0.1048865578025654E+01
                          0.1052681226438139E+01
                          0.1056507276051463E+01
                          0.1060343745750456E+01
                          0.1064190654437075E+01
                          0.1068048021030408E+01
                          0.1071915864466668E+01
                          0.1075794203699200E+01
                          0.1079683057698474E+01
                          0.1083582445452092E+01
                          0.1087492385964781E+01
                          0.1091412898258398E+01
                          0.1095344001371930E+01
                          0.1099285714361491E+01
                          0.1103238056300323E+01
                          0.1107201046278797E+01
                          0.1111174703404412E+01
                          0.1115159046801797E+01
                          0.1119154095612708E+01
                          0.1123159868996030E+01
                          0.1127176386127776E+01
                          0.1131203666201089E+01
                          0.1135241728426239E+01
                          0.1139290592030624E+01
                          0.1143350276258772E+01
                          0.1147420800372339E+01
                          0.1151502183650108E+01
                          0.1155594445387994E+01
                          0.1159697604899036E+01
                          0.1163811681513405E+01
                          0.1167936694578399E+01
                          0.1172072663458444E+01
                          0.1176219607535096E+01
                          0.1180377546207038E+01
                          0.1184546498890083E+01
                          0.1188726485017170E+01
                          0.1192917524038369E+01
                          0.1197119635420878E+01
                          0.1201332838649022E+01
                          0.1205557153224257E+01
                          0.1209792598665163E+01
                          0.1214039194507454E+01
                          0.1218296960303968E+01
                          0.1222565915624676E+01
                          0.1226846080056672E+01
                          0.1231137473204185E+01
                          0.1235440114688565E+01
                          0.1239754024148295E+01
                          0.1244079221238986E+01
                          0.1248415725633378E+01
                          0.1252763557021340E+01
                          0.1257122735109865E+01
                          0.1261493279623080E+01
                          0.1265875210302237E+01
                          0.1270268546905718E+01
                          0.1274673309209033E+01
                          0.1279089517004820E+01
                          0.1283517190102846E+01
                          0.1287956348330008E+01
                          0.1292407011530328E+01
                          0.1296869199564961E+01
                          0.1301342932312185E+01
                          0.1305828229667412E+01
                          0.1310325111543178E+01
                          0.1314833597869149E+01
                          0.1319353708592123E+01
                          0.1323885463676020E+01
                          0.1328428883101893E+01
                          0.1332983986867922E+01
                          0.1337550794989416E+01
                          0.1342129327498812E+01
                          0.1346719604445677E+01
                          0.1351321645896703E+01
                          0.1355935471935714E+01
                          0.1360561102663660E+01
                          0.1365198558198622E+01
                          0.1369847858675807E+01
                          0.1374509024247552E+01
                          0.1379182075083323E+01
                          0.1383867031369712E+01
                          0.1388563913310441E+01
                          0.1393272741126360E+01
                          0.1397993535055450E+01
                          0.1402726315352818E+01
                          0.1407471102290697E+01
                          0.1412227916158455E+01
                          0.1416996777262582E+01
                          0.1421777705926700E+01
                          0.1426570722491560E+01
                          0.1431375847315041E+01
                          0.1436193100772147E+01
                          0.1441022503255015E+01
                          0.1445864075172908E+01
                          0.1450717836952218E+01
                          0.1455583809036465E+01
                          0.1460462011886300E+01
                          0.1465352465979500E+01
                          0.1470255191810971E+01
                          0.1475170209892746E+01
                          0.1480097540753990E+01
                          0.1485037204940993E+01
                          0.1489989223017175E+01
                          0.1494953615563086E+01
                          0.1499930403176404E+01
                          0.1504919606471929E+01
                          0.1509921246081600E+01
                          0.1514935342654477E+01
                          0.1519961916856752E+01
                          0.1525000989371744E+01
                          0.1530052580899898E+01
                          0.1535116712158796E+01
                          0.1540193403883138E+01
                          0.1545282676824757E+01
                          0.1550384551752618E+01
                          0.1555499049452809E+01
                          0.1560626190728549E+01
                          0.1565765996400185E+01
                          0.1570918487305193E+01
                          0.1576083684298177E+01
                          0.1581261608250869E+01
                          0.1586452280052131E+01
                          0.1591655720607949E+01
                          0.1596871950841446E+01
                          0.1602100991692866E+01
                          0.1607342864119584E+01
                          0.1612597589096102E+01
                          0.1617865187614056E+01
                          0.1623145680682201E+01
                          0.1628439089326429E+01
                          0.1633745434589757E+01
                          0.1639064737532331E+01
                          0.1644397019231424E+01
                          0.1649742300781439E+01
                          0.1655100603293907E+01
                          0.1660471947897488E+01
                          0.1665856355737972E+01
                          0.1671253847978272E+01
                          0.1676664445798437E+01
                          0.1682088170395639E+01
                          0.1687525042984177E+01
                          0.1692975084795487E+01
                          0.1698438317078123E+01
                          0.1703914761097774E+01
                          0.1709404438137259E+01
                          0.1714907369496518E+01
                          0.1720423576492626E+01
                          0.1725953080459785E+01
                          0.1731495902749324E+01
                          0.1737052064729701E+01
                          0.1742621587786504E+01
                          0.1748204493322447E+01
                          0.1753800802757373E+01
                          0.1759410537528256E+01
                          0.1765033719089197E+01
                          0.1770670368911423E+01
                          0.1776320508483294E+01
                          0.1781984159310295E+01
                          0.1787661342915040E+01
                          0.1793352080837273E+01
                          0.1799056394633864E+01
                          0.1804774305878815E+01
                          0.1810505836163256E+01
                          0.1816251007095441E+01
                          0.1822009840300755E+01
                          0.1827782357421712E+01
                          0.1833568580117958E+01
                          0.1839368530066261E+01
                          0.1845182228960520E+01
                          0.1851009698511763E+01
                          0.1856850960448149E+01
                          0.1862706036514959E+01
                          0.1868574948474608E+01
                          0.1874457718106640E+01
                          0.1880354367207722E+01
                          0.1886264917591652E+01
                          0.1892189391089360E+01
                          0.1898127809548901E+01
                          0.1904080194835458E+01
                          0.1910046568831345E+01
                          0.1916026953436000E+01
                          0.1922021370565997E+01
                          0.1928029842155031E+01
                          0.1934052390153930E+01
                          0.1940089036530646E+01
                          0.1946139803270267E+01
                          0.1952204712375003E+01
                          0.1958283785864193E+01
                          0.1964377045774307E+01
                          0.1970484514158942E+01
                          0.1976606213088824E+01
                          0.1982742164651807E+01
                          0.1988892390952876E+01
                          0.1995056914114139E+01
                          0.2001235756274837E+01
                          0.2007428939591338E+01
                          0.2013636486237141E+01
                          0.2019858418402869E+01
                          0.2026094758296273E+01
                          0.2032345528142239E+01
                          0.2038610750182778E+01
                          0.2044890446677026E+01
                          0.2051184639901253E+01
                          0.2057493352148856E+01
                          0.2063816605730355E+01
                          0.2070154422973404E+01
                          0.2076506826222789E+01
                          0.2082873837840416E+01
                          0.2089255480205325E+01
                          0.2095651775713681E+01
                          0.2102062746778781E+01
                          0.2108488415831048E+01
                          0.2114928805318034E+01
                          0.2121383937704422E+01
                          0.2127853835472019E+01
                          0.2134338521119763E+01
                          0.2140838017163722E+01
                          0.2147352346137088E+01
                          0.2153881530590187E+01
                          0.2160425593090466E+01
                          0.2166984556222509E+01
                          0.2173558442588024E+01
                          0.2180147274805848E+01
                          0.2186751075511946E+01
                          0.2193369867359412E+01
                          0.2200003673018469E+01
                          0.2206652515176467E+01
                          0.2213316416537887E+01
                          0.2219995399824337E+01
                          0.2226689487774550E+01
                          0.2233398703144396E+01
                          0.2240123068706863E+01
                          0.2246862607252077E+01
                          0.2253617341587285E+01
                          0.2260387294536869E+01
                          0.2267172488942333E+01
                          0.2273972947662316E+01
                          0.2280788693572580E+01
                          0.2287619749566018E+01
                          0.2294466138552651E+01
                          0.2301327883459630E+01
                          0.2308205007231232E+01
                          0.2315097532828862E+01
                          0.2322005483231057E+01
                          0.2328928881433483E+01
                          0.2335867750448926E+01
                          0.2342822113307311E+01
                          0.2349791993055685E+01
                          0.2356777412758226E+01
                          0.2363778395496240E+01
                          0.2370794964368162E+01
                          0.2377827142489553E+01
                          0.2384874952993105E+01
                          0.2391938419028640E+01
                          0.2399017563763104E+01
                          0.2406112410380574E+01
                          0.2413222982082256E+01
                          0.2420349302086483E+01
                          0.2427491393628715E+01
                          0.2434649279961548E+01
                          0.2441822984354696E+01
                          0.2449012530095011E+01
                          0.2456217940486465E+01
                          0.2463439238850164E+01
                          0.2470676448524344E+01
                          0.2477929592864361E+01
                          0.2485198695242710E+01
                          0.2492483779049007E+01
                          0.2499784867689999E+01
                          0.2507101984589561E+01
                          0.2514435153188699E+01
                          0.2521784396945543E+01
                          0.2529149739335353E+01
                          0.2536531203850523E+01
                          0.2543928814000567E+01
                          0.2551342593312133E+01
                          0.2558772565328992E+01
                          0.2566218753612053E+01
                          0.2573681181739344E+01
                          0.2581159873306025E+01
                          0.2588654851924387E+01
                          0.2596166141223845E+01
                          0.2603693764850945E+01
                          0.2611237746469363E+01
                          0.2618798109759899E+01
                          0.2626374878420485E+01
                          0.2633968076166179E+01
                          0.2641577726729171E+01
                          0.2649203853858779E+01
                          0.2656846481321444E+01
                          0.2664505632900743E+01
                          0.2672181332397373E+01
                          0.2679873603629170E+01
                          0.2687582470431090E+01
                          0.2695307956655220E+01
                          0.2703050086170777E+01
                          0.2710808882864104E+01
                          0.2718584370638673E+01
                          0.2726376573415090E+01
                          0.2734185515131078E+01
                          0.2742011219741500E+01
                          0.2749853711218341E+01
                          0.2757713013550716E+01
                          0.2765589150744868E+01
                          0.2773482146824170E+01
                          0.2781392025829124E+01
                          0.2789318811817354E+01
                          0.2797262528863625E+01
                          0.2805223201059816E+01
                          0.2813200852514944E+01
                          0.2821195507355155E+01
                          0.2829207189723714E+01
                          0.2837235923781028E+01
                          0.2845281733704620E+01
                          0.2853344643689149E+01
                          0.2861424677946399E+01
                          0.2869521860705284E+01
                          0.2877636216211849E+01
                          0.2885767768729261E+01
                          0.2893916542537822E+01
                          0.2902082561934957E+01
                          0.2910265851235224E+01
                          0.2918466434770308E+01
                          0.2926684336889021E+01
                          0.2934919581957306E+01
                          0.2943172194358228E+01
                          0.2951442198491996E+01
                          0.2959729618775926E+01
                          0.2968034479644480E+01
                          0.2976356805549238E+01
                          0.2984696620958915E+01
                          0.2993053950359353E+01
                          0.3001428818253518E+01
                          0.3009821249161511E+01
                          0.3018231267620555E+01
                          0.3026658898185008E+01
                          0.3035104165426350E+01
                          0.3043567093933197E+01
                          0.3052047708311285E+01
                          0.3060546033183488E+01
                          0.3069062093189800E+01
                          0.3077595912987344E+01
                          0.3086147517250376E+01
                          0.3094716930670282E+01
                          0.3103304177955568E+01
                          0.3111909283831877E+01
                          0.3120532273041974E+01
                          0.3129173170345760E+01
                          0.3137832000520258E+01
                          0.3146508788359618E+01
                          0.3155203558675129E+01
                          0.3163916336295195E+01
                          0.3172647146065358E+01
                          0.3181396012848286E+01
                          0.3190162961523771E+01
                          0.3198948016988738E+01
                          0.3207751204157244E+01
                          0.3216572547960470E+01
                          0.3225412073346721E+01
                          0.3234269805281439E+01
                          0.3243145768747191E+01
                          0.3252039988743667E+01
                          0.3260952490287697E+01
                          0.3269883298413230E+01
                          0.3278832438171348E+01
                          0.3287799934630257E+01
                          0.3296785812875298E+01
                          0.3305790098008936E+01
                          0.3314812815150767E+01
                          0.3323853989437508E+01
                          0.3332913646023017E+01
                          0.3341991810078271E+01
                          0.3351088506791381E+01
                          0.3360203761367584E+01
                          0.3369337599029241E+01
                          0.3378490045015846E+01
                          0.3387661124584026E+01
                          0.3396850863007530E+01
                          0.3406059285577234E+01
                          0.3415286417601150E+01
                          0.3424532284404412E+01
                          0.3433796911329285E+01
                          0.3443080323735165E+01
                          0.3452382546998568E+01
                          0.3461703606513152E+01
                          0.3471043527689686E+01
                          0.3480402335956083E+01
                          0.3489780056757378E+01
                          0.3499176715555734E+01
                          0.3508592337830445E+01
                          0.3518026949077929E+01
                          0.3527480574811738E+01
                          0.3536953240562551E+01
                          0.3546444971878172E+01
                          0.3555955794323536E+01
                          0.3565485733480708E+01
                          0.3575034814948875E+01
                          0.3584603064344365E+01
                          0.3594190507300621E+01
                          0.3603797169468227E+01
                          0.3613423076514877E+01
                          0.3623068254125416E+01
                          0.3632732728001801E+01
                          0.3642416523863126E+01
                          0.3652119667445610E+01
                          0.3661842184502600E+01
                          0.3671584100804573E+01
                          0.3681345442139136E+01
                          0.3691126234311021E+01
                          0.3700926503142088E+01
                          0.3710746274471331E+01
                          0.3720585574154864E+01
                          0.3730444428065939E+01
                          0.3740322862094932E+01
                          0.3750220902149349E+01
                          0.3760138574153816E+01
                          0.3770075904050100E+01
                          0.3780032917797087E+01
                          0.3790009641370802E+01
                          0.3800006100764382E+01
                          0.3810022321988111E+01
                          0.3820058331069388E+01
                          0.3830114154052747E+01
                          0.3840189816999847E+01
                          0.3850285345989477E+01
                          0.3860400767117559E+01
                          0.3870536106497136E+01
                          0.3880691390258380E+01
                          0.3890866644548598E+01
                          0.3901061895532218E+01
                          0.3911277169390805E+01
                          0.3921512492323044E+01
                          0.3931767890544753E+01
                          0.3942043390288876E+01
                          0.3952339017805492E+01
                          0.3962654799361796E+01
                          0.3972990761242119E+01
                          0.3983346929747928E+01
                          0.3993723331197804E+01
                          0.4004119991927467E+01
                          0.4014536938289760E+01
                          0.4024974196654656E+01
                          0.4035431793409259E+01
                          0.4045909754957798E+01
                          0.4056408107721627E+01
                          0.4066926878139241E+01
                          0.4077466092666252E+01
                          0.4088025777775401E+01
                          0.4098605959956566E+01
                          0.4109206665716746E+01
                          0.4119827921580072E+01
                          0.4130469754087795E+01
                          0.4141132189798311E+01
                          0.4151815255287133E+01
                          0.4162518977146894E+01
                          0.4173243381987381E+01
                          0.4183988496435484E+01
                          0.4194754347135238E+01
                          0.4205540960747793E+01
                          0.4216348363951441E+01
                          0.4227176583441597E+01
                          0.4238025645930799E+01
                          0.4248895578148725E+01
                          0.4259786406842164E+01
                          0.4270698158775054E+01
                          0.4281630860728447E+01
                          0.4292584539500533E+01
                          0.4303559221906617E+01
                          0.4314554934779146E+01
                          0.4325571704967693E+01
                          0.4336609559338955E+01
                          0.4347668524776754E+01
                          0.4358748628182057E+01
                          0.4369849896472942E+01
                          0.4380972356584621E+01
                          0.4392116035469440E+01
                          0.4403280960096861E+01
                          0.4414467157453488E+01
                          0.4425674654543047E+01
                          0.4436903478386395E+01
                          0.4448153656021513E+01
                          0.4459425214503518E+01
                          0.4470718180904642E+01
                          0.4482032582314261E+01
                          0.4493368445838873E+01
                          0.4504725798602104E+01
                          0.4516104667744700E+01
                          0.4527505080424556E+01
                          0.4538927063816675E+01
                          0.4550370645113206E+01
                          0.4561835851523411E+01
                          0.4573322710273684E+01
                          0.4584831248607559E+01
                          0.4596361493785683E+01
                          0.4607913473085843E+01
                          0.4619487213802949E+01
                          0.4631082743249038E+01
                          0.4642700088753280E+01
                          0.4654339277661970E+01
                          0.4666000337338533E+01
                          0.4677683295163525E+01
                          0.4689388178534626E+01
                          0.4701115014866642E+01
                          0.4712863831591522E+01
                          0.4724634656158323E+01
                          0.4736427516033242E+01
                          0.4748242438699611E+01
                          0.4760079451657877E+01
                          0.4771938582425621E+01
                          0.4783819858537550E+01
                          0.4795723307545509E+01
                          0.4807648957018459E+01
                          0.4819596834542500E+01
                          0.4831566967720846E+01
                          0.4843559384173861E+01
                          0.4855574111539016E+01
                          0.4867611177470929E+01
                          0.4879670609641323E+01
                          0.4891752435739081E+01
                          0.4903856683470184E+01
                          0.4915983380557763E+01
                          0.4928132554742065E+01
                          0.4940304233780474E+01
                          0.4952498445447491E+01
                          0.4964715217534760E+01
                          0.4976954577851044E+01
                          0.4989216554222236E+01
                          0.5001501174491358E+01
                          0.5013808466518558E+01
                          0.5026138458181121E+01
                          0.5038491177373452E+01
                          0.5050866652007086E+01
                          0.5063264910010684E+01
                          0.5075685979330047E+01
                          0.5088129887928090E+01
                          0.5100596663784867E+01
                          0.5113086334897557E+01
                          0.5125598929280463E+01
                          0.5138134474965025E+01
                          0.5150692999999800E+01
                          0.5163274532450488E+01
                          0.5175879100399905E+01
                          0.5188506731947998E+01
                          0.5201157455211852E+01
                          0.5213831298325673E+01
                          0.5226528289440788E+01
                          0.5239248456725667E+01
                          0.5251991828365894E+01
                          0.5264758432564201E+01
                          0.5277548297540426E+01
                          0.5290361451531547E+01
                          0.5303197922791679E+01
                          0.5316057739592049E+01
                          0.5328940930221019E+01
                          0.5341847522984078E+01
                          0.5354777546203852E+01
                          0.5367731028220087E+01
                          0.5380707997389660E+01
                          0.5393708482086566E+01
                          0.5406732510701951E+01
                          0.5419780111644075E+01
                          0.5432851313338318E+01
                          0.5445946144227212E+01
                          0.5459064632770398E+01
                          0.5472206807444651E+01
                          0.5485372696743880E+01
                          0.5498562329179113E+01
                          0.5511775733278513E+01
                          0.5525012937587365E+01
                          0.5538273970668094E+01
                          0.5551558861100246E+01
                          0.5564867637480495E+01
                          0.5578200328422636E+01
                          0.5591556962557615E+01
                          0.5604937568533486E+01
                          0.5618342175015440E+01
                          0.5631770810685785E+01
                          0.5645223504243982E+01
                          0.5658700284406595E+01
                          0.5672201179907328E+01
                          0.5685726219497017E+01
                          0.5699275431943621E+01
                          0.5712848846032228E+01
                          0.5726446490565045E+01
                          0.5740068394361431E+01
                          0.5753714586257854E+01
                          0.5767385095107912E+01
                          0.5781079949782345E+01
                          0.5794799179169008E+01
                          0.5808542812172884E+01
                          0.5822310877716096E+01
                          0.5836103404737885E+01
                          0.5849920422194629E+01
                          0.5863761959059822E+01
                          0.5877628044324100E+01
                          0.5891518706995211E+01
                          0.5905433976098056E+01
                          0.5919373880674646E+01
                          0.5933338449784117E+01
                          0.5947327712502751E+01
                          0.5961341697923950E+01
                          0.5975380435158230E+01
                          0.5989443953333265E+01
                          0.6003532281593833E+01
                          0.6017645449101850E+01
                          0.6031783485036355E+01
                          0.6045946418593529E+01
                          0.6060134278986666E+01
                          0.6074347095446197E+01
                          0.6088584897219673E+01
                          0.6102847713571790E+01
                          0.6117135573784355E+01
                          0.6131448507156308E+01
                          0.6145786543003730E+01
                          0.6160149710659814E+01
                          0.6174538039474885E+01
                          0.6188951558816408E+01
                          0.6203390298068965E+01
                          0.6217854286634267E+01
                          0.6232343553931157E+01
                          0.6246858129395600E+01
                          0.6261398042480705E+01
                          0.6275963322656693E+01
                          0.6290553999410925E+01
                          0.6305170102247873E+01
                          0.6319811660689165E+01
                          0.6334478704273536E+01
                          0.6349171262556850E+01
                          0.6363889365112116E+01
                          0.6378633041529455E+01
                          0.6393402321416123E+01
                          0.6408197234396496E+01
                          0.6423017810112100E+01
                          0.6437864078221568E+01
                          0.6452736068400667E+01
                          0.6467633810342301E+01
                          0.6482557333756491E+01
                          0.6497506668370395E+01
                          0.6512481843928287E+01
                          0.6527482890191592E+01
                          0.6542509836938843E+01
                          0.6557562713965708E+01
                          0.6572641551084979E+01
                          0.6587746378126593E+01
                          0.6602877224937597E+01
                          0.6618034121382173E+01
                          0.6633217097341628E+01
                          0.6648426182714413E+01
                          0.6663661407416087E+01
                          0.6678922801379342E+01
                          0.6694210394554015E+01
                          0.6709524216907053E+01
                          0.6724864298422538E+01
                          0.6740230669101678E+01
                          0.6755623358962808E+01
                          0.6771042398041407E+01
                          0.6786487816390061E+01
                          0.6801959644078491E+01
                          0.6817457911193562E+01
                          0.6832982647839248E+01
                          0.6848533884136652E+01
                          0.6864111650224026E+01
                          0.6879715976256727E+01
                          0.6895346892407252E+01
                          0.6911004428865223E+01
                          0.6926688615837389E+01
                          0.6942399483547640E+01
                          0.6958137062236979E+01
                          0.6973901382163535E+01
                          0.6989692473602585E+01
                          0.7005510366846524E+01
                          0.7021355092204870E+01
                          0.7037226680004272E+01
                          0.7053125160588513E+01
                          0.7069050564318503E+01
                          0.7085002921572271E+01
                          0.7100982262744991E+01
                          0.7116988618248953E+01
                          0.7133022018513581E+01
                          0.7149082493985421E+01
                          0.7165170075128148E+01
                          0.7181284792422583E+01
                          0.7197426676366652E+01
                          0.7213595757475417E+01
                          0.7229792066281079E+01
                          0.7246015633332954E+01
                          0.7262266489197503E+01
                          0.7278544664458284E+01
                          0.7294850189716022E+01
                          0.7311183095588541E+01
                          0.7327543412710815E+01
                          0.7343931171734920E+01
                          0.7360346403330089E+01
                          0.7376789138182670E+01
                          0.7393259406996139E+01
                          0.7409757240491104E+01
                          0.7426282669405301E+01
                          0.7442835724493587E+01
                          0.7459416436527952E+01
                          0.7476024836297524E+01
                          0.7492660954608550E+01
                          0.7509324822284397E+01
                          0.7526016470165587E+01
                          0.7542735929109743E+01
                          0.7559483229991631E+01
                          0.7576258403703140E+01
                          0.7593061481153281E+01
                          0.7609892493268219E+01
                          0.7626751470991222E+01
                          0.7643638445282686E+01
                          0.7660553447120162E+01
                          0.7677496507498300E+01
                          0.7694467657428887E+01
                          0.7711466927940854E+01
                          0.7728494350080239E+01
                          0.7745549954910222E+01
                          0.7762633773511098E+01
                          0.7779745836980315E+01
                          0.7796886176432425E+01
                          0.7814054822999116E+01
                          0.7831251807829209E+01
                          0.7848477162088640E+01
                          0.7865730916960505E+01
                          0.7883013103644988E+01
                          0.7900323753359434E+01
                          0.7917662897338298E+01
                          0.7935030566833171E+01
                          0.7952426793112759E+01
                          0.7969851607462925E+01
                          0.7987305041186635E+01
                          0.8004787125603986E+01
                          0.8022297892052221E+01
                          0.8039837371885694E+01
                          0.8057405596475892E+01
                          0.8075002597211427E+01
                          0.8092628405498054E+01
                          0.8110283052758648E+01
                          0.8127966570433202E+01
                          0.8145678989978849E+01
                          0.8163420342869845E+01
                          0.8181190660597586E+01
                          0.8198989974670585E+01
                          0.8216818316614477E+01
                          0.8234675717972053E+01
                          0.8252562210303200E+01
                          0.8270477825184946E+01
                          0.8288422594211461E+01
                          0.8306396548994028E+01
                          0.8324399721161056E+01
                          0.8342432142358099E+01
                          0.8360493844247822E+01
                          0.8378584858510026E+01
                          0.8396705216841648E+01
                          0.8414854950956725E+01
                          0.8433034092586468E+01
                          0.8451242673479175E+01
                          0.8469480725400304E+01
                          0.8487748280132415E+01
                          0.8506045369475205E+01
                          0.8524372025245514E+01
                          0.8542728279277283E+01
                          0.8561114163421619E+01
                          0.8579529709546723E+01
                          0.8597974949537935E+01
                          0.8616449915297729E+01
                          0.8634954638745711E+01
                          0.8653489151818603E+01
                          0.8672053486470254E+01
                          0.8690647674671663E+01
                          0.8709271748410940E+01
                          0.8727925739693323E+01
                          0.8746609680541177E+01
                          0.8765323602994004E+01
                          0.8784067539108444E+01
                          0.8802841520958236E+01
                          0.8821645580634270E+01
                          0.8840479750244558E+01
                          0.8859344061914246E+01
                          0.8878238547785600E+01
                          0.8897163240018012E+01
                          0.8916118170788019E+01
                          0.8935103372289273E+01
                          0.8954118876732554E+01
                          0.8973164716345774E+01
                          0.8992240923373975E+01
                          0.9011347530079332E+01
                          0.9030484568741134E+01
                          0.9049652071655800E+01
                          0.9068850071136906E+01
                          0.9088078599515111E+01
                          0.9107337689138252E+01
                          0.9126627372371244E+01
                          0.9145947681596169E+01
                          0.9165298649212222E+01
                          0.9184680307635720E+01
                          0.9204092689300129E+01
                          0.9223535826656020E+01
                          0.9243009752171124E+01
                          0.9262514498330248E+01
                          0.9282050097635384E+01
                          0.9301616582605622E+01
                          0.9321213985777185E+01
                          0.9340842339703419E+01
                          0.9360501676954815E+01
                          0.9380192030118991E+01
                          0.9399913431800664E+01
                          0.9419665914621717E+01
                          0.9439449511221142E+01
                          0.9459264254255062E+01
                          0.9479110176396716E+01
                          0.9498987310336508E+01
                          0.9518895688781930E+01
                          0.9538835344457635E+01
                          0.9558806310105375E+01
                          0.9578808618484056E+01
                          0.9598842302369695E+01
                          0.9618907394555432E+01
                          0.9639003927851570E+01
                          0.9659131935085504E+01
                          0.9679291449101774E+01
                          0.9699482502762043E+01
                          0.9719705128945110E+01
                          0.9739959360546898E+01
                          0.9760245230480454E+01
                          0.9780562771675948E+01
                          0.9800912017080709E+01
                          0.9821292999659160E+01
                          0.9841705752392865E+01
                          0.9862150308280526E+01
                          0.9882626700337960E+01
                          0.9903134961598111E+01
                          0.9923675125111071E+01
                          0.9944247223944037E+01
                          0.9964851291181343E+01
                          0.9985487359924470E+01
                          0.1000615546329199E+02
                          0.1002685563441964E+02
                          0.1004758790646025E+02
                          0.1006835231258382E+02
                          0.1008914888597745E+02
                          0.1010997765984537E+02
                          0.1013083866740894E+02
                          0.1015173194190666E+02
                          0.1017265751659416E+02
                          0.1019361542474417E+02
                          0.1021460569964656E+02
                          0.1023562837460838E+02
                          0.1025668348295371E+02
                          0.1027777105802385E+02
                          0.1029889113317718E+02
                          0.1032004374178921E+02
                          0.1034122891725260E+02
                          0.1036244669297713E+02
                          0.1038369710238969E+02
                          0.1040498017893434E+02
                          0.1042629595607221E+02
                          0.1044764446728161E+02
                          0.1046902574605796E+02
                          0.1049043982591380E+02
                          0.1051188674037881E+02
                          0.1053336652299980E+02
                          0.1055487920734068E+02
                          0.1057642482698254E+02
                          0.1059800341552356E+02
                          0.1061961500657905E+02
                          0.1064125963378147E+02
                          0.1066293733078039E+02
                          0.1068464813124250E+02
                          0.1070639206885166E+02
                          0.1072816917730881E+02
                          0.1074997949033205E+02
                          0.1077182304165659E+02
                          0.1079369986503477E+02
                          0.1081560999423609E+02
                          0.1083755346304714E+02
                          0.1085953030527163E+02
                          0.1088154055473045E+02
                          0.1090358424526159E+02
                          0.1092566141072015E+02
                          0.1094777208497837E+02
                          0.1096991630192564E+02
                          0.1099209409546846E+02
                          0.1101430549953046E+02
                          0.1103655054805241E+02
                          0.1105882927499216E+02
                          0.1108114171432476E+02
                          0.1110348790004236E+02
                          0.1112586786615422E+02
                          0.1114828164668674E+02
                          0.1117072927568345E+02
                          0.1119321078720501E+02
                          0.1121572621532922E+02
                          0.1123827559415098E+02
                          0.1126085895778234E+02
                          0.1128347634035248E+02
                          0.1130612777600768E+02
                          0.1132881329891139E+02
                          0.1135153294324416E+02
                          0.1137428674320368E+02
                          0.1139707473300476E+02
