 Surface temperature vs. time [K]
    270.0000
    264.9781
    260.0399
    255.4188
    251.1179
    247.1020
    243.3486
    239.8239
    236.5087
    233.3827
    230.4295
    227.6367
    224.9904
    222.4807
    220.0971
    217.8317
    215.6761
    213.6254
    211.6734
    209.8128
    208.0379
    206.3456
    204.7312
    203.1902
    201.7185
    200.3135
    198.9718
    197.6903
    196.4655
    195.2967
    194.1800
    193.1133
    192.0933
    191.1183
    190.1869
    189.2981
    188.4480
    187.6377
    186.8629
    186.1240
    185.4183
    184.7456
    184.1040
    183.4928
    182.9092
    182.3539
    181.8250
    181.3223
    180.8430
    180.3879
    179.9547
    179.5440
    179.1538
    178.7837
    178.4329
    178.1010
    177.7867
    177.4898
    177.2097
    176.9452
    176.6960
    176.4617
    176.2420
    176.0356
    175.8428
    175.6620
    175.4933
    175.3362
    175.1907
    175.0554
    174.9308
    174.8157
    174.7104
    174.6140
    174.5267
    174.4472
    174.3759
    174.3121
    174.2560
    174.2068
    174.1646
    174.1287
    174.0992
    174.0755
    174.0579
    174.0454
    174.0383
    174.0361
    174.0388
    174.0456
    174.0569
    174.0724
    174.0918
    174.1146
    174.1413
    174.1710
    174.2040
    174.2402
    174.2792
    174.3209
    174.3652
    174.4120
    174.4612
    174.5127
    174.5665
    174.6225
    174.6806
    174.7404
    174.8023
    174.8660
    174.9317
    174.9990
    175.0679
    175.1386
    175.2104
    175.2838
    175.3588
    175.4350
    175.5125
    175.5909
    175.6707
    175.7515
    175.8334
    175.9163
    176.0000
    176.0849
    176.1707
    176.2574
    176.3449
    176.4330
    176.5220
    176.6119
    176.7022
    176.7930
    176.8845
    176.9765
    177.0689
    177.1619
    177.2554
    177.3492
    177.4434
    177.5382
    177.6331
    177.7284
    177.8241
    177.9202
    178.0162
    178.1129
    178.2098
    178.3068
    178.4040
    178.5016
    178.5993
    178.6972
    178.7953
    178.8934
    178.9916
    179.0898
    179.1879
    179.2861
    179.3843
    179.4825
    179.5805
    179.6787
    179.7769
    179.8751
    179.9730
    180.0706
    180.1682
    180.2657
    180.3628
    180.4599
    180.5566
    180.6533
    180.7498
    180.8460
    180.9420
    181.0376
    181.1331
    181.2284
    181.3235
    181.4182
    181.5126
    181.6068
    181.7002
    181.7935
    181.8867
    181.9791
    182.0715
    182.1635
    182.2548
    182.3460
    182.4368
    182.5272
    182.6174
    182.7070
    182.7962
    182.8849
    182.9731
    183.0610
    183.1483
    183.2353
    183.3220
    183.4082
    183.4940
    183.5794
    183.6643
    183.7488
    183.8329
    183.9167
    183.9998
    184.0825
    184.1649
    184.2468
    184.3283
    184.4091
    184.4895
    184.5694
    184.6489
    184.7279
    184.8064
    184.8845
    184.9621
    185.0395
    185.1163
    185.1927
    185.2686
    185.3442
    185.4195
    185.4942
    185.5687
    185.6425
    185.7162
    185.7894
    185.8618
    185.9340
    186.0055
    186.0767
    186.1473
    186.2176
    186.2871
    186.3563
    186.4249
    186.4931
    186.5608
    186.6283
    186.6951
    186.7612
    186.8271
    186.8925
    186.9575
    187.0220
    187.0860
    187.1495
    187.2126
    187.2752
    187.3376
    187.3997
    187.4613
    187.5226
    187.5834
    187.6437
    187.7040
    187.7640
    187.8233
    187.8823
    187.9409
    187.9988
    188.0563
    188.1131
    188.1695
    188.2252
    188.2807
    188.3356
    188.3903
    188.4444
    188.4980
    188.5511
    188.6038
    188.6562
    188.7081
    188.7596
    188.8107
    188.8614
    188.9116
    188.9615
    189.0110
    189.0599
    189.1086
    189.1567
    189.2044
    189.2517
    189.2990
    189.3457
    189.3919
    189.4377
    189.4830
    189.5275
    189.5715
    189.6149
    189.6580
    189.7003
    189.7425
    189.7841
    189.8253
    189.8657
    189.9058
    189.9455
    189.9847
    190.0235
    190.0619
    190.0997
    190.1372
    190.1742
    190.2110
    190.2473
    190.2835
    190.3191
    190.3545
    190.3893
    190.4235
    190.4574
    190.4908
    190.5238
    190.5566
    190.5891
    190.6212
    190.6528
    190.6840
    190.7146
    190.7450
    190.7748
    190.8045
    190.8337
    190.8628
    190.8916
    190.9200
    190.9480
    190.9755
    191.0025
    191.0291
    191.0553
    191.0813
    191.1069
    191.1323
    191.1577
    191.1824
    191.2070
    191.2312
    191.2552
    191.2790
    191.3023
    191.3254
    191.3480
    191.3704
    191.3923
    191.4139
    191.4351
    191.4558
    191.4764
    191.4971
    191.5173
    191.5371
    191.5565
    191.5756
    191.5943
    191.6127
    191.6306
    191.6481
    191.6650
    191.6815
    191.6975
    191.7131
    191.7282
    191.7429
    191.7572
    191.7712
    191.7847
    191.7979
    191.8107
    191.8232
    191.8353
    191.8472
    191.8587
    191.8700
    191.8809
    191.8916
    191.9019
    191.9122
    191.9223
    191.9323
    191.9419
    191.9514
    191.9604
    191.9694
    191.9778
    191.9858
    191.9931
    192.0001
    192.0065
    192.0126
    192.0181
    192.0234
    192.0282
    192.0329
    192.0370
    192.0411
    192.0447
    192.0483
    192.0514
    192.0545
    192.0572
    192.0599
    192.0623
    192.0647
    192.0667
    192.0688
    192.0705
    192.0724
    192.0739
    192.0755
    192.0768
    192.0782
    192.0793
    192.0806
    192.0815
    192.0827
    192.0835
    192.0845
    192.0851
    192.0860
    192.0866
    192.0873
    192.0878
    192.0885
    192.0889
    192.0895
    192.0899
    192.0904
    192.0907
    192.0913
    192.0915
    192.0920
    192.0922
    192.0926
    192.0927
    192.0931
    192.0932
    192.0935
    192.0936
    192.0939
    192.0940
    192.0943
    192.0943
    192.0946
    192.0946
    192.0948
    192.0948
    192.0950
    192.0950
    192.0952
    192.0952
    192.0954
    192.0953
    192.0955
    192.0954
    192.0956
    192.0956
    192.0957
    192.0957
    192.0958
    192.0957
    192.0959
    192.0958
    192.0960
    192.0959
    192.0960
    192.0959
    192.0961
    192.0960
    192.0961
    192.0960
    192.0961
    192.0960
    192.0962
    192.0961
    192.0962
    192.0961
    192.0962
    192.0961
    192.0962
    192.0961
    192.0963
    192.0961
    192.0963
    192.0962
    192.0963
    192.0962
    192.0963
    192.0962
