 Spectral outgoing longwave flux [W/m2/cm^-1]
  0.6507E-05
  0.2079E-04
  0.4821E-04
  0.8694E-04
  0.1370E-03
  0.1983E-03
  0.2707E-03
  0.3539E-03
  0.4477E-03
  0.5518E-03
  0.6660E-03
  0.7902E-03
  0.9241E-03
  0.1068E-02
  0.1220E-02
  0.1382E-02
  0.1553E-02
  0.1733E-02
  0.1921E-02
  0.2118E-02
  0.2322E-02
  0.2535E-02
  0.2756E-02
  0.2984E-02
  0.3220E-02
  0.3463E-02
  0.3713E-02
  0.3970E-02
  0.4234E-02
  0.4504E-02
  0.4781E-02
  0.5064E-02
  0.5353E-02
  0.5648E-02
  0.5949E-02
  0.6256E-02
  0.6568E-02
  0.6885E-02
  0.7208E-02
  0.7535E-02
  0.7868E-02
  0.8204E-02
  0.8546E-02
  0.8892E-02
  0.9242E-02
  0.9596E-02
  0.9955E-02
  0.1032E-01
  0.1068E-01
  0.1105E-01
  0.1142E-01
  0.1180E-01
  0.1218E-01
  0.1256E-01
  0.1295E-01
  0.1333E-01
  0.1373E-01
  0.1412E-01
  0.1451E-01
  0.1491E-01
  0.1531E-01
  0.1571E-01
  0.1612E-01
  0.1652E-01
  0.1693E-01
  0.1734E-01
  0.1775E-01
  0.1816E-01
  0.1857E-01
  0.1899E-01
  0.1940E-01
  0.1982E-01
  0.2023E-01
  0.2065E-01
  0.2107E-01
  0.2149E-01
  0.2191E-01
  0.2233E-01
  0.2275E-01
  0.2317E-01
  0.2359E-01
  0.2401E-01
  0.2443E-01
  0.2485E-01
  0.2526E-01
  0.2568E-01
  0.2610E-01
  0.2652E-01
  0.2694E-01
  0.2735E-01
  0.2777E-01
  0.2819E-01
  0.2860E-01
  0.2901E-01
  0.2943E-01
  0.2984E-01
  0.3025E-01
  0.3066E-01
  0.3106E-01
  0.3147E-01
  0.3187E-01
  0.3228E-01
  0.3268E-01
  0.3308E-01
  0.3348E-01
  0.3388E-01
  0.3427E-01
  0.3467E-01
  0.3506E-01
  0.3545E-01
  0.3584E-01
  0.3623E-01
  0.3662E-01
  0.3700E-01
  0.3739E-01
  0.3777E-01
  0.3815E-01
  0.3853E-01
  0.3891E-01
  0.3928E-01
  0.3966E-01
  0.4003E-01
  0.4040E-01
  0.4077E-01
  0.4115E-01
  0.4151E-01
  0.4188E-01
  0.4225E-01
  0.4262E-01
  0.4299E-01
  0.4335E-01
  0.4372E-01
  0.4408E-01
  0.4445E-01
  0.4481E-01
  0.4518E-01
  0.4554E-01
  0.4591E-01
  0.4628E-01
  0.4665E-01
  0.4701E-01
  0.4738E-01
  0.4775E-01
  0.4812E-01
  0.4849E-01
  0.4887E-01
  0.4924E-01
  0.4961E-01
  0.4999E-01
  0.5037E-01
  0.5075E-01
  0.5113E-01
  0.5152E-01
  0.5191E-01
  0.5229E-01
  0.5268E-01
  0.5308E-01
  0.5347E-01
  0.5387E-01
  0.5427E-01
  0.5466E-01
  0.5506E-01
  0.5548E-01
  0.5588E-01
  0.5629E-01
  0.5671E-01
  0.5708E-01
  0.5754E-01
  0.5797E-01
  0.5838E-01
  0.5880E-01
  0.5923E-01
  0.5966E-01
  0.6008E-01
  0.6051E-01
  0.6095E-01
  0.6137E-01
  0.6182E-01
  0.6225E-01
  0.6270E-01
  0.6313E-01
  0.6354E-01
  0.6399E-01
  0.6445E-01
  0.6489E-01
  0.6533E-01
  0.6575E-01
  0.6622E-01
  0.6664E-01
  0.6707E-01
  0.6750E-01
  0.6794E-01
  0.6836E-01
  0.6878E-01
  0.6920E-01
  0.6961E-01
  0.7000E-01
  0.7040E-01
  0.7080E-01
  0.7122E-01
  0.7161E-01
  0.7198E-01
  0.7221E-01
  0.7269E-01
  0.7308E-01
  0.7343E-01
  0.7377E-01
  0.7410E-01
  0.7442E-01
  0.7472E-01
  0.7501E-01
  0.7530E-01
  0.7551E-01
  0.7580E-01
  0.7604E-01
  0.7628E-01
  0.7648E-01
  0.7667E-01
  0.7684E-01
  0.7702E-01
  0.7707E-01
  0.7724E-01
  0.7690E-01
  0.7746E-01
  0.7753E-01
  0.7726E-01
  0.7767E-01
  0.7773E-01
  0.7774E-01
  0.7773E-01
  0.7770E-01
  0.7761E-01
  0.7764E-01
  0.7758E-01
  0.7751E-01
  0.7743E-01
  0.7732E-01
  0.7720E-01
  0.7707E-01
  0.7695E-01
  0.7679E-01
  0.7658E-01
  0.7639E-01
  0.7629E-01
  0.7610E-01
  0.7591E-01
  0.7570E-01
  0.7550E-01
  0.7528E-01
  0.7505E-01
  0.7482E-01
  0.7458E-01
  0.7436E-01
  0.7411E-01
  0.7387E-01
  0.7363E-01
  0.7337E-01
  0.7312E-01
  0.7280E-01
  0.7261E-01
  0.7236E-01
  0.7208E-01
  0.7184E-01
  0.7159E-01
  0.7134E-01
  0.7108E-01
  0.7083E-01
  0.7057E-01
  0.7033E-01
  0.7008E-01
  0.6983E-01
  0.6959E-01
  0.6935E-01
  0.6912E-01
  0.6888E-01
  0.6865E-01
  0.6842E-01
  0.6820E-01
  0.6798E-01
  0.6772E-01
  0.6755E-01
  0.6735E-01
  0.6714E-01
  0.6693E-01
  0.6675E-01
  0.6654E-01
  0.6637E-01
  0.6618E-01
  0.6601E-01
  0.6584E-01
  0.6566E-01
  0.6549E-01
  0.6533E-01
  0.6518E-01
  0.6502E-01
  0.6486E-01
  0.6471E-01
  0.6457E-01
  0.6443E-01
  0.6428E-01
  0.6415E-01
  0.6402E-01
  0.6388E-01
  0.6375E-01
  0.6363E-01
  0.6351E-01
  0.6338E-01
  0.6326E-01
  0.6315E-01
  0.6304E-01
  0.6292E-01
  0.6281E-01
  0.6271E-01
  0.6260E-01
  0.6250E-01
  0.6239E-01
  0.6230E-01
  0.6220E-01
  0.6211E-01
  0.6201E-01
  0.6193E-01
  0.6184E-01
  0.6175E-01
  0.6166E-01
  0.6158E-01
  0.6150E-01
  0.6141E-01
  0.6133E-01
  0.6125E-01
  0.6118E-01
  0.6110E-01
  0.6102E-01
  0.6095E-01
  0.6088E-01
  0.6080E-01
  0.6072E-01
  0.6066E-01
  0.6058E-01
  0.6051E-01
  0.6044E-01
  0.6037E-01
  0.6030E-01
  0.6023E-01
  0.6015E-01
  0.6008E-01
  0.6001E-01
  0.5993E-01
  0.5986E-01
  0.5978E-01
  0.5970E-01
  0.5962E-01
  0.5954E-01
  0.5945E-01
  0.5936E-01
  0.5927E-01
  0.5919E-01
  0.5909E-01
  0.5899E-01
  0.5888E-01
  0.5878E-01
  0.5866E-01
  0.5854E-01
  0.5843E-01
  0.5831E-01
  0.5818E-01
  0.5804E-01
  0.5790E-01
  0.5776E-01
  0.5761E-01
  0.5745E-01
  0.5729E-01
  0.5713E-01
  0.5694E-01
  0.5677E-01
  0.5659E-01
  0.5640E-01
  0.5611E-01
  0.5597E-01
  0.5577E-01
  0.5556E-01
  0.5532E-01
  0.5509E-01
  0.5485E-01
  0.5461E-01
  0.5433E-01
  0.5408E-01
  0.5381E-01
  0.5355E-01
  0.5326E-01
  0.5296E-01
  0.5268E-01
  0.5238E-01
  0.5206E-01
  0.5175E-01
  0.5145E-01
  0.5114E-01
  0.5081E-01
  0.5045E-01
  0.5014E-01
  0.4980E-01
  0.4947E-01
  0.4913E-01
  0.4875E-01
  0.4844E-01
  0.4808E-01
  0.4770E-01
  0.4689E-01
  0.4691E-01
  0.4650E-01
  0.4596E-01
  0.4581E-01
  0.4549E-01
  0.4507E-01
  0.4455E-01
  0.4388E-01
  0.4166E-01
  0.4311E-01
  0.4304E-01
  0.4268E-01
  0.4206E-01
  0.4054E-01
  0.3775E-01
  0.4037E-01
  0.4059E-01
  0.4028E-01
  0.3942E-01
  0.3622E-01
  0.3757E-01
  0.3789E-01
  0.3864E-01
  0.3818E-01
  0.3689E-01
  0.3633E-01
  0.3725E-01
  0.3574E-01
  0.3271E-01
  0.3420E-01
  0.3584E-01
  0.3554E-01
  0.3247E-01
  0.3475E-01
  0.3500E-01
  0.3471E-01
  0.3390E-01
  0.3187E-01
  0.3376E-01
  0.3379E-01
  0.3323E-01
  0.3198E-01
  0.3243E-01
  0.3231E-01
  0.3216E-01
  0.3091E-01
  0.3094E-01
  0.3092E-01
  0.2983E-01
  0.3027E-01
  0.2942E-01
  0.2943E-01
  0.2882E-01
  0.2861E-01
  0.2864E-01
  0.2840E-01
  0.2814E-01
  0.2798E-01
  0.2782E-01
  0.2767E-01
  0.2752E-01
  0.2736E-01
  0.2721E-01
  0.2705E-01
  0.2690E-01
  0.2675E-01
  0.2660E-01
  0.2644E-01
  0.2629E-01
  0.2614E-01
  0.2599E-01
  0.2584E-01
  0.2570E-01
  0.2555E-01
  0.2540E-01
  0.2525E-01
  0.2511E-01
  0.2496E-01
  0.2481E-01
  0.2467E-01
  0.2453E-01
  0.2438E-01
  0.2424E-01
  0.2410E-01
  0.2395E-01
  0.2381E-01
  0.2367E-01
  0.2353E-01
  0.2339E-01
  0.2325E-01
  0.2311E-01
  0.2297E-01
  0.2284E-01
  0.2270E-01
  0.2256E-01
  0.2243E-01
  0.2229E-01
  0.2216E-01
  0.2202E-01
  0.2189E-01
  0.2175E-01
  0.2162E-01
  0.2149E-01
  0.2136E-01
  0.2123E-01
  0.2110E-01
  0.2097E-01
  0.2084E-01
  0.2071E-01
  0.2058E-01
  0.2045E-01
  0.2033E-01
  0.2020E-01
  0.2007E-01
  0.1995E-01
  0.1982E-01
  0.1970E-01
  0.1958E-01
  0.1945E-01
  0.1933E-01
  0.1921E-01
  0.1909E-01
  0.1897E-01
  0.1885E-01
  0.1873E-01
  0.1861E-01
  0.1849E-01
  0.1837E-01
  0.1825E-01
  0.1814E-01
  0.1802E-01
  0.1791E-01
  0.1779E-01
  0.1768E-01
  0.1756E-01
  0.1745E-01
  0.1734E-01
  0.1722E-01
  0.1711E-01
  0.1700E-01
  0.1689E-01
  0.1678E-01
  0.1667E-01
  0.1656E-01
  0.1645E-01
  0.1635E-01
  0.1624E-01
  0.1613E-01
  0.1603E-01
  0.1592E-01
  0.1582E-01
  0.1571E-01
  0.1561E-01
  0.1550E-01
  0.1540E-01
  0.1530E-01
  0.1520E-01
  0.1509E-01
  0.1499E-01
  0.1489E-01
  0.1479E-01
  0.1469E-01
  0.1460E-01
  0.1450E-01
  0.1440E-01
  0.1430E-01
  0.1421E-01
  0.1411E-01
  0.1402E-01
  0.1392E-01
  0.1383E-01
  0.1373E-01
  0.1364E-01
  0.1355E-01
  0.1345E-01
  0.1336E-01
  0.1327E-01
  0.1318E-01
  0.1309E-01
  0.1300E-01
  0.1291E-01
  0.1282E-01
  0.1273E-01
  0.1265E-01
  0.1256E-01
  0.1247E-01
  0.1238E-01
  0.1230E-01
  0.1221E-01
  0.1213E-01
  0.1204E-01
  0.1196E-01
  0.1188E-01
  0.1179E-01
  0.1171E-01
  0.1163E-01
  0.1155E-01
  0.1147E-01
  0.1139E-01
  0.1132E-01
  0.1148E-01
  0.1167E-01
  0.1171E-01
  0.1126E-01
  0.1093E-01
  0.1113E-01
  0.1273E-01
  0.1347E-01
  0.1298E-01
  0.1070E-01
  0.1326E-01
  0.1375E-01
  0.1452E-01
  0.1273E-01
  0.1023E-01
  0.1245E-01
  0.1362E-01
  0.1365E-01
  0.1174E-01
  0.9857E-02
  0.1272E-01
  0.1390E-01
  0.1319E-01
  0.1216E-01
  0.1065E-01
  0.9508E-02
  0.9330E-02
  0.1046E-01
  0.1230E-01
  0.1272E-01
  0.1174E-01
  0.9166E-02
  0.9709E-02
  0.1185E-01
  0.1251E-01
  0.1154E-01
  0.9004E-02
  0.9518E-02
  0.1227E-01
  0.1310E-01
  0.1249E-01
  0.9771E-02
  0.1012E-01
  0.1354E-01
  0.1446E-01
  0.1420E-01
  0.1209E-01
  0.1200E-01
  0.1513E-01
  0.1579E-01
  0.1576E-01
  0.1477E-01
  0.1469E-01
  0.1621E-01
  0.1611E-01
  0.1395E-01
  0.1577E-01
  0.1609E-01
  0.1631E-01
  0.1628E-01
  0.1631E-01
  0.1606E-01
  0.1629E-01
  0.1618E-01
  0.1610E-01
  0.1604E-01
  0.1620E-01
  0.1622E-01
  0.1613E-01
  0.1600E-01
  0.1611E-01
  0.1622E-01
  0.1610E-01
  0.1610E-01
  0.1603E-01
  0.1618E-01
  0.1617E-01
  0.1600E-01
  0.1604E-01
  0.1615E-01
  0.1619E-01
  0.1615E-01
  0.1604E-01
  0.1558E-01
  0.1528E-01
  0.1613E-01
  0.1620E-01
  0.1622E-01
  0.1622E-01
  0.1615E-01
  0.1610E-01
  0.1622E-01
  0.1625E-01
  0.1624E-01
  0.1620E-01
  0.1604E-01
  0.1628E-01
  0.1634E-01
  0.1590E-01
  0.1628E-01
  0.1623E-01
  0.1540E-01
  0.1630E-01
  0.1625E-01
  0.1509E-01
  0.1601E-01
  0.1618E-01
  0.1532E-01
  0.1541E-01
  0.1606E-01
  0.1562E-01
  0.1291E-01
  0.1565E-01
  0.1553E-01
  0.1438E-01
  0.1379E-01
  0.1495E-01
  0.1506E-01
  0.1469E-01
  0.1310E-01
  0.1484E-01
  0.1535E-01
  0.1468E-01
  0.1520E-01
  0.1395E-01
  0.1463E-01
  0.1235E-01
  0.1186E-01
  0.1337E-01
  0.1299E-01
  0.1311E-01
  0.1351E-01
  0.9856E-02
  0.1220E-01
  0.9713E-02
  0.1004E-01
  0.1148E-01
  0.6454E-02
  0.1042E-01
  0.1036E-01
  0.4618E-02
  0.9261E-02
  0.8696E-02
  0.4446E-02
  0.8445E-02
  0.7647E-02
  0.3761E-02
  0.7176E-02
  0.7142E-02
  0.3852E-02
  0.5587E-02
  0.6751E-02
  0.5193E-02
  0.3594E-02
  0.5895E-02
  0.6317E-02
  0.4716E-02
  0.3533E-02
  0.6175E-02
  0.7316E-02
  0.7343E-02
  0.8754E-02
  0.7828E-02
  0.5586E-02
  0.3333E-02
  0.3539E-02
  0.4556E-02
  0.5107E-02
  0.5176E-02
  0.4992E-02
  0.4610E-02
  0.4178E-02
  0.3801E-02
  0.3539E-02
  0.3428E-02
  0.3507E-02
  0.3859E-02
  0.4583E-02
  0.5620E-02
  0.6804E-02
  0.7813E-02
  0.8681E-02
  0.8714E-02
  0.7238E-02
  0.1002E-01
  0.1067E-01
  0.1179E-01
  0.1265E-01
  0.1179E-01
  0.1338E-01
  0.1307E-01
  0.1173E-01
  0.1332E-01
  0.1268E-01
  0.1046E-01
  0.1276E-01
  0.1244E-01
  0.8844E-02
  0.1182E-01
  0.1224E-01
  0.1097E-01
  0.9670E-02
  0.1066E-01
  0.1186E-01
  0.1097E-01
  0.1048E-01
  0.1147E-01
  0.9814E-02
  0.9905E-02
  0.6397E-02
  0.9650E-02
  0.8457E-02
  0.7891E-02
  0.8091E-02
  0.3460E-02
  0.6457E-02
  0.5112E-02
  0.4784E-02
  0.5667E-02
  0.2915E-02
  0.4900E-02
  0.5063E-02
  0.2212E-02
  0.4803E-02
  0.3984E-02
  0.2345E-02
  0.4077E-02
  0.3188E-02
  0.2063E-02
  0.3449E-02
  0.2910E-02
  0.1849E-02
  0.2831E-02
  0.2886E-02
  0.1841E-02
  0.2101E-02
  0.2791E-02
  0.2403E-02
  0.1742E-02
  0.2185E-02
  0.2881E-02
  0.2805E-02
  0.2163E-02
  0.3976E-02
  0.3092E-02
  0.1661E-02
  0.1741E-02
  0.2125E-02
  0.2296E-02
  0.2245E-02
  0.2053E-02
  0.1809E-02
  0.1623E-02
  0.1543E-02
  0.1521E-02
  0.1508E-02
  0.1496E-02
  0.1483E-02
  0.1487E-02
  0.1680E-02
  0.2201E-02
  0.2850E-02
  0.3381E-02
  0.3617E-02
  0.3290E-02
  0.3149E-02
  0.4836E-02
  0.5579E-02
  0.5548E-02
  0.7167E-02
  0.7335E-02
  0.8076E-02
  0.8798E-02
  0.9341E-02
  0.9685E-02
  0.9998E-02
  0.1026E-01
  0.1044E-01
  0.1059E-01
  0.1070E-01
  0.1080E-01
  0.1086E-01
  0.1092E-01
  0.1096E-01
  0.1099E-01
  0.1101E-01
  0.1102E-01
  0.1103E-01
  0.1104E-01
  0.1103E-01
  0.1102E-01
  0.1101E-01
  0.1100E-01
  0.1097E-01
  0.1095E-01
  0.1091E-01
  0.1087E-01
  0.1082E-01
  0.1077E-01
  0.1070E-01
  0.1064E-01
  0.1056E-01
  0.1047E-01
  0.1038E-01
  0.1028E-01
  0.1016E-01
  0.1004E-01
  0.9915E-02
  0.9779E-02
  0.9629E-02
  0.9468E-02
  0.9305E-02
  0.9145E-02
  0.8954E-02
  0.8764E-02
  0.8579E-02
  0.8378E-02
  0.8171E-02
  0.7963E-02
  0.7744E-02
  0.7533E-02
  0.7306E-02
  0.7081E-02
  0.6862E-02
  0.6635E-02
  0.6423E-02
  0.6202E-02
  0.5981E-02
  0.5774E-02
  0.5563E-02
  0.5352E-02
  0.5148E-02
  0.4556E-02
  0.4114E-02
  0.3903E-02
  0.3633E-02
  0.3660E-02
  0.3491E-02
  0.3344E-02
  0.3241E-02
  0.3083E-02
  0.2887E-02
  0.2727E-02
  0.2596E-02
  0.2483E-02
  0.2378E-02
  0.2252E-02
  0.2174E-02
  0.2078E-02
  0.1982E-02
  0.1912E-02
  0.1800E-02
  0.1742E-02
  0.1690E-02
  0.1652E-02
  0.1561E-02
  0.1479E-02
  0.1421E-02
  0.1365E-02
  0.1304E-02
  0.1268E-02
  0.1208E-02
  0.1153E-02
  0.1107E-02
  0.1058E-02
  0.1029E-02
  0.9550E-03
  0.9175E-03
  0.9110E-03
  0.8644E-03
  0.7438E-03
  0.8029E-03
  0.7674E-03
  0.6123E-03
  0.6782E-03
  0.6745E-03
  0.5373E-03
  0.6033E-03
  0.5944E-03
  0.5155E-03
  0.5377E-03
  0.5221E-03
  0.4988E-03
  0.4954E-03
  0.4993E-03
  0.4843E-03
  0.4791E-03
  0.4770E-03
  0.4710E-03
  0.4664E-03
  0.4624E-03
  0.4583E-03
  0.4540E-03
  0.4499E-03
  0.4461E-03
  0.4419E-03
  0.4379E-03
  0.4343E-03
  0.4302E-03
  0.4263E-03
  0.4229E-03
  0.4188E-03
  0.4149E-03
  0.4112E-03
  0.4075E-03
  0.4038E-03
  0.4002E-03
  0.3966E-03
  0.3930E-03
  0.3895E-03
  0.3860E-03
  0.3825E-03
  0.3790E-03
  0.3756E-03
  0.3722E-03
  0.3689E-03
  0.3656E-03
  0.3623E-03
  0.3590E-03
  0.3558E-03
  0.3525E-03
  0.3494E-03
  0.3462E-03
  0.3431E-03
  0.3400E-03
  0.3369E-03
  0.3338E-03
  0.3308E-03
  0.3278E-03
  0.3249E-03
  0.3219E-03
  0.3190E-03
  0.3161E-03
  0.3133E-03
  0.3104E-03
  0.3076E-03
  0.3048E-03
  0.3021E-03
  0.2994E-03
  0.2967E-03
  0.2940E-03
  0.2914E-03
  0.2888E-03
  0.2862E-03
  0.2836E-03
  0.2811E-03
  0.2786E-03
  0.2760E-03
  0.2736E-03
  0.2711E-03
  0.2687E-03
  0.2663E-03
  0.2638E-03
  0.2614E-03
  0.2590E-03
  0.2567E-03
  0.2543E-03
  0.2518E-03
  0.2496E-03
  0.2473E-03
  0.2448E-03
  0.2427E-03
  0.2405E-03
  0.2383E-03
  0.2360E-03
  0.2338E-03
  0.2318E-03
  0.2296E-03
  0.2274E-03
  0.2253E-03
  0.2232E-03
  0.2212E-03
  0.2191E-03
  0.2171E-03
  0.2151E-03
  0.2132E-03
  0.2112E-03
  0.2093E-03
  0.2073E-03
  0.2054E-03
  0.2035E-03
  0.2017E-03
  0.1998E-03
  0.1980E-03
  0.1962E-03
  0.1944E-03
  0.1926E-03
  0.1908E-03
  0.1890E-03
  0.1873E-03
  0.1856E-03
  0.1839E-03
  0.1822E-03
  0.1805E-03
  0.1788E-03
  0.1772E-03
  0.1755E-03
  0.1739E-03
  0.1723E-03
  0.1707E-03
  0.1691E-03
  0.1676E-03
  0.1660E-03
  0.1645E-03
  0.1630E-03
  0.1615E-03
  0.1600E-03
  0.1585E-03
  0.1570E-03
  0.1556E-03
  0.1541E-03
  0.1527E-03
  0.1513E-03
  0.1499E-03
  0.1485E-03
  0.1471E-03
  0.1458E-03
  0.1444E-03
  0.1431E-03
  0.1417E-03
  0.1404E-03
  0.1391E-03
  0.1378E-03
  0.1366E-03
  0.1353E-03
  0.1340E-03
  0.1328E-03
  0.1316E-03
  0.1304E-03
  0.1292E-03
  0.1280E-03
  0.1269E-03
  0.1258E-03
  0.1247E-03
  0.1236E-03
  0.1226E-03
  0.1217E-03
  0.1208E-03
  0.1199E-03
  0.1191E-03
  0.1184E-03
  0.1177E-03
  0.1172E-03
  0.1166E-03
  0.1160E-03
  0.1158E-03
  0.1154E-03
  0.1152E-03
  0.1149E-03
  0.1149E-03
  0.1148E-03
  0.1146E-03
  0.1147E-03
  0.1149E-03
  0.1149E-03
  0.1149E-03
  0.1150E-03
  0.1157E-03
  0.1161E-03
  0.1158E-03
  0.1166E-03
  0.1170E-03
  0.1171E-03
  0.1169E-03
  0.1190E-03
  0.1184E-03
  0.1195E-03
  0.1202E-03
  0.1221E-03
  0.1231E-03
  0.1239E-03
  0.1258E-03
  0.1281E-03
  0.1278E-03
  0.1304E-03
  0.1327E-03
  0.1354E-03
  0.1360E-03
  0.1368E-03
  0.1418E-03
  0.1425E-03
  0.1451E-03
  0.1476E-03
  0.1502E-03
  0.1525E-03
  0.1582E-03
  0.1586E-03
  0.1590E-03
  0.1643E-03
  0.1655E-03
  0.1701E-03
  0.1707E-03
  0.1771E-03
  0.1804E-03
  0.1846E-03
  0.1849E-03
  0.1819E-03
  0.2013E-03
  0.2018E-03
  0.2015E-03
  0.2117E-03
  0.2175E-03
  0.2256E-03
  0.2358E-03
  0.2395E-03
  0.2514E-03
  0.2568E-03
  0.2630E-03
  0.2718E-03
  0.2732E-03
  0.2898E-03
  0.2976E-03
  0.2985E-03
  0.3151E-03
  0.3312E-03
  0.3351E-03
  0.3556E-03
  0.3580E-03
  0.3685E-03
  0.3810E-03
  0.3938E-03
  0.4217E-03
  0.4127E-03
  0.4134E-03
  0.4288E-03
  0.4448E-03
  0.4628E-03
  0.5041E-03
  0.5133E-03
  0.5517E-03
  0.5825E-03
  0.6120E-03
  0.6814E-03
  0.7295E-03
  0.7512E-03
  0.7410E-03
  0.7477E-03
  0.7834E-03
  0.6891E-03
  0.6488E-03
  0.6996E-03
  0.8360E-03
  0.9430E-03
  0.9890E-03
  0.9383E-03
  0.1070E-02
  0.1108E-02
  0.1036E-02
  0.9049E-03
  0.1168E-02
  0.1254E-02
  0.1257E-02
  0.1139E-02
  0.7629E-03
  0.1175E-02
  0.1415E-02
  0.1562E-02
  0.1669E-02
  0.1758E-02
  0.1852E-02
  0.1927E-02
  0.2011E-02
  0.2078E-02
  0.2138E-02
  0.2165E-02
  0.2248E-02
  0.2306E-02
  0.2310E-02
  0.2280E-02
  0.2410E-02
  0.2573E-02
  0.2651E-02
  0.2686E-02
  0.2599E-02
  0.2683E-02
  0.2649E-02
  0.2850E-02
  0.2818E-02
  0.2643E-02
  0.2696E-02
  0.2587E-02
  0.2819E-02
  0.2748E-02
  0.2523E-02
  0.2089E-02
  0.1294E-02
  0.1416E-02
  0.2177E-02
  0.2554E-02
  0.2590E-02
  0.2134E-02
  0.1461E-02
  0.2394E-02
  0.2650E-02
  0.2053E-02
  0.2398E-02
  0.2874E-02
  0.2905E-02
  0.2695E-02
  0.2192E-02
  0.1269E-02
  0.1396E-02
  0.1761E-02
  0.2462E-02
  0.2764E-02
  0.2895E-02
  0.2788E-02
  0.2606E-02
  0.1974E-02
  0.1193E-02
  0.1558E-02
  0.1791E-02
  0.2087E-02
  0.1628E-02
  0.7753E-03
  0.9489E-03
  0.1503E-02
  0.2175E-02
  0.2562E-02
  0.2772E-02
  0.2796E-02
  0.2477E-02
  0.1628E-02
  0.2049E-02
  0.2665E-02
  0.2699E-02
  0.2314E-02
  0.1518E-02
  0.1482E-02
  0.1782E-02
  0.2228E-02
  0.2254E-02
  0.1288E-02
  0.1811E-02
  0.2497E-02
  0.2658E-02
  0.2326E-02
  0.2308E-02
  0.1786E-02
  0.1241E-02
  0.7009E-03
  0.1660E-02
  0.2206E-02
  0.2272E-02
  0.2165E-02
  0.2522E-02
  0.2483E-02
  0.2137E-02
  0.1385E-02
  0.8337E-03
  0.1526E-02
  0.1503E-02
  0.7199E-03
  0.1076E-02
  0.1839E-02
  0.1918E-02
  0.1697E-02
  0.1378E-02
  0.2046E-02
  0.2579E-02
  0.2376E-02
  0.2692E-02
  0.2637E-02
  0.2002E-02
  0.1328E-02
  0.1639E-02
  0.7352E-03
  0.1107E-02
  0.2031E-02
  0.2581E-02
  0.2793E-02
  0.2476E-02
  0.3048E-02
  0.3100E-02
  0.3026E-02
  0.2745E-02
  0.1856E-02
  0.2239E-02
  0.1702E-02
  0.9594E-03
  0.9150E-03
  0.1816E-02
  0.2079E-02
  0.1754E-02
  0.9439E-03
  0.1894E-02
  0.2191E-02
  0.2031E-02
  0.2469E-02
  0.2248E-02
  0.1857E-02
  0.1446E-02
  0.2004E-02
  0.1094E-02
  0.2184E-02
  0.2796E-02
  0.2832E-02
  0.2075E-02
  0.2013E-02
  0.2593E-02
  0.2534E-02
  0.1631E-02
  0.1573E-02
  0.2489E-02
  0.2838E-02
  0.2806E-02
  0.2182E-02
  0.1801E-02
  0.1861E-02
  0.9878E-03
  0.7412E-03
  0.1265E-02
  0.1851E-02
  0.2079E-02
  0.2631E-02
  0.2611E-02
  0.2139E-02
  0.1960E-02
  0.2793E-02
  0.2890E-02
  0.1248E-02
  0.3018E-02
  0.3039E-02
  0.2732E-02
  0.2149E-02
  0.1392E-02
  0.8286E-03
  0.1391E-02
  0.2036E-02
  0.2005E-02
  0.2495E-02
  0.1971E-02
  0.1380E-02
  0.1852E-02
  0.1771E-02
  0.2983E-02
  0.3054E-02
  0.3246E-02
  0.2697E-02
  0.2798E-02
  0.2029E-02
  0.1872E-02
  0.2480E-02
  0.3152E-02
  0.3353E-02
  0.3379E-02
  0.2003E-02
  0.3336E-02
  0.3169E-02
  0.2943E-02
  0.2500E-02
  0.2111E-02
  0.1214E-02
  0.1694E-02
  0.1858E-02
  0.1229E-02
  0.8349E-03
  0.1437E-02
  0.2036E-02
  0.2288E-02
  0.2301E-02
  0.1949E-02
  0.1493E-02
  0.1571E-02
  0.1635E-02
  0.1414E-02
  0.9420E-03
  0.3763E-03
  0.3987E-03
  0.5555E-03
  0.5660E-03
  0.4879E-03
  0.2490E-03
  0.4783E-04
  0.9485E-04
  0.1503E-03
  0.1502E-03
  0.1043E-03
  0.4642E-04
  0.5817E-05
  0.3712E-04
  0.6161E-04
  0.6112E-04
  0.3124E-04
  0.9412E-05
  0.9458E-05
  0.2942E-04
  0.3719E-04
  0.2520E-04
  0.1909E-04
  0.4248E-05
  0.4267E-05
  0.4748E-05
  0.1637E-04
  0.1837E-04
  0.1017E-04
  0.3680E-05
  0.3630E-05
  0.6350E-05
  0.6720E-05
  0.3670E-05
  0.7017E-05
  0.3744E-05
  0.3521E-05
  0.4156E-05
  0.7880E-05
  0.6551E-05
  0.3299E-05
  0.3589E-05
  0.3219E-05
  0.3187E-05
  0.3268E-05
  0.3363E-05
  0.3223E-05
  0.3062E-05
  0.3031E-05
  0.3001E-05
  0.2971E-05
  0.2942E-05
  0.2912E-05
  0.2883E-05
  0.2854E-05
  0.2826E-05
  0.2798E-05
  0.2770E-05
  0.2742E-05
  0.2715E-05
  0.2687E-05
  0.2661E-05
  0.2634E-05
  0.2608E-05
  0.2582E-05
  0.2556E-05
  0.2530E-05
  0.2505E-05
  0.2480E-05
  0.2455E-05
  0.2431E-05
  0.2406E-05
  0.2382E-05
  0.2358E-05
  0.2335E-05
  0.2314E-05
  0.2315E-05
  0.2279E-05
  0.2243E-05
  0.2360E-05
  0.4190E-05
  0.5939E-05
  0.7298E-05
  0.2134E-05
  0.3431E-05
  0.4219E-05
  0.2892E-05
  0.2049E-05
  0.2034E-05
  0.2653E-05
  0.2775E-05
  0.2010E-05
  0.1948E-05
  0.2549E-05
  0.3828E-05
  0.2695E-05
  0.1871E-05
  0.2997E-05
  0.7053E-05
  0.6423E-05
  0.2029E-05
  0.4547E-05
  0.1624E-04
  0.1864E-04
  0.7585E-05
  0.8753E-05
  0.3824E-04
  0.5230E-04
  0.2462E-04
  0.2041E-04
  0.7016E-04
  0.9597E-04
  0.3185E-04
  0.3606E-04
  0.8021E-04
  0.9785E-04
  0.3075E-04
  0.3056E-04
  0.5991E-04
  0.7320E-04
  0.2661E-04
  0.1975E-04
  0.7317E-05
  0.1834E-04
  0.2989E-04
  0.2150E-04
  0.9773E-05
  0.1373E-05
  0.2043E-05
  0.6333E-05
  0.3551E-05
  0.1875E-05
  0.1302E-05
  0.2086E-05
  0.2698E-05
  0.1840E-05
  0.1249E-05
  0.1236E-05
  0.1342E-05
  0.1429E-05
  0.1229E-05
  0.1187E-05
  0.1175E-05
  0.1188E-05
  0.1190E-05
  0.1141E-05
  0.1129E-05
  0.1117E-05
  0.1127E-05
  0.1108E-05
  0.1084E-05
  0.1073E-05
  0.1065E-05
  0.1054E-05
  0.1041E-05
  0.1030E-05
  0.1020E-05
  0.1009E-05
  0.9992E-06
  0.9891E-06
  0.9791E-06
  0.9692E-06
  0.9594E-06
  0.9497E-06
  0.9401E-06
  0.9306E-06
  0.9212E-06
  0.9119E-06
  0.9026E-06
  0.8935E-06
  0.8845E-06
  0.8755E-06
  0.8667E-06
  0.8579E-06
  0.8492E-06
  0.8406E-06
  0.8321E-06
  0.8237E-06
  0.8153E-06
  0.8071E-06
  0.7989E-06
  0.7908E-06
  0.7828E-06
  0.7749E-06
  0.7670E-06
  0.7593E-06
  0.7516E-06
  0.7440E-06
  0.7364E-06
  0.7290E-06
  0.7216E-06
  0.7143E-06
  0.7070E-06
  0.6998E-06
  0.6927E-06
  0.6857E-06
  0.6788E-06
  0.6719E-06
  0.6651E-06
  0.6583E-06
  0.6516E-06
  0.6450E-06
  0.6397E-06
  0.6373E-06
  0.6279E-06
  0.6355E-06
  0.6129E-06
  0.6067E-06
  0.6199E-06
  0.6559E-06
  0.5909E-06
  0.5825E-06
  0.5765E-06
  0.5866E-06
  0.6710E-06
  0.5601E-06
  0.5752E-06
  0.5478E-06
  0.5491E-06
  0.6527E-06
  0.5380E-06
  0.5689E-06
  0.5205E-06
  0.5306E-06
  0.7641E-06
  0.8992E-06
  0.6525E-06
  0.4946E-06
  0.4906E-06
  0.4846E-06
  0.5713E-06
  0.1173E-05
  0.1946E-05
  0.1949E-05
  0.7963E-06
  0.5108E-06
  0.2538E-05
  0.4349E-05
  0.4299E-05
  0.2637E-05
  0.2429E-05
  0.1368E-04
  0.1136E-04
  0.1113E-04
  0.2346E-04
  0.2065E-04
  0.1326E-04
  0.1246E-04
  0.1161E-04
  0.1209E-04
  0.5670E-05
  0.1323E-04
  0.2043E-04
  0.1821E-04
  0.1276E-04
  0.1009E-04
  0.1802E-04
  0.3960E-05
  0.1192E-04
  0.2627E-04
  0.5907E-04
  0.1315E-03
  0.1787E-03
  0.1646E-03
  0.1500E-03
  0.2064E-03
  0.2227E-03
  0.2312E-03
  0.1804E-03
  0.2208E-03
  0.1516E-03
  0.1333E-03
  0.1367E-03
  0.7681E-04
  0.1152E-03
  0.5571E-04
  0.3656E-04
  0.4801E-04
  0.1430E-04
  0.3602E-04
  0.2412E-04
  0.4888E-05
  0.1764E-04
  0.1325E-04
  0.4714E-05
  0.9643E-05
  0.4792E-05
  0.2106E-05
  0.6453E-05
  0.3823E-05
  0.5496E-06
  0.1726E-05
  0.2095E-05
  0.5462E-06
  0.1011E-05
  0.9133E-06
  0.6338E-06
  0.3051E-06
  0.2546E-06
  0.4174E-06
  0.3055E-06
  0.2734E-06
  0.2334E-06
  0.2267E-06
  0.2270E-06
  0.2241E-06
  0.2198E-06
  0.2175E-06
  0.2153E-06
  0.2131E-06
  0.2109E-06
  0.2087E-06
  0.2066E-06
  0.2045E-06
  0.2024E-06
  0.2003E-06
  0.1982E-06
  0.1962E-06
  0.1942E-06
  0.1922E-06
  0.1902E-06
  0.1883E-06
  0.1863E-06
  0.1844E-06
  0.1825E-06
  0.1806E-06
  0.1788E-06
  0.1770E-06
  0.1751E-06
  0.1733E-06
  0.1716E-06
  0.1698E-06
  0.1680E-06
  0.1663E-06
  0.1646E-06
  0.1629E-06
  0.1612E-06
  0.1596E-06
  0.1579E-06
  0.1563E-06
  0.1547E-06
  0.1531E-06
  0.1515E-06
  0.1500E-06
  0.1484E-06
  0.1469E-06
  0.1454E-06
  0.1439E-06
  0.1424E-06
  0.1410E-06
  0.1395E-06
  0.1381E-06
  0.1367E-06
  0.1352E-06
  0.1339E-06
  0.1325E-06
  0.1311E-06
  0.1298E-06
  0.1284E-06
  0.1271E-06
  0.1258E-06
  0.1245E-06
  0.1232E-06
  0.1219E-06
  0.1207E-06
  0.1194E-06
  0.1182E-06
  0.1170E-06
  0.1158E-06
  0.1146E-06
  0.1134E-06
  0.1122E-06
  0.1111E-06
  0.1099E-06
  0.1088E-06
  0.1077E-06
  0.1066E-06
  0.1055E-06
  0.1044E-06
  0.1033E-06
  0.1022E-06
  0.1012E-06
  0.1001E-06
  0.9911E-07
  0.9808E-07
  0.9707E-07
  0.9607E-07
  0.9508E-07
  0.9410E-07
  0.9312E-07
  0.9216E-07
  0.9121E-07
  0.9027E-07
  0.8934E-07
  0.8841E-07
  0.8750E-07
  0.8659E-07
  0.8570E-07
  0.8481E-07
  0.8394E-07
  0.8307E-07
  0.8221E-07
  0.8136E-07
  0.8052E-07
  0.7969E-07
  0.7886E-07
  0.7805E-07
  0.7724E-07
  0.7644E-07
  0.7565E-07
  0.7487E-07
  0.7409E-07
  0.7333E-07
  0.7257E-07
  0.7182E-07
  0.7107E-07
  0.7034E-07
  0.6961E-07
  0.6889E-07
  0.6818E-07
  0.6747E-07
  0.6677E-07
  0.6608E-07
  0.6540E-07
  0.6472E-07
  0.6405E-07
  0.6339E-07
  0.6273E-07
  0.6208E-07
  0.6144E-07
  0.6080E-07
  0.6017E-07
  0.5955E-07
  0.5893E-07
  0.5832E-07
  0.5771E-07
  0.5711E-07
  0.5652E-07
  0.5594E-07
  0.5536E-07
  0.5478E-07
  0.5421E-07
  0.5365E-07
  0.5310E-07
  0.5254E-07
  0.5200E-07
  0.5146E-07
  0.5093E-07
  0.5040E-07
  0.5099E-07
  0.5981E-07
  0.8936E-07
  0.1160E-06
  0.4871E-06
  0.1159E-05
  0.1316E-06
  0.1752E-05
  0.2262E-05
  0.3974E-06
  0.8041E-06
  0.2010E-05
  0.1119E-05
  0.8318E-07
  0.1276E-05
  0.2303E-05
  0.1487E-05
  0.3229E-06
  0.3519E-05
  0.1215E-04
  0.5561E-05
  0.3336E-05
  0.2766E-05
  0.1817E-05
  0.8731E-06
  0.2779E-06
  0.7264E-07
  0.2637E-06
  0.4969E-06
  0.6998E-06
  0.8858E-06
  0.1030E-05
  0.1155E-05
  0.1286E-05
  0.1358E-05
  0.1451E-05
  0.1543E-05
  0.1251E-05
  0.1410E-05
  0.4112E-05
  0.8684E-05
  0.1064E-04
  0.1381E-04
  0.2268E-04
  0.3591E-04
  0.4342E-04
  0.5890E-04
  0.5345E-04
  0.3846E-04
  0.3944E-04
  0.1804E-04
  0.7819E-05
  0.6549E-05
  0.3569E-05
  0.5461E-06
  0.5625E-06
  0.7642E-06
  0.3302E-06
  0.2864E-07
  0.1085E-06
  0.1551E-06
  0.5558E-07
  0.2609E-07
  0.5010E-07
  0.5501E-07
  0.2565E-07
  0.2519E-07
  0.3736E-07
  0.2935E-07
  0.2424E-07
  0.2661E-07
  0.3490E-07
  0.2371E-07
  0.2351E-07
  0.5586E-07
  0.5468E-07
  0.3222E-07
