 Planetary albedo [cm2 / molecules of air]
          0.00000000E+00
          0.86610719E-11
          0.12822510E-09
          0.63234207E-09
          0.19723587E-08
          0.47773189E-08
          0.98539631E-08
          0.18186729E-07
          0.30937751E-07
          0.49446859E-07
          0.75231583E-07
          0.10998714E-06
          0.15558646E-06
          0.21408016E-06
          0.28769654E-06
          0.37884160E-06
          0.49009905E-06
          0.62423028E-06
          0.78417439E-06
          0.97304809E-06
          0.11941459E-05
          0.14509399E-05
          0.17470800E-05
          0.20863936E-05
          0.24728860E-05
          0.29107399E-05
          0.34043160E-05
          0.39581523E-05
          0.45769647E-05
          0.52656467E-05
          0.60292693E-05
          0.68730815E-05
          0.78025094E-05
          0.88231571E-05
          0.99408074E-05
          0.11262557E-04
          0.12491123E-04
          0.13936241E-04
          0.15503263E-04
          0.17198858E-04
          0.19029873E-04
          0.21003331E-04
          0.23126435E-04
          0.25406564E-04
          0.27851276E-04
          0.19007836E+00
          0.15956455E+00
          0.10841399E+00
          0.60526016E-01
          0.42820454E-04
          0.46421276E-04
          0.50244542E-04
          0.54770129E-04
          0.58594484E-04
          0.63139629E-04
          0.67944184E-04
          0.73017826E-04
          0.78370415E-04
          0.84011987E-04
          0.89952754E-04
          0.96203107E-04
          0.10277361E-03
          0.10967501E-03
          0.11691822E-03
          0.12451435E-03
          0.13247465E-03
          0.14081058E-03
          0.14953377E-03
          0.15865601E-03
          0.16818928E-03
          0.17814572E-03
          0.18853768E-03
          0.19937764E-03
          0.21067830E-03
          0.22245249E-03
          0.23471325E-03
          0.24747379E-03
          0.26074747E-03
          0.27454786E-03
          0.28888868E-03
          0.30378383E-03
          0.31924739E-03
          0.33529360E-03
          0.35193689E-03
          0.36919186E-03
          0.38707327E-03
          0.40559607E-03
          0.42477537E-03
          0.44462647E-03
          0.46516482E-03
          0.48640606E-03
          0.50836600E-03
          0.53106060E-03
          0.55450602E-03
          0.57871857E-03
          0.60371476E-03
          0.62951123E-03
          0.65612482E-03
          0.68357252E-03
          0.71187152E-03
          0.74103915E-03
          0.77109291E-03
          0.10968103E-01
          0.83393039E-03
          0.86674864E-03
          0.90052540E-03
          0.93527836E-03
          0.49583050E-01
          0.12900901E+00
          0.11721801E-02
          0.10844250E-02
          0.11243400E-02
          0.21256730E-02
          0.11283065E+00
          0.19078433E+00
          0.18936973E+00
          0.17562060E+00
          0.18246250E+00
          0.99777484E-01
          0.38809678E-02
          0.66146822E-02
          0.49831047E-02
          0.17333782E-01
          0.18182024E-02
          0.17496702E-02
          0.18067930E-02
          0.18650534E-02
          0.19248355E-02
          0.19860388E-02
          0.20486936E-02
          0.21152880E-02
          0.21783963E-02
          0.22455059E-02
          0.23141484E-02
          0.23843466E-02
          0.24561234E-02
          0.25298880E-02
          0.26045054E-02
          0.26811573E-02
          0.27594810E-02
          0.28395004E-02
          0.29212392E-02
          0.30047215E-02
          0.30899713E-02
          0.31770128E-02
          0.32658705E-02
          0.33565690E-02
          0.34491328E-02
          0.35435869E-02
          0.36399561E-02
          0.37382656E-02
          0.38385405E-02
          0.39408062E-02
          0.40450881E-02
          0.41514120E-02
          0.42598035E-02
          0.43702884E-02
          0.44828929E-02
          0.45976429E-02
          0.47145648E-02
          0.48336848E-02
          0.49550296E-02
          0.33532602E-01
          0.20825070E-01
          0.31416090E-01
          0.13173102E+00
          0.44734044E-01
          0.78476657E-01
          0.12212173E+00
          0.18122611E+00
          0.16650333E+00
          0.19709420E+00
          0.19323243E+00
          0.18908379E+00
          0.17260804E+00
          0.14246944E+00
          0.10804078E+00
          0.75493146E-02
          0.79811321E-01
          0.91840792E-01
          0.22140921E-01
          0.19657163E-01
          0.94447270E-02
          0.82603654E-02
          0.84225589E-02
          0.86055274E-02
          0.87914174E-02
          0.89802730E-02
          0.91720778E-02
          0.93669066E-02
          0.95647735E-02
          0.97657078E-02
          0.99697389E-02
          0.10176896E-01
          0.10387210E-01
          0.10600708E-01
          0.10817422E-01
          0.11037380E-01
          0.11260613E-01
          0.11487150E-01
          0.11717022E-01
          0.11950257E-01
          0.12186886E-01
          0.12426940E-01
          0.12670447E-01
          0.12917438E-01
          0.13167943E-01
          0.13421993E-01
          0.13679617E-01
          0.13940845E-01
          0.14205708E-01
          0.14474236E-01
          0.14746458E-01
          0.15022406E-01
          0.15302110E-01
          0.15585599E-01
          0.15872905E-01
          0.16164056E-01
          0.16459084E-01
          0.16758019E-01
          0.17060891E-01
          0.17981748E-01
          0.17717986E-01
          0.28321149E-01
          0.29077567E-01
          0.11457316E+00
          0.90478171E-01
          0.30521116E-01
          0.36986890E-01
          0.17578154E+00
          0.19305604E+00
          0.18167287E+00
          0.11747338E+00
          0.33284092E-01
          0.23921161E-01
          0.29989687E-01
          0.12988606E+00
          0.31669311E-01
          0.23292226E-01
          0.23603592E-01
          0.23991459E-01
          0.24383945E-01
          0.24781026E-01
          0.25182730E-01
          0.25589086E-01
          0.26000123E-01
          0.26415870E-01
          0.26836357E-01
          0.27261611E-01
          0.27691661E-01
          0.28126536E-01
          0.28566269E-01
          0.29010874E-01
          0.29460394E-01
          0.29914851E-01
          0.30374274E-01
          0.31192083E-01
          0.79200338E-01
          0.32033205E-01
          0.32262173E-01
          0.32746837E-01
          0.33236632E-01
          0.33731583E-01
          0.64922333E-01
          0.14836190E+00
          0.11226079E+00
          0.36836104E-01
          0.36284625E-01
          0.36811725E-01
          0.37342865E-01
          0.37880021E-01
          0.38422569E-01
          0.38970533E-01
          0.59707355E-01
          0.40220915E-01
          0.40647176E-01
          0.41217055E-01
          0.41792473E-01
          0.42373455E-01
          0.42960024E-01
          0.43552203E-01
          0.44981382E-01
          0.44755944E-01
          0.45365874E-01
          0.45977486E-01
          0.46601104E-01
          0.47224413E-01
          0.47856473E-01
          0.48494352E-01
          0.49138043E-01
          0.49787564E-01
          0.50442939E-01
          0.51104186E-01
          0.51771327E-01
          0.52444380E-01
          0.53123366E-01
          0.53808304E-01
          0.54499214E-01
          0.55196111E-01
          0.55899018E-01
          0.74335954E-01
          0.10815457E+00
          0.58044011E-01
          0.58771081E-01
          0.59504294E-01
          0.70482226E-01
          0.17223063E+00
          0.17709683E+00
          0.62499467E-01
          0.63262354E-01
          0.64032475E-01
          0.98946415E-01
          0.20417008E+00
          0.20151887E+00
          0.20426188E+00
          0.15752785E+00
          0.70741732E-01
          0.74489985E-01
          0.96756232E-01
          0.97204210E-01
          0.17287714E+00
          0.16613649E+00
          0.73896888E-01
          0.74614238E-01
          0.75471567E-01
          0.76336074E-01
          0.77206959E-01
          0.78084231E-01
          0.78967898E-01
          0.79857981E-01
          0.80754448E-01
          0.81657344E-01
          0.82566664E-01
          0.85447030E-01
          0.20481959E+00
          0.19634178E+00
          0.20535031E+00
          0.20556743E+00
          0.19461621E+00
          0.20145127E+00
          0.20336027E+00
          0.19242623E+00
          0.20438717E+00
          0.19663635E+00
          0.18551610E+00
          0.16345445E+00
          0.12612181E+00
          0.98162200E-01
          0.10458447E+00
          0.99288172E-01
          0.10882160E+00
          0.12514138E+00
          0.10257004E+00
          0.10515464E+00
          0.10479021E+00
          0.10559161E+00
          0.10638031E+00
          0.11704889E+00
          0.10852510E+00
          0.11451586E+00
          0.18623033E+00
          0.21091962E+00
          0.19826593E+00
          0.21203887E+00
          0.21247482E+00
          0.19870486E+00
          0.19666122E+00
          0.21671954E+00
          0.20804913E+00
          0.21920141E+00
          0.21781662E+00
          0.19362293E+00
          0.17370212E+00
          0.16774441E+00
          0.14524469E+00
          0.12776536E+00
          0.12895911E+00
          0.20616678E+00
          0.15841279E+00
          0.13266830E+00
          0.13378610E+00
          0.13500893E+00
          0.21750860E+00
          0.18860860E+00
          0.13876122E+00
          0.14072994E+00
          0.18822492E+00
          0.23253112E+00
          0.23310401E+00
          0.23346779E+00
          0.23422780E+00
          0.23478216E+00
          0.23520393E+00
          0.23556177E+00
          0.23291313E+00
          0.23592540E+00
          0.23639198E+00
          0.23817867E+00
          0.23839199E+00
          0.23794013E+00
          0.23975442E+00
          0.23906797E+00
          0.23998697E+00
          0.24119587E+00
          0.24224350E+00
          0.24203046E+00
          0.23928206E+00
          0.23914685E+00
          0.23353856E+00
          0.24170211E+00
          0.23130933E+00
          0.23185359E+00
          0.23195016E+00
          0.24162769E+00
          0.23427544E+00
          0.23798939E+00
          0.22307275E+00
          0.23029723E+00
          0.22473737E+00
          0.21904253E+00
          0.20247395E+00
          0.19345968E+00
          0.21285571E+00
          0.21739463E+00
          0.19413298E+00
          0.23040074E+00
          0.19665142E+00
          0.20119242E+00
          0.20202492E+00
          0.20088380E+00
          0.24102810E+00
          0.25448548E+00
          0.24762518E+00
          0.22131804E+00
          0.21612605E+00
          0.26194074E+00
          0.26151218E+00
          0.26294982E+00
          0.26071815E+00
          0.25654993E+00
          0.25990561E+00
          0.26215706E+00
          0.26621978E+00
          0.25866808E+00
          0.25477539E+00
          0.25844481E+00
          0.26943718E+00
          0.27451595E+00
          0.27793184E+00
          0.27901994E+00
          0.28002305E+00
          0.28116708E+00
          0.28226126E+00
          0.28319277E+00
          0.28395499E+00
          0.28377620E+00
          0.28217123E+00
          0.28093052E+00
          0.25741474E+00
          0.25000142E+00
          0.24904058E+00
          0.29173347E+00
          0.29279215E+00
          0.29386984E+00
          0.29500586E+00
          0.29609082E+00
          0.29718814E+00
          0.29829926E+00
          0.29922475E+00
          0.30046726E+00
          0.30163839E+00
          0.30282456E+00
          0.30403311E+00
          0.30514265E+00
          0.30616361E+00
          0.30718297E+00
          0.30834738E+00
          0.30964170E+00
          0.31048388E+00
          0.31186745E+00
          0.31257804E+00
          0.31288814E+00
          0.31290387E+00
          0.31006137E+00
          0.31442335E+00
          0.31767487E+00
          0.31660765E+00
          0.32156715E+00
          0.31577325E+00
          0.32240170E+00
          0.32321731E+00
          0.32457263E+00
          0.32770336E+00
          0.32947525E+00
          0.33095006E+00
          0.33251901E+00
          0.33383758E+00
          0.33483060E+00
          0.33576304E+00
          0.33765665E+00
          0.33906039E+00
          0.34047548E+00
          0.34099596E+00
          0.34284127E+00
          0.34401565E+00
          0.34397446E+00
          0.34073683E+00
          0.32964703E+00
          0.34918107E+00
          0.34893450E+00
          0.34363770E+00
          0.33576692E+00
          0.35576080E+00
          0.35729061E+00
          0.35871276E+00
          0.36014280E+00
          0.36156206E+00
          0.36298468E+00
          0.36445530E+00
          0.36590305E+00
          0.36735514E+00
          0.36881168E+00
          0.37027290E+00
          0.37173859E+00
          0.37320836E+00
          0.37468270E+00
          0.37616087E+00
          0.37758698E+00
          0.37913096E+00
          0.38062211E+00
          0.38211775E+00
          0.38361701E+00
          0.38511984E+00
          0.38662568E+00
          0.38813523E+00
          0.38964884E+00
          0.39116560E+00
          0.39268216E+00
          0.39420673E+00
          0.39569948E+00
          0.39723377E+00
          0.39876016E+00
          0.40024978E+00
          0.40156203E+00
          0.40329487E+00
          0.40436458E+00
          0.40618564E+00
          0.40771970E+00
          0.40879127E+00
          0.41052739E+00
          0.41184844E+00
          0.41209644E+00
          0.41358329E+00
          0.41592826E+00
          0.41880286E+00
          0.41792183E+00
          0.42067735E+00
          0.42201536E+00
          0.42458954E+00
          0.42676732E+00
          0.42839561E+00
          0.42986044E+00
          0.43132047E+00
          0.43313565E+00
          0.43477089E+00
          0.43635123E+00
          0.43792104E+00
          0.43952888E+00
          0.44110262E+00
          0.44260976E+00
          0.44423932E+00
          0.44577257E+00
          0.44737192E+00
          0.44913234E+00
          0.45067214E+00
          0.45218663E+00
          0.45375769E+00
          0.45545807E+00
          0.45714181E+00
          0.45874960E+00
          0.46035347E+00
          0.46195706E+00
          0.46355604E+00
          0.46516078E+00
          0.46676273E+00
          0.46836399E+00
          0.46996603E+00
          0.47157151E+00
          0.47317319E+00
          0.47477545E+00
          0.47637740E+00
          0.47797874E+00
          0.47957964E+00
          0.48118007E+00
          0.48277998E+00
          0.48437927E+00
          0.48597730E+00
          0.48757401E+00
          0.48917128E+00
          0.49076875E+00
          0.49236303E+00
          0.49395754E+00
          0.49554963E+00
          0.49712762E+00
          0.49869475E+00
          0.50028500E+00
          0.50191214E+00
          0.50348850E+00
          0.50503898E+00
          0.50660668E+00
          0.50822810E+00
          0.50983305E+00
          0.51141004E+00
          0.51297150E+00
          0.51455755E+00
          0.51610767E+00
          0.51770981E+00
          0.51927915E+00
          0.52085745E+00
          0.52243538E+00
          0.52400404E+00
          0.52557018E+00
          0.52711728E+00
          0.52869344E+00
          0.53025239E+00
          0.53180898E+00
          0.53336324E+00
          0.53491520E+00
          0.53646532E+00
          0.53801281E+00
          0.53955772E+00
          0.54110042E+00
          0.54263669E+00
          0.54417776E+00
          0.54571470E+00
          0.54724418E+00
          0.54877017E+00
          0.55030422E+00
          0.55183072E+00
          0.55335383E+00
          0.55487371E+00
          0.55639072E+00
          0.55790503E+00
          0.55941647E+00
          0.56092184E+00
          0.56243088E+00
          0.56393375E+00
          0.56543370E+00
          0.56693068E+00
          0.56842453E+00
          0.56991540E+00
          0.57140357E+00
          0.57288625E+00
          0.57437023E+00
          0.57584857E+00
          0.57732320E+00
          0.57879444E+00
          0.58026581E+00
          0.58173176E+00
          0.58319421E+00
          0.58465298E+00
          0.58610876E+00
          0.58756260E+00
          0.58901195E+00
          0.59045774E+00
          0.59190065E+00
          0.59333962E+00
          0.59477425E+00
          0.59620765E+00
          0.59763529E+00
          0.59906132E+00
          0.60048205E+00
          0.60189901E+00
          0.60331653E+00
          0.60472849E+00
          0.60613442E+00
          0.60753926E+00
          0.60893968E+00
          0.61033668E+00
          0.61172750E+00
          0.61312158E+00
          0.61450865E+00
          0.61588991E+00
          0.61727028E+00
          0.61864543E+00
          0.62001661E+00
          0.62138402E+00
          0.62274855E+00
          0.62410879E+00
          0.62546527E+00
          0.62681792E+00
          0.62816680E+00
          0.62951201E+00
          0.63085335E+00
          0.63219088E+00
          0.63352475E+00
          0.63485450E+00
          0.63618085E+00
          0.63750312E+00
          0.63882141E+00
          0.64013630E+00
          0.64144693E+00
          0.64275376E+00
          0.64405680E+00
          0.64535620E+00
          0.64665156E+00
          0.64794298E+00
          0.64923053E+00
          0.65051371E+00
          0.65179396E+00
          0.65306982E+00
          0.65434179E+00
          0.65560986E+00
          0.65687401E+00
          0.65813426E+00
          0.65939059E+00
          0.66064301E+00
          0.66189149E+00
          0.66313610E+00
          0.66437676E+00
          0.66561350E+00
          0.66684632E+00
          0.66807521E+00
          0.66930018E+00
          0.67052123E+00
          0.67173835E+00
          0.67295152E+00
          0.67416077E+00
          0.67536614E+00
          0.67656757E+00
          0.67776507E+00
          0.67895861E+00
          0.68014827E+00
          0.68133403E+00
          0.68251585E+00
          0.68369373E+00
          0.68486766E+00
          0.68603776E+00
          0.68720395E+00
          0.68836621E+00
          0.68952459E+00
          0.69067905E+00
          0.69182960E+00
          0.69297626E+00
          0.69411903E+00
          0.69525791E+00
          0.69639290E+00
          0.69752401E+00
          0.69865125E+00
          0.69977460E+00
          0.70089410E+00
          0.70200973E+00
          0.70312150E+00
          0.70422942E+00
          0.70533348E+00
          0.70643370E+00
          0.70753008E+00
          0.70862262E+00
          0.70971133E+00
          0.71079622E+00
          0.71187729E+00
          0.71295455E+00
          0.71402800E+00
          0.71509765E+00
          0.71616350E+00
          0.71722556E+00
          0.71828384E+00
          0.71933834E+00
          0.72038908E+00
          0.72143604E+00
          0.72247926E+00
          0.72351872E+00
          0.72455443E+00
          0.72558641E+00
          0.72661466E+00
          0.72763919E+00
          0.72866000E+00
          0.72967711E+00
          0.73069051E+00
          0.73170022E+00
          0.73270624E+00
          0.73370859E+00
          0.73470726E+00
          0.73570228E+00
          0.73669363E+00
          0.73768134E+00
          0.73866541E+00
          0.73964584E+00
          0.74062266E+00
          0.74159586E+00
          0.74256545E+00
          0.74353145E+00
          0.74449385E+00
          0.74545267E+00
          0.74640792E+00
          0.74735960E+00
          0.74830773E+00
          0.74925231E+00
          0.75019335E+00
          0.75113086E+00
          0.75206485E+00
          0.75299532E+00
          0.75392229E+00
          0.75484577E+00
          0.75576576E+00
          0.75668227E+00
          0.75759532E+00
          0.75850490E+00
          0.75941104E+00
          0.76031373E+00
          0.76121300E+00
          0.76210884E+00
          0.76300127E+00
          0.76389029E+00
          0.76477592E+00
          0.76565817E+00
          0.76653704E+00
          0.76741254E+00
          0.76828469E+00
          0.76915349E+00
          0.77001895E+00
          0.77088109E+00
          0.77173990E+00
          0.77259541E+00
          0.77344762E+00
          0.77429654E+00
          0.77514218E+00
          0.77598454E+00
          0.77682365E+00
          0.77765951E+00
          0.77849213E+00
          0.77932151E+00
          0.78014768E+00
          0.78097063E+00
          0.78179038E+00
          0.78260694E+00
          0.78342031E+00
          0.78423052E+00
          0.78503756E+00
          0.78584145E+00
          0.78664219E+00
          0.78743981E+00
          0.78823430E+00
          0.78902567E+00
          0.78981395E+00
          0.79059913E+00
          0.79138123E+00
          0.79216026E+00
          0.79293622E+00
          0.79370913E+00
          0.79447899E+00
          0.79524583E+00
          0.79600964E+00
          0.79677043E+00
          0.79752823E+00
          0.79828303E+00
          0.79903484E+00
          0.79978369E+00
          0.80052957E+00
          0.80127250E+00
          0.80201248E+00
          0.80274953E+00
          0.80348366E+00
          0.80421487E+00
          0.80494318E+00
          0.80566860E+00
          0.80639113E+00
          0.80711079E+00
          0.80782759E+00
          0.80854153E+00
          0.80925263E+00
          0.80996090E+00
          0.81066634E+00
          0.81136897E+00
          0.81206879E+00
          0.81276582E+00
          0.81346007E+00
          0.81415154E+00
          0.81484025E+00
          0.81552620E+00
          0.81620941E+00
          0.81688988E+00
          0.81756763E+00
          0.81824267E+00
          0.81891500E+00
          0.81958463E+00
          0.82025158E+00
          0.82091585E+00
          0.82157745E+00
          0.82223640E+00
          0.82289271E+00
          0.82354637E+00
          0.82419741E+00
          0.82484583E+00
          0.82549165E+00
          0.82613486E+00
          0.82677549E+00
          0.82741354E+00
          0.82804902E+00
          0.82868194E+00
          0.82931231E+00
          0.82994014E+00
          0.83056544E+00
          0.83118822E+00
          0.83180848E+00
          0.83242624E+00
          0.83304152E+00
          0.83365430E+00
          0.83426462E+00
          0.83487247E+00
          0.83547786E+00
          0.83608081E+00
          0.83668132E+00
          0.83727940E+00
          0.83787507E+00
          0.83846833E+00
          0.83905919E+00
          0.83964766E+00
          0.84023375E+00
          0.84081747E+00
          0.84139883E+00
          0.84197783E+00
          0.84255449E+00
          0.84312881E+00
          0.84370081E+00
          0.84427050E+00
          0.84483787E+00
          0.84540295E+00
          0.84596574E+00
          0.84652625E+00
          0.84708448E+00
          0.84764046E+00
          0.84819418E+00
          0.84874566E+00
          0.84929490E+00
          0.84984191E+00
          0.85038671E+00
          0.85092930E+00
          0.85146969E+00
          0.85200788E+00
          0.85254390E+00
          0.85307774E+00
          0.85360941E+00
          0.85413893E+00
          0.85466630E+00
          0.85519153E+00
          0.85571463E+00
          0.85623561E+00
          0.85675447E+00
          0.85727123E+00
          0.85778590E+00
          0.85829847E+00
          0.85880897E+00
          0.85931739E+00
          0.85982375E+00
          0.86032806E+00
          0.86083032E+00
          0.86133054E+00
          0.86182873E+00
          0.86232491E+00
          0.86281907E+00
          0.86331122E+00
          0.86380138E+00
          0.86428955E+00
          0.86477574E+00
          0.86525996E+00
          0.86574221E+00
          0.86622251E+00
          0.86670086E+00
          0.86717727E+00
          0.86765175E+00
          0.86812430E+00
          0.86859494E+00
          0.86906367E+00
          0.86953050E+00
          0.86999544E+00
          0.87045850E+00
          0.87091967E+00
          0.87137898E+00
          0.87183643E+00
          0.87229202E+00
          0.87274577E+00
          0.87319768E+00
          0.87364776E+00
          0.87409602E+00
          0.87454246E+00
          0.87498709E+00
          0.87542993E+00
          0.87587097E+00
          0.87631023E+00
          0.87674771E+00
          0.87718342E+00
          0.87761736E+00
          0.87804955E+00
          0.87848000E+00
          0.87890870E+00
          0.87933567E+00
          0.87976091E+00
          0.88018444E+00
          0.88060625E+00
          0.88102636E+00
          0.88144477E+00
          0.88186149E+00
          0.88227653E+00
          0.88268989E+00
          0.88310159E+00
          0.88351162E+00
          0.88392000E+00
          0.88432673E+00
          0.88473182E+00
          0.88513527E+00
          0.88553710E+00
          0.88593731E+00
          0.88633590E+00
          0.88673289E+00
          0.88712828E+00
          0.88752208E+00
          0.88791429E+00
          0.88830492E+00
          0.88869398E+00
          0.88908148E+00
          0.88946741E+00
          0.88985179E+00
          0.89023463E+00
          0.89061592E+00
          0.89099569E+00
          0.89137392E+00
          0.89175064E+00
          0.89212585E+00
          0.89249954E+00
          0.89287174E+00
          0.89324244E+00
          0.89361166E+00
          0.89397939E+00
          0.89434565E+00
          0.89471044E+00
          0.89507377E+00
          0.89543564E+00
          0.89579606E+00
          0.89615504E+00
          0.89651258E+00
          0.89686869E+00
          0.89722338E+00
          0.89757664E+00
          0.89792849E+00
          0.89827894E+00
          0.89862798E+00
          0.89897563E+00
          0.89932189E+00
          0.89966677E+00
          0.90001026E+00
          0.90035239E+00
          0.90069316E+00
          0.90103256E+00
          0.90137061E+00
          0.90170731E+00
          0.90204267E+00
          0.90237669E+00
          0.90270939E+00
          0.90304075E+00
          0.90337080E+00
          0.90369954E+00
          0.90402697E+00
          0.90435309E+00
          0.90467792E+00
          0.90500146E+00
          0.90532371E+00
          0.90564468E+00
          0.90596438E+00
          0.90628281E+00
          0.90659998E+00
          0.90691588E+00
          0.90723054E+00
          0.90754395E+00
          0.90785611E+00
          0.90816704E+00
          0.90847674E+00
          0.90878521E+00
          0.90909246E+00
          0.90939850E+00
          0.90970333E+00
          0.91000695E+00
          0.91030937E+00
          0.91061060E+00
          0.91091063E+00
          0.91120949E+00
          0.91150716E+00
          0.91180366E+00
          0.91209899E+00
          0.91239316E+00
          0.91268617E+00
          0.91297802E+00
          0.91326873E+00
          0.91355829E+00
          0.91384671E+00
          0.91413400E+00
          0.91442015E+00
          0.91470519E+00
          0.91498910E+00
          0.91527190E+00
          0.91555359E+00
          0.91583417E+00
          0.91611366E+00
          0.91639205E+00
          0.91666934E+00
          0.91694555E+00
          0.91722068E+00
          0.91749474E+00
          0.91776772E+00
          0.91803963E+00
          0.91831048E+00
          0.91858027E+00
          0.91884901E+00
          0.91911669E+00
          0.91938334E+00
          0.91964894E+00
          0.91991351E+00
          0.92017704E+00
          0.92043955E+00
          0.92070104E+00
          0.92096150E+00
          0.92122096E+00
          0.92147940E+00
          0.92173684E+00
          0.92199328E+00
          0.92224872E+00
          0.92250317E+00
          0.92275663E+00
          0.92300911E+00
          0.92326061E+00
          0.92351114E+00
          0.92376069E+00
          0.92400928E+00
          0.92425690E+00
          0.92450357E+00
          0.92474928E+00
          0.92499404E+00
          0.92523786E+00
          0.92548073E+00
          0.92572266E+00
          0.92596366E+00
          0.92620374E+00
          0.92644288E+00
          0.92668110E+00
          0.92691841E+00
          0.92715480E+00
          0.92739028E+00
          0.92762485E+00
          0.92785853E+00
          0.92809130E+00
          0.92832318E+00
          0.92855417E+00
          0.92878427E+00
          0.92901349E+00
          0.92924182E+00
          0.92946929E+00
          0.92969588E+00
          0.92992160E+00
          0.93014646E+00
          0.93037046E+00
          0.93059360E+00
          0.93081589E+00
          0.93103732E+00
          0.93125792E+00
          0.93147766E+00
          0.93169658E+00
          0.93191465E+00
          0.93213189E+00
          0.93234831E+00
          0.93256390E+00
          0.93277867E+00
          0.93299262E+00
          0.93320576E+00
          0.93341809E+00
          0.93362961E+00
          0.93384033E+00
          0.93405024E+00
          0.93425936E+00
          0.93446769E+00
          0.93467523E+00
          0.93488198E+00
          0.93508795E+00
          0.93529313E+00
          0.93549754E+00
          0.93570118E+00
          0.93590405E+00
          0.93610615E+00
          0.93630748E+00
          0.93650806E+00
          0.93670788E+00
          0.93690695E+00
          0.93710526E+00
          0.93730283E+00
          0.93749965E+00
          0.93769574E+00
          0.93789108E+00
          0.93808569E+00
          0.93827957E+00
          0.93847272E+00
          0.93866515E+00
          0.93885685E+00
          0.93904783E+00
          0.93923810E+00
          0.93942765E+00
          0.93961650E+00
          0.93980463E+00
          0.93999207E+00
          0.94017880E+00
          0.94036483E+00
          0.94055017E+00
          0.94073482E+00
          0.94091877E+00
          0.94110204E+00
          0.94128463E+00
          0.94146654E+00
          0.94164776E+00
          0.94182832E+00
          0.94200820E+00
          0.94218741E+00
          0.94236596E+00
          0.94254384E+00
          0.94272106E+00
          0.94289762E+00
          0.94307353E+00
          0.94324879E+00
          0.94342339E+00
          0.94359735E+00
          0.94377067E+00
          0.94394334E+00
          0.94411538E+00
          0.94428678E+00
          0.94445754E+00
          0.94462768E+00
          0.94479718E+00
          0.94496606E+00
          0.94513432E+00
          0.94530196E+00
          0.94546898E+00
          0.94563538E+00
          0.94580118E+00
          0.94596636E+00
          0.94613093E+00
          0.94629490E+00
          0.94645827E+00
          0.94662104E+00
          0.94678321E+00
          0.94694479E+00
          0.94710577E+00
          0.94726617E+00
          0.94742598E+00
          0.94758520E+00
          0.94774384E+00
          0.94790190E+00
          0.94805938E+00
          0.94821629E+00
          0.94837262E+00
          0.94852839E+00
          0.94868358E+00
          0.94883821E+00
          0.94899228E+00
          0.94914579E+00
          0.94929874E+00
          0.94945113E+00
          0.94960297E+00
          0.94975425E+00
          0.94990499E+00
          0.95005518E+00
          0.95020483E+00
          0.95035393E+00
          0.95050249E+00
          0.95065052E+00
          0.95079800E+00
          0.95094496E+00
          0.95109138E+00
          0.95123728E+00
          0.95138265E+00
          0.95152749E+00
          0.95167181E+00
          0.95181561E+00
          0.95195889E+00
          0.95210166E+00
          0.95224391E+00
          0.95238565E+00
          0.95252688E+00
          0.95266760E+00
          0.95280782E+00
          0.95294753E+00
          0.95308674E+00
          0.95322546E+00
          0.95336367E+00
          0.95350139E+00
          0.95363862E+00
          0.95377536E+00
          0.95391160E+00
          0.95404736E+00
          0.95418264E+00
          0.95431743E+00
          0.95445174E+00
          0.95458557E+00
          0.95471892E+00
          0.95485180E+00
          0.95498421E+00
          0.95511614E+00
          0.95524760E+00
          0.95537860E+00
          0.95550913E+00
          0.95563920E+00
          0.95576881E+00
          0.95589795E+00
          0.95602664E+00
          0.95615487E+00
          0.95628265E+00
          0.95640997E+00
          0.95653685E+00
          0.95666328E+00
          0.95678925E+00
          0.95691479E+00
          0.95703988E+00
          0.95716453E+00
          0.95728874E+00
          0.95741251E+00
          0.95753584E+00
          0.95765875E+00
          0.95778121E+00
          0.95790325E+00
          0.95802486E+00
          0.95814604E+00
          0.95826680E+00
          0.95838713E+00
          0.95850704E+00
          0.95862653E+00
          0.95874560E+00
          0.95886425E+00
          0.95898249E+00
          0.95910032E+00
          0.95921773E+00
          0.95933473E+00
          0.95945132E+00
          0.95956751E+00
          0.95968329E+00
          0.95979867E+00
          0.95991365E+00
          0.96002822E+00
          0.96014240E+00
          0.96025618E+00
          0.96036956E+00
          0.96048255E+00
          0.96059514E+00
          0.96070735E+00
          0.96081917E+00
          0.96093059E+00
          0.96104164E+00
          0.96115229E+00
          0.96126257E+00
          0.96137246E+00
          0.96148198E+00
          0.96159111E+00
          0.96169987E+00
          0.96180825E+00
          0.96191626E+00
          0.96202389E+00
          0.96213116E+00
          0.96223805E+00
          0.96234458E+00
          0.96245074E+00
          0.96255653E+00
          0.96266196E+00
          0.96276703E+00
          0.96287174E+00
          0.96297609E+00
          0.96308008E+00
          0.96318372E+00
          0.96328700E+00
          0.96338992E+00
          0.96349249E+00
          0.96359472E+00
          0.96369659E+00
          0.96379812E+00
          0.96389929E+00
          0.96400013E+00
          0.96410062E+00
          0.96420076E+00
          0.96430057E+00
          0.96440003E+00
          0.96449916E+00
          0.96459795E+00
          0.96469641E+00
          0.96479452E+00
          0.96489231E+00
          0.96498977E+00
          0.96508689E+00
          0.96518368E+00
          0.96528015E+00
          0.96537629E+00
          0.96547210E+00
          0.96556759E+00
          0.96566276E+00
          0.96575761E+00
          0.96585213E+00
          0.96594634E+00
          0.96604023E+00
          0.96613380E+00
          0.96622706E+00
          0.96632000E+00
          0.96641263E+00
          0.96650495E+00
          0.96659696E+00
          0.96668865E+00
          0.96678005E+00
          0.96687113E+00
          0.96696191E+00
          0.96705238E+00
          0.96714255E+00
          0.96723242E+00
          0.96732199E+00
          0.96741126E+00
          0.96750023E+00
          0.96758890E+00
          0.96767728E+00
          0.96776536E+00
          0.96785315E+00
          0.96794064E+00
          0.96802784E+00
          0.96811476E+00
          0.96820138E+00
          0.96828772E+00
          0.96837376E+00
          0.96845953E+00
          0.96854500E+00
          0.96863020E+00
          0.96871511E+00
          0.96879974E+00
          0.96888409E+00
          0.96896816E+00
          0.96905195E+00
          0.96913546E+00
          0.96921870E+00
          0.96930166E+00
          0.96938435E+00
          0.96946677E+00
          0.96954891E+00
          0.96963078E+00
          0.96971239E+00
          0.96979372E+00
          0.96987479E+00
          0.96995559E+00
          0.97003612E+00
          0.97011639E+00
          0.97019640E+00
          0.97027614E+00
          0.97035562E+00
          0.97043484E+00
          0.97051381E+00
          0.97059251E+00
          0.97067095E+00
          0.97074914E+00
          0.97082707E+00
          0.97090475E+00
          0.97098218E+00
          0.97105935E+00
          0.97113627E+00
          0.97121294E+00
          0.97128936E+00
          0.97136553E+00
          0.97144145E+00
          0.97151712E+00
          0.97159255E+00
          0.97166774E+00
          0.97174268E+00
          0.97181737E+00
          0.97189183E+00
          0.97196604E+00
          0.97204001E+00
          0.97211374E+00
          0.97218724E+00
          0.97226049E+00
          0.97233351E+00
          0.97240629E+00
          0.97247884E+00
          0.97255115E+00
          0.97262323E+00
          0.97269508E+00
          0.97276670E+00
          0.97283808E+00
          0.97290924E+00
          0.97298016E+00
          0.97305086E+00
          0.97312133E+00
          0.97319158E+00
          0.97326160E+00
          0.97333139E+00
          0.97340096E+00
          0.97347031E+00
          0.97353944E+00
          0.97360834E+00
          0.97367702E+00
          0.97374549E+00
          0.97381373E+00
          0.97388176E+00
          0.97394957E+00
          0.97401716E+00
          0.97408454E+00
          0.97415170E+00
          0.97421865E+00
          0.97428539E+00
          0.97435191E+00
          0.97441822E+00
          0.97448433E+00
          0.97455022E+00
          0.97461590E+00
          0.97468137E+00
          0.97474664E+00
          0.97481170E+00
          0.97487655E+00
          0.97494120E+00
          0.97500564E+00
          0.97506988E+00
          0.97513391E+00
          0.97519775E+00
          0.97526138E+00
          0.97532481E+00
          0.97538804E+00
          0.97545107E+00
          0.97551390E+00
          0.97557654E+00
          0.97563898E+00
          0.97570122E+00
          0.97576326E+00
          0.97582511E+00
          0.97588677E+00
          0.97594823E+00
          0.97600950E+00
          0.97607058E+00
          0.97613147E+00
          0.97619217E+00
          0.97625267E+00
          0.97631299E+00
          0.97637312E+00
          0.97643306E+00
          0.97649281E+00
          0.97655238E+00
          0.97661176E+00
          0.97667095E+00
          0.97672996E+00
          0.97678879E+00
          0.97684743E+00
          0.97690589E+00
          0.97696417E+00
          0.97702227E+00
          0.97708019E+00
          0.97713793E+00
          0.97719549E+00
          0.97725287E+00
          0.97731007E+00
          0.97736710E+00
          0.97742395E+00
          0.97748062E+00
          0.97753712E+00
          0.97759344E+00
          0.97764959E+00
          0.97770556E+00
          0.97776137E+00
          0.97781700E+00
          0.97787246E+00
          0.97792775E+00
          0.97798287E+00
          0.97803781E+00
          0.97809259E+00
          0.97814721E+00
          0.97820165E+00
          0.97825592E+00
          0.97831003E+00
          0.97836398E+00
          0.97841776E+00
          0.97847137E+00
          0.97852482E+00
          0.97857811E+00
          0.97863123E+00
          0.97868419E+00
          0.97873699E+00
          0.97878962E+00
          0.97884210E+00
          0.97889442E+00
          0.97894658E+00
          0.97899857E+00
          0.97905041E+00
          0.97910209E+00
          0.97915362E+00
          0.97920499E+00
          0.97925620E+00
          0.97930726E+00
          0.97935816E+00
          0.97940890E+00
          0.97945950E+00
          0.97950994E+00
          0.97956022E+00
          0.97961036E+00
          0.97966034E+00
          0.97971017E+00
          0.97975985E+00
          0.97980938E+00
          0.97985877E+00
          0.97990800E+00
          0.97995708E+00
          0.98000602E+00
          0.98005481E+00
          0.98010345E+00
          0.98015194E+00
          0.98020029E+00
          0.98024850E+00
          0.98029656E+00
          0.98034447E+00
          0.98039224E+00
          0.98043987E+00
          0.98048736E+00
          0.98053470E+00
          0.98058190E+00
          0.98062896E+00
          0.98067588E+00
          0.98072266E+00
          0.98076929E+00
          0.98081579E+00
          0.98086215E+00
          0.98090838E+00
          0.98095446E+00
          0.98100041E+00
          0.98104622E+00
          0.98109189E+00
          0.98113743E+00
          0.98118283E+00
          0.98122810E+00
          0.98127323E+00
          0.98131823E+00
          0.98136310E+00
          0.98140783E+00
          0.98145243E+00
          0.98149690E+00
          0.98154123E+00
          0.98158544E+00
          0.98162951E+00
          0.98167345E+00
          0.98171727E+00
          0.98176095E+00
          0.98180451E+00
          0.98184794E+00
          0.98189123E+00
          0.98193441E+00
          0.98197745E+00
          0.98202037E+00
          0.98206316E+00
          0.98210582E+00
          0.98214836E+00
          0.98219078E+00
          0.98223307E+00
          0.98227524E+00
          0.98231728E+00
          0.98235920E+00
          0.98240099E+00
          0.98244267E+00
          0.98248422E+00
          0.98252565E+00
          0.98256696E+00
          0.98260815E+00
          0.98264922E+00
          0.98269017E+00
          0.98273100E+00
          0.98277171E+00
          0.98281230E+00
          0.98285277E+00
          0.98289313E+00
          0.98293336E+00
          0.98297349E+00
          0.98301349E+00
          0.98305338E+00
          0.98309315E+00
          0.98313281E+00
          0.98317235E+00
          0.98321178E+00
          0.98325109E+00
          0.98329029E+00
          0.98332938E+00
          0.98336835E+00
          0.98340721E+00
          0.98344596E+00
          0.98348459E+00
          0.98352312E+00
          0.98356153E+00
          0.98359983E+00
          0.98363803E+00
          0.98367611E+00
          0.98371408E+00
          0.98375194E+00
          0.98378970E+00
          0.98382734E+00
          0.98386488E+00
          0.98390231E+00
          0.98393963E+00
          0.98397685E+00
          0.98401396E+00
          0.98405096E+00
          0.98408786E+00
          0.98412465E+00
          0.98416134E+00
          0.98419792E+00
          0.98423439E+00
          0.98427076E+00
          0.98430703E+00
          0.98434320E+00
          0.98437926E+00
          0.98441522E+00
          0.98445107E+00
          0.98448683E+00
          0.98452248E+00
          0.98455803E+00
          0.98459348E+00
          0.98462883E+00
          0.98466408E+00
          0.98469923E+00
          0.98473428E+00
          0.98476923E+00
          0.98480408E+00
          0.98483883E+00
          0.98487349E+00
          0.98490804E+00
          0.98494250E+00
          0.98497686E+00
          0.98501113E+00
          0.98504529E+00
          0.98507936E+00
          0.98511334E+00
          0.98514722E+00
          0.98518100E+00
          0.98521469E+00
          0.98524828E+00
          0.98528178E+00
          0.98531518E+00
          0.98534849E+00
          0.98538171E+00
          0.98541484E+00
          0.98544787E+00
          0.98548080E+00
          0.98551365E+00
          0.98554640E+00
          0.98557907E+00
          0.98561164E+00
          0.98564412E+00
          0.98567651E+00
          0.98570880E+00
          0.98574101E+00
          0.98577313E+00
          0.98580516E+00
          0.98583710E+00
          0.98586895E+00
          0.98590071E+00
          0.98593238E+00
          0.98596397E+00
          0.98599547E+00
          0.98602688E+00
          0.98605820E+00
          0.98608944E+00
          0.98612058E+00
          0.98615165E+00
          0.98618262E+00
          0.98621351E+00
          0.98624432E+00
          0.98627504E+00
          0.98630567E+00
          0.98633622E+00
          0.98636669E+00
          0.98639707E+00
          0.98642737E+00
          0.98645758E+00
          0.98648771E+00
          0.98651776E+00
          0.98654772E+00
          0.98657761E+00
          0.98660741E+00
          0.98663712E+00
          0.98666676E+00
          0.98669631E+00
          0.98672579E+00
          0.98675518E+00
          0.98678449E+00
          0.98681372E+00
          0.98684288E+00
          0.98687195E+00
          0.98690094E+00
          0.98692985E+00
          0.98695869E+00
          0.98698744E+00
          0.98701612E+00
          0.98704471E+00
          0.98707323E+00
          0.98710168E+00
          0.98713004E+00
          0.98715833E+00
          0.98718654E+00
          0.98721467E+00
          0.98724273E+00
          0.98727071E+00
          0.98729861E+00
          0.98732644E+00
          0.98735419E+00
          0.98738187E+00
          0.98740947E+00
          0.98743700E+00
          0.98746445E+00
          0.98749183E+00
          0.98751913E+00
          0.98754636E+00
          0.98757352E+00
          0.98760061E+00
          0.98762762E+00
          0.98765455E+00
          0.98768142E+00
          0.98770821E+00
          0.98773493E+00
          0.98776158E+00
          0.98778815E+00
          0.98781466E+00
          0.98784109E+00
          0.98786745E+00
          0.98789374E+00
          0.98791996E+00
          0.98794611E+00
          0.98797219E+00
          0.98799820E+00
          0.98802414E+00
          0.98805001E+00
          0.98807581E+00
          0.98810155E+00
          0.98812721E+00
          0.98815280E+00
          0.98817833E+00
          0.98820379E+00
          0.98822918E+00
          0.98825450E+00
          0.98827975E+00
          0.98830494E+00
          0.98833006E+00
          0.98835511E+00
          0.98838010E+00
          0.98840502E+00
          0.98842987E+00
          0.98845466E+00
          0.98847938E+00
          0.98850404E+00
          0.98852863E+00
          0.98855315E+00
          0.98857761E+00
          0.98860201E+00
          0.98862634E+00
          0.98865061E+00
          0.98867481E+00
          0.98869894E+00
          0.98872302E+00
          0.98874703E+00
          0.98877098E+00
          0.98879486E+00
          0.98881868E+00
          0.98884244E+00
          0.98886613E+00
          0.98888977E+00
          0.98891334E+00
          0.98893685E+00
          0.98896029E+00
          0.98898368E+00
          0.98900700E+00
          0.98903026E+00
          0.98905346E+00
          0.98907660E+00
          0.98909968E+00
          0.98912270E+00
          0.98914566E+00
          0.98916856E+00
          0.98919140E+00
          0.98921418E+00
          0.98923690E+00
          0.98925956E+00
          0.98928216E+00
          0.98930470E+00
          0.98932718E+00
          0.98934961E+00
          0.98937197E+00
          0.98939428E+00
          0.98941653E+00
          0.98943872E+00
          0.98946085E+00
          0.98948293E+00
          0.98950495E+00
          0.98952691E+00
          0.98954881E+00
          0.98957066E+00
          0.98959245E+00
          0.98961418E+00
          0.98963586E+00
          0.98965748E+00
          0.98967905E+00
          0.98970056E+00
          0.98972201E+00
          0.98974341E+00
          0.98976475E+00
          0.98978604E+00
          0.98980728E+00
          0.98982845E+00
          0.98984958E+00
          0.98987065E+00
          0.98989166E+00
          0.98991262E+00
          0.98993353E+00
          0.98995438E+00
          0.98997518E+00
          0.98999593E+00
          0.99001662E+00
          0.99003726E+00
          0.99005785E+00
          0.99007838E+00
          0.99009886E+00
          0.99011929E+00
          0.99013967E+00
          0.99015999E+00
          0.99018026E+00
          0.99020048E+00
          0.99022065E+00
          0.99024077E+00
          0.99026083E+00
          0.99028085E+00
          0.99030081E+00
          0.99032072E+00
          0.99034058E+00
          0.99036039E+00
          0.99038015E+00
          0.99039986E+00
          0.99041952E+00
          0.99043913E+00
          0.99045869E+00
          0.99047820E+00
          0.99049766E+00
          0.99051707E+00
          0.99053644E+00
          0.99055575E+00
          0.99057501E+00
          0.99059423E+00
          0.99061339E+00
          0.99063251E+00
          0.99065158E+00
          0.99067060E+00
          0.99068958E+00
          0.99070850E+00
          0.99072738E+00
          0.99074621E+00
          0.99076499E+00
          0.99078373E+00
          0.99080241E+00
          0.99082106E+00
          0.99083965E+00
          0.99085820E+00
          0.99087670E+00
          0.99089515E+00
          0.99091356E+00
          0.99093192E+00
          0.99095023E+00
          0.99096850E+00
          0.99098673E+00
          0.99100490E+00
          0.99102304E+00
          0.99104112E+00
          0.99105916E+00
          0.99107716E+00
          0.99109511E+00
          0.99111302E+00
          0.99113088E+00
          0.99114870E+00
          0.99116647E+00
          0.99118420E+00
          0.99120188E+00
          0.99121952E+00
          0.99123712E+00
          0.99125467E+00
          0.99127218E+00
          0.99128964E+00
          0.99130706E+00
          0.99132444E+00
          0.99134178E+00
          0.99135907E+00
          0.99137632E+00
          0.99139352E+00
          0.99141069E+00
          0.99142781E+00
          0.99144489E+00
          0.99146192E+00
          0.99147892E+00
          0.99149587E+00
          0.99151278E+00
          0.99152965E+00
          0.99154647E+00
          0.99156326E+00
          0.99158000E+00
          0.99159670E+00
          0.99161336E+00
