 Upwards broadband flux at each level [W/m2]
      594.2215
     1147.9835
     1145.5893
     1084.9901
     1030.7937
      982.1320
      938.2052
      898.2952
      861.7623
      828.0451
      796.6262
      767.1217
      731.2326
      675.3901
      608.9143
      550.5210
      503.0359
      464.0037
      429.8184
      398.5510
      370.2155
      343.2642
      316.4107
      290.7355
      266.5745
      243.8198
      223.3563
      205.7872
      191.4033
      179.8322
      170.7551
      163.6237
      158.0345
      153.8542
      150.8947
      149.1339
      148.4154
      148.4394
      148.9926
      149.8675
      150.7611
      151.2519
      151.2315
      150.9945
      150.6447
      149.6279
      148.3769
      147.5763
      146.8957
      146.5770
      146.5550
