 Planetary albedo [cm2 / molecules of air]
          0.00000000E+00
          0.86610719E-11
          0.12822543E-09
          0.63234362E-09
          0.19723637E-08
          0.47773311E-08
          0.98539883E-08
          0.18186775E-07
          0.30937830E-07
          0.49446986E-07
          0.75231775E-07
          0.10998743E-06
          0.15558686E-06
          0.21408071E-06
          0.28769727E-06
          0.37884257E-06
          0.49010031E-06
          0.62423188E-06
          0.78417638E-06
          0.97305058E-06
          0.11941489E-05
          0.14509436E-05
          0.17470845E-05
          0.20863990E-05
          0.24728923E-05
          0.29107474E-05
          0.34043247E-05
          0.39581624E-05
          0.45769764E-05
          0.52656601E-05
          0.60292848E-05
          0.68730991E-05
          0.78025294E-05
          0.88231797E-05
          0.99408317E-05
          0.11161444E-04
          0.12491155E-04
          0.13936277E-04
          0.15503303E-04
          0.17198902E-04
          0.19029921E-04
          0.21003385E-04
          0.23126494E-04
          0.25406629E-04
          0.27851347E-04
          0.30468381E-04
          0.33265641E-04
          0.36251219E-04
          0.39433378E-04
          0.42820564E-04
          0.46421395E-04
          0.50244670E-04
          0.54299364E-04
          0.58594627E-04
          0.63139790E-04
          0.67944358E-04
          0.73018013E-04
          0.78370616E-04
          0.84012202E-04
          0.89952984E-04
          0.96203353E-04
          0.10277387E-03
          0.10967529E-03
          0.11691852E-03
          0.12451467E-03
          0.13247499E-03
          0.14081094E-03
          0.14953415E-03
          0.15865641E-03
          0.16818971E-03
          0.17814618E-03
          0.18853816E-03
          0.19937815E-03
          0.21067883E-03
          0.22245306E-03
          0.23471385E-03
          0.24747442E-03
          0.26074814E-03
          0.27454856E-03
          0.28888942E-03
          0.30378461E-03
          0.31924820E-03
          0.33529446E-03
          0.35193779E-03
          0.36919280E-03
          0.38707426E-03
          0.40559711E-03
          0.42477646E-03
          0.44462761E-03
          0.46516601E-03
          0.48640731E-03
          0.50836730E-03
          0.53106196E-03
          0.55450744E-03
          0.57872005E-03
          0.60371630E-03
          0.62951284E-03
          0.65612649E-03
          0.68357427E-03
          0.71187334E-03
          0.74104104E-03
          0.77109488E-03
          0.97739547E-03
          0.83393186E-03
          0.86675085E-03
          0.90052770E-03
          0.93528075E-03
          0.97102852E-03
          0.10077897E-02
          0.10455831E-02
          0.10844277E-02
          0.11243428E-02
          0.11653477E-02
          0.12074618E-02
          0.12507049E-02
          0.12950967E-02
          0.13406573E-02
          0.13874068E-02
          0.14353655E-02
          0.14845540E-02
          0.15349928E-02
          0.15867027E-02
          0.16397047E-02
          0.16940199E-02
          0.17496696E-02
          0.18066751E-02
          0.18650582E-02
          0.19248405E-02
          0.19860438E-02
          0.20486904E-02
          0.21128022E-02
          0.21784018E-02
          0.22455117E-02
          0.23141543E-02
          0.23843527E-02
          0.24561296E-02
          0.25295083E-02
          0.26045120E-02
          0.26811641E-02
          0.27594881E-02
          0.28395077E-02
          0.29212467E-02
          0.30047292E-02
          0.30899791E-02
          0.31770209E-02
          0.32658789E-02
          0.33565776E-02
          0.34491416E-02
          0.35435959E-02
          0.36399654E-02
          0.37382751E-02
          0.38385503E-02
          0.39408162E-02
          0.40450985E-02
          0.41514226E-02
          0.42598143E-02
          0.43702996E-02
          0.44829043E-02
          0.45976546E-02
          0.47145768E-02
          0.48336972E-02
          0.49550422E-02
          0.50786385E-02
          0.52045128E-02
          0.53326919E-02
          0.54632029E-02
          0.55960726E-02
          0.57313284E-02
          0.58689975E-02
          0.60091073E-02
          0.61516853E-02
          0.62970265E-02
          0.64443564E-02
          0.98204347E-02
          0.10391166E-01
          0.41295002E-01
          0.62963549E-01
          0.72869097E-02
          0.37151144E-01
          0.52803372E-01
          0.95530736E-02
          0.78947337E-02
          0.80652907E-02
          0.82425037E-02
          0.84225803E-02
          0.86055493E-02
          0.87914397E-02
          0.89802813E-02
          0.91721011E-02
          0.93669304E-02
          0.95647978E-02
          0.97657326E-02
          0.99697642E-02
          0.10176922E-01
          0.10387236E-01
          0.10600735E-01
          0.10817449E-01
          0.11037408E-01
          0.11260642E-01
          0.11487179E-01
          0.11717051E-01
          0.11950287E-01
          0.12186917E-01
          0.12426971E-01
          0.12670479E-01
          0.12917471E-01
          0.13167977E-01
          0.13422027E-01
          0.13679651E-01
          0.13940880E-01
          0.14205744E-01
          0.14474272E-01
          0.14746496E-01
          0.15022444E-01
          0.15302149E-01
          0.15585639E-01
          0.15872945E-01
          0.16164097E-01
          0.16459126E-01
          0.16758061E-01
          0.17060934E-01
          0.17367774E-01
          0.17678611E-01
          0.17993476E-01
          0.18312398E-01
          0.18635409E-01
          0.18962537E-01
          0.19293814E-01
          0.19629269E-01
          0.19968933E-01
          0.20312834E-01
          0.20661005E-01
          0.21013472E-01
          0.21370268E-01
          0.21731421E-01
          0.22096963E-01
          0.27909059E-01
          0.24502803E-01
          0.23231480E-01
          0.23603623E-01
          0.23991519E-01
          0.24384006E-01
          0.24781088E-01
          0.25182793E-01
          0.25589150E-01
          0.26000188E-01
          0.26415936E-01
          0.26836424E-01
          0.27261679E-01
          0.27691730E-01
          0.28126606E-01
          0.28566336E-01
          0.29010946E-01
          0.29460467E-01
          0.29914925E-01
          0.30374349E-01
          0.30906674E-01
          0.48458089E-01
          0.31803089E-01
          0.32262253E-01
          0.32746918E-01
          0.33236714E-01
          0.33731666E-01
          0.34231803E-01
          0.34737149E-01
          0.35247733E-01
          0.35763579E-01
          0.36284715E-01
          0.36811165E-01
          0.37342956E-01
          0.37880114E-01
          0.38422663E-01
          0.38970629E-01
          0.39524037E-01
          0.40082911E-01
          0.40647276E-01
          0.41217156E-01
          0.41792576E-01
          0.42373559E-01
          0.42960129E-01
          0.43552310E-01
          0.44150124E-01
          0.44753595E-01
          0.45362746E-01
          0.45977599E-01
          0.46598175E-01
          0.47224499E-01
          0.47856590E-01
          0.48494471E-01
          0.49138162E-01
          0.49787686E-01
          0.50443061E-01
          0.51104310E-01
          0.51771452E-01
          0.52444507E-01
          0.53123495E-01
          0.53808434E-01
          0.54499345E-01
          0.55196245E-01
          0.55899153E-01
          0.56608087E-01
          0.57323065E-01
          0.58044105E-01
          0.58771223E-01
          0.59504437E-01
          0.60243763E-01
          0.60989217E-01
          0.61740815E-01
          0.62498573E-01
          0.63262506E-01
          0.64032628E-01
          0.74622462E-01
          0.80030030E-01
          0.66383564E-01
          0.10850204E+00
          0.10469053E+00
          0.69920563E-01
          0.72648464E-01
          0.89757490E-01
          0.88255301E-01
          0.14114715E+00
          0.13552251E+00
          0.73820193E-01
          0.74614016E-01
          0.75471745E-01
          0.76336254E-01
          0.77207141E-01
          0.78084415E-01
          0.78968084E-01
          0.79858156E-01
          0.80754638E-01
          0.81657536E-01
          0.82566858E-01
          0.83482609E-01
          0.84404796E-01
          0.85333422E-01
          0.86268494E-01
          0.87210016E-01
          0.88157991E-01
          0.89112423E-01
          0.90073315E-01
          0.91040670E-01
          0.92014490E-01
          0.92994777E-01
          0.93981532E-01
          0.94974757E-01
          0.95974451E-01
          0.96980614E-01
          0.97993246E-01
          0.99012347E-01
          0.10003791E+00
          0.10106995E+00
          0.10210844E+00
          0.10315340E+00
          0.10420481E+00
          0.10526268E+00
          0.10632699E+00
          0.10739775E+00
          0.10847495E+00
          0.10955858E+00
          0.11064865E+00
          0.11174513E+00
          0.11284803E+00
          0.11395733E+00
          0.11507304E+00
          0.11619513E+00
          0.11732361E+00
          0.11845846E+00
          0.11959968E+00
          0.12074724E+00
          0.12190115E+00
          0.12306140E+00
          0.12422796E+00
          0.12922990E+00
          0.13230696E+00
          0.12776559E+00
          0.12895878E+00
          0.18645975E+00
          0.15583445E+00
          0.13266082E+00
          0.13378640E+00
          0.13500923E+00
          0.21426649E+00
          0.18628054E+00
          0.13875443E+00
          0.14065916E+00
          0.17892194E+00
          0.21897949E+00
          0.21455004E+00
          0.14792214E+00
          0.18283954E+00
          0.18521923E+00
          0.16922787E+00
          0.16839137E+00
          0.15913474E+00
          0.15300952E+00
          0.15408270E+00
          0.17276552E+00
          0.15675521E+00
          0.15805835E+00
          0.16334434E+00
          0.16405514E+00
          0.16472503E+00
          0.17145522E+00
          0.16551750E+00
          0.16616563E+00
          0.16753675E+00
          0.16891349E+00
          0.17029581E+00
          0.17168370E+00
          0.17307711E+00
          0.17447603E+00
          0.17588041E+00
          0.17729024E+00
          0.17870548E+00
          0.18012609E+00
          0.18155205E+00
          0.18298332E+00
          0.18441987E+00
          0.18586168E+00
          0.18730870E+00
          0.18876090E+00
          0.19021825E+00
          0.19168071E+00
          0.19314825E+00
          0.19462084E+00
          0.19609843E+00
          0.19758099E+00
          0.19906850E+00
          0.20056089E+00
          0.20205816E+00
          0.20356024E+00
          0.20506712E+00
          0.20657874E+00
          0.20809507E+00
          0.20961608E+00
          0.21114172E+00
          0.21267195E+00
          0.21420673E+00
          0.21574603E+00
          0.21728981E+00
          0.21883801E+00
          0.22039061E+00
          0.22194755E+00
          0.22350881E+00
          0.22507433E+00
          0.22664408E+00
          0.22821801E+00
          0.22985760E+00
          0.23142906E+00
          0.23308032E+00
          0.24194918E+00
          0.26550039E+00
          0.24224111E+00
          0.24173365E+00
          0.26744466E+00
          0.27292892E+00
          0.27671890E+00
          0.25653395E+00
          0.24960009E+00
          0.24904098E+00
          0.29003076E+00
          0.28799608E+00
          0.28986229E+00
          0.29157880E+00
          0.27702202E+00
          0.27156439E+00
          0.27012683E+00
          0.26221320E+00
          0.26629933E+00
          0.26639199E+00
          0.27053185E+00
          0.28182473E+00
          0.27273907E+00
          0.27216009E+00
          0.27383180E+00
          0.27549972E+00
          0.27717777E+00
          0.27884150E+00
          0.28052547E+00
          0.28221208E+00
          0.28390131E+00
          0.28559309E+00
          0.28728739E+00
          0.28898416E+00
          0.29068333E+00
          0.29238487E+00
          0.29408873E+00
          0.29579485E+00
          0.29750319E+00
          0.29921370E+00
          0.30092632E+00
          0.30264102E+00
          0.30435773E+00
          0.30607641E+00
          0.30828384E+00
          0.31053533E+00
          0.31124395E+00
          0.31296982E+00
          0.31469784E+00
          0.31643002E+00
          0.31832105E+00
          0.31989076E+00
          0.32251076E+00
          0.32336057E+00
          0.32511190E+00
          0.32684279E+00
          0.32860140E+00
          0.33060861E+00
          0.34105005E+00
          0.33905258E+00
          0.33573279E+00
          0.35449200E+00
          0.35462938E+00
          0.35515497E+00
          0.35918770E+00
          0.36086637E+00
          0.36222402E+00
          0.36351658E+00
          0.36527973E+00
          0.36687241E+00
          0.36828860E+00
          0.36979300E+00
          0.37127759E+00
          0.37240545E+00
          0.37376694E+00
          0.37541895E+00
          0.37594888E+00
          0.37794562E+00
          0.37872314E+00
          0.38082803E+00
          0.38242110E+00
          0.38372661E+00
          0.38435674E+00
          0.38519470E+00
          0.38638737E+00
          0.38709914E+00
          0.38641817E+00
          0.38781594E+00
          0.38484930E+00
          0.38666712E+00
          0.38830563E+00
          0.38992414E+00
          0.39167876E+00
          0.39343367E+00
          0.39518795E+00
          0.39694179E+00
          0.39869506E+00
          0.40044773E+00
          0.40219975E+00
          0.40395107E+00
          0.40570165E+00
          0.40745146E+00
          0.40920044E+00
          0.41094856E+00
          0.41269577E+00
          0.41444203E+00
          0.41618730E+00
          0.41793154E+00
          0.41967470E+00
          0.42141773E+00
          0.42336745E+00
          0.42490904E+00
          0.42663732E+00
          0.42838327E+00
          0.43011513E+00
          0.43184342E+00
          0.43357720E+00
          0.43530826E+00
          0.43703846E+00
          0.43876718E+00
          0.44049436E+00
          0.44221995E+00
          0.44401137E+00
          0.44566622E+00
          0.44738684E+00
          0.44910572E+00
          0.45082283E+00
          0.45295566E+00
          0.45565642E+00
          0.45830221E+00
          0.46103456E+00
          0.46084729E+00
          0.46375055E+00
          0.46508707E+00
          0.46749276E+00
          0.46864705E+00
          0.47114368E+00
          0.47233719E+00
          0.47418621E+00
          0.47612501E+00
          0.47777041E+00
          0.47937538E+00
          0.48099445E+00
          0.48260512E+00
          0.48420273E+00
          0.48581656E+00
          0.48737930E+00
          0.48811100E+00
          0.49004606E+00
          0.49140456E+00
          0.49325143E+00
          0.49489483E+00
          0.49533532E+00
          0.49789444E+00
          0.49902932E+00
          0.50032179E+00
          0.50154986E+00
          0.50299642E+00
          0.50463885E+00
          0.50627595E+00
          0.50794065E+00
          0.50955036E+00
          0.51118008E+00
          0.51281493E+00
          0.51446531E+00
          0.51605813E+00
          0.51767823E+00
          0.51929565E+00
          0.52099259E+00
          0.52278685E+00
          0.52485902E+00
          0.52596267E+00
          0.52796569E+00
          0.52960270E+00
          0.53126295E+00
          0.53274652E+00
          0.53427255E+00
          0.53599096E+00
          0.53752778E+00
          0.53894062E+00
          0.54043057E+00
          0.54161199E+00
          0.54355954E+00
          0.54538007E+00
          0.54640491E+00
          0.54806763E+00
          0.54969914E+00
          0.55128568E+00
          0.55318318E+00
          0.55479743E+00
          0.55629431E+00
          0.55785096E+00
          0.55935708E+00
          0.56086536E+00
          0.56238490E+00
          0.56388378E+00
          0.56539375E+00
          0.56689198E+00
          0.56838557E+00
          0.56987868E+00
          0.57136826E+00
          0.57285158E+00
          0.57433581E+00
          0.57581506E+00
          0.57728849E+00
          0.57875825E+00
          0.58021555E+00
          0.58168418E+00
          0.58314763E+00
          0.58457260E+00
          0.58604016E+00
          0.58746800E+00
          0.58885235E+00
          0.59017588E+00
          0.59170548E+00
          0.59306183E+00
          0.59445406E+00
          0.59591490E+00
          0.59733792E+00
          0.59877491E+00
          0.60020564E+00
          0.60163408E+00
          0.60305879E+00
          0.60448036E+00
          0.60589630E+00
          0.60730931E+00
          0.60871844E+00
          0.61012368E+00
          0.61152503E+00
          0.61292280E+00
          0.61433981E+00
          0.61575333E+00
          0.61715886E+00
          0.61857197E+00
          0.61995363E+00
          0.62134574E+00
          0.62269416E+00
          0.62406322E+00
          0.62541320E+00
          0.62678058E+00
          0.62813361E+00
          0.62943082E+00
          0.63075946E+00
          0.63208857E+00
          0.63345158E+00
          0.63475081E+00
          0.63611801E+00
          0.63743016E+00
          0.63872854E+00
          0.64009931E+00
          0.64136962E+00
          0.64267232E+00
          0.64397763E+00
          0.64531314E+00
          0.64663678E+00
          0.64793055E+00
          0.64922058E+00
          0.65050599E+00
          0.65178698E+00
          0.65305910E+00
          0.65433229E+00
          0.65560220E+00
          0.65686708E+00
          0.65812661E+00
          0.65938578E+00
          0.66063858E+00
          0.66188753E+00
          0.66313228E+00
          0.66437319E+00
          0.66560978E+00
          0.66684209E+00
          0.66807153E+00
          0.66929691E+00
          0.67051762E+00
          0.67173378E+00
          0.67294426E+00
          0.67415347E+00
          0.67535391E+00
          0.67656023E+00
          0.67775814E+00
          0.67893966E+00
          0.68013075E+00
          0.68132243E+00
          0.68250614E+00
          0.68367960E+00
          0.68485411E+00
          0.68602017E+00
          0.68719062E+00
          0.68835150E+00
          0.68951830E+00
          0.69067568E+00
          0.69182583E+00
          0.69297394E+00
          0.69411773E+00
          0.69525639E+00
          0.69639163E+00
          0.69752247E+00
          0.69865021E+00
          0.69977326E+00
          0.70089322E+00
          0.70200882E+00
          0.70312052E+00
          0.70422838E+00
          0.70533244E+00
          0.70643289E+00
          0.70752895E+00
          0.70862161E+00
          0.70971071E+00
          0.71079487E+00
          0.71187689E+00
          0.71295331E+00
          0.71402595E+00
          0.71509693E+00
          0.71616311E+00
          0.71722548E+00
          0.71828379E+00
          0.71933831E+00
          0.72038909E+00
          0.72143608E+00
          0.72247930E+00
          0.72351877E+00
          0.72455450E+00
          0.72558650E+00
          0.72661477E+00
          0.72763930E+00
          0.72866010E+00
          0.72967725E+00
          0.73069056E+00
          0.73170028E+00
          0.73270632E+00
          0.73370860E+00
          0.73470618E+00
          0.73570205E+00
          0.73669342E+00
          0.73768076E+00
          0.73866479E+00
          0.73964488E+00
          0.74062182E+00
          0.74159504E+00
          0.74256480E+00
          0.74353092E+00
          0.74449351E+00
          0.74545209E+00
          0.74640744E+00
          0.74735955E+00
          0.74830784E+00
          0.74925235E+00
          0.75019352E+00
          0.75113111E+00
          0.75206516E+00
          0.75299567E+00
          0.75392266E+00
          0.75484615E+00
          0.75576614E+00
          0.75668266E+00
          0.75759571E+00
          0.75850530E+00
          0.75941143E+00
          0.76031412E+00
          0.76121339E+00
          0.76210922E+00
          0.76300165E+00
          0.76389069E+00
          0.76477630E+00
          0.76565855E+00
          0.76653744E+00
          0.76741291E+00
          0.76828509E+00
          0.76915386E+00
          0.77001931E+00
          0.77088147E+00
          0.77174030E+00
          0.77259578E+00
          0.77344799E+00
          0.77429694E+00
          0.77514259E+00
          0.77598497E+00
          0.77682407E+00
          0.77765993E+00
          0.77849255E+00
          0.77932193E+00
          0.78014810E+00
          0.78097105E+00
          0.78179080E+00
          0.78260736E+00
          0.78342073E+00
          0.78423093E+00
          0.78503797E+00
          0.78584186E+00
          0.78664261E+00
          0.78744022E+00
          0.78823471E+00
          0.78902609E+00
          0.78981436E+00
          0.79059954E+00
          0.79138164E+00
          0.79216067E+00
          0.79293663E+00
          0.79370954E+00
          0.79447940E+00
          0.79524622E+00
          0.79601004E+00
          0.79677084E+00
          0.79752864E+00
          0.79828343E+00
          0.79903525E+00
          0.79978409E+00
          0.80052997E+00
          0.80127290E+00
          0.80201288E+00
          0.80274993E+00
          0.80348406E+00
          0.80421527E+00
          0.80494358E+00
          0.80566900E+00
          0.80639153E+00
          0.80711119E+00
          0.80782798E+00
          0.80854193E+00
          0.80925303E+00
          0.80996129E+00
          0.81066673E+00
          0.81136936E+00
          0.81206918E+00
          0.81276621E+00
          0.81346046E+00
          0.81415193E+00
          0.81484063E+00
          0.81552659E+00
          0.81620979E+00
          0.81689027E+00
          0.81756801E+00
          0.81824305E+00
          0.81891537E+00
          0.81958501E+00
          0.82025195E+00
          0.82091622E+00
          0.82157783E+00
          0.82223678E+00
          0.82289308E+00
          0.82354675E+00
          0.82419778E+00
          0.82484620E+00
          0.82549202E+00
          0.82613523E+00
          0.82677586E+00
          0.82741391E+00
          0.82804938E+00
          0.82868230E+00
          0.82931267E+00
          0.82994050E+00
          0.83056580E+00
          0.83118857E+00
          0.83180884E+00
          0.83242660E+00
          0.83304187E+00
          0.83365466E+00
          0.83426497E+00
          0.83487282E+00
          0.83547821E+00
          0.83608116E+00
          0.83668167E+00
          0.83727975E+00
          0.83787542E+00
          0.83846868E+00
          0.83905954E+00
          0.83964801E+00
          0.84023409E+00
          0.84081781E+00
          0.84139917E+00
          0.84197817E+00
          0.84255483E+00
          0.84312915E+00
          0.84370115E+00
          0.84427083E+00
          0.84483821E+00
          0.84540329E+00
          0.84596607E+00
          0.84652658E+00
          0.84708482E+00
          0.84764079E+00
          0.84819451E+00
          0.84874599E+00
          0.84929523E+00
          0.84984224E+00
          0.85038704E+00
          0.85092962E+00
          0.85147001E+00
          0.85200821E+00
          0.85254422E+00
          0.85307806E+00
          0.85360973E+00
          0.85413925E+00
          0.85466662E+00
          0.85519185E+00
          0.85571495E+00
          0.85623592E+00
          0.85675479E+00
          0.85727155E+00
          0.85778621E+00
          0.85829878E+00
          0.85880928E+00
          0.85931770E+00
          0.85982406E+00
          0.86032836E+00
          0.86083062E+00
          0.86133085E+00
          0.86182904E+00
          0.86232521E+00
          0.86281937E+00
          0.86331152E+00
          0.86380168E+00
          0.86428985E+00
          0.86477604E+00
          0.86526026E+00
          0.86574251E+00
          0.86622281E+00
          0.86670116E+00
          0.86717756E+00
          0.86765204E+00
          0.86812460E+00
          0.86859523E+00
          0.86906396E+00
          0.86953079E+00
          0.86999573E+00
          0.87045878E+00
          0.87091996E+00
          0.87137927E+00
          0.87183671E+00
          0.87229231E+00
          0.87274606E+00
          0.87319796E+00
          0.87364804E+00
          0.87409630E+00
          0.87454274E+00
          0.87498737E+00
          0.87543021E+00
          0.87587125E+00
          0.87631051E+00
          0.87674798E+00
          0.87718369E+00
          0.87761764E+00
          0.87804983E+00
          0.87848027E+00
          0.87890897E+00
          0.87933594E+00
          0.87976118E+00
          0.88018471E+00
          0.88060652E+00
          0.88102663E+00
          0.88144504E+00
          0.88186176E+00
          0.88227680E+00
          0.88269016E+00
          0.88310185E+00
          0.88351188E+00
          0.88392026E+00
          0.88432699E+00
          0.88473208E+00
          0.88513553E+00
          0.88553736E+00
          0.88593757E+00
          0.88633616E+00
          0.88673315E+00
          0.88712854E+00
          0.88752234E+00
          0.88791455E+00
          0.88830518E+00
          0.88869424E+00
          0.88908173E+00
          0.88946766E+00
          0.88985204E+00
          0.89023488E+00
          0.89061617E+00
          0.89099594E+00
          0.89137417E+00
          0.89175089E+00
          0.89212609E+00
          0.89249979E+00
          0.89287199E+00
          0.89324269E+00
          0.89361190E+00
          0.89397964E+00
          0.89434589E+00
          0.89471068E+00
          0.89507401E+00
          0.89543588E+00
          0.89579630E+00
          0.89615528E+00
          0.89651282E+00
          0.89686893E+00
          0.89722361E+00
          0.89757688E+00
          0.89792873E+00
          0.89827917E+00
          0.89862821E+00
          0.89897586E+00
          0.89932212E+00
          0.89966700E+00
          0.90001049E+00
          0.90035262E+00
          0.90069338E+00
          0.90103279E+00
          0.90137084E+00
          0.90170754E+00
          0.90204290E+00
          0.90237692E+00
          0.90270961E+00
          0.90304098E+00
          0.90337103E+00
          0.90369976E+00
          0.90402719E+00
          0.90435331E+00
          0.90467814E+00
          0.90500168E+00
          0.90532393E+00
          0.90564490E+00
          0.90596460E+00
          0.90628303E+00
          0.90660019E+00
          0.90691610E+00
          0.90723075E+00
          0.90754416E+00
          0.90785633E+00
          0.90816726E+00
          0.90847695E+00
          0.90878542E+00
          0.90909268E+00
          0.90939871E+00
          0.90970354E+00
          0.91000716E+00
          0.91030958E+00
          0.91061080E+00
          0.91091084E+00
          0.91120969E+00
          0.91150737E+00
          0.91180387E+00
          0.91209920E+00
          0.91239336E+00
          0.91268637E+00
          0.91297822E+00
          0.91326893E+00
          0.91355849E+00
          0.91384691E+00
          0.91413420E+00
          0.91442035E+00
          0.91470539E+00
          0.91498930E+00
          0.91527210E+00
          0.91555379E+00
          0.91583437E+00
          0.91611386E+00
          0.91639224E+00
          0.91666954E+00
          0.91694575E+00
          0.91722088E+00
          0.91749493E+00
          0.91776791E+00
          0.91803982E+00
          0.91831067E+00
          0.91858046E+00
          0.91884920E+00
          0.91911688E+00
          0.91938353E+00
          0.91964913E+00
          0.91991369E+00
          0.92017723E+00
          0.92043974E+00
          0.92070122E+00
          0.92096169E+00
          0.92122114E+00
          0.92147959E+00
          0.92173703E+00
          0.92199346E+00
          0.92224891E+00
          0.92250336E+00
          0.92275682E+00
          0.92300930E+00
          0.92326079E+00
          0.92351132E+00
          0.92376087E+00
          0.92400946E+00
          0.92425708E+00
          0.92450375E+00
          0.92474946E+00
          0.92499422E+00
          0.92523803E+00
          0.92548091E+00
          0.92572284E+00
          0.92596384E+00
          0.92620391E+00
          0.92644305E+00
          0.92668128E+00
          0.92691858E+00
          0.92715497E+00
          0.92739045E+00
          0.92762503E+00
          0.92785870E+00
          0.92809147E+00
          0.92832335E+00
          0.92855434E+00
          0.92878444E+00
          0.92901365E+00
          0.92924199E+00
          0.92946945E+00
          0.92969605E+00
          0.92992177E+00
          0.93014663E+00
          0.93037062E+00
          0.93059376E+00
          0.93081605E+00
          0.93103749E+00
          0.93125808E+00
          0.93147783E+00
          0.93169674E+00
          0.93191481E+00
          0.93213206E+00
          0.93234847E+00
          0.93256406E+00
          0.93277883E+00
          0.93299278E+00
          0.93320592E+00
          0.93341825E+00
          0.93362977E+00
          0.93384049E+00
          0.93405040E+00
          0.93425952E+00
          0.93446785E+00
          0.93467538E+00
          0.93488213E+00
          0.93508810E+00
          0.93529329E+00
          0.93549770E+00
          0.93570133E+00
          0.93590420E+00
          0.93610630E+00
          0.93630764E+00
          0.93650821E+00
          0.93670803E+00
          0.93690710E+00
          0.93710541E+00
          0.93730298E+00
          0.93749980E+00
          0.93769589E+00
          0.93789123E+00
          0.93808584E+00
          0.93827972E+00
          0.93847287E+00
          0.93866529E+00
          0.93885700E+00
          0.93904798E+00
          0.93923825E+00
          0.93942780E+00
          0.93961664E+00
          0.93980478E+00
          0.93999221E+00
          0.94017894E+00
          0.94036498E+00
          0.94055031E+00
          0.94073496E+00
          0.94091891E+00
          0.94110218E+00
          0.94128477E+00
          0.94146668E+00
          0.94164790E+00
          0.94182846E+00
          0.94200834E+00
          0.94218755E+00
          0.94236610E+00
          0.94254398E+00
          0.94272120E+00
          0.94289776E+00
          0.94307367E+00
          0.94324892E+00
          0.94342353E+00
          0.94359749E+00
          0.94377080E+00
          0.94394348E+00
          0.94411551E+00
          0.94428691E+00
          0.94445767E+00
          0.94462781E+00
          0.94479731E+00
          0.94496620E+00
          0.94513445E+00
          0.94530209E+00
          0.94546911E+00
          0.94563551E+00
          0.94580131E+00
          0.94596649E+00
          0.94613106E+00
          0.94629503E+00
          0.94645840E+00
          0.94662117E+00
          0.94678334E+00
          0.94694492E+00
          0.94710590E+00
          0.94726630E+00
          0.94742610E+00
          0.94758532E+00
          0.94774396E+00
          0.94790202E+00
          0.94805951E+00
          0.94821641E+00
          0.94837275E+00
          0.94852851E+00
          0.94868371E+00
          0.94883834E+00
          0.94899241E+00
          0.94914591E+00
          0.94929886E+00
          0.94945125E+00
          0.94960309E+00
          0.94975438E+00
          0.94990511E+00
          0.95005530E+00
          0.95020495E+00
          0.95035405E+00
          0.95050261E+00
          0.95065064E+00
          0.95079812E+00
          0.95094508E+00
          0.95109150E+00
          0.95123740E+00
          0.95138277E+00
          0.95152761E+00
          0.95167193E+00
          0.95181573E+00
          0.95195901E+00
          0.95210177E+00
          0.95224403E+00
          0.95238577E+00
          0.95252700E+00
          0.95266772E+00
          0.95280793E+00
          0.95294765E+00
          0.95308686E+00
          0.95322557E+00
          0.95336379E+00
          0.95350151E+00
          0.95363873E+00
          0.95377547E+00
          0.95391171E+00
          0.95404747E+00
          0.95418275E+00
          0.95431754E+00
          0.95445185E+00
          0.95458568E+00
          0.95471903E+00
          0.95485191E+00
          0.95498432E+00
          0.95511625E+00
          0.95524771E+00
          0.95537871E+00
          0.95550924E+00
          0.95563931E+00
          0.95576891E+00
          0.95589806E+00
          0.95602675E+00
          0.95615498E+00
          0.95628276E+00
          0.95641008E+00
          0.95653696E+00
          0.95666338E+00
          0.95678936E+00
          0.95691489E+00
          0.95703998E+00
          0.95716463E+00
          0.95728884E+00
          0.95741261E+00
          0.95753595E+00
          0.95765885E+00
          0.95778132E+00
          0.95790336E+00
          0.95802496E+00
          0.95814614E+00
          0.95826690E+00
          0.95838723E+00
          0.95850714E+00
          0.95862663E+00
          0.95874570E+00
          0.95886435E+00
          0.95898259E+00
          0.95910042E+00
          0.95921783E+00
          0.95933483E+00
          0.95945142E+00
          0.95956761E+00
          0.95968339E+00
          0.95979877E+00
          0.95991374E+00
          0.96002832E+00
          0.96014249E+00
          0.96025627E+00
          0.96036966E+00
          0.96048264E+00
          0.96059524E+00
          0.96070745E+00
          0.96081926E+00
          0.96093069E+00
          0.96104173E+00
          0.96115239E+00
          0.96126266E+00
          0.96137256E+00
          0.96148207E+00
          0.96159120E+00
          0.96169996E+00
          0.96180834E+00
          0.96191635E+00
          0.96202399E+00
          0.96213125E+00
          0.96223814E+00
          0.96234467E+00
          0.96245083E+00
          0.96255662E+00
          0.96266206E+00
          0.96276712E+00
          0.96287183E+00
          0.96297618E+00
          0.96308017E+00
          0.96318381E+00
          0.96328709E+00
          0.96339001E+00
          0.96349258E+00
          0.96359481E+00
          0.96369668E+00
          0.96379821E+00
          0.96389938E+00
          0.96400022E+00
          0.96410071E+00
          0.96420085E+00
          0.96430066E+00
          0.96440012E+00
          0.96449925E+00
          0.96459804E+00
          0.96469649E+00
          0.96479461E+00
          0.96489240E+00
          0.96498985E+00
          0.96508698E+00
          0.96518377E+00
          0.96528024E+00
          0.96537638E+00
          0.96547219E+00
          0.96556768E+00
          0.96566285E+00
          0.96575769E+00
          0.96585222E+00
          0.96594642E+00
          0.96604031E+00
          0.96613388E+00
          0.96622714E+00
          0.96632008E+00
          0.96641271E+00
          0.96650503E+00
          0.96659704E+00
          0.96668874E+00
          0.96678013E+00
          0.96687121E+00
          0.96696199E+00
          0.96705246E+00
          0.96714263E+00
          0.96723250E+00
          0.96732207E+00
          0.96741134E+00
          0.96750031E+00
          0.96758898E+00
          0.96767736E+00
          0.96776544E+00
          0.96785323E+00
          0.96794072E+00
          0.96802792E+00
          0.96811484E+00
          0.96820146E+00
          0.96828779E+00
          0.96837384E+00
          0.96845960E+00
          0.96854508E+00
          0.96863028E+00
          0.96871519E+00
          0.96879982E+00
          0.96888416E+00
          0.96896823E+00
          0.96905202E+00
          0.96913554E+00
          0.96921878E+00
          0.96930174E+00
          0.96938443E+00
          0.96946684E+00
          0.96954899E+00
          0.96963086E+00
          0.96971246E+00
          0.96979380E+00
          0.96987486E+00
          0.96995566E+00
          0.97003620E+00
          0.97011647E+00
          0.97019647E+00
          0.97027622E+00
          0.97035570E+00
          0.97043492E+00
          0.97051388E+00
          0.97059258E+00
          0.97067103E+00
          0.97074921E+00
          0.97082715E+00
          0.97090483E+00
          0.97098225E+00
          0.97105942E+00
          0.97113634E+00
          0.97121301E+00
          0.97128943E+00
          0.97136560E+00
          0.97144152E+00
          0.97151719E+00
          0.97159262E+00
          0.97166781E+00
          0.97174275E+00
          0.97181744E+00
          0.97189190E+00
          0.97196611E+00
          0.97204008E+00
          0.97211381E+00
          0.97218730E+00
          0.97226056E+00
          0.97233358E+00
          0.97240636E+00
          0.97247891E+00
          0.97255122E+00
          0.97262330E+00
          0.97269515E+00
          0.97276677E+00
          0.97283815E+00
          0.97290931E+00
          0.97298023E+00
          0.97305093E+00
          0.97312140E+00
          0.97319165E+00
          0.97326166E+00
          0.97333146E+00
          0.97340103E+00
          0.97347038E+00
          0.97353950E+00
          0.97360841E+00
          0.97367709E+00
          0.97374555E+00
          0.97381380E+00
          0.97388182E+00
          0.97394963E+00
          0.97401723E+00
          0.97408461E+00
          0.97415177E+00
          0.97421872E+00
          0.97428545E+00
          0.97435198E+00
          0.97441829E+00
          0.97448439E+00
          0.97455028E+00
          0.97461596E+00
          0.97468143E+00
          0.97474670E+00
          0.97481176E+00
          0.97487661E+00
          0.97494126E+00
          0.97500570E+00
          0.97506994E+00
          0.97513397E+00
          0.97519781E+00
          0.97526144E+00
          0.97532487E+00
          0.97538810E+00
          0.97545113E+00
          0.97551397E+00
          0.97557660E+00
          0.97563904E+00
          0.97570128E+00
          0.97576332E+00
          0.97582518E+00
          0.97588683E+00
          0.97594829E+00
          0.97600956E+00
          0.97607064E+00
          0.97613153E+00
          0.97619222E+00
          0.97625273E+00
          0.97631305E+00
          0.97637317E+00
          0.97643311E+00
          0.97649287E+00
          0.97655243E+00
          0.97661181E+00
          0.97667101E+00
          0.97673002E+00
          0.97678885E+00
          0.97684749E+00
          0.97690595E+00
          0.97696423E+00
          0.97702233E+00
          0.97708025E+00
          0.97713799E+00
          0.97719555E+00
          0.97725293E+00
          0.97731013E+00
          0.97736715E+00
          0.97742400E+00
          0.97748068E+00
          0.97753717E+00
          0.97759350E+00
          0.97764965E+00
          0.97770562E+00
          0.97776142E+00
          0.97781705E+00
          0.97787251E+00
          0.97792780E+00
          0.97798292E+00
          0.97803787E+00
          0.97809265E+00
          0.97814726E+00
          0.97820170E+00
          0.97825598E+00
          0.97831009E+00
          0.97836403E+00
          0.97841781E+00
          0.97847142E+00
          0.97852487E+00
          0.97857816E+00
          0.97863128E+00
          0.97868424E+00
          0.97873704E+00
          0.97878968E+00
          0.97884215E+00
          0.97889447E+00
          0.97894663E+00
          0.97899863E+00
          0.97905047E+00
          0.97910215E+00
          0.97915367E+00
          0.97920504E+00
          0.97925625E+00
          0.97930731E+00
          0.97935821E+00
          0.97940896E+00
          0.97945955E+00
          0.97950999E+00
          0.97956027E+00
          0.97961041E+00
          0.97966039E+00
          0.97971022E+00
          0.97975990E+00
          0.97980944E+00
          0.97985882E+00
          0.97990805E+00
          0.97995713E+00
          0.98000607E+00
          0.98005486E+00
          0.98010350E+00
          0.98015199E+00
          0.98020034E+00
          0.98024855E+00
          0.98029661E+00
          0.98034452E+00
          0.98039229E+00
          0.98043992E+00
          0.98048740E+00
          0.98053475E+00
          0.98058195E+00
          0.98062901E+00
          0.98067593E+00
          0.98072270E+00
          0.98076934E+00
          0.98081584E+00
          0.98086220E+00
          0.98090842E+00
          0.98095451E+00
          0.98100046E+00
          0.98104627E+00
          0.98109194E+00
          0.98113748E+00
          0.98118288E+00
          0.98122815E+00
          0.98127328E+00
          0.98131828E+00
          0.98136314E+00
          0.98140788E+00
          0.98145248E+00
          0.98149694E+00
          0.98154128E+00
          0.98158548E+00
          0.98162956E+00
          0.98167350E+00
          0.98171731E+00
          0.98176100E+00
          0.98180455E+00
          0.98184798E+00
          0.98189128E+00
          0.98193445E+00
          0.98197749E+00
          0.98202041E+00
          0.98206320E+00
          0.98210587E+00
          0.98214841E+00
          0.98219082E+00
          0.98223311E+00
          0.98227528E+00
          0.98231732E+00
          0.98235924E+00
          0.98240104E+00
          0.98244271E+00
          0.98248426E+00
          0.98252569E+00
          0.98256700E+00
          0.98260819E+00
          0.98264926E+00
          0.98269021E+00
          0.98273104E+00
          0.98277175E+00
          0.98281234E+00
          0.98285281E+00
          0.98289317E+00
          0.98293341E+00
          0.98297353E+00
          0.98301353E+00
          0.98305342E+00
          0.98309319E+00
          0.98313285E+00
          0.98317239E+00
          0.98321182E+00
          0.98325113E+00
          0.98329033E+00
          0.98332942E+00
          0.98336839E+00
          0.98340725E+00
          0.98344600E+00
          0.98348464E+00
          0.98352316E+00
          0.98356157E+00
          0.98359988E+00
          0.98363807E+00
          0.98367615E+00
          0.98371412E+00
          0.98375199E+00
          0.98378974E+00
          0.98382739E+00
          0.98386492E+00
          0.98390235E+00
          0.98393968E+00
          0.98397689E+00
          0.98401400E+00
          0.98405100E+00
          0.98408790E+00
          0.98412469E+00
          0.98416138E+00
          0.98419796E+00
          0.98423443E+00
          0.98427080E+00
          0.98430707E+00
          0.98434324E+00
          0.98437930E+00
          0.98441526E+00
          0.98445111E+00
          0.98448687E+00
          0.98452252E+00
          0.98455807E+00
          0.98459352E+00
          0.98462887E+00
          0.98466412E+00
          0.98469927E+00
          0.98473432E+00
          0.98476927E+00
          0.98480412E+00
          0.98483887E+00
          0.98487353E+00
          0.98490808E+00
          0.98494254E+00
          0.98497690E+00
          0.98501116E+00
          0.98504533E+00
          0.98507940E+00
          0.98511337E+00
          0.98514725E+00
          0.98518104E+00
          0.98521472E+00
          0.98524832E+00
          0.98528182E+00
          0.98531522E+00
          0.98534853E+00
          0.98538175E+00
          0.98541487E+00
          0.98544790E+00
          0.98548084E+00
          0.98551369E+00
          0.98554644E+00
          0.98557910E+00
          0.98561167E+00
          0.98564415E+00
          0.98567654E+00
          0.98570884E+00
          0.98574105E+00
          0.98577317E+00
          0.98580520E+00
          0.98583714E+00
          0.98586899E+00
          0.98590075E+00
          0.98593242E+00
          0.98596401E+00
          0.98599550E+00
          0.98602691E+00
          0.98605823E+00
          0.98608947E+00
          0.98612062E+00
          0.98615168E+00
          0.98618266E+00
          0.98621355E+00
          0.98624435E+00
          0.98627507E+00
          0.98630571E+00
          0.98633626E+00
          0.98636672E+00
          0.98639710E+00
          0.98642740E+00
          0.98645762E+00
          0.98648775E+00
          0.98651779E+00
          0.98654776E+00
          0.98657764E+00
          0.98660744E+00
          0.98663716E+00
          0.98666679E+00
          0.98669635E+00
          0.98672582E+00
          0.98675521E+00
          0.98678453E+00
          0.98681376E+00
          0.98684291E+00
          0.98687198E+00
          0.98690097E+00
          0.98692988E+00
          0.98695872E+00
          0.98698747E+00
          0.98701615E+00
          0.98704475E+00
          0.98707327E+00
          0.98710171E+00
          0.98713007E+00
          0.98715836E+00
          0.98718657E+00
          0.98721470E+00
          0.98724276E+00
          0.98727074E+00
          0.98729864E+00
          0.98732647E+00
          0.98735422E+00
          0.98738190E+00
          0.98740950E+00
          0.98743703E+00
          0.98746448E+00
          0.98749186E+00
          0.98751917E+00
          0.98754640E+00
          0.98757355E+00
          0.98760064E+00
          0.98762765E+00
          0.98765458E+00
          0.98768145E+00
          0.98770824E+00
          0.98773496E+00
          0.98776161E+00
          0.98778818E+00
          0.98781469E+00
          0.98784112E+00
          0.98786748E+00
          0.98789377E+00
          0.98791999E+00
          0.98794614E+00
          0.98797222E+00
          0.98799823E+00
          0.98802417E+00
          0.98805004E+00
          0.98807584E+00
          0.98810158E+00
          0.98812724E+00
          0.98815283E+00
          0.98817836E+00
          0.98820382E+00
          0.98822921E+00
          0.98825453E+00
          0.98827978E+00
          0.98830497E+00
          0.98833009E+00
          0.98835514E+00
          0.98838013E+00
          0.98840505E+00
          0.98842990E+00
          0.98845469E+00
          0.98847941E+00
          0.98850407E+00
          0.98852866E+00
          0.98855318E+00
          0.98857764E+00
          0.98860204E+00
          0.98862637E+00
          0.98865063E+00
          0.98867484E+00
          0.98869897E+00
          0.98872305E+00
          0.98874706E+00
          0.98877100E+00
          0.98879489E+00
          0.98881871E+00
          0.98884247E+00
          0.98886616E+00
          0.98888979E+00
          0.98891337E+00
          0.98893687E+00
          0.98896032E+00
          0.98898371E+00
          0.98900703E+00
          0.98903029E+00
          0.98905349E+00
          0.98907663E+00
          0.98909971E+00
          0.98912273E+00
          0.98914569E+00
          0.98916859E+00
          0.98919143E+00
          0.98921420E+00
          0.98923692E+00
          0.98925958E+00
          0.98928218E+00
          0.98930473E+00
          0.98932721E+00
          0.98934963E+00
          0.98937200E+00
          0.98939430E+00
          0.98941655E+00
          0.98943875E+00
          0.98946088E+00
          0.98948295E+00
          0.98950497E+00
          0.98952693E+00
          0.98954884E+00
          0.98957069E+00
          0.98959248E+00
          0.98961421E+00
          0.98963589E+00
          0.98965751E+00
          0.98967907E+00
          0.98970058E+00
          0.98972204E+00
          0.98974344E+00
          0.98976478E+00
          0.98978607E+00
          0.98980730E+00
          0.98982848E+00
          0.98984960E+00
          0.98987067E+00
          0.98989169E+00
          0.98991265E+00
          0.98993355E+00
          0.98995441E+00
          0.98997521E+00
          0.98999595E+00
          0.99001665E+00
          0.99003728E+00
          0.99005787E+00
          0.99007840E+00
          0.99009889E+00
          0.99011931E+00
          0.99013969E+00
          0.99016001E+00
          0.99018029E+00
          0.99020051E+00
          0.99022067E+00
          0.99024079E+00
          0.99026086E+00
          0.99028087E+00
          0.99030083E+00
          0.99032075E+00
          0.99034061E+00
          0.99036042E+00
          0.99038018E+00
          0.99039989E+00
          0.99041955E+00
          0.99043916E+00
          0.99045872E+00
          0.99047823E+00
          0.99049769E+00
          0.99051710E+00
          0.99053646E+00
          0.99055577E+00
          0.99057504E+00
          0.99059425E+00
          0.99061342E+00
          0.99063254E+00
          0.99065161E+00
          0.99067063E+00
          0.99068960E+00
          0.99070853E+00
          0.99072740E+00
          0.99074623E+00
          0.99076502E+00
          0.99078375E+00
          0.99080244E+00
          0.99082108E+00
          0.99083967E+00
          0.99085822E+00
          0.99087672E+00
          0.99089517E+00
          0.99091358E+00
          0.99093194E+00
          0.99095026E+00
          0.99096853E+00
          0.99098675E+00
          0.99100493E+00
          0.99102306E+00
          0.99104115E+00
          0.99105919E+00
          0.99107718E+00
          0.99109513E+00
          0.99111304E+00
          0.99113090E+00
          0.99114872E+00
          0.99116649E+00
          0.99118422E+00
          0.99120190E+00
          0.99121954E+00
          0.99123714E+00
          0.99125469E+00
          0.99127220E+00
          0.99128966E+00
          0.99130708E+00
          0.99132446E+00
          0.99134180E+00
          0.99135909E+00
          0.99137634E+00
          0.99139354E+00
          0.99141071E+00
          0.99142783E+00
          0.99144491E+00
          0.99146194E+00
          0.99147894E+00
          0.99149589E+00
          0.99151280E+00
          0.99152967E+00
          0.99154649E+00
          0.99156328E+00
          0.99158002E+00
          0.99159673E+00
          0.99161339E+00
