 Adiabat temperature at each layer [K]
    211.3613
    199.7140
    189.3595
    180.1371
    171.8957
    164.4952
    157.8084
    151.7216
    149.9964
    149.9964
    149.9964
    149.9964
    149.9964
    149.9964
    149.9964
    149.9964
    149.9964
    149.9964
    149.9964
    149.9964
    149.9964
    149.9964
    149.9964
    149.9964
    149.9964
    149.9964
    149.9964
    149.9964
    149.9964
    149.9964
    149.9964
    149.9964
    149.9964
    149.9964
    149.9964
    149.9964
    149.9964
    149.9964
    149.9964
    149.9964
    149.9964
    149.9964
    149.9964
    149.9964
    149.9964
    149.9964
    149.9964
    149.9964
    149.9964
    149.9964
