  0.4941E+00
  0.1789E+00
  0.6681E-01
  0.2579E-01
  0.1029E-01
  0.4760E-02
  0.3405E-02
  0.2648E-02
  0.2314E-02
  0.1979E-02
  0.1751E-02
  0.1554E-02
  0.1384E-02
  0.1236E-02
  0.1139E-02
  0.1040E-02
  0.1037E-02
  0.1043E-02
  0.1174E-02
  0.1383E-02
  0.1765E-02
  0.2437E-02
  0.3430E-02
  0.5155E-02
  0.7869E-02
  0.1070E-01
  0.1309E-01
  0.1562E-01
  0.1775E-01
  0.2069E-01
  0.2422E-01
  0.2829E-01
  0.3209E-01
  0.3731E-01
  0.4195E-01
  0.4476E-01
  0.4155E-01
  0.3309E-01
  0.2177E-01
  0.1113E-01
  0.4812E-02
  0.1868E-02
  0.7474E-03
  0.3107E-03
  0.9077E-04
  0.2300E-04
  0.1395E-04
  0.6101E-05
  0.6101E-05
  0.6101E-05
