 Rayleigh Transmission
                          0.9999999999999999E+00
                          0.9999999999999901E+00
                          0.9999999999999891E+00
                          0.9999999999998953E+00
                          0.9999999999996885E+00
                          0.9999999999998440E+00
                          0.9999999999990957E+00
                          0.9999999999996462E+00
                          0.9999999999999384E+00
                          0.9999999999994073E+00
                          0.9999999999999855E+00
                          0.9999999999874379E+00
                          0.9999999999604838E+00
                          0.9999999999999908E+00
                          0.9999999999999890E+00
                          0.9999999999999749E+00
                          0.9999999999999820E+00
                          0.9999999999999718E+00
                          0.9999999999999710E+00
                          0.9999999999995676E+00
                          0.9999999999998609E+00
                          0.9999999999994795E+00
                          0.9999999999948466E+00
                          0.9999999998487732E+00
                          0.9999999912740700E+00
                          0.9999999761418797E+00
                          0.9999982213859411E+00
                          0.9999892574551873E+00
                          0.9999999264389646E+00
                          0.9999999893145621E+00
                          0.9999999793482502E+00
                          0.9999999999992399E+00
                          0.9999999999949929E+00
                          0.9999999999996315E+00
                          0.9999999999948093E+00
                          0.9999999999995866E+00
                          0.9999999999995347E+00
                          0.9999999999994633E+00
                          0.9999999999972248E+00
                          0.9999999999988214E+00
                          0.9999999999992978E+00
                          0.9999999999992049E+00
                          0.9999999999980559E+00
                          0.9999999999972551E+00
                          0.9999999999989774E+00
                          0.9999999999988847E+00
                          0.9999999999987821E+00
                          0.9999999999986730E+00
                          0.9999999999985530E+00
                          0.9999999999972047E+00
                          0.9999999999306995E+00
                          0.9999999999540532E+00
                          0.9999998098161299E+00
                          0.9999999999942456E+00
                          0.9999999999586880E+00
                          0.9999999995418818E+00
                          0.9999999999945646E+00
                          0.9999999999971283E+00
                          0.9999999999969238E+00
                          0.9999999999967043E+00
                          0.9999999999964749E+00
                          0.9999999999962349E+00
                          0.9999999999959773E+00
                          0.9999999999956045E+00
                          0.9999999999954405E+00
                          0.9999999999951431E+00
                          0.9999999999947569E+00
                          0.9999999999945071E+00
                          0.9999999999941772E+00
                          0.9999999999938394E+00
                          0.9999999999934753E+00
                          0.9999999999930963E+00
                          0.9999999999926591E+00
                          0.9999999997285538E+00
                          0.9999999999895375E+00
                          0.9999999542750769E+00
                          0.9998677337237829E+00
                          0.9999999997777613E+00
                          0.9999999999645597E+00
                          0.9999999999869609E+00
                          0.9999999999845178E+00
                          0.9999999890890281E+00
                          0.9999999890009326E+00
                          0.9999967284298080E+00
                          0.9999942333679658E+00
                          0.9999999999773763E+00
                          0.9999999999850022E+00
                          0.9999999999844281E+00
                          0.9999999999835295E+00
                          0.9999999998581992E+00
                          0.9999999453342837E+00
                          0.9992431503077618E+00
                          0.9870504529064091E+00
                          0.9999316455681705E+00
                          0.9998604814695191E+00
                          0.9999978356103852E+00
                          0.9999999997753927E+00
                          0.9999999999758683E+00
                          0.9999999999747725E+00
                          0.9999999999077535E+00
                          0.9999999996533580E+00
                          0.9999999999661451E+00
                          0.9999999999680059E+00
                          0.9999997831605496E+00
                          0.9999999998366167E+00
                          0.9999999997600137E+00
                          0.9999999999621237E+00
                          0.9999999999643979E+00
                          0.9999999999630028E+00
                          0.9999999999611573E+00
                          0.9999999999547892E+00
                          0.9999999999571446E+00
                          0.9999999999572194E+00
                          0.9999999999557393E+00
                          0.9999999999541610E+00
                          0.9999999999525314E+00
                          0.9999999999508574E+00
                          0.9999999999491438E+00
                          0.9999999999473440E+00
                          0.9999999998998372E+00
                          0.9999999903610317E+00
                          0.9999999999405781E+00
                          0.9999999999398791E+00
                          0.9999999999254950E+00
                          0.9999999999358115E+00
                          0.9999999947687807E+00
                          0.9999999999305070E+00
                          0.9999999999291729E+00
                          0.9999999999232336E+00
                          0.9999999999248365E+00
                          0.9999999999224657E+00
                          0.9999999999196525E+00
                          0.9999999999145381E+00
                          0.9999999445581926E+00
                          0.9999999931636941E+00
                          0.9999999999085725E+00
                          0.9999999999069535E+00
                          0.9999999985065937E+00
                          0.9999999998948160E+00
                          0.9999999998312370E+00
                          0.9999999975724693E+00
                          0.9999999880091639E+00
                          0.9999791292143739E+00
                          0.9999999529658823E+00
                          0.9999987120914537E+00
                          0.9999976815825370E+00
                          0.9999999846810871E+00
                          0.9998519520371354E+00
                          0.9999986857576524E+00
                          0.9999927798607025E+00
                          0.9999999979697303E+00
                          0.9999999998542282E+00
                          0.9999999998446316E+00
                          0.9999999998477394E+00
                          0.9999999437635098E+00
                          0.9999999998421216E+00
                          0.9999999998389898E+00
                          0.9999999998351231E+00
                          0.9999999998308898E+00
                          0.9999999998214477E+00
                          0.9999999725540537E+00
                          0.9999999997768564E+00
                          0.9999999998131472E+00
                          0.9999999998084932E+00
                          0.9999999998037514E+00
                          0.9999999997989215E+00
                          0.9999992560807566E+00
                          0.9999999997889216E+00
                          0.9999999997837860E+00
                          0.9999999997787080E+00
                          0.9999999997734257E+00
                          0.9999999997680487E+00
                          0.9999999997625763E+00
                          0.9999999997569978E+00
                          0.9999999997513217E+00
                          0.9999999997201949E+00
                          0.9999999997396957E+00
                          0.9999923274750933E+00
                          0.9999999997273356E+00
                          0.9999999995782795E+00
                          0.9999999997040233E+00
                          0.9999999997083571E+00
                          0.9999999997016923E+00
                          0.9999999835520469E+00
                          0.9999999996861340E+00
                          0.9999999995077467E+00
                          0.9998168420413363E+00
                          0.9999999995829273E+00
                          0.9999999996602112E+00
                          0.9999999995802075E+00
                          0.9999999994655591E+00
                          0.9999999991557221E+00
                          0.9999999994646550E+00
                          0.9999999835244306E+00
                          0.9999999986913203E+00
                          0.9999999680618258E+00
                          0.9999999921820700E+00
                          0.9999430351257306E+00
                          0.9999999622578244E+00
                          0.9999999731352541E+00
                          0.9999998940361650E+00
                          0.9999999995251397E+00
                          0.9999999994892411E+00
                          0.9999999977783767E+00
                          0.9999985147972303E+00
                          0.9999999983869440E+00
                          0.9999999995108206E+00
                          0.9999999995017292E+00
                          0.9999999994910266E+00
                          0.9999999994780903E+00
                          0.9999999994671874E+00
                          0.9999999994604338E+00
                          0.9999999993748143E+00
                          0.9999999993206075E+00
                          0.9999999994305144E+00
                          0.9999999994204135E+00
                          0.9999999994047882E+00
                          0.9999999993985305E+00
                          0.9999999993874366E+00
                          0.9999999993761215E+00
                          0.9999999993646500E+00
                          0.9999999993530143E+00
                          0.9999999993412338E+00
                          0.9999999993292848E+00
                          0.9999999993171758E+00
                          0.9999999993049034E+00
                          0.9999999992922224E+00
                          0.9999999992734150E+00
                          0.9999999992670842E+00
                          0.9999999992541407E+00
                          0.9999999992410377E+00
                          0.9999999992270743E+00
                          0.9999999992142335E+00
                          0.9999999991959317E+00
                          0.9999999991864663E+00
                          0.9999999969047498E+00
                          0.9999999991585625E+00
                          0.9999999991438031E+00
                          0.9999999894879081E+00
                          0.9999999986268765E+00
                          0.9999999990993730E+00
                          0.9999999533435654E+00
                          0.9999999990638878E+00
                          0.9999999989893165E+00
                          0.9999999990328429E+00
                          0.9999999990175094E+00
                          0.9999999989405697E+00
                          0.9999999789469713E+00
                          0.9999999988966551E+00
                          0.9999999987179473E+00
                          0.9999999988407740E+00
                          0.9999999989100329E+00
                          0.9999999988970582E+00
                          0.9999998356179579E+00
                          0.9999999983794614E+00
                          0.9999999988498171E+00
                          0.9999999988348498E+00
                          0.9999999988169082E+00
                          0.9999999987785317E+00
                          0.9999999987658288E+00
                          0.9999999987318319E+00
                          0.9999999987269801E+00
                          0.9999999987188878E+00
                          0.9999999987023168E+00
                          0.9999999986816256E+00
                          0.9999999986626061E+00
                          0.9999999984859068E+00
                          0.9999999984161718E+00
                          0.9999999969345023E+00
                          0.9999999985792118E+00
                          0.9999999984632847E+00
                          0.9999999985334875E+00
                          0.9999999985154939E+00
                          0.9999999984936978E+00
                          0.9999999961696664E+00
                          0.9999999982761864E+00
                          0.9999999984075961E+00
                          0.9999999981481760E+00
                          0.9999999974904782E+00
                          0.9999999964459471E+00
                          0.9999999983290602E+00
                          0.9999999983092390E+00
                          0.9999999982850415E+00
                          0.9999999982606029E+00
                          0.9999999982358931E+00
                          0.9999999982069875E+00
                          0.9999999981856746E+00
                          0.9999999842105245E+00
                          0.9999999981343856E+00
                          0.9999999981083491E+00
                          0.9999999980820270E+00
                          0.9999999980544192E+00
                          0.9999999896435329E+00
                          0.9999999979997151E+00
                          0.9999999979736787E+00
                          0.9999999979463025E+00
                          0.9999999978662321E+00
                          0.9999999978899339E+00
                          0.9999999978573735E+00
                          0.9999999978274323E+00
                          0.9999999978034999E+00
                          0.9999999977740786E+00
                          0.9999999977443099E+00
                          0.9999999977055811E+00
                          0.9999999976664787E+00
                          0.9999999976520628E+00
                          0.9999999975992628E+00
                          0.9999999975912719E+00
                          0.9999999975595030E+00
                          0.9999999972660120E+00
                          0.9999999974910769E+00
                          0.9999999974632684E+00
                          0.9999999974305054E+00
                          0.9999999973974087E+00
                          0.9999999973639592E+00
                          0.9999999973301824E+00
                          0.9999999972956328E+00
                          0.9999999972560493E+00
                          0.9999999972240544E+00
                          0.9999999971917677E+00
                          0.9999999971528892E+00
                          0.9999999971209507E+00
                          0.9999999970809714E+00
                          0.9999999959483007E+00
                          0.9999999969002374E+00
                          0.9999999957062093E+00
                          0.9999999969369117E+00
                          0.9999999964745154E+00
                          0.9998445731090263E+00
                          0.9999999968184110E+00
                          0.9999999967834380E+00
                          0.9999999967214350E+00
                          0.9999999964957073E+00
                          0.9999999966657409E+00
                          0.9999999966255683E+00
                          0.9999999965849798E+00
                          0.9999999965440276E+00
                          0.9999999965027063E+00
                          0.9999999964610143E+00
                          0.9999999964188133E+00
                          0.9999999963765150E+00
                          0.9999999963336974E+00
                          0.9999999962905103E+00
                          0.9999999962467827E+00
                          0.9999999962029870E+00
                          0.9999999961586478E+00
                          0.9999999961138167E+00
                          0.9999999936715411E+00
                          0.9999999960158199E+00
                          0.9999999959773864E+00
                          0.9999999959310988E+00
                          0.9999999958843985E+00
                          0.9999999958372819E+00
                          0.9999999938299856E+00
                          0.9999999957417168E+00
                          0.9999999956935886E+00
                          0.9999999956448662E+00
                          0.9999999955927481E+00
                          0.9999999630070971E+00
                          0.9999999954961288E+00
                          0.9999999954458288E+00
                          0.9999999953950209E+00
                          0.9999999949941164E+00
                          0.9999999952921310E+00
                          0.9999999952400428E+00
                          0.9999999951875154E+00
                          0.9999999951345649E+00
                          0.9999999950811912E+00
                          0.9999999950273665E+00
                          0.9999999949731017E+00
                          0.9999999947286382E+00
                          0.9999999948632213E+00
                          0.9999999948075760E+00
                          0.9999999947515691E+00
                          0.9999999946950588E+00
                          0.9999999944091684E+00
                          0.9999999945582889E+00
                          0.9999999945228142E+00
                          0.9999999944644611E+00
                          0.9999999944055987E+00
                          0.9999999943451753E+00
                          0.9999999942688437E+00
                          0.9999999942264596E+00
                          0.9999999941657752E+00
                          0.9999999941042783E+00
                          0.9999999940428085E+00
                          0.9999999939808362E+00
                          0.9999999939182335E+00
                          0.9999999938551354E+00
                          0.9999999937915476E+00
                          0.9999999937274675E+00
                          0.9999999936628916E+00
                          0.9999999935978204E+00
                          0.9999999935322476E+00
                          0.9999999934661665E+00
                          0.9999999933995942E+00
                          0.9999999933325073E+00
                          0.9999999932649103E+00
                          0.9999999931968006E+00
                          0.9999999931281751E+00
                          0.9999999930590325E+00
                          0.9999999929893687E+00
                          0.9999999929191812E+00
                          0.9999999928484702E+00
                          0.9999999927772301E+00
                          0.9999999927054586E+00
                          0.9999999926331536E+00
                          0.9999999925603086E+00
                          0.9999999924869282E+00
                          0.9999999924130110E+00
                          0.9999999923356614E+00
                          0.9999999922596950E+00
                          0.9999999921879710E+00
                          0.9999999921118514E+00
                          0.9999999920351871E+00
                          0.9999999919579607E+00
                          0.9999999918801719E+00
                          0.9999999918018206E+00
                          0.9999999917229097E+00
                          0.9999999916434255E+00
                          0.9999999915624892E+00
                          0.9999999914827424E+00
                          0.9999999914013563E+00
                          0.9999999911247955E+00
                          0.9999999912353699E+00
                          0.9999999911543912E+00
                          0.9999999910708964E+00
                          0.9999999909867597E+00
                          0.9999999909018229E+00
                          0.9999999908136843E+00
                          0.9999999907206674E+00
                          0.9999999906421388E+00
                          0.9999999905569265E+00
                          0.9999999894049079E+00
                          0.9999999899034849E+00
                          0.9999999902921490E+00
                          0.9999999902025807E+00
                          0.9999999901123954E+00
                          0.9999999900215877E+00
                          0.9999999899299832E+00
                          0.9999999898380987E+00
                          0.9999999897454109E+00
                          0.9999999896520905E+00
                          0.9999999895581345E+00
                          0.9999999894635401E+00
                          0.9999999893453783E+00
                          0.9999999892724207E+00
                          0.9999999891758967E+00
                          0.9999999890787211E+00
                          0.9999999889808915E+00
                          0.9999999888824062E+00
                          0.9999999887832620E+00
                          0.9999999886834562E+00
                          0.9999999885829859E+00
                          0.9999999884818481E+00
                          0.9999999883781931E+00
                          0.9999999882775565E+00
                          0.9999999881743964E+00
                          0.9999999880704890E+00
                          0.9999999879659672E+00
                          0.9999999878605286E+00
                          0.9999999877549441E+00
                          0.9999999876483594E+00
                          0.9999999875410804E+00
                          0.9999999874331041E+00
                          0.9999999873244275E+00
                          0.9999999872150476E+00
                          0.9999999871049612E+00
                          0.9999999869936255E+00
                          0.9999999868826570E+00
                          0.9999999867704334E+00
                          0.9999999866574912E+00
                          0.9999999865438274E+00
                          0.9999999864294388E+00
                          0.9999999863143225E+00
                          0.9999999861984514E+00
                          0.9999999860818811E+00
                          0.9999999859645762E+00
                          0.9999999858465181E+00
                          0.9999999857277166E+00
                          0.9999999856081688E+00
                          0.9999999854878184E+00
                          0.9999999853668181E+00
                          0.9999999852450104E+00
                          0.9999999851224521E+00
                          0.9999999849991259E+00
                          0.9999999848750343E+00
                          0.9999999847501743E+00
                          0.9999999846245433E+00
                          0.9999999844981375E+00
                          0.9999999843709539E+00
                          0.9999999842429891E+00
                          0.9999999841142400E+00
                          0.9999999839846977E+00
                          0.9999999838543771E+00
                          0.9999999837232567E+00
                          0.9999999835913390E+00
                          0.9999999834586210E+00
                          0.9999999833250962E+00
                          0.9999999831907717E+00
                          0.9999999830556335E+00
                          0.9999999829196470E+00
                          0.9999999827828973E+00
                          0.9999999826453272E+00
                          0.9999999825069164E+00
                          0.9999999823676788E+00
                          0.9999999822276008E+00
                          0.9999999820857501E+00
                          0.9999999819449791E+00
                          0.9999999818024042E+00
                          0.9999999816589711E+00
                          0.9999999815133881E+00
                          0.9999999813696117E+00
                          0.9999999812236463E+00
                          0.9999999810768249E+00
                          0.9999999809291440E+00
                          0.9999999807806003E+00
                          0.9999999806311907E+00
                          0.9999999804809118E+00
                          0.9999999803297598E+00
                          0.9999999801777317E+00
                          0.9999999800248242E+00
                          0.9999999798710336E+00
                          0.9999999797163568E+00
                          0.9999999795607902E+00
                          0.9999999794043305E+00
                          0.9999999792469741E+00
                          0.9999999790887175E+00
                          0.9999999789295583E+00
                          0.9999999787694571E+00
                          0.9999999786085151E+00
                          0.9999999784466247E+00
                          0.9999999782838168E+00
                          0.9999999781200848E+00
                          0.9999999779554367E+00
                          0.9999999777898569E+00
                          0.9999999776233460E+00
                          0.9999999774559007E+00
                          0.9999999772875174E+00
                          0.9999999771181926E+00
                          0.9999999769479225E+00
                          0.9999999767767044E+00
                          0.9999999766045323E+00
                          0.9999999764314070E+00
                          0.9999999762573231E+00
                          0.9999999760099132E+00
                          0.9999999759062620E+00
                          0.9999999757292785E+00
                          0.9999999755513216E+00
                          0.9999999753723882E+00
                          0.9999999751924745E+00
                          0.9999999750115741E+00
                          0.9999999748296899E+00
                          0.9999999746468006E+00
                          0.9999999744629436E+00
                          0.9999999742780715E+00
                          0.9999999740922021E+00
                          0.9999999739052704E+00
                          0.9999999737174335E+00
                          0.9999999735285405E+00
                          0.9999999733386251E+00
                          0.9999999731476885E+00
                          0.9999999729557287E+00
                          0.9999999727624291E+00
                          0.9999999725686702E+00
                          0.9999999723736743E+00
                          0.9999999721775836E+00
                          0.9999999719804510E+00
                          0.9999999717822730E+00
                          0.9999999715830452E+00
                          0.9999999713827644E+00
                          0.9999999711814267E+00
                          0.9999999709790286E+00
                          0.9999999707755661E+00
                          0.9999999705710357E+00
                          0.9999999703654316E+00
                          0.9999999701587536E+00
                          0.9999999699509765E+00
                          0.9999999697421599E+00
                          0.9999999695322336E+00
                          0.9999999693212168E+00
                          0.9999999691091059E+00
                          0.9999999688958969E+00
                          0.9999999686815862E+00
                          0.9999999684661699E+00
                          0.9999999682496441E+00
                          0.9999999680320054E+00
                          0.9999999678132496E+00
                          0.9999999675933731E+00
                          0.9999999673723718E+00
                          0.9999999671502422E+00
                          0.9999999669269803E+00
                          0.9999999667025823E+00
                          0.9999999664770443E+00
                          0.9999999662503625E+00
                          0.9999999660225330E+00
                          0.9999999657935520E+00
                          0.9999999655634156E+00
                          0.9999999653321199E+00
                          0.9999999650996553E+00
                          0.9999999648654654E+00
                          0.9999999646312380E+00
                          0.9999999643952662E+00
                          0.9999999641581152E+00
                          0.9999999639197814E+00
                          0.9999999636801490E+00
                          0.9999999634395517E+00
                          0.9999999631976465E+00
                          0.9999999629545421E+00
                          0.9999999627102358E+00
                          0.9999999624647186E+00
                          0.9999999622180021E+00
                          0.9999999619695756E+00
                          0.9999999617209090E+00
                          0.9999999614705322E+00
                          0.9999999612189280E+00
                          0.9999999609660947E+00
                          0.9999999607120265E+00
                          0.9999999604567199E+00
                          0.9999999602001711E+00
                          0.9999999599423760E+00
                          0.9999999596833306E+00
                          0.9999999594229465E+00
                          0.9999999591614724E+00
                          0.9999999588986517E+00
                          0.9999999586345645E+00
                          0.9999999583692066E+00
                          0.9999999581025742E+00
                          0.9999999578346630E+00
                          0.9999999575654690E+00
                          0.9999999572949880E+00
                          0.9999999570232162E+00
                          0.9999999567501290E+00
                          0.9999999564757803E+00
                          0.9999999562001135E+00
                          0.9999999559231365E+00
                          0.9999999556448463E+00
                          0.9999999553652437E+00
                          0.9999999550843197E+00
                          0.9999999548020717E+00
                          0.9999999545184955E+00
                          0.9999999542335870E+00
                          0.9999999539473421E+00
                          0.9999999536597565E+00
                          0.9999999533708247E+00
                          0.9999999530805467E+00
                          0.9999999527889141E+00
                          0.9999999524959240E+00
                          0.9999999522015725E+00
                          0.9999999519058550E+00
                          0.9999999516087675E+00
                          0.9999999513103058E+00
                          0.9999999510104650E+00
                          0.9999999507092427E+00
                          0.9999999504066328E+00
                          0.9999999501026317E+00
                          0.9999999497972341E+00
                          0.9999999494904388E+00
                          0.9999999491822384E+00
                          0.9999999488726297E+00
                          0.9999999485616076E+00
                          0.9999999482491700E+00
                          0.9999999479353112E+00
                          0.9999999476200265E+00
                          0.9999999473033121E+00
                          0.9999999469851635E+00
                          0.9999999466655765E+00
                          0.9999999463445468E+00
                          0.9999999460220700E+00
                          0.9999999453095557E+00
                          0.9999999453727577E+00
                          0.9999999450459136E+00
                          0.9999999447176051E+00
                          0.9999999443878276E+00
                          0.9999999440565769E+00
                          0.9999999437238487E+00
                          0.9999999433896384E+00
                          0.9999999430539418E+00
                          0.9999999427167543E+00
                          0.9999999423780715E+00
                          0.9999999420378695E+00
                          0.9999999416962031E+00
                          0.9999999401981483E+00
                          0.9999999410083007E+00
                          0.9999999406620756E+00
                          0.9999999403143288E+00
                          0.9999999399650559E+00
                          0.9999999396142524E+00
                          0.9999999392619136E+00
                          0.9999999389080352E+00
                          0.9999999385526126E+00
                          0.9999999381956413E+00
                          0.9999999378371173E+00
                          0.9999999374770351E+00
                          0.9999999371153904E+00
                          0.9999999367521809E+00
                          0.9999999363873980E+00
                          0.9999999360210423E+00
                          0.9999999356531050E+00
                          0.9999999352835818E+00
                          0.9999999349124706E+00
                          0.9999999345397663E+00
                          0.9999999341654628E+00
                          0.9999999337895564E+00
                          0.9999999334120396E+00
                          0.9999999330329166E+00
                          0.9999999326521739E+00
                          0.9999999322698101E+00
                          0.9999999313790888E+00
                          0.9999999315002003E+00
                          0.9999999311129452E+00
                          0.9999999307240497E+00
                          0.9999999303335112E+00
                          0.9999999299413233E+00
                          0.9999999295474817E+00
                          0.9999999291519820E+00
                          0.9999999287548194E+00
                          0.9999999283559894E+00
                          0.9999999279554872E+00
                          0.9999999275533081E+00
                          0.9999999271494476E+00
                          0.9999999267439009E+00
                          0.9999999263366635E+00
                          0.9999999259277303E+00
                          0.9999999255170969E+00
                          0.9999999251047588E+00
                          0.9999999246907029E+00
                          0.9999999242749484E+00
                          0.9999999238574671E+00
                          0.9999999234382618E+00
                          0.9999999230173278E+00
                          0.9999999225946606E+00
                          0.9999999221702410E+00
                          0.9999999217441073E+00
                          0.9999999213162115E+00
                          0.9999999208865634E+00
                          0.9999999204464221E+00
                          0.9999999200219375E+00
                          0.9999999195870570E+00
                          0.9999999191503517E+00
                          0.9999999187118699E+00
                          0.9999999182716069E+00
                          0.9999999178295581E+00
                          0.9999999173857185E+00
                          0.9999999169400832E+00
                          0.9999999164926475E+00
                          0.9999999160434065E+00
                          0.9999999155923553E+00
                          0.9999999151394893E+00
                          0.9999999146848032E+00
                          0.9999999142282925E+00
                          0.9999999137699508E+00
                          0.9999999133097774E+00
                          0.9999999128477632E+00
                          0.9999999123839047E+00
                          0.9999999119181971E+00
                          0.9999999114506355E+00
                          0.9999999109812149E+00
                          0.9999999105099303E+00
                          0.9999999100367768E+00
                          0.9999999095617497E+00
                          0.9999999090848437E+00
                          0.9999999086060541E+00
                          0.9999999081253760E+00
                          0.9999999076428042E+00
                          0.9999999071583339E+00
                          0.9999999066719600E+00
                          0.9999999061836777E+00
                          0.9999999056934820E+00
                          0.9999999052013677E+00
                          0.9999999047073300E+00
                          0.9999999042113638E+00
                          0.9999999037134641E+00
                          0.9999999032136259E+00
                          0.9999999027118441E+00
                          0.9999999022081139E+00
                          0.9999999017024300E+00
                          0.9999999011947874E+00
                          0.9999999006851812E+00
                          0.9999999001736062E+00
                          0.9999998996600574E+00
                          0.9999998991445297E+00
                          0.9999998986270178E+00
                          0.9999998981075173E+00
                          0.9999998975860225E+00
                          0.9999998970625252E+00
                          0.9999998965370299E+00
                          0.9999998960095221E+00
                          0.9999998954799997E+00
                          0.9999998949484575E+00
                          0.9999998944148899E+00
                          0.9999998938792937E+00
                          0.9999998933416617E+00
                          0.9999998928019838E+00
                          0.9999998922602719E+00
                          0.9999998917165036E+00
                          0.9999998911706797E+00
                          0.9999998906227948E+00
                          0.9999998900728432E+00
                          0.9999998895208217E+00
                          0.9999998889667230E+00
                          0.9999998884105428E+00
                          0.9999998878522757E+00
                          0.9999998872919164E+00
                          0.9999998867294598E+00
                          0.9999998861649007E+00
                          0.9999998855982338E+00
                          0.9999998850294539E+00
                          0.9999998844585558E+00
                          0.9999998838855342E+00
                          0.9999998833103837E+00
                          0.9999998827330993E+00
                          0.9999998821536755E+00
                          0.9999998815721073E+00
                          0.9999998809883889E+00
                          0.9999998804025158E+00
                          0.9999998798144819E+00
                          0.9999998792242824E+00
                          0.9999998786319113E+00
                          0.9999998780373647E+00
                          0.9999998774406359E+00
                          0.9999998768417202E+00
                          0.9999998762406120E+00
                          0.9999998756373061E+00
                          0.9999998750317971E+00
                          0.9999998744240798E+00
                          0.9999998738141486E+00
                          0.9999998732019982E+00
                          0.9999998725876232E+00
                          0.9999998719710185E+00
                          0.9999998713521783E+00
                          0.9999998707310974E+00
                          0.9999998701077705E+00
                          0.9999998694821920E+00
                          0.9999998688543565E+00
                          0.9999998682242588E+00
                          0.9999998675918932E+00
                          0.9999998669572544E+00
                          0.9999998663203370E+00
                          0.9999998656811354E+00
                          0.9999998650396443E+00
                          0.9999998643958581E+00
                          0.9999998637497715E+00
                          0.9999998631013788E+00
                          0.9999998624506748E+00
                          0.9999998617976538E+00
                          0.9999998611423104E+00
                          0.9999998604846391E+00
                          0.9999998598246342E+00
                          0.9999998591622905E+00
                          0.9999998584976023E+00
                          0.9999998578305641E+00
                          0.9999998571611705E+00
                          0.9999998564894157E+00
                          0.9999998558152942E+00
                          0.9999998551388007E+00
                          0.9999998544599294E+00
                          0.9999998537786750E+00
                          0.9999998530950297E+00
                          0.9999998524089937E+00
                          0.9999998517205558E+00
                          0.9999998510297124E+00
                          0.9999998503364578E+00
                          0.9999998496407863E+00
                          0.9999998489426923E+00
                          0.9999998482421705E+00
                          0.9999998475392149E+00
                          0.9999998468338199E+00
                          0.9999998461259801E+00
                          0.9999998454156898E+00
                          0.9999998447029432E+00
                          0.9999998439877348E+00
                          0.9999998432700588E+00
                          0.9999998425499095E+00
                          0.9999998418272814E+00
                          0.9999998411021688E+00
                          0.9999998403745658E+00
                          0.9999998396444669E+00
                          0.9999998389118665E+00
                          0.9999998381767584E+00
                          0.9999998374391375E+00
                          0.9999998366989979E+00
                          0.9999998359563337E+00
                          0.9999998352111391E+00
                          0.9999998344634087E+00
                          0.9999998337131364E+00
                          0.9999998329603167E+00
                          0.9999998322049437E+00
                          0.9999998314470117E+00
                          0.9999998306865149E+00
                          0.9999998299234475E+00
                          0.9999998291578037E+00
                          0.9999998283895778E+00
                          0.9999998276187640E+00
                          0.9999998268453564E+00
                          0.9999998260693492E+00
                          0.9999998252907366E+00
                          0.9999998245095129E+00
                          0.9999998237256720E+00
                          0.9999998229392083E+00
                          0.9999998221501160E+00
                          0.9999998213583889E+00
                          0.9999998205640215E+00
                          0.9999998197670077E+00
                          0.9999998189673418E+00
                          0.9999998181650178E+00
                          0.9999998173600300E+00
                          0.9999998165523722E+00
                          0.9999998157420388E+00
                          0.9999998149290237E+00
                          0.9999998141133207E+00
                          0.9999998132949250E+00
                          0.9999998124738296E+00
                          0.9999998116500286E+00
                          0.9999998108235170E+00
                          0.9999998099942878E+00
                          0.9999998091623357E+00
                          0.9999998083276543E+00
                          0.9999998074902380E+00
                          0.9999998066500806E+00
                          0.9999998058071762E+00
                          0.9999998049615189E+00
                          0.9999998041131025E+00
                          0.9999998032619213E+00
                          0.9999998024079692E+00
                          0.9999998015512400E+00
                          0.9999998006917279E+00
                          0.9999997998294268E+00
                          0.9999997989643307E+00
                          0.9999997980964335E+00
                          0.9999997972257292E+00
                          0.9999997963522118E+00
                          0.9999997954758753E+00
                          0.9999997945967134E+00
                          0.9999997937147203E+00
                          0.9999997928298897E+00
                          0.9999997919422158E+00
                          0.9999997910516921E+00
                          0.9999997901583130E+00
                          0.9999997892620720E+00
                          0.9999997883629633E+00
                          0.9999997874609805E+00
                          0.9999997865561178E+00
                          0.9999997856483687E+00
                          0.9999997847377274E+00
                          0.9999997838241875E+00
                          0.9999997829077432E+00
                          0.9999997819883880E+00
                          0.9999997810661159E+00
                          0.9999997801409207E+00
                          0.9999997792127963E+00
                          0.9999997782817365E+00
                          0.9999997773477349E+00
                          0.9999997764107857E+00
                          0.9999997754708825E+00
                          0.9999997745280190E+00
                          0.9999997735821892E+00
                          0.9999997726333867E+00
                          0.9999997716816054E+00
                          0.9999997707268389E+00
                          0.9999997697690812E+00
                          0.9999997688083260E+00
                          0.9999997678445670E+00
                          0.9999997668777979E+00
                          0.9999997659080124E+00
                          0.9999997649352045E+00
                          0.9999997639593676E+00
                          0.9999997629804956E+00
                          0.9999997619985823E+00
                          0.9999997610136212E+00
                          0.9999997600256061E+00
                          0.9999997590345306E+00
                          0.9999997580403883E+00
                          0.9999997570431736E+00
                          0.9999997560428793E+00
                          0.9999997550394993E+00
                          0.9999997540330275E+00
                          0.9999997530234573E+00
                          0.9999997520107825E+00
                          0.9999997509949967E+00
                          0.9999997499760935E+00
                          0.9999997489540666E+00
                          0.9999997479289097E+00
                          0.9999997469006161E+00
                          0.9999997458691796E+00
                          0.9999997448345940E+00
                          0.9999997437968525E+00
                          0.9999997427559489E+00
                          0.9999997417118769E+00
                          0.9999997406646299E+00
                          0.9999997396142015E+00
                          0.9999997385605853E+00
                          0.9999997375037749E+00
                          0.9999997364437637E+00
                          0.9999997353805454E+00
                          0.9999997343141135E+00
                          0.9999997332444615E+00
                          0.9999997321715829E+00
                          0.9999997310954704E+00
                          0.9999997300161200E+00
                          0.9999997289335227E+00
                          0.9999997278476730E+00
                          0.9999997267585642E+00
                          0.9999997256661899E+00
                          0.9999997245705434E+00
                          0.9999997234716184E+00
                          0.9999997223694075E+00
                          0.9999997212639062E+00
                          0.9999997201551062E+00
                          0.9999997190430012E+00
                          0.9999997179275850E+00
                          0.9999997168088508E+00
                          0.9999997156867922E+00
                          0.9999997145614026E+00
                          0.9999997134326751E+00
                          0.9999997123006036E+00
                          0.9999997111651812E+00
                          0.9999997100264013E+00
                          0.9999997088842574E+00
                          0.9999997077387428E+00
                          0.9999997065898508E+00
                          0.9999997054375750E+00
                          0.9999997042819087E+00
                          0.9999997031228450E+00
                          0.9999997019603775E+00
                          0.9999997007944995E+00
                          0.9999996996252042E+00
                          0.9999996984524852E+00
                          0.9999996972763355E+00
                          0.9999996960967488E+00
                          0.9999996949137180E+00
                          0.9999996937272366E+00
                          0.9999996925372980E+00
                          0.9999996913438953E+00
                          0.9999996901470219E+00
                          0.9999996889466710E+00
                          0.9999996877428360E+00
                          0.9999996865355100E+00
                          0.9999996853246863E+00
                          0.9999996841103582E+00
                          0.9999996828925191E+00
                          0.9999996816711618E+00
                          0.9999996804462800E+00
                          0.9999996792178666E+00
                          0.9999996779859150E+00
                          0.9999996767504183E+00
                          0.9999996755113699E+00
                          0.9999996742687628E+00
                          0.9999996730225902E+00
                          0.9999996717728453E+00
                          0.9999996705195214E+00
                          0.9999996692626116E+00
                          0.9999996680021090E+00
                          0.9999996667380069E+00
                          0.9999996654702983E+00
                          0.9999996641989763E+00
                          0.9999996629240345E+00
                          0.9999996616454577E+00
                          0.9999996603632626E+00
                          0.9999996590774191E+00
                          0.9999996577879278E+00
                          0.9999996564947820E+00
                          0.9999996551979747E+00
                          0.9999996538974991E+00
                          0.9999996525933483E+00
                          0.9999996512855154E+00
                          0.9999996499739933E+00
                          0.9999996486587752E+00
                          0.9999996473398540E+00
                          0.9999996460172232E+00
                          0.9999996446908754E+00
                          0.9999996433608038E+00
                          0.9999996420270014E+00
                          0.9999996406894612E+00
                          0.9999996393481765E+00
                          0.9999996380031398E+00
                          0.9999996366543447E+00
                          0.9999996353017837E+00
                          0.9999996339454501E+00
                          0.9999996325853369E+00
                          0.9999996312214368E+00
                          0.9999996298537430E+00
                          0.9999996284822485E+00
                          0.9999996271069462E+00
                          0.9999996257278291E+00
                          0.9999996243448900E+00
                          0.9999996229581221E+00
                          0.9999996215675180E+00
                          0.9999996201730710E+00
                          0.9999996187747737E+00
                          0.9999996173726193E+00
                          0.9999996159666006E+00
                          0.9999996145567104E+00
                          0.9999996131429417E+00
                          0.9999996117252875E+00
                          0.9999996103037405E+00
                          0.9999996088782936E+00
                          0.9999996074489399E+00
                          0.9999996060156719E+00
                          0.9999996045784825E+00
                          0.9999996031373652E+00
                          0.9999996016923122E+00
                          0.9999996002433165E+00
                          0.9999995987903708E+00
                          0.9999995973334681E+00
                          0.9999995958726012E+00
                          0.9999995944077629E+00
                          0.9999995929389460E+00
                          0.9999995914661434E+00
                          0.9999995899893478E+00
                          0.9999995885085519E+00
                          0.9999995870237487E+00
                          0.9999995855349307E+00
                          0.9999995840420910E+00
                          0.9999995825452220E+00
                          0.9999995810443169E+00
                          0.9999995795393680E+00
                          0.9999995780303683E+00
                          0.9999995765173105E+00
                          0.9999995750001873E+00
                          0.9999995734789915E+00
                          0.9999995719537157E+00
                          0.9999995704243526E+00
                          0.9999995688908950E+00
                          0.9999995673533356E+00
                          0.9999995658116672E+00
                          0.9999995642658821E+00
                          0.9999995627159733E+00
                          0.9999995611619336E+00
                          0.9999995596037552E+00
                          0.9999995580414311E+00
                          0.9999995564749540E+00
                          0.9999995549043162E+00
                          0.9999995533295107E+00
                          0.9999995517505300E+00
                          0.9999995501673667E+00
                          0.9999995485800135E+00
                          0.9999995469884628E+00
                          0.9999995453927075E+00
                          0.9999995437927400E+00
                          0.9999995421885530E+00
                          0.9999995405801391E+00
                          0.9999995389674907E+00
                          0.9999995373506007E+00
                          0.9999995357294612E+00
                          0.9999995341040652E+00
                          0.9999995324744051E+00
                          0.9999995308404733E+00
                          0.9999995292022626E+00
                          0.9999995275597654E+00
                          0.9999995259129743E+00
                          0.9999995242618817E+00
                          0.9999995226064802E+00
                          0.9999995209467623E+00
                          0.9999995192827205E+00
                          0.9999995176143470E+00
                          0.9999995159416344E+00
                          0.9999995142645759E+00
                          0.9999995125831640E+00
                          0.9999995108973899E+00
                          0.9999995092072469E+00
                          0.9999995075127273E+00
                          0.9999995058138236E+00
                          0.9999995041105282E+00
                          0.9999995024028336E+00
                          0.9999995006907322E+00
                          0.9999994989742165E+00
                          0.9999994972532787E+00
                          0.9999994955279115E+00
                          0.9999994937981070E+00
                          0.9999994920638579E+00
                          0.9999994903251564E+00
                          0.9999994885819949E+00
                          0.9999994868343660E+00
                          0.9999994850822618E+00
                          0.9999994833256747E+00
                          0.9999994815645972E+00
                          0.9999994797990215E+00
                          0.9999994780289401E+00
                          0.9999994762543453E+00
                          0.9999994744752293E+00
                          0.9999994726915845E+00
                          0.9999994709034034E+00
                          0.9999994691106779E+00
                          0.9999994673134008E+00
                          0.9999994655115642E+00
                          0.9999994637051602E+00
                          0.9999994618941813E+00
                          0.9999994600786198E+00
                          0.9999994582584679E+00
                          0.9999994564337178E+00
                          0.9999994546043619E+00
                          0.9999994527703923E+00
                          0.9999994509318016E+00
                          0.9999994490885817E+00
                          0.9999994472407249E+00
                          0.9999994453882234E+00
                          0.9999994435310695E+00
                          0.9999994416692555E+00
                          0.9999994398027734E+00
                          0.9999994379316156E+00
                          0.9999994360557741E+00
                          0.9999994341752413E+00
                          0.9999994322900093E+00
                          0.9999994304000702E+00
                          0.9999994285054162E+00
                          0.9999994266060397E+00
                          0.9999994247019325E+00
                          0.9999994227930870E+00
                          0.9999994208794951E+00
                          0.9999994189611493E+00
                          0.9999994170380414E+00
                          0.9999994151101637E+00
                          0.9999994131775083E+00
                          0.9999994112400672E+00
                          0.9999994092978327E+00
                          0.9999994073507967E+00
                          0.9999994053989515E+00
                          0.9999994034422890E+00
                          0.9999994014808014E+00
                          0.9999993995144807E+00
                          0.9999993975433189E+00
                          0.9999993955673083E+00
                          0.9999993935864409E+00
                          0.9999993916007084E+00
                          0.9999993896101033E+00
                          0.9999993876146174E+00
                          0.9999993856142427E+00
                          0.9999993836089713E+00
                          0.9999993815987953E+00
                          0.9999993795837065E+00
                          0.9999993775636971E+00
                          0.9999993755387590E+00
                          0.9999993735088841E+00
                          0.9999993714740646E+00
                          0.9999993694342924E+00
                          0.9999993673895593E+00
                          0.9999993653398574E+00
                          0.9999993632851787E+00
                          0.9999993612255151E+00
                          0.9999993591608586E+00
                          0.9999993570912010E+00
                          0.9999993550165344E+00
                          0.9999993529368505E+00
                          0.9999993508521414E+00
                          0.9999993487623990E+00
                          0.9999993466676150E+00
                          0.9999993445677818E+00
                          0.9999993424628908E+00
                          0.9999993403529340E+00
                          0.9999993382379034E+00
                          0.9999993361177908E+00
                          0.9999993339925880E+00
                          0.9999993318622870E+00
                          0.9999993297268795E+00
                          0.9999993275863575E+00
                          0.9999993254407127E+00
                          0.9999993232899370E+00
                          0.9999993211340222E+00
                          0.9999993189729601E+00
                          0.9999993168067427E+00
                          0.9999993146353616E+00
                          0.9999993124588087E+00
                          0.9999993102770757E+00
                          0.9999993080901545E+00
                          0.9999993058980368E+00
                          0.9999993037007143E+00
                          0.9999993014981789E+00
                          0.9999992992904224E+00
                          0.9999992970774365E+00
                          0.9999992948592129E+00
                          0.9999992926357432E+00
                          0.9999992904070197E+00
                          0.9999992881730336E+00
                          0.9999992859337767E+00
                          0.9999992836892408E+00
                          0.9999992814394176E+00
                          0.9999992791842969E+00
                          0.9999992769238761E+00
                          0.9999992746581412E+00
                          0.9999992723870856E+00
                          0.9999992701107013E+00
                          0.9999992678289799E+00
                          0.9999992655419128E+00
                          0.9999992632494920E+00
                          0.9999992609517088E+00
                          0.9999992586485551E+00
                          0.9999992563400225E+00
                          0.9999992540261026E+00
                          0.9999992517067871E+00
                          0.9999992493820674E+00
                          0.9999992470519353E+00
                          0.9999992447163824E+00
                          0.9999992423754003E+00
                          0.9999992400289804E+00
                          0.9999992376771146E+00
                          0.9999992353197943E+00
                          0.9999992329570110E+00
                          0.9999992305887564E+00
                          0.9999992282150221E+00
                          0.9999992258357995E+00
                          0.9999992234510803E+00
                          0.9999992210608558E+00
                          0.9999992186651178E+00
                          0.9999992162638577E+00
                          0.9999992138570671E+00
                          0.9999992114447375E+00
                          0.9999992090268602E+00
                          0.9999992066034270E+00
                          0.9999992041744292E+00
                          0.9999992017398583E+00
                          0.9999991992997059E+00
                          0.9999991968539635E+00
                          0.9999991944026224E+00
                          0.9999991919456741E+00
                          0.9999991894831102E+00
                          0.9999991870149220E+00
                          0.9999991845411009E+00
                          0.9999991820616385E+00
                          0.9999991795765262E+00
                          0.9999991770857554E+00
                          0.9999991745893174E+00
                          0.9999991720872038E+00
                          0.9999991695794058E+00
                          0.9999991670659150E+00
                          0.9999991645467227E+00
                          0.9999991620218203E+00
                          0.9999991594911990E+00
                          0.9999991569548505E+00
                          0.9999991544127660E+00
                          0.9999991518649367E+00
                          0.9999991493113543E+00
                          0.9999991467520098E+00
                          0.9999991441868948E+00
                          0.9999991416160006E+00
                          0.9999991390393184E+00
                          0.9999991364568395E+00
                          0.9999991338685552E+00
                          0.9999991312744571E+00
                          0.9999991286745362E+00
                          0.9999991260687838E+00
                          0.9999991234571914E+00
                          0.9999991208397502E+00
                          0.9999991182164513E+00
                          0.9999991155872860E+00
                          0.9999991129522459E+00
                          0.9999991103113218E+00
                          0.9999991076645053E+00
                          0.9999991050117875E+00
                          0.9999991023531596E+00
                          0.9999990996886128E+00
                          0.9999990970181382E+00
                          0.9999990943417277E+00
                          0.9999990916593711E+00
                          0.9999990889710618E+00
                          0.9999990862767890E+00
                          0.9999990835765447E+00
                          0.9999990808703200E+00
                          0.9999990781581060E+00
                          0.9999990754398939E+00
                          0.9999990727156748E+00
                          0.9999990699854401E+00
                          0.9999990672491808E+00
                          0.9999990645068879E+00
                          0.9999990617585528E+00
                          0.9999990590041664E+00
                          0.9999990562437201E+00
                          0.9999990534772046E+00
                          0.9999990507046115E+00
                          0.9999990479259315E+00
                          0.9999990451411560E+00
                          0.9999990423502759E+00
                          0.9999990395532824E+00
                          0.9999990367501664E+00
                          0.9999990339409192E+00
                          0.9999990311255317E+00
                          0.9999990283039950E+00
                          0.9999990254763002E+00
                          0.9999990226424383E+00
                          0.9999990198024004E+00
                          0.9999990169561774E+00
                          0.9999990141037606E+00
                          0.9999990112451407E+00
                          0.9999990083803089E+00
                          0.9999990055092560E+00
                          0.9999990026319733E+00
                          0.9999989997484516E+00
                          0.9999989968586820E+00
                          0.9999989939626555E+00
                          0.9999989910603628E+00
                          0.9999989881517952E+00
                          0.9999989852369434E+00
                          0.9999989823157986E+00
                          0.9999989793883516E+00
                          0.9999989764545933E+00
                          0.9999989735145148E+00
                          0.9999989705681069E+00
                          0.9999989676153607E+00
                          0.9999989646562668E+00
                          0.9999989616908164E+00
                          0.9999989587190001E+00
                          0.9999989557408092E+00
                          0.9999989527562343E+00
                          0.9999989497652663E+00
                          0.9999989467678962E+00
                          0.9999989437641148E+00
                          0.9999989407539129E+00
                          0.9999989377372815E+00
                          0.9999989347142114E+00
                          0.9999989316846934E+00
                          0.9999989286487184E+00
                          0.9999989256062771E+00
                          0.9999989225573606E+00
                          0.9999989195019593E+00
                          0.9999989164400644E+00
                          0.9999989133716666E+00
                          0.9999989102967565E+00
                          0.9999989072153251E+00
                          0.9999989041273633E+00
                          0.9999989010328615E+00
                          0.9999988979318107E+00
                          0.9999988948242018E+00
                          0.9999988917100253E+00
                          0.9999988885892721E+00
                          0.9999988854619329E+00
                          0.9999988823279985E+00
                          0.9999988791874596E+00
                          0.9999988760403068E+00
                          0.9999988728865310E+00
                          0.9999988697261228E+00
                          0.9999988665590731E+00
                          0.9999988633853724E+00
                          0.9999988602050114E+00
                          0.9999988570179810E+00
                          0.9999988538242716E+00
                          0.9999988506238739E+00
                          0.9999988474167788E+00
                          0.9999988442029769E+00
                          0.9999988409824587E+00
                          0.9999988377552149E+00
                          0.9999988345212363E+00
                          0.9999988312805134E+00
                          0.9999988280330367E+00
                          0.9999988247787971E+00
                          0.9999988215177851E+00
                          0.9999988182499913E+00
                          0.9999988149754062E+00
                          0.9999988116940206E+00
                          0.9999988084058250E+00
                          0.9999988051108100E+00
                          0.9999988018089661E+00
                          0.9999987985002838E+00
                          0.9999987951847540E+00
                          0.9999987918623670E+00
                          0.9999987885331133E+00
                          0.9999987851969837E+00
                          0.9999987818539685E+00
                          0.9999987785040583E+00
                          0.9999987751472437E+00
                          0.9999987717835152E+00
                          0.9999987684128632E+00
                          0.9999987650352783E+00
                          0.9999987616507510E+00
                          0.9999987582592716E+00
                          0.9999987548608310E+00
                          0.9999987514554194E+00
                          0.9999987480430272E+00
                          0.9999987446236451E+00
                          0.9999987411972635E+00
                          0.9999987377638727E+00
                          0.9999987343234633E+00
                          0.9999987308760256E+00
                          0.9999987274215502E+00
                          0.9999987239600274E+00
                          0.9999987204914478E+00
                          0.9999987170158016E+00
                          0.9999987135330792E+00
                          0.9999987100432712E+00
                          0.9999987065463680E+00
                          0.9999987030423598E+00
                          0.9999986995312371E+00
                          0.9999986960129902E+00
                          0.9999986924876095E+00
                          0.9999986889550854E+00
                          0.9999986854154083E+00
                          0.9999986818685683E+00
                          0.9999986783145561E+00
                          0.9999986747533618E+00
                          0.9999986711849759E+00
                          0.9999986676093885E+00
                          0.9999986640265901E+00
                          0.9999986604365709E+00
                          0.9999986568393213E+00
                          0.9999986532348316E+00
                          0.9999986496230920E+00
                          0.9999986460040928E+00
                          0.9999986423778244E+00
                          0.9999986387442769E+00
                          0.9999986351034407E+00
                          0.9999986314553060E+00
                          0.9999986277998630E+00
                          0.9999986241371021E+00
                          0.9999986204670134E+00
                          0.9999986167895871E+00
                          0.9999986131048136E+00
                          0.9999986094126830E+00
                          0.9999986057131856E+00
                          0.9999986020063115E+00
                          0.9999985982920510E+00
                          0.9999985945703941E+00
                          0.9999985908413312E+00
                          0.9999985871048525E+00
                          0.9999985833609480E+00
                          0.9999985796096080E+00
                          0.9999985758508226E+00
                          0.9999985720845820E+00
                          0.9999985683108763E+00
                          0.9999985645296956E+00
                          0.9999985607410301E+00
                          0.9999985569448701E+00
                          0.9999985531412053E+00
                          0.9999985493300263E+00
                          0.9999985455113228E+00
                          0.9999985416850852E+00
                          0.9999985378513034E+00
                          0.9999985340099676E+00
                          0.9999985301610679E+00
                          0.9999985263045942E+00
                          0.9999985224405368E+00
                          0.9999985185688856E+00
                          0.9999985146896307E+00
                          0.9999985108027623E+00
                          0.9999985069082702E+00
                          0.9999985030061446E+00
                          0.9999984990963754E+00
                          0.9999984951789528E+00
                          0.9999984912538668E+00
                          0.9999984873211072E+00
                          0.9999984833806641E+00
                          0.9999984794325277E+00
                          0.9999984754766877E+00
                          0.9999984715131344E+00
                          0.9999984675418575E+00
                          0.9999984635628471E+00
                          0.9999984595760930E+00
                          0.9999984555815855E+00
                          0.9999984515793143E+00
                          0.9999984475692694E+00
                          0.9999984435514407E+00
                          0.9999984395258182E+00
                          0.9999984354923919E+00
                          0.9999984314511514E+00
                          0.9999984274020870E+00
                          0.9999984233451885E+00
                          0.9999984192804456E+00
                          0.9999984152078485E+00
                          0.9999984111273869E+00
                          0.9999984070390506E+00
                          0.9999984029428297E+00
                          0.9999983988387139E+00
                          0.9999983947266932E+00
                          0.9999983906067573E+00
                          0.9999983864788962E+00
                          0.9999983823430997E+00
                          0.9999983781993574E+00
                          0.9999983740476596E+00
                          0.9999983698879957E+00
                          0.9999983657203557E+00
                          0.9999983615447294E+00
                          0.9999983573611066E+00
                          0.9999983531694772E+00
                          0.9999983489698308E+00
                          0.9999983447621572E+00
                          0.9999983405464463E+00
                          0.9999983363226878E+00
                          0.9999983320908715E+00
                          0.9999983278509871E+00
                          0.9999983236030244E+00
                          0.9999983193469733E+00
                          0.9999983150828231E+00
                          0.9999983108105640E+00
                          0.9999983065301854E+00
                          0.9999983022416773E+00
                          0.9999982979450291E+00
                          0.9999982936402309E+00
                          0.9999982893272720E+00
                          0.9999982850061423E+00
                          0.9999982806768314E+00
                          0.9999982763393291E+00
                          0.9999982719936250E+00
                          0.9999982676397088E+00
                          0.9999982632775701E+00
                          0.9999982589071986E+00
                          0.9999982545285839E+00
                          0.9999982501417157E+00
                          0.9999982457465837E+00
                          0.9999982413431773E+00
                          0.9999982369314864E+00
                          0.9999982325115003E+00
                          0.9999982280832089E+00
                          0.9999982236466017E+00
                          0.9999982192016683E+00
                          0.9999982147483982E+00
                          0.9999982102867812E+00
                          0.9999982058168067E+00
                          0.9999982013384642E+00
                          0.9999981968517434E+00
                          0.9999981923566338E+00
                          0.9999981878531250E+00
                          0.9999981833412065E+00
                          0.9999981788208679E+00
                          0.9999981742920987E+00
                          0.9999981697548884E+00
                          0.9999981652092265E+00
                          0.9999981606551026E+00
                          0.9999981560925061E+00
                          0.9999981515214265E+00
                          0.9999981469418534E+00
                          0.9999981423537762E+00
                          0.9999981377571844E+00
                          0.9999981331520674E+00
                          0.9999981285384149E+00
                          0.9999981239162160E+00
                          0.9999981192854605E+00
                          0.9999981146461376E+00
                          0.9999981099982369E+00
                          0.9999981053417477E+00
                          0.9999981006766596E+00
                          0.9999980960029619E+00
                          0.9999980913206440E+00
                          0.9999980866296952E+00
                          0.9999980819301052E+00
                          0.9999980772218632E+00
                          0.9999980725049586E+00
                          0.9999980677793808E+00
                          0.9999980630451192E+00
                          0.9999980583021632E+00
                          0.9999980535505020E+00
                          0.9999980487901250E+00
                          0.9999980440210218E+00
                          0.9999980392431814E+00
                          0.9999980344565933E+00
                          0.9999980296612468E+00
                          0.9999980248571314E+00
                          0.9999980200442361E+00
                          0.9999980152225504E+00
                          0.9999980103920636E+00
                          0.9999980055527649E+00
                          0.9999980007046437E+00
                          0.9999979958476892E+00
                          0.9999979909818908E+00
                          0.9999979861072376E+00
                          0.9999979812237190E+00
                          0.9999979763313241E+00
                          0.9999979714300423E+00
                          0.9999979665198629E+00
                          0.9999979616007750E+00
                          0.9999979566727678E+00
                          0.9999979517358307E+00
                          0.9999979467899528E+00
                          0.9999979418351232E+00
                          0.9999979368713314E+00
                          0.9999979318985663E+00
                          0.9999979269168173E+00
                          0.9999979219260735E+00
                          0.9999979169263241E+00
                          0.9999979119175583E+00
                          0.9999979068997651E+00
                          0.9999979018729339E+00
                          0.9999978968370538E+00
                          0.9999978917921137E+00
                          0.9999978867381031E+00
                          0.9999978816750109E+00
                          0.9999978766028262E+00
                          0.9999978715215384E+00
                          0.9999978664311363E+00
                          0.9999978613316092E+00
                          0.9999978562229461E+00
                          0.9999978511051362E+00
                          0.9999978459781684E+00
                          0.9999978408420320E+00
                          0.9999978356967160E+00
                          0.9999978305422094E+00
                          0.9999978253785012E+00
                          0.9999978202055807E+00
                          0.9999978150234369E+00
                          0.9999978098320585E+00
                          0.9999978046314351E+00
                          0.9999977994215552E+00
                          0.9999977942024082E+00
                          0.9999977889739828E+00
                          0.9999977837362684E+00
                          0.9999977784892535E+00
                          0.9999977732329276E+00
                          0.9999977679672793E+00
                          0.9999977626922979E+00
                          0.9999977574079723E+00
                          0.9999977521142912E+00
                          0.9999977468112439E+00
                          0.9999977414988191E+00
                          0.9999977361770059E+00
                          0.9999977308457934E+00
                          0.9999977255051702E+00
                          0.9999977201551254E+00
                          0.9999977147956480E+00
                          0.9999977094267268E+00
                          0.9999977040483508E+00
                          0.9999976986605087E+00
                          0.9999976932631898E+00
                          0.9999976878563825E+00
                          0.9999976824400761E+00
                          0.9999976770142592E+00
                          0.9999976715789209E+00
                          0.9999976661340499E+00
                          0.9999976606796352E+00
                          0.9999976552156656E+00
                          0.9999976497421298E+00
                          0.9999976442590168E+00
                          0.9999976387663155E+00
                          0.9999976332640146E+00
                          0.9999976277521029E+00
                          0.9999976222305692E+00
                          0.9999976166994025E+00
                          0.9999976111585914E+00
                          0.9999976056081248E+00
                          0.9999976000479914E+00
                          0.9999975944781802E+00
                          0.9999975888986797E+00
                          0.9999975833094789E+00
                          0.9999975777105663E+00
                          0.9999975721019309E+00
                          0.9999975664835613E+00
                          0.9999975608554463E+00
                          0.9999975552175747E+00
                          0.9999975495699353E+00
                          0.9999975439125165E+00
                          0.9999975382453072E+00
                          0.9999975325682963E+00
                          0.9999975268814723E+00
                          0.9999975211848238E+00
                          0.9999975154783397E+00
                          0.9999975097620085E+00
                          0.9999975040358191E+00
                          0.9999974982997601E+00
                          0.9999974925538201E+00
                          0.9999974867979877E+00
                          0.9999974810322517E+00
                          0.9999974752566007E+00
                          0.9999974694710233E+00
                          0.9999974636755081E+00
                          0.9999974578700438E+00
                          0.9999974520546191E+00
                          0.9999974462292224E+00
                          0.9999974403938425E+00
                          0.9999974345484679E+00
                          0.9999974286930872E+00
                          0.9999974228276890E+00
                          0.9999974169522619E+00
                          0.9999974110667944E+00
                          0.9999974051712752E+00
                          0.9999973992656929E+00
                          0.9999973933500358E+00
                          0.9999973874242926E+00
                          0.9999973814884519E+00
                          0.9999973755425021E+00
                          0.9999973695864318E+00
                          0.9999973636202296E+00
                          0.9999973576438839E+00
                          0.9999973516573832E+00
                          0.9999973456607162E+00
                          0.9999973396538712E+00
                          0.9999973336368366E+00
                          0.9999973276096011E+00
                          0.9999973215721532E+00
                          0.9999973155244811E+00
                          0.9999973094665736E+00
                          0.9999973033984190E+00
                          0.9999972973200056E+00
                          0.9999972912313221E+00
                          0.9999972851323568E+00
                          0.9999972790230981E+00
                          0.9999972729035345E+00
                          0.9999972667736544E+00
                          0.9999972606334463E+00
                          0.9999972544828984E+00
                          0.9999972483219993E+00
                          0.9999972421507374E+00
                          0.9999972359691008E+00
                          0.9999972297770783E+00
                          0.9999972235746579E+00
                          0.9999972173618281E+00
                          0.9999972111385773E+00
                          0.9999972049048939E+00
                          0.9999971986607661E+00
                          0.9999971924061823E+00
                          0.9999971861411310E+00
                          0.9999971798656003E+00
                          0.9999971735795785E+00
                          0.9999971672830542E+00
                          0.9999971609760154E+00
                          0.9999971546584505E+00
                          0.9999971483303479E+00
                          0.9999971419916958E+00
                          0.9999971356424825E+00
                          0.9999971292826962E+00
                          0.9999971229123253E+00
                          0.9999971165313579E+00
                          0.9999971101397825E+00
                          0.9999971037375871E+00
                          0.9999970973247601E+00
                          0.9999970909012896E+00
                          0.9999970844671641E+00
                          0.9999970780223715E+00
                          0.9999970715669001E+00
                          0.9999970651007383E+00
                          0.9999970586238740E+00
                          0.9999970521362957E+00
                          0.9999970456379914E+00
                          0.9999970391289493E+00
                          0.9999970326091577E+00
                          0.9999970260786047E+00
                          0.9999970195372785E+00
                          0.9999970129851671E+00
                          0.9999970064222587E+00
                          0.9999969998485417E+00
                          0.9999969932640039E+00
                          0.9999969866686337E+00
                          0.9999969800624191E+00
                          0.9999969734453481E+00
                          0.9999969668174090E+00
                          0.9999969601785900E+00
                          0.9999969535288789E+00
                          0.9999969468682639E+00
                          0.9999969401967331E+00
                          0.9999969335142748E+00
                          0.9999969268208767E+00
                          0.9999969201165272E+00
                          0.9999969134012141E+00
                          0.9999969066749256E+00
                          0.9999968999376497E+00
                          0.9999968931893745E+00
                          0.9999968864300879E+00
                          0.9999968796597781E+00
                          0.9999968728784330E+00
                          0.9999968660860407E+00
                          0.9999968592825891E+00
                          0.9999968524680662E+00
                          0.9999968456424602E+00
                          0.9999968388057588E+00
                          0.9999968319579503E+00
                          0.9999968250990224E+00
                          0.9999968182289632E+00
                          0.9999968113477608E+00
                          0.9999968044554028E+00
                          0.9999967975518774E+00
                          0.9999967906371725E+00
                          0.9999967837112761E+00
                          0.9999967767741760E+00
                          0.9999967698258602E+00
                          0.9999967628663166E+00
                          0.9999967558955331E+00
                          0.9999967489134975E+00
                          0.9999967419201979E+00
                          0.9999967349156222E+00
                          0.9999967278997582E+00
                          0.9999967208725937E+00
                          0.9999967138341167E+00
                          0.9999967067843150E+00
                          0.9999966997231764E+00
                          0.9999966926506889E+00
                          0.9999966855668402E+00
                          0.9999966784716183E+00
                          0.9999966713650109E+00
                          0.9999966642470058E+00
                          0.9999966571175910E+00
                          0.9999966499767542E+00
                          0.9999966428244831E+00
                          0.9999966356607657E+00
                          0.9999966284855897E+00
                          0.9999966212989428E+00
                          0.9999966141008131E+00
                          0.9999966068911880E+00
                          0.9999965996700554E+00
                          0.9999965924374031E+00
                          0.9999965851932189E+00
                          0.9999965779374904E+00
                          0.9999965706702054E+00
                          0.9999965633913517E+00
                          0.9999965561009171E+00
                          0.9999965487988891E+00
                          0.9999965414852555E+00
                          0.9999965341600041E+00
                          0.9999965268231226E+00
                          0.9999965194745984E+00
                          0.9999965121144196E+00
                          0.9999965047425738E+00
                          0.9999964973590485E+00
                          0.9999964899638315E+00
                          0.9999964825569103E+00
                          0.9999964751382728E+00
                          0.9999964677079065E+00
                          0.9999964602657991E+00
                          0.9999964528119382E+00
                          0.9999964453463115E+00
                          0.9999964378689065E+00
                          0.9999964303797109E+00
                          0.9999964228787123E+00
                          0.9999964153658983E+00
                          0.9999964078412565E+00
                          0.9999964003047747E+00
                          0.9999963927564400E+00
                          0.9999963851962405E+00
                          0.9999963776241634E+00
                          0.9999963700401964E+00
                          0.9999963624443271E+00
                          0.9999963548365430E+00
                          0.9999963472168317E+00
                          0.9999963395851807E+00
                          0.9999963319415776E+00
                          0.9999963242860098E+00
                          0.9999963166184649E+00
                          0.9999963089389304E+00
                          0.9999963012473938E+00
                          0.9999962935438427E+00
                          0.9999962858282644E+00
                          0.9999962781006466E+00
                          0.9999962703609766E+00
                          0.9999962626092420E+00
                          0.9999962548454302E+00
                          0.9999962470695287E+00
                          0.9999962392815249E+00
                          0.9999962314814064E+00
                          0.9999962236691604E+00
                          0.9999962158447746E+00
                          0.9999962080082362E+00
                          0.9999962001595328E+00
                          0.9999961922986518E+00
                          0.9999961844255804E+00
                          0.9999961765403063E+00
                          0.9999961686428166E+00
                          0.9999961607330989E+00
                          0.9999961528111406E+00
                          0.9999961448769290E+00
                          0.9999961369304514E+00
                          0.9999961289716953E+00
                          0.9999961210006481E+00
                          0.9999961130172970E+00
                          0.9999961050216293E+00
                          0.9999960970136325E+00
                          0.9999960889932938E+00
                          0.9999960809606007E+00
                          0.9999960729155404E+00
                          0.9999960648581002E+00
                          0.9999960567882675E+00
                          0.9999960487060295E+00
                          0.9999960406113735E+00
                          0.9999960325042868E+00
                          0.9999960243847568E+00
                          0.9999960162527706E+00
                          0.9999960081083156E+00
                          0.9999959999513789E+00
                          0.9999959917819480E+00
                          0.9999959836000099E+00
                          0.9999959754055520E+00
                          0.9999959671985613E+00
                          0.9999959589790254E+00
                          0.9999959507469313E+00
                          0.9999959425022662E+00
                          0.9999959342450174E+00
                          0.9999959259751721E+00
                          0.9999959176927173E+00
                          0.9999959093976404E+00
                          0.9999959010899285E+00
                          0.9999958927695689E+00
                          0.9999958844365486E+00
                          0.9999958760908549E+00
                          0.9999958677324748E+00
                          0.9999958593613957E+00
                          0.9999958509776045E+00
                          0.9999958425810883E+00
                          0.9999958341718345E+00
                          0.9999958257498300E+00
                          0.9999958173150620E+00
                          0.9999958088675176E+00
                          0.9999958004071839E+00
                          0.9999957919340481E+00
                          0.9999957834480971E+00
                          0.9999957749493182E+00
                          0.9999957664376984E+00
                          0.9999957579132246E+00
                          0.9999957493758840E+00
                          0.9999957408256638E+00
                          0.9999957322625508E+00
                          0.9999957236865321E+00
                          0.9999957150975950E+00
                          0.9999957064957262E+00
                          0.9999956978809129E+00
                          0.9999956892531421E+00
                          0.9999956806124007E+00
                          0.9999956719586759E+00
