 Species molar concentration at each layer [mol/mol]
  0.9900E+00
  0.1000E-01
  0.0000E+00
  0.3375E-07
  0.9900E+00
  0.1000E-01
  0.0000E+00
  0.6315E-08
  0.9900E+00
  0.1000E-01
  0.0000E+00
  0.1190E-08
  0.9900E+00
  0.1000E-01
  0.0000E+00
  0.4846E-09
  0.9900E+00
  0.1000E-01
  0.0000E+00
  0.2834E-09
  0.9900E+00
  0.1000E-01
  0.0000E+00
  0.2061E-09
  0.9900E+00
  0.1000E-01
  0.0000E+00
  0.1710E-09
  0.9900E+00
  0.1000E-01
  0.0000E+00
  0.1710E-09
  0.9900E+00
  0.1000E-01
  0.0000E+00
  0.1710E-09
  0.9900E+00
  0.1000E-01
  0.0000E+00
  0.1710E-09
  0.9900E+00
  0.1000E-01
  0.0000E+00
  0.1710E-09
  0.9900E+00
  0.1000E-01
  0.0000E+00
  0.1710E-09
  0.9900E+00
  0.1000E-01
  0.0000E+00
  0.1710E-09
  0.9900E+00
  0.1000E-01
  0.0000E+00
  0.1710E-09
  0.9900E+00
  0.1000E-01
  0.0000E+00
  0.1710E-09
  0.9900E+00
  0.1000E-01
  0.0000E+00
  0.1710E-09
  0.9900E+00
  0.1000E-01
  0.0000E+00
  0.1710E-09
  0.9900E+00
  0.1000E-01
  0.0000E+00
  0.1710E-09
  0.9900E+00
  0.1000E-01
  0.0000E+00
  0.1710E-09
  0.9900E+00
  0.1000E-01
  0.0000E+00
  0.1710E-09
  0.9900E+00
  0.1000E-01
  0.0000E+00
  0.1710E-09
  0.9900E+00
  0.1000E-01
  0.0000E+00
  0.1710E-09
  0.9900E+00
  0.1000E-01
  0.0000E+00
  0.1710E-09
  0.9900E+00
  0.1000E-01
  0.0000E+00
  0.1710E-09
  0.9900E+00
  0.1000E-01
  0.0000E+00
  0.1710E-09
  0.9900E+00
  0.1000E-01
  0.0000E+00
  0.1710E-09
  0.9900E+00
  0.1000E-01
  0.0000E+00
  0.1710E-09
  0.9900E+00
  0.1000E-01
  0.0000E+00
  0.1710E-09
  0.9900E+00
  0.1000E-01
  0.0000E+00
  0.1710E-09
  0.9900E+00
  0.1000E-01
  0.0000E+00
  0.1710E-09
  0.9900E+00
  0.1000E-01
  0.0000E+00
  0.1710E-09
  0.9900E+00
  0.1000E-01
  0.0000E+00
  0.1710E-09
  0.9900E+00
  0.1000E-01
  0.0000E+00
  0.1710E-09
  0.9900E+00
  0.1000E-01
  0.0000E+00
  0.1710E-09
  0.9900E+00
  0.1000E-01
  0.0000E+00
  0.1710E-09
  0.9900E+00
  0.1000E-01
  0.0000E+00
  0.1710E-09
  0.9900E+00
  0.1000E-01
  0.0000E+00
  0.1710E-09
  0.9900E+00
  0.1000E-01
  0.0000E+00
  0.1710E-09
  0.9900E+00
  0.1000E-01
  0.0000E+00
  0.1710E-09
  0.9900E+00
  0.1000E-01
  0.0000E+00
  0.1710E-09
  0.9900E+00
  0.1000E-01
  0.0000E+00
  0.1710E-09
  0.9900E+00
  0.1000E-01
  0.0000E+00
  0.1710E-09
  0.9900E+00
  0.1000E-01
  0.0000E+00
  0.1710E-09
  0.9900E+00
  0.1000E-01
  0.0000E+00
  0.1710E-09
  0.9900E+00
  0.1000E-01
  0.0000E+00
  0.1710E-09
  0.9900E+00
  0.1000E-01
  0.0000E+00
  0.1710E-09
  0.9900E+00
  0.1000E-01
  0.0000E+00
  0.1710E-09
  0.9900E+00
  0.1000E-01
  0.0000E+00
  0.1710E-09
  0.9900E+00
  0.1000E-01
  0.0000E+00
  0.1710E-09
  0.9900E+00
  0.1000E-01
  0.0000E+00
  0.1710E-09
