 Surface temperature vs. time [K]
    270.0000
    285.6156
    300.7703
    315.2584
    329.0561
    342.2136
    354.6446
    366.1598
    376.3773
    384.8715
    391.5073
    396.5279
    400.3597
    403.3713
    405.8137
    407.8464
    409.5671
    411.0464
    412.3277
    413.4460
    414.4320
    415.2973
    416.0593
    416.7350
    417.3372
    417.8740
    418.3528
    418.7781
    419.1542
    419.4895
    419.7907
    420.0588
    420.2973
    420.5112
    420.7016
    420.8710
    421.0230
    421.1578
    421.2768
    421.3832
    421.4766
    421.5581
    421.6302
    421.6922
    421.7450
    421.7908
    421.8290
    421.8602
    421.8862
    421.9062
    421.9222
    421.9331
    421.9394
    421.9427
    421.9421
    421.9379
    421.9316
    421.9222
    421.9112
    421.9000
    421.8862
    421.8712
    421.8563
    421.8403
    421.8245
    421.8078
    421.7892
    421.7720
    421.7531
    421.7346
    421.7155
    421.6969
    421.6789
    421.6634
    421.6472
    421.6325
    421.6181
    421.6031
    421.5894
    421.5760
    421.5638
    421.5518
    421.5411
    421.5295
    421.5198
    421.5104
    421.5010
    421.4925
    421.4832
    421.4756
    421.4665
    421.4574
    421.4492
    421.4402
    421.4322
    421.4242
    421.4172
    421.4093
    421.4011
    421.3945
    421.3873
    421.3814
    421.3754
    421.3702
    421.3641
    421.3569
    421.3508
    421.3436
    421.3376
    421.3304
    421.3224
    421.3154
    421.3075
    421.3006
    421.2929
    421.2861
    421.2785
    421.2702
    421.2625
    421.2545
    421.2473
    421.2398
    421.2332
    421.2261
    421.2185
    421.2119
    421.2047
    421.1986
    421.1918
    421.1860
    421.1800
    421.1737
    421.1686
    421.1629
    421.1581
    421.1526
    421.1466
    421.1418
    421.1361
    421.1316
    421.1262
    421.1219
    421.1167
    421.1112
    421.1063
    421.1010
    421.0967
    421.0917
    421.0876
    421.0828
    421.0774
    421.0728
    421.0677
    421.0634
    421.0584
    421.0543
    421.0496
    421.0442
    421.0396
    421.0345
    421.0302
    421.0252
    421.0211
    421.0163
    421.0110
    421.0068
    421.0023
    420.9983
    420.9939
    420.9900
    420.9858
    420.9806
    420.9765
    420.9716
    420.9681
    420.9633
    420.9599
    420.9552
    420.9506
    420.9461
    420.9416
    420.9373
    420.9330
    420.9292
    420.9250
    420.9200
    420.9159
    420.9111
    420.9072
    420.9025
    420.8974
    420.8929
    420.8881
    420.8837
    420.8790
    420.8749
    420.8703
    420.8663
    420.8619
    420.8567
    420.8525
    420.8475
    420.8434
    420.8386
    420.8347
    420.8300
    420.8253
    420.8213
    420.8168
    420.8129
    420.8085
    420.8048
    420.8005
    420.7959
    420.7918
    420.7873
    420.7834
    420.7790
    420.7752
    420.7710
    420.7659
    420.7619
    420.7569
    420.7531
    420.7487
    420.7449
    420.7406
    420.7357
    420.7315
    420.7267
    420.7227
    420.7181
    420.7143
    420.7097
    420.7047
    420.7003
    420.6955
    420.6913
    420.6866
    420.6825
    420.6778
    420.6726
    420.6680
    420.6628
    420.6582
    420.6530
    420.6488
    420.6437
    420.6396
    420.6345
    420.6290
    420.6239
    420.6185
    420.6139
    420.6086
    420.6044
    420.5996
    420.5960
    420.5919
    420.5871
    420.5830
    420.5781
    420.5740
    420.5691
    420.5650
    420.5602
    420.5548
    420.5499
    420.5445
    420.5397
    420.5344
    420.5295
    420.5242
    420.5195
    420.5142
    420.5081
    420.5029
    420.4969
    420.4917
    420.4862
    420.4814
    420.4759
    420.4712
    420.4657
    420.4610
    420.4556
    420.4500
    420.4446
    420.4391
    420.4341
    420.4286
    420.4236
    420.4182
    420.4132
    420.4078
    420.4016
    420.3962
    420.3900
    420.3847
    420.3789
    420.3740
    420.3683
    420.3634
    420.3578
    420.3529
    420.3472
    420.3411
    420.3354
    420.3293
    420.3237
    420.3177
    420.3121
    420.3061
    420.3006
    420.2946
    420.2895
    420.2835
    420.2772
    420.2713
    420.2650
    420.2595
    420.2533
    420.2478
    420.2416
    420.2361
    420.2299
    420.2245
    420.2183
    420.2129
    420.2068
    420.2001
    420.1940
    420.1874
    420.1813
    420.1748
    420.1687
    420.1622
    420.1566
    420.1504
    420.1454
    420.1397
    420.1346
    420.1289
    420.1226
    420.1168
    420.1105
    420.1048
    420.0989
    420.0932
    420.0873
    420.0815
    420.0756
    420.0698
    420.0639
    420.0581
    420.0522
    420.0464
    420.0405
    420.0335
    420.0275
    420.0205
    420.0146
    420.0076
    420.0016
    419.9950
    419.9894
    419.9828
    419.9772
    419.9706
    419.9654
    419.9587
    419.9535
    419.9475
    419.9411
    419.9351
    419.9286
    419.9226
    419.9161
    419.9101
    419.9039
    419.8978
    419.8915
    419.8853
    419.8789
    419.8726
    419.8661
    419.8586
    419.8520
    419.8443
    419.8377
    419.8300
    419.8232
    419.8158
    419.8089
    419.8014
    419.7945
    419.7875
    419.7812
    419.7741
    419.7666
    419.7598
    419.7522
    419.7453
    419.7376
    419.7305
    419.7228
    419.7156
    419.7078
    419.7005
    419.6925
    419.6852
    419.6771
    419.6697
    419.6619
    419.6543
    419.6464
    419.6387
    419.6307
    419.6222
    419.6141
    419.6055
    419.5972
    419.5883
    419.5797
    419.5706
    419.5618
    419.5528
    419.5441
    419.5348
    419.5258
    419.5163
    419.5070
    419.4976
    419.4883
    419.4802
    419.4720
    419.4630
    419.4546
    419.4453
    419.4365
    419.4269
    419.4179
    419.4090
    419.3996
    419.3904
    419.3807
    419.3712
    419.3612
    419.3513
    419.3413
    419.3317
    419.3214
    419.3114
    419.3011
    419.2908
    419.2801
    419.2694
    419.2584
    419.2474
    419.2360
    419.2246
    419.2129
    419.2014
    419.1895
    419.1776
    419.1666
    419.1547
    419.1432
    419.1309
    419.1190
    419.1065
    419.0937
    419.0807
    419.0674
    419.0547
    419.0410
    419.0279
    419.0138
    419.0005
    418.9864
    418.9730
    418.9599
    418.9461
    418.9325
    418.9181
    418.9040
    418.8891
    418.8748
    418.8602
    418.8445
    418.8296
    418.8137
    418.7982
    418.7823
    418.7663
    418.7497
    418.7330
    418.7159
    418.6995
    418.6824
