 Flux gradient shortwave
       -0.2612
       -0.3655
       -0.5161
       -0.7147
       -0.9508
       -1.2161
       -1.4948
       -1.7631
       -1.9995
       -2.1987
       -2.3763
       -2.5623
       -2.7900
       -3.1035
       -3.5927
       -4.4581
       -6.0860
       -8.5647
      -10.2805
       -7.7233
       -6.0300
       -5.2477
       -4.9783
       -5.0009
       -5.2236
       -5.6631
       -6.3518
       -7.1929
       -8.4473
      -10.5105
      -11.6979
      -11.0743
       -7.3189
       -4.2717
       -3.1127
       -2.5258
       -2.1738
       -1.9596
       -1.8071
       -1.6852
       -1.6343
       -1.7529
       -1.9056
       -1.7224
       -1.3158
       -1.5864
       -1.6584
       -0.8940
       -0.3665
       -0.0065
