 Shortwave heating rate [K/s]
  0.2559E-03
  0.2474E-03
  0.2271E-03
  0.1917E-03
  0.1634E-03
  0.1449E-03
  0.1266E-03
  0.1122E-03
  0.1047E-03
  0.1025E-03
  0.1042E-03
  0.1066E-03
  0.1094E-03
  0.1129E-03
  0.1170E-03
  0.1219E-03
  0.1272E-03
  0.1326E-03
  0.1381E-03
  0.1437E-03
  0.1497E-03
  0.1567E-03
  0.1652E-03
  0.1758E-03
  0.1891E-03
  0.2068E-03
  0.2312E-03
  0.2638E-03
  0.3044E-03
  0.3495E-03
  0.3941E-03
  0.4333E-03
  0.4640E-03
  0.4852E-03
  0.4981E-03
  0.5081E-03
  0.5402E-03
  0.6646E-03
  0.9552E-03
  0.1375E-02
  0.1777E-02
  0.1996E-02
  0.1997E-02
  0.2170E-02
  0.2519E-02
  0.3063E-02
  0.4837E-02
  0.5557E-02
  0.5712E-02
  0.5778E-02
