 Spectral ground shortwave flux [W/m2/cm^-1]
  0.0000E+00
  0.1694E-09
  0.7213E-12
  0.0000E+00
  0.0000E+00
  0.0000E+00
  0.0000E+00
  0.0000E+00
  0.0000E+00
  0.0000E+00
  0.0000E+00
  0.0000E+00
  0.0000E+00
  0.6633E-17
  0.4990E-25
  0.0000E+00
  0.5345E-05
  0.3376E-10
  0.8175E-04
  0.6066E-04
  0.4421E-04
  0.3940E-09
  0.8851E-07
  0.0000E+00
  0.0000E+00
  0.0000E+00
  0.0000E+00
  0.0000E+00
  0.0000E+00
  0.0000E+00
  0.0000E+00
  0.4492E-04
  0.5319E-06
  0.1794E-03
  0.4205E-03
  0.4776E-03
  0.5190E-03
  0.4324E-03
  0.2238E-05
  0.9040E-04
  0.6520E-03
  0.5863E-03
  0.8892E-04
  0.1693E-04
  0.6270E-03
  0.8363E-03
  0.6863E-03
  0.8849E-03
  0.9324E-03
  0.8680E-03
  0.4472E-03
  0.5303E-03
  0.9856E-03
  0.9758E-03
  0.4181E-03
  0.6874E-04
  0.1639E-03
  0.1680E-03
  0.1784E-06
  0.1500E-21
  0.3754E-21
  0.1161E-12
  0.2736E-07
  0.0000E+00
  0.9121E-04
  0.7515E-08
  0.0000E+00
  0.4314E-09
  0.2882E-21
  0.7922E-05
  0.1003E-20
  0.3706E-04
  0.3715E-05
  0.5147E-04
  0.1009E-02
  0.7859E-03
  0.8760E-14
  0.1115E-03
  0.8165E-03
  0.9434E-03
  0.1424E-02
  0.2150E-05
  0.0000E+00
  0.0000E+00
  0.5985E-11
  0.4195E-03
  0.1674E-02
  0.1876E-02
  0.1090E-02
  0.0000E+00
  0.0000E+00
  0.0000E+00
  0.0000E+00
  0.0000E+00
  0.0000E+00
  0.0000E+00
  0.2268E-16
  0.3173E-02
  0.2826E-02
  0.2985E-02
  0.1213E-02
  0.3287E-02
  0.3521E-02
  0.2759E-02
  0.6488E-03
  0.3020E-03
  0.3602E-02
  0.3931E-02
  0.4025E-02
  0.3969E-02
  0.3836E-02
  0.3375E-02
  0.4216E-02
  0.4082E-02
  0.4427E-02
  0.4541E-02
  0.4446E-02
  0.4653E-02
  0.4619E-02
  0.4300E-02
  0.4414E-02
  0.4544E-02
  0.4348E-02
  0.1528E-02
  0.1520E-03
  0.3112E-02
  0.4132E-02
  0.1645E-02
  0.4541E-02
  0.3253E-05
  0.4874E-02
  0.3964E-02
  0.4364E-02
  0.8738E-04
  0.3242E-23
  0.1969E-02
  0.3979E-02
  0.1994E-02
  0.1151E-02
  0.3359E-04
  0.0000E+00
  0.1103E-21
  0.0000E+00
  0.0000E+00
  0.0000E+00
  0.0000E+00
  0.0000E+00
  0.0000E+00
  0.0000E+00
  0.0000E+00
  0.0000E+00
  0.2678E-12
  0.0000E+00
  0.7424E-16
  0.0000E+00
  0.7001E-04
  0.7145E-09
  0.4113E-03
  0.2187E-07
  0.2578E-02
  0.1645E-02
  0.3035E-02
  0.5836E-02
  0.5396E-02
  0.5639E-02
  0.5581E-02
  0.5636E-02
  0.6117E-02
  0.5621E-02
  0.6445E-02
  0.6023E-02
  0.7254E-02
  0.6559E-02
  0.7789E-02
  0.7204E-02
  0.8772E-02
  0.8850E-02
  0.5693E-02
  0.9027E-02
  0.8931E-02
  0.9048E-02
  0.9064E-02
  0.8976E-02
  0.8961E-02
  0.8296E-02
  0.1510E-02
  0.5724E-08
  0.8775E-02
  0.8991E-02
  0.5064E-02
  0.8205E-03
  0.1636E-03
  0.1067E-12
  0.0000E+00
  0.6984E-07
  0.0000E+00
  0.1165E-23
  0.1120E-09
  0.0000E+00
  0.0000E+00
  0.0000E+00
  0.4587E-02
  0.1873E-02
  0.1297E-20
  0.0000E+00
  0.0000E+00
  0.3752E-02
  0.2493E-02
  0.4121E-02
  0.2091E-02
  0.7891E-03
  0.5852E-02
  0.5693E-03
  0.7332E-06
  0.4094E-09
  0.1080E-02
  0.6897E-05
  0.0000E+00
  0.6982E-02
  0.7779E-02
  0.3692E-04
  0.1032E-01
  0.7551E-02
  0.1159E-01
  0.1030E-01
  0.1115E-01
  0.1193E-01
  0.1093E-01
  0.1167E-01
  0.1195E-01
  0.1174E-01
  0.1141E-01
  0.1204E-01
  0.1154E-01
  0.1052E-01
  0.1157E-01
  0.1214E-01
  0.1116E-01
  0.1155E-01
  0.1121E-01
  0.1082E-01
  0.1082E-01
  0.1004E-01
  0.9197E-02
  0.7907E-02
  0.1105E-01
  0.9777E-02
  0.7290E-02
  0.9879E-03
  0.1028E-02
  0.6552E-03
  0.1018E-01
  0.7525E-02
  0.0000E+00
  0.2355E-04
  0.7452E-02
  0.1055E-01
  0.1055E-01
  0.1085E-01
  0.8232E-02
  0.7666E-02
  0.4819E-02
  0.9519E-02
  0.9978E-02
  0.9460E-02
  0.1001E-01
  0.8915E-02
  0.1979E-02
  0.8830E-02
  0.7130E-02
  0.8975E-03
  0.8761E-02
  0.2378E-05
  0.8487E-02
  0.7692E-02
  0.7187E-02
  0.3019E-02
  0.8492E-07
  0.4805E-07
  0.4072E-12
  0.1123E-02
  0.6140E-02
  0.1874E-04
  0.4618E-02
  0.3487E-05
  0.5830E-02
  0.6527E-02
  0.1690E-02
  0.7175E-04
  0.9966E-03
  0.2809E-03
  0.6020E-02
  0.1351E-02
  0.4909E-03
  0.3285E-28
  0.6550E-03
  0.2714E-02
  0.4690E-02
  0.7262E-02
  0.4944E-02
  0.3433E-02
  0.7900E-02
  0.8093E-02
  0.6544E-02
  0.6101E-02
  0.7067E-02
  0.7979E-02
  0.8058E-02
  0.7869E-02
  0.2296E-02
  0.7218E-02
  0.7542E-02
  0.7568E-02
  0.7759E-02
  0.7564E-02
  0.7461E-02
  0.7467E-02
  0.7453E-02
  0.7239E-02
  0.7086E-02
  0.7529E-02
  0.7241E-02
  0.7217E-02
  0.7091E-02
  0.6823E-02
  0.6652E-02
  0.6990E-02
  0.4103E-04
  0.7708E-29
  0.7006E-02
  0.5806E-02
  0.4726E-02
  0.2283E-03
  0.6646E-02
  0.6503E-02
  0.6936E-02
  0.6618E-02
  0.6954E-02
  0.6583E-02
  0.6554E-02
  0.6745E-02
  0.6537E-02
  0.6517E-02
  0.6645E-02
  0.6459E-02
  0.6440E-02
  0.6234E-02
  0.3454E-04
  0.4919E-02
  0.4436E-06
  0.3482E-02
  0.6137E-02
  0.5309E-02
  0.1004E-04
  0.4611E-02
  0.5197E-02
  0.4972E-02
  0.5776E-02
  0.3639E-02
  0.5897E-02
  0.5899E-02
  0.5798E-02
  0.5470E-02
  0.5653E-02
  0.5884E-02
  0.6014E-02
  0.6006E-02
  0.5794E-02
  0.5532E-02
  0.5825E-02
  0.5865E-02
  0.5777E-02
  0.5491E-02
  0.5676E-02
  0.5943E-02
  0.3910E-02
  0.5787E-02
  0.5786E-02
  0.5693E-02
  0.5728E-02
  0.5661E-02
  0.3881E-02
  0.5676E-02
  0.5597E-02
  0.5497E-02
  0.5503E-02
  0.5522E-02
  0.5482E-02
  0.5515E-02
  0.5453E-02
  0.5524E-02
  0.5393E-02
  0.5317E-02
  0.5342E-02
  0.5239E-02
  0.5298E-02
  0.5232E-02
  0.5181E-02
  0.5119E-02
  0.5163E-02
  0.5083E-02
  0.5102E-02
  0.5044E-02
  0.5009E-02
  0.5132E-02
  0.5162E-02
  0.4985E-02
  0.5042E-02
  0.4911E-02
  0.4806E-02
  0.4621E-02
  0.4528E-02
  0.4685E-02
  0.4718E-02
  0.4508E-02
  0.4699E-02
  0.4609E-02
  0.4706E-02
  0.4631E-02
  0.3899E-02
  0.4461E-02
  0.3912E-02
  0.3993E-02
  0.4289E-02
  0.3843E-02
  0.3464E-02
  0.3008E-02
  0.4015E-02
  0.3949E-02
  0.2080E-02
  0.3052E-02
  0.3936E-02
  0.4077E-02
  0.4145E-02
  0.4032E-02
  0.4386E-02
  0.4229E-02
  0.4291E-02
  0.4421E-02
  0.4374E-02
  0.4218E-02
  0.3930E-02
  0.4176E-02
  0.3949E-02
  0.3999E-02
  0.3879E-02
  0.4159E-02
  0.3923E-02
  0.4036E-02
  0.4012E-02
  0.3909E-02
  0.3851E-02
  0.4113E-02
  0.4023E-02
  0.3953E-02
  0.4027E-02
  0.3859E-02
  0.3977E-02
  0.3847E-02
  0.3815E-02
  0.3463E-02
  0.3366E-02
  0.3701E-02
  0.3726E-02
  0.3535E-02
  0.3497E-02
  0.3329E-02
  0.3436E-02
  0.2867E-02
  0.2992E-02
  0.2928E-02
  0.3173E-02
  0.3061E-02
  0.3037E-02
  0.3091E-02
  0.3458E-02
  0.3302E-02
  0.3288E-02
  0.3333E-02
  0.3354E-02
  0.3208E-02
  0.3225E-02
  0.3437E-02
  0.3361E-02
  0.3447E-02
  0.3379E-02
  0.3444E-02
  0.3125E-02
  0.3176E-02
  0.3355E-02
  0.3376E-02
  0.3252E-02
  0.3150E-02
  0.3064E-02
  0.3034E-02
  0.2939E-02
  0.3211E-02
  0.3055E-02
  0.3091E-02
  0.3059E-02
  0.2861E-02
  0.2927E-02
  0.2902E-02
  0.2706E-02
  0.2764E-02
  0.2569E-02
  0.2706E-02
  0.2706E-02
  0.2665E-02
  0.2553E-02
  0.2393E-02
  0.2557E-02
  0.2513E-02
  0.2384E-02
  0.2448E-02
  0.2272E-02
  0.2190E-02
  0.2425E-02
  0.2212E-02
  0.2156E-02
  0.2252E-02
  0.2053E-02
  0.2433E-02
  0.2415E-02
  0.2457E-02
  0.2419E-02
  0.2559E-02
  0.2665E-02
  0.2791E-02
  0.2777E-02
  0.2762E-02
  0.2727E-02
  0.2638E-02
  0.2598E-02
  0.2624E-02
  0.2508E-02
  0.2510E-02
  0.2491E-02
  0.2495E-02
  0.2399E-02
  0.2396E-02
  0.2324E-02
  0.2493E-02
  0.2039E-02
  0.2184E-02
  0.2170E-02
  0.1964E-02
  0.1902E-02
  0.1833E-02
  0.1732E-02
  0.1690E-02
  0.1584E-02
  0.1306E-02
  0.1192E-02
  0.1148E-02
  0.7422E-03
  0.1169E-02
  0.1138E-02
  0.9994E-03
  0.8234E-03
  0.7800E-03
  0.9164E-03
  0.1005E-02
  0.8370E-03
  0.9554E-03
  0.1021E-02
  0.9301E-03
  0.1155E-02
  0.1152E-02
  0.1035E-02
  0.9037E-03
  0.7778E-03
  0.8686E-03
  0.7380E-03
  0.6175E-03
  0.5891E-03
  0.5142E-03
  0.7029E-03
  0.9510E-03
  0.8736E-03
  0.8186E-03
  0.9335E-03
  0.8931E-03
  0.8089E-03
  0.8859E-03
  0.8231E-03
  0.7248E-03
  0.7310E-03
  0.7014E-03
  0.6288E-03
  0.7266E-03
  0.7095E-03
  0.5959E-03
  0.6537E-03
  0.5873E-03
  0.6034E-03
  0.6521E-03
  0.7126E-03
  0.5721E-03
  0.7305E-03
  0.5980E-03
  0.5509E-03
  0.6753E-03
  0.5483E-03
  0.5239E-03
  0.5635E-03
  0.4928E-03
  0.4174E-03
  0.3950E-03
  0.3530E-03
  0.3127E-03
  0.2985E-03
  0.2945E-03
  0.2585E-03
  0.2460E-03
  0.2446E-03
  0.2571E-03
  0.3323E-03
  0.5407E-03
  0.4663E-03
  0.4498E-03
  0.4068E-03
  0.3367E-03
  0.3337E-03
  0.3390E-03
  0.2821E-03
  0.2693E-03
  0.2986E-03
  0.2890E-03
  0.2525E-03
  0.3490E-03
  0.4059E-03
  0.3492E-03
  0.3454E-03
  0.2797E-03
  0.2892E-03
  0.2796E-03
  0.2362E-03
  0.2322E-03
  0.2460E-03
  0.2277E-03
  0.2062E-03
  0.2956E-03
  0.3072E-03
  0.3570E-03
  0.3714E-03
  0.3422E-03
  0.3281E-03
  0.3228E-03
  0.3559E-03
  0.4208E-03
  0.3619E-03
  0.4988E-03
  0.4790E-03
  0.4670E-03
  0.4294E-03
  0.3850E-03
  0.4229E-03
  0.3984E-03
  0.3782E-03
  0.3796E-03
  0.4259E-03
  0.3914E-03
  0.3544E-03
  0.4633E-03
  0.4845E-03
  0.5136E-03
  0.4411E-03
  0.4773E-03
  0.4423E-03
  0.4311E-03
  0.3831E-03
  0.4210E-03
  0.4182E-03
  0.4110E-03
  0.3666E-03
  0.4233E-03
  0.4220E-03
  0.4601E-03
  0.4682E-03
  0.5063E-03
  0.5363E-03
  0.5152E-03
  0.5647E-03
  0.6696E-03
  0.6289E-03
  0.6321E-03
  0.5683E-03
  0.5907E-03
  0.5863E-03
  0.5038E-03
  0.3896E-03
  0.5248E-03
  0.4440E-03
  0.4032E-03
  0.3835E-03
  0.4218E-03
  0.4247E-03
  0.3769E-03
  0.4456E-03
  0.3884E-03
  0.3584E-03
  0.4568E-03
  0.4101E-03
  0.3805E-03
  0.3177E-03
  0.2599E-03
  0.3199E-03
  0.2383E-03
  0.2532E-03
  0.2982E-03
  0.2862E-03
  0.2713E-03
  0.2773E-03
  0.2503E-03
  0.2843E-03
  0.2847E-03
  0.3217E-03
  0.2923E-03
  0.2497E-03
  0.3536E-03
  0.3930E-03
  0.3319E-03
  0.3261E-03
  0.3443E-03
  0.2506E-03
  0.2433E-03
  0.2737E-03
  0.3029E-03
  0.2896E-03
  0.2312E-03
  0.2191E-03
  0.2493E-03
  0.1790E-03
  0.2839E-03
  0.3252E-03
  0.2603E-03
  0.3469E-03
  0.3429E-03
  0.2367E-03
  0.3044E-03
  0.2521E-03
  0.2817E-03
  0.3402E-03
  0.2720E-03
  0.3077E-03
  0.3659E-03
  0.3349E-03
  0.2771E-03
  0.3045E-03
  0.1929E-03
  0.3035E-03
  0.3459E-03
  0.3911E-03
  0.3229E-03
  0.3286E-03
  0.3433E-03
  0.3233E-03
  0.1706E-03
  0.1679E-03
  0.2704E-03
  0.1906E-03
  0.1900E-03
  0.2841E-03
  0.2522E-03
  0.2338E-03
  0.2130E-03
  0.1377E-03
  0.1382E-03
  0.1688E-03
  0.1105E-03
  0.1019E-03
  0.1034E-03
  0.5811E-04
  0.1713E-03
  0.2218E-03
  0.1250E-03
  0.1836E-03
  0.1639E-03
  0.1382E-03
  0.1293E-03
  0.1619E-03
  0.1354E-03
  0.1805E-03
  0.1366E-03
  0.1234E-03
  0.1370E-03
  0.1407E-03
  0.1301E-03
  0.1450E-03
  0.1653E-03
  0.1189E-03
  0.1913E-03
  0.1321E-03
  0.1592E-03
  0.1486E-03
  0.1100E-03
  0.9430E-04
  0.1080E-03
  0.1192E-03
  0.1454E-03
  0.1311E-03
  0.1092E-03
  0.1061E-03
  0.1216E-03
  0.9343E-04
  0.1108E-03
  0.2390E-03
  0.2656E-03
  0.2031E-03
  0.2454E-03
  0.2479E-03
  0.1838E-03
  0.2646E-03
  0.2307E-03
  0.2156E-03
  0.2183E-03
  0.1854E-03
  0.1467E-03
  0.1494E-03
  0.1273E-03
  0.1323E-03
  0.1423E-03
  0.1245E-03
  0.1125E-03
  0.1313E-03
  0.1250E-03
  0.1208E-03
  0.1111E-03
  0.9705E-04
  0.9867E-04
  0.5630E-04
  0.8817E-04
  0.9692E-04
  0.1158E-03
  0.1133E-03
  0.9948E-04
  0.1243E-03
  0.8624E-04
  0.7221E-04
  0.1240E-03
  0.1608E-03
  0.1775E-03
  0.1167E-03
  0.1598E-03
  0.9528E-04
  0.1332E-03
  0.1457E-03
  0.1611E-03
  0.1020E-03
  0.1384E-03
  0.1600E-03
  0.1225E-03
  0.1321E-03
  0.8275E-04
  0.1081E-03
  0.8954E-04
  0.1248E-03
  0.1548E-03
  0.1126E-03
  0.6779E-04
  0.9794E-04
  0.8683E-04
  0.7461E-04
  0.1039E-03
  0.1145E-03
  0.1179E-03
  0.1318E-03
  0.7233E-04
  0.7156E-04
  0.8547E-04
  0.8887E-04
  0.9901E-04
  0.7562E-04
  0.1124E-03
  0.1099E-03
  0.9864E-04
  0.1169E-03
  0.8361E-04
  0.5821E-04
  0.8567E-04
  0.7451E-04
  0.7987E-04
  0.4769E-04
  0.7327E-04
  0.9791E-04
  0.9198E-04
  0.1033E-03
  0.1055E-03
  0.7547E-04
  0.6868E-04
  0.7922E-04
  0.6181E-04
  0.7043E-04
  0.4221E-04
  0.6899E-04
  0.4897E-04
  0.2930E-04
  0.5608E-04
  0.7500E-04
  0.6514E-04
  0.3082E-04
  0.6079E-04
  0.3890E-04
  0.5055E-04
  0.5603E-04
  0.6044E-04
  0.2763E-04
  0.5083E-04
  0.5930E-04
  0.3980E-04
  0.3090E-04
  0.2531E-04
  0.4263E-04
  0.4091E-04
  0.6012E-04
  0.7326E-04
  0.5234E-04
  0.4611E-04
  0.6183E-04
  0.4120E-04
  0.3652E-04
  0.5927E-04
  0.4328E-04
  0.2552E-04
  0.3833E-04
  0.4115E-04
  0.3224E-04
  0.1770E-04
  0.2449E-04
  0.1928E-04
  0.2324E-04
  0.1150E-04
  0.2090E-04
  0.2169E-04
  0.8696E-05
  0.1671E-04
  0.2966E-04
  0.2570E-04
  0.1268E-04
  0.1107E-04
  0.2748E-04
  0.3367E-04
  0.1793E-04
  0.1086E-04
  0.6908E-05
  0.4378E-05
  0.1349E-04
  0.1242E-04
  0.2130E-04
  0.3796E-04
  0.9388E-05
  0.1729E-04
  0.2684E-04
  0.1858E-04
  0.3013E-04
  0.2767E-04
  0.1555E-04
  0.1848E-04
  0.1429E-04
  0.1712E-04
  0.2965E-04
  0.2498E-04
  0.1182E-04
  0.2402E-04
  0.1614E-04
  0.1223E-04
  0.1002E-04
  0.2245E-04
  0.2948E-04
  0.1328E-04
  0.1784E-04
  0.1531E-04
  0.2375E-04
  0.1438E-04
  0.1867E-04
  0.1592E-04
  0.2435E-04
  0.2395E-04
  0.1664E-04
  0.1028E-04
  0.1380E-04
  0.1137E-04
  0.1140E-04
  0.1132E-04
  0.9810E-05
  0.1185E-04
  0.1070E-04
  0.6270E-05
  0.1121E-04
  0.1013E-04
  0.2413E-05
  0.7358E-05
  0.1019E-04
  0.1681E-04
  0.2048E-04
  0.1581E-04
  0.1391E-04
  0.1079E-04
  0.1037E-04
  0.1068E-04
  0.1318E-04
  0.8185E-05
  0.7333E-05
  0.4121E-05
  0.4345E-05
  0.2484E-05
  0.8266E-06
  0.1769E-05
  0.1644E-05
  0.2582E-05
  0.4721E-05
  0.2854E-05
  0.2373E-05
  0.1982E-05
  0.1540E-05
  0.4787E-06
  0.8314E-06
  0.1795E-05
  0.1568E-05
  0.2266E-05
  0.4157E-05
  0.4079E-05
  0.1537E-05
  0.2893E-05
  0.1109E-05
  0.1932E-05
  0.2831E-05
  0.1388E-05
  0.1732E-05
  0.1591E-05
  0.1364E-05
  0.2875E-05
  0.3127E-05
  0.1537E-05
  0.1068E-05
  0.6628E-06
  0.1933E-05
  0.2341E-05
  0.2575E-05
  0.2680E-05
  0.1452E-05
  0.1669E-05
  0.1529E-05
  0.1475E-05
  0.5459E-06
  0.7559E-06
  0.1431E-05
  0.2695E-05
  0.4366E-05
  0.2599E-05
  0.4049E-05
  0.1254E-05
  0.2527E-05
  0.2986E-05
  0.1353E-05
  0.4794E-05
  0.3761E-05
  0.2727E-05
  0.2801E-05
  0.2629E-05
  0.1280E-05
  0.1575E-05
  0.9229E-06
  0.1900E-05
  0.1223E-05
  0.4228E-06
  0.3553E-06
  0.6642E-06
  0.4771E-06
  0.3379E-06
  0.6234E-06
  0.7348E-06
  0.8214E-06
  0.2575E-06
  0.4338E-06
  0.1092E-05
  0.1444E-05
  0.6105E-06
  0.5732E-06
  0.2637E-05
  0.2324E-05
  0.1271E-05
  0.2692E-05
  0.6026E-06
  0.1422E-05
  0.6354E-06
  0.1130E-05
  0.1199E-05
  0.9381E-06
  0.2136E-05
  0.1635E-05
  0.2118E-05
  0.1108E-05
  0.1105E-05
  0.8325E-06
  0.6629E-06
  0.8640E-06
  0.1550E-05
  0.8373E-06
  0.8110E-06
  0.6318E-06
  0.1749E-05
  0.9808E-06
  0.5166E-06
  0.7005E-06
  0.6689E-06
  0.5423E-06
  0.3541E-06
  0.3241E-06
  0.7509E-06
  0.5939E-06
  0.2214E-06
  0.4224E-06
  0.3107E-06
  0.3525E-06
  0.1798E-06
  0.2014E-06
  0.4691E-06
  0.4604E-06
  0.4739E-06
  0.3702E-06
  0.6410E-06
  0.8017E-06
  0.3737E-06
  0.9284E-06
  0.7677E-06
  0.3472E-06
  0.9471E-06
  0.1524E-05
  0.4444E-06
  0.6435E-06
  0.6928E-06
  0.3897E-06
  0.1507E-06
  0.3671E-06
  0.4354E-06
  0.2032E-06
  0.3428E-06
  0.6004E-06
  0.6350E-06
  0.4321E-06
  0.2408E-06
  0.1395E-06
  0.3008E-06
  0.1327E-06
  0.4179E-06
  0.2697E-06
  0.5665E-06
  0.3494E-06
  0.8375E-07
  0.2532E-06
  0.2830E-06
  0.1299E-06
  0.1533E-06
  0.1991E-06
  0.1845E-06
  0.2712E-06
  0.2212E-06
  0.1733E-06
  0.1008E-06
  0.7219E-07
  0.8547E-07
  0.1724E-06
  0.1684E-06
  0.2932E-06
  0.3020E-06
  0.2766E-06
  0.1762E-06
  0.2813E-06
  0.1577E-06
  0.4843E-07
  0.2478E-06
  0.2131E-06
  0.1485E-06
  0.2193E-06
  0.1613E-06
  0.2577E-06
  0.9289E-07
  0.1344E-06
  0.2633E-06
  0.1475E-06
  0.1849E-06
  0.1545E-06
  0.1565E-06
  0.9253E-07
  0.7946E-07
  0.1105E-06
  0.1635E-06
  0.7108E-07
  0.1086E-06
  0.1025E-06
  0.2031E-06
  0.9512E-07
  0.1332E-06
  0.1753E-06
  0.1040E-06
  0.1797E-06
  0.1408E-06
  0.9099E-07
  0.1177E-06
  0.1072E-06
  0.8385E-07
  0.8540E-07
  0.1213E-06
  0.5375E-07
  0.6319E-07
  0.1029E-06
  0.1721E-06
  0.8754E-07
  0.3204E-07
  0.2887E-06
  0.1561E-06
  0.1189E-06
  0.1613E-06
  0.1211E-06
  0.1041E-06
  0.6624E-07
  0.8025E-07
  0.8423E-07
  0.8919E-07
  0.4105E-07
  0.4436E-07
  0.9225E-07
  0.6942E-07
  0.9336E-07
  0.4018E-07
  0.5496E-07
  0.7672E-07
  0.4408E-07
  0.2389E-07
  0.3587E-07
  0.4409E-07
  0.3494E-07
  0.3958E-07
  0.3675E-07
  0.3682E-07
  0.3697E-07
  0.3216E-07
  0.2372E-07
  0.2782E-07
  0.1475E-07
  0.5118E-07
  0.2531E-07
  0.2349E-07
  0.2623E-07
  0.3449E-07
  0.2708E-07
  0.2402E-07
  0.1786E-07
  0.2468E-07
  0.2991E-07
  0.7788E-08
  0.1968E-07
  0.3264E-07
  0.8218E-08
  0.1970E-07
  0.3836E-07
  0.2844E-07
  0.4281E-07
  0.1686E-07
  0.2251E-07
  0.1680E-07
  0.2705E-07
  0.1149E-07
  0.7726E-08
  0.3497E-07
  0.2171E-07
  0.2196E-07
  0.2664E-07
  0.2036E-07
  0.8339E-08
  0.7258E-08
  0.9932E-08
  0.2603E-07
  0.1305E-07
  0.6738E-08
  0.7969E-08
  0.1451E-07
  0.1374E-07
  0.1220E-07
  0.1016E-07
  0.8568E-08
  0.7122E-08
  0.1058E-07
  0.1130E-07
  0.1155E-07
  0.7400E-08
  0.7096E-08
  0.4261E-08
  0.1029E-07
  0.6573E-08
  0.3953E-08
  0.5353E-08
  0.5758E-08
  0.9320E-08
  0.5875E-08
  0.3525E-08
  0.4907E-08
  0.5649E-08
  0.4478E-08
  0.5665E-08
  0.1224E-07
  0.1440E-08
  0.5092E-08
  0.4080E-08
  0.3627E-08
  0.2558E-08
  0.2008E-08
  0.3896E-08
  0.3715E-08
  0.2415E-08
  0.3368E-08
  0.3495E-08
  0.2126E-08
  0.2728E-08
  0.1858E-08
  0.3077E-08
  0.3512E-08
  0.2891E-08
  0.2596E-08
  0.9673E-09
  0.2157E-08
  0.6600E-09
  0.7447E-09
  0.1782E-08
  0.2120E-08
  0.2197E-08
  0.2088E-08
  0.1026E-08
  0.2350E-08
  0.1522E-08
  0.1045E-08
  0.1560E-08
  0.1925E-08
  0.9896E-09
  0.1810E-08
  0.1504E-08
  0.4365E-09
  0.8902E-09
  0.8966E-09
  0.1823E-08
  0.1262E-08
  0.1192E-08
  0.9615E-09
  0.7508E-09
  0.8868E-09
  0.5265E-09
  0.7252E-09
  0.1475E-08
  0.1796E-08
  0.1344E-08
  0.7474E-09
  0.6805E-09
  0.1052E-08
  0.6979E-09
  0.5049E-09
  0.9312E-09
  0.4953E-09
  0.7141E-09
  0.1095E-08
  0.5864E-09
  0.8929E-09
  0.8748E-09
  0.9035E-09
  0.4018E-09
  0.6979E-09
  0.5724E-09
  0.5831E-09
  0.7164E-09
  0.8408E-09
  0.8493E-09
  0.4966E-09
  0.3365E-09
  0.3978E-09
  0.4936E-09
  0.4459E-09
  0.4398E-09
  0.3500E-09
  0.5337E-09
  0.7725E-09
  0.3097E-09
  0.4124E-09
  0.5369E-09
  0.3293E-09
  0.3145E-09
  0.3845E-09
  0.3111E-09
  0.3482E-09
  0.2195E-09
  0.2252E-09
  0.1393E-09
  0.2489E-09
  0.1832E-09
  0.2795E-09
  0.1673E-09
  0.2198E-09
  0.1627E-09
  0.1053E-09
  0.1248E-09
  0.6634E-10
  0.8478E-11
  0.2279E-10
  0.6698E-10
  0.9016E-10
  0.1341E-09
  0.1691E-09
  0.1113E-09
  0.1267E-09
  0.1797E-09
  0.1116E-09
  0.1334E-09
  0.1786E-09
  0.2379E-09
  0.1372E-09
  0.1093E-09
  0.1067E-09
  0.1094E-09
  0.1310E-09
  0.1129E-09
  0.9157E-10
  0.1269E-09
  0.8345E-10
  0.8832E-10
  0.9191E-10
  0.9333E-10
  0.7180E-10
  0.7547E-10
  0.4728E-10
  0.6650E-10
  0.1511E-10
  0.6796E-10
  0.6964E-10
  0.6269E-10
  0.4173E-10
  0.3708E-10
  0.7201E-10
  0.2866E-10
  0.3355E-10
  0.2994E-10
  0.7617E-10
  0.8772E-10
  0.4016E-10
  0.1395E-10
  0.4274E-10
  0.4317E-10
  0.4939E-10
  0.3355E-10
  0.1275E-10
  0.2894E-10
  0.1461E-10
  0.4210E-10
  0.3899E-10
  0.2170E-10
  0.2715E-10
  0.3443E-10
  0.2698E-10
  0.2771E-10
  0.2527E-10
  0.2093E-10
  0.1348E-10
  0.2637E-10
  0.1352E-10
  0.2310E-10
  0.1646E-10
  0.2246E-10
  0.3002E-10
  0.1487E-10
  0.1534E-10
  0.5969E-11
  0.4180E-11
  0.1682E-10
  0.8401E-11
  0.1741E-10
  0.7874E-11
  0.2382E-10
  0.1395E-10
  0.8140E-11
  0.1079E-10
  0.1213E-10
  0.8980E-11
  0.4936E-11
  0.5269E-11
  0.2207E-11
  0.7440E-11
  0.1076E-10
  0.1286E-10
  0.8808E-11
  0.8021E-11
  0.1602E-10
  0.9189E-11
  0.7259E-11
  0.3126E-11
  0.8541E-11
  0.6711E-11
  0.2194E-11
  0.6615E-11
  0.2699E-11
  0.5913E-11
  0.3212E-11
  0.6532E-11
  0.4670E-11
  0.3453E-11
  0.5540E-11
  0.4527E-11
  0.4044E-11
  0.1193E-10
  0.1972E-11
  0.7989E-11
  0.1584E-11
  0.1054E-11
  0.4996E-11
  0.4976E-11
  0.5378E-11
  0.4656E-11
  0.4258E-11
  0.7280E-11
  0.4571E-11
  0.5368E-11
  0.2130E-11
  0.4316E-11
  0.3265E-11
  0.2597E-11
  0.4303E-11
  0.1810E-11
  0.4276E-11
  0.3028E-11
  0.1691E-11
  0.9913E-12
  0.5344E-12
  0.7320E-12
  0.2049E-11
  0.1343E-11
  0.2249E-11
  0.7415E-12
  0.1322E-11
  0.2212E-11
  0.1007E-11
  0.1476E-11
  0.1408E-11
  0.2757E-12
  0.1480E-12
  0.1305E-11
  0.5747E-13
  0.2143E-12
  0.3199E-12
  0.4447E-12
  0.1045E-11
  0.4423E-12
  0.5909E-12
  0.1231E-11
  0.1186E-11
  0.9784E-12
  0.6141E-12
  0.2055E-12
  0.6810E-12
  0.1507E-12
  0.3729E-13
  0.1032E-12
  0.2425E-12
  0.5864E-12
  0.5572E-12
  0.6962E-12
  0.5609E-12
  0.7133E-12
  0.8836E-12
  0.1083E-11
  0.3092E-12
  0.3770E-12
  0.9195E-12
  0.6116E-12
  0.2662E-12
  0.6089E-12
  0.5322E-12
  0.7073E-12
  0.4347E-12
  0.3022E-12
  0.2521E-12
  0.1219E-12
  0.2305E-12
  0.2594E-12
  0.1264E-12
  0.1817E-12
  0.2411E-12
  0.7950E-13
  0.6018E-13
  0.1762E-12
  0.1567E-12
  0.7157E-13
  0.8127E-13
  0.1625E-12
  0.6229E-13
  0.1675E-13
  0.9585E-13
  0.5714E-13
  0.9760E-13
  0.1083E-12
  0.1151E-12
  0.8985E-13
  0.1338E-12
  0.2675E-13
  0.4143E-13
  0.3209E-13
  0.4504E-13
  0.3988E-13
  0.2733E-13
  0.1422E-13
  0.1398E-13
  0.2529E-13
  0.2806E-13
  0.9340E-14
  0.8218E-13
  0.8813E-13
  0.1248E-12
  0.7985E-13
  0.1132E-12
  0.4962E-13
  0.4069E-13
  0.1991E-13
  0.8131E-13
  0.2555E-13
  0.4148E-13
  0.1245E-13
  0.1724E-13
  0.2422E-13
  0.4438E-14
  0.2452E-13
  0.1825E-13
  0.7089E-13
  0.3340E-13
  0.5191E-13
  0.5386E-13
  0.4208E-13
  0.4370E-13
  0.6130E-13
  0.2920E-13
  0.3663E-13
  0.2123E-13
  0.4085E-13
  0.2962E-13
  0.1360E-13
  0.1465E-13
  0.7255E-14
  0.2419E-13
  0.6154E-13
  0.2481E-13
  0.3131E-13
  0.1236E-13
  0.6772E-14
  0.8718E-15
  0.4826E-15
  0.9580E-15
  0.1128E-14
  0.1188E-15
  0.3091E-14
  0.2196E-14
  0.1611E-14
  0.1353E-13
  0.6862E-14
  0.9616E-14
  0.1704E-14
  0.1644E-13
  0.1586E-13
  0.2166E-14
  0.5185E-14
  0.5540E-14
  0.4547E-14
  0.8138E-14
  0.1633E-14
  0.5137E-15
  0.1269E-14
  0.1201E-14
  0.2575E-14
  0.7457E-15
  0.2103E-14
  0.8949E-14
  0.2435E-14
  0.1756E-13
  0.2955E-14
  0.4463E-14
  0.3293E-15
  0.3203E-14
  0.3345E-14
  0.2001E-15
  0.1609E-15
  0.3396E-15
  0.1651E-15
  0.6566E-15
  0.2557E-15
  0.4371E-16
  0.3555E-15
  0.4930E-14
  0.2589E-14
  0.5490E-15
  0.1273E-14
  0.2357E-15
  0.2724E-15
  0.2629E-15
  0.4488E-15
  0.1186E-15
  0.2151E-15
  0.1582E-15
  0.6914E-16
  0.3835E-16
  0.1638E-16
  0.1793E-15
  0.6875E-15
  0.1606E-14
  0.2187E-14
  0.9828E-15
  0.2607E-15
  0.7553E-15
  0.3556E-15
  0.2699E-15
  0.2780E-15
  0.1210E-14
  0.4209E-15
  0.3665E-15
  0.5700E-15
  0.5958E-15
  0.5177E-15
  0.2196E-15
  0.8472E-15
  0.2869E-15
  0.7744E-15
  0.6417E-15
  0.1538E-14
  0.3136E-15
  0.5554E-15
  0.2274E-15
  0.4761E-15
  0.9146E-16
  0.1753E-16
  0.1244E-15
  0.1845E-16
  0.1693E-16
  0.1775E-16
  0.3670E-17
  0.9531E-18
  0.1020E-15
  0.6136E-15
  0.7935E-16
  0.1493E-15
  0.2846E-15
  0.1591E-15
  0.5392E-16
  0.9249E-16
  0.6495E-16
  0.1286E-15
  0.3378E-16
  0.3091E-16
  0.9827E-17
  0.6513E-16
  0.8012E-17
  0.2187E-16
  0.2481E-16
  0.3571E-16
  0.1102E-15
  0.2334E-16
  0.2609E-16
  0.8588E-16
  0.8157E-16
  0.1990E-17
  0.2181E-16
  0.3964E-16
  0.3134E-16
  0.9317E-16
  0.9540E-17
  0.4518E-17
  0.5208E-17
  0.2991E-17
  0.1408E-17
  0.1144E-15
  0.1015E-15
  0.7245E-16
  0.9175E-16
  0.6133E-16
  0.5466E-16
  0.3932E-16
  0.1847E-16
  0.7449E-17
  0.6304E-17
  0.1994E-17
  0.1081E-16
  0.2134E-17
  0.5360E-17
  0.8261E-17
  0.1205E-16
  0.3341E-16
  0.2063E-16
  0.1575E-16
  0.8852E-17
  0.3216E-17
  0.8093E-17
  0.5904E-17
  0.3510E-17
  0.1628E-16
  0.1074E-16
  0.5726E-17
  0.3238E-18
  0.2484E-18
  0.1133E-18
  0.2841E-17
  0.3581E-18
  0.4044E-17
  0.8713E-17
  0.2832E-17
  0.2418E-17
  0.1591E-17
  0.5984E-17
  0.1042E-17
  0.1365E-17
  0.3105E-17
  0.4692E-18
  0.1465E-17
  0.2464E-17
  0.5202E-18
  0.9114E-19
  0.1402E-18
  0.1532E-16
  0.4183E-17
  0.1500E-17
  0.9762E-18
  0.1044E-17
  0.1306E-17
  0.3316E-17
  0.2960E-17
  0.3795E-18
  0.1571E-18
  0.1401E-18
  0.4507E-17
  0.6137E-18
  0.1448E-18
  0.2303E-18
  0.2335E-18
  0.1923E-19
  0.6991E-18
  0.2161E-17
  0.1848E-17
  0.2855E-17
  0.1008E-17
  0.1436E-18
  0.3487E-18
  0.5186E-18
  0.1105E-17
  0.5249E-18
  0.7687E-19
  0.2980E-18
  0.3944E-18
  0.1485E-18
  0.8759E-18
  0.1478E-19
  0.3361E-18
  0.1926E-17
  0.2191E-17
  0.1210E-17
  0.5559E-18
  0.3137E-18
  0.2400E-18
  0.2546E-18
  0.3277E-18
  0.1140E-19
  0.2597E-20
  0.4925E-19
  0.9577E-19
  0.9270E-19
  0.3895E-18
  0.1986E-19
  0.8452E-19
  0.9381E-18
  0.1323E-18
  0.1884E-19
  0.2599E-19
  0.3543E-19
  0.2994E-18
  0.5571E-19
  0.9696E-19
  0.9891E-19
  0.6869E-19
  0.2157E-19
  0.9616E-20
  0.6638E-19
  0.4277E-18
  0.2110E-19
  0.1237E-18
  0.5679E-19
  0.6294E-20
  0.2565E-20
  0.1466E-19
  0.3230E-19
  0.5038E-19
  0.3346E-19
  0.2290E-19
  0.3106E-18
  0.6042E-19
  0.7348E-19
  0.3864E-19
  0.9244E-20
  0.7296E-20
  0.2672E-20
  0.8150E-19
  0.6609E-19
  0.2076E-18
  0.3108E-19
  0.3732E-19
  0.1813E-19
  0.1576E-19
  0.5440E-20
  0.1781E-19
  0.2313E-19
  0.7225E-20
  0.4337E-19
  0.3864E-19
  0.4179E-19
  0.1044E-19
  0.6202E-20
  0.2574E-19
  0.1289E-19
  0.1162E-19
  0.5812E-19
  0.1724E-19
  0.4905E-20
  0.4725E-20
  0.1287E-19
  0.1009E-19
  0.1303E-19
  0.1567E-19
  0.1004E-19
  0.4842E-20
  0.4881E-20
  0.1512E-19
  0.3990E-20
  0.4718E-20
  0.3603E-20
  0.2127E-20
  0.1571E-20
  0.2132E-20
  0.1290E-20
  0.2175E-20
  0.2098E-20
  0.2154E-20
  0.2192E-20
  0.6512E-20
  0.4451E-20
  0.6115E-20
  0.1907E-20
  0.3427E-20
  0.5051E-20
  0.3855E-20
  0.3875E-20
  0.2283E-20
  0.1588E-20
  0.9979E-21
  0.1702E-20
  0.2292E-20
  0.6625E-21
  0.1172E-20
  0.1506E-20
  0.1818E-20
  0.1263E-20
  0.1208E-20
  0.1502E-20
  0.4058E-21
  0.1291E-20
  0.1538E-20
  0.1284E-20
  0.5858E-21
  0.1184E-20
  0.1831E-20
  0.1398E-20
  0.4403E-21
  0.5957E-21
  0.2726E-21
  0.2393E-21
  0.5585E-21
  0.4695E-21
  0.2959E-21
  0.4937E-21
  0.6370E-21
  0.6307E-21
  0.2932E-21
  0.7423E-21
  0.2278E-21
  0.1488E-21
  0.5504E-21
  0.5349E-21
  0.5645E-21
  0.1908E-21
  0.3526E-21
  0.6527E-21
  0.4261E-21
  0.1545E-21
  0.2585E-21
  0.2253E-21
  0.2633E-21
  0.5443E-22
  0.2476E-21
  0.3800E-21
  0.1241E-21
  0.1357E-20
