 ISR
    116.7150
    116.7150
    117.9860
    119.1522
    120.2017
    121.1441
    121.9916
    122.7562
    123.4451
    124.0685
    124.6343
    125.1485
    125.6143
    126.0370
    126.4208
    126.7717
    127.0896
    127.3784
    127.6416
    127.8804
    128.0976
    128.2936
    128.4711
    128.6326
    128.7789
    128.9100
    129.0283
    129.1354
    129.2322
    129.3212
    129.4017
    129.4758
    129.5428
    129.6047
    129.6612
    129.7130
    129.7603
    129.8038
    129.8433
    129.8790
    129.9119
    129.9418
    129.9697
    129.9947
    130.0176
    130.0382
    130.0571
    130.0741
    130.0898
    130.1039
    130.1171
    130.1289
    130.1400
    130.1504
    130.1598
    130.1683
    130.1761
    130.1834
    130.1899
    130.1961
    130.2015
    130.2067
    130.2114
    130.2162
    130.2204
    130.2245
    130.2278
    130.2312
    130.2340
    130.2369
    130.2393
    130.2417
    130.2436
    130.2457
    130.2474
    130.2493
    130.2506
    130.2522
    130.2535
    130.2548
    130.2559
    130.2570
    130.2578
    130.2587
    130.2593
    130.2601
    130.2606
    130.2613
    130.2619
    130.2627
    130.2634
    130.2640
    130.2647
    130.2652
    130.2656
    130.2662
    130.2666
    130.2670
    130.2673
    130.2676
    130.2679
    130.2681
    130.2683
    130.2685
    130.2687
    130.2688
    130.2689
    130.2691
    130.2692
    130.2693
    130.2694
    130.2695
    130.2695
    130.2696
    130.2697
    130.2697
    130.2698
    130.2698
    130.2699
    130.2699
    130.2699
    130.2700
    130.2700
    130.2700
    130.2701
    130.2701
    130.2701
    130.2701
    130.2701
    130.2702
    130.2702
    130.2702
    130.2702
    130.2702
    130.2702
    130.2702
    130.2702
    130.2702
    130.2702
    130.2702
    130.2702
    130.2703
    130.2702
    130.2703
    130.2703
    130.2703
    130.2703
    130.2703
    130.2703
    130.2703
    130.2703
    130.2703
    130.2703
    130.2703
    130.2703
    130.2703
    130.2703
    130.2703
    130.2703
    130.2703
    130.2703
    130.2703
    130.2703
    130.2703
    130.2703
    130.2703
    130.2703
    130.2703
    130.2703
    130.2703
    130.2703
    130.2703
    130.2703
    130.2703
    130.2703
    130.2703
    130.2703
    130.2703
    130.2703
    130.2703
    130.2703
    130.2703
    130.2703
    130.2703
    130.2703
    130.2703
    130.2703
    130.2703
    130.2703
    130.2703
    130.2703
    130.2703
    130.2703
    130.2703
    130.2703
    130.2703
    130.2703
    130.2703
    130.2703
    130.2703
    130.2703
    130.2703
    130.2703
    130.2703
    130.2703
    130.2703
    130.2703
    130.2703
    130.2703
    130.2703
    130.2703
    130.2703
    130.2703
    130.2703
    130.2703
    130.2703
    130.2703
    130.2703
    130.2703
    130.2703
    130.2703
    130.2703
    130.2703
    130.2703
    130.2703
    130.2703
    130.2703
    130.2703
    130.2703
    130.2703
    130.2703
    130.2703
    130.2703
    130.2703
    130.2703
    130.2703
    130.2703
    130.2703
    130.2703
    130.2703
    130.2703
    130.2703
    130.2703
    130.2703
    130.2703
    130.2703
    130.2703
    130.2703
    130.2703
    130.2703
    130.2703
    130.2703
    130.2703
    130.2703
    130.2703
    130.2703
    130.2703
    130.2703
    130.2703
    130.2703
    130.2703
    130.2703
    130.2703
    130.2703
    130.2703
    130.2703
    130.2703
    130.2703
    130.2703
    130.2703
    130.2703
    130.2703
    130.2703
    130.2703
    130.2703
    130.2703
    130.2703
    130.2703
    130.2703
    130.2703
    130.2703
    130.2703
    130.2703
    130.2703
    130.2703
    130.2703
    130.2703
    130.2703
    130.2703
    130.2703
    130.2703
    130.2703
    130.2703
    130.2703
    130.2703
    130.2703
    130.2703
    130.2703
    130.2703
    130.2703
    130.2703
    130.2703
    130.2703
    130.2703
    130.2703
    130.2703
    130.2703
    130.2703
    130.2703
    130.2703
    130.2703
    130.2703
    130.2703
    130.2703
    130.2703
    130.2703
    130.2703
    130.2703
    130.2703
    130.2703
    130.2703
    130.2703
    130.2703
    130.2703
    130.2703
    130.2703
    130.2703
    130.2703
    130.2703
    130.2703
    130.2703
    130.2703
    130.2703
    130.2703
    130.2703
    130.2703
    130.2703
    130.2703
    130.2703
    130.2703
    130.2703
    130.2703
    130.2703
    130.2703
    130.2703
    130.2703
    130.2703
    130.2703
    130.2703
    130.2703
    130.2703
    130.2703
    130.2703
    130.2703
    130.2703
    130.2703
    130.2703
    130.2703
    130.2703
    130.2703
    130.2703
    130.2703
    130.2703
    130.2703
    130.2703
    130.2703
    130.2703
    130.2703
    130.2703
    130.2703
    130.2703
    130.2703
    130.2703
    130.2703
    130.2703
    130.2703
    130.2703
    130.2703
    130.2703
    130.2703
    130.2703
    130.2703
    130.2703
    130.2703
    130.2703
    130.2703
    130.2703
    130.2703
    130.2703
    130.2703
    130.2703
    130.2703
    130.2703
    130.2703
    130.2703
    130.2703
    130.2703
    130.2703
    130.2703
    130.2703
    130.2703
    130.2703
    130.2703
    130.2703
    130.2703
    130.2703
    130.2703
    130.2703
    130.2703
    130.2703
    130.2703
    130.2703
    130.2703
    130.2703
    130.2703
    130.2703
    130.2703
    130.2703
    130.2703
    130.2703
    130.2703
    130.2703
    130.2703
    130.2703
    130.2703
    130.2703
    130.2703
    130.2703
    130.2703
    130.2703
    130.2703
    130.2703
    130.2703
    130.2703
    130.2703
    130.2703
    130.2703
    130.2703
    130.2703
    130.2703
    130.2703
    130.2703
    130.2703
    130.2703
    130.2703
    130.2703
    130.2703
    130.2703
    130.2703
    130.2703
    130.2703
    130.2703
    130.2703
    130.2703
    130.2703
    130.2703
    130.2703
    130.2703
    130.2703
    130.2703
    130.2703
    130.2703
    130.2703
    130.2703
    130.2703
    130.2703
    130.2703
    130.2703
    130.2703
    130.2703
    130.2703
    130.2703
    130.2703
    130.2703
    130.2703
    130.2703
    130.2703
    130.2703
    130.2703
    130.2703
    130.2703
    130.2703
    130.2703
    130.2703
    130.2703
    130.2703
    130.2703
    130.2703
    130.2703
    130.2703
    130.2703
    130.2703
    130.2703
    130.2703
    130.2703
    130.2703
    130.2703
    130.2703
    130.2703
    130.2703
