 Rayleigh Transmission
                          0.9999999999999776E+00
                          0.9999999999965475E+00
                          0.9999999999961516E+00
                          0.9999999999630634E+00
                          0.9999999998901470E+00
                          0.9999999999450215E+00
                          0.9999999996811342E+00
                          0.9999999998754366E+00
                          0.9999999999786526E+00
                          0.9999999997915375E+00
                          0.9999999999958304E+00
                          0.9999999955700096E+00
                          0.9999999854219319E+00
                          0.9999999999994907E+00
                          0.9999999999997990E+00
                          0.9999999999960206E+00
                          0.9999999999999393E+00
                          0.9999999999980494E+00
                          0.9999999999999157E+00
                          0.9999999999982402E+00
                          0.9999999999994759E+00
                          0.9999999999978213E+00
                          0.9999999999785907E+00
                          0.9999999993722923E+00
                          0.9999999634147568E+00
                          0.9999999009956043E+00
                          0.9999925932623337E+00
                          0.9999551585725955E+00
                          0.9999996971264550E+00
                          0.9999999555080165E+00
                          0.9999999151302597E+00
                          0.9999999999971843E+00
                          0.9999999999795006E+00
                          0.9999999999989138E+00
                          0.9999999999785771E+00
                          0.9999999999988418E+00
                          0.9999999999986930E+00
                          0.9999999999984688E+00
                          0.9999999999892137E+00
                          0.9999999999959611E+00
                          0.9999999999980363E+00
                          0.9999999999977495E+00
                          0.9999999999930655E+00
                          0.9999999999898459E+00
                          0.9999999999971466E+00
                          0.9999999999968935E+00
                          0.9999999999965390E+00
                          0.9999999999963037E+00
                          0.9999999999959651E+00
                          0.9999999999905432E+00
                          0.9999999997131146E+00
                          0.9999999998103011E+00
                          0.9999991954281290E+00
                          0.9999999999789200E+00
                          0.9999999998311019E+00
                          0.9999999980732904E+00
                          0.9999999999810222E+00
                          0.9999999999919337E+00
                          0.9999999999911764E+00
                          0.9999999999898934E+00
                          0.9999999999890448E+00
                          0.9999999999885530E+00
                          0.9999999999860413E+00
                          0.9999999999474481E+00
                          0.9999999999869210E+00
                          0.9999999999840270E+00
                          0.9999999999548947E+00
                          0.9999999999830350E+00
                          0.9999999999787785E+00
                          0.9999999999817734E+00
                          0.9999999999809362E+00
                          0.9999999999804079E+00
                          0.9999999999793112E+00
                          0.9999999988626161E+00
                          0.9999999999676392E+00
                          0.9999998065512131E+00
                          0.9994404956135512E+00
                          0.9999999990856182E+00
                          0.9999999998664353E+00
                          0.9999999999603103E+00
                          0.9999999999509659E+00
                          0.9999999538896951E+00
                          0.9999999544976772E+00
                          0.9999863465826778E+00
                          0.9999756039344070E+00
                          0.9999999999252506E+00
                          0.9999999999580266E+00
                          0.9999999999566040E+00
                          0.9999999999538596E+00
                          0.9999999994382320E+00
                          0.9999997738547058E+00
                          0.9968412445009497E+00
                          0.9463504028529983E+00
                          0.9997160188439804E+00
                          0.9994124469818357E+00
                          0.9999910793105722E+00
                          0.9999999991110029E+00
                          0.9999999999326483E+00
                          0.9999999999294756E+00
                          0.9999999996508458E+00
                          0.9999999985911758E+00
                          0.9999999998979705E+00
                          0.9999999999073825E+00
                          0.9999990827569235E+00
                          0.9999999993627023E+00
                          0.9999999990454854E+00
                          0.9999999998895025E+00
                          0.9999999999007266E+00
                          0.9999999998968128E+00
                          0.9999999998910881E+00
                          0.9999999998664221E+00
                          0.9999999998781631E+00
                          0.9999999998807400E+00
                          0.9999999998767027E+00
                          0.9999999998723139E+00
                          0.9999999998677831E+00
                          0.9999999998631162E+00
                          0.9999999998583480E+00
                          0.9999999998530884E+00
                          0.9999999996549138E+00
                          0.9999999593072365E+00
                          0.9999999998327286E+00
                          0.9999999998324419E+00
                          0.9999999952526341E+00
                          0.9999999998190366E+00
                          0.9999999779626597E+00
                          0.9999999998049675E+00
                          0.9999999998021415E+00
                          0.9999999997808087E+00
                          0.9999999997898723E+00
                          0.9999999997839873E+00
                          0.9999999997756001E+00
                          0.9999999997576839E+00
                          0.9999997654505252E+00
                          0.9999999716208856E+00
                          0.9999999997436250E+00
                          0.9999999996997789E+00
                          0.9999999938205715E+00
                          0.9999999996977376E+00
                          0.9999999994373345E+00
                          0.9999999900759551E+00
                          0.9999999495698351E+00
                          0.9999117209931041E+00
                          0.9999998051059655E+00
                          0.9999946284769201E+00
                          0.9999903488813299E+00
                          0.9999999366519742E+00
                          0.9993738193585785E+00
                          0.9999945200176730E+00
                          0.9999697667516714E+00
                          0.9999999916717293E+00
                          0.9999999995828883E+00
                          0.9999999995270867E+00
                          0.9999999995670845E+00
                          0.9999997622951654E+00
                          0.9999999995581176E+00
                          0.9999999995506619E+00
                          0.9999999995405772E+00
                          0.9999999995272156E+00
                          0.9999999994955634E+00
                          0.9999998841577310E+00
                          0.9999999993203003E+00
                          0.9999999994795480E+00
                          0.9999999994665869E+00
                          0.9999999994533055E+00
                          0.9999999994399243E+00
                          0.9999968528199020E+00
                          0.9999999994119675E+00
                          0.9999999993974732E+00
                          0.9999999993836256E+00
                          0.9999999993689135E+00
                          0.9999999993539367E+00
                          0.9999999993386941E+00
                          0.9999999993231428E+00
                          0.9999999993049716E+00
                          0.9999999991839673E+00
                          0.9999999992749397E+00
                          0.9999675384387655E+00
                          0.9999999992400385E+00
                          0.9999999986183663E+00
                          0.9999999991594295E+00
                          0.9999999991869984E+00
                          0.9999999991681361E+00
                          0.9999999308543219E+00
                          0.9999999991217519E+00
                          0.9999999983870820E+00
                          0.9992253027959430E+00
                          0.9999999987150662E+00
                          0.9999999990522769E+00
                          0.9999999987259571E+00
                          0.9999999982605565E+00
                          0.9999999969569110E+00
                          0.9999999982821122E+00
                          0.9999999319673356E+00
                          0.9999999950739619E+00
                          0.9999998687282068E+00
                          0.9999999679541112E+00
                          0.9997590212999206E+00
                          0.9999998440258149E+00
                          0.9999998886330279E+00
                          0.9999995569132373E+00
                          0.9999999986328767E+00
                          0.9999999984956820E+00
                          0.9999999913915647E+00
                          0.9999937991146468E+00
                          0.9999999939450362E+00
                          0.9999999986364629E+00
                          0.9999999986116089E+00
                          0.9999999985674823E+00
                          0.9999999985398942E+00
                          0.9999999985083503E+00
                          0.9999999984943457E+00
                          0.9999999981514252E+00
                          0.9999999979396491E+00
                          0.9999999984121630E+00
                          0.9999999983850802E+00
                          0.9999999968641058E+00
                          0.9999999983026450E+00
                          0.9999999982937706E+00
                          0.9999999982622630E+00
                          0.9999999982303055E+00
                          0.9999999981952701E+00
                          0.9999999981650752E+00
                          0.9999999981318285E+00
                          0.9999999980980984E+00
                          0.9999999980639177E+00
                          0.9999999980129395E+00
                          0.9999999979668986E+00
                          0.9999999979585723E+00
                          0.9999999979225165E+00
                          0.9999999978860312E+00
                          0.9999999978461562E+00
                          0.9999999978112845E+00
                          0.9999999977542016E+00
                          0.9999999977334894E+00
                          0.9999999881018541E+00
                          0.9999999976561140E+00
                          0.9999999976144186E+00
                          0.9999999567859552E+00
                          0.9999999954701965E+00
                          0.9999999974902898E+00
                          0.9999998039308593E+00
                          0.9999999973844635E+00
                          0.9999999970920161E+00
                          0.9999999972982420E+00
                          0.9999999972560052E+00
                          0.9999999969538437E+00
                          0.9999999123854336E+00
                          0.9999999968215209E+00
                          0.9999999960965212E+00
                          0.9999999966339939E+00
                          0.9999999969454065E+00
                          0.9999999967890021E+00
                          0.9999993064917851E+00
                          0.9999999948041114E+00
                          0.9999999967915510E+00
                          0.9999999967541322E+00
                          0.9999999967046529E+00
                          0.9999999965691383E+00
                          0.9999999965431127E+00
                          0.9999999964159757E+00
                          0.9999999964341313E+00
                          0.9999999964271363E+00
                          0.9999999963851884E+00
                          0.9999999963263304E+00
                          0.9999999962748682E+00
                          0.9999999955567965E+00
                          0.9999999953028865E+00
                          0.9999999890534811E+00
                          0.9999999960414973E+00
                          0.9999999955888866E+00
                          0.9999999958974269E+00
                          0.9999999958632088E+00
                          0.9999999958043464E+00
                          0.9999999860052956E+00
                          0.9999999935809835E+00
                          0.9999999955304466E+00
                          0.9999999944885953E+00
                          0.9999999917661819E+00
                          0.9999999874484069E+00
                          0.9999999953387243E+00
                          0.9999999952865797E+00
                          0.9999999952179387E+00
                          0.9999999951550066E+00
                          0.9999999950860844E+00
                          0.9999999950001621E+00
                          0.9999999949464063E+00
                          0.9999999358571483E+00
                          0.9999999948029371E+00
                          0.9999999947308312E+00
                          0.9999999946564441E+00
                          0.9999999945793997E+00
                          0.9999999590435055E+00
                          0.9999999944257939E+00
                          0.9999999943461648E+00
                          0.9999999942796398E+00
                          0.9999999939706834E+00
                          0.9999999941225444E+00
                          0.9999999940262891E+00
                          0.9999999939411238E+00
                          0.9999999938818206E+00
                          0.9999999938000017E+00
                          0.9999999937170321E+00
                          0.9999999935971005E+00
                          0.9999999934760154E+00
                          0.9999999934583031E+00
                          0.9999999932793384E+00
                          0.9999999932908628E+00
                          0.9999999932020583E+00
                          0.9999999920207472E+00
                          0.9999999930051124E+00
                          0.9999999929343171E+00
                          0.9999999928430821E+00
                          0.9999999927508983E+00
                          0.9999999926576824E+00
                          0.9999999925635437E+00
                          0.9999999924665595E+00
                          0.9999999923488468E+00
                          0.9999999922636434E+00
                          0.9999999921777066E+00
                          0.9999999920643322E+00
                          0.9999999919808149E+00
                          0.9999999918638277E+00
                          0.9999999871248442E+00
                          0.9999999912048707E+00
                          0.9999999862071377E+00
                          0.9999999914675965E+00
                          0.9999999895912257E+00
                          0.9993425895428796E+00
                          0.9999999911314794E+00
                          0.9999999910392278E+00
                          0.9999999908352152E+00
                          0.9999999899494656E+00
                          0.9999999907128679E+00
                          0.9999999906010303E+00
                          0.9999999904872034E+00
                          0.9999999903738591E+00
                          0.9999999902588510E+00
                          0.9999999901427230E+00
                          0.9999999900249817E+00
                          0.9999999899073644E+00
                          0.9999999897876655E+00
                          0.9999999896678103E+00
                          0.9999999895457882E+00
                          0.9999999894240309E+00
                          0.9999999893005281E+00
                          0.9999999891755166E+00
                          0.9999999789072864E+00
                          0.9999999861622932E+00
                          0.9999999887918444E+00
                          0.9999999886666130E+00
                          0.9999999885366427E+00
                          0.9999999884053050E+00
                          0.9999992645496871E+00
                          0.9999999881339180E+00
                          0.9999999880051654E+00
                          0.9999999878694505E+00
                          0.9999999877199972E+00
                          0.9999998499182861E+00
                          0.9999999874550718E+00
                          0.9999999873150803E+00
                          0.9999999871735539E+00
                          0.9999999855514869E+00
                          0.9999999868866711E+00
                          0.9999999867408774E+00
                          0.9999999865955794E+00
                          0.9999999864480931E+00
                          0.9999999862994492E+00
                          0.9999999861495198E+00
                          0.9999999859983837E+00
                          0.9999999850432023E+00
                          0.9999999856923033E+00
                          0.9999999855324516E+00
                          0.9999999853813157E+00
                          0.9999999852239063E+00
                          0.9999999841025508E+00
                          0.9999999848106760E+00
                          0.9999999847439490E+00
                          0.9999999845816019E+00
                          0.9999999844175684E+00
                          0.9999999842476719E+00
                          0.9999999840124197E+00
                          0.9999999839186983E+00
                          0.9999999837497003E+00
                          0.9999999835779552E+00
                          0.9999999834069767E+00
                          0.9999999832345766E+00
                          0.9999999830602183E+00
                          0.9999999828844689E+00
                          0.9999999827073551E+00
                          0.9999999825288703E+00
                          0.9999999823486455E+00
                          0.9999999821677593E+00
                          0.9999999819851156E+00
                          0.9999999818005657E+00
                          0.9999999816156320E+00
                          0.9999999814287720E+00
                          0.9999999812404919E+00
                          0.9999999810507821E+00
                          0.9999999808595144E+00
                          0.9999999806670524E+00
                          0.9999999804730144E+00
                          0.9999999802775159E+00
                          0.9999999800805632E+00
                          0.9999999798821370E+00
                          0.9999999796822290E+00
                          0.9999999794808352E+00
                          0.9999999792779306E+00
                          0.9999999790735141E+00
                          0.9999999788676635E+00
                          0.9999999775952205E+00
                          0.9999999784350782E+00
                          0.9999999782408489E+00
                          0.9999999780269123E+00
                          0.9999999778150953E+00
                          0.9999999775999715E+00
                          0.9999999773824874E+00
                          0.9999999771636952E+00
                          0.9999999769454944E+00
                          0.9999999767240967E+00
                          0.9999999764973380E+00
                          0.9999999762765325E+00
                          0.9999999759840847E+00
                          0.9999999749973522E+00
                          0.9999999748534786E+00
                          0.9999999753618015E+00
                          0.9999999751293465E+00
                          0.9999999748939836E+00
                          0.9999999745810679E+00
                          0.9999999733582617E+00
                          0.9999999704364615E+00
                          0.9999999731476921E+00
                          0.9999999736094269E+00
                          0.9999999689506184E+00
                          0.9999999711878319E+00
                          0.9999999729603435E+00
                          0.9999999727108646E+00
                          0.9999999724596683E+00
                          0.9999999722067323E+00
                          0.9999999719513477E+00
                          0.9999999716956589E+00
                          0.9999999714374775E+00
                          0.9999999711775589E+00
                          0.9999999709158627E+00
                          0.9999999706523853E+00
                          0.9999999702901320E+00
                          0.9999999701200493E+00
                          0.9999999698512013E+00
                          0.9999999695805266E+00
                          0.9999999693080472E+00
                          0.9999999690337320E+00
                          0.9999999687575820E+00
                          0.9999999684795891E+00
                          0.9999999681997452E+00
                          0.9999999679180421E+00
                          0.9999999676266601E+00
                          0.9999999673490166E+00
                          0.9999999670616799E+00
                          0.9999999667721682E+00
                          0.9999999664810346E+00
                          0.9999999661870319E+00
                          0.9999999658933684E+00
                          0.9999999655964937E+00
                          0.9999999652976852E+00
                          0.9999999649969348E+00
                          0.9999999646942335E+00
                          0.9999999643895727E+00
                          0.9999999640829453E+00
                          0.9999999637720571E+00
                          0.9999999634637524E+00
                          0.9999999631511722E+00
                          0.9999999628365878E+00
                          0.9999999625199975E+00
                          0.9999999622013864E+00
                          0.9999999618807485E+00
                          0.9999999615579748E+00
                          0.9999999612285796E+00
                          0.9999999609065865E+00
                          0.9999999605777545E+00
                          0.9999999602468493E+00
                          0.9999999599138603E+00
                          0.9999999595785810E+00
                          0.9999999592416227E+00
                          0.9999999589001540E+00
                          0.9999999585609664E+00
                          0.9999999582174799E+00
                          0.9999999578718416E+00
                          0.9999999575240649E+00
                          0.9999999571740794E+00
                          0.9999999568220536E+00
                          0.9999999564678083E+00
                          0.9999999561113405E+00
                          0.9999999557526389E+00
                          0.9999999553919451E+00
                          0.9999999550288817E+00
                          0.9999999546637516E+00
                          0.9999999542963166E+00
                          0.9999999539266462E+00
                          0.9999999535547351E+00
                          0.9999999531806008E+00
                          0.9999999528041953E+00
                          0.9999999524253755E+00
                          0.9999999520445061E+00
                          0.9999999516613526E+00
                          0.9999999512756624E+00
                          0.9999999508880064E+00
                          0.9999999504978205E+00
                          0.9999999501014164E+00
                          0.9999999497106451E+00
                          0.9999999493135256E+00
                          0.9999999489136220E+00
                          0.9999999485066683E+00
                          0.9999999481080528E+00
                          0.9999999477014900E+00
                          0.9999999472925425E+00
                          0.9999999468812012E+00
                          0.9999999464674562E+00
                          0.9999999460512999E+00
                          0.9999999456327223E+00
                          0.9999999452117132E+00
                          0.9999999447882607E+00
                          0.9999999443623641E+00
                          0.9999999439340053E+00
                          0.9999999435031777E+00
                          0.9999999430698721E+00
                          0.9999999426340787E+00
                          0.9999999421957880E+00
                          0.9999999417549892E+00
                          0.9999999413116772E+00
                          0.9999999408530064E+00
                          0.9999999404174579E+00
                          0.9999999399665436E+00
                          0.9999999395129602E+00
                          0.9999999390554808E+00
                          0.9999999385984178E+00
                          0.9999999381372227E+00
                          0.9999999376734335E+00
                          0.9999999372070415E+00
                          0.9999999367380353E+00
                          0.9999999362664098E+00
                          0.9999999357920654E+00
                          0.9999999353152259E+00
                          0.9999999348350265E+00
                          0.9999999343530619E+00
                          0.9999999338685936E+00
                          0.9999999330748833E+00
                          0.9999999328907723E+00
                          0.9999999323977935E+00
                          0.9999999319021405E+00
                          0.9999999314037519E+00
                          0.9999999309026317E+00
                          0.9999999303987571E+00
                          0.9999999298918540E+00
                          0.9999999293827206E+00
                          0.9999999288706403E+00
                          0.9999999283547845E+00
                          0.9999999278379891E+00
                          0.9999999273172565E+00
                          0.9999999267941350E+00
                          0.9999999262680117E+00
                          0.9999999257390277E+00
                          0.9999999252072079E+00
                          0.9999999246724798E+00
                          0.9999999240187166E+00
                          0.9999999235738033E+00
                          0.9999999230513184E+00
                          0.9999999225050737E+00
                          0.9999999219559489E+00
                          0.9999999214040652E+00
                          0.9999999208491339E+00
                          0.9999999202912985E+00
                          0.9999999197305047E+00
                          0.9999999191667563E+00
                          0.9999999186000457E+00
                          0.9999999180303591E+00
                          0.9999999174570319E+00
                          0.9999999168810665E+00
                          0.9999999162948330E+00
                          0.9999999157216500E+00
                          0.9999999151369432E+00
                          0.9999999145491892E+00
                          0.9999999139583891E+00
                          0.9999999133645299E+00
                          0.9999999127676019E+00
                          0.9999999121675944E+00
                          0.9999999115644612E+00
                          0.9999999109582992E+00
                          0.9999999103489902E+00
                          0.9999999097365594E+00
                          0.9999999091209875E+00
                          0.9999999085022893E+00
                          0.9999999078804298E+00
                          0.9999999072554002E+00
                          0.9999999066272056E+00
                          0.9999999059958199E+00
                          0.9999999053612377E+00
                          0.9999999047234480E+00
                          0.9999999040824400E+00
                          0.9999999034382031E+00
                          0.9999999027886325E+00
                          0.9999999021375885E+00
                          0.9999999014860096E+00
                          0.9999999008287480E+00
                          0.9999999001682003E+00
                          0.9999998995043606E+00
                          0.9999998988367411E+00
                          0.9999998981667592E+00
                          0.9999998974929712E+00
                          0.9999998968157229E+00
                          0.9999998961353416E+00
                          0.9999998954492689E+00
                          0.9999998947643298E+00
                          0.9999998938929804E+00
                          0.9999998933797515E+00
                          0.9999998926823566E+00
                          0.9999998919815687E+00
                          0.9999998912773433E+00
                          0.9999998905696751E+00
                          0.9999998898585619E+00
                          0.9999998891439867E+00
                          0.9999998884259399E+00
                          0.9999998877044106E+00
                          0.9999998869790319E+00
                          0.9999998862508589E+00
                          0.9999998855188141E+00
                          0.9999998847832419E+00
                          0.9999998840441304E+00
                          0.9999998833014687E+00
                          0.9999998825552452E+00
                          0.9999998818054487E+00
                          0.9999998810520569E+00
                          0.9999998802950909E+00
                          0.9999998795270691E+00
                          0.9999998787694042E+00
                          0.9999998780024709E+00
                          0.9999998772309959E+00
                          0.9999998764558616E+00
                          0.9999998756770556E+00
                          0.9999998748946074E+00
                          0.9999998741084509E+00
                          0.9999998733185952E+00
                          0.9999998725250285E+00
                          0.9999998717277393E+00
                          0.9999998709267161E+00
                          0.9999998701219411E+00
                          0.9999998693134204E+00
                          0.9999998685011249E+00
                          0.9999998676850483E+00
                          0.9999998668651794E+00
                          0.9999998660415063E+00
                          0.9999998652140170E+00
                          0.9999998643827001E+00
                          0.9999998635475410E+00
                          0.9999998627085356E+00
                          0.9999998618656645E+00
                          0.9999998610189182E+00
                          0.9999998601682809E+00
                          0.9999998593137537E+00
                          0.9999998584553113E+00
                          0.9999998575929446E+00
                          0.9999998567262842E+00
                          0.9999998558563976E+00
                          0.9999998549821967E+00
                          0.9999998541040219E+00
                          0.9999998532218648E+00
                          0.9999998523357132E+00
                          0.9999998514455549E+00
                          0.9999998505513785E+00
                          0.9999998496531710E+00
                          0.9999998471068352E+00
                          0.9999998478446169E+00
                          0.9999998469342448E+00
                          0.9999998460197949E+00
                          0.9999998451012529E+00
                          0.9999998441785996E+00
                          0.9999998432518451E+00
                          0.9999998423209517E+00
                          0.9999998413859281E+00
                          0.9999998404467468E+00
                          0.9999998395033943E+00
                          0.9999998385486426E+00
                          0.9999998376041651E+00
                          0.9999998317620770E+00
                          0.9999998356881257E+00
                          0.9999998347237523E+00
                          0.9999998337551522E+00
                          0.9999998327823351E+00
                          0.9999998318052289E+00
                          0.9999998308238459E+00
                          0.9999998298381745E+00
                          0.9999998288482024E+00
                          0.9999998278539156E+00
                          0.9999998268553055E+00
                          0.9999998258522383E+00
                          0.9999998248446096E+00
                          0.9999998238333327E+00
                          0.9999998228168038E+00
                          0.9999998217969138E+00
                          0.9999998207720915E+00
                          0.9999998197424728E+00
                          0.9999998187088480E+00
                          0.9999998176710627E+00
                          0.9999998166285043E+00
                          0.9999998155814777E+00
                          0.9999998145288983E+00
                          0.9999998134739794E+00
                          0.9999998124134822E+00
                          0.9999998113484574E+00
                          0.9999998081349609E+00
                          0.9999998092048455E+00
                          0.9999998081262087E+00
                          0.9999998070427604E+00
                          0.9999998059552211E+00
                          0.9999998048628442E+00
                          0.9999998037658627E+00
                          0.9999998026642620E+00
                          0.9999998015580298E+00
                          0.9999998004471530E+00
                          0.9999997993316188E+00
                          0.9999997982114140E+00
                          0.9999997970865258E+00
                          0.9999997959569410E+00
                          0.9999997948226466E+00
                          0.9999997936836295E+00
                          0.9999997925398229E+00
                          0.9999997913913748E+00
                          0.9999997902351695E+00
                          0.9999997890800717E+00
                          0.9999997879172450E+00
                          0.9999997867496154E+00
                          0.9999997855771379E+00
                          0.9999997843999016E+00
                          0.9999997832124533E+00
                          0.9999997820308150E+00
                          0.9999997808389737E+00
                          0.9999997796422609E+00
                          0.9999997784037032E+00
                          0.9999997772143742E+00
                          0.9999997760227040E+00
                          0.9999997748063345E+00
                          0.9999997735850024E+00
                          0.9999997723587328E+00
                          0.9999997711274773E+00
                          0.9999997698912317E+00
                          0.9999997686499883E+00
                          0.9999997674037284E+00
                          0.9999997661524401E+00
                          0.9999997648961100E+00
                          0.9999997636347245E+00
                          0.9999997623682699E+00
                          0.9999997610967324E+00
                          0.9999997598195893E+00
                          0.9999997585383571E+00
                          0.9999997572514908E+00
                          0.9999997559594588E+00
                          0.9999997546623354E+00
                          0.9999997533600178E+00
                          0.9999997520525223E+00
                          0.9999997507398350E+00
                          0.9999997494219427E+00
                          0.9999997480988311E+00
                          0.9999997467704866E+00
                          0.9999997454368937E+00
                          0.9999997440980440E+00
                          0.9999997427539183E+00
                          0.9999997414045045E+00
                          0.9999997400497870E+00
                          0.9999997386897572E+00
                          0.9999997373243960E+00
                          0.9999997359536912E+00
                          0.9999997345776288E+00
                          0.9999997331961917E+00
                          0.9999997318093758E+00
                          0.9999997304171571E+00
                          0.9999997290195251E+00
                          0.9999997276164658E+00
                          0.9999997262079617E+00
                          0.9999997247940082E+00
                          0.9999997233745822E+00
                          0.9999997219496731E+00
                          0.9999997205192657E+00
                          0.9999997190833463E+00
                          0.9999997176418057E+00
                          0.9999997161949116E+00
                          0.9999997147423760E+00
                          0.9999997132830816E+00
                          0.9999997118205485E+00
                          0.9999997103512890E+00
                          0.9999997088763899E+00
                          0.9999997073958652E+00
                          0.9999997059094583E+00
                          0.9999997044178817E+00
                          0.9999997029203949E+00
                          0.9999997014151392E+00
                          0.9999996999083580E+00
                          0.9999996983937794E+00
                          0.9999996968734676E+00
                          0.9999996953474284E+00
                          0.9999996938153614E+00
                          0.9999996922780414E+00
                          0.9999996907346691E+00
                          0.9999996891855378E+00
                          0.9999996876305965E+00
                          0.9999996860698064E+00
                          0.9999996845031744E+00
                          0.9999996829306861E+00
                          0.9999996813523272E+00
                          0.9999996797680827E+00
                          0.9999996781779381E+00
                          0.9999996765818789E+00
                          0.9999996749798891E+00
                          0.9999996733719573E+00
                          0.9999996717580661E+00
                          0.9999996701382019E+00
                          0.9999996685122964E+00
                          0.9999996668804937E+00
                          0.9999996652426206E+00
                          0.9999996635987148E+00
                          0.9999996619486115E+00
                          0.9999996602927477E+00
                          0.9999996586306210E+00
                          0.9999996569624731E+00
                          0.9999996552881834E+00
                          0.9999996536077723E+00
                          0.9999996519212073E+00
                          0.9999996502285263E+00
                          0.9999996485296615E+00
                          0.9999996468246156E+00
                          0.9999996451133736E+00
                          0.9999996433959204E+00
                          0.9999996416722412E+00
                          0.9999996399423209E+00
                          0.9999996382061443E+00
                          0.9999996364636966E+00
                          0.9999996347149624E+00
                          0.9999996329599263E+00
                          0.9999996311985748E+00
                          0.9999996294308910E+00
                          0.9999996276568605E+00
                          0.9999996258764678E+00
                          0.9999996240896980E+00
                          0.9999996222965356E+00
                          0.9999996204969652E+00
                          0.9999996186909392E+00
                          0.9999996168785419E+00
                          0.9999996150596547E+00
                          0.9999996132343044E+00
                          0.9999996114024672E+00
                          0.9999996095641269E+00
                          0.9999996077192727E+00
                          0.9999996058678972E+00
                          0.9999996040099418E+00
                          0.9999996021454826E+00
                          0.9999996002744184E+00
                          0.9999995983967326E+00
                          0.9999995965124988E+00
                          0.9999995946216116E+00
                          0.9999995927240882E+00
                          0.9999995908192211E+00
                          0.9999995889090627E+00
                          0.9999995869915304E+00
                          0.9999995850672977E+00
                          0.9999995831363488E+00
                          0.9999995811986685E+00
                          0.9999995792542404E+00
                          0.9999995773030503E+00
                          0.9999995753450812E+00
                          0.9999995733803174E+00
                          0.9999995714087319E+00
                          0.9999995694303455E+00
                          0.9999995674451052E+00
                          0.9999995654530076E+00
                          0.9999995634540372E+00
                          0.9999995614481780E+00
                          0.9999995594354144E+00
                          0.9999995574157303E+00
                          0.9999995553891098E+00
                          0.9999995533555376E+00
                          0.9999995513149976E+00
                          0.9999995492674171E+00
                          0.9999995472128651E+00
                          0.9999995451514103E+00
                          0.9999995430828391E+00
                          0.9999995410072203E+00
                          0.9999995389245381E+00
                          0.9999995368347762E+00
                          0.9999995347379186E+00
                          0.9999995326339480E+00
                          0.9999995305228517E+00
                          0.9999995284046115E+00
                          0.9999995262792107E+00
                          0.9999995241466340E+00
                          0.9999995220068648E+00
                          0.9999995198598878E+00
                          0.9999995177056861E+00
                          0.9999995155442430E+00
                          0.9999995133755443E+00
                          0.9999995111995720E+00
                          0.9999995090162900E+00
                          0.9999995068257429E+00
                          0.9999995046278536E+00
                          0.9999995024226261E+00
                          0.9999995002100441E+00
                          0.9999994979900911E+00
                          0.9999994957627503E+00
                          0.9999994935280057E+00
                          0.9999994912858443E+00
                          0.9999994890362445E+00
                          0.9999994867791919E+00
                          0.9999994845146700E+00
                          0.9999994822425178E+00
                          0.9999994799631529E+00
                          0.9999994776761245E+00
                          0.9999994753814169E+00
                          0.9999994730794458E+00
                          0.9999994707697624E+00
                          0.9999994684524928E+00
                          0.9999994661276244E+00
                          0.9999994637951366E+00
                          0.9999994614550143E+00
                          0.9999994591072406E+00
                          0.9999994567517991E+00
                          0.9999994543886729E+00
                          0.9999994520178455E+00
                          0.9999994496392999E+00
                          0.9999994472530196E+00
                          0.9999994448589877E+00
                          0.9999994424571877E+00
                          0.9999994400476027E+00
                          0.9999994376302156E+00
                          0.9999994352050092E+00
                          0.9999994327719679E+00
                          0.9999994303310751E+00
                          0.9999994278823122E+00
                          0.9999994254256632E+00
                          0.9999994229611020E+00
                          0.9999994204886387E+00
                          0.9999994180082259E+00
                          0.9999994155198668E+00
                          0.9999994130235271E+00
                          0.9999994105192110E+00
                          0.9999994080068842E+00
                          0.9999994054865355E+00
                          0.9999994029581477E+00
                          0.9999994004217039E+00
                          0.9999993978771868E+00
                          0.9999993953245794E+00
                          0.9999993927638645E+00
                          0.9999993901950250E+00
                          0.9999993876180434E+00
                          0.9999993850329036E+00
                          0.9999993824395862E+00
                          0.9999993798380701E+00
                          0.9999993772283572E+00
                          0.9999993746104080E+00
                          0.9999993719842152E+00
                          0.9999993693497601E+00
                          0.9999993667070245E+00
                          0.9999993640559917E+00
                          0.9999993613966097E+00
                          0.9999993587289638E+00
                          0.9999993560529381E+00
                          0.9999993533685434E+00
                          0.9999993506757648E+00
                          0.9999993479745842E+00
                          0.9999993452649860E+00
                          0.9999993425469506E+00
                          0.9999993398204576E+00
                          0.9999993370855010E+00
                          0.9999993343420516E+00
                          0.9999993315900957E+00
                          0.9999993288296157E+00
                          0.9999993260605076E+00
                          0.9999993232830136E+00
                          0.9999993204968559E+00
                          0.9999993177021039E+00
                          0.9999993148987398E+00
                          0.9999993120867455E+00
                          0.9999993092661045E+00
                          0.9999993064367979E+00
                          0.9999993035988084E+00
                          0.9999993007521182E+00
                          0.9999992978967096E+00
                          0.9999992950325647E+00
                          0.9999992921596659E+00
                          0.9999992892779952E+00
                          0.9999992863875348E+00
                          0.9999992834882669E+00
                          0.9999992805801736E+00
                          0.9999992776632370E+00
                          0.9999992747374392E+00
                          0.9999992718027623E+00
                          0.9999992688591882E+00
                          0.9999992659066992E+00
                          0.9999992629452689E+00
                          0.9999992599748846E+00
                          0.9999992569955618E+00
                          0.9999992540072322E+00
                          0.9999992510095895E+00
                          0.9999992480035407E+00
                          0.9999992449881419E+00
                          0.9999992419636835E+00
                          0.9999992389301449E+00
                          0.9999992358875162E+00
                          0.9999992328357709E+00
                          0.9999992297748935E+00
                          0.9999992267046176E+00
                          0.9999992236256695E+00
                          0.9999992205372872E+00
                          0.9999992174396997E+00
                          0.9999992143328887E+00
                          0.9999992112168364E+00
                          0.9999992080915243E+00
                          0.9999992049569341E+00
                          0.9999992018130474E+00
                          0.9999991986598458E+00
                          0.9999991954973110E+00
                          0.9999991923254247E+00
                          0.9999991891441681E+00
                          0.9999991859535233E+00
                          0.9999991827534715E+00
                          0.9999991795439938E+00
                          0.9999991763250716E+00
                          0.9999991730966897E+00
                          0.9999991698588254E+00
                          0.9999991666114616E+00
                          0.9999991633545680E+00
                          0.9999991600881613E+00
                          0.9999991568121877E+00
                          0.9999991535266401E+00
                          0.9999991502315002E+00
                          0.9999991469267492E+00
                          0.9999991436123684E+00
                          0.9999991402883392E+00
                          0.9999991369546428E+00
                          0.9999991336112520E+00
                          0.9999991302581736E+00
                          0.9999991268953633E+00
                          0.9999991235228107E+00
                          0.9999991201404969E+00
                          0.9999991167484040E+00
                          0.9999991133465111E+00
                          0.9999991099348028E+00
                          0.9999991065132556E+00
                          0.9999991030818561E+00
                          0.9999990996405810E+00
                          0.9999990961894129E+00
                          0.9999990927283315E+00
                          0.9999990892573214E+00
                          0.9999990857763607E+00
                          0.9999990822854306E+00
                          0.9999990787845128E+00
                          0.9999990752735879E+00
                          0.9999990717526365E+00
                          0.9999990682216409E+00
                          0.9999990646805310E+00
                          0.9999990611294370E+00
                          0.9999990575653157E+00
                          0.9999990539968235E+00
                          0.9999990504153152E+00
                          0.9999990468236470E+00
                          0.9999990432217998E+00
                          0.9999990396097524E+00
                          0.9999990359874911E+00
                          0.9999990323549911E+00
                          0.9999990287122348E+00
                          0.9999990250592029E+00
                          0.9999990213958774E+00
                          0.9999990177222028E+00
                          0.9999990140382644E+00
                          0.9999990103439386E+00
                          0.9999990066392406E+00
                          0.9999990029241511E+00
                          0.9999989991986508E+00
                          0.9999989954627201E+00
                          0.9999989917163398E+00
                          0.9999989879594900E+00
                          0.9999989841921518E+00
                          0.9999989804143053E+00
                          0.9999989766259312E+00
                          0.9999989728270060E+00
                          0.9999989690175214E+00
                          0.9999989651974437E+00
                          0.9999989613667660E+00
                          0.9999989575254598E+00
                          0.9999989536735082E+00
                          0.9999989498108918E+00
                          0.9999989459375908E+00
                          0.9999989420535855E+00
                          0.9999989381588529E+00
                          0.9999989342533836E+00
                          0.9999989303371472E+00
                          0.9999989264101280E+00
                          0.9999989224723057E+00
                          0.9999989185236606E+00
                          0.9999989145641730E+00
                          0.9999989105938223E+00
                          0.9999989066125889E+00
                          0.9999989026204560E+00
                          0.9999988986172644E+00
                          0.9999988946034023E+00
                          0.9999988905784420E+00
                          0.9999988865425007E+00
                          0.9999988824955575E+00
                          0.9999988784375842E+00
                          0.9999988743685857E+00
                          0.9999988702885173E+00
                          0.9999988661973673E+00
                          0.9999988620951158E+00
                          0.9999988579817423E+00
                          0.9999988538572268E+00
                          0.9999988497215485E+00
                          0.9999988455746898E+00
                          0.9999988414166280E+00
                          0.9999988372473437E+00
                          0.9999988330668169E+00
                          0.9999988288750272E+00
                          0.9999988246719547E+00
                          0.9999988204575777E+00
                          0.9999988162318797E+00
                          0.9999988119948368E+00
                          0.9999988077464297E+00
                          0.9999988034866384E+00
                          0.9999987992154424E+00
                          0.9999987949328214E+00
                          0.9999987906387501E+00
                          0.9999987863332144E+00
                          0.9999987820162024E+00
                          0.9999987776876809E+00
                          0.9999987733476294E+00
                          0.9999987689960306E+00
                          0.9999987646328640E+00
                          0.9999987602581090E+00
                          0.9999987558717452E+00
                          0.9999987514737521E+00
                          0.9999987470641091E+00
                          0.9999987426427956E+00
                          0.9999987382097912E+00
                          0.9999987337650752E+00
                          0.9999987293086269E+00
                          0.9999987248404258E+00
                          0.9999987203604513E+00
                          0.9999987158686576E+00
                          0.9999987113650989E+00
                          0.9999987068496802E+00
                          0.9999987023224048E+00
                          0.9999986977832527E+00
                          0.9999986932322026E+00
                          0.9999986886692342E+00
                          0.9999986840943266E+00
                          0.9999986795074587E+00
                          0.9999986749086093E+00
                          0.9999986702977594E+00
                          0.9999986656748863E+00
                          0.9999986610399689E+00
                          0.9999986563929388E+00
                          0.9999986517336600E+00
                          0.9999986470625384E+00
                          0.9999986423794495E+00
                          0.9999986376840014E+00
                          0.9999986329763840E+00
                          0.9999986282565767E+00
                          0.9999986235245578E+00
                          0.9999986187803072E+00
                          0.9999986140238029E+00
                          0.9999986092550243E+00
                          0.9999986044739485E+00
                          0.9999985996805594E+00
                          0.9999985948748309E+00
                          0.9999985900567435E+00
                          0.9999985852262760E+00
                          0.9999985803834005E+00
                          0.9999985755281162E+00
                          0.9999985706603813E+00
                          0.9999985657801812E+00
                          0.9999985608874955E+00
                          0.9999985559823020E+00
                          0.9999985510645613E+00
                          0.9999985461343075E+00
                          0.9999985411914638E+00
                          0.9999985362360273E+00
                          0.9999985312679749E+00
                          0.9999985262872896E+00
                          0.9999985212939473E+00
                          0.9999985162879252E+00
                          0.9999985112692041E+00
                          0.9999985062377619E+00
                          0.9999985011935683E+00
                          0.9999984961366236E+00
                          0.9999984910668918E+00
                          0.9999984859843493E+00
                          0.9999984808889771E+00
                          0.9999984757806972E+00
                          0.9999984706596621E+00
                          0.9999984655256747E+00
                          0.9999984603787720E+00
                          0.9999984552189325E+00
                          0.9999984500461345E+00
                          0.9999984448603562E+00
                          0.9999984396615752E+00
                          0.9999984344497723E+00
                          0.9999984292249227E+00
                          0.9999984239870070E+00
                          0.9999984187360016E+00
                          0.9999984134718762E+00
                          0.9999984081946368E+00
                          0.9999984029042355E+00
                          0.9999983976006570E+00
                          0.9999983922838801E+00
                          0.9999983869538840E+00
                          0.9999983816106458E+00
                          0.9999983762541439E+00
                          0.9999983708843558E+00
                          0.9999983655012615E+00
                          0.9999983601048371E+00
                          0.9999983546950610E+00
                          0.9999983492719116E+00
                          0.9999983438353666E+00
                          0.9999983383854035E+00
                          0.9999983329220016E+00
                          0.9999983274451377E+00
                          0.9999983219547729E+00
                          0.9999983164509364E+00
                          0.9999983109335547E+00
                          0.9999983054026229E+00
                          0.9999982998581186E+00
                          0.9999982943000199E+00
                          0.9999982887283043E+00
                          0.9999982831429499E+00
                          0.9999982775439309E+00
                          0.9999982719312350E+00
                          0.9999982663048301E+00
                          0.9999982606646972E+00
                          0.9999982550108126E+00
                          0.9999982493431581E+00
                          0.9999982436617071E+00
                          0.9999982379664387E+00
                          0.9999982322573279E+00
                          0.9999982265343212E+00
                          0.9999982207975053E+00
                          0.9999982150467410E+00
                          0.9999982092820486E+00
                          0.9999982035034058E+00
                          0.9999981977107736E+00
                          0.9999981919041758E+00
                          0.9999981860835415E+00
                          0.9999981802487943E+00
                          0.9999981744001240E+00
                          0.9999981685372958E+00
                          0.9999981626603308E+00
                          0.9999981567692874E+00
                          0.9999981508640620E+00
                          0.9999981449446587E+00
                          0.9999981390110551E+00
                          0.9999981330632284E+00
                          0.9999981271011559E+00
                          0.9999981211248149E+00
                          0.9999981151341821E+00
                          0.9999981091292364E+00
                          0.9999981031099532E+00
                          0.9999980970763102E+00
                          0.9999980910282853E+00
                          0.9999980849658548E+00
                          0.9999980788889961E+00
                          0.9999980727976866E+00
                          0.9999980666919032E+00
                          0.9999980605716229E+00
                          0.9999980544368229E+00
                          0.9999980482874802E+00
                          0.9999980421235718E+00
                          0.9999980359450749E+00
                          0.9999980297518613E+00
                          0.9999980235442228E+00
                          0.9999980173218220E+00
                          0.9999980110847404E+00
                          0.9999980048329549E+00
                          0.9999979985664426E+00
                          0.9999979922844456E+00
                          0.9999979859891446E+00
                          0.9999979796783128E+00
                          0.9999979733526615E+00
                          0.9999979670121673E+00
                          0.9999979606568079E+00
                          0.9999979542865592E+00
                          0.9999979479013982E+00
                          0.9999979415013016E+00
                          0.9999979350862462E+00
                          0.9999979286562076E+00
                          0.9999979222111657E+00
                          0.9999979157510942E+00
                          0.9999979092759704E+00
                          0.9999979027857714E+00
                          0.9999978962804735E+00
                          0.9999978897600533E+00
                          0.9999978832244875E+00
                          0.9999978766737525E+00
                          0.9999978701078253E+00
                          0.9999978635266817E+00
                          0.9999978569302982E+00
                          0.9999978503186531E+00
                          0.9999978436917206E+00
                          0.9999978370494782E+00
                          0.9999978303919014E+00
                          0.9999978237189688E+00
                          0.9999978170306547E+00
                          0.9999978103269361E+00
                          0.9999978036077896E+00
                          0.9999977968731912E+00
                          0.9999977901231174E+00
                          0.9999977833575449E+00
                          0.9999977765764494E+00
                          0.9999977697798074E+00
                          0.9999977629675951E+00
                          0.9999977561397889E+00
                          0.9999977492963649E+00
                          0.9999977424372992E+00
                          0.9999977355625682E+00
                          0.9999977286721480E+00
                          0.9999977217660146E+00
                          0.9999977148441442E+00
                          0.9999977079065132E+00
                          0.9999977009530974E+00
                          0.9999976939838727E+00
                          0.9999976869988149E+00
                          0.9999976799979019E+00
                          0.9999976729811075E+00
                          0.9999976659484088E+00
                          0.9999976588997814E+00
                          0.9999976518352014E+00
                          0.9999976447546448E+00
                          0.9999976376580835E+00
                          0.9999976305455053E+00
                          0.9999976234168737E+00
                          0.9999976162721701E+00
                          0.9999976091113688E+00
                          0.9999976019344462E+00
                          0.9999975947413778E+00
                          0.9999975875321402E+00
                          0.9999975803067084E+00
                          0.9999975730650584E+00
                          0.9999975658071655E+00
                          0.9999975585330071E+00
                          0.9999975512425572E+00
                          0.9999975439357919E+00
                          0.9999975366126871E+00
                          0.9999975292732183E+00
                          0.9999975219173612E+00
                          0.9999975145450916E+00
                          0.9999975071563847E+00
                          0.9999974997512155E+00
                          0.9999974923295623E+00
                          0.9999974848912936E+00
                          0.9999974774366984E+00
                          0.9999974699651762E+00
                          0.9999974624775972E+00
                          0.9999974549731395E+00
                          0.9999974474520628E+00
                          0.9999974399143211E+00
                          0.9999974323598985E+00
                          0.9999974247887680E+00
                          0.9999974172009077E+00
                          0.9999974095962909E+00
                          0.9999974019748936E+00
                          0.9999973943366909E+00
                          0.9999973866816587E+00
                          0.9999973790097707E+00
                          0.9999973713210056E+00
                          0.9999973636153354E+00
                          0.9999973558927364E+00
                          0.9999973481531839E+00
                          0.9999973403966530E+00
                          0.9999973326231191E+00
                          0.9999973248325568E+00
                          0.9999973170249409E+00
                          0.9999973092002497E+00
                          0.9999973013584519E+00
                          0.9999972934995318E+00
                          0.9999972856234568E+00
                          0.9999972777302044E+00
                          0.9999972698197493E+00
                          0.9999972618920677E+00
                          0.9999972539471336E+00
                          0.9999972459849220E+00
                          0.9999972380054082E+00
                          0.9999972300085670E+00
                          0.9999972219943734E+00
                          0.9999972139628022E+00
                          0.9999972059138285E+00
                          0.9999971978474269E+00
                          0.9999971897635725E+00
                          0.9999971816622401E+00
                          0.9999971735434046E+00
                          0.9999971654070406E+00
                          0.9999971572531231E+00
                          0.9999971490816266E+00
                          0.9999971408925261E+00
                          0.9999971326857963E+00
                          0.9999971244614116E+00
                          0.9999971162193474E+00
                          0.9999971079595777E+00
                          0.9999970996820775E+00
                          0.9999970913868210E+00
                          0.9999970830737752E+00
                          0.9999970747429394E+00
                          0.9999970663942631E+00
                          0.9999970580277295E+00
                          0.9999970496433126E+00
                          0.9999970412409873E+00
                          0.9999970328207269E+00
                          0.9999970243825093E+00
                          0.9999970159263056E+00
                          0.9999970074520916E+00
                          0.9999969989598415E+00
                          0.9999969904495297E+00
                          0.9999969819211303E+00
                          0.9999969733746188E+00
                          0.9999969648099685E+00
                          0.9999969562271539E+00
                          0.9999969476261499E+00
                          0.9999969390069305E+00
                          0.9999969303694698E+00
                          0.9999969217137418E+00
                          0.9999969130397220E+00
                          0.9999969043473835E+00
                          0.9999968956367009E+00
                          0.9999968869076484E+00
                          0.9999968781602002E+00
                          0.9999968693943299E+00
                          0.9999968606100131E+00
                          0.9999968518072229E+00
                          0.9999968429859333E+00
                          0.9999968341461163E+00
                          0.9999968252877531E+00
                          0.9999968164108107E+00
                          0.9999968075152655E+00
                          0.9999967986010915E+00
                          0.9999967896682626E+00
                          0.9999967807167529E+00
                          0.9999967717465365E+00
                          0.9999967627575871E+00
                          0.9999967537498788E+00
                          0.9999967447233855E+00
                          0.9999967356780806E+00
                          0.9999967266139393E+00
                          0.9999967175309324E+00
                          0.9999967084290399E+00
                          0.9999966993082297E+00
                          0.9999966901684766E+00
                          0.9999966810097572E+00
                          0.9999966718320428E+00
                          0.9999966626353075E+00
                          0.9999966534195259E+00
                          0.9999966441846709E+00
                          0.9999966349307166E+00
                          0.9999966256576365E+00
                          0.9999966163654044E+00
                          0.9999966070539940E+00
                          0.9999965977233787E+00
                          0.9999965883735322E+00
                          0.9999965790044283E+00
                          0.9999965696160403E+00
                          0.9999965602083419E+00
                          0.9999965507813041E+00
                          0.9999965413349081E+00
                          0.9999965318691187E+00
                          0.9999965223839149E+00
                          0.9999965128792659E+00
                          0.9999965033551499E+00
                          0.9999964938115365E+00
                          0.9999964842484008E+00
                          0.9999964746657157E+00
                          0.9999964650634549E+00
                          0.9999964554415904E+00
                          0.9999964458000989E+00
                          0.9999964361389505E+00
                          0.9999964264581197E+00
                          0.9999964167575784E+00
                          0.9999964070373035E+00
                          0.9999963972972646E+00
                          0.9999963875374364E+00
                          0.9999963777577918E+00
                          0.9999963679583043E+00
                          0.9999963581389467E+00
                          0.9999963482996924E+00
                          0.9999963384405146E+00
                          0.9999963285613862E+00
                          0.9999963186622806E+00
                          0.9999963087431706E+00
                          0.9999962988040293E+00
                          0.9999962888448299E+00
                          0.9999962788655454E+00
                          0.9999962688661488E+00
                          0.9999962588466130E+00
                          0.9999962488069112E+00
                          0.9999962387470160E+00
                          0.9999962286669007E+00
                          0.9999962185665381E+00
                          0.9999962084459011E+00
                          0.9999961983049624E+00
                          0.9999961881436952E+00
                          0.9999961779620722E+00
                          0.9999961677600661E+00
                          0.9999961575376499E+00
                          0.9999961472947964E+00
                          0.9999961370314783E+00
                          0.9999961267476682E+00
                          0.9999961164433393E+00
                          0.9999961061184620E+00
                          0.9999960957730148E+00
                          0.9999960854069583E+00
                          0.9999960750202865E+00
                          0.9999960646129478E+00
                          0.9999960541849356E+00
                          0.9999960437362082E+00
                          0.9999960332667431E+00
                          0.9999960227765128E+00
                          0.9999960122654897E+00
                          0.9999960017336467E+00
                          0.9999959911809559E+00
                          0.9999959806073901E+00
                          0.9999959700129208E+00
                          0.9999959593975233E+00
                          0.9999959487611672E+00
                          0.9999959381038258E+00
                          0.9999959274254715E+00
                          0.9999959167260769E+00
                          0.9999959060056143E+00
                          0.9999958952640560E+00
                          0.9999958845013721E+00
                          0.9999958737175416E+00
                          0.9999958629125288E+00
                          0.9999958520863121E+00
                          0.9999958412388603E+00
                          0.9999958303701467E+00
                          0.9999958194801433E+00
                          0.9999958085688224E+00
                          0.9999957976361563E+00
                          0.9999957866821171E+00
                          0.9999957757066771E+00
                          0.9999957647098081E+00
                          0.9999957536914829E+00
                          0.9999957426516708E+00
                          0.9999957315903506E+00
                          0.9999957205074879E+00
                          0.9999957094030569E+00
                          0.9999956982770296E+00
                          0.9999956871293781E+00
                          0.9999956759600744E+00
                          0.9999956647690904E+00
                          0.9999956535563982E+00
                          0.9999956423219696E+00
                          0.9999956310657765E+00
                          0.9999956197877909E+00
                          0.9999956084879847E+00
                          0.9999955971663298E+00
                          0.9999955858227980E+00
                          0.9999955744573611E+00
                          0.9999955630699893E+00
                          0.9999955516606593E+00
                          0.9999955402293380E+00
                          0.9999955287759991E+00
                          0.9999955173006138E+00
                          0.9999955058031537E+00
                          0.9999954942835917E+00
                          0.9999954827418982E+00
                          0.9999954711780455E+00
                          0.9999954595920051E+00
                          0.9999954479837464E+00
                          0.9999954363532475E+00
                          0.9999954247004711E+00
                          0.9999954130253990E+00
                          0.9999954013279944E+00
                          0.9999953896082315E+00
                          0.9999953778660819E+00
                          0.9999953661015175E+00
                          0.9999953543145087E+00
                          0.9999953425050264E+00
                          0.9999953306730471E+00
                          0.9999953188185381E+00
                          0.9999953069414702E+00
                          0.9999952950418158E+00
                          0.9999952831195438E+00
                          0.9999952711746333E+00
                          0.9999952592070479E+00
                          0.9999952472167616E+00
                          0.9999952352037454E+00
                          0.9999952231679711E+00
                          0.9999952111094096E+00
                          0.9999951990280321E+00
                          0.9999951869238102E+00
                          0.9999951747967147E+00
                          0.9999951626467172E+00
                          0.9999951504737886E+00
                          0.9999951382779002E+00
                          0.9999951260590231E+00
                          0.9999951138171285E+00
                          0.9999951015521874E+00
                          0.9999950892641709E+00
                          0.9999950769530501E+00
                          0.9999950646187954E+00
                          0.9999950522613801E+00
                          0.9999950398807724E+00
                          0.9999950274769454E+00
                          0.9999950150498688E+00
                          0.9999950025995140E+00
                          0.9999949901258519E+00
                          0.9999949776288536E+00
                          0.9999949651084897E+00
                          0.9999949525647315E+00
                          0.9999949399975495E+00
                          0.9999949274069148E+00
                          0.9999949147927981E+00
                          0.9999949021551704E+00
                          0.9999948894940023E+00
                          0.9999948768092647E+00
                          0.9999948641009283E+00
                          0.9999948513689639E+00
                          0.9999948386133423E+00
                          0.9999948258340341E+00
                          0.9999948130310100E+00
                          0.9999948002042407E+00
                          0.9999947873536970E+00
                          0.9999947744793493E+00
                          0.9999947615811683E+00
                          0.9999947486591246E+00
                          0.9999947357131890E+00
                          0.9999947227433318E+00
                          0.9999947097495236E+00
                          0.9999946967317332E+00
                          0.9999946836899366E+00
                          0.9999946706240986E+00
                          0.9999946575341918E+00
                          0.9999946444201865E+00
                          0.9999946312820531E+00
                          0.9999946181197622E+00
                          0.9999946049332841E+00
                          0.9999945917225891E+00
                          0.9999945784876477E+00
                          0.9999945652284301E+00
                          0.9999945519449068E+00
                          0.9999945386370469E+00
                          0.9999945253048242E+00
                          0.9999945119482055E+00
                          0.9999944985671622E+00
                          0.9999944851616644E+00
                          0.9999944717316825E+00
                          0.9999944582771868E+00
                          0.9999944447981473E+00
                          0.9999944312945341E+00
                          0.9999944177663176E+00
                          0.9999944042134676E+00
                          0.9999943906359546E+00
                          0.9999943770337485E+00
                          0.9999943634068195E+00
                          0.9999943497551373E+00
                          0.9999943360786724E+00
                          0.9999943223773946E+00
                          0.9999943086512739E+00
                          0.9999942949002805E+00
                          0.9999942811243839E+00
                          0.9999942673235546E+00
                          0.9999942534977622E+00
                          0.9999942396469766E+00
                          0.9999942257711679E+00
                          0.9999942118703059E+00
                          0.9999941979443604E+00
                          0.9999941839933013E+00
                          0.9999941700170983E+00
                          0.9999941560157215E+00
                          0.9999941419891405E+00
                          0.9999941279373249E+00
                          0.9999941138602448E+00
                          0.9999940997578698E+00
                          0.9999940856301694E+00
                          0.9999940714771136E+00
                          0.9999940572986720E+00
                          0.9999940430948142E+00
                          0.9999940288655099E+00
                          0.9999940146107287E+00
                          0.9999940003304396E+00
                          0.9999939860246140E+00
                          0.9999939716932196E+00
                          0.9999939573362266E+00
                          0.9999939429536048E+00
                          0.9999939285453233E+00
                          0.9999939141113519E+00
                          0.9999938996516597E+00
                          0.9999938851662167E+00
                          0.9999938706549920E+00
                          0.9999938561179551E+00
                          0.9999938415550754E+00
                          0.9999938269663223E+00
                          0.9999938123516652E+00
                          0.9999937977110733E+00
                          0.9999937830445162E+00
                          0.9999937683519631E+00
                          0.9999937536333833E+00
                          0.9999937388887460E+00
                          0.9999937241180205E+00
                          0.9999937093211761E+00
                          0.9999936944981821E+00
                          0.9999936796490075E+00
                          0.9999936647736217E+00
                          0.9999936498719937E+00
                          0.9999936349440928E+00
                          0.9999936199898881E+00
                          0.9999936050093486E+00
                          0.9999935900024436E+00
                          0.9999935749691420E+00
                          0.9999935599094130E+00
                          0.9999935448232256E+00
                          0.9999935297105488E+00
                          0.9999935145713517E+00
                          0.9999934994056031E+00
                          0.9999934842132722E+00
                          0.9999934689943278E+00
                          0.9999934537487389E+00
                          0.9999934384764745E+00
                          0.9999934231775033E+00
                          0.9999934078517944E+00
                          0.9999933924993165E+00
                          0.9999933771200386E+00
                          0.9999933617139294E+00
                          0.9999933462809577E+00
                          0.9999933308210924E+00
                          0.9999933153343022E+00
                          0.9999932998205560E+00
                          0.9999932842798223E+00
                          0.9999932687120699E+00
                          0.9999932531172677E+00
                          0.9999932374953842E+00
                          0.9999932218463881E+00
                          0.9999932061702479E+00
                          0.9999931904669326E+00
                          0.9999931747364104E+00
                          0.9999931589786502E+00
                          0.9999931431936204E+00
                          0.9999931273812896E+00
                          0.9999931115416264E+00
                          0.9999930956745993E+00
                          0.9999930797801768E+00
                          0.9999930638583273E+00
                          0.9999930479090194E+00
                          0.9999930319322214E+00
                          0.9999930159279019E+00
                          0.9999929998960293E+00
                          0.9999929838365718E+00
                          0.9999929677494980E+00
                          0.9999929516347761E+00
                          0.9999929354923744E+00
                          0.9999929193222614E+00
                          0.9999929031244055E+00
                          0.9999928868987746E+00
                          0.9999928706453373E+00
                          0.9999928543640617E+00
                          0.9999928380549160E+00
                          0.9999928217178686E+00
                          0.9999928053528875E+00
                          0.9999927889599409E+00
                          0.9999927725389972E+00
                          0.9999927560900242E+00
                          0.9999927396129902E+00
                          0.9999927231078634E+00
                          0.9999927065746116E+00
                          0.9999926900132031E+00
                          0.9999926734236059E+00
                          0.9999926568057881E+00
                          0.9999926401597176E+00
                          0.9999926234853623E+00
                          0.9999926067826904E+00
                          0.9999925900516698E+00
                          0.9999925732922684E+00
                          0.9999925565044542E+00
                          0.9999925396881949E+00
                          0.9999925228434586E+00
                          0.9999925059702132E+00
                          0.9999924890684264E+00
                          0.9999924721380661E+00
                          0.9999924551791001E+00
                          0.9999924381914961E+00
                          0.9999924211752220E+00
                          0.9999924041302456E+00
                          0.9999923870565346E+00
                          0.9999923699540567E+00
                          0.9999923528227797E+00
                          0.9999923356626710E+00
                          0.9999923184736986E+00
                          0.9999923012558301E+00
                          0.9999922840090328E+00
                          0.9999922667332748E+00
                          0.9999922494285235E+00
                          0.9999922320947463E+00
                          0.9999922147319110E+00
                          0.9999921973399851E+00
                          0.9999921799189361E+00
                          0.9999921624687313E+00
                          0.9999921449893386E+00
                          0.9999921274807252E+00
                          0.9999921099428586E+00
                          0.9999920923757062E+00
                          0.9999920747792356E+00
                          0.9999920571534139E+00
                          0.9999920394982087E+00
                          0.9999920218135873E+00
                          0.9999920040995171E+00
                          0.9999919863559652E+00
                          0.9999919685828992E+00
                          0.9999919507802864E+00
                          0.9999919329480937E+00
                          0.9999919150862887E+00
                          0.9999918971948386E+00
                          0.9999918792737105E+00
                          0.9999918613228717E+00
                          0.9999918433422892E+00
                          0.9999918253319304E+00
                          0.9999918072917623E+00
                          0.9999917892217521E+00
                          0.9999917711218669E+00
                          0.9999917529920737E+00
                          0.9999917348323397E+00
                          0.9999917166426319E+00
                          0.9999916984229172E+00
                          0.9999916801731629E+00
                          0.9999916618933358E+00
                          0.9999916435834030E+00
                          0.9999916252433313E+00
                          0.9999916068730877E+00
                          0.9999915884726394E+00
                          0.9999915700419528E+00
                          0.9999915515809953E+00
                          0.9999915330897334E+00
                          0.9999915145681342E+00
                          0.9999914960161643E+00
                          0.9999914774337908E+00
                          0.9999914588209803E+00
                          0.9999914401776997E+00
                          0.9999914215039156E+00
                          0.9999914027995950E+00
                          0.9999913840647043E+00
                          0.9999913652992106E+00
                          0.9999913465030803E+00
                          0.9999913276762801E+00
                          0.9999913088187767E+00
                          0.9999912899305369E+00
                          0.9999912710115271E+00
                          0.9999912520617139E+00
                          0.9999912330810641E+00
                          0.9999912140695441E+00
                          0.9999911950271203E+00
                          0.9999911759537595E+00
                          0.9999911568494282E+00
                          0.9999911377140928E+00
                          0.9999911185477197E+00
                          0.9999910993502754E+00
                          0.9999910801217265E+00
                          0.9999910608620393E+00
                          0.9999910415711801E+00
                          0.9999910222491155E+00
                          0.9999910028958117E+00
                          0.9999909835112351E+00
                          0.9999909640953520E+00
                          0.9999909446481288E+00
                          0.9999909251695317E+00
                          0.9999909056595270E+00
                          0.9999908861180811E+00
                          0.9999908665451599E+00
                          0.9999908469407299E+00
                          0.9999908273047573E+00
                          0.9999908076372083E+00
                          0.9999907879380489E+00
                          0.9999907682072453E+00
                          0.9999907484447637E+00
                          0.9999907286505701E+00
                          0.9999907088246308E+00
                          0.9999906889669117E+00
                          0.9999906690773789E+00
                          0.9999906491559986E+00
                          0.9999906292027364E+00
                          0.9999906092175588E+00
                          0.9999905892004315E+00
                          0.9999905691513205E+00
                          0.9999905490701918E+00
                          0.9999905289570113E+00
                          0.9999905088117450E+00
                          0.9999904886343587E+00
                          0.9999904684248182E+00
                          0.9999904481830896E+00
                          0.9999904279091385E+00
                          0.9999904076029309E+00
                          0.9999903872644325E+00
                          0.9999903668936091E+00
                          0.9999903464904265E+00
                          0.9999903260548504E+00
                          0.9999903055868465E+00
                          0.9999902850863808E+00
                          0.9999902645534187E+00
                          0.9999902439879258E+00
                          0.9999902233898681E+00
                          0.9999902027592110E+00
                          0.9999901820959202E+00
                          0.9999901613999612E+00
                          0.9999901406712998E+00
                          0.9999901199099014E+00
                          0.9999900991157316E+00
                          0.9999900782887559E+00
                          0.9999900574289399E+00
                          0.9999900365362490E+00
                          0.9999900156106487E+00
                          0.9999899946521045E+00
                          0.9999899736605818E+00
                          0.9999899526360462E+00
                          0.9999899315784628E+00
                          0.9999899104877972E+00
                          0.9999898893640148E+00
                          0.9999898682070807E+00
                          0.9999898470169605E+00
                          0.9999898257936194E+00
                          0.9999898045370227E+00
                          0.9999897832471357E+00
                          0.9999897619239237E+00
                          0.9999897405673519E+00
                          0.9999897191773855E+00
                          0.9999896977539897E+00
                          0.9999896762971298E+00
                          0.9999896548067708E+00
                          0.9999896332828780E+00
                          0.9999896117254166E+00
                          0.9999895901343514E+00
                          0.9999895685096478E+00
                          0.9999895468512707E+00
                          0.9999895251591854E+00
                          0.9999895034333567E+00
                          0.9999894816737497E+00
                          0.9999894598803294E+00
                          0.9999894380530608E+00
                          0.9999894161919090E+00
                          0.9999893942968386E+00
                          0.9999893723678149E+00
                          0.9999893504048027E+00
                          0.9999893284077670E+00
                          0.9999893063766724E+00
                          0.9999892843114840E+00
                          0.9999892622121666E+00
                          0.9999892400786849E+00
                          0.9999892179110039E+00
                          0.9999891957090883E+00
                          0.9999891734729028E+00
                          0.9999891512024124E+00
                          0.9999891288975815E+00
                          0.9999891065583751E+00
                          0.9999890841847577E+00
                          0.9999890617766941E+00
                          0.9999890393341490E+00
                          0.9999890168570869E+00
                          0.9999889943454725E+00
                          0.9999889717992705E+00
                          0.9999889492184453E+00
                          0.9999889266029616E+00
                          0.9999889039527839E+00
                          0.9999888812678769E+00
                          0.9999888585482050E+00
                          0.9999888357937325E+00
                          0.9999888130044242E+00
                          0.9999887901802444E+00
                          0.9999887673211577E+00
                          0.9999887444271284E+00
                          0.9999887214981208E+00
                          0.9999886985340994E+00
                          0.9999886755350288E+00
                          0.9999886525008730E+00
                          0.9999886294315965E+00
                          0.9999886063271637E+00
                          0.9999885831875387E+00
                          0.9999885600126859E+00
                          0.9999885368025696E+00
                          0.9999885135571540E+00
                          0.9999884902764032E+00
                          0.9999884669602818E+00
                          0.9999884436087536E+00
                          0.9999884202217829E+00
                          0.9999883967993339E+00
                          0.9999883733413707E+00
                          0.9999883498478574E+00
                          0.9999883263187582E+00
                          0.9999883027540371E+00
                          0.9999882791536582E+00
                          0.9999882555175855E+00
                          0.9999882318457830E+00
                          0.9999882081382149E+00
                          0.9999881843948450E+00
                          0.9999881606156373E+00
                          0.9999881368005560E+00
                          0.9999881129495646E+00
                          0.9999880890626274E+00
                          0.9999880651397082E+00
                          0.9999880411807707E+00
                          0.9999880171857790E+00
                          0.9999879931546969E+00
                          0.9999879690874882E+00
                          0.9999879449841167E+00
