 Downwards broadband flux at each level [W/m2]
       92.1066
       73.5230
       58.0867
       45.6059
       35.9675
       28.8678
       23.8069
       20.5955
       18.4735
       16.8939
       15.6779
       14.6635
       13.8661
       13.2281
       12.6663
       12.2202
       11.8185
       11.4720
       11.1692
       10.8486
       10.5443
       10.2722
        9.9644
        9.6451
        9.3288
        9.0060
        8.6739
        8.2937
        7.8990
        7.4935
        7.0995
        6.7022
        6.2988
        5.8485
        5.3536
        4.8093
        4.2530
        3.7097
        3.2390
        2.8622
        2.5510
        2.2195
        1.7847
        1.2770
        0.8269
        0.4878
        0.2547
        0.1225
        0.0589
        0.0313
        0.0000
