 Spectral outgoing shortwave flux [W/m2/cm^-1]
  0.0000E+00
  0.3778E-06
  0.3788E-06
  0.3770E-06
  0.3717E-06
  0.4027E-06
  0.4984E-06
  0.6993E-06
  0.9112E-06
  0.1152E-05
  0.1431E-05
  0.1721E-05
  0.2053E-05
  0.2401E-05
  0.2775E-05
  0.3162E-05
  0.3601E-05
  0.4042E-05
  0.4497E-05
  0.4917E-05
  0.4649E-05
  0.4162E-10
  0.5248E-10
  0.6837E-10
  0.8773E-10
  0.1125E-09
  0.1411E-09
  0.1767E-09
  0.2198E-09
  0.2699E-09
  0.3293E-09
  0.3999E-09
  0.4823E-09
  0.2753E-06
  0.1245E-04
  0.1411E-04
  0.3566E-05
  0.2795E-07
  0.1344E-08
  0.1559E-08
  0.4687E-05
  0.1140E-07
  0.2418E-08
  0.2783E-08
  0.3934E-05
  0.2636E-04
  0.2746E-04
  0.2836E-04
  0.2608E-04
  0.5952E-08
  0.6713E-08
  0.7548E-08
  0.3096E-07
  0.9490E-08
  0.1054E-07
  0.1166E-07
  0.1299E-07
  0.3397E-04
  0.4208E-04
  0.4239E-04
  0.4392E-04
  0.4537E-04
  0.4619E-04
  0.4892E-04
  0.4975E-04
  0.4993E-04
  0.4694E-04
  0.4801E-04
  0.4978E-04
  0.5701E-04
  0.5555E-04
  0.5555E-04
  0.5376E-04
  0.4658E-04
  0.1084E-06
  0.6604E-07
  0.6957E-07
  0.7008E-07
  0.7087E-07
  0.7774E-07
  0.8341E-07
  0.8675E-07
  0.9402E-07
  0.9830E-07
  0.1054E-06
  0.1119E-06
  0.1197E-06
  0.3177E-04
  0.1343E-06
  0.1425E-06
  0.1592E-06
  0.1801E-06
  0.2125E-06
  0.2305E-06
  0.2657E-06
  0.2811E-06
  0.2951E-06
  0.3620E-06
  0.4286E-06
  0.3555E-06
  0.3790E-06
  0.3976E-06
  0.1252E-04
  0.4409E-06
  0.4693E-06
  0.4932E-06
  0.5153E-06
  0.5090E-04
  0.5627E-04
  0.1532E-05
  0.6386E-06
  0.6783E-06
  0.1429E-04
  0.1247E-03
  0.1392E-03
  0.1410E-03
  0.1333E-03
  0.1456E-03
  0.9832E-04
  0.3325E-05
  0.1386E-04
  0.1397E-03
  0.1505E-03
  0.1509E-03
  0.5173E-04
  0.3559E-04
  0.1372E-05
  0.1440E-05
  0.1481E-05
  0.1670E-04
  0.3295E-04
  0.1750E-05
  0.1762E-05
  0.1799E-05
  0.1901E-05
  0.1957E-05
  0.1430E-04
  0.5477E-05
  0.2208E-05
  0.2248E-05
  0.2336E-05
  0.2431E-05
  0.2332E-05
  0.2398E-05
  0.2531E-05
  0.2749E-05
  0.2738E-05
  0.2891E-05
  0.2716E-05
  0.2812E-05
  0.2757E-05
  0.6952E-05
  0.2869E-05
  0.3250E-05
  0.3331E-05
  0.3233E-05
  0.3561E-04
  0.1002E-03
  0.7820E-04
  0.2932E-05
  0.2924E-05
  0.5494E-05
  0.1717E-03
  0.1760E-03
  0.1810E-03
  0.1748E-03
  0.5085E-04
  0.5145E-04
  0.1366E-03
  0.1975E-03
  0.1888E-03
  0.2265E-03
  0.2053E-03
  0.2374E-03
  0.1917E-03
  0.2480E-03
  0.1291E-03
  0.9157E-05
  0.1900E-03
  0.1504E-03
  0.1568E-04
  0.4097E-04
  0.7682E-04
  0.1096E-04
  0.1119E-04
  0.1156E-04
  0.1198E-04
  0.1249E-04
  0.1265E-04
  0.1272E-04
  0.1327E-04
  0.1347E-04
  0.1382E-04
  0.1440E-04
  0.1456E-04
  0.1530E-04
  0.1565E-04
  0.1588E-04
  0.1659E-04
  0.1703E-04
  0.1736E-04
  0.1727E-04
  0.1756E-04
  0.1926E-04
  0.1920E-04
  0.1919E-04
  0.2077E-04
  0.2084E-04
  0.9123E-04
  0.4871E-04
  0.2772E-04
  0.2298E-04
  0.2350E-04
  0.2407E-04
  0.3064E-04
  0.3030E-03
  0.3208E-03
  0.3484E-03
  0.3572E-03
  0.3630E-03
  0.3616E-03
  0.3612E-03
  0.3463E-03
  0.3452E-03
  0.3407E-03
  0.3571E-03
  0.3404E-03
  0.3063E-03
  0.3158E-03
  0.3444E-03
  0.3597E-03
  0.3418E-03
  0.2653E-03
  0.7283E-04
  0.3320E-04
  0.6423E-04
  0.2818E-03
  0.6725E-04
  0.4034E-04
  0.4029E-04
  0.3911E-04
  0.4072E-04
  0.4259E-04
  0.4161E-04
  0.4161E-04
  0.4430E-04
  0.4298E-04
  0.4158E-04
  0.4872E-04
  0.4161E-04
  0.4210E-04
  0.4608E-04
  0.4432E-04
  0.4273E-04
  0.4902E-04
  0.4922E-04
  0.4794E-04
  0.1226E-03
  0.6101E-04
  0.5020E-04
  0.4918E-04
  0.5060E-04
  0.5134E-04
  0.2612E-03
  0.2612E-03
  0.2279E-03
  0.5015E-04
  0.5295E-04
  0.5174E-04
  0.4987E-04
  0.5039E-04
  0.5128E-04
  0.5197E-04
  0.2612E-03
  0.1793E-03
  0.5248E-04
  0.5539E-04
  0.5458E-04
  0.5602E-04
  0.5506E-04
  0.5411E-04
  0.2546E-03
  0.2539E-03
  0.2554E-03
  0.2608E-03
  0.2600E-03
  0.2167E-03
  0.1616E-03
  0.2457E-03
  0.2424E-03
  0.1592E-03
  0.6404E-04
  0.6541E-04
  0.1244E-03
  0.1450E-03
  0.2328E-03
  0.1309E-03
  0.6727E-04
  0.6401E-04
  0.6680E-04
  0.1570E-03
  0.2083E-03
  0.6952E-04
  0.6885E-04
  0.6955E-04
  0.7333E-04
  0.2338E-03
  0.2307E-03
  0.7273E-04
  0.6938E-04
  0.6894E-04
  0.1885E-03
  0.2290E-03
  0.2327E-03
  0.2272E-03
  0.1722E-03
  0.7578E-04
  0.7654E-04
  0.1028E-03
  0.8200E-04
  0.1767E-03
  0.2067E-03
  0.7947E-04
  0.7903E-04
  0.8019E-04
  0.8076E-04
  0.8078E-04
  0.8177E-04
  0.8214E-04
  0.8383E-04
  0.8307E-04
  0.8273E-04
  0.8282E-04
  0.8393E-04
  0.2013E-03
  0.2152E-03
  0.2054E-03
  0.2159E-03
  0.2079E-03
  0.2012E-03
  0.2085E-03
  0.2111E-03
  0.2058E-03
  0.2081E-03
  0.2035E-03
  0.2019E-03
  0.1614E-03
  0.1446E-03
  0.1970E-03
  0.1987E-03
  0.1994E-03
  0.1949E-03
  0.1290E-03
  0.1047E-03
  0.1432E-03
  0.1886E-03
  0.1958E-03
  0.1784E-03
  0.1002E-03
  0.1024E-03
  0.1898E-03
  0.1932E-03
  0.1849E-03
  0.1822E-03
  0.1874E-03
  0.1659E-03
  0.1702E-03
  0.1863E-03
  0.1969E-03
  0.1890E-03
  0.1890E-03
  0.1658E-03
  0.1516E-03
  0.1674E-03
  0.1327E-03
  0.1072E-03
  0.1130E-03
  0.1836E-03
  0.1668E-03
  0.1136E-03
  0.1143E-03
  0.1142E-03
  0.1781E-03
  0.1728E-03
  0.1144E-03
  0.1147E-03
  0.1369E-03
  0.1848E-03
  0.1865E-03
  0.1850E-03
  0.1878E-03
  0.1839E-03
  0.1817E-03
  0.1829E-03
  0.1770E-03
  0.1816E-03
  0.1809E-03
  0.1795E-03
  0.1793E-03
  0.1810E-03
  0.1776E-03
  0.1779E-03
  0.1758E-03
  0.1763E-03
  0.1815E-03
  0.1842E-03
  0.1794E-03
  0.1769E-03
  0.1722E-03
  0.1730E-03
  0.1706E-03
  0.1657E-03
  0.1720E-03
  0.1723E-03
  0.1678E-03
  0.1753E-03
  0.1728E-03
  0.1765E-03
  0.1736E-03
  0.1739E-03
  0.1727E-03
  0.1732E-03
  0.1697E-03
  0.1603E-03
  0.1675E-03
  0.1656E-03
  0.1664E-03
  0.1612E-03
  0.1550E-03
  0.1396E-03
  0.1628E-03
  0.1668E-03
  0.1587E-03
  0.1386E-03
  0.1383E-03
  0.1737E-03
  0.1681E-03
  0.1728E-03
  0.1798E-03
  0.1712E-03
  0.1699E-03
  0.1791E-03
  0.1741E-03
  0.1627E-03
  0.1659E-03
  0.1626E-03
  0.1714E-03
  0.1620E-03
  0.1682E-03
  0.1681E-03
  0.1644E-03
  0.1626E-03
  0.1745E-03
  0.1715E-03
  0.1693E-03
  0.1730E-03
  0.1658E-03
  0.1712E-03
  0.1552E-03
  0.1465E-03
  0.1344E-03
  0.1487E-03
  0.1642E-03
  0.1662E-03
  0.1584E-03
  0.1574E-03
  0.1505E-03
  0.1561E-03
  0.1314E-03
  0.1372E-03
  0.1350E-03
  0.1469E-03
  0.1424E-03
  0.1420E-03
  0.1452E-03
  0.1632E-03
  0.1565E-03
  0.1567E-03
  0.1597E-03
  0.1615E-03
  0.1570E-03
  0.1564E-03
  0.1672E-03
  0.1709E-03
  0.1708E-03
  0.1678E-03
  0.1727E-03
  0.1564E-03
  0.1617E-03
  0.1707E-03
  0.1719E-03
  0.1672E-03
  0.1647E-03
  0.1580E-03
  0.1590E-03
  0.1530E-03
  0.1680E-03
  0.1606E-03
  0.1632E-03
  0.1625E-03
  0.1528E-03
  0.1571E-03
  0.1571E-03
  0.1467E-03
  0.1509E-03
  0.1402E-03
  0.1458E-03
  0.1458E-03
  0.1480E-03
  0.1420E-03
  0.1308E-03
  0.1405E-03
  0.1424E-03
  0.1359E-03
  0.1402E-03
  0.1308E-03
  0.1267E-03
  0.1410E-03
  0.1293E-03
  0.1267E-03
  0.1330E-03
  0.1219E-03
  0.1451E-03
  0.1448E-03
  0.1480E-03
  0.1465E-03
  0.1557E-03
  0.1630E-03
  0.1716E-03
  0.1716E-03
  0.1716E-03
  0.1702E-03
  0.1655E-03
  0.1638E-03
  0.1663E-03
  0.1597E-03
  0.1607E-03
  0.1602E-03
  0.1613E-03
  0.1559E-03
  0.1568E-03
  0.1526E-03
  0.1646E-03
  0.1416E-03
  0.1456E-03
  0.1458E-03
  0.1323E-03
  0.1287E-03
  0.1258E-03
  0.1187E-03
  0.1162E-03
  0.1125E-03
  0.9314E-04
  0.8454E-04
  0.8044E-04
  0.7696E-04
  0.8293E-04
  0.8127E-04
  0.7134E-04
  0.5932E-04
  0.5629E-04
  0.6644E-04
  0.7320E-04
  0.6161E-04
  0.7064E-04
  0.7545E-04
  0.6914E-04
  0.8620E-04
  0.8640E-04
  0.7806E-04
  0.6847E-04
  0.5927E-04
  0.6646E-04
  0.5670E-04
  0.4768E-04
  0.4732E-04
  0.4011E-04
  0.5577E-04
  0.7483E-04
  0.6907E-04
  0.6503E-04
  0.7451E-04
  0.7163E-04
  0.6518E-04
  0.7173E-04
  0.6696E-04
  0.5924E-04
  0.6003E-04
  0.5786E-04
  0.5213E-04
  0.6051E-04
  0.5937E-04
  0.5009E-04
  0.5520E-04
  0.4983E-04
  0.5144E-04
  0.5585E-04
  0.6130E-04
  0.4945E-04
  0.6345E-04
  0.5217E-04
  0.4828E-04
  0.5946E-04
  0.4855E-04
  0.4655E-04
  0.5030E-04
  0.4419E-04
  0.3760E-04
  0.3580E-04
  0.3209E-04
  0.2860E-04
  0.2738E-04
  0.2736E-04
  0.2393E-04
  0.2288E-04
  0.2284E-04
  0.2414E-04
  0.3133E-04
  0.5118E-04
  0.4434E-04
  0.4295E-04
  0.3902E-04
  0.3246E-04
  0.3230E-04
  0.3295E-04
  0.2754E-04
  0.2641E-04
  0.2941E-04
  0.2859E-04
  0.2509E-04
  0.3482E-04
  0.4069E-04
  0.3528E-04
  0.3493E-04
  0.2840E-04
  0.2950E-04
  0.2864E-04
  0.2430E-04
  0.2399E-04
  0.2552E-04
  0.2373E-04
  0.2158E-04
  0.3107E-04
  0.3243E-04
  0.3784E-04
  0.3954E-04
  0.3659E-04
  0.3523E-04
  0.3481E-04
  0.3855E-04
  0.4576E-04
  0.3952E-04
  0.5471E-04
  0.5276E-04
  0.5165E-04
  0.4769E-04
  0.4295E-04
  0.4737E-04
  0.4481E-04
  0.4273E-04
  0.4306E-04
  0.4851E-04
  0.4476E-04
  0.4070E-04
  0.5346E-04
  0.5611E-04
  0.5974E-04
  0.5156E-04
  0.5598E-04
  0.5212E-04
  0.5100E-04
  0.4575E-04
  0.5022E-04
  0.5008E-04
  0.4940E-04
  0.4430E-04
  0.5131E-04
  0.5153E-04
  0.5642E-04
  0.5756E-04
  0.6269E-04
  0.6633E-04
  0.6400E-04
  0.7042E-04
  0.8384E-04
  0.7907E-04
  0.7979E-04
  0.7203E-04
  0.7516E-04
  0.7492E-04
  0.6463E-04
  0.5018E-04
  0.6787E-04
  0.5766E-04
  0.5258E-04
  0.5022E-04
  0.5545E-04
  0.5604E-04
  0.4994E-04
  0.5931E-04
  0.5188E-04
  0.4806E-04
  0.6150E-04
  0.5545E-04
  0.5164E-04
  0.4328E-04
  0.3555E-04
  0.4393E-04
  0.3286E-04
  0.3506E-04
  0.4144E-04
  0.3994E-04
  0.3801E-04
  0.3901E-04
  0.3534E-04
  0.4031E-04
  0.4052E-04
  0.4598E-04
  0.4194E-04
  0.3597E-04
  0.5114E-04
  0.5706E-04
  0.4838E-04
  0.4772E-04
  0.5058E-04
  0.3697E-04
  0.3604E-04
  0.4070E-04
  0.4522E-04
  0.4340E-04
  0.3478E-04
  0.3310E-04
  0.3781E-04
  0.2726E-04
  0.4339E-04
  0.4991E-04
  0.4011E-04
  0.5373E-04
  0.5326E-04
  0.3691E-04
  0.4764E-04
  0.3961E-04
  0.4444E-04
  0.5388E-04
  0.4325E-04
  0.4912E-04
  0.5864E-04
  0.5388E-04
  0.4476E-04
  0.4939E-04
  0.3140E-04
  0.4960E-04
  0.5676E-04
  0.6444E-04
  0.5341E-04
  0.5457E-04
  0.5723E-04
  0.5411E-04
  0.2867E-04
  0.2833E-04
  0.4579E-04
  0.3240E-04
  0.3244E-04
  0.4869E-04
  0.4340E-04
  0.4039E-04
  0.3695E-04
  0.2398E-04
  0.2417E-04
  0.2962E-04
  0.1947E-04
  0.1803E-04
  0.1836E-04
  0.1036E-04
  0.3067E-04
  0.3987E-04
  0.2256E-04
  0.3327E-04
  0.2981E-04
  0.2525E-04
  0.2371E-04
  0.2981E-04
  0.2504E-04
  0.3351E-04
  0.2545E-04
  0.2310E-04
  0.2573E-04
  0.2654E-04
  0.2464E-04
  0.2758E-04
  0.3156E-04
  0.2279E-04
  0.3681E-04
  0.2552E-04
  0.3089E-04
  0.2893E-04
  0.2152E-04
  0.1851E-04
  0.2130E-04
  0.2359E-04
  0.2889E-04
  0.2615E-04
  0.2187E-04
  0.2135E-04
  0.2456E-04
  0.1895E-04
  0.2255E-04
  0.4887E-04
  0.5452E-04
  0.4186E-04
  0.5080E-04
  0.5153E-04
  0.3835E-04
  0.5545E-04
  0.4853E-04
  0.4554E-04
  0.4632E-04
  0.3950E-04
  0.3137E-04
  0.3209E-04
  0.2746E-04
  0.2864E-04
  0.3095E-04
  0.2719E-04
  0.2468E-04
  0.2892E-04
  0.2763E-04
  0.2682E-04
  0.2478E-04
  0.2173E-04
  0.2218E-04
  0.1271E-04
  0.1999E-04
  0.2207E-04
  0.2647E-04
  0.2601E-04
  0.2294E-04
  0.2878E-04
  0.2005E-04
  0.1686E-04
  0.2908E-04
  0.3788E-04
  0.4199E-04
  0.2771E-04
  0.3811E-04
  0.2283E-04
  0.3205E-04
  0.3521E-04
  0.3908E-04
  0.2485E-04
  0.3388E-04
  0.3933E-04
  0.3025E-04
  0.3276E-04
  0.2061E-04
  0.2704E-04
  0.2249E-04
  0.3149E-04
  0.3923E-04
  0.2865E-04
  0.1733E-04
  0.2514E-04
  0.2239E-04
  0.1932E-04
  0.2703E-04
  0.2992E-04
  0.3095E-04
  0.3475E-04
  0.1915E-04
  0.1903E-04
  0.2283E-04
  0.2384E-04
  0.2668E-04
  0.2047E-04
  0.3056E-04
  0.3003E-04
  0.2706E-04
  0.3222E-04
  0.2315E-04
  0.1619E-04
  0.2393E-04
  0.2091E-04
  0.2251E-04
  0.1351E-04
  0.2084E-04
  0.2798E-04
  0.2641E-04
  0.2978E-04
  0.3058E-04
  0.2197E-04
  0.2008E-04
  0.2327E-04
  0.1824E-04
  0.2088E-04
  0.1257E-04
  0.2064E-04
  0.1472E-04
  0.8850E-05
  0.1702E-04
  0.2286E-04
  0.1996E-04
  0.9483E-05
  0.1879E-04
  0.1209E-04
  0.1578E-04
  0.1758E-04
  0.1905E-04
  0.8747E-05
  0.1617E-04
  0.1895E-04
  0.1278E-04
  0.9972E-05
  0.8207E-05
  0.1389E-04
  0.1339E-04
  0.1978E-04
  0.2422E-04
  0.1739E-04
  0.1539E-04
  0.2074E-04
  0.1389E-04
  0.1237E-04
  0.2017E-04
  0.1480E-04
  0.8771E-05
  0.1324E-04
  0.1428E-04
  0.1125E-04
  0.6204E-05
  0.8629E-05
  0.6828E-05
  0.8270E-05
  0.4113E-05
  0.7511E-05
  0.7836E-05
  0.3157E-05
  0.6097E-05
  0.1088E-04
  0.9474E-05
  0.4697E-05
  0.4123E-05
  0.1028E-04
  0.1267E-04
  0.6781E-05
  0.4128E-05
  0.2639E-05
  0.1681E-05
  0.5205E-05
  0.4817E-05
  0.8306E-05
  0.1488E-04
  0.3699E-05
  0.6848E-05
  0.1069E-04
  0.7436E-05
  0.1212E-04
  0.1119E-04
  0.6325E-05
  0.7556E-05
  0.5875E-05
  0.7074E-05
  0.1232E-04
  0.1043E-04
  0.4964E-05
  0.1014E-04
  0.6851E-05
  0.5217E-05
  0.4300E-05
  0.9681E-05
  0.1278E-04
  0.5791E-05
  0.7820E-05
  0.6750E-05
  0.1053E-04
  0.6406E-05
  0.8364E-05
  0.7172E-05
  0.1103E-04
  0.1091E-04
  0.7621E-05
  0.4735E-05
  0.6391E-05
  0.5297E-05
  0.5339E-05
  0.5330E-05
  0.4647E-05
  0.5647E-05
  0.5125E-05
  0.3021E-05
  0.5433E-05
  0.4936E-05
  0.1183E-05
  0.3627E-05
  0.5053E-05
  0.8382E-05
  0.1027E-04
  0.7975E-05
  0.7055E-05
  0.5505E-05
  0.5324E-05
  0.5512E-05
  0.6844E-05
  0.4276E-05
  0.3852E-05
  0.2178E-05
  0.2310E-05
  0.1328E-05
  0.4446E-06
  0.9571E-06
  0.8945E-06
  0.1414E-05
  0.2600E-05
  0.1581E-05
  0.1323E-05
  0.1112E-05
  0.8688E-06
  0.2717E-06
  0.4748E-06
  0.1031E-05
  0.9063E-06
  0.1318E-05
  0.2433E-05
  0.2401E-05
  0.9103E-06
  0.1724E-05
  0.6651E-06
  0.1166E-05
  0.1719E-05
  0.8478E-06
  0.1065E-05
  0.9843E-06
  0.8490E-06
  0.1801E-05
  0.1971E-05
  0.9748E-06
  0.6818E-06
  0.4258E-06
  0.1250E-05
  0.1523E-05
  0.1686E-05
  0.1766E-05
  0.9632E-06
  0.1114E-05
  0.1027E-05
  0.9977E-06
  0.3715E-06
  0.5178E-06
  0.9866E-06
  0.1870E-05
  0.3050E-05
  0.1828E-05
  0.2865E-05
  0.8930E-06
  0.1812E-05
  0.2156E-05
  0.9830E-06
  0.3507E-05
  0.2770E-05
  0.2022E-05
  0.2091E-05
  0.1975E-05
  0.9681E-06
  0.1199E-05
  0.7076E-06
  0.1467E-05
  0.9506E-06
  0.3308E-06
  0.2799E-06
  0.5269E-06
  0.3810E-06
  0.2717E-06
  0.5048E-06
  0.5991E-06
  0.6744E-06
  0.2129E-06
  0.3611E-06
  0.9157E-06
  0.1219E-05
  0.5190E-06
  0.4907E-06
  0.2273E-05
  0.2018E-05
  0.1112E-05
  0.2371E-05
  0.5345E-06
  0.1270E-05
  0.5717E-06
  0.1024E-05
  0.1094E-05
  0.8624E-06
  0.1978E-05
  0.1525E-05
  0.1990E-05
  0.1049E-05
  0.1053E-05
  0.7993E-06
  0.6412E-06
  0.8419E-06
  0.1521E-05
  0.8279E-06
  0.8078E-06
  0.6341E-06
  0.1768E-05
  0.9990E-06
  0.5301E-06
  0.7243E-06
  0.6968E-06
  0.5691E-06
  0.3745E-06
  0.3453E-06
  0.8061E-06
  0.6425E-06
  0.2414E-06
  0.4639E-06
  0.3439E-06
  0.3931E-06
  0.2020E-06
  0.2280E-06
  0.5354E-06
  0.5296E-06
  0.5493E-06
  0.4325E-06
  0.7546E-06
  0.9512E-06
  0.4469E-06
  0.1119E-05
  0.9326E-06
  0.4250E-06
  0.1169E-05
  0.1895E-05
  0.5572E-06
  0.8133E-06
  0.8826E-06
  0.5005E-06
  0.1951E-06
  0.4791E-06
  0.5728E-06
  0.2694E-06
  0.4584E-06
  0.8092E-06
  0.8629E-06
  0.5920E-06
  0.3326E-06
  0.1943E-06
  0.4224E-06
  0.1878E-06
  0.5965E-06
  0.3881E-06
  0.8222E-06
  0.5113E-06
  0.1236E-06
  0.3767E-06
  0.4247E-06
  0.1965E-06
  0.2339E-06
  0.3064E-06
  0.2863E-06
  0.4244E-06
  0.3492E-06
  0.2759E-06
  0.1618E-06
  0.1169E-06
  0.1396E-06
  0.2841E-06
  0.2799E-06
  0.4914E-06
  0.5106E-06
  0.4718E-06
  0.3030E-06
  0.4881E-06
  0.2760E-06
  0.8553E-07
  0.4415E-06
  0.3830E-06
  0.2693E-06
  0.4011E-06
  0.2976E-06
  0.4798E-06
  0.1745E-06
  0.2548E-06
  0.5036E-06
  0.2847E-06
  0.3600E-06
  0.3036E-06
  0.3102E-06
  0.1851E-06
  0.1604E-06
  0.2250E-06
  0.3362E-06
  0.1475E-06
  0.2274E-06
  0.2166E-06
  0.4331E-06
  0.2048E-06
  0.2893E-06
  0.3844E-06
  0.2303E-06
  0.4015E-06
  0.3176E-06
  0.2071E-06
  0.2704E-06
  0.2487E-06
  0.1963E-06
  0.2018E-06
  0.2894E-06
  0.1295E-06
  0.1537E-06
  0.2527E-06
  0.4265E-06
  0.2191E-06
  0.8095E-07
  0.7365E-06
  0.4020E-06
  0.3093E-06
  0.4236E-06
  0.3210E-06
  0.2788E-06
  0.1791E-06
  0.2191E-06
  0.2322E-06
  0.2484E-06
  0.1154E-06
  0.1260E-06
  0.2646E-06
  0.2011E-06
  0.2732E-06
  0.1187E-06
  0.1640E-06
  0.2313E-06
  0.1342E-06
  0.7348E-07
  0.1115E-06
  0.1384E-06
  0.1108E-06
  0.1268E-06
  0.1189E-06
  0.1204E-06
  0.1221E-06
  0.1073E-06
  0.7995E-07
  0.9475E-07
  0.5076E-07
  0.1780E-06
  0.8893E-07
  0.8338E-07
  0.9410E-07
  0.1250E-06
  0.9919E-07
  0.8891E-07
  0.6679E-07
  0.9328E-07
  0.1143E-06
  0.3007E-07
  0.7679E-07
  0.1287E-06
  0.3276E-07
  0.7936E-07
  0.1562E-06
  0.1171E-06
  0.1781E-06
  0.7090E-07
  0.9570E-07
  0.7218E-07
  0.1175E-06
  0.5045E-07
  0.3430E-07
  0.1570E-06
  0.9852E-07
  0.1008E-06
  0.1236E-06
  0.9548E-07
  0.3955E-07
  0.3480E-07
  0.4816E-07
  0.1276E-06
  0.6470E-07
  0.3378E-07
  0.4041E-07
  0.7438E-07
  0.7125E-07
  0.6399E-07
  0.5388E-07
  0.4596E-07
  0.3864E-07
  0.5805E-07
  0.6273E-07
  0.6485E-07
  0.4202E-07
  0.4076E-07
  0.2476E-07
  0.6050E-07
  0.3909E-07
  0.2378E-07
  0.3258E-07
  0.3546E-07
  0.5806E-07
  0.3703E-07
  0.2248E-07
  0.3166E-07
  0.3688E-07
  0.2958E-07
  0.3787E-07
  0.8280E-07
  0.9858E-08
  0.3527E-07
  0.2860E-07
  0.2573E-07
  0.1836E-07
  0.1459E-07
  0.2865E-07
  0.2766E-07
  0.1819E-07
  0.2568E-07
  0.2698E-07
  0.1661E-07
  0.2158E-07
  0.1488E-07
  0.2494E-07
  0.2882E-07
  0.2401E-07
  0.2183E-07
  0.8237E-08
  0.1859E-07
  0.5761E-08
  0.6581E-08
  0.1595E-07
  0.1921E-07
  0.2015E-07
  0.1940E-07
  0.9653E-08
  0.2239E-07
  0.1468E-07
  0.1021E-07
  0.1544E-07
  0.1930E-07
  0.1005E-07
  0.1861E-07
  0.1567E-07
  0.4604E-08
  0.9512E-08
  0.9705E-08
  0.1999E-07
  0.1402E-07
  0.1341E-07
  0.1096E-07
  0.8671E-08
  0.1038E-07
  0.6241E-08
  0.8710E-08
  0.1795E-07
  0.2215E-07
  0.1679E-07
  0.9463E-08
  0.8731E-08
  0.1368E-07
  0.9196E-08
  0.6742E-08
  0.1260E-07
  0.6793E-08
  0.9925E-08
  0.1543E-07
  0.8373E-08
  0.1292E-07
  0.1283E-07
  0.1344E-07
  0.6057E-08
  0.1066E-07
  0.8867E-08
  0.9157E-08
  0.1141E-07
  0.1357E-07
  0.1390E-07
  0.8241E-08
  0.5662E-08
  0.6785E-08
  0.8538E-08
  0.7820E-08
  0.7823E-08
  0.6313E-08
  0.9762E-08
  0.1433E-07
  0.5827E-08
  0.7869E-08
  0.1039E-07
  0.6463E-08
  0.6260E-08
  0.7764E-08
  0.6371E-08
  0.7234E-08
  0.4625E-08
  0.4815E-08
  0.3022E-08
  0.5477E-08
  0.4089E-08
  0.6331E-08
  0.3844E-08
  0.5126E-08
  0.3850E-08
  0.2527E-08
  0.3039E-08
  0.1640E-08
  0.2127E-09
  0.5801E-09
  0.1730E-08
  0.2364E-08
  0.3568E-08
  0.4566E-08
  0.3051E-08
  0.3525E-08
  0.5074E-08
  0.3200E-08
  0.3882E-08
  0.5277E-08
  0.7133E-08
  0.4178E-08
  0.3378E-08
  0.3349E-08
  0.3486E-08
  0.4237E-08
  0.3707E-08
  0.3054E-08
  0.4295E-08
  0.2869E-08
  0.3084E-08
  0.3259E-08
  0.3361E-08
  0.2626E-08
  0.2803E-08
  0.1784E-08
  0.2548E-08
  0.5879E-09
  0.2686E-08
  0.2797E-08
  0.2557E-08
  0.1729E-08
  0.1561E-08
  0.3079E-08
  0.1245E-08
  0.1481E-08
  0.1343E-08
  0.3471E-08
  0.4061E-08
  0.1889E-08
  0.6667E-09
  0.2076E-08
  0.2131E-08
  0.2477E-08
  0.1710E-08
  0.6607E-09
  0.1524E-08
  0.7819E-09
  0.2290E-08
  0.2156E-08
  0.1220E-08
  0.1551E-08
  0.2000E-08
  0.1593E-08
  0.1663E-08
  0.1542E-08
  0.1299E-08
  0.8504E-09
  0.1691E-08
  0.8819E-09
  0.1532E-08
  0.1110E-08
  0.1540E-08
  0.2093E-08
  0.1055E-08
  0.1106E-08
  0.4377E-09
  0.3118E-09
  0.1276E-08
  0.6482E-09
  0.1366E-08
  0.6286E-09
  0.1935E-08
  0.1152E-08
  0.6841E-09
  0.9229E-09
  0.1055E-08
  0.7947E-09
  0.4444E-09
  0.4827E-09
  0.2058E-09
  0.7057E-09
  0.1038E-08
  0.1263E-08
  0.8804E-09
  0.8159E-09
  0.1659E-08
  0.9682E-09
  0.7785E-09
  0.3412E-09
  0.9489E-09
  0.7590E-09
  0.2526E-09
  0.7752E-09
  0.3220E-09
  0.7182E-09
  0.3972E-09
  0.8224E-09
  0.5986E-09
  0.4507E-09
  0.7362E-09
  0.6125E-09
  0.5573E-09
  0.1674E-08
  0.2819E-09
  0.1163E-08
  0.2348E-09
  0.1591E-09
  0.7682E-09
  0.7793E-09
  0.8578E-09
  0.7565E-09
  0.7049E-09
  0.1228E-08
  0.7852E-09
  0.9395E-09
  0.3798E-09
  0.7841E-09
  0.6044E-09
  0.4899E-09
  0.8269E-09
  0.3545E-09
  0.8533E-09
  0.6157E-09
  0.3505E-09
  0.2094E-09
  0.1151E-09
  0.1606E-09
  0.4583E-09
  0.3062E-09
  0.5225E-09
  0.1756E-09
  0.3191E-09
  0.5445E-09
  0.2527E-09
  0.3777E-09
  0.3674E-09
  0.7333E-10
  0.4013E-10
  0.3610E-09
  0.1621E-10
  0.6164E-10
  0.9383E-10
  0.1330E-09
  0.3188E-09
  0.1376E-09
  0.1875E-09
  0.3983E-09
  0.3916E-09
  0.3295E-09
  0.2110E-09
  0.7204E-10
  0.2435E-09
  0.5496E-10
  0.1388E-10
  0.3919E-10
  0.9397E-10
  0.2319E-09
  0.2248E-09
  0.2866E-09
  0.2357E-09
  0.3059E-09
  0.3867E-09
  0.4836E-09
  0.1409E-09
  0.1754E-09
  0.4367E-09
  0.2965E-09
  0.1318E-09
  0.3076E-09
  0.2745E-09
  0.3724E-09
  0.2337E-09
  0.1659E-09
  0.1413E-09
  0.6976E-10
  0.1347E-09
  0.1548E-09
  0.7700E-10
  0.1131E-09
  0.1532E-09
  0.5161E-10
  0.3990E-10
  0.1194E-09
  0.1084E-09
  0.5058E-10
  0.5868E-10
  0.1199E-09
  0.4694E-10
  0.1289E-10
  0.7539E-10
  0.4592E-10
  0.8015E-10
  0.9090E-10
  0.9867E-10
  0.7873E-10
  0.1198E-09
  0.2448E-10
  0.3875E-10
  0.3068E-10
  0.4401E-10
  0.3983E-10
  0.2790E-10
  0.1484E-10
  0.1492E-10
  0.2758E-10
  0.3129E-10
  0.1065E-10
  0.9580E-10
  0.1051E-09
  0.1521E-09
  0.9952E-10
  0.1443E-09
  0.6468E-10
  0.5424E-10
  0.2715E-10
  0.1134E-09
  0.3644E-10
  0.6052E-10
  0.1858E-10
  0.2632E-10
  0.3783E-10
  0.7091E-11
  0.4009E-10
  0.3052E-10
  0.1213E-09
  0.5848E-10
  0.9302E-10
  0.9876E-10
  0.7897E-10
  0.8391E-10
  0.1205E-09
  0.5874E-10
  0.7542E-10
  0.4473E-10
  0.8812E-10
  0.6541E-10
  0.3073E-10
  0.3390E-10
  0.1719E-10
  0.5868E-10
  0.1528E-09
  0.6308E-10
  0.8152E-10
  0.3296E-10
  0.1849E-10
  0.2438E-11
  0.1382E-11
  0.2810E-11
  0.3387E-11
  0.3657E-12
  0.9743E-11
  0.7089E-11
  0.5328E-11
  0.4583E-10
  0.2382E-10
  0.3420E-10
  0.6209E-11
  0.6139E-10
  0.6067E-10
  0.8492E-11
  0.2083E-10
  0.2281E-10
  0.1919E-10
  0.3519E-10
  0.7240E-11
  0.2333E-11
  0.5910E-11
  0.5731E-11
  0.1260E-10
  0.3741E-11
  0.1082E-10
  0.4718E-10
  0.1316E-10
  0.9732E-10
  0.1680E-10
  0.2601E-10
  0.1968E-11
  0.1964E-10
  0.2103E-10
  0.1290E-11
  0.1064E-11
  0.2304E-11
  0.1149E-11
  0.4687E-11
  0.1872E-11
  0.3283E-12
  0.2740E-11
  0.3898E-10
  0.2101E-10
  0.4570E-11
  0.1087E-10
  0.2066E-11
  0.2451E-11
  0.2427E-11
  0.4253E-11
  0.1153E-11
  0.2147E-11
  0.1621E-11
  0.7272E-12
  0.4141E-12
  0.1816E-12
  0.2040E-11
  0.8033E-11
  0.1926E-10
  0.2694E-10
  0.1243E-10
  0.3387E-11
  0.1008E-10
  0.4871E-11
  0.3797E-11
  0.4017E-11
  0.1796E-10
  0.6418E-11
  0.5740E-11
  0.9170E-11
  0.9847E-11
  0.8791E-11
  0.3831E-11
  0.1519E-10
  0.5284E-11
  0.1466E-10
  0.1248E-10
  0.3073E-10
  0.6441E-11
  0.1172E-10
  0.4935E-11
  0.1062E-10
  0.2097E-11
  0.4130E-12
  0.3013E-11
  0.4595E-12
  0.4335E-12
  0.4672E-12
  0.9935E-13
  0.2653E-13
  0.2918E-11
  0.1806E-10
  0.2402E-11
  0.4647E-11
  0.9110E-11
  0.5238E-11
  0.1826E-11
  0.3222E-11
  0.2328E-11
  0.4740E-11
  0.1281E-11
  0.1206E-11
  0.3946E-12
  0.2691E-11
  0.3406E-12
  0.9567E-12
  0.1117E-11
  0.1655E-11
  0.5257E-11
  0.1146E-11
  0.1318E-11
  0.4466E-11
  0.4366E-11
  0.1097E-12
  0.1237E-11
  0.2315E-11
  0.1885E-11
  0.5769E-11
  0.6083E-12
  0.2966E-12
  0.3521E-12
  0.2083E-12
  0.1010E-12
  0.8449E-11
  0.7723E-11
  0.5678E-11
  0.7407E-11
  0.5101E-11
  0.4683E-11
  0.3471E-11
  0.1679E-11
  0.6980E-12
  0.6087E-12
  0.1984E-12
  0.1108E-11
  0.2255E-12
  0.5838E-12
  0.9274E-12
  0.1394E-11
  0.3985E-11
  0.2537E-11
  0.1996E-11
  0.1157E-11
  0.4332E-12
  0.1124E-11
  0.8455E-12
  0.5184E-12
  0.2479E-11
  0.1687E-11
  0.9275E-12
  0.5409E-13
  0.4280E-13
  0.2014E-13
  0.5207E-12
  0.6773E-13
  0.7890E-12
  0.1754E-11
  0.5881E-12
  0.5181E-12
  0.3517E-12
  0.1365E-11
  0.2453E-12
  0.3317E-12
  0.7785E-12
  0.1214E-12
  0.3914E-12
  0.6794E-12
  0.1481E-12
  0.2678E-13
  0.4254E-13
  0.4799E-11
  0.1353E-11
  0.5008E-12
  0.3366E-12
  0.3719E-12
  0.4800E-12
  0.1259E-11
  0.1161E-11
  0.1537E-12
  0.6574E-13
  0.6057E-13
  0.2013E-11
  0.2831E-12
  0.6899E-13
  0.1134E-12
  0.1188E-12
  0.1011E-13
  0.3798E-12
  0.1213E-11
  0.1072E-11
  0.1712E-11
  0.6247E-12
  0.9202E-13
  0.2309E-12
  0.3551E-12
  0.7822E-12
  0.3841E-12
  0.5816E-13
  0.2331E-12
  0.3191E-12
  0.1243E-12
  0.7577E-12
  0.1322E-13
  0.3110E-12
  0.1843E-11
  0.2169E-11
  0.1239E-11
  0.5890E-12
  0.3438E-12
  0.2721E-12
  0.2987E-12
  0.3979E-12
  0.1433E-13
  0.3376E-14
  0.6626E-13
  0.1333E-12
  0.1336E-12
  0.5810E-12
  0.3066E-13
  0.1351E-12
  0.1552E-11
  0.2266E-12
  0.3341E-13
  0.4772E-13
  0.6737E-13
  0.5895E-12
  0.1136E-12
  0.2048E-12
  0.2163E-12
  0.1556E-12
  0.5061E-13
  0.2337E-13
  0.1671E-12
  0.1116E-11
  0.5701E-13
  0.3462E-12
  0.1648E-12
  0.1892E-13
  0.7991E-14
  0.4733E-13
  0.1081E-12
  0.1747E-12
  0.1203E-12
  0.8534E-13
  0.1199E-11
  0.2419E-12
  0.3050E-12
  0.1663E-12
  0.4125E-13
  0.3376E-13
  0.1282E-13
  0.4056E-12
  0.3411E-12
  0.1111E-11
  0.1726E-12
  0.2149E-12
  0.1083E-12
  0.9765E-13
  0.3498E-13
  0.1188E-12
  0.1601E-12
  0.5189E-13
  0.3232E-12
  0.2989E-12
  0.3354E-12
  0.8697E-13
  0.5363E-13
  0.2310E-12
  0.1201E-12
  0.1124E-12
  0.5837E-12
  0.1798E-12
  0.5309E-13
  0.5311E-13
  0.1502E-12
  0.1223E-12
  0.1640E-12
  0.2049E-12
  0.1363E-12
  0.6831E-13
  0.7153E-13
  0.2302E-12
  0.6310E-13
  0.7754E-13
  0.6153E-13
  0.3773E-13
  0.2896E-13
  0.4085E-13
  0.2568E-13
  0.4502E-13
  0.4513E-13
  0.4816E-13
  0.5095E-13
  0.1574E-12
  0.1118E-12
  0.1597E-12
  0.5181E-13
  0.9679E-13
  0.1484E-12
  0.1178E-12
  0.1231E-12
  0.7543E-13
  0.5458E-13
  0.3568E-13
  0.6329E-13
  0.8869E-13
  0.2667E-13
  0.4909E-13
  0.6563E-13
  0.8244E-13
  0.5960E-13
  0.5932E-13
  0.7677E-13
  0.2160E-13
  0.7148E-13
  0.8866E-13
  0.7710E-13
  0.3661E-13
  0.7702E-13
  0.1240E-12
  0.9864E-13
  0.3235E-13
  0.4558E-13
  0.2173E-13
  0.1986E-13
  0.4829E-13
  0.4228E-13
  0.2776E-13
  0.4826E-13
  0.6487E-13
  0.6692E-13
  0.3242E-13
  0.8554E-13
  0.2735E-13
  0.1862E-13
  0.7180E-13
  0.7273E-13
  0.8000E-13
  0.2818E-13
  0.5431E-13
  0.1048E-12
  0.7135E-13
  0.2697E-13
  0.4707E-13
  0.4277E-13
  0.5214E-13
  0.1124E-13
  0.5335E-13
  0.8541E-13
  0.2910E-13
  0.3320E-12
