 Species molar concentration at each layer [mol/mol]
  0.9900E+00
  0.1000E-01
  0.0000E+00
  0.2161E-10
  0.9900E+00
  0.1000E-01
  0.0000E+00
  0.3730E-10
  0.9900E+00
  0.1000E-01
  0.0000E+00
  0.3730E-10
  0.9900E+00
  0.1000E-01
  0.0000E+00
  0.3730E-10
  0.9900E+00
  0.1000E-01
  0.0000E+00
  0.3730E-10
  0.9900E+00
  0.1000E-01
  0.0000E+00
  0.3730E-10
  0.9900E+00
  0.1000E-01
  0.0000E+00
  0.3730E-10
  0.9900E+00
  0.1000E-01
  0.0000E+00
  0.3730E-10
  0.9900E+00
  0.1000E-01
  0.0000E+00
  0.3730E-10
  0.9900E+00
  0.1000E-01
  0.0000E+00
  0.3730E-10
  0.9900E+00
  0.1000E-01
  0.0000E+00
  0.3730E-10
  0.9900E+00
  0.1000E-01
  0.0000E+00
  0.3730E-10
  0.9900E+00
  0.1000E-01
  0.0000E+00
  0.3730E-10
  0.9900E+00
  0.1000E-01
  0.0000E+00
  0.3730E-10
  0.9900E+00
  0.1000E-01
  0.0000E+00
  0.3730E-10
  0.9900E+00
  0.1000E-01
  0.0000E+00
  0.3730E-10
  0.9900E+00
  0.1000E-01
  0.0000E+00
  0.3730E-10
  0.9900E+00
  0.1000E-01
  0.0000E+00
  0.3730E-10
  0.9900E+00
  0.1000E-01
  0.0000E+00
  0.3730E-10
  0.9900E+00
  0.1000E-01
  0.0000E+00
  0.3730E-10
  0.9900E+00
  0.1000E-01
  0.0000E+00
  0.3730E-10
  0.9900E+00
  0.1000E-01
  0.0000E+00
  0.3730E-10
  0.9900E+00
  0.1000E-01
  0.0000E+00
  0.3730E-10
  0.9900E+00
  0.1000E-01
  0.0000E+00
  0.3730E-10
  0.9900E+00
  0.1000E-01
  0.0000E+00
  0.3730E-10
  0.9900E+00
  0.1000E-01
  0.0000E+00
  0.3730E-10
  0.9900E+00
  0.1000E-01
  0.0000E+00
  0.3730E-10
  0.9900E+00
  0.1000E-01
  0.0000E+00
  0.3730E-10
  0.9900E+00
  0.1000E-01
  0.0000E+00
  0.3730E-10
  0.9900E+00
  0.1000E-01
  0.0000E+00
  0.3730E-10
  0.9900E+00
  0.1000E-01
  0.0000E+00
  0.3730E-10
  0.9900E+00
  0.1000E-01
  0.0000E+00
  0.3730E-10
  0.9900E+00
  0.1000E-01
  0.0000E+00
  0.3730E-10
  0.9900E+00
  0.1000E-01
  0.0000E+00
  0.3730E-10
  0.9900E+00
  0.1000E-01
  0.0000E+00
  0.3730E-10
  0.9900E+00
  0.1000E-01
  0.0000E+00
  0.3730E-10
  0.9900E+00
  0.1000E-01
  0.0000E+00
  0.3730E-10
  0.9900E+00
  0.1000E-01
  0.0000E+00
  0.3730E-10
  0.9900E+00
  0.1000E-01
  0.0000E+00
  0.3730E-10
  0.9900E+00
  0.1000E-01
  0.0000E+00
  0.3730E-10
  0.9900E+00
  0.1000E-01
  0.0000E+00
  0.3730E-10
  0.9900E+00
  0.1000E-01
  0.0000E+00
  0.3730E-10
  0.9900E+00
  0.1000E-01
  0.0000E+00
  0.3730E-10
  0.9900E+00
  0.1000E-01
  0.0000E+00
  0.3730E-10
  0.9900E+00
  0.1000E-01
  0.0000E+00
  0.3730E-10
  0.9900E+00
  0.1000E-01
  0.0000E+00
  0.3730E-10
  0.9900E+00
  0.1000E-01
  0.0000E+00
  0.3730E-10
  0.9900E+00
  0.1000E-01
  0.0000E+00
  0.3730E-10
  0.9900E+00
  0.1000E-01
  0.0000E+00
  0.3730E-10
  0.9900E+00
  0.1000E-01
  0.0000E+00
  0.3730E-10
