 Downwards broadband flux at each level [W/m2]
        2.9414
        3.4516
        3.5326
        3.5361
        3.5041
        3.4595
        3.4056
        3.3446
        3.2788
        3.2101
        3.1265
        3.0452
        2.9583
        2.8735
        2.7820
        2.6822
        2.5942
        2.5037
        2.4057
        2.3167
        2.2250
        2.1394
        2.0547
        1.9866
        1.9285
        1.8795
        1.8281
        1.7738
        1.7166
        1.6561
        1.5918
        1.5235
        1.4508
        1.3741
        1.2937
        1.2105
        1.1250
        1.0365
        0.9418
        0.8366
        0.7205
        0.5972
        0.4734
        0.3562
        0.2480
        0.1487
        0.0730
        0.0342
        0.0211
        0.0135
        0.0000
