 Spectral outgoing shortwave flux [W/m2/cm^-1]
  0.0000E+00
  0.3796E-06
  0.3796E-06
  0.3795E-06
  0.3790E-06
  0.4079E-06
  0.5174E-06
  0.7039E-06
  0.9222E-06
  0.1160E-05
  0.1433E-05
  0.1714E-05
  0.2055E-05
  0.2402E-05
  0.2776E-05
  0.3162E-05
  0.3601E-05
  0.4042E-05
  0.4519E-05
  0.5019E-05
  0.5534E-05
  0.5948E-05
  0.4302E-05
  0.1130E-06
  0.3506E-12
  0.4498E-12
  0.5640E-12
  0.7062E-12
  0.8785E-12
  0.1079E-11
  0.1316E-11
  0.1193E-04
  0.8321E-05
  0.1432E-04
  0.1518E-04
  0.1626E-04
  0.1718E-04
  0.1802E-04
  0.1430E-04
  0.1838E-04
  0.2087E-04
  0.2195E-04
  0.1996E-04
  0.1893E-04
  0.2521E-04
  0.2636E-04
  0.2747E-04
  0.2837E-04
  0.2959E-04
  0.2923E-04
  0.6800E-05
  0.1317E-04
  0.3340E-04
  0.3360E-04
  0.1148E-04
  0.6503E-05
  0.3606E-04
  0.4101E-04
  0.4210E-04
  0.4242E-04
  0.4399E-04
  0.4541E-04
  0.4622E-04
  0.4909E-04
  0.4979E-04
  0.5005E-04
  0.4882E-04
  0.5083E-04
  0.4993E-04
  0.5705E-04
  0.5560E-04
  0.5563E-04
  0.5478E-04
  0.5613E-04
  0.5821E-04
  0.3967E-04
  0.2838E-09
  0.2711E-06
  0.2443E-04
  0.5400E-04
  0.5512E-04
  0.1500E-05
  0.3759E-09
  0.3930E-09
  0.4679E-07
  0.3976E-04
  0.6431E-04
  0.6496E-04
  0.6607E-04
  0.2719E-06
  0.6368E-09
  0.7201E-09
  0.8497E-09
  0.9217E-09
  0.1062E-08
  0.1124E-08
  0.2950E-08
  0.1065E-03
  0.1059E-03
  0.9429E-04
  0.2173E-04
  0.1008E-03
  0.1126E-03
  0.1017E-03
  0.7591E-05
  0.2727E-05
  0.1107E-03
  0.1256E-03
  0.1274E-03
  0.1266E-03
  0.1119E-03
  0.1256E-03
  0.1349E-03
  0.1356E-03
  0.1396E-03
  0.1440E-03
  0.1418E-03
  0.1469E-03
  0.1460E-03
  0.1498E-03
  0.1431E-03
  0.1535E-03
  0.1518E-03
  0.1555E-03
  0.1614E-03
  0.1590E-03
  0.1545E-03
  0.1641E-03
  0.1421E-03
  0.1672E-03
  0.1722E-03
  0.1695E-03
  0.1586E-03
  0.1255E-03
  0.7613E-08
  0.1662E-03
  0.1695E-03
  0.1780E-03
  0.1419E-03
  0.1502E-04
  0.9361E-08
  0.9743E-08
  0.9347E-08
  0.9613E-08
  0.1014E-07
  0.1102E-07
  0.1098E-07
  0.1159E-07
  0.1089E-07
  0.1128E-07
  0.1106E-07
  0.1622E-03
  0.1021E-03
  0.1548E-03
  0.1647E-03
  0.1604E-03
  0.1618E-03
  0.1480E-03
  0.1422E-03
  0.1185E-03
  0.1166E-03
  0.1501E-03
  0.1918E-03
  0.1801E-03
  0.1845E-03
  0.1779E-03
  0.1836E-03
  0.1932E-03
  0.1787E-03
  0.2034E-03
  0.1910E-03
  0.2288E-03
  0.2076E-03
  0.2458E-03
  0.2273E-03
  0.2772E-03
  0.2791E-03
  0.1649E-03
  0.2852E-03
  0.2817E-03
  0.2839E-03
  0.2869E-03
  0.2895E-03
  0.2861E-03
  0.2627E-03
  0.1713E-04
  0.4849E-07
  0.2985E-03
  0.2938E-03
  0.1368E-03
  0.6594E-05
  0.2218E-04
  0.1375E-05
  0.5811E-07
  0.5875E-07
  0.6174E-07
  0.6318E-07
  0.6785E-07
  0.6699E-07
  0.6880E-07
  0.7012E-07
  0.1250E-03
  0.5559E-04
  0.7786E-07
  0.7763E-07
  0.7762E-07
  0.3263E-03
  0.3379E-03
  0.3521E-03
  0.3518E-03
  0.3421E-03
  0.3333E-03
  0.4795E-04
  0.1635E-04
  0.3569E-03
  0.3580E-03
  0.3563E-03
  0.3600E-03
  0.3663E-03
  0.3718E-03
  0.3711E-03
  0.3711E-03
  0.3608E-03
  0.3836E-03
  0.3587E-03
  0.3687E-03
  0.3791E-03
  0.3711E-03
  0.3695E-03
  0.3780E-03
  0.3715E-03
  0.3609E-03
  0.3813E-03
  0.3695E-03
  0.3307E-03
  0.3718E-03
  0.3839E-03
  0.3536E-03
  0.3528E-03
  0.3484E-03
  0.3483E-03
  0.3470E-03
  0.3017E-03
  0.2121E-03
  0.2776E-03
  0.3223E-03
  0.3327E-03
  0.2966E-03
  0.3413E-04
  0.2502E-05
  0.2614E-04
  0.3210E-03
  0.2794E-03
  0.1755E-06
  0.2043E-06
  0.3077E-03
  0.3337E-03
  0.3339E-03
  0.3436E-03
  0.2451E-03
  0.1623E-03
  0.2166E-03
  0.3032E-03
  0.3174E-03
  0.3079E-03
  0.3255E-03
  0.2974E-03
  0.2051E-04
  0.3046E-03
  0.2809E-03
  0.3568E-04
  0.2631E-03
  0.2921E-03
  0.2756E-03
  0.2742E-03
  0.2697E-03
  0.1716E-03
  0.2822E-05
  0.2401E-06
  0.2290E-06
  0.2405E-03
  0.2713E-03
  0.2757E-03
  0.2726E-03
  0.2738E-03
  0.2784E-03
  0.2711E-03
  0.2565E-03
  0.2838E-03
  0.2838E-03
  0.2783E-03
  0.2701E-03
  0.2260E-03
  0.2625E-03
  0.2695E-03
  0.2690E-03
  0.2690E-03
  0.2693E-03
  0.2257E-03
  0.2184E-03
  0.2613E-03
  0.2587E-03
  0.2610E-03
  0.1957E-03
  0.1529E-03
  0.2447E-03
  0.2548E-03
  0.2566E-03
  0.2524E-03
  0.3864E-04
  0.2283E-03
  0.2416E-03
  0.2411E-03
  0.2473E-03
  0.2409E-03
  0.2376E-03
  0.2361E-03
  0.2370E-03
  0.2308E-03
  0.2252E-03
  0.2401E-03
  0.2310E-03
  0.2285E-03
  0.2260E-03
  0.2270E-03
  0.2170E-03
  0.2240E-03
  0.4086E-06
  0.3536E-06
  0.2221E-03
  0.2156E-03
  0.1077E-03
  0.1294E-05
  0.2195E-03
  0.2083E-03
  0.2227E-03
  0.2119E-03
  0.2226E-03
  0.2157E-03
  0.2102E-03
  0.2167E-03
  0.2180E-03
  0.2118E-03
  0.2134E-03
  0.2094E-03
  0.2086E-03
  0.2129E-03
  0.2088E-03
  0.2122E-03
  0.2031E-03
  0.2036E-03
  0.2013E-03
  0.2030E-03
  0.1967E-03
  0.2003E-03
  0.1913E-03
  0.1982E-03
  0.1959E-03
  0.1610E-03
  0.1929E-03
  0.1921E-03
  0.1941E-03
  0.1862E-03
  0.1827E-03
  0.1896E-03
  0.1936E-03
  0.1932E-03
  0.1867E-03
  0.1961E-03
  0.1876E-03
  0.1888E-03
  0.1871E-03
  0.1905E-03
  0.1834E-03
  0.1915E-03
  0.1061E-03
  0.1859E-03
  0.1870E-03
  0.1838E-03
  0.1849E-03
  0.1787E-03
  0.1175E-03
  0.1832E-03
  0.1808E-03
  0.1769E-03
  0.1773E-03
  0.1784E-03
  0.1772E-03
  0.1783E-03
  0.1764E-03
  0.1787E-03
  0.1745E-03
  0.1721E-03
  0.1730E-03
  0.1697E-03
  0.1717E-03
  0.1698E-03
  0.1679E-03
  0.1673E-03
  0.1684E-03
  0.1649E-03
  0.1656E-03
  0.1638E-03
  0.1626E-03
  0.1667E-03
  0.1687E-03
  0.1639E-03
  0.1640E-03
  0.1606E-03
  0.1566E-03
  0.1539E-03
  0.1495E-03
  0.1543E-03
  0.1544E-03
  0.1501E-03
  0.1559E-03
  0.1532E-03
  0.1560E-03
  0.1529E-03
  0.1529E-03
  0.1514E-03
  0.1514E-03
  0.1500E-03
  0.1424E-03
  0.1454E-03
  0.1430E-03
  0.1429E-03
  0.1395E-03
  0.1466E-03
  0.1426E-03
  0.1382E-03
  0.1408E-03
  0.1369E-03
  0.1354E-03
  0.1345E-03
  0.1444E-03
  0.1393E-03
  0.1425E-03
  0.1486E-03
  0.1440E-03
  0.1393E-03
  0.1456E-03
  0.1410E-03
  0.1312E-03
  0.1334E-03
  0.1302E-03
  0.1374E-03
  0.1295E-03
  0.1332E-03
  0.1325E-03
  0.1291E-03
  0.1272E-03
  0.1359E-03
  0.1331E-03
  0.1308E-03
  0.1333E-03
  0.1278E-03
  0.1317E-03
  0.1275E-03
  0.1263E-03
  0.1143E-03
  0.1117E-03
  0.1228E-03
  0.1237E-03
  0.1174E-03
  0.1162E-03
  0.1107E-03
  0.1143E-03
  0.9581E-04
  0.9962E-04
  0.9757E-04
  0.1058E-03
  0.1021E-03
  0.1013E-03
  0.1032E-03
  0.1155E-03
  0.1104E-03
  0.1099E-03
  0.1115E-03
  0.1123E-03
  0.1088E-03
  0.1081E-03
  0.1153E-03
  0.1168E-03
  0.1162E-03
  0.1137E-03
  0.1166E-03
  0.1051E-03
  0.1081E-03
  0.1137E-03
  0.1139E-03
  0.1104E-03
  0.1082E-03
  0.1034E-03
  0.1035E-03
  0.9919E-04
  0.1084E-03
  0.1033E-03
  0.1046E-03
  0.1035E-03
  0.9690E-04
  0.9914E-04
  0.9875E-04
  0.9179E-04
  0.9403E-04
  0.8721E-04
  0.9189E-04
  0.9136E-04
  0.9062E-04
  0.8685E-04
  0.8149E-04
  0.8585E-04
  0.8565E-04
  0.8131E-04
  0.8354E-04
  0.7759E-04
  0.7484E-04
  0.8292E-04
  0.7567E-04
  0.7381E-04
  0.7714E-04
  0.7038E-04
  0.8345E-04
  0.8289E-04
  0.8437E-04
  0.8313E-04
  0.8800E-04
  0.9173E-04
  0.9612E-04
  0.9571E-04
  0.9525E-04
  0.9409E-04
  0.9110E-04
  0.8979E-04
  0.9075E-04
  0.8679E-04
  0.8693E-04
  0.8632E-04
  0.8653E-04
  0.8328E-04
  0.8339E-04
  0.8080E-04
  0.8678E-04
  0.7435E-04
  0.7610E-04
  0.7591E-04
  0.6856E-04
  0.6644E-04
  0.6464E-04
  0.6075E-04
  0.5923E-04
  0.5708E-04
  0.4709E-04
  0.4261E-04
  0.4032E-04
  0.3842E-04
  0.4123E-04
  0.4025E-04
  0.3523E-04
  0.2913E-04
  0.2752E-04
  0.3236E-04
  0.3553E-04
  0.2976E-04
  0.3398E-04
  0.3615E-04
  0.3299E-04
  0.4097E-04
  0.4090E-04
  0.3681E-04
  0.3215E-04
  0.2773E-04
  0.3097E-04
  0.2631E-04
  0.2204E-04
  0.2179E-04
  0.1840E-04
  0.2548E-04
  0.3406E-04
  0.3131E-04
  0.2936E-04
  0.3352E-04
  0.3210E-04
  0.2910E-04
  0.3190E-04
  0.2966E-04
  0.2614E-04
  0.2639E-04
  0.2535E-04
  0.2275E-04
  0.2631E-04
  0.2571E-04
  0.2161E-04
  0.2373E-04
  0.2135E-04
  0.2195E-04
  0.2375E-04
  0.2597E-04
  0.2087E-04
  0.2669E-04
  0.2186E-04
  0.2016E-04
  0.2474E-04
  0.2013E-04
  0.1923E-04
  0.2071E-04
  0.1813E-04
  0.1537E-04
  0.1458E-04
  0.1303E-04
  0.1157E-04
  0.1104E-04
  0.1099E-04
  0.9582E-05
  0.9128E-05
  0.9081E-05
  0.9566E-05
  0.1237E-04
  0.2014E-04
  0.1739E-04
  0.1679E-04
  0.1520E-04
  0.1261E-04
  0.1250E-04
  0.1271E-04
  0.1059E-04
  0.1012E-04
  0.1124E-04
  0.1089E-04
  0.9524E-05
  0.1318E-04
  0.1534E-04
  0.1326E-04
  0.1309E-04
  0.1061E-04
  0.1098E-04
  0.1063E-04
  0.8992E-05
  0.8851E-05
  0.9387E-05
  0.8701E-05
  0.7889E-05
  0.1132E-04
  0.1178E-04
  0.1371E-04
  0.1428E-04
  0.1317E-04
  0.1264E-04
  0.1246E-04
  0.1375E-04
  0.1628E-04
  0.1402E-04
  0.1935E-04
  0.1860E-04
  0.1816E-04
  0.1672E-04
  0.1501E-04
  0.1651E-04
  0.1557E-04
  0.1480E-04
  0.1488E-04
  0.1672E-04
  0.1538E-04
  0.1394E-04
  0.1827E-04
  0.1912E-04
  0.2030E-04
  0.1747E-04
  0.1891E-04
  0.1756E-04
  0.1714E-04
  0.1533E-04
  0.1678E-04
  0.1669E-04
  0.1642E-04
  0.1469E-04
  0.1697E-04
  0.1699E-04
  0.1856E-04
  0.1888E-04
  0.2051E-04
  0.2165E-04
  0.2083E-04
  0.2286E-04
  0.2715E-04
  0.2554E-04
  0.2570E-04
  0.2314E-04
  0.2409E-04
  0.2395E-04
  0.2061E-04
  0.1596E-04
  0.2154E-04
  0.1825E-04
  0.1660E-04
  0.1582E-04
  0.1742E-04
  0.1756E-04
  0.1561E-04
  0.1850E-04
  0.1614E-04
  0.1492E-04
  0.1904E-04
  0.1713E-04
  0.1591E-04
  0.1331E-04
  0.1091E-04
  0.1344E-04
  0.1003E-04
  0.1068E-04
  0.1259E-04
  0.1211E-04
  0.1150E-04
  0.1177E-04
  0.1064E-04
  0.1211E-04
  0.1215E-04
  0.1375E-04
  0.1251E-04
  0.1071E-04
  0.1519E-04
  0.1691E-04
  0.1431E-04
  0.1408E-04
  0.1489E-04
  0.1086E-04
  0.1057E-04
  0.1191E-04
  0.1320E-04
  0.1264E-04
  0.1011E-04
  0.9600E-05
  0.1094E-04
  0.7873E-05
  0.1251E-04
  0.1435E-04
  0.1151E-04
  0.1539E-04
  0.1522E-04
  0.1053E-04
  0.1356E-04
  0.1125E-04
  0.1260E-04
  0.1524E-04
  0.1221E-04
  0.1384E-04
  0.1649E-04
  0.1512E-04
  0.1254E-04
  0.1380E-04
  0.8760E-05
  0.1381E-04
  0.1577E-04
  0.1787E-04
  0.1478E-04
  0.1507E-04
  0.1578E-04
  0.1489E-04
  0.7874E-05
  0.7766E-05
  0.1253E-04
  0.8850E-05
  0.8844E-05
  0.1325E-04
  0.1179E-04
  0.1095E-04
  0.9997E-05
  0.6477E-05
  0.6515E-05
  0.7971E-05
  0.5228E-05
  0.4834E-05
  0.4912E-05
  0.2768E-05
  0.8177E-05
  0.1061E-04
  0.5994E-05
  0.8822E-05
  0.7893E-05
  0.6672E-05
  0.6256E-05
  0.7850E-05
  0.6582E-05
  0.8793E-05
  0.6666E-05
  0.6040E-05
  0.6717E-05
  0.6917E-05
  0.6411E-05
  0.7162E-05
  0.8181E-05
  0.5900E-05
  0.9511E-05
  0.6583E-05
  0.7954E-05
  0.7439E-05
  0.5523E-05
  0.4744E-05
  0.5449E-05
  0.6025E-05
  0.7365E-05
  0.6656E-05
  0.5558E-05
  0.5417E-05
  0.6221E-05
  0.4792E-05
  0.5695E-05
  0.1232E-04
  0.1372E-04
  0.1052E-04
  0.1275E-04
  0.1291E-04
  0.9592E-05
  0.1385E-04
  0.1210E-04
  0.1134E-04
  0.1151E-04
  0.9803E-05
  0.7773E-05
  0.7939E-05
  0.6784E-05
  0.7065E-05
  0.7622E-05
  0.6687E-05
  0.6059E-05
  0.7089E-05
  0.6764E-05
  0.6556E-05
  0.6047E-05
  0.5295E-05
  0.5398E-05
  0.3088E-05
  0.4850E-05
  0.5346E-05
  0.6402E-05
  0.6283E-05
  0.5532E-05
  0.6931E-05
  0.4823E-05
  0.4049E-05
  0.6974E-05
  0.9071E-05
  0.1004E-04
  0.6616E-05
  0.9086E-05
  0.5435E-05
  0.7622E-05
  0.8361E-05
  0.9266E-05
  0.5883E-05
  0.8010E-05
  0.9286E-05
  0.7132E-05
  0.7715E-05
  0.4845E-05
  0.6350E-05
  0.5274E-05
  0.7373E-05
  0.9174E-05
  0.6690E-05
  0.4041E-05
  0.5856E-05
  0.5208E-05
  0.4488E-05
  0.6270E-05
  0.6932E-05
  0.7160E-05
  0.8029E-05
  0.4419E-05
  0.4386E-05
  0.5254E-05
  0.5480E-05
  0.6125E-05
  0.4693E-05
  0.6996E-05
  0.6867E-05
  0.6180E-05
  0.7349E-05
  0.5272E-05
  0.3683E-05
  0.5438E-05
  0.4745E-05
  0.5103E-05
  0.3057E-05
  0.4712E-05
  0.6317E-05
  0.5954E-05
  0.6707E-05
  0.6877E-05
  0.4935E-05
  0.4506E-05
  0.5215E-05
  0.4083E-05
  0.4668E-05
  0.2807E-05
  0.4604E-05
  0.3279E-05
  0.1969E-05
  0.3781E-05
  0.5074E-05
  0.4424E-05
  0.2100E-05
  0.4156E-05
  0.2670E-05
  0.3481E-05
  0.3873E-05
  0.4191E-05
  0.1923E-05
  0.3550E-05
  0.4157E-05
  0.2800E-05
  0.2182E-05
  0.1794E-05
  0.3032E-05
  0.2920E-05
  0.4307E-05
  0.5268E-05
  0.3777E-05
  0.3340E-05
  0.4496E-05
  0.3007E-05
  0.2675E-05
  0.4358E-05
  0.3195E-05
  0.1891E-05
  0.2850E-05
  0.3072E-05
  0.2416E-05
  0.1331E-05
  0.1850E-05
  0.1462E-05
  0.1769E-05
  0.8786E-06
  0.1603E-05
  0.1670E-05
  0.6723E-06
  0.1297E-05
  0.2311E-05
  0.2011E-05
  0.9958E-06
  0.8732E-06
  0.2176E-05
  0.2677E-05
  0.1431E-05
  0.8704E-06
  0.5559E-06
  0.3538E-06
  0.1094E-05
  0.1011E-05
  0.1742E-05
  0.3118E-05
  0.7743E-06
  0.1432E-05
  0.2232E-05
  0.1551E-05
  0.2527E-05
  0.2330E-05
  0.1316E-05
  0.1570E-05
  0.1219E-05
  0.1467E-05
  0.2551E-05
  0.2158E-05
  0.1026E-05
  0.2093E-05
  0.1413E-05
  0.1075E-05
  0.8853E-06
  0.1991E-05
  0.2626E-05
  0.1189E-05
  0.1603E-05
  0.1383E-05
  0.2154E-05
  0.1310E-05
  0.1708E-05
  0.1463E-05
  0.2248E-05
  0.2222E-05
  0.1550E-05
  0.9621E-06
  0.1297E-05
  0.1074E-05
  0.1082E-05
  0.1079E-05
  0.9397E-06
  0.1141E-05
  0.1034E-05
  0.6090E-06
  0.1094E-05
  0.9932E-06
  0.2378E-06
  0.7284E-06
  0.1014E-05
  0.1680E-05
  0.2057E-05
  0.1596E-05
  0.1410E-05
  0.1099E-05
  0.1062E-05
  0.1099E-05
  0.1363E-05
  0.8507E-06
  0.7657E-06
  0.4324E-06
  0.4582E-06
  0.2632E-06
  0.8804E-07
  0.1894E-06
  0.1768E-06
  0.2792E-06
  0.5131E-06
  0.3117E-06
  0.2605E-06
  0.2187E-06
  0.1708E-06
  0.5336E-07
  0.9317E-07
  0.2022E-06
  0.1775E-06
  0.2579E-06
  0.4756E-06
  0.4691E-06
  0.1777E-06
  0.3363E-06
  0.1296E-06
  0.2269E-06
  0.3343E-06
  0.1647E-06
  0.2067E-06
  0.1909E-06
  0.1645E-06
  0.3487E-06
  0.3814E-06
  0.1884E-06
  0.1317E-06
  0.8216E-07
  0.2409E-06
  0.2934E-06
  0.3245E-06
  0.3396E-06
  0.1851E-06
  0.2139E-06
  0.1970E-06
  0.1912E-06
  0.7114E-07
  0.9906E-07
  0.1886E-06
  0.3572E-06
  0.5820E-06
  0.3485E-06
  0.5459E-06
  0.1700E-06
  0.3446E-06
  0.4096E-06
  0.1867E-06
  0.6653E-06
  0.5251E-06
  0.3830E-06
  0.3957E-06
  0.3735E-06
  0.1829E-06
  0.2264E-06
  0.1335E-06
  0.2765E-06
  0.1790E-06
  0.6225E-07
  0.5263E-07
  0.9899E-07
  0.7153E-07
  0.5097E-07
  0.9461E-07
  0.1122E-06
  0.1262E-06
  0.3980E-07
  0.6747E-07
  0.1710E-06
  0.2275E-06
  0.9674E-07
  0.9140E-07
  0.4231E-06
  0.3752E-06
  0.2066E-06
  0.4402E-06
  0.9916E-07
  0.2355E-06
  0.1059E-06
  0.1895E-06
  0.2024E-06
  0.1594E-06
  0.3653E-06
  0.2815E-06
  0.3670E-06
  0.1932E-06
  0.1939E-06
  0.1471E-06
  0.1179E-06
  0.1547E-06
  0.2792E-06
  0.1519E-06
  0.1481E-06
  0.1161E-06
  0.3236E-06
  0.1827E-06
  0.9688E-07
  0.1323E-06
  0.1272E-06
  0.1038E-06
  0.6824E-07
  0.6288E-07
  0.1467E-06
  0.1168E-06
  0.4386E-07
  0.8424E-07
  0.6240E-07
  0.7128E-07
  0.3661E-07
  0.4129E-07
  0.9687E-07
  0.9575E-07
  0.9925E-07
  0.7808E-07
  0.1362E-06
  0.1715E-06
  0.8052E-07
  0.2015E-06
  0.1678E-06
  0.7643E-07
  0.2100E-06
  0.3403E-06
  0.9999E-07
  0.1458E-06
  0.1582E-06
  0.8963E-07
  0.3491E-07
  0.8568E-07
  0.1024E-06
  0.4812E-07
  0.8181E-07
  0.1443E-06
  0.1538E-06
  0.1054E-06
  0.5921E-07
  0.3456E-07
  0.7509E-07
  0.3337E-07
  0.1059E-06
  0.6887E-07
  0.1458E-06
  0.9060E-07
  0.2189E-07
  0.6667E-07
  0.7511E-07
  0.3474E-07
  0.4131E-07
  0.5410E-07
  0.5051E-07
  0.7483E-07
  0.6153E-07
  0.4860E-07
  0.2847E-07
  0.2056E-07
  0.2454E-07
  0.4990E-07
  0.4914E-07
  0.8622E-07
  0.8953E-07
  0.8268E-07
  0.5308E-07
  0.8543E-07
  0.4828E-07
  0.1495E-07
  0.7715E-07
  0.6688E-07
  0.4700E-07
  0.6997E-07
  0.5188E-07
  0.8359E-07
  0.3039E-07
  0.4434E-07
  0.8759E-07
  0.4949E-07
  0.6255E-07
  0.5272E-07
  0.5384E-07
  0.3211E-07
  0.2781E-07
  0.3899E-07
  0.5822E-07
  0.2553E-07
  0.3933E-07
  0.3744E-07
  0.7484E-07
  0.3536E-07
  0.4994E-07
  0.6632E-07
  0.3971E-07
  0.6919E-07
  0.5470E-07
  0.3565E-07
  0.4653E-07
  0.4276E-07
  0.3374E-07
  0.3467E-07
  0.4969E-07
  0.2222E-07
  0.2636E-07
  0.4332E-07
  0.7308E-07
  0.3752E-07
  0.1386E-07
  0.1260E-06
  0.6876E-07
  0.5288E-07
  0.7237E-07
  0.5482E-07
  0.4758E-07
  0.3056E-07
  0.3737E-07
  0.3959E-07
  0.4232E-07
  0.1966E-07
  0.2144E-07
  0.4502E-07
  0.3420E-07
  0.4643E-07
  0.2017E-07
  0.2786E-07
  0.3927E-07
  0.2278E-07
  0.1246E-07
  0.1890E-07
  0.2345E-07
  0.1877E-07
  0.2147E-07
  0.2012E-07
  0.2036E-07
  0.2065E-07
  0.1814E-07
  0.1351E-07
  0.1600E-07
  0.8570E-08
  0.3003E-07
  0.1500E-07
  0.1406E-07
  0.1586E-07
  0.2107E-07
  0.1671E-07
  0.1497E-07
  0.1124E-07
  0.1569E-07
  0.1922E-07
  0.5055E-08
  0.1290E-07
  0.2162E-07
  0.5501E-08
  0.1332E-07
  0.2621E-07
  0.1964E-07
  0.2987E-07
  0.1188E-07
  0.1604E-07
  0.1209E-07
  0.1968E-07
  0.8446E-08
  0.5740E-08
  0.2626E-07
  0.1648E-07
  0.1684E-07
  0.2065E-07
  0.1595E-07
  0.6605E-08
  0.5811E-08
  0.8038E-08
  0.2129E-07
  0.1079E-07
  0.5633E-08
  0.6736E-08
  0.1240E-07
  0.1187E-07
  0.1066E-07
  0.8971E-08
  0.7651E-08
  0.6431E-08
  0.9657E-08
  0.1043E-07
  0.1078E-07
  0.6986E-08
  0.6775E-08
  0.4114E-08
  0.1005E-07
  0.6492E-08
  0.3948E-08
  0.5407E-08
  0.5884E-08
  0.9632E-08
  0.6142E-08
  0.3728E-08
  0.5250E-08
  0.6114E-08
  0.4903E-08
  0.6274E-08
  0.1372E-07
  0.1633E-08
  0.5841E-08
  0.4735E-08
  0.4259E-08
  0.3039E-08
  0.2414E-08
  0.4740E-08
  0.4574E-08
  0.3009E-08
  0.4246E-08
  0.4459E-08
  0.2746E-08
  0.3566E-08
  0.2458E-08
  0.4120E-08
  0.4759E-08
  0.3965E-08
  0.3605E-08
  0.1360E-08
  0.3069E-08
  0.9507E-09
  0.1086E-08
  0.2632E-08
  0.3170E-08
  0.3324E-08
  0.3199E-08
  0.1592E-08
  0.3693E-08
  0.2421E-08
  0.1683E-08
  0.2544E-08
  0.3181E-08
  0.1656E-08
  0.3067E-08
  0.2581E-08
  0.7586E-09
  0.1567E-08
  0.1599E-08
  0.3292E-08
  0.2309E-08
  0.2209E-08
  0.1805E-08
  0.1428E-08
  0.1709E-08
  0.1028E-08
  0.1434E-08
  0.2955E-08
  0.3647E-08
  0.2764E-08
  0.1558E-08
  0.1437E-08
  0.2251E-08
  0.1514E-08
  0.1110E-08
  0.2074E-08
  0.1118E-08
  0.1634E-08
  0.2540E-08
  0.1378E-08
  0.2127E-08
  0.2113E-08
  0.2212E-08
  0.9971E-09
  0.1756E-08
  0.1460E-08
  0.1508E-08
  0.1878E-08
  0.2235E-08
  0.2288E-08
  0.1357E-08
  0.9323E-09
  0.1117E-08
  0.1406E-08
  0.1288E-08
  0.1288E-08
  0.1040E-08
  0.1608E-08
  0.2361E-08
  0.9600E-09
  0.1296E-08
  0.1712E-08
  0.1065E-08
  0.1032E-08
  0.1280E-08
  0.1050E-08
  0.1193E-08
  0.7626E-09
  0.7940E-09
  0.4985E-09
  0.9034E-09
  0.6745E-09
  0.1044E-08
  0.6342E-09
  0.8459E-09
  0.6354E-09
  0.4171E-09
  0.5018E-09
  0.2708E-09
  0.3512E-10
  0.9582E-10
  0.2859E-09
  0.3906E-09
  0.5896E-09
  0.7547E-09
  0.5044E-09
  0.5829E-09
  0.8392E-09
  0.5294E-09
  0.6422E-09
  0.8733E-09
  0.1181E-08
  0.6917E-09
  0.5594E-09
  0.5546E-09
  0.5776E-09
  0.7021E-09
  0.6144E-09
  0.5063E-09
  0.7123E-09
  0.4760E-09
  0.5117E-09
  0.5408E-09
  0.5579E-09
  0.4360E-09
  0.4656E-09
  0.2963E-09
  0.4234E-09
  0.9772E-10
  0.4467E-09
  0.4651E-09
  0.4254E-09
  0.2877E-09
  0.2598E-09
  0.5128E-09
  0.2074E-09
  0.2467E-09
  0.2238E-09
  0.5786E-09
  0.6774E-09
  0.3152E-09
  0.1113E-09
  0.3466E-09
  0.3559E-09
  0.4139E-09
  0.2858E-09
  0.1105E-09
  0.2549E-09
  0.1308E-09
  0.3833E-09
  0.3609E-09
  0.2043E-09
  0.2599E-09
  0.3352E-09
  0.2671E-09
  0.2790E-09
  0.2588E-09
  0.2180E-09
  0.1428E-09
  0.2842E-09
  0.1482E-09
  0.2575E-09
  0.1867E-09
  0.2592E-09
  0.3524E-09
  0.1777E-09
  0.1864E-09
  0.7380E-10
  0.5259E-10
  0.2153E-09
  0.1094E-09
  0.2308E-09
  0.1062E-09
  0.3271E-09
  0.1949E-09
  0.1158E-09
  0.1562E-09
  0.1788E-09
  0.1347E-09
  0.7535E-10
  0.8189E-10
  0.3492E-10
  0.1198E-09
  0.1764E-09
  0.2147E-09
  0.1497E-09
  0.1388E-09
  0.2824E-09
  0.1649E-09
  0.1327E-09
  0.5818E-10
  0.1619E-09
  0.1296E-09
  0.4315E-10
  0.1325E-09
  0.5506E-10
  0.1229E-09
  0.6799E-10
  0.1409E-09
  0.1026E-09
  0.7728E-10
  0.1263E-09
  0.1052E-09
  0.9572E-10
  0.2877E-09
  0.4847E-10
  0.2001E-09
  0.4044E-10
  0.2741E-10
  0.1324E-09
  0.1344E-09
  0.1481E-09
  0.1307E-09
  0.1218E-09
  0.2123E-09
  0.1359E-09
  0.1627E-09
  0.6581E-10
  0.1359E-09
  0.1049E-09
  0.8504E-10
  0.1437E-09
  0.6162E-10
  0.1484E-09
  0.1072E-09
  0.6106E-10
  0.3650E-10
  0.2007E-10
  0.2804E-10
  0.8006E-10
  0.5353E-10
  0.9140E-10
  0.3074E-10
  0.5590E-10
  0.9544E-10
  0.4432E-10
  0.6631E-10
  0.6454E-10
  0.1289E-10
  0.7060E-11
  0.6355E-10
  0.2855E-11
  0.1087E-10
  0.1656E-10
  0.2349E-10
  0.5633E-10
  0.2434E-10
  0.3319E-10
  0.7055E-10
  0.6941E-10
  0.5845E-10
  0.3746E-10
  0.1280E-10
  0.4330E-10
  0.9779E-11
  0.2472E-11
  0.6984E-11
  0.1676E-10
  0.4139E-10
  0.4016E-10
  0.5125E-10
  0.4217E-10
  0.5478E-10
  0.6931E-10
  0.8675E-10
  0.2530E-10
  0.3152E-10
  0.7854E-10
  0.5337E-10
  0.2373E-10
  0.5546E-10
  0.4953E-10
  0.6726E-10
  0.4224E-10
  0.3001E-10
  0.2559E-10
  0.1264E-10
  0.2443E-10
  0.2810E-10
  0.1399E-10
  0.2057E-10
  0.2789E-10
  0.9402E-11
  0.7276E-11
  0.2178E-10
  0.1980E-10
  0.9248E-11
  0.1074E-10
  0.2196E-10
  0.8605E-11
  0.2365E-11
  0.1385E-10
  0.8441E-11
  0.1475E-10
  0.1674E-10
  0.1819E-10
  0.1453E-10
  0.2213E-10
  0.4525E-11
  0.7170E-11
  0.5682E-11
  0.8159E-11
  0.7391E-11
  0.5182E-11
  0.2759E-11
  0.2776E-11
  0.5138E-11
  0.5834E-11
  0.1987E-11
  0.1790E-10
  0.1964E-10
  0.2846E-10
  0.1865E-10
  0.2706E-10
  0.1214E-10
  0.1019E-10
  0.5107E-11
  0.2135E-10
  0.6868E-11
  0.1142E-10
  0.3508E-11
  0.4975E-11
  0.7160E-11
  0.1343E-11
  0.7601E-11
  0.5793E-11
  0.2305E-10
  0.1112E-10
  0.1771E-10
  0.1882E-10
  0.1507E-10
  0.1603E-10
  0.2303E-10
  0.1124E-10
  0.1445E-10
  0.8579E-11
  0.1692E-10
  0.1257E-10
  0.5913E-11
  0.6530E-11
  0.3314E-11
  0.1133E-10
  0.2953E-10
  0.1220E-10
  0.1579E-10
  0.6390E-11
  0.3588E-11
  0.4736E-12
  0.2688E-12
  0.5471E-12
  0.6602E-12
  0.7134E-13
  0.1903E-11
  0.1386E-11
  0.1043E-11
  0.8981E-11
  0.4673E-11
  0.6716E-11
  0.1221E-11
  0.1208E-10
  0.1196E-10
  0.1675E-11
  0.4114E-11
  0.4509E-11
  0.3798E-11
  0.6974E-11
  0.1436E-11
  0.4635E-12
  0.1175E-11
  0.1141E-11
  0.2511E-11
  0.7464E-12
  0.2161E-11
  0.9436E-11
  0.2636E-11
  0.1951E-10
  0.3371E-11
  0.5226E-11
  0.3959E-12
  0.3954E-11
  0.4239E-11
  0.2604E-12
  0.2150E-12
  0.4661E-12
  0.2327E-12
  0.9503E-12
  0.3801E-12
  0.6673E-13
  0.5575E-12
  0.7942E-11
  0.4285E-11
  0.9333E-12
  0.2223E-11
  0.4230E-12
  0.5023E-12
  0.4981E-12
  0.8737E-12
  0.2372E-12
  0.4422E-12
  0.3343E-12
  0.1501E-12
  0.8558E-13
  0.3758E-13
  0.4226E-12
  0.1666E-11
  0.4000E-11
  0.5601E-11
  0.2588E-11
  0.7059E-12
  0.2103E-11
  0.1018E-11
  0.7944E-12
  0.8413E-12
  0.3767E-11
  0.1347E-11
  0.1207E-11
  0.1930E-11
  0.2075E-11
  0.1855E-11
  0.8093E-12
  0.3212E-11
  0.1119E-11
  0.3108E-11
  0.2650E-11
  0.6533E-11
  0.1371E-11
  0.2499E-11
  0.1053E-11
  0.2268E-11
  0.4485E-12
  0.8846E-13
  0.6461E-12
  0.9865E-13
  0.9320E-13
  0.1006E-12
  0.2141E-13
  0.5723E-14
  0.6305E-12
  0.3907E-11
  0.5202E-12
  0.1008E-11
  0.1978E-11
  0.1139E-11
  0.3976E-12
  0.7024E-12
  0.5081E-12
  0.1036E-11
  0.2804E-12
  0.2643E-12
  0.8657E-13
  0.5911E-12
  0.7492E-13
  0.2107E-12
  0.2463E-12
  0.3654E-12
  0.1162E-11
  0.2536E-12
  0.2922E-12
  0.9912E-12
  0.9704E-12
  0.2440E-13
  0.2757E-12
  0.5166E-12
  0.4211E-12
  0.1290E-11
  0.1362E-12
  0.6652E-13
  0.7907E-13
  0.4683E-13
  0.2273E-13
  0.1905E-11
  0.1743E-11
  0.1283E-11
  0.1676E-11
  0.1156E-11
  0.1063E-11
  0.7886E-12
  0.3821E-12
  0.1590E-12
  0.1388E-12
  0.4530E-13
  0.2535E-12
  0.5163E-13
  0.1339E-12
  0.2129E-12
  0.3204E-12
  0.9174E-12
  0.5847E-12
  0.4607E-12
  0.2673E-12
  0.1003E-12
  0.2605E-12
  0.1962E-12
  0.1204E-12
  0.5767E-12
  0.3929E-12
  0.2163E-12
  0.1263E-13
  0.1001E-13
  0.4716E-14
  0.1221E-12
  0.1590E-13
  0.1855E-12
  0.4129E-12
  0.1387E-12
  0.1223E-12
  0.8315E-13
  0.3232E-12
  0.5813E-13
  0.7874E-13
  0.1850E-12
  0.2890E-13
  0.9326E-13
  0.1621E-12
  0.3538E-13
  0.6406E-14
  0.1019E-13
  0.1151E-11
  0.3249E-12
  0.1205E-12
  0.8107E-13
  0.8969E-13
  0.1159E-12
  0.3045E-12
  0.2811E-12
  0.3727E-13
  0.1596E-13
  0.1473E-13
  0.4900E-12
  0.6902E-13
  0.1684E-13
  0.2771E-13
  0.2908E-13
  0.2478E-14
  0.9322E-13
  0.2981E-12
  0.2639E-12
  0.4219E-12
  0.1541E-12
  0.2274E-13
  0.5714E-13
  0.8797E-13
  0.1941E-12
  0.9543E-13
  0.1447E-13
  0.5807E-13
  0.7959E-13
  0.3103E-13
  0.1895E-12
  0.3311E-14
  0.7800E-13
  0.4628E-12
  0.5454E-12
  0.3119E-12
  0.1485E-12
  0.8679E-13
  0.6879E-13
  0.7562E-13
  0.1009E-12
  0.3636E-14
  0.8573E-15
  0.1686E-13
  0.3398E-13
  0.3409E-13
  0.1485E-12
  0.7846E-14
  0.3462E-13
  0.3983E-12
  0.5823E-13
  0.8595E-14
  0.1230E-13
  0.1738E-13
  0.1523E-12
  0.2939E-13
  0.5304E-13
  0.5611E-13
  0.4041E-13
  0.1316E-13
  0.6086E-14
  0.4358E-13
  0.2913E-12
  0.1491E-13
  0.9066E-13
  0.4320E-13
  0.4967E-14
  0.2100E-14
  0.1246E-13
  0.2849E-13
  0.4612E-13
  0.3179E-13
  0.2259E-13
  0.3179E-12
  0.6421E-13
  0.8107E-13
  0.4426E-13
  0.1099E-13
  0.9009E-14
  0.3426E-14
  0.1085E-12
  0.9140E-13
  0.2982E-12
  0.4636E-13
  0.5782E-13
  0.2918E-13
  0.2634E-13
  0.9448E-14
  0.3214E-13
  0.4336E-13
  0.1407E-13
  0.8778E-13
  0.8127E-13
  0.9134E-13
  0.2371E-13
  0.1464E-13
  0.6316E-13
  0.3289E-13
  0.3081E-13
  0.1602E-12
  0.4941E-13
  0.1461E-13
  0.1464E-13
  0.4145E-13
  0.3378E-13
  0.4538E-13
  0.5678E-13
  0.3783E-13
  0.1898E-13
  0.1990E-13
  0.6412E-13
  0.1760E-13
  0.2166E-13
  0.1721E-13
  0.1057E-13
  0.8121E-14
  0.1147E-13
  0.7221E-14
  0.1267E-13
  0.1272E-13
  0.1360E-13
  0.1440E-13
  0.4455E-13
  0.3170E-13
  0.4534E-13
  0.1472E-13
  0.2754E-13
  0.4228E-13
  0.3360E-13
  0.3517E-13
  0.2158E-13
  0.1563E-13
  0.1023E-13
  0.1818E-13
  0.2551E-13
  0.7681E-14
  0.1416E-13
  0.1895E-13
  0.2384E-13
  0.1726E-13
  0.1720E-13
  0.2229E-13
  0.6277E-14
  0.2081E-13
  0.2584E-13
  0.2250E-13
  0.1070E-13
  0.2254E-13
  0.3634E-13
  0.2894E-13
  0.9503E-14
  0.1341E-13
  0.6399E-14
  0.5857E-14
  0.1426E-13
  0.1250E-13
  0.8220E-14
  0.1431E-13
  0.1926E-13
  0.1989E-13
  0.9648E-14
  0.2549E-13
  0.8162E-14
  0.5564E-14
  0.2148E-13
  0.2179E-13
  0.2400E-13
  0.8466E-14
  0.1633E-13
  0.3157E-13
  0.2152E-13
  0.8144E-14
  0.1423E-13
  0.1295E-13
  0.1581E-13
  0.3412E-14
  0.1621E-13
  0.2599E-13
  0.8867E-14
  0.1013E-12
