 Spectral outgoing longwave flux [W/m2/cm^-1]
  0.6059E-05
  0.3046E-04
  0.7314E-04
  0.1336E-03
  0.2109E-03
  0.3053E-03
  0.4144E-03
  0.5384E-03
  0.6630E-03
  0.8056E-03
  0.9654E-03
  0.1131E-02
  0.1304E-02
  0.1462E-02
  0.1654E-02
  0.1885E-02
  0.2180E-02
  0.2448E-02
  0.2686E-02
  0.2848E-02
  0.3198E-02
  0.3576E-02
  0.3905E-02
  0.4214E-02
  0.4494E-02
  0.4721E-02
  0.5014E-02
  0.5349E-02
  0.5558E-02
  0.6146E-02
  0.6537E-02
  0.6665E-02
  0.7456E-02
  0.7702E-02
  0.8227E-02
  0.8668E-02
  0.8973E-02
  0.9248E-02
  0.9916E-02
  0.1042E-01
  0.1081E-01
  0.1110E-01
  0.1185E-01
  0.1200E-01
  0.1317E-01
  0.1259E-01
  0.1331E-01
  0.1395E-01
  0.1456E-01
  0.1549E-01
  0.1546E-01
  0.1609E-01
  0.1691E-01
  0.1733E-01
  0.1766E-01
  0.1825E-01
  0.1866E-01
  0.2114E-01
  0.2027E-01
  0.2027E-01
  0.2094E-01
  0.2156E-01
  0.2205E-01
  0.2391E-01
  0.2318E-01
  0.2531E-01
  0.2456E-01
  0.2520E-01
  0.2558E-01
  0.2674E-01
  0.2854E-01
  0.2779E-01
  0.2818E-01
  0.3169E-01
  0.2996E-01
  0.2990E-01
  0.3151E-01
  0.3110E-01
  0.3289E-01
  0.3353E-01
  0.3431E-01
  0.3355E-01
  0.3424E-01
  0.3748E-01
  0.3585E-01
  0.3631E-01
  0.3726E-01
  0.3775E-01
  0.4265E-01
  0.3902E-01
  0.4032E-01
  0.4127E-01
  0.4185E-01
  0.4206E-01
  0.4229E-01
  0.4341E-01
  0.4335E-01
  0.4608E-01
  0.4458E-01
  0.4538E-01
  0.4653E-01
  0.5156E-01
  0.4736E-01
  0.4812E-01
  0.4871E-01
  0.5364E-01
  0.5163E-01
  0.5079E-01
  0.5183E-01
  0.5223E-01
  0.5265E-01
  0.5960E-01
  0.5526E-01
  0.5498E-01
  0.5623E-01
  0.5682E-01
  0.5702E-01
  0.5732E-01
  0.6076E-01
  0.6268E-01
  0.6489E-01
  0.6001E-01
  0.6847E-01
  0.6086E-01
  0.6197E-01
  0.6171E-01
  0.6239E-01
  0.6503E-01
  0.6640E-01
  0.6723E-01
  0.6806E-01
  0.6827E-01
  0.6743E-01
  0.6750E-01
  0.6835E-01
  0.7229E-01
  0.7230E-01
  0.6956E-01
  0.7716E-01
  0.7115E-01
  0.7918E-01
  0.7746E-01
  0.7271E-01
  0.7489E-01
  0.7408E-01
  0.7650E-01
  0.7904E-01
  0.7962E-01
  0.7963E-01
  0.7756E-01
  0.7902E-01
  0.8057E-01
  0.8291E-01
  0.8351E-01
  0.8136E-01
  0.8190E-01
  0.8415E-01
  0.8382E-01
  0.8422E-01
  0.8300E-01
  0.8223E-01
  0.9299E-01
  0.8708E-01
  0.8390E-01
  0.8522E-01
  0.8511E-01
  0.1010E+00
  0.8627E-01
  0.8923E-01
  0.8990E-01
  0.9030E-01
  0.9113E-01
  0.9485E-01
  0.9620E-01
  0.9613E-01
  0.9437E-01
  0.9151E-01
  0.9206E-01
  0.9261E-01
  0.9334E-01
  0.9619E-01
  0.9496E-01
  0.9366E-01
  0.9587E-01
  0.9894E-01
  0.1024E+00
  0.1041E+00
  0.1069E+00
  0.1083E+00
  0.1093E+00
  0.1099E+00
  0.1102E+00
  0.1099E+00
  0.1088E+00
  0.1058E+00
  0.1003E+00
  0.1022E+00
  0.9918E-01
  0.9956E-01
  0.1047E+00
  0.1066E+00
  0.1031E+00
  0.1042E+00
  0.1007E+00
  0.1068E+00
  0.1123E+00
  0.1162E+00
  0.1188E+00
  0.1206E+00
  0.1216E+00
  0.1215E+00
  0.1199E+00
  0.1113E+00
  0.1192E+00
  0.1241E+00
  0.1258E+00
  0.1262E+00
  0.1255E+00
  0.1242E+00
  0.1202E+00
  0.1142E+00
  0.1096E+00
  0.1236E+00
  0.1114E+00
  0.1123E+00
  0.1241E+00
  0.1176E+00
  0.1245E+00
  0.1275E+00
  0.1267E+00
  0.1191E+00
  0.1133E+00
  0.1249E+00
  0.1322E+00
  0.1356E+00
  0.1372E+00
  0.1376E+00
  0.1370E+00
  0.1339E+00
  0.1318E+00
  0.1242E+00
  0.1134E+00
  0.1117E+00
  0.1271E+00
  0.1352E+00
  0.1401E+00
  0.1427E+00
  0.1436E+00
  0.1456E+00
  0.1454E+00
  0.1421E+00
  0.1318E+00
  0.1401E+00
  0.1460E+00
  0.1471E+00
  0.1457E+00
  0.1416E+00
  0.1328E+00
  0.1248E+00
  0.1279E+00
  0.1345E+00
  0.1186E+00
  0.1288E+00
  0.1426E+00
  0.1474E+00
  0.1475E+00
  0.1416E+00
  0.1261E+00
  0.1352E+00
  0.1474E+00
  0.1514E+00
  0.1479E+00
  0.1457E+00
  0.1526E+00
  0.1519E+00
  0.1570E+00
  0.1558E+00
  0.1559E+00
  0.1487E+00
  0.1203E+00
  0.1401E+00
  0.1348E+00
  0.1421E+00
  0.1366E+00
  0.1459E+00
  0.1367E+00
  0.1476E+00
  0.1585E+00
  0.1641E+00
  0.1669E+00
  0.1688E+00
  0.1699E+00
  0.1698E+00
  0.1679E+00
  0.1617E+00
  0.1447E+00
  0.1577E+00
  0.1636E+00
  0.1565E+00
  0.1405E+00
  0.1453E+00
  0.1627E+00
  0.1695E+00
  0.1732E+00
  0.1736E+00
  0.1711E+00
  0.1619E+00
  0.1472E+00
  0.1569E+00
  0.1702E+00
  0.1757E+00
  0.1774E+00
  0.1776E+00
  0.1749E+00
  0.1638E+00
  0.1586E+00
  0.1544E+00
  0.1451E+00
  0.1536E+00
  0.1616E+00
  0.1702E+00
  0.1785E+00
  0.1822E+00
  0.1841E+00
  0.1853E+00
  0.1865E+00
  0.1869E+00
  0.1869E+00
  0.1864E+00
  0.1850E+00
  0.1825E+00
  0.1782E+00
  0.1714E+00
  0.1587E+00
  0.1403E+00
  0.1370E+00
  0.1578E+00
  0.1680E+00
  0.1714E+00
  0.1775E+00
  0.1793E+00
  0.1854E+00
  0.1877E+00
  0.1860E+00
  0.1771E+00
  0.1861E+00
  0.1905E+00
  0.1901E+00
  0.1810E+00
  0.1889E+00
  0.1910E+00
  0.1869E+00
  0.1754E+00
  0.1660E+00
  0.1732E+00
  0.1869E+00
  0.1888E+00
  0.1880E+00
  0.1939E+00
  0.1937E+00
  0.1907E+00
  0.1846E+00
  0.1832E+00
  0.1816E+00
  0.1712E+00
  0.1524E+00
  0.1581E+00
  0.1754E+00
  0.1813E+00
  0.1879E+00
  0.1916E+00
  0.1927E+00
  0.1921E+00
  0.1888E+00
  0.1848E+00
  0.1783E+00
  0.1554E+00
  0.1497E+00
  0.1671E+00
  0.1821E+00
  0.1873E+00
  0.1917E+00
  0.1927E+00
  0.1901E+00
  0.1866E+00
  0.1814E+00
  0.1676E+00
  0.1721E+00
  0.1793E+00
  0.1846E+00
  0.1851E+00
  0.1829E+00
  0.1781E+00
  0.1739E+00
  0.1784E+00
  0.1787E+00
  0.1778E+00
  0.1760E+00
  0.1740E+00
  0.1700E+00
  0.1637E+00
  0.1515E+00
  0.1573E+00
  0.1530E+00
  0.1432E+00
  0.1282E+00
  0.1112E+00
  0.1213E+00
  0.1208E+00
  0.1166E+00
  0.1140E+00
  0.1117E+00
  0.1082E+00
  0.1035E+00
  0.9819E-01
  0.9706E-01
  0.9467E-01
  0.9459E-01
  0.9379E-01
  0.9233E-01
  0.9249E-01
  0.9879E-01
  0.9121E-01
  0.9038E-01
  0.9006E-01
  0.9050E-01
  0.1004E+00
  0.9380E-01
  0.9208E-01
  0.8891E-01
  0.8901E-01
  0.9182E-01
  0.9274E-01
  0.8788E-01
  0.9316E-01
  0.1226E+00
  0.9633E-01
  0.8734E-01
  0.8800E-01
  0.1115E+00
  0.8880E-01
  0.8627E-01
  0.8602E-01
  0.8862E-01
  0.1027E+00
  0.8582E-01
  0.8430E-01
  0.8562E-01
  0.9172E-01
  0.8719E-01
  0.8575E-01
  0.8540E-01
  0.9562E-01
  0.9190E-01
  0.9127E-01
  0.1029E+00
  0.9546E-01
  0.1075E+00
  0.1046E+00
  0.1136E+00
  0.1049E+00
  0.1110E+00
  0.1139E+00
  0.1234E+00
  0.1237E+00
  0.1237E+00
  0.1238E+00
  0.1215E+00
  0.1214E+00
  0.4453E-01
  0.1221E+00
  0.1212E+00
  0.1105E+00
  0.1082E+00
  0.8302E-01
  0.1014E+00
  0.1003E+00
  0.4903E-01
  0.7900E-01
  0.7734E-01
  0.6417E-01
  0.9808E-01
  0.8867E-01
  0.6128E-01
  0.7186E-01
  0.6192E-01
  0.8854E-01
  0.7995E-01
  0.5282E-01
  0.6626E-01
  0.8068E-01
  0.7394E-01
  0.7203E-01
  0.3155E-01
  0.6228E-01
  0.7403E-01
  0.5727E-01
  0.5246E-01
  0.5936E-01
  0.6898E-01
  0.6348E-01
  0.4616E-01
  0.4879E-01
  0.4854E-01
  0.5327E-01
  0.4521E-01
  0.3713E-01
  0.3892E-01
  0.2859E-01
  0.4550E-01
  0.4140E-01
  0.2649E-01
  0.3958E-01
  0.3436E-01
  0.3770E-01
  0.3853E-01
  0.3126E-01
  0.2475E-01
  0.2422E-01
  0.2021E-01
  0.3295E-01
  0.2994E-01
  0.2482E-01
  0.2610E-01
  0.3027E-01
  0.3097E-01
  0.2940E-01
  0.2555E-01
  0.2354E-01
  0.2569E-01
  0.2958E-01
  0.2228E-01
  0.2003E-01
  0.2055E-01
  0.2243E-01
  0.2149E-01
  0.2447E-01
  0.2732E-01
  0.2759E-01
  0.2378E-01
  0.2000E-01
  0.2388E-01
  0.2748E-01
  0.2764E-01
  0.2391E-01
  0.1966E-01
  0.2651E-01
  0.2813E-01
  0.2852E-01
  0.2321E-01
  0.2447E-01
  0.3108E-01
  0.3218E-01
  0.3007E-01
  0.1847E-01
  0.3270E-01
  0.3602E-01
  0.3546E-01
  0.2962E-01
  0.3469E-01
  0.3751E-01
  0.4272E-01
  0.3833E-01
  0.3559E-01
  0.4823E-01
  0.3868E-01
  0.5094E-01
  0.3294E-01
  0.3650E-01
  0.4338E-01
  0.4015E-01
  0.4859E-01
  0.3506E-01
  0.5660E-01
  0.4136E-01
  0.2509E-01
  0.3258E-01
  0.3746E-01
  0.5702E-01
  0.6211E-01
  0.6248E-01
  0.5241E-01
  0.1809E-01
  0.5031E-01
  0.6007E-01
  0.3603E-01
  0.5508E-01
  0.3830E-01
  0.4453E-01
  0.6140E-01
  0.3271E-01
  0.5424E-01
  0.5658E-01
  0.2186E-01
  0.6322E-01
  0.7383E-01
  0.7956E-01
  0.7908E-01
  0.7197E-01
  0.3350E-01
  0.3729E-01
  0.7923E-01
  0.7738E-01
  0.7747E-01
  0.7857E-01
  0.6134E-01
  0.7332E-01
  0.6601E-01
  0.6282E-01
  0.6083E-01
  0.6284E-01
  0.6973E-01
  0.5991E-01
  0.5008E-01
  0.4779E-01
  0.4793E-01
  0.6200E-01
  0.4586E-01
  0.4478E-01
  0.4307E-01
  0.4672E-01
  0.6536E-01
  0.4628E-01
  0.4374E-01
  0.4333E-01
  0.4833E-01
  0.6515E-01
  0.4461E-01
  0.4170E-01
  0.4276E-01
  0.4483E-01
  0.5055E-01
  0.6062E-01
  0.6494E-01
  0.4913E-01
  0.4256E-01
  0.4127E-01
  0.4330E-01
  0.5753E-01
  0.5050E-01
  0.4166E-01
  0.3984E-01
  0.4151E-01
  0.5296E-01
  0.4763E-01
  0.3859E-01
  0.3703E-01
  0.3746E-01
  0.4317E-01
  0.4117E-01
  0.3537E-01
  0.3480E-01
  0.3468E-01
  0.3575E-01
  0.3562E-01
  0.3483E-01
  0.3580E-01
  0.3608E-01
  0.3584E-01
  0.3690E-01
  0.3970E-01
  0.3825E-01
  0.3447E-01
  0.4008E-01
  0.4500E-01
  0.4957E-01
  0.5217E-01
  0.5349E-01
  0.5418E-01
  0.5588E-01
  0.5667E-01
  0.5687E-01
  0.5747E-01
  0.5955E-01
  0.6119E-01
  0.6106E-01
  0.6106E-01
  0.6361E-01
  0.6699E-01
  0.6753E-01
  0.6739E-01
  0.6902E-01
  0.7275E-01
  0.7426E-01
  0.7317E-01
  0.7141E-01
  0.7704E-01
  0.7832E-01
  0.7406E-01
  0.6350E-01
  0.4592E-01
  0.4324E-01
  0.6468E-01
  0.7738E-01
  0.8279E-01
  0.8416E-01
  0.8258E-01
  0.8039E-01
  0.8074E-01
  0.7941E-01
  0.7716E-01
  0.7579E-01
  0.7202E-01
  0.7270E-01
  0.7283E-01
  0.6622E-01
  0.6686E-01
  0.6445E-01
  0.5758E-01
  0.5930E-01
  0.5646E-01
  0.4923E-01
  0.4961E-01
  0.4933E-01
  0.4326E-01
  0.4125E-01
  0.4342E-01
  0.3972E-01
  0.3505E-01
  0.3792E-01
  0.3701E-01
  0.3345E-01
  0.3286E-01
  0.3399E-01
  0.3351E-01
  0.3247E-01
  0.3169E-01
  0.3203E-01
  0.3320E-01
  0.3175E-01
  0.3193E-01
  0.3019E-01
  0.2897E-01
  0.2784E-01
  0.2559E-01
  0.2634E-01
  0.2480E-01
  0.2491E-01
  0.2460E-01
  0.2264E-01
  0.2350E-01
  0.2261E-01
  0.2205E-01
  0.2196E-01
  0.2228E-01
  0.2096E-01
  0.2073E-01
  0.2592E-01
  0.2051E-01
  0.2030E-01
  0.2611E-01
  0.2013E-01
  0.2034E-01
  0.3427E-01
  0.2043E-01
  0.2033E-01
  0.2947E-01
  0.2202E-01
  0.2035E-01
  0.2253E-01
  0.3193E-01
  0.2097E-01
  0.2027E-01
  0.2305E-01
  0.3031E-01
  0.2003E-01
  0.1909E-01
  0.1894E-01
  0.1848E-01
  0.1844E-01
  0.1997E-01
  0.2954E-01
  0.2614E-01
  0.2136E-01
  0.1995E-01
  0.1966E-01
  0.1972E-01
  0.2025E-01
  0.2108E-01
  0.2204E-01
  0.2284E-01
  0.2297E-01
  0.2200E-01
  0.2015E-01
  0.1826E-01
  0.1697E-01
  0.1636E-01
  0.1626E-01
  0.1639E-01
  0.1662E-01
  0.1722E-01
  0.1810E-01
  0.1959E-01
  0.2138E-01
  0.2341E-01
  0.2415E-01
  0.2757E-01
  0.2799E-01
  0.2669E-01
  0.3047E-01
  0.2878E-01
  0.2592E-01
  0.2946E-01
  0.2843E-01
  0.2466E-01
  0.2654E-01
  0.2794E-01
  0.2455E-01
  0.2448E-01
  0.2433E-01
  0.2636E-01
  0.2350E-01
  0.2386E-01
  0.2353E-01
  0.1935E-01
  0.1990E-01
  0.1596E-01
  0.1702E-01
  0.1532E-01
  0.1457E-01
  0.1468E-01
  0.1498E-01
  0.1404E-01
  0.1425E-01
  0.1381E-01
  0.1350E-01
  0.1514E-01
  0.1326E-01
  0.1278E-01
  0.1824E-01
  0.1265E-01
  0.1308E-01
  0.1697E-01
  0.1286E-01
  0.1399E-01
  0.1903E-01
  0.1340E-01
  0.1440E-01
  0.2571E-01
  0.1444E-01
  0.1418E-01
  0.2138E-01
  0.1738E-01
  0.1414E-01
  0.1532E-01
  0.2514E-01
  0.1610E-01
  0.1335E-01
  0.1347E-01
  0.1552E-01
  0.1159E-01
  0.1252E-01
  0.2150E-01
  0.1839E-01
  0.1499E-01
  0.1406E-01
  0.1409E-01
  0.1478E-01
  0.1618E-01
  0.1820E-01
  0.2073E-01
  0.2292E-01
  0.2031E-01
  0.1411E-01
  0.2150E-01
  0.1905E-01
  0.1454E-01
  0.1182E-01
  0.1052E-01
  0.9992E-02
  0.9860E-02
  0.9970E-02
  0.9975E-02
  0.9917E-02
  0.1025E-01
  0.1082E-01
  0.1185E-01
  0.1299E-01
  0.1453E-01
  0.1643E-01
  0.1868E-01
  0.2118E-01
  0.2406E-01
  0.2736E-01
  0.3103E-01
  0.3502E-01
  0.3930E-01
  0.4360E-01
  0.4767E-01
  0.5143E-01
  0.5472E-01
  0.5741E-01
  0.6030E-01
  0.6170E-01
  0.6254E-01
  0.6315E-01
  0.6295E-01
  0.6345E-01
  0.6358E-01
  0.6354E-01
  0.6336E-01
  0.6315E-01
  0.6290E-01
  0.6263E-01
  0.6232E-01
  0.6196E-01
  0.6144E-01
  0.6040E-01
  0.5958E-01
  0.6010E-01
  0.6042E-01
  0.6041E-01
  0.6025E-01
  0.6003E-01
  0.5979E-01
  0.5954E-01
  0.5927E-01
  0.5894E-01
  0.5849E-01
  0.5806E-01
  0.5793E-01
  0.5765E-01
  0.5762E-01
  0.5748E-01
  0.5728E-01
  0.5705E-01
  0.5681E-01
  0.5655E-01
  0.5629E-01
  0.5597E-01
  0.5557E-01
  0.5500E-01
  0.5482E-01
  0.5484E-01
  0.5465E-01
  0.5433E-01
  0.5388E-01
  0.5308E-01
  0.5129E-01
  0.5014E-01
  0.5191E-01
  0.5251E-01
  0.5255E-01
  0.5243E-01
  0.5221E-01
  0.5196E-01
  0.5158E-01
  0.5097E-01
  0.4975E-01
  0.4890E-01
  0.4982E-01
  0.5003E-01
  0.4984E-01
  0.4951E-01
  0.4904E-01
  0.4849E-01
  0.4767E-01
  0.4642E-01
  0.4538E-01
  0.4502E-01
  0.4412E-01
  0.4279E-01
  0.4111E-01
  0.3918E-01
  0.3701E-01
  0.3455E-01
  0.3178E-01
  0.2891E-01
  0.2569E-01
  0.2270E-01
  0.2009E-01
  0.1741E-01
  0.1503E-01
  0.1269E-01
  0.1074E-01
  0.9368E-02
  0.8078E-02
  0.7879E-02
  0.6489E-02
  0.6044E-02
  0.7852E-02
  0.6573E-02
  0.5926E-02
  0.9938E-02
  0.7247E-02
  0.7241E-02
  0.1087E-01
  0.8864E-02
  0.9401E-02
  0.1108E-01
  0.1077E-01
  0.9620E-02
  0.1110E-01
  0.1136E-01
  0.1026E-01
  0.1102E-01
  0.6672E-02
  0.1067E-01
  0.1090E-01
  0.6559E-02
  0.1078E-01
  0.1064E-01
  0.1041E-01
  0.1073E-01
  0.1003E-01
  0.1040E-01
  0.1042E-01
  0.8482E-02
  0.9624E-02
  0.2906E-02
  0.1023E-01
  0.1006E-01
  0.9254E-02
  0.1018E-01
  0.9920E-02
  0.1012E-01
  0.8245E-02
  0.9626E-02
  0.9617E-02
  0.5792E-02
  0.9621E-02
  0.8731E-02
  0.9554E-02
  0.7448E-02
  0.7762E-02
  0.7783E-02
  0.6541E-02
  0.6889E-02
  0.6334E-02
  0.7531E-02
  0.6629E-02
  0.5502E-02
  0.5246E-02
  0.4923E-02
  0.5114E-02
  0.4506E-02
  0.4684E-02
  0.5746E-02
  0.6268E-02
  0.7746E-02
  0.9122E-02
  0.1143E-01
  0.1361E-01
  0.1515E-01
  0.1728E-01
  0.1809E-01
  0.1860E-01
  0.1953E-01
  0.1853E-01
  0.1570E-01
  0.1534E-01
  0.1392E-01
  0.1370E-01
  0.1184E-01
  0.9716E-02
  0.9242E-02
  0.8929E-02
  0.7689E-02
  0.6860E-02
  0.6216E-02
  0.5404E-02
  0.4973E-02
  0.4397E-02
  0.4245E-02
  0.4940E-02
  0.3671E-02
  0.3861E-02
  0.6240E-02
  0.4093E-02
  0.3838E-02
  0.5078E-02
  0.5678E-02
  0.6248E-02
  0.4997E-02
  0.5342E-02
  0.6707E-02
  0.6993E-02
  0.6449E-02
  0.6256E-02
  0.6748E-02
  0.6803E-02
  0.6509E-02
  0.6707E-02
  0.2486E-02
  0.6729E-02
  0.6500E-02
  0.6506E-02
  0.5981E-02
  0.5872E-02
  0.6456E-02
  0.3379E-03
  0.5423E-02
  0.5755E-02
  0.6188E-02
  0.6284E-02
  0.6120E-02
  0.6153E-02
  0.5977E-02
  0.6052E-02
  0.6138E-02
  0.5436E-02
  0.5087E-02
  0.6035E-02
  0.5252E-02
  0.5643E-02
  0.5812E-02
  0.4905E-02
  0.5143E-02
  0.5462E-02
  0.5599E-02
  0.4424E-02
  0.5103E-02
  0.4951E-02
  0.3603E-02
  0.4607E-02
  0.3516E-02
  0.2895E-02
  0.4445E-02
  0.2581E-02
  0.2461E-02
  0.3205E-02
  0.2354E-02
  0.2417E-02
  0.2677E-02
  0.2729E-02
  0.2973E-02
  0.3138E-02
  0.3452E-02
  0.3840E-02
  0.4264E-02
  0.4695E-02
  0.4923E-02
  0.4798E-02
  0.4048E-02
  0.3513E-02
  0.3100E-02
  0.4896E-02
  0.5587E-02
  0.5008E-02
  0.5943E-02
  0.6653E-02
  0.6639E-02
  0.5925E-02
  0.4302E-02
  0.5703E-02
  0.6067E-02
  0.5729E-02
  0.4965E-02
  0.3216E-02
  0.3238E-02
  0.4929E-02
  0.5836E-02
  0.6250E-02
  0.6410E-02
  0.6382E-02
  0.6163E-02
  0.5610E-02
  0.4464E-02
  0.4566E-02
  0.5319E-02
  0.5217E-02
  0.4731E-02
  0.4429E-02
  0.3388E-02
  0.2254E-02
  0.2065E-02
  0.2540E-02
  0.3475E-02
  0.4147E-02
  0.4162E-02
  0.3472E-02
  0.2890E-02
  0.3422E-02
  0.4123E-02
  0.4228E-02
  0.3839E-02
  0.2838E-02
  0.2173E-02
  0.2143E-02
  0.3256E-02
  0.2836E-02
  0.3832E-02
  0.4331E-02
  0.4393E-02
  0.3981E-02
  0.4294E-02
  0.4281E-02
  0.4009E-02
  0.3361E-02
  0.2597E-02
  0.2980E-02
  0.2444E-02
  0.2485E-02
  0.3301E-02
  0.3297E-02
  0.2731E-02
  0.1928E-02
  0.2323E-02
  0.2019E-02
  0.2594E-02
  0.2901E-02
  0.2781E-02
  0.2355E-02
  0.1583E-02
  0.1419E-02
  0.1475E-02
  0.1882E-02
  0.2277E-02
  0.2657E-02
  0.2390E-02
  0.2800E-02
  0.2488E-02
  0.2172E-02
  0.2155E-02
  0.2169E-02
  0.1794E-02
  0.1719E-02
  0.1532E-02
  0.1911E-02
  0.1890E-02
  0.1993E-02
  0.2218E-02
  0.2125E-02
  0.2512E-02
  0.2401E-02
  0.1982E-02
  0.1492E-02
  0.1900E-02
  0.1969E-02
  0.1594E-02
  0.1281E-02
  0.1210E-02
  0.1198E-02
  0.1318E-02
  0.1594E-02
  0.1602E-02
  0.1995E-02
  0.2274E-02
  0.2289E-02
  0.2090E-02
  0.2191E-02
  0.2052E-02
  0.1600E-02
  0.1438E-02
  0.1431E-02
  0.1510E-02
  0.1637E-02
  0.1120E-02
  0.1192E-02
  0.1639E-02
  0.1773E-02
  0.1800E-02
  0.1887E-02
  0.1877E-02
  0.1421E-02
  0.1463E-02
  0.1629E-02
  0.1825E-02
  0.1655E-02
  0.1197E-02
  0.1916E-02
  0.1161E-02
  0.1670E-02
  0.2027E-02
  0.2253E-02
  0.2396E-02
  0.2523E-02
  0.2596E-02
  0.2657E-02
  0.2683E-02
  0.2681E-02
  0.2637E-02
  0.2646E-02
  0.2608E-02
  0.2510E-02
  0.2407E-02
  0.2505E-02
  0.2611E-02
  0.2617E-02
  0.2568E-02
  0.2395E-02
  0.2411E-02
  0.2318E-02
  0.2418E-02
  0.2318E-02
  0.2122E-02
  0.2068E-02
  0.1937E-02
  0.2019E-02
  0.1882E-02
  0.1615E-02
  0.1206E-02
  0.8307E-03
  0.8158E-03
  0.1214E-02
  0.1493E-02
  0.1512E-02
  0.1205E-02
  0.1149E-02
  0.1323E-02
  0.1475E-02
  0.1133E-02
  0.1308E-02
  0.1569E-02
  0.1565E-02
  0.1406E-02
  0.1080E-02
  0.1234E-02
  0.7280E-03
  0.9673E-03
  0.1221E-02
  0.1394E-02
  0.1449E-02
  0.1395E-02
  0.1258E-02
  0.9206E-03
  0.8038E-03
  0.9990E-03
  0.8366E-03
  0.9186E-03
  0.7051E-03
  0.1090E-02
  0.7547E-03
  0.6810E-03
  0.9593E-03
  0.1152E-02
  0.1256E-02
  0.1263E-02
  0.1126E-02
  0.7710E-03
  0.9254E-03
  0.1192E-02
  0.1214E-02
  0.1053E-02
  0.7198E-03
  0.6820E-03
  0.8051E-03
  0.9742E-03
  0.9688E-03
  0.6527E-03
  0.7883E-03
  0.1082E-02
  0.1154E-02
  0.1056E-02
  0.9918E-03
  0.7515E-03
  0.5498E-03
  0.1069E-02
  0.6696E-03
  0.9153E-03
  0.9900E-03
  0.9650E-03
  0.1064E-02
  0.1033E-02
  0.8756E-03
  0.5698E-03
  0.5533E-03
  0.6287E-03
  0.5929E-03
  0.8421E-03
  0.5892E-03
  0.7334E-03
  0.7886E-03
  0.7183E-03
  0.6588E-03
  0.8560E-03
  0.1063E-02
  0.1041E-02
  0.1123E-02
  0.1094E-02
  0.8660E-03
  0.5941E-03
  0.6637E-03
  0.8626E-03
  0.6932E-03
  0.8308E-03
  0.1060E-02
  0.1153E-02
  0.1108E-02
  0.1253E-02
  0.1277E-02
  0.1245E-02
  0.1139E-02
  0.8645E-03
  0.9228E-03
  0.6936E-03
  0.4145E-03
  0.4454E-03
  0.7276E-03
  0.8441E-03
  0.7068E-03
  0.6458E-03
  0.7659E-03
  0.9141E-03
  0.9119E-03
  0.1037E-02
  0.9672E-03
  0.8251E-03
  0.7224E-03
  0.8420E-03
  0.5019E-03
  0.9078E-03
  0.1140E-02
  0.1155E-02
  0.9181E-03
  0.8957E-03
  0.1086E-02
  0.1041E-02
  0.7286E-03
  0.7071E-03
  0.1023E-02
  0.1146E-02
  0.1128E-02
  0.8956E-03
  0.7491E-03
  0.7414E-03
  0.4689E-03
  0.3638E-03
  0.4941E-03
  0.7471E-03
  0.8756E-03
  0.1055E-02
  0.1070E-02
  0.9254E-03
  0.8784E-03
  0.1138E-02
  0.1175E-02
  0.6516E-03
  0.1204E-02
  0.1213E-02
  0.1101E-02
  0.8863E-03
  0.6148E-03
  0.3869E-03
  0.5853E-03
  0.8383E-03
  0.8881E-03
  0.1010E-02
  0.8405E-03
  0.6429E-03
  0.8088E-03
  0.8751E-03
  0.1211E-02
  0.1279E-02
  0.1314E-02
  0.1178E-02
  0.1167E-02
  0.9274E-03
  0.8758E-03
  0.1107E-02
  0.1297E-02
  0.1373E-02
  0.1388E-02
  0.1009E-02
  0.1372E-02
  0.1320E-02
  0.1236E-02
  0.1072E-02
  0.9129E-03
  0.6078E-03
  0.7450E-03
  0.7976E-03
  0.5844E-03
  0.4100E-03
  0.6331E-03
  0.8607E-03
  0.9661E-03
  0.9887E-03
  0.9141E-03
  0.7908E-03
  0.7970E-03
  0.7626E-03
  0.6531E-03
  0.4831E-03
  0.2788E-03
  0.2788E-03
  0.3616E-03
  0.3547E-03
  0.3215E-03
  0.2513E-03
  0.2281E-03
  0.1829E-03
  0.1830E-03
  0.1795E-03
  0.1698E-03
  0.1529E-03
  0.3372E-03
  0.1515E-03
  0.1516E-03
  0.1409E-03
  0.1601E-03
  0.2517E-03
  0.2450E-03
  0.1659E-03
  0.1596E-03
  0.1925E-03
  0.1896E-03
  0.3381E-03
  0.4037E-03
  0.2055E-03
  0.2143E-03
  0.2026E-03
  0.2579E-03
  0.1576E-03
  0.2695E-03
  0.3077E-03
  0.2926E-03
  0.4074E-03
  0.2851E-03
  0.3693E-03
  0.4069E-03
  0.3565E-03
  0.2556E-03
  0.2712E-03
  0.3300E-03
  0.3432E-03
  0.2329E-03
  0.1678E-03
  0.3606E-03
  0.3335E-03
  0.3501E-03
  0.3470E-03
  0.3584E-03
  0.2594E-03
  0.2495E-03
  0.3930E-03
  0.3910E-03
  0.3665E-03
  0.2306E-03
  0.1055E-03
  0.3002E-03
  0.3479E-03
  0.3450E-03
  0.2769E-03
  0.1002E-03
  0.1492E-03
  0.2973E-03
  0.3315E-03
  0.3162E-03
  0.2125E-03
  0.7537E-04
  0.3175E-03
  0.3493E-03
  0.3462E-03
  0.3163E-03
  0.4239E-04
  0.8990E-04
  0.2211E-03
  0.2953E-03
  0.3276E-03
  0.3157E-03
  0.3193E-03
  0.2404E-03
  0.2894E-03
  0.2218E-03
  0.1969E-03
  0.1814E-03
  0.3012E-03
  0.2244E-03
  0.2047E-03
  0.2302E-03
  0.3053E-03
  0.2965E-03
  0.2275E-03
  0.2188E-03
  0.2714E-03
  0.2624E-03
  0.2129E-03
  0.1735E-03
  0.1985E-03
  0.2179E-03
  0.1779E-03
  0.1196E-03
  0.1223E-03
  0.2106E-03
  0.1284E-03
  0.7825E-04
  0.7438E-04
  0.9364E-04
  0.8654E-04
  0.7147E-04
  0.7195E-04
  0.7265E-04
  0.7681E-04
  0.9055E-04
  0.9003E-04
  0.8919E-04
  0.9702E-04
  0.9897E-04
  0.9401E-04
  0.9363E-04
  0.1017E-03
  0.8862E-04
  0.8540E-04
  0.1271E-03
  0.8963E-04
  0.9549E-04
  0.8386E-04
  0.7352E-04
  0.7258E-04
  0.8245E-04
  0.1946E-03
  0.1491E-03
  0.1024E-03
  0.1309E-03
  0.1534E-03
  0.2207E-03
  0.1475E-03
  0.1324E-03
  0.1540E-03
  0.2138E-03
  0.2168E-03
  0.1816E-03
  0.1718E-03
  0.1945E-03
  0.1659E-03
  0.2082E-03
  0.1930E-03
  0.1876E-03
  0.2037E-03
  0.9831E-04
  0.2027E-03
  0.1884E-03
  0.1893E-03
  0.1271E-04
  0.9881E-04
  0.1921E-03
  0.1897E-03
  0.8627E-04
  0.2800E-04
  0.1896E-03
  0.8121E-04
  0.1708E-03
  0.1690E-03
  0.1861E-03
  0.1123E-03
  0.1440E-03
  0.3675E-04
  0.1220E-03
  0.6109E-05
  0.1385E-03
  0.1036E-03
  0.2240E-04
  0.4831E-04
  0.8752E-04
  0.9077E-04
  0.7250E-04
  0.2886E-04
  0.1897E-04
  0.4827E-04
  0.6991E-04
  0.6134E-04
  0.3193E-04
  0.9513E-05
  0.4783E-04
  0.6578E-04
  0.7224E-04
  0.4741E-04
  0.8082E-05
  0.6954E-04
  0.3371E-04
  0.6797E-05
  0.1177E-04
  0.7935E-04
  0.7774E-04
  0.2345E-04
  0.4307E-04
  0.9679E-04
  0.1150E-03
  0.1044E-03
  0.3677E-04
  0.9430E-04
  0.1403E-03
  0.1417E-03
  0.4775E-04
  0.7530E-04
  0.1319E-03
  0.1282E-03
  0.1300E-03
  0.1209E-03
  0.5339E-04
  0.8056E-04
  0.1120E-03
  0.1027E-03
  0.1231E-03
  0.1288E-03
  0.1122E-03
  0.1057E-03
  0.8844E-04
  0.1197E-03
  0.1004E-03
  0.9885E-04
  0.1068E-03
  0.8238E-04
  0.1057E-03
  0.9193E-04
  0.9338E-04
  0.9935E-04
  0.7026E-04
  0.6414E-04
  0.7635E-04
  0.1092E-03
  0.7440E-04
  0.1143E-03
  0.8050E-04
  0.5214E-04
  0.4142E-04
  0.4139E-04
  0.6246E-04
  0.8393E-04
  0.3609E-04
  0.2863E-04
  0.2823E-04
  0.3491E-04
  0.4061E-04
  0.2474E-04
  0.2500E-04
  0.2591E-04
  0.2786E-04
  0.2891E-04
  0.2589E-04
  0.2501E-04
  0.2588E-04
  0.2547E-04
  0.2746E-04
  0.2544E-04
  0.2722E-04
  0.2804E-04
  0.2597E-04
  0.2683E-04
  0.2466E-04
  0.2169E-04
  0.2067E-04
  0.3416E-04
  0.5029E-04
  0.7239E-04
  0.8824E-04
  0.9394E-04
  0.1001E-03
  0.1100E-03
  0.1148E-03
  0.1163E-03
  0.1061E-03
  0.1089E-03
  0.9254E-04
  0.8477E-04
  0.7844E-04
  0.6190E-04
  0.6476E-04
  0.4739E-04
  0.4032E-04
  0.3963E-04
  0.2863E-04
  0.3073E-04
  0.2577E-04
  0.1999E-04
  0.2137E-04
  0.1867E-04
  0.1623E-04
  0.1666E-04
  0.1730E-04
  0.1606E-04
  0.1441E-04
  0.1396E-04
  0.3151E-04
  0.1663E-04
  0.1575E-04
  0.2574E-04
  0.1895E-04
  0.1936E-04
  0.2800E-04
  0.4112E-04
  0.4571E-04
  0.3422E-04
  0.4173E-04
  0.4334E-04
  0.5453E-04
  0.6462E-04
  0.5687E-04
  0.5903E-04
  0.4474E-04
  0.6545E-04
  0.5715E-04
  0.5228E-04
  0.9906E-05
  0.4659E-04
  0.5376E-04
  0.7554E-05
  0.4497E-04
  0.2469E-04
  0.4122E-05
  0.1852E-04
  0.1496E-04
  0.1378E-04
  0.6078E-05
  0.5139E-05
  0.1190E-04
  0.4655E-05
  0.7056E-05
  0.4759E-05
  0.5009E-05
  0.5538E-05
  0.1263E-05
  0.1614E-05
  0.3942E-05
  0.4480E-06
  0.1146E-05
  0.2137E-05
  0.4544E-06
  0.2286E-05
  0.1456E-05
  0.2910E-06
  0.1543E-05
  0.1749E-05
  0.7992E-06
  0.1098E-05
  0.1583E-05
  0.1275E-05
  0.1484E-06
  0.1172E-05
  0.1432E-05
  0.1147E-05
  0.1961E-06
  0.1512E-06
  0.1185E-05
  0.1236E-05
  0.7803E-06
  0.1740E-05
  0.1286E-05
  0.6047E-06
  0.2873E-06
  0.7291E-06
  0.9101E-06
  0.1092E-05
  0.1112E-05
  0.1070E-05
  0.1361E-06
  0.8599E-06
  0.7456E-06
  0.7051E-06
  0.7260E-06
  0.7864E-06
  0.8316E-06
  0.9928E-06
  0.1318E-05
  0.5135E-06
  0.3077E-06
  0.1239E-06
  0.4026E-06
  0.6554E-06
  0.2338E-06
  0.3818E-06
  0.3514E-06
  0.1107E-06
  0.3405E-06
  0.4829E-06
  0.1831E-06
  0.2668E-06
  0.1899E-06
  0.1101E-06
  0.2700E-06
  0.2489E-06
  0.1125E-06
  0.2261E-06
  0.2282E-06
  0.1294E-06
  0.1880E-06
  0.1740E-06
  0.1394E-06
  0.1271E-06
  0.1887E-06
  0.1841E-06
  0.1238E-06
  0.1334E-06
  0.1187E-06
  0.1474E-06
  0.8135E-07
  0.1154E-06
  0.2355E-06
  0.7885E-07
  0.1380E-06
  0.1636E-06
  0.1669E-06
  0.1576E-06
  0.1359E-06
  0.1066E-06
  0.7439E-07
  0.9994E-07
  0.1169E-06
  0.1325E-06
  0.1426E-06
  0.1495E-06
  0.1550E-06
  0.1596E-06
  0.1631E-06
  0.1630E-06
  0.1540E-06
  0.1178E-06
  0.1286E-06
  0.2504E-06
  0.4161E-06
  0.5003E-06
  0.3079E-06
  0.6001E-06
  0.7498E-06
  0.2249E-06
  0.9394E-06
  0.2704E-06
  0.1140E-05
  0.1317E-05
  0.1547E-05
  0.1850E-05
  0.2243E-05
  0.2755E-05
  0.3441E-05
  0.4392E-05
  0.5771E-05
  0.7784E-05
  0.1364E-04
  0.1781E-04
  0.2168E-04
  0.2407E-04
  0.2420E-04
  0.1965E-04
  0.1526E-04
  0.1118E-04
  0.9185E-05
  0.4321E-05
  0.3619E-05
  0.9291E-05
  0.3908E-05
  0.4011E-05
  0.4617E-05
  0.3905E-05
  0.3850E-05
  0.3766E-05
  0.1166E-04
  0.3777E-05
  0.3940E-05
  0.3922E-05
  0.7472E-05
  0.5242E-05
  0.8021E-05
  0.6872E-05
  0.4815E-05
  0.4103E-05
  0.3655E-05
  0.3546E-05
  0.4641E-05
  0.1048E-04
  0.4424E-05
  0.3551E-05
  0.3309E-05
  0.3186E-05
  0.3171E-05
  0.3224E-05
  0.3351E-05
  0.3640E-05
  0.3806E-05
  0.3696E-05
  0.4183E-05
  0.5196E-05
  0.6205E-05
  0.7061E-05
  0.8843E-05
  0.1061E-04
  0.1407E-04
  0.1726E-04
  0.2096E-04
  0.2440E-04
  0.2472E-04
  0.2023E-04
  0.1771E-04
  0.1192E-04
  0.8195E-05
  0.5879E-05
  0.4785E-05
  0.6954E-05
  0.5454E-05
  0.4556E-05
  0.5701E-05
  0.1315E-04
  0.8286E-05
  0.7089E-05
  0.9976E-05
  0.1330E-04
  0.1016E-04
  0.9785E-05
  0.1435E-04
  0.1451E-04
  0.1100E-04
  0.1212E-04
  0.3500E-05
  0.1260E-04
  0.1098E-04
  0.1392E-04
  0.1344E-04
  0.9453E-05
  0.9816E-05
  0.1147E-04
