  0.1887E+02
  0.7712E+01
  0.3246E+01
  0.1406E+01
  0.6268E+00
  0.2875E+00
  0.1353E+00
  0.6513E-01
  0.3191E-01
  0.2204E-01
  0.1674E-01
  0.1390E-01
  0.1203E-01
  0.1034E-01
  0.9452E-02
  0.8614E-02
  0.8190E-02
  0.8165E-02
  0.8620E-02
  0.1011E-01
  0.1214E-01
  0.1590E-01
  0.2207E-01
  0.3256E-01
  0.4655E-01
  0.6112E-01
  0.7627E-01
  0.9600E-01
  0.1151E+00
  0.1405E+00
  0.1747E+00
  0.2141E+00
  0.2727E+00
  0.3475E+00
  0.4258E+00
  0.4914E+00
  0.5056E+00
  0.4510E+00
  0.3371E+00
  0.2043E+00
  0.1008E+00
  0.4544E-01
  0.2026E-01
  0.9542E-02
  0.3232E-02
  0.8185E-03
  0.4648E-03
  0.5516E-04
  0.1523E-04
  0.6102E-05
