 tau_sw_i
                          0.3720923117443531E-14
                          0.5718336562846213E-12
                          0.6367432602959137E-12
                          0.6111353067903960E-11
                          0.1817576743269855E-10
                          0.9096887791058948E-11
                          0.5275849368790475E-10
                          0.2061172116117524E-10
                          0.3535296769738409E-11
                          0.3449635483700874E-10
                          0.6978776979333348E-12
                          0.7329726057381423E-09
                          0.2305910009712806E-08
                          0.1070623839034842E-12
                          0.6397068371521103E-13
                          0.6987671526455985E-12
                          0.6223980847489819E-13
                          0.3891758311524296E-12
                          0.9877872774211566E-13
                          0.2218593277589118E-11
                          0.6521054324513550E-12
                          0.2603994757943028E-11
                          0.2710800858127610E-10
                          0.7936151219649340E-09
                          0.4541183763566235E-07
                          0.1254027547878565E-06
                          0.9381620084588312E-05
                          0.5679851489038726E-04
                          0.3836334147649702E-06
                          0.5635594964255226E-07
                          0.1075021781812564E-06
                          0.3526829130554079E-11
                          0.2587205463163277E-10
                          0.1324856718759897E-11
                          0.2593798244198993E-10
                          0.1402492545887842E-11
                          0.1583180284056371E-11
                          0.1858904597765313E-11
                          0.1357301430091133E-10
                          0.5016517545199461E-11
                          0.2377237186201720E-11
                          0.2729151025490682E-11
                          0.8649943089001585E-11
                          0.1271497457951873E-10
                          0.3452543892168335E-11
                          0.3758732940101549E-11
                          0.4115290128718546E-11
                          0.4472166794031287E-11
                          0.4882707441068158E-11
                          0.1173030584154575E-10
                          0.3631060201485642E-09
                          0.2365326301308122E-09
                          0.9734670770182933E-06
                          0.2605848466333608E-10
                          0.2135603108623953E-09
                          0.2361483075217120E-08
                          0.2356213290950927E-10
                          0.9692601494857278E-11
                          0.1040728265018915E-10
                          0.1125232888111209E-10
                          0.1205851419726896E-10
                          0.1283967184661465E-10
                          0.1397677362333827E-10
                          0.2114720914584179E-10
                          0.1542545334100945E-10
                          0.1675232082972913E-10
                          0.2246463215164945E-10
                          0.1879657511029763E-10
                          0.2040952360922638E-10
                          0.2092955053101338E-10
                          0.2212869268513349E-10
                          0.2332332995574285E-10
                          0.2484227538085427E-10
                          0.1375949497395481E-08
                          0.3965491093065294E-10
                          0.2340555515961536E-06
                          0.6771178724730937E-03
                          0.1156666172910541E-08
                          0.1675770708812391E-09
                          0.4840218747457783E-10
                          0.6035147079871977E-10
                          0.5588218492854338E-07
                          0.5763304269413820E-07
                          0.1729387356203168E-04
                          0.2951867346916780E-04
                          0.9228590974499586E-10
                          0.5081943366363477E-10
                          0.5250927182468042E-10
                          0.5584286025310856E-10
                          0.7086522007773650E-09
                          0.2864419635147378E-06
                          0.3996237509471714E-02
                          0.6671960065132475E-01
                          0.3597510760001782E-03
                          0.7213904133321750E-03
                          0.1129937220877035E-04
                          0.1122407688229153E-08
                          0.8151478473037799E-10
                          0.8537310743794446E-10
                          0.4358318315789298E-09
                          0.1780155793637355E-08
                          0.1247729514256889E-09
                          0.1126726497910577E-09
                          0.1109896911892109E-05
                          0.8022042663759154E-09
                          0.1203804183472004E-08
                          0.1345473553792041E-09
                          0.1200369909952211E-09
                          0.1248218004307989E-09
                          0.1319008109748298E-09
                          0.1628572968777323E-09
                          0.1475880150315147E-09
                          0.1443132109059464E-09
                          0.1491788775300039E-09
                          0.1544830080798101E-09
                          0.1599743050761262E-09
                          0.1656198924632722E-09
                          0.1713902809043004E-09
                          0.1775566339092225E-09
                          0.4175741901257558E-09
                          0.4925394208298324E-07
                          0.2025047339948586E-09
                          0.2026308253278969E-09
                          0.9323271942520460E-09
                          0.2167031935352756E-09
                          0.2666422251068107E-07
                          0.2362325063432620E-09
                          0.2391786789990336E-09
                          0.2661261564321299E-09
                          0.2534553561173702E-09
                          0.2613584793938776E-09
                          0.2715936269049766E-09
                          0.2937175330550173E-09
                          0.2837126494187805E-06
                          0.3593191737115000E-07
                          0.3104937805026404E-09
                          0.3199173111210008E-09
                          0.7476856411175616E-08
                          0.3672943499354900E-09
                          0.6966884448561799E-09
                          0.1255339569413514E-07
                          0.6148226041422062E-07
                          0.1068438932463903E-03
                          0.2468412341233945E-06
                          0.6803676868595541E-05
                          0.1222382065394354E-04
                          0.8021826143186949E-07
                          0.7578942077024605E-03
                          0.6941073884198839E-05
                          0.3791759411606044E-04
                          0.1042485268709961E-07
                          0.5001786227102194E-09
                          0.5476628627286038E-09
                          0.5205799919525385E-09
                          0.2875980526412694E-06
                          0.5345297069092015E-09
                          0.5433221667180487E-09
                          0.5557499213645383E-09
                          0.5702462219237443E-09
                          0.6115505813404519E-09
                          0.1401919283457526E-06
                          0.8251557591496806E-09
                          0.6297142295498292E-09
                          0.6453964478621615E-09
                          0.6613872686508623E-09
                          0.6776551764688164E-09
                          0.3807815118708765E-05
                          0.7114982675946836E-09
                          0.7288929266486715E-09
                          0.7457755813598227E-09
                          0.7635760823225191E-09
                          0.7816971476978544E-09
                          0.8001397390800930E-09
                          0.8189583695363911E-09
                          0.8384481246018884E-09
                          0.9873547935883901E-09
                          0.8772829963377360E-09
                          0.3927617475828545E-04
                          0.9195104996836603E-09
                          0.1671698602370763E-08
                          0.1017157290544042E-08
                          0.9837998979325669E-09
                          0.1006521718485066E-08
                          0.8366193561861206E-07
                          0.1063318312949406E-08
                          0.1992724456306991E-08
                          0.9376840581718281E-03
                          0.1555031774845941E-08
                          0.1146904163396869E-08
                          0.1547038019851601E-08
                          0.2147399487846752E-08
                          0.3708499964943520E-08
                          0.2117725730250356E-08
                          0.8524221959789221E-07
                          0.6178435221016435E-08
                          0.1662011318880866E-06
                          0.4052691380345384E-07
                          0.2916062328068573E-03
                          0.1974754957942031E-06
                          0.1408124987233264E-06
                          0.5452702274488701E-06
                          0.1661228042186746E-08
                          0.1833967288879672E-08
                          0.1082767859419006E-07
                          0.7854133983127786E-05
                          0.7588432911100349E-08
                          0.1649967138670192E-08
                          0.1679771018894908E-08
                          0.1719451365701405E-08
                          0.1766598440164438E-08
                          0.1805727640380194E-08
                          0.1822122098961700E-08
                          0.2254817195804347E-08
                          0.2520624272809601E-08
                          0.1920472196759376E-08
                          0.1953425075567075E-08
                          0.2228919011831212E-08
                          0.2030479578588958E-08
                          0.2064399203779144E-08
                          0.2102530735980479E-08
                          0.2141191800494034E-08
                          0.2180799010925838E-08
                          0.2220107294143818E-08
                          0.2260373338261716E-08
                          0.2301181229613418E-08
                          0.2342539158462507E-08
                          0.2387935877920619E-08
                          0.2459930953825623E-08
                          0.2470004338821001E-08
                          0.2513630414808841E-08
                          0.2557773531740091E-08
                          0.2606020629324879E-08
                          0.2648226575695073E-08
                          0.2718790628400041E-08
                          0.2742430992821040E-08
                          0.1439786250024371E-07
                          0.2835977075540600E-08
                          0.2886448937136350E-08
                          0.5228812633989874E-07
                          0.5482501811506760E-08
                          0.3036794233097302E-08
                          0.2372504576951636E-06
                          0.3166042056292981E-08
                          0.3523163232998695E-08
                          0.3270360691400487E-08
                          0.3321326806512415E-08
                          0.3686773714875404E-08
                          0.1060086296356227E-06
                          0.3863929894549224E-08
                          0.4773399459544373E-08
                          0.4096207355110627E-08
                          0.3699067091482446E-08
                          0.3752740606695856E-08
                          0.8403202997418762E-06
                          0.6402712047987060E-08
                          0.3882853576911618E-08
                          0.3927392562015421E-08
                          0.3987174955985222E-08
                          0.4151405285421470E-08
                          0.4184672477389525E-08
                          0.4330617613444026E-08
                          0.4317377594816314E-08
                          0.4323600893151833E-08
                          0.4373704198753711E-08
                          0.4444917494208268E-08
                          0.4507181942307569E-08
                          0.5376360527514653E-08
                          0.5731661800338674E-08
                          0.1324486559070303E-07
                          0.4789724599249013E-08
                          0.5359672081952279E-08
                          0.4951494061510577E-08
                          0.5003473076567093E-08
                          0.5076391465358115E-08
                          0.1693338762108602E-07
                          0.6311636809988638E-08
                          0.5403379498126112E-08
                          0.6728763500493322E-08
                          0.1012035633524236E-07
                          0.1563870709521190E-07
                          0.5639285342138739E-08
                          0.5698632747655734E-08
                          0.5780369383382778E-08
                          0.5861960028865708E-08
                          0.5945245970142267E-08
                          0.6049500559698569E-08
                          0.6114465331128365E-08
                          0.7761230339900318E-07
                          0.6287426633218326E-08
                          0.6375098920203942E-08
                          0.6463977263369702E-08
                          0.6558751972973477E-08
                          0.4958068052483524E-07
                          0.6744518754440395E-08
                          0.6830966445251360E-08
                          0.6921216610870802E-08
                          0.7283692313404858E-08
                          0.7111387151989808E-08
                          0.7228804413396783E-08
                          0.7331712273692217E-08
                          0.7402500692573166E-08
                          0.7501622505481220E-08
                          0.7602026338920996E-08
                          0.7749187647418007E-08
                          0.7897779360500992E-08
                          0.7915373156116745E-08
                          0.8131383654472968E-08
                          0.8117648961437807E-08
                          0.8225151306737913E-08
                          0.9716008057577157E-08
                          0.8463589364518877E-08
                          0.8549049843969252E-08
                          0.8659433148091598E-08
                          0.8770971251647209E-08
                          0.8883764707567900E-08
                          0.8997672914262202E-08
                          0.9115054773900996E-08
                          0.9257485419853388E-08
                          0.9360527222946647E-08
                          0.9464567744101472E-08
                          0.9601678557663916E-08
                          0.9702734455589593E-08
                          0.9844495519363143E-08
                          0.1557909074267327E-07
                          0.1064174680169671E-07
                          0.1668909508598322E-07
                          0.1032380288742436E-07
                          0.1269450234670369E-07
                          0.7957039132012269E-03
                          0.1073069223903374E-07
                          0.1084180984022880E-07
                          0.1109444120896482E-07
                          0.1221011743424270E-07
                          0.1123686415779131E-07
                          0.1137215059420347E-07
                          0.1150904830792503E-07
                          0.1164695224367878E-07
                          0.1178619591732079E-07
                          0.1192670312198071E-07
                          0.1206917395248038E-07
                          0.1221147347962173E-07
                          0.1235584514039227E-07
                          0.1250131963291664E-07
                          0.1264895864332131E-07
                          0.1279627736351837E-07
                          0.1294570529100179E-07
                          0.1309698795671101E-07
                          0.2552057701091810E-07
                          0.1383827209214629E-07
                          0.1355717073363639E-07
                          0.1371258465894573E-07
                          0.1386995960612543E-07
                          0.1402879525978527E-07
                          0.1285715810836788E-06
                          0.1435188891611648E-07
                          0.1451299940210502E-07
                          0.1467719850648524E-07
                          0.1485805303924561E-07
                          0.1816048496907087E-06
                          0.1517861689128602E-07
                          0.1534796969193978E-07
                          0.1551919900695506E-07
                          0.1748190092356332E-07
                          0.1586599253131737E-07
                          0.1604164096740264E-07
                          0.1621853383967368E-07
                          0.1639698076730197E-07
                          0.1657683054878431E-07
                          0.1675822636281177E-07
                          0.1694110186195721E-07
                          0.1809687142142196E-07
                          0.1731144455963562E-07
                          0.1749975700007030E-07
                          0.1768772076143726E-07
                          0.1787817787173207E-07
                          0.1926053193269249E-07
                          0.1837842639635398E-07
                          0.1845867388625109E-07
                          0.1865532793929645E-07
                          0.1885380617682365E-07
                          0.1905965057452217E-07
                          0.1934819503518844E-07
                          0.1945736969233019E-07
                          0.1966187258447588E-07
                          0.1986975188235859E-07
                          0.2007658473609427E-07
                          0.2028514184420755E-07
                          0.2049610284674498E-07
                          0.2070874890055154E-07
                          0.2092304564632063E-07
                          0.2113900139999035E-07
                          0.2135668178770219E-07
                          0.2157592379817601E-07
                          0.2179691158771466E-07
                          0.2201969492699163E-07
                          0.2224396415665580E-07
                          0.2247005316332556E-07
                          0.2269786071915492E-07
                          0.2292739702233241E-07
                          0.2315868925543626E-07
                          0.2339168752925432E-07
                          0.2362646183482403E-07
                          0.2386300211178013E-07
                          0.2410130230453432E-07
                          0.2434138744654957E-07
                          0.2458326360356481E-07
                          0.2482693799950527E-07
                          0.2507243995009957E-07
                          0.2531974327567688E-07
                          0.2556883849170654E-07
                          0.2598811989019016E-07
                          0.2609223951098365E-07
                          0.2632724411835824E-07
                          0.2658406189413624E-07
                          0.2684216987022434E-07
                          0.2710243232342797E-07
                          0.2736471048014452E-07
                          0.2762884476297139E-07
                          0.2789454300961948E-07
                          0.2816241642000899E-07
                          0.2843672538669528E-07
                          0.2870393099784068E-07
                          0.2898807975637107E-07
                          0.3025128937108372E-07
                          0.2964776774356331E-07
                          0.2981059823249131E-07
                          0.3009189744163153E-07
                          0.3037560526786715E-07
                          0.3067331662091811E-07
                          0.3111726717053006E-07
                          0.3183001441883934E-07
                          0.3165501257035315E-07
                          0.3183728194157464E-07
                          0.3756822258737804E-07
                          0.3486173721803938E-07
                          0.3271633519182112E-07
                          0.3301818985376900E-07
                          0.3332212106260709E-07
                          0.3362815303397907E-07
                          0.3393719986901578E-07
                          0.3424652628988059E-07
                          0.3455889414250862E-07
                          0.3487339089909078E-07
                          0.3519003068086103E-07
                          0.3550882256657365E-07
                          0.3594713104525290E-07
                          0.3615291924230042E-07
                          0.3647820833901261E-07
                          0.3680569820066035E-07
                          0.3713539130821992E-07
                          0.3746729604901769E-07
                          0.3780142077633908E-07
                          0.3813777520687571E-07
                          0.3847636915913642E-07
                          0.3881721283511209E-07
                          0.3916976777538062E-07
                          0.3950569708536983E-07
                          0.3985335961107626E-07
                          0.4020366771811004E-07
                          0.4055592221905826E-07
                          0.4091170302334035E-07
                          0.4126694469125444E-07
                          0.4162614491658539E-07
                          0.4198768499458242E-07
                          0.4235157468343672E-07
                          0.4271782479099837E-07
                          0.4308644528014583E-07
                          0.4345744620073042E-07
                          0.4383360312273566E-07
                          0.4420663188253986E-07
                          0.4458483476526774E-07
                          0.4496546071492290E-07
                          0.4534851792556177E-07
                          0.4573401769525037E-07
                          0.4612197006637404E-07
                          0.4651250916110494E-07
                          0.4690603027590483E-07
                          0.4730064669156573E-07
                          0.4769851333196416E-07
                          0.4809888530560065E-07
                          0.4850177351978423E-07
                          0.4890746509570947E-07
                          0.4931515242885738E-07
                          0.4972597799763964E-07
                          0.5013868381197292E-07
                          0.5055430155915407E-07
                          0.5097250157180913E-07
                          0.5139329178404791E-07
                          0.5181668789527871E-07
                          0.5224267797911645E-07
                          0.5267129774159161E-07
                          0.5310255702102420E-07
                          0.5353646710220923E-07
                          0.5397302831759219E-07
                          0.5441222123661424E-07
                          0.5485409611908696E-07
                          0.5529867052624448E-07
                          0.5574594357214910E-07
                          0.5619593968401571E-07
                          0.5664861874117308E-07
                          0.5710404630021592E-07
                          0.5756239517846921E-07
                          0.5802322445023064E-07
                          0.5848681624424470E-07
                          0.5895329823774125E-07
                          0.5942251835166205E-07
                          0.5989461754565342E-07
                          0.6037447164374026E-07
                          0.6084705348916053E-07
                          0.6132754418923610E-07
                          0.6181101120764495E-07
                          0.6230410814921574E-07
                          0.6278609267118193E-07
                          0.6327800880548950E-07
                          0.6377281046418479E-07
                          0.6427050828713059E-07
                          0.6477111464914655E-07
                          0.6527463837167847E-07
                          0.6578109165163675E-07
                          0.6629048714153956E-07
                          0.6680283586275052E-07
                          0.6731814785825767E-07
                          0.6783643588070046E-07
                          0.6835771091539096E-07
                          0.6888198441694715E-07
                          0.6940926786174496E-07
                          0.6993957275281808E-07
                          0.7047291261132595E-07
                          0.7100929295326161E-07
                          0.7155075936555118E-07
                          0.7209123829894551E-07
                          0.7263682278553860E-07
                          0.7318551625945255E-07
                          0.7373752277784382E-07
                          0.7429217087806763E-07
                          0.7485018969295098E-07
                          0.7541134623246889E-07
                          0.7597565214824382E-07
                          0.7654311942969455E-07
                          0.7711375914306463E-07
                          0.7768759732063747E-07
                          0.7826460880344011E-07
                          0.7884494063677078E-07
                          0.7942835137254280E-07
                          0.8001496787283744E-07
                          0.8097531472937520E-07
                          0.8119807490978953E-07
                          0.8179452819411717E-07
                          0.8239425697940496E-07
                          0.8299727871755790E-07
                          0.8360360322965050E-07
                          0.8421325928704407E-07
                          0.8482626605313395E-07
                          0.8544260189540531E-07
                          0.8606218845686849E-07
                          0.8668536381255052E-07
                          0.8731162367574316E-07
                          0.8794170246729774E-07
                          0.8857463615569155E-07
                          0.8921121155937409E-07
                          0.8985124410780065E-07
                          0.9049471933241978E-07
                          0.9114165038958250E-07
                          0.9181039482582044E-07
                          0.9244915889672954E-07
                          0.9310321497290235E-07
                          0.9376406792047421E-07
                          0.9442842949419625E-07
                          0.9509629091488463E-07
                          0.9576770864672852E-07
                          0.9644267085743772E-07
                          0.9712119695123353E-07
                          0.9780329723507757E-07
                          0.9848898377790030E-07
                          0.9917826982444577E-07
                          0.9987127257076622E-07
                          0.1005678399788415E-06
                          0.1012691937902261E-06
                          0.1019716577698478E-06
                          0.1026791269688045E-06
                          0.1033902726152299E-06
                          0.1041051056347612E-06
                          0.1048236391134115E-06
                          0.1055458856773844E-06
                          0.1062718580998973E-06
                          0.1070015750151127E-06
                          0.1077350317827059E-06
                          0.1084722585247909E-06
                          0.1092132625071628E-06
                          0.1099580578957693E-06
                          0.1107066535815805E-06
                          0.1114590662865042E-06
                          0.1122153087143726E-06
                          0.1129753912888660E-06
                          0.1137393294463857E-06
                          0.1145071353510238E-06
                          0.1152788220902093E-06
                          0.1160544027453592E-06
                          0.1168338902003942E-06
                          0.1176176286452304E-06
                          0.1184075540089171E-06
                          0.1191959255074116E-06
                          0.1199911720293649E-06
                          0.1207903930266570E-06
                          0.1215936003380253E-06
                          0.1224013797160119E-06
                          0.1232120164220281E-06
                          0.1240272588336475E-06
                          0.1248465617110330E-06
                          0.1256698825704229E-06
                          0.1264976296833427E-06
                          0.1273287488100653E-06
                          0.1281928879463582E-06
                          0.1290039996891345E-06
                          0.1298477928277638E-06
                          0.1306957205811592E-06
                          0.1315477900950196E-06
                          0.1324040234476617E-06
                          0.1332644292171317E-06
                          0.1341290218912122E-06
                          0.1349978147850673E-06
                          0.1358708213906919E-06
                          0.1367484887289473E-06
                          0.1376295303519359E-06
                          0.1385152599224684E-06
                          0.1394052577773654E-06
                          0.1402995376299629E-06
                          0.1411981131791436E-06
                          0.1421009981619860E-06
                          0.1430082063292392E-06
                          0.1439197531677413E-06
                          0.1448356473608522E-06
                          0.1457570835130817E-06
                          0.1466806899585741E-06
                          0.1476095779794117E-06
                          0.1485430156473594E-06
                          0.1494808815153753E-06
                          0.1504231677031711E-06
                          0.1513699038744586E-06
                          0.1523211053251717E-06
                          0.1532767827290549E-06
                          0.1542369501034765E-06
                          0.1552016214912424E-06
                          0.1561708109568203E-06
                          0.1571445399422817E-06
                          0.1581228004742085E-06
                          0.1591056287625186E-06
                          0.1600930316001876E-06
                          0.1610850231585058E-06
                          0.1620816176476820E-06
                          0.1630828293612321E-06
                          0.1640886722184669E-06
                          0.1650991640076362E-06
                          0.1661143093420616E-06
                          0.1671341321205028E-06
                          0.1681586436456080E-06
                          0.1691878631363750E-06
                          0.1702217889744278E-06
                          0.1712604520555461E-06
                          0.1723038620801804E-06
                          0.1733520883782051E-06
                          0.1744049779018113E-06
                          0.1754627095616402E-06
                          0.1765252475620128E-06
                          0.1775926040354001E-06
                          0.1786647935164204E-06
                          0.1797418306339895E-06
                          0.1808237298746797E-06
                          0.1819105059018899E-06
                          0.1849914057108058E-06
                          0.1840987468750954E-06
                          0.1852002410729103E-06
                          0.1863066706499877E-06
                          0.1874180504896842E-06
                          0.1885343965053835E-06
                          0.1896557198897545E-06
                          0.1907820394837278E-06
                          0.1919133668061696E-06
                          0.1930497190436474E-06
                          0.1941911113799868E-06
                          0.1953387001806341E-06
                          0.1964890692009807E-06
                          0.2035575875108273E-06
                          0.1988073621530070E-06
                          0.1999741747441093E-06
                          0.2011461142360458E-06
                          0.2023231922448645E-06
                          0.2035054312844365E-06
                          0.2046928449821138E-06
                          0.2058854473862100E-06
                          0.2070832536130572E-06
                          0.2082862798088649E-06
                          0.2094945376142611E-06
                          0.2107080644140599E-06
                          0.2119268888802175E-06
                          0.2131508798313674E-06
                          0.2143803040525461E-06
                          0.2156148758604558E-06
                          0.2168548569365432E-06
                          0.2181002390339440E-06
                          0.2193509105886189E-06
                          0.2206069093430612E-06
                          0.2218683454277310E-06
                          0.2231351840832000E-06
                          0.2244076100776464E-06
                          0.2256851289589764E-06
                          0.2269682660716125E-06
                          0.2282568687650842E-06
                          0.2321450012171751E-06
                          0.2308505215719284E-06
                          0.2321556065283499E-06
                          0.2334662559341832E-06
                          0.2347823694485737E-06
                          0.2361040786195991E-06
                          0.2374313602065802E-06
                          0.2387642301312194E-06
                          0.2401027039519181E-06
                          0.2414467973877319E-06
                          0.2427965260340943E-06
                          0.2441519057342782E-06
                          0.2455129522058324E-06
                          0.2468796812167221E-06
                          0.2482521085654634E-06
                          0.2496302500643683E-06
                          0.2510141300353495E-06
                          0.2524037389004577E-06
                          0.2537995829805367E-06
                          0.2552002753094562E-06
                          0.2566072249817400E-06
                          0.2580199849215397E-06
                          0.2594385756073062E-06
                          0.2608629969205397E-06
                          0.2622941244087224E-06
                          0.2637294400084257E-06
                          0.2651714884416370E-06
                          0.2666194410759199E-06
                          0.2681180365727094E-06
                          0.2695362516076057E-06
                          0.2709988941517354E-06
                          0.2724706303427693E-06
                          0.2739483555449004E-06
                          0.2754320796001702E-06
                          0.2769218243161751E-06
                          0.2784176044548714E-06
                          0.2799194353979635E-06
                          0.2814273342662751E-06
                          0.2829413171482217E-06
                          0.2844614003519131E-06
                          0.2859876002596923E-06
                          0.2875199333833559E-06
                          0.2890584158627577E-06
                          0.2906031448718902E-06
                          0.2921538949977406E-06
                          0.2937109246999624E-06
                          0.2952741742887731E-06
                          0.2968436463992119E-06
                          0.2984193716560072E-06
                          0.3000013618785906E-06
                          0.3015896336717821E-06
                          0.3031842035869264E-06
                          0.3047850883066238E-06
                          0.3063923044619754E-06
                          0.3080058690113983E-06
                          0.3096257977894393E-06
                          0.3112521083970355E-06
                          0.3128848172784585E-06
                          0.3145239413430889E-06
                          0.3161694966993750E-06
                          0.3178215009421863E-06
                          0.3194799706087107E-06
                          0.3211449225459978E-06
                          0.3228163741392247E-06
                          0.3244943407311010E-06
                          0.3261788409371295E-06
                          0.3278698909489341E-06
                          0.3295675074780418E-06
                          0.3312717085654944E-06
                          0.3329825095050664E-06
                          0.3346999287683598E-06
                          0.3364239827914789E-06
                          0.3381546888806642E-06
                          0.3398920640128308E-06
                          0.3416361403337365E-06
                          0.3433868904417828E-06
                          0.3451443747246712E-06
                          0.3469087847720807E-06
                          0.3486795791252733E-06
                          0.3504573240124176E-06
                          0.3522418626325879E-06
                          0.3540332078224923E-06
                          0.3558314151135524E-06
                          0.3576363869922082E-06
                          0.3594482555418606E-06
                          0.3612673295831526E-06
                          0.3630926374960063E-06
                          0.3649251856680981E-06
                          0.3667646629752190E-06
                          0.3686110836503108E-06
                          0.3704645103858022E-06
                          0.3723248358924097E-06
                          0.3741922017724994E-06
                          0.3760665768418266E-06
                          0.3779479844473820E-06
                          0.3798364460266744E-06
                          0.3817319757216909E-06
                          0.3836345911595934E-06
                          0.3855443099386110E-06
                          0.3874611497554070E-06
                          0.3893851282760660E-06
                          0.3913162632036301E-06
                          0.3932545724689267E-06
                          0.3952000732739520E-06
                          0.3971527838498533E-06
                          0.3991127217971142E-06
                          0.4010799134185183E-06
                          0.4030543513887229E-06
                          0.4050360786623073E-06
                          0.4070251047742044E-06
                          0.4090214713907983E-06
                          0.4110251249765076E-06
                          0.4130361605463961E-06
                          0.4150545555300277E-06
                          0.4170803446048209E-06
                          0.4191135402204231E-06
                          0.4211541631674823E-06
                          0.4232022231984161E-06
                          0.4252577466934227E-06
                          0.4273207489809316E-06
                          0.4293912481792425E-06
                          0.4314692624336734E-06
                          0.4335548098909663E-06
                          0.4356479087510830E-06
                          0.4377485772150065E-06
                          0.4398568335107858E-06
                          0.4419726958975216E-06
                          0.4440961827094084E-06
                          0.4462273120001262E-06
                          0.4483661023435270E-06
                          0.4505125719914307E-06
                          0.4526667392943375E-06
                          0.4548286226429911E-06
                          0.4569982404419015E-06
                          0.4591756111823706E-06
                          0.4613607584252007E-06
                          0.4635536848748002E-06
                          0.4657544253687983E-06
                          0.4679629917626197E-06
                          0.4701794039358141E-06
                          0.4724036805612506E-06
                          0.4746358395349272E-06
                          0.4768758981824553E-06
                          0.4791238819308798E-06
                          0.4813797949882195E-06
                          0.4836436695792899E-06
                          0.4859155245498483E-06
                          0.4881953645533082E-06
                          0.4904832225461516E-06
                          0.4927791120715281E-06
                          0.4950831613253951E-06
                          0.4973950622413239E-06
                          0.4997151603354719E-06
                          0.5020433655490370E-06
                          0.5043796967462029E-06
                          0.5067241728128363E-06
                          0.5090768127152205E-06
                          0.5114376352067866E-06
                          0.5138066594152817E-06
                          0.5161839043116587E-06
                          0.5185693907286957E-06
                          0.5209631318341234E-06
                          0.5233651526289386E-06
                          0.5257754701685527E-06
                          0.5281941035366358E-06
                          0.5306210718358288E-06
                          0.5330563941954358E-06
                          0.5355000897633983E-06
                          0.5379521777635403E-06
                          0.5404126772655189E-06
                          0.5428816075347217E-06
                          0.5453589967845389E-06
                          0.5478448508460250E-06
                          0.5503391756434597E-06
                          0.5528420216785046E-06
                          0.5553533949063684E-06
                          0.5578733146614562E-06
                          0.5604018003185684E-06
                          0.5629388712714836E-06
                          0.5654845471245537E-06
                          0.5680388468089772E-06
                          0.5706017901072344E-06
                          0.5731733965655855E-06
                          0.5757536855947965E-06
                          0.5783426767485808E-06
                          0.5809403894761795E-06
                          0.5835468434313708E-06
                          0.5861620582704870E-06
                          0.5887860533299238E-06
                          0.5914188484953033E-06
                          0.5940604665499008E-06
                          0.5967109175557470E-06
                          0.5993702308278003E-06
                          0.6020384228533512E-06
                          0.6047155134008646E-06
                          0.6074015222549755E-06
                          0.6100964692831126E-06
                          0.6128003742088271E-06
                          0.6155132562973376E-06
                          0.6182351362908278E-06
                          0.6209660336909005E-06
                          0.6237059684164781E-06
                          0.6264549832312721E-06
                          0.6292130294589480E-06
                          0.6319801956961559E-06
                          0.6347565018149950E-06
                          0.6375418994848727E-06
                          0.6403364770726474E-06
                          0.6431402320476207E-06
                          0.6459531838694005E-06
                          0.6487753532412379E-06
                          0.6516067600673609E-06
                          0.6544474244888327E-06
                          0.6572973666658030E-06
                          0.6601566067627017E-06
                          0.6630251649952207E-06
                          0.6659030615814139E-06
                          0.6687903167661490E-06
                          0.6716869508298167E-06
                          0.6745929840203180E-06
                          0.6775084366891860E-06
                          0.6804333291550554E-06
                          0.6833676818915717E-06
                          0.6863115150470293E-06
                          0.6892648489930233E-06
                          0.6922277044093546E-06
                          0.6952001016168800E-06
                          0.6981820625023183E-06
                          0.7011736033114238E-06
                          0.7041747493484521E-06
                          0.7071855179451274E-06
                          0.7102059324082609E-06
                          0.7132360099491343E-06
                          0.7162757738997818E-06
                          0.7193252439655103E-06
                          0.7223844407998563E-06
                          0.7254533850223346E-06
                          0.7285320973581725E-06
                          0.7316205984990525E-06
                          0.7347189091698153E-06
                          0.7378270501221646E-06
                          0.7409450421963489E-06
                          0.7440729059746935E-06
                          0.7472106626714455E-06
                          0.7503583336876787E-06
                          0.7535159368742891E-06
                          0.7566834966264154E-06
                          0.7598610322742947E-06
                          0.7630485649695243E-06
                          0.7662461157676447E-06
                          0.7694537055867676E-06
                          0.7726713608600759E-06
                          0.7758990863783316E-06
                          0.7791369187535127E-06
                          0.7823848745761502E-06
                          0.7856429745242294E-06
                          0.7889112398277365E-06
                          0.7921896912883842E-06
                          0.7954783503877330E-06
                          0.7987772387468805E-06
                          0.8020863757461409E-06
                          0.8054057844438360E-06
                          0.8087354854479445E-06
                          0.8120755000097444E-06
                          0.8154258630956842E-06
                          0.8187865549334223E-06
                          0.8221576379110096E-06
                          0.8255391196796923E-06
                          0.8289310216022009E-06
                          0.8323333651268673E-06
                          0.8357461714698114E-06
                          0.8391694622501700E-06
                          0.8426032588549459E-06
                          0.8460475827565770E-06
                          0.8495024554494239E-06
                          0.8529678984497651E-06
                          0.8564439332958045E-06
                          0.8599305815510420E-06
                          0.8634278647873852E-06
                          0.8669358046213579E-06
                          0.8704544226681943E-06
                          0.8739837405831025E-06
                          0.8775237800367058E-06
                          0.8810745627099348E-06
                          0.8846361103321685E-06
                          0.8882084446206507E-06
                          0.8917915886450337E-06
                          0.8953855633576548E-06
                          0.8989903852404464E-06
                          0.9026060840969532E-06
                          0.9062327272924677E-06
                          0.9098701905273861E-06
                          0.9135186419852847E-06
                          0.9171780547944131E-06
                          0.9208484513282113E-06
                          0.9245298522255386E-06
                          0.9282222807532399E-06
                          0.9319257585054276E-06
                          0.9356403467411892E-06
                          0.9393659498219311E-06
                          0.9431027073466532E-06
                          0.9468506023689394E-06
                          0.9506096569248240E-06
                          0.9543798931439659E-06
                          0.9581613331783572E-06
                          0.9619539992018682E-06
                          0.9657579134130851E-06
                          0.9695730980216089E-06
                          0.9733995752752467E-06
                          0.9772373674328796E-06
                          0.9810864967963215E-06
                          0.9849469856160987E-06
                          0.9888188562744774E-06
                          0.9927021311918369E-06
                          0.9965968327297617E-06
                          0.1000502982773763E-05
                          0.1004420604425338E-05
                          0.1008349719862773E-05
                          0.1012290353409913E-05
                          0.1016242521952695E-05
                          0.1020206253588755E-05
                          0.1024181568977754E-05
                          0.1028168490666276E-05
                          0.1032167041222769E-05
                          0.1036177243237632E-05
                          0.1040199119323239E-05
                          0.1044232692113819E-05
                          0.1048277985610200E-05
                          0.1052335018456488E-05
                          0.1056403817386726E-05
                          0.1060484403778049E-05
                          0.1064576800435270E-05
                          0.1068681029941643E-05
                          0.1072797115419864E-05
                          0.1076925079161377E-05
                          0.1081064944688469E-05
                          0.1085216734001652E-05
                          0.1089380470683469E-05
                          0.1093556177385900E-05
                          0.1097743877232059E-05
                          0.1101943592601303E-05
                          0.1106155346936130E-05
                          0.1110379163170604E-05
                          0.1114615064208043E-05
                          0.1118863073134477E-05
                          0.1123123213042130E-05
                          0.1127395506822032E-05
                          0.1131679985583989E-05
                          0.1135976648883345E-05
                          0.1140285997792509E-05
                          0.1144606684337795E-05
                          0.1148940095002184E-05
                          0.1153285798556256E-05
                          0.1157643818226145E-05
                          0.1162014177529522E-05
                          0.1166396898927471E-05
                          0.1170792006520472E-05
                          0.1175199523410398E-05
                          0.1179619472901296E-05
                          0.1184051878177611E-05
                          0.1188496768297656E-05
                          0.1192954150138939E-05
                          0.1197424063626256E-05
                          0.1201906526712269E-05
                          0.1206401562851435E-05
                          0.1210909195524356E-05
                          0.1215429448249998E-05
                          0.1219962344559098E-05
                          0.1224507908023284E-05
                          0.1229066162167109E-05
                          0.1233637130648195E-05
                          0.1238220837051958E-05
                          0.1242817305629571E-05
                          0.1247426558266591E-05
                          0.1252048620891152E-05
                          0.1256683515214685E-05
                          0.1261331266373517E-05
                          0.1265991897651172E-05
                          0.1270665432821779E-05
                          0.1275351895681413E-05
                          0.1280051310048020E-05
                          0.1284763700312076E-05
                          0.1289489088683726E-05
                          0.1294227500739677E-05
                          0.1298978959711180E-05
                          0.1303743489649671E-05
                          0.1308521114463632E-05
                          0.1313311858125931E-05
                          0.1318115744748366E-05
                          0.1322932798302316E-05
                          0.1327763042341572E-05
                          0.1332606522926768E-05
                          0.1337463199659225E-05
                          0.1342333161094111E-05
                          0.1347216409681091E-05
                          0.1352112969690474E-05
                          0.1357022866628978E-05
                          0.1361946120708291E-05
                          0.1366882760088767E-05
                          0.1371832807648479E-05
                          0.1376796287646482E-05
                          0.1381773224435437E-05
                          0.1386763642284146E-05
                          0.1391767565610066E-05
                          0.1396785018402845E-05
                          0.1401816025406346E-05
                          0.1406860610878411E-05
                          0.1411918799229103E-05
                          0.1416990614903722E-05
                          0.1422076082330131E-05
                          0.1427175226181454E-05
                          0.1432288070382690E-05
                          0.1437414640039850E-05
                          0.1442554959496156E-05
                          0.1447709053313714E-05
                          0.1452876946084714E-05
                          0.1458058662431812E-05
                          0.1463254227721417E-05
                          0.1468463665661412E-05
                          0.1473686999540335E-05
                          0.1478924256111668E-05
                          0.1484175460071496E-05
                          0.1489440635688058E-05
                          0.1494719807721936E-05
                          0.1500013000959178E-05
                          0.1505320240193561E-05
                          0.1510641550262073E-05
                          0.1515976956009430E-05
                          0.1521326482305815E-05
                          0.1526690154043337E-05
                          0.1532067996136015E-05
                          0.1537460033519935E-05
                          0.1542866291152568E-05
                          0.1548286794014921E-05
                          0.1553721571057406E-05
                          0.1559170635489254E-05
                          0.1564634024098522E-05
                          0.1570111758111754E-05
                          0.1575603862582351E-05
                          0.1581110362632629E-05
                          0.1586631283355972E-05
                          0.1592166649950615E-05
                          0.1597716487578663E-05
                          0.1603280821548288E-05
                          0.1608859676752086E-05
                          0.1614453078761588E-05
                          0.1620061052824648E-05
                          0.1625683631801810E-05
                          0.1631320859139399E-05
                          0.1636972692732416E-05
                          0.1642639174284089E-05
                          0.1648320387797823E-05
                          0.1654016325331416E-05
                          0.1659727012270982E-05
                          0.1665452474126090E-05
                          0.1671192736238950E-05
                          0.1676947824202103E-05
                          0.1682717763485247E-05
                          0.1688502579877683E-05
                          0.1694302298144683E-05
                          0.1700116944642385E-05
                          0.1705946544702809E-05
                          0.1711791123941538E-05
                          0.1717650709083505E-05
                          0.1723525322525340E-05
                          0.1729414993211948E-05
                          0.1735319745816125E-05
                          0.1741239605885899E-05
                          0.1747174599353274E-05
                          0.1753124754840887E-05
                          0.1759090089362250E-05
                          0.1765070637519672E-05
                          0.1771066422215929E-05
                          0.1777077469583058E-05
                          0.1783103804796864E-05
                          0.1789145454215690E-05
                          0.1795202443943551E-05
                          0.1801274799590698E-05
                          0.1807362547215768E-05
                          0.1813465714223855E-05
                          0.1819584323124517E-05
                          0.1825718402310622E-05
                          0.1831867978126104E-05
                          0.1838033076210951E-05
                          0.1844213731644120E-05
                          0.1850409942993307E-05
                          0.1856621764153714E-05
                          0.1862849212004203E-05
                          0.1869092312730097E-05
                          0.1875351092538953E-05
                          0.1881625577664887E-05
                          0.1887915794481158E-05
                          0.1894221768865325E-05
                          0.1900543527604676E-05
                          0.1906881096616227E-05
                          0.1913234502563002E-05
                          0.1919603773111432E-05
                          0.1925988930289076E-05
                          0.1932390004620364E-05
                          0.1938807021472228E-05
                          0.1945240007197874E-05
                          0.1951688988105234E-05
                          0.1958153990831419E-05
                          0.1964635041854848E-05
                          0.1971132167796493E-05
                          0.1977645394910137E-05
                          0.1984174750094022E-05
                          0.1990720259841690E-05
                          0.1997281950777015E-05
                          0.2003859849545749E-05
                          0.2010453982876770E-05
                          0.2017064377297150E-05
                          0.2023691059639162E-05
                          0.2030334059339857E-05
                          0.2036993395027661E-05
                          0.2043669101585931E-05
                          0.2050361203111914E-05
                          0.2057069726426742E-05
                          0.2063794698373349E-05
                          0.2070536145816905E-05
                          0.2077294095644268E-05
                          0.2084068575280233E-05
                          0.2090859610107636E-05
                          0.2097667228627069E-05
                          0.2104491457302922E-05
                          0.2111332323332943E-05
                          0.2118189853097268E-05
                          0.2125064074286124E-05
                          0.2131955013743156E-05
                          0.2138862698983921E-05
                          0.2145787161993696E-05
                          0.2152728412677041E-05
                          0.2159686496650281E-05
                          0.2166661434290806E-05
                          0.2173653252795961E-05
                          0.2180661981988955E-05
                          0.2187687641763765E-05
                          0.2194730267057629E-05
                          0.2201789893633359E-05
                          0.2208866515247212E-05
                          0.2215960192749582E-05
                          0.2223070946600926E-05
                          0.2230198791355520E-05
                          0.2237343767215754E-05
                          0.2244505897324027E-05
                          0.2251685209109295E-05
                          0.2258881730034250E-05
                          0.2266095487575725E-05
                          0.2273326509234403E-05
                          0.2280574822620166E-05
                          0.2287840455015811E-05
                          0.2295123434249531E-05
                          0.2302423787865083E-05
                          0.2309741543344917E-05
                          0.2317076728453862E-05
                          0.2324429370815623E-05
                          0.2331799498054444E-05
                          0.2339187137903465E-05
                          0.2346592318094965E-05
                          0.2354015066358975E-05
                          0.2361455410457322E-05
                          0.2368913378177301E-05
                          0.2376388997326234E-05
                          0.2383882312329531E-05
                          0.2391393301266140E-05
                          0.2398922041748714E-05
                          0.2406468545126439E-05
                          0.2414032839299560E-05
                          0.2421614952207541E-05
                          0.2429215027892147E-05
                          0.2436832746094388E-05
                          0.2444468483057777E-05
                          0.2452122150733282E-05
                          0.2459793777225165E-05
                          0.2467483390431889E-05
                          0.2475191018618162E-05
                          0.2482916689841073E-05
                          0.2490660432237044E-05
                          0.2498422273964639E-05
                          0.2506202243380827E-05
                          0.2514000368177455E-05
                          0.2521816677046788E-05
                          0.2529651198136484E-05
                          0.2537503959647690E-05
                          0.2545374989915730E-05
                          0.2553264317237214E-05
                          0.2561171969945860E-05
                          0.2569097976413789E-05
                          0.2577042364968879E-05
                          0.2585005164065217E-05
                          0.2592986402212069E-05
                          0.2600986107509775E-05
                          0.2609004308776369E-05
                          0.2617041034379740E-05
                          0.2625096312934638E-05
                          0.2633170172655092E-05
                          0.2641262642410744E-05
                          0.2649373750671089E-05
                          0.2657503526032650E-05
                          0.2665651997114283E-05
                          0.2673819192598646E-05
                          0.2682005141021468E-05
                          0.2690209871194105E-05
                          0.2698433411780571E-05
                          0.2706675791509139E-05
                          0.2714937039129999E-05
                          0.2723217183415792E-05
                          0.2731516253159354E-05
                          0.2739834277177058E-05
                          0.2748171284307415E-05
                          0.2756527303409836E-05
                          0.2764902363374705E-05
                          0.2773296493079650E-05
                          0.2781709721479687E-05
                          0.2790142077508423E-05
                          0.2798593590253054E-05
                          0.2807064288349598E-05
                          0.2815554201192563E-05
                          0.2824063357632858E-05
                          0.2832591786791626E-05
                          0.2841139517726038E-05
                          0.2849706579537062E-05
                          0.2858293001971920E-05
                          0.2866898812302227E-05
                          0.2875524041645272E-05
                          0.2884168718332946E-05
                          0.2892832871808202E-05
                          0.2901516531225719E-05
                          0.2910219725873286E-05
                          0.2918942484927920E-05
                          0.2927684837787255E-05
                          0.2936446813741288E-05
                          0.2945228442218009E-05
                          0.2954029752304244E-05
                          0.2962850773668537E-05
                          0.2971691535624946E-05
                          0.2980552067602364E-05
                          0.2989432399052481E-05
                          0.2998332559448823E-05
                          0.3007252578286871E-05
                          0.3016192485084144E-05
                          0.3025152309534115E-05
                          0.3034132080735513E-05
                          0.3043131845197119E-05
                          0.3052151582980717E-05
                          0.3061191414742390E-05
                          0.3070251228748283E-05
                          0.3079331180674415E-05
                          0.3088431255317509E-05
                          0.3097551485724543E-05
                          0.3106691900318409E-05
                          0.3115852529200182E-05
                          0.3125033401731736E-05
                          0.3134234548057951E-05
                          0.3143455997888980E-05
                          0.3152697781094596E-05
                          0.3161959927472358E-05
                          0.3171242467161390E-05
                          0.3180545429517611E-05
                          0.3189868845007337E-05
                          0.3199212743400096E-05
                          0.3208577154696230E-05
                          0.3217962108862574E-05
                          0.3227367635948529E-05
                          0.3236793766031640E-05
                          0.3246240529239809E-05
                          0.3255707955210560E-05
                          0.3265196075000526E-05
                          0.3274704917318600E-05
                          0.3284234513546191E-05
                          0.3293784893448920E-05
                          0.3303356087285137E-05
                          0.3312948125089647E-05
                          0.3322561037287299E-05
                          0.3332194854079549E-05
                          0.3341849605751319E-05
                          0.3351525322608256E-05
                          0.3361222034979801E-05
                          0.3370939773225594E-05
                          0.3380678567689382E-05
                          0.3390438448798097E-05
                          0.3400219446946162E-05
                          0.3410021592615318E-05
                          0.3419844916167273E-05
                          0.3429689448182686E-05
                          0.3439555219120606E-05
                          0.3449442259520315E-05
                          0.3459350599924776E-05
                          0.3469280270903895E-05
                          0.3479231303078580E-05
                          0.3489203726973957E-05
                          0.3499197573314204E-05
                          0.3509212872725858E-05
                          0.3519249655948435E-05
                          0.3529307954869121E-05
                          0.3539387796336567E-05
                          0.3549489215056354E-05
                          0.3559612240411170E-05
                          0.3569756903296014E-05
                          0.3579923234452456E-05
                          0.3590111264917726E-05
                          0.3600321025010858E-05
                          0.3610552546131586E-05
                          0.3620805858964713E-05
                          0.3631080994494722E-05
                          0.3641377983635506E-05
                          0.3651696857413160E-05
                          0.3662037646633545E-05
                          0.3672400382490059E-05
                          0.3682785095974999E-05
                          0.3693191818067971E-05
                          0.3703620579869633E-05
                          0.3714071412522311E-05
                          0.3724544347187907E-05
                          0.3735039414789258E-05
                          0.3745556646696832E-05
                          0.3756096074031221E-05
                          0.3766657727995871E-05
                          0.3777241639817518E-05
                          0.3787847840825921E-05
                          0.3798476362067959E-05
                          0.3809127235023951E-05
                          0.3819800490983964E-05
                          0.3830496161645926E-05
                          0.3841214277228202E-05
                          0.3851954870249262E-05
                          0.3862717971736177E-05
                          0.3873503613111550E-05
                          0.3884311825822676E-05
                          0.3895142641335396E-05
                          0.3905996091142585E-05
                          0.3916872206755617E-05
                          0.3927771019708786E-05
                          0.3938692561557724E-05
                          0.3949636863963291E-05
                          0.3960603958277989E-05
                          0.3971593876673187E-05
                          0.3982606649803364E-05
                          0.3993642310241068E-05
                          0.4004700889514220E-05
                          0.4015782418904578E-05
                          0.4026886930571188E-05
                          0.4038014456157232E-05
                          0.4049165027341298E-05
                          0.4060338676017213E-05
                          0.4071535433971860E-05
                          0.4082755333046320E-05
                          0.4093998405103577E-05
                          0.4105264682028427E-05
                          0.4116554195727768E-05
                          0.4127866978130293E-05
                          0.4139203061186660E-05
                          0.4150562476871723E-05
                          0.4161945257181415E-05
                          0.4173351434526948E-05
                          0.4184781039730854E-05
                          0.4196234106229298E-05
                          0.4207710665253741E-05
                          0.4219210749526801E-05
                          0.4230734390487393E-05
                          0.4242281620838960E-05
                          0.4253852472528995E-05
                          0.4265446977788172E-05
                          0.4277065168820382E-05
                          0.4288707078012286E-05
                          0.4300372737163570E-05
                          0.4312062179011982E-05
                          0.4323775435705911E-05
                          0.4335512539737684E-05
                          0.4347273522943399E-05
                          0.4359058418200738E-05
                          0.4370867257728288E-05
                          0.4382700073937034E-05
                          0.4394556899259884E-05
                          0.4406437766151670E-05
                          0.4418342707089145E-05
                          0.4430271754570987E-05
                          0.4442224941117757E-05
                          0.4454202299272006E-05
                          0.4466203861598159E-05
                          0.4478229660682565E-05
                          0.4490279729143719E-05
                          0.4502354099587045E-05
                          0.4514452804677706E-05
                          0.4526575877104795E-05
                          0.4538723349535394E-05
                          0.4550895254710891E-05
                          0.4563091625361934E-05
                          0.4575312494253047E-05
                          0.4587557894163426E-05
                          0.4599827857902690E-05
                          0.4612122418296720E-05
                          0.4624441608195526E-05
                          0.4636785460484355E-05
                          0.4649154008012499E-05
                          0.4661547283739727E-05
                          0.4673965320588159E-05
                          0.4686408151516803E-05
                          0.4698875809507772E-05
                          0.4711368327845922E-05
                          0.4723885738702948E-05
                          0.4736428077020347E-05
                          0.4748995372463366E-05
                          0.4761587661991480E-05
                          0.4774204975423876E-05
                          0.4786847348149160E-05
                          0.4799514812572157E-05
                          0.4812207401871170E-05
                          0.4824925149246264E-05
                          0.4837668087919625E-05
                          0.4850436251135165E-05
                          0.4863229672158781E-05
                          0.4876048384423240E-05
                          0.4888892420803489E-05
                          0.4901761815069757E-05
                          0.4914656600419399E-05
                          0.4927576810240737E-05
                          0.4940522477922915E-05
                          0.4953493636892721E-05
                          0.4966490320581161E-05
                          0.4979512562798504E-05
                          0.4992560396012009E-05
                          0.5005633854967026E-05
                          0.5018732972224026E-05
                          0.5031857781920085E-05
                          0.5045008317416634E-05
                          0.5058184612379139E-05
                          0.5071386700379828E-05
                          0.5084614615065695E-05
                          0.5097868390094472E-05
                          0.5111148059149809E-05
                          0.5124453655962691E-05
                          0.5137785214171368E-05
                          0.5151142767958338E-05
                          0.5164526350032395E-05
                          0.5177935995215867E-05
                          0.5191371736979570E-05
                          0.5204833609158776E-05
                          0.5218321645611844E-05
                          0.5231835880218243E-05
                          0.5245376346880439E-05
                          0.5258943079519395E-05
                          0.5272536112083140E-05
                          0.5286155478538183E-05
                          0.5299801212873827E-05
                          0.5313473349101379E-05
                          0.5327171921256485E-05
                          0.5340896963386145E-05
                          0.5354648509575565E-05
                          0.5368426594184644E-05
                          0.5382231250548615E-05
                          0.5396062513614362E-05
                          0.5409920417210045E-05
                          0.5423804995608196E-05
                          0.5437716283046953E-05
                          0.5451654313567103E-05
                          0.5465619121629837E-05
                          0.5479610741397707E-05
                          0.5493629207214240E-05
                          0.5507674553739236E-05
                          0.5521746814265686E-05
                          0.5535846024600322E-05
                          0.5549972217492578E-05
                          0.5564125428680756E-05
                          0.5578305692138865E-05
                          0.5592513042328417E-05
                          0.5606747513685313E-05
                          0.5621009140854367E-05
                          0.5635297958427778E-05
                          0.5649614000170500E-05
                          0.5663957301269959E-05
                          0.5678327896435898E-05
                          0.5692725820080651E-05
                          0.5707151107238484E-05
                          0.5721603791336466E-05
                          0.5736083908264422E-05
                          0.5750591492300485E-05
                          0.5765126578163907E-05
                          0.5779689200586523E-05
                          0.5794279394325603E-05
                          0.5808897194159129E-05
                          0.5823542634887727E-05
                          0.5838215751333595E-05
                          0.5852916578340951E-05
                          0.5867645150775998E-05
                          0.5882401503526586E-05
                          0.5897185671502894E-05
                          0.5911997689636756E-05
                          0.5926837592883124E-05
                          0.5941705416214314E-05
                          0.5956601194631409E-05
                          0.5971524963290366E-05
                          0.5986476756820147E-05
                          0.6001456610751068E-05
                          0.6016464559867877E-05
                          0.6031500639440932E-05
                          0.6046564884545083E-05
                          0.6061657330333027E-05
                          0.6076778011972809E-05
                          0.6091926964664434E-05
                          0.6107104223623071E-05
                          0.6122309824087507E-05
                          0.6137543801331026E-05
                          0.6152806190598560E-05
                          0.6168097027232450E-05
                          0.6183416346546327E-05
                          0.6198764183888867E-05
                          0.6214140574630282E-05
                          0.6229545554162823E-05
                          0.6244979157900632E-05
                          0.6260441421280613E-05
                          0.6275932379758322E-05
                          0.6291452068823007E-05
                          0.6307000523955032E-05
                          0.6322577780698828E-05
                          0.6338183874593272E-05
                          0.6353818841205694E-05
                          0.6369482716125984E-05
                          0.6385175534965235E-05
                          0.6400897333357081E-05
                          0.6416648147235757E-05
                          0.6432428011441348E-05
                          0.6448236962510111E-05
                          0.6464075035884054E-05
                          0.6479942267306144E-05
                          0.6495838692541921E-05
                          0.6511764347376270E-05
                          0.6527719267619855E-05
                          0.6543703489109985E-05
                          0.6559717047677347E-05
                          0.6575759979218321E-05
                          0.6591832319622034E-05
                          0.6607934105004158E-05
                          0.6624065370712956E-05
                          0.6640226153302603E-05
                          0.6656416488559873E-05
                          0.6672636412497315E-05
                          0.6688885961123287E-05
                          0.6705165170507243E-05
                          0.6721474076714429E-05
                          0.6737812715838567E-05
                          0.6754181123995270E-05
                          0.6770579337322094E-05
                          0.6787007391978512E-05
                          0.6803465324146578E-05
                          0.6819953170027603E-05
                          0.6836470965848811E-05
                          0.6853018747872245E-05
                          0.6869596552320348E-05
                          0.6886204415530743E-05
                          0.6902842373800789E-05
                          0.6919510463465354E-05
                          0.6936208720881154E-05
                          0.6952937182426896E-05
                          0.6969695884503176E-05
                          0.6986484863536644E-05
                          0.7003304155959355E-05
                          0.7020153798250057E-05
                          0.7037033826892905E-05
                          0.7053944278398102E-05
                          0.7070885189297767E-05
                          0.7087856596145960E-05
                          0.7104858535524654E-05
                          0.7121891044013703E-05
                          0.7138954158250939E-05
                          0.7156047914872101E-05
                          0.7173172350540914E-05
                          0.7190327501942703E-05
                          0.7207513405785200E-05
                          0.7224730098797750E-05
                          0.7241977617731680E-05
                          0.7259255999446637E-05
                          0.7276565280478626E-05
                          0.7293905497903922E-05
                          0.7311276688475152E-05
                          0.7328678889053240E-05
                          0.7346112136521068E-05
                          0.7363576467783404E-05
                          0.7381071919766955E-05
                          0.7398598529420346E-05
                          0.7416156333714119E-05
                          0.7433745369640739E-05
                          0.7451365674214593E-05
                          0.7469017284471991E-05
                          0.7486700237471156E-05
                          0.7504414570292239E-05
                          0.7522160320037313E-05
                          0.7539937523830358E-05
                          0.7557746218817301E-05
                          0.7575586442165969E-05
                          0.7593458231066101E-05
                          0.7611361622729396E-05
                          0.7629296654389442E-05
                          0.7647263363301739E-05
                          0.7665261786743748E-05
                          0.7683291962014817E-05
                          0.7701353926436223E-05
                          0.7719447717351161E-05
                          0.7737573372124774E-05
                          0.7755730928144082E-05
                          0.7773920422818061E-05
                          0.7792141893577582E-05
                          0.7810395377875467E-05
                          0.7828680913186428E-05
                          0.7846998537007114E-05
                          0.7865348286856102E-05
                          0.7883730200273879E-05
                          0.7902144314822841E-05
                          0.7920590668087333E-05
                          0.7939069297673605E-05
                          0.7957580241209827E-05
                          0.7976123536346090E-05
                          0.7994699220754401E-05
                          0.8013307332128718E-05
                          0.8031947908184877E-05
                          0.8050620986660669E-05
                          0.8069326605315770E-05
                          0.8088064801931827E-05
                          0.8106835614312370E-05
                          0.8125639080282849E-05
                          0.8144475237690662E-05
                          0.8163344124405102E-05
                          0.8182245778317399E-05
                          0.8201180237340682E-05
                          0.8220147539410042E-05
                          0.8239147722482448E-05
                          0.8258180824536811E-05
                          0.8277246883573964E-05
                          0.8296345937616655E-05
                          0.8315478024709552E-05
                          0.8334643182919241E-05
                          0.8353841450334248E-05
                          0.8373072865064996E-05
                          0.8392337465243845E-05
                          0.8411635289025057E-05
                          0.8430966374584849E-05
                          0.8450330760121326E-05
                          0.8469728483854523E-05
                          0.8489159584026401E-05
                          0.8508624098900850E-05
                          0.8528122066763661E-05
                          0.8547653525922548E-05
                          0.8567218514707174E-05
                          0.8586817071469091E-05
                          0.8606449234581785E-05
                          0.8626115042440662E-05
                          0.8645814533463035E-05
                          0.8665547746088177E-05
                          0.8685314718777239E-05
                          0.8705115490013309E-05
                          0.8724950098301411E-05
                          0.8744818582168468E-05
                          0.8764720980163322E-05
                          0.8784657330856768E-05
                          0.8804627672841478E-05
                          0.8824632044732085E-05
                          0.8844670485165114E-05
                          0.8864743032799023E-05
                          0.8884849726314192E-05
                          0.8904990604412922E-05
                          0.8925165705819419E-05
                          0.8945375069279842E-05
                          0.8965618733562244E-05
                          0.8985896737456612E-05
                          0.9006209119774839E-05
                          0.9026555919350758E-05
                          0.9046937175040115E-05
                          0.9067352925720566E-05
                          0.9087803210291714E-05
                          0.9108288067675055E-05
                          0.9128807536814024E-05
                          0.9149361656673972E-05
                          0.9169950466242152E-05
                          0.9190574004527783E-05
                          0.9211232310561964E-05
                          0.9231925423397724E-05
                          0.9252653382110025E-05
                          0.9273416225795740E-05
                          0.9294213993573681E-05
                          0.9315046724584533E-05
                          0.9335914457990967E-05
                          0.9356817232977523E-05
                          0.9377755088750690E-05
                          0.9398728064538856E-05
                          0.9419736199592359E-05
                          0.9440779533183432E-05
                          0.9461858104606250E-05
                          0.9482971953176890E-05
                          0.9504121118233365E-05
                          0.9525305639135592E-05
                          0.9546525555265414E-05
                          0.9567780906026617E-05
                          0.9589071730844886E-05
                          0.9610398069167818E-05
                          0.9631759960464966E-05
                          0.9653157444227771E-05
                          0.9674590559969607E-05
                          0.9696059347225769E-05
                          0.9717563845553462E-05
                          0.9739104094531840E-05
                          0.9760680133761957E-05
                          0.9782292002866777E-05
                          0.9803939741491218E-05
                          0.9825623389302090E-05
                          0.9847342985988128E-05
                          0.9869098571260010E-05
                          0.9890890184850307E-05
                          0.9912717866513530E-05
                          0.9934581656026095E-05
                          0.9956481593186355E-05
                          0.9978417717814575E-05
                          0.1000039006975294E-04
                          0.1002239868886557E-04
                          0.1004444361503847E-04
                          0.1006652488817962E-04
                          0.1008864254821886E-04
                          0.1011079663510801E-04
                          0.1013298718882078E-04
                          0.1015521424935279E-04
                          0.1017747785672160E-04
                          0.1019977805096669E-04
                          0.1022211487214946E-04
                          0.1024448836035321E-04
                          0.1026689855568320E-04
                          0.1028934549826659E-04
                          0.1031182922825245E-04
                          0.1033434978581178E-04
                          0.1035690721113751E-04
                          0.1037950154444448E-04
                          0.1040213282596946E-04
                          0.1042480109597113E-04
                          0.1044750639473009E-04
                          0.1047024876254888E-04
                          0.1049302823975195E-04
                          0.1051584486668566E-04
                          0.1053869868371830E-04
                          0.1056158973124009E-04
                          0.1058451804966314E-04
                          0.1060748367942153E-04
                          0.1063048666097123E-04
                          0.1065352703479012E-04
                          0.1067660484137803E-04
                          0.1069972012125670E-04
                          0.1072287291496976E-04
                          0.1074606326308282E-04
                          0.1076929120618336E-04
                          0.1079255678488081E-04
                          0.1081586003980651E-04
                          0.1083920101161373E-04
                          0.1086257974097764E-04
                          0.1088599626859535E-04
                          0.1090945063518588E-04
                          0.1093294288149018E-04
                          0.1095647304827113E-04
                          0.1098004117631350E-04
                          0.1100364730642401E-04
                          0.1102729147943127E-04
                          0.1105097373618587E-04
                          0.1107469411756025E-04
                          0.1109845266444880E-04
                          0.1112224941776785E-04
                          0.1114608441845565E-04
                          0.1116995770747232E-04
                          0.1119386932579995E-04
                          0.1121781931444254E-04
                          0.1124180771442601E-04
                          0.1126583456679820E-04
                          0.1128989991262887E-04
                          0.1131400379300969E-04
                          0.1133814624905428E-04
                          0.1136232732189816E-04
                          0.1138654705269875E-04
                          0.1141080548263545E-04
                          0.1143510265290953E-04
                          0.1145943860474419E-04
                          0.1148381337938457E-04
                          0.1150822701809771E-04
                          0.1153267956217259E-04
                          0.1155717105292009E-04
                          0.1158170153167302E-04
                          0.1160627103978613E-04
                          0.1163087961863605E-04
                          0.1165552730962139E-04
                          0.1168021415416260E-04
                          0.1170494019370213E-04
                          0.1172970546970430E-04
                          0.1175451002365537E-04
                          0.1177935389706353E-04
                          0.1180423713145886E-04
                          0.1182915976839342E-04
                          0.1185412184944111E-04
                          0.1187912341619781E-04
                          0.1190416451028131E-04
                          0.1192924517333131E-04
                          0.1195436544700942E-04
                          0.1197952537299920E-04
                          0.1200472499300614E-04
                          0.1202996434875759E-04
                          0.1205524348200289E-04
                          0.1208056243451325E-04
                          0.1210592124808183E-04
                          0.1213131996452369E-04
                          0.1215675862567585E-04
                          0.1218223727339719E-04
                          0.1220775594956858E-04
                          0.1223331469609276E-04
                          0.1225891355489441E-04
                          0.1228455256792012E-04
                          0.1231023177713841E-04
                          0.1233595122453972E-04
                          0.1236171095213643E-04
                          0.1238751100196280E-04
                          0.1241335141607503E-04
                          0.1243923223655126E-04
                          0.1246515350549153E-04
                          0.1249111526501781E-04
                          0.1251711755727396E-04
                          0.1254316042442582E-04
                          0.1256924390866111E-04
                          0.1259536805218946E-04
                          0.1262153289724247E-04
                          0.1264773848607361E-04
                          0.1267398486095830E-04
                          0.1270027206419387E-04
                          0.1272660013809958E-04
                          0.1275296912501659E-04
                          0.1277937906730803E-04
                          0.1280583000735887E-04
                          0.1283232198757609E-04
                          0.1285885505038851E-04
                          0.1288542923824694E-04
                          0.1291204459362408E-04
                          0.1293870115901453E-04
                          0.1296539897693484E-04
                          0.1299213808992349E-04
                          0.1301891854054085E-04
                          0.1304574037136923E-04
                          0.1307260362501284E-04
                          0.1309950834409786E-04
                          0.1312645457127233E-04
                          0.1315344234920625E-04
                          0.1318047172059153E-04
                          0.1320754272814199E-04
                          0.1323465541459340E-04
                          0.1326180982270343E-04
                          0.1328900599525165E-04
                          0.1331624397503961E-04
                          0.1334352380489072E-04
                          0.1337084552765034E-04
                          0.1339820918618577E-04
                          0.1342561482338618E-04
                          0.1345306248216270E-04
                          0.1348055220544838E-04
                          0.1350808403619816E-04
                          0.1353565801738895E-04
                          0.1356327419201952E-04
                          0.1359093260311062E-04
                          0.1361863329370490E-04
                          0.1364637630686690E-04
                          0.1367416168568311E-04
                          0.1370198947326197E-04
                          0.1372985971273378E-04
                          0.1375777244725080E-04
                          0.1378572771998719E-04
                          0.1381372557413905E-04
                          0.1384176605292440E-04
                          0.1386984919958316E-04
                          0.1389797505737718E-04
                          0.1392614366959026E-04
                          0.1395435507952809E-04
                          0.1398260933051827E-04
                          0.1401090646591034E-04
                          0.1403924652907577E-04
                          0.1406762956340794E-04
                          0.1409605561232215E-04
                          0.1412452471925563E-04
                          0.1415303692766749E-04
                          0.1418159228103883E-04
                          0.1421019082287262E-04
                          0.1423883259669378E-04
                          0.1426751764604911E-04
                          0.1429624601450738E-04
                          0.1432501774565924E-04
                          0.1435383288311731E-04
                          0.1438269147051607E-04
                          0.1441159355151197E-04
                          0.1444053916978334E-04
                          0.1446952836903047E-04
                          0.1449856119297557E-04
                          0.1452763768536272E-04
                          0.1455675788995799E-04
                          0.1458592185054931E-04
