 Flux gradient longwave
        1.0459
        1.4714
        1.5146
        1.5443
        0.3286
        1.6073
        1.9649
        2.5995
        2.9144
        2.4621
        2.6811
        2.3014
        2.5000
        2.3542
        2.8081
        2.4962
        2.5077
        2.5828
        2.2701
        1.8417
        1.3373
        1.4100
        1.1676
        0.9864
        1.1201
        0.9860
        1.0064
        1.4321
        1.6736
        1.6749
        1.5380
        1.3073
        0.9843
        0.9100
        0.9588
        0.9902
        1.0867
        1.0876
        1.0714
        1.0288
        0.9831
        0.8927
        0.8553
        0.9056
        1.0240
        0.7894
        0.9024
        0.9848
        0.3510
        0.0300
