 Spectral outgoing longwave flux [W/m2/cm^-1]
  0.6883E-05
  0.2418E-04
  0.5487E-04
  0.9792E-04
  0.1534E-03
  0.2214E-03
  0.3021E-03
  0.3954E-03
  0.5013E-03
  0.6197E-03
  0.7505E-03
  0.8933E-03
  0.1048E-02
  0.1215E-02
  0.1393E-02
  0.1582E-02
  0.1782E-02
  0.1993E-02
  0.2215E-02
  0.2447E-02
  0.2689E-02
  0.2941E-02
  0.3202E-02
  0.3473E-02
  0.3754E-02
  0.4043E-02
  0.4342E-02
  0.4649E-02
  0.4964E-02
  0.5287E-02
  0.5619E-02
  0.5958E-02
  0.6307E-02
  0.6660E-02
  0.7021E-02
  0.7389E-02
  0.7765E-02
  0.8147E-02
  0.8535E-02
  0.8929E-02
  0.9330E-02
  0.9736E-02
  0.1015E-01
  0.1057E-01
  0.1099E-01
  0.1146E-01
  0.1185E-01
  0.1229E-01
  0.1273E-01
  0.1317E-01
  0.1362E-01
  0.1408E-01
  0.1453E-01
  0.1500E-01
  0.1546E-01
  0.1593E-01
  0.1640E-01
  0.1688E-01
  0.1735E-01
  0.1783E-01
  0.1831E-01
  0.1879E-01
  0.1928E-01
  0.1980E-01
  0.2026E-01
  0.2075E-01
  0.2124E-01
  0.2174E-01
  0.2223E-01
  0.2273E-01
  0.2323E-01
  0.2372E-01
  0.2422E-01
  0.2472E-01
  0.2522E-01
  0.2572E-01
  0.2623E-01
  0.2673E-01
  0.2723E-01
  0.2773E-01
  0.2823E-01
  0.2873E-01
  0.2923E-01
  0.2974E-01
  0.3024E-01
  0.3074E-01
  0.3124E-01
  0.3174E-01
  0.3224E-01
  0.3274E-01
  0.3324E-01
  0.3374E-01
  0.3423E-01
  0.3473E-01
  0.3523E-01
  0.3573E-01
  0.3622E-01
  0.3672E-01
  0.3722E-01
  0.3771E-01
  0.3821E-01
  0.3871E-01
  0.3920E-01
  0.3970E-01
  0.4019E-01
  0.4069E-01
  0.4119E-01
  0.4168E-01
  0.4218E-01
  0.4268E-01
  0.4318E-01
  0.4370E-01
  0.4418E-01
  0.4468E-01
  0.4518E-01
  0.4568E-01
  0.4619E-01
  0.4669E-01
  0.4720E-01
  0.4771E-01
  0.4821E-01
  0.4873E-01
  0.4921E-01
  0.4977E-01
  0.5029E-01
  0.5081E-01
  0.5134E-01
  0.5187E-01
  0.5239E-01
  0.5293E-01
  0.5347E-01
  0.5401E-01
  0.5455E-01
  0.5509E-01
  0.5564E-01
  0.5617E-01
  0.5673E-01
  0.5731E-01
  0.5769E-01
  0.5845E-01
  0.5882E-01
  0.5952E-01
  0.6018E-01
  0.6078E-01
  0.6136E-01
  0.6197E-01
  0.6253E-01
  0.6318E-01
  0.6379E-01
  0.6440E-01
  0.6493E-01
  0.6566E-01
  0.6630E-01
  0.6695E-01
  0.6742E-01
  0.6824E-01
  0.6890E-01
  0.6956E-01
  0.7024E-01
  0.7090E-01
  0.7147E-01
  0.7105E-01
  0.7245E-01
  0.7357E-01
  0.7433E-01
  0.7492E-01
  0.7210E-01
  0.7640E-01
  0.7722E-01
  0.7803E-01
  0.7867E-01
  0.7935E-01
  0.8041E-01
  0.8119E-01
  0.8195E-01
  0.8264E-01
  0.8268E-01
  0.8331E-01
  0.8413E-01
  0.8551E-01
  0.8418E-01
  0.8521E-01
  0.8648E-01
  0.8871E-01
  0.8978E-01
  0.9081E-01
  0.9150E-01
  0.9274E-01
  0.9360E-01
  0.9446E-01
  0.9531E-01
  0.9613E-01
  0.9689E-01
  0.9755E-01
  0.9790E-01
  0.9686E-01
  0.9570E-01
  0.9720E-01
  0.9778E-01
  0.1011E+00
  0.1014E+00
  0.1018E+00
  0.9694E-01
  0.1009E+00
  0.1041E+00
  0.1062E+00
  0.1075E+00
  0.1085E+00
  0.1093E+00
  0.1100E+00
  0.1102E+00
  0.1107E+00
  0.1057E+00
  0.1114E+00
  0.1129E+00
  0.1136E+00
  0.1141E+00
  0.1144E+00
  0.1144E+00
  0.1139E+00
  0.1070E+00
  0.1113E+00
  0.9889E-01
  0.1122E+00
  0.1125E+00
  0.1002E+00
  0.1143E+00
  0.1163E+00
  0.1170E+00
  0.1169E+00
  0.1148E+00
  0.1106E+00
  0.1161E+00
  0.1178E+00
  0.1183E+00
  0.1184E+00
  0.1183E+00
  0.1182E+00
  0.1165E+00
  0.1171E+00
  0.1156E+00
  0.1124E+00
  0.1114E+00
  0.1156E+00
  0.1164E+00
  0.1168E+00
  0.1167E+00
  0.1161E+00
  0.1163E+00
  0.1159E+00
  0.1152E+00
  0.1107E+00
  0.1142E+00
  0.1145E+00
  0.1142E+00
  0.1137E+00
  0.1130E+00
  0.1118E+00
  0.1046E+00
  0.1106E+00
  0.1111E+00
  0.1083E+00
  0.1097E+00
  0.1106E+00
  0.1104E+00
  0.1100E+00
  0.1092E+00
  0.1064E+00
  0.1079E+00
  0.1085E+00
  0.1083E+00
  0.1077E+00
  0.1070E+00
  0.1073E+00
  0.1067E+00
  0.1067E+00
  0.1061E+00
  0.1061E+00
  0.1056E+00
  0.1007E+00
  0.1048E+00
  0.1042E+00
  0.1043E+00
  0.1035E+00
  0.1039E+00
  0.1004E+00
  0.1032E+00
  0.1035E+00
  0.1034E+00
  0.1033E+00
  0.1031E+00
  0.1029E+00
  0.1028E+00
  0.1026E+00
  0.1024E+00
  0.1012E+00
  0.1020E+00
  0.1021E+00
  0.1019E+00
  0.1014E+00
  0.1012E+00
  0.1017E+00
  0.1016E+00
  0.1016E+00
  0.1015E+00
  0.1015E+00
  0.1013E+00
  0.9990E-01
  0.1010E+00
  0.1013E+00
  0.1013E+00
  0.1013E+00
  0.1013E+00
  0.1013E+00
  0.1012E+00
  0.1012E+00
  0.1008E+00
  0.9971E-01
  0.1011E+00
  0.1013E+00
  0.1014E+00
  0.1015E+00
  0.1016E+00
  0.1016E+00
  0.1017E+00
  0.1018E+00
  0.1019E+00
  0.1019E+00
  0.1020E+00
  0.1021E+00
  0.1022E+00
  0.1022E+00
  0.1022E+00
  0.1020E+00
  0.9963E-01
  0.9942E-01
  0.1023E+00
  0.1027E+00
  0.1028E+00
  0.1030E+00
  0.1029E+00
  0.1032E+00
  0.1034E+00
  0.1034E+00
  0.1025E+00
  0.1036E+00
  0.1038E+00
  0.1039E+00
  0.1040E+00
  0.1041E+00
  0.1042E+00
  0.1043E+00
  0.1040E+00
  0.1030E+00
  0.1042E+00
  0.1046E+00
  0.1047E+00
  0.1047E+00
  0.1048E+00
  0.1049E+00
  0.1048E+00
  0.1047E+00
  0.1048E+00
  0.1048E+00
  0.1045E+00
  0.1034E+00
  0.1039E+00
  0.1045E+00
  0.1045E+00
  0.1045E+00
  0.1044E+00
  0.1043E+00
  0.1040E+00
  0.1039E+00
  0.1037E+00
  0.1035E+00
  0.1029E+00
  0.1011E+00
  0.1024E+00
  0.1025E+00
  0.1022E+00
  0.1019E+00
  0.1016E+00
  0.1012E+00
  0.1008E+00
  0.1003E+00
  0.9935E-01
  0.9933E-01
  0.9906E-01
  0.9863E-01
  0.9818E-01
  0.9766E-01
  0.9708E-01
  0.9636E-01
  0.9606E-01
  0.9553E-01
  0.9493E-01
  0.9425E-01
  0.9370E-01
  0.9308E-01
  0.9247E-01
  0.9117E-01
  0.9111E-01
  0.9055E-01
  0.8983E-01
  0.8894E-01
  0.8719E-01
  0.8757E-01
  0.8674E-01
  0.8561E-01
  0.8548E-01
  0.8491E-01
  0.8404E-01
  0.8291E-01
  0.8140E-01
  0.7600E-01
  0.7989E-01
  0.7998E-01
  0.7928E-01
  0.7792E-01
  0.7432E-01
  0.6734E-01
  0.7430E-01
  0.7509E-01
  0.7450E-01
  0.7257E-01
  0.6441E-01
  0.6837E-01
  0.6935E-01
  0.7144E-01
  0.7046E-01
  0.6744E-01
  0.6620E-01
  0.6873E-01
  0.6520E-01
  0.6215E-01
  0.6142E-01
  0.6597E-01
  0.6538E-01
  0.5732E-01
  0.6377E-01
  0.6459E-01
  0.6404E-01
  0.6216E-01
  0.5609E-01
  0.6218E-01
  0.6244E-01
  0.6114E-01
  0.5798E-01
  0.5949E-01
  0.5937E-01
  0.5918E-01
  0.5602E-01
  0.5606E-01
  0.5641E-01
  0.5291E-01
  0.5496E-01
  0.5234E-01
  0.5276E-01
  0.4988E-01
  0.6207E-01
  0.5041E-01
  0.4968E-01
  0.5357E-01
  0.4935E-01
  0.4944E-01
  0.5133E-01
  0.4859E-01
  0.5294E-01
  0.4281E-01
  0.5214E-01
  0.5196E-01
  0.5808E-01
  0.5840E-01
  0.6018E-01
  0.5934E-01
  0.5918E-01
  0.4485E-01
  0.5877E-01
  0.5826E-01
  0.5363E-01
  0.5826E-01
  0.5865E-01
  0.5186E-01
  0.5606E-01
  0.5152E-01
  0.5768E-01
  0.5705E-01
  0.4666E-01
  0.5339E-01
  0.5650E-01
  0.5550E-01
  0.5479E-01
  0.3200E-01
  0.5118E-01
  0.5466E-01
  0.4852E-01
  0.4600E-01
  0.4983E-01
  0.5294E-01
  0.5101E-01
  0.4182E-01
  0.4331E-01
  0.4307E-01
  0.4592E-01
  0.4123E-01
  0.3538E-01
  0.3650E-01
  0.2907E-01
  0.4088E-01
  0.3831E-01
  0.2673E-01
  0.3687E-01
  0.3312E-01
  0.3532E-01
  0.3592E-01
  0.3103E-01
  0.2451E-01
  0.2375E-01
  0.2020E-01
  0.3184E-01
  0.2977E-01
  0.2491E-01
  0.2655E-01
  0.2985E-01
  0.3026E-01
  0.2914E-01
  0.2598E-01
  0.2338E-01
  0.2611E-01
  0.2909E-01
  0.2182E-01
  0.2000E-01
  0.2039E-01
  0.2224E-01
  0.2104E-01
  0.2489E-01
  0.2716E-01
  0.2731E-01
  0.2421E-01
  0.1970E-01
  0.2429E-01
  0.2705E-01
  0.2711E-01
  0.2429E-01
  0.1928E-01
  0.2623E-01
  0.2728E-01
  0.2744E-01
  0.2360E-01
  0.2463E-01
  0.2902E-01
  0.2977E-01
  0.2825E-01
  0.1817E-01
  0.3009E-01
  0.3213E-01
  0.3176E-01
  0.2784E-01
  0.3124E-01
  0.3270E-01
  0.3563E-01
  0.3314E-01
  0.3158E-01
  0.3773E-01
  0.3293E-01
  0.3834E-01
  0.2987E-01
  0.3123E-01
  0.3505E-01
  0.3294E-01
  0.3715E-01
  0.3037E-01
  0.3824E-01
  0.3371E-01
  0.2396E-01
  0.2874E-01
  0.3142E-01
  0.3740E-01
  0.3741E-01
  0.3721E-01
  0.3641E-01
  0.1843E-01
  0.3576E-01
  0.3647E-01
  0.3010E-01
  0.3592E-01
  0.3120E-01
  0.3370E-01
  0.3548E-01
  0.2765E-01
  0.3463E-01
  0.3497E-01
  0.2105E-01
  0.3431E-01
  0.3185E-01
  0.2897E-01
  0.2890E-01
  0.3162E-01
  0.2816E-01
  0.2923E-01
  0.2430E-01
  0.2353E-01
  0.2340E-01
  0.2576E-01
  0.3200E-01
  0.2304E-01
  0.2498E-01
  0.2626E-01
  0.2672E-01
  0.2481E-01
  0.2241E-01
  0.2456E-01
  0.3099E-01
  0.3331E-01
  0.3192E-01
  0.2312E-01
  0.3304E-01
  0.3462E-01
  0.3723E-01
  0.3165E-01
  0.2191E-01
  0.3106E-01
  0.3479E-01
  0.3502E-01
  0.2899E-01
  0.2121E-01
  0.3236E-01
  0.3637E-01
  0.3409E-01
  0.3087E-01
  0.2562E-01
  0.2093E-01
  0.1966E-01
  0.2568E-01
  0.3184E-01
  0.3333E-01
  0.3028E-01
  0.2043E-01
  0.2345E-01
  0.3095E-01
  0.3321E-01
  0.3010E-01
  0.2089E-01
  0.2343E-01
  0.3286E-01
  0.3590E-01
  0.3382E-01
  0.2483E-01
  0.2614E-01
  0.3814E-01
  0.4217E-01
  0.4124E-01
  0.3325E-01
  0.3308E-01
  0.4625E-01
  0.4990E-01
  0.5004E-01
  0.4534E-01
  0.4533E-01
  0.5342E-01
  0.5310E-01
  0.4240E-01
  0.5199E-01
  0.5402E-01
  0.5564E-01
  0.5578E-01
  0.5622E-01
  0.5521E-01
  0.5673E-01
  0.5642E-01
  0.5627E-01
  0.5629E-01
  0.5743E-01
  0.5788E-01
  0.5765E-01
  0.5727E-01
  0.5816E-01
  0.5913E-01
  0.5875E-01
  0.5906E-01
  0.5890E-01
  0.6017E-01
  0.6043E-01
  0.5982E-01
  0.6028E-01
  0.6128E-01
  0.6182E-01
  0.6188E-01
  0.6155E-01
  0.5899E-01
  0.5741E-01
  0.6303E-01
  0.6376E-01
  0.6420E-01
  0.6452E-01
  0.6437E-01
  0.6446E-01
  0.6552E-01
  0.6600E-01
  0.6625E-01
  0.6632E-01
  0.6567E-01
  0.6747E-01
  0.6816E-01
  0.6586E-01
  0.6844E-01
  0.6847E-01
  0.6387E-01
  0.6935E-01
  0.6958E-01
  0.6275E-01
  0.6874E-01
  0.7014E-01
  0.6494E-01
  0.6581E-01
  0.7036E-01
  0.6782E-01
  0.5183E-01
  0.6874E-01
  0.6821E-01
  0.6108E-01
  0.5782E-01
  0.6547E-01
  0.6642E-01
  0.6439E-01
  0.5496E-01
  0.6592E-01
  0.6969E-01
  0.6549E-01
  0.6936E-01
  0.6166E-01
  0.6615E-01
  0.5221E-01
  0.4836E-01
  0.5862E-01
  0.5591E-01
  0.5745E-01
  0.6025E-01
  0.3672E-01
  0.5220E-01
  0.3695E-01
  0.3877E-01
  0.4777E-01
  0.2067E-01
  0.4085E-01
  0.4057E-01
  0.1337E-01
  0.3460E-01
  0.3131E-01
  0.1299E-01
  0.3026E-01
  0.2636E-01
  0.9605E-02
  0.2436E-01
  0.2430E-01
  0.1061E-01
  0.1789E-01
  0.2284E-01
  0.1648E-01
  0.9365E-02
  0.1938E-01
  0.2126E-01
  0.1483E-01
  0.9446E-02
  0.2094E-01
  0.2670E-01
  0.2702E-01
  0.3560E-01
  0.2996E-01
  0.1877E-01
  0.8941E-02
  0.1034E-01
  0.1469E-01
  0.1693E-01
  0.1727E-01
  0.1657E-01
  0.1509E-01
  0.1345E-01
  0.1199E-01
  0.1092E-01
  0.1046E-01
  0.1086E-01
  0.1240E-01
  0.1536E-01
  0.1994E-01
  0.2620E-01
  0.3272E-01
  0.3903E-01
  0.3966E-01
  0.3080E-01
  0.5051E-01
  0.5668E-01
  0.6524E-01
  0.7214E-01
  0.6588E-01
  0.7816E-01
  0.7611E-01
  0.6617E-01
  0.7854E-01
  0.7403E-01
  0.5750E-01
  0.7526E-01
  0.7313E-01
  0.4688E-01
  0.6902E-01
  0.7260E-01
  0.6297E-01
  0.5360E-01
  0.6115E-01
  0.7092E-01
  0.6418E-01
  0.6121E-01
  0.6882E-01
  0.5579E-01
  0.5719E-01
  0.2974E-01
  0.5532E-01
  0.4547E-01
  0.4095E-01
  0.4308E-01
  0.1244E-01
  0.3112E-01
  0.2190E-01
  0.1956E-01
  0.2568E-01
  0.1011E-01
  0.2042E-01
  0.2121E-01
  0.6955E-02
  0.1968E-01
  0.1520E-01
  0.7845E-02
  0.1582E-01
  0.1157E-01
  0.6503E-02
  0.1285E-01
  0.1046E-01
  0.5216E-02
  0.1018E-01
  0.1045E-01
  0.5316E-02
  0.7032E-02
  0.1013E-01
  0.8463E-02
  0.5145E-02
  0.7532E-02
  0.1069E-01
  0.1037E-01
  0.7490E-02
  0.1676E-01
  0.1191E-01
  0.4744E-02
  0.5468E-02
  0.7516E-02
  0.8308E-02
  0.8111E-02
  0.7284E-02
  0.6150E-02
  0.5081E-02
  0.4350E-02
  0.4458E-02
  0.5943E-02
  0.6467E-02
  0.5131E-02
  0.4296E-02
  0.5748E-02
  0.8234E-02
  0.1134E-01
  0.1437E-01
  0.1599E-01
  0.1412E-01
  0.1353E-01
  0.2600E-01
  0.3278E-01
  0.3317E-01
  0.4854E-01
  0.5037E-01
  0.5735E-01
  0.6378E-01
  0.6823E-01
  0.7163E-01
  0.7447E-01
  0.7663E-01
  0.7766E-01
  0.7889E-01
  0.8048E-01
  0.8119E-01
  0.7994E-01
  0.8173E-01
  0.8303E-01
  0.8355E-01
  0.8394E-01
  0.8414E-01
  0.8433E-01
  0.8412E-01
  0.7871E-01
  0.8423E-01
  0.8481E-01
  0.8497E-01
  0.8496E-01
  0.8491E-01
  0.8477E-01
  0.8452E-01
  0.8425E-01
  0.8372E-01
  0.8278E-01
  0.7948E-01
  0.7435E-01
  0.7668E-01
  0.8080E-01
  0.8083E-01
  0.8027E-01
  0.7955E-01
  0.7870E-01
  0.7776E-01
  0.7667E-01
  0.7539E-01
  0.7348E-01
  0.7093E-01
  0.7054E-01
  0.6804E-01
  0.6873E-01
  0.6737E-01
  0.6593E-01
  0.6434E-01
  0.6260E-01
  0.6095E-01
  0.5910E-01
  0.5716E-01
  0.5508E-01
  0.5127E-01
  0.5031E-01
  0.4980E-01
  0.4807E-01
  0.4626E-01
  0.4437E-01
  0.4226E-01
  0.3919E-01
  0.3270E-01
  0.3088E-01
  0.2915E-01
  0.2661E-01
  0.2705E-01
  0.2546E-01
  0.2413E-01
  0.2321E-01
  0.2172E-01
  0.1977E-01
  0.1812E-01
  0.1718E-01
  0.1617E-01
  0.1523E-01
  0.1411E-01
  0.1344E-01
  0.1262E-01
  0.1179E-01
  0.1121E-01
  0.1026E-01
  0.9820E-02
  0.9433E-02
  0.9153E-02
  0.8432E-02
  0.7809E-02
  0.7385E-02
  0.6979E-02
  0.6552E-02
  0.6311E-02
  0.5897E-02
  0.5531E-02
  0.5239E-02
  0.4925E-02
  0.4751E-02
  0.4295E-02
  0.4069E-02
  0.4042E-02
  0.3768E-02
  0.3112E-02
  0.3422E-02
  0.3223E-02
  0.2446E-02
  0.2713E-02
  0.2712E-02
  0.2139E-02
  0.2307E-02
  0.2267E-02
  0.1789E-02
  0.1926E-02
  0.2004E-02
  0.1703E-02
  0.1679E-02
  0.1725E-02
  0.1676E-02
  0.1941E-02
  0.1708E-02
  0.1646E-02
  0.2632E-02
  0.1764E-02
  0.1662E-02
  0.2577E-02
  0.1822E-02
  0.1607E-02
  0.2021E-02
  0.1844E-02
  0.1548E-02
  0.1607E-02
  0.1769E-02
  0.1501E-02
  0.1532E-02
  0.1948E-02
  0.1607E-02
  0.1587E-02
  0.2046E-02
  0.1785E-02
  0.1609E-02
  0.1731E-02
  0.2116E-02
  0.1587E-02
  0.1587E-02
  0.2227E-02
  0.1628E-02
  0.1551E-02
  0.1673E-02
  0.2042E-02
  0.1680E-02
  0.1640E-02
  0.2064E-02
  0.1612E-02
  0.1531E-02
  0.1617E-02
  0.1612E-02
  0.1549E-02
  0.1465E-02
  0.1397E-02
  0.1362E-02
  0.1340E-02
  0.1327E-02
  0.1321E-02
  0.1296E-02
  0.1275E-02
  0.1272E-02
  0.1227E-02
  0.1203E-02
  0.1185E-02
  0.1156E-02
  0.1139E-02
  0.1123E-02
  0.1108E-02
  0.1095E-02
  0.1082E-02
  0.1070E-02
  0.1079E-02
  0.1049E-02
  0.1038E-02
  0.1032E-02
  0.1018E-02
  0.1009E-02
  0.1003E-02
  0.9925E-03
  0.9844E-03
  0.9782E-03
  0.9711E-03
  0.9633E-03
  0.9562E-03
  0.9620E-03
  0.9422E-03
  0.9371E-03
  0.1141E-02
  0.9240E-03
  0.9160E-03
  0.9381E-03
  0.9210E-03
  0.9307E-03
  0.8948E-03
  0.8936E-03
  0.9341E-03
  0.1035E-02
  0.9286E-03
  0.8873E-03
  0.1100E-02
  0.1058E-02
  0.8987E-03
  0.9292E-03
  0.1316E-02
  0.9658E-03
  0.9063E-03
  0.1052E-02
  0.1152E-02
  0.9143E-03
  0.9246E-03
  0.3267E-03
  0.9043E-03
  0.8711E-03
  0.1018E-02
  0.9340E-03
  0.9065E-03
  0.1011E-02
  0.1041E-02
  0.9182E-03
  0.9742E-03
  0.1088E-02
  0.9248E-03
  0.9281E-03
  0.1076E-02
  0.8951E-03
  0.9251E-03
  0.1088E-02
  0.9040E-03
  0.8841E-03
  0.9563E-03
  0.8542E-03
  0.8717E-03
  0.8789E-03
  0.8518E-03
  0.8751E-03
  0.7943E-03
  0.7734E-03
  0.9251E-03
  0.7573E-03
  0.7505E-03
  0.7563E-03
  0.7276E-03
  0.7123E-03
  0.7139E-03
  0.6912E-03
  0.6663E-03
  0.6443E-03
  0.6293E-03
  0.6171E-03
  0.6058E-03
  0.5955E-03
  0.5856E-03
  0.5758E-03
  0.5671E-03
  0.5585E-03
  0.5499E-03
  0.5423E-03
  0.5345E-03
  0.5271E-03
  0.5204E-03
  0.5143E-03
  0.5089E-03
  0.5043E-03
  0.5004E-03
  0.4975E-03
  0.4951E-03
  0.4935E-03
  0.4928E-03
  0.4926E-03
  0.4941E-03
  0.4948E-03
  0.4961E-03
  0.4997E-03
  0.5020E-03
  0.5063E-03
  0.5095E-03
  0.5156E-03
  0.5197E-03
  0.5235E-03
  0.5288E-03
  0.5355E-03
  0.5407E-03
  0.5452E-03
  0.5505E-03
  0.5604E-03
  0.5673E-03
  0.5701E-03
  0.5810E-03
  0.5887E-03
  0.5931E-03
  0.5958E-03
  0.5977E-03
  0.6156E-03
  0.6289E-03
  0.6385E-03
  0.6574E-03
  0.6681E-03
  0.6734E-03
  0.6844E-03
  0.7220E-03
  0.7048E-03
  0.7502E-03
  0.7743E-03
  0.8017E-03
  0.8046E-03
  0.8227E-03
  0.8709E-03
  0.8819E-03
  0.9043E-03
  0.8452E-03
  0.9586E-03
  0.9290E-03
  0.1007E-02
  0.1057E-02
  0.1067E-02
  0.1110E-02
  0.9123E-03
  0.1156E-02
  0.1020E-02
  0.1240E-02
  0.1295E-02
  0.1342E-02
  0.1322E-02
  0.1182E-02
  0.1226E-02
  0.1182E-02
  0.1272E-02
  0.1525E-02
  0.1701E-02
  0.1531E-02
  0.1917E-02
  0.1736E-02
  0.1836E-02
  0.1282E-02
  0.2027E-02
  0.1834E-02
  0.1205E-02
  0.1619E-02
  0.2115E-02
  0.2061E-02
  0.2266E-02
  0.2242E-02
  0.1940E-02
  0.2902E-02
  0.2841E-02
  0.2572E-02
  0.1875E-02
  0.2697E-02
  0.2930E-02
  0.2553E-02
  0.1574E-02
  0.1652E-02
  0.2116E-02
  0.1634E-02
  0.2621E-02
  0.2383E-02
  0.3431E-02
  0.3918E-02
  0.4019E-02
  0.3440E-02
  0.4218E-02
  0.4073E-02
  0.3178E-02
  0.2878E-02
  0.3194E-02
  0.1398E-02
  0.1134E-02
  0.1615E-02
  0.2752E-02
  0.3821E-02
  0.3992E-02
  0.1856E-02
  0.4279E-02
  0.4384E-02
  0.2888E-02
  0.1418E-02
  0.3900E-02
  0.4480E-02
  0.4137E-02
  0.3001E-02
  0.6682E-03
  0.2895E-02
  0.4286E-02
  0.5185E-02
  0.5793E-02
  0.6140E-02
  0.6611E-02
  0.6877E-02
  0.7119E-02
  0.7252E-02
  0.7305E-02
  0.6470E-02
  0.7077E-02
  0.7175E-02
  0.6676E-02
  0.5586E-02
  0.5729E-02
  0.7514E-02
  0.7650E-02
  0.7464E-02
  0.5039E-02
  0.6703E-02
  0.5535E-02
  0.7219E-02
  0.6759E-02
  0.4814E-02
  0.5746E-02
  0.4668E-02
  0.6106E-02
  0.5717E-02
  0.4891E-02
  0.3623E-02
  0.1688E-02
  0.1960E-02
  0.3715E-02
  0.4637E-02
  0.4668E-02
  0.3141E-02
  0.1185E-02
  0.3980E-02
  0.4585E-02
  0.2586E-02
  0.3666E-02
  0.5023E-02
  0.5085E-02
  0.4546E-02
  0.3401E-02
  0.1015E-02
  0.1770E-02
  0.1696E-02
  0.3877E-02
  0.4467E-02
  0.4841E-02
  0.4134E-02
  0.4211E-02
  0.2905E-02
  0.1119E-02
  0.1402E-02
  0.2181E-02
  0.3118E-02
  0.2293E-02
  0.4538E-03
  0.1035E-02
  0.1974E-02
  0.3265E-02
  0.3962E-02
  0.4352E-02
  0.4382E-02
  0.3614E-02
  0.1780E-02
  0.2774E-02
  0.4107E-02
  0.4253E-02
  0.3583E-02
  0.2014E-02
  0.1808E-02
  0.2074E-02
  0.3145E-02
  0.3326E-02
  0.1309E-02
  0.2474E-02
  0.3744E-02
  0.4110E-02
  0.2969E-02
  0.3450E-02
  0.2480E-02
  0.1549E-02
  0.4771E-03
  0.2284E-02
  0.3238E-02
  0.3176E-02
  0.2452E-02
  0.3756E-02
  0.3625E-02
  0.3100E-02
  0.1829E-02
  0.8488E-03
  0.1795E-02
  0.2031E-02
  0.3783E-03
  0.1142E-02
  0.2616E-02
  0.2702E-02
  0.2176E-02
  0.1111E-02
  0.2640E-02
  0.3822E-02
  0.3015E-02
  0.4072E-02
  0.4047E-02
  0.2737E-02
  0.1473E-02
  0.2375E-02
  0.4651E-03
  0.8003E-03
  0.2910E-02
  0.3901E-02
  0.4316E-02
  0.3063E-02
  0.4772E-02
  0.4770E-02
  0.4674E-02
  0.4263E-02
  0.1825E-02
  0.3413E-02
  0.2506E-02
  0.1236E-02
  0.9162E-03
  0.2600E-02
  0.2884E-02
  0.2349E-02
  0.5990E-03
  0.2582E-02
  0.3190E-02
  0.2287E-02
  0.3749E-02
  0.3088E-02
  0.2347E-02
  0.1037E-02
  0.3043E-02
  0.1425E-02
  0.3484E-02
  0.4444E-02
  0.4548E-02
  0.3036E-02
  0.2914E-02
  0.3803E-02
  0.3951E-02
  0.2177E-02
  0.2054E-02
  0.3806E-02
  0.4450E-02
  0.4436E-02
  0.3518E-02
  0.2833E-02
  0.2652E-02
  0.7652E-03
  0.7303E-03
  0.1664E-02
  0.2655E-02
  0.2946E-02
  0.4030E-02
  0.3929E-02
  0.2806E-02
  0.2424E-02
  0.4267E-02
  0.4107E-02
  0.1338E-02
  0.4907E-02
  0.4842E-02
  0.4253E-02
  0.3258E-02
  0.1759E-02
  0.7494E-03
  0.1950E-02
  0.3034E-02
  0.2407E-02
  0.3895E-02
  0.2749E-02
  0.1401E-02
  0.3001E-02
  0.1840E-02
  0.5016E-02
  0.4132E-02
  0.5388E-02
  0.4185E-02
  0.4583E-02
  0.2823E-02
  0.2438E-02
  0.3582E-02
  0.5563E-02
  0.6007E-02
  0.5966E-02
  0.2844E-02
  0.6241E-02
  0.5896E-02
  0.5407E-02
  0.4579E-02
  0.3682E-02
  0.1353E-02
  0.2748E-02
  0.3243E-02
  0.1712E-02
  0.8346E-03
  0.2297E-02
  0.3699E-02
  0.4462E-02
  0.4429E-02
  0.4189E-02
  0.2478E-02
  0.4016E-02
  0.4214E-02
  0.3649E-02
  0.2518E-02
  0.9435E-03
  0.1160E-02
  0.2280E-02
  0.2322E-02
  0.3214E-02
  0.2966E-02
  0.7983E-03
  0.1615E-02
  0.2662E-02
  0.2751E-02
  0.2063E-02
  0.9286E-03
  0.5939E-04
  0.6952E-03
  0.1328E-02
  0.1309E-02
  0.5661E-03
  0.1040E-03
  0.1019E-03
  0.4127E-03
  0.4961E-03
  0.3385E-03
  0.2814E-03
  0.4325E-04
  0.3085E-04
  0.5005E-04
  0.2505E-03
  0.2937E-03
  0.1266E-03
  0.3865E-04
  0.4759E-04
  0.6229E-04
  0.6935E-04
  0.2980E-04
  0.7263E-04
  0.2765E-04
  0.2440E-04
  0.3310E-04
  0.8606E-04
  0.6673E-04
  0.3728E-04
  0.2734E-04
  0.4323E-04
  0.4175E-04
  0.2254E-04
  0.2451E-04
  0.2238E-04
  0.3249E-04
  0.3166E-04
  0.3958E-04
  0.3856E-04
  0.2155E-04
  0.2194E-04
  0.2788E-04
  0.3919E-04
  0.3899E-04
  0.3400E-04
  0.2857E-04
  0.2844E-04
  0.3448E-04
  0.3722E-04
  0.3868E-04
  0.3169E-04
  0.2762E-04
  0.2892E-04
  0.3598E-04
  0.3303E-04
  0.2735E-04
  0.2093E-04
  0.2105E-04
  0.2599E-04
  0.2424E-04
  0.3365E-04
  0.3262E-04
  0.2657E-04
  0.1752E-04
  0.1629E-04
  0.1623E-04
  0.2968E-04
  0.1748E-04
  0.4534E-04
  0.7696E-04
  0.1030E-03
  0.2014E-04
  0.3439E-04
  0.4687E-04
  0.2685E-04
  0.1769E-04
  0.1456E-04
  0.2397E-04
  0.2593E-04
  0.1429E-04
  0.2217E-04
  0.2336E-04
  0.4196E-04
  0.2585E-04
  0.2452E-04
  0.3055E-04
  0.9908E-04
  0.8518E-04
  0.1676E-04
  0.5475E-04
  0.3746E-03
  0.4695E-03
  0.1167E-03
  0.1497E-03
  0.1144E-02
  0.1802E-02
  0.7442E-03
  0.5838E-03
  0.2280E-02
  0.3002E-02
  0.9793E-03
  0.1101E-02
  0.2076E-02
  0.2045E-02
  0.5805E-03
  0.7579E-03
  0.1083E-02
  0.9624E-03
  0.5990E-03
  0.5641E-03
  0.1570E-03
  0.5523E-03
  0.7782E-03
  0.6633E-03
  0.2197E-03
  0.1540E-04
  0.2326E-04
  0.1147E-03
  0.4999E-04
  0.1890E-04
  0.1035E-04
  0.2237E-04
  0.3215E-04
  0.1876E-04
  0.1075E-04
  0.1107E-04
  0.1116E-04
  0.1275E-04
  0.9428E-05
  0.1659E-04
  0.1154E-04
  0.9185E-05
  0.9342E-05
  0.9250E-05
  0.1886E-04
  0.1060E-04
  0.8719E-05
  0.8541E-05
  0.7960E-05
  0.1799E-04
  0.8434E-05
  0.8407E-05
  0.1762E-04
  0.1380E-04
  0.8997E-05
  0.1725E-04
  0.1224E-04
  0.1229E-04
  0.8397E-05
  0.1570E-04
  0.1360E-04
  0.1503E-04
  0.1478E-04
  0.4483E-05
  0.1335E-04
  0.1517E-04
  0.1174E-04
  0.1528E-04
  0.1529E-04
  0.1506E-04
  0.1529E-04
  0.1287E-04
  0.1030E-04
  0.1457E-04
  0.1479E-04
  0.1466E-04
  0.1296E-04
  0.6491E-05
  0.1403E-04
  0.1417E-04
  0.1400E-04
  0.1371E-04
  0.5738E-05
  0.1367E-04
  0.1255E-04
  0.5075E-05
  0.7431E-05
  0.1296E-04
  0.1289E-04
  0.1067E-04
  0.1265E-04
  0.1180E-04
  0.1060E-04
  0.1111E-04
  0.1198E-04
  0.1138E-04
  0.7346E-05
  0.6636E-05
  0.1197E-04
  0.1162E-04
  0.5557E-05
  0.5164E-05
  0.5155E-05
  0.5315E-05
  0.1142E-04
  0.1039E-04
  0.5246E-05
  0.6127E-05
  0.4764E-05
  0.5648E-05
  0.8058E-05
  0.4932E-05
  0.6909E-05
  0.4550E-05
  0.4971E-05
  0.8571E-05
  0.4431E-05
  0.6902E-05
  0.4619E-05
  0.5292E-05
  0.8376E-05
  0.4502E-05
  0.9094E-05
  0.1139E-04
  0.7261E-05
  0.6048E-05
  0.5668E-05
  0.5279E-05
  0.5882E-05
  0.1664E-04
  0.3362E-04
  0.3437E-04
  0.1018E-04
  0.4917E-05
  0.5353E-04
  0.1253E-03
  0.1254E-03
  0.6347E-04
  0.6887E-04
  0.6735E-03
  0.5364E-03
  0.5245E-03
  0.1284E-02
  0.1120E-02
  0.6665E-03
  0.5853E-03
  0.5791E-03
  0.6036E-03
  0.2347E-03
  0.6811E-03
  0.1124E-02
  0.9930E-03
  0.6485E-03
  0.4991E-03
  0.9996E-03
  0.1285E-03
  0.6117E-03
  0.1472E-02
  0.3090E-02
  0.5775E-02
  0.5449E-02
  0.6303E-02
  0.5887E-02
  0.7682E-02
  0.8223E-02
  0.8479E-02
  0.7145E-02
  0.8238E-02
  0.5422E-02
  0.5761E-02
  0.6230E-02
  0.3816E-02
  0.5542E-02
  0.3089E-02
  0.2124E-02
  0.2816E-02
  0.8263E-03
  0.2230E-02
  0.1494E-02
  0.2177E-03
  0.1081E-02
  0.7804E-03
  0.1935E-03
  0.5288E-03
  0.2126E-03
  0.5450E-04
  0.3030E-03
  0.1319E-03
  0.8667E-05
  0.3933E-04
  0.5322E-04
  0.8166E-05
  0.1802E-04
  0.1528E-04
  0.1004E-04
  0.3671E-05
  0.3756E-05
  0.5919E-05
  0.3842E-05
  0.3213E-05
  0.2135E-05
  0.2583E-05
  0.2054E-05
  0.2016E-05
  0.4048E-05
  0.2654E-05
  0.3414E-05
  0.3366E-05
  0.4074E-05
  0.3934E-05
  0.3473E-05
  0.3567E-05
  0.3916E-05
  0.4527E-05
  0.2431E-05
  0.4405E-05
  0.4314E-05
  0.4203E-05
  0.3111E-05
  0.2736E-05
  0.3970E-05
  0.2599E-05
  0.3236E-05
  0.2606E-05
  0.2661E-05
  0.2805E-05
  0.1023E-05
  0.1217E-05
  0.2245E-05
  0.4887E-06
  0.9294E-06
  0.1485E-05
  0.4909E-06
  0.1542E-05
  0.1101E-05
  0.2729E-06
  0.1152E-05
  0.1267E-05
  0.7149E-06
  0.8770E-06
  0.1164E-05
  0.9754E-06
  0.1484E-06
  0.9086E-06
  0.1065E-05
  0.8890E-06
  0.1947E-06
  0.1455E-06
  0.8843E-06
  0.9188E-06
  0.6802E-06
  0.1210E-05
  0.9624E-06
  0.5653E-06
  0.2928E-06
  0.6343E-06
  0.7337E-06
  0.8354E-06
  0.8472E-06
  0.8182E-06
  0.1305E-06
  0.6949E-06
  0.6319E-06
  0.6070E-06
  0.6177E-06
  0.6532E-06
  0.6784E-06
  0.7772E-06
  0.9656E-06
  0.4903E-06
  0.2987E-06
  0.1187E-06
  0.4176E-06
  0.5655E-06
  0.2385E-06
  0.3970E-06
  0.3660E-06
  0.1065E-06
  0.3573E-06
  0.4537E-06
  0.1722E-06
  0.2897E-06
  0.1802E-06
  0.1042E-06
  0.2925E-06
  0.2696E-06
  0.1083E-06
  0.2416E-06
  0.2452E-06
  0.1273E-06
  0.1847E-06
  0.1646E-06
  0.1317E-06
  0.1234E-06
  0.1900E-06
  0.1836E-06
  0.1201E-06
  0.1251E-06
  0.1163E-06
  0.1366E-06
  0.8136E-07
  0.1130E-06
  0.2525E-06
  0.7887E-07
  0.1273E-06
  0.1613E-06
  0.1677E-06
  0.1538E-06
  0.1257E-06
  0.1042E-06
  0.7340E-07
  0.9973E-07
  0.1090E-06
  0.1235E-06
  0.1375E-06
  0.1490E-06
  0.1592E-06
  0.1679E-06
  0.1746E-06
  0.1754E-06
  0.1629E-06
  0.1108E-06
  0.1251E-06
  0.2575E-06
  0.3562E-06
  0.4017E-06
  0.2966E-06
  0.4596E-06
  0.5426E-06
  0.2404E-06
  0.6279E-06
  0.2704E-06
  0.7049E-06
  0.7715E-06
  0.8556E-06
  0.9580E-06
  0.1075E-05
  0.1197E-05
  0.1314E-05
  0.1412E-05
  0.1482E-05
  0.1507E-05
  0.1397E-05
  0.1222E-05
  0.9973E-06
  0.7735E-06
  0.5993E-06
  0.5731E-06
  0.8846E-06
  0.1603E-05
  0.2269E-05
  0.1578E-04
  0.6733E-04
  0.3260E-05
  0.1314E-03
  0.1866E-03
  0.1441E-04
  0.4247E-04
  0.1624E-03
  0.7152E-04
  0.1844E-05
  0.8892E-04
  0.1981E-03
  0.1132E-03
  0.1729E-04
  0.3246E-03
  0.1124E-02
  0.5127E-03
  0.3110E-03
  0.2548E-03
  0.1522E-03
  0.5466E-04
  0.9884E-05
  0.1575E-05
  0.8759E-05
  0.2251E-04
  0.3863E-04
  0.5576E-04
  0.7077E-04
  0.8492E-04
  0.1005E-03
  0.1109E-03
  0.1229E-03
  0.1325E-03
  0.1056E-03
  0.1265E-03
  0.4067E-03
  0.8333E-03
  0.9512E-03
  0.1142E-02
  0.1668E-02
  0.2343E-02
  0.2582E-02
  0.3283E-02
  0.2923E-02
  0.2234E-02
  0.2468E-02
  0.1273E-02
  0.6222E-03
  0.5780E-03
  0.3343E-03
  0.4586E-04
  0.4490E-04
  0.6313E-04
  0.2067E-04
  0.5850E-06
  0.3744E-05
  0.6018E-05
  0.1245E-05
  0.5696E-06
  0.1037E-05
  0.1190E-05
  0.3426E-06
  0.3470E-06
  0.6621E-06
  0.4390E-06
  0.7558E-06
  0.3730E-06
  0.6133E-06
  0.3321E-06
  0.3505E-06
  0.1425E-05
  0.1622E-05
  0.1228E-05
