 Planetary albedo [cm2 / molecules of air]
          0.00000000E+00
          0.19998985E+00
          0.19999933E+00
          0.19999015E+00
          0.19996881E+00
          0.19998494E+00
          0.19991220E+00
          0.19994840E+00
          0.19999316E+00
          0.19993707E+00
          0.19999877E+00
          0.19990099E+00
          0.19999930E+00
          0.19999990E+00
          0.19999882E+00
          0.19999810E+00
          0.20000026E+00
          0.19999929E+00
          0.19997475E+00
          0.19928274E+00
          0.19838643E+00
          0.16309711E+00
          0.54094225E-02
          0.94342303E-07
          0.11181871E-06
          0.13161760E-06
          0.15393616E-06
          0.17897959E-06
          0.20696115E-06
          0.23810212E-06
          0.27263182E-06
          0.96785090E-01
          0.17146989E-02
          0.18428473E+00
          0.19800758E+00
          0.19893144E+00
          0.19754849E+00
          0.19048771E+00
          0.11856060E-01
          0.87414621E-01
          0.19846188E+00
          0.19179184E+00
          0.46425782E-01
          0.17199095E-01
          0.19900778E+00
          0.19999992E+00
          0.20000003E+00
          0.20000016E+00
          0.19972391E+00
          0.12955415E+00
          0.21198225E-05
          0.18498049E-04
          0.16168780E+00
          0.11687524E+00
          0.39505757E-05
          0.30755074E-05
          0.10053783E+00
          0.19963222E+00
          0.19999995E+00
          0.19999866E+00
          0.19999715E+00
          0.19999952E+00
          0.19999985E+00
          0.19998987E+00
          0.19999914E+00
          0.19999565E+00
          0.19986946E+00
          0.19945998E+00
          0.19999780E+00
          0.19999922E+00
          0.19999940E+00
          0.19999734E+00
          0.19972139E+00
          0.19947905E+00
          0.17468824E+00
          0.31739631E-02
          0.11192863E-04
          0.11793361E-04
          0.48971653E-04
          0.92050191E-01
          0.90751691E-01
          0.14440064E-04
          0.15166092E-04
          0.15919159E-04
          0.16699928E-04
          0.16483349E-02
          0.17417076E+00
          0.19768959E+00
          0.18155311E+00
          0.21043073E-04
          0.22004428E-04
          0.22998351E-04
          0.24025570E-04
          0.25086820E-04
          0.26182844E-04
          0.27314393E-04
          0.28482228E-04
          0.18776952E+00
          0.18018499E+00
          0.54124401E-01
          0.34314046E-04
          0.71166197E-01
          0.16585156E+00
          0.74156945E-01
          0.39224922E-04
          0.40754812E-04
          0.83551032E-01
          0.19828609E+00
          0.19816185E+00
          0.18252569E+00
          0.46945025E-01
          0.11407594E+00
          0.19319114E+00
          0.19961646E+00
          0.19999543E+00
          0.19996298E+00
          0.19986639E+00
          0.19998592E+00
          0.19759629E+00
          0.18929230E+00
          0.16245426E+00
          0.19734587E+00
          0.19994084E+00
          0.19986204E+00
          0.19759984E+00
          0.18304783E+00
          0.12900120E+00
          0.18536606E+00
          0.47893754E-01
          0.19838272E+00
          0.19711604E+00
          0.18338610E+00
          0.88457603E-01
          0.11490709E-01
          0.10806089E-03
          0.12363350E+00
          0.19525100E+00
          0.18700004E+00
          0.25958545E-01
          0.12510726E-03
          0.12874498E-03
          0.13246145E-03
          0.13625778E-03
          0.14013511E-03
          0.14409460E-03
          0.14813738E-03
          0.15226462E-03
          0.15647748E-03
          0.16077715E-03
          0.16516479E-03
          0.16964161E-03
          0.19688899E+00
          0.70864424E-02
          0.62858514E-01
          0.10402505E+00
          0.13586585E+00
          0.18851474E+00
          0.19817894E+00
          0.19867984E+00
          0.60069837E-01
          0.75265538E-01
          0.14926903E+00
          0.19981875E+00
          0.19996266E+00
          0.19996982E+00
          0.19996588E+00
          0.14218649E+00
          0.19570791E+00
          0.19786986E+00
          0.19992839E+00
          0.19998596E+00
          0.19999135E+00
          0.19998594E+00
          0.19974793E+00
          0.19938061E+00
          0.19921963E+00
          0.19881151E+00
          0.82846158E-02
          0.19880982E+00
          0.19881919E+00
          0.18176608E+00
          0.18597608E+00
          0.19426031E+00
          0.16689930E+00
          0.72168284E-01
          0.39234664E-03
          0.40089355E-03
          0.16375196E+00
          0.14326739E+00
          0.50652788E-03
          0.43648404E-03
          0.44573989E-03
          0.45514206E-03
          0.46469208E-03
          0.47439148E-03
          0.48424182E-03
          0.49424464E-03
          0.50440151E-03
          0.51471399E-03
          0.52518366E-03
          0.53581210E-03
          0.56035073E-03
          0.55755392E-03
          0.56866602E-03
          0.57994555E-03
          0.59139188E-03
          0.11130535E+00
          0.18423704E+00
          0.19459122E+00
          0.18958698E+00
          0.14619779E+00
          0.13042829E+00
          0.67632500E-03
          0.68916485E-03
          0.19461026E+00
          0.19869735E+00
          0.19974599E+00
          0.19988253E+00
          0.19997461E+00
          0.19997704E+00
          0.19994721E+00
          0.19995635E+00
          0.19995591E+00
          0.19982002E+00
          0.19993218E+00
          0.19996563E+00
          0.19937578E+00
          0.19875294E+00
          0.19961570E+00
          0.19955095E+00
          0.19994024E+00
          0.19986652E+00
          0.19716705E+00
          0.14899522E+00
          0.17981954E+00
          0.18088331E+00
          0.19787089E+00
          0.18935093E+00
          0.10500523E+00
          0.10945222E+00
          0.14890046E+00
          0.13005413E+00
          0.22930685E-01
          0.18941357E-02
          0.21236847E-01
          0.46358385E-01
          0.11504156E+00
          0.64088718E-01
          0.12656534E-02
          0.12861613E-02
          0.13069168E-02
          0.98557186E-01
          0.44214033E-01
          0.13706891E-02
          0.13924551E-02
          0.51072964E-01
          0.18056221E+00
          0.19855018E+00
          0.18223516E+00
          0.92794912E-02
          0.17022463E-02
          0.59988633E-02
          0.80818253E-01
          0.19955270E+00
          0.19942519E+00
          0.19849787E+00
          0.19049229E+00
          0.16995912E-02
          0.18863442E+00
          0.13992443E+00
          0.17771259E-02
          0.68455406E-01
          0.19089090E+00
          0.19991702E+00
          0.18913891E+00
          0.13628534E+00
          0.34001308E-02
          0.19683041E-02
          0.19968203E-02
          0.20256443E-02
          0.58573570E-01
          0.19981700E+00
          0.19978388E+00
          0.19975052E+00
          0.19989528E+00
          0.19948654E+00
          0.19946453E+00
          0.18315872E+00
          0.19859537E+00
          0.19900300E+00
          0.19863081E+00
          0.16347641E+00
          0.51479958E-01
          0.18139266E+00
          0.19434478E+00
          0.19878321E+00
          0.19604801E+00
          0.18792429E+00
          0.62484354E-01
          0.39159260E-01
          0.19745245E+00
          0.19868035E+00
          0.19213336E+00
          0.15688553E-01
          0.38750373E-02
          0.17618844E+00
          0.19968988E+00
          0.19956712E+00
          0.18110030E+00
          0.30446268E-02
          0.14616486E+00
          0.19836214E+00
          0.19983572E+00
          0.19983349E+00
          0.19954653E+00
          0.19636864E+00
          0.17142257E+00
          0.19017868E+00
          0.19778561E+00
          0.18651953E+00
          0.19953282E+00
          0.19909667E+00
          0.15648034E+00
          0.15864692E+00
          0.16091441E+00
          0.11484234E+00
          0.16272806E+00
          0.38152355E-02
          0.38619328E-02
          0.14956267E+00
          0.13510329E+00
          0.41035437E-02
          0.40529926E-02
          0.19637345E+00
          0.19984722E+00
          0.19988210E+00
          0.19987732E+00
          0.19989250E+00
          0.19983418E+00
          0.19968001E+00
          0.19984908E+00
          0.19978899E+00
          0.19983253E+00
          0.19988901E+00
          0.19987372E+00
          0.19985269E+00
          0.19457517E+00
          0.19645824E+00
          0.19976522E+00
          0.19987387E+00
          0.19984839E+00
          0.19956687E+00
          0.19806760E+00
          0.19398402E+00
          0.19571923E+00
          0.19985567E+00
          0.19987710E+00
          0.19967856E+00
          0.52320863E-01
          0.19428699E+00
          0.19987158E+00
          0.19985832E+00
          0.19940354E+00
          0.19985672E+00
          0.19983538E+00
          0.19916118E+00
          0.19906322E+00
          0.19984515E+00
          0.19985067E+00
          0.19985866E+00
          0.19948489E+00
          0.19867854E+00
          0.19701468E+00
          0.19838300E+00
          0.19808167E+00
          0.10807696E-01
          0.16199025E+00
          0.19951460E+00
          0.19893171E+00
          0.19491873E+00
          0.13869212E+00
          0.11124693E-01
          0.19951949E+00
          0.19942778E+00
          0.17815563E+00
          0.19097797E+00
          0.19934905E+00
          0.19985314E+00
          0.19985700E+00
          0.19985809E+00
          0.19985762E+00
          0.19985717E+00
          0.19985599E+00
          0.19981894E+00
          0.19944409E+00
          0.19984499E+00
          0.19984568E+00
          0.19985486E+00
          0.19985455E+00
          0.19985379E+00
          0.19985292E+00
          0.19982157E+00
          0.19978360E+00
          0.19983572E+00
          0.19985307E+00
          0.19985292E+00
          0.19984954E+00
          0.19962686E+00
          0.19964659E+00
          0.19985226E+00
          0.19985241E+00
          0.19981298E+00
          0.19985193E+00
          0.19983975E+00
          0.19983733E+00
          0.19985198E+00
          0.19985284E+00
          0.19985300E+00
          0.19984934E+00
          0.19965736E+00
          0.19981784E+00
          0.19983403E+00
          0.19974749E+00
          0.19938589E+00
          0.19945965E+00
          0.19960087E+00
          0.19984142E+00
          0.19940490E+00
          0.19918094E+00
          0.19178959E+00
          0.19984952E+00
          0.19984518E+00
          0.19966659E+00
          0.16735986E+00
          0.17998476E+00
          0.19986002E+00
          0.19984209E+00
          0.19986341E+00
          0.19982576E+00
          0.19620005E+00
          0.19984840E+00
          0.19986784E+00
          0.19986900E+00
          0.19986899E+00
          0.19986557E+00
          0.19983679E+00
          0.19963679E+00
          0.19981321E+00
          0.19987561E+00
          0.19987851E+00
          0.19988008E+00
          0.19988066E+00
          0.19988184E+00
          0.19988513E+00
          0.19988622E+00
          0.19986589E+00
          0.19979353E+00
          0.19974416E+00
          0.19481679E+00
          0.19551440E+00
          0.18113620E+00
          0.19990136E+00
          0.19990230E+00
          0.19990319E+00
          0.19990853E+00
          0.19991106E+00
          0.19991366E+00
          0.19991634E+00
          0.19987629E+00
          0.19991175E+00
          0.19992479E+00
          0.19992779E+00
          0.19993085E+00
          0.19993398E+00
          0.19993718E+00
          0.19979686E+00
          0.19993125E+00
          0.19994628E+00
          0.19995091E+00
          0.19995428E+00
          0.19995417E+00
          0.19890655E+00
          0.19976814E+00
          0.19996984E+00
          0.19997373E+00
          0.19997812E+00
          0.19997726E+00
          0.19996631E+00
          0.19999128E+00
          0.19999604E+00
          0.20000073E+00
          0.20000549E+00
          0.20000903E+00
          0.19988140E+00
          0.20002008E+00
          0.20002569E+00
          0.20003063E+00
          0.20002623E+00
          0.19988568E+00
          0.20004750E+00
          0.20005161E+00
          0.20005681E+00
          0.19994520E+00
          0.20005838E+00
          0.20007482E+00
          0.19998789E+00
          0.19934134E+00
          0.16655637E+00
          0.20006418E+00
          0.20003346E+00
          0.19920557E+00
          0.15934059E+00
          0.20012631E+00
          0.20013996E+00
          0.20014753E+00
          0.20015525E+00
          0.20015411E+00
          0.20016389E+00
          0.20017925E+00
          0.20018757E+00
          0.20019601E+00
          0.20020461E+00
          0.20021337E+00
          0.20022227E+00
          0.20023134E+00
          0.20024056E+00
          0.20024990E+00
          0.20024209E+00
          0.20026918E+00
          0.20027908E+00
          0.20028913E+00
          0.20029935E+00
          0.20030974E+00
          0.20032030E+00
          0.20033104E+00
          0.20034196E+00
          0.20035306E+00
          0.20036435E+00
          0.20037582E+00
          0.20038747E+00
          0.20039915E+00
          0.20041128E+00
          0.20042358E+00
          0.20043592E+00
          0.20044078E+00
          0.20036133E+00
          0.20047447E+00
          0.20048759E+00
          0.20049239E+00
          0.20050028E+00
          0.20052857E+00
          0.20042619E+00
          0.20052537E+00
          0.19992437E+00
          0.20058514E+00
          0.20059812E+00
          0.20058245E+00
          0.19837750E+00
          0.20038828E+00
          0.20066004E+00
          0.20067855E+00
          0.20062730E+00
          0.20062475E+00
          0.20072424E+00
          0.20074420E+00
          0.20075932E+00
          0.20078101E+00
          0.20079884E+00
          0.20081691E+00
          0.20083524E+00
          0.20085383E+00
          0.20087268E+00
          0.20089181E+00
          0.20091119E+00
          0.20092915E+00
          0.20093754E+00
          0.20097100E+00
          0.20099150E+00
          0.20101228E+00
          0.20103334E+00
          0.20105469E+00
          0.20107633E+00
          0.20109827E+00
          0.20112050E+00
          0.20114303E+00
          0.20116401E+00
          0.20118814E+00
          0.20121246E+00
          0.20123622E+00
          0.20126030E+00
          0.20128469E+00
          0.20130941E+00
          0.20133445E+00
          0.20135981E+00
          0.20138551E+00
          0.20141154E+00
          0.20143773E+00
          0.20146360E+00
          0.20149136E+00
          0.20151902E+00
          0.20154406E+00
          0.20157374E+00
          0.20160111E+00
          0.20161187E+00
          0.20162049E+00
          0.20164210E+00
          0.20172047E+00
          0.20174471E+00
          0.20174474E+00
          0.20175748E+00
          0.20184201E+00
          0.20187592E+00
          0.20190667E+00
          0.20190319E+00
          0.20196365E+00
          0.20196558E+00
          0.20204082E+00
          0.20207500E+00
          0.20210960E+00
          0.20214460E+00
          0.20218003E+00
          0.20221585E+00
          0.20207287E+00
          0.20228875E+00
          0.20232597E+00
          0.20236354E+00
          0.20240154E+00
          0.20243999E+00
          0.20247888E+00
          0.20251822E+00
          0.20255802E+00
          0.20259827E+00
          0.20263764E+00
          0.20267183E+00
          0.20272178E+00
          0.20276119E+00
          0.20274151E+00
          0.20284868E+00
          0.20289320E+00
          0.20293726E+00
          0.20298181E+00
          0.20302686E+00
          0.20307240E+00
          0.20311844E+00
          0.20312233E+00
          0.20321208E+00
          0.20325968E+00
          0.20330779E+00
          0.20335643E+00
          0.20340543E+00
          0.20345428E+00
          0.20350549E+00
          0.20353470E+00
          0.20360762E+00
          0.20365896E+00
          0.20370925E+00
          0.20373180E+00
          0.20381842E+00
          0.20387260E+00
          0.20392254E+00
          0.20398053E+00
          0.20402398E+00
          0.20409480E+00
          0.20415185E+00
          0.20420947E+00
          0.20426768E+00
          0.20432649E+00
          0.20438547E+00
          0.20444590E+00
          0.20442668E+00
          0.20456670E+00
          0.20462974E+00
          0.20469226E+00
          0.20475541E+00
          0.20481920E+00
          0.20488364E+00
          0.20494872E+00
          0.20501445E+00
          0.20508084E+00
          0.20514675E+00
          0.20520561E+00
          0.20528308E+00
          0.20512594E+00
          0.20542279E+00
          0.20549312E+00
          0.20556138E+00
          0.20562821E+00
          0.20570862E+00
          0.20578186E+00
          0.20585578E+00
          0.20592955E+00
          0.20599850E+00
          0.20608183E+00
          0.20615864E+00
          0.20623617E+00
          0.20631444E+00
          0.20639345E+00
          0.20647321E+00
          0.20655372E+00
          0.20663499E+00
          0.20671702E+00
          0.20679981E+00
          0.20688338E+00
          0.20696773E+00
          0.20705285E+00
          0.20713876E+00
          0.20722525E+00
          0.20731288E+00
          0.20720442E+00
          0.20749037E+00
          0.20758030E+00
          0.20767103E+00
          0.20776259E+00
          0.20785498E+00
          0.20794820E+00
          0.20804225E+00
          0.20813711E+00
          0.20823256E+00
          0.20832948E+00
          0.20842694E+00
          0.20852526E+00
          0.20862444E+00
          0.20872450E+00
          0.20882544E+00
          0.20892726E+00
          0.20902996E+00
          0.20913280E+00
          0.20923401E+00
          0.20934347E+00
          0.20944979E+00
          0.20955693E+00
          0.20966442E+00
          0.20977412E+00
          0.20988425E+00
          0.20999518E+00
          0.21010673E+00
          0.21015501E+00
          0.21033268E+00
          0.21044642E+00
          0.21056411E+00
          0.21068077E+00
          0.21079841E+00
          0.21091703E+00
          0.21103663E+00
          0.21115722E+00
          0.21127880E+00
          0.21140138E+00
          0.21152497E+00
          0.21164956E+00
          0.21177428E+00
          0.21190179E+00
          0.21202946E+00
          0.21215815E+00
          0.21228788E+00
          0.21241865E+00
          0.21255046E+00
          0.21268333E+00
          0.21281726E+00
          0.21295224E+00
          0.21308830E+00
          0.21322543E+00
          0.21336365E+00
          0.21350294E+00
          0.21364333E+00
          0.21378463E+00
          0.21391965E+00
          0.21407108E+00
          0.21421588E+00
          0.21436180E+00
          0.21450883E+00
          0.21465700E+00
          0.21480630E+00
          0.21495674E+00
          0.21510728E+00
          0.21525959E+00
          0.21541493E+00
          0.21556997E+00
          0.21572618E+00
          0.21588356E+00
          0.21604211E+00
          0.21620185E+00
          0.21636277E+00
          0.21652488E+00
          0.21668819E+00
          0.21685270E+00
          0.21701841E+00
          0.21718534E+00
          0.21735349E+00
          0.21752286E+00
          0.21769346E+00
          0.21786529E+00
          0.21803836E+00
          0.21821267E+00
          0.21838823E+00
          0.21856505E+00
          0.21874292E+00
          0.21892236E+00
          0.21910307E+00
          0.21928496E+00
          0.21946812E+00
          0.21965257E+00
          0.21983831E+00
          0.22002535E+00
          0.22021368E+00
          0.22040332E+00
          0.22059428E+00
          0.22078654E+00
          0.22098013E+00
          0.22117504E+00
          0.22137129E+00
          0.22156887E+00
          0.22176779E+00
          0.22196805E+00
          0.22216967E+00
          0.22237264E+00
          0.22257698E+00
          0.22278267E+00
          0.22298974E+00
          0.22319818E+00
          0.22340801E+00
          0.22361922E+00
          0.22383181E+00
          0.22404580E+00
          0.22426120E+00
          0.22447799E+00
          0.22469619E+00
          0.22491581E+00
          0.22513685E+00
          0.22535930E+00
          0.22558319E+00
          0.22580851E+00
          0.22603526E+00
          0.22626346E+00
          0.22649310E+00
          0.22672419E+00
          0.22695674E+00
          0.22719074E+00
          0.22742621E+00
          0.22766315E+00
          0.22790156E+00
          0.22814145E+00
          0.22838282E+00
          0.22862567E+00
          0.22887002E+00
          0.22911586E+00
          0.22936320E+00
          0.22961204E+00
          0.22986239E+00
          0.23011425E+00
          0.23036763E+00
          0.23062253E+00
          0.23087895E+00
          0.23113690E+00
          0.23139638E+00
          0.23165740E+00
          0.23191996E+00
          0.23218406E+00
          0.23244971E+00
          0.23271691E+00
          0.23298567E+00
          0.23325599E+00
          0.23352787E+00
          0.23380132E+00
          0.23407634E+00
          0.23435293E+00
          0.23463110E+00
          0.23491086E+00
          0.23519220E+00
          0.23547513E+00
          0.23575965E+00
          0.23604577E+00
          0.23633349E+00
          0.23662282E+00
          0.23691375E+00
          0.23720629E+00
          0.23750044E+00
          0.23779621E+00
          0.23809360E+00
          0.23839262E+00
          0.23869326E+00
          0.23899553E+00
          0.23929944E+00
          0.23960498E+00
          0.23991215E+00
          0.24022098E+00
          0.24053144E+00
          0.24084356E+00
          0.24115732E+00
          0.24147274E+00
          0.24178982E+00
          0.24210855E+00
          0.24242895E+00
          0.24275101E+00
          0.24307474E+00
          0.24340014E+00
          0.24372721E+00
          0.24405596E+00
          0.24438639E+00
          0.24471849E+00
          0.24505228E+00
          0.24538775E+00
          0.24572491E+00
          0.24606376E+00
          0.24640430E+00
          0.24674654E+00
          0.24709047E+00
          0.24743610E+00
          0.24778343E+00
          0.24813246E+00
          0.24848320E+00
          0.24883565E+00
          0.24918980E+00
          0.24954566E+00
          0.24990323E+00
          0.25026252E+00
          0.25062352E+00
          0.25098624E+00
          0.25135068E+00
          0.25171683E+00
          0.25208471E+00
          0.25245432E+00
          0.25282564E+00
          0.25319870E+00
          0.25357348E+00
          0.25394998E+00
          0.25432822E+00
          0.25470819E+00
          0.25508989E+00
          0.25547333E+00
          0.25585849E+00
          0.25624540E+00
          0.25663404E+00
          0.25702441E+00
          0.25741653E+00
          0.25781038E+00
          0.25820597E+00
          0.25860331E+00
          0.25900238E+00
          0.25940319E+00
          0.25980575E+00
          0.26021005E+00
          0.26061609E+00
          0.26102388E+00
          0.26143340E+00
          0.26184468E+00
          0.26225769E+00
          0.26267245E+00
          0.26308896E+00
          0.26350721E+00
          0.26392720E+00
          0.26434894E+00
          0.26477242E+00
          0.26519765E+00
          0.26562462E+00
          0.26605333E+00
          0.26648379E+00
          0.26691599E+00
          0.26734994E+00
          0.26778562E+00
          0.26822305E+00
          0.26866222E+00
          0.26910314E+00
          0.26954579E+00
          0.26999018E+00
          0.27043631E+00
          0.27088418E+00
          0.27133378E+00
          0.27178512E+00
          0.27223820E+00
          0.27269301E+00
          0.27314956E+00
          0.27360783E+00
          0.27406784E+00
          0.27452958E+00
          0.27499304E+00
          0.27545824E+00
          0.27592515E+00
          0.27639380E+00
          0.27686416E+00
          0.27733625E+00
          0.27781006E+00
          0.27828558E+00
          0.27876282E+00
          0.27924178E+00
          0.27972245E+00
          0.28020483E+00
          0.28068891E+00
          0.28117471E+00
          0.28166221E+00
          0.28215141E+00
          0.28264232E+00
          0.28313492E+00
          0.28362922E+00
          0.28412521E+00
          0.28462290E+00
          0.28512227E+00
          0.28562334E+00
          0.28612608E+00
          0.28663051E+00
          0.28713662E+00
          0.28764441E+00
          0.28815387E+00
          0.28866500E+00
          0.28917780E+00
          0.28969226E+00
          0.29020839E+00
          0.29072618E+00
          0.29124562E+00
          0.29176672E+00
          0.29228947E+00
          0.29281387E+00
          0.29333991E+00
          0.29386759E+00
          0.29439691E+00
          0.29492787E+00
          0.29546045E+00
          0.29599467E+00
          0.29653050E+00
          0.29706796E+00
          0.29760704E+00
          0.29814773E+00
          0.29869003E+00
          0.29923393E+00
          0.29977944E+00
          0.30032654E+00
          0.30087524E+00
          0.30142553E+00
          0.30197740E+00
          0.30253086E+00
          0.30308590E+00
          0.30364251E+00
          0.30420069E+00
          0.30476044E+00
          0.30532174E+00
          0.30588461E+00
          0.30644903E+00
          0.30701499E+00
          0.30758250E+00
          0.30815155E+00
          0.30872213E+00
          0.30929425E+00
          0.30986789E+00
          0.31044305E+00
          0.31101973E+00
          0.31159791E+00
          0.31217761E+00
          0.31275881E+00
          0.31334150E+00
          0.31392568E+00
          0.31451136E+00
          0.31509851E+00
          0.31568714E+00
          0.31627724E+00
          0.31686881E+00
          0.31746184E+00
          0.31805633E+00
          0.31865226E+00
          0.31924965E+00
          0.31984847E+00
          0.32044873E+00
          0.32105041E+00
          0.32165352E+00
          0.32225805E+00
          0.32286399E+00
          0.32347134E+00
          0.32408009E+00
          0.32469023E+00
          0.32530177E+00
          0.32591468E+00
          0.32652898E+00
          0.32714465E+00
          0.32776169E+00
          0.32838009E+00
          0.32899984E+00
          0.32962094E+00
          0.33024338E+00
          0.33086716E+00
          0.33149227E+00
          0.33211871E+00
          0.33274646E+00
          0.33337553E+00
          0.33400590E+00
          0.33463757E+00
          0.33527054E+00
          0.33590479E+00
          0.33654033E+00
          0.33717714E+00
          0.33781521E+00
          0.33845455E+00
          0.33909514E+00
          0.33973699E+00
          0.34038007E+00
          0.34102439E+00
          0.34166994E+00
          0.34231671E+00
          0.34296470E+00
          0.34361389E+00
          0.34426429E+00
          0.34491588E+00
          0.34556867E+00
          0.34622263E+00
          0.34687777E+00
          0.34753408E+00
          0.34819155E+00
          0.34885017E+00
          0.34950995E+00
          0.35017086E+00
          0.35083291E+00
          0.35149608E+00
          0.35216037E+00
          0.35282578E+00
          0.35349229E+00
          0.35415990E+00
          0.35482860E+00
          0.35549839E+00
          0.35616925E+00
          0.35684119E+00
          0.35751419E+00
          0.35818824E+00
          0.35886334E+00
          0.35953948E+00
          0.36021666E+00
          0.36089486E+00
          0.36157409E+00
          0.36225432E+00
          0.36293556E+00
          0.36361780E+00
          0.36430103E+00
          0.36498524E+00
          0.36567042E+00
          0.36635658E+00
          0.36704369E+00
          0.36773176E+00
          0.36842077E+00
          0.36911072E+00
          0.36980160E+00
          0.37049341E+00
          0.37118613E+00
          0.37187976E+00
          0.37257429E+00
          0.37326971E+00
          0.37396602E+00
          0.37466320E+00
          0.37536126E+00
          0.37606018E+00
          0.37675995E+00
          0.37746057E+00
          0.37816203E+00
          0.37886433E+00
          0.37956745E+00
          0.38027138E+00
          0.38097613E+00
          0.38168167E+00
          0.38238802E+00
          0.38309514E+00
          0.38380305E+00
          0.38451173E+00
          0.38522117E+00
          0.38593136E+00
          0.38664231E+00
          0.38735399E+00
          0.38806641E+00
          0.38877955E+00
          0.38949341E+00
          0.39020798E+00
          0.39092325E+00
          0.39163922E+00
          0.39235587E+00
          0.39307320E+00
          0.39379120E+00
          0.39450987E+00
          0.39522919E+00
          0.39594915E+00
          0.39666976E+00
          0.39739100E+00
          0.39811287E+00
          0.39883535E+00
          0.39955844E+00
          0.40028213E+00
          0.40100642E+00
          0.40173129E+00
          0.40245674E+00
          0.40318276E+00
          0.40390935E+00
          0.40463649E+00
          0.40536417E+00
          0.40609240E+00
          0.40682116E+00
          0.40755045E+00
          0.40828025E+00
          0.40901056E+00
          0.40974137E+00
          0.41047268E+00
          0.41120447E+00
          0.41193674E+00
          0.41266949E+00
          0.41340269E+00
          0.41413635E+00
          0.41487047E+00
          0.41560502E+00
          0.41634000E+00
          0.41707541E+00
          0.41781124E+00
          0.41854748E+00
          0.41928412E+00
          0.42002116E+00
          0.42075858E+00
          0.42149639E+00
          0.42223457E+00
          0.42297311E+00
          0.42371202E+00
          0.42445127E+00
          0.42519087E+00
          0.42593080E+00
          0.42667106E+00
          0.42741164E+00
          0.42815253E+00
          0.42889373E+00
          0.42963523E+00
          0.43037702E+00
          0.43111910E+00
          0.43186145E+00
          0.43260407E+00
          0.43334696E+00
          0.43409009E+00
          0.43483348E+00
          0.43557711E+00
          0.43632097E+00
          0.43706505E+00
          0.43780936E+00
          0.43855387E+00
          0.43929860E+00
          0.44004351E+00
          0.44078862E+00
          0.44153392E+00
          0.44227938E+00
          0.44302502E+00
          0.44377082E+00
          0.44451677E+00
          0.44526288E+00
          0.44600912E+00
          0.44675550E+00
          0.44750200E+00
          0.44824863E+00
          0.44899537E+00
          0.44974221E+00
          0.45048916E+00
          0.45123619E+00
          0.45198332E+00
          0.45273052E+00
          0.45347779E+00
          0.45422514E+00
          0.45497253E+00
          0.45571999E+00
          0.45646748E+00
          0.45721502E+00
          0.45796259E+00
          0.45871018E+00
          0.45945780E+00
          0.46020542E+00
          0.46095305E+00
          0.46170068E+00
          0.46244831E+00
          0.46319592E+00
          0.46394351E+00
          0.46469107E+00
          0.46543860E+00
          0.46618609E+00
          0.46693354E+00
          0.46768093E+00
          0.46842827E+00
          0.46917554E+00
          0.46992274E+00
          0.47066986E+00
          0.47141690E+00
          0.47216385E+00
          0.47291070E+00
          0.47365746E+00
          0.47440410E+00
          0.47515063E+00
          0.47589704E+00
          0.47664333E+00
          0.47738948E+00
          0.47813550E+00
          0.47888137E+00
          0.47962709E+00
          0.48037265E+00
          0.48111806E+00
          0.48186329E+00
          0.48260836E+00
          0.48335324E+00
          0.48409794E+00
          0.48484245E+00
          0.48558676E+00
          0.48633087E+00
          0.48707477E+00
          0.48781846E+00
          0.48856193E+00
          0.48930518E+00
          0.49004820E+00
          0.49079098E+00
          0.49153352E+00
          0.49227581E+00
          0.49301785E+00
          0.49375963E+00
          0.49450116E+00
          0.49524241E+00
          0.49598339E+00
          0.49672409E+00
          0.49746451E+00
          0.49820463E+00
          0.49894447E+00
          0.49968400E+00
          0.50042323E+00
          0.50116215E+00
          0.50190076E+00
          0.50263904E+00
          0.50337700E+00
          0.50411463E+00
          0.50485192E+00
          0.50558888E+00
          0.50632548E+00
          0.50706174E+00
          0.50779765E+00
          0.50853319E+00
          0.50926837E+00
          0.51000318E+00
          0.51073762E+00
          0.51147168E+00
          0.51220535E+00
          0.51293864E+00
          0.51367153E+00
          0.51440403E+00
          0.51513612E+00
          0.51586781E+00
          0.51659909E+00
          0.51732995E+00
          0.51806039E+00
          0.51879040E+00
          0.51951999E+00
          0.52024915E+00
          0.52097786E+00
          0.52170614E+00
          0.52243396E+00
          0.52316134E+00
          0.52388826E+00
          0.52461473E+00
          0.52534073E+00
          0.52606626E+00
          0.52679132E+00
          0.52751591E+00
          0.52824001E+00
          0.52896363E+00
          0.52968677E+00
          0.53040941E+00
          0.53113155E+00
          0.53185320E+00
          0.53257434E+00
          0.53329497E+00
          0.53401510E+00
          0.53473470E+00
          0.53545379E+00
          0.53617236E+00
          0.53689040E+00
          0.53760790E+00
          0.53832488E+00
          0.53904131E+00
          0.53975721E+00
          0.54047256E+00
          0.54118736E+00
          0.54190161E+00
          0.54261530E+00
          0.54332844E+00
          0.54404101E+00
          0.54475301E+00
          0.54546445E+00
          0.54617531E+00
          0.54688559E+00
          0.54759530E+00
          0.54830442E+00
          0.54901296E+00
          0.54972091E+00
          0.55042826E+00
          0.55113502E+00
          0.55184118E+00
          0.55254673E+00
          0.55325168E+00
          0.55395602E+00
          0.55465975E+00
          0.55536287E+00
          0.55606537E+00
          0.55676724E+00
          0.55746850E+00
          0.55816912E+00
          0.55886912E+00
          0.55956848E+00
          0.56026721E+00
          0.56096530E+00
          0.56166274E+00
          0.56235955E+00
          0.56305570E+00
          0.56375121E+00
          0.56444607E+00
          0.56514027E+00
          0.56583381E+00
          0.56652669E+00
          0.56721891E+00
          0.56791046E+00
          0.56860134E+00
          0.56929156E+00
          0.56998110E+00
          0.57066996E+00
          0.57135815E+00
          0.57204565E+00
          0.57273248E+00
          0.57341861E+00
          0.57410406E+00
          0.57478882E+00
          0.57547288E+00
          0.57615625E+00
          0.57683892E+00
          0.57752090E+00
          0.57820217E+00
          0.57888273E+00
          0.57956259E+00
          0.58024174E+00
          0.58092018E+00
          0.58159791E+00
          0.58227492E+00
          0.58295122E+00
          0.58362680E+00
          0.58430165E+00
          0.58497578E+00
          0.58564919E+00
          0.58632186E+00
          0.58699381E+00
          0.58766503E+00
          0.58833552E+00
          0.58900526E+00
          0.58967428E+00
          0.59034255E+00
          0.59101008E+00
          0.59167687E+00
          0.59234292E+00
          0.59300822E+00
          0.59367277E+00
          0.59433657E+00
          0.59499962E+00
          0.59566192E+00
          0.59632346E+00
          0.59698425E+00
          0.59764427E+00
          0.59830354E+00
          0.59896205E+00
          0.59961979E+00
          0.60027677E+00
          0.60093299E+00
          0.60158843E+00
          0.60224311E+00
          0.60289702E+00
          0.60355015E+00
          0.60420251E+00
          0.60485410E+00
          0.60550491E+00
          0.60615494E+00
          0.60680420E+00
          0.60745267E+00
          0.60810036E+00
          0.60874727E+00
          0.60939339E+00
          0.61003873E+00
          0.61068328E+00
          0.61132705E+00
          0.61197002E+00
          0.61261221E+00
          0.61325360E+00
          0.61389420E+00
          0.61453400E+00
          0.61517301E+00
          0.61581122E+00
          0.61644864E+00
          0.61708526E+00
          0.61772107E+00
          0.61835609E+00
          0.61899031E+00
          0.61962372E+00
          0.62025633E+00
          0.62088813E+00
          0.62151913E+00
          0.62214932E+00
          0.62277870E+00
          0.62340728E+00
          0.62403504E+00
          0.62466200E+00
          0.62528814E+00
          0.62591347E+00
          0.62653799E+00
          0.62716170E+00
          0.62778459E+00
          0.62840666E+00
          0.62902792E+00
          0.62964836E+00
          0.63026798E+00
          0.63088679E+00
          0.63150477E+00
          0.63212194E+00
          0.63273828E+00
          0.63335381E+00
          0.63396851E+00
          0.63458239E+00
          0.63519544E+00
          0.63580768E+00
          0.63641908E+00
          0.63702966E+00
          0.63763942E+00
          0.63824835E+00
          0.63885645E+00
          0.63946373E+00
          0.64007017E+00
          0.64067579E+00
          0.64128058E+00
          0.64188454E+00
          0.64248767E+00
          0.64308997E+00
          0.64369144E+00
          0.64429208E+00
          0.64489188E+00
          0.64549085E+00
          0.64608899E+00
          0.64668630E+00
          0.64728277E+00
          0.64787841E+00
          0.64847322E+00
          0.64906719E+00
          0.64966033E+00
          0.65025263E+00
          0.65084409E+00
          0.65143472E+00
          0.65202452E+00
          0.65261347E+00
          0.65320159E+00
          0.65378888E+00
          0.65437532E+00
          0.65496093E+00
          0.65554571E+00
          0.65612964E+00
          0.65671273E+00
          0.65729499E+00
          0.65787641E+00
          0.65845699E+00
          0.65903673E+00
          0.65961564E+00
          0.66019370E+00
          0.66077093E+00
          0.66134731E+00
          0.66192286E+00
          0.66249757E+00
          0.66307144E+00
          0.66364446E+00
          0.66421665E+00
          0.66478800E+00
          0.66535851E+00
          0.66592818E+00
          0.66649701E+00
          0.66706500E+00
          0.66763215E+00
          0.66819846E+00
          0.66876393E+00
          0.66932857E+00
          0.66989236E+00
          0.67045531E+00
          0.67101742E+00
          0.67157869E+00
          0.67213913E+00
          0.67269872E+00
          0.67325748E+00
          0.67381539E+00
          0.67437247E+00
          0.67492871E+00
          0.67548410E+00
          0.67603866E+00
          0.67659239E+00
          0.67714527E+00
          0.67769731E+00
          0.67824852E+00
          0.67879889E+00
          0.67934842E+00
          0.67989711E+00
          0.68044497E+00
          0.68099199E+00
          0.68153817E+00
          0.68208352E+00
          0.68262802E+00
          0.68317170E+00
          0.68371453E+00
          0.68425653E+00
          0.68479770E+00
          0.68533803E+00
          0.68587752E+00
          0.68641618E+00
          0.68695401E+00
          0.68749100E+00
          0.68802716E+00
          0.68856248E+00
          0.68909698E+00
          0.68963063E+00
          0.69016346E+00
          0.69069545E+00
          0.69122662E+00
          0.69175695E+00
          0.69228645E+00
          0.69281512E+00
          0.69334295E+00
          0.69386996E+00
          0.69439614E+00
          0.69492149E+00
          0.69544601E+00
          0.69596970E+00
          0.69649257E+00
          0.69701460E+00
          0.69753581E+00
          0.69805620E+00
          0.69857575E+00
          0.69909449E+00
          0.69961239E+00
          0.70012947E+00
          0.70064573E+00
          0.70116116E+00
          0.70167577E+00
          0.70218955E+00
          0.70270252E+00
          0.70321466E+00
          0.70372598E+00
          0.70423647E+00
          0.70474615E+00
          0.70525501E+00
          0.70576305E+00
          0.70627027E+00
          0.70677667E+00
          0.70728225E+00
          0.70778701E+00
          0.70829096E+00
          0.70879409E+00
          0.70929641E+00
          0.70979791E+00
          0.71029859E+00
          0.71079847E+00
          0.71129752E+00
          0.71179577E+00
          0.71229320E+00
          0.71278982E+00
          0.71328563E+00
          0.71378063E+00
          0.71427482E+00
          0.71476820E+00
          0.71526077E+00
          0.71575254E+00
          0.71624349E+00
          0.71673364E+00
          0.71722298E+00
          0.71771152E+00
          0.71819925E+00
          0.71868618E+00
          0.71917230E+00
          0.71965762E+00
          0.72014214E+00
          0.72062586E+00
          0.72110877E+00
          0.72159089E+00
          0.72207220E+00
          0.72255272E+00
          0.72303243E+00
          0.72351135E+00
          0.72398948E+00
          0.72446680E+00
          0.72494333E+00
          0.72541907E+00
          0.72589401E+00
          0.72636816E+00
          0.72684152E+00
          0.72731408E+00
          0.72778585E+00
          0.72825683E+00
          0.72872702E+00
          0.72919643E+00
          0.72966504E+00
          0.73013287E+00
          0.73059990E+00
          0.73106616E+00
          0.73153162E+00
          0.73199631E+00
          0.73246021E+00
          0.73292332E+00
          0.73338565E+00
          0.73384720E+00
          0.73430797E+00
          0.73476796E+00
          0.73522718E+00
          0.73568561E+00
          0.73614326E+00
          0.73660014E+00
          0.73705624E+00
          0.73751156E+00
          0.73796611E+00
          0.73841989E+00
          0.73887289E+00
          0.73932513E+00
          0.73977659E+00
          0.74022727E+00
          0.74067719E+00
          0.74112634E+00
          0.74157472E+00
          0.74202234E+00
          0.74246919E+00
          0.74291527E+00
          0.74336058E+00
          0.74380514E+00
          0.74424893E+00
          0.74469195E+00
          0.74513422E+00
          0.74557572E+00
          0.74601647E+00
          0.74645645E+00
          0.74689568E+00
          0.74733415E+00
          0.74777186E+00
          0.74820881E+00
          0.74864502E+00
          0.74908046E+00
          0.74951516E+00
          0.74994910E+00
          0.75038229E+00
          0.75081473E+00
          0.75124642E+00
          0.75167736E+00
          0.75210756E+00
          0.75253700E+00
          0.75296570E+00
          0.75339365E+00
          0.75382086E+00
          0.75424733E+00
          0.75467305E+00
          0.75509804E+00
          0.75552228E+00
          0.75594578E+00
          0.75636854E+00
          0.75679056E+00
          0.75721185E+00
          0.75763239E+00
          0.75805221E+00
          0.75847129E+00
          0.75888963E+00
          0.75930724E+00
          0.75972412E+00
          0.76014027E+00
          0.76055569E+00
          0.76097038E+00
          0.76138434E+00
          0.76179757E+00
          0.76221008E+00
          0.76262186E+00
          0.76303291E+00
          0.76344324E+00
          0.76385285E+00
          0.76426174E+00
          0.76466991E+00
          0.76507735E+00
          0.76548408E+00
          0.76589009E+00
          0.76629538E+00
          0.76669995E+00
          0.76710381E+00
          0.76750696E+00
          0.76790939E+00
          0.76831111E+00
          0.76871211E+00
          0.76911241E+00
          0.76951199E+00
          0.76991087E+00
          0.77030904E+00
          0.77070650E+00
          0.77110325E+00
          0.77149930E+00
          0.77189465E+00
          0.77228929E+00
          0.77268323E+00
          0.77307647E+00
          0.77346901E+00
          0.77386085E+00
          0.77425199E+00
          0.77464243E+00
          0.77503217E+00
          0.77542122E+00
          0.77580958E+00
          0.77619724E+00
          0.77658421E+00
          0.77697048E+00
          0.77735607E+00
          0.77774096E+00
          0.77812517E+00
          0.77850869E+00
          0.77889152E+00
          0.77927366E+00
          0.77965512E+00
          0.78003590E+00
          0.78041599E+00
          0.78079540E+00
          0.78117413E+00
          0.78155218E+00
          0.78192955E+00
          0.78230624E+00
          0.78268225E+00
          0.78305759E+00
          0.78343225E+00
          0.78380623E+00
          0.78417955E+00
          0.78455219E+00
          0.78492415E+00
          0.78529545E+00
          0.78566608E+00
          0.78603604E+00
          0.78640533E+00
          0.78677396E+00
          0.78714191E+00
          0.78750921E+00
          0.78787584E+00
          0.78824180E+00
          0.78860711E+00
          0.78897175E+00
          0.78933574E+00
          0.78969906E+00
          0.79006173E+00
          0.79042374E+00
          0.79078509E+00
          0.79114579E+00
          0.79150584E+00
          0.79186523E+00
          0.79222397E+00
          0.79258206E+00
          0.79293949E+00
          0.79329628E+00
          0.79365242E+00
          0.79400792E+00
          0.79436276E+00
          0.79471696E+00
          0.79507052E+00
          0.79542343E+00
          0.79577571E+00
          0.79612734E+00
          0.79647832E+00
          0.79682867E+00
          0.79717839E+00
          0.79752746E+00
          0.79787590E+00
          0.79822370E+00
          0.79857087E+00
          0.79891740E+00
          0.79926330E+00
          0.79960857E+00
          0.79995321E+00
          0.80029722E+00
          0.80064060E+00
          0.80098335E+00
          0.80132548E+00
          0.80166698E+00
          0.80200786E+00
          0.80234811E+00
          0.80268774E+00
          0.80302674E+00
          0.80336513E+00
          0.80370290E+00
          0.80404004E+00
          0.80437657E+00
          0.80471249E+00
          0.80504778E+00
          0.80538247E+00
          0.80571653E+00
          0.80604999E+00
          0.80638283E+00
          0.80671506E+00
          0.80704668E+00
          0.80737770E+00
          0.80770810E+00
          0.80803790E+00
          0.80836709E+00
          0.80869568E+00
          0.80902366E+00
          0.80935104E+00
          0.80967781E+00
          0.81000399E+00
          0.81032956E+00
          0.81065454E+00
          0.81097891E+00
          0.81130269E+00
          0.81162588E+00
          0.81194846E+00
          0.81227046E+00
          0.81259186E+00
          0.81291266E+00
          0.81323288E+00
          0.81355250E+00
          0.81387154E+00
          0.81418998E+00
          0.81450784E+00
          0.81482511E+00
          0.81514180E+00
          0.81545790E+00
          0.81577342E+00
          0.81608835E+00
          0.81640271E+00
          0.81671648E+00
          0.81702967E+00
          0.81734228E+00
          0.81765432E+00
          0.81796578E+00
          0.81827666E+00
          0.81858696E+00
          0.81889670E+00
          0.81920586E+00
          0.81951444E+00
          0.81982246E+00
          0.82012990E+00
          0.82043678E+00
          0.82074309E+00
          0.82104883E+00
          0.82135400E+00
          0.82165861E+00
          0.82196265E+00
          0.82226613E+00
          0.82256905E+00
          0.82287140E+00
          0.82317320E+00
          0.82347443E+00
          0.82377511E+00
          0.82407523E+00
          0.82437479E+00
          0.82467379E+00
          0.82497224E+00
          0.82527014E+00
          0.82556748E+00
          0.82586427E+00
          0.82616051E+00
          0.82645620E+00
          0.82675134E+00
          0.82704593E+00
          0.82733997E+00
          0.82763347E+00
          0.82792642E+00
          0.82821882E+00
          0.82851069E+00
          0.82880201E+00
          0.82909279E+00
          0.82938302E+00
          0.82967272E+00
          0.82996188E+00
          0.83025050E+00
          0.83053858E+00
          0.83082613E+00
          0.83111314E+00
          0.83139962E+00
          0.83168556E+00
          0.83197097E+00
          0.83225585E+00
          0.83254020E+00
          0.83282402E+00
          0.83310731E+00
          0.83339007E+00
          0.83367231E+00
          0.83395402E+00
          0.83423520E+00
          0.83451586E+00
          0.83479600E+00
          0.83507561E+00
          0.83535471E+00
          0.83563328E+00
          0.83591133E+00
          0.83618887E+00
          0.83646589E+00
          0.83674239E+00
          0.83701837E+00
          0.83729384E+00
          0.83756880E+00
          0.83784324E+00
          0.83811717E+00
          0.83839059E+00
          0.83866350E+00
          0.83893589E+00
          0.83920778E+00
          0.83947917E+00
          0.83975004E+00
          0.84002041E+00
          0.84029028E+00
          0.84055964E+00
          0.84082850E+00
          0.84109685E+00
          0.84136471E+00
          0.84163206E+00
          0.84189892E+00
          0.84216527E+00
          0.84243113E+00
