 tau_sw_i
                          0.2350539380697423E-16
                          0.1347899171598474E-14
                          0.1441823009383732E-15
                          0.1472706227352104E-14
                          0.4506315172008035E-14
                          0.2803024640289908E-14
                          0.1350027570734809E-13
                          0.1153076545770424E-13
                          0.5970790037819218E-14
                          0.1821909049348629E-13
                          0.1247489372646875E-13
                          0.2147421083485387E-12
                          0.1641528301453826E-11
                          0.3491294640356079E-13
                          0.4926108861947747E-13
                          0.6221967887586942E-13
                          0.7981831096233086E-13
                          0.1024525005927199E-12
                          0.1497236162327474E-12
                          0.2918658498447770E-10
                          0.7300490242518680E-11
                          0.7028443184341480E-10
                          0.1743945022624687E-09
                          0.7155702502775948E-08
                          0.1488439568744181E-06
                          0.2611623736081996E-06
                          0.1443929807783726E-04
                          0.8059252538123204E-04
                          0.8870826213679593E-06
                          0.1872133647840156E-06
                          0.5262809398665169E-06
                          0.1936194171381015E-10
                          0.1712331094168674E-09
                          0.4129823170783380E-11
                          0.5468243811607045E-09
                          0.2127157072619323E-11
                          0.2336047470992257E-11
                          0.3551317773205556E-11
                          0.8475776425838364E-10
                          0.2424155766982510E-10
                          0.3292607608100691E-11
                          0.4441490273561257E-11
                          0.3956809771972546E-10
                          0.6463657411430559E-10
                          0.4674216845799952E-11
                          0.4962160288783042E-11
                          0.5417731218960759E-11
                          0.5903964392124151E-11
                          0.6538449756839544E-11
                          0.2018115163038631E-10
                          0.5032915972125886E-09
                          0.1262584706269508E-08
                          0.4258223892535606E-05
                          0.9523549857496303E-10
                          0.3220202088759630E-09
                          0.1673271344676728E-07
                          0.5529437989666922E-10
                          0.1283056251846422E-10
                          0.1368309729662908E-10
                          0.1465093395288052E-10
                          0.1566924107478513E-10
                          0.1673917682683165E-10
                          0.1786344858229497E-10
                          0.1904457640733314E-10
                          0.2028064757551521E-10
                          0.2157792412116836E-10
                          0.2295365039065360E-10
                          0.2456520326587606E-10
                          0.2584265196273279E-10
                          0.2739552872395344E-10
                          0.2901749280362664E-10
                          0.3071193004743772E-10
                          0.3382079241388257E-10
                          0.6741424981831139E-08
                          0.6077610053403695E-10
                          0.2782690248394376E-06
                          0.7833237529755211E-03
                          0.1579824202670410E-08
                          0.2766699917356910E-09
                          0.1717184073111192E-09
                          0.1180960888425720E-09
                          0.1330894900452917E-06
                          0.1128151038058054E-06
                          0.2397393507219592E-04
                          0.7480682434144512E-04
                          0.2454570031333959E-09
                          0.6980120736960860E-10
                          0.7084293412977021E-10
                          0.8301153746610662E-10
                          0.2414891087092673E-08
                          0.5983977301438272E-06
                          0.6797158232144340E-02
                          0.1739382990280586E+00
                          0.6170981534828081E-03
                          0.6027254003028622E-02
                          0.2464473622991380E-04
                          0.2816389076037277E-08
                          0.1091697411518020E-09
                          0.1151437149825750E-09
                          0.6470681378719761E-09
                          0.2342812073811731E-08
                          0.1692391603161961E-09
                          0.1588575247846867E-09
                          0.4090795042562313E-05
                          0.1174233444709047E-08
                          0.1758351458792857E-08
                          0.1828903449838300E-09
                          0.1585438762880015E-09
                          0.1649246715024475E-09
                          0.1753446520196043E-09
                          0.2158620320215972E-09
                          0.1975631565212200E-09
                          0.1909418697523252E-09
                          0.1971820716125647E-09
                          0.2039411224119787E-09
                          0.2111926317495732E-09
                          0.2186567548527741E-09
                          0.2262636788765196E-09
                          0.2345185217664171E-09
                          0.1121579720703064E-08
                          0.1099438328560756E-06
                          0.2834085557687914E-09
                          0.2674956874913693E-09
                          0.2768556868625020E-09
                          0.2857477294262942E-09
                          0.2996867921540413E-07
                          0.3166663406999244E-09
                          0.3159249645656302E-09
                          0.3589764281719545E-09
                          0.3345336264105482E-09
                          0.3453952460341394E-09
                          0.3602283831762393E-09
                          0.4315006515200131E-09
                          0.5961638011907976E-06
                          0.5269122856061326E-07
                          0.4296195477942836E-09
                          0.4143691432962373E-09
                          0.3757680169271396E-07
                          0.5402683031952003E-09
                          0.1134701624913339E-08
                          0.2400512711506945E-07
                          0.1736290146781379E-06
                          0.5398930155374049E-03
                          0.4632851997030625E-06
                          0.9568605390703056E-05
                          0.1895681351793776E-04
                          0.1476645472832521E-06
                          0.1911914934044416E-02
                          0.1120659674199410E-04
                          0.1571015568702409E-03
                          0.1857991246906360E-07
                          0.9850310389528753E-09
                          0.9832226353150889E-09
                          0.7140256264383493E-09
                          0.7294472718546216E-06
                          0.7085504389562799E-09
                          0.7172753133248833E-09
                          0.7337437496085078E-09
                          0.7527309578916766E-09
                          0.8316277963603030E-09
                          0.5823073696037833E-06
                          0.3712584336757882E-08
                          0.8313335622156921E-09
                          0.8520262516079552E-09
                          0.8731216319076289E-09
                          0.8946228329551851E-09
                          0.5011961899753555E-05
                          0.9393261443730076E-09
                          0.9626189757177209E-09
                          0.9845477524292148E-09
                          0.1008042977676982E-08
                          0.1031965100561768E-08
                          0.1056313583000052E-08
                          0.1081174460681054E-08
                          0.1106709536185810E-08
                          0.1566019004345162E-08
                          0.1158174861867833E-08
                          0.4686482613639160E-04
                          0.1226474891912148E-08
                          0.3480221210263081E-08
                          0.1550226864900339E-08
                          0.1300371940117033E-08
                          0.1366561495895133E-08
                          0.2032358047418189E-06
                          0.1410810923086606E-08
                          0.2745337793029013E-08
                          0.1276332835547694E-02
                          0.3600953593907477E-08
                          0.1519586244946348E-08
                          0.4497895140088773E-08
                          0.2886417560949508E-08
                          0.1204779975518555E-07
                          0.3876484865119795E-08
                          0.1460600233625577E-06
                          0.8319156995410177E-08
                          0.3357663709054017E-06
                          0.5677614619527125E-07
                          0.6216077579719793E-03
                          0.3560466064682014E-06
                          0.1894610009796096E-06
                          0.1283189480150994E-05
                          0.2379672098225047E-08
                          0.2526772724339509E-08
                          0.1741793027601473E-07
                          0.1047454959612562E-04
                          0.1854542285678728E-07
                          0.2188297447364526E-08
                          0.2217809078443392E-08
                          0.2306867204048752E-08
                          0.2429812231989001E-08
                          0.2427348613547800E-08
                          0.2409108326284560E-08
                          0.3037650373849611E-08
                          0.3444773780140539E-08
                          0.2572900245264047E-08
                          0.2579509190026726E-08
                          0.2648044447615035E-08
                          0.2675734549690424E-08
                          0.2725329663447401E-08
                          0.2775671894608103E-08
                          0.2826713972819195E-08
                          0.2878450448527130E-08
                          0.2930890070621340E-08
                          0.2984065705497860E-08
                          0.3037927177485204E-08
                          0.3092525828743639E-08
                          0.3158463798822635E-08
                          0.3388339736231491E-08
                          0.3260807167580754E-08
                          0.3318410569763689E-08
                          0.3376671466124732E-08
                          0.3454043077426039E-08
                          0.3496751945352980E-08
                          0.3640616611672753E-08
                          0.3620594095733912E-08
                          0.4464858916603099E-07
                          0.3746887264779844E-08
                          0.3836265821026896E-08
                          0.1524049263333829E-06
                          0.1007754383072984E-07
                          0.4011019399361189E-08
                          0.3618569623067932E-06
                          0.4192269184335917E-08
                          0.6082389951079214E-08
                          0.4343054843290362E-08
                          0.4388706758701425E-08
                          0.8225724564026293E-08
                          0.1347831698733602E-06
                          0.5333927979826877E-08
                          0.7010032588061449E-08
                          0.5564252787926241E-08
                          0.4855542508451300E-08
                          0.4982119408569485E-08
                          0.1204236342866979E-05
                          0.8607291215108206E-08
                          0.5137324358204844E-08
                          0.5185707853992419E-08
                          0.5263728892106235E-08
                          0.5971919266283978E-08
                          0.5745063432597865E-08
                          0.5718458069141590E-08
                          0.5832790911665116E-08
                          0.5748053773127361E-08
                          0.5778614042530198E-08
                          0.5927368059080386E-08
                          0.5950250158773972E-08
                          0.1007446007488468E-07
                          0.7654805638001732E-08
                          0.4810663635037914E-07
                          0.6329087952938480E-08
                          0.7302828956832684E-08
                          0.6534131762712650E-08
                          0.6605232388651489E-08
                          0.6701914564499725E-08
                          0.6423954386559718E-07
                          0.8856070066778179E-08
                          0.7174126852158193E-08
                          0.1066875416412933E-07
                          0.1768902255283083E-07
                          0.2117211347217638E-07
                          0.7445734643164892E-08
                          0.7522254141602732E-08
                          0.7629892721194167E-08
                          0.7738700741124205E-08
                          0.7848626861456465E-08
                          0.8054821095730162E-08
                          0.8072064249236831E-08
                          0.1220229724786899E-06
                          0.8300422419833735E-08
                          0.8416174218287173E-08
                          0.8533254622654309E-08
                          0.8665223420001969E-08
                          0.1346987170543741E-06
                          0.8904533369827472E-08
                          0.9018103032273064E-08
                          0.9137158881843042E-08
                          0.1049121020835824E-07
                          0.9389457951118568E-08
                          0.9544090375038740E-08
                          0.9689474028220713E-08
                          0.9772692846998165E-08
                          0.9903364584316814E-08
                          0.1003633784445142E-07
                          0.1023813970433867E-07
                          0.1043770939347334E-07
                          0.1045064107939969E-07
                          0.1085677686732809E-07
                          0.1071660370469262E-07
                          0.1085942343215536E-07
                          0.1286937230305443E-07
                          0.1123702974335796E-07
                          0.1128638819925902E-07
                          0.1143183891602810E-07
                          0.1157908918681958E-07
                          0.1172811570600720E-07
                          0.1187850318742261E-07
                          0.1203390650402705E-07
                          0.1230913165826165E-07
                          0.1242319959173455E-07
                          0.1249497385077602E-07
                          0.1272353647246502E-07
                          0.1280908257817377E-07
                          0.1308394004464435E-07
                          0.3442237285134466E-07
                          0.1539429551617523E-07
                          0.3463912310089665E-07
                          0.1363072554792747E-07
                          0.1701946304430430E-07
                          0.1261113894548662E-02
                          0.1432097491055725E-07
                          0.1431663726271371E-07
                          0.1466517442520249E-07
                          0.1631867871367367E-07
                          0.1483449141927464E-07
                          0.1501305414160179E-07
                          0.1519361261152134E-07
                          0.1537582731955075E-07
                          0.1555966156251984E-07
                          0.1574515572608135E-07
                          0.1593478131826519E-07
                          0.1612109803759905E-07
                          0.1631159907486294E-07
                          0.1650374720111001E-07
                          0.1670372260586528E-07
                          0.1689313127951820E-07
                          0.1709040090053926E-07
                          0.1729033409398357E-07
                          0.3436151608644624E-07
                          0.1769271445986890E-07
                          0.1789679206326813E-07
                          0.1810277822629049E-07
                          0.1831062050202208E-07
                          0.1852029876975326E-07
                          0.1875708068080738E-07
                          0.1894589179801977E-07
                          0.1915947482746229E-07
                          0.1937624101936258E-07
                          0.1970108375067989E-07
                          0.3547237756486944E-06
                          0.2003832100356478E-07
                          0.2026176983698324E-07
                          0.2048782112170174E-07
                          0.2357208479438233E-07
                          0.2094557758842915E-07
                          0.2117731525975688E-07
                          0.2141106381188283E-07
                          0.2164665055984128E-07
                          0.2188406557353178E-07
                          0.2212353372540071E-07
                          0.2236496203051114E-07
                          0.2428697368090886E-07
                          0.2285390046166127E-07
                          0.2310152845429449E-07
                          0.2335079825659889E-07
                          0.2360212872360208E-07
                          0.2529051467180218E-07
                          0.2443814318284083E-07
                          0.2436864013383084E-07
                          0.2462814873676261E-07
                          0.2489112739548784E-07
                          0.2516235554521754E-07
                          0.2557903453119535E-07
                          0.2568684835417564E-07
                          0.2595683926958966E-07
                          0.2623198074964350E-07
                          0.2650431168797938E-07
                          0.2677963259635230E-07
                          0.2705812966921695E-07
                          0.2733885641767014E-07
                          0.2762176230440354E-07
                          0.2790685839718597E-07
                          0.2819415578455364E-07
                          0.2848366582675323E-07
                          0.2877540710219952E-07
                          0.2906945634780157E-07
                          0.2936558579805504E-07
                          0.2966405978664480E-07
                          0.2996480169590322E-07
                          0.3026782606696065E-07
                          0.3057314303477539E-07
                          0.3088076398326935E-07
                          0.3119070510318167E-07
                          0.3150297467981205E-07
                          0.3181757033130016E-07
                          0.3213451949976228E-07
                          0.3245383459125065E-07
                          0.3277552394358601E-07
                          0.3309962905575951E-07
                          0.3342615512233308E-07
                          0.3375495092524245E-07
                          0.3408629733349404E-07
                          0.3447863197585391E-07
                          0.3475616714413461E-07
                          0.3509480495773901E-07
                          0.3543590971806685E-07
                          0.3577949297962615E-07
                          0.3612557055352113E-07
                          0.3647415274125232E-07
                          0.3682525186786217E-07
                          0.3717896264437790E-07
                          0.3755849667110882E-07
                          0.3789377072369743E-07
                          0.3825507557222084E-07
                          0.4019465956386704E-07
                          0.3898550600275319E-07
                          0.3935477388935437E-07
                          0.3972609627817175E-07
                          0.4010045900522702E-07
                          0.4047742016589574E-07
                          0.4085817388486911E-07
                          0.4123935901872238E-07
                          0.4162442038101705E-07
                          0.4201172449389581E-07
                          0.5631863612779279E-07
                          0.5086608313884113E-07
                          0.4319078823893404E-07
                          0.4358928467616469E-07
                          0.4399052218603360E-07
                          0.4439453358565029E-07
                          0.4480255557175396E-07
                          0.4521088562368087E-07
                          0.4562325695094410E-07
                          0.4603844523856774E-07
                          0.4645646103639081E-07
                          0.4687731750508675E-07
                          0.4764588364166182E-07
                          0.4772763537705005E-07
                          0.4815706171952003E-07
                          0.4858939868985789E-07
                          0.4902464818621077E-07
                          0.4946281546369634E-07
                          0.4990391348634000E-07
                          0.5034795510112382E-07
                          0.5079495314487604E-07
                          0.5124492130590041E-07
                          0.5176981260122273E-07
                          0.5215383266312948E-07
                          0.5261282615437883E-07
                          0.5307549916239305E-07
                          0.5354034439019326E-07
                          0.5401043350124057E-07
                          0.5447895859434601E-07
                          0.5495316028083944E-07
                          0.5543045097353611E-07
                          0.5591084343283744E-07
                          0.5639435206318967E-07
                          0.5688098991746053E-07
                          0.5737077046773107E-07
                          0.5787168794155208E-07
                          0.5835981528654680E-07
                          0.5885910345468653E-07
                          0.5936159008826462E-07
                          0.5986728721618548E-07
                          0.6037620848196898E-07
                          0.6088836756356988E-07
                          0.6140397049967570E-07
                          0.6192245593283116E-07
                          0.6244440899499025E-07
                          0.6296965651084524E-07
                          0.6349821082384147E-07
                          0.6403008610135785E-07
                          0.6456572125344011E-07
                          0.6510388110433763E-07
                          0.6564577174060399E-07
                          0.6619106725944935E-07
                          0.6673975306834880E-07
                          0.6729184375874140E-07
                          0.6784735423025094E-07
                          0.6840629182823295E-07
                          0.6896867873663751E-07
                          0.6953452621739968E-07
                          0.7010384842146556E-07
                          0.7067665971655005E-07
                          0.7125302077790298E-07
                          0.7183280545256999E-07
                          0.7241616868383455E-07
                          0.7300307801360261E-07
                          0.7359354893353368E-07
                          0.7418761770329260E-07
                          0.7478522526406688E-07
                          0.7538646239374935E-07
                          0.7599306574421324E-07
                          0.7659996355232621E-07
                          0.7721194047115622E-07
                          0.7782773488966580E-07
                          0.7844722000733788E-07
                          0.7907047073725511E-07
                          0.7970557111660382E-07
                          0.8032783132582333E-07
                          0.8096215804491839E-07
                          0.8160034267819677E-07
                          0.8225208749568102E-07
                          0.8288767121833172E-07
                          0.8353707906981722E-07
                          0.8419029629395655E-07
                          0.8484733691841102E-07
                          0.8550821765373061E-07
                          0.8617294904417760E-07
                          0.8684154824270206E-07
                          0.8751403165893949E-07
                          0.8819041321855830E-07
                          0.8887070795418257E-07
                          0.8955493093036369E-07
                          0.9024309723983226E-07
                          0.9093522200444844E-07
                          0.9163132037501102E-07
                          0.9233140753773265E-07
                          0.9303550230736510E-07
                          0.9374360906820688E-07
                          0.9445575438427139E-07
                          0.9517194862099909E-07
                          0.9589220841434106E-07
                          0.9661654868580963E-07
                          0.9734498487156254E-07
                          0.9807753218448569E-07
                          0.9881420627497008E-07
                          0.9955502254027648E-07
                          0.1002999964783742E-06
                          0.1010491436163772E-06
                          0.1018024795102698E-06
                          0.1025600197847384E-06
                          0.1033217799449862E-06
                          0.1040877757831239E-06
                          0.1048580228333353E-06
                          0.1056325379860402E-06
                          0.1071330391757545E-06
                          0.1071944287037337E-06
                          0.1079818381463240E-06
                          0.1087735849970323E-06
                          0.1095696651754710E-06
                          0.1103701101971381E-06
                          0.1111749630136318E-06
                          0.1119841579908699E-06
                          0.1127978941431870E-06
                          0.1136158353698158E-06
                          0.1144383309002885E-06
                          0.1152652882493616E-06
                          0.1160971759024040E-06
                          0.1169326674630737E-06
                          0.1177730489552221E-06
                          0.1186179930555653E-06
                          0.1194674839645996E-06
                          0.1203215254997302E-06
                          0.1211801273834571E-06
                          0.1220433179679584E-06
                          0.1229111152396120E-06
                          0.1237835328209967E-06
                          0.1246605870860274E-06
                          0.1255422938071567E-06
                          0.1264286694277251E-06
                          0.1273197303899982E-06
                          0.1282154931793017E-06
                          0.1291159743055081E-06
                          0.1300211903086590E-06
                          0.1309311580070400E-06
                          0.1318458958583616E-06
                          0.1327654134606433E-06
                          0.1336897356267646E-06
                          0.1346188743957762E-06
                          0.1355528486165684E-06
                          0.1364916743041428E-06
                          0.1374353682291256E-06
                          0.1383839471920846E-06
                          0.1393374280222100E-06
                          0.1402958275781863E-06
                          0.1412591630293115E-06
                          0.1422274505711827E-06
                          0.1432007076128065E-06
                          0.1441789512305017E-06
                          0.1451621982998082E-06
                          0.1461504658496378E-06
                          0.1471437709434484E-06
                          0.1481421306705668E-06
                          0.1491455621483725E-06
                          0.1501540825257223E-06
                          0.1511677089791312E-06
                          0.1521864587389661E-06
                          0.1532103491156265E-06
                          0.1542393970352454E-06
                          0.1552736202174200E-06
                          0.1563260361278602E-06
                          0.1573576610601793E-06
                          0.1584075135639069E-06
                          0.1594626133957558E-06
                          0.1605229751734237E-06
                          0.1615911659646059E-06
                          0.1626595424616752E-06
                          0.1637357930990118E-06
                          0.1648173795134476E-06
                          0.1659043134327781E-06
                          0.1669966038576848E-06
                          0.1680942867397723E-06
                          0.1691973807138218E-06
                          0.1703058865136683E-06
                          0.1714198239842803E-06
                          0.1725392285213439E-06
                          0.1736640951252256E-06
                          0.1747944594800051E-06
                          0.1759303329576538E-06
                          0.1770717334297696E-06
                          0.1782186787962942E-06
                          0.1793711869901128E-06
                          0.1805306396303739E-06
                          0.1816929637106383E-06
                          0.1828622682190901E-06
                          0.1840372075704940E-06
                          0.1852177998240799E-06
                          0.1864040630824441E-06
                          0.1875960154771130E-06
                          0.1887936751685554E-06
                          0.1899970603466877E-06
                          0.1912061892286056E-06
                          0.1924210807020109E-06
                          0.1936417527739957E-06
                          0.1948682207275654E-06
                          0.1961005076261593E-06
                          0.1973386410126195E-06
                          0.1985826043417878E-06
                          0.1998324515487952E-06
                          0.2010881894004400E-06
                          0.2023498362240136E-06
                          0.2036174105272535E-06
                          0.2048909308468404E-06
                          0.2061704157507035E-06
                          0.2074558948611497E-06
                          0.2087473537067222E-06
                          0.2100448440351019E-06
                          0.2113483734994751E-06
                          0.2126579608080737E-06
                          0.2139736247261918E-06
                          0.2152953841105001E-06
                          0.2166232573430285E-06
                          0.2179572692742245E-06
                          0.2192974219024040E-06
                          0.2206437509018068E-06
                          0.2219962697905329E-06
                          0.2233550038419354E-06
                          0.2247199511079184E-06
                          0.2260911522814741E-06
                          0.2274686205253026E-06
                          0.2288523707627968E-06
                          0.2302424283456850E-06
                          0.2316388034193938E-06
                          0.2330415232999143E-06
                          0.2344506043317201E-06
                          0.2358660657106867E-06
                          0.2372879266684644E-06
                          0.2387162065392774E-06
                          0.2401509243937646E-06
                          0.2440564939295981E-06
                          0.2430397521139294E-06
                          0.2444939002493581E-06
                          0.2459545641527794E-06
                          0.2474217630638185E-06
                          0.2488955164454447E-06
                          0.2503758437874876E-06
                          0.2518627646128166E-06
                          0.2533562984688149E-06
                          0.2548564649358395E-06
                          0.2563632838211164E-06
                          0.2578767768920566E-06
                          0.2593969563755606E-06
                          0.2679529185745689E-06
                          0.2624574736973862E-06
                          0.2639978486135420E-06
                          0.2655449944869925E-06
                          0.2670989310868631E-06
                          0.2686596753795305E-06
                          0.2702272511270512E-06
                          0.2718016767635999E-06
                          0.2733829723679604E-06
                          0.2749711590456336E-06
                          0.2765662523781040E-06
                          0.2781682771000007E-06
                          0.2797772516495802E-06
                          0.2813931960106882E-06
                          0.2830161304011504E-06
                          0.2846460748339266E-06
                          0.2862830495542970E-06
                          0.2879270747457155E-06
                          0.2895781705618221E-06
                          0.2912363572672753E-06
                          0.2929016551680860E-06
                          0.2945740845469951E-06
                          0.2962536657796614E-06
                          0.2979404190904226E-06
                          0.2996343650441513E-06
                          0.3013355239077333E-06
                          0.3060712232829760E-06
                          0.3047595624096129E-06
                          0.3064824830168840E-06
                          0.3082126985736054E-06
                          0.3099502296022757E-06
                          0.3116950967328479E-06
                          0.3134473205725815E-06
                          0.3152069217709306E-06
                          0.3169739210132427E-06
                          0.3187483390461955E-06
                          0.3205301964444387E-06
                          0.3223195141472753E-06
                          0.3241163128897203E-06
                          0.3259206134938389E-06
                          0.3277324368114481E-06
                          0.3295518037232904E-06
                          0.3313787351419837E-06
                          0.3332132519976072E-06
                          0.3350553755700496E-06
                          0.3369051267973051E-06
                          0.3387625250488619E-06
                          0.3406275936417694E-06
                          0.3425003528234670E-06
                          0.3443808237967930E-06
                          0.3462690275487914E-06
                          0.3481649849815349E-06
                          0.3500687178367204E-06
                          0.3519802471774627E-06
                          0.3539848481028617E-06
                          0.3558267808723855E-06
                          0.3577618265898874E-06
                          0.3597047539889724E-06
                          0.3616555848002939E-06
                          0.3636143400063039E-06
                          0.3655810410401117E-06
                          0.3675557093606446E-06
                          0.3695383664556069E-06
                          0.3715290338431141E-06
                          0.3735277330693299E-06
                          0.3755344857095045E-06
                          0.3775493133686788E-06
                          0.3795722378606041E-06
                          0.3816032803049230E-06
                          0.3836424629529396E-06
                          0.3856898072808460E-06
                          0.3877453351065863E-06
                          0.3898090681849868E-06
                          0.3918810283184876E-06
                          0.3939612373473690E-06
                          0.3960497171347628E-06
                          0.3981464895742992E-06
                          0.4002515765885118E-06
                          0.4023650001289229E-06
                          0.4044867821759613E-06
                          0.4066169447391959E-06
                          0.4087555098567081E-06
                          0.4109024996329346E-06
                          0.4130579409958613E-06
                          0.4152218413516962E-06
                          0.4173942376481770E-06
                          0.4195751471247343E-06
                          0.4217645919932242E-06
                          0.4239625944945372E-06
                          0.4261691768986849E-06
                          0.4283843615040476E-06
                          0.4306081708758028E-06
                          0.4328406269859821E-06
                          0.4350817519509902E-06
                          0.4373315689280146E-06
                          0.4395901000347296E-06
                          0.4418573677433741E-06
                          0.4441333945549984E-06
                          0.4464182030000882E-06
                          0.4487118156377727E-06
                          0.4510142550648137E-06
                          0.4533255438727451E-06
                          0.4556457047325584E-06
                          0.4579747603643151E-06
                          0.4603127333162281E-06
                          0.4626596464707086E-06
                          0.4650155225455206E-06
                          0.4673803843285087E-06
                          0.4697542546536965E-06
                          0.4721371563266183E-06
                          0.4745291122678415E-06
                          0.4769301454452073E-06
                          0.4793402785682148E-06
                          0.4817595348743405E-06
                          0.4841879371618443E-06
                          0.4866255085242144E-06
                          0.4890722720526001E-06
                          0.4915282507607937E-06
                          0.4939934677996633E-06
                          0.4964679462904444E-06
                          0.4989517094025738E-06
                          0.5014447803326768E-06
                          0.5039471823046328E-06
                          0.5064589385722095E-06
                          0.5089800724180787E-06
                          0.5115106071539050E-06
                          0.5140505661202565E-06
                          0.5165999726866483E-06
                          0.5191588502516545E-06
                          0.5217272222423383E-06
                          0.5243051121153513E-06
                          0.5268925433558247E-06
                          0.5294895394803063E-06
                          0.5320961240250942E-06
                          0.5347123205691102E-06
                          0.5373381527111207E-06
                          0.5399736440874160E-06
                          0.5426188183378418E-06
                          0.5452736991710514E-06
                          0.5479383102923204E-06
                          0.5506126754525137E-06
                          0.5532968184245846E-06
                          0.5559907630131582E-06
                          0.5586945330476990E-06
                          0.5614081523927688E-06
                          0.5641316449377621E-06
                          0.5668650346020385E-06
                          0.5696083453338985E-06
                          0.5723616011105733E-06
                          0.5751248259382470E-06
                          0.5778980438520338E-06
                          0.5806812789159896E-06
                          0.5834745552231121E-06
                          0.5862778968953748E-06
                          0.5890913280835088E-06
                          0.5919148729674763E-06
                          0.5947485557559779E-06
                          0.5975924006867006E-06
                          0.6004464320262775E-06
                          0.6033106740702776E-06
                          0.6061851511432598E-06
                          0.6090698876005566E-06
                          0.6119649078185776E-06
                          0.6148702362148906E-06
                          0.6177858972272292E-06
                          0.6207119153252894E-06
                          0.6236483150072919E-06
                          0.6265951208001142E-06
                          0.6295523572589546E-06
                          0.6325200489717385E-06
                          0.6354982205467918E-06
                          0.6384868966320386E-06
                          0.6414861018988256E-06
                          0.6444958610440966E-06
                          0.6475161988013284E-06
                          0.6505471399276882E-06
                          0.6535887092461496E-06
                          0.6566409314673246E-06
                          0.6597038315424309E-06
                          0.6627774343105525E-06
                          0.6658617646749788E-06
                          0.6689568475679392E-06
                          0.6720627079506234E-06
                          0.6751793708130800E-06
                          0.6783068611744149E-06
                          0.6814452040826146E-06
                          0.6845944246153647E-06
                          0.6877545478761344E-06
                          0.6909255990021605E-06
                          0.6941076031563687E-06
                          0.6973005855314431E-06
                          0.7005045713490013E-06
                          0.7037195858596055E-06
                          0.7069456543427557E-06
                          0.7101828021069129E-06
                          0.7134310544894079E-06
                          0.7166904368565627E-06
                          0.7199609746062749E-06
                          0.7232426931598919E-06
                          0.7265356179634200E-06
                          0.7298397745112646E-06
                          0.7331551883094637E-06
                          0.7364818848979594E-06
                          0.7398198898456488E-06
                          0.7431692287503652E-06
                          0.7465299272389421E-06
                          0.7499020109669116E-06
                          0.7532855056190433E-06
                          0.7566804369089382E-06
                          0.7600868305790955E-06
                          0.7635047124009974E-06
                          0.7669341081749952E-06
                          0.7703750437304814E-06
                          0.7738275449257539E-06
                          0.7772916376479537E-06
                          0.7807673478133130E-06
                          0.7842547013682133E-06
                          0.7877537242827886E-06
                          0.7912644425639233E-06
                          0.7947868822422276E-06
                          0.7983210693785636E-06
                          0.8018670300627322E-06
                          0.8054247904135017E-06
                          0.8089943765784982E-06
                          0.8125758147341984E-06
                          0.8161691310864029E-06
                          0.8197743518694870E-06
                          0.8233915033469020E-06
                          0.8270206118158458E-06
                          0.8306617035830932E-06
                          0.8343148050134390E-06
                          0.8379799424889310E-06
                          0.8416571423945542E-06
                          0.8453464311905165E-06
                          0.8490478353351920E-06
                          0.8527613813232746E-06
                          0.8564870956788969E-06
                          0.8602250049547946E-06
                          0.8639751357327325E-06
                          0.8677375146234139E-06
                          0.8715121682664640E-06
                          0.8752991233304751E-06
                          0.8790984065129612E-06
                          0.8829100445403774E-06
                          0.8867340641681254E-06
                          0.8905704921805264E-06
                          0.8944193553908682E-06
                          0.8982806806413586E-06
                          0.9021544948031931E-06
                          0.9060408247763822E-06
                          0.9099396974899491E-06
                          0.9138511399019522E-06
                          0.9177751789992602E-06
                          0.9217118417981955E-06
                          0.9256611553421335E-06
                          0.9296231467064046E-06
                          0.9335978429925722E-06
                          0.9375852713331733E-06
                          0.9415854588877100E-06
                          0.9455984328464817E-06
                          0.9496242204276367E-06
                          0.9536628488785465E-06
                          0.9577143454754868E-06
                          0.9617787375237216E-06
                          0.9658560523574210E-06
                          0.9699463173397026E-06
                          0.9740495598626241E-06
                          0.9781658073472038E-06
                          0.9822950872433119E-06
                          0.9864374270299430E-06
                          0.9905928542151343E-06
                          0.9947613963345883E-06
                          0.9989430809551710E-06
                          0.1003137935671060E-05
                          0.1007345988105805E-05
                          0.1011567265912009E-05
                          0.1015801796771094E-05
                          0.1020049608395012E-05
                          0.1024310728518406E-05
                          0.1028585184914044E-05
                          0.1032873005377845E-05
                          0.1037174217735827E-05
                          0.1041488849843139E-05
                          0.1045816929583648E-05
                          0.1050158484870480E-05
                          0.1054513543645649E-05
                          0.1058882133879434E-05
                          0.1063264283572200E-05
                          0.1067660020752464E-05
                          0.1072069373477884E-05
                          0.1076492369838387E-05
                          0.1080929037939516E-05
                          0.1085379405935741E-05
                          0.1089843501997142E-05
                          0.1094321354326073E-05
                          0.1098812991153843E-05
                          0.1103318440740633E-05
                          0.1107837731375665E-05
                          0.1112370891377031E-05
                          0.1116917949091779E-05
                          0.1121478932895900E-05
                          0.1126053871194316E-05
                          0.1130642792420897E-05
                          0.1135245725038451E-05
                          0.1139862697538713E-05
                          0.1144493738442379E-05
                          0.1149138876299060E-05
                          0.1153798139687327E-05
                          0.1158471557214679E-05
                          0.1163159157517551E-05
                          0.1167860969261333E-05
                          0.1172577021140326E-05
                          0.1177307341878205E-05
                          0.1182051960227159E-05
                          0.1186810904965929E-05
                          0.1191584204907833E-05
                          0.1196371888901802E-05
                          0.1201173985782155E-05
                          0.1205990524479514E-05
                          0.1210821533908454E-05
                          0.1215667043024032E-05
                          0.1220527080809103E-05
                          0.1225401676277156E-05
                          0.1230290858469516E-05
                          0.1235194656471165E-05
                          0.1240113099338196E-05
                          0.1245046216242347E-05
                          0.1249994036326562E-05
                          0.1254956588777104E-05
                          0.1259933902809195E-05
                          0.1264926007666999E-05
                          0.1269932932623617E-05
                          0.1274954706981088E-05
                          0.1279991360070390E-05
                          0.1285042921251447E-05
                          0.1290109419913113E-05
                          0.1295190885473197E-05
                          0.1300287347378407E-05
                          0.1305398835104446E-05
                          0.1310525378155951E-05
                          0.1315667006066486E-05
                          0.1320823748398319E-05
                          0.1325995634743172E-05
                          0.1331182694721309E-05
                          0.1336384957982456E-05
                          0.1341602454203617E-05
                          0.1346835213093223E-05
                          0.1352083264386989E-05
                          0.1357346637849984E-05
                          0.1362625363276210E-05
                          0.1367919470488615E-05
                          0.1373228989339082E-05
                          0.1378553949708435E-05
                          0.1383894381506973E-05
                          0.1389250314671789E-05
                          0.1394621779172131E-05
                          0.1400008805004045E-05
                          0.1405411422193081E-05
                          0.1410829660793603E-05
                          0.1416263550889179E-05
                          0.1421713122591885E-05
                          0.1427178406043305E-05
                          0.1432659431413340E-05
                          0.1438156228901385E-05
                          0.1443668828735448E-05
                          0.1449197261172616E-05
                          0.1454741556498718E-05
                          0.1460301745028773E-05
                          0.1465877857106643E-05
                          0.1471469923105068E-05
                          0.1477077973425804E-05
                          0.1482702038499534E-05
                          0.1488342148785790E-05
                          0.1493998334775975E-05
                          0.1499670626979198E-05
                          0.1505359056061567E-05
                          0.1511063652261665E-05
                          0.1516784446517788E-05
                          0.1522521469351848E-05
                          0.1528274751426023E-05
                          0.1534044323431516E-05
                          0.1539830216088140E-05
                          0.1545632460145135E-05
                          0.1551451086380388E-05
                          0.1557286125600733E-05
                          0.1563137608641983E-05
                          0.1569005566370363E-05
                          0.1574890029675170E-05
                          0.1580791029483459E-05
                          0.1586708596745327E-05
                          0.1592642762441278E-05
                          0.1598593557580761E-05
                          0.1604561013202169E-05
                          0.1610545160372827E-05
                          0.1616546030189014E-05
                          0.1622563653775907E-05
                          0.1628598062287688E-05
                          0.1634649286907412E-05
                          0.1640717358847293E-05
                          0.1646802309347778E-05
                          0.1652904169679406E-05
                          0.1659022971140467E-05
                          0.1665158745059122E-05
                          0.1671311522791967E-05
                          0.1677481335724657E-05
                          0.1683668215271794E-05
                          0.1689872192876913E-05
                          0.1696093300012790E-05
                          0.1702331568179944E-05
                          0.1708587028909643E-05
                          0.1714859713760827E-05
                          0.1721149654321787E-05
                          0.1727456882209674E-05
                          0.1733781429070604E-05
                          0.1740123326579669E-05
                          0.1746482606440831E-05
                          0.1752859300386865E-05
                          0.1759253440185506E-05
                          0.1765665057610458E-05
                          0.1772094184498570E-05
                          0.1778540852692773E-05
                          0.1785005094070698E-05
                          0.1791486940539363E-05
                          0.1797986424033010E-05
                          0.1804503576517314E-05
                          0.1811038429985236E-05
                          0.1817591016459089E-05
                          0.1824161367990170E-05
                          0.1830749516658661E-05
                          0.1837355494573733E-05
                          0.1843979333873333E-05
                          0.1850621066724616E-05
                          0.1857280725323492E-05
                          0.1863958341894854E-05
                          0.1870653948692537E-05
                          0.1877367577999304E-05
                          0.1884099262126937E-05
                          0.1890849033415895E-05
                          0.1897616924235962E-05
                          0.1904402966985601E-05
                          0.1911207194092280E-05
                          0.1918029638012408E-05
                          0.1924870331231340E-05
                          0.1931729306263574E-05
                          0.1938606595652006E-05
                          0.1945502231968525E-05
                          0.1952416247814744E-05
                          0.1959348675820698E-05
                          0.1966299548645249E-05
                          0.1973268898976315E-05
                          0.1980256759530755E-05
                          0.1987263163054368E-05
                          0.1994288142321892E-05
                          0.2001331730137005E-05
                          0.2008393959332322E-05
                          0.2015474862769398E-05
                          0.2022574473338731E-05
                          0.2029692823959750E-05
                          0.2036829947580830E-05
                          0.2043985877179283E-05
                          0.2051160645762412E-05
                          0.2058354286362265E-05
                          0.2065566832046081E-05
                          0.2072798315905925E-05
                          0.2080048771063791E-05
                          0.2087318230670628E-05
                          0.2094606727906300E-05
                          0.2101914295979659E-05
                          0.2109240968128458E-05
                          0.2116586777619439E-05
                          0.2123951757748135E-05
                          0.2131335941839235E-05
                          0.2138739363246255E-05
                          0.2146162055353890E-05
                          0.2153604051575594E-05
                          0.2161065385339150E-05
                          0.2168546090116363E-05
                          0.2176046199418482E-05
                          0.2183565746765340E-05
                          0.2191104765713022E-05
                          0.2198663289846586E-05
                          0.2206241352779961E-05
                          0.2213838988156100E-05
                          0.2221456229646839E-05
                          0.2229093110953048E-05
                          0.2236749665804227E-05
                          0.2244425927959272E-05
                          0.2252121931205715E-05
                          0.2259837709360102E-05
                          0.2267573296268172E-05
                          0.2275328725803602E-05
                          0.2283104031870501E-05
                          0.2290899248400952E-05
                          0.2298714409356118E-05
                          0.2306549548726263E-05
                          0.2314404700531506E-05
                          0.2322279898816821E-05
                          0.2330175177662297E-05
                          0.2338090571172844E-05
                          0.2346026113483473E-05
                          0.2353981838757638E-05
                          0.2361957781188371E-05
                          0.2369953974997407E-05
                          0.2377970454435234E-05
                          0.2386007253781467E-05
                          0.2394064407345298E-05
                          0.2402141949462444E-05
                          0.2410239914500612E-05
                          0.2418358336855083E-05
                          0.2426497250949964E-05
                          0.2434656691241106E-05
                          0.2442836692202529E-05
                          0.2451037288353512E-05
                          0.2459258514231340E-05
                          0.2467500404404977E-05
                          0.2475762993472330E-05
                          0.2484046316060242E-05
                          0.2492350406824537E-05
                          0.2500675300449795E-05
                          0.2509021031649850E-05
                          0.2517387635167168E-05
                          0.2525775145773398E-05
                          0.2534183598269403E-05
                          0.2542613027483287E-05
                          0.2551063468274640E-05
                          0.2559534955530452E-05
                          0.2568027524166928E-05
                          0.2576541209129187E-05
                          0.2585076045391384E-05
                          0.2593632067956568E-05
                          0.2602209311856750E-05
                          0.2610807812152764E-05
                          0.2619427603934585E-05
                          0.2628068722320985E-05
                          0.2636731202459713E-05
                          0.2645415079527453E-05
                          0.2654120388729850E-05
                          0.2662847165301426E-05
                          0.2671595444505712E-05
                          0.2680365261635815E-05
                          0.2689156652011137E-05
                          0.2697969650983975E-05
                          0.2706804293932930E-05
                          0.2715660616266204E-05
                          0.2724538653420932E-05
                          0.2733438440863199E-05
                          0.2742360014088015E-05
                          0.2751303408619468E-05
                          0.2760268660010073E-05
                          0.2769255803842044E-05
                          0.2778264875726032E-05
                          0.2787295911301806E-05
                          0.2796348946237830E-05
                          0.2805424016231892E-05
                          0.2814521157010457E-05
                          0.2823640404329147E-05
                          0.2832781793973433E-05
                          0.2841945361752551E-05
                          0.2851131143513360E-05
                          0.2860339175125247E-05
                          0.2869569492488525E-05
                          0.2878822131532814E-05
                          0.2888097128214606E-05
                          0.2897394518522520E-05
                          0.2906714338474604E-05
                          0.2916056624107591E-05
                          0.2925421411503406E-05
                          0.2934808736763256E-05
                          0.2944218636015300E-05
                          0.2953651145423675E-05
                          0.2963106301176768E-05
                          0.2972584139493067E-05
                          0.2982084696620016E-05
                          0.2991608008833984E-05
                          0.3001154112440287E-05
                          0.3010723043773206E-05
                          0.3020314839195843E-05
                          0.3029929535100419E-05
                          0.3039567167907986E-05
                          0.3049227774068517E-05
                          0.3058911390061000E-05
                          0.3068618052393315E-05
                          0.3078347797602271E-05
                          0.3088100662253634E-05
                          0.3097876682942131E-05
                          0.3107675896291393E-05
                          0.3117498338954002E-05
                          0.3127344047611483E-05
                          0.3137213058974301E-05
                          0.3147105409786824E-05
                          0.3157021136802475E-05
                          0.3166960276833444E-05
                          0.3176922866700990E-05
                          0.3186908943260261E-05
                          0.3196918543395358E-05
                          0.3206951704051531E-05
                          0.3217008462074108E-05
                          0.3227088854530648E-05
                          0.3237192918388786E-05
                          0.3247320690677341E-05
                          0.3257472208453977E-05
                          0.3267647508805431E-05
                          0.3277846628847287E-05
                          0.3288069605724098E-05
                          0.3298316476609351E-05
                          0.3308587278705523E-05
                          0.3318882049243831E-05
                          0.3329200825484713E-05
                          0.3339543644717396E-05
                          0.3349910544260031E-05
                          0.3360301561459765E-05
                          0.3370716733692650E-05
                          0.3381156098363686E-05
                          0.3391619692906823E-05
                          0.3402107554784918E-05
                          0.3412619721489815E-05
                          0.3423156230542287E-05
                          0.3433717119491935E-05
                          0.3444302425917504E-05
                          0.3454912187426523E-05
                          0.3465546441655550E-05
                          0.3476205226269931E-05
                          0.3486888578964160E-05
                          0.3497596537461533E-05
                          0.3508329139514329E-05
                          0.3519086422903752E-05
                          0.3529868425439966E-05
                          0.3540675184962013E-05
                          0.3551506739337967E-05
                          0.3562363126464781E-05
                          0.3573244384268356E-05
                          0.3584150550703543E-05
                          0.3595081663754121E-05
                          0.3606037761432816E-05
                          0.3617018881781288E-05
                          0.3628025062870139E-05
                          0.3639056342798909E-05
                          0.3650112759696082E-05
                          0.3661194351719064E-05
                          0.3672301157054227E-05
                          0.3683433213916864E-05
                          0.3694590560551248E-05
                          0.3705773235230435E-05
                          0.3716981276256670E-05
                          0.3728214721960937E-05
                          0.3739473610703262E-05
                          0.3750757980872564E-05
                          0.3762067870886711E-05
                          0.3773403319192695E-05
                          0.3784764364265733E-05
                          0.3796151044611068E-05
                          0.3807563398762074E-05
                          0.3819001465281399E-05
                          0.3830465282760515E-05
                          0.3841954889819889E-05
                          0.3853470325108861E-05
                          0.3865011627305794E-05
                          0.3876578835117940E-05
                          0.3888171987281539E-05
                          0.3899791122561608E-05
                          0.3911436279752352E-05
                          0.3923107497676746E-05
                          0.3934804815186756E-05
                          0.3946528271163270E-05
                          0.3958277904516130E-05
                          0.3970053754184107E-05
                          0.3981855859134923E-05
                          0.3993684258365282E-05
                          0.4005538990900610E-05
                          0.4017420095799849E-05
                          0.4029327612133690E-05
                          0.4041261579037297E-05
                          0.4053222035617695E-05
                          0.4065209021075581E-05
                          0.4077222574599175E-05
                          0.4089262735417660E-05
                          0.4101329542787710E-05
                          0.4113423035995530E-05
                          0.4125543254355906E-05
                          0.4137690237212930E-05
                          0.4149864023939402E-05
                          0.4162064653937133E-05
                          0.4174292166636847E-05
                          0.4186546601498293E-05
                          0.4198827998009933E-05
                          0.4211136395689477E-05
                          0.4223471834083368E-05
                          0.4235834352767052E-05
                          0.4248223991344890E-05
                          0.4260640789450213E-05
                          0.4273084786745282E-05
                          0.4285556022921314E-05
                          0.4298054537698283E-05
                          0.4310580370825572E-05
                          0.4323133562080757E-05
                          0.4335714151271159E-05
                          0.4348322178232538E-05
                          0.4360957682829750E-05
                          0.4373620704956490E-05
                          0.4386311284535534E-05
                          0.4399029461518507E-05
                          0.4411775275885995E-05
                          0.4424548767647518E-05
                          0.4437349976841539E-05
                          0.4450178943535465E-05
                          0.4463035707825625E-05
                          0.4475920309837321E-05
                          0.4488832789724752E-05
                          0.4501773187671104E-05
                          0.4514741543888425E-05
                          0.4527737898617803E-05
                          0.4540762292129188E-05
                          0.4553814764721506E-05
                          0.4566895356722610E-05
                          0.4580004108489284E-05
                          0.4593141060407287E-05
                          0.4606306252891246E-05
                          0.4619499726384807E-05
                          0.4632721521360517E-05
                          0.4645971678319871E-05
                          0.4659250237793604E-05
                          0.4672557240340101E-05
                          0.4685892726548666E-05
                          0.4699256737036202E-05
                          0.4712649312448920E-05
                          0.4726070493461927E-05
                          0.4739520320779371E-05
                          0.4752998835134014E-05
                          0.4766506077288037E-05
                          0.4780042088032226E-05
                          0.4793606908186428E-05
                          0.4807200578599386E-05
                          0.4820823140148826E-05
                          0.4834474633741313E-05
                          0.4848155100312498E-05
                          0.4861864580826879E-05
                          0.4875603116277893E-05
                          0.4889370747687925E-05
                          0.4903167516108342E-05
                          0.4916993462619418E-05
                          0.4930848628330314E-05
                          0.4944733054379226E-05
                          0.4958646781933236E-05
                          0.4972589852188361E-05
                          0.4986562306369586E-05
                          0.5000564185730825E-05
                          0.5014595531554875E-05
                          0.5028656385153556E-05
                          0.5042746787867600E-05
                          0.5056866781066761E-05
                          0.5071016406149347E-05
                          0.5085195704543193E-05
                          0.5099404717704680E-05
                          0.5113643487119234E-05
                          0.5127912054301208E-05
                          0.5142210460793906E-05
                          0.5156538748169562E-05
                          0.5170896958029360E-05
                          0.5185285132003409E-05
                          0.5199703311750764E-05
                          0.5214151538959442E-05
                          0.5228629855346314E-05
                          0.5243138302657400E-05
                          0.5257676922667235E-05
                          0.5272245757179825E-05
                          0.5286844848027820E-05
                          0.5301474237072723E-05
                          0.5316133966205222E-05
                          0.5330824077344803E-05
                          0.5345544612439875E-05
                          0.5360295613467853E-05
                          0.5375077122435058E-05
                          0.5389889181376744E-05
                          0.5404731832357123E-05
                          0.5419605117469337E-05
                          0.5434509078835466E-05
                          0.5449443758606529E-05
                          0.5464409198962487E-05
                          0.5479405442112243E-05
                          0.5494432530293625E-05
                          0.5509490505773531E-05
                          0.5524579410847334E-05
                          0.5539699287840085E-05
                          0.5554850179105107E-05
                          0.5570032127025142E-05
                          0.5585245174011457E-05
                          0.5600489362504625E-05
                          0.5615764734973923E-05
                          0.5631071333917663E-05
                          0.5646409201863070E-05
                          0.5661778381366383E-05
                          0.5677178915012502E-05
                          0.5692610845415676E-05
                          0.5708074215218822E-05
                          0.5723569067093927E-05
                          0.5739095443741685E-05
                          0.5754653387892061E-05
                          0.5770242942303755E-05
                          0.5785864149764439E-05
                          0.5801517053090736E-05
                          0.5817201695128209E-05
                          0.5832918118751355E-05
                          0.5848666366863616E-05
                          0.5864446482397358E-05
                          0.5880258508313908E-05
                          0.5896102487603521E-05
                          0.5911978463285388E-05
                          0.5927886478407651E-05
                          0.5943826576047373E-05
                          0.5959798799310568E-05
                          0.5975803191332199E-05
                          0.5991839795276142E-05
                          0.6007908654335233E-05
                          0.6024009811731245E-05
                          0.6040143310714876E-05
                          0.6056309194565785E-05
                          0.6072507506592548E-05
                          0.6088738290132706E-05
                          0.6105001588552702E-05
                          0.6121297445247965E-05
                          0.6137625903642806E-05
                          0.6153987007190531E-05
                          0.6170380799373362E-05
                          0.6186807323702451E-05
                          0.6203266623717894E-05
                          0.6219758742988823E-05
                          0.6236283725112961E-05
                          0.6252841613717713E-05
                          0.6269432452458140E-05
                          0.6286056285019927E-05
                          0.6302713155116026E-05
                          0.6319403106489665E-05
                          0.6336126182912270E-05
                          0.6352882428184391E-05
                          0.6369671886135520E-05
                          0.6386494600624083E-05
                          0.6403350615537462E-05
                          0.6420239974791946E-05
                          0.6437162722332854E-05
                          0.6454118902134206E-05
                          0.6471108558199288E-05
                          0.6488131734560104E-05
                          0.6505188475277668E-05
                          0.6522278824441925E-05
                          0.6539402826171751E-05
                          0.6556560524614967E-05
                          0.6573751963948413E-05
                          0.6590977188377559E-05
                          0.6608236242137357E-05
                          0.6625529169491077E-05
                          0.6642856014731451E-05
                          0.6660216822179855E-05
                          0.6677611636186721E-05
                          0.6695040501131354E-05
                          0.6712503461422029E-05
                          0.6730000561495974E-05
                          0.6747531845819329E-05
                          0.6765097358887202E-05
                          0.6782697145223587E-05
                          0.6800331249381588E-05
                          0.6817999715942807E-05
                          0.6835702589518385E-05
                          0.6853439914748006E-05
                          0.6871211736300408E-05
                          0.6889018098873250E-05
                          0.6906859047193135E-05
                          0.6924734626015606E-05
                          0.6942644880125154E-05
                          0.6960589854335194E-05
                          0.6978569593488083E-05
                          0.6996584142455130E-05
                          0.7014633546136575E-05
                          0.7032717849461585E-05
                          0.7050837097388286E-05
                          0.7068991334903737E-05
                          0.7087180607023993E-05
                          0.7105404958793798E-05
                          0.7123664435287226E-05
                          0.7141959081607001E-05
                          0.7160288942884906E-05
                          0.7178654064281642E-05
                          0.7197054490986768E-05
                          0.7215490268218938E-05
                          0.7233961441225613E-05
                          0.7252468055283268E-05
                          0.7271010155697353E-05
                          0.7289587787801956E-05
                          0.7308200996960674E-05
                          0.7326849828565364E-05
                          0.7345534328037436E-05
                          0.7364254540826895E-05
                          0.7383010512412758E-05
                          0.7401802288302978E-05
                          0.7420629914034495E-05
                          0.7439493435173185E-05
                          0.7458392897313569E-05
                          0.7477328346079570E-05
                          0.7496299827123891E-05
                          0.7515307386128065E-05
                          0.7534351068802727E-05
                          0.7553430920887053E-05
                          0.7572546988149750E-05
                          0.7591699316388081E-05
                          0.7610887951428333E-05
                          0.7630112939125731E-05
                          0.7649374325364460E-05
                          0.7668672156057608E-05
                          0.7688006477147249E-05
                          0.7707377334604352E-05
                          0.7726784774428849E-05
                          0.7746228842649606E-05
                          0.7765709585324429E-05
                          0.7785227048540062E-05
                          0.7804781278412193E-05
                          0.7824372321085438E-05
                          0.7844000222733359E-05
                          0.7863665029558453E-05
                          0.7883366787792200E-05
                          0.7903105543694890E-05
                          0.7922881343555935E-05
                          0.7942694233693520E-05
                          0.7962544260454899E-05
                          0.7982431470216180E-05
                          0.8002355909382434E-05
                          0.8022317624387688E-05
                          0.8042316661694893E-05
                          0.8062353067795935E-05
                          0.8082426889211644E-05
                          0.8102538172491805E-05
                          0.8122686964215105E-05
                          0.8142873310989215E-05
                          0.8163097259450706E-05
                          0.8183358856265119E-05
                          0.8203658148126907E-05
                          0.8223995181759492E-05
                          0.8244370003915196E-05
                          0.8264782661375326E-05
                          0.8285233200950083E-05
                          0.8305721669478653E-05
                          0.8326248113829117E-05
                          0.8346812580898528E-05
                          0.8367415117612852E-05
                          0.8388055770927020E-05
                          0.8408734587824888E-05
                          0.8429451615319252E-05
                          0.8450206900451845E-05
                          0.8471000490293421E-05
                          0.8491832431943357E-05
                          0.8512702772530453E-05
                          0.8533611559212110E-05
                          0.8554558839174754E-05
                          0.8575544659633784E-05
                          0.8596569067833478E-05
                          0.8617632111047105E-05
                          0.8638733836576859E-05
                          0.8659874291753845E-05
                          0.8681053523938144E-05
                          0.8702271580518754E-05
                          0.8723528508913699E-05
                          0.8744824356569653E-05
                          0.8766159170962637E-05
                          0.8787532999597358E-05
                          0.8808945890007516E-05
                          0.8830397889755737E-05
                          0.8851889046433615E-05
                          0.8873419407661657E-05
                          0.8894989021089339E-05
                          0.8916597934395038E-05
                          0.8938246195286095E-05
                          0.8959933851498802E-05
                          0.8981660950798364E-05
                          0.9003427540978927E-05
                          0.9025233669863579E-05
                          0.9047079385304384E-05
                          0.9068964735182274E-05
                          0.9090889767407189E-05
                          0.9112854529917957E-05
                          0.9134859070682381E-05
                          0.9156903437697186E-05
                          0.9178987678988030E-05
                          0.9201111842609527E-05
                          0.9223275976645233E-05
                          0.9245480129207604E-05
                          0.9267724348438091E-05
                          0.9290008682507047E-05
                          0.9312333179613771E-05
                          0.9334697887986501E-05
                          0.9357102855882425E-05
                          0.9379548131587661E-05
                          0.9402033763417261E-05
                          0.9424559799715218E-05
                          0.9447126288854490E-05
                          0.9469733279236937E-05
                          0.9492380819293383E-05
                          0.9515068957483564E-05
                          0.9537797742296196E-05
                          0.9560567222248895E-05
                          0.9583377445888266E-05
                          0.9606228461789735E-05
                          0.9629120318557845E-05
                          0.9652053064825949E-05
                          0.9675026749256361E-05
                          0.9698041420540372E-05
                          0.9721097127398174E-05
                          0.9744193918578922E-05
                          0.9767331842860692E-05
                          0.9790510949050511E-05
                          0.9813731285984343E-05
                          0.9836992902527091E-05
                          0.9860295847572594E-05
                          0.9883640170043635E-05
                          0.9907025918891933E-05
                          0.9930453143098148E-05
                          0.9953921891671865E-05
                          0.9977432213651636E-05
                          0.1000098415810494E-04
                          0.1002457777412817E-04
                          0.1004821311084670E-04
                          0.1007189021741483E-04
                          0.1009560914301576E-04
                          0.1011936993686170E-04
                          0.1014317264819374E-04
                          0.1016701732628194E-04
                          0.1019090402042527E-04
                          0.1021483277995168E-04
                          0.1023880365421803E-04
                          0.1026281669261013E-04
                          0.1028687194454271E-04
                          0.1031096945945948E-04
                          0.1033510928683304E-04
                          0.1035929147616497E-04
                          0.1038351607698576E-04
                          0.1040778313885487E-04
                          0.1043209271136066E-04
                          0.1045644484412047E-04
                          0.1048083958678054E-04
                          0.1050527698901608E-04
                          0.1052975710053122E-04
                          0.1055427997105904E-04
                          0.1057884565036156E-04
                          0.1060345418822973E-04
                          0.1062810563448344E-04
                          0.1065280003897152E-04
                          0.1067753745157176E-04
                          0.1070231792219086E-04
                          0.1072714150076446E-04
                          0.1075200823725717E-04
                          0.1077691818166252E-04
                          0.1080187138400296E-04
                          0.1082686789432989E-04
                          0.1085190776272368E-04
                          0.1087699103929361E-04
                          0.1090211777417789E-04
                          0.1092728801754370E-04
                          0.1095250181958714E-04
                          0.1097775923053325E-04
                          0.1100306030063600E-04
                          0.1102840508017833E-04
                          0.1105379361947208E-04
                          0.1107922596885806E-04
                          0.1110470217870600E-04
                          0.1113022229941459E-04
                          0.1115578638141144E-04
                          0.1118139447515310E-04
                          0.1120704663112506E-04
                          0.1123274289984177E-04
                          0.1125848333184659E-04
                          0.1128426797771182E-04
                          0.1131009688803874E-04
                          0.1133597011345752E-04
                          0.1136188770462730E-04
                          0.1138784971223615E-04
                          0.1141385618700105E-04
                          0.1143990717966798E-04
                          0.1146600274101180E-04
                          0.1149214292183635E-04
                          0.1151832777297439E-04
                          0.1154455734528763E-04
                          0.1157083168966670E-04
                          0.1159715085703119E-04
                          0.1162351489832962E-04
                          0.1164992386453945E-04
                          0.1167637780666707E-04
                          0.1170287677574782E-04
                          0.1172942082284599E-04
                          0.1175600999905479E-04
                          0.1178264435549635E-04
                          0.1180932394332180E-04
                          0.1183604881371116E-04
                          0.1186281901787341E-04
                          0.1188963460704645E-04
                          0.1191649563249714E-04
                          0.1194340214552127E-04
                          0.1197035419744355E-04
                          0.1199735183961768E-04
                          0.1202439512342625E-04
                          0.1205148410028081E-04
                          0.1207861882162185E-04
                          0.1210579933891877E-04
                          0.1213302570366997E-04
                          0.1216029796740274E-04
                          0.1218761618167331E-04
                          0.1221498039806687E-04
                          0.1224239066819755E-04
                          0.1226984704370841E-04
                          0.1229734957627143E-04
                          0.1232489831758757E-04
                          0.1235249331938669E-04
                          0.1238013463342762E-04
                          0.1240782231149810E-04
                          0.1243555640541484E-04
                          0.1246333696702346E-04
                          0.1249116404819855E-04
                          0.1251903770084362E-04
                          0.1254695797689112E-04
                          0.1257492492830242E-04
                          0.1260293860706786E-04
                          0.1263099906520673E-04
                          0.1265910635476722E-04
                          0.1268726052782647E-04
                          0.1271546163649059E-04
                          0.1274370973289458E-04
                          0.1277200486920243E-04
                          0.1280034709760702E-04
                          0.1282873647033019E-04
                          0.1285717303962275E-04
                          0.1288565685776440E-04
                          0.1291418797706380E-04
                          0.1294276644985856E-04
                          0.1297139232851522E-04
                          0.1300006566542924E-04
                          0.1302878651302506E-04
                          0.1305755492375602E-04
                          0.1308637095010442E-04
                          0.1311523464458149E-04
                          0.1314414605972740E-04
                          0.1317310524811129E-04
                          0.1320211226233118E-04
                          0.1323116715501407E-04
                          0.1326026997881588E-04
                          0.1328942078642152E-04
                          0.1331861963054474E-04
                          0.1334786656392834E-04
                          0.1337716163934397E-04
                          0.1340650490959229E-04
                          0.1343589642750282E-04
                          0.1346533624593409E-04
                          0.1349482441777356E-04
                          0.1352436099593757E-04
                          0.1355394603337148E-04
                          0.1358357958304954E-04
                          0.1361326169797494E-04
                          0.1364299243117982E-04
                          0.1367277183572527E-04
                          0.1370259996470130E-04
                          0.1373247687122686E-04
                          0.1376240260844986E-04
                          0.1379237722954711E-04
                          0.1382240078772441E-04
                          0.1385247333621646E-04
                          0.1388259492828691E-04
                          0.1391276561722837E-04
                          0.1394298545636235E-04
                          0.1397325449903932E-04
                          0.1400357279863870E-04
                          0.1403394040856883E-04
                          0.1406435738226700E-04
                          0.1409482377319943E-04
                          0.1412533963486130E-04
                          0.1415590502077670E-04
                          0.1418651998449868E-04
                          0.1421718457960921E-04
                          0.1424789885971923E-04
                          0.1427866287846859E-04
                          0.1430947668952611E-04
                          0.1434034034658950E-04
                          0.1437125390338545E-04
                          0.1440221741366958E-04
                          0.1443323093122644E-04
                          0.1446429450986954E-04
                          0.1449540820344130E-04
                          0.1452657206581310E-04
                          0.1455778615088524E-04
                          0.1458905051258701E-04
                          0.1462036520487657E-04
                          0.1465173028174105E-04
                          0.1468314579719652E-04
                          0.1471461180528802E-04
                          0.1474612836008946E-04
                          0.1477769551570374E-04
                          0.1480931332626269E-04
                          0.1484098184592707E-04
                          0.1487270112888660E-04
                          0.1490447122935991E-04
                          0.1493629220159457E-04
                          0.1496816409986713E-04
                          0.1500008697848304E-04
                          0.1503206089177668E-04
                          0.1506408589411143E-04
                          0.1509616203987954E-04
                          0.1512828938350223E-04
                          0.1516046797942966E-04
                          0.1519269788214093E-04
                          0.1522497914614408E-04
                          0.1525731182597607E-04
                          0.1528969597620282E-04
                          0.1532213165141919E-04
                          0.1535461890624895E-04
                          0.1538715779534487E-04
                          0.1541974837338858E-04
                          0.1545239069509071E-04
                          0.1548508481519080E-04
                          0.1551783078845733E-04
                          0.1555062866968776E-04
                          0.1558347851370842E-04
                          0.1561638037537466E-04
                          0.1564933430957065E-04
                          0.1568234037120964E-04
                          0.1571539861523372E-04
                          0.1574850909661398E-04
                          0.1578167187035037E-04
                          0.1581488699147186E-04
                          0.1584815451503636E-04
                          0.1588147449613064E-04
                          0.1591484698987049E-04
                          0.1594827205140058E-04
                          0.1598174973589456E-04
                          0.1601528009855498E-04
                          0.1604886319461341E-04
                          0.1608249907933024E-04
                          0.1611618780799491E-04
                          0.1614992943592573E-04
                          0.1618372401846997E-04
                          0.1621757161100384E-04
                          0.1625147226893250E-04
                          0.1628542604769001E-04
                          0.1631943300273944E-04
                          0.1635349318957272E-04
                          0.1638760666371076E-04
                          0.1642177348070341E-04
                          0.1645599369612947E-04
                          0.1649026736559665E-04
                          0.1652459454474158E-04
                          0.1655897528922992E-04
                          0.1659340965475618E-04
                          0.1662789769704382E-04
                          0.1666243947184529E-04
                          0.1669703503494194E-04
                          0.1673168444214405E-04
                          0.1676638774929089E-04
                          0.1680114501225060E-04
                          0.1683595628692031E-04
                          0.1687082162922608E-04
                          0.1690574109512288E-04
                          0.1694071474059467E-04
                          0.1697574262165429E-04
                          0.1701082479434358E-04
                          0.1704596131473327E-04
                          0.1708115223892305E-04
                          0.1711639762304155E-04
                          0.1715169752324634E-04
                          0.1718705199572394E-04
                          0.1722246109668976E-04
                          0.1725792488238819E-04
                          0.1729344340909259E-04
                          0.1732901673310517E-04
                          0.1736464491075717E-04
                          0.1740032799840873E-04
                          0.1743606605244889E-04
                          0.1747185912929572E-04
                          0.1750770728539615E-04
                          0.1754361057722607E-04
                          0.1757956906129035E-04
                          0.1761558279412273E-04
                          0.1765165183228593E-04
                          0.1768777623237163E-04
                          0.1772395605100039E-04
                          0.1776019134482176E-04
                          0.1779648217051422E-04
                          0.1783282858478514E-04
                          0.1786923064437092E-04
                          0.1790568840603680E-04
                          0.1794220192657705E-04
                          0.1797877126281483E-04
                          0.1801539647160223E-04
                          0.1805207760982028E-04
                          0.1808881473437901E-04
                          0.1812560790221731E-04
                          0.1816245717030305E-04
                          0.1819936259563303E-04
                          0.1823632423523299E-04
                          0.1827334214615762E-04
                          0.1831041638549054E-04
                          0.1834754701034427E-04
                          0.1838473407786036E-04
                          0.1842197764520923E-04
                          0.1845927776959025E-04
                          0.1849663450823171E-04
                          0.1853404791839091E-04
                          0.1857151805735401E-04
                          0.1860904498243616E-04
                          0.1864662875098145E-04
                          0.1868426942036282E-04
                          0.1872196704798228E-04
                          0.1875972169127071E-04
                          0.1879753340768795E-04
                          0.1883540225472273E-04
                          0.1887332828989278E-04
                          0.1891131157074474E-04
                          0.1894935215485420E-04
                          0.1898745009982567E-04
                          0.1902560546329264E-04
                          0.1906381830291748E-04
                          0.1910208867639153E-04
                          0.1914041664143511E-04
                          0.1917880225579740E-04
                          0.1921724557725659E-04
                          0.1925574666361974E-04
