 Surface temperature vs. time [K]
    170.0000
    167.8012
    165.7467
    163.8656
    162.1618
    160.6160
    159.2102
    157.9286
    156.7571
    155.6835
    154.6946
    153.7837
    152.9454
    152.1718
    151.4578
    150.7977
    150.1870
    149.6225
    149.1003
    148.6155
    148.1667
    147.7509
    147.3648
    147.0070
    146.6748
    146.3661
    146.0799
    145.8139
    145.5668
    145.3376
    145.1242
    144.9262
    144.7420
    144.5708
    144.4118
    144.2638
    144.1263
    143.9987
    143.8797
    143.7694
    143.6668
    143.5712
    143.4828
    143.4003
    143.3237
    143.2521
    143.1855
    143.1236
    143.0660
    143.0126
    142.9627
    142.9164
    142.8733
    142.8332
    142.7958
    142.7612
    142.7290
    142.6991
    142.6713
    142.6453
    142.6211
    142.5985
    142.5775
    142.5577
    142.5395
    142.5225
    142.5067
    142.4920
    142.4785
    142.4658
    142.4540
    142.4430
    142.4329
    142.4234
    142.4145
    142.4063
    142.3986
    142.3914
    142.3847
    142.3785
    142.3726
    142.3671
    142.3620
    142.3572
    142.3527
    142.3487
    142.3448
    142.3414
    142.3381
    142.3350
    142.3321
    142.3294
    142.3269
    142.3247
    142.3226
    142.3209
    142.3192
    142.3176
    142.3161
    142.3148
    142.3134
    142.3123
    142.3110
    142.3100
    142.3090
    142.3081
    142.3072
    142.3064
    142.3056
    142.3049
    142.3042
    142.3037
    142.3030
    142.3025
    142.3019
    142.3015
    142.3010
    142.3007
    142.3002
    142.2999
    142.2995
    142.2993
    142.2989
    142.2987
    142.2983
    142.2982
    142.2979
    142.2977
    142.2975
    142.2973
    142.2971
    142.2970
    142.2968
    142.2967
    142.2965
    142.2965
    142.2963
    142.2962
    142.2961
    142.2960
    142.2959
    142.2959
    142.2957
    142.2957
    142.2956
    142.2956
    142.2954
    142.2955
    142.2953
    142.2954
    142.2952
    142.2953
    142.2952
    142.2952
    142.2951
    142.2951
    142.2950
    142.2951
    142.2950
    142.2950
    142.2949
    142.2950
    142.2949
    142.2949
    142.2948
    142.2949
    142.2948
    142.2949
    142.2948
    142.2948
    142.2948
    142.2948
    142.2947
    142.2948
    142.2947
    142.2948
    142.2947
    142.2948
    142.2947
    142.2948
    142.2947
    142.2947
    142.2947
    142.2947
    142.2947
    142.2947
    142.2947
    142.2947
    142.2946
    142.2947
    142.2946
    142.2947
    142.2946
    142.2947
    142.2946
    142.2947
    142.2946
    142.2947
    142.2946
    142.2947
    142.2946
    142.2947
    142.2946
    142.2947
    142.2946
    142.2947
    142.2946
    142.2947
    142.2946
    142.2947
    142.2946
    142.2947
    142.2946
    142.2947
    142.2946
    142.2947
    142.2946
    142.2947
    142.2946
    142.2947
    142.2946
    142.2947
    142.2946
    142.2947
    142.2946
    142.2947
    142.2946
    142.2947
    142.2946
    142.2947
    142.2946
    142.2947
    142.2946
    142.2947
    142.2946
    142.2947
    142.2946
    142.2947
    142.2946
    142.2947
    142.2946
    142.2947
    142.2946
    142.2947
    142.2946
    142.2947
    142.2946
    142.2947
    142.2946
    142.2947
    142.2946
    142.2947
    142.2946
    142.2947
    142.2946
    142.2947
    142.2946
    142.2947
    142.2946
    142.2947
    142.2946
    142.2947
    142.2946
    142.2947
    142.2946
    142.2947
    142.2946
    142.2947
    142.2946
    142.2947
    142.2946
    142.2947
    142.2946
    142.2947
    142.2946
    142.2947
    142.2946
    142.2947
    142.2946
    142.2947
    142.2946
    142.2947
    142.2946
    142.2947
    142.2946
    142.2947
    142.2946
    142.2947
    142.2946
    142.2947
    142.2946
    142.2947
    142.2946
    142.2947
    142.2946
    142.2947
    142.2946
    142.2947
    142.2946
    142.2947
