 Longwave heating rate [K/s]
 -0.2722E-04
 -0.3595E-06
 -0.5919E-06
 -0.8306E-06
 -0.1121E-05
 -0.1474E-05
 -0.1900E-05
 -0.2415E-05
 -0.3038E-05
 -0.3789E-05
 -0.4221E-05
 -0.3550E-05
 -0.3348E-05
 -0.4565E-05
 -0.5998E-05
 -0.7727E-05
 -0.9851E-05
 -0.1251E-04
 -0.1597E-04
 -0.2150E-04
 -0.4152E-04
 -0.8813E-03
 -0.5528E-02
 -0.4918E-02
 -0.4507E-02
 -0.4197E-02
 -0.4687E-02
 -0.4784E-02
 -0.5421E-02
 -0.6663E-02
 -0.7517E-02
 -0.8825E-02
 -0.1095E-01
 -0.1337E-01
 -0.1439E-01
 -0.1224E-01
 -0.1468E-01
 -0.1856E-01
 -0.2184E-01
 -0.2494E-01
 -0.2598E-01
 -0.2611E-01
 -0.2869E-01
 -0.3575E-01
 -0.5140E-01
 -0.6095E-01
 -0.1228E+00
 -0.3127E+00
 -0.5362E+00
 -0.1297E+01
