 Spectral outgoing longwave flux [W/m2/cm^-1]
  0.6985E-05
  0.3485E-04
  0.8307E-04
  0.1506E-03
  0.2274E-03
  0.3414E-03
  0.4630E-03
  0.6027E-03
  0.7524E-03
  0.9215E-03
  0.1113E-02
  0.1297E-02
  0.1519E-02
  0.1717E-02
  0.1778E-02
  0.2219E-02
  0.2555E-02
  0.2869E-02
  0.3160E-02
  0.3289E-02
  0.3771E-02
  0.4213E-02
  0.4600E-02
  0.4957E-02
  0.5341E-02
  0.5596E-02
  0.5982E-02
  0.6488E-02
  0.6672E-02
  0.6803E-02
  0.7183E-02
  0.8119E-02
  0.7961E-02
  0.9271E-02
  0.1002E-01
  0.1057E-01
  0.1104E-01
  0.1095E-01
  0.1220E-01
  0.1224E-01
  0.1330E-01
  0.1373E-01
  0.1318E-01
  0.1420E-01
  0.1436E-01
  0.1410E-01
  0.1637E-01
  0.1696E-01
  0.1826E-01
  0.1726E-01
  0.1907E-01
  0.1998E-01
  0.2123E-01
  0.2061E-01
  0.2205E-01
  0.2287E-01
  0.2336E-01
  0.2224E-01
  0.2372E-01
  0.2498E-01
  0.2570E-01
  0.2742E-01
  0.2748E-01
  0.2577E-01
  0.2875E-01
  0.2810E-01
  0.3147E-01
  0.3231E-01
  0.3258E-01
  0.3210E-01
  0.3213E-01
  0.3375E-01
  0.3497E-01
  0.3387E-01
  0.3601E-01
  0.3809E-01
  0.3679E-01
  0.3973E-01
  0.3855E-01
  0.3962E-01
  0.4057E-01
  0.4335E-01
  0.4415E-01
  0.4219E-01
  0.4478E-01
  0.4759E-01
  0.4906E-01
  0.4895E-01
  0.4558E-01
  0.5045E-01
  0.5311E-01
  0.5467E-01
  0.5574E-01
  0.5627E-01
  0.5650E-01
  0.5405E-01
  0.5599E-01
  0.5478E-01
  0.5922E-01
  0.6021E-01
  0.5882E-01
  0.5676E-01
  0.6164E-01
  0.6390E-01
  0.6356E-01
  0.6061E-01
  0.6282E-01
  0.6750E-01
  0.6938E-01
  0.7094E-01
  0.6842E-01
  0.6411E-01
  0.6862E-01
  0.7485E-01
  0.7664E-01
  0.7733E-01
  0.7715E-01
  0.7449E-01
  0.7303E-01
  0.7338E-01
  0.7340E-01
  0.7838E-01
  0.7373E-01
  0.8338E-01
  0.8601E-01
  0.8424E-01
  0.8695E-01
  0.9101E-01
  0.9231E-01
  0.9280E-01
  0.8331E-01
  0.9528E-01
  0.8936E-01
  0.9383E-01
  0.8670E-01
  0.8805E-01
  0.8936E-01
  0.9497E-01
  0.8448E-01
  0.9892E-01
  0.8836E-01
  0.9217E-01
  0.9981E-01
  0.1059E+00
  0.1053E+00
  0.1097E+00
  0.9704E-01
  0.9643E-01
  0.1122E+00
  0.1093E+00
  0.1030E+00
  0.1151E+00
  0.1188E+00
  0.1204E+00
  0.1062E+00
  0.1211E+00
  0.1217E+00
  0.1163E+00
  0.1221E+00
  0.1200E+00
  0.1162E+00
  0.1071E+00
  0.1122E+00
  0.1204E+00
  0.1237E+00
  0.1206E+00
  0.1083E+00
  0.1241E+00
  0.1257E+00
  0.1332E+00
  0.1309E+00
  0.1264E+00
  0.1378E+00
  0.1406E+00
  0.1406E+00
  0.1381E+00
  0.1284E+00
  0.1285E+00
  0.1323E+00
  0.1393E+00
  0.1261E+00
  0.1289E+00
  0.1323E+00
  0.1441E+00
  0.1498E+00
  0.1536E+00
  0.1544E+00
  0.1587E+00
  0.1604E+00
  0.1618E+00
  0.1629E+00
  0.1636E+00
  0.1637E+00
  0.1628E+00
  0.1596E+00
  0.1484E+00
  0.1398E+00
  0.1479E+00
  0.1487E+00
  0.1623E+00
  0.1416E+00
  0.1607E+00
  0.1436E+00
  0.1536E+00
  0.1600E+00
  0.1738E+00
  0.1780E+00
  0.1808E+00
  0.1829E+00
  0.1841E+00
  0.1795E+00
  0.1844E+00
  0.1587E+00
  0.1849E+00
  0.1899E+00
  0.1915E+00
  0.1924E+00
  0.1925E+00
  0.1914E+00
  0.1867E+00
  0.1504E+00
  0.1764E+00
  0.1419E+00
  0.1812E+00
  0.1800E+00
  0.1446E+00
  0.1715E+00
  0.1973E+00
  0.1992E+00
  0.2000E+00
  0.1887E+00
  0.1726E+00
  0.1988E+00
  0.2074E+00
  0.2109E+00
  0.2126E+00
  0.2132E+00
  0.2136E+00
  0.2076E+00
  0.2131E+00
  0.2067E+00
  0.1921E+00
  0.1885E+00
  0.2120E+00
  0.2114E+00
  0.2224E+00
  0.2234E+00
  0.2038E+00
  0.2261E+00
  0.2257E+00
  0.2205E+00
  0.1636E+00
  0.2211E+00
  0.2281E+00
  0.2295E+00
  0.2284E+00
  0.2237E+00
  0.2136E+00
  0.1665E+00
  0.2111E+00
  0.2227E+00
  0.2066E+00
  0.2228E+00
  0.2282E+00
  0.2367E+00
  0.2350E+00
  0.2267E+00
  0.1910E+00
  0.2185E+00
  0.2355E+00
  0.2413E+00
  0.2380E+00
  0.2311E+00
  0.2465E+00
  0.2446E+00
  0.2478E+00
  0.2192E+00
  0.2509E+00
  0.2504E+00
  0.1836E+00
  0.2465E+00
  0.2405E+00
  0.2445E+00
  0.2331E+00
  0.2412E+00
  0.1660E+00
  0.2279E+00
  0.2553E+00
  0.2603E+00
  0.2626E+00
  0.2636E+00
  0.2654E+00
  0.2657E+00
  0.2645E+00
  0.2585E+00
  0.2142E+00
  0.2540E+00
  0.2659E+00
  0.2676E+00
  0.2589E+00
  0.2573E+00
  0.2727E+00
  0.1963E+00
  0.2744E+00
  0.2649E+00
  0.2722E+00
  0.2547E+00
  0.1918E+00
  0.2423E+00
  0.2689E+00
  0.2764E+00
  0.2787E+00
  0.2813E+00
  0.2821E+00
  0.2812E+00
  0.2775E+00
  0.2454E+00
  0.1923E+00
  0.2772E+00
  0.2827E+00
  0.2869E+00
  0.2891E+00
  0.2902E+00
  0.2909E+00
  0.2917E+00
  0.2925E+00
  0.2932E+00
  0.2937E+00
  0.2942E+00
  0.2943E+00
  0.2940E+00
  0.2905E+00
  0.2894E+00
  0.2787E+00
  0.1933E+00
  0.1993E+00
  0.2757E+00
  0.2902E+00
  0.2944E+00
  0.2966E+00
  0.2704E+00
  0.2963E+00
  0.2996E+00
  0.2953E+00
  0.2277E+00
  0.2938E+00
  0.3026E+00
  0.2959E+00
  0.3056E+00
  0.3060E+00
  0.3049E+00
  0.3011E+00
  0.2807E+00
  0.2451E+00
  0.2971E+00
  0.3067E+00
  0.3099E+00
  0.3115E+00
  0.3126E+00
  0.3082E+00
  0.3138E+00
  0.3132E+00
  0.3132E+00
  0.3117E+00
  0.3023E+00
  0.2731E+00
  0.2904E+00
  0.3113E+00
  0.3160E+00
  0.3179E+00
  0.3099E+00
  0.3196E+00
  0.3170E+00
  0.3201E+00
  0.3200E+00
  0.3183E+00
  0.3102E+00
  0.2434E+00
  0.2772E+00
  0.3183E+00
  0.3217E+00
  0.3232E+00
  0.3237E+00
  0.3232E+00
  0.3202E+00
  0.3147E+00
  0.2746E+00
  0.2960E+00
  0.3183E+00
  0.3246E+00
  0.3267E+00
  0.3277E+00
  0.3270E+00
  0.3084E+00
  0.3290E+00
  0.3300E+00
  0.3303E+00
  0.3308E+00
  0.3310E+00
  0.3302E+00
  0.3285E+00
  0.2432E+00
  0.3276E+00
  0.3271E+00
  0.3111E+00
  0.2825E+00
  0.3247E+00
  0.3306E+00
  0.3322E+00
  0.3319E+00
  0.3333E+00
  0.3334E+00
  0.3305E+00
  0.3206E+00
  0.3293E+00
  0.3101E+00
  0.3330E+00
  0.3341E+00
  0.3337E+00
  0.3299E+00
  0.2586E+00
  0.3267E+00
  0.3333E+00
  0.3345E+00
  0.3347E+00
  0.3343E+00
  0.3285E+00
  0.3305E+00
  0.2845E+00
  0.3294E+00
  0.3331E+00
  0.3316E+00
  0.2432E+00
  0.3315E+00
  0.3302E+00
  0.2507E+00
  0.2982E+00
  0.3279E+00
  0.3315E+00
  0.2991E+00
  0.3317E+00
  0.2963E+00
  0.3305E+00
  0.2981E+00
  0.3145E+00
  0.3300E+00
  0.3312E+00
  0.3290E+00
  0.3265E+00
  0.3237E+00
  0.2981E+00
  0.3263E+00
  0.3124E+00
  0.2541E+00
  0.3188E+00
  0.3121E+00
  0.3237E+00
  0.3100E+00
  0.3156E+00
  0.3063E+00
  0.2043E+00
  0.3119E+00
  0.3072E+00
  0.2549E+00
  0.2577E+00
  0.2762E+00
  0.2625E+00
  0.2812E+00
  0.2504E+00
  0.1396E+00
  0.2513E+00
  0.2508E+00
  0.2171E+00
  0.2137E+00
  0.1744E+00
  0.2009E+00
  0.1998E+00
  0.1403E+00
  0.1689E+00
  0.1667E+00
  0.1514E+00
  0.1963E+00
  0.1819E+00
  0.1481E+00
  0.1598E+00
  0.1484E+00
  0.1818E+00
  0.1699E+00
  0.1401E+00
  0.1530E+00
  0.1712E+00
  0.1631E+00
  0.1565E+00
  0.1213E+00
  0.1482E+00
  0.1625E+00
  0.1428E+00
  0.1386E+00
  0.1457E+00
  0.1563E+00
  0.1493E+00
  0.1335E+00
  0.1348E+00
  0.1344E+00
  0.1384E+00
  0.1322E+00
  0.1268E+00
  0.1279E+00
  0.1152E+00
  0.1312E+00
  0.1290E+00
  0.1085E+00
  0.1275E+00
  0.1229E+00
  0.1256E+00
  0.1261E+00
  0.1194E+00
  0.1001E+00
  0.9595E-01
  0.5181E-01
  0.1204E+00
  0.1169E+00
  0.1041E+00
  0.1097E+00
  0.1169E+00
  0.1175E+00
  0.1155E+00
  0.1084E+00
  0.9901E-01
  0.1089E+00
  0.1152E+00
  0.9064E-01
  0.6906E-01
  0.7660E-01
  0.9532E-01
  0.8724E-01
  0.1060E+00
  0.1112E+00
  0.1114E+00
  0.1043E+00
  0.7738E-01
  0.1046E+00
  0.1107E+00
  0.1108E+00
  0.1047E+00
  0.7864E-01
  0.1089E+00
  0.1107E+00
  0.1108E+00
  0.1031E+00
  0.1055E+00
  0.1126E+00
  0.1132E+00
  0.1113E+00
  0.7549E-01
  0.1128E+00
  0.1144E+00
  0.1138E+00
  0.1100E+00
  0.1129E+00
  0.1145E+00
  0.1197E+00
  0.1149E+00
  0.1126E+00
  0.1261E+00
  0.1144E+00
  0.1296E+00
  0.1100E+00
  0.1119E+00
  0.1189E+00
  0.1151E+00
  0.1267E+00
  0.1098E+00
  0.1367E+00
  0.1159E+00
  0.1022E+00
  0.1071E+00
  0.1110E+00
  0.1371E+00
  0.1453E+00
  0.1459E+00
  0.1300E+00
  0.8928E-01
  0.1269E+00
  0.1420E+00
  0.1082E+00
  0.1340E+00
  0.1105E+00
  0.1186E+00
  0.1448E+00
  0.1041E+00
  0.1327E+00
  0.1368E+00
  0.9516E-01
  0.1491E+00
  0.1724E+00
  0.1924E+00
  0.1912E+00
  0.1691E+00
  0.1037E+00
  0.1072E+00
  0.2285E+00
  0.2438E+00
  0.2401E+00
  0.2050E+00
  0.1480E+00
  0.2545E+00
  0.2820E+00
  0.2922E+00
  0.2960E+00
  0.2852E+00
  0.2520E+00
  0.2838E+00
  0.3151E+00
  0.3165E+00
  0.3162E+00
  0.2643E+00
  0.3208E+00
  0.3173E+00
  0.3271E+00
  0.3164E+00
  0.2430E+00
  0.3092E+00
  0.3217E+00
  0.3232E+00
  0.3087E+00
  0.2382E+00
  0.3150E+00
  0.3245E+00
  0.3192E+00
  0.3141E+00
  0.2884E+00
  0.2649E+00
  0.2379E+00
  0.2969E+00
  0.3166E+00
  0.3079E+00
  0.3101E+00
  0.2240E+00
  0.2864E+00
  0.3123E+00
  0.3193E+00
  0.3090E+00
  0.2697E+00
  0.2884E+00
  0.3184E+00
  0.3196E+00
  0.3200E+00
  0.2959E+00
  0.3012E+00
  0.3242E+00
  0.3269E+00
  0.3263E+00
  0.3181E+00
  0.3172E+00
  0.3278E+00
  0.3286E+00
  0.3284E+00
  0.3264E+00
  0.3234E+00
  0.3279E+00
  0.3269E+00
  0.3236E+00
  0.3268E+00
  0.3274E+00
  0.3273E+00
  0.3270E+00
  0.3269E+00
  0.3263E+00
  0.3265E+00
  0.3262E+00
  0.3217E+00
  0.3254E+00
  0.3248E+00
  0.3253E+00
  0.3251E+00
  0.3247E+00
  0.3246E+00
  0.3244E+00
  0.3227E+00
  0.3239E+00
  0.3094E+00
  0.3234E+00
  0.3229E+00
  0.3228E+00
  0.3229E+00
  0.3228E+00
  0.3226E+00
  0.3224E+00
  0.3220E+00
  0.3215E+00
  0.3211E+00
  0.3216E+00
  0.3214E+00
  0.3212E+00
  0.3209E+00
  0.3156E+00
  0.3203E+00
  0.3203E+00
  0.3202E+00
  0.3199E+00
  0.3197E+00
  0.3131E+00
  0.3193E+00
  0.2934E+00
  0.3182E+00
  0.3182E+00
  0.3183E+00
  0.3159E+00
  0.2931E+00
  0.3172E+00
  0.3159E+00
  0.3173E+00
  0.3172E+00
  0.3163E+00
  0.3163E+00
  0.3166E+00
  0.3161E+00
  0.3089E+00
  0.3157E+00
  0.3154E+00
  0.3140E+00
  0.3122E+00
  0.3142E+00
  0.3142E+00
  0.3134E+00
  0.3081E+00
  0.3133E+00
  0.3136E+00
  0.3130E+00
  0.3132E+00
  0.3101E+00
  0.3125E+00
  0.3052E+00
  0.3077E+00
  0.3103E+00
  0.3107E+00
  0.3088E+00
  0.3106E+00
  0.2958E+00
  0.3076E+00
  0.2978E+00
  0.3012E+00
  0.3069E+00
  0.2771E+00
  0.3052E+00
  0.3053E+00
  0.2363E+00
  0.2995E+00
  0.2989E+00
  0.2372E+00
  0.2975E+00
  0.2920E+00
  0.1794E+00
  0.2883E+00
  0.2879E+00
  0.2144E+00
  0.2687E+00
  0.2830E+00
  0.2620E+00
  0.1950E+00
  0.2737E+00
  0.2790E+00
  0.2520E+00
  0.1967E+00
  0.2770E+00
  0.2867E+00
  0.2875E+00
  0.2955E+00
  0.2911E+00
  0.2690E+00
  0.1895E+00
  0.2150E+00
  0.2514E+00
  0.2629E+00
  0.2636E+00
  0.2612E+00
  0.2531E+00
  0.2440E+00
  0.2333E+00
  0.2237E+00
  0.2188E+00
  0.2231E+00
  0.2363E+00
  0.2549E+00
  0.2721E+00
  0.2841E+00
  0.2897E+00
  0.2930E+00
  0.2925E+00
  0.2813E+00
  0.2944E+00
  0.2917E+00
  0.2953E+00
  0.2955E+00
  0.2932E+00
  0.2950E+00
  0.2943E+00
  0.2918E+00
  0.2937E+00
  0.2929E+00
  0.2876E+00
  0.2896E+00
  0.2913E+00
  0.2765E+00
  0.2903E+00
  0.2904E+00
  0.2883E+00
  0.2821E+00
  0.2877E+00
  0.2886E+00
  0.2872E+00
  0.2808E+00
  0.2872E+00
  0.2855E+00
  0.2831E+00
  0.2711E+00
  0.2846E+00
  0.2828E+00
  0.2812E+00
  0.2807E+00
  0.2262E+00
  0.2692E+00
  0.2525E+00
  0.2535E+00
  0.2628E+00
  0.2163E+00
  0.2564E+00
  0.2631E+00
  0.1822E+00
  0.2608E+00
  0.2480E+00
  0.1962E+00
  0.2496E+00
  0.2292E+00
  0.1779E+00
  0.2365E+00
  0.2212E+00
  0.1166E+00
  0.2187E+00
  0.2205E+00
  0.1551E+00
  0.1864E+00
  0.2177E+00
  0.2029E+00
  0.1075E+00
  0.1921E+00
  0.2209E+00
  0.2182E+00
  0.1906E+00
  0.2463E+00
  0.2272E+00
  0.1312E+00
  0.1620E+00
  0.1929E+00
  0.2015E+00
  0.1996E+00
  0.1906E+00
  0.1758E+00
  0.1552E+00
  0.1328E+00
  0.1056E+00
  0.7145E-01
  0.4971E-01
  0.8697E-01
  0.1327E+00
  0.1708E+00
  0.2013E+00
  0.2246E+00
  0.2374E+00
  0.2410E+00
  0.2336E+00
  0.2269E+00
  0.2528E+00
  0.2581E+00
  0.2554E+00
  0.2609E+00
  0.2598E+00
  0.2603E+00
  0.2574E+00
  0.2542E+00
  0.2594E+00
  0.2599E+00
  0.2568E+00
  0.2580E+00
  0.2575E+00
  0.2578E+00
  0.2567E+00
  0.2433E+00
  0.2533E+00
  0.2560E+00
  0.2558E+00
  0.2556E+00
  0.2551E+00
  0.2545E+00
  0.2534E+00
  0.2149E+00
  0.2521E+00
  0.2523E+00
  0.2517E+00
  0.2514E+00
  0.2507E+00
  0.2501E+00
  0.2475E+00
  0.2487E+00
  0.2476E+00
  0.2459E+00
  0.2385E+00
  0.2168E+00
  0.1914E+00
  0.2434E+00
  0.2436E+00
  0.2431E+00
  0.2425E+00
  0.2418E+00
  0.2410E+00
  0.2400E+00
  0.2390E+00
  0.2368E+00
  0.2309E+00
  0.2318E+00
  0.2144E+00
  0.2340E+00
  0.2320E+00
  0.2327E+00
  0.2316E+00
  0.2301E+00
  0.2294E+00
  0.2281E+00
  0.2261E+00
  0.2202E+00
  0.1834E+00
  0.1927E+00
  0.2204E+00
  0.2202E+00
  0.2178E+00
  0.2166E+00
  0.2127E+00
  0.1929E+00
  0.1589E+00
  0.2020E+00
  0.2052E+00
  0.1950E+00
  0.2035E+00
  0.1974E+00
  0.2006E+00
  0.1990E+00
  0.1958E+00
  0.1859E+00
  0.1609E+00
  0.1875E+00
  0.1857E+00
  0.1664E+00
  0.1823E+00
  0.1755E+00
  0.1789E+00
  0.1718E+00
  0.1682E+00
  0.1556E+00
  0.1681E+00
  0.1684E+00
  0.1673E+00
  0.1637E+00
  0.1610E+00
  0.1445E+00
  0.1562E+00
  0.1493E+00
  0.1498E+00
  0.1082E+00
  0.1168E+00
  0.1427E+00
  0.1377E+00
  0.1387E+00
  0.1326E+00
  0.1032E+00
  0.1312E+00
  0.1147E+00
  0.1093E+00
  0.1226E+00
  0.1006E+00
  0.8515E-01
  0.1099E+00
  0.1120E+00
  0.6556E-01
  0.1023E+00
  0.1013E+00
  0.7186E-01
  0.9030E-01
  0.7431E-01
  0.6903E-01
  0.7242E-01
  0.7976E-01
  0.6586E-01
  0.5157E-01
  0.6624E-01
  0.6320E-01
  0.2775E-01
  0.5706E-01
  0.5936E-01
  0.2733E-01
  0.5104E-01
  0.5271E-01
  0.4368E-01
  0.4796E-01
  0.5997E-01
  0.5409E-01
  0.4865E-01
  0.5958E-01
  0.5648E-01
  0.1681E-01
  0.5131E-01
  0.5133E-01
  0.3726E-01
  0.4367E-01
  0.4841E-01
  0.4391E-01
  0.3280E-01
  0.4705E-01
  0.4634E-01
  0.2464E-01
  0.4433E-01
  0.4613E-01
  0.4182E-01
  0.2942E-01
  0.4053E-01
  0.4115E-01
  0.2672E-01
  0.4059E-01
  0.4268E-01
  0.3906E-01
  0.3928E-01
  0.4061E-01
  0.4269E-01
  0.4446E-01
  0.4520E-01
  0.4511E-01
  0.4538E-01
  0.4500E-01
  0.4550E-01
  0.4578E-01
  0.4548E-01
  0.4678E-01
  0.4738E-01
  0.4775E-01
  0.4834E-01
  0.4907E-01
  0.4927E-01
  0.4974E-01
  0.5006E-01
  0.4689E-01
  0.4109E-01
  0.4928E-01
  0.4987E-01
  0.5003E-01
  0.4585E-01
  0.4231E-01
  0.4775E-01
  0.5044E-01
  0.5053E-01
  0.4760E-01
  0.4658E-01
  0.4973E-01
  0.4942E-01
  0.4489E-01
  0.4758E-01
  0.4746E-01
  0.4115E-01
  0.3714E-01
  0.4653E-01
  0.4678E-01
  0.3455E-01
  0.3956E-01
  0.4224E-01
  0.4477E-01
  0.4307E-01
  0.2817E-01
  0.3553E-01
  0.3928E-01
  0.4004E-01
  0.3109E-01
  0.3275E-01
  0.3666E-01
  0.3691E-01
  0.1352E-01
  0.3421E-01
  0.3651E-01
  0.3024E-01
  0.2672E-01
  0.2580E-01
  0.3040E-01
  0.6125E-02
  0.3296E-01
  0.3444E-01
  0.2869E-01
  0.1178E-01
  0.3170E-01
  0.2761E-01
  0.2619E-01
  0.2260E-01
  0.2151E-01
  0.2327E-01
  0.2485E-01
  0.2614E-01
  0.2231E-01
  0.2861E-01
  0.2719E-01
  0.1933E-01
  0.2714E-01
  0.2718E-01
  0.2009E-01
  0.2743E-01
  0.2457E-01
  0.2610E-01
  0.2657E-01
  0.2377E-01
  0.2400E-01
  0.2548E-01
  0.2180E-01
  0.2432E-01
  0.2513E-01
  0.2711E-01
  0.2811E-01
  0.2816E-01
  0.1650E-01
  0.2816E-01
  0.2916E-01
  0.2888E-01
  0.2945E-01
  0.3022E-01
  0.2974E-01
  0.2061E-01
  0.2851E-01
  0.2680E-01
  0.2550E-01
  0.2061E-01
  0.1860E-01
  0.2738E-01
  0.2798E-01
  0.1069E-01
  0.2132E-01
  0.2883E-01
  0.3020E-01
  0.2815E-01
  0.9126E-02
  0.2746E-01
  0.2872E-01
  0.1619E-01
  0.2619E-01
  0.1887E-01
  0.1791E-01
  0.2617E-01
  0.1490E-01
  0.3011E-01
  0.3050E-01
  0.3055E-01
  0.3011E-01
  0.2551E-01
  0.2243E-01
  0.2428E-01
  0.2799E-01
  0.2459E-01
  0.2569E-01
  0.2341E-01
  0.2005E-01
  0.1477E-01
  0.1266E-01
  0.1380E-01
  0.1984E-01
  0.2293E-01
  0.2239E-01
  0.1877E-01
  0.4919E-02
  0.1852E-01
  0.2223E-01
  0.2323E-01
  0.2135E-01
  0.1691E-01
  0.1127E-01
  0.9362E-02
  0.2072E-01
  0.5725E-02
  0.2293E-01
  0.2459E-01
  0.2452E-01
  0.1387E-01
  0.2374E-01
  0.2354E-01
  0.2070E-01
  0.1297E-01
  0.5699E-02
  0.1814E-01
  0.8231E-02
  0.1259E-01
  0.1980E-01
  0.1981E-01
  0.1706E-01
  0.6328E-02
  0.1505E-01
  0.7071E-02
  0.1508E-01
  0.1163E-01
  0.1694E-01
  0.1474E-01
  0.9771E-02
  0.8380E-02
  0.7749E-02
  0.7469E-02
  0.1393E-01
  0.1688E-01
  0.9806E-02
  0.1819E-01
  0.1173E-01
  0.1333E-01
  0.4498E-02
  0.1334E-01
  0.1171E-01
  0.5238E-02
  0.7505E-02
  0.7825E-02
  0.1177E-01
  0.1331E-01
  0.1057E-01
  0.6750E-02
  0.1606E-01
  0.1551E-01
  0.1254E-01
  0.7444E-02
  0.1261E-01
  0.1124E-01
  0.1071E-01
  0.6071E-02
  0.6348E-02
  0.8192E-02
  0.5894E-02
  0.1002E-01
  0.9455E-02
  0.1379E-01
  0.1499E-01
  0.1516E-01
  0.1314E-01
  0.1453E-01
  0.1359E-01
  0.1111E-01
  0.9966E-02
  0.1002E-01
  0.4210E-02
  0.4069E-02
  0.5504E-02
  0.8603E-02
  0.1138E-01
  0.1084E-01
  0.3544E-02
  0.1175E-01
  0.1193E-01
  0.7780E-02
  0.4053E-02
  0.1033E-01
  0.1148E-01
  0.1051E-01
  0.7853E-02
  0.2957E-02
  0.7561E-02
  0.1046E-01
  0.1220E-01
  0.1333E-01
  0.1385E-01
  0.1480E-01
  0.1523E-01
  0.1558E-01
  0.1515E-01
  0.1590E-01
  0.1389E-01
  0.1536E-01
  0.1540E-01
  0.1439E-01
  0.1212E-01
  0.9602E-02
  0.1508E-01
  0.1554E-01
  0.1506E-01
  0.5022E-02
  0.1375E-01
  0.1089E-01
  0.1434E-01
  0.1337E-01
  0.9300E-02
  0.1195E-01
  0.5087E-02
  0.1205E-01
  0.1128E-01
  0.9931E-02
  0.7857E-02
  0.4481E-02
  0.4942E-02
  0.7960E-02
  0.9220E-02
  0.9652E-02
  0.6921E-02
  0.3040E-02
  0.8481E-02
  0.9344E-02
  0.5678E-02
  0.7709E-02
  0.9981E-02
  0.1002E-01
  0.9273E-02
  0.7413E-02
  0.2538E-02
  0.4670E-02
  0.3445E-02
  0.8356E-02
  0.9323E-02
  0.9881E-02
  0.4847E-02
  0.8960E-02
  0.6869E-02
  0.3286E-02
  0.2219E-02
  0.5057E-02
  0.6898E-02
  0.5449E-02
  0.1862E-02
  0.3180E-02
  0.5130E-02
  0.7184E-02
  0.8217E-02
  0.8680E-02
  0.8797E-02
  0.7764E-02
  0.4239E-02
  0.6172E-02
  0.8355E-02
  0.7118E-02
  0.7735E-02
  0.4758E-02
  0.4421E-02
  0.4921E-02
  0.6553E-02
  0.7330E-02
  0.3470E-02
  0.6002E-02
  0.7936E-02
  0.8629E-02
  0.6090E-02
  0.7189E-02
  0.5970E-02
  0.4234E-02
  0.1975E-02
  0.5379E-02
  0.7079E-02
  0.7437E-02
  0.5366E-02
  0.7975E-02
  0.6833E-02
  0.4748E-02
  0.4740E-02
  0.2746E-02
  0.3497E-02
  0.3725E-02
  0.1458E-02
  0.1903E-02
  0.5935E-02
  0.6267E-02
  0.5322E-02
  0.2561E-02
  0.5705E-02
  0.7660E-02
  0.6785E-02
  0.8321E-02
  0.8417E-02
  0.3917E-02
  0.4023E-02
  0.5983E-02
  0.1549E-02
  0.1800E-02
  0.6395E-02
  0.7923E-02
  0.8586E-02
  0.7112E-02
  0.7895E-02
  0.9088E-02
  0.8758E-02
  0.8667E-02
  0.4023E-02
  0.7551E-02
  0.5879E-02
  0.3790E-02
  0.2625E-02
  0.5876E-02
  0.6215E-02
  0.5013E-02
  0.1629E-02
  0.5435E-02
  0.6818E-02
  0.3988E-02
  0.7919E-02
  0.6898E-02
  0.5689E-02
  0.1435E-02
  0.7154E-02
  0.4614E-02
  0.8114E-02
  0.8606E-02
  0.9064E-02
  0.7331E-02
  0.7120E-02
  0.8119E-02
  0.8108E-02
  0.5506E-02
  0.5235E-02
  0.7658E-02
  0.8327E-02
  0.8233E-02
  0.7501E-02
  0.6591E-02
  0.5511E-02
  0.1793E-02
  0.2109E-02
  0.3912E-02
  0.5652E-02
  0.6328E-02
  0.7368E-02
  0.7343E-02
  0.5525E-02
  0.4978E-02
  0.7613E-02
  0.6497E-02
  0.4497E-02
  0.8730E-02
  0.8499E-02
  0.7884E-02
  0.6791E-02
  0.4534E-02
  0.2046E-02
  0.4514E-02
  0.6221E-02
  0.4544E-02
  0.7232E-02
  0.5566E-02
  0.3204E-02
  0.6732E-02
  0.4249E-02
  0.8973E-02
  0.6549E-02
  0.9337E-02
  0.8845E-02
  0.8506E-02
  0.5880E-02
  0.5277E-02
  0.7643E-02
  0.9709E-02
  0.1022E-01
  0.9249E-02
  0.8248E-02
  0.1058E-01
  0.1021E-01
  0.9658E-02
  0.8769E-02
  0.7483E-02
  0.3421E-02
  0.6064E-02
  0.6469E-02
  0.4008E-02
  0.2109E-02
  0.5040E-02
  0.6972E-02
  0.8094E-02
  0.1153E-02
  0.8067E-02
  0.3498E-02
  0.8198E-02
  0.8059E-02
  0.7070E-02
  0.5531E-02
  0.2951E-02
  0.3380E-02
  0.5653E-02
  0.6308E-02
  0.7913E-02
  0.8945E-02
  0.9265E-02
  0.3361E-02
  0.1004E-01
  0.1049E-01
  0.7380E-02
  0.1068E-01
  0.5723E-02
  0.6732E-02
  0.1032E-01
  0.9990E-02
  0.9211E-02
  0.7548E-02
  0.3567E-02
  0.3915E-02
  0.3844E-02
  0.3942E-02
  0.6641E-02
  0.4378E-02
  0.7164E-02
  0.3235E-02
  0.1009E-01
  0.1069E-01
  0.1030E-01
  0.1506E-02
  0.2194E-02
  0.9439E-02
  0.7780E-02
  0.4386E-02
  0.8733E-02
  0.6709E-02
  0.5011E-02
  0.3706E-02
  0.7564E-02
  0.8739E-02
  0.3093E-02
  0.4042E-02
  0.2008E-02
  0.1466E-02
  0.7472E-02
  0.8317E-02
  0.7869E-02
  0.3282E-02
  0.3237E-02
  0.2196E-02
  0.2121E-02
  0.4656E-02
  0.4537E-02
  0.1057E-02
  0.1955E-02
  0.1096E-02
  0.2568E-02
  0.3214E-02
  0.3158E-02
  0.2254E-02
  0.1046E-02
  0.1355E-02
  0.2564E-02
  0.2704E-02
  0.2781E-02
  0.1799E-02
  0.8792E-03
  0.2907E-02
  0.3946E-02
  0.3857E-02
  0.2957E-02
  0.6598E-03
  0.9716E-03
  0.1896E-02
  0.2692E-02
  0.4615E-02
  0.4284E-02
  0.5150E-02
  0.2075E-02
  0.1719E-02
  0.6239E-02
  0.5243E-02
  0.3021E-02
  0.3347E-02
  0.8420E-02
  0.9343E-02
  0.6509E-02
  0.3614E-02
  0.4921E-02
  0.3333E-02
  0.2307E-02
  0.5979E-02
  0.2541E-02
  0.8568E-02
  0.1652E-02
  0.9004E-02
  0.2030E-02
  0.9113E-02
  0.2990E-02
  0.4689E-03
  0.7139E-02
  0.1088E-01
  0.1368E-01
  0.1432E-01
  0.1308E-01
  0.1264E-01
  0.4162E-03
  0.1391E-01
  0.1492E-01
  0.1486E-01
  0.1512E-01
  0.1571E-01
  0.1434E-01
  0.1374E-01
  0.1333E-01
  0.6662E-02
  0.6952E-02
  0.8930E-02
  0.7373E-02
  0.3955E-02
  0.6618E-02
  0.1116E-01
  0.1096E-01
  0.1073E-01
  0.4508E-02
  0.5986E-02
  0.1247E-01
  0.2591E-02
  0.6426E-02
  0.1241E-01
  0.9677E-02
  0.7645E-02
  0.3580E-02
  0.8005E-02
  0.9744E-02
  0.8103E-02
  0.3220E-02
  0.2924E-02
  0.5442E-02
  0.5800E-02
  0.4556E-02
  0.1608E-02
  0.2550E-02
  0.4530E-02
  0.4791E-02
  0.3365E-02
  0.9578E-03
  0.2595E-02
  0.4325E-02
  0.4119E-02
  0.3277E-03
  0.9591E-03
  0.3498E-02
  0.3506E-02
  0.8581E-03
  0.4343E-03
  0.2799E-02
  0.8629E-03
  0.1820E-02
  0.1808E-02
  0.2756E-02
  0.1092E-02
  0.1480E-02
  0.5015E-03
  0.1208E-02
  0.2530E-03
  0.1409E-02
  0.1032E-02
  0.3814E-03
  0.5755E-03
  0.8815E-03
  0.9066E-03
  0.7545E-03
  0.4231E-03
  0.3454E-03
  0.5638E-03
  0.7287E-03
  0.6605E-03
  0.4397E-03
  0.2746E-03
  0.5557E-03
  0.6941E-03
  0.7436E-03
  0.5498E-03
  0.2605E-03
  0.7225E-03
  0.4460E-03
  0.2501E-03
  0.2802E-03
  0.8086E-03
  0.7912E-03
  0.3627E-03
  0.5115E-03
  0.9736E-03
  0.1188E-02
  0.1062E-02
  0.4612E-03
  0.9565E-03
  0.1810E-02
  0.2013E-02
  0.5428E-03
  0.7771E-03
  0.2716E-02
  0.3087E-02
  0.2906E-02
  0.3611E-02
  0.5917E-03
  0.8765E-03
  0.3844E-02
  0.4590E-02
  0.2855E-02
  0.2054E-02
  0.1299E-02
  0.3817E-02
  0.5202E-02
  0.2777E-02
  0.4046E-02
  0.1071E-02
  0.3432E-02
  0.5227E-02
  0.2990E-02
  0.4320E-02
  0.1005E-02
  0.3634E-02
  0.6008E-02
  0.3837E-02
  0.5251E-02
  0.1501E-02
  0.1618E-02
  0.1634E-02
  0.4541E-02
  0.8033E-02
  0.1066E-01
  0.1050E-01
  0.5260E-02
  0.3724E-02
  0.1145E-01
  0.1482E-01
  0.1520E-01
  0.1199E-01
  0.1036E-01
  0.1716E-01
  0.1807E-01
  0.1115E-01
  0.2122E-01
  0.2025E-01
  0.1853E-01
  0.7743E-02
  0.1818E-01
  0.1912E-01
  0.1412E-01
  0.1933E-01
  0.2122E-01
  0.2000E-01
  0.1928E-01
  0.1793E-01
  0.2127E-01
  0.1535E-01
  0.2118E-01
  0.2124E-01
  0.2259E-01
  0.2267E-01
  0.4388E-02
  0.2182E-01
  0.2273E-01
  0.2316E-01
  0.2375E-01
  0.2377E-01
  0.2361E-01
  0.2378E-01
  0.1508E-01
  0.2313E-01
  0.2368E-01
  0.1915E-01
  0.2350E-01
  0.2313E-01
  0.2217E-01
  0.2339E-01
  0.2031E-01
  0.2350E-01
  0.2294E-01
  0.1657E-01
  0.2262E-01
  0.2249E-01
  0.1776E-01
  0.1998E-01
  0.1696E-01
  0.1309E-01
  0.2062E-01
  0.1772E-01
  0.5056E-02
  0.1192E-01
  0.9770E-02
  0.5594E-02
  0.8591E-02
  0.8072E-02
  0.6057E-02
  0.3421E-02
  0.1582E-02
  0.4908E-02
  0.3668E-02
  0.3507E-02
  0.2545E-02
  0.1304E-02
  0.2354E-02
  0.2174E-02
  0.5621E-03
  0.1074E-02
  0.7821E-03
  0.7822E-03
  0.1811E-03
  0.5789E-03
  0.7067E-03
  0.1566E-03
  0.5606E-03
  0.3282E-03
  0.1200E-03
  0.2584E-03
  0.2282E-03
  0.2126E-03
  0.1394E-03
  0.1270E-03
  0.1943E-03
  0.1227E-03
  0.1451E-03
  0.1226E-03
  0.1241E-03
  0.1288E-03
  0.8837E-04
  0.9269E-04
  0.1116E-03
  0.6220E-04
  0.8421E-04
  0.9520E-04
  0.6214E-04
  0.9515E-04
  0.8751E-04
  0.3668E-04
  0.8776E-04
  0.8935E-04
  0.7412E-04
  0.7992E-04
  0.8641E-04
  0.8206E-04
  0.3965E-05
  0.7964E-04
  0.8299E-04
  0.7847E-04
  0.1745E-04
  0.4848E-05
  0.7539E-04
  0.7622E-04
  0.7001E-04
  0.8264E-04
  0.7801E-04
  0.6412E-04
  0.4305E-04
  0.6702E-04
  0.7059E-04
  0.7337E-04
  0.7338E-04
  0.7232E-04
  0.5134E-05
  0.6802E-04
  0.6545E-04
  0.6422E-04
  0.6445E-04
  0.6559E-04
  0.6624E-04
  0.6891E-04
  0.7246E-04
  0.5762E-04
  0.4204E-04
  0.5248E-05
  0.5298E-04
  0.6047E-04
  0.3707E-04
  0.5131E-04
  0.4909E-04
  0.3734E-05
  0.4828E-04
  0.5416E-04
  0.2607E-04
  0.4263E-04
  0.2827E-04
  0.4524E-05
  0.4272E-04
  0.4058E-04
  0.6198E-05
  0.3770E-04
  0.3807E-04
  0.1340E-04
  0.3015E-04
  0.2647E-04
  0.1722E-04
  0.1376E-04
  0.3129E-04
  0.3037E-04
  0.1354E-04
  0.1641E-04
  0.1264E-04
  0.2114E-04
  0.2413E-05
  0.1242E-04
  0.3823E-04
  0.2352E-05
  0.1962E-04
  0.2743E-04
  0.2855E-04
  0.2628E-04
  0.2009E-04
  0.1173E-04
  0.2233E-05
  0.1028E-04
  0.1541E-04
  0.2049E-04
  0.2384E-04
  0.2604E-04
  0.2770E-04
  0.2894E-04
  0.2979E-04
  0.2987E-04
  0.2830E-04
  0.1843E-04
  0.2213E-04
  0.3715E-04
  0.4273E-04
  0.4445E-04
  0.3940E-04
  0.4596E-04
  0.4768E-04
  0.3542E-04
  0.4876E-04
  0.3725E-04
  0.4996E-04
  0.5149E-04
  0.5385E-04
  0.5730E-04
  0.6204E-04
  0.6829E-04
  0.7654E-04
  0.8771E-04
  0.1038E-03
  0.1277E-03
  0.2049E-03
  0.2732E-03
  0.3642E-03
  0.4862E-03
  0.6640E-03
  0.1177E-02
  0.1729E-02
  0.2406E-02
  0.2675E-02
  0.8770E-02
  0.1405E-01
  0.2831E-02
  0.1527E-01
  0.1613E-01
  0.7165E-02
  0.1127E-01
  0.1563E-01
  0.1303E-01
  0.1767E-02
  0.1348E-01
  0.1576E-01
  0.1378E-01
  0.4954E-02
  0.1542E-01
  0.1799E-01
  0.1502E-01
  0.1568E-01
  0.1582E-01
  0.1476E-01
  0.1161E-01
  0.5694E-02
  0.1720E-02
  0.5603E-02
  0.8917E-02
  0.1091E-01
  0.1223E-01
  0.1293E-01
  0.1332E-01
  0.1356E-01
  0.1331E-01
  0.1325E-01
  0.1355E-01
  0.1150E-01
  0.1053E-01
  0.1411E-01
  0.1603E-01
  0.1451E-01
  0.1500E-01
  0.1445E-01
  0.1586E-01
  0.1526E-01
  0.1644E-01
  0.1502E-01
  0.1418E-01
  0.1636E-01
  0.1419E-01
  0.1184E-01
  0.1358E-01
  0.1238E-01
  0.5134E-02
  0.6662E-02
  0.8818E-02
  0.5862E-02
  0.4004E-03
  0.2879E-02
  0.3873E-02
  0.1743E-02
  0.2590E-03
  0.1619E-02
  0.1767E-02
  0.5523E-03
  0.4945E-03
  0.1255E-02
  0.9414E-03
  0.6450E-04
  0.7930E-03
  0.1181E-02
  0.4789E-03
  0.4528E-03
  0.1790E-02
  0.1677E-02
  0.4799E-03
