 height of levels
  0.0000E+00
  0.1439E+05
  0.2784E+05
  0.4036E+05
  0.5201E+05
  0.6289E+05
  0.7308E+05
  0.8268E+05
  0.9178E+05
  0.1005E+06
  0.1088E+06
  0.1170E+06
  0.1249E+06
  0.1327E+06
  0.1405E+06
  0.1482E+06
  0.1559E+06
  0.1638E+06
  0.1717E+06
  0.1797E+06
  0.1879E+06
  0.1962E+06
  0.2047E+06
  0.2135E+06
  0.2225E+06
  0.2318E+06
  0.2413E+06
  0.2512E+06
  0.2615E+06
  0.2721E+06
  0.2831E+06
  0.2945E+06
  0.3065E+06
  0.3190E+06
  0.3321E+06
  0.3459E+06
  0.3604E+06
  0.3757E+06
  0.3920E+06
  0.4094E+06
  0.4281E+06
  0.4482E+06
  0.4697E+06
  0.4908E+06
  0.5133E+06
  0.5387E+06
  0.5677E+06
  0.6015E+06
  0.6413E+06
  0.6833E+06
  0.6960E+06
