 Upwards broadband flux at each level [W/m2]
      304.1716
      288.7951
      272.7712
      258.0542
      244.8764
      233.2509
      223.0984
      214.2930
      206.6863
      200.1258
      194.4660
      189.5748
      185.3357
      182.0222
      179.9211
      178.3718
      177.1434
      176.2309
      175.5443
      175.0237
      174.5747
      174.2814
      174.1461
      174.1128
      174.1665
      174.2274
      174.2928
      174.3006
      174.2732
      174.2222
      174.1226
      173.9167
      173.7068
      173.5002
      173.3001
      173.0850
      172.7462
      172.2219
      171.6272
      171.0476
      170.6242
      170.4804
      170.5188
      170.4698
      170.1847
      169.8258
      169.5666
      169.4552
      169.4899
      169.4868
      169.4531
