 Shortwave heating rate [K/s]
  0.7159E-05
  0.7194E-05
  0.7576E-05
  0.8129E-05
  0.8774E-05
  0.9467E-05
  0.1016E-04
  0.1086E-04
  0.1155E-04
  0.1226E-04
  0.1301E-04
  0.1381E-04
  0.1470E-04
  0.1571E-04
  0.1684E-04
  0.1806E-04
  0.1934E-04
  0.2066E-04
  0.2201E-04
  0.2341E-04
  0.2489E-04
  0.2645E-04
  0.2813E-04
  0.2992E-04
  0.3187E-04
  0.3432E-04
  0.3722E-04
  0.4042E-04
  0.4405E-04
  0.4844E-04
  0.5416E-04
  0.6197E-04
  0.7271E-04
  0.8682E-04
  0.1038E-03
  0.1222E-03
  0.1403E-03
  0.1587E-03
  0.1810E-03
  0.2083E-03
  0.2405E-03
  0.2905E-03
  0.3996E-03
  0.6352E-03
  0.8461E-03
  0.1054E-02
  0.2937E-02
  0.4927E-02
  0.9031E-02
  0.1755E-01
