 Downwards broadband flux at each level [W/m2]
      200.3196
      589.8358
      748.2083
      807.1254
      805.2798
      780.4600
      753.8399
      729.5502
      707.2143
      683.1158
      653.3009
      617.3844
      575.9509
      528.2805
      477.1782
      428.8326
      384.7023
      344.8491
      308.6232
      275.3192
      244.2899
      215.6637
      189.1825
      164.2883
      141.4441
      120.7284
      102.4809
       86.5725
       73.0228
       61.3973
       51.5816
       43.3517
       36.4577
       31.0385
       26.1704
       21.4658
       17.1083
       13.4292
       10.5516
        8.1531
        6.1812
        4.6628
        3.5968
        2.8687
        2.3386
        1.8809
        1.4438
        0.9380
        0.3088
        0.0292
        0.0000
