 tauray
                          0.4725845005148258E-16
                          0.2163589455040481E-10
                          0.3203154525141574E-09
                          0.1579635674738536E-08
                          0.4927093174963515E-08
                          0.1193408422708021E-07
                          0.2461590476513089E-07
                          0.4543175038330896E-07
                          0.7728471633595896E-07
                          0.1235217975375765E-06
                          0.1879338885628086E-06
                          0.2747557836464534E-06
                          0.3886661766834596E-06
                          0.5347876612289277E-06
                          0.7186867304981086E-06
                          0.9463737773664058E-06
                          0.1224303094369372E-05
                          0.1559372873702714E-05
                          0.1958925207222286E-05
                          0.2430746086444096E-05
                          0.2983065402544300E-05
                          0.3624556946359211E-05
                          0.4364338408385288E-05
                          0.5211971378779138E-05
                          0.6177461347357534E-05
                          0.7271257703597384E-05
                          0.8504253736635756E-05
                          0.9887786635269852E-05
                          0.1143363748795707E-04
                          0.1315403128281489E-04
                          0.1506163690762102E-04
                          0.1716956714981325E-04
                          0.1949137869648957E-04
                          0.2204107213440809E-04
                          0.2483309194998710E-04
                          0.2788232652930502E-04
                          0.3120410815810040E-04
                          0.3481421302177202E-04
                          0.3872886120537875E-04
                          0.4296471669363956E-04
                          0.4753888737093369E-04
                          0.5246892502130045E-04
                          0.5777282532843937E-04
                          0.6346902787571000E-04
                          0.6957641614613215E-04
                          0.7611431752238578E-04
                          0.8310250328681102E-04
                          0.9056118862140802E-04
                          0.9851103260783724E-04
                          0.1069731382274191E-03
                          0.1159690523611346E-03
                          0.1255207657896242E-03
                          0.1356507131931890E-03
                          0.1463817731517905E-03
                          0.1577372681450494E-03
                          0.1697409645522475E-03
                          0.1824170726523265E-03
                          0.1957902466238880E-03
                          0.2098855845451938E-03
                          0.2247286283941660E-03
                          0.2403453640483872E-03
                          0.2567622212850990E-03
                          0.2740060737812045E-03
                          0.2921042391132662E-03
                          0.3110844787575073E-03
                          0.3309749980898097E-03
                          0.3518044463857175E-03
                          0.3736019168204335E-03
                          0.3963969464688211E-03
                          0.4202195163054042E-03
                          0.4451000512043664E-03
                          0.4710694199395516E-03
                          0.4981589351844634E-03
                          0.5264003535122662E-03
                          0.5558258753957849E-03
                          0.5864681452075030E-03
                          0.6183602512195660E-03
                          0.6515357256037779E-03
                          0.6860285444316036E-03
                          0.7218731276741696E-03
                          0.7591043392022591E-03
                          0.7977574867863189E-03
                          0.8378683220964547E-03
                          0.8794730407024309E-03
                          0.9226082820736751E-03
                          0.9673111295792718E-03
                          0.1013619110487967E-02
                          0.1061570195968168E-02
                          0.1111202801087940E-02
                          0.1162555784815012E-02
                          0.1215668450016768E-02
                          0.1270580543460256E-02
                          0.1327332255812184E-02
                          0.1385964221638917E-02
                          0.1446517519406484E-02
                          0.1509033671480572E-02
                          0.1573554644126528E-02
                          0.1640122847509361E-02
                          0.1708781135693739E-02
                          0.1779572806643989E-02
                          0.1852541602224101E-02
                          0.1927731708197722E-02
                          0.2005187754228160E-02
                          0.2084954813878383E-02
                          0.2167078404611024E-02
                          0.2251604487788368E-02
                          0.2338579468672366E-02
                          0.2428050196424627E-02
                          0.2520063964106418E-02
                          0.2614668508678674E-02
                          0.2711912011001982E-02
                          0.2811843095836588E-02
                          0.2914510831842409E-02
                          0.3019964731579009E-02
                          0.3128254751505623E-02
                          0.3239431291981140E-02
                          0.3353545197264107E-02
                          0.3470647755512744E-02
                          0.3590790698784911E-02
                          0.3714026203038147E-02
                          0.3840406888129640E-02
                          0.3969985817816242E-02
                          0.4102816499754466E-02
                          0.4238952885500478E-02
                          0.4378449370510118E-02
                          0.4521360794138873E-02
                          0.4667742439641897E-02
                          0.4817650034174002E-02
                          0.4971139748789660E-02
                          0.5128268198443004E-02
                          0.5289092441987827E-02
                          0.5453669982177581E-02
                          0.5622058765665377E-02
                          0.5794317183003992E-02
                          0.5970504068645862E-02
                          0.6150678700943075E-02
                          0.6334900802147382E-02
                          0.6523230538410210E-02
                          0.6715728519782616E-02
                          0.6912455800215346E-02
                          0.7113473877558792E-02
                          0.7318844693563007E-02
                          0.7528630633877704E-02
                          0.7742894528052264E-02
                          0.7961699649535713E-02
                          0.8185109715676755E-02
                          0.8413188887723735E-02
                          0.8646001770824675E-02
                          0.8883613414027249E-02
                          0.9126089310278793E-02
                          0.9373495396426313E-02
                          0.9625898053216442E-02
                          0.9883364105295516E-02
                          0.1014596082120951E-01
                          0.1041375591340404E-01
                          0.1068681753822443E-01
                          0.1096521429591562E-01
                          0.1124901523062223E-01
                          0.1153828983038854E-01
                          0.1183310802715848E-01
                          0.1213354019677566E-01
                          0.1243965715898333E-01
                          0.1275153017742440E-01
                          0.1306923095964146E-01
                          0.1339283165707674E-01
                          0.1372240486507214E-01
                          0.1405802362286922E-01
                          0.1439976141360920E-01
                          0.1474769216433295E-01
                          0.1510189024598101E-01
                          0.1546243047339360E-01
                          0.1582938810531054E-01
                          0.1620283884437139E-01
                          0.1658285883711530E-01
                          0.1696952467398113E-01
                          0.1736291338930737E-01
                          0.1776310246133218E-01
                          0.1817016981219337E-01
                          0.1858419380792844E-01
                          0.1900525325847452E-01
                          0.1943342741766840E-01
                          0.1986879598324656E-01
                          0.2031143909684512E-01
                          0.2076143734399983E-01
                          0.2121887175414616E-01
                          0.2168382380061923E-01
                          0.2215637540065375E-01
                          0.2263660891538416E-01
                          0.2312460714984456E-01
                          0.2362045335296869E-01
                          0.2412423121758994E-01
                          0.2463602488044135E-01
                          0.2515591892215568E-01
                          0.2568399836726530E-01
                          0.2622034868420227E-01
                          0.2676505578529825E-01
                          0.2731820602678463E-01
                          0.2787988620879242E-01
                          0.2845018357535233E-01
                          0.2902918581439469E-01
                          0.2961698105774948E-01
                          0.3021365788114641E-01
                          0.3081930530421475E-01
                          0.3143401279048352E-01
                          0.3205787024738135E-01
                          0.3269096802623653E-01
                          0.3333339692227706E-01
                          0.3398524817463057E-01
                          0.3464661346632430E-01
                          0.3531758492428518E-01
                          0.3599825511933989E-01
                          0.3668871706621468E-01
                          0.3738906422353543E-01
                          0.3809939049382774E-01
                          0.3881979022351684E-01
                          0.3955035820292770E-01
                          0.4029118966628482E-01
                          0.4104238029171244E-01
                          0.4180402620123446E-01
                          0.4257622396077444E-01
                          0.4335907058015555E-01
                          0.4415266351310065E-01
                          0.4495710065723234E-01
                          0.4577248035407276E-01
                          0.4659890138904374E-01
                          0.4743646299146680E-01
                          0.4828526483456309E-01
                          0.4914540703545348E-01
                          0.5001699015515841E-01
                          0.5090011519859808E-01
                          0.5179488361459225E-01
                          0.5270139729586041E-01
                          0.5361975857902170E-01
                          0.5455007024459489E-01
                          0.5549243551699844E-01
                          0.5644695806455044E-01
                          0.5741374199946866E-01
                          0.5839289187787056E-01
                          0.5938451269977321E-01
                          0.6038870990909334E-01
                          0.6140558939364738E-01
                          0.6243525748515140E-01
                          0.6347782095922112E-01
                          0.6453338703537201E-01
                          0.6560206337701893E-01
                          0.6668395809147677E-01
                          0.6777917972995984E-01
                          0.6888783728758217E-01
                          0.7001004020335740E-01
                          0.7114589836019897E-01
                          0.7229552208491984E-01
                          0.7345902214823269E-01
                          0.7463650976474985E-01
                          0.7582809659298335E-01
                          0.7703389473534471E-01
                          0.7825401673814543E-01
                          0.7948857559159635E-01
                          0.8073768472980819E-01
                          0.8200145803079109E-01
                          0.8328000981645518E-01
                          0.8457345485260999E-01
                          0.8588190834896477E-01
                          0.8720548595912851E-01
                          0.8854430378060982E-01
                          0.8989847835481679E-01
                          0.9126812666705761E-01
                          0.9265336614653959E-01
                          0.9405431466637006E-01
                          0.9547109054355596E-01
                          0.9690381253900381E-01
                          0.9835259985751978E-01
                          0.9981757214780981E-01
                          0.1012988495024793E+00
                          0.1027965524580337E+00
                          0.1043108019948777E+00
                          0.1058417195373158E+00
                          0.1073894269535522E+00
                          0.1089540465556908E+00
                          0.1105357010997350E+00
                          0.1121345137855879E+00
                          0.1137506082570525E+00
                          0.1153841086018312E+00
                          0.1170351393515261E+00
                          0.1187038254816390E+00
                          0.1203902924115714E+00
                          0.1220946660046243E+00
                          0.1238170725679987E+00
                          0.1255576388527948E+00
                          0.1273164920540129E+00
                          0.1290937598105525E+00
                          0.1308895702052132E+00
                          0.1327040517646941E+00
                          0.1345373334595940E+00
                          0.1363895447044110E+00
                          0.1382608153575434E+00
                          0.1401512757212888E+00
                          0.1420610565418447E+00
                          0.1439902890093081E+00
                          0.1459391047576757E+00
                          0.1479076358648437E+00
                          0.1498960148526083E+00
                          0.1519043746866652E+00
                          0.1539328487766096E+00
                          0.1559815709759365E+00
                          0.1580506755820407E+00
                          0.1601402973362165E+00
                          0.1622505714236577E+00
                          0.1643816334734581E+00
                          0.1665336195586110E+00
                          0.1687066661960094E+00
                          0.1709009103464458E+00
                          0.1731164894146124E+00
                          0.1753535412491013E+00
                          0.1776122041424041E+00
                          0.1798926168309120E+00
                          0.1821949184949161E+00
                          0.1845192487586066E+00
                          0.1868657476900740E+00
                          0.1892345558013083E+00
                          0.1916258140481988E+00
                          0.1940396638305349E+00
                          0.1964762469920054E+00
                          0.1989357058201990E+00
                          0.2014181830466035E+00
                          0.2039238218466072E+00
                          0.2064527658394976E+00
                          0.2090051590884617E+00
                          0.2115811461005862E+00
                          0.2141808718268579E+00
                          0.2168044816621630E+00
                          0.2194521214452870E+00
                          0.2221239374589157E+00
                          0.2248200764296341E+00
                          0.2275406855279268E+00
                          0.2302859123681788E+00
                          0.2330559050086736E+00
                          0.2358508119515956E+00
                          0.2386707821430276E+00
                          0.2415159649729532E+00
                          0.2443865102752549E+00
                          0.2472825683277153E+00
                          0.2502042898520163E+00
                          0.2531518260137398E+00
                          0.2561253284223672E+00
                          0.2591249491312794E+00
                          0.2621508406377573E+00
                          0.2652031558829812E+00
                          0.2682820482520313E+00
                          0.2713876715738869E+00
                          0.2745201801214279E+00
                          0.2776797286114328E+00
                          0.2808664722045807E+00
                          0.2840805665054498E+00
                          0.2873221675625184E+00
                          0.2905914318681634E+00
                          0.2938885163586629E+00
                          0.2972135784141934E+00
                          0.3005667758588318E+00
                          0.3039482669605544E+00
                          0.3073582104312372E+00
                          0.3107967654266555E+00
                          0.3142640915464849E+00
                          0.3177603488343003E+00
                          0.3212856977775763E+00
                          0.3248402993076869E+00
                          0.3284243147999065E+00
                          0.3320379060734086E+00
                          0.3356812353912662E+00
                          0.3393544654604523E+00
                          0.3430577594318393E+00
                          0.3467912809002001E+00
                          0.3505551939042058E+00
                          0.3543496629264283E+00
                          0.3581748528933386E+00
                          0.3620309291753081E+00
                          0.3659180575866066E+00
                          0.3698364043854046E+00
                          0.3737861362737724E+00
                          0.3777674203976788E+00
                          0.3817804243469937E+00
                          0.3858253161554852E+00
                          0.3899022643008219E+00
                          0.3940114377045726E+00
                          0.3981530057322045E+00
                          0.4023271381930850E+00
                          0.4065340053404817E+00
                          0.4107737778715610E+00
                          0.4150466269273900E+00
                          0.4193527240929337E+00
                          0.4236922413970589E+00
                          0.4280653513125307E+00
                          0.4324722267560139E+00
                          0.4369130410880738E+00
                          0.4413879681131740E+00
                          0.4458971820796791E+00
                          0.4504408576798531E+00
                          0.4550191700498589E+00
                          0.4596322947697601E+00
                          0.4642804078635185E+00
                          0.4689636857989977E+00
                          0.4736823054879583E+00
                          0.4784364442860631E+00
                          0.4832262799928731E+00
                          0.4880519908518493E+00
                          0.4929137555503525E+00
                          0.4978117532196430E+00
                          0.5027461634348804E+00
                          0.5077171662151250E+00
                          0.5127249420233359E+00
                          0.5177696717663713E+00
                          0.5228515367949914E+00
                          0.5279707189038532E+00
                          0.5331274003315147E+00
                          0.5383217637604343E+00
                          0.5435539923169687E+00
                          0.5488242695713751E+00
                          0.5541327795378098E+00
                          0.5594797066743294E+00
                          0.5648652358828899E+00
                          0.5702895525093461E+00
                          0.5757528423434540E+00
                          0.5812552916188685E+00
                          0.5867970870131435E+00
                          0.5923784156477340E+00
                          0.5979994650879934E+00
                          0.6036604233431748E+00
                          0.6093614788664330E+00
                          0.6151028205548188E+00
                          0.6208846377492860E+00
                          0.6267071202346869E+00
                          0.6325704582397728E+00
                          0.6384748424371950E+00
                          0.6444204639435055E+00
                          0.6504075143191542E+00
                          0.6564361855684923E+00
                          0.6625066701397696E+00
                          0.6686191609251358E+00
                          0.6747738512606399E+00
                          0.6809709349262328E+00
                          0.6872106061457611E+00
                          0.6934930595869747E+00
                          0.6998184903615213E+00
                          0.7061870940249486E+00
                          0.7125990665767038E+00
                          0.7190546044601340E+00
                          0.7255539045624868E+00
                          0.7320971642149072E+00
                          0.7386845811924426E+00
                          0.7453163537140373E+00
                          0.7519926804425380E+00
                          0.7587137604846893E+00
                          0.7654797933911359E+00
                          0.7722909791564222E+00
                          0.7791475182189918E+00
                          0.7860496114611889E+00
                          0.7929974602092564E+00
                          0.7999912662333377E+00
                          0.8070312317474755E+00
                          0.8141175594096117E+00
                          0.8212504523215880E+00
                          0.8284301140291472E+00
                          0.8356567485219307E+00
                          0.8429305602334771E+00
                          0.8502517540412297E+00
                          0.8576205352665276E+00
                          0.8650371096746108E+00
                          0.8725016834746188E+00
                          0.8800144633195912E+00
                          0.8875756563064666E+00
                          0.8951854699760839E+00
                          0.9028441123131814E+00
                          0.9105517917463958E+00
                          0.9183087171482665E+00
                          0.9261150978352304E+00
                          0.9339711435676227E+00
                          0.9418770645496816E+00
                          0.9498330714295431E+00
                          0.9578393752992423E+00
                          0.9658961876947160E+00
                          0.9740037205957980E+00
                          0.9821621864262238E+00
                          0.9903717980536281E+00
                          0.9986327687895444E+00
                          0.1006945312389407E+01
                          0.1015309643052549E+01
                          0.1023725975422204E+01
                          0.1032194524585505E+01
                          0.1040715506073485E+01
                          0.1049289135861075E+01
                          0.1057915630367105E+01
                          0.1066595206454310E+01
                          0.1075328081429320E+01
                          0.1084114473042665E+01
                          0.1092954599488776E+01
                          0.1101848679405983E+01
                          0.1110796931876514E+01
                          0.1119799576426502E+01
                          0.1128856833025973E+01
                          0.1137968922088857E+01
                          0.1147136064472984E+01
                          0.1156358481480079E+01
                          0.1165636394855770E+01
                          0.1174970026789586E+01
                          0.1184359599914954E+01
                          0.1193805337309200E+01
                          0.1203307462493550E+01
                          0.1212866199433130E+01
                          0.1222481772536967E+01
                          0.1232154406657985E+01
                          0.1241884327093010E+01
                          0.1251671759582765E+01
                          0.1261516930311877E+01
                          0.1271420065908867E+01
                          0.1281381393446160E+01
                          0.1291401140440080E+01
                          0.1301479534850848E+01
                          0.1311616805082589E+01
                          0.1321813179983324E+01
                          0.1332068888844975E+01
                          0.1342384161403364E+01
                          0.1352759227838211E+01
                          0.1363194318773138E+01
                          0.1373689665275666E+01
                          0.1384245498857214E+01
                          0.1394862051473103E+01
                          0.1405539555522552E+01
                          0.1416278243848680E+01
                          0.1427078349738506E+01
                          0.1437940106922949E+01
                          0.1448863749576827E+01
                          0.1459849512318857E+01
                          0.1470897630211657E+01
                          0.1482008338761745E+01
                          0.1493181873919539E+01
                          0.1504418472079351E+01
                          0.1515718370079402E+01
                          0.1527081805201803E+01
                          0.1538509015172574E+01
                          0.1550000238161628E+01
                          0.1561555712782781E+01
                          0.1573175678093746E+01
                          0.1584860373596137E+01
                          0.1596610039235469E+01
                          0.1608424915401155E+01
                          0.1620305242926508E+01
                          0.1632251263088739E+01
                          0.1644263217608964E+01
                          0.1656341348652194E+01
                          0.1668485898827338E+01
                          0.1680697111187211E+01
                          0.1692975229228522E+01
                          0.1705320496891881E+01
                          0.1717733158561801E+01
                          0.1730213459066690E+01
                          0.1742761643678858E+01
                          0.1755377958114514E+01
                          0.1768062648533769E+01
                          0.1780815961540629E+01
                          0.1793638144183005E+01
                          0.1806529443952703E+01
                          0.1819490108785430E+01
                          0.1832520387060796E+01
                          0.1845620527602306E+01
                          0.1858790779677368E+01
                          0.1872031392997287E+01
                          0.1885342617717270E+01
                          0.1898724704436421E+01
                          0.1912177904197747E+01
                          0.1925702468488152E+01
                          0.1939298649238441E+01
                          0.1952966698823320E+01
                          0.1966706870061388E+01
                          0.1980519416215153E+01
                          0.1994404590991017E+01
                          0.2008362648539283E+01
                          0.2022393843454153E+01
                          0.2036498430773731E+01
                          0.2050676665980016E+01
                          0.2064928804998910E+01
                          0.2079255104200218E+01
                          0.2093655820397637E+01
                          0.2108131210848768E+01
                          0.2122681533255111E+01
                          0.2137307045762070E+01
                          0.2152008006958938E+01
                          0.2166784675878916E+01
                          0.2181637311999107E+01
                          0.2196566175240508E+01
                          0.2211571525968011E+01
                          0.2226653624990422E+01
                          0.2241812733560434E+01
                          0.2257049113374645E+01
                          0.2272363026573552E+01
                          0.2287754735741551E+01
                          0.2303224503906939E+01
                          0.2318772594541910E+01
                          0.2334399271562562E+01
                          0.2350104799328887E+01
                          0.2365889442644784E+01
                          0.2381753466758044E+01
                          0.2397697137360361E+01
                          0.2413720720587331E+01
                          0.2429824483018445E+01
                          0.2446008691677097E+01
                          0.2462273614030580E+01
                          0.2478619517990085E+01
                          0.2495046671910707E+01
                          0.2511555344591436E+01
                          0.2528145805275162E+01
                          0.2544818323648677E+01
                          0.2561573169842673E+01
                          0.2578410614431738E+01
                          0.2595330928434364E+01
                          0.2612334383312940E+01
                          0.2629421250973755E+01
                          0.2646591803766998E+01
                          0.2663846314486757E+01
                          0.2681185056371021E+01
                          0.2698608303101679E+01
                          0.2716116328804519E+01
                          0.2733709408049224E+01
                          0.2751387815849383E+01
                          0.2769151827662486E+01
                          0.2787001719389918E+01
                          0.2804937767376960E+01
                          0.2822960248412802E+01
                          0.2841069439730528E+01
                          0.2859265619007124E+01
                          0.2877549064363474E+01
                          0.2895920054364362E+01
                          0.2914378868018471E+01
                          0.2932925784778386E+01
                          0.2951561084540589E+01
                          0.2970285047645464E+01
                          0.2989097954877291E+01
                          0.3008000087464257E+01
                          0.3026991727078437E+01
                          0.3046073155835817E+01
                          0.3065244656296282E+01
                          0.3084506511463606E+01
                          0.3103859004785471E+01
                          0.3123302420153458E+01
                          0.3142837041903047E+01
                          0.3162463154813618E+01
                          0.3182181044108447E+01
                          0.3201990995454716E+01
                          0.3221893294963505E+01
                          0.3241888229189787E+01
                          0.3261976085132442E+01
                          0.3282157150234250E+01
                          0.3302431712381885E+01
                          0.3322800059905920E+01
                          0.3343262481580842E+01
                          0.3363819266625020E+01
                          0.3384470704700727E+01
                          0.3405217085914146E+01
                          0.3426058700815346E+01
                          0.3446995840398305E+01
                          0.3468028796100894E+01
                          0.3489157859804892E+01
                          0.3510383323835967E+01
                          0.3531705480963697E+01
                          0.3553124624401553E+01
                          0.3574641047806908E+01
                          0.3596255045281036E+01
                          0.3617966911369103E+01
                          0.3639776941060187E+01
                          0.3661685429787257E+01
                          0.3683692673427184E+01
                          0.3705798968300738E+01
                          0.3728004611172590E+01
                          0.3750309899251310E+01
                          0.3772715130189367E+01
                          0.3795220602083132E+01
                          0.3817826613472870E+01
                          0.3840533463342757E+01
                          0.3863341451120851E+01
                          0.3886250876679125E+01
                          0.3909262040333452E+01
                          0.3932375242843590E+01
                          0.3955590785413213E+01
                          0.3978908969689882E+01
                          0.4002330097765065E+01
                          0.4025854472174129E+01
                          0.4049482395896341E+01
                          0.4073214172354865E+01
                          0.4097050105416760E+01
                          0.4120990499392999E+01
                          0.4145035659038443E+01
                          0.4169185889551854E+01
                          0.4193441496575899E+01
                          0.4217802786197138E+01
                          0.4242270064946036E+01
                          0.4266843639796953E+01
                          0.4291523818168152E+01
                          0.4316310907921793E+01
                          0.4341205217363946E+01
                          0.4366207055244564E+01
                          0.4391316730757506E+01
                          0.4416534553540536E+01
                          0.4441860833675320E+01
                          0.4467295881687407E+01
                          0.4492840008546262E+01
                          0.4518493525665244E+01
                          0.4544256744901610E+01
                          0.4570129978556520E+01
                          0.4596113539375028E+01
                          0.4622207740546099E+01
                          0.4648412895702588E+01
                          0.4674729318921246E+01
                          0.4701157324722741E+01
                          0.4727697228071615E+01
                          0.4754349344376334E+01
                          0.4781113989489253E+01
                          0.4807991479706623E+01
                          0.4834982131768603E+01
                          0.4862086262859244E+01
                          0.4889304190606508E+01
                          0.4916636233082237E+01
                          0.4944082708802195E+01
                          0.4971643936726029E+01
                          0.4999320236257295E+01
                          0.5027111927243444E+01
                          0.5055019329975829E+01
                          0.5083042765189707E+01
                          0.5111182554064217E+01
                          0.5139439018222423E+01
                          0.5167812479731266E+01
                          0.5196303261101606E+01
                          0.5224911685288189E+01
                          0.5253638075689659E+01
                          0.5282482756148578E+01
                          0.5311446050951383E+01
                          0.5340528284828427E+01
                          0.5369729782953966E+01
                          0.5399050870946136E+01
                          0.5428491874866995E+01
                          0.5458053121222481E+01
                          0.5487734936962450E+01
                          0.5517537649480645E+01
                          0.5547461586614713E+01
                          0.5577507076646198E+01
                          0.5607674448300543E+01
                          0.5637964030747101E+01
                          0.5668376153599119E+01
                          0.5698911146913731E+01
                          0.5729569341191993E+01
                          0.5760351067378836E+01
                          0.5791256656863119E+01
                          0.5822286441477572E+01
                          0.5853440753498847E+01
                          0.5884719925647482E+01
                          0.5916124291087918E+01
                          0.5947654183428507E+01
                          0.5979309936721481E+01
                          0.6011091885462981E+01
                          0.6043000364593052E+01
                          0.6075035709495634E+01
                          0.6107198255998569E+01
                          0.6139488340373595E+01
                          0.6171906299336348E+01
                          0.6204452470046375E+01
                          0.6237127190107112E+01
                          0.6269930797565890E+01
                          0.6302863630913963E+01
                          0.6335926029086457E+01
                          0.6369118331462411E+01
                          0.6402440877864765E+01
                          0.6435894008560361E+01
                          0.6469478064259920E+01
                          0.6503193386118094E+01
                          0.6537040315733411E+01
                          0.6571019195148310E+01
                          0.6605130366849124E+01
                          0.6639374173766090E+01
                          0.6673750959273341E+01
                          0.6708261067188915E+01
                          0.6742904841774737E+01
                          0.6777682627736646E+01
                          0.6812594770224378E+01
                          0.6847641614831564E+01
                          0.6882823507595734E+01
                          0.6918140794998320E+01
                          0.6953593823964658E+01
                          0.6989182941863977E+01
                          0.7024908496509410E+01
                          0.7060770836157987E+01
                          0.7096770309510636E+01
                          0.7132907265712193E+01
                          0.7169182054351377E+01
                          0.7205595025460831E+01
                          0.7242146529517076E+01
                          0.7278836917440548E+01
                          0.7315666540595559E+01
                          0.7352635750790350E+01
                          0.7389744900277053E+01
                          0.7426994341751683E+01
                          0.7464384428354177E+01
                          0.7501915513668362E+01
                          0.7539587951721949E+01
                          0.7577402096986587E+01
                          0.7615358304377789E+01
                          0.7653456929254977E+01
                          0.7691698327421480E+01
                          0.7730082855124530E+01
                          0.7768610869055239E+01
                          0.7807282726348647E+01
                          0.7846098784583656E+01
                          0.7885059401783110E+01
                          0.7924164936413716E+01
                          0.7963415747386106E+01
                          0.8002812194054805E+01
                          0.8042354636218224E+01
                          0.8082043434118701E+01
                          0.8121878948442442E+01
                          0.8161861540319570E+01
                          0.8201991571324108E+01
                          0.8242269403473985E+01
                          0.8282695399231002E+01
                          0.8323269921500904E+01
                          0.8363993333633285E+01
                          0.8404865999421682E+01
                          0.8445888283103500E+01
                          0.8487060549360068E+01
                          0.8528383163316601E+01
                          0.8569856490542211E+01
                          0.8611480897049930E+01
                          0.8653256749296652E+01
                          0.8695184414183220E+01
                          0.8737264259054326E+01
                          0.8779496651698604E+01
                          0.8821881960348556E+01
                          0.8864420553680601E+01
                          0.8907112800815066E+01
                          0.8949959071316146E+01
                          0.8992959735191972E+01
                          0.9036115162894545E+01
                          0.9079425725319791E+01
                          0.9122891793807508E+01
                          0.9166513740141429E+01
                          0.9210291936549151E+01
                          0.9254226755702184E+01
                          0.9298318570715942E+01
                          0.9342567755149755E+01
                          0.9386974683006805E+01
                          0.9431539728734219E+01
                          0.9476263267223015E+01
                          0.9521145673808087E+01
                          0.9566187324268258E+01
                          0.9611388594826222E+01
                          0.9656749862148606E+01
                          0.9702271503345905E+01
                          0.9747953895972534E+01
                          0.9793797418026795E+01
                          0.9839802447950909E+01
                          0.9885969364630967E+01
                          0.9932298547396988E+01
                          0.9978790376022870E+01
                          0.1002544523072643E+02
                          0.1007226349216936E+02
                          0.1011924554145727E+02
                          0.1016639176013968E+02
                          0.1021370253020999E+02
                          0.1026117823410548E+02
                          0.1030881925470738E+02
                          0.1035662597534079E+02
                          0.1040459877977470E+02
                          0.1045273805222204E+02
                          0.1050104417733959E+02
                          0.1054951754022806E+02
                          0.1059815852643205E+02
                          0.1064696752194006E+02
                          0.1069594491318450E+02
                          0.1074509108704167E+02
                          0.1079440643083176E+02
                          0.1084389133231888E+02
                          0.1089354617971104E+02
                          0.1094337136166011E+02
                          0.1099336726726192E+02
                          0.1104353428605615E+02
                          0.1109387280802642E+02
                          0.1114438322360020E+02
                          0.1119506592364891E+02
                          0.1124592129948783E+02
                          0.1129694974287619E+02
                          0.1134815164601705E+02
                          0.1139952740155742E+02
                          0.1145107740258821E+02
                          0.1150280204264419E+02
                          0.1155470171570409E+02
                          0.1160677681619047E+02
                          0.1165902773896985E+02
                          0.1171145487935261E+02
                          0.1176405863309305E+02
                          0.1181683939638938E+02
                          0.1186979756588367E+02
                          0.1192293353866192E+02
                          0.1197624771225404E+02
                          0.1202974048463379E+02
                          0.1208341225421889E+02
                          0.1213726341987092E+02
                          0.1219129438089537E+02
                          0.1224550553704165E+02
                          0.1229989728850303E+02
                          0.1235447003591670E+02
                          0.1240922418036376E+02
                          0.1246416012336921E+02
                          0.1251927826690192E+02
                          0.1257457901337469E+02
                          0.1263006276564420E+02
                          0.1268572992701106E+02
                          0.1274158090121973E+02
                          0.1279761609245860E+02
                          0.1285383590536000E+02
                          0.1291024074500007E+02
                          0.1296683101689891E+02
                          0.1302360712702052E+02
                          0.1308056948177277E+02
                          0.1313771848800745E+02
                          0.1319505455302026E+02
                          0.1325257808455077E+02
                          0.1331028949078247E+02
                          0.1336818918034274E+02
                          0.1342627756230286E+02
                          0.1348455504617803E+02
                          0.1354302204192732E+02
                          0.1360167895995373E+02
                          0.1366052621110412E+02
                          0.1371956420666930E+02
                          0.1377879335838391E+02
                          0.1383821407842658E+02
                          0.1389782677941976E+02
                          0.1395763187442985E+02
                          0.1401762977696711E+02
                          0.1407782090098574E+02
                          0.1413820566088381E+02
                          0.1419878447150330E+02
                          0.1425955774813009E+02
                          0.1432052590649396E+02
                          0.1438168936276861E+02
                          0.1444304853357158E+02
                          0.1450460383596437E+02
                          0.1456635568745235E+02
                          0.1462830450598482E+02
                          0.1469045070995492E+02
                          0.1475279471819976E+02
                          0.1481533695000029E+02
                          0.1487807782508141E+02
                          0.1494101776361187E+02
                          0.1500415718620438E+02
                          0.1506749651391548E+02
                          0.1513103616824567E+02
                          0.1519477657113930E+02
                          0.1525871814498466E+02
                          0.1532286131261394E+02
                          0.1538720649730318E+02
                          0.1545175412277237E+02
                          0.1551650461318538E+02
                          0.1558145839314998E+02
                          0.1564661588771786E+02
                          0.1571197752238457E+02
                          0.1577754372308960E+02
                          0.1584331491621629E+02
                          0.1590929152859195E+02
                          0.1597547398748771E+02
                          0.1604186272061868E+02
                          0.1610845815614380E+02
                          0.1617526072266595E+02
                          0.1624227084923191E+02
                          0.1630948896533233E+02
                          0.1637691550090178E+02
                          0.1644455088631875E+02
                          0.1651239555240558E+02
                          0.1658044993042854E+02
                          0.1664871445209783E+02
                          0.1671718954956749E+02
                          0.1678587565543546E+02
                          0.1685477320274365E+02
                          0.1692388262497781E+02
                          0.1699320435606761E+02
                          0.1706273883038662E+02
                          0.1713248648275228E+02
                          0.1720244774842598E+02
                          0.1727262306311296E+02
                          0.1734301286296240E+02
                          0.1741361758456737E+02
                          0.1748443766496481E+02
                          0.1755547354163561E+02
                          0.1762672565250450E+02
                          0.1769819443594018E+02
                          0.1776988033075517E+02
                          0.1784178377620597E+02
                          0.1791390521199292E+02
                          0.1798624507826028E+02
                          0.1805880381559621E+02
                          0.1813158186503278E+02
                          0.1820457966804593E+02
                          0.1827779766655555E+02
                          0.1835123630292537E+02
                          0.1842489601996306E+02
                          0.1849877726092017E+02
                          0.1857288046949218E+02
                          0.1864720608981844E+02
                          0.1872175456648220E+02
                          0.1879652634451058E+02
                          0.1887152186937472E+02
                          0.1894674158698950E+02
                          0.1902218594371381E+02
                          0.1909785538635041E+02
                          0.1917375036214592E+02
                          0.1924987131879094E+02
                          0.1932621870441991E+02
                          0.1940279296761117E+02
                          0.1947959455738699E+02
                          0.1955662392321350E+02
                          0.1963388151500078E+02
                          0.1971136778310277E+02
                          0.1978908317831731E+02
                          0.1986702815188618E+02
                          0.1994520315549501E+02
                          0.2002360864127338E+02
                          0.2010224506179471E+02
                          0.2018111287007635E+02
                          0.2026021251957957E+02
                          0.2033954446420950E+02
                          0.2041910915831520E+02
                          0.2049890705668963E+02
                          0.2057893861456964E+02
                          0.2065920428763593E+02
                          0.2073970453201321E+02
                          0.2082043980427001E+02
                          0.2090141056141875E+02
                          0.2098261726091581E+02
                          0.2106406036066142E+02
                          0.2114574031899973E+02
                          0.2122765759471880E+02
                          0.2130981264705055E+02
                          0.2139220593567084E+02
                          0.2147483792069943E+02
                          0.2155770906269995E+02
                          0.2164081982267993E+02
                          0.2172417066209083E+02
                          0.2180776204282799E+02
                          0.2189159442723067E+02
                          0.2197566827808198E+02
                          0.2205998405860900E+02
                          0.2214454223248263E+02
                          0.2222934326381776E+02
                          0.2231438761717309E+02
                          0.2239967575755128E+02
                          0.2248520815039889E+02
                          0.2257098526160632E+02
                          0.2265700755750795E+02
                          0.2274327550488199E+02
                          0.2282978957095060E+02
                          0.2291655022337979E+02
                          0.2300355793027953E+02
                          0.2309081316020367E+02
                          0.2317831638214991E+02
                          0.2326606806555990E+02
                          0.2335406868031919E+02
                          0.2344231869675721E+02
                          0.2353081858564731E+02
                          0.2361956881820670E+02
                          0.2370856986609652E+02
                          0.2379782220142182E+02
                          0.2388732629673155E+02
                          0.2397708262501853E+02
                          0.2406709165971948E+02
                          0.2415735387471504E+02
                          0.2424786974432976E+02
                          0.2433863974333208E+02
                          0.2442966434693430E+02
                          0.2452094403079267E+02
                          0.2461247927100735E+02
                          0.2470427054412232E+02
                          0.2479631832712555E+02
                          0.2488862309744887E+02
                          0.2498118533296802E+02
                          0.2507400551200258E+02
                          0.2516708411331614E+02
                          0.2526042161611609E+02
                          0.2535401850005380E+02
                          0.2544787524522446E+02
                          0.2554199233216721E+02
                          0.2563637024186511E+02
                          0.2573100945574504E+02
                          0.2582591045567787E+02
                          0.2592107372397831E+02
                          0.2601649974340500E+02
                          0.2611218899716044E+02
                          0.2620814196889107E+02
                          0.2630435914268723E+02
                          0.2640084100308314E+02
                          0.2649758803505692E+02
                          0.2659460072403061E+02
                          0.2669187955587010E+02
                          0.2678942501688525E+02
                          0.2688723759382979E+02
                          0.2698531777390131E+02
                          0.2708366604474138E+02
                          0.2718228289443537E+02
                          0.2728116881151266E+02
                          0.2738032428494641E+02
                          0.2747974980415381E+02
                          0.2757944585899582E+02
                          0.2767941293977739E+02
                          0.2777965153724737E+02
                          0.2788016214259844E+02
                          0.2798094524746725E+02
                          0.2808200134393428E+02
                          0.2818333092452401E+02
                          0.2828493448220470E+02
                          0.2838681251038860E+02
                          0.2848896550293184E+02
                          0.2859139395413443E+02
                          0.2869409835874026E+02
                          0.2879707921193718E+02
                          0.2890033700935690E+02
                          0.2900387224707504E+02
                          0.2910768542161112E+02
                          0.2921177702992855E+02
                          0.2931614756943465E+02
                          0.2942079753798062E+02
                          0.2952572743386160E+02
                          0.2963093775581661E+02
                          0.2973642900302855E+02
                          0.2984220167512423E+02
                          0.2994825627217438E+02
                          0.3005459329469358E+02
                          0.3016121324364040E+02
                          0.3026811662041720E+02
                          0.3037530392687032E+02
                          0.3048277566528999E+02
                          0.3059053233841028E+02
                          0.3069857444940924E+02
                          0.3080690250190876E+02
                          0.3091551699997465E+02
                          0.3102441844811664E+02
                          0.3113360735128834E+02
                          0.3124308421488725E+02
                          0.3135284954475476E+02
                          0.3146290384717620E+02
                          0.3157324762888079E+02
                          0.3168388139704163E+02
                          0.3179480565927572E+02
                          0.3190602092364400E+02
                          0.3201752769865125E+02
                          0.3212932649324617E+02
                          0.3224141781682136E+02
                          0.3235380217921337E+02
                          0.3246648009070260E+02
                          0.3257945206201332E+02
                          0.3269271860431376E+02
                          0.3280628022921604E+02
                          0.3292013744877613E+02
                          0.3303429077549396E+02
                          0.3314874072231333E+02
                          0.3326348780262192E+02
                          0.3337853253025137E+02
                          0.3349387541947717E+02
                          0.3360951698501874E+02
                          0.3372545774203934E+02
                          0.3384169820614623E+02
                          0.3395823889339046E+02
                          0.3407508032026705E+02
                          0.3419222300371492E+02
                          0.3430966746111686E+02
                          0.3442741421029955E+02
                          0.3454546376953363E+02
                          0.3466381665753354E+02
                          0.3478247339345776E+02
                          0.3490143449690854E+02
                          0.3502070048793208E+02
                          0.3514027188701850E+02
                          0.3526014921510176E+02
                          0.3538033299355979E+02
                          0.3550082374421440E+02
                          0.3562162198933127E+02
                          0.3574272825161999E+02
                          0.3586414305423408E+02
                          0.3598586692077088E+02
                          0.3610790037527175E+02
                          0.3623024394222187E+02
                          0.3635289814655034E+02
                          0.3647586351363010E+02
                          0.3659914056927813E+02
                          0.3672272983975515E+02
                          0.3684663185176588E+02
                          0.3697084713245894E+02
                          0.3709537620942683E+02
                          0.3722021961070590E+02
                          0.3734537786477647E+02
                          0.3747085150056270E+02
                          0.3759664104743270E+02
                          0.3772274703519849E+02
                          0.3784916999411591E+02
                          0.3797591045488482E+02
                          0.3810296894864886E+02
                          0.3823034600699564E+02
                          0.3835804216195661E+02
                          0.3848605794600720E+02
                          0.3861439389206668E+02
                          0.3874305053349825E+02
                          0.3887202840410907E+02
                          0.3900132803814997E+02
                          0.3913094997031596E+02
                          0.3926089473574580E+02
                          0.3939116287002216E+02
                          0.3952175490917165E+02
                          0.3965267138966471E+02
                          0.3978391284841581E+02
                          0.3991547982278317E+02
                          0.4004737285056895E+02
                          0.4017959247001933E+02
                          0.4031213921982420E+02
                          0.4044501363911753E+02
                          0.4057821626747703E+02
                          0.4071174764492445E+02
                          0.4084560831192532E+02
                          0.4097979880938914E+02
                          0.4111431967866932E+02
                          0.4124917146156307E+02
                          0.4138435470031165E+02
                          0.4151986993760012E+02
                          0.4165571771655745E+02
                          0.4179189858075651E+02
                          0.4192841307421414E+02
                          0.4206526174139095E+02
                          0.4220244512719154E+02
                          0.4233996377696441E+02
                          0.4247781823650192E+02
                          0.4261600905204037E+02
                          0.4275453677025991E+02
                          0.4289340193828463E+02
                          0.4303260510368251E+02
                          0.4317214681446546E+02
                          0.4331202761908919E+02
                          0.4345224806645346E+02
                          0.4359280870590180E+02
                          0.4373371008722165E+02
                          0.4387495276064447E+02
                          0.4401653727684545E+02
                          0.4415846418694380E+02
                          0.4430073404250265E+02
                          0.4444334739552888E+02
                          0.4458630479847342E+02
                          0.4472960680423106E+02
                          0.4487325396614043E+02
                          0.4501724683798414E+02
                          0.4516158597398866E+02
                          0.4530627192882432E+02
                          0.4545130525760542E+02
                          0.4559668651589013E+02
                          0.4574241625968055E+02
                          0.4588849504542260E+02
                          0.4603492343000621E+02
                          0.4618170197076509E+02
                          0.4632883122547695E+02
                          0.4647631175236334E+02
                          0.4662414411008972E+02
                          0.4677232885776550E+02
                          0.4692086655494393E+02
                          0.4706975776162221E+02
                          0.4721900303824135E+02
                          0.4736860294568629E+02
                          0.4751855804528600E+02
                          0.4766886889881322E+02
                          0.4781953606848454E+02
                          0.4797056011696059E+02
                          0.4812194160734588E+02
                          0.4827368110318866E+02
                          0.4842577916848128E+02
                          0.4857823636765991E+02
                          0.4873105326560458E+02
                          0.4888423042763924E+02
                          0.4903776841953180E+02
                          0.4919166780749401E+02
                          0.4934592915818151E+02
                          0.4950055303869391E+02
                          0.4965554001657458E+02
                          0.4981089065981100E+02
                          0.4996660553683436E+02
                          0.5012268521651986E+02
                          0.5027913026818649E+02
                          0.5043594126159731E+02
                          0.5059311876695914E+02
                          0.5075066335492270E+02
                          0.5090857559658270E+02
                          0.5106685606347767E+02
                          0.5122550532759009E+02
                          0.5138452396134630E+02
                          0.5154391253761661E+02
                          0.5170367162971514E+02
                          0.5186380181139992E+02
                          0.5202430365687291E+02
                          0.5218517774078006E+02
                          0.5234642463821103E+02
                          0.5250804492469950E+02
                          0.5267003917622302E+02
                          0.5283240796920310E+02
                          0.5299515188050503E+02
                          0.5315827148743809E+02
                          0.5332176736775548E+02
                          0.5348564009965417E+02
                          0.5364989026177511E+02
                          0.5381451843320329E+02
                          0.5397952519346735E+02
                          0.5414491112253997E+02
                          0.5431067680083770E+02
                          0.5447682280922096E+02
                          0.5464334972899416E+02
                          0.5481025814190551E+02
                          0.5497754863014721E+02
                          0.5514522177635527E+02
                          0.5531327816360965E+02
                          0.5548171837543423E+02
                          0.5565054299579670E+02
                          0.5581975260910877E+02
                          0.5598934780022591E+02
                          0.5615932915444766E+02
                          0.5632969725751732E+02
                          0.5650045269562218E+02
                          0.5667159605539332E+02
                          0.5684312792390587E+02
                          0.5701504888867868E+02
                          0.5718735953767467E+02
                          0.5736006045930061E+02
                          0.5753315224240710E+02
                          0.5770663547628865E+02
                          0.5788051075068378E+02
                          0.5805477865577478E+02
                          0.5822943978218794E+02
                          0.5840449472099336E+02
                          0.5857994406370514E+02
                          0.5875578840228115E+02
                          0.5893202832912329E+02
                          0.5910866443707731E+02
                          0.5928569731943283E+02
                          0.5946312756992336E+02
                          0.5964095578272644E+02
                          0.5981918255246332E+02
                          0.5999780847419927E+02
                          0.6017683414344341E+02
                          0.6035626015614886E+02
                          0.6053608710871247E+02
                          0.6071631559797513E+02
                          0.6089694622122155E+02
                          0.6107797957618043E+02
                          0.6125941626102422E+02
                          0.6144125687436944E+02
                          0.6162350201527637E+02
                          0.6180615228324926E+02
                          0.6198920827823630E+02
                          0.6217267060062948E+02
                          0.6235653985126475E+02
                          0.6254081663142193E+02
                          0.6272550154282478E+02
                          0.6291059518764088E+02
                          0.6309609816848189E+02
                          0.6328201108840310E+02
                          0.6346833455090399E+02
                          0.6365506915992766E+02
                          0.6384221551986129E+02
                          0.6402977423553598E+02
                          0.6421774591222656E+02
                          0.6440613115565198E+02
                          0.6459493057197488E+02
                          0.6478414476780195E+02
                          0.6497377435018366E+02
                          0.6516381992661448E+02
                          0.6535428210503275E+02
                          0.6554516149382063E+02
                          0.6573645870180439E+02
                          0.6592817433825400E+02
                          0.6612030901288335E+02
                          0.6631286333585024E+02
                          0.6650583791775651E+02
                          0.6669923336964774E+02
                          0.6689305030301341E+02
                          0.6708728932978705E+02
                          0.6728195106234590E+02
                          0.6747703611351120E+02
                          0.6767254509654815E+02
                          0.6786847862516572E+02
                          0.6806483731351679E+02
                          0.6826162177619825E+02
                          0.6845883262825083E+02
                          0.6865647048515918E+02
                          0.6885453596285173E+02
                          0.6905302967770105E+02
                          0.6925195224652327E+02
                          0.6945130428657879E+02
                          0.6965108641557165E+02
                          0.6985129925164991E+02
                          0.7005194341340550E+02
                          0.7025301951987416E+02
                          0.7045452819053568E+02
                          0.7065647004531374E+02
                          0.7085884570457573E+02
                          0.7106165578913318E+02
                          0.7126490092024135E+02
                          0.7146858171959950E+02
                          0.7167269880935072E+02
                          0.7187725281208205E+02
                          0.7208224435082444E+02
                          0.7228767404905263E+02
                          0.7249354253068545E+02
                          0.7269985042008538E+02
                          0.7290659834205906E+02
                          0.7311378692185687E+02
                          0.7332141678517310E+02
                          0.7352948855814606E+02
                          0.7373800286735771E+02
                          0.7394696033983422E+02
                          0.7415636160304538E+02
                          0.7436620728490509E+02
                          0.7457649801377107E+02
                          0.7478723441844491E+02
                          0.7499841712817212E+02
                          0.7521004677264212E+02
                          0.7542212398198819E+02
                          0.7563464938678767E+02
                          0.7584762361806150E+02
                          0.7606104730727486E+02
                          0.7627492108633648E+02
                          0.7648924558759943E+02
                          0.7670402144386016E+02
                          0.7691924928835945E+02
                          0.7713492975478171E+02
                          0.7735106347725541E+02
                          0.7756765109035290E+02
                          0.7778469322909025E+02
                          0.7800219052892776E+02
                          0.7822014362576928E+02
                          0.7843855315596279E+02
                          0.7865741975630009E+02
                          0.7887674406401693E+02
                          0.7909652671679284E+02
                          0.7931676835275144E+02
                          0.7953746961046005E+02
                          0.7975863112892999E+02
                          0.7998025354761643E+02
                          0.8020233750641857E+02
                          0.8042488364567933E+02
                          0.8064789260618571E+02
                          0.8087136502916840E+02
                          0.8109530155630222E+02
                          0.8131970282970572E+02
                          0.8154456949194135E+02
                          0.8176990218601571E+02
                          0.8199570155537887E+02
                          0.8222196824392520E+02
                          0.8244870289599272E+02
                          0.8267590615636341E+02
                          0.8290357867026320E+02
                          0.8313172108336198E+02
                          0.8336033404177340E+02
                          0.8358941819205498E+02
                          0.8381897418120833E+02
                          0.8404900265667885E+02
                          0.8427950426635572E+02
                          0.8451047965857224E+02
                          0.8474192948210553E+02
                          0.8497385438617654E+02
                          0.8520625502045017E+02
                          0.8543913203503523E+02
                          0.8567248608048445E+02
                          0.8590631780779441E+02
                          0.8614062786840550E+02
                          0.8637541691420232E+02
                          0.8661068559751301E+02
                          0.8684643457110988E+02
                          0.8708266448820903E+02
                          0.8731937600247034E+02
                          0.8755656976799770E+02
                          0.8779424643933903E+02
                          0.8803240667148599E+02
                          0.8827105111987409E+02
                          0.8851018044038292E+02
                          0.8874979528933586E+02
                          0.8898989632350016E+02
                          0.8923048420008710E+02
                          0.8947155957675166E+02
                          0.8971312311159299E+02
                          0.8995517546315381E+02
                          0.9019771729042098E+02
                          0.9044074925282521E+02
                          0.9068427201024109E+02
                          0.9092828622298711E+02
                          0.9117279255182564E+02
                          0.9141779165796297E+02
                          0.9166328420304936E+02
                          0.9190927084917884E+02
                          0.9215575225888936E+02
                          0.9240272909516293E+02
                          0.9265020202142514E+02
                          0.9289817170154592E+02
                          0.9314663879983870E+02
                          0.9339560398106113E+02
                          0.9364506791041433E+02
                          0.9389503125354383E+02
                          0.9414549467653868E+02
                          0.9439645884593202E+02
                          0.9464792442870089E+02
                          0.9489989209226610E+02
                          0.9515236250449242E+02
                          0.9540533633368861E+02
                          0.9565881424860723E+02
                          0.9591279691844468E+02
                          0.9616728501284149E+02
                          0.9642227920188179E+02
                          0.9667778015609386E+02
                          0.9693378854644980E+02
                          0.9719030504436563E+02
                          0.9744733032170110E+02
                          0.9770486505076006E+02
                          0.9796290990429014E+02
                          0.9822146555548311E+02
                          0.9848053267797415E+02
                          0.9874011194584294E+02
                          0.9900020403361258E+02
                          0.9926080961625028E+02
                          0.9952192936916714E+02
                          0.9978356396821810E+02
                          0.1000457140897022E+03
                          0.1003083804103620E+03
                          0.1005715636073843E+03
                          0.1008352643583996E+03
                          0.1010994833414825E+03
                          0.1013642212351513E+03
                          0.1016294787183683E+03
                          0.1018952564705397E+03
                          0.1021615551715154E+03
                          0.1024283755015897E+03
                          0.1026957181415003E+03
                          0.1029635837724288E+03
                          0.1032319730760012E+03
                          0.1035008867342868E+03
                          0.1037703254297993E+03
                          0.1040402898454959E+03
                          0.1043107806647780E+03
                          0.1045817985714907E+03
                          0.1048533442499232E+03
                          0.1051254183848081E+03
                          0.1053980216613228E+03
                          0.1056711547650877E+03
                          0.1059448183821676E+03
                          0.1062190131990710E+03
                          0.1064937399027505E+03
                          0.1067689991806025E+03
                          0.1070447917204670E+03
                          0.1073211182106284E+03
                          0.1075979793398148E+03
                          0.1078753757971979E+03
                          0.1081533082723939E+03
                          0.1084317774554624E+03
                          0.1087107840369071E+03
                          0.1089903287076754E+03
                          0.1092704121591590E+03
                          0.1095510350831933E+03
                          0.1098321981720574E+03
                          0.1101139021184746E+03
                          0.1103961476156117E+03
                          0.1106789353570801E+03
                          0.1109622660369343E+03
                          0.1112461403496732E+03
                          0.1115305589902395E+03
                          0.1118155226540196E+03
                          0.1121010320368442E+03
                          0.1123870878349876E+03
                          0.1126736907451678E+03
                          0.1129608414645474E+03
                          0.1132485406907322E+03
                          0.1135367891217722E+03
                          0.1138255874561613E+03
                          0.1141149363928371E+03
                          0.1144048366311815E+03
                          0.1146952888710199E+03
                          0.1149862938126218E+03
                          0.1152778521567007E+03
                          0.1155699646044137E+03
                          0.1158626318573619E+03
                          0.1161558546175905E+03
                          0.1164496335875885E+03
                          0.1167439694702887E+03
                          0.1170388629690677E+03
                          0.1173343147877464E+03
                          0.1176303256305891E+03
                          0.1179268962023046E+03
                          0.1182240272080450E+03
                          0.1185217193534066E+03
                          0.1188199733444296E+03
                          0.1191187898875980E+03
                          0.1194181696898399E+03
                          0.1197181134585270E+03
                          0.1200186219014751E+03
                          0.1203196957269439E+03
                          0.1206213356436369E+03
                          0.1209235423607015E+03
                          0.1212263165877292E+03
                          0.1215296590347552E+03
                          0.1218335704122585E+03
                          0.1221380514311625E+03
                          0.1224431028028339E+03
                          0.1227487252390834E+03
                          0.1230549194521661E+03
                          0.1233616861547805E+03
                          0.1236690260600692E+03
                          0.1239769398816184E+03
                          0.1242854283334588E+03
                          0.1245944921300645E+03
                          0.1249041319863537E+03
                          0.1252143486176882E+03
                          0.1255251427398743E+03
                          0.1258365150691617E+03
                          0.1261484663222442E+03
                          0.1264609972162592E+03
                          0.1267741084687886E+03
                          0.1270878007978576E+03
                          0.1274020749219357E+03
                          0.1277169315599361E+03
                          0.1280323714312160E+03
                          0.1283483952555762E+03
                          0.1286650037532619E+03
                          0.1289821976449620E+03
                          0.1292999776518090E+03
                          0.1296183444953797E+03
                          0.1299372988976946E+03
                          0.1302568415812182E+03
                          0.1305769732688587E+03
                          0.1308976946839686E+03
                          0.1312190065503436E+03
                          0.1315409095922243E+03
                          0.1318634045342941E+03
                          0.1321864921016813E+03
                          0.1325101730199574E+03
                          0.1328344480151382E+03
                          0.1331593178136831E+03
                          0.1334847831424954E+03
                          0.1338108447289228E+03
                          0.1341375033007563E+03
                          0.1344647595862310E+03
                          0.1347926143140262E+03
                          0.1351210682132646E+03
                          0.1354501220135132E+03
                          0.1357797764447826E+03
                          0.1361100322375274E+03
                          0.1364408901226464E+03
                          0.1367723508314817E+03
                          0.1371044150958198E+03
                          0.1374370836478911E+03
                          0.1377703572203695E+03
                          0.1381042365463731E+03
                          0.1384387223594638E+03
                          0.1387738153936476E+03
                          0.1391095163833741E+03
                          0.1394458260635369E+03
                          0.1397827451694736E+03
                          0.1401202744369656E+03
                          0.1404584146022384E+03
                          0.1407971664019609E+03
                          0.1411365305732465E+03
                          0.1414765078536522E+03
                          0.1418170989811788E+03
                          0.1421583046942713E+03
                          0.1425001257318184E+03
                          0.1428425628331526E+03
                          0.1431856167380505E+03
                          0.1435292881867326E+03
                          0.1438735779198632E+03
                          0.1442184866785506E+03
                          0.1445640152043465E+03
                          0.1449101642392475E+03
                          0.1452569345256933E+03
                          0.1456043268065678E+03
                          0.1459523418251984E+03
                          0.1463009803253572E+03
                          0.1466502430512595E+03
                          0.1470001307475646E+03
                          0.1473506441593761E+03
                          0.1477017840322410E+03
                          0.1480535511121506E+03
                          0.1484059461455398E+03
                          0.1487589698792875E+03
                          0.1491126230607167E+03
                          0.1494669064375939E+03
                          0.1498218207581299E+03
                          0.1501773667709793E+03
                          0.1505335452252402E+03
                          0.1508903568704552E+03
                          0.1512478024566104E+03
                          0.1516058827341361E+03
                          0.1519645984539061E+03
                          0.1523239503672384E+03
                          0.1526839392258947E+03
                          0.1530445657820810E+03
                          0.1534058307884468E+03
                          0.1537677349980854E+03
                          0.1541302791645346E+03
                          0.1544934640417755E+03
                          0.1548572903842332E+03
                          0.1552217589467771E+03
                          0.1555868704847201E+03
                          0.1559526257538191E+03
                          0.1563190255102749E+03
                          0.1566860705107323E+03
                          0.1570537615122799E+03
                          0.1574220992724501E+03
                          0.1577910845492193E+03
                          0.1581607181010081E+03
                          0.1585310006866805E+03
                          0.1589019330655445E+03
                          0.1592735159973525E+03
                          0.1596457502423000E+03
                          0.1600186365610270E+03
                          0.1603921757146173E+03
                          0.1607663684645984E+03
                          0.1611412155729419E+03
                          0.1615167178020632E+03
                          0.1618928759148213E+03
                          0.1622696906745199E+03
                          0.1626471628449058E+03
                          0.1630252931901702E+03
                          0.1634040824749477E+03
                          0.1637835314643175E+03
                          0.1641636409238021E+03
                          0.1645444116193681E+03
                          0.1649258443174261E+03
                          0.1653079397848306E+03
                          0.1656906987888797E+03
                          0.1660741220973156E+03
                          0.1664582104783245E+03
                          0.1668429647005365E+03
                          0.1672283855330253E+03
                          0.1676144737453090E+03
                          0.1680012301073491E+03
                          0.1683886553895512E+03
                          0.1687767503627647E+03
                          0.1691655157982834E+03
                          0.1695549524678443E+03
                          0.1699450611436287E+03
                          0.1703358425982615E+03
                          0.1707272976048120E+03
                          0.1711194269367930E+03
                          0.1715122313681613E+03
                          0.1719057116733175E+03
                          0.1722998686271064E+03
                          0.1726947030048164E+03
                          0.1730902155821797E+03
                          0.1734864071353731E+03
                          0.1738832784410164E+03
                          0.1742808302761739E+03
                          0.1746790634183535E+03
                          0.1750779786455069E+03
                          0.1754775767360304E+03
                          0.1758778584687633E+03
                          0.1762788246229892E+03
                          0.1766804759784359E+03
                          0.1770828133152746E+03
                          0.1774858374141205E+03
                          0.1778895490560330E+03
                          0.1782939490225152E+03
                          0.1786990380955141E+03
                          0.1791048170574203E+03
                          0.1795112866910688E+03
                          0.1799184477797385E+03
                          0.1803263011071518E+03
                          0.1807348474574751E+03
                          0.1811440876153189E+03
                          0.1815540223657376E+03
                          0.1819646524942293E+03
                          0.1823759787867360E+03
                          0.1827880020296438E+03
                          0.1832007230097827E+03
                          0.1836141425144262E+03
                          0.1840282613312924E+03
                          0.1844430802485426E+03
                          0.1848586000547824E+03
                          0.1852748215390611E+03
                          0.1856917454908719E+03
                          0.1861093727001524E+03
                          0.1865277039572833E+03
                          0.1869467400530897E+03
                          0.1873664817788405E+03
                          0.1877869299262485E+03
                          0.1882080852874706E+03
                          0.1886299486551070E+03
                          0.1890525208222025E+03
                          0.1894758025822453E+03
                          0.1898997947291679E+03
                          0.1903244980573461E+03
                          0.1907499133616003E+03
                          0.1911760414371945E+03
                          0.1916028830798365E+03
                          0.1920304390856781E+03
                          0.1924587102513151E+03
                          0.1928876973737869E+03
                          0.1933174012505770E+03
                          0.1937478226796129E+03
                          0.1941789624592659E+03
                          0.1946108213883510E+03
                          0.1950434002661275E+03
                          0.1954766998922983E+03
                          0.1959107210670104E+03
                          0.1963454645908543E+03
                          0.1967809312648648E+03
                          0.1972171218905207E+03
                          0.1976540372697442E+03
                          0.1980916782049017E+03
                          0.1985300454988038E+03
                          0.1989691399547044E+03
                          0.1994089623763015E+03
                          0.1998495135677374E+03
                          0.2002907943335978E+03
                          0.2007328054789125E+03
                          0.2011755478091550E+03
                          0.2016190221302433E+03
                          0.2020632292485386E+03
                          0.2025081699708462E+03
                          0.2029538451044156E+03
                          0.2034002554569396E+03
                          0.2038474018365558E+03
                          0.2042952850518448E+03
                          0.2047439059118317E+03
                          0.2051932652259852E+03
                          0.2056433638042181E+03
                          0.2060942024568865E+03
                          0.2065457819947914E+03
                          0.2069981032291771E+03
                          0.2074511669717315E+03
                          0.2079049740345873E+03
                          0.2083595252303202E+03
                          0.2088148213719504E+03
                          0.2092708632729414E+03
                          0.2097276517472015E+03
                          0.2101851876090821E+03
                          0.2106434716733788E+03
                          0.2111025047553310E+03
                          0.2115622876706220E+03
                          0.2120228212353794E+03
                          0.2124841062661742E+03
                          0.2129461435800212E+03
                          0.2134089339943799E+03
                          0.2138724783271529E+03
                          0.2143367773966868E+03
                          0.2148018320217725E+03
                          0.2152676430216446E+03
                          0.2157342112159813E+03
                          0.2162015374249052E+03
                          0.2166696224689827E+03
                          0.2171384671692236E+03
                          0.2176080723470824E+03
                          0.2180784388244564E+03
                          0.2185495674236882E+03
                          0.2190214589675631E+03
                          0.2194941142793112E+03
                          0.2199675341826057E+03
                          0.2204417195015640E+03
                          0.2209166710607477E+03
                          0.2213923896851619E+03
                          0.2218688762002560E+03
                          0.2223461314319229E+03
                          0.2228241562064996E+03
                          0.2233029513507668E+03
                          0.2237825176919496E+03
                          0.2242628560577165E+03
                          0.2247439672761798E+03
                          0.2252258521758963E+03
                          0.2257085115858665E+03
                          0.2261919463355343E+03
                          0.2266761572547879E+03
                          0.2271611451739594E+03
                          0.2276469109238250E+03
                          0.2281334553356044E+03
                          0.2286207792409612E+03
                          0.2291088834720032E+03
                          0.2295977688612821E+03
                          0.2300874362417931E+03
                          0.2305778864469756E+03
                          0.2310691203107131E+03
                          0.2315611386673326E+03
                          0.2320539423516051E+03
                          0.2325475321987456E+03
                          0.2330419090444129E+03
                          0.2335370737247100E+03
                          0.2340330270761834E+03
                          0.2345297699358234E+03
                          0.2350273031410648E+03
                          0.2355256275297858E+03
                          0.2360247439403090E+03
                          0.2365246532114000E+03
                          0.2370253561822692E+03
                          0.2375268536925705E+03
                          0.2380291465824016E+03
                          0.2385322356923045E+03
                          0.2390361218632645E+03
                          0.2395408059367119E+03
                          0.2400462887545193E+03
                          0.2405525711590044E+03
                          0.2410596539929285E+03
                          0.2415675380994968E+03
                          0.2420762243223579E+03
                          0.2425857135056053E+03
                          0.2430960064937759E+03
                          0.2436071041318499E+03
                          0.2441190072652524E+03
                          0.2446317167398518E+03
                          0.2451452334019606E+03
                          0.2456595580983348E+03
                          0.2461746916761752E+03
                          0.2466906349831255E+03
                          0.2472073888672742E+03
                          0.2477249541771529E+03
                          0.2482433317617377E+03
                          0.2487625224704481E+03
                          0.2492825271531476E+03
                          0.2498033466601443E+03
                          0.2503249818421892E+03
                          0.2508474335504778E+03
                          0.2513707026366491E+03
                          0.2518947899527867E+03
                          0.2524196963514175E+03
                          0.2529454226855123E+03
                          0.2534719698084857E+03
                          0.2539993385741970E+03
                          0.2545275298369486E+03
                          0.2550565444514869E+03
                          0.2555863832730026E+03
                          0.2561170471571299E+03
                          0.2566485369599469E+03
                          0.2571808535379761E+03
                          0.2577139977481833E+03
                          0.2582479704479783E+03
                          0.2587827724952154E+03
                          0.2593184047481919E+03
                          0.2598548680656497E+03
                          0.2603921633067741E+03
                          0.2609302913311948E+03
                          0.2614692529989850E+03
                          0.2620090491706621E+03
                          0.2625496807071868E+03
                          0.2630911484699646E+03
                          0.2636334533208444E+03
                          0.2641765961221188E+03
                          0.2647205777365244E+03
                          0.2652653990272426E+03
                          0.2658110608578969E+03
                          0.2663575640925565E+03
                          0.2669049095957336E+03
                          0.2674530982323840E+03
                          0.2680021308679085E+03
                          0.2685520083681507E+03
                          0.2691027315993984E+03
                          0.2696543014283839E+03
                          0.2702067187222826E+03
                          0.2707599843487142E+03
                          0.2713140991757425E+03
                          0.2718690640718746E+03
                          0.2724248799060618E+03
                          0.2729815475476996E+03
                          0.2735390678666269E+03
                          0.2740974417331269E+03
                          0.2746566700179262E+03
                          0.2752167535921961E+03
                          0.2757776933275512E+03
                          0.2763394900960501E+03
                          0.2769021447701949E+03
                          0.2774656582229327E+03
                          0.2780300313276535E+03
                          0.2785952649581916E+03
                          0.2791613599888250E+03
                          0.2797283172942758E+03
                          0.2802961377497099E+03
                          0.2808648222307374E+03
                          0.2814343716134115E+03
                          0.2820047867742303E+03
                          0.2825760685901352E+03
                          0.2831482179385115E+03
                          0.2837212356971885E+03
                          0.2842951227444398E+03
                          0.2848698799589819E+03
                          0.2854455082199763E+03
                          0.2860220084070282E+03
                          0.2865993814001855E+03
                          0.2871776280799415E+03
                          0.2877567493272330E+03
                          0.2883367460234402E+03
                          0.2889176190503877E+03
                          0.2894993692903437E+03
                          0.2900819976260203E+03
                          0.2906655049405740E+03
                          0.2912498921176044E+03
                          0.2918351600411558E+03
                          0.2924213095957159E+03
                          0.2930083416662160E+03
                          0.2935962571380324E+03
                          0.2941850568969841E+03
                          0.2947747418293349E+03
                          0.2953653128217919E+03
