 Planetary albedo [cm2 / molecules of air]
          0.00000000E+00
          0.78326234E-11
          0.11596113E-09
          0.57186245E-09
          0.17837147E-08
          0.43203975E-08
          0.89114918E-08
          0.16447280E-07
          0.27978744E-07
          0.44717570E-07
          0.68036143E-07
          0.99467548E-07
          0.14070557E-06
          0.19360471E-06
          0.26018013E-06
          0.34260773E-06
          0.44322410E-06
          0.57082617E-06
          0.54646796E-04
          0.21927348E-05
          0.10799363E-05
          0.13121666E-05
          0.15799827E-05
          0.18868432E-05
          0.22363701E-05
          0.26323462E-05
          0.30787150E-05
          0.35795806E-05
          0.41392078E-05
          0.47620222E-05
          0.54526098E-05
          0.62157174E-05
          0.70562524E-05
          0.79792829E-05
          0.89902968E-05
          0.12212853E-04
          0.11296437E-04
          0.12603342E-04
          0.14020492E-04
          0.15553918E-04
          0.17209813E-04
          0.18994529E-04
          0.20914579E-04
          0.22976638E-04
          0.25187539E-04
          0.19499510E+00
          0.18908214E+00
          0.17036137E+00
          0.80630577E-01
          0.38725099E-04
          0.41981552E-04
          0.45439177E-04
          0.51659137E-04
          0.52990841E-04
          0.57101055E-04
          0.61446138E-04
          0.66034579E-04
          0.70875296E-04
          0.75977365E-04
          0.81350024E-04
          0.87002669E-04
          0.92944858E-04
          0.99186308E-04
          0.10573689E-03
          0.11261318E-03
          0.11980578E-03
          0.12734463E-03
          0.13523371E-03
          0.14348371E-03
          0.15210545E-03
          0.16110992E-03
          0.17050828E-03
          0.18031183E-03
          0.19053205E-03
          0.20118055E-03
          0.21226913E-03
          0.22380973E-03
          0.23581445E-03
          0.24829556E-03
          0.26126547E-03
          0.27473675E-03
          0.28872214E-03
          0.30323454E-03
          0.31828699E-03
          0.33389270E-03
          0.35006504E-03
          0.36681752E-03
          0.38416382E-03
          0.40211777E-03
          0.42069337E-03
          0.43990477E-03
          0.45976626E-03
          0.48029230E-03
          0.50149751E-03
          0.52339666E-03
          0.54600466E-03
          0.56933661E-03
          0.59340773E-03
          0.61823342E-03
          0.64382920E-03
          0.67021079E-03
          0.69739403E-03
          0.13924761E-01
          0.75423302E-03
          0.78391442E-03
          0.81446581E-03
          0.84590038E-03
          0.59941266E-01
          0.12928507E+00
          0.11892608E-02
          0.98080809E-03
          0.10169131E-02
          0.29075314E-02
          0.12999757E+00
          0.19515528E+00
          0.19452451E+00
          0.18469766E+00
          0.19213882E+00
          0.11723257E+00
          0.85320650E-02
          0.19595242E-01
          0.71896203E-01
          0.10333919E+00
          0.38561431E-01
          0.19553221E-02
          0.18510353E-02
          0.16869734E-02
          0.17410730E-02
          0.17964275E-02
          0.18634540E-02
          0.23843125E-02
          0.19704994E-02
          0.20311733E-02
          0.20932776E-02
          0.21567903E-02
          0.22217321E-02
          0.23357367E-02
          0.23559873E-02
          0.24253429E-02
          0.24962124E-02
          0.25686172E-02
          0.26425789E-02
          0.27181194E-02
          0.27952605E-02
          0.28740243E-02
          0.29544329E-02
          0.30365085E-02
          0.31202737E-02
          0.32057510E-02
          0.32929630E-02
          0.33819325E-02
          0.34726825E-02
          0.35652360E-02
          0.36596161E-02
          0.37558461E-02
          0.38539495E-02
          0.39539498E-02
          0.40558712E-02
          0.41603203E-02
          0.42655690E-02
          0.43733944E-02
          0.44832360E-02
          0.94213176E-01
          0.11208877E+00
          0.12406951E+00
          0.17891584E+00
          0.64327625E-01
          0.82340975E-01
          0.15065711E+00
          0.18804037E+00
          0.19051207E+00
          0.19887751E+00
          0.19755334E+00
          0.19071445E+00
          0.17325995E+00
          0.14962742E+00
          0.10749232E+00
          0.68365529E-02
          0.88176308E-01
          0.95020951E-01
          0.19775507E-01
          0.21411371E-01
          0.10077047E-01
          0.74860806E-02
          0.76231336E-02
          0.77888722E-02
          0.79572630E-02
          0.81284065E-02
          0.83021078E-02
          0.84786152E-02
          0.86578818E-02
          0.88399344E-02
          0.90248000E-02
          0.92125056E-02
          0.94030782E-02
          0.95965452E-02
          0.97929336E-02
          0.99922708E-02
          0.10194584E-01
          0.10399901E-01
          0.10608249E-01
          0.10819655E-01
          0.11034147E-01
          0.11251752E-01
          0.11472499E-01
          0.11696415E-01
          0.11923527E-01
          0.12154697E-01
          0.12387457E-01
          0.12624321E-01
          0.12864498E-01
          0.13108010E-01
          0.13354886E-01
          0.13605153E-01
          0.13858840E-01
          0.14115974E-01
          0.14377071E-01
          0.14640698E-01
          0.14988876E-01
          0.15841242E-01
          0.15550689E-01
          0.58031275E-01
          0.34551694E-01
          0.54461570E-01
          0.87654287E-01
          0.16692921E+00
          0.10627715E+00
          0.40008672E-01
          0.43586061E-01
          0.18559346E+00
          0.19651695E+00
          0.18495188E+00
          0.12399157E+00
          0.34769456E-01
          0.21379862E-01
          0.30083353E-01
          0.13349033E+00
          0.31460843E-01
          0.21104668E-01
          0.21394411E-01
          0.21746723E-01
          0.22103319E-01
          0.22464116E-01
          0.22829141E-01
          0.23198423E-01
          0.23571988E-01
          0.23949864E-01
          0.24332077E-01
          0.24718656E-01
          0.25109627E-01
          0.25505017E-01
          0.25904870E-01
          0.26309162E-01
          0.26717971E-01
          0.27131306E-01
          0.27549194E-01
          0.28365211E-01
          0.79397992E-01
          0.29245082E-01
          0.29266802E-01
          0.29707849E-01
          0.30153606E-01
          0.30604099E-01
          0.73012263E-01
          0.15868904E+00
          0.13230503E+00
          0.33879376E-01
          0.32928498E-01
          0.33412860E-01
          0.33892299E-01
          0.34381593E-01
          0.34875850E-01
          0.35375251E-01
          0.10474916E+00
          0.37229227E-01
          0.36902988E-01
          0.37422421E-01
          0.37946960E-01
          0.38476630E-01
          0.39011453E-01
          0.39551453E-01
          0.87040575E-01
          0.56424701E-01
          0.54537258E-01
          0.41805964E-01
          0.52835904E-01
          0.45882681E-01
          0.43478354E-01
          0.44060526E-01
          0.44648125E-01
          0.45241977E-01
          0.45881625E-01
          0.46443390E-01
          0.47052703E-01
          0.47667496E-01
          0.48288444E-01
          0.49118368E-01
          0.49544965E-01
          0.50181860E-01
          0.50824346E-01
          0.10548926E+00
          0.13217491E+00
          0.52785641E-01
          0.53450437E-01
          0.54121087E-01
          0.67028864E-01
          0.18229103E+00
          0.17771298E+00
          0.56862722E-01
          0.57559973E-01
          0.58264994E-01
          0.10138881E+00
          0.20054376E+00
          0.19863623E+00
          0.20023467E+00
          0.15442640E+00
          0.64374804E-01
          0.67506613E-01
          0.91596442E-01
          0.88981571E-01
          0.16810144E+00
          0.16613562E+00
          0.67358471E-01
          0.67962750E-01
          0.68749434E-01
          0.69542732E-01
          0.70342018E-01
          0.71147300E-01
          0.71958591E-01
          0.72775925E-01
          0.73599235E-01
          0.74428608E-01
          0.75264028E-01
          0.77858868E-01
          0.20426638E+00
          0.20341347E+00
          0.20548975E+00
          0.20563973E+00
          0.20206149E+00
          0.20370596E+00
          0.20400122E+00
          0.20325071E+00
          0.20572031E+00
          0.20387838E+00
          0.19878403E+00
          0.18990897E+00
          0.14906568E+00
          0.12173980E+00
          0.14897246E+00
          0.12465486E+00
          0.16126628E+00
          0.16790589E+00
          0.10623304E+00
          0.11261660E+00
          0.11314118E+00
          0.12692711E+00
          0.11842387E+00
          0.15101306E+00
          0.99957332E-01
          0.10874589E+00
          0.20317519E+00
          0.21100749E+00
          0.20806306E+00
          0.21163623E+00
          0.20958958E+00
          0.19194008E+00
          0.19055304E+00
          0.21208680E+00
          0.21209976E+00
          0.21421328E+00
          0.21179629E+00
          0.18801883E+00
          0.16696937E+00
          0.16356787E+00
          0.13603290E+00
          0.11697474E+00
          0.11808285E+00
          0.19983119E+00
          0.15243035E+00
          0.12155843E+00
          0.12255852E+00
          0.12369338E+00
          0.20848122E+00
          0.18220069E+00
          0.12718945E+00
          0.12885885E+00
          0.17670215E+00
          0.22313436E+00
          0.22363698E+00
          0.22412639E+00
          0.22463096E+00
          0.22509350E+00
          0.22548046E+00
          0.22576533E+00
          0.22294114E+00
          0.22613615E+00
          0.22711421E+00
          0.22801080E+00
          0.22844714E+00
          0.22872704E+00
          0.22941764E+00
          0.22863130E+00
          0.22933831E+00
          0.23056929E+00
          0.23164501E+00
          0.23202761E+00
          0.23159252E+00
          0.22929128E+00
          0.22708533E+00
          0.23349851E+00
          0.23126199E+00
          0.23177618E+00
          0.23261490E+00
          0.23490054E+00
          0.23346540E+00
          0.23495691E+00
          0.23096877E+00
          0.23333270E+00
          0.23173924E+00
          0.23006896E+00
          0.22156083E+00
          0.21233978E+00
          0.22671503E+00
          0.22647543E+00
          0.20459653E+00
          0.23619488E+00
          0.20539756E+00
          0.21286271E+00
          0.20582357E+00
          0.19324015E+00
          0.24240831E+00
          0.24670118E+00
          0.23875253E+00
          0.20591302E+00
          0.20220646E+00
          0.25127363E+00
          0.25172207E+00
          0.25267010E+00
          0.25149705E+00
          0.24706515E+00
          0.25236399E+00
          0.25497086E+00
          0.25668492E+00
          0.25508322E+00
          0.25431538E+00
          0.25603696E+00
          0.25842824E+00
          0.26079228E+00
          0.26311594E+00
          0.26409865E+00
          0.26498897E+00
          0.26588015E+00
          0.26683150E+00
          0.26773187E+00
          0.26844483E+00
          0.26827404E+00
          0.26654119E+00
          0.26520198E+00
          0.24111880E+00
          0.23152341E+00
          0.23071681E+00
          0.27542958E+00
          0.27639399E+00
          0.27737564E+00
          0.27841986E+00
          0.27942742E+00
          0.28044333E+00
          0.28146822E+00
          0.28243262E+00
          0.28348041E+00
          0.28458105E+00
          0.28564606E+00
          0.28672386E+00
          0.28778396E+00
          0.28882645E+00
          0.28976725E+00
          0.29081504E+00
          0.29203587E+00
          0.29311320E+00
          0.29426016E+00
          0.29519795E+00
          0.29538278E+00
          0.29591146E+00
          0.29723961E+00
          0.29908571E+00
          0.30072568E+00
          0.30122163E+00
          0.30330318E+00
          0.30283359E+00
          0.30531696E+00
          0.30638302E+00
          0.30766624E+00
          0.30930675E+00
          0.31056971E+00
          0.31192630E+00
          0.31321846E+00
          0.31443777E+00
          0.31548322E+00
          0.31635749E+00
          0.31815448E+00
          0.31941938E+00
          0.32069337E+00
          0.32162910E+00
          0.32287187E+00
          0.32419899E+00
          0.32381680E+00
          0.31980236E+00
          0.30804038E+00
          0.32885773E+00
          0.32832796E+00
          0.32207095E+00
          0.31372090E+00
          0.33500743E+00
          0.33648045E+00
          0.33782839E+00
          0.33918243E+00
          0.34052729E+00
          0.34187375E+00
          0.34327616E+00
          0.34465204E+00
          0.34603292E+00
          0.34741903E+00
          0.34881036E+00
          0.35020682E+00
          0.35160826E+00
          0.35301474E+00
          0.35442532E+00
          0.35578172E+00
          0.35726305E+00
          0.35868933E+00
          0.36011995E+00
          0.36155508E+00
          0.36299468E+00
          0.36443855E+00
          0.36588681E+00
          0.36733942E+00
          0.36879625E+00
          0.37025623E+00
          0.37172157E+00
          0.37318280E+00
          0.37465460E+00
          0.37612981E+00
          0.37760122E+00
          0.37903296E+00
          0.38055006E+00
          0.38188843E+00
          0.38349411E+00
          0.38498509E+00
          0.38634941E+00
          0.38788881E+00
          0.38936132E+00
          0.39049819E+00
          0.39190408E+00
          0.39303845E+00
          0.39560078E+00
          0.39646426E+00
          0.39818789E+00
          0.39887989E+00
          0.40107187E+00
          0.40326388E+00
          0.40482146E+00
          0.40620628E+00
          0.40759684E+00
          0.40942275E+00
          0.41101380E+00
          0.41255664E+00
          0.41411092E+00
          0.41566687E+00
          0.41721699E+00
          0.41875380E+00
          0.42032002E+00
          0.42186600E+00
          0.42342780E+00
          0.42503097E+00
          0.42657648E+00
          0.42812266E+00
          0.42968558E+00
          0.43128345E+00
          0.43287261E+00
          0.43444592E+00
          0.43601907E+00
          0.43759311E+00
          0.43916695E+00
          0.44074301E+00
          0.44231918E+00
          0.44389378E+00
          0.44547175E+00
          0.44705274E+00
          0.44863155E+00
          0.45021104E+00
          0.45179094E+00
          0.45337114E+00
          0.45495163E+00
          0.45653235E+00
          0.45811325E+00
          0.45969423E+00
          0.46127453E+00
          0.46285422E+00
          0.46443616E+00
          0.46601783E+00
          0.46759766E+00
          0.46917765E+00
          0.47075635E+00
          0.47232196E+00
          0.47386891E+00
          0.47545047E+00
          0.47707299E+00
          0.47864101E+00
          0.48018307E+00
          0.48173476E+00
          0.48336846E+00
          0.48495351E+00
          0.48652516E+00
          0.48808815E+00
          0.48965835E+00
          0.49119786E+00
          0.49280984E+00
          0.49437744E+00
          0.49594681E+00
          0.49751535E+00
          0.49908065E+00
          0.50064439E+00
          0.50218893E+00
          0.50376690E+00
          0.50532629E+00
          0.50688390E+00
          0.50843991E+00
          0.50999426E+00
          0.51154703E+00
          0.51309801E+00
          0.51464716E+00
          0.51619456E+00
          0.51773854E+00
          0.51928253E+00
          0.52082554E+00
          0.52236290E+00
          0.52389454E+00
          0.52543751E+00
          0.52697256E+00
          0.52850420E+00
          0.53003355E+00
          0.53156066E+00
          0.53308554E+00
          0.53460811E+00
          0.53612452E+00
          0.53764629E+00
          0.53916182E+00
          0.54067492E+00
          0.54218556E+00
          0.54369354E+00
          0.54519900E+00
          0.54670235E+00
          0.54820033E+00
          0.54970071E+00
          0.55119558E+00
          0.55268703E+00
          0.55417547E+00
          0.55566530E+00
          0.55714964E+00
          0.55863095E+00
          0.56010888E+00
          0.56158427E+00
          0.56305857E+00
          0.56452861E+00
          0.56599566E+00
          0.56745986E+00
          0.56892094E+00
          0.57037876E+00
          0.57183416E+00
          0.57328553E+00
          0.57473486E+00
          0.57618069E+00
          0.57762300E+00
          0.57906336E+00
          0.58049999E+00
          0.58193279E+00
          0.58336308E+00
          0.58478993E+00
          0.58621355E+00
          0.58763318E+00
          0.58905120E+00
          0.59046539E+00
          0.59187430E+00
          0.59328325E+00
          0.59468704E+00
          0.59608721E+00
          0.59748390E+00
          0.59887829E+00
          0.60026856E+00
          0.60165540E+00
          0.60303873E+00
          0.60441858E+00
          0.60579521E+00
          0.60716820E+00
          0.60853769E+00
          0.60990371E+00
          0.61126615E+00
          0.61262514E+00
          0.61398055E+00
          0.61533236E+00
          0.61668072E+00
          0.61802541E+00
          0.61936653E+00
          0.62070407E+00
          0.62203807E+00
          0.62336842E+00
          0.62469512E+00
          0.62601821E+00
          0.62733706E+00
          0.62865347E+00
          0.62996562E+00
          0.63127411E+00
          0.63257894E+00
          0.63388010E+00
          0.63517757E+00
          0.63647137E+00
          0.63776146E+00
          0.63904784E+00
          0.64033057E+00
          0.64160957E+00
          0.64288485E+00
          0.64415642E+00
          0.64542427E+00
          0.64668840E+00
          0.64794880E+00
          0.64920547E+00
          0.65045838E+00
          0.65170756E+00
          0.65295306E+00
          0.65419477E+00
          0.65543274E+00
          0.65666695E+00
          0.65789743E+00
          0.65912417E+00
          0.66034714E+00
          0.66156636E+00
          0.66278176E+00
          0.66399353E+00
          0.66520149E+00
          0.66640571E+00
          0.66760616E+00
          0.66880286E+00
          0.66999580E+00
          0.67118498E+00
          0.67237041E+00
          0.67355208E+00
          0.67473001E+00
          0.67590418E+00
          0.67707460E+00
          0.67824125E+00
          0.67940419E+00
          0.68056337E+00
          0.68171880E+00
          0.68287050E+00
          0.68401845E+00
          0.68516267E+00
          0.68630315E+00
          0.68743990E+00
          0.68857292E+00
          0.68970222E+00
          0.69082779E+00
          0.69194965E+00
          0.69306778E+00
          0.69418221E+00
          0.69529292E+00
          0.69639993E+00
          0.69750324E+00
          0.69860285E+00
          0.69969877E+00
          0.70079100E+00
          0.70187955E+00
          0.70296441E+00
          0.70404560E+00
          0.70512312E+00
          0.70619697E+00
          0.70726716E+00
          0.70833370E+00
          0.70939659E+00
          0.71045583E+00
          0.71151143E+00
          0.71256339E+00
          0.71361173E+00
          0.71465644E+00
          0.71569754E+00
          0.71673502E+00
          0.71776890E+00
          0.71879918E+00
          0.71982587E+00
          0.72084896E+00
          0.72186848E+00
          0.72288442E+00
          0.72389680E+00
          0.72490561E+00
          0.72591086E+00
          0.72691257E+00
          0.72791074E+00
          0.72890537E+00
          0.72989647E+00
          0.73088405E+00
          0.73186812E+00
          0.73284868E+00
          0.73382574E+00
          0.73479931E+00
          0.73576939E+00
          0.73673599E+00
          0.73769913E+00
          0.73865880E+00
          0.73961501E+00
          0.74056778E+00
          0.74151710E+00
          0.74246300E+00
          0.74340547E+00
          0.74434452E+00
          0.74528016E+00
          0.74621240E+00
          0.74714125E+00
          0.74806671E+00
          0.74898879E+00
          0.74990751E+00
          0.75082286E+00
          0.75173486E+00
          0.75264352E+00
          0.75354884E+00
          0.75445083E+00
          0.75534950E+00
          0.75624486E+00
          0.75713692E+00
          0.75802568E+00
          0.75891116E+00
          0.75979336E+00
          0.76067229E+00
          0.76154795E+00
          0.76242037E+00
          0.76328955E+00
          0.76415548E+00
          0.76501820E+00
          0.76587769E+00
          0.76673398E+00
          0.76758707E+00
          0.76843697E+00
          0.76928368E+00
          0.77012723E+00
          0.77096760E+00
          0.77180483E+00
          0.77263890E+00
          0.77346984E+00
          0.77429765E+00
          0.77512235E+00
          0.77594393E+00
          0.77676241E+00
          0.77757779E+00
          0.77839010E+00
          0.77919933E+00
          0.78000549E+00
          0.78080860E+00
          0.78160866E+00
          0.78240568E+00
          0.78319968E+00
          0.78399066E+00
          0.78477862E+00
          0.78556358E+00
          0.78634556E+00
          0.78712455E+00
          0.78790056E+00
          0.78867361E+00
          0.78944371E+00
          0.79021086E+00
          0.79097507E+00
          0.79173636E+00
          0.79249473E+00
          0.79325019E+00
          0.79400274E+00
          0.79475241E+00
          0.79549920E+00
          0.79624312E+00
          0.79698417E+00
          0.79772237E+00
          0.79845772E+00
          0.79919024E+00
          0.79991994E+00
          0.80064682E+00
          0.80137089E+00
          0.80209216E+00
          0.80281065E+00
          0.80352635E+00
          0.80423929E+00
          0.80494946E+00
          0.80565689E+00
          0.80636157E+00
          0.80706352E+00
          0.80776274E+00
          0.80845925E+00
          0.80915306E+00
          0.80984416E+00
          0.81053259E+00
          0.81121833E+00
          0.81190140E+00
          0.81258182E+00
          0.81325959E+00
          0.81393471E+00
          0.81460720E+00
          0.81527708E+00
          0.81594433E+00
          0.81660899E+00
          0.81727104E+00
          0.81793051E+00
          0.81858741E+00
          0.81924174E+00
          0.81989350E+00
          0.82054272E+00
          0.82118940E+00
          0.82183355E+00
          0.82247517E+00
          0.82311428E+00
          0.82375089E+00
          0.82438500E+00
          0.82501662E+00
          0.82564577E+00
          0.82627245E+00
          0.82689666E+00
          0.82751843E+00
          0.82813776E+00
          0.82875465E+00
          0.82936912E+00
          0.82998118E+00
          0.83059082E+00
          0.83119807E+00
          0.83180294E+00
          0.83240542E+00
          0.83300553E+00
          0.83360328E+00
          0.83419868E+00
          0.83479173E+00
          0.83538245E+00
          0.83597083E+00
          0.83655690E+00
          0.83714066E+00
          0.83772212E+00
          0.83830129E+00
          0.83887817E+00
          0.83945278E+00
          0.84002512E+00
          0.84059520E+00
          0.84116304E+00
          0.84172863E+00
          0.84229199E+00
          0.84285312E+00
          0.84341204E+00
          0.84396876E+00
          0.84452327E+00
          0.84507559E+00
          0.84562573E+00
          0.84617370E+00
          0.84671950E+00
          0.84726315E+00
          0.84780465E+00
          0.84834400E+00
          0.84888123E+00
          0.84941633E+00
          0.84994931E+00
          0.85048019E+00
          0.85100897E+00
          0.85153565E+00
          0.85206026E+00
          0.85258279E+00
          0.85310325E+00
          0.85362165E+00
          0.85413801E+00
          0.85465232E+00
          0.85516459E+00
          0.85567484E+00
          0.85618307E+00
          0.85668929E+00
          0.85719351E+00
          0.85769573E+00
          0.85819597E+00
          0.85869422E+00
          0.85919050E+00
          0.85968482E+00
          0.86017719E+00
          0.86066761E+00
          0.86115608E+00
          0.86164262E+00
          0.86212724E+00
          0.86260994E+00
          0.86309074E+00
          0.86356962E+00
          0.86404662E+00
          0.86452173E+00
          0.86499495E+00
          0.86546631E+00
          0.86593580E+00
          0.86640344E+00
          0.86686922E+00
          0.86733317E+00
          0.86779528E+00
          0.86825556E+00
          0.86871402E+00
          0.86917067E+00
          0.86962551E+00
          0.87007856E+00
          0.87052981E+00
          0.87097929E+00
          0.87142698E+00
          0.87187291E+00
          0.87231707E+00
          0.87275948E+00
          0.87320014E+00
          0.87363906E+00
          0.87407625E+00
          0.87451171E+00
          0.87494546E+00
          0.87537749E+00
          0.87580781E+00
          0.87623644E+00
          0.87666337E+00
          0.87708862E+00
          0.87751219E+00
          0.87793409E+00
          0.87835433E+00
          0.87877291E+00
          0.87918983E+00
          0.87960512E+00
          0.88001877E+00
          0.88043078E+00
          0.88084118E+00
          0.88124995E+00
          0.88165712E+00
          0.88206268E+00
          0.88246665E+00
          0.88286902E+00
          0.88326981E+00
          0.88366903E+00
          0.88406667E+00
          0.88446275E+00
          0.88485727E+00
          0.88525023E+00
          0.88564166E+00
          0.88603154E+00
          0.88641989E+00
          0.88680672E+00
          0.88719202E+00
          0.88757582E+00
          0.88795810E+00
          0.88833888E+00
          0.88871817E+00
          0.88909597E+00
          0.88947229E+00
          0.88984713E+00
          0.89022050E+00
          0.89059241E+00
          0.89096286E+00
          0.89133185E+00
          0.89169940E+00
          0.89206551E+00
          0.89243019E+00
          0.89279344E+00
          0.89315527E+00
          0.89351568E+00
          0.89387468E+00
          0.89423227E+00
          0.89458847E+00
          0.89494327E+00
          0.89529669E+00
          0.89564873E+00
          0.89599939E+00
          0.89634868E+00
          0.89669661E+00
          0.89704318E+00
          0.89738840E+00
          0.89773227E+00
          0.89807480E+00
          0.89841599E+00
          0.89875585E+00
          0.89909439E+00
          0.89943161E+00
          0.89976752E+00
          0.90010211E+00
          0.90043541E+00
          0.90076741E+00
          0.90109812E+00
          0.90142754E+00
          0.90175568E+00
          0.90208254E+00
          0.90240813E+00
          0.90273246E+00
          0.90305553E+00
          0.90337735E+00
          0.90369792E+00
          0.90401724E+00
          0.90433532E+00
          0.90465218E+00
          0.90496780E+00
          0.90528220E+00
          0.90559538E+00
          0.90590735E+00
          0.90621811E+00
          0.90652767E+00
          0.90683603E+00
          0.90714320E+00
          0.90744918E+00
          0.90775398E+00
          0.90805760E+00
          0.90836005E+00
          0.90866133E+00
          0.90896145E+00
          0.90926041E+00
          0.90955822E+00
          0.90985488E+00
          0.91015040E+00
          0.91044477E+00
          0.91073802E+00
          0.91103013E+00
          0.91132112E+00
          0.91161099E+00
          0.91189975E+00
          0.91218739E+00
          0.91247393E+00
          0.91275937E+00
          0.91304372E+00
          0.91332697E+00
          0.91360913E+00
          0.91389021E+00
          0.91417022E+00
          0.91444915E+00
          0.91472701E+00
          0.91500381E+00
          0.91527954E+00
          0.91555423E+00
          0.91582786E+00
          0.91610044E+00
          0.91637198E+00
          0.91664249E+00
          0.91691196E+00
          0.91718040E+00
          0.91744782E+00
          0.91771422E+00
          0.91797960E+00
          0.91824397E+00
          0.91850733E+00
          0.91876968E+00
          0.91903104E+00
          0.91929141E+00
          0.91955078E+00
          0.91980916E+00
          0.92006657E+00
          0.92032299E+00
          0.92057844E+00
          0.92083292E+00
          0.92108644E+00
          0.92133899E+00
          0.92159059E+00
          0.92184123E+00
          0.92209092E+00
          0.92233966E+00
          0.92258746E+00
          0.92283433E+00
          0.92308026E+00
          0.92332526E+00
          0.92356933E+00
          0.92381248E+00
          0.92405472E+00
          0.92429604E+00
          0.92453644E+00
          0.92477594E+00
          0.92501454E+00
          0.92525224E+00
          0.92548904E+00
          0.92572495E+00
          0.92595997E+00
          0.92619411E+00
          0.92642737E+00
          0.92665975E+00
          0.92689125E+00
          0.92712189E+00
          0.92735166E+00
          0.92758057E+00
          0.92780862E+00
          0.92803581E+00
          0.92826215E+00
          0.92848765E+00
          0.92871230E+00
          0.92893611E+00
          0.92915908E+00
          0.92938122E+00
          0.92960252E+00
          0.92982300E+00
          0.93004266E+00
          0.93026149E+00
          0.93047951E+00
          0.93069672E+00
          0.93091312E+00
          0.93112871E+00
          0.93134349E+00
          0.93155748E+00
          0.93177067E+00
          0.93198307E+00
          0.93219467E+00
          0.93240549E+00
          0.93261553E+00
          0.93282479E+00
          0.93303327E+00
          0.93324098E+00
          0.93344792E+00
          0.93365409E+00
          0.93385949E+00
          0.93406414E+00
          0.93426803E+00
          0.93447116E+00
          0.93467354E+00
          0.93487518E+00
          0.93507607E+00
          0.93527621E+00
          0.93547562E+00
          0.93567429E+00
          0.93587223E+00
          0.93606945E+00
          0.93626593E+00
          0.93646169E+00
          0.93665673E+00
          0.93685105E+00
          0.93704466E+00
          0.93723756E+00
          0.93742974E+00
          0.93762123E+00
          0.93781201E+00
          0.93800208E+00
          0.93819147E+00
          0.93838015E+00
          0.93856815E+00
          0.93875546E+00
          0.93894208E+00
          0.93912802E+00
          0.93931328E+00
          0.93949787E+00
          0.93968178E+00
          0.93986501E+00
          0.94004758E+00
          0.94022948E+00
          0.94041072E+00
          0.94059130E+00
          0.94077123E+00
          0.94095049E+00
          0.94112911E+00
          0.94130707E+00
          0.94148439E+00
          0.94166106E+00
          0.94183709E+00
          0.94201249E+00
          0.94218724E+00
          0.94236137E+00
          0.94253486E+00
          0.94270772E+00
          0.94287996E+00
          0.94305157E+00
          0.94322257E+00
          0.94339294E+00
          0.94356270E+00
          0.94373185E+00
          0.94390038E+00
          0.94406831E+00
          0.94423563E+00
          0.94440235E+00
          0.94456847E+00
          0.94473399E+00
          0.94489891E+00
          0.94506324E+00
          0.94522698E+00
          0.94539014E+00
          0.94555270E+00
          0.94571468E+00
          0.94587608E+00
          0.94603691E+00
          0.94619715E+00
          0.94635682E+00
          0.94651592E+00
          0.94667445E+00
          0.94683241E+00
          0.94698981E+00
          0.94714664E+00
          0.94730292E+00
          0.94745864E+00
          0.94761380E+00
          0.94776841E+00
          0.94792246E+00
          0.94807597E+00
          0.94822893E+00
          0.94838135E+00
          0.94853322E+00
          0.94868456E+00
          0.94883535E+00
          0.94898561E+00
          0.94913534E+00
          0.94928454E+00
          0.94943320E+00
          0.94958134E+00
          0.94972896E+00
          0.94987605E+00
          0.95002262E+00
          0.95016867E+00
          0.95031421E+00
          0.95045923E+00
          0.95060374E+00
          0.95074774E+00
          0.95089123E+00
          0.95103422E+00
          0.95117670E+00
          0.95131868E+00
          0.95146016E+00
          0.95160114E+00
          0.95174163E+00
          0.95188162E+00
          0.95202112E+00
          0.95216013E+00
          0.95229865E+00
          0.95243669E+00
          0.95257424E+00
          0.95271131E+00
          0.95284790E+00
          0.95298401E+00
          0.95311964E+00
          0.95325481E+00
          0.95338949E+00
          0.95352371E+00
          0.95365746E+00
          0.95379074E+00
          0.95392356E+00
          0.95405591E+00
          0.95418781E+00
          0.95431924E+00
          0.95445022E+00
          0.95458074E+00
          0.95471080E+00
          0.95484042E+00
          0.95496958E+00
          0.95509830E+00
          0.95522657E+00
          0.95535439E+00
          0.95548177E+00
          0.95560871E+00
          0.95573521E+00
          0.95586128E+00
          0.95598690E+00
          0.95611209E+00
          0.95623685E+00
          0.95636118E+00
          0.95648508E+00
          0.95660855E+00
          0.95673160E+00
          0.95685422E+00
          0.95697642E+00
          0.95709820E+00
          0.95721956E+00
          0.95734050E+00
          0.95746103E+00
          0.95758114E+00
          0.95770084E+00
          0.95782013E+00
          0.95793901E+00
          0.95805749E+00
          0.95817555E+00
          0.95829322E+00
          0.95841048E+00
          0.95852734E+00
          0.95864379E+00
          0.95875986E+00
          0.95887552E+00
          0.95899079E+00
          0.95910567E+00
          0.95922015E+00
          0.95933425E+00
          0.95944796E+00
          0.95956127E+00
          0.95967421E+00
          0.95978676E+00
          0.95989892E+00
          0.96001071E+00
          0.96012212E+00
          0.96023315E+00
          0.96034380E+00
          0.96045407E+00
          0.96056398E+00
          0.96067351E+00
          0.96078267E+00
          0.96089146E+00
          0.96099988E+00
          0.96110794E+00
          0.96121563E+00
          0.96132296E+00
          0.96142993E+00
          0.96153653E+00
          0.96164278E+00
          0.96174867E+00
          0.96185420E+00
          0.96195938E+00
          0.96206420E+00
          0.96216867E+00
          0.96227279E+00
          0.96237656E+00
          0.96247998E+00
          0.96258306E+00
          0.96268579E+00
          0.96278817E+00
          0.96289022E+00
          0.96299192E+00
          0.96309328E+00
          0.96319430E+00
          0.96329499E+00
          0.96339534E+00
          0.96349535E+00
          0.96359503E+00
          0.96369438E+00
          0.96379340E+00
          0.96389208E+00
          0.96399044E+00
          0.96408847E+00
          0.96418618E+00
          0.96428356E+00
          0.96438062E+00
          0.96447735E+00
          0.96457377E+00
          0.96466986E+00
          0.96476564E+00
          0.96486110E+00
          0.96495624E+00
          0.96505107E+00
          0.96514558E+00
          0.96523978E+00
          0.96533367E+00
          0.96542726E+00
          0.96552053E+00
          0.96561349E+00
          0.96570615E+00
          0.96579850E+00
          0.96589055E+00
          0.96598230E+00
          0.96607374E+00
          0.96616488E+00
          0.96625573E+00
          0.96634627E+00
          0.96643652E+00
          0.96652647E+00
          0.96661613E+00
          0.96670550E+00
          0.96679457E+00
          0.96688335E+00
          0.96697184E+00
          0.96706004E+00
          0.96714795E+00
          0.96723557E+00
          0.96732291E+00
          0.96740996E+00
          0.96749673E+00
          0.96758322E+00
          0.96766942E+00
          0.96775535E+00
          0.96784099E+00
          0.96792636E+00
          0.96801145E+00
          0.96809626E+00
          0.96818080E+00
          0.96826506E+00
          0.96834905E+00
          0.96843277E+00
          0.96851621E+00
          0.96859939E+00
          0.96868230E+00
          0.96876493E+00
          0.96884731E+00
          0.96892941E+00
          0.96901125E+00
          0.96909283E+00
          0.96917414E+00
          0.96925519E+00
          0.96933598E+00
          0.96941651E+00
          0.96949678E+00
          0.96957679E+00
          0.96965655E+00
          0.96973604E+00
          0.96981529E+00
          0.96989428E+00
          0.96997301E+00
          0.97005149E+00
          0.97012972E+00
          0.97020771E+00
          0.97028544E+00
          0.97036292E+00
          0.97044015E+00
          0.97051714E+00
          0.97059388E+00
          0.97067038E+00
          0.97074663E+00
          0.97082264E+00
          0.97089841E+00
          0.97097394E+00
          0.97104922E+00
          0.97112427E+00
          0.97119907E+00
          0.97127364E+00
          0.97134798E+00
          0.97142207E+00
          0.97149593E+00
          0.97156956E+00
          0.97164295E+00
          0.97171611E+00
          0.97178904E+00
          0.97186174E+00
          0.97193421E+00
          0.97200645E+00
          0.97207846E+00
          0.97215024E+00
          0.97222180E+00
          0.97229313E+00
          0.97236424E+00
          0.97243512E+00
          0.97250578E+00
          0.97257622E+00
          0.97264643E+00
          0.97271643E+00
          0.97278620E+00
          0.97285576E+00
          0.97292509E+00
          0.97299421E+00
          0.97306311E+00
          0.97313180E+00
          0.97320027E+00
          0.97326853E+00
          0.97333657E+00
          0.97340440E+00
          0.97347202E+00
          0.97353943E+00
          0.97360662E+00
          0.97367361E+00
          0.97374039E+00
          0.97380696E+00
          0.97387332E+00
          0.97393948E+00
          0.97400543E+00
          0.97407117E+00
          0.97413671E+00
          0.97420205E+00
          0.97426718E+00
          0.97433211E+00
          0.97439684E+00
          0.97446137E+00
          0.97452570E+00
          0.97458983E+00
          0.97465376E+00
          0.97471750E+00
          0.97478103E+00
          0.97484437E+00
          0.97490752E+00
          0.97497047E+00
          0.97503322E+00
          0.97509578E+00
          0.97515815E+00
          0.97522033E+00
          0.97528232E+00
          0.97534411E+00
          0.97540572E+00
          0.97546713E+00
          0.97552836E+00
          0.97558940E+00
          0.97565025E+00
          0.97571091E+00
          0.97577139E+00
          0.97583168E+00
          0.97589179E+00
          0.97595172E+00
          0.97601146E+00
          0.97607101E+00
          0.97613039E+00
          0.97618959E+00
          0.97624860E+00
          0.97630743E+00
          0.97636609E+00
          0.97642457E+00
          0.97648286E+00
          0.97654098E+00
          0.97659893E+00
          0.97665670E+00
          0.97671429E+00
          0.97677170E+00
          0.97682895E+00
          0.97688602E+00
          0.97694291E+00
          0.97699963E+00
          0.97705619E+00
          0.97711257E+00
          0.97716877E+00
          0.97722481E+00
          0.97728068E+00
          0.97733639E+00
          0.97739192E+00
          0.97744728E+00
          0.97750248E+00
          0.97755751E+00
          0.97761238E+00
          0.97766708E+00
          0.97772162E+00
          0.97777599E+00
          0.97783020E+00
          0.97788424E+00
          0.97793812E+00
          0.97799185E+00
          0.97804541E+00
          0.97809880E+00
          0.97815204E+00
          0.97820512E+00
          0.97825804E+00
          0.97831081E+00
          0.97836341E+00
          0.97841586E+00
          0.97846815E+00
          0.97852028E+00
          0.97857226E+00
          0.97862409E+00
          0.97867576E+00
          0.97872727E+00
          0.97877863E+00
          0.97882984E+00
          0.97888090E+00
          0.97893180E+00
          0.97898256E+00
          0.97903316E+00
          0.97908361E+00
          0.97913391E+00
          0.97918407E+00
          0.97923407E+00
          0.97928393E+00
          0.97933364E+00
          0.97938320E+00
          0.97943261E+00
          0.97948188E+00
          0.97953101E+00
          0.97957998E+00
          0.97962882E+00
          0.97967751E+00
          0.97972605E+00
          0.97977446E+00
          0.97982272E+00
          0.97987084E+00
          0.97991881E+00
          0.97996665E+00
          0.98001434E+00
          0.98006190E+00
          0.98010931E+00
          0.98015659E+00
          0.98020373E+00
          0.98025073E+00
          0.98029759E+00
          0.98034431E+00
          0.98039090E+00
          0.98043735E+00
          0.98048367E+00
          0.98052985E+00
          0.98057589E+00
          0.98062180E+00
          0.98066758E+00
          0.98071322E+00
          0.98075873E+00
          0.98080411E+00
          0.98084936E+00
          0.98089447E+00
          0.98093945E+00
          0.98098431E+00
          0.98102903E+00
          0.98107362E+00
          0.98111808E+00
          0.98116241E+00
          0.98120662E+00
          0.98125070E+00
          0.98129464E+00
          0.98133847E+00
          0.98138216E+00
          0.98142573E+00
          0.98146917E+00
          0.98151249E+00
          0.98155568E+00
          0.98159875E+00
          0.98164169E+00
          0.98168451E+00
          0.98172721E+00
          0.98176978E+00
          0.98181223E+00
          0.98185456E+00
          0.98189677E+00
          0.98193885E+00
          0.98198082E+00
          0.98202266E+00
          0.98206438E+00
          0.98210599E+00
          0.98214747E+00
          0.98218884E+00
          0.98223009E+00
          0.98227122E+00
          0.98231223E+00
          0.98235313E+00
          0.98239390E+00
          0.98243456E+00
          0.98247511E+00
          0.98251554E+00
          0.98255585E+00
          0.98259605E+00
          0.98263614E+00
          0.98267611E+00
          0.98271597E+00
          0.98275571E+00
          0.98279534E+00
          0.98283486E+00
          0.98287427E+00
          0.98291356E+00
          0.98295274E+00
          0.98299182E+00
          0.98303078E+00
          0.98306963E+00
          0.98310837E+00
          0.98314700E+00
          0.98318552E+00
          0.98322394E+00
          0.98326224E+00
          0.98330044E+00
          0.98333852E+00
          0.98337651E+00
          0.98341438E+00
          0.98345215E+00
          0.98348981E+00
          0.98352736E+00
          0.98356481E+00
          0.98360216E+00
          0.98363940E+00
          0.98367653E+00
          0.98371356E+00
          0.98375049E+00
          0.98378731E+00
          0.98382403E+00
          0.98386065E+00
          0.98389716E+00
          0.98393357E+00
          0.98396988E+00
          0.98400609E+00
          0.98404220E+00
          0.98407820E+00
          0.98411411E+00
          0.98414992E+00
          0.98418562E+00
          0.98422123E+00
          0.98425674E+00
          0.98429214E+00
          0.98432745E+00
          0.98436267E+00
          0.98439778E+00
          0.98443280E+00
          0.98446772E+00
          0.98450254E+00
          0.98453726E+00
          0.98457189E+00
          0.98460643E+00
          0.98464086E+00
          0.98467520E+00
          0.98470945E+00
          0.98474360E+00
          0.98477766E+00
          0.98481163E+00
          0.98484550E+00
          0.98487927E+00
          0.98491296E+00
          0.98494655E+00
          0.98498004E+00
          0.98501345E+00
          0.98504676E+00
          0.98507999E+00
          0.98511312E+00
          0.98514616E+00
          0.98517910E+00
          0.98521196E+00
          0.98524473E+00
          0.98527741E+00
          0.98531000E+00
          0.98534250E+00
          0.98537491E+00
          0.98540723E+00
          0.98543946E+00
          0.98547161E+00
          0.98550366E+00
          0.98553563E+00
          0.98556751E+00
          0.98559931E+00
          0.98563102E+00
          0.98566264E+00
          0.98569418E+00
          0.98572563E+00
          0.98575699E+00
          0.98578827E+00
          0.98581946E+00
          0.98585057E+00
          0.98588160E+00
          0.98591254E+00
          0.98594339E+00
          0.98597416E+00
          0.98600485E+00
          0.98603546E+00
          0.98606598E+00
          0.98609642E+00
          0.98612678E+00
          0.98615706E+00
          0.98618725E+00
          0.98621736E+00
          0.98624739E+00
          0.98627734E+00
          0.98630721E+00
          0.98633700E+00
          0.98636671E+00
          0.98639634E+00
          0.98642589E+00
          0.98645535E+00
          0.98648474E+00
          0.98651406E+00
          0.98654329E+00
          0.98657244E+00
          0.98660152E+00
          0.98663051E+00
          0.98665943E+00
          0.98668827E+00
          0.98671704E+00
          0.98674573E+00
          0.98677434E+00
          0.98680287E+00
          0.98683133E+00
          0.98685971E+00
          0.98688802E+00
          0.98691625E+00
          0.98694440E+00
          0.98697248E+00
          0.98700049E+00
          0.98702842E+00
          0.98705627E+00
          0.98708406E+00
          0.98711176E+00
          0.98713940E+00
          0.98716696E+00
          0.98719445E+00
          0.98722186E+00
          0.98724920E+00
          0.98727647E+00
          0.98730367E+00
          0.98733080E+00
          0.98735785E+00
          0.98738483E+00
          0.98741174E+00
          0.98743858E+00
          0.98746535E+00
          0.98749205E+00
          0.98751867E+00
          0.98754523E+00
          0.98757172E+00
          0.98759813E+00
          0.98762448E+00
          0.98765076E+00
          0.98767697E+00
          0.98770311E+00
          0.98772918E+00
          0.98775518E+00
          0.98778111E+00
          0.98780698E+00
          0.98783278E+00
          0.98785851E+00
          0.98788417E+00
          0.98790977E+00
          0.98793529E+00
          0.98796076E+00
          0.98798615E+00
          0.98801148E+00
          0.98803674E+00
          0.98806194E+00
          0.98808707E+00
          0.98811213E+00
          0.98813713E+00
          0.98816207E+00
          0.98818694E+00
          0.98821174E+00
          0.98823648E+00
          0.98826115E+00
          0.98828577E+00
          0.98831031E+00
          0.98833480E+00
          0.98835922E+00
          0.98838357E+00
          0.98840787E+00
          0.98843210E+00
          0.98845626E+00
          0.98848037E+00
          0.98850441E+00
          0.98852839E+00
          0.98855231E+00
          0.98857616E+00
          0.98859996E+00
          0.98862369E+00
          0.98864736E+00
          0.98867097E+00
          0.98869452E+00
          0.98871801E+00
          0.98874144E+00
          0.98876481E+00
          0.98878811E+00
          0.98881136E+00
          0.98883455E+00
          0.98885768E+00
          0.98888075E+00
          0.98890376E+00
          0.98892671E+00
          0.98894960E+00
          0.98897243E+00
          0.98899520E+00
          0.98901792E+00
          0.98904058E+00
          0.98906318E+00
          0.98908572E+00
          0.98910820E+00
          0.98913063E+00
          0.98915300E+00
          0.98917531E+00
          0.98919757E+00
          0.98921976E+00
          0.98924191E+00
          0.98926399E+00
          0.98928602E+00
          0.98930799E+00
          0.98932991E+00
          0.98935177E+00
          0.98937358E+00
          0.98939533E+00
          0.98941702E+00
          0.98943866E+00
          0.98946025E+00
          0.98948178E+00
          0.98950325E+00
          0.98952467E+00
          0.98954604E+00
          0.98956735E+00
          0.98958861E+00
          0.98960982E+00
          0.98963097E+00
          0.98965207E+00
          0.98967311E+00
          0.98969410E+00
          0.98971504E+00
          0.98973593E+00
          0.98975676E+00
          0.98977754E+00
          0.98979827E+00
          0.98981895E+00
          0.98983957E+00
          0.98986014E+00
          0.98988066E+00
          0.98990113E+00
          0.98992155E+00
          0.98994191E+00
          0.98996223E+00
          0.98998249E+00
          0.99000271E+00
          0.99002287E+00
          0.99004298E+00
          0.99006304E+00
          0.99008306E+00
          0.99010302E+00
          0.99012293E+00
          0.99014279E+00
          0.99016260E+00
          0.99018237E+00
          0.99020208E+00
          0.99022174E+00
          0.99024136E+00
          0.99026093E+00
          0.99028044E+00
          0.99029991E+00
          0.99031933E+00
          0.99033871E+00
          0.99035803E+00
          0.99037731E+00
          0.99039653E+00
          0.99041572E+00
          0.99043485E+00
          0.99045393E+00
          0.99047297E+00
          0.99049196E+00
          0.99051091E+00
          0.99052981E+00
          0.99054866E+00
          0.99056746E+00
          0.99058622E+00
          0.99060493E+00
          0.99062359E+00
          0.99064221E+00
          0.99066078E+00
          0.99067931E+00
          0.99069779E+00
          0.99071623E+00
          0.99073462E+00
