 Longwave optical depth [dimless]
  0.5222E+00
  0.6020E+00
  0.7042E+00
  0.8405E+00
  0.1026E+01
  0.1223E+01
  0.1596E+01
  0.2047E+01
  0.4587E+01
  0.6958E+01
  0.9126E+01
  0.1293E+02
  0.1861E+02
  0.2909E+02
  0.4508E+02
  0.3364E+02
  0.2606E+02
  0.2538E+02
  0.3016E+02
  0.3974E+02
  0.3732E+02
  0.3245E+02
  0.3285E+02
  0.3732E+02
  0.4895E+02
  0.6623E+02
  0.8665E+02
  0.1163E+03
  0.1825E+03
  0.2338E+03
  0.2496E+03
  0.2122E+03
  0.1707E+03
  0.1218E+03
  0.1045E+03
  0.1071E+03
  0.1307E+03
  0.1566E+03
  0.1346E+03
  0.1311E+03
  0.1535E+03
  0.2084E+03
  0.3171E+03
  0.4887E+03
  0.6323E+03
  0.6183E+03
  0.4019E+03
  0.3042E+03
  0.2645E+03
  0.2770E+03
  0.2664E+03
  0.2328E+03
  0.2048E+03
  0.2212E+03
  0.2566E+03
  0.2786E+03
  0.3515E+03
  0.5067E+03
  0.5598E+03
  0.5388E+03
  0.4793E+03
  0.4082E+03
  0.4557E+03
  0.5362E+03
  0.4622E+03
  0.4565E+03
  0.3958E+03
  0.4116E+03
  0.5490E+03
  0.8931E+03
  0.1065E+04
  0.8024E+03
  0.7534E+03
  0.9180E+03
  0.7718E+03
  0.6228E+03
  0.6550E+03
  0.6951E+03
  0.9629E+03
  0.1329E+04
  0.1312E+04
  0.8309E+03
  0.7269E+03
  0.8353E+03
  0.7442E+03
  0.5549E+03
  0.4556E+03
  0.4478E+03
  0.5343E+03
  0.4219E+03
  0.3335E+03
  0.3142E+03
  0.3459E+03
  0.4285E+03
  0.5498E+03
  0.8231E+03
  0.1110E+04
  0.1257E+04
  0.8001E+03
  0.7029E+03
  0.9370E+03
  0.1123E+04
  0.7843E+03
  0.6423E+03
  0.7609E+03
  0.1029E+04
  0.8600E+03
  0.5966E+03
  0.5247E+03
  0.6418E+03
  0.1170E+04
  0.1268E+04
  0.8354E+03
  0.5529E+03
  0.4413E+03
  0.4419E+03
  0.5305E+03
  0.7629E+03
  0.1319E+04
  0.2039E+04
  0.2210E+04
  0.1448E+04
  0.1180E+04
  0.7913E+03
  0.6954E+03
  0.1004E+04
  0.8896E+03
  0.4694E+03
  0.3438E+03
  0.3028E+03
  0.2999E+03
  0.3353E+03
  0.4401E+03
  0.5428E+03
  0.7321E+03
  0.1252E+04
  0.1247E+04
  0.8160E+03
  0.7291E+03
  0.6639E+03
  0.1074E+04
  0.8238E+03
  0.6002E+03
  0.4394E+03
  0.4876E+03
  0.3864E+03
  0.2850E+03
  0.2530E+03
  0.2724E+03
  0.3619E+03
  0.4180E+03
  0.3035E+03
  0.2576E+03
  0.2942E+03
  0.5015E+03
  0.5426E+03
  0.3500E+03
  0.3846E+03
  0.4416E+03
  0.6494E+03
  0.1257E+04
  0.2790E+04
  0.2283E+04
  0.1068E+04
  0.7343E+03
  0.8289E+03
  0.1087E+04
  0.6750E+03
  0.4375E+03
  0.4894E+03
  0.3862E+03
  0.3588E+03
  0.2415E+03
  0.2146E+03
  0.2254E+03
  0.2854E+03
  0.4262E+03
  0.4948E+03
  0.5086E+03
  0.5876E+03
  0.9467E+03
  0.1400E+04
  0.1144E+04
  0.5441E+03
  0.4040E+03
  0.2440E+03
  0.1789E+03
  0.1417E+03
  0.1234E+03
  0.1145E+03
  0.1126E+03
  0.1171E+03
  0.1314E+03
  0.1645E+03
  0.2422E+03
  0.3872E+03
  0.5005E+03
  0.6954E+03
  0.7017E+03
  0.4477E+03
  0.4091E+03
  0.6908E+03
  0.1952E+04
  0.1356E+04
  0.4761E+03
  0.2461E+03
  0.1584E+03
  0.1186E+03
  0.9905E+02
  0.9105E+02
  0.9335E+02
  0.1147E+03
  0.1565E+03
  0.1307E+03
  0.9113E+02
  0.8040E+02
  0.8227E+02
  0.9409E+02
  0.1137E+03
  0.1684E+03
  0.2932E+03
  0.6177E+03
  0.1097E+04
  0.5658E+03
  0.4570E+03
  0.4997E+03
  0.2825E+03
  0.1689E+03
  0.1262E+03
  0.1313E+03
  0.1903E+03
  0.2288E+03
  0.1425E+03
  0.8918E+02
  0.6790E+02
  0.6078E+02
  0.6182E+02
  0.7233E+02
  0.9604E+02
  0.1399E+03
  0.2884E+03
  0.8766E+03
  0.1069E+04
  0.2731E+03
  0.1206E+03
  0.7275E+02
  0.5399E+02
  0.4547E+02
  0.4164E+02
  0.4262E+02
  0.5205E+02
  0.7346E+02
  0.5984E+02
  0.4452E+02
  0.4252E+02
  0.4953E+02
  0.7043E+02
  0.1256E+03
  0.2454E+03
  0.1982E+03
  0.1806E+03
  0.4545E+03
  0.2692E+03
  0.9813E+02
  0.5967E+02
  0.5274E+02
  0.6613E+02
  0.1010E+03
  0.8113E+02
  0.4928E+02
  0.3954E+02
  0.4382E+02
  0.4563E+02
  0.3909E+02
  0.3793E+02
  0.3099E+02
  0.3223E+02
  0.4155E+02
  0.9037E+02
  0.4404E+03
  0.1722E+03
  0.1876E+03
  0.1196E+03
  0.1268E+03
  0.7647E+02
  0.7795E+02
  0.5375E+02
  0.3175E+02
  0.2140E+02
  0.1709E+02
  0.1487E+02
  0.1384E+02
  0.1393E+02
  0.1594E+02
  0.2224E+02
  0.3451E+02
  0.2855E+02
  0.2763E+02
  0.5861E+02
  0.1404E+03
  0.8974E+02
  0.3599E+02
  0.1856E+02
  0.1368E+02
  0.1276E+02
  0.1470E+02
  0.2275E+02
  0.3098E+02
  0.2270E+02
  0.1411E+02
  0.1086E+02
  0.1018E+02
  0.1077E+02
  0.1451E+02
  0.3924E+02
  0.5411E+02
  0.4034E+02
  0.5869E+02
  0.6251E+02
  0.4049E+02
  0.2148E+02
  0.1179E+02
  0.8668E+01
  0.7344E+01
  0.6623E+01
  0.6140E+01
  0.5956E+01
  0.5997E+01
  0.6247E+01
  0.6948E+01
  0.8323E+01
  0.1118E+02
  0.1754E+02
  0.3485E+02
  0.6827E+02
  0.6745E+02
  0.3453E+02
  0.2330E+02
  0.1927E+02
  0.1268E+02
  0.9872E+01
  0.6828E+01
  0.5817E+01
  0.5882E+01
  0.6752E+01
  0.5589E+01
  0.4923E+01
  0.5328E+01
  0.1196E+02
  0.6452E+01
  0.4842E+01
  0.5678E+01
  0.8548E+01
  0.1116E+02
  0.1315E+02
  0.6670E+01
  0.5978E+01
  0.6181E+01
  0.4227E+01
  0.4143E+01
  0.4892E+01
  0.6616E+01
  0.7291E+01
  0.8185E+01
  0.1360E+02
  0.2753E+02
  0.2332E+02
  0.1091E+02
  0.8668E+01
  0.5612E+01
  0.4219E+01
  0.3865E+01
  0.4000E+01
  0.5131E+01
  0.6299E+01
  0.7349E+01
  0.1269E+02
  0.1931E+02
  0.1242E+02
  0.6582E+01
  0.5329E+01
  0.3936E+01
  0.3566E+01
  0.3757E+01
  0.4304E+01
  0.5325E+01
  0.7900E+01
  0.7187E+01
  0.5991E+01
  0.4365E+01
  0.4118E+01
  0.4364E+01
  0.5243E+01
  0.5922E+01
  0.5083E+01
  0.4789E+01
  0.4797E+01
  0.5025E+01
  0.5532E+01
  0.6678E+01
  0.9737E+01
  0.1533E+02
  0.1183E+02
  0.1263E+02
  0.1777E+02
  0.2640E+02
  0.3389E+02
  0.3057E+02
  0.2883E+02
  0.3059E+02
  0.3477E+02
  0.4099E+02
  0.4989E+02
  0.6125E+02
  0.7161E+02
  0.8571E+02
  0.9683E+02
  0.1084E+03
  0.1227E+03
  0.1419E+03
  0.1675E+03
  0.1808E+03
  0.1858E+03
  0.1904E+03
  0.1973E+03
  0.2070E+03
  0.2172E+03
  0.2212E+03
  0.2256E+03
  0.2247E+03
  0.2360E+03
  0.2738E+03
  0.3631E+03
  0.5825E+03
  0.1153E+04
  0.1963E+04
  0.1383E+04
  0.7797E+03
  0.5010E+03
  0.3995E+03
  0.3604E+03
  0.3532E+03
  0.3649E+03
  0.3938E+03
  0.4303E+03
  0.4566E+03
  0.4950E+03
  0.5602E+03
  0.6493E+03
  0.7271E+03
  0.8408E+03
  0.1006E+04
  0.1213E+04
  0.1452E+04
  0.1743E+04
  0.2174E+04
  0.2649E+04
  0.3233E+04
  0.4025E+04
  0.5023E+04
  0.6314E+04
  0.7502E+04
  0.9047E+04
  0.1137E+05
  0.1449E+05
  0.1741E+05
  0.2013E+05
  0.2407E+05
  0.3000E+05
  0.3828E+05
  0.4391E+05
  0.5069E+05
  0.6085E+05
  0.7684E+05
  0.9828E+05
  0.1131E+06
  0.1392E+06
  0.1711E+06
  0.1764E+06
  0.1844E+06
  0.1859E+06
  0.1953E+06
  0.2163E+06
  0.2498E+06
  0.2549E+06
  0.2497E+06
  0.2540E+06
  0.2723E+06
  0.3074E+06
  0.3233E+06
  0.3820E+06
  0.5523E+06
  0.1021E+07
  0.2212E+07
  0.1628E+07
  0.7762E+06
  0.5361E+06
  0.4742E+06
  0.4797E+06
  0.5363E+06
  0.6335E+06
  0.7719E+06
  0.9317E+06
  0.1112E+07
  0.1360E+07
  0.1712E+07
  0.2048E+07
  0.2431E+07
  0.3088E+07
  0.3626E+07
  0.4732E+07
  0.6788E+07
  0.7078E+07
  0.7930E+07
  0.9462E+07
  0.1157E+08
  0.1545E+08
  0.2201E+08
  0.2409E+08
  0.2095E+08
  0.2131E+08
  0.2471E+08
  0.3397E+08
  0.3232E+08
  0.2739E+08
  0.2641E+08
  0.2795E+08
  0.3307E+08
  0.3723E+08
  0.3181E+08
  0.3560E+08
  0.5200E+08
  0.1026E+09
  0.3776E+09
  0.2359E+09
  0.1031E+09
  0.6007E+08
  0.4249E+08
  0.3687E+08
  0.3860E+08
  0.5749E+08
  0.4061E+08
  0.3402E+08
  0.3299E+08
  0.3697E+08
  0.4922E+08
  0.3034E+08
  0.2530E+08
  0.2422E+08
  0.2692E+08
  0.2283E+08
  0.1654E+08
  0.1402E+08
  0.1334E+08
  0.1479E+08
  0.8841E+07
  0.6837E+07
  0.5925E+07
  0.5587E+07
  0.4195E+07
  0.3086E+07
  0.2532E+07
  0.2208E+07
  0.1814E+07
  0.1341E+07
  0.1109E+07
  0.9333E+06
  0.7988E+06
  0.6396E+06
  0.5614E+06
  0.5170E+06
  0.4770E+06
  0.4863E+06
  0.6222E+06
  0.1060E+07
  0.2121E+07
  0.1951E+07
  0.8308E+06
  0.4623E+06
  0.3239E+06
  0.2716E+06
  0.2631E+06
  0.2945E+06
  0.2667E+06
  0.2554E+06
  0.2529E+06
  0.2582E+06
  0.2707E+06
  0.2547E+06
  0.2270E+06
  0.2098E+06
  0.2048E+06
  0.2126E+06
  0.1945E+06
  0.1468E+06
  0.1169E+06
  0.9442E+05
  0.8113E+05
  0.7058E+05
  0.6049E+05
  0.4790E+05
  0.3811E+05
  0.3104E+05
  0.2600E+05
  0.2202E+05
  0.1843E+05
  0.1436E+05
  0.1121E+05
  0.9081E+04
  0.7412E+04
  0.6119E+04
  0.5010E+04
  0.4021E+04
  0.3192E+04
  0.2684E+04
  0.2273E+04
  0.1981E+04
  0.1637E+04
  0.1364E+04
  0.1202E+04
  0.1079E+04
  0.9898E+03
  0.8920E+03
  0.8130E+03
  0.7629E+03
  0.7338E+03
  0.7143E+03
  0.6886E+03
  0.7129E+03
  0.8351E+03
  0.1169E+04
  0.2034E+04
  0.4275E+04
  0.4803E+04
  0.2479E+04
  0.1395E+04
  0.9796E+03
  0.8271E+03
  0.7844E+03
  0.7577E+03
  0.7287E+03
  0.7116E+03
  0.7086E+03
  0.7097E+03
  0.6768E+03
  0.6193E+03
  0.5702E+03
  0.5333E+03
  0.5015E+03
  0.4497E+03
  0.3863E+03
  0.3338E+03
  0.2936E+03
  0.2521E+03
  0.2137E+03
  0.1734E+03
  0.1424E+03
  0.1198E+03
  0.1024E+03
  0.8833E+02
  0.8074E+02
  0.9186E+02
  0.1041E+03
  0.6950E+02
  0.4562E+02
  0.3270E+02
  0.2571E+02
  0.2166E+02
  0.1901E+02
  0.1722E+02
  0.1571E+02
  0.1465E+02
  0.1375E+02
  0.1285E+02
  0.1211E+02
  0.1143E+02
  0.1078E+02
  0.9991E+01
  0.9201E+01
  0.8632E+01
  0.8133E+01
  0.7593E+01
  0.6900E+01
  0.6495E+01
  0.6451E+01
  0.6567E+01
  0.5984E+01
  0.5940E+01
  0.7100E+01
  0.1064E+02
  0.1768E+02
  0.1726E+02
  0.9474E+01
  0.5905E+01
  0.4503E+01
  0.3956E+01
  0.3839E+01
  0.3905E+01
  0.3959E+01
  0.4125E+01
  0.4360E+01
  0.4531E+01
  0.4898E+01
  0.5109E+01
  0.5337E+01
  0.6021E+01
  0.6308E+01
  0.6927E+01
  0.7894E+01
  0.8430E+01
  0.9454E+01
  0.1072E+02
  0.1178E+02
  0.1285E+02
  0.1454E+02
  0.1626E+02
  0.1733E+02
  0.1929E+02
  0.2187E+02
  0.2263E+02
  0.2468E+02
  0.2710E+02
  0.2873E+02
  0.3033E+02
  0.3216E+02
  0.3395E+02
  0.3563E+02
  0.3785E+02
  0.3860E+02
  0.4225E+02
  0.4413E+02
  0.4912E+02
  0.5452E+02
  0.5882E+02
  0.6855E+02
  0.7143E+02
  0.8284E+02
  0.8912E+02
  0.9743E+02
  0.1177E+03
  0.1231E+03
  0.1492E+03
  0.1712E+03
  0.1893E+03
  0.2380E+03
  0.2580E+03
  0.2925E+03
  0.3569E+03
  0.3723E+03
  0.4200E+03
  0.4911E+03
  0.5021E+03
  0.5518E+03
  0.6322E+03
  0.6311E+03
  0.6612E+03
  0.7305E+03
  0.7249E+03
  0.7109E+03
  0.7336E+03
  0.7363E+03
  0.6703E+03
  0.6202E+03
  0.5790E+03
  0.5120E+03
  0.4161E+03
  0.3356E+03
  0.2762E+03
  0.2554E+03
  0.2998E+03
  0.3902E+03
  0.5048E+03
  0.6149E+03
  0.7064E+03
  0.7827E+03
  0.8470E+03
  0.8959E+03
  0.9250E+03
  0.9312E+03
  0.9140E+03
  0.8734E+03
  0.8109E+03
  0.7373E+03
  0.6542E+03
  0.5670E+03
  0.4778E+03
  0.3947E+03
  0.3190E+03
  0.2524E+03
  0.1967E+03
  0.1505E+03
  0.1119E+03
  0.8299E+02
  0.6076E+02
  0.4475E+02
  0.3375E+02
  0.2565E+02
  0.2061E+02
  0.1770E+02
  0.1496E+02
  0.1407E+02
  0.1363E+02
  0.1290E+02
  0.1307E+02
  0.1374E+02
  0.1416E+02
  0.1435E+02
  0.1645E+02
  0.1683E+02
  0.1967E+02
  0.2034E+02
  0.2495E+02
  0.2792E+02
  0.3278E+02
  0.4330E+02
  0.4803E+02
  0.6680E+02
  0.7392E+02
  0.9344E+02
  0.1135E+03
  0.1284E+03
  0.1706E+03
  0.1809E+03
  0.2228E+03
  0.2645E+03
  0.2872E+03
  0.3661E+03
  0.3921E+03
  0.4438E+03
  0.5491E+03
  0.5646E+03
  0.6494E+03
  0.7602E+03
  0.7730E+03
  0.8764E+03
  0.9963E+03
  0.9923E+03
  0.1078E+04
  0.1201E+04
  0.1162E+04
  0.1181E+04
  0.1261E+04
  0.1216E+04
  0.1132E+04
  0.1093E+04
  0.1046E+04
  0.9002E+03
  0.7589E+03
  0.6385E+03
  0.5321E+03
  0.4695E+03
  0.5239E+03
  0.6721E+03
  0.8444E+03
  0.1010E+04
  0.1168E+04
  0.1316E+04
  0.1449E+04
  0.1564E+04
  0.1641E+04
  0.1674E+04
  0.1662E+04
  0.1607E+04
  0.1511E+04
  0.1390E+04
  0.1251E+04
  0.1100E+04
  0.9411E+03
  0.7902E+03
  0.6498E+03
  0.5251E+03
  0.4177E+03
  0.3248E+03
  0.2462E+03
  0.1844E+03
  0.1364E+03
  0.9938E+02
  0.7229E+02
  0.5230E+02
  0.3780E+02
  0.2732E+02
  0.1980E+02
  0.1435E+02
  0.1039E+02
  0.7523E+01
  0.5454E+01
  0.3919E+01
  0.2805E+01
  0.2001E+01
  0.1415E+01
  0.9883E+00
  0.6836E+00
  0.4044E+00
  0.2672E+00
  0.1822E+00
  0.1152E+00
  0.9586E-01
  0.5501E-01
  0.3345E-01
  0.1906E-01
  0.1383E-01
  0.1035E-01
  0.8994E-02
  0.9119E-02
  0.1069E-01
  0.1464E-01
  0.2540E-01
  0.5683E-01
  0.7936E-01
  0.4809E-01
  0.2540E-01
  0.1522E-01
  0.1157E-01
  0.9899E-02
  0.9320E-02
  0.9448E-02
  0.1050E-01
  0.1361E-01
  0.2203E-01
  0.2903E-01
  0.2476E-01
  0.2588E-01
  0.1767E-01
  0.1311E-01
  0.1111E-01
  0.1046E-01
  0.1050E-01
  0.1094E-01
  0.1194E-01
  0.1507E-01
  0.2161E-01
  0.3428E-01
  0.3270E-01
  0.2315E-01
  0.2164E-01
  0.2549E-01
  0.3571E-01
  0.6301E-01
  0.1389E+00
  0.1838E+00
  0.8674E-01
  0.4706E-01
  0.3437E-01
  0.2942E-01
  0.2921E-01
  0.3114E-01
  0.3889E-01
  0.5831E-01
  0.1072E+00
  0.1383E+00
  0.8518E-01
  0.6482E-01
  0.6485E-01
  0.7247E-01
  0.8786E-01
  0.1091E+00
  0.1458E+00
  0.2072E+00
  0.2609E+00
  0.2799E+00
  0.3315E+00
  0.4138E+00
  0.5264E+00
  0.6707E+00
  0.8458E+00
  0.1072E+01
  0.1359E+01
  0.1713E+01
  0.2193E+01
  0.2738E+01
  0.3278E+01
  0.3997E+01
  0.4876E+01
  0.6022E+01
  0.7381E+01
  0.8834E+01
  0.1074E+02
  0.1338E+02
  0.1578E+02
  0.1917E+02
  0.2401E+02
  0.2784E+02
  0.3309E+02
  0.4227E+02
  0.4790E+02
  0.5635E+02
  0.7108E+02
  0.8010E+02
  0.9198E+02
  0.1132E+03
  0.1288E+03
  0.1400E+03
  0.1663E+03
  0.1951E+03
  0.1952E+03
  0.2167E+03
  0.2777E+03
  0.2363E+03
  0.2402E+03
  0.2968E+03
  0.2382E+03
  0.2149E+03
  0.2189E+03
  0.1838E+03
  0.1399E+03
  0.1154E+03
  0.9042E+02
  0.8023E+02
  0.1046E+03
  0.1852E+03
  0.1697E+03
  0.1941E+03
  0.2494E+03
  0.2523E+03
  0.2447E+03
  0.2652E+03
  0.2917E+03
  0.2426E+03
  0.2350E+03
  0.2692E+03
  0.2099E+03
  0.1849E+03
  0.1777E+03
  0.1640E+03
  0.1306E+03
  0.1149E+03
  0.1134E+03
  0.8373E+02
  0.6978E+02
  0.6102E+02
  0.4980E+02
  0.3973E+02
  0.3236E+02
  0.2610E+02
  0.2115E+02
  0.1641E+02
  0.1306E+02
  0.1073E+02
  0.8035E+01
  0.6207E+01
  0.5103E+01
  0.3853E+01
  0.3047E+01
  0.2572E+01
  0.2143E+01
  0.2010E+01
  0.1924E+01
  0.1727E+01
  0.1992E+01
  0.3299E+01
  0.3233E+01
  0.3561E+01
  0.3581E+01
  0.4699E+01
  0.5624E+01
  0.5536E+01
  0.5137E+01
  0.5102E+01
  0.5559E+01
  0.6203E+01
  0.7575E+01
  0.9082E+01
  0.1060E+02
  0.1309E+02
  0.1615E+02
  0.1886E+02
  0.2354E+02
  0.3155E+02
  0.3876E+02
  0.4733E+02
  0.6093E+02
  0.7333E+02
  0.8467E+02
  0.9310E+02
  0.1095E+03
  0.1357E+03
  0.1630E+03
  0.1734E+03
  0.1941E+03
  0.2368E+03
  0.2533E+03
  0.2488E+03
  0.2662E+03
  0.3512E+03
  0.2776E+03
  0.2592E+03
  0.2684E+03
  0.2572E+03
  0.2133E+03
  0.1843E+03
  0.2136E+03
  0.1080E+03
  0.9644E+02
  0.1286E+03
  0.1634E+03
  0.1887E+03
  0.2380E+03
  0.2747E+03
  0.2752E+03
  0.3031E+03
  0.3252E+03
  0.2847E+03
  0.2917E+03
  0.3071E+03
  0.2543E+03
  0.2463E+03
  0.2463E+03
  0.2000E+03
  0.1953E+03
  0.2105E+03
  0.1529E+03
  0.1326E+03
  0.1166E+03
  0.1020E+03
  0.1105E+03
  0.1089E+03
  0.8510E+02
  0.8013E+02
  0.7112E+02
  0.6099E+02
  0.4624E+02
  0.3758E+02
  0.3579E+02
  0.3715E+02
  0.2945E+02
  0.2300E+02
  0.1962E+02
  0.1848E+02
  0.1772E+02
  0.1712E+02
  0.1684E+02
  0.1970E+02
  0.2933E+02
  0.5578E+02
  0.7983E+02
  0.9244E+02
  0.4322E+02
  0.2861E+02
  0.2869E+02
  0.2306E+02
  0.1798E+02
  0.1814E+02
  0.2315E+02
  0.3169E+02
  0.2573E+02
  0.2452E+02
  0.2894E+02
  0.4274E+02
  0.8793E+02
  0.8069E+02
  0.4022E+02
  0.2535E+02
  0.2016E+02
  0.1815E+02
  0.1807E+02
  0.1977E+02
  0.2474E+02
  0.3578E+02
  0.3614E+02
  0.2937E+02
  0.3140E+02
  0.3917E+02
  0.4975E+02
  0.8782E+02
  0.1637E+03
  0.1740E+03
  0.1153E+03
  0.7146E+02
  0.5022E+02
  0.4656E+02
  0.5748E+02
  0.7747E+02
  0.5691E+02
  0.4392E+02
  0.4278E+02
  0.5344E+02
  0.8435E+02
  0.1166E+03
  0.1196E+03
  0.7977E+02
  0.7559E+02
  0.5049E+02
  0.3664E+02
  0.3334E+02
  0.3515E+02
  0.3321E+02
  0.3355E+02
  0.3864E+02
  0.5141E+02
  0.6838E+02
  0.7269E+02
  0.8768E+02
  0.7885E+02
  0.6074E+02
  0.6188E+02
  0.8637E+02
  0.1352E+03
  0.1102E+03
  0.1016E+03
  0.8269E+02
  0.7423E+02
  0.8173E+02
  0.1097E+03
  0.1770E+03
  0.2366E+03
  0.2242E+03
  0.1572E+03
  0.1176E+03
  0.9146E+02
  0.8982E+02
  0.7858E+02
  0.8852E+02
  0.1082E+03
  0.1280E+03
  0.1206E+03
  0.1537E+03
  0.1996E+03
  0.1692E+03
  0.1303E+03
  0.1236E+03
  0.1131E+03
  0.9569E+02
  0.8656E+02
  0.7743E+02
  0.8290E+02
  0.1034E+03
  0.1299E+03
  0.1180E+03
  0.1204E+03
  0.1631E+03
  0.2542E+03
  0.2878E+03
  0.2512E+03
  0.2144E+03
  0.1577E+03
  0.1346E+03
  0.1049E+03
  0.8318E+02
  0.7947E+02
  0.8516E+02
  0.8518E+02
  0.9686E+02
  0.1303E+03
  0.1547E+03
  0.1762E+03
  0.2561E+03
  0.3168E+03
  0.2970E+03
  0.2077E+03
  0.1313E+03
  0.1018E+03
  0.9478E+02
  0.8202E+02
  0.8295E+02
  0.1027E+03
  0.1186E+03
  0.9299E+02
  0.8302E+02
  0.9542E+02
  0.1377E+03
  0.2037E+03
  0.1361E+03
  0.8476E+02
  0.5908E+02
  0.4652E+02
  0.3966E+02
  0.3438E+02
  0.3147E+02
  0.2907E+02
  0.2789E+02
  0.2732E+02
  0.2710E+02
  0.2675E+02
  0.2744E+02
  0.2830E+02
  0.2852E+02
  0.2727E+02
  0.2585E+02
  0.2554E+02
  0.2596E+02
  0.2739E+02
  0.2772E+02
  0.2856E+02
  0.2841E+02
  0.3034E+02
  0.3340E+02
  0.3586E+02
  0.3834E+02
  0.4044E+02
  0.4689E+02
  0.6204E+02
  0.9510E+02
  0.1542E+03
  0.1485E+03
  0.9524E+02
  0.7069E+02
  0.6758E+02
  0.8076E+02
  0.9520E+02
  0.7383E+02
  0.6454E+02
  0.7004E+02
  0.6596E+02
  0.5866E+02
  0.6069E+02
  0.7378E+02
  0.1067E+03
  0.1690E+03
  0.1686E+03
  0.1232E+03
  0.8850E+02
  0.7188E+02
  0.6745E+02
  0.7137E+02
  0.8756E+02
  0.1286E+03
  0.1750E+03
  0.1622E+03
  0.1460E+03
  0.1528E+03
  0.2217E+03
  0.3619E+03
  0.3290E+03
  0.2137E+03
  0.1312E+03
  0.9247E+02
  0.7577E+02
  0.7236E+02
  0.7952E+02
  0.9754E+02
  0.8860E+02
  0.7236E+02
  0.7106E+02
  0.8535E+02
  0.1170E+03
  0.1246E+03
  0.1089E+03
  0.9588E+02
  0.1007E+03
  0.1356E+03
  0.1171E+03
  0.8386E+02
  0.7545E+02
  0.8341E+02
  0.9924E+02
  0.1432E+03
  0.2215E+03
  0.2797E+03
  0.1683E+03
  0.1077E+03
  0.8772E+02
  0.8013E+02
  0.7613E+02
  0.8328E+02
  0.1132E+03
  0.1936E+03
  0.2606E+03
  0.1891E+03
  0.1922E+03
  0.2720E+03
  0.2204E+03
  0.1369E+03
  0.1104E+03
  0.1050E+03
  0.9652E+02
  0.7571E+02
  0.6009E+02
  0.5644E+02
  0.5416E+02
  0.5944E+02
  0.8291E+02
  0.1222E+03
  0.1441E+03
  0.2120E+03
  0.1487E+03
  0.8498E+02
  0.5540E+02
  0.4516E+02
  0.4230E+02
  0.3608E+02
  0.3367E+02
  0.3573E+02
  0.4295E+02
  0.5781E+02
  0.6965E+02
  0.1201E+03
  0.2090E+03
  0.1641E+03
  0.9238E+02
  0.6896E+02
  0.7437E+02
  0.9041E+02
  0.6359E+02
  0.5154E+02
  0.4829E+02
  0.4215E+02
  0.4429E+02
  0.5232E+02
  0.6045E+02
  0.6602E+02
  0.1230E+03
  0.6067E+02
  0.3456E+02
  0.3169E+02
  0.4227E+02
  0.4321E+02
  0.3324E+02
  0.3504E+02
  0.5146E+02
  0.5164E+02
  0.3358E+02
  0.2683E+02
  0.2870E+02
  0.5213E+02
  0.7076E+02
  0.5775E+02
  0.9299E+02
  0.1267E+03
  0.8902E+02
  0.5202E+02
  0.3661E+02
  0.2634E+02
  0.2422E+02
  0.2722E+02
  0.2747E+02
  0.2004E+02
  0.1991E+02
  0.5205E+02
  0.1914E+02
  0.1737E+02
  0.2141E+02
  0.3345E+02
  0.5507E+02
  0.7436E+02
  0.5364E+02
  0.3338E+02
  0.2741E+02
  0.2229E+02
  0.2590E+02
  0.3042E+02
  0.3641E+02
  0.2504E+02
  0.1396E+02
  0.1094E+02
  0.1040E+02
  0.1254E+02
  0.1294E+02
  0.1664E+02
  0.1745E+02
  0.1280E+02
  0.9210E+01
  0.7762E+01
  0.7427E+01
  0.1567E+02
  0.7262E+01
  0.7732E+01
  0.9019E+01
  0.1266E+02
  0.1760E+02
  0.2970E+02
  0.2549E+02
  0.2253E+02
  0.3188E+02
  0.4352E+02
  0.2926E+02
  0.1704E+02
  0.1293E+02
  0.1102E+02
  0.1168E+02
  0.1309E+02
  0.1265E+02
  0.1425E+02
  0.1980E+02
  0.3538E+02
  0.7247E+02
  0.6883E+02
  0.3759E+02
  0.2967E+02
  0.2698E+02
  0.2558E+02
  0.2787E+02
  0.2984E+02
  0.3171E+02
  0.3426E+02
  0.3799E+02
  0.4320E+02
  0.4995E+02
  0.4984E+02
  0.5112E+02
  0.5278E+02
  0.5735E+02
  0.6492E+02
  0.7163E+02
  0.7775E+02
  0.8787E+02
  0.8498E+02
  0.7163E+02
  0.7140E+02
  0.7179E+02
  0.6961E+02
  0.6886E+02
  0.7337E+02
  0.8362E+02
  0.1072E+03
  0.1387E+03
  0.1158E+03
  0.1222E+03
  0.1395E+03
  0.1590E+03
  0.1927E+03
  0.2325E+03
  0.2674E+03
  0.3058E+03
  0.3687E+03
  0.4668E+03
  0.5958E+03
  0.8093E+03
  0.9708E+03
  0.1058E+04
  0.1208E+04
  0.1452E+04
  0.1830E+04
  0.2302E+04
  0.2782E+04
  0.2820E+04
  0.2940E+04
  0.3230E+04
  0.3748E+04
  0.4730E+04
  0.5695E+04
  0.4761E+04
  0.4455E+04
  0.4510E+04
  0.5050E+04
  0.6318E+04
  0.5371E+04
  0.3953E+04
  0.3331E+04
  0.3074E+04
  0.3146E+04
  0.3304E+04
  0.2047E+04
  0.1863E+04
  0.2310E+04
  0.4128E+04
  0.1477E+05
  0.1060E+05
  0.4573E+04
  0.2288E+04
  0.1289E+04
  0.8468E+03
  0.6226E+03
  0.5196E+03
  0.3346E+03
  0.2322E+03
  0.1782E+03
  0.1497E+03
  0.1594E+03
  0.1607E+03
  0.1750E+03
  0.2137E+03
  0.3064E+03
  0.3232E+03
  0.2969E+03
  0.3093E+03
  0.3667E+03
  0.4269E+03
  0.3213E+03
  0.2889E+03
  0.2966E+03
  0.3485E+03
  0.2539E+03
  0.2075E+03
  0.1930E+03
  0.1917E+03
  0.1523E+03
  0.1151E+03
  0.9826E+02
  0.9152E+02
  0.7563E+02
  0.5673E+02
  0.4728E+02
  0.4319E+02
  0.3718E+02
  0.2963E+02
  0.2588E+02
  0.2499E+02
  0.2313E+02
  0.2083E+02
  0.2055E+02
  0.2209E+02
  0.2247E+02
  0.2589E+02
  0.2828E+02
  0.2672E+02
  0.2997E+02
  0.3622E+02
  0.3848E+02
  0.4260E+02
  0.5125E+02
  0.6835E+02
  0.1017E+03
  0.1129E+03
  0.1153E+03
  0.1351E+03
  0.1702E+03
  0.2197E+03
  0.2160E+03
  0.2313E+03
  0.2748E+03
  0.3714E+03
  0.4219E+03
  0.3860E+03
  0.3987E+03
  0.4580E+03
  0.6288E+03
  0.5896E+03
  0.5156E+03
  0.5234E+03
  0.5917E+03
  0.8004E+03
  0.6725E+03
  0.6470E+03
  0.7005E+03
  0.8660E+03
  0.1080E+04
  0.1227E+04
  0.1577E+04
  0.2387E+04
  0.4672E+04
  0.3290E+04
  0.3806E+04
  0.4367E+04
  0.4991E+04
  0.5874E+04
  0.7331E+04
  0.9764E+04
  0.1319E+05
  0.1368E+05
  0.1514E+05
  0.1685E+05
  0.2072E+05
  0.2917E+05
  0.2891E+05
  0.2707E+05
  0.2768E+05
  0.3091E+05
  0.3946E+05
  0.4380E+05
  0.3406E+05
  0.3067E+05
  0.3062E+05
  0.3459E+05
  0.4213E+05
  0.2625E+05
  0.2167E+05
  0.2041E+05
  0.2189E+05
  0.2812E+05
  0.3550E+05
  0.8419E+05
  0.1881E+06
  0.6924E+05
  0.3217E+05
  0.1996E+05
  0.1690E+05
  0.1300E+05
  0.9314E+04
  0.7489E+04
  0.6537E+04
  0.6528E+04
  0.4798E+04
  0.4116E+04
  0.5245E+04
  0.7951E+04
  0.4286E+04
  0.2454E+04
  0.1754E+04
  0.1452E+04
  0.1323E+04
  0.1379E+04
  0.1214E+04
  0.1159E+04
  0.1192E+04
  0.1333E+04
  0.1502E+04
  0.1425E+04
  0.1329E+04
  0.1296E+04
  0.1357E+04
  0.1339E+04
  0.1321E+04
  0.1177E+04
  0.1063E+04
  0.9879E+03
  0.9267E+03
  0.9074E+03
  0.7756E+03
  0.6928E+03
  0.6843E+03
  0.8019E+03
  0.1218E+04
  0.2518E+04
  0.3054E+04
  0.1243E+04
  0.6424E+03
  0.4025E+03
  0.2940E+03
  0.2398E+03
  0.2010E+03
  0.1604E+03
  0.1323E+03
  0.1125E+03
  0.9588E+02
  0.7951E+02
  0.6588E+02
  0.5856E+02
  0.5449E+02
  0.5002E+02
  0.4713E+02
  0.4667E+02
  0.4636E+02
  0.4583E+02
  0.4148E+02
  0.4224E+02
  0.4056E+02
  0.3890E+02
  0.3844E+02
  0.3987E+02
  0.4371E+02
  0.5467E+02
  0.7759E+02
  0.6287E+02
  0.3657E+02
  0.2466E+02
  0.1847E+02
  0.1520E+02
  0.1366E+02
  0.1260E+02
  0.1197E+02
  0.1185E+02
  0.1197E+02
  0.1292E+02
  0.1342E+02
  0.1511E+02
  0.1670E+02
  0.1865E+02
  0.2206E+02
  0.2388E+02
  0.2881E+02
  0.3327E+02
  0.3769E+02
  0.4551E+02
  0.5173E+02
  0.6044E+02
  0.7448E+02
  0.8180E+02
  0.9958E+02
  0.1182E+03
  0.1395E+03
  0.1641E+03
  0.2092E+03
  0.2411E+03
  0.3047E+03
  0.3725E+03
  0.4654E+03
  0.5583E+03
  0.7346E+03
  0.8895E+03
  0.1187E+04
  0.1418E+04
  0.1927E+04
  0.2322E+04
  0.3057E+04
  0.3930E+04
  0.4927E+04
  0.6557E+04
  0.7911E+04
  0.1096E+05
  0.1304E+05
  0.1839E+05
  0.2112E+05
  0.2983E+05
  0.3415E+05
  0.4497E+05
  0.5646E+05
  0.6705E+05
  0.9793E+05
  0.1019E+06
  0.1455E+06
  0.1652E+06
  0.2028E+06
  0.2734E+06
  0.2879E+06
  0.4284E+06
  0.4437E+06
  0.5297E+06
  0.7510E+06
  0.7283E+06
  0.1006E+07
  0.1136E+07
  0.1206E+07
  0.1939E+07
  0.1718E+07
  0.1925E+07
  0.3401E+07
  0.2510E+07
  0.2883E+07
  0.4963E+07
  0.3529E+07
  0.3916E+07
  0.7795E+07
  0.4778E+07
  0.4773E+07
  0.6874E+07
  0.6385E+07
  0.5359E+07
  0.6016E+07
  0.1468E+08
  0.5850E+07
  0.5050E+07
  0.5298E+07
  0.9067E+07
  0.4042E+07
  0.2993E+07
  0.2561E+07
  0.2424E+07
  0.3000E+07
  0.4093E+07
  0.6168E+07
  0.9493E+07
  0.8240E+07
  0.8544E+07
  0.8923E+07
  0.9946E+07
  0.1049E+08
  0.1199E+08
  0.1249E+08
  0.1372E+08
  0.1490E+08
  0.1528E+08
  0.1842E+08
  0.1822E+08
  0.2304E+08
  0.2408E+08
  0.2864E+08
  0.3695E+08
  0.3786E+08
  0.5613E+08
  0.5602E+08
  0.6726E+08
  0.9340E+08
  0.8954E+08
  0.1229E+09
  0.1374E+09
  0.1423E+09
  0.2285E+09
  0.2008E+09
  0.2203E+09
  0.4631E+09
  0.2855E+09
  0.3147E+09
  0.6652E+09
  0.3918E+09
  0.4080E+09
  0.6569E+09
  0.5199E+09
  0.4776E+09
  0.6082E+09
  0.7247E+09
  0.5238E+09
  0.5219E+09
  0.6890E+09
  0.5799E+09
  0.4189E+09
  0.3695E+09
  0.3651E+09
  0.3099E+09
  0.1890E+09
  0.2514E+09
  0.3354E+09
  0.3822E+09
  0.4462E+09
  0.5347E+09
  0.6593E+09
  0.8487E+09
  0.1451E+10
  0.9573E+09
  0.8264E+09
  0.7469E+09
  0.6806E+09
  0.6157E+09
  0.5511E+09
  0.4859E+09
  0.4214E+09
  0.3593E+09
  0.3042E+09
  0.2588E+09
  0.1983E+09
  0.1398E+09
  0.1006E+09
  0.7363E+08
  0.5486E+08
  0.3804E+08
  0.2617E+08
  0.1852E+08
  0.1271E+08
  0.9292E+07
  0.6635E+07
  0.4813E+07
  0.3524E+07
  0.2592E+07
  0.1903E+07
  0.1391E+07
  0.1007E+07
  0.7205E+06
  0.5077E+06
  0.3526E+06
  0.1897E+06
  0.1252E+06
  0.8109E+05
  0.5174E+05
  0.3242E+05
  0.1411E+05
  0.8410E+04
  0.4941E+04
  0.1901E+04
  0.1085E+04
  0.4145E+03
  0.1911E+03
  0.1138E+03
  0.9291E+02
  0.9441E+02
  0.9138E+02
  0.8629E+02
  0.8621E+02
  0.8556E+02
  0.7480E+02
  0.6584E+02
  0.5824E+02
  0.4941E+02
  0.3863E+02
  0.3213E+02
  0.3335E+02
  0.4156E+02
  0.5278E+02
  0.6572E+02
  0.7947E+02
  0.9269E+02
  0.1035E+03
  0.1096E+03
  0.1125E+03
  0.1129E+03
  0.1109E+03
  0.1065E+03
  0.9988E+02
  0.9185E+02
  0.8274E+02
  0.7298E+02
  0.6286E+02
  0.5321E+02
  0.4407E+02
  0.3540E+02
  0.2801E+02
  0.2216E+02
  0.1745E+02
  0.1377E+02
  0.1094E+02
  0.9084E+01
  0.7935E+01
  0.7545E+01
  0.7890E+01
  0.8467E+01
  0.9988E+01
  0.1213E+02
  0.1440E+02
  0.1735E+02
  0.2163E+02
  0.2539E+02
  0.2936E+02
  0.3499E+02
  0.4523E+02
  0.4814E+02
  0.5373E+02
  0.6308E+02
  0.7978E+02
  0.7712E+02
  0.8297E+02
  0.9727E+02
  0.1033E+03
  0.9699E+02
  0.1004E+03
  0.1326E+03
  0.9627E+02
  0.8614E+02
  0.8541E+02
  0.7346E+02
  0.5314E+02
  0.4162E+02
  0.3278E+02
