 Rayleigh Transmission
                          0.9999999999986456E+00
                          0.9999999997910854E+00
                          0.9999999997670886E+00
                          0.9999999977645392E+00
                          0.9999999933515251E+00
                          0.9999999966726379E+00
                          0.9999999807017660E+00
                          0.9999999924613256E+00
                          0.9999999987082124E+00
                          0.9999999873837995E+00
                          0.9999999997481110E+00
                          0.9999997318902578E+00
                          0.9999991177122066E+00
                          0.9999999999704765E+00
                          0.9999999999895850E+00
                          0.9999999997614610E+00
                          0.9999999999992988E+00
                          0.9999999998857355E+00
                          0.9999999999997270E+00
                          0.9999999999979716E+00
                          0.9999999999992079E+00
                          0.9999999999939349E+00
                          0.9999999999785539E+00
                          0.9999999993705083E+00
                          0.9999999634147512E+00
                          0.9999999009955092E+00
                          0.9999925932623313E+00
                          0.9999551585725923E+00
                          0.9999996971264538E+00
                          0.9999999555080158E+00
                          0.9999999151302592E+00
                          0.9999999999971836E+00
                          0.9999999999795001E+00
                          0.9999999999989130E+00
                          0.9999999999785768E+00
                          0.9999999999988417E+00
                          0.9999999999986930E+00
                          0.9999999999984687E+00
                          0.9999999999892137E+00
                          0.9999999999959609E+00
                          0.9999999999980362E+00
                          0.9999999999977481E+00
                          0.9999999999930652E+00
                          0.9999999999898456E+00
                          0.9999999999971082E+00
                          0.9999999999968933E+00
                          0.9999999999924144E+00
                          0.9999999999962984E+00
                          0.9999999999959642E+00
                          0.9999999999905196E+00
                          0.9999999997130253E+00
                          0.9999999998102876E+00
                          0.9999991954281168E+00
                          0.9999999999787572E+00
                          0.9999999998307876E+00
                          0.9999999980697997E+00
                          0.9999999999781088E+00
                          0.9999999999880714E+00
                          0.9999999999758602E+00
                          0.9999999999342718E+00
                          0.9999999999208512E+00
                          0.9999999999309686E+00
                          0.9999999998208462E+00
                          0.9999999975290920E+00
                          0.9999999999641661E+00
                          0.9999999998373412E+00
                          0.9999999981250413E+00
                          0.9999999998842650E+00
                          0.9999999996786176E+00
                          0.9999999999177434E+00
                          0.9999999999275244E+00
                          0.9999999999586446E+00
                          0.9999999999680537E+00
                          0.9999999988507666E+00
                          0.9999999999657394E+00
                          0.9999998065503022E+00
                          0.9994404956132277E+00
                          0.9999999990853924E+00
                          0.9999999998663275E+00
                          0.9999999999601310E+00
                          0.9999999999509308E+00
                          0.9999999538629255E+00
                          0.9999999544976553E+00
                          0.9999863465826695E+00
                          0.9999756039344042E+00
                          0.9999999999252474E+00
                          0.9999999999580222E+00
                          0.9999999999566028E+00
                          0.9999999999538584E+00
                          0.9999999994261812E+00
                          0.9999997738547045E+00
                          0.9968412445009482E+00
                          0.9463504028529970E+00
                          0.9997160188439789E+00
                          0.9994124469296968E+00
                          0.9999910793105705E+00
                          0.9999999991110011E+00
                          0.9999999999326465E+00
                          0.9999999999294737E+00
                          0.9999999996508439E+00
                          0.9999999985911737E+00
                          0.9999999998979544E+00
                          0.9999999999073802E+00
                          0.9999990827569206E+00
                          0.9999999993626993E+00
                          0.9999999990454803E+00
                          0.9999999998894386E+00
                          0.9999999998960150E+00
                          0.9999999998942696E+00
                          0.9999999998910613E+00
                          0.9999999998630987E+00
                          0.9999999998658234E+00
                          0.9999999998806491E+00
                          0.9999999998763580E+00
                          0.9999999998717839E+00
                          0.9999999998677708E+00
                          0.9999999998630155E+00
                          0.9999999998583433E+00
                          0.9999999998413985E+00
                          0.9999999996540770E+00
                          0.9999999593071164E+00
                          0.9999999998323954E+00
                          0.9999999998264670E+00
                          0.9999997229799956E+00
                          0.9999999996904072E+00
                          0.9999999779593730E+00
                          0.9999999998048855E+00
                          0.9999999997865778E+00
                          0.9999999997804770E+00
                          0.9999999997448463E+00
                          0.9999999997833610E+00
                          0.9999999997745469E+00
                          0.9999999997575069E+00
                          0.9999997573722558E+00
                          0.9999999716206281E+00
                          0.9999999997432215E+00
                          0.9999999972463317E+00
                          0.9999999938195038E+00
                          0.9999999996965536E+00
                          0.9999999994369748E+00
                          0.9999999900593312E+00
                          0.9999999495442904E+00
                          0.9999117209680389E+00
                          0.9999998050939969E+00
                          0.9999946284515863E+00
                          0.9999903487315253E+00
                          0.9999999365902220E+00
                          0.9993738191994022E+00
                          0.9999945198872401E+00
                          0.9999697666588293E+00
                          0.9999999863434892E+00
                          0.9999999993255022E+00
                          0.9999999979878019E+00
                          0.9999999993353640E+00
                          0.9999997616917945E+00
                          0.9999999995341325E+00
                          0.9999999995262343E+00
                          0.9999999995329496E+00
                          0.9999999994245364E+00
                          0.9999999994952986E+00
                          0.9999998841576233E+00
                          0.9999999993118109E+00
                          0.9999999994794523E+00
                          0.9999999994665183E+00
                          0.9999999994487775E+00
                          0.9999999994397714E+00
                          0.9999968528198732E+00
                          0.9999999994117785E+00
                          0.9999999993887351E+00
                          0.9999999993836078E+00
                          0.9999999993688919E+00
                          0.9999999993539139E+00
                          0.9999999993386735E+00
                          0.9999999993231224E+00
                          0.9999999991636785E+00
                          0.9999999991839256E+00
                          0.9999999992749201E+00
                          0.9999675384387456E+00
                          0.9999999992400179E+00
                          0.9999999986183454E+00
                          0.9999999991594080E+00
                          0.9999999991869764E+00
                          0.9999999991680143E+00
                          0.9999999308542924E+00
                          0.9999999991217277E+00
                          0.9999999983870556E+00
                          0.9992253027957918E+00
                          0.9999999987150410E+00
                          0.9999999990522492E+00
                          0.9999999987259305E+00
                          0.9999999982605291E+00
                          0.9999999969568815E+00
                          0.9999999982820839E+00
                          0.9999999319673062E+00
                          0.9999999950724378E+00
                          0.9999998687281770E+00
                          0.9999999679540810E+00
                          0.9997590211841123E+00
                          0.9999998440257803E+00
                          0.9999998886168550E+00
                          0.9999995569131908E+00
                          0.9999999986327515E+00
                          0.9999999984956306E+00
                          0.9999999912171978E+00
                          0.9999937991014853E+00
                          0.9999999939449281E+00
                          0.9999999986362559E+00
                          0.9999999986022776E+00
                          0.9999999977848671E+00
                          0.9999999985356055E+00
                          0.9999999984916299E+00
                          0.9999999984891927E+00
                          0.9999999981442809E+00
                          0.9999999978897438E+00
                          0.9999999983704935E+00
                          0.9999999983543367E+00
                          0.9999999082888066E+00
                          0.9999999969795238E+00
                          0.9999999982917740E+00
                          0.9999999982607890E+00
                          0.9999999982285090E+00
                          0.9999999980359774E+00
                          0.9999999981627631E+00
                          0.9999999981317501E+00
                          0.9999999980978239E+00
                          0.9999999980637283E+00
                          0.9999999970910740E+00
                          0.9999999979667588E+00
                          0.9999999979585140E+00
                          0.9999999979224585E+00
                          0.9999999978859738E+00
                          0.9999999978460981E+00
                          0.9999999978112251E+00
                          0.9999999977541415E+00
                          0.9999999977334081E+00
                          0.9999999881017783E+00
                          0.9999999976560510E+00
                          0.9999999976143545E+00
                          0.9999999567858900E+00
                          0.9999999954701302E+00
                          0.9999999974902177E+00
                          0.9999998039307900E+00
                          0.9999999973843927E+00
                          0.9999999970919408E+00
                          0.9999999972981699E+00
                          0.9999999972559319E+00
                          0.9999999969537693E+00
                          0.9999999123853578E+00
                          0.9999999968195286E+00
                          0.9999999960964431E+00
                          0.9999999966339145E+00
                          0.9999999969453220E+00
                          0.9999999891964761E+00
                          0.9999993064916962E+00
                          0.9999999948036277E+00
                          0.9999999967914451E+00
                          0.9999999967540107E+00
                          0.9999999967045642E+00
                          0.9999999965690409E+00
                          0.9999999965429924E+00
                          0.9999999957038699E+00
                          0.9999999964340363E+00
                          0.9999999964264186E+00
                          0.9999999963850909E+00
                          0.9999999963262073E+00
                          0.9999999962744507E+00
                          0.9999999955564755E+00
                          0.9999999953027754E+00
                          0.9999999890533009E+00
                          0.9999999960404070E+00
                          0.9999999955882264E+00
                          0.9999999951461477E+00
                          0.9999999957589973E+00
                          0.9999999957989394E+00
                          0.9999999860050263E+00
                          0.9999999112128416E+00
                          0.9999999950248745E+00
                          0.9999999944848463E+00
                          0.9999999917026110E+00
                          0.9999999874475612E+00
                          0.9999999952509604E+00
                          0.9999999950420652E+00
                          0.9999999948989806E+00
                          0.9999999951442579E+00
                          0.9999999950692806E+00
                          0.9999999949991544E+00
                          0.9999999949419365E+00
                          0.9999999358061908E+00
                          0.9999999947625399E+00
                          0.9999999947149170E+00
                          0.9999999945766238E+00
                          0.9999999945766956E+00
                          0.9999999590274860E+00
                          0.9999999944061635E+00
                          0.9999999937831646E+00
                          0.9999999942750666E+00
                          0.9999999933236413E+00
                          0.9999999941219376E+00
                          0.9999999940259064E+00
                          0.9999999939185589E+00
                          0.9999999938740847E+00
                          0.9999999937995472E+00
                          0.9999999937168530E+00
                          0.9999999935968420E+00
                          0.9999999934758215E+00
                          0.9999999934578895E+00
                          0.9999999932670793E+00
                          0.9999999932906792E+00
                          0.9999999932018478E+00
                          0.9999999920011103E+00
                          0.9999999930049246E+00
                          0.9999999929341270E+00
                          0.9999999928428053E+00
                          0.9999999927507027E+00
                          0.9999999926574848E+00
                          0.9999999925631300E+00
                          0.9999999924616743E+00
                          0.9999999923486415E+00
                          0.9999999922634356E+00
                          0.9999999921774777E+00
                          0.9999999920641192E+00
                          0.9999999919805921E+00
                          0.9999999918636071E+00
                          0.9999999871246230E+00
                          0.9999999912046463E+00
                          0.9999999862069100E+00
                          0.9999999914673607E+00
                          0.9999999895909876E+00
                          0.9993425893811460E+00
                          0.9999999911312304E+00
                          0.9999999910171858E+00
                          0.9999999908349452E+00
                          0.9999999899491363E+00
                          0.9999999907119009E+00
                          0.9999999905990600E+00
                          0.9999999904385456E+00
                          0.9999999903684339E+00
                          0.9999999902585727E+00
                          0.9999999901423949E+00
                          0.9999999900246880E+00
                          0.9999999899070782E+00
                          0.9999999897614764E+00
                          0.9999999896675221E+00
                          0.9999999895454987E+00
                          0.9999999894237278E+00
                          0.9999999893000577E+00
                          0.9999999891751378E+00
                          0.9999999788776739E+00
                          0.9999998218084275E+00
                          0.9999999885627950E+00
                          0.9999999886593210E+00
                          0.9999999885360601E+00
                          0.9999999884002000E+00
                          0.9999561882863600E+00
                          0.9999999878287464E+00
                          0.9999999880037556E+00
                          0.9999999878676089E+00
                          0.9999999877195085E+00
                          0.9999998486671424E+00
                          0.9999999874546502E+00
                          0.9999999873142038E+00
                          0.9999999871721482E+00
                          0.9999999855510181E+00
                          0.9999999868673154E+00
                          0.9999999866789073E+00
                          0.9999999865951809E+00
                          0.9999999864475503E+00
                          0.9999999862990566E+00
                          0.9999999861485735E+00
                          0.9999999859980044E+00
                          0.9999999850428211E+00
                          0.9999999856918996E+00
                          0.9999999852431273E+00
                          0.9999999853809222E+00
                          0.9999999852235090E+00
                          0.9999999841021486E+00
                          0.9999999848102701E+00
                          0.9999999847311248E+00
                          0.9999999845811873E+00
                          0.9999999844171494E+00
                          0.9999999842472485E+00
                          0.9999999840119919E+00
                          0.9999999839167739E+00
                          0.9999999837492634E+00
                          0.9999999835775136E+00
                          0.9999999834065305E+00
                          0.9999999832341258E+00
                          0.9999999830597628E+00
                          0.9999999828840086E+00
                          0.9999999827068893E+00
                          0.9999999825284005E+00
                          0.9999999823266292E+00
                          0.9999999821672796E+00
                          0.9999999819846304E+00
                          0.9999999817709858E+00
                          0.9999999816151353E+00
                          0.9999999814282592E+00
                          0.9999999812399873E+00
                          0.9999999810502144E+00
                          0.9999999808515821E+00
                          0.9999999806665323E+00
                          0.9999999804724891E+00
                          0.9999999802769137E+00
                          0.9999999800799442E+00
                          0.9999999798815959E+00
                          0.9999999796816634E+00
                          0.9999999794802786E+00
                          0.9999999792772998E+00
                          0.9999999790712872E+00
                          0.9999999788670902E+00
                          0.9999999142022244E+00
                          0.9999999784343432E+00
                          0.9999999782401580E+00
                          0.9999999779112103E+00
                          0.9999999778025008E+00
                          0.9999999775860071E+00
                          0.9999999773196008E+00
                          0.9999999770673601E+00
                          0.9999999769447052E+00
                          0.9999999767228375E+00
                          0.9999999764931249E+00
                          0.9999999762748608E+00
                          0.9999999720386440E+00
                          0.9999999749731123E+00
                          0.9999999308297696E+00
                          0.9999999753540981E+00
                          0.9999999751242998E+00
                          0.9999999748285316E+00
                          0.9999999699378855E+00
                          0.9999999101146931E+00
                          0.9999997474852534E+00
                          0.9999999259183364E+00
                          0.9999999683065065E+00
                          0.9999999689498696E+00
                          0.9999999711870946E+00
                          0.9999999729595968E+00
                          0.9999999727101219E+00
                          0.9999999724588721E+00
                          0.9999999722056337E+00
                          0.9999999719505799E+00
                          0.9999999716948673E+00
                          0.9999999714357726E+00
                          0.9999999711764834E+00
                          0.9999999709149664E+00
                          0.9999999706514991E+00
                          0.9999999702892096E+00
                          0.9999999701192414E+00
                          0.9999999698503900E+00
                          0.9999999695791539E+00
                          0.9999999693072203E+00
                          0.9999999690328988E+00
                          0.9999999687567411E+00
                          0.9999999684787394E+00
                          0.9999999681988877E+00
                          0.9999999679171786E+00
                          0.9999999676257898E+00
                          0.9999999673480099E+00
                          0.9999999670607941E+00
                          0.9999999667712743E+00
                          0.9999999664801332E+00
                          0.9999999661861227E+00
                          0.9999999658924513E+00
                          0.9999999655955687E+00
                          0.9999999652967521E+00
                          0.9999999649959936E+00
                          0.9999999646932803E+00
                          0.9999999643885912E+00
                          0.9999999640819768E+00
                          0.9999999637710341E+00
                          0.9999999634627696E+00
                          0.9999999631501797E+00
                          0.9999999628354674E+00
                          0.9999999625189895E+00
                          0.9999999622003682E+00
                          0.9999999618797166E+00
                          0.9999999615569396E+00
                          0.9999999609432169E+00
                          0.9999999609055253E+00
                          0.9999999605766922E+00
                          0.9999999602455933E+00
                          0.9999999599121278E+00
                          0.9999999595774914E+00
                          0.9999999592405221E+00
                          0.9999999587672164E+00
                          0.9999999585586943E+00
                          0.9999999582163349E+00
                          0.9999999578706192E+00
                          0.9999999575229199E+00
                          0.9999999571692488E+00
                          0.9999999568206236E+00
                          0.9999999564666296E+00
                          0.9999999561076027E+00
                          0.9999999557433999E+00
                          0.9999999553907430E+00
                          0.9999999550225713E+00
                          0.9999999546625086E+00
                          0.9999999542950875E+00
                          0.9999999539250892E+00
                          0.9999999535534830E+00
                          0.9999999531793407E+00
                          0.9999999528029224E+00
                          0.9999999524240960E+00
                          0.9999999520431341E+00
                          0.9999999516600387E+00
                          0.9999999512641795E+00
                          0.9999999508866769E+00
                          0.9999999504962167E+00
                          0.9999999501000746E+00
                          0.9999999497092750E+00
                          0.9999999493121627E+00
                          0.9999999488898669E+00
                          0.9999999485052838E+00
                          0.9999999481066575E+00
                          0.9999999477000838E+00
                          0.9999999472911251E+00
                          0.9999999468797729E+00
                          0.9999999464660168E+00
                          0.9999999460498493E+00
                          0.9999999456312595E+00
                          0.9999999452102399E+00
                          0.9999999447866077E+00
                          0.9999999443608680E+00
                          0.9999999439324977E+00
                          0.9999999435016586E+00
                          0.9999999430683413E+00
                          0.9999999426325361E+00
                          0.9999999421942338E+00
                          0.9999999417534231E+00
                          0.9999999413100988E+00
                          0.9999999400876576E+00
                          0.9999999404155350E+00
                          0.9999999399649293E+00
                          0.9999999395048401E+00
                          0.9999999389615793E+00
                          0.9999999385967321E+00
                          0.9999999381355592E+00
                          0.9999999376717574E+00
                          0.9999999372053506E+00
                          0.9999999367362418E+00
                          0.9999999362646960E+00
                          0.9999999357852616E+00
                          0.9999999353120758E+00
                          0.9999999347933695E+00
                          0.9999999343262556E+00
                          0.9999999338666495E+00
                          0.9999999330730616E+00
                          0.9999999328889650E+00
                          0.9999999323947830E+00
                          0.9999999319001850E+00
                          0.9999999314018806E+00
                          0.9999999309007345E+00
                          0.9999999303967204E+00
                          0.9999999298720011E+00
                          0.9999999293805198E+00
                          0.9999999288686503E+00
                          0.9999999282973372E+00
                          0.9999999278354033E+00
                          0.9999999273152907E+00
                          0.9999999267921635E+00
                          0.9999999262660056E+00
                          0.9999999257366796E+00
                          0.9999999252051486E+00
                          0.9999999246671518E+00
                          0.9999999170947365E+00
                          0.9999999223335915E+00
                          0.9999999230492486E+00
                          0.9999999224990404E+00
                          0.9999999219472944E+00
                          0.9999999214019500E+00
                          0.9999999208461390E+00
                          0.9999999202891535E+00
                          0.9999999197283349E+00
                          0.9999999191645139E+00
                          0.9999999185978564E+00
                          0.9999999180281519E+00
                          0.9999999174158509E+00
                          0.9999999168220223E+00
                          0.9999999157857477E+00
                          0.9999999157188491E+00
                          0.9999999151346611E+00
                          0.9999999145468464E+00
                          0.9999999139560756E+00
                          0.9999999133622002E+00
                          0.9999999127652562E+00
                          0.9999999121652322E+00
                          0.9999999115599566E+00
                          0.9999999109559049E+00
                          0.9999999103465796E+00
                          0.9999999097341323E+00
                          0.9999999091180272E+00
                          0.9999999084997890E+00
                          0.9999999078779529E+00
                          0.9999999072526002E+00
                          0.9999999066246944E+00
                          0.9999999059932875E+00
                          0.9999999053586930E+00
                          0.9999999047208862E+00
                          0.9999999040798609E+00
                          0.9999999034356066E+00
                          0.9999999026613920E+00
                          0.9999999021349123E+00
                          0.9999999014833606E+00
                          0.9999999008260814E+00
                          0.9999999001654253E+00
                          0.9999998995016580E+00
                          0.9999998988340210E+00
                          0.9999998981640208E+00
                          0.9999998974902148E+00
                          0.9999998968057853E+00
                          0.9999998961310884E+00
                          0.9999998953115254E+00
                          0.9999998947614969E+00
                          0.9999998831309391E+00
                          0.9999998933766100E+00
                          0.9999998926785110E+00
                          0.9999998919786635E+00
                          0.9999998912744109E+00
                          0.9999998905665984E+00
                          0.9999998898555884E+00
                          0.9999998891410055E+00
                          0.9999998884229317E+00
                          0.9999998877013910E+00
                          0.9999998869759867E+00
                          0.9999998862477917E+00
                          0.9999998855157270E+00
                          0.9999998847801415E+00
                          0.9999998840410115E+00
                          0.9999998832983306E+00
                          0.9999998825520867E+00
                          0.9999998818022705E+00
                          0.9999998810482162E+00
                          0.9999998802918720E+00
                          0.9999998790811367E+00
                          0.9999998787126380E+00
                          0.9999998779991897E+00
                          0.9999998772276849E+00
                          0.9999998764525396E+00
                          0.9999998756725007E+00
                          0.9999998748912433E+00
                          0.9999998741050659E+00
                          0.9999998733151887E+00
                          0.9999998725216009E+00
                          0.9999998717242903E+00
                          0.9999998709232454E+00
                          0.9999998701184489E+00
                          0.9999998693099065E+00
                          0.9999998684975890E+00
                          0.9999998676814906E+00
                          0.9999998668615996E+00
                          0.9999998660379041E+00
                          0.9999998652103927E+00
                          0.9999998643790535E+00
                          0.9999998635438718E+00
                          0.9999998627048441E+00
                          0.9999998618619502E+00
                          0.9999998610151812E+00
                          0.9999998601645133E+00
                          0.9999998593099708E+00
                          0.9999998584515054E+00
                          0.9999998575890480E+00
                          0.9999998567008581E+00
                          0.9999998558524271E+00
                          0.9999998549782974E+00
                          0.9999998541000990E+00
                          0.9999998532179173E+00
                          0.9999998523317426E+00
                          0.9999998514415394E+00
                          0.9999998505473551E+00
                          0.9999998496490979E+00
                          0.9999998471027677E+00
                          0.9999998478405197E+00
                          0.9999998469300891E+00
                          0.9999998460156496E+00
                          0.9999998450970833E+00
                          0.9999998441739273E+00
                          0.9999998432475378E+00
                          0.9999998423163489E+00
                          0.9999998413816114E+00
                          0.9999998404424058E+00
                          0.9999998394986431E+00
                          0.9999998381136560E+00
                          0.9999998375997013E+00
                          0.9999998317576845E+00
                          0.9999998356837068E+00
                          0.9999998347181415E+00
                          0.9999998337490816E+00
                          0.9999998327778388E+00
                          0.9999998318007063E+00
                          0.9999998308192970E+00
                          0.9999998298335898E+00
                          0.9999998288435989E+00
                          0.9999998278492638E+00
                          0.9999998268506494E+00
                          0.9999998258405671E+00
                          0.9999998248133821E+00
                          0.9999998238251361E+00
                          0.9999998227794858E+00
                          0.9999998217916550E+00
                          0.9999998207672721E+00
                          0.9999998197153384E+00
                          0.9999998186844237E+00
                          0.9999998176659367E+00
                          0.9999998166235727E+00
                          0.9999998155765181E+00
                          0.9999998144599035E+00
                          0.9999998134689638E+00
                          0.9999998124084383E+00
                          0.9999998113426676E+00
                          0.9999998081298596E+00
                          0.9999998091997145E+00
                          0.9999998081210495E+00
                          0.9999998070230173E+00
                          0.9999998059499908E+00
                          0.9999998048575581E+00
                          0.9999998037605863E+00
                          0.9999998026589553E+00
                          0.9999998015526940E+00
                          0.9999998004417874E+00
                          0.9999997993262223E+00
                          0.9999997982059883E+00
                          0.9999997970810695E+00
                          0.9999997959514545E+00
                          0.9999997948171291E+00
                          0.9999997936780819E+00
                          0.9999997925310512E+00
                          0.9999997913857653E+00
                          0.9999997900544451E+00
                          0.9999997890743991E+00
                          0.9999997879115415E+00
                          0.9999997867438266E+00
                          0.9999997855692859E+00
                          0.9999997843941034E+00
                          0.9999997828890236E+00
                          0.9999997820245139E+00
                          0.9999997808322365E+00
                          0.9999997796356555E+00
                          0.9999997783977449E+00
                          0.9999997760315749E+00
                          0.9999997760165079E+00
                          0.9999997748002755E+00
                          0.9999997735781988E+00
                          0.9999997723525973E+00
                          0.9999997711213231E+00
                          0.9999997698849344E+00
                          0.9999997686437609E+00
                          0.9999997673974742E+00
                          0.9999997661461500E+00
                          0.9999997648897883E+00
                          0.9999997636283687E+00
                          0.9999997623618793E+00
                          0.9999997610902616E+00
                          0.9999997597827289E+00
                          0.9999997585318389E+00
                          0.9999997572449131E+00
                          0.9999997559511121E+00
                          0.9999997546557386E+00
                          0.9999997533533854E+00
                          0.9999997520458550E+00
                          0.9999997507331259E+00
                          0.9999997494152050E+00
                          0.9999997480920577E+00
                          0.9999997467636775E+00
                          0.9999997454299410E+00
                          0.9999997440911632E+00
                          0.9999997427470012E+00
                          0.9999997413975512E+00
                          0.9999997400426887E+00
                          0.9999997386827310E+00
                          0.9999997373173330E+00
                          0.9999997359465913E+00
                          0.9999997345704920E+00
                          0.9999997331888234E+00
                          0.9999997318021645E+00
                          0.9999997304099082E+00
                          0.9999997290122383E+00
                          0.9999997276091418E+00
                          0.9999997262004081E+00
                          0.9999997247865875E+00
                          0.9999997233671108E+00
                          0.9999997219421968E+00
                          0.9999997205117396E+00
                          0.9999997190757675E+00
                          0.9999997176285091E+00
                          0.9999997161870032E+00
                          0.9999997147346804E+00
                          0.9999997132047385E+00
                          0.9999997118110886E+00
                          0.9999997103434859E+00
                          0.9999997088685614E+00
                          0.9999997073879966E+00
                          0.9999997058871316E+00
                          0.9999997044099204E+00
                          0.9999997029124059E+00
                          0.9999997012829602E+00
                          0.9999996999002884E+00
                          0.9999996983856696E+00
                          0.9999996968648661E+00
                          0.9999996953391124E+00
                          0.9999996937910790E+00
                          0.9999996922685235E+00
                          0.9999996907239115E+00
                          0.9999996891758811E+00
                          0.9999996876221974E+00
                          0.9999996860613652E+00
                          0.9999996844946911E+00
                          0.9999996829221558E+00
                          0.9999996813437592E+00
                          0.9999996797594719E+00
                          0.9999996781692847E+00
                          0.9999996765731827E+00
                          0.9999996749710719E+00
                          0.9999996733631459E+00
                          0.9999996717492127E+00
                          0.9999996701293299E+00
                          0.9999996685002315E+00
                          0.9999996668715366E+00
                          0.9999996652336194E+00
                          0.9999996635896597E+00
                          0.9999996619305415E+00
                          0.9999996602836131E+00
                          0.9999996586193464E+00
                          0.9999996569532489E+00
                          0.9999996552789143E+00
                          0.9999996535984568E+00
                          0.9999996519108044E+00
                          0.9999996502191210E+00
                          0.9999996485202108E+00
                          0.9999996468151192E+00
                          0.9999996451038312E+00
                          0.9999996433863299E+00
                          0.9999996416626064E+00
                          0.9999996399326394E+00
                          0.9999996381964162E+00
                          0.9999996364539216E+00
                          0.9999996347051371E+00
                          0.9999996329500237E+00
                          0.9999996311886583E+00
                          0.9999996294209270E+00
                          0.9999996276468475E+00
                          0.9999996258664081E+00
                          0.9999996240795903E+00
                          0.9999996222863782E+00
                          0.9999996204867316E+00
                          0.9999996186786770E+00
                          0.9999996168682361E+00
                          0.9999996150491339E+00
                          0.9999996132239047E+00
                          0.9999996113920183E+00
                          0.9999996095534149E+00
                          0.9999996077083407E+00
                          0.9999996058572685E+00
                          0.9999996039975777E+00
                          0.9999996021347806E+00
                          0.9999996002636702E+00
                          0.9999995983841707E+00
                          0.9999995965016496E+00
                          0.9999995946106446E+00
                          0.9999995927131355E+00
                          0.9999995907672068E+00
                          0.9999995888980091E+00
                          0.9999995869804251E+00
                          0.9999995850561406E+00
                          0.9999995831251400E+00
                          0.9999995811874075E+00
                          0.9999995792429051E+00
                          0.9999995772916845E+00
                          0.9999995753336628E+00
                          0.9999995733688251E+00
                          0.9999995713964521E+00
                          0.9999995694187681E+00
                          0.9999995674334744E+00
                          0.9999995654413233E+00
                          0.9999995634422988E+00
                          0.9999995614363860E+00
                          0.9999995594235682E+00
                          0.9999995574038298E+00
                          0.9999995553771348E+00
                          0.9999995533435143E+00
                          0.9999995513029331E+00
                          0.9999995492519377E+00
                          0.9999995471956538E+00
                          0.9999995451391800E+00
                          0.9999995430705533E+00
                          0.9999995409948770E+00
                          0.9999995389121394E+00
                          0.9999995368223222E+00
                          0.9999995347254079E+00
                          0.9999995326213065E+00
                          0.9999995305101946E+00
                          0.9999995283919310E+00
                          0.9999995262664730E+00
                          0.9999995241338390E+00
                          0.9999995219940001E+00
                          0.9999995198469764E+00
                          0.9999995176927178E+00
                          0.9999995155311817E+00
                          0.9999995133624563E+00
                          0.9999995111864278E+00
                          0.9999995090018816E+00
                          0.9999995068124821E+00
                          0.9999995046145304E+00
                          0.9999995024092470E+00
                          0.9999995001966054E+00
                          0.9999994979765811E+00
                          0.9999994957491252E+00
                          0.9999994935142539E+00
                          0.9999994912721657E+00
                          0.9999994890225034E+00
                          0.9999994867653919E+00
                          0.9999994845008056E+00
                          0.9999994822199788E+00
                          0.9999994799491697E+00
                          0.9999994776620786E+00
                          0.9999994753587311E+00
                          0.9999994730652777E+00
                          0.9999994707555321E+00
                          0.9999994684381237E+00
                          0.9999994661132693E+00
                          0.9999994637807181E+00
                          0.9999994614405336E+00
                          0.9999994590926968E+00
                          0.9999994567371900E+00
                          0.9999994543740022E+00
                          0.9999994520031110E+00
                          0.9999994496245015E+00
                          0.9999994472381570E+00
                          0.9999994448440557E+00
                          0.9999994424421963E+00
                          0.9999994400325463E+00
                          0.9999994376150944E+00
                          0.9999994351897779E+00
                          0.9999994327566676E+00
                          0.9999994303157566E+00
                          0.9999994278669287E+00
                          0.9999994254102137E+00
                          0.9999994229450496E+00
                          0.9999994204730434E+00
                          0.9999994179923413E+00
                          0.9999994155041509E+00
                          0.9999994130074007E+00
                          0.9999994105033607E+00
                          0.9999994079909664E+00
                          0.9999994054705500E+00
                          0.9999994029420889E+00
                          0.9999994004055821E+00
                          0.9999993978609965E+00
                          0.9999993953083202E+00
                          0.9999993927475368E+00
                          0.9999993901786283E+00
                          0.9999993876015508E+00
                          0.9999993850163680E+00
                          0.9999993824229096E+00
                          0.9999993798209422E+00
                          0.9999993772116005E+00
                          0.9999993745935213E+00
                          0.9999993719672894E+00
                          0.9999993693328005E+00
                          0.9999993666899955E+00
                          0.9999993640388762E+00
                          0.9999993613773410E+00
                          0.9999993587115843E+00
                          0.9999993560356233E+00
                          0.9999993533511505E+00
                          0.9999993506583017E+00
                          0.9999993479570096E+00
                          0.9999993452473793E+00
                          0.9999993425292638E+00
                          0.9999993398024712E+00
                          0.9999993370676762E+00
                          0.9999993343241530E+00
                          0.9999993315721228E+00
                          0.9999993288115688E+00
                          0.9999993260372307E+00
                          0.9999993232648176E+00
                          0.9999993204785851E+00
                          0.9999993176837579E+00
                          0.9999993148803185E+00
                          0.9999993120682246E+00
                          0.9999993092475317E+00
                          0.9999993064181490E+00
                          0.9999993035800832E+00
                          0.9999993007333164E+00
                          0.9999992978778310E+00
                          0.9999992950136092E+00
                          0.9999992921406331E+00
                          0.9999992892588836E+00
                          0.9999992863683468E+00
                          0.9999992834690000E+00
                          0.9999992805608294E+00
                          0.9999992776438144E+00
                          0.9999992747179365E+00
                          0.9999992717831820E+00
                          0.9999992688395271E+00
                          0.9999992658869604E+00
                          0.9999992629249619E+00
                          0.9999992599538299E+00
                          0.9999992569755833E+00
                          0.9999992539871485E+00
                          0.9999992509710760E+00
                          0.9999992479833197E+00
                          0.9999992449678407E+00
                          0.9999992419433010E+00
                          0.9999992389095141E+00
                          0.9999992358669654E+00
                          0.9999992328151429E+00
                          0.9999992297541833E+00
                          0.9999992266690427E+00
                          0.9999992236047662E+00
                          0.9999992205163285E+00
                          0.9999992174186577E+00
                          0.9999992143117633E+00
                          0.9999992111956272E+00
                          0.9999992080702310E+00
                          0.9999992049355565E+00
                          0.9999992017915842E+00
                          0.9999991986382989E+00
                          0.9999991954756791E+00
                          0.9999991923037074E+00
                          0.9999991891223584E+00
                          0.9999991859316348E+00
                          0.9999991827314969E+00
                          0.9999991795218992E+00
                          0.9999991763028268E+00
                          0.9999991730744555E+00
                          0.9999991698365041E+00
                          0.9999991665890530E+00
                          0.9999991633313694E+00
                          0.9999991600655772E+00
                          0.9999991567895156E+00
                          0.9999991535038797E+00
                          0.9999991502086512E+00
                          0.9999991469038113E+00
                          0.9999991435893414E+00
                          0.9999991402652229E+00
                          0.9999991369314367E+00
                          0.9999991335874496E+00
                          0.9999991302347875E+00
                          0.9999991268718867E+00
                          0.9999991234992436E+00
                          0.9999991201168158E+00
                          0.9999991167246547E+00
                          0.9999991133226129E+00
                          0.9999991099108702E+00
                          0.9999991064891429E+00
                          0.9999991030577391E+00
                          0.9999990996163689E+00
                          0.9999990961651074E+00
                          0.9999990927038575E+00
                          0.9999990892328154E+00
                          0.9999990857517785E+00
                          0.9999990822607474E+00
                          0.9999990787597426E+00
                          0.9999990752487233E+00
                          0.9999990717276545E+00
                          0.9999990681965867E+00
                          0.9999990646524315E+00
                          0.9999990611041921E+00
                          0.9999990573688331E+00
                          0.9999990539713868E+00
                          0.9999990503897822E+00
                          0.9999990467980175E+00
                          0.9999990431960734E+00
                          0.9999990395838274E+00
                          0.9999990359615701E+00
                          0.9999990323289726E+00
                          0.9999990286860967E+00
                          0.9999990250329353E+00
                          0.9999990213695354E+00
                          0.9999990176937031E+00
                          0.9999990140117467E+00
                          0.9999990103173279E+00
                          0.9999990066125305E+00
                          0.9999990028973401E+00
                          0.9999989991717406E+00
                          0.9999989954357096E+00
                          0.9999989916892283E+00
                          0.9999989879322710E+00
                          0.9999989841648382E+00
                          0.9999989803868879E+00
                          0.9999989765984141E+00
                          0.9999989727991642E+00
                          0.9999989689897998E+00
                          0.9999989651694429E+00
                          0.9999989613388387E+00
                          0.9999989574974291E+00
                          0.9999989536453739E+00
                          0.9999989497826537E+00
                          0.9999989459092485E+00
                          0.9999989420251389E+00
                          0.9999989381300942E+00
                          0.9999989342247272E+00
                          0.9999989303083699E+00
                          0.9999989263812608E+00
                          0.9999989224433325E+00
                          0.9999989184945812E+00
                          0.9999989145349865E+00
                          0.9999989105644830E+00
                          0.9999989065830678E+00
                          0.9999989025909061E+00
                          0.9999988985795529E+00
                          0.9999988945736799E+00
                          0.9999988905485859E+00
                          0.9999988865125515E+00
                          0.9999988824655093E+00
                          0.9999988784069269E+00
                          0.9999988743383080E+00
                          0.9999988702581210E+00
                          0.9999988661668651E+00
                          0.9999988620645193E+00
                          0.9999988579510349E+00
                          0.9999988538264042E+00
                          0.9999988496905703E+00
                          0.9999988455436489E+00
                          0.9999988413854753E+00
                          0.9999988372160791E+00
                          0.9999988330354398E+00
                          0.9999988288435323E+00
                          0.9999988246403462E+00
                          0.9999988204257856E+00
                          0.9999988162000495E+00
                          0.9999988119628930E+00
                          0.9999988077143718E+00
                          0.9999988034544659E+00
                          0.9999987991831525E+00
                          0.9999987949004051E+00
                          0.9999987906059211E+00
                          0.9999987863000414E+00
                          0.9999987819832754E+00
                          0.9999987776548147E+00
                          0.9999987733146465E+00
                          0.9999987689629307E+00
                          0.9999987645996468E+00
                          0.9999987602247727E+00
                          0.9999987558382923E+00
                          0.9999987514401810E+00
                          0.9999987470304195E+00
                          0.9999987426089871E+00
                          0.9999987381758635E+00
                          0.9999987337310280E+00
                          0.9999987292744599E+00
                          0.9999987248061387E+00
                          0.9999987203260433E+00
                          0.9999987158326411E+00
                          0.9999987113304355E+00
                          0.9999987068149090E+00
                          0.9999987022875119E+00
                          0.9999986977482371E+00
                          0.9999986931970599E+00
                          0.9999986886339745E+00
                          0.9999986840589437E+00
                          0.9999986794719524E+00
                          0.9999986748729381E+00
                          0.9999986702620056E+00
                          0.9999986656390082E+00
                          0.9999986610039313E+00
                          0.9999986563538541E+00
                          0.9999986516818097E+00
                          0.9999986470136007E+00
                          0.9999986423429450E+00
                          0.9999986376473705E+00
                          0.9999986329396225E+00
                          0.9999986282196925E+00
                          0.9999986234875328E+00
                          0.9999986187431681E+00
                          0.9999986139865360E+00
                          0.9999986092176292E+00
                          0.9999986044363264E+00
                          0.9999985996429068E+00
                          0.9999985948370491E+00
                          0.9999985900188322E+00
                          0.9999985851882349E+00
                          0.9999985803448195E+00
                          0.9999985754898142E+00
                          0.9999985706219481E+00
                          0.9999985657415945E+00
                          0.9999985608487999E+00
                          0.9999985559434722E+00
                          0.9999985510244974E+00
                          0.9999985460952152E+00
                          0.9999985411522385E+00
                          0.9999985361966688E+00
                          0.9999985312283791E+00
                          0.9999985262476172E+00
                          0.9999985212541863E+00
                          0.9999985162479956E+00
                          0.9999985112291514E+00
                          0.9999985061975968E+00
                          0.9999985011527680E+00
                          0.9999984960959837E+00
                          0.9999984910263183E+00
                          0.9999984859436395E+00
                          0.9999984808480925E+00
                          0.9999984757362165E+00
                          0.9999984706185404E+00
                          0.9999984654844150E+00
                          0.9999984603373738E+00
                          0.9999984551773956E+00
                          0.9999984500044584E+00
                          0.9999984448185387E+00
                          0.9999984396195681E+00
                          0.9999984344076764E+00
                          0.9999984291826534E+00
                          0.9999984239446303E+00
                          0.9999984186934614E+00
                          0.9999984134286248E+00
                          0.9999984081517667E+00
                          0.9999984028612873E+00
                          0.9999983975575708E+00
                          0.9999983922406317E+00
                          0.9999983869105105E+00
                          0.9999983815671297E+00
                          0.9999983762104812E+00
                          0.9999983708405105E+00
                          0.9999983654573122E+00
                          0.9999983600607427E+00
                          0.9999983546508212E+00
                          0.9999983492275258E+00
                          0.9999983437908346E+00
                          0.9999983383407021E+00
                          0.9999983328771684E+00
                          0.9999983274001653E+00
                          0.9999983219086351E+00
                          0.9999983164056683E+00
                          0.9999983108881382E+00
                          0.9999983053570576E+00
                          0.9999982998124043E+00
                          0.9999982942541561E+00
                          0.9999982886822908E+00
                          0.9999982830967861E+00
                          0.9999982774974223E+00
                          0.9999982718847698E+00
                          0.9999982662582136E+00
                          0.9999982606179268E+00
                          0.9999982549638101E+00
                          0.9999982492960854E+00
                          0.9999982436144816E+00
                          0.9999982379190602E+00
                          0.9999982322096335E+00
                          0.9999982264843106E+00
                          0.9999982207496646E+00
                          0.9999982149986018E+00
                          0.9999982092337013E+00
                          0.9999982034549396E+00
                          0.9999981976612955E+00
                          0.9999981918555588E+00
                          0.9999981860347668E+00
                          0.9999981801956491E+00
                          0.9999981743510296E+00
                          0.9999981684880477E+00
                          0.9999981626093182E+00
                          0.9999981567197256E+00
                          0.9999981508143414E+00
                          0.9999981448947782E+00
                          0.9999981389610159E+00
                          0.9999981330130292E+00
                          0.9999981270507964E+00
                          0.9999981210742948E+00
                          0.9999981150834679E+00
                          0.9999981090783936E+00
                          0.9999981030589487E+00
                          0.9999980970251273E+00
                          0.9999980909769558E+00
                          0.9999980849143606E+00
                          0.9999980788373303E+00
                          0.9999980727458619E+00
                          0.9999980666399192E+00
                          0.9999980605194745E+00
                          0.9999980543845093E+00
                          0.9999980482350015E+00
                          0.9999980420709274E+00
                          0.9999980358922641E+00
                          0.9999980296926337E+00
                          0.9999980234910725E+00
                          0.9999980172685107E+00
                          0.9999980110312613E+00
                          0.9999980047793078E+00
                          0.9999979985126268E+00
                          0.9999979921867445E+00
                          0.9999979859349900E+00
                          0.9999979796239893E+00
                          0.9999979732981680E+00
                          0.9999979669574817E+00
                          0.9999979606019730E+00
                          0.9999979542315529E+00
                          0.9999979478462202E+00
                          0.9999979414459516E+00
                          0.9999979350307237E+00
                          0.9999979286004453E+00
                          0.9999979221552890E+00
                          0.9999979156950518E+00
                          0.9999979092197483E+00
                          0.9999979027293804E+00
                          0.9999978962239076E+00
                          0.9999978897033120E+00
                          0.9999978831675705E+00
                          0.9999978766166532E+00
                          0.9999978700505555E+00
                          0.9999978634692333E+00
                          0.9999978568726292E+00
                          0.9999978502608513E+00
                          0.9999978436337407E+00
                          0.9999978369913196E+00
                          0.9999978303335241E+00
                          0.9999978236604518E+00
                          0.9999978169719579E+00
                          0.9999978102680590E+00
                          0.9999978035487318E+00
                          0.9999977968139524E+00
                          0.9999977900636811E+00
                          0.9999977832979426E+00
                          0.9999977765166648E+00
                          0.9999977697198400E+00
                          0.9999977629074446E+00
                          0.9999977560794547E+00
                          0.9999977492358465E+00
                          0.9999977423765966E+00
                          0.9999977355016808E+00
                          0.9999977286110753E+00
                          0.9999977217047562E+00
                          0.9999977147826965E+00
                          0.9999977078448822E+00
                          0.9999977008912780E+00
                          0.9999976939218654E+00
                          0.9999976869365754E+00
                          0.9999976799355200E+00
                          0.9999976729185291E+00
                          0.9999976658856496E+00
                          0.9999976588368327E+00
                          0.9999976517720627E+00
                          0.9999976446913157E+00
                          0.9999976375943285E+00
                          0.9999976304817941E+00
                          0.9999976233529417E+00
                          0.9999976162080751E+00
                          0.9999976090470812E+00
                          0.9999976018699657E+00
                          0.9999975946766915E+00
                          0.9999975874672724E+00
                          0.9999975802416463E+00
                          0.9999975729998003E+00
                          0.9999975657416774E+00
                          0.9999975584673594E+00
                          0.9999975511767136E+00
                          0.9999975438697519E+00
                          0.9999975365464502E+00
                          0.9999975292067841E+00
                          0.9999975218507292E+00
                          0.9999975144782612E+00
                          0.9999975070893559E+00
                          0.9999974996839294E+00
                          0.9999974922621347E+00
                          0.9999974848174660E+00
                          0.9999974773688703E+00
                          0.9999974698814657E+00
                          0.9999974624093670E+00
                          0.9999974549042988E+00
                          0.9999974473834284E+00
                          0.9999974398454555E+00
                          0.9999974322908584E+00
                          0.9999974247194814E+00
                          0.9999974171314601E+00
                          0.9999974095266387E+00
                          0.9999974019050365E+00
                          0.9999973942666196E+00
                          0.9999973866113905E+00
                          0.9999973789392289E+00
                          0.9999973712503233E+00
                          0.9999973635444448E+00
                          0.9999973558216403E+00
                          0.9999973480818761E+00
                          0.9999973403251402E+00
                          0.9999973325513970E+00
                          0.9999973247606088E+00
                          0.9999973169527266E+00
                          0.9999973091278980E+00
                          0.9999973012857352E+00
                          0.9999972934267580E+00
                          0.9999972855504712E+00
                          0.9999972776570066E+00
                          0.9999972697463158E+00
                          0.9999972618184441E+00
                          0.9999972538732962E+00
                          0.9999972459108706E+00
                          0.9999972379311420E+00
                          0.9999972299340860E+00
                          0.9999972219196769E+00
                          0.9999972138878861E+00
                          0.9999972058386996E+00
                          0.9999971977720796E+00
                          0.9999971896880094E+00
                          0.9999971815864472E+00
                          0.9999971734674054E+00
                          0.9999971653308209E+00
                          0.9999971571766858E+00
                          0.9999971490049696E+00
                          0.9999971408156489E+00
                          0.9999971326086985E+00
                          0.9999971243840815E+00
                          0.9999971161418069E+00
                          0.9999971078818150E+00
                          0.9999970996040922E+00
                          0.9999970913085905E+00
                          0.9999970829948299E+00
                          0.9999970746642690E+00
                          0.9999970663153656E+00
                          0.9999970579486241E+00
                          0.9999970495639789E+00
                          0.9999970411614306E+00
                          0.9999970327408757E+00
                          0.9999970243024936E+00
                          0.9999970158460584E+00
                          0.9999970073716264E+00
                          0.9999969988791476E+00
                          0.9999969903686072E+00
                          0.9999969818399560E+00
                          0.9999969732932373E+00
                          0.9999969647283546E+00
                          0.9999969561452966E+00
                          0.9999969475440653E+00
                          0.9999969389246249E+00
                          0.9999969302869317E+00
                          0.9999969216309430E+00
                          0.9999969129567162E+00
                          0.9999969042641454E+00
                          0.9999968955532291E+00
                          0.9999968868239419E+00
                          0.9999968780762586E+00
                          0.9999968693101221E+00
                          0.9999968605255927E+00
                          0.9999968517225726E+00
                          0.9999968429010456E+00
                          0.9999968340608475E+00
                          0.9999968252023891E+00
                          0.9999968163252088E+00
                          0.9999968074294243E+00
                          0.9999967985150106E+00
                          0.9999967895819412E+00
                          0.9999967806301912E+00
                          0.9999967716597334E+00
                          0.9999967626705424E+00
                          0.9999967536625919E+00
                          0.9999967446358559E+00
                          0.9999967355902767E+00
                          0.9999967265259229E+00
                          0.9999967174425579E+00
                          0.9999967083405343E+00
                          0.9999966992194789E+00
                          0.9999966900794264E+00
                          0.9999966809205145E+00
                          0.9999966717425532E+00
                          0.9999966625455586E+00
                          0.9999966533295412E+00
                          0.9999966440944380E+00
                          0.9999966348402348E+00
                          0.9999966255669055E+00
                          0.9999966162744235E+00
                          0.9999966069627626E+00
                          0.9999965976318965E+00
                          0.9999965882817987E+00
                          0.9999965789124428E+00
                          0.9999965695238016E+00
                          0.9999965601158479E+00
                          0.9999965506884043E+00
                          0.9999965412419097E+00
                          0.9999965317758108E+00
                          0.9999965222904069E+00
                          0.9999965127854346E+00
                          0.9999965032611303E+00
                          0.9999964937172549E+00
                          0.9999964841538669E+00
                          0.9999964745709248E+00
                          0.9999964649684057E+00
                          0.9999964553462251E+00
                          0.9999964457045317E+00
                          0.9999964360431235E+00
                          0.9999964263620321E+00
                          0.9999964166611662E+00
                          0.9999964069406940E+00
                          0.9999963972003933E+00
                          0.9999963874403026E+00
                          0.9999963776603952E+00
                          0.9999963678606441E+00
                          0.9999963580410225E+00
                          0.9999963482015036E+00
                          0.9999963383420607E+00
                          0.9999963284626667E+00
                          0.9999963185632949E+00
                          0.9999963086439181E+00
                          0.9999962987045097E+00
                          0.9999962887450385E+00
                          0.9999962787654875E+00
                          0.9999962687658241E+00
                          0.9999962587460161E+00
                          0.9999962487060472E+00
                          0.9999962386458814E+00
                          0.9999962285654952E+00
                          0.9999962184648605E+00
                          0.9999962083439518E+00
                          0.9999961982027405E+00
                          0.9999961880412001E+00
                          0.9999961778593032E+00
                          0.9999961676570172E+00
                          0.9999961574343319E+00
                          0.9999961471912029E+00
                          0.9999961369276088E+00
                          0.9999961266435223E+00
                          0.9999961163389157E+00
                          0.9999961060136539E+00
                          0.9999960956680359E+00
                          0.9999960853013092E+00
                          0.9999960749147495E+00
                          0.9999960645068481E+00
                          0.9999960540788384E+00
                          0.9999960436298302E+00
                          0.9999960331600836E+00
                          0.9999960226695711E+00
                          0.9999960121582655E+00
                          0.9999960016261392E+00
                          0.9999959910731647E+00
                          0.9999959804993147E+00
                          0.9999959699045059E+00
                          0.9999959592888775E+00
                          0.9999959486522340E+00
                          0.9999959379946074E+00
                          0.9999959273159655E+00
                          0.9999959166162837E+00
                          0.9999959058955318E+00
                          0.9999958951536857E+00
                          0.9999958843905851E+00
                          0.9999958736065920E+00
                          0.9999958628012046E+00
                          0.9999958519747659E+00
                          0.9999958411270239E+00
                          0.9999958302580316E+00
                          0.9999958193677343E+00
                          0.9999958084561210E+00
                          0.9999957975231610E+00
                          0.9999957865688273E+00
                          0.9999957755930916E+00
                          0.9999957645959159E+00
                          0.9999957535773060E+00
                          0.9999957425370676E+00
                          0.9999957314755793E+00
                          0.9999957203924187E+00
                          0.9999957092876891E+00
                          0.9999956981613627E+00
                          0.9999956870134115E+00
                          0.9999956758438074E+00
                          0.9999956646525222E+00
                          0.9999956534395288E+00
                          0.9999956422047981E+00
                          0.9999956309483023E+00
                          0.9999956196700136E+00
                          0.9999956083699035E+00
                          0.9999955970479432E+00
                          0.9999955857041073E+00
                          0.9999955743383648E+00
                          0.9999955629505876E+00
                          0.9999955515410480E+00
                          0.9999955401094102E+00
                          0.9999955286557746E+00
                          0.9999955171800801E+00
                          0.9999955056822870E+00
                          0.9999954941624397E+00
                          0.9999954826204300E+00
                          0.9999954710562723E+00
                          0.9999954594699201E+00
                          0.9999954478612142E+00
                          0.9999954362305271E+00
                          0.9999954245772773E+00
                          0.9999954129020621E+00
                          0.9999954012043429E+00
                          0.9999953894842649E+00
                          0.9999953777417953E+00
                          0.9999953659769190E+00
                          0.9999953541895497E+00
                          0.9999953423796293E+00
                          0.9999953305474252E+00
                          0.9999953186926682E+00
                          0.9999953068152805E+00
                          0.9999952949153065E+00
                          0.9999952829925609E+00
                          0.9999952710474823E+00
                          0.9999952590795743E+00
                          0.9999952470889664E+00
                          0.9999952350756272E+00
                          0.9999952230395293E+00
                          0.9999952109806435E+00
                          0.9999951988989412E+00
                          0.9999951867943938E+00
                          0.9999951746669723E+00
                          0.9999951625166480E+00
                          0.9999951503433921E+00
                          0.9999951381471758E+00
                          0.9999951259279701E+00
                          0.9999951136857463E+00
                          0.9999951014204750E+00
                          0.9999950891321286E+00
                          0.9999950768206768E+00
                          0.9999950644860386E+00
                          0.9999950521283428E+00
                          0.9999950397473818E+00
                          0.9999950273432417E+00
                          0.9999950149158310E+00
                          0.9999950024651414E+00
                          0.9999949899911433E+00
                          0.9999949774938095E+00
                          0.9999949649731091E+00
                          0.9999949524290135E+00
                          0.9999949398614937E+00
                          0.9999949272705156E+00
                          0.9999949146560646E+00
                          0.9999949020180969E+00
                          0.9999948893565884E+00
                          0.9999948766715098E+00
                          0.9999948639628318E+00
                          0.9999948512305250E+00
                          0.9999948384745604E+00
                          0.9999948256949083E+00
                          0.9999948128915402E+00
                          0.9999948000644234E+00
                          0.9999947872135367E+00
                          0.9999947743388429E+00
                          0.9999947614403151E+00
                          0.9999947485179240E+00
                          0.9999947355716402E+00
                          0.9999947226014343E+00
                          0.9999947096072768E+00
                          0.9999946965890313E+00
                          0.9999946835469889E+00
                          0.9999946704807998E+00
                          0.9999946573905409E+00
                          0.9999946442761830E+00
                          0.9999946311376962E+00
                          0.9999946179750516E+00
                          0.9999946047882189E+00
                          0.9999945915771659E+00
                          0.9999945783418713E+00
                          0.9999945650822973E+00
                          0.9999945517984169E+00
                          0.9999945384901248E+00
                          0.9999945251576180E+00
                          0.9999945118006401E+00
                          0.9999944984192369E+00
                          0.9999944850133763E+00
                          0.9999944715830358E+00
                          0.9999944581281782E+00
                          0.9999944446487763E+00
                          0.9999944311448000E+00
                          0.9999944176162198E+00
                          0.9999944040630054E+00
                          0.9999943904851274E+00
                          0.9999943768825552E+00
                          0.9999943632552599E+00
                          0.9999943496032109E+00
                          0.9999943359263722E+00
                          0.9999943222247319E+00
                          0.9999943084982422E+00
                          0.9999942947468790E+00
                          0.9999942809706120E+00
                          0.9999942671694115E+00
                          0.9999942533432474E+00
                          0.9999942394920894E+00
                          0.9999942256159061E+00
                          0.9999942117146718E+00
                          0.9999941977883519E+00
                          0.9999941838369176E+00
                          0.9999941698603390E+00
                          0.9999941558585856E+00
                          0.9999941418316274E+00
                          0.9999941277794318E+00
                          0.9999941137019754E+00
                          0.9999940995992211E+00
                          0.9999940854711410E+00
                          0.9999940713177047E+00
                          0.9999940571388818E+00
                          0.9999940429346421E+00
                          0.9999940287049551E+00
                          0.9999940144497906E+00
                          0.9999940001690850E+00
                          0.9999939858629072E+00
                          0.9999939715311276E+00
                          0.9999939571737486E+00
                          0.9999939427907399E+00
                          0.9999939283820711E+00
                          0.9999939139477115E+00
                          0.9999938994876307E+00
                          0.9999938850017981E+00
                          0.9999938704901832E+00
                          0.9999938559527555E+00
                          0.9999938413894841E+00
                          0.9999938268003388E+00
                          0.9999938121852887E+00
                          0.9999937975443033E+00
                          0.9999937828773517E+00
                          0.9999937681844036E+00
                          0.9999937534654280E+00
                          0.9999937387203942E+00
                          0.9999937239492716E+00
                          0.9999937091520293E+00
                          0.9999936943286367E+00
                          0.9999936794790629E+00
                          0.9999936646032771E+00
                          0.9999936497012485E+00
                          0.9999936347729461E+00
                          0.9999936198183393E+00
                          0.9999936048373971E+00
                          0.9999935898300886E+00
                          0.9999935747963827E+00
                          0.9999935597362488E+00
                          0.9999935446496557E+00
                          0.9999935295365726E+00
                          0.9999935143969684E+00
                          0.9999934992308120E+00
                          0.9999934840380726E+00
                          0.9999934688187190E+00
                          0.9999934535727202E+00
                          0.9999934383000451E+00
                          0.9999934230006626E+00
                          0.9999934076745416E+00
                          0.9999933923216509E+00
                          0.9999933769419594E+00
                          0.9999933615354359E+00
                          0.9999933461020494E+00
                          0.9999933306417683E+00
                          0.9999933151545618E+00
                          0.9999932996403984E+00
                          0.9999932840992468E+00
                          0.9999932685310760E+00
                          0.9999932529358543E+00
                          0.9999932373135507E+00
                          0.9999932216641338E+00
                          0.9999932059875722E+00
                          0.9999931902838346E+00
                          0.9999931745528895E+00
                          0.9999931587947055E+00
                          0.9999931430092514E+00
                          0.9999931271964955E+00
                          0.9999931113564063E+00
                          0.9999930954889525E+00
                          0.9999930795941027E+00
                          0.9999930636718251E+00
                          0.9999930477220883E+00
                          0.9999930317448608E+00
                          0.9999930157401109E+00
                          0.9999929997078072E+00
                          0.9999929836479179E+00
                          0.9999929675604114E+00
                          0.9999929514452562E+00
                          0.9999929353024206E+00
                          0.9999929191318729E+00
                          0.9999929029335813E+00
                          0.9999928867075142E+00
                          0.9999928704536398E+00
                          0.9999928541719265E+00
                          0.9999928378623423E+00
                          0.9999928215248556E+00
                          0.9999928051594345E+00
                          0.9999927887660471E+00
                          0.9999927723446618E+00
                          0.9999927558952466E+00
                          0.9999927394177696E+00
                          0.9999927229121989E+00
                          0.9999927063785026E+00
                          0.9999926898166488E+00
                          0.9999926732266056E+00
                          0.9999926566083408E+00
                          0.9999926399618227E+00
                          0.9999926232870192E+00
                          0.9999926065838982E+00
                          0.9999925898524277E+00
                          0.9999925730925756E+00
                          0.9999925563043101E+00
                          0.9999925394875986E+00
                          0.9999925226424095E+00
                          0.9999925057687102E+00
                          0.9999924888664690E+00
                          0.9999924719356534E+00
                          0.9999924549762313E+00
                          0.9999924379881707E+00
                          0.9999924209714391E+00
                          0.9999924039260044E+00
                          0.9999923868518343E+00
                          0.9999923697488965E+00
                          0.9999923526171588E+00
                          0.9999923354565888E+00
                          0.9999923182671542E+00
                          0.9999923010488226E+00
                          0.9999922838015618E+00
                          0.9999922665253392E+00
                          0.9999922492201225E+00
                          0.9999922318858794E+00
                          0.9999922145225771E+00
                          0.9999921971301836E+00
                          0.9999921797086662E+00
                          0.9999921622579923E+00
                          0.9999921447781295E+00
                          0.9999921272690453E+00
                          0.9999921097307072E+00
                          0.9999920921630824E+00
                          0.9999920745661386E+00
                          0.9999920569398429E+00
                          0.9999920392841630E+00
                          0.9999920215990662E+00
                          0.9999920038845196E+00
                          0.9999919861404907E+00
                          0.9999919683669468E+00
                          0.9999919505638553E+00
                          0.9999919327311831E+00
                          0.9999919148688979E+00
                          0.9999918969769667E+00
                          0.9999918790553567E+00
                          0.9999918611040352E+00
                          0.9999918431229693E+00
                          0.9999918251121263E+00
                          0.9999918070714731E+00
                          0.9999917890009770E+00
                          0.9999917709006051E+00
                          0.9999917527703244E+00
                          0.9999917346101022E+00
                          0.9999917164199051E+00
                          0.9999916981997007E+00
                          0.9999916799494556E+00
                          0.9999916616691370E+00
                          0.9999916433587118E+00
                          0.9999916250181471E+00
                          0.9999916066474096E+00
                          0.9999915882464664E+00
                          0.9999915698152844E+00
                          0.9999915513538303E+00
                          0.9999915328620713E+00
                          0.9999915143399740E+00
                          0.9999914957875055E+00
                          0.9999914772046322E+00
                          0.9999914585913213E+00
                          0.9999914399475394E+00
                          0.9999914212732532E+00
                          0.9999914025684296E+00
                          0.9999913838330352E+00
                          0.9999913650670369E+00
                          0.9999913462704012E+00
                          0.9999913274430948E+00
                          0.9999913085850843E+00
                          0.9999912896963367E+00
                          0.9999912707768182E+00
                          0.9999912518264954E+00
                          0.9999912328453352E+00
                          0.9999912138333040E+00
                          0.9999911947903682E+00
                          0.9999911757164947E+00
                          0.9999911566116496E+00
                          0.9999911374757997E+00
                          0.9999911183089113E+00
                          0.9999910991109509E+00
                          0.9999910798818848E+00
                          0.9999910606216798E+00
                          0.9999910413303019E+00
                          0.9999910220077177E+00
                          0.9999910026538935E+00
                          0.9999909832687958E+00
                          0.9999909638523906E+00
                          0.9999909444046444E+00
                          0.9999909249255237E+00
                          0.9999909054149944E+00
                          0.9999908858730230E+00
                          0.9999908662995756E+00
                          0.9999908466946185E+00
                          0.9999908270581179E+00
                          0.9999908073900400E+00
                          0.9999907876903509E+00
                          0.9999907679590168E+00
                          0.9999907481960038E+00
                          0.9999907284012780E+00
                          0.9999907085748055E+00
                          0.9999906887165526E+00
                          0.9999906688264850E+00
                          0.9999906489045689E+00
                          0.9999906289507704E+00
                          0.9999906089650553E+00
                          0.9999905889473898E+00
                          0.9999905688977397E+00
                          0.9999905488160711E+00
                          0.9999905287023498E+00
                          0.9999905085565418E+00
                          0.9999904883786129E+00
                          0.9999904681685291E+00
                          0.9999904479262561E+00
                          0.9999904276517599E+00
                          0.9999904073450063E+00
                          0.9999903870059610E+00
                          0.9999903666345900E+00
                          0.9999903462308587E+00
                          0.9999903257947331E+00
                          0.9999903053261791E+00
                          0.9999902848251619E+00
                          0.9999902642916477E+00
                          0.9999902437256020E+00
                          0.9999902231269904E+00
                          0.9999902024957785E+00
                          0.9999901818319321E+00
                          0.9999901611354167E+00
                          0.9999901404061979E+00
                          0.9999901196442412E+00
                          0.9999900988495123E+00
                          0.9999900780219766E+00
                          0.9999900571615997E+00
                          0.9999900362683470E+00
                          0.9999900153421841E+00
                          0.9999899943830765E+00
                          0.9999899733909894E+00
                          0.9999899523658883E+00
                          0.9999899313077388E+00
                          0.9999899102165061E+00
                          0.9999898890921556E+00
                          0.9999898679346527E+00
                          0.9999898467439627E+00
                          0.9999898255200510E+00
                          0.9999898042628828E+00
                          0.9999897829724234E+00
                          0.9999897616486380E+00
                          0.9999897402914919E+00
                          0.9999897189009503E+00
                          0.9999896974769785E+00
                          0.9999896760195417E+00
                          0.9999896545286049E+00
                          0.9999896330041333E+00
                          0.9999896114460922E+00
                          0.9999895898544465E+00
                          0.9999895682291615E+00
                          0.9999895465702021E+00
                          0.9999895248775335E+00
                          0.9999895031511206E+00
                          0.9999894813909285E+00
                          0.9999894595969222E+00
                          0.9999894377690667E+00
                          0.9999894159073270E+00
                          0.9999893940116681E+00
                          0.9999893720820547E+00
                          0.9999893501184519E+00
                          0.9999893281208247E+00
                          0.9999893060891378E+00
                          0.9999892840233561E+00
                          0.9999892619234444E+00
                          0.9999892397893677E+00
                          0.9999892176210906E+00
                          0.9999891954185780E+00
                          0.9999891731817947E+00
                          0.9999891509107054E+00
                          0.9999891286052748E+00
                          0.9999891062654677E+00
                          0.9999890838912487E+00
                          0.9999890614825826E+00
                          0.9999890390394340E+00
                          0.9999890165617675E+00
                          0.9999889940495479E+00
                          0.9999889715027396E+00
                          0.9999889489213073E+00
                          0.9999889263052155E+00
                          0.9999889036544288E+00
                          0.9999888809689118E+00
                          0.9999888582486289E+00
                          0.9999888354935448E+00
                          0.9999888127036237E+00
                          0.9999887898788302E+00
                          0.9999887670191288E+00
                          0.9999887441244838E+00
                          0.9999887211948598E+00
                          0.9999886982302210E+00
                          0.9999886752305319E+00
                          0.9999886521957567E+00
                          0.9999886291258600E+00
                          0.9999886060208059E+00
                          0.9999885828805587E+00
                          0.9999885597050828E+00
                          0.9999885364943424E+00
                          0.9999885132483017E+00
                          0.9999884899669251E+00
                          0.9999884666501767E+00
                          0.9999884432980206E+00
                          0.9999884199104211E+00
                          0.9999883964873423E+00
                          0.9999883730287483E+00
                          0.9999883495346034E+00
                          0.9999883260048715E+00
                          0.9999883024395168E+00
                          0.9999882788385033E+00
                          0.9999882552017950E+00
                          0.9999882315293561E+00
                          0.9999882078211505E+00
                          0.9999881840771422E+00
                          0.9999881602972952E+00
                          0.9999881364815735E+00
                          0.9999881126299408E+00
                          0.9999880887423613E+00
                          0.9999880648187988E+00
                          0.9999880408592171E+00
                          0.9999880168635803E+00
                          0.9999879928318520E+00
                          0.9999879687639961E+00
                          0.9999879446599765E+00
