 tau_sw_i
                          0.1260297856700964E-11
                          0.1944092561195303E-09
                          0.2167398606937348E-09
                          0.2080248695845880E-08
                          0.6186859244941239E-08
                          0.3096337330750509E-08
                          0.1795832287138064E-07
                          0.7015250583203682E-08
                          0.1202096451565967E-08
                          0.1174023498742484E-07
                          0.2343998907203759E-09
                          0.2494944305729983E-06
                          0.8210293157062730E-06
                          0.2747358170844704E-10
                          0.9691920857229461E-11
                          0.2219767610223221E-09
                          0.6525408585389590E-12
                          0.1063309008963716E-09
                          0.2540206769942658E-12
                          0.1887497451838560E-11
                          0.7371763761368323E-12
                          0.5644041179350253E-11
                          0.1995704529653634E-10
                          0.5857849803292031E-09
                          0.3404506932326833E-07
                          0.9213043421916868E-07
                          0.6892499980031079E-05
                          0.4172894146892992E-04
                          0.2818445299484975E-06
                          0.4140282606385519E-07
                          0.7897708424796628E-07
                          0.2620870299181552E-11
                          0.1907661595837324E-10
                          0.1011579416479733E-11
                          0.1993572770065125E-10
                          0.1077841529394441E-11
                          0.1216212434062225E-11
                          0.1425023472118283E-11
                          0.1003736575892804E-10
                          0.3758639261643944E-11
                          0.1827378180823240E-11
                          0.2095522363778107E-11
                          0.6453251312175303E-11
                          0.9449423670944939E-11
                          0.2691057999083040E-11
                          0.2890982926941540E-11
                          0.7058912623807980E-11
                          0.3444581031912069E-11
                          0.3755555667062676E-11
                          0.8822133120558681E-11
                          0.2670494929777076E-09
                          0.1765402869064344E-09
                          0.7487093010044439E-06
                          0.1976786948925516E-10
                          0.1574637366697903E-09
                          0.1796183057672734E-08
                          0.2037119483876462E-10
                          0.1110033029777201E-10
                          0.2246378306782467E-10
                          0.6116461696340029E-10
                          0.7365340049977478E-10
                          0.6423841852383144E-10
                          0.1667148472773490E-09
                          0.2299348432994029E-08
                          0.3334583985047765E-10
                          0.1513650474719205E-09
                          0.1744776945293584E-08
                          0.1076992385046375E-09
                          0.2990682436907077E-09
                          0.7654541788867615E-10
                          0.6744350625870814E-10
                          0.3848403240632711E-10
                          0.2972828801931536E-10
                          0.1069440066071530E-08
                          0.3188177395823912E-10
                          0.1800181522282721E-06
                          0.5208026929024509E-03
                          0.8511047517757226E-09
                          0.1243914227008669E-09
                          0.3710086800724381E-10
                          0.4566221450318139E-10
                          0.4293369478326989E-07
                          0.4234303537504327E-07
                          0.1270552256818225E-04
                          0.2270247949302527E-04
                          0.6956248726704884E-10
                          0.3906318684914723E-10
                          0.4038405383029261E-10
                          0.4293794320885437E-10
                          0.5339774704658730E-09
                          0.2104436417560847E-06
                          0.2944089663970095E-02
                          0.5131373889828240E-01
                          0.2643013599858671E-03
                          0.5469188839111270E-03
                          0.8301346828831685E-05
                          0.8272740286951708E-09
                          0.6267702361983817E-10
                          0.6562947602638656E-10
                          0.3249135960272297E-09
                          0.1311008899256090E-08
                          0.9496038673147821E-10
                          0.8618905986372435E-10
                          0.8535576221375203E-06
                          0.5930517370763494E-09
                          0.8882456506659704E-09
                          0.1028849732413737E-09
                          0.9676518568591969E-10
                          0.9838937770043158E-10
                          0.1013749480748310E-09
                          0.1273959478073347E-09
                          0.1248604684433769E-09
                          0.1110641621271603E-09
                          0.1150573267360595E-09
                          0.1193138661402622E-09
                          0.1230482702320383E-09
                          0.1274734745424347E-09
                          0.1318212000834456E-09
                          0.1475895157044355E-09
                          0.3219048965694158E-09
                          0.3786750373741491E-07
                          0.1559675531024014E-09
                          0.1614842573259593E-09
                          0.2577860393633363E-06
                          0.2880971724084220E-09
                          0.2051030652523471E-07
                          0.1815673420833880E-09
                          0.1986038343027973E-09
                          0.2042810307141632E-09
                          0.2374378833347282E-09
                          0.2015973879691767E-09
                          0.2097994652270857E-09
                          0.2256564246013821E-09
                          0.2257816877797031E-06
                          0.2640894102793441E-07
                          0.2389498848067878E-09
                          0.2562476101364239E-08
                          0.5751373205173152E-08
                          0.2823775013096937E-09
                          0.5239332877256310E-09
                          0.9250470267232431E-08
                          0.4695247944450432E-07
                          0.8215328510787096E-04
                          0.1813733439129026E-06
                          0.4998605501569413E-05
                          0.8981206760716108E-05
                          0.5900712414473339E-07
                          0.5828864484446554E-03
                          0.5099632576675316E-05
                          0.2813461082715210E-04
                          0.1270831456592243E-07
                          0.6276662039195235E-09
                          0.1872487560242181E-08
                          0.6184891662300852E-09
                          0.2217620615173337E-06
                          0.4335214753235675E-09
                          0.4408713021994496E-09
                          0.4346222100672059E-09
                          0.5355080735988610E-09
                          0.4696590431950066E-09
                          0.1077992368815101E-06
                          0.6404068555739185E-09
                          0.4844051074460925E-09
                          0.4964410783144941E-09
                          0.5129501300580779E-09
                          0.5213309028466104E-09
                          0.2928670317862590E-05
                          0.5473802251922737E-09
                          0.5688236979133161E-09
                          0.5735948917425665E-09
                          0.5872891264036092E-09
                          0.6012271049551263E-09
                          0.6154094188641321E-09
                          0.6298807063084609E-09
                          0.7782541134325284E-09
                          0.7594129221979092E-09
                          0.6747362534587285E-09
                          0.3020818655516611E-04
                          0.7072151588022136E-09
                          0.1285723809396337E-08
                          0.7822282461321910E-09
                          0.7565739815589379E-09
                          0.7742194648690430E-09
                          0.6434479805743179E-07
                          0.8172922812997519E-09
                          0.1500954811804191E-08
                          0.7211879611322967E-03
                          0.1195741974222387E-08
                          0.8819466849335558E-09
                          0.1185608578469269E-08
                          0.1618696273875435E-08
                          0.2831829341265072E-08
                          0.1598638153160812E-08
                          0.6330906273867549E-07
                          0.4585432672139417E-08
                          0.1221573904957717E-06
                          0.2982091329256813E-07
                          0.2242742439066713E-03
                          0.1451446583310032E-06
                          0.1036496172707796E-06
                          0.4123225807141358E-06
                          0.1272318039485096E-08
                          0.1399918344889393E-08
                          0.8172996298136415E-08
                          0.5770376788194984E-05
                          0.5634657255398536E-08
                          0.1269056908665420E-08
                          0.1300675958623557E-08
                          0.2061332170777634E-08
                          0.1362718966998203E-08
                          0.1403641219277481E-08
                          0.1405909203297669E-08
                          0.1726873190403272E-08
                          0.1963737248756286E-08
                          0.1516366941243820E-08
                          0.1531401911869658E-08
                          0.8534352299293133E-07
                          0.2810759071646563E-08
                          0.1589620790890746E-08
                          0.1618454443439844E-08
                          0.1648493123071481E-08
                          0.1827656945058528E-08
                          0.1709674227536912E-08
                          0.1738533938853244E-08
                          0.1770104583976158E-08
                          0.1801832799121156E-08
                          0.2706954033809260E-08
                          0.1892069653574827E-08
                          0.1899741892541631E-08
                          0.1933293987311212E-08
                          0.1967245553996853E-08
                          0.2004352670796742E-08
                          0.2036804288640295E-08
                          0.2089924465599953E-08
                          0.2109218374291094E-08
                          0.1107210670640886E-07
                          0.2181204386077214E-08
                          0.2220005803928972E-08
                          0.4021367688788323E-07
                          0.4215352798559487E-08
                          0.2335523586295540E-08
                          0.1824557873784713E-06
                          0.2434000975914497E-08
                          0.2706147409096135E-08
                          0.2514237156303055E-08
                          0.2553542453948268E-08
                          0.2834725422208917E-08
                          0.8153140249975098E-07
                          0.2959645526515488E-08
                          0.3632525854739730E-08
                          0.3132372144765775E-08
                          0.2842586144084601E-08
                          0.1005341564050950E-07
                          0.6453569896840064E-06
                          0.4835578776738557E-08
                          0.2985779098445081E-08
                          0.3020614366140476E-08
                          0.3066627758168423E-08
                          0.3192741356000725E-08
                          0.3216981291417934E-08
                          0.3997842061371834E-08
                          0.3318372444376957E-08
                          0.3325461225123351E-08
                          0.3363919451116685E-08
                          0.3418714657751841E-08
                          0.3466877721130196E-08
                          0.4135002600750902E-08
                          0.4371087847742276E-08
                          0.1018665000342085E-07
                          0.3684671281668715E-08
                          0.4105456146003192E-08
                          0.4516840564174356E-08
                          0.3946542192862872E-08
                          0.3909373387153455E-08
                          0.1302327742345323E-07
                          0.8262250883824225E-07
                          0.4629693519740121E-08
                          0.5132226520607237E-08
                          0.7721286308931822E-08
                          0.1168090030789591E-07
                          0.4419305240325401E-08
                          0.4613696467491354E-08
                          0.4746846401937635E-08
                          0.4518599177578472E-08
                          0.4588370628558675E-08
                          0.4653627838305483E-08
                          0.4706873070390026E-08
                          0.5973671862905432E-07
                          0.4873813838209446E-08
                          0.4918130175933418E-08
                          0.5046821396975327E-08
                          0.5046754535680980E-08
                          0.3812771893496581E-07
                          0.5205446326970329E-08
                          0.5785189263007026E-08
                          0.5327440932106911E-08
                          0.6212806992874606E-08
                          0.5469937879758509E-08
                          0.5559301434207466E-08
                          0.5659195683356669E-08
                          0.5700581918753749E-08
                          0.5769944198576570E-08
                          0.5846896782532094E-08
                          0.5958575200574302E-08
                          0.6071193023594718E-08
                          0.6087879925860582E-08
                          0.6265441785255787E-08
                          0.6243480540419989E-08
                          0.6326144143979206E-08
                          0.7443512288565534E-08
                          0.6509394717518554E-08
                          0.6575276704403528E-08
                          0.6660257779741257E-08
                          0.6745965437284174E-08
                          0.6832711032581113E-08
                          0.6920514687234453E-08
                          0.7014926121139789E-08
                          0.7120110877031573E-08
                          0.7199400699176052E-08
                          0.7279390439737411E-08
                          0.7384878251213129E-08
                          0.7462605904403645E-08
                          0.7571468433478161E-08
                          0.1198141626647192E-07
                          0.8184676367710622E-08
                          0.1283541087998192E-07
                          0.7940202647604124E-08
                          0.9686295873995061E-08
                          0.6119665873550265E-03
                          0.8252994915298220E-08
                          0.8359121176191897E-08
                          0.8528708466033542E-08
                          0.9353014118731342E-08
                          0.8643209564924714E-08
                          0.8748215762363624E-08
                          0.8897585387813212E-08
                          0.8962829042274015E-08
                          0.9065062434464381E-08
                          0.9173173748230616E-08
                          0.9282708120689593E-08
                          0.9392152021634268E-08
                          0.9527644390873412E-08
                          0.9615075281519261E-08
                          0.9728626332485814E-08
                          0.9841942556088429E-08
                          0.9957025914148843E-08
                          0.1007327254005030E-07
                          0.1965576496059912E-07
                          0.1658194235993343E-06
                          0.1064309917562249E-07
                          0.1055327514585194E-07
                          0.1066797782374788E-07
                          0.1079440496273052E-07
                          0.4077068011707720E-04
                          0.1132618148959139E-07
                          0.1116332354994394E-07
                          0.1129001728056417E-07
                          0.1142783478457462E-07
                          0.1408255537719852E-06
                          0.1167430349821369E-07
                          0.1180499848250185E-07
                          0.1193719090218206E-07
                          0.1344576296235092E-07
                          0.1222085859522756E-07
                          0.1239618515136289E-07
                          0.1247409833017723E-07
                          0.1261147862292480E-07
                          0.1274966211191664E-07
                          0.1288969692081785E-07
                          0.1302981173763748E-07
                          0.1391867502080623E-07
                          0.1331466315516744E-07
                          0.1373227643028756E-07
                          0.1360404884902479E-07
                          0.1375053254605209E-07
                          0.1479403483405005E-07
                          0.1413507955295431E-07
                          0.1420872955827998E-07
                          0.1434825668750667E-07
                          0.1450090509075029E-07
                          0.1465900956758551E-07
                          0.1487793193274422E-07
                          0.1496653867296371E-07
                          0.1512241866404800E-07
                          0.1528224351637090E-07
                          0.1544135497100489E-07
                          0.1560178931346480E-07
                          0.1576404600481117E-07
                          0.1592759721049158E-07
                          0.1609241890114959E-07
                          0.1625851483045153E-07
                          0.1644627671619032E-07
                          0.1659456250213300E-07
                          0.1676452999455498E-07
                          0.1696334089090159E-07
                          0.1710837043316818E-07
                          0.1728227140823534E-07
                          0.1745747116902749E-07
                          0.1763406788569195E-07
                          0.1781890863681865E-07
                          0.1799111018537518E-07
                          0.1817168069877746E-07
                          0.1835367685840488E-07
                          0.1853697045049487E-07
                          0.1872154700205130E-07
                          0.1890759785304382E-07
                          0.1909500015843679E-07
                          0.1928388576976482E-07
                          0.1947559452559167E-07
                          0.1966561374212964E-07
                          0.7984068397488030E-07
                          0.2006831443181001E-07
                          0.2024901704552287E-07
                          0.2055512525802259E-07
                          0.2065628677614389E-07
                          0.2085774894405676E-07
                          0.2110565829993597E-07
                          0.2134038544591156E-07
                          0.2145452412646028E-07
                          0.2166098717714537E-07
                          0.2187475047215449E-07
                          0.2207786010270768E-07
                          0.2601994877802720E-07
                          0.2328922585363204E-07
                          0.6436761830072097E-07
                          0.2293469249993812E-07
                          0.2314853555073925E-07
                          0.2342376804880062E-07
                          0.2797484777049714E-07
                          0.8364441095656547E-07
                          0.2349822199112823E-06
                          0.6893804198311520E-07
                          0.2949295724763831E-07
                          0.2889426404186417E-07
                          0.2681237359266049E-07
                          0.2516293944431724E-07
                          0.2539509278607275E-07
                          0.2562889789128767E-07
                          0.2586455344992718E-07
                          0.2610189839457424E-07
                          0.2633985645963668E-07
                          0.2658096171321060E-07
                          0.2682224799671049E-07
                          0.2706560745460215E-07
                          0.2731078167998741E-07
                          0.2764791674585089E-07
                          0.2780608381155837E-07
                          0.2805626843344973E-07
                          0.2830867203924554E-07
                          0.2856172482569181E-07
                          0.2881699973376337E-07
                          0.2907398324372744E-07
                          0.2933268281001076E-07
                          0.2959310388851595E-07
                          0.2985525347476424E-07
                          0.3012641057882301E-07
                          0.3038490375581829E-07
                          0.3065217765993334E-07
                          0.3092159555549320E-07
                          0.3119252219593438E-07
                          0.3146611907575679E-07
                          0.3173940037416439E-07
                          0.3201566990443989E-07
                          0.3229373911309458E-07
                          0.3257361540488675E-07
                          0.3285531068218516E-07
                          0.3313884482849453E-07
                          0.3342417040567006E-07
                          0.3371352381806588E-07
                          0.3400038492870843E-07
                          0.3429127120820357E-07
                          0.3458413234370791E-07
                          0.3487863667712573E-07
                          0.3517513551006950E-07
                          0.3547352374680539E-07
                          0.3577388980245829E-07
                          0.3634500060210819E-07
                          0.3638007512292197E-07
                          0.3668607687197507E-07
                          0.3699418690074899E-07
                          0.3730449942009445E-07
                          0.3761590132687583E-07
                          0.3792947430636284E-07
                          0.3836991752546176E-07
                          0.3856396153906749E-07
                          0.3888255038001771E-07
                          0.3920426238986357E-07
                          0.3952782025101738E-07
                          0.3985693534038505E-07
                          0.4018135489904850E-07
                          0.4051077043929927E-07
                          0.4084486955772846E-07
                          0.4118378499779245E-07
                          0.4151195637422211E-07
                          0.4185456529651880E-07
                          0.4218962822271171E-07
                          0.4253153860082317E-07
                          0.4287584722240967E-07
                          0.4322165213353839E-07
                          0.4356981715886392E-07
                          0.4392010000714841E-07
                          0.4427262386706308E-07
                          0.4462713486619200E-07
                          0.4498363128701323E-07
                          0.4535200530608968E-07
                          0.4570329723102928E-07
                          0.4606664704505668E-07
                          0.4643528435056032E-07
                          0.4679895003925687E-07
                          0.4716849009530150E-07
                          0.4756146520992976E-07
                          0.4791934599436913E-07
                          0.4829029498482600E-07
                          0.4866863956267083E-07
                          0.4904920352989712E-07
                          0.4943199477906605E-07
                          0.4981702316046158E-07
                          0.5020429536599060E-07
                          0.5059382177624046E-07
                          0.5098560916186034E-07
                          0.5137982792265456E-07
                          0.5177600772260627E-07
                          0.5217463551508384E-07
                          0.5257556068989568E-07
                          0.5297879207453093E-07
                          0.5338433845556916E-07
                          0.5379220870231801E-07
                          0.5420241316656920E-07
                          0.5461495660449943E-07
                          0.5575252166635738E-07
                          0.5544740938127562E-07
                          0.5586672862543069E-07
                          0.5629487302921831E-07
                          0.5680041425155618E-07
                          0.5713992958604817E-07
                          0.5756908238789251E-07
                          0.5800068161120234E-07
                          0.5843470496498457E-07
                          0.5887124271664187E-07
                          0.5931004828812582E-07
                          0.5975619474325244E-07
                          0.6019652641635132E-07
                          0.6067921799485477E-07
                          0.6111389936871800E-07
                          0.6154159417264037E-07
                          0.6228008195902379E-07
                          0.6245139636424808E-07
                          0.6291126637996131E-07
                          0.6337152361696465E-07
                          0.6383522986047712E-07
                          0.6430158052095945E-07
                          0.6477060007118163E-07
                          0.6525888713538628E-07
                          0.6571624400088625E-07
                          0.6619257354630584E-07
                          0.6672421942762962E-07
                          0.6715408050858216E-07
                          0.6763808068323112E-07
                          0.6812488626190983E-07
                          0.6861451209993419E-07
                          0.6910708610344543E-07
                          0.6960171203032320E-07
                          0.7010235467140191E-07
                          0.7714900413461762E-07
                          0.7227389190308233E-07
                          0.7160792411363870E-07
                          0.7211993037051810E-07
                          0.7263336767764495E-07
                          0.7314084785216585E-07
                          0.7365806799090539E-07
                          0.7417638095233554E-07
                          0.7469826096970766E-07
                          0.7522293493400079E-07
                          0.7575024832849481E-07
                          0.7628039735428142E-07
                          0.7685018516024537E-07
                          0.7740278328984899E-07
                          0.7836710751886678E-07
                          0.7842936121355586E-07
                          0.7897298803761342E-07
                          0.7951998973683741E-07
                          0.8006974234705440E-07
                          0.8062238394071811E-07
                          0.8117788098525367E-07
                          0.8173624435479756E-07
                          0.8229949456928877E-07
                          0.8286160592957551E-07
                          0.8342862473641158E-07
                          0.8399854878020411E-07
                          0.8457187667428114E-07
                          0.8514718942138163E-07
                          0.8572585046825303E-07
                          0.8630778375955828E-07
                          0.8689209305905918E-07
                          0.8747966033430221E-07
                          0.8807019374243636E-07
                          0.8866371658642074E-07
                          0.8926023433572027E-07
                          0.8985975693171757E-07
                          0.9058021644599262E-07
                          0.9107014186776199E-07
                          0.9167645513647599E-07
                          0.9228809836329382E-07
                          0.9290288392533058E-07
                          0.9352056470544064E-07
                          0.9414184656354502E-07
                          0.9476532746858648E-07
                          0.9539235004630960E-07
                          0.9602925841410898E-07
                          0.9665710991783782E-07
                          0.9741976925810022E-07
                          0.9793160835262516E-07
                          0.1087546365844122E-06
                          0.9922034015481178E-07
                          0.9986996900138000E-07
                          0.1005212248782512E-06
                          0.1011765800078326E-06
                          0.1018352478676933E-06
                          0.1024968912436960E-06
                          0.1031618594373948E-06
                          0.1038300760715963E-06
                          0.1045015189730620E-06
                          0.1051765572345942E-06
                          0.1058541924182472E-06
                          0.1065354285551144E-06
                          0.1072199411800369E-06
                          0.1079077521759819E-06
                          0.1085988674192743E-06
                          0.1092932983036711E-06
                          0.1099910535315245E-06
                          0.1106927525158895E-06
                          0.1113965824899234E-06
                          0.1125232542936025E-06
                          0.1128661676024451E-06
                          0.1135300800311168E-06
                          0.1142480179042210E-06
                          0.1149693435097249E-06
                          0.1156952230135397E-06
                          0.1164222363757221E-06
                          0.1171538281643119E-06
                          0.1178888628356927E-06
                          0.1186273504829633E-06
                          0.1193693024627932E-06
                          0.1201147294502696E-06
                          0.1208636475532402E-06
                          0.1216160515250294E-06
                          0.1223719684185433E-06
                          0.1231314037031586E-06
                          0.1238943682853645E-06
                          0.1246608732280309E-06
                          0.1254309291144700E-06
                          0.1262045470685208E-06
                          0.1269817406878645E-06
                          0.1277625133331737E-06
                          0.1285468835756406E-06
                          0.1293348600390889E-06
                          0.1301264646964676E-06
                          0.1309216747820520E-06
                          0.1317205355573167E-06
                          0.1325231111235296E-06
                          0.1333496324412436E-06
                          0.1341391554569222E-06
                          0.1349525929465779E-06
                          0.1357698165116220E-06
                          0.1365907467975639E-06
                          0.1374153929077864E-06
                          0.1382437878487103E-06
                          0.1390758874029175E-06
                          0.1399117771025945E-06
                          0.1422813113603986E-06
                          0.1415947827116053E-06
                          0.1424420005315780E-06
                          0.1432929490553518E-06
                          0.1441477377063163E-06
                          0.1450067974525903E-06
                          0.1458688662058443E-06
                          0.1467354011175251E-06
                          0.1476052382815215E-06
                          0.1484792333046917E-06
                          0.1493574688968688E-06
                          0.1506462940113435E-06
                          0.1511245640018052E-06
                          0.1565609598961442E-06
                          0.1529075278570983E-06
                          0.1538060523488077E-06
                          0.1547078287443464E-06
                          0.1556116366204534E-06
                          0.1565209251688809E-06
                          0.1574341936545521E-06
                          0.1583514615155542E-06
                          0.1592727156841019E-06
                          0.1601980124987922E-06
                          0.1611272914505589E-06
                          0.1620672420747512E-06
                          0.1630231079107035E-06
                          0.1639427384106670E-06
                          0.1649157874057180E-06
                          0.1658350315472578E-06
                          0.1667882898759371E-06
                          0.1677671861585239E-06
                          0.1687265226498421E-06
                          0.1696742943884161E-06
                          0.1706442853418092E-06
                          0.1716186412913890E-06
                          0.1726577274856256E-06
                          0.1735798645818531E-06
                          0.1745667560865750E-06
                          0.1755585285991453E-06
                          0.1785482660873907E-06
                          0.1775526929544527E-06
                          0.1785564645141573E-06
                          0.1795782585992906E-06
                          0.1805767830077766E-06
                          0.1815933663692270E-06
                          0.1826141736170562E-06
                          0.1836393166427152E-06
                          0.1846687683719897E-06
                          0.1857025429829150E-06
                          0.1867406525113253E-06
                          0.1877831069183334E-06
                          0.1888299207979767E-06
                          0.1898811046959631E-06
                          0.1909366720438421E-06
                          0.1919966333946285E-06
                          0.1930640238259461E-06
                          0.1941297906580932E-06
                          0.1953686752872815E-06
                          0.1962806750174532E-06
                          0.1973627935348414E-06
                          0.1984494321432210E-06
                          0.1995424225313190E-06
                          0.2006360102058895E-06
                          0.2020365899238298E-06
                          0.2028410753313470E-06
                          0.2039505710220192E-06
                          0.2050640715415728E-06
                          0.2062160319452279E-06
                          0.2084179150303165E-06
                          0.2084319358599316E-06
                          0.2095637232844873E-06
                          0.2107009492461904E-06
                          0.2118414552246857E-06
                          0.2129872401119268E-06
                          0.2141377842913343E-06
                          0.2152927812159730E-06
                          0.2164525362050124E-06
                          0.2176169789199525E-06
                          0.2187861095690107E-06
                          0.2199599467240330E-06
                          0.2211385018344299E-06
                          0.2223218290294027E-06
                          0.2235385776449377E-06
                          0.2247026164433417E-06
                          0.2259001888396843E-06
                          0.2271041591653739E-06
                          0.2283095928768946E-06
                          0.2295215215993216E-06
                          0.2307382680845713E-06
                          0.2319598524621073E-06
                          0.2331862680128457E-06
                          0.2344175470295800E-06
                          0.2356536956385348E-06
                          0.2368948287908387E-06
                          0.2381406531725034E-06
                          0.2393914878546127E-06
                          0.2406472433958487E-06
                          0.2419080356896360E-06
                          0.2431735694640266E-06
                          0.2444441656627194E-06
                          0.2457197345992996E-06
                          0.2470002892068560E-06
                          0.2482860263802799E-06
                          0.2495764073645514E-06
                          0.2508719971859713E-06
                          0.2521726246584031E-06
                          0.2534783020056803E-06
                          0.2547892250596436E-06
                          0.2561048819023030E-06
                          0.2574258021564177E-06
                          0.2587517821801335E-06
                          0.2600829205850509E-06
                          0.2614191908420880E-06
                          0.2627659637764570E-06
                          0.2641073837747763E-06
                          0.2654588695753846E-06
                          0.2668825852341081E-06
                          0.2681794718791555E-06
                          0.2695451766632613E-06
                          0.2709176948516074E-06
                          0.2722954617257692E-06
                          0.2736921193512449E-06
                          0.2750667655724150E-06
                          0.2764603052836051E-06
                          0.2779766161120997E-06
                          0.2792632869482341E-06
                          0.2806727433475235E-06
                          0.2820879551616388E-06
                          0.2835077735085342E-06
                          0.2849483245055657E-06
                          0.2863651667234817E-06
                          0.2878025339044592E-06
                          0.2892430822348445E-06
                          0.2906888912528680E-06
                          0.2921413525136386E-06
                          0.2935992500049897E-06
                          0.2950626018387513E-06
                          0.2965314080232726E-06
                          0.2980056958462394E-06
                          0.2994854739085818E-06
                          0.3009707561818535E-06
                          0.3024616300014454E-06
                          0.3039579152466279E-06
                          0.3054597906537079E-06
                          0.3069672024889855E-06
                          0.3084831902084707E-06
                          0.3099988023249741E-06
                          0.3115229964641037E-06
                          0.3130528135880301E-06
                          0.3145967367342148E-06
                          0.3161293164282691E-06
                          0.3176780305997532E-06
                          0.3192284485380836E-06
                          0.3207865315191579E-06
                          0.3223503123964605E-06
                          0.3239207884955150E-06
                          0.3254950159280402E-06
                          0.3270759681749567E-06
                          0.3286626727621183E-06
                          0.3302551435213742E-06
                          0.3318533961461623E-06
                          0.3334574390326207E-06
                          0.3350672917492015E-06
                          0.3366829664332257E-06
                          0.3383044770719552E-06
                          0.3399318409237995E-06
                          0.3415650942106947E-06
                          0.3432041654031854E-06
                          0.3448491605334450E-06
                          0.3465000630873107E-06
                          0.3481568839207719E-06
                          0.3498196404341382E-06
                          0.3514883471396314E-06
                          0.3531630416812323E-06
                          0.3548455603601952E-06
                          0.3565302997808840E-06
                          0.3582230990057739E-06
                          0.3599215998868952E-06
                          0.3616262957912255E-06
                          0.3633372422886369E-06
                          0.3650542103382531E-06
                          0.3667767598221164E-06
                          0.3685073297386610E-06
                          0.3702407901715380E-06
                          0.3719819866814020E-06
                          0.3737309897773679E-06
                          0.3754828047078002E-06
                          0.3772425145831488E-06
                          0.3790082768584602E-06
                          0.3808190969855291E-06
                          0.3825585136114539E-06
                          0.3843429569715206E-06
                          0.3861336355970049E-06
                          0.3879305641169627E-06
                          0.3897337570922007E-06
                          0.3915432499447401E-06
                          0.3933589944541781E-06
                          0.3951810679900999E-06
                          0.3970094842541736E-06
                          0.3988449125993348E-06
                          0.4006852832173147E-06
                          0.4025327351740626E-06
                          0.4043865684100827E-06
                          0.4062467978215967E-06
                          0.4081134372701978E-06
                          0.4099865023241976E-06
                          0.4118660073988235E-06
                          0.4137519861551775E-06
                          0.4156444095221464E-06
                          0.4175433103859713E-06
                          0.4194519023458469E-06
                          0.4213654155576233E-06
                          0.4232791054954405E-06
                          0.4252041046194183E-06
                          0.4271356638757950E-06
                          0.4290737940159205E-06
                          0.4310185123072719E-06
                          0.4329698350409845E-06
                          0.4349278457375115E-06
                          0.4368923802486483E-06
                          0.4388635699790791E-06
                          0.4408414543651971E-06
                          0.4428260167648068E-06
                          0.4448172836807675E-06
                          0.4468152365933046E-06
                          0.4488199220718343E-06
                          0.4508313798047685E-06
                          0.4528495276733492E-06
                          0.4548744714829492E-06
                          0.4569073417006475E-06
                          0.4589447282834674E-06
                          0.4609900732642779E-06
                          0.4630422408450222E-06
                          0.4651012556634515E-06
                          0.4671671407775684E-06
                          0.4692399413817168E-06
                          0.4713196426356788E-06
                          0.4734060595441516E-06
                          0.4754995249137592E-06
                          0.4775999220591508E-06
                          0.4797072751156260E-06
                          0.4818297410917668E-06
                          0.4839428848329799E-06
                          0.4860711801795592E-06
                          0.4882146032633375E-06
                          0.4903488191719711E-06
                          0.4924981960542991E-06
                          0.4946547037720702E-06
                          0.4968181404336167E-06
                          0.4989887395110173E-06
                          0.5011664419594313E-06
                          0.5033512653323150E-06
                          0.5055432261909517E-06
                          0.5077423348270267E-06
                          0.5099486120041041E-06
                          0.5121620715331604E-06
                          0.5143827289859303E-06
                          0.5166106047973183E-06
                          0.5188457000310873E-06
                          0.5210880448838099E-06
                          0.5233376500371713E-06
                          0.5255945736109226E-06
                          0.5278587499966666E-06
                          0.5301301853654751E-06
                          0.5324089879156335E-06
                          0.5346951301459349E-06
                          0.5369891347428287E-06
                          0.5392895064891251E-06
                          0.5415979702909131E-06
                          0.5439134023214002E-06
                          0.5462368001200180E-06
                          0.5485669813583501E-06
                          0.5509049369711538E-06
                          0.5532503577632234E-06
                          0.5556032646265936E-06
                          0.5579636585417983E-06
                          0.5603315703620765E-06
                          0.5627070111942163E-06
                          0.5650899961645025E-06
                          0.5674805421786447E-06
                          0.5698786898992644E-06
                          0.5722843802856489E-06
                          0.5746977716833411E-06
                          0.5771190812164736E-06
                          0.5795472531392228E-06
                          0.5819835558960111E-06
                          0.5844274452878026E-06
                          0.5868790184191644E-06
                          0.5893383302515503E-06
                          0.5918053790682573E-06
                          0.5942821205837388E-06
                          0.5967627906139675E-06
                          0.5992529564152299E-06
                          0.6017510429736322E-06
                          0.6042569240058851E-06
                          0.6067706621355587E-06
                          0.6092921595860558E-06
                          0.6118215530352180E-06
                          0.6143590210970069E-06
                          0.6169039361049605E-06
                          0.6194569732211084E-06
                          0.6220179266576428E-06
                          0.6245868120656527E-06
                          0.6271685246379169E-06
                          0.6297484458639547E-06
                          0.6323412269046086E-06
                          0.6349420059261492E-06
                          0.6375507993233824E-06
                          0.6401676461977454E-06
                          0.6427924951107457E-06
                          0.6454254304412186E-06
                          0.6480664460541666E-06
                          0.6507155584644313E-06
                          0.6533727842039603E-06
                          0.6560381398213509E-06
                          0.6587116418822495E-06
                          0.6613933081729646E-06
                          0.6640831516810649E-06
                          0.6667811934977919E-06
                          0.6694874464612240E-06
                          0.6722019298576930E-06
                          0.6749246606753848E-06
                          0.6776556517767574E-06
                          0.6803949254970695E-06
                          0.6831424920511652E-06
                          0.6858988357770764E-06
                          0.6886636787362132E-06
                          0.6914351422046541E-06
                          0.6942160867025496E-06
                          0.6970227499711889E-06
                          0.6998030629765015E-06
                          0.7026091740273257E-06
                          0.7054237165000109E-06
                          0.7082468641240978E-06
                          0.7110781653963724E-06
                          0.7139180964813802E-06
                          0.7167665303487805E-06
                          0.7196374662238383E-06
                          0.7224889866323379E-06
                          0.7253629908395445E-06
                          0.7282455869648256E-06
                          0.7311367662960229E-06
                          0.7340365457148627E-06
                          0.7369449422608338E-06
                          0.7398619729749048E-06
                          0.7427876559105899E-06
                          0.7457220052517155E-06
                          0.7486650410024212E-06
                          0.7516167793188089E-06
                          0.7545772438603136E-06
                          0.7575464322171857E-06
                          0.7605243811281838E-06
                          0.7635111331199159E-06
                          0.7665067019731894E-06
                          0.7695109240307989E-06
                          0.7725240611445912E-06
                          0.7755460383958389E-06
                          0.7785775376302884E-06
                          0.7816165824306097E-06
                          0.7846651838303568E-06
                          0.7877226945734153E-06
                          0.7907891320076267E-06
                          0.7938645134784244E-06
                          0.7969488563572640E-06
                          0.8000421780525054E-06
                          0.8031444959655834E-06
                          0.8062563066768711E-06
                          0.8093761901611798E-06
                          0.8125056013618490E-06
                          0.8156440785506683E-06
                          0.8187916609423425E-06
                          0.8219483010083846E-06
                          0.8251141356458538E-06
                          0.8282889977622100E-06
                          0.8314731510500833E-06
                          0.8346663091508756E-06
                          0.8378687416491411E-06
                          0.8410803787373723E-06
                          0.8443013107056933E-06
                          0.8475313550025027E-06
                          0.8507707001367250E-06
                          0.8540193456400761E-06
                          0.8572772722971497E-06
                          0.8605445182029341E-06
                          0.8638211158668196E-06
                          0.8671070183105109E-06
                          0.8704050994414358E-06
                          0.8737069812456880E-06
                          0.8771829907980813E-06
                          0.8803445491746935E-06
                          0.8836774796130809E-06
                          0.8870198648082645E-06
                          0.8903717226313293E-06
                          0.8937331670445240E-06
                          0.8971039277138195E-06
                          0.9004843106894064E-06
                          0.9038742583844188E-06
                          0.9072737774649272E-06
                          0.9106828241749115E-06
                          0.9141034400882806E-06
                          0.9175297549829715E-06
                          0.9209676670476248E-06
                          0.9244152370376105E-06
                          0.9278724784463684E-06
                          0.9313394062875770E-06
                          0.9348160414522830E-06
                          0.9383024012295114E-06
                          0.9417985096924886E-06
                          0.9453043663335153E-06
                          0.9488200102767452E-06
                          0.9523454471194292E-06
                          0.9558809119012584E-06
                          0.9594257889001458E-06
                          0.9629808951379433E-06
                          0.9665455372542188E-06
                          0.9701202345295190E-06
                          0.9737048382167063E-06
                          0.9772993665983718E-06
                          0.9809038379816553E-06
                          0.9845182706751687E-06
                          0.9881428792032190E-06
                          0.9917770933674975E-06
                          0.9954215348019640E-06
                          0.9990759815756507E-06
                          0.1002740496224502E-05
                          0.1006415082551017E-05
                          0.1010099759505160E-05
                          0.1013794587750532E-05
                          0.1017499570116277E-05
                          0.1021214552837592E-05
                          0.1024947394537237E-05
                          0.1028675136762529E-05
                          0.1032420765220576E-05
                          0.1036176574609351E-05
                          0.1039942627591739E-05
                          0.1043719419471280E-05
                          0.1047505551010171E-05
                          0.1051302447592365E-05
                          0.1055109644516109E-05
                          0.1058927161388876E-05
                          0.1062755043367863E-05
                          0.1066593297943273E-05
                          0.1070441977780349E-05
                          0.1074300975303240E-05
                          0.1078170443898582E-05
                          0.1082050355970058E-05
                          0.1085940730370423E-05
                          0.1089841590713660E-05
                          0.1093752946605119E-05
                          0.1097674887252636E-05
                          0.1101607227482725E-05
                          0.1105550195168950E-05
                          0.1109503738579163E-05
                          0.1113467876182710E-05
                          0.1117442629375073E-05
                          0.1121428022613837E-05
                          0.1125424337592498E-05
                          0.1129431257209013E-05
                          0.1133448307127460E-05
                          0.1137476239937662E-05
                          0.1141515067289078E-05
                          0.1145564640576809E-05
                          0.1149624978846644E-05
                          0.1153696102423031E-05
                          0.1157778026590305E-05
                          0.1161870774236599E-05
                          0.1165974363208806E-05
                          0.1170088812635001E-05
                          0.1174214141661527E-05
                          0.1178350369447216E-05
                          0.1182497515220990E-05
                          0.1186655598036463E-05
                          0.1190824637540437E-05
                          0.1195006060056924E-05
                          0.1199195674845373E-05
                          0.1203397685536742E-05
                          0.1207610742719647E-05
                          0.1211834852865746E-05
                          0.1216070039207522E-05
                          0.1220316306876951E-05
                          0.1224573690569916E-05
                          0.1228842204315336E-05
                          0.1233121906400652E-05
                          0.1237412699224921E-05
                          0.1241714719329942E-05
                          0.1246027980122337E-05
                          0.1250355199944059E-05
                          0.1254702861654697E-05
                          0.1259046954231932E-05
                          0.1263393323781419E-05
                          0.1267762882034286E-05
                          0.1272143768484114E-05
                          0.1276535991241809E-05
                          0.1280939594620013E-05
                          0.1285354555497348E-05
                          0.1289780932162312E-05
                          0.1294218731335174E-05
                          0.1298668065828781E-05
                          0.1303128675756963E-05
                          0.1307600860332717E-05
                          0.1312084546036980E-05
                          0.1316579752602461E-05
                          0.1321086887278077E-05
                          0.1325604807147551E-05
                          0.1330134694949020E-05
                          0.1334676203277641E-05
                          0.1339229288821748E-05
                          0.1343794037300028E-05
                          0.1348371485419631E-05
                          0.1352958525286660E-05
                          0.1357558308822236E-05
                          0.1362169811129554E-05
                          0.1366793150234957E-05
                          0.1371428095629007E-05
                          0.1376074830387928E-05
                          0.1380733439171084E-05
                          0.1385403822893491E-05
                          0.1390086034456251E-05
                          0.1394780598738885E-05
                          0.1399486288432159E-05
                          0.1404203964771338E-05
                          0.1408933751161072E-05
                          0.1413675512346982E-05
                          0.1418432468751904E-05
                          0.1423194822619304E-05
                          0.1427972483749796E-05
                          0.1432762163776718E-05
                          0.1437563882799696E-05
                          0.1442377661042729E-05
                          0.1447203520404419E-05
                          0.1452041524565993E-05
                          0.1456891552781727E-05
                          0.1461753800678282E-05
                          0.1466628145981024E-05
                          0.1471514724448138E-05
                          0.1476414021603835E-05
                          0.1481324505808535E-05
                          0.1486247665422932E-05
                          0.1491183143177006E-05
                          0.1496130925458458E-05
                          0.1501090974728046E-05
                          0.1506063362951429E-05
                          0.1511048097750575E-05
                          0.1516045229752918E-05
                          0.1521054670944947E-05
                          0.1526076555164611E-05
                          0.1531110864247984E-05
                          0.1536157618675071E-05
                          0.1541216838931409E-05
                          0.1546288567326266E-05
                          0.1551372766464035E-05
                          0.1556469499910373E-05
                          0.1561579751633565E-05
                          0.1566700646216830E-05
                          0.1571835092799563E-05
                          0.1576982149158463E-05
                          0.1582141835916949E-05
                          0.1587314173672358E-05
                          0.1592499183150179E-05
                          0.1597696885012002E-05
                          0.1602907483815306E-05
                          0.1608130448679121E-05
                          0.1613366351927061E-05
                          0.1618615032496616E-05
                          0.1623876582860034E-05
                          0.1629150796342988E-05
                          0.1634437925318974E-05
                          0.1639737912694304E-05
                          0.1645050933010170E-05
                          0.1650378745780898E-05
                          0.1655715234368533E-05
                          0.1661067000047983E-05
                          0.1666431642538344E-05
                          0.1671809184014889E-05
                          0.1677200574576674E-05
                          0.1682603218281786E-05
                          0.1688019872007980E-05
                          0.1693453579011973E-05
                          0.1698892405930643E-05
                          0.1704348320272608E-05
                          0.1709818888979551E-05
                          0.1715299566625857E-05
                          0.1720794939473076E-05
                          0.1726303506807562E-05
                          0.1731825287601154E-05
                          0.1737360305049540E-05
                          0.1742908579596458E-05
                          0.1748470132387478E-05
                          0.1754045015686095E-05
                          0.1759633157407778E-05
                          0.1765234672022196E-05
                          0.1770849564845314E-05
                          0.1776477811554356E-05
                          0.1782119480653569E-05
                          0.1787774582567624E-05
                          0.1793443120115662E-05
                          0.1799125127129241E-05
                          0.1804820629334390E-05
                          0.1810529643866083E-05
                          0.1816252191393398E-05
                          0.1821988293865856E-05
                          0.1827737972573030E-05
                          0.1833507162736190E-05
                          0.1839278149756083E-05
                          0.1845068679262858E-05
                          0.1850872876648082E-05
                          0.1856690757345459E-05
                          0.1862522342965582E-05
                          0.1868409019597915E-05
                          0.1874226715098353E-05
                          0.1880099543491024E-05
                          0.1885986163495295E-05
                          0.1891886616471950E-05
                          0.1897800862659778E-05
                          0.1903728985005209E-05
                          0.1909670984682320E-05
                          0.1915626883334293E-05
                          0.1921596702704891E-05
                          0.1927580527442562E-05
                          0.1933578197388782E-05
                          0.1939589901082530E-05
                          0.1945615625201435E-05
                          0.1951655367689897E-05
                          0.1957709166508157E-05
                          0.1963777038030262E-05
                          0.1969859004057161E-05
                          0.1975955092279664E-05
                          0.1982065306827709E-05
                          0.1988189689011980E-05
                          0.1994328292011351E-05
                          0.2000481015490845E-05
                          0.2006648007066152E-05
                          0.2012829246154641E-05
                          0.2019024792343650E-05
                          0.2025234554633186E-05
                          0.2031458667853719E-05
                          0.2037697116448102E-05
                          0.2043949922331005E-05
                          0.2050217107582288E-05
                          0.2056498709222937E-05
                          0.2062794704120555E-05
                          0.2069105159566787E-05
                          0.2075430082554920E-05
                          0.2081769495180794E-05
                          0.2088123419556739E-05
                          0.2094491878000597E-05
                          0.2100874892231957E-05
                          0.2107272484562622E-05
                          0.2113684677400537E-05
                          0.2120111492803485E-05
                          0.2126552956075348E-05
                          0.2133009080177357E-05
                          0.2139479897853519E-05
                          0.2145965426424137E-05
                          0.2152465730146771E-05
                          0.2158980704707430E-05
                          0.2165510508287916E-05
                          0.2172055097556000E-05
                          0.2178614517688450E-05
                          0.2185188783270668E-05
                          0.2191777916700338E-05
                          0.2198382162866948E-05
                          0.2205000876702165E-05
                          0.2211634775720917E-05
                          0.2218283577087843E-05
                          0.2224947386090280E-05
                          0.2231626197499622E-05
                          0.2238320045721598E-05
                          0.2245028917897708E-05
                          0.2251752871989112E-05
                          0.2258491919807537E-05
                          0.2265246114540440E-05
                          0.2272015380013482E-05
                          0.2278799839546611E-05
                          0.2285599482345678E-05
                          0.2292414330743733E-05
                          0.2299244407404777E-05
                          0.2306089734976241E-05
                          0.2312950336135842E-05
                          0.2319826233619389E-05
                          0.2326717505070396E-05
                          0.2333624008402176E-05
                          0.2340551797690843E-05
                          0.2347483241272829E-05
                          0.2354450799559241E-05
                          0.2361404114450278E-05
                          0.2368388109943382E-05
                          0.2375386810438954E-05
                          0.2382401426214709E-05
                          0.2389431512003414E-05
                          0.2396477212744543E-05
                          0.2403538402181243E-05
                          0.2410615225272536E-05
                          0.2417707664278283E-05
                          0.2424815750539904E-05
                          0.2431939481871127E-05
                          0.2439078970006536E-05
                          0.2446234039795281E-05
                          0.2453404903976612E-05
                          0.2460591519197275E-05
                          0.2467793916560053E-05
                          0.2475012107432296E-05
                          0.2482246124808596E-05
                          0.2489496003919827E-05
                          0.2496761790142613E-05
                          0.2504043346320340E-05
                          0.2511341033189190E-05
                          0.2518654367094233E-05
                          0.2525983808910408E-05
                          0.2533329235950397E-05
                          0.2540690693309960E-05
                          0.2548068138632571E-05
                          0.2555461660757135E-05
                          0.2562871261120808E-05
                          0.2570296963110872E-05
                          0.2577738789707123E-05
                          0.2585196764570294E-05
                          0.2592670914329297E-05
                          0.2600161252154602E-05
                          0.2607667813063927E-05
                          0.2615190612698977E-05
                          0.2622729690018527E-05
                          0.2630285033419764E-05
                          0.2637856701517853E-05
                          0.2645444701806222E-05
                          0.2653049062570744E-05
                          0.2660669805615498E-05
                          0.2668306954552052E-05
                          0.2675960543367807E-05
                          0.2683630564130686E-05
                          0.2691317072037917E-05
                          0.2699020079705803E-05
                          0.2706739632208554E-05
                          0.2714476175795026E-05
                          0.2722228353466098E-05
                          0.2729997600200107E-05
                          0.2737783446397973E-05
                          0.2745585953570283E-05
                          0.2753405120757559E-05
                          0.2761241044564960E-05
                          0.2769093557879393E-05
                          0.2776962870887641E-05
                          0.2784848931228126E-05
                          0.2792751785527973E-05
                          0.2800671447471444E-05
                          0.2808607962924772E-05
                          0.2816561291485445E-05
                          0.2824531523049115E-05
                          0.2832518668058528E-05
                          0.2840522724637685E-05
                          0.2848543726253406E-05
                          0.2856581713425561E-05
                          0.2864636725856099E-05
                          0.2872708710260500E-05
                          0.2880797765073244E-05
                          0.2888903891892418E-05
                          0.2897027114044785E-05
                          0.2905167455358857E-05
                          0.2913324968587676E-05
                          0.2921499597879904E-05
                          0.2929691434050056E-05
                          0.2937900492316056E-05
                          0.2946126925443640E-05
                          0.2954370351172376E-05
                          0.2962631199071965E-05
                          0.2970909359470566E-05
                          0.2979204855842657E-05
                          0.2987517712671661E-05
                          0.2995847953252080E-05
                          0.3004195602718258E-05
                          0.3012560685001214E-05
                          0.3020943224406551E-05
                          0.3029343245049114E-05
                          0.3037760800744199E-05
                          0.3046195827632487E-05
                          0.3054648545858957E-05
                          0.3063118627238601E-05
                          0.3071606419285115E-05
                          0.3080111889468809E-05
                          0.3088634909749226E-05
                          0.3097175656908256E-05
                          0.3105734116103860E-05
                          0.3114310277321684E-05
                          0.3122904199448291E-05
                          0.3131515895468237E-05
                          0.3140145389885517E-05
                          0.3148792707212731E-05
                          0.3157457871939830E-05
                          0.3166140908640595E-05
                          0.3174841841860993E-05
                          0.3183560696176387E-05
                          0.3192297496992644E-05
                          0.3201052269432663E-05
                          0.3209825178803253E-05
                          0.3218615816504869E-05
                          0.3227424697492230E-05
                          0.3236251543296021E-05
                          0.3245096599012025E-05
                          0.3253959644507571E-05
                          0.3262840902456649E-05
                          0.3271740318367441E-05
                          0.3280657930856449E-05
                          0.3289593761204684E-05
                          0.3298547888027016E-05
                          0.3307520172981358E-05
                          0.3316510804200835E-05
                          0.3325519752011684E-05
                          0.3334547101501054E-05
                          0.3343592696125747E-05
                          0.3352656742705595E-05
                          0.3361739205399841E-05
                          0.3370840109136885E-05
                          0.3379959478861937E-05
                          0.3389097339535154E-05
                          0.3398253716137902E-05
                          0.3407428633665704E-05
                          0.3416622117122736E-05
                          0.3425834191548829E-05
                          0.3435064881986166E-05
                          0.3444314213496822E-05
                          0.3453582214800787E-05
                          0.3462868902166377E-05
                          0.3472174305357448E-05
                          0.3481498454865332E-05
                          0.3490841365548081E-05
                          0.3500203070947569E-05
                          0.3509583592979504E-05
                          0.3518982957843807E-05
                          0.3528401189165124E-05
                          0.3537838313624153E-05
                          0.3547294355891740E-05
                          0.3556769341454414E-05
                          0.3566263300549203E-05
                          0.3575776242813762E-05
                          0.3585308209455366E-05
                          0.3594859220471237E-05
                          0.3604429301210971E-05
                          0.3614018477462119E-05
                          0.3623626875094363E-05
                          0.3633254215521689E-05
                          0.3642901199361960E-05
                          0.3652566639273404E-05
                          0.3662251939387872E-05
                          0.3671955951628762E-05
                          0.3681679504762159E-05
                          0.3691422356505390E-05
                          0.3701184532407954E-05
                          0.3710966057975304E-05
                          0.3720766958804049E-05
                          0.3730587260435066E-05
                          0.3740426988454715E-05
                          0.3750286220110059E-05
                          0.3760164826085393E-05
                          0.3770062988294305E-05
                          0.3779980676716818E-05
                          0.3789917921588328E-05
                          0.3799874745641676E-05
                          0.3809851177231258E-05
                          0.3819847238420628E-05
                          0.3829863078623042E-05
                          0.3839898360886169E-05
                          0.3849953552246897E-05
                          0.3860028333381720E-05
                          0.3870122938980446E-05
                          0.3880237319548016E-05
                          0.3890371526128834E-05
                          0.3900525568756705E-05
                          0.3910699476309552E-05
                          0.3920893273691133E-05
                          0.3931106987256959E-05
                          0.3941340652426212E-05
                          0.3951594263784988E-05
                          0.3961868002060162E-05
                          0.3972161515040134E-05
                          0.3982475195862715E-05
                          0.3992808948272385E-05
                          0.4003162798082074E-05
                          0.4013536771546227E-05
                          0.4023930894640909E-05
                          0.4034345193745916E-05
                          0.4044779694036056E-05
                          0.4055234422536228E-05
                          0.4065709405065986E-05
                          0.4076204667767349E-05
                          0.4086720236829317E-05
                          0.4097256139326956E-05
                          0.4107812398576253E-05
                          0.4118389043718483E-05
                          0.4128986193985051E-05
                          0.4139603595682633E-05
                          0.4150241561618132E-05
                          0.4160899998157423E-05
                          0.4171578962223805E-05
                          0.4182278490683404E-05
                          0.4192998542292070E-05
                          0.4203739217807844E-05
                          0.4214500503788156E-05
                          0.4225282443474063E-05
                          0.4236085185024462E-05
                          0.4246908381743335E-05
                          0.4257752574895899E-05
                          0.4268617208503762E-05
                          0.4279502783866330E-05
                          0.4290409165780812E-05
                          0.4301336384978887E-05
                          0.4312284455266248E-05
                          0.4323253457102023E-05
                          0.4334243444397610E-05
                          0.4345254168492256E-05
                          0.4356285879815557E-05
                          0.4367338650780209E-05
                          0.4378412440030127E-05
                          0.4389507420034945E-05
                          0.4400623182754464E-05
                          0.4411760189941984E-05
                          0.4422918321238006E-05
                          0.4434097605681026E-05
                          0.4445298069000781E-05
                          0.4456519738188474E-05
                          0.4467762639831655E-05
                          0.4479026800781500E-05
                          0.4490312247789906E-05
                          0.4501619007659042E-05
                          0.4512947107229021E-05
                          0.4524296573258865E-05
                          0.4535667432672761E-05
                          0.4547059712313820E-05
                          0.4558473439471310E-05
                          0.4569908639825793E-05
                          0.4581365341516092E-05
                          0.4592843620071880E-05
                          0.4604343355437132E-05
                          0.4615864740957773E-05
                          0.4627407696503374E-05
                          0.4638972307189531E-05
                          0.4650558580676015E-05
                          0.4662166544566802E-05
                          0.4673796224134179E-05
                          0.4685447648252055E-05
                          0.4697120843401501E-05
                          0.4708815836685132E-05
                          0.4720532659699723E-05
                          0.4732271326151478E-05
                          0.4744031876656403E-05
                          0.4755814333812303E-05
                          0.4767618724902238E-05
                          0.4779445077098485E-05
                          0.4791293417622090E-05
                          0.4803163773710839E-05
                          0.4815056172907943E-05
                          0.4826970641619823E-05
                          0.4838907210454938E-05
                          0.4850865899065685E-05
                          0.4862846742140270E-05
                          0.4874849764595048E-05
                          0.4886874993682878E-05
                          0.4898922456910257E-05
                          0.4910992181539944E-05
                          0.4923084195073491E-05
                          0.4935198624337378E-05
                          0.4947335198464888E-05
                          0.4959494243219286E-05
                          0.4971675686639851E-05
                          0.4983879556217698E-05
                          0.4996105879686364E-05
                          0.5008354683888789E-05
                          0.5020625997049142E-05
                          0.5032919849097055E-05
                          0.5045236259810022E-05
                          0.5057575264577290E-05
                          0.5069936888408892E-05
                          0.5082321229247739E-05
                          0.5094728103783893E-05
                          0.5107157750629246E-05
                          0.5119610127142899E-05
                          0.5132085263343185E-05
                          0.5144583179962240E-05
                          0.5157103911705395E-05
                          0.5169647483990045E-05
                          0.5182213924576715E-05
                          0.5194803261242873E-05
                          0.5207415521782643E-05
                          0.5220050734007195E-05
                          0.5232708925980635E-05
                          0.5245390124839618E-05
                          0.5258094359154018E-05
                          0.5270821662103646E-05
                          0.5283572044971578E-05
                          0.5296345552282652E-05
                          0.5309142206428420E-05
                          0.5321962035358952E-05
                          0.5334805067024976E-05
                          0.5347671329418290E-05
                          0.5360560850531515E-05
                          0.5373473659847599E-05
                          0.5386409780988061E-05
                          0.5399369246408919E-05
                          0.5412352082704516E-05
                          0.5425358317955766E-05
                          0.5438387980260422E-05
                          0.5451441097733029E-05
                          0.5464517700648307E-05
                          0.5477617810725087E-05
                          0.5490741462557779E-05
                          0.5503888682185365E-05
                          0.5517059497836577E-05
                          0.5530253937638135E-05
                          0.5543472029911570E-05
                          0.5556713802876704E-05
                          0.5569979284800154E-05
                          0.5583268534748797E-05
                          0.5596581488670048E-05
                          0.5609918267234006E-05
                          0.5623278867989958E-05
                          0.5636663319288530E-05
                          0.5650071649497235E-05
                          0.5663503887000417E-05
                          0.5676960060199294E-05
                          0.5690440197511943E-05
                          0.5703944327373300E-05
                          0.5717472478235158E-05
                          0.5731024678566174E-05
                          0.5744600956851865E-05
                          0.5758201341594602E-05
                          0.5771825861313621E-05
                          0.5785474544545021E-05
                          0.5799147419841746E-05
                          0.5812844515773625E-05
                          0.5826565860927328E-05
                          0.5840311483906377E-05
                          0.5854081413331185E-05
                          0.5867875677839002E-05
                          0.5881694306083931E-05
                          0.5895537326736962E-05
                          0.5909404768485922E-05
                          0.5923296660035503E-05
                          0.5937213030107257E-05
                          0.5951153907439611E-05
                          0.5965119320787827E-05
                          0.5979109298924041E-05
                          0.5993123870637248E-05
                          0.6007163064733304E-05
                          0.6021226910034919E-05
                          0.6035315435381664E-05
                          0.6049428669629983E-05
                          0.6063566641653163E-05
                          0.6077729380341353E-05
                          0.6091916914601576E-05
                          0.6106129273357699E-05
                          0.6120366485550459E-05
                          0.6134628580137442E-05
                          0.6148915586093101E-05
                          0.6163227532408760E-05
                          0.6177564448092582E-05
                          0.6191926362169607E-05
                          0.6206313303681715E-05
                          0.6220725301687672E-05
                          0.6235162385263089E-05
                          0.6249624583500426E-05
                          0.6264111925509034E-05
                          0.6278624440415092E-05
                          0.6293162157361658E-05
                          0.6307725105508633E-05
                          0.6322313314032807E-05
                          0.6336926812127801E-05
                          0.6351565629004106E-05
                          0.6366229793889082E-05
                          0.6380919336026936E-05
                          0.6395634284678736E-05
                          0.6410374669122416E-05
                          0.6425140518652773E-05
                          0.6439931862581451E-05
                          0.6454748730236966E-05
                          0.6469591150964682E-05
                          0.6484459154126844E-05
                          0.6499352769102531E-05
                          0.6514272025287699E-05
                          0.6529216952095156E-05
                          0.6544187578954578E-05
                          0.6559183935312494E-05
                          0.6574206050632285E-05
                          0.6589253954394219E-05
                          0.6604327676095398E-05
                          0.6619427245249794E-05
                          0.6634552691388235E-05
                          0.6649704044058405E-05
                          0.6664881332824869E-05
                          0.6680084587269029E-05
                          0.6695313836989150E-05
                          0.6710569111600376E-05
                          0.6725850440734688E-05
                          0.6741157854040930E-05
                          0.6756491381184830E-05
                          0.6771851051848940E-05
                          0.6787236895732702E-05
                          0.6802648942552397E-05
                          0.6818087222041176E-05
                          0.6833551763949053E-05
                          0.6849042598042896E-05
                          0.6864559754106425E-05
                          0.6880103261940242E-05
                          0.6895673151361793E-05
                          0.6911269452205386E-05
                          0.6926892194322186E-05
                          0.6942541407580227E-05
                          0.6958217121864398E-05
                          0.6973919367076442E-05
                          0.6989648173134980E-05
                          0.7005403569975466E-05
                          0.7021185587550239E-05
                          0.7036994255828484E-05
                          0.7052829604796240E-05
                          0.7068691664456433E-05
                          0.7084580464828819E-05
                          0.7100496035950028E-05
                          0.7116438407873552E-05
                          0.7132407610669735E-05
                          0.7148403674425795E-05
                          0.7164426629245780E-05
                          0.7180476505250640E-05
                          0.7196553332578148E-05
                          0.7212657141382958E-05
                          0.7228787961836568E-05
                          0.7244945824127357E-05
                          0.7261130758460548E-05
                          0.7277342795058230E-05
                          0.7293581964159351E-05
                          0.7309848296019718E-05
                          0.7326141820911991E-05
                          0.7342462569125699E-05
                          0.7358810570967239E-05
                          0.7375185856759852E-05
                          0.7391588456843634E-05
                          0.7408018401575573E-05
                          0.7424475721329482E-05
                          0.7440960446496051E-05
                          0.7457472607482822E-05
                          0.7474012234714200E-05
                          0.7490579358631465E-05
                          0.7507174009692734E-05
                          0.7523796218372985E-05
                          0.7540446015164080E-05
                          0.7557123430574718E-05
                          0.7573828495130460E-05
                          0.7590561239373743E-05
                          0.7607321693863843E-05
                          0.7624109889176911E-05
                          0.7640925855905949E-05
                          0.7657769624660825E-05
                          0.7674641226068267E-05
                          0.7691540690771859E-05
                          0.7708468049432043E-05
                          0.7725423332726116E-05
                          0.7742406571348269E-05
                          0.7759417796009496E-05
                          0.7776457037437709E-05
                          0.7793524326377639E-05
                          0.7810619693590897E-05
                          0.7827743169855936E-05
                          0.7844894785968094E-05
                          0.7862074572739551E-05
                          0.7879282560999345E-05
                          0.7896518781593395E-05
                          0.7913783265384456E-05
                          0.7931076043252152E-05
                          0.7948397146092965E-05
                          0.7965746604820245E-05
                          0.7983124450364200E-05
                          0.8000530713671890E-05
                          0.8017965425707231E-05
                          0.8035428617451007E-05
                          0.8052920319900876E-05
                          0.8070440564071338E-05
                          0.8087989380993744E-05
                          0.8105566801716330E-05
                          0.8123172857304178E-05
                          0.8140807578839222E-05
                          0.8158470997420275E-05
                          0.8176163144163004E-05
                          0.8193884050199917E-05
                          0.8211633746680409E-05
                          0.8229412264770728E-05
                          0.8247219635653959E-05
                          0.8265055890530087E-05
                          0.8282921060615906E-05
                          0.8300815177145128E-05
                          0.8318738271368276E-05
                          0.8336690374552772E-05
                          0.8354671517982862E-05
                          0.8372681732959669E-05
                          0.8390721050801182E-05
                          0.8408789502842232E-05
                          0.8426887120434541E-05
                          0.8445013934946658E-05
                          0.8463169977764006E-05
                          0.8481355280288864E-05
                          0.8499569873940385E-05
                          0.8517813790154565E-05
                          0.8536087060384254E-05
                          0.8554389716099193E-05
                          0.8572721788785958E-05
                          0.8591083309947983E-05
                          0.8609474311105574E-05
                          0.8627894823795890E-05
                          0.8646344879572959E-05
                          0.8664824510007661E-05
                          0.8683333746687728E-05
                          0.8701872621217767E-05
                          0.8720441165219244E-05
                          0.8739039410330475E-05
                          0.8757667388206632E-05
                          0.8776325130519779E-05
                          0.8795012668958796E-05
                          0.8813730035229449E-05
                          0.8832477261054361E-05
                          0.8851254378173006E-05
                          0.8870061418341743E-05
                          0.8888898413333752E-05
                          0.8907765394939092E-05
                          0.8926662394964704E-05
                          0.8945589445234342E-05
                          0.8964546577588676E-05
                          0.8983533823885180E-05
                          0.9002551215998228E-05
                          0.9021598785819028E-05
                          0.9040676565255668E-05
                          0.9059784586233091E-05
                          0.9078922880693085E-05
                          0.9098091480594333E-05
                          0.9117290417912318E-05
                          0.9136519724639451E-05
                          0.9155779432784959E-05
                          0.9175069574374944E-05
                          0.9194390181452352E-05
                          0.9213741286077014E-05
                          0.9233122920325621E-05
                          0.9252535116291687E-05
                          0.9271977906085632E-05
                          0.9291451321834700E-05
                          0.9310955395683016E-05
                          0.9330490159791548E-05
                          0.9350055646338157E-05
                          0.9369651887517518E-05
                          0.9389278915541209E-05
                          0.9408936762637633E-05
                          0.9428625461052085E-05
                          0.9448345043046684E-05
                          0.9468095540900429E-05
                          0.9487876986909195E-05
                          0.9507689413385689E-05
                          0.9527532852659491E-05
                          0.9547407337077031E-05
                          0.9567312899001617E-05
                          0.9587249570813409E-05
                          0.9607217384909418E-05
                          0.9627216373703507E-05
                          0.9647246569626442E-05
                          0.9667308005125805E-05
                          0.9687400712666047E-05
                          0.9707524724728502E-05
                          0.9727680073811336E-05
                          0.9747866792429581E-05
                          0.9768084913115149E-05
                          0.9788334468416784E-05
                          0.9808615490900107E-05
                          0.9828928013147601E-05
                          0.9849272067758589E-05
                          0.9869647687349284E-05
                          0.9890054904552723E-05
                          0.9910493752018839E-05
                          0.9930964262414405E-05
                          0.9951466468423048E-05
                          0.9972000402745273E-05
                          0.9992566098098433E-05
                          0.1001316358721675E-04
                          0.1003379290285129E-04
                          0.1005445407776999E-04
                          0.1007514714475766E-04
                          0.1009587213661593E-04
                          0.1011662908616334E-04
                          0.1013741802623525E-04
                          0.1015823898968390E-04
                          0.1017909200937839E-04
                          0.1019997711820468E-04
                          0.1022089434906556E-04
                          0.1024184373488074E-04
                          0.1026282530858673E-04
                          0.1028383910313692E-04
                          0.1030488515150160E-04
                          0.1032596348666785E-04
                          0.1034707414163966E-04
                          0.1036821714943786E-04
                          0.1038939254310014E-04
                          0.1041060035568107E-04
                          0.1043184062025204E-04
                          0.1045311336990136E-04
                          0.1047441863773413E-04
                          0.1049575645687237E-04
                          0.1051712686045491E-04
                          0.1053852988163748E-04
                          0.1055996555359265E-04
                          0.1058143390950986E-04
                          0.1060293498259539E-04
                          0.1062446880607240E-04
                          0.1064603541318091E-04
                          0.1066763483717780E-04
                          0.1068926711133677E-04
                          0.1071093226894845E-04
                          0.1073263034332028E-04
                          0.1075436136777657E-04
                          0.1077612537565849E-04
                          0.1079792240032409E-04
                          0.1081975247514824E-04
                          0.1084161563352271E-04
                          0.1086351190885612E-04
                          0.1088544133457392E-04
                          0.1090740394411845E-04
                          0.1092939977094891E-04
                          0.1095142884854136E-04
                          0.1097349121038869E-04
                          0.1099558689000069E-04
                          0.1101771592090397E-04
                          0.1103987833664206E-04
                          0.1106207417077528E-04
                          0.1108430345688086E-04
                          0.1110656622855286E-04
                          0.1112886251940222E-04
                          0.1115119236305672E-04
                          0.1117355579316103E-04
                          0.1119595284337666E-04
                          0.1121838354738196E-04
