 height of levels
  0.0000E+00
  0.6437E+04
  0.1306E+05
  0.1948E+05
  0.2551E+05
  0.3115E+05
  0.3643E+05
  0.4141E+05
  0.4614E+05
  0.5065E+05
  0.5500E+05
  0.5922E+05
  0.6334E+05
  0.6738E+05
  0.7135E+05
  0.7524E+05
  0.7908E+05
  0.8286E+05
  0.8663E+05
  0.9037E+05
  0.9411E+05
  0.9785E+05
  0.1016E+06
  0.1054E+06
  0.1091E+06
  0.1129E+06
  0.1167E+06
  0.1205E+06
  0.1243E+06
  0.1281E+06
  0.1319E+06
  0.1358E+06
  0.1398E+06
  0.1438E+06
  0.1479E+06
  0.1522E+06
  0.1567E+06
  0.1614E+06
  0.1663E+06
  0.1716E+06
  0.1773E+06
  0.1835E+06
  0.1904E+06
  0.1982E+06
  0.2070E+06
  0.2172E+06
  0.2291E+06
  0.2436E+06
  0.2615E+06
  0.2819E+06
  0.2874E+06
