 Planetary albedo [cm2 / molecules of air]
          0.00000000E+00
          0.16226909E-10
          0.24023661E-09
          0.11847268E-08
          0.36953198E-08
          0.89505631E-08
          0.18461928E-07
          0.34073812E-07
          0.57963534E-07
          0.92641340E-07
          0.14095040E-06
          0.20606680E-06
          0.29149955E-06
          0.40109059E-06
          0.53901476E-06
          0.70977983E-06
          0.91822648E-06
          0.11695283E-05
          0.14691917E-05
          0.18230562E-05
          0.22372940E-05
          0.27184103E-05
          0.32732431E-05
          0.39089633E-05
          0.46330745E-05
          0.54534135E-05
          0.63781496E-05
          0.74157850E-05
          0.85751546E-05
          0.98654261E-05
          0.11296100E-04
          0.12877010E-04
          0.14618320E-04
          0.16530531E-04
          0.18624472E-04
          0.20911308E-04
          0.23402533E-04
          0.26109978E-04
          0.29045802E-04
          0.32222499E-04
          0.35652894E-04
          0.39350145E-04
          0.43327742E-04
          0.47599505E-04
          0.52179589E-04
          0.57082480E-04
          0.62322993E-04
          0.67916279E-04
          0.73877816E-04
          0.80223417E-04
          0.86969225E-04
          0.94131713E-04
          0.10172769E-03
          0.10977428E-03
          0.11828896E-03
          0.12728952E-03
          0.13679409E-03
          0.14682113E-03
          0.15738941E-03
          0.16851807E-03
          0.18022654E-03
          0.19253459E-03
          0.20546233E-03
          0.21903019E-03
          0.23325894E-03
          0.24816965E-03
          0.26378373E-03
          0.28012295E-03
          0.29720935E-03
          0.31506534E-03
          0.33371364E-03
          0.35317729E-03
          0.37347966E-03
          0.39464446E-03
          0.41669570E-03
          0.43965772E-03
          0.46355521E-03
          0.48841313E-03
          0.51425681E-03
          0.54111189E-03
          0.56900430E-03
          0.59796034E-03
          0.62800660E-03
          0.65916999E-03
          0.69147774E-03
          0.72495740E-03
          0.75963685E-03
          0.79554425E-03
          0.83270812E-03
          0.87115726E-03
          0.91092080E-03
          0.95202819E-03
          0.99450916E-03
          0.10383938E-02
          0.10837124E-02
          0.11304958E-02
          0.11787748E-02
          0.12285809E-02
          0.12799455E-02
          0.13329006E-02
          0.13874784E-02
          0.14437115E-02
          0.15711133E-02
          0.15612747E-02
          0.16226715E-02
          0.16858565E-02
          0.17508637E-02
          0.18177275E-02
          0.18864824E-02
          0.19571634E-02
          0.20298055E-02
          0.21044443E-02
          0.21811155E-02
          0.22598550E-02
          0.23406993E-02
          0.24236849E-02
          0.25088487E-02
          0.25962279E-02
          0.26858598E-02
          0.27777821E-02
          0.28720328E-02
          0.29686502E-02
          0.30676728E-02
          0.31691393E-02
          0.32730887E-02
          0.33795604E-02
          0.34885939E-02
          0.36002290E-02
          0.37145058E-02
          0.38314646E-02
          0.39511458E-02
          0.40735905E-02
          0.41988395E-02
          0.43269342E-02
          0.44579160E-02
          0.45918269E-02
          0.47287087E-02
          0.48686036E-02
          0.50115542E-02
          0.51576031E-02
          0.53067931E-02
          0.54591674E-02
          0.56147693E-02
          0.57736424E-02
          0.59358303E-02
          0.61013770E-02
          0.62703266E-02
          0.64427235E-02
          0.66186122E-02
          0.67980374E-02
          0.69810440E-02
          0.71676770E-02
          0.73579819E-02
          0.75520039E-02
          0.77497886E-02
          0.79513819E-02
          0.81568297E-02
          0.83661780E-02
          0.85794730E-02
          0.87967613E-02
          0.90180891E-02
          0.92435034E-02
          0.94730507E-02
          0.97067781E-02
          0.99447326E-02
          0.10186961E-01
          0.10433512E-01
          0.10684431E-01
          0.10939767E-01
          0.11199567E-01
          0.11463878E-01
          0.11732754E-01
          0.12006228E-01
          0.13074822E-01
          0.13819508E-01
          0.35197694E-01
          0.69632341E-01
          0.13551527E-01
          0.42137728E-01
          0.59824287E-01
          0.16540502E-01
          0.14683485E-01
          0.15004999E-01
          0.15332337E-01
          0.15664861E-01
          0.16002619E-01
          0.16345661E-01
          0.16694051E-01
          0.17047788E-01
          0.17406970E-01
          0.17771628E-01
          0.18141812E-01
          0.18517569E-01
          0.18898948E-01
          0.19285997E-01
          0.19678764E-01
          0.20077298E-01
          0.20481645E-01
          0.20891855E-01
          0.21307974E-01
          0.21730052E-01
          0.22158135E-01
          0.22592270E-01
          0.23032507E-01
          0.23478890E-01
          0.23931469E-01
          0.24390289E-01
          0.24855398E-01
          0.25326843E-01
          0.25804670E-01
          0.26288925E-01
          0.26779654E-01
          0.27276905E-01
          0.27780721E-01
          0.28291150E-01
          0.28808237E-01
          0.29332026E-01
          0.29862562E-01
          0.30399891E-01
          0.30944057E-01
          0.31495104E-01
          0.32053076E-01
          0.32618017E-01
          0.33189970E-01
          0.33768978E-01
          0.34355084E-01
          0.34948332E-01
          0.35548762E-01
          0.36156416E-01
          0.36771337E-01
          0.37393566E-01
          0.38023143E-01
          0.38660110E-01
          0.39304505E-01
          0.39956369E-01
          0.40615742E-01
          0.43788542E-01
          0.44175777E-01
          0.42689110E-01
          0.43330162E-01
          0.44026583E-01
          0.44731811E-01
          0.45444812E-01
          0.46165622E-01
          0.46894277E-01
          0.47630810E-01
          0.48375258E-01
          0.49127655E-01
          0.49888033E-01
          0.50656426E-01
          0.51432867E-01
          0.52217390E-01
          0.53010020E-01
          0.53810795E-01
          0.54619742E-01
          0.55436893E-01
          0.56478921E-01
          0.74330676E-01
          0.57984225E-01
          0.58788102E-01
          0.59646696E-01
          0.60513660E-01
          0.61389020E-01
          0.62272801E-01
          0.63165029E-01
          0.64065726E-01
          0.64974916E-01
          0.65892622E-01
          0.66818865E-01
          0.67753668E-01
          0.68697050E-01
          0.69649031E-01
          0.70609631E-01
          0.71578869E-01
          0.72556761E-01
          0.73543326E-01
          0.74538579E-01
          0.75542536E-01
          0.76555213E-01
          0.77576623E-01
          0.78606779E-01
          0.79645696E-01
          0.80693383E-01
          0.81749854E-01
          0.82815117E-01
          0.83889183E-01
          0.84972061E-01
          0.86063758E-01
          0.87164281E-01
          0.88273638E-01
          0.89391834E-01
          0.90518873E-01
          0.91654760E-01
          0.92799498E-01
          0.93953089E-01
          0.95115534E-01
          0.96286835E-01
          0.97466992E-01
          0.98656002E-01
          0.99853865E-01
          0.10106058E+00
          0.10227614E+00
          0.10350054E+00
          0.10473377E+00
          0.10597584E+00
          0.10722673E+00
          0.10848644E+00
          0.10975495E+00
          0.11103226E+00
          0.11231836E+00
          0.11361323E+00
          0.12310205E+00
          0.12173970E+00
          0.11755038E+00
          0.14237648E+00
          0.14505516E+00
          0.12430144E+00
          0.12924357E+00
          0.14843523E+00
          0.14579219E+00
          0.18241401E+00
          0.17739171E+00
          0.13000897E+00
          0.13124878E+00
          0.13265433E+00
          0.13407886E+00
          0.13551186E+00
          0.13695331E+00
          0.13840317E+00
          0.13986142E+00
          0.14132804E+00
          0.14280298E+00
          0.14428623E+00
          0.14577774E+00
          0.14727749E+00
          0.14878544E+00
          0.15030155E+00
          0.15182580E+00
          0.15335814E+00
          0.15489855E+00
          0.15644697E+00
          0.15800338E+00
          0.15956772E+00
          0.16113997E+00
          0.16272009E+00
          0.16430802E+00
          0.16590372E+00
          0.16750716E+00
          0.16911829E+00
          0.17073706E+00
          0.17236342E+00
          0.17399734E+00
          0.17563876E+00
          0.17728763E+00
          0.17894390E+00
          0.18060753E+00
          0.18227846E+00
          0.18395664E+00
          0.18564202E+00
          0.18733455E+00
          0.18903417E+00
          0.19074082E+00
          0.19245446E+00
          0.19417503E+00
          0.19590246E+00
          0.19763671E+00
          0.19937771E+00
          0.20112541E+00
          0.20287974E+00
          0.20464065E+00
          0.20640807E+00
          0.20818195E+00
          0.20996222E+00
          0.21293635E+00
          0.21823386E+00
          0.21534261E+00
          0.21716494E+00
          0.25577866E+00
          0.24412436E+00
          0.22320831E+00
          0.22442682E+00
          0.22626173E+00
          0.28464234E+00
          0.26882363E+00
          0.23201484E+00
          0.23681211E+00
          0.26704013E+00
          0.28646235E+00
          0.28473630E+00
          0.24156345E+00
          0.26167186E+00
          0.26398568E+00
          0.25583533E+00
          0.25585764E+00
          0.25281377E+00
          0.25253349E+00
          0.25443483E+00
          0.26340404E+00
          0.25827604E+00
          0.26020333E+00
          0.26302281E+00
          0.26457278E+00
          0.26628167E+00
          0.27065632E+00
          0.27000518E+00
          0.27185817E+00
          0.27381503E+00
          0.27577580E+00
          0.27774039E+00
          0.27970873E+00
          0.28168074E+00
          0.28365635E+00
          0.28563548E+00
          0.28761804E+00
          0.28960395E+00
          0.29159315E+00
          0.29358555E+00
          0.29558107E+00
          0.29757963E+00
          0.29958116E+00
          0.30158557E+00
          0.30359278E+00
          0.30560272E+00
          0.30761531E+00
          0.30963046E+00
          0.31164810E+00
          0.31366815E+00
          0.31569052E+00
          0.31771514E+00
          0.31974193E+00
          0.32177081E+00
          0.32380170E+00
          0.32583452E+00
          0.32786919E+00
          0.32990564E+00
          0.33194378E+00
          0.33398353E+00
          0.33602482E+00
          0.33806756E+00
          0.34011169E+00
          0.34215711E+00
          0.34420375E+00
          0.34625154E+00
          0.34830040E+00
          0.35035024E+00
          0.35240099E+00
          0.35445258E+00
          0.35650492E+00
          0.35856118E+00
          0.36061256E+00
          0.36267159E+00
          0.36696512E+00
          0.38023573E+00
          0.36949375E+00
          0.37111681E+00
          0.38464927E+00
          0.38888102E+00
          0.39365043E+00
          0.38609355E+00
          0.38399514E+00
          0.38323254E+00
          0.40453913E+00
          0.40425053E+00
          0.40631111E+00
          0.40860902E+00
          0.40032817E+00
          0.39950092E+00
          0.40031405E+00
          0.39964597E+00
          0.40218440E+00
          0.40381902E+00
          0.40654381E+00
          0.41204772E+00
          0.41024649E+00
          0.41193101E+00
          0.41397446E+00
          0.41601627E+00
          0.41805698E+00
          0.42009559E+00
          0.42213326E+00
          0.42416933E+00
          0.42620373E+00
          0.42823640E+00
          0.43026727E+00
          0.43229629E+00
          0.43432338E+00
          0.43634850E+00
          0.43837157E+00
          0.44039253E+00
          0.44241133E+00
          0.44442790E+00
          0.44644219E+00
          0.44845414E+00
          0.45046368E+00
          0.45247077E+00
          0.45452947E+00
          0.45663654E+00
          0.45847671E+00
          0.46047339E+00
          0.46246734E+00
          0.46445851E+00
          0.46646063E+00
          0.46843219E+00
          0.47053634E+00
          0.47239408E+00
          0.47437117E+00
          0.47634411E+00
          0.47832006E+00
          0.48031024E+00
          0.48522570E+00
          0.48606753E+00
          0.48638349E+00
          0.49432986E+00
          0.49547256E+00
          0.49659673E+00
          0.49985095E+00
          0.50175841E+00
          0.50350713E+00
          0.50517883E+00
          0.50714377E+00
          0.50899779E+00
          0.51075846E+00
          0.51256234E+00
          0.51435197E+00
          0.51596371E+00
          0.51770678E+00
          0.51955698E+00
          0.52091108E+00
          0.52288751E+00
          0.52428728E+00
          0.52642225E+00
          0.52823804E+00
          0.52991166E+00
          0.53128967E+00
          0.53277236E+00
          0.53448829E+00
          0.53592338E+00
          0.53698274E+00
          0.53868527E+00
          0.53942781E+00
          0.54127210E+00
          0.54310676E+00
          0.54492864E+00
          0.54675632E+00
          0.54857939E+00
          0.55039781E+00
          0.55221155E+00
          0.55402060E+00
          0.55582491E+00
          0.55762446E+00
          0.55941924E+00
          0.56120920E+00
          0.56299434E+00
          0.56477461E+00
          0.56655001E+00
          0.56832050E+00
          0.57008607E+00
          0.57184669E+00
          0.57360234E+00
          0.57535299E+00
          0.57709864E+00
          0.57885111E+00
          0.58057494E+00
          0.58230530E+00
          0.58403079E+00
          0.58575107E+00
          0.58746615E+00
          0.58917618E+00
          0.59088104E+00
          0.59258073E+00
          0.59427523E+00
          0.59596452E+00
          0.59764859E+00
          0.59933103E+00
          0.60100101E+00
          0.60266933E+00
          0.60433237E+00
          0.60599013E+00
          0.60768364E+00
          0.60948958E+00
          0.61134962E+00
          0.61326221E+00
          0.61440792E+00
          0.61632458E+00
          0.61784450E+00
          0.61964798E+00
          0.62110386E+00
          0.62293331E+00
          0.62438297E+00
          0.62601549E+00
          0.62768626E+00
          0.62925715E+00
          0.63081006E+00
          0.63236778E+00
          0.63391549E+00
          0.63545600E+00
          0.63699562E+00
          0.63851759E+00
          0.63981636E+00
          0.64142094E+00
          0.64289936E+00
          0.64447089E+00
          0.64599138E+00
          0.64725097E+00
          0.64894659E+00
          0.65035955E+00
          0.65179819E+00
          0.65323672E+00
          0.65470923E+00
          0.65619367E+00
          0.65767257E+00
          0.65914727E+00
          0.66061409E+00
          0.66207663E+00
          0.66353384E+00
          0.66498680E+00
          0.66643147E+00
          0.66787216E+00
          0.66930738E+00
          0.67074120E+00
          0.67218100E+00
          0.67366974E+00
          0.67500747E+00
          0.67646985E+00
          0.67787932E+00
          0.67929181E+00
          0.68065889E+00
          0.68204008E+00
          0.68344372E+00
          0.68481319E+00
          0.68615971E+00
          0.68750971E+00
          0.68882938E+00
          0.69022204E+00
          0.69160766E+00
          0.69288069E+00
          0.69423009E+00
          0.69557057E+00
          0.69689728E+00
          0.69827254E+00
          0.69960067E+00
          0.70090347E+00
          0.70221294E+00
          0.70350839E+00
          0.70479989E+00
          0.70608820E+00
          0.70736840E+00
          0.70864603E+00
          0.70991695E+00
          0.71118245E+00
          0.71244330E+00
          0.71369889E+00
          0.71494902E+00
          0.71619439E+00
          0.71743455E+00
          0.71866924E+00
          0.71989873E+00
          0.72112157E+00
          0.72234169E+00
          0.72355654E+00
          0.72476085E+00
          0.72596750E+00
          0.72716357E+00
          0.72835085E+00
          0.72952744E+00
          0.73072140E+00
          0.73189438E+00
          0.73306740E+00
          0.73423887E+00
          0.73540419E+00
          0.73656507E+00
          0.73772091E+00
          0.73887178E+00
          0.74001768E+00
          0.74115864E+00
          0.74229462E+00
          0.74342567E+00
          0.74455181E+00
          0.74567304E+00
          0.74678938E+00
          0.74790084E+00
          0.74900830E+00
          0.75011164E+00
          0.75120990E+00
          0.75230466E+00
          0.75339230E+00
          0.75447657E+00
          0.75555223E+00
          0.75662531E+00
          0.75769205E+00
          0.75875691E+00
          0.75981561E+00
          0.76086511E+00
          0.76191320E+00
          0.76295728E+00
          0.76399867E+00
          0.76503234E+00
          0.76606513E+00
          0.76709027E+00
          0.76811065E+00
          0.76913060E+00
          0.77014022E+00
          0.77114773E+00
          0.77215095E+00
          0.77315129E+00
          0.77414739E+00
          0.77513709E+00
          0.77612226E+00
          0.77710302E+00
          0.77807924E+00
          0.77905066E+00
          0.78001803E+00
          0.78098111E+00
          0.78193975E+00
          0.78289390E+00
          0.78384396E+00
          0.78478950E+00
          0.78573074E+00
          0.78666766E+00
          0.78760031E+00
          0.78852866E+00
          0.78945274E+00
          0.79037266E+00
          0.79128835E+00
          0.79219978E+00
          0.79310700E+00
          0.79400989E+00
          0.79490888E+00
          0.79580335E+00
          0.79669436E+00
          0.79758096E+00
          0.79846286E+00
          0.79934136E+00
          0.80021596E+00
          0.80108635E+00
          0.80195244E+00
          0.80281471E+00
          0.80367288E+00
          0.80452729E+00
          0.80537757E+00
          0.80622425E+00
          0.80706682E+00
          0.80790530E+00
          0.80873997E+00
          0.80957074E+00
          0.81039757E+00
          0.81122057E+00
          0.81203970E+00
          0.81285506E+00
          0.81366655E+00
          0.81447431E+00
          0.81527825E+00
          0.81607844E+00
          0.81687488E+00
          0.81766760E+00
          0.81845661E+00
          0.81924190E+00
          0.82002353E+00
          0.82080150E+00
          0.82157578E+00
          0.82234649E+00
          0.82311351E+00
          0.82387692E+00
          0.82463683E+00
          0.82539313E+00
          0.82614586E+00
          0.82689505E+00
          0.82764071E+00
          0.82838286E+00
          0.82912151E+00
          0.82985668E+00
          0.83058838E+00
          0.83131664E+00
          0.83204146E+00
          0.83276286E+00
          0.83348085E+00
          0.83419545E+00
          0.83490669E+00
          0.83561455E+00
          0.83631908E+00
          0.83702028E+00
          0.83771816E+00
          0.83841271E+00
          0.83910403E+00
          0.83979206E+00
          0.84047683E+00
          0.84115836E+00
          0.84183666E+00
          0.84251176E+00
          0.84318366E+00
          0.84385238E+00
          0.84451794E+00
          0.84518034E+00
          0.84583959E+00
          0.84649573E+00
          0.84714877E+00
          0.84779870E+00
          0.84844555E+00
          0.84908934E+00
          0.84973007E+00
          0.85036777E+00
          0.85100244E+00
          0.85163410E+00
          0.85226276E+00
          0.85288844E+00
          0.85351116E+00
          0.85413092E+00
          0.85474774E+00
          0.85536163E+00
          0.85597261E+00
          0.85658069E+00
          0.85718589E+00
          0.85778822E+00
          0.85838768E+00
          0.85898431E+00
          0.85957810E+00
          0.86016907E+00
          0.86075724E+00
          0.86134262E+00
          0.86192523E+00
          0.86250506E+00
          0.86308215E+00
          0.86365650E+00
          0.86422812E+00
          0.86479703E+00
          0.86536325E+00
          0.86592677E+00
          0.86648763E+00
          0.86704582E+00
          0.86760137E+00
          0.86815428E+00
          0.86870457E+00
          0.86925225E+00
          0.86979734E+00
          0.87033984E+00
          0.87087977E+00
          0.87141714E+00
          0.87195197E+00
          0.87248426E+00
          0.87301402E+00
          0.87354128E+00
          0.87406604E+00
          0.87458832E+00
          0.87510812E+00
          0.87562546E+00
          0.87614036E+00
          0.87665281E+00
          0.87716284E+00
          0.87767046E+00
          0.87817568E+00
          0.87867850E+00
          0.87917895E+00
          0.87967704E+00
          0.88017276E+00
          0.88066615E+00
          0.88115720E+00
          0.88164593E+00
          0.88213236E+00
          0.88261649E+00
          0.88309833E+00
          0.88357790E+00
          0.88405520E+00
          0.88453025E+00
          0.88500306E+00
          0.88547364E+00
          0.88594200E+00
          0.88640816E+00
          0.88687211E+00
          0.88733389E+00
          0.88779348E+00
          0.88825091E+00
          0.88870619E+00
          0.88915932E+00
          0.88961033E+00
          0.89005921E+00
          0.89050598E+00
          0.89095064E+00
          0.89139322E+00
          0.89183372E+00
          0.89227215E+00
          0.89270852E+00
          0.89314284E+00
          0.89357512E+00
          0.89400538E+00
          0.89443361E+00
          0.89485984E+00
          0.89528407E+00
          0.89570631E+00
          0.89612658E+00
          0.89654487E+00
          0.89696121E+00
          0.89737559E+00
          0.89778804E+00
          0.89819856E+00
          0.89860716E+00
          0.89901385E+00
          0.89941864E+00
          0.89982154E+00
          0.90022256E+00
          0.90062170E+00
          0.90101899E+00
          0.90141442E+00
          0.90180800E+00
          0.90219975E+00
          0.90258968E+00
          0.90297779E+00
          0.90336409E+00
          0.90374859E+00
          0.90413131E+00
          0.90451225E+00
          0.90489141E+00
          0.90526881E+00
          0.90564446E+00
          0.90601837E+00
          0.90639054E+00
          0.90676098E+00
          0.90712970E+00
          0.90749672E+00
          0.90786203E+00
          0.90822565E+00
          0.90858759E+00
          0.90894785E+00
          0.90930645E+00
          0.90966338E+00
          0.91001867E+00
          0.91037231E+00
          0.91072432E+00
          0.91107471E+00
          0.91142348E+00
          0.91177064E+00
          0.91211619E+00
          0.91246016E+00
          0.91280254E+00
          0.91314334E+00
          0.91348258E+00
          0.91382025E+00
          0.91415637E+00
          0.91449095E+00
          0.91482399E+00
          0.91515549E+00
          0.91548548E+00
          0.91581395E+00
          0.91614092E+00
          0.91646638E+00
          0.91679036E+00
          0.91711285E+00
          0.91743386E+00
          0.91775341E+00
          0.91807149E+00
          0.91838812E+00
          0.91870330E+00
          0.91901704E+00
          0.91932935E+00
          0.91964024E+00
          0.91994970E+00
          0.92025776E+00
          0.92056441E+00
          0.92086966E+00
          0.92117353E+00
          0.92147601E+00
          0.92177712E+00
          0.92207686E+00
          0.92237523E+00
          0.92267225E+00
          0.92296793E+00
          0.92326226E+00
          0.92355525E+00
          0.92384692E+00
          0.92413727E+00
          0.92442630E+00
          0.92471403E+00
          0.92500045E+00
          0.92528558E+00
          0.92556942E+00
          0.92585197E+00
          0.92613326E+00
          0.92641327E+00
          0.92669202E+00
          0.92696952E+00
          0.92724576E+00
          0.92752076E+00
          0.92779452E+00
          0.92806705E+00
          0.92833836E+00
          0.92860845E+00
          0.92887732E+00
          0.92914499E+00
          0.92941146E+00
          0.92967673E+00
          0.92994081E+00
          0.93020372E+00
          0.93046544E+00
          0.93072599E+00
          0.93098538E+00
          0.93124361E+00
          0.93150069E+00
          0.93175661E+00
          0.93201140E+00
          0.93226505E+00
          0.93251757E+00
          0.93276896E+00
          0.93301924E+00
          0.93326840E+00
          0.93351646E+00
          0.93376341E+00
          0.93400926E+00
          0.93425402E+00
          0.93449770E+00
          0.93474030E+00
          0.93498182E+00
          0.93522227E+00
          0.93546165E+00
          0.93569998E+00
          0.93593725E+00
          0.93617348E+00
          0.93640866E+00
          0.93664280E+00
          0.93687591E+00
          0.93710799E+00
          0.93733905E+00
          0.93756909E+00
          0.93779812E+00
          0.93802614E+00
          0.93825315E+00
          0.93847917E+00
          0.93870420E+00
          0.93892824E+00
          0.93915130E+00
          0.93937337E+00
          0.93959448E+00
          0.93981462E+00
          0.94003379E+00
          0.94025200E+00
          0.94046926E+00
          0.94068557E+00
          0.94090094E+00
          0.94111537E+00
          0.94132886E+00
          0.94154142E+00
          0.94175305E+00
          0.94196377E+00
          0.94217356E+00
          0.94238245E+00
          0.94259042E+00
          0.94279749E+00
          0.94300367E+00
          0.94320894E+00
          0.94341333E+00
          0.94361684E+00
          0.94381946E+00
          0.94402120E+00
          0.94422207E+00
          0.94442208E+00
          0.94462122E+00
          0.94481949E+00
          0.94501692E+00
          0.94521349E+00
          0.94540921E+00
          0.94560410E+00
          0.94579814E+00
          0.94599135E+00
          0.94618372E+00
          0.94637527E+00
          0.94656600E+00
          0.94675591E+00
          0.94694500E+00
          0.94713329E+00
          0.94732077E+00
          0.94750744E+00
          0.94769332E+00
          0.94787840E+00
          0.94806269E+00
          0.94824619E+00
          0.94842891E+00
          0.94861085E+00
          0.94879201E+00
          0.94897240E+00
          0.94915203E+00
          0.94933089E+00
          0.94950899E+00
          0.94968633E+00
          0.94986292E+00
          0.95003875E+00
          0.95021385E+00
          0.95038820E+00
          0.95056181E+00
          0.95073469E+00
          0.95090683E+00
          0.95107825E+00
          0.95124894E+00
          0.95141891E+00
          0.95158817E+00
          0.95175671E+00
          0.95192453E+00
          0.95209166E+00
          0.95225807E+00
          0.95242379E+00
          0.95258881E+00
          0.95275314E+00
          0.95291678E+00
          0.95307973E+00
          0.95324199E+00
          0.95340358E+00
          0.95356449E+00
          0.95372473E+00
          0.95388429E+00
          0.95404319E+00
          0.95420142E+00
          0.95435899E+00
          0.95451591E+00
          0.95467217E+00
          0.95482778E+00
          0.95498274E+00
          0.95513705E+00
          0.95529073E+00
          0.95544376E+00
          0.95559616E+00
          0.95574792E+00
          0.95589906E+00
          0.95604957E+00
          0.95619945E+00
          0.95634871E+00
          0.95649736E+00
          0.95664539E+00
          0.95679281E+00
          0.95693962E+00
          0.95708582E+00
          0.95723142E+00
          0.95737642E+00
          0.95752082E+00
          0.95766463E+00
          0.95780784E+00
          0.95795047E+00
          0.95809251E+00
          0.95823396E+00
          0.95837484E+00
          0.95851514E+00
          0.95865486E+00
          0.95879401E+00
          0.95893258E+00
          0.95907060E+00
          0.95920804E+00
          0.95934493E+00
          0.95948126E+00
          0.95961703E+00
          0.95975224E+00
          0.95988691E+00
          0.96002102E+00
          0.96015459E+00
          0.96028762E+00
          0.96042010E+00
          0.96055205E+00
          0.96068346E+00
          0.96081434E+00
          0.96094469E+00
          0.96107450E+00
          0.96120380E+00
          0.96133257E+00
          0.96146081E+00
          0.96158854E+00
          0.96171576E+00
          0.96184246E+00
          0.96196864E+00
          0.96209432E+00
          0.96221950E+00
          0.96234417E+00
          0.96246833E+00
          0.96259200E+00
          0.96271517E+00
          0.96283785E+00
          0.96296003E+00
          0.96308172E+00
          0.96320293E+00
          0.96332365E+00
          0.96344388E+00
          0.96356364E+00
          0.96368292E+00
          0.96380171E+00
          0.96392004E+00
          0.96403789E+00
          0.96415527E+00
          0.96427219E+00
          0.96438864E+00
          0.96450462E+00
          0.96462015E+00
          0.96473521E+00
          0.96484982E+00
          0.96496397E+00
          0.96507767E+00
          0.96519092E+00
          0.96530372E+00
          0.96541607E+00
          0.96552798E+00
          0.96563944E+00
          0.96575047E+00
          0.96586106E+00
          0.96597121E+00
          0.96608092E+00
          0.96619020E+00
          0.96629906E+00
          0.96640748E+00
          0.96651548E+00
          0.96662305E+00
          0.96673020E+00
          0.96683693E+00
          0.96694324E+00
          0.96704913E+00
          0.96715461E+00
          0.96725967E+00
          0.96736433E+00
          0.96746857E+00
          0.96757241E+00
          0.96767584E+00
          0.96777886E+00
          0.96788149E+00
          0.96798371E+00
          0.96808554E+00
          0.96818697E+00
          0.96828801E+00
          0.96838865E+00
          0.96848890E+00
          0.96858876E+00
          0.96868824E+00
          0.96878732E+00
          0.96888603E+00
          0.96898435E+00
          0.96908229E+00
          0.96917985E+00
          0.96927704E+00
          0.96937385E+00
          0.96947028E+00
          0.96956635E+00
          0.96966204E+00
          0.96975737E+00
          0.96985232E+00
          0.96994691E+00
          0.97004114E+00
          0.97013501E+00
          0.97022851E+00
          0.97032166E+00
          0.97041445E+00
          0.97050688E+00
          0.97059896E+00
          0.97069069E+00
          0.97078206E+00
          0.97087309E+00
          0.97096377E+00
          0.97105410E+00
          0.97114409E+00
          0.97123373E+00
          0.97132303E+00
          0.97141199E+00
          0.97150062E+00
          0.97158890E+00
          0.97167685E+00
          0.97176447E+00
          0.97185175E+00
          0.97193871E+00
          0.97202533E+00
          0.97211162E+00
          0.97219759E+00
          0.97228324E+00
          0.97236855E+00
          0.97245355E+00
          0.97253823E+00
          0.97262258E+00
          0.97270662E+00
          0.97279034E+00
          0.97287374E+00
          0.97295683E+00
          0.97303961E+00
          0.97312208E+00
          0.97320424E+00
          0.97328609E+00
          0.97336763E+00
          0.97344886E+00
          0.97352980E+00
          0.97361042E+00
          0.97369075E+00
          0.97377078E+00
          0.97385050E+00
          0.97392993E+00
          0.97400907E+00
          0.97408790E+00
          0.97416645E+00
          0.97424470E+00
          0.97432266E+00
          0.97440033E+00
          0.97447771E+00
          0.97455480E+00
          0.97463161E+00
          0.97470813E+00
          0.97478436E+00
          0.97486032E+00
          0.97493599E+00
          0.97501139E+00
          0.97508650E+00
          0.97516134E+00
          0.97523590E+00
          0.97531018E+00
          0.97538419E+00
          0.97545793E+00
          0.97553140E+00
          0.97560459E+00
          0.97567752E+00
          0.97575018E+00
          0.97582257E+00
          0.97589469E+00
          0.97596656E+00
          0.97603815E+00
          0.97610949E+00
          0.97618056E+00
          0.97625137E+00
          0.97632192E+00
          0.97639222E+00
          0.97646226E+00
          0.97653204E+00
          0.97660157E+00
          0.97667084E+00
          0.97673986E+00
          0.97680863E+00
          0.97687715E+00
          0.97694543E+00
          0.97701345E+00
          0.97708122E+00
          0.97714875E+00
          0.97721604E+00
          0.97728308E+00
          0.97734987E+00
          0.97741643E+00
          0.97748274E+00
          0.97754882E+00
          0.97761465E+00
          0.97768025E+00
          0.97774561E+00
          0.97781074E+00
          0.97787563E+00
          0.97794028E+00
          0.97800471E+00
          0.97806890E+00
          0.97813286E+00
          0.97819659E+00
          0.97826009E+00
          0.97832337E+00
          0.97838641E+00
          0.97844924E+00
          0.97851183E+00
          0.97857420E+00
          0.97863635E+00
          0.97869828E+00
          0.97875998E+00
          0.97882147E+00
          0.97888273E+00
          0.97894378E+00
          0.97900461E+00
          0.97906522E+00
          0.97912562E+00
          0.97918580E+00
          0.97924577E+00
          0.97930552E+00
          0.97936507E+00
          0.97942440E+00
          0.97948352E+00
          0.97954243E+00
          0.97960113E+00
          0.97965963E+00
          0.97971792E+00
          0.97977600E+00
          0.97983387E+00
          0.97989155E+00
          0.97994902E+00
          0.98000628E+00
          0.98006335E+00
          0.98012021E+00
          0.98017687E+00
          0.98023334E+00
          0.98028960E+00
          0.98034567E+00
          0.98040154E+00
          0.98045722E+00
          0.98051270E+00
          0.98056798E+00
          0.98062308E+00
          0.98067797E+00
          0.98073268E+00
          0.98078720E+00
          0.98084152E+00
          0.98089566E+00
          0.98094961E+00
          0.98100337E+00
          0.98105694E+00
          0.98111032E+00
          0.98116352E+00
          0.98121654E+00
          0.98126937E+00
          0.98132201E+00
          0.98137448E+00
          0.98142676E+00
          0.98147886E+00
          0.98153078E+00
          0.98158252E+00
          0.98163408E+00
          0.98168546E+00
          0.98173667E+00
          0.98178770E+00
          0.98183855E+00
          0.98188923E+00
          0.98193973E+00
          0.98199006E+00
          0.98204021E+00
          0.98209020E+00
          0.98214001E+00
          0.98218965E+00
          0.98223912E+00
          0.98228841E+00
          0.98233755E+00
          0.98238651E+00
          0.98243530E+00
          0.98248393E+00
          0.98253239E+00
          0.98258068E+00
          0.98262881E+00
          0.98267678E+00
          0.98272458E+00
          0.98277222E+00
          0.98281970E+00
          0.98286701E+00
          0.98291417E+00
          0.98296116E+00
          0.98300799E+00
          0.98305467E+00
          0.98310118E+00
          0.98314754E+00
          0.98319374E+00
          0.98323979E+00
          0.98328567E+00
          0.98333141E+00
          0.98337698E+00
          0.98342241E+00
          0.98346768E+00
          0.98351280E+00
          0.98355776E+00
          0.98360258E+00
          0.98364724E+00
          0.98369175E+00
          0.98373611E+00
          0.98378033E+00
          0.98382439E+00
          0.98386831E+00
          0.98391208E+00
          0.98395570E+00
          0.98399917E+00
          0.98404250E+00
          0.98408569E+00
          0.98412873E+00
          0.98417163E+00
          0.98421438E+00
          0.98425699E+00
          0.98429946E+00
          0.98434178E+00
          0.98438397E+00
          0.98442601E+00
          0.98446792E+00
          0.98450968E+00
          0.98455131E+00
          0.98459279E+00
          0.98463414E+00
          0.98467535E+00
          0.98471643E+00
          0.98475737E+00
          0.98479817E+00
          0.98483884E+00
          0.98487937E+00
          0.98491977E+00
          0.98496004E+00
          0.98500017E+00
          0.98504017E+00
          0.98508004E+00
          0.98511978E+00
          0.98515938E+00
          0.98519886E+00
          0.98523820E+00
          0.98527742E+00
          0.98531650E+00
          0.98535546E+00
          0.98539429E+00
          0.98543299E+00
          0.98547157E+00
          0.98551002E+00
          0.98554834E+00
          0.98558654E+00
          0.98562461E+00
          0.98566256E+00
          0.98570039E+00
          0.98573809E+00
          0.98577566E+00
          0.98581312E+00
          0.98585045E+00
          0.98588766E+00
          0.98592475E+00
          0.98596172E+00
          0.98599857E+00
          0.98603530E+00
          0.98607191E+00
          0.98610840E+00
          0.98614477E+00
          0.98618103E+00
          0.98621716E+00
          0.98625318E+00
          0.98628909E+00
          0.98632487E+00
          0.98636054E+00
          0.98639610E+00
          0.98643154E+00
          0.98646687E+00
          0.98650208E+00
          0.98653718E+00
          0.98657217E+00
          0.98660704E+00
          0.98664180E+00
          0.98667645E+00
          0.98671099E+00
          0.98674542E+00
          0.98677973E+00
          0.98681394E+00
          0.98684804E+00
          0.98688203E+00
          0.98691591E+00
          0.98694968E+00
          0.98698334E+00
          0.98701689E+00
          0.98705034E+00
          0.98708368E+00
          0.98711692E+00
          0.98715004E+00
          0.98718307E+00
          0.98721599E+00
          0.98724880E+00
          0.98728151E+00
          0.98731411E+00
          0.98734661E+00
          0.98737901E+00
          0.98741130E+00
          0.98744350E+00
          0.98747559E+00
          0.98750758E+00
          0.98753946E+00
          0.98757125E+00
          0.98760294E+00
          0.98763452E+00
          0.98766601E+00
          0.98769739E+00
          0.98772868E+00
          0.98775987E+00
          0.98779096E+00
          0.98782195E+00
          0.98785285E+00
          0.98788365E+00
          0.98791435E+00
          0.98794495E+00
          0.98797546E+00
          0.98800587E+00
          0.98803619E+00
          0.98806641E+00
          0.98809654E+00
          0.98812658E+00
          0.98815651E+00
          0.98818636E+00
          0.98821611E+00
          0.98824577E+00
          0.98827534E+00
          0.98830481E+00
          0.98833420E+00
          0.98836349E+00
          0.98839269E+00
          0.98842180E+00
          0.98845082E+00
          0.98847974E+00
          0.98850858E+00
          0.98853733E+00
          0.98856599E+00
          0.98859456E+00
          0.98862304E+00
          0.98865144E+00
          0.98867974E+00
          0.98870796E+00
          0.98873609E+00
          0.98876414E+00
          0.98879210E+00
          0.98881997E+00
          0.98884775E+00
          0.98887545E+00
          0.98890307E+00
          0.98893060E+00
          0.98895804E+00
          0.98898540E+00
          0.98901268E+00
          0.98903987E+00
          0.98906698E+00
          0.98909400E+00
          0.98912094E+00
          0.98914780E+00
          0.98917458E+00
          0.98920128E+00
          0.98922789E+00
          0.98925442E+00
          0.98928087E+00
          0.98930724E+00
          0.98933353E+00
          0.98935974E+00
          0.98938587E+00
          0.98941192E+00
          0.98943790E+00
          0.98946379E+00
          0.98948960E+00
          0.98951533E+00
          0.98954099E+00
          0.98956657E+00
          0.98959207E+00
          0.98961749E+00
          0.98964284E+00
          0.98966811E+00
          0.98969330E+00
          0.98971842E+00
          0.98974346E+00
          0.98976842E+00
          0.98979331E+00
          0.98981813E+00
          0.98984287E+00
          0.98986753E+00
          0.98989212E+00
          0.98991664E+00
          0.98994108E+00
          0.98996545E+00
          0.98998974E+00
          0.99001397E+00
          0.99003812E+00
          0.99006219E+00
          0.99008620E+00
          0.99011013E+00
          0.99013399E+00
          0.99015778E+00
          0.99018150E+00
          0.99020515E+00
          0.99022873E+00
          0.99025223E+00
          0.99027567E+00
          0.99029903E+00
          0.99032233E+00
          0.99034556E+00
          0.99036872E+00
          0.99039180E+00
          0.99041482E+00
          0.99043778E+00
          0.99046066E+00
          0.99048347E+00
          0.99050622E+00
          0.99052890E+00
          0.99055151E+00
          0.99057406E+00
          0.99059654E+00
          0.99061895E+00
          0.99064130E+00
          0.99066358E+00
          0.99068579E+00
          0.99070794E+00
          0.99073002E+00
          0.99075204E+00
          0.99077399E+00
          0.99079588E+00
          0.99081770E+00
          0.99083946E+00
          0.99086115E+00
          0.99088279E+00
          0.99090435E+00
          0.99092586E+00
          0.99094730E+00
          0.99096868E+00
          0.99098999E+00
          0.99101124E+00
          0.99103243E+00
          0.99105356E+00
          0.99107463E+00
          0.99109563E+00
          0.99111658E+00
          0.99113746E+00
          0.99115828E+00
          0.99117904E+00
          0.99119974E+00
          0.99122038E+00
          0.99124096E+00
          0.99126148E+00
          0.99128194E+00
          0.99130234E+00
          0.99132268E+00
          0.99134296E+00
          0.99136319E+00
          0.99138335E+00
          0.99140345E+00
          0.99142350E+00
          0.99144349E+00
          0.99146342E+00
          0.99148330E+00
          0.99150311E+00
          0.99152287E+00
          0.99154257E+00
          0.99156222E+00
          0.99158181E+00
          0.99160134E+00
          0.99162081E+00
          0.99164023E+00
          0.99165959E+00
          0.99167890E+00
          0.99169815E+00
          0.99171735E+00
          0.99173649E+00
          0.99175558E+00
          0.99177461E+00
          0.99179359E+00
          0.99181251E+00
          0.99183138E+00
          0.99185019E+00
          0.99186895E+00
          0.99188766E+00
          0.99190631E+00
          0.99192491E+00
          0.99194346E+00
          0.99196195E+00
          0.99198039E+00
          0.99199878E+00
          0.99201712E+00
          0.99203540E+00
          0.99205363E+00
          0.99207181E+00
          0.99208994E+00
          0.99210802E+00
          0.99212604E+00
          0.99214402E+00
          0.99216194E+00
          0.99217981E+00
          0.99219763E+00
          0.99221540E+00
          0.99223312E+00
          0.99225079E+00
          0.99226841E+00
          0.99228598E+00
          0.99230351E+00
          0.99232098E+00
          0.99233840E+00
          0.99235577E+00
          0.99237310E+00
          0.99239037E+00
          0.99240760E+00
          0.99242478E+00
          0.99244191E+00
          0.99245899E+00
          0.99247602E+00
          0.99249301E+00
          0.99250994E+00
          0.99252683E+00
          0.99254368E+00
          0.99256047E+00
          0.99257722E+00
          0.99259392E+00
          0.99261058E+00
          0.99262719E+00
          0.99264375E+00
          0.99266027E+00
          0.99267674E+00
          0.99269316E+00
          0.99270954E+00
          0.99272587E+00
          0.99274216E+00
          0.99275840E+00
          0.99277459E+00
          0.99279075E+00
          0.99280685E+00
          0.99282291E+00
          0.99283893E+00
          0.99285490E+00
          0.99287083E+00
          0.99288672E+00
          0.99290256E+00
          0.99291835E+00
          0.99293410E+00
          0.99294981E+00
          0.99296548E+00
          0.99298110E+00
          0.99299668E+00
          0.99301221E+00
          0.99302771E+00
          0.99304316E+00
          0.99305857E+00
          0.99307393E+00
          0.99308925E+00
          0.99310453E+00
          0.99311977E+00
          0.99313497E+00
          0.99315012E+00
          0.99316524E+00
          0.99318031E+00
          0.99319534E+00
          0.99321033E+00
          0.99322528E+00
          0.99324018E+00
          0.99325505E+00
          0.99326988E+00
          0.99328466E+00
          0.99329941E+00
          0.99331411E+00
          0.99332878E+00
          0.99334340E+00
          0.99335799E+00
          0.99337253E+00
          0.99338703E+00
          0.99340150E+00
          0.99341593E+00
          0.99343031E+00
          0.99344466E+00
          0.99345897E+00
          0.99347324E+00
          0.99348747E+00
          0.99350166E+00
          0.99351582E+00
          0.99352993E+00
          0.99354401E+00
          0.99355805E+00
          0.99357205E+00
          0.99358602E+00
          0.99359994E+00
          0.99361383E+00
          0.99362768E+00
          0.99364149E+00
          0.99365527E+00
          0.99366901E+00
          0.99368271E+00
          0.99369638E+00
          0.99371000E+00
          0.99372360E+00
          0.99373715E+00
          0.99375067E+00
          0.99376415E+00
          0.99377760E+00
          0.99379101E+00
          0.99380438E+00
          0.99381772E+00
          0.99383102E+00
          0.99384429E+00
          0.99385752E+00
          0.99387071E+00
          0.99388387E+00
          0.99389700E+00
          0.99391009E+00
          0.99392315E+00
          0.99393617E+00
          0.99394915E+00
          0.99396210E+00
          0.99397502E+00
          0.99398790E+00
          0.99400075E+00
          0.99401356E+00
          0.99402634E+00
          0.99403909E+00
          0.99405180E+00
          0.99406448E+00
          0.99407712E+00
          0.99408973E+00
          0.99410231E+00
          0.99411486E+00
          0.99412737E+00
          0.99413985E+00
          0.99415229E+00
          0.99416470E+00
          0.99417708E+00
          0.99418943E+00
          0.99420174E+00
          0.99421402E+00
          0.99422627E+00
          0.99423849E+00
          0.99425067E+00
          0.99426283E+00
          0.99427495E+00
          0.99428704E+00
          0.99429909E+00
          0.99431112E+00
          0.99432311E+00
          0.99433507E+00
          0.99434700E+00
          0.99435890E+00
          0.99437077E+00
          0.99438261E+00
          0.99439441E+00
          0.99440619E+00
          0.99441793E+00
          0.99442965E+00
          0.99444133E+00
          0.99445298E+00
          0.99446461E+00
          0.99447620E+00
          0.99448776E+00
          0.99449929E+00
          0.99451079E+00
          0.99452226E+00
          0.99453371E+00
          0.99454512E+00
          0.99455650E+00
          0.99456785E+00
          0.99457918E+00
          0.99459047E+00
          0.99460173E+00
          0.99461297E+00
          0.99462418E+00
          0.99463535E+00
          0.99464650E+00
          0.99465762E+00
          0.99466871E+00
          0.99467977E+00
          0.99469081E+00
          0.99470181E+00
          0.99471279E+00
          0.99472374E+00
          0.99473466E+00
          0.99474555E+00
          0.99475641E+00
          0.99476725E+00
          0.99477805E+00
          0.99478883E+00
          0.99479959E+00
          0.99481031E+00
          0.99482101E+00
          0.99483168E+00
          0.99484232E+00
          0.99485294E+00
          0.99486352E+00
          0.99487408E+00
          0.99488462E+00
          0.99489512E+00
          0.99490560E+00
          0.99491606E+00
          0.99492648E+00
          0.99493688E+00
          0.99494726E+00
          0.99495760E+00
          0.99496792E+00
          0.99497822E+00
          0.99498848E+00
          0.99499873E+00
          0.99500894E+00
          0.99501913E+00
          0.99502929E+00
          0.99503943E+00
          0.99504954E+00
          0.99505963E+00
          0.99506969E+00
          0.99507973E+00
          0.99508974E+00
          0.99509972E+00
          0.99510968E+00
          0.99511961E+00
          0.99512952E+00
          0.99513941E+00
          0.99514926E+00
          0.99515910E+00
          0.99516891E+00
          0.99517869E+00
          0.99518845E+00
          0.99519819E+00
          0.99520790E+00
          0.99521758E+00
          0.99522724E+00
          0.99523688E+00
          0.99524649E+00
          0.99525608E+00
          0.99526565E+00
          0.99527519E+00
          0.99528470E+00
          0.99529420E+00
          0.99530367E+00
          0.99531311E+00
          0.99532253E+00
          0.99533193E+00
          0.99534131E+00
          0.99535066E+00
          0.99535998E+00
          0.99536929E+00
          0.99537857E+00
          0.99538783E+00
          0.99539706E+00
          0.99540627E+00
          0.99541546E+00
          0.99542463E+00
          0.99543377E+00
          0.99544289E+00
          0.99545199E+00
          0.99546106E+00
          0.99547012E+00
          0.99547915E+00
          0.99548815E+00
          0.99549714E+00
          0.99550610E+00
