 Adiabat temperature at each layer [K]
    194.8882
    190.3359
    186.0349
    181.9681
    178.1174
    174.4641
    170.9893
    167.6742
    164.5002
    161.4495
    158.5050
    155.6506
    152.8715
    150.1536
    149.9975
    149.9975
    149.9975
    149.9975
    149.9975
    149.9975
    149.9975
    149.9975
    149.9975
    149.9975
    149.9975
    149.9975
    149.9975
    149.9975
    149.9975
    149.9975
    149.9975
    149.9975
    149.9975
    149.9975
    149.9975
    149.9975
    149.9975
    149.9975
    149.9975
    149.9975
    149.9975
    149.9975
    149.9975
    149.9975
    149.9975
    149.9975
    149.9975
    149.9975
    149.9975
    149.9975
