 Spectral outgoing shortwave flux [W/m2/cm^-1]
  0.0000E+00
  0.7735E-06
  0.6449E-06
  0.3369E-06
  0.5830E-07
  0.1422E-06
  0.1069E-07
  0.1717E-06
  0.1478E-06
  0.3043E-06
  0.1372E-05
  0.1916E-05
  0.2282E-05
  0.3451E-05
  0.4088E-05
  0.5680E-05
  0.7549E-05
  0.8433E-05
  0.3820E-05
  0.8658E-06
  0.1016E-09
  0.8746E-10
  0.1151E-09
  0.1499E-09
  0.1923E-09
  0.2467E-09
  0.3093E-09
  0.3873E-09
  0.4818E-09
  0.5917E-09
  0.7220E-09
  0.8768E-09
  0.1057E-08
  0.1265E-08
  0.1498E-08
  0.1950E-08
  0.2130E-08
  0.2503E-08
  0.2946E-08
  0.3418E-08
  0.3941E-08
  0.4591E-08
  0.5302E-08
  0.6100E-08
  0.6965E-08
  0.5646E-04
  0.5969E-04
  0.6132E-04
  0.2234E-04
  0.1305E-07
  0.1472E-07
  0.1655E-07
  0.1901E-07
  0.2080E-07
  0.2311E-07
  0.2555E-07
  0.2848E-07
  0.1545E-04
  0.8613E-04
  0.8159E-04
  0.8394E-04
  0.8313E-04
  0.8814E-04
  0.7192E-04
  0.1063E-03
  0.9737E-04
  0.4933E-04
  0.8059E-04
  0.7569E-04
  0.1173E-03
  0.9822E-04
  0.1126E-03
  0.7884E-04
  0.9772E-05
  0.1308E-06
  0.1448E-06
  0.1525E-06
  0.1536E-06
  0.1554E-06
  0.1704E-06
  0.1829E-06
  0.1902E-06
  0.2061E-06
  0.2155E-06
  0.2310E-06
  0.2454E-06
  0.2625E-06
  0.2739E-06
  0.2944E-06
  0.3123E-06
  0.3491E-06
  0.3948E-06
  0.4658E-06
  0.5053E-06
  0.5824E-06
  0.6161E-06
  0.6469E-06
  0.6972E-06
  0.7261E-06
  0.7794E-06
  0.8308E-06
  0.8717E-06
  0.1151E-04
  0.9663E-06
  0.1029E-05
  0.1081E-05
  0.1130E-05
  0.6550E-04
  0.1616E-03
  0.1493E-05
  0.1400E-05
  0.1487E-05
  0.3090E-05
  0.1754E-03
  0.2979E-03
  0.3065E-03
  0.2839E-03
  0.3115E-03
  0.1718E-03
  0.1231E-04
  0.3215E-04
  0.2982E-03
  0.3096E-03
  0.2842E-03
  0.9588E-05
  0.4197E-05
  0.3007E-05
  0.3156E-05
  0.3247E-05
  0.3441E-05
  0.5608E-05
  0.3696E-05
  0.3862E-05
  0.3945E-05
  0.4167E-05
  0.4291E-05
  0.4389E-05
  0.4637E-05
  0.4840E-05
  0.4929E-05
  0.5121E-05
  0.5330E-05
  0.5113E-05
  0.5258E-05
  0.5548E-05
  0.6026E-05
  0.6003E-05
  0.6337E-05
  0.5955E-05
  0.6165E-05
  0.6044E-05
  0.6186E-05
  0.6290E-05
  0.7124E-05
  0.7302E-05
  0.7088E-05
  0.5659E-04
  0.1387E-03
  0.1303E-04
  0.6427E-05
  0.6410E-05
  0.7703E-05
  0.2372E-03
  0.3863E-03
  0.3962E-03
  0.3815E-03
  0.1225E-03
  0.1483E-03
  0.2940E-03
  0.4133E-03
  0.4117E-03
  0.4956E-03
  0.4479E-03
  0.5017E-03
  0.4098E-03
  0.4155E-03
  0.2808E-03
  0.2024E-04
  0.2276E-03
  0.2453E-03
  0.4733E-04
  0.5163E-04
  0.2815E-04
  0.2396E-04
  0.2452E-04
  0.2534E-04
  0.2625E-04
  0.2726E-04
  0.2773E-04
  0.2789E-04
  0.2910E-04
  0.2953E-04
  0.3029E-04
  0.3158E-04
  0.3192E-04
  0.3354E-04
  0.3431E-04
  0.3481E-04
  0.3637E-04
  0.3734E-04
  0.3805E-04
  0.3786E-04
  0.3849E-04
  0.4222E-04
  0.4209E-04
  0.4207E-04
  0.4553E-04
  0.4546E-04
  0.4803E-04
  0.4899E-04
  0.5037E-04
  0.5038E-04
  0.5151E-04
  0.5276E-04
  0.6286E-04
  0.6566E-03
  0.6709E-03
  0.7086E-03
  0.7754E-03
  0.7801E-03
  0.7265E-03
  0.6765E-03
  0.4056E-03
  0.2366E-03
  0.4605E-03
  0.7188E-03
  0.3873E-03
  0.1363E-03
  0.1446E-03
  0.7524E-03
  0.7821E-03
  0.7001E-03
  0.4581E-03
  0.1242E-03
  0.7555E-04
  0.1086E-03
  0.4980E-03
  0.1068E-03
  0.8850E-04
  0.8832E-04
  0.8573E-04
  0.8926E-04
  0.9336E-04
  0.9122E-04
  0.9122E-04
  0.9712E-04
  0.9421E-04
  0.9115E-04
  0.1068E-03
  0.9122E-04
  0.9229E-04
  0.1010E-03
  0.9716E-04
  0.9368E-04
  0.1075E-03
  0.1079E-03
  0.1043E-03
  0.2444E-03
  0.1108E-03
  0.1100E-03
  0.1078E-03
  0.1109E-03
  0.1125E-03
  0.2157E-03
  0.4966E-03
  0.4391E-03
  0.1092E-03
  0.1161E-03
  0.1125E-03
  0.1092E-03
  0.1105E-03
  0.1124E-03
  0.1139E-03
  0.3574E-03
  0.1119E-03
  0.1148E-03
  0.1214E-03
  0.1196E-03
  0.1228E-03
  0.1207E-03
  0.1186E-03
  0.5542E-03
  0.5633E-03
  0.5552E-03
  0.5667E-03
  0.5636E-03
  0.4787E-03
  0.3686E-03
  0.4421E-03
  0.4398E-03
  0.2770E-03
  0.1449E-03
  0.1432E-03
  0.3020E-03
  0.3023E-03
  0.3597E-03
  0.1594E-03
  0.1475E-03
  0.1403E-03
  0.1464E-03
  0.3085E-03
  0.3585E-03
  0.1519E-03
  0.1509E-03
  0.1525E-03
  0.1721E-03
  0.4813E-03
  0.4615E-03
  0.1594E-03
  0.1521E-03
  0.1511E-03
  0.2389E-03
  0.4967E-03
  0.5042E-03
  0.4951E-03
  0.3628E-03
  0.1677E-03
  0.1720E-03
  0.2107E-03
  0.2024E-03
  0.4020E-03
  0.3819E-03
  0.1737E-03
  0.1733E-03
  0.1758E-03
  0.1770E-03
  0.1771E-03
  0.1792E-03
  0.1801E-03
  0.1838E-03
  0.1821E-03
  0.1814E-03
  0.1816E-03
  0.1862E-03
  0.4383E-03
  0.4720E-03
  0.4498E-03
  0.4728E-03
  0.4547E-03
  0.4435E-03
  0.4562E-03
  0.4634E-03
  0.4505E-03
  0.4552E-03
  0.4399E-03
  0.4337E-03
  0.3476E-03
  0.3463E-03
  0.4220E-03
  0.4349E-03
  0.4352E-03
  0.4066E-03
  0.2684E-03
  0.2595E-03
  0.2891E-03
  0.4123E-03
  0.4279E-03
  0.3729E-03
  0.2205E-03
  0.2265E-03
  0.4157E-03
  0.4231E-03
  0.4055E-03
  0.3991E-03
  0.4079E-03
  0.3777E-03
  0.3740E-03
  0.4057E-03
  0.4312E-03
  0.4120E-03
  0.4090E-03
  0.3578E-03
  0.3240E-03
  0.3054E-03
  0.2725E-03
  0.2350E-03
  0.2477E-03
  0.3800E-03
  0.2891E-03
  0.2478E-03
  0.2505E-03
  0.2504E-03
  0.3897E-03
  0.3361E-03
  0.2508E-03
  0.2521E-03
  0.3233E-03
  0.4052E-03
  0.4088E-03
  0.4055E-03
  0.4118E-03
  0.4031E-03
  0.3982E-03
  0.4009E-03
  0.3882E-03
  0.3988E-03
  0.3966E-03
  0.3936E-03
  0.3930E-03
  0.3967E-03
  0.3893E-03
  0.3896E-03
  0.3867E-03
  0.3862E-03
  0.3980E-03
  0.4039E-03
  0.3930E-03
  0.3887E-03
  0.3792E-03
  0.3793E-03
  0.3739E-03
  0.3633E-03
  0.3770E-03
  0.3777E-03
  0.3682E-03
  0.3843E-03
  0.3788E-03
  0.3869E-03
  0.3805E-03
  0.3810E-03
  0.3783E-03
  0.3793E-03
  0.3735E-03
  0.3518E-03
  0.3674E-03
  0.3624E-03
  0.3636E-03
  0.3478E-03
  0.3450E-03
  0.3125E-03
  0.3573E-03
  0.3647E-03
  0.3438E-03
  0.3070E-03
  0.2990E-03
  0.3808E-03
  0.3686E-03
  0.3786E-03
  0.3937E-03
  0.3772E-03
  0.3720E-03
  0.3926E-03
  0.3818E-03
  0.3566E-03
  0.3637E-03
  0.3561E-03
  0.3755E-03
  0.3560E-03
  0.3689E-03
  0.3684E-03
  0.3605E-03
  0.3565E-03
  0.3825E-03
  0.3760E-03
  0.3708E-03
  0.3779E-03
  0.3606E-03
  0.3706E-03
  0.3337E-03
  0.3224E-03
  0.2947E-03
  0.3261E-03
  0.3601E-03
  0.3643E-03
  0.3472E-03
  0.3451E-03
  0.3300E-03
  0.3422E-03
  0.2880E-03
  0.3007E-03
  0.2958E-03
  0.3221E-03
  0.3121E-03
  0.3112E-03
  0.3183E-03
  0.3578E-03
  0.3433E-03
  0.3434E-03
  0.3501E-03
  0.3540E-03
  0.3442E-03
  0.3429E-03
  0.3669E-03
  0.3747E-03
  0.3744E-03
  0.3679E-03
  0.3787E-03
  0.3430E-03
  0.3546E-03
  0.3743E-03
  0.3768E-03
  0.3666E-03
  0.3610E-03
  0.3464E-03
  0.3486E-03
  0.3354E-03
  0.3683E-03
  0.3522E-03
  0.3579E-03
  0.3562E-03
  0.3350E-03
  0.3443E-03
  0.3443E-03
  0.3213E-03
  0.3307E-03
  0.3068E-03
  0.3209E-03
  0.3194E-03
  0.3240E-03
  0.3105E-03
  0.2879E-03
  0.3081E-03
  0.3123E-03
  0.2979E-03
  0.3074E-03
  0.2868E-03
  0.2778E-03
  0.3092E-03
  0.2834E-03
  0.2777E-03
  0.2915E-03
  0.2671E-03
  0.3181E-03
  0.3174E-03
  0.3245E-03
  0.3211E-03
  0.3414E-03
  0.3574E-03
  0.3762E-03
  0.3762E-03
  0.3761E-03
  0.3731E-03
  0.3628E-03
  0.3591E-03
  0.3646E-03
  0.3502E-03
  0.3522E-03
  0.3513E-03
  0.3537E-03
  0.3418E-03
  0.3438E-03
  0.3345E-03
  0.3608E-03
  0.3105E-03
  0.3191E-03
  0.3197E-03
  0.2900E-03
  0.2822E-03
  0.2757E-03
  0.2602E-03
  0.2548E-03
  0.2465E-03
  0.2042E-03
  0.1854E-03
  0.1763E-03
  0.1687E-03
  0.1818E-03
  0.1782E-03
  0.1565E-03
  0.1300E-03
  0.1234E-03
  0.1456E-03
  0.1605E-03
  0.1351E-03
  0.1549E-03
  0.1654E-03
  0.1516E-03
  0.1890E-03
  0.1894E-03
  0.1711E-03
  0.1501E-03
  0.1299E-03
  0.1457E-03
  0.1243E-03
  0.1045E-03
  0.1037E-03
  0.8793E-04
  0.1223E-03
  0.1641E-03
  0.1514E-03
  0.1426E-03
  0.1633E-03
  0.1570E-03
  0.1429E-03
  0.1572E-03
  0.1468E-03
  0.1299E-03
  0.1316E-03
  0.1268E-03
  0.1143E-03
  0.1326E-03
  0.1301E-03
  0.1098E-03
  0.1210E-03
  0.1092E-03
  0.1128E-03
  0.1224E-03
  0.1344E-03
  0.1084E-03
  0.1391E-03
  0.1144E-03
  0.1058E-03
  0.1303E-03
  0.1064E-03
  0.1020E-03
  0.1103E-03
  0.9687E-04
  0.8242E-04
  0.7847E-04
  0.7034E-04
  0.6271E-04
  0.6003E-04
  0.5997E-04
  0.5247E-04
  0.5015E-04
  0.5006E-04
  0.5292E-04
  0.6867E-04
  0.1122E-03
  0.9720E-04
  0.9416E-04
  0.8553E-04
  0.7116E-04
  0.7080E-04
  0.7224E-04
  0.6037E-04
  0.5790E-04
  0.6447E-04
  0.6267E-04
  0.5500E-04
  0.7634E-04
  0.8919E-04
  0.7734E-04
  0.7657E-04
  0.6227E-04
  0.6466E-04
  0.6279E-04
  0.5327E-04
  0.5260E-04
  0.5595E-04
  0.5203E-04
  0.4731E-04
  0.6811E-04
  0.7108E-04
  0.8296E-04
  0.8668E-04
  0.8022E-04
  0.7723E-04
  0.7631E-04
  0.8450E-04
  0.1003E-03
  0.8664E-04
  0.1199E-03
  0.1157E-03
  0.1132E-03
  0.1046E-03
  0.9415E-04
  0.1038E-03
  0.9824E-04
  0.9366E-04
  0.9440E-04
  0.1064E-03
  0.9813E-04
  0.8923E-04
  0.1172E-03
  0.1230E-03
  0.1310E-03
  0.1130E-03
  0.1227E-03
  0.1142E-03
  0.1118E-03
  0.1003E-03
  0.1101E-03
  0.1098E-03
  0.1083E-03
  0.9711E-04
  0.1125E-03
  0.1130E-03
  0.1237E-03
  0.1262E-03
  0.1374E-03
  0.1454E-03
  0.1403E-03
  0.1544E-03
  0.1838E-03
  0.1733E-03
  0.1749E-03
  0.1579E-03
  0.1648E-03
  0.1642E-03
  0.1417E-03
  0.1100E-03
  0.1488E-03
  0.1264E-03
  0.1153E-03
  0.1101E-03
  0.1216E-03
  0.1229E-03
  0.1095E-03
  0.1300E-03
  0.1137E-03
  0.1053E-03
  0.1348E-03
  0.1216E-03
  0.1132E-03
  0.9488E-04
  0.7794E-04
  0.9631E-04
  0.7204E-04
  0.7685E-04
  0.9085E-04
  0.8755E-04
  0.8333E-04
  0.8552E-04
  0.7748E-04
  0.8837E-04
  0.8883E-04
  0.1008E-03
  0.9194E-04
  0.7886E-04
  0.1121E-03
  0.1251E-03
  0.1061E-03
  0.1046E-03
  0.1109E-03
  0.8105E-04
  0.7901E-04
  0.8923E-04
  0.9913E-04
  0.9515E-04
  0.7624E-04
  0.7256E-04
  0.8289E-04
  0.5976E-04
  0.9513E-04
  0.1094E-03
  0.8792E-04
  0.1178E-03
  0.1168E-03
  0.8091E-04
  0.1044E-03
  0.8683E-04
  0.9741E-04
  0.1181E-03
  0.9482E-04
  0.1077E-03
  0.1286E-03
  0.1181E-03
  0.9813E-04
  0.1083E-03
  0.6883E-04
  0.1087E-03
  0.1244E-03
  0.1413E-03
  0.1171E-03
  0.1196E-03
  0.1255E-03
  0.1186E-03
  0.6285E-04
  0.6210E-04
  0.1004E-03
  0.7104E-04
  0.7112E-04
  0.1067E-03
  0.9513E-04
  0.8855E-04
  0.8100E-04
  0.5258E-04
  0.5298E-04
  0.6494E-04
  0.4267E-04
  0.3953E-04
  0.4024E-04
  0.2272E-04
  0.6723E-04
  0.8740E-04
  0.4945E-04
  0.7293E-04
  0.6536E-04
  0.5535E-04
  0.5199E-04
  0.6535E-04
  0.5489E-04
  0.7345E-04
  0.5579E-04
  0.5064E-04
  0.5640E-04
  0.5819E-04
  0.5402E-04
  0.6045E-04
  0.6918E-04
  0.4997E-04
  0.8069E-04
  0.5595E-04
  0.6771E-04
  0.6343E-04
  0.4717E-04
  0.4059E-04
  0.4669E-04
  0.5171E-04
  0.6332E-04
  0.5732E-04
  0.4794E-04
  0.4680E-04
  0.5383E-04
  0.4154E-04
  0.4944E-04
  0.1071E-03
  0.1195E-03
  0.9177E-04
  0.1114E-03
  0.1130E-03
  0.8408E-04
  0.1216E-03
  0.1064E-03
  0.9983E-04
  0.1015E-03
  0.8660E-04
  0.6877E-04
  0.7035E-04
  0.6020E-04
  0.6279E-04
  0.6785E-04
  0.5961E-04
  0.5409E-04
  0.6339E-04
  0.6058E-04
  0.5880E-04
  0.5431E-04
  0.4764E-04
  0.4863E-04
  0.2786E-04
  0.4382E-04
  0.4837E-04
  0.5802E-04
  0.5702E-04
  0.5028E-04
  0.6309E-04
  0.4396E-04
  0.3696E-04
  0.6376E-04
  0.8304E-04
  0.9205E-04
  0.6074E-04
  0.8354E-04
  0.5004E-04
  0.7027E-04
  0.7719E-04
  0.8567E-04
  0.5447E-04
  0.7427E-04
  0.8622E-04
  0.6631E-04
  0.7182E-04
  0.4517E-04
  0.5929E-04
  0.4931E-04
  0.6902E-04
  0.8600E-04
  0.6280E-04
  0.3799E-04
  0.5512E-04
  0.4908E-04
  0.4236E-04
  0.5925E-04
  0.6559E-04
  0.6784E-04
  0.7618E-04
  0.4198E-04
  0.4172E-04
  0.5005E-04
  0.5227E-04
  0.5849E-04
  0.4487E-04
  0.6699E-04
  0.6583E-04
  0.5932E-04
  0.7063E-04
  0.5074E-04
  0.3549E-04
  0.5246E-04
  0.4584E-04
  0.4936E-04
  0.2961E-04
  0.4569E-04
  0.6133E-04
  0.5789E-04
  0.6528E-04
  0.6703E-04
  0.4816E-04
  0.4402E-04
  0.5101E-04
  0.3999E-04
  0.4577E-04
  0.2756E-04
  0.4526E-04
  0.3228E-04
  0.1940E-04
  0.3730E-04
  0.5012E-04
  0.4375E-04
  0.2079E-04
  0.4120E-04
  0.2650E-04
  0.3459E-04
  0.3853E-04
  0.4175E-04
  0.1918E-04
  0.3545E-04
  0.4155E-04
  0.2802E-04
  0.2186E-04
  0.1799E-04
  0.3045E-04
  0.2936E-04
  0.4336E-04
  0.5309E-04
  0.3811E-04
  0.3374E-04
  0.4546E-04
  0.3044E-04
  0.2712E-04
  0.4422E-04
  0.3245E-04
  0.1923E-04
  0.2902E-04
  0.3131E-04
  0.2465E-04
  0.1360E-04
  0.1892E-04
  0.1497E-04
  0.1813E-04
  0.9016E-05
  0.1647E-04
  0.1718E-04
  0.6921E-05
  0.1336E-04
  0.2385E-04
  0.2077E-04
  0.1030E-04
  0.9039E-05
  0.2255E-04
  0.2777E-04
  0.1487E-04
  0.9049E-05
  0.5785E-05
  0.3686E-05
  0.1141E-04
  0.1056E-04
  0.1821E-04
  0.3262E-04
  0.8110E-05
  0.1501E-04
  0.2343E-04
  0.1630E-04
  0.2658E-04
  0.2453E-04
  0.1387E-04
  0.1656E-04
  0.1288E-04
  0.1551E-04
  0.2700E-04
  0.2287E-04
  0.1088E-04
  0.2222E-04
  0.1502E-04
  0.1144E-04
  0.9427E-05
  0.2122E-04
  0.2802E-04
  0.1270E-04
  0.1714E-04
  0.1480E-04
  0.2308E-04
  0.1404E-04
  0.1834E-04
  0.1572E-04
  0.2418E-04
  0.2392E-04
  0.1671E-04
  0.1038E-04
  0.1401E-04
  0.1161E-04
  0.1170E-04
  0.1169E-04
  0.1019E-04
  0.1238E-04
  0.1124E-04
  0.6622E-05
  0.1191E-04
  0.1082E-04
  0.2593E-05
  0.7950E-05
  0.1108E-04
  0.1837E-04
  0.2252E-04
  0.1748E-04
  0.1547E-04
  0.1207E-04
  0.1167E-04
  0.1208E-04
  0.1500E-04
  0.9374E-05
  0.8445E-05
  0.4774E-05
  0.5063E-05
  0.2911E-05
  0.9745E-06
  0.2098E-05
  0.1961E-05
  0.3099E-05
  0.5700E-05
  0.3466E-05
  0.2899E-05
  0.2437E-05
  0.1905E-05
  0.5956E-06
  0.1041E-05
  0.2261E-05
  0.1987E-05
  0.2889E-05
  0.5333E-05
  0.5264E-05
  0.1995E-05
  0.3780E-05
  0.1458E-05
  0.2555E-05
  0.3769E-05
  0.1859E-05
  0.2334E-05
  0.2158E-05
  0.1861E-05
  0.3948E-05
  0.4321E-05
  0.2137E-05
  0.1495E-05
  0.9334E-06
  0.2739E-05
  0.3339E-05
  0.3696E-05
  0.3871E-05
  0.2112E-05
  0.2442E-05
  0.2251E-05
  0.2187E-05
  0.8144E-06
  0.1135E-05
  0.2163E-05
  0.4100E-05
  0.6686E-05
  0.4007E-05
  0.6281E-05
  0.1958E-05
  0.3972E-05
  0.4726E-05
  0.2155E-05
  0.7688E-05
  0.6073E-05
  0.4432E-05
  0.4583E-05
  0.4330E-05
  0.2122E-05
  0.2629E-05
  0.1551E-05
  0.3215E-05
  0.2084E-05
  0.7252E-06
  0.6136E-06
  0.1155E-05
  0.8353E-06
  0.5956E-06
  0.1107E-05
  0.1313E-05
  0.1478E-05
  0.4666E-06
  0.7917E-06
  0.2007E-05
  0.2673E-05
  0.1138E-05
  0.1076E-05
  0.4983E-05
  0.4424E-05
  0.2437E-05
  0.5197E-05
  0.1172E-05
  0.2785E-05
  0.1253E-05
  0.2244E-05
  0.2398E-05
  0.1891E-05
  0.4336E-05
  0.3344E-05
  0.4363E-05
  0.2299E-05
  0.2309E-05
  0.1752E-05
  0.1406E-05
  0.1846E-05
  0.3334E-05
  0.1815E-05
  0.1771E-05
  0.1390E-05
  0.3876E-05
  0.2190E-05
  0.1162E-05
  0.1588E-05
  0.1527E-05
  0.1248E-05
  0.8210E-06
  0.7570E-06
  0.1767E-05
  0.1408E-05
  0.5291E-06
  0.1017E-05
  0.7539E-06
  0.8618E-06
  0.4429E-06
  0.4999E-06
  0.1174E-05
  0.1161E-05
  0.1204E-05
  0.9481E-06
  0.1654E-05
  0.2085E-05
  0.9797E-06
  0.2453E-05
  0.2045E-05
  0.9318E-06
  0.2562E-05
  0.4155E-05
  0.1222E-05
  0.1783E-05
  0.1935E-05
  0.1097E-05
  0.4276E-06
  0.1050E-05
  0.1256E-05
  0.5906E-06
  0.1005E-05
  0.1774E-05
  0.1892E-05
  0.1298E-05
  0.7291E-06
  0.4259E-06
  0.9259E-06
  0.4117E-06
  0.1308E-05
  0.8509E-06
  0.1802E-05
  0.1121E-05
  0.2709E-06
  0.8258E-06
  0.9309E-06
  0.4308E-06
  0.5127E-06
  0.6718E-06
  0.6276E-06
  0.9304E-06
  0.7654E-06
  0.6049E-06
  0.3547E-06
  0.2563E-06
  0.3060E-06
  0.6227E-06
  0.6136E-06
  0.1077E-05
  0.1119E-05
  0.1034E-05
  0.6643E-06
  0.1070E-05
  0.6050E-06
  0.1875E-06
  0.9679E-06
  0.8395E-06
  0.5904E-06
  0.8794E-06
  0.6524E-06
  0.1052E-05
  0.3825E-06
  0.5586E-06
  0.1104E-05
  0.6242E-06
  0.7892E-06
  0.6655E-06
  0.6801E-06
  0.4058E-06
  0.3517E-06
  0.4933E-06
  0.7370E-06
  0.3233E-06
  0.4985E-06
  0.4748E-06
  0.9495E-06
  0.4489E-06
  0.6343E-06
  0.8427E-06
  0.5048E-06
  0.8802E-06
  0.6962E-06
  0.4540E-06
  0.5928E-06
  0.5451E-06
  0.4304E-06
  0.4425E-06
  0.6344E-06
  0.2838E-06
  0.3369E-06
  0.5539E-06
  0.9349E-06
  0.4802E-06
  0.1774E-06
  0.1615E-05
  0.8813E-06
  0.6781E-06
  0.9286E-06
  0.7037E-06
  0.6111E-06
  0.3927E-06
  0.4803E-06
  0.5091E-06
  0.5445E-06
  0.2531E-06
  0.2762E-06
  0.5801E-06
  0.4408E-06
  0.5988E-06
  0.2603E-06
  0.3596E-06
  0.5071E-06
  0.2943E-06
  0.1611E-06
  0.2443E-06
  0.3034E-06
  0.2429E-06
  0.2779E-06
  0.2607E-06
  0.2639E-06
  0.2677E-06
  0.2352E-06
  0.1753E-06
  0.2077E-06
  0.1113E-06
  0.3901E-06
  0.1950E-06
  0.1828E-06
  0.2063E-06
  0.2741E-06
  0.2175E-06
  0.1949E-06
  0.1464E-06
  0.2045E-06
  0.2505E-06
  0.6591E-07
  0.1683E-06
  0.2822E-06
  0.7181E-07
  0.1740E-06
  0.3425E-06
  0.2566E-06
  0.3904E-06
  0.1554E-06
  0.2098E-06
  0.1582E-06
  0.2576E-06
  0.1106E-06
  0.7520E-07
  0.3441E-06
  0.2160E-06
  0.2209E-06
  0.2709E-06
  0.2093E-06
  0.8669E-07
  0.7630E-07
  0.1056E-06
  0.2797E-06
  0.1418E-06
  0.7406E-07
  0.8858E-07
  0.1631E-06
  0.1562E-06
  0.1403E-06
  0.1181E-06
  0.1008E-06
  0.8471E-07
  0.1272E-06
  0.1375E-06
  0.1422E-06
  0.9212E-07
  0.8936E-07
  0.5428E-07
  0.1326E-06
  0.8569E-07
  0.5213E-07
  0.7141E-07
  0.7773E-07
  0.1273E-06
  0.8118E-07
  0.4928E-07
  0.6941E-07
  0.8086E-07
  0.6485E-07
  0.8301E-07
  0.1815E-06
  0.2161E-07
  0.7733E-07
  0.6270E-07
  0.5641E-07
  0.4026E-07
  0.3198E-07
  0.6282E-07
  0.6063E-07
  0.3989E-07
  0.5630E-07
  0.5914E-07
  0.3642E-07
  0.4731E-07
  0.3262E-07
  0.5468E-07
  0.6317E-07
  0.5264E-07
  0.4786E-07
  0.1806E-07
  0.4076E-07
  0.1263E-07
  0.1443E-07
  0.3497E-07
  0.4212E-07
  0.4418E-07
  0.4252E-07
  0.2116E-07
  0.4909E-07
  0.3219E-07
  0.2238E-07
  0.3384E-07
  0.4231E-07
  0.2202E-07
  0.4079E-07
  0.3434E-07
  0.1009E-07
  0.2085E-07
  0.2127E-07
  0.4381E-07
  0.3074E-07
  0.2941E-07
  0.2403E-07
  0.1901E-07
  0.2275E-07
  0.1368E-07
  0.1909E-07
  0.3935E-07
  0.4856E-07
  0.3680E-07
  0.2074E-07
  0.1914E-07
  0.2998E-07
  0.2016E-07
  0.1478E-07
  0.2762E-07
  0.1489E-07
  0.2176E-07
  0.3382E-07
  0.1836E-07
  0.2833E-07
  0.2813E-07
  0.2945E-07
  0.1328E-07
  0.2338E-07
  0.1944E-07
  0.2007E-07
  0.2500E-07
  0.2975E-07
  0.3047E-07
  0.1806E-07
  0.1241E-07
  0.1488E-07
  0.1872E-07
  0.1714E-07
  0.1715E-07
  0.1384E-07
  0.2140E-07
  0.3141E-07
  0.1277E-07
  0.1725E-07
  0.2278E-07
  0.1417E-07
  0.1372E-07
  0.1702E-07
  0.1397E-07
  0.1586E-07
  0.1014E-07
  0.1056E-07
  0.6626E-08
  0.1201E-07
  0.8964E-08
  0.1388E-07
  0.8426E-08
  0.1124E-07
  0.8440E-08
  0.5540E-08
  0.6662E-08
  0.3595E-08
  0.4662E-09
  0.1272E-08
  0.3793E-08
  0.5182E-08
  0.7821E-08
  0.1001E-07
  0.6689E-08
  0.7727E-08
  0.1112E-07
  0.7016E-08
  0.8509E-08
  0.1157E-07
  0.1564E-07
  0.9159E-08
  0.7405E-08
  0.7341E-08
  0.7643E-08
  0.9289E-08
  0.8126E-08
  0.6695E-08
  0.9416E-08
  0.6290E-08
  0.6761E-08
  0.7144E-08
  0.7367E-08
  0.5756E-08
  0.6145E-08
  0.3910E-08
  0.5586E-08
  0.1289E-08
  0.5889E-08
  0.6131E-08
  0.5606E-08
  0.3790E-08
  0.3422E-08
  0.6750E-08
  0.2730E-08
  0.3246E-08
  0.2944E-08
  0.7608E-08
  0.8903E-08
  0.4142E-08
  0.1461E-08
  0.4552E-08
  0.4671E-08
  0.5431E-08
  0.3749E-08
  0.1448E-08
  0.3341E-08
  0.1714E-08
  0.5020E-08
  0.4726E-08
  0.2673E-08
  0.3401E-08
  0.4384E-08
  0.3492E-08
  0.3645E-08
  0.3381E-08
  0.2847E-08
  0.1864E-08
  0.3708E-08
  0.1933E-08
  0.3357E-08
  0.2433E-08
  0.3376E-08
  0.4588E-08
  0.2312E-08
  0.2424E-08
  0.9595E-09
  0.6835E-09
  0.2797E-08
  0.1421E-08
  0.2995E-08
  0.1378E-08
  0.4241E-08
  0.2526E-08
  0.1500E-08
  0.2023E-08
  0.2313E-08
  0.1742E-08
  0.9743E-09
  0.1058E-08
  0.4511E-09
  0.1547E-08
  0.2276E-08
  0.2769E-08
  0.1930E-08
  0.1789E-08
  0.3636E-08
  0.2122E-08
  0.1707E-08
  0.7479E-09
  0.2080E-08
  0.1664E-08
  0.5538E-09
  0.1699E-08
  0.7059E-09
  0.1575E-08
  0.8707E-09
  0.1803E-08
  0.1312E-08
  0.9880E-09
  0.1614E-08
  0.1343E-08
  0.1222E-08
  0.3670E-08
  0.6179E-09
  0.2549E-08
  0.5148E-09
  0.3487E-09
  0.1684E-08
  0.1708E-08
  0.1881E-08
  0.1658E-08
  0.1545E-08
  0.2691E-08
  0.1721E-08
  0.2060E-08
  0.8326E-09
  0.1719E-08
  0.1325E-08
  0.1074E-08
  0.1813E-08
  0.7770E-09
  0.1871E-08
  0.1350E-08
  0.7684E-09
  0.4590E-09
  0.2522E-09
  0.3521E-09
  0.1005E-08
  0.6713E-09
  0.1145E-08
  0.3850E-09
  0.6996E-09
  0.1194E-08
  0.5539E-09
  0.8281E-09
  0.8054E-09
  0.1607E-09
  0.8798E-10
  0.7913E-09
  0.3553E-10
  0.1351E-09
  0.2057E-09
  0.2916E-09
  0.6988E-09
  0.3017E-09
  0.4111E-09
  0.8732E-09
  0.8584E-09
  0.7224E-09
  0.4625E-09
  0.1579E-09
  0.5338E-09
  0.1205E-09
  0.3043E-10
  0.8590E-10
  0.2060E-09
  0.5083E-09
  0.4928E-09
  0.6283E-09
  0.5166E-09
  0.6705E-09
  0.8476E-09
  0.1060E-08
  0.3090E-09
  0.3845E-09
  0.9574E-09
  0.6500E-09
  0.2888E-09
  0.6744E-09
  0.6018E-09
  0.8165E-09
  0.5124E-09
  0.3637E-09
  0.3098E-09
  0.1529E-09
  0.2953E-09
  0.3393E-09
  0.1688E-09
  0.2479E-09
  0.3359E-09
  0.1131E-09
  0.8748E-10
  0.2617E-09
  0.2377E-09
  0.1109E-09
  0.1286E-09
  0.2628E-09
  0.1029E-09
  0.2826E-10
  0.1653E-09
  0.1007E-09
  0.1757E-09
  0.1993E-09
  0.2163E-09
  0.1726E-09
  0.2627E-09
  0.5366E-10
  0.8495E-10
  0.6725E-10
  0.9649E-10
  0.8732E-10
  0.6116E-10
  0.3253E-10
  0.3270E-10
  0.6046E-10
  0.6860E-10
  0.2335E-10
  0.2100E-09
  0.2303E-09
  0.3333E-09
  0.2182E-09
  0.3163E-09
  0.1418E-09
  0.1189E-09
  0.5952E-10
  0.2486E-09
  0.7988E-10
  0.1327E-09
  0.4072E-10
  0.5769E-10
  0.8294E-10
  0.1554E-10
  0.8788E-10
  0.6691E-10
  0.2660E-09
  0.1282E-09
  0.2039E-09
  0.2165E-09
  0.1731E-09
  0.1839E-09
  0.2641E-09
  0.1288E-09
  0.1653E-09
  0.9806E-10
  0.1932E-09
  0.1434E-09
  0.6737E-10
  0.7432E-10
  0.3768E-10
  0.1286E-09
  0.3350E-09
  0.1383E-09
  0.1787E-09
  0.7226E-10
  0.4053E-10
  0.5344E-11
  0.3030E-11
  0.6160E-11
  0.7426E-11
  0.8016E-12
  0.2136E-10
  0.1554E-10
  0.1168E-10
  0.1005E-09
  0.5222E-10
  0.7496E-10
  0.1361E-10
  0.1346E-09
  0.1330E-09
  0.1862E-10
  0.4566E-10
  0.4999E-10
  0.4206E-10
  0.7714E-10
  0.1587E-10
  0.5115E-11
  0.1296E-10
  0.1256E-10
  0.2762E-10
  0.8201E-11
  0.2371E-10
  0.1034E-09
  0.2886E-10
  0.2133E-09
  0.3682E-10
  0.5703E-10
  0.4315E-11
  0.4305E-10
  0.4610E-10
  0.2828E-11
  0.2332E-11
  0.5051E-11
  0.2519E-11
  0.1027E-10
  0.4104E-11
  0.7198E-12
  0.6006E-11
  0.8546E-10
  0.4605E-10
  0.1002E-10
  0.2383E-10
  0.4530E-11
  0.5373E-11
  0.5321E-11
  0.9323E-11
  0.2528E-11
  0.4707E-11
  0.3554E-11
  0.1594E-11
  0.9078E-12
  0.3982E-12
  0.4472E-11
  0.1761E-10
  0.4223E-10
  0.5905E-10
  0.2725E-10
  0.7425E-11
  0.2209E-10
  0.1068E-10
  0.8324E-11
  0.8806E-11
  0.3938E-10
  0.1407E-10
  0.1258E-10
  0.2010E-10
  0.2159E-10
  0.1927E-10
  0.8398E-11
  0.3329E-10
  0.1158E-10
  0.3213E-10
  0.2736E-10
  0.6737E-10
  0.1412E-10
  0.2570E-10
  0.1082E-10
  0.2328E-10
  0.4596E-11
  0.9054E-12
  0.6605E-11
  0.1007E-11
  0.9504E-12
  0.1024E-11
  0.2178E-12
  0.5815E-13
  0.6397E-11
  0.3959E-10
  0.5265E-11
  0.1019E-10
  0.1997E-10
  0.1148E-10
  0.4003E-11
  0.7064E-11
  0.5103E-11
  0.1039E-10
  0.2809E-11
  0.2644E-11
  0.8650E-12
  0.5899E-11
  0.7467E-12
  0.2097E-11
  0.2448E-11
  0.3627E-11
  0.1152E-10
  0.2512E-11
  0.2889E-11
  0.9790E-11
  0.9572E-11
  0.2404E-12
  0.2713E-11
  0.5076E-11
  0.4132E-11
  0.1265E-10
  0.1333E-11
  0.6503E-12
  0.7720E-12
  0.4566E-12
  0.2213E-12
  0.1852E-10
  0.1693E-10
  0.1245E-10
  0.1624E-10
  0.1118E-10
  0.1027E-10
  0.7609E-11
  0.3682E-11
  0.1530E-11
  0.1334E-11
  0.4348E-12
  0.2430E-11
  0.4942E-12
  0.1280E-11
  0.2033E-11
  0.3056E-11
  0.8736E-11
  0.5561E-11
  0.4375E-11
  0.2536E-11
  0.9496E-12
  0.2464E-11
  0.1854E-11
  0.1136E-11
  0.5434E-11
  0.3697E-11
  0.2033E-11
  0.1186E-12
  0.9383E-13
  0.4416E-13
  0.1142E-11
  0.1485E-12
  0.1730E-11
  0.3844E-11
  0.1289E-11
  0.1136E-11
  0.7711E-12
  0.2993E-11
  0.5377E-12
  0.7273E-12
  0.1707E-11
  0.2662E-12
  0.8580E-12
  0.1489E-11
  0.3246E-12
  0.5871E-13
  0.9325E-13
  0.1052E-10
  0.2965E-11
  0.1098E-11
  0.7378E-12
  0.8152E-12
  0.1052E-11
  0.2760E-11
  0.2545E-11
  0.3370E-12
  0.1441E-12
  0.1328E-12
  0.4412E-11
  0.6206E-12
  0.1512E-12
  0.2486E-12
  0.2604E-12
  0.2217E-13
  0.8326E-12
  0.2659E-11
  0.2351E-11
  0.3753E-11
  0.1369E-11
  0.2017E-12
  0.5063E-12
  0.7784E-12
  0.1715E-11
  0.8421E-12
  0.1275E-12
  0.5111E-12
  0.6995E-12
  0.2724E-12
  0.1661E-11
  0.2899E-13
  0.6818E-12
  0.4040E-11
  0.4755E-11
  0.2716E-11
  0.1291E-11
  0.7536E-12
  0.5965E-12
  0.6548E-12
  0.8722E-12
  0.3140E-13
  0.7400E-14
  0.1452E-12
  0.2923E-12
  0.2929E-12
  0.1274E-11
  0.6722E-13
  0.2961E-12
  0.3403E-11
  0.4968E-12
  0.7323E-13
  0.1046E-12
  0.1477E-12
  0.1292E-11
  0.2490E-12
  0.4489E-12
  0.4742E-12
  0.3411E-12
  0.1109E-12
  0.5123E-13
  0.3664E-12
  0.2446E-11
  0.1250E-12
  0.7590E-12
  0.3612E-12
  0.4148E-13
  0.1752E-13
  0.1038E-12
  0.2370E-12
  0.3830E-12
  0.2637E-12
  0.1871E-12
  0.2630E-11
  0.5303E-12
  0.6687E-12
  0.3646E-12
  0.9043E-13
  0.7402E-13
  0.2811E-13
  0.8891E-12
  0.7478E-12
  0.2436E-11
  0.3783E-12
  0.4712E-12
  0.2375E-12
  0.2141E-12
  0.7668E-13
  0.2605E-12
  0.3510E-12
  0.1137E-12
  0.7086E-12
  0.6552E-12
  0.7354E-12
  0.1907E-12
  0.1176E-12
  0.5064E-12
  0.2633E-12
  0.2464E-12
  0.1279E-11
  0.3941E-12
  0.1164E-12
  0.1164E-12
  0.3293E-12
  0.2680E-12
  0.3595E-12
  0.4492E-12
  0.2989E-12
  0.1498E-12
  0.1568E-12
  0.5046E-12
  0.1383E-12
  0.1700E-12
  0.1349E-12
  0.8271E-13
  0.6349E-13
  0.8954E-13
  0.5630E-13
  0.9869E-13
  0.9893E-13
  0.1056E-12
  0.1117E-12
  0.3450E-12
  0.2451E-12
  0.3502E-12
  0.1136E-12
  0.2122E-12
  0.3252E-12
  0.2582E-12
  0.2699E-12
  0.1654E-12
  0.1196E-12
  0.7821E-13
  0.1387E-12
  0.1944E-12
  0.5847E-13
  0.1076E-12
  0.1439E-12
  0.1807E-12
  0.1307E-12
  0.1300E-12
  0.1683E-12
  0.4734E-13
  0.1567E-12
  0.1944E-12
  0.1690E-12
  0.8026E-13
  0.1688E-12
  0.2719E-12
  0.2162E-12
  0.7092E-13
  0.9992E-13
  0.4763E-13
  0.4354E-13
  0.1059E-12
  0.9269E-13
  0.6086E-13
  0.1058E-12
  0.1422E-12
  0.1467E-12
  0.7106E-13
  0.1875E-12
  0.5996E-13
  0.4082E-13
  0.1574E-12
  0.1594E-12
  0.1754E-12
  0.6179E-13
  0.1191E-12
  0.2298E-12
  0.1564E-12
  0.5913E-13
  0.1032E-12
  0.9377E-13
  0.1143E-12
  0.2465E-13
  0.1169E-12
  0.1872E-12
  0.6379E-13
  0.7278E-12
