 Upwards broadband flux at each level [W/m2]
      164.9203
      263.5759
      291.1325
      293.5959
      282.6144
      265.1265
      244.9430
      224.8554
      206.2938
      189.6926
      175.2645
      162.0492
      150.0226
      138.8895
      128.3220
      118.5616
      109.4650
      100.9862
       93.1999
       86.0184
       79.1132
       72.5908
       66.4597
       60.7616
       55.4706
       50.7325
       46.6055
       42.9740
       39.9968
       37.6053
       35.9269
       35.2058
       34.8228
       34.5880
       34.4351
       34.3325
       34.2630
       34.2160
       34.1846
       34.1640
       34.1510
       34.1430
       34.1384
       34.1359
       34.1346
       34.1341
       34.1338
       34.1338
       34.1337
       34.1337
       34.1337
