 Longwave optical depth [dimless]
  0.8372E+02
  0.5148E+04
  0.1735E+05
  0.6925E+05
  0.2259E+06
  0.1506E+06
  0.4141E+06
  0.1661E+06
  0.1956E+06
  0.1579E+06
  0.5032E+05
  0.4021E+05
  0.3798E+05
  0.2170E+05
  0.2053E+05
  0.1076E+05
  0.1679E+04
  0.7874E+03
  0.3084E+03
  0.3928E+03
  0.5931E+03
  0.1280E+04
  0.1282E+03
  0.1505E+04
  0.3249E+05
  0.1043E+06
  0.3859E+07
  0.7571E+07
  0.5062E+06
  0.4074E+05
  0.7402E+04
  0.1597E+03
  0.1207E+03
  0.1291E+02
  0.2619E+01
  0.8502E+00
  0.3875E+01
  0.2021E+02
  0.1165E+03
  0.1335E+03
  0.2062E+01
  0.2038E+02
  0.1880E+03
  0.2613E+03
  0.5075E+01
  0.3063E+00
  0.2216E+01
  0.6496E+01
  0.1945E+01
  0.1540E+02
  0.5132E+02
  0.5158E+02
  0.1081E+02
  0.4590E+02
  0.1857E+03
  0.1006E+04
  0.1445E+04
  0.1415E+04
  0.3415E+04
  0.7820E+04
  0.7892E+04
  0.1116E+05
  0.8346E+04
  0.3164E+05
  0.1095E+04
  0.7437E+04
  0.5013E+05
  0.1100E+05
  0.2493E+05
  0.2384E+04
  0.1324E+05
  0.3248E+04
  0.2827E+04
  0.2655E+04
  0.4242E+03
  0.2202E+03
  0.4613E+03
  0.5182E+03
  0.1031E+03
  0.3336E+02
  0.3368E+02
  0.1333E+03
  0.4184E+04
  0.5437E+05
  0.2015E+03
  0.1519E+03
  0.1044E+02
  0.2014E+01
  0.2946E+02
  0.3051E+04
  0.2148E+06
  0.2312E+07
  0.2766E+07
  0.6773E+08
  0.6127E+08
  0.1317E+08
  0.8339E+04
  0.6148E+01
  0.7077E+01
  0.6760E+01
  0.7880E+01
  0.4971E+01
  0.2253E+00
  0.1340E+01
  0.3402E+02
  0.3918E+02
  0.3727E+01
  0.1949E+01
  0.3855E+00
  0.1770E+01
  0.5020E+01
  0.4668E+01
  0.2818E+01
  0.1231E+01
  0.3310E+00
  0.4434E+00
  0.7114E+00
  0.7460E+00
  0.1753E+01
  0.1843E+02
  0.2076E+02
  0.5377E+02
  0.3284E+02
  0.1031E+03
  0.2009E+03
  0.1266E+03
  0.1389E+02
  0.2068E+03
  0.4928E+02
  0.1090E+03
  0.8587E+02
  0.1389E+03
  0.4024E+02
  0.6616E+02
  0.2461E+03
  0.4290E+02
  0.6580E+02
  0.7865E+02
  0.7494E+02
  0.3819E+03
  0.4146E+04
  0.3830E+04
  0.2172E+05
  0.1340E+06
  0.1228E+07
  0.1545E+07
  0.3544E+05
  0.1248E+06
  0.1713E+07
  0.2145E+07
  0.5310E+05
  0.3817E+04
  0.2080E+05
  0.6903E+04
  0.4088E+05
  0.3477E+04
  0.8329E+04
  0.1029E+04
  0.5959E+03
  0.7497E+02
  0.3857E+02
  0.6353E+02
  0.1708E+02
  0.3004E+02
  0.2472E+02
  0.5004E+01
  0.6209E+01
  0.1736E+01
  0.3361E+01
  0.5198E+00
  0.1966E+01
  0.1870E+00
  0.3433E+00
  0.6272E-01
  0.6787E-01
  0.5079E-01
  0.6722E-01
  0.5895E+00
  0.8290E-01
  0.7727E-01
  0.2445E+00
  0.2964E+00
  0.6361E+00
  0.1744E+01
  0.5082E+01
  0.2212E+02
  0.3446E+02
  0.1005E+01
  0.2567E+01
  0.2789E+02
  0.5357E+02
  0.1456E+03
  0.3139E+03
  0.4055E+04
  0.2065E+04
  0.3738E+04
  0.5306E+03
  0.5185E+03
  0.2148E+05
  0.1413E+05
  0.8867E+04
  0.5313E+02
  0.1823E+03
  0.6063E+04
  0.1778E+05
  0.1844E+04
  0.1443E+03
  0.2028E+03
  0.4714E+03
  0.6204E+03
  0.1431E+04
  0.4114E+03
  0.4726E+03
  0.1840E+04
  0.2824E+04
  0.1671E+04
  0.8947E+03
  0.3797E+04
  0.4159E+03
  0.2903E+03
  0.4227E+03
  0.6234E+02
  0.9719E+02
  0.1535E+02
  0.2940E+02
  0.7331E+01
  0.1508E+01
  0.3349E+01
  0.8467E+00
  0.1177E+01
  0.4433E+00
  0.3040E+00
  0.5403E+00
  0.5202E+00
  0.8865E+00
  0.6346E+00
  0.1191E+00
  0.2619E+00
  0.6769E+00
  0.1051E+01
  0.2681E+01
  0.3021E+01
  0.2325E+02
  0.2650E+02
  0.1439E+02
  0.4567E+01
  0.2005E+01
  0.1663E+02
  0.2219E+03
  0.1814E+03
  0.1126E+03
  0.1172E+01
  0.1423E+02
  0.5692E+03
  0.5462E+03
  0.2744E+02
  0.5178E+00
  0.1664E+00
  0.4895E+00
  0.2290E+02
  0.2057E+02
  0.1776E+02
  0.5225E+01
  0.5735E+00
  0.1217E+01
  0.3705E+01
  0.3778E+01
  0.2156E+02
  0.1596E+02
  0.1429E+02
  0.7619E+02
  0.1906E+02
  0.1473E+03
  0.2063E+02
  0.1140E+02
  0.2317E+02
  0.5790E+02
  0.2810E+03
  0.1201E+04
  0.2517E+04
  0.1063E+03
  0.6302E+02
  0.1332E+03
  0.1327E+03
  0.5178E+03
  0.1423E+03
  0.2088E+03
  0.9388E+03
  0.1525E+04
  0.1258E+04
  0.7976E+03
  0.2662E+03
  0.1008E+04
  0.1528E+04
  0.1390E+04
  0.6897E+03
  0.1875E+03
  0.2640E+02
  0.1809E+02
  0.1554E+02
  0.1956E+02
  0.7175E+01
  0.4200E+01
  0.1624E+02
  0.2157E+02
  0.3931E+01
  0.1868E+01
  0.5117E+00
  0.1308E+01
  0.5303E+01
  0.2625E+01
  0.2560E+00
  0.1960E+00
  0.3008E+00
  0.1886E+00
  0.2145E+00
  0.4983E+00
  0.4347E+00
  0.2904E+00
  0.3131E+00
  0.2079E+00
  0.2130E+00
  0.6867E+00
  0.1074E+01
  0.1688E+01
  0.2193E+01
  0.5276E+01
  0.6697E+02
  0.1347E+03
  0.2110E+01
  0.1034E+02
  0.5191E+02
  0.1508E+03
  0.1680E+01
  0.9399E+00
  0.2288E+01
  0.1077E+01
  0.1082E+01
  0.2275E+01
  0.1507E+01
  0.1190E+01
  0.2964E+01
  0.1170E+01
  0.2113E+01
  0.3068E+01
  0.6254E+01
  0.1109E+02
  0.5829E+02
  0.3896E+02
  0.9192E+02
  0.4036E+02
  0.2163E+02
  0.6164E+02
  0.4785E+02
  0.6465E+02
  0.8513E+02
  0.1102E+03
  0.2914E+02
  0.4877E+02
  0.9686E+01
  0.4439E+01
  0.1455E+01
  0.3689E+01
  0.1555E+01
  0.1079E+01
  0.8437E+00
  0.8338E+00
  0.8239E+00
  0.2605E+01
  0.7961E+00
  0.6125E+00
  0.9360E+00
  0.8590E+00
  0.4190E+00
  0.4665E+00
  0.1501E+01
  0.1062E+01
  0.3730E+00
  0.4319E+00
  0.7822E+00
  0.2670E+01
  0.6792E+01
  0.3854E+00
  0.4142E+00
  0.9093E+00
  0.7186E+00
  0.4334E+00
  0.3984E+00
  0.4035E+00
  0.4483E+00
  0.4209E+00
  0.4246E+00
  0.4385E+00
  0.4428E+00
  0.4619E+00
  0.5120E+00
  0.6420E+00
  0.4611E+00
  0.5332E+00
  0.7192E+00
  0.4933E+00
  0.4963E+00
  0.5018E+00
  0.4949E+00
  0.5274E+00
  0.6805E+00
  0.1167E+01
  0.8377E+00
  0.1810E+01
  0.1272E+01
  0.3794E+01
  0.3951E+01
  0.4259E+01
  0.1915E+01
  0.3634E+01
  0.3011E+01
  0.7427E+01
  0.5185E+01
  0.7200E+01
  0.9749E+01
  0.2057E+02
  0.3828E+02
  0.1500E+02
  0.1191E+02
  0.6306E+02
  0.8286E+01
  0.7461E+02
  0.3924E+02
  0.3566E+02
  0.5493E+02
  0.5641E+01
  0.2398E+01
  0.2573E+01
  0.1785E+01
  0.1691E+01
  0.1657E+01
  0.2001E+01
  0.1906E+01
  0.2524E+01
  0.2845E+01
  0.3414E+01
  0.3494E+01
  0.2676E+01
  0.5786E+01
  0.7709E+01
  0.6279E+01
  0.2146E+01
  0.1139E+01
  0.8005E+00
  0.8059E+00
  0.8042E+00
  0.7562E+00
  0.7435E+00
  0.7711E+00
  0.7852E+00
  0.7650E+00
  0.7727E+00
  0.7813E+00
  0.8629E+00
  0.9818E+00
  0.1541E+01
  0.7984E+00
  0.8063E+00
  0.8131E+00
  0.8200E+00
  0.8336E+00
  0.8474E+00
  0.8579E+00
  0.9271E+00
  0.8924E+00
  0.9096E+00
  0.9037E+00
  0.8901E+00
  0.9216E+00
  0.9941E+00
  0.9968E+00
  0.1003E+01
  0.1010E+01
  0.1173E+01
  0.1120E+01
  0.1326E+01
  0.1369E+01
  0.1853E+01
  0.5123E+01
  0.3166E+01
  0.2040E+01
  0.3375E+01
  0.1290E+01
  0.5998E+01
  0.2305E+01
  0.2517E+01
  0.2404E+01
  0.1512E+01
  0.1249E+01
  0.1247E+01
  0.1115E+01
  0.1112E+01
  0.1238E+01
  0.1309E+01
  0.1262E+01
  0.1224E+01
  0.1180E+01
  0.1639E+01
  0.1178E+01
  0.1408E+01
  0.1262E+01
  0.1297E+01
  0.1440E+01
  0.1234E+01
  0.1203E+01
  0.1248E+01
  0.1553E+01
  0.1215E+01
  0.1226E+01
  0.1236E+01
  0.1243E+01
  0.1253E+01
  0.1263E+01
  0.1273E+01
  0.1282E+01
  0.1292E+01
  0.1302E+01
  0.1312E+01
  0.1322E+01
  0.1332E+01
  0.1343E+01
  0.1353E+01
  0.1364E+01
  0.1374E+01
  0.1385E+01
  0.1395E+01
  0.1406E+01
  0.1416E+01
  0.1428E+01
  0.1439E+01
  0.1451E+01
  0.1463E+01
  0.1478E+01
  0.1490E+01
  0.1539E+01
  0.1545E+01
  0.1569E+01
  0.1648E+01
  0.2013E+01
  0.1706E+01
  0.2265E+01
  0.2034E+01
  0.2084E+01
  0.2864E+01
  0.2628E+01
  0.3144E+01
  0.5712E+01
  0.6176E+01
  0.3130E+01
  0.2010E+01
  0.8025E+01
  0.4357E+01
  0.2995E+01
  0.1979E+01
  0.1911E+01
  0.1855E+01
  0.1795E+01
  0.1845E+01
  0.1879E+01
  0.1865E+01
  0.1889E+01
  0.1978E+01
  0.1948E+01
  0.2010E+01
  0.2260E+01
  0.2166E+01
  0.2369E+01
  0.2417E+01
  0.1965E+01
  0.2142E+01
  0.2403E+01
  0.2502E+01
  0.2212E+01
  0.2002E+01
  0.2001E+01
  0.2008E+01
  0.2016E+01
  0.2041E+01
  0.2047E+01
  0.2062E+01
  0.2072E+01
  0.2088E+01
  0.2099E+01
  0.2115E+01
  0.2128E+01
  0.2141E+01
  0.2156E+01
  0.2170E+01
  0.2185E+01
  0.2200E+01
  0.2215E+01
  0.2230E+01
  0.2245E+01
  0.2265E+01
  0.2278E+01
  0.2295E+01
  0.2309E+01
  0.2324E+01
  0.2352E+01
  0.2357E+01
  0.2378E+01
  0.2399E+01
  0.2430E+01
  0.2497E+01
  0.2519E+01
  0.2628E+01
  0.2524E+01
  0.2563E+01
  0.2658E+01
  0.2593E+01
  0.2588E+01
  0.2711E+01
  0.2748E+01
  0.2692E+01
  0.2631E+01
  0.2632E+01
  0.2636E+01
  0.2667E+01
  0.2671E+01
  0.2687E+01
  0.2703E+01
  0.2721E+01
  0.2740E+01
  0.2754E+01
  0.2773E+01
  0.2795E+01
  0.2814E+01
  0.2883E+01
  0.2850E+01
  0.2860E+01
  0.2905E+01
  0.2913E+01
  0.2924E+01
  0.2939E+01
  0.2948E+01
  0.2965E+01
  0.2984E+01
  0.3002E+01
  0.3021E+01
  0.3040E+01
  0.3058E+01
  0.3077E+01
  0.3096E+01
  0.3115E+01
  0.3135E+01
  0.3154E+01
  0.3173E+01
  0.3193E+01
  0.3213E+01
  0.3232E+01
  0.3252E+01
  0.3273E+01
  0.3293E+01
  0.3313E+01
  0.3333E+01
  0.3354E+01
  0.3374E+01
  0.3396E+01
  0.3420E+01
  0.3450E+01
  0.3465E+01
  0.3498E+01
  0.3572E+01
  0.3554E+01
  0.3616E+01
  0.3629E+01
  0.3733E+01
  0.3830E+01
  0.3733E+01
  0.3728E+01
  0.3867E+01
  0.3858E+01
  0.3912E+01
  0.3946E+01
  0.4137E+01
  0.3853E+01
  0.3826E+01
  0.3840E+01
  0.3857E+01
  0.3874E+01
  0.3896E+01
  0.3916E+01
  0.3940E+01
  0.3962E+01
  0.3986E+01
  0.4008E+01
  0.4031E+01
  0.4064E+01
  0.4092E+01
  0.4124E+01
  0.4135E+01
  0.4188E+01
  0.4182E+01
  0.4211E+01
  0.4266E+01
  0.4248E+01
  0.4296E+01
  0.4336E+01
  0.4361E+01
  0.4349E+01
  0.4366E+01
  0.4391E+01
  0.4415E+01
  0.4441E+01
  0.4465E+01
  0.4491E+01
  0.4516E+01
  0.4541E+01
  0.4567E+01
  0.4593E+01
  0.4618E+01
  0.4644E+01
  0.4670E+01
  0.4696E+01
  0.4722E+01
  0.4748E+01
  0.4775E+01
  0.4801E+01
  0.4828E+01
  0.4855E+01
  0.4882E+01
  0.4911E+01
  0.4938E+01
  0.4969E+01
  0.4993E+01
  0.5021E+01
  0.5064E+01
  0.5091E+01
  0.5110E+01
  0.5136E+01
  0.5173E+01
  0.5200E+01
  0.5253E+01
  0.5260E+01
  0.5297E+01
  0.5304E+01
  0.5329E+01
  0.5359E+01
  0.5386E+01
  0.5414E+01
  0.5444E+01
  0.5473E+01
  0.5502E+01
  0.5531E+01
  0.5562E+01
  0.5591E+01
  0.5621E+01
  0.5651E+01
  0.5681E+01
  0.5712E+01
  0.5742E+01
  0.5773E+01
  0.5803E+01
  0.5833E+01
  0.5867E+01
  0.5895E+01
  0.5929E+01
  0.5963E+01
  0.5990E+01
  0.6020E+01
  0.6051E+01
  0.6083E+01
  0.6115E+01
  0.6147E+01
  0.6179E+01
  0.6211E+01
  0.6243E+01
  0.6276E+01
  0.6308E+01
  0.6341E+01
  0.6374E+01
  0.6407E+01
  0.6440E+01
  0.6474E+01
  0.6507E+01
  0.6541E+01
  0.6575E+01
  0.6623E+01
  0.6645E+01
  0.6680E+01
  0.6721E+01
  0.6758E+01
  0.6816E+01
  0.6846E+01
  0.6890E+01
  0.6911E+01
  0.6939E+01
  0.6967E+01
  0.7038E+01
  0.7057E+01
  0.7067E+01
  0.7098E+01
  0.7136E+01
  0.7169E+01
  0.7203E+01
  0.7238E+01
  0.7274E+01
  0.7310E+01
  0.7346E+01
  0.7383E+01
  0.7419E+01
  0.7456E+01
  0.7493E+01
  0.7531E+01
  0.7568E+01
  0.7606E+01
  0.7644E+01
  0.7682E+01
  0.7719E+01
  0.7758E+01
  0.7796E+01
  0.7834E+01
  0.7875E+01
  0.7911E+01
  0.7952E+01
  0.7993E+01
  0.8030E+01
  0.8068E+01
  0.8111E+01
  0.8151E+01
  0.8187E+01
  0.8225E+01
  0.8264E+01
  0.8305E+01
  0.8345E+01
  0.8385E+01
  0.8425E+01
  0.8466E+01
  0.8507E+01
  0.8548E+01
  0.8589E+01
  0.8630E+01
  0.8671E+01
  0.8713E+01
  0.8755E+01
  0.8796E+01
  0.8838E+01
  0.8881E+01
  0.8924E+01
  0.8967E+01
  0.9009E+01
  0.9052E+01
  0.9094E+01
  0.9138E+01
  0.9181E+01
  0.9227E+01
  0.9278E+01
  0.9312E+01
  0.9357E+01
  0.9398E+01
  0.9442E+01
  0.9487E+01
  0.9531E+01
  0.9575E+01
  0.9619E+01
  0.9664E+01
  0.9709E+01
  0.9754E+01
  0.9800E+01
  0.9845E+01
  0.9891E+01
  0.9937E+01
  0.9983E+01
  0.1003E+02
  0.1008E+02
  0.1012E+02
  0.1017E+02
  0.1022E+02
  0.1026E+02
  0.1031E+02
  0.1036E+02
  0.1040E+02
  0.1045E+02
  0.1050E+02
  0.1055E+02
  0.1060E+02
  0.1064E+02
  0.1069E+02
  0.1074E+02
  0.1079E+02
  0.1084E+02
  0.1089E+02
  0.1094E+02
  0.1099E+02
  0.1104E+02
  0.1109E+02
  0.1114E+02
  0.1119E+02
  0.1124E+02
  0.1129E+02
  0.1134E+02
  0.1139E+02
  0.1145E+02
  0.1149E+02
  0.1154E+02
  0.1160E+02
  0.1165E+02
  0.1170E+02
  0.1178E+02
  0.1180E+02
  0.1187E+02
  0.1191E+02
  0.1196E+02
  0.1201E+02
  0.1206E+02
  0.1212E+02
  0.1217E+02
  0.1222E+02
  0.1228E+02
  0.1233E+02
  0.1238E+02
  0.1244E+02
  0.1249E+02
  0.1255E+02
  0.1260E+02
  0.1266E+02
  0.1271E+02
  0.1277E+02
  0.1282E+02
  0.1288E+02
  0.1293E+02
  0.1299E+02
  0.1305E+02
  0.1310E+02
  0.1316E+02
  0.1322E+02
  0.1327E+02
  0.1333E+02
  0.1339E+02
  0.1344E+02
  0.1350E+02
  0.1356E+02
  0.1362E+02
  0.1368E+02
  0.1374E+02
  0.1379E+02
  0.1385E+02
  0.1391E+02
  0.1397E+02
  0.1403E+02
  0.1409E+02
  0.1415E+02
  0.1421E+02
  0.1427E+02
  0.1433E+02
  0.1439E+02
  0.1445E+02
  0.1451E+02
  0.1457E+02
  0.1464E+02
  0.1470E+02
  0.1476E+02
  0.1482E+02
  0.1488E+02
  0.1494E+02
  0.1501E+02
  0.1507E+02
  0.1513E+02
  0.1519E+02
  0.1526E+02
  0.1532E+02
  0.1538E+02
  0.1545E+02
  0.1551E+02
  0.1558E+02
  0.1564E+02
  0.1571E+02
  0.1577E+02
  0.1583E+02
  0.1590E+02
  0.1597E+02
  0.1603E+02
  0.1610E+02
  0.1616E+02
  0.1623E+02
  0.1630E+02
  0.1636E+02
  0.1643E+02
  0.1650E+02
  0.1656E+02
  0.1663E+02
  0.1670E+02
  0.1677E+02
  0.1683E+02
  0.1690E+02
  0.1697E+02
  0.1704E+02
  0.1711E+02
  0.1718E+02
  0.1725E+02
  0.1732E+02
  0.1739E+02
  0.1746E+02
  0.1753E+02
  0.1760E+02
  0.1767E+02
  0.1774E+02
  0.1781E+02
  0.1788E+02
  0.1795E+02
  0.1802E+02
  0.1810E+02
  0.1817E+02
  0.1824E+02
  0.1831E+02
  0.1838E+02
  0.1846E+02
  0.1853E+02
  0.1860E+02
  0.1868E+02
  0.1875E+02
  0.1883E+02
  0.1890E+02
  0.1897E+02
  0.1905E+02
  0.1912E+02
  0.1920E+02
  0.1927E+02
  0.1935E+02
  0.1942E+02
  0.1950E+02
  0.1958E+02
  0.1965E+02
  0.1973E+02
  0.1981E+02
  0.1988E+02
  0.1996E+02
  0.2004E+02
  0.2012E+02
  0.2019E+02
  0.2027E+02
  0.2035E+02
  0.2043E+02
  0.2051E+02
  0.2059E+02
  0.2067E+02
  0.2075E+02
  0.2083E+02
  0.2091E+02
  0.2099E+02
  0.2107E+02
  0.2115E+02
  0.2123E+02
  0.2131E+02
  0.2139E+02
  0.2147E+02
  0.2156E+02
  0.2164E+02
  0.2172E+02
  0.2180E+02
  0.2189E+02
  0.2197E+02
  0.2205E+02
  0.2214E+02
  0.2222E+02
  0.2230E+02
  0.2239E+02
  0.2247E+02
  0.2256E+02
  0.2264E+02
  0.2273E+02
  0.2281E+02
  0.2290E+02
  0.2299E+02
  0.2307E+02
  0.2316E+02
  0.2324E+02
  0.2333E+02
  0.2342E+02
  0.2351E+02
  0.2359E+02
  0.2368E+02
  0.2377E+02
  0.2386E+02
  0.2395E+02
  0.2404E+02
  0.2412E+02
  0.2421E+02
  0.2430E+02
  0.2439E+02
  0.2448E+02
  0.2457E+02
  0.2466E+02
  0.2476E+02
  0.2485E+02
  0.2494E+02
  0.2503E+02
  0.2512E+02
  0.2521E+02
  0.2531E+02
  0.2540E+02
  0.2549E+02
  0.2559E+02
  0.2568E+02
  0.2577E+02
  0.2587E+02
  0.2596E+02
  0.2606E+02
  0.2615E+02
  0.2625E+02
  0.2634E+02
  0.2644E+02
  0.2653E+02
  0.2663E+02
  0.2672E+02
  0.2682E+02
  0.2692E+02
  0.2701E+02
  0.2711E+02
  0.2721E+02
  0.2731E+02
  0.2740E+02
  0.2750E+02
  0.2760E+02
  0.2770E+02
  0.2780E+02
  0.2790E+02
  0.2800E+02
  0.2810E+02
  0.2820E+02
  0.2830E+02
  0.2840E+02
  0.2850E+02
  0.2860E+02
  0.2870E+02
  0.2881E+02
  0.2891E+02
  0.2901E+02
  0.2911E+02
  0.2922E+02
  0.2932E+02
  0.2942E+02
  0.2953E+02
  0.2963E+02
  0.2973E+02
  0.2984E+02
  0.2994E+02
  0.3005E+02
  0.3015E+02
  0.3026E+02
  0.3037E+02
  0.3047E+02
  0.3058E+02
  0.3068E+02
  0.3079E+02
  0.3090E+02
  0.3101E+02
  0.3111E+02
  0.3122E+02
  0.3133E+02
  0.3144E+02
  0.3155E+02
  0.3166E+02
  0.3177E+02
  0.3188E+02
  0.3199E+02
  0.3210E+02
  0.3221E+02
  0.3232E+02
  0.3243E+02
  0.3254E+02
  0.3265E+02
  0.3277E+02
  0.3288E+02
  0.3299E+02
  0.3311E+02
  0.3322E+02
  0.3333E+02
  0.3345E+02
  0.3356E+02
  0.3367E+02
  0.3379E+02
  0.3390E+02
  0.3402E+02
  0.3414E+02
  0.3425E+02
  0.3437E+02
  0.3448E+02
  0.3460E+02
  0.3472E+02
  0.3484E+02
  0.3495E+02
  0.3507E+02
  0.3519E+02
  0.3531E+02
  0.3543E+02
  0.3555E+02
  0.3567E+02
  0.3579E+02
  0.3591E+02
  0.3603E+02
  0.3615E+02
  0.3627E+02
  0.3639E+02
  0.3651E+02
  0.3663E+02
  0.3676E+02
  0.3688E+02
  0.3700E+02
  0.3712E+02
  0.3725E+02
  0.3737E+02
  0.3750E+02
  0.3762E+02
  0.3774E+02
  0.3787E+02
  0.3800E+02
  0.3812E+02
  0.3825E+02
  0.3837E+02
  0.3850E+02
  0.3863E+02
  0.3875E+02
  0.3888E+02
  0.3901E+02
  0.3914E+02
  0.3927E+02
  0.3939E+02
  0.3952E+02
  0.3965E+02
  0.3978E+02
  0.3991E+02
  0.4004E+02
  0.4017E+02
  0.4030E+02
  0.4044E+02
  0.4057E+02
  0.4070E+02
  0.4083E+02
  0.4096E+02
  0.4110E+02
  0.4123E+02
  0.4136E+02
  0.4150E+02
  0.4163E+02
  0.4177E+02
  0.4190E+02
  0.4204E+02
  0.4217E+02
  0.4231E+02
  0.4245E+02
  0.4258E+02
  0.4272E+02
  0.4286E+02
  0.4299E+02
  0.4313E+02
  0.4327E+02
  0.4341E+02
  0.4355E+02
  0.4369E+02
  0.4383E+02
  0.4396E+02
  0.4411E+02
  0.4425E+02
  0.4439E+02
  0.4453E+02
  0.4467E+02
  0.4481E+02
  0.4495E+02
  0.4510E+02
  0.4524E+02
  0.4538E+02
  0.4553E+02
  0.4567E+02
  0.4581E+02
  0.4596E+02
  0.4610E+02
  0.4625E+02
  0.4639E+02
  0.4654E+02
  0.4669E+02
  0.4683E+02
  0.4698E+02
  0.4713E+02
  0.4728E+02
  0.4742E+02
  0.4757E+02
  0.4772E+02
  0.4787E+02
  0.4802E+02
  0.4817E+02
  0.4832E+02
  0.4847E+02
  0.4862E+02
  0.4877E+02
  0.4892E+02
  0.4907E+02
  0.4923E+02
  0.4938E+02
  0.4953E+02
  0.4969E+02
  0.4984E+02
  0.4999E+02
  0.5015E+02
  0.5030E+02
  0.5046E+02
  0.5061E+02
  0.5077E+02
  0.5092E+02
  0.5108E+02
  0.5124E+02
  0.5139E+02
  0.5155E+02
  0.5171E+02
  0.5187E+02
  0.5203E+02
  0.5219E+02
  0.5235E+02
  0.5251E+02
  0.5267E+02
  0.5283E+02
  0.5299E+02
  0.5315E+02
  0.5331E+02
  0.5347E+02
  0.5363E+02
  0.5380E+02
  0.5396E+02
  0.5412E+02
  0.5429E+02
  0.5445E+02
  0.5462E+02
  0.5478E+02
  0.5495E+02
  0.5511E+02
  0.5528E+02
  0.5544E+02
  0.5561E+02
  0.5578E+02
  0.5595E+02
  0.5611E+02
  0.5628E+02
  0.5645E+02
  0.5662E+02
  0.5679E+02
  0.5696E+02
  0.5713E+02
  0.5730E+02
  0.5747E+02
  0.5764E+02
  0.5781E+02
  0.5799E+02
  0.5816E+02
  0.5833E+02
  0.5850E+02
  0.5868E+02
  0.5885E+02
  0.5903E+02
  0.5920E+02
  0.5938E+02
  0.5955E+02
  0.5973E+02
  0.5991E+02
  0.6008E+02
  0.6026E+02
  0.6044E+02
  0.6061E+02
  0.6079E+02
  0.6097E+02
  0.6115E+02
  0.6133E+02
  0.6151E+02
  0.6169E+02
  0.6187E+02
  0.6205E+02
  0.6223E+02
  0.6242E+02
  0.6260E+02
  0.6278E+02
  0.6296E+02
  0.6315E+02
  0.6333E+02
  0.6352E+02
  0.6370E+02
  0.6389E+02
  0.6407E+02
  0.6426E+02
  0.6444E+02
  0.6463E+02
  0.6482E+02
  0.6500E+02
  0.6519E+02
  0.6538E+02
  0.6557E+02
  0.6576E+02
  0.6595E+02
  0.6614E+02
  0.6633E+02
  0.6652E+02
  0.6671E+02
  0.6690E+02
  0.6709E+02
  0.6729E+02
  0.6748E+02
  0.6767E+02
  0.6787E+02
  0.6806E+02
  0.6826E+02
  0.6845E+02
  0.6865E+02
  0.6884E+02
  0.6904E+02
  0.6923E+02
  0.6943E+02
  0.6963E+02
  0.6983E+02
  0.7002E+02
  0.7022E+02
  0.7042E+02
  0.7062E+02
  0.7082E+02
  0.7102E+02
  0.7122E+02
  0.7142E+02
  0.7163E+02
  0.7183E+02
  0.7203E+02
  0.7223E+02
  0.7244E+02
  0.7264E+02
  0.7285E+02
  0.7305E+02
  0.7326E+02
  0.7346E+02
  0.7367E+02
  0.7387E+02
  0.7408E+02
  0.7429E+02
  0.7449E+02
  0.7470E+02
  0.7491E+02
  0.7512E+02
  0.7533E+02
  0.7554E+02
  0.7575E+02
  0.7596E+02
  0.7617E+02
  0.7638E+02
  0.7660E+02
  0.7681E+02
  0.7702E+02
  0.7723E+02
  0.7745E+02
  0.7766E+02
  0.7788E+02
  0.7809E+02
  0.7831E+02
  0.7852E+02
  0.7874E+02
  0.7896E+02
  0.7918E+02
  0.7939E+02
  0.7961E+02
  0.7983E+02
  0.8005E+02
  0.8027E+02
  0.8049E+02
  0.8071E+02
  0.8093E+02
  0.8115E+02
  0.8137E+02
  0.8160E+02
  0.8182E+02
  0.8204E+02
  0.8227E+02
  0.8249E+02
  0.8272E+02
  0.8294E+02
  0.8317E+02
  0.8339E+02
  0.8362E+02
  0.8385E+02
  0.8407E+02
  0.8430E+02
  0.8453E+02
  0.8476E+02
  0.8499E+02
  0.8522E+02
  0.8545E+02
  0.8568E+02
  0.8591E+02
  0.8614E+02
  0.8637E+02
  0.8661E+02
  0.8684E+02
  0.8707E+02
  0.8731E+02
  0.8754E+02
  0.8778E+02
  0.8801E+02
  0.8825E+02
  0.8848E+02
  0.8872E+02
  0.8896E+02
  0.8920E+02
  0.8943E+02
  0.8967E+02
  0.8991E+02
  0.9015E+02
  0.9039E+02
  0.9063E+02
  0.9087E+02
  0.9112E+02
  0.9136E+02
  0.9160E+02
  0.9184E+02
  0.9209E+02
  0.9233E+02
  0.9258E+02
  0.9282E+02
  0.9307E+02
  0.9331E+02
  0.9356E+02
  0.9380E+02
  0.9405E+02
  0.9430E+02
  0.9455E+02
  0.9480E+02
  0.9505E+02
  0.9530E+02
  0.9555E+02
  0.9580E+02
  0.9605E+02
  0.9630E+02
  0.9655E+02
  0.9681E+02
  0.9706E+02
  0.9731E+02
  0.9757E+02
  0.9782E+02
  0.9808E+02
  0.9833E+02
  0.9859E+02
  0.9885E+02
  0.9910E+02
  0.9936E+02
  0.9962E+02
  0.9988E+02
  0.1001E+03
  0.1004E+03
  0.1007E+03
  0.1009E+03
  0.1012E+03
  0.1014E+03
  0.1017E+03
  0.1020E+03
  0.1022E+03
  0.1025E+03
  0.1028E+03
  0.1030E+03
  0.1033E+03
  0.1036E+03
  0.1038E+03
  0.1041E+03
  0.1044E+03
  0.1046E+03
  0.1049E+03
  0.1052E+03
  0.1054E+03
  0.1057E+03
  0.1060E+03
  0.1062E+03
  0.1065E+03
  0.1068E+03
  0.1071E+03
  0.1073E+03
  0.1076E+03
  0.1079E+03
  0.1082E+03
  0.1084E+03
  0.1087E+03
  0.1090E+03
  0.1093E+03
  0.1095E+03
  0.1098E+03
  0.1101E+03
  0.1104E+03
  0.1107E+03
  0.1109E+03
  0.1112E+03
  0.1115E+03
  0.1118E+03
  0.1121E+03
  0.1123E+03
  0.1126E+03
  0.1129E+03
  0.1132E+03
  0.1135E+03
  0.1138E+03
  0.1140E+03
  0.1143E+03
  0.1146E+03
  0.1149E+03
  0.1152E+03
  0.1155E+03
  0.1158E+03
  0.1161E+03
  0.1164E+03
  0.1166E+03
  0.1169E+03
  0.1172E+03
  0.1175E+03
  0.1178E+03
  0.1181E+03
  0.1184E+03
  0.1187E+03
  0.1190E+03
  0.1193E+03
  0.1196E+03
  0.1199E+03
  0.1202E+03
  0.1205E+03
  0.1208E+03
  0.1211E+03
  0.1214E+03
  0.1217E+03
  0.1220E+03
  0.1223E+03
  0.1226E+03
  0.1229E+03
  0.1232E+03
  0.1235E+03
  0.1238E+03
  0.1241E+03
  0.1244E+03
  0.1247E+03
  0.1250E+03
  0.1253E+03
  0.1256E+03
  0.1259E+03
  0.1262E+03
  0.1266E+03
  0.1269E+03
  0.1272E+03
  0.1275E+03
  0.1278E+03
  0.1281E+03
  0.1284E+03
  0.1287E+03
  0.1290E+03
  0.1294E+03
  0.1297E+03
  0.1300E+03
  0.1303E+03
  0.1306E+03
  0.1309E+03
  0.1313E+03
  0.1316E+03
  0.1319E+03
  0.1322E+03
  0.1325E+03
  0.1329E+03
  0.1332E+03
  0.1335E+03
  0.1338E+03
  0.1341E+03
  0.1345E+03
  0.1348E+03
  0.1351E+03
  0.1354E+03
  0.1358E+03
  0.1361E+03
  0.1364E+03
  0.1367E+03
  0.1371E+03
  0.1374E+03
  0.1377E+03
  0.1381E+03
  0.1384E+03
  0.1387E+03
  0.1391E+03
  0.1394E+03
  0.1397E+03
  0.1401E+03
  0.1404E+03
  0.1407E+03
  0.1411E+03
  0.1414E+03
  0.1417E+03
  0.1421E+03
  0.1424E+03
  0.1427E+03
  0.1431E+03
  0.1434E+03
  0.1438E+03
  0.1441E+03
  0.1444E+03
  0.1448E+03
  0.1451E+03
  0.1455E+03
  0.1458E+03
  0.1462E+03
  0.1465E+03
  0.1469E+03
  0.1472E+03
  0.1475E+03
  0.1479E+03
  0.1482E+03
  0.1486E+03
  0.1489E+03
  0.1493E+03
  0.1496E+03
  0.1500E+03
  0.1503E+03
  0.1507E+03
  0.1510E+03
  0.1514E+03
  0.1518E+03
  0.1521E+03
  0.1525E+03
  0.1528E+03
  0.1532E+03
  0.1535E+03
  0.1539E+03
  0.1543E+03
  0.1546E+03
  0.1550E+03
  0.1553E+03
  0.1557E+03
  0.1561E+03
  0.1564E+03
  0.1568E+03
  0.1571E+03
  0.1575E+03
  0.1579E+03
  0.1582E+03
  0.1586E+03
  0.1590E+03
  0.1593E+03
  0.1597E+03
  0.1601E+03
  0.1604E+03
  0.1608E+03
  0.1612E+03
  0.1616E+03
  0.1619E+03
  0.1623E+03
  0.1627E+03
  0.1631E+03
  0.1634E+03
  0.1638E+03
  0.1642E+03
  0.1646E+03
  0.1649E+03
  0.1653E+03
  0.1657E+03
  0.1661E+03
  0.1664E+03
  0.1668E+03
  0.1672E+03
  0.1676E+03
  0.1680E+03
  0.1684E+03
  0.1687E+03
  0.1691E+03
  0.1695E+03
  0.1699E+03
  0.1703E+03
  0.1707E+03
  0.1711E+03
  0.1714E+03
  0.1718E+03
  0.1722E+03
  0.1726E+03
  0.1730E+03
  0.1734E+03
  0.1738E+03
  0.1742E+03
  0.1746E+03
  0.1750E+03
  0.1754E+03
  0.1758E+03
  0.1761E+03
  0.1765E+03
  0.1769E+03
  0.1773E+03
  0.1777E+03
  0.1781E+03
  0.1785E+03
  0.1789E+03
  0.1793E+03
  0.1797E+03
  0.1801E+03
  0.1806E+03
  0.1810E+03
  0.1814E+03
  0.1818E+03
  0.1822E+03
  0.1826E+03
  0.1830E+03
  0.1834E+03
  0.1838E+03
  0.1842E+03
  0.1846E+03
  0.1850E+03
  0.1854E+03
  0.1859E+03
  0.1863E+03
  0.1867E+03
  0.1871E+03
  0.1875E+03
  0.1879E+03
  0.1883E+03
  0.1888E+03
  0.1892E+03
  0.1896E+03
  0.1900E+03
  0.1904E+03
  0.1909E+03
  0.1913E+03
  0.1917E+03
  0.1921E+03
  0.1926E+03
  0.1930E+03
  0.1934E+03
  0.1938E+03
  0.1943E+03
  0.1947E+03
  0.1951E+03
  0.1955E+03
  0.1960E+03
  0.1964E+03
  0.1968E+03
  0.1973E+03
  0.1977E+03
  0.1981E+03
  0.1986E+03
  0.1990E+03
  0.1994E+03
  0.1999E+03
  0.2003E+03
  0.2007E+03
  0.2012E+03
  0.2016E+03
  0.2020E+03
  0.2025E+03
  0.2029E+03
  0.2034E+03
  0.2038E+03
  0.2043E+03
  0.2047E+03
  0.2051E+03
  0.2056E+03
  0.2060E+03
  0.2065E+03
  0.2069E+03
  0.2074E+03
  0.2078E+03
  0.2083E+03
  0.2087E+03
  0.2092E+03
  0.2096E+03
  0.2101E+03
  0.2105E+03
  0.2110E+03
  0.2114E+03
  0.2119E+03
  0.2123E+03
  0.2128E+03
  0.2133E+03
  0.2137E+03
  0.2142E+03
  0.2146E+03
  0.2151E+03
  0.2156E+03
  0.2160E+03
  0.2165E+03
  0.2169E+03
  0.2174E+03
  0.2179E+03
  0.2183E+03
  0.2188E+03
  0.2193E+03
  0.2197E+03
  0.2202E+03
  0.2207E+03
  0.2211E+03
  0.2216E+03
  0.2221E+03
  0.2226E+03
  0.2230E+03
  0.2235E+03
  0.2240E+03
  0.2245E+03
  0.2249E+03
  0.2254E+03
  0.2259E+03
  0.2264E+03
  0.2268E+03
  0.2273E+03
  0.2278E+03
  0.2283E+03
  0.2288E+03
  0.2293E+03
  0.2297E+03
  0.2302E+03
  0.2307E+03
  0.2312E+03
  0.2317E+03
  0.2322E+03
  0.2327E+03
  0.2331E+03
  0.2336E+03
  0.2341E+03
  0.2346E+03
  0.2351E+03
  0.2356E+03
  0.2361E+03
  0.2366E+03
  0.2371E+03
  0.2376E+03
  0.2381E+03
  0.2386E+03
  0.2391E+03
  0.2396E+03
  0.2401E+03
  0.2406E+03
  0.2411E+03
  0.2416E+03
  0.2421E+03
  0.2426E+03
  0.2431E+03
  0.2436E+03
  0.2441E+03
  0.2446E+03
  0.2451E+03
  0.2456E+03
  0.2461E+03
  0.2466E+03
  0.2471E+03
  0.2477E+03
  0.2482E+03
  0.2487E+03
  0.2492E+03
  0.2497E+03
  0.2502E+03
  0.2507E+03
  0.2513E+03
  0.2518E+03
  0.2523E+03
  0.2528E+03
  0.2533E+03
  0.2539E+03
  0.2544E+03
  0.2549E+03
  0.2554E+03
  0.2560E+03
  0.2565E+03
  0.2570E+03
  0.2575E+03
  0.2581E+03
  0.2586E+03
  0.2591E+03
  0.2596E+03
  0.2602E+03
  0.2607E+03
  0.2612E+03
  0.2618E+03
  0.2623E+03
  0.2628E+03
  0.2634E+03
  0.2639E+03
  0.2645E+03
  0.2650E+03
  0.2655E+03
  0.2661E+03
  0.2666E+03
  0.2672E+03
  0.2677E+03
  0.2682E+03
  0.2688E+03
  0.2693E+03
  0.2699E+03
  0.2704E+03
  0.2710E+03
  0.2715E+03
  0.2721E+03
  0.2726E+03
  0.2732E+03
  0.2737E+03
  0.2743E+03
  0.2748E+03
  0.2754E+03
  0.2759E+03
  0.2765E+03
  0.2770E+03
  0.2776E+03
  0.2782E+03
  0.2787E+03
  0.2793E+03
  0.2798E+03
  0.2804E+03
  0.2810E+03
  0.2815E+03
  0.2821E+03
