 Rayleigh Transmission
                          0.1000000000000000E+01
                          0.9999999999999967E+00
                          0.9999999999999977E+00
                          0.9999999999999777E+00
                          0.9999999999999337E+00
                          0.9999999999999661E+00
                          0.9999999999998069E+00
                          0.9999999999999221E+00
                          0.9999999999999818E+00
                          0.9999999999998662E+00
                          0.9999999999999843E+00
                          0.9999999999973224E+00
                          0.9999999999912241E+00
                          0.9999999999999623E+00
                          0.9999999999999494E+00
                          0.9999999999999314E+00
                          0.9999999999999142E+00
                          0.9999999999998895E+00
                          0.9999999999998600E+00
                          0.9999999999959301E+00
                          0.9999999999988581E+00
                          0.9999999999958710E+00
                          0.9999999999499094E+00
                          0.9999999985981463E+00
                          0.9999999237183991E+00
                          0.9999997766530078E+00
                          0.9999828621995233E+00
                          0.9998944900020116E+00
                          0.9999993563090451E+00
                          0.9999998970810893E+00
                          0.9999998221730969E+00
                          0.9999999999939390E+00
                          0.9999999999529545E+00
                          0.9999999999980689E+00
                          0.9999999999612080E+00
                          0.9999999999980043E+00
                          0.9999999999977360E+00
                          0.9999999999973131E+00
                          0.9999999999757613E+00
                          0.9999999999917142E+00
                          0.9999999999966155E+00
                          0.9999999999960781E+00
                          0.9999999999852534E+00
                          0.9999999999779348E+00
                          0.9999999999950965E+00
                          0.9999999999946676E+00
                          0.9999999999941780E+00
                          0.9999999999936555E+00
                          0.9999999999930699E+00
                          0.9999999999811051E+00
                          0.9999999993285352E+00
                          0.9999999995956576E+00
                          0.9999985438566401E+00
                          0.9999999999576417E+00
                          0.9999999996123446E+00
                          0.9999999962307784E+00
                          0.9999999999609562E+00
                          0.9999999999862612E+00
                          0.9999999999852959E+00
                          0.9999999999842556E+00
                          0.9999999999831612E+00
                          0.9999999999820114E+00
                          0.9999999999808022E+00
                          0.9999999999795116E+00
                          0.9999999999782060E+00
                          0.9999999999768111E+00
                          0.9999999999753258E+00
                          0.9999999999736907E+00
                          0.9999999999722264E+00
                          0.9999999999705599E+00
                          0.9999999999688171E+00
                          0.9999999999669976E+00
                          0.9999999999647686E+00
                          0.9999999979438289E+00
                          0.9999999999390674E+00
                          0.9999996499390910E+00
                          0.9989879322740062E+00
                          0.9999999978661459E+00
                          0.9999999997104672E+00
                          0.9999999999288310E+00
                          0.9999999999066916E+00
                          0.9999999158663309E+00
                          0.9999998994317802E+00
                          0.9999679213969586E+00
                          0.9999558447491821E+00
                          0.9999999998513063E+00
                          0.9999999999275978E+00
                          0.9999999999254813E+00
                          0.9999999999206253E+00
                          0.9999999988184860E+00
                          0.9999995011185949E+00
                          0.9926771679715809E+00
                          0.9050156171331478E+00
                          0.9993535698042834E+00
                          0.9988395511211910E+00
                          0.9999808867456038E+00
                          0.9999999982216191E+00
                          0.9999999998841329E+00
                          0.9999999998785359E+00
                          0.9999999992507840E+00
                          0.9999999967407717E+00
                          0.9999999998109330E+00
                          0.9999999998362084E+00
                          0.9999983396236154E+00
                          0.9999999985666266E+00
                          0.9999999978359860E+00
                          0.9999999998009796E+00
                          0.9999999998296899E+00
                          0.9999999998227997E+00
                          0.9999999998118871E+00
                          0.9999999997563706E+00
                          0.9999999997873563E+00
                          0.9999999997951344E+00
                          0.9999999997883559E+00
                          0.9999999997808431E+00
                          0.9999999997730499E+00
                          0.9999999997650372E+00
                          0.9999999997568553E+00
                          0.9999999997480922E+00
                          0.9999999993891552E+00
                          0.9999999262126650E+00
                          0.9999999997115508E+00
                          0.9999999997125579E+00
                          0.9999999997002601E+00
                          0.9999999996930384E+00
                          0.9999999601275742E+00
                          0.9999999996632036E+00
                          0.9999999996602283E+00
                          0.9999999996147756E+00
                          0.9999999996405873E+00
                          0.9999999996291785E+00
                          0.9999999996139541E+00
                          0.9999999995786113E+00
                          0.9999995752424543E+00
                          0.9999999339696617E+00
                          0.9999999995581006E+00
                          0.9999999995551754E+00
                          0.9999999888413554E+00
                          0.9999999994656144E+00
                          0.9999999988739849E+00
                          0.9999999778963153E+00
                          0.9999999048489706E+00
                          0.9998400240623749E+00
                          0.9999995627021336E+00
                          0.9999874335304993E+00
                          0.9999777331452453E+00
                          0.9999998581878996E+00
                          0.9988669209380239E+00
                          0.9999872011576039E+00
                          0.9999326465519257E+00
                          0.9999999816377089E+00
                          0.9999999992894699E+00
                          0.9999999992053833E+00
                          0.9999999992543294E+00
                          0.9999995698719518E+00
                          0.9999999992395087E+00
                          0.9999999992285342E+00
                          0.9999999992115287E+00
                          0.9999999991913574E+00
                          0.9999999991214847E+00
                          0.9999997901486551E+00
                          0.9999999987948696E+00
                          0.9999999991066471E+00
                          0.9999999990844008E+00
                          0.9999999990617328E+00
                          0.9999999990386358E+00
                          0.9999943048118608E+00
                          0.9999999989904557E+00
                          0.9999999989657981E+00
                          0.9999999989419964E+00
                          0.9999999989167452E+00
                          0.9999999988910376E+00
                          0.9999999988648738E+00
                          0.9999999988381554E+00
                          0.9999999988110303E+00
                          0.9999999985892336E+00
                          0.9999999987553948E+00
                          0.9999412577462737E+00
                          0.9999999986953801E+00
                          0.9999999975718921E+00
                          0.9999999985516569E+00
                          0.9999999986034865E+00
                          0.9999999985717257E+00
                          0.9999998749445590E+00
                          0.9999999984857272E+00
                          0.9999999967783373E+00
                          0.9985984755603379E+00
                          0.9999999977580972E+00
                          0.9999999983709420E+00
                          0.9999999977371559E+00
                          0.9999999965417454E+00
                          0.9999999943420894E+00
                          0.9999999966901761E+00
                          0.9999998559059974E+00
                          0.9999999891462494E+00
                          0.9999997166965493E+00
                          0.9999999258375785E+00
                          0.9995639021983413E+00
                          0.9999996503465908E+00
                          0.9999997441700245E+00
                          0.9999991494419235E+00
                          0.9999999975773406E+00
                          0.9999999972707678E+00
                          0.9999999810347237E+00
                          0.9999853788514018E+00
                          0.9999999868839501E+00
                          0.9999999976579064E+00
                          0.9999999976163958E+00
                          0.9999999975629575E+00
                          0.9999999974918220E+00
                          0.9999999974279360E+00
                          0.9999999974109419E+00
                          0.9999999966265390E+00
                          0.9999999961607339E+00
                          0.9999999972752852E+00
                          0.9999999972287803E+00
                          0.9999999971703724E+00
                          0.9999999971246356E+00
                          0.9999999970713274E+00
                          0.9999999970172296E+00
                          0.9999999969623835E+00
                          0.9999999969067861E+00
                          0.9999999968504316E+00
                          0.9999999967932964E+00
                          0.9999999967354061E+00
                          0.9999999966767340E+00
                          0.9999999966156808E+00
                          0.9999999965076259E+00
                          0.9999999964958897E+00
                          0.9999999964339958E+00
                          0.9999999963713875E+00
                          0.9999999963026688E+00
                          0.9999999962429341E+00
                          0.9999999961328702E+00
                          0.9999999961085271E+00
                          0.9999999786728677E+00
                          0.9999999959765586E+00
                          0.9999999959046736E+00
                          0.9999999220022897E+00
                          0.9999999920161216E+00
                          0.9999999956899607E+00
                          0.9999996452023582E+00
                          0.9999999954968271E+00
                          0.9999999949382635E+00
                          0.9999999953510427E+00
                          0.9999999952760547E+00
                          0.9999999947370641E+00
                          0.9999998416863561E+00
                          0.9999999943785371E+00
                          0.9999999927501899E+00
                          0.9999999939831896E+00
                          0.9999999947236315E+00
                          0.9999999946887739E+00
                          0.9999987346783895E+00
                          0.9999999897935653E+00
                          0.9999999944847012E+00
                          0.9999999944276187E+00
                          0.9999999943434996E+00
                          0.9999999941006538E+00
                          0.9999999940449295E+00
                          0.9999999937964880E+00
                          0.9999999938506209E+00
                          0.9999999938603720E+00
                          0.9999999937950929E+00
                          0.9999999936937382E+00
                          0.9999999936057949E+00
                          0.9999999923084355E+00
                          0.9999999913938067E+00
                          0.9999999805519136E+00
                          0.9999999932039486E+00
                          0.9999999922062645E+00
                          0.9999999929695507E+00
                          0.9999999929018709E+00
                          0.9999999927983461E+00
                          0.9999999750666799E+00
                          0.9999999912848351E+00
                          0.9999999922985970E+00
                          0.9999999898808226E+00
                          0.9999999840515086E+00
                          0.9999999734088234E+00
                          0.9999999919913408E+00
                          0.9999999919164929E+00
                          0.9999999918008133E+00
                          0.9999999916839056E+00
                          0.9999999915657806E+00
                          0.9999999914162122E+00
                          0.9999999913256543E+00
                          0.9999998843505976E+00
                          0.9999999910804034E+00
                          0.9999999909559382E+00
                          0.9999999908300923E+00
                          0.9999999906933215E+00
                          0.9999999261902008E+00
                          0.9999999904279621E+00
                          0.9999999903109237E+00
                          0.9999999901811016E+00
                          0.9999999896486903E+00
                          0.9999999899111159E+00
                          0.9999999897351104E+00
                          0.9999999895887332E+00
                          0.9999999894983398E+00
                          0.9999999893576754E+00
                          0.9999999892151956E+00
                          0.9999999889869289E+00
                          0.9999999887560912E+00
                          0.9999999887677316E+00
                          0.9999999884551718E+00
                          0.9999999884837973E+00
                          0.9999999883309126E+00
                          0.9999999856072131E+00
                          0.9999999879899247E+00
                          0.9999999878717759E+00
                          0.9999999877152060E+00
                          0.9999999875569721E+00
                          0.9999999873968800E+00
                          0.9999999872352040E+00
                          0.9999999870676212E+00
                          0.9999999868640491E+00
                          0.9999999867193392E+00
                          0.9999999865723186E+00
                          0.9999999863769556E+00
                          0.9999999862350357E+00
                          0.9999999860308146E+00
                          0.9999999774574894E+00
                          0.9999999848579868E+00
                          0.9999999758191130E+00
                          0.9999999853532148E+00
                          0.9999999810274675E+00
                          0.9988103715949783E+00
                          0.9999999847724304E+00
                          0.9999999846177590E+00
                          0.9999999842073213E+00
                          0.9999999822199455E+00
                          0.9999999840586007E+00
                          0.9999999838667862E+00
                          0.9999999836727564E+00
                          0.9999999834769541E+00
                          0.9999999832793971E+00
                          0.9999999830800640E+00
                          0.9999999828778046E+00
                          0.9999999826760714E+00
                          0.9999999824713450E+00
                          0.9999999822648759E+00
                          0.9999999820553671E+00
                          0.9999999818464350E+00
                          0.9999999816344479E+00
                          0.9999999814196209E+00
                          0.9999999628464031E+00
                          0.9999999809856730E+00
                          0.9999999807678858E+00
                          0.9999999805465324E+00
                          0.9999999803232416E+00
                          0.9999999800978829E+00
                          0.9999999794355616E+00
                          0.9999999796403237E+00
                          0.9999999794109939E+00
                          0.9999999791780538E+00
                          0.9999999789202940E+00
                          0.9999997292419168E+00
                          0.9999999784665228E+00
                          0.9999999782264537E+00
                          0.9999999779835390E+00
                          0.9999999750603311E+00
                          0.9999999774916238E+00
                          0.9999999772425988E+00
                          0.9999999769913875E+00
                          0.9999999767382349E+00
                          0.9999999764831157E+00
                          0.9999999762257787E+00
                          0.9999999759663390E+00
                          0.9999999742513186E+00
                          0.9999999754409092E+00
                          0.9999999751747677E+00
                          0.9999999749071157E+00
                          0.9999999746369027E+00
                          0.9999999723734936E+00
                          0.9999999739165799E+00
                          0.9999999738134521E+00
                          0.9999999735343734E+00
                          0.9999999732527393E+00
                          0.9999999729580192E+00
                          0.9999999725169931E+00
                          0.9999999723966043E+00
                          0.9999999721064861E+00
                          0.9999999718109129E+00
                          0.9999999715177841E+00
                          0.9999999712222662E+00
                          0.9999999709230019E+00
                          0.9999999706213297E+00
                          0.9999999703173156E+00
                          0.9999999700109478E+00
                          0.9999999697022143E+00
                          0.9999999693911036E+00
                          0.9999999690775957E+00
                          0.9999999687616254E+00
                          0.9999999684433811E+00
                          0.9999999681226380E+00
                          0.9999999677994568E+00
                          0.9999999674738230E+00
                          0.9999999671457257E+00
                          0.9999999668151525E+00
                          0.9999999664820868E+00
                          0.9999999661465144E+00
                          0.9999999658084505E+00
                          0.9999999654678514E+00
                          0.9999999651247116E+00
                          0.9999999647790203E+00
                          0.9999999644307281E+00
                          0.9999999640798952E+00
                          0.9999999637265160E+00
                          0.9999999633698557E+00
                          0.9999999629824642E+00
                          0.9999999626505968E+00
                          0.9999999622866914E+00
                          0.9999999619201364E+00
                          0.9999999615509182E+00
                          0.9999999611790186E+00
                          0.9999999608044277E+00
                          0.9999999604271330E+00
                          0.9999999600470850E+00
                          0.9999999596576209E+00
                          0.9999999592788897E+00
                          0.9999999588905923E+00
                          0.9999999570065968E+00
                          0.9999999581052605E+00
                          0.9999999577088841E+00
                          0.9999999573098510E+00
                          0.9999999569075851E+00
                          0.9999999565024147E+00
                          0.9999999560923976E+00
                          0.9999999556816473E+00
                          0.9999999552697375E+00
                          0.9999999548536430E+00
                          0.9999999462806448E+00
                          0.9999999503503537E+00
                          0.9999999535866497E+00
                          0.9999999531584191E+00
                          0.9999999527272460E+00
                          0.9999999522930908E+00
                          0.9999999518542538E+00
                          0.9999999514158289E+00
                          0.9999999509726891E+00
                          0.9999999505265227E+00
                          0.9999999500773178E+00
                          0.9999999496250603E+00
                          0.9999999489941724E+00
                          0.9999999487112978E+00
                          0.9999999482498289E+00
                          0.9999999477852369E+00
                          0.9999999473175125E+00
                          0.9999999468466526E+00
                          0.9999999463726433E+00
                          0.9999999458954708E+00
                          0.9999999454151213E+00
                          0.9999999449315800E+00
                          0.9999999444306942E+00
                          0.9999999439548521E+00
                          0.9999999434616340E+00
                          0.9999999429645456E+00
                          0.9999999424647728E+00
                          0.9999999419595631E+00
                          0.9999999414562439E+00
                          0.9999999409466610E+00
                          0.9999999404337586E+00
                          0.9999999399175230E+00
                          0.9999999393979387E+00
                          0.9999999388749917E+00
                          0.9999999383486676E+00
                          0.9999999378148006E+00
                          0.9999999372858275E+00
                          0.9999999367492868E+00
                          0.9999999362093085E+00
                          0.9999999356658802E+00
                          0.9999999351189872E+00
                          0.9999999345686148E+00
                          0.9999999340145490E+00
                          0.9999999334573677E+00
                          0.9999999328964737E+00
                          0.9999999323320363E+00
                          0.9999999317640453E+00
                          0.9999999311924858E+00
                          0.9999999306168277E+00
                          0.9999999300385671E+00
                          0.9999999294562492E+00
                          0.9999999288702690E+00
                          0.9999999282806445E+00
                          0.9999999276873611E+00
                          0.9999999270904019E+00
                          0.9999999264897617E+00
                          0.9999999258854139E+00
                          0.9999999252773473E+00
                          0.9999999246655467E+00
                          0.9999999240499966E+00
                          0.9999999234306196E+00
                          0.9999999228075883E+00
                          0.9999999221806991E+00
                          0.9999999215499992E+00
                          0.9999999209154717E+00
                          0.9999999202770715E+00
                          0.9999999196348820E+00
                          0.9999999189887852E+00
                          0.9999999183385301E+00
                          0.9999999176847607E+00
                          0.9999999170271050E+00
                          0.9999999163653642E+00
                          0.9999999156996600E+00
                          0.9999999150298855E+00
                          0.9999999143471858E+00
                          0.9999999136787303E+00
                          0.9999999129970771E+00
                          0.9999999123112526E+00
                          0.9999999116086575E+00
                          0.9999999109278946E+00
                          0.9999999102300332E+00
                          0.9999999095280780E+00
                          0.9999999088220142E+00
                          0.9999999081118237E+00
                          0.9999999073974950E+00
                          0.9999999066790104E+00
                          0.9999999059563516E+00
                          0.9999999052295037E+00
                          0.9999999044984507E+00
                          0.9999999037631764E+00
                          0.9999999030236645E+00
                          0.9999999022798988E+00
                          0.9999999015318630E+00
                          0.9999999007795408E+00
                          0.9999999000229123E+00
                          0.9999998992619719E+00
                          0.9999998984966846E+00
                          0.9999998977270608E+00
                          0.9999998969530608E+00
                          0.9999998961746759E+00
                          0.9999998953918887E+00
                          0.9999998946046853E+00
                          0.9999998938130464E+00
                          0.9999998930169562E+00
                          0.9999998922163982E+00
                          0.9999998914113556E+00
                          0.9999998906018116E+00
                          0.9999998897877496E+00
                          0.9999998889691529E+00
                          0.9999998881460042E+00
                          0.9999998873182875E+00
                          0.9999998864859840E+00
                          0.9999998850949843E+00
                          0.9999998848075575E+00
                          0.9999998839613977E+00
                          0.9999998831105822E+00
                          0.9999998822550991E+00
                          0.9999998813949316E+00
                          0.9999998805300335E+00
                          0.9999998796604552E+00
                          0.9999998787859880E+00
                          0.9999998779070359E+00
                          0.9999998770231718E+00
                          0.9999998761345136E+00
                          0.9999998752405300E+00
                          0.9999998743427144E+00
                          0.9999998734396436E+00
                          0.9999998725316566E+00
                          0.9999998716187807E+00
                          0.9999998707010163E+00
                          0.9999998697782920E+00
                          0.9999998688507499E+00
                          0.9999998679182152E+00
                          0.9999998669807048E+00
                          0.9999998660382116E+00
                          0.9999998650907188E+00
                          0.9999998641382088E+00
                          0.9999998631806639E+00
                          0.9999998622180664E+00
                          0.9999998612503984E+00
                          0.9999998602776423E+00
                          0.9999998592997800E+00
                          0.9999998583167908E+00
                          0.9999998573286664E+00
                          0.9999998563353747E+00
                          0.9999998553369153E+00
                          0.9999998543332552E+00
                          0.9999998533243818E+00
                          0.9999998523102769E+00
                          0.9999998512909224E+00
                          0.9999998502663003E+00
                          0.9999998492363926E+00
                          0.9999998482011806E+00
                          0.9999998471606472E+00
                          0.9999998461147733E+00
                          0.9999998450635409E+00
                          0.9999998440069316E+00
                          0.9999998429449274E+00
                          0.9999998418775097E+00
                          0.9999998408046603E+00
                          0.9999998397263606E+00
                          0.9999998386425925E+00
                          0.9999998375533372E+00
                          0.9999998364585764E+00
                          0.9999998353582914E+00
                          0.9999998342524640E+00
                          0.9999998331410742E+00
                          0.9999998320197452E+00
                          0.9999998309015399E+00
                          0.9999998297733558E+00
                          0.9999998286395331E+00
                          0.9999998275000537E+00
                          0.9999998263540422E+00
                          0.9999998252040739E+00
                          0.9999998240475224E+00
                          0.9999998228852363E+00
                          0.9999998217172013E+00
                          0.9999998205434140E+00
                          0.9999998193638321E+00
                          0.9999998181783339E+00
                          0.9999998169872206E+00
                          0.9999998157901692E+00
                          0.9999998145872436E+00
                          0.9999998133784487E+00
                          0.9999998121637454E+00
                          0.9999998109431222E+00
                          0.9999998097165594E+00
                          0.9999998084840380E+00
                          0.9999998072455388E+00
                          0.9999998060003675E+00
                          0.9999998047505295E+00
                          0.9999998034939809E+00
                          0.9999998022313769E+00
                          0.9999998009626981E+00
                          0.9999997996879253E+00
                          0.9999997984070389E+00
                          0.9999997971200194E+00
                          0.9999997958268472E+00
                          0.9999997945275027E+00
                          0.9999997932219616E+00
                          0.9999997919102159E+00
                          0.9999997905922394E+00
                          0.9999997892680091E+00
                          0.9999997879374931E+00
                          0.9999997866007181E+00
                          0.9999997852576172E+00
                          0.9999997839081862E+00
                          0.9999997825524053E+00
                          0.9999997811902547E+00
                          0.9999997798217144E+00
                          0.9999997784467646E+00
                          0.9999997770653716E+00
                          0.9999997756775560E+00
                          0.9999997742832573E+00
                          0.9999997728824689E+00
                          0.9999997714751706E+00
                          0.9999997700613423E+00
                          0.9999997686409637E+00
                          0.9999997672140152E+00
                          0.9999997657804702E+00
                          0.9999997643403258E+00
                          0.9999997628935445E+00
                          0.9999997614401114E+00
                          0.9999997599799970E+00
                          0.9999997585132108E+00
                          0.9999997570397015E+00
                          0.9999997555594580E+00
                          0.9999997540724627E+00
                          0.9999997525786894E+00
                          0.9999997510781289E+00
                          0.9999997495707493E+00
                          0.9999997480565339E+00
                          0.9999997465354621E+00
                          0.9999997450075132E+00
                          0.9999997434726665E+00
                          0.9999997419309016E+00
                          0.9999997374066943E+00
                          0.9999997388265326E+00
                          0.9999997372638876E+00
                          0.9999997356942406E+00
                          0.9999997341175710E+00
                          0.9999997325338580E+00
                          0.9999997309430805E+00
                          0.9999997293452175E+00
                          0.9999997277402481E+00
                          0.9999997261281514E+00
                          0.9999997245089057E+00
                          0.9999997228824836E+00
                          0.9999997212488848E+00
                          0.9999997107650913E+00
                          0.9999997179600163E+00
                          0.9999997163047110E+00
                          0.9999997146421294E+00
                          0.9999997129722502E+00
                          0.9999997112950560E+00
                          0.9999997096105204E+00
                          0.9999997079186238E+00
                          0.9999997062193446E+00
                          0.9999997045126597E+00
                          0.9999997027985539E+00
                          0.9999997010769989E+00
                          0.9999996993479754E+00
                          0.9999996976114625E+00
                          0.9999996958674375E+00
                          0.9999996941158801E+00
                          0.9999996923567674E+00
                          0.9999996905900782E+00
                          0.9999996888157909E+00
                          0.9999996870338839E+00
                          0.9999996852443348E+00
                          0.9999996834471223E+00
                          0.9999996816422236E+00
                          0.9999996798296190E+00
                          0.9999996780092845E+00
                          0.9999996761811989E+00
                          0.9999996704651113E+00
                          0.9999996725016862E+00
                          0.9999996706502152E+00
                          0.9999996687909048E+00
                          0.9999996669237334E+00
                          0.9999996650486783E+00
                          0.9999996631657178E+00
                          0.9999996612748293E+00
                          0.9999996593759909E+00
                          0.9999996574691802E+00
                          0.9999996555543750E+00
                          0.9999996536315529E+00
                          0.9999996517006916E+00
                          0.9999996497617687E+00
                          0.9999996478147618E+00
                          0.9999996458596484E+00
                          0.9999996438964062E+00
                          0.9999996419250126E+00
                          0.9999996399454431E+00
                          0.9999996379576798E+00
                          0.9999996359616977E+00
                          0.9999996339574729E+00
                          0.9999996319449836E+00
                          0.9999996299242071E+00
                          0.9999996278951180E+00
                          0.9999996258577026E+00
                          0.9999996238119286E+00
                          0.9999996217577766E+00
                          0.9999996196283026E+00
                          0.9999996176242346E+00
                          0.9999996155448226E+00
                          0.9999996134569299E+00
                          0.9999996113605439E+00
                          0.9999996092556424E+00
                          0.9999996071422022E+00
                          0.9999996050202001E+00
                          0.9999996028896133E+00
                          0.9999996007504186E+00
                          0.9999995986025927E+00
                          0.9999995964461126E+00
                          0.9999995942809549E+00
                          0.9999995921070962E+00
                          0.9999995899245140E+00
                          0.9999995877331839E+00
                          0.9999995855330838E+00
                          0.9999995833241893E+00
                          0.9999995811064772E+00
                          0.9999995788799244E+00
                          0.9999995766445072E+00
                          0.9999995744002022E+00
                          0.9999995721469856E+00
                          0.9999995698848343E+00
                          0.9999995676137244E+00
                          0.9999995653336323E+00
                          0.9999995630445345E+00
                          0.9999995607464072E+00
                          0.9999995584392266E+00
                          0.9999995561229683E+00
                          0.9999995537976111E+00
                          0.9999995514631284E+00
                          0.9999995491194973E+00
                          0.9999995467666940E+00
                          0.9999995444046946E+00
                          0.9999995420334752E+00
                          0.9999995396530117E+00
                          0.9999995372632799E+00
                          0.9999995348642562E+00
                          0.9999995324559170E+00
                          0.9999995300382372E+00
                          0.9999995276111932E+00
                          0.9999995251747605E+00
                          0.9999995227289153E+00
                          0.9999995202736334E+00
                          0.9999995178088902E+00
                          0.9999995153346617E+00
                          0.9999995128509236E+00
                          0.9999995103576514E+00
                          0.9999995078548203E+00
                          0.9999995053424077E+00
                          0.9999995028203873E+00
                          0.9999995002887352E+00
                          0.9999994977474269E+00
                          0.9999994951964379E+00
                          0.9999994926357439E+00
                          0.9999994900653201E+00
                          0.9999994874851404E+00
                          0.9999994848951843E+00
                          0.9999994822954231E+00
                          0.9999994796858336E+00
                          0.9999994770663908E+00
                          0.9999994744370699E+00
                          0.9999994717978465E+00
                          0.9999994691486955E+00
                          0.9999994664895919E+00
                          0.9999994638205111E+00
                          0.9999994611414279E+00
                          0.9999994584523174E+00
                          0.9999994557531547E+00
                          0.9999994530439149E+00
                          0.9999994503245726E+00
                          0.9999994475951031E+00
                          0.9999994448554810E+00
                          0.9999994421056813E+00
                          0.9999994393456787E+00
                          0.9999994365754482E+00
                          0.9999994337949644E+00
                          0.9999994310042021E+00
                          0.9999994282031359E+00
                          0.9999994253917406E+00
                          0.9999994225699907E+00
                          0.9999994197378609E+00
                          0.9999994168953259E+00
                          0.9999994140423600E+00
                          0.9999994111789379E+00
                          0.9999994083050340E+00
                          0.9999994054206227E+00
                          0.9999994025256784E+00
                          0.9999993996201758E+00
                          0.9999993967040889E+00
                          0.9999993937773921E+00
                          0.9999993908400597E+00
                          0.9999993878920662E+00
                          0.9999993849333856E+00
                          0.9999993819639921E+00
                          0.9999993789838599E+00
                          0.9999993759929632E+00
                          0.9999993729912761E+00
                          0.9999993699787726E+00
                          0.9999993669554268E+00
                          0.9999993639212127E+00
                          0.9999993608761043E+00
                          0.9999993578200757E+00
                          0.9999993547531004E+00
                          0.9999993516751527E+00
                          0.9999993485862064E+00
                          0.9999993454862353E+00
                          0.9999993423752130E+00
                          0.9999993392531135E+00
                          0.9999993361199104E+00
                          0.9999993329755776E+00
                          0.9999993298200885E+00
                          0.9999993266534170E+00
                          0.9999993234755366E+00
                          0.9999993202864207E+00
                          0.9999993170860432E+00
                          0.9999993138743773E+00
                          0.9999993106513968E+00
                          0.9999993074170749E+00
                          0.9999993041713852E+00
                          0.9999993009143008E+00
                          0.9999992976457950E+00
                          0.9999992943658422E+00
                          0.9999992910744145E+00
                          0.9999992877714856E+00
                          0.9999992844570287E+00
                          0.9999992811310170E+00
                          0.9999992777934237E+00
                          0.9999992744442220E+00
                          0.9999992710833848E+00
                          0.9999992677108855E+00
                          0.9999992643266969E+00
                          0.9999992609307922E+00
                          0.9999992575231442E+00
                          0.9999992541037260E+00
                          0.9999992506725106E+00
                          0.9999992472294706E+00
                          0.9999992437745792E+00
                          0.9999992403078091E+00
                          0.9999992368291329E+00
                          0.9999992333385237E+00
                          0.9999992298359541E+00
                          0.9999992263213968E+00
                          0.9999992227948244E+00
                          0.9999992192562098E+00
                          0.9999992157055254E+00
                          0.9999992121427438E+00
                          0.9999992085678376E+00
                          0.9999992049807794E+00
                          0.9999992013815415E+00
                          0.9999991977700966E+00
                          0.9999991941464169E+00
                          0.9999991905104750E+00
                          0.9999991868622431E+00
                          0.9999991832016937E+00
                          0.9999991795287989E+00
                          0.9999991758435312E+00
                          0.9999991721458625E+00
                          0.9999991684357654E+00
                          0.9999991647132120E+00
                          0.9999991609781743E+00
                          0.9999991572306245E+00
                          0.9999991534705347E+00
                          0.9999991496978770E+00
                          0.9999991459126233E+00
                          0.9999991421147456E+00
                          0.9999991383042161E+00
                          0.9999991344810063E+00
                          0.9999991306450886E+00
                          0.9999991267964345E+00
                          0.9999991229350160E+00
                          0.9999991190608049E+00
                          0.9999991151737729E+00
                          0.9999991112738918E+00
                          0.9999991073611334E+00
                          0.9999991034354693E+00
                          0.9999990994968710E+00
                          0.9999990955453105E+00
                          0.9999990915807591E+00
                          0.9999990876031883E+00
                          0.9999990836125700E+00
                          0.9999990796088752E+00
                          0.9999990755920757E+00
                          0.9999990715621428E+00
                          0.9999990675190481E+00
                          0.9999990634627627E+00
                          0.9999990593932582E+00
                          0.9999990553105056E+00
                          0.9999990512144765E+00
                          0.9999990471051420E+00
                          0.9999990429824732E+00
                          0.9999990388464416E+00
                          0.9999990346970180E+00
                          0.9999990305341738E+00
                          0.9999990263578800E+00
                          0.9999990221681075E+00
                          0.9999990179648276E+00
                          0.9999990137480111E+00
                          0.9999990095176292E+00
                          0.9999990052736526E+00
                          0.9999990010160523E+00
                          0.9999989967447991E+00
                          0.9999989924598640E+00
                          0.9999989881612177E+00
                          0.9999989838488309E+00
                          0.9999989795226746E+00
                          0.9999989751827193E+00
                          0.9999989708289359E+00
                          0.9999989664612947E+00
                          0.9999989620797667E+00
                          0.9999989576843222E+00
                          0.9999989532749320E+00
                          0.9999989488515667E+00
                          0.9999989444141965E+00
                          0.9999989399627920E+00
                          0.9999989354973237E+00
                          0.9999989310177618E+00
                          0.9999989265240771E+00
                          0.9999989220162395E+00
                          0.9999989174942197E+00
                          0.9999989129579876E+00
                          0.9999989084075137E+00
                          0.9999989038427681E+00
                          0.9999988992637212E+00
                          0.9999988946703430E+00
                          0.9999988900626036E+00
                          0.9999988854404730E+00
                          0.9999988808039216E+00
                          0.9999988761529192E+00
                          0.9999988714874358E+00
                          0.9999988668074414E+00
                          0.9999988621129061E+00
                          0.9999988574037997E+00
                          0.9999988526800919E+00
                          0.9999988479417528E+00
                          0.9999988431887520E+00
                          0.9999988384210596E+00
                          0.9999988336386451E+00
                          0.9999988288414783E+00
                          0.9999988240295288E+00
                          0.9999988192027663E+00
                          0.9999988143611607E+00
                          0.9999988095046812E+00
                          0.9999988046332977E+00
                          0.9999987997469795E+00
                          0.9999987948456962E+00
                          0.9999987899294173E+00
                          0.9999987849981121E+00
                          0.9999987800517502E+00
                          0.9999987750903010E+00
                          0.9999987701137337E+00
                          0.9999987651220177E+00
                          0.9999987601151222E+00
                          0.9999987550930166E+00
                          0.9999987500556701E+00
                          0.9999987450030517E+00
                          0.9999987399351309E+00
                          0.9999987348518765E+00
                          0.9999987297532579E+00
                          0.9999987246392440E+00
                          0.9999987195098038E+00
                          0.9999987143649063E+00
                          0.9999987092045208E+00
                          0.9999987040286159E+00
                          0.9999986988371605E+00
                          0.9999986936301237E+00
                          0.9999986884074743E+00
                          0.9999986831691811E+00
                          0.9999986779152128E+00
                          0.9999986726455381E+00
                          0.9999986673601262E+00
                          0.9999986620589453E+00
                          0.9999986567419642E+00
                          0.9999986514091516E+00
                          0.9999986460604761E+00
                          0.9999986406959062E+00
                          0.9999986353154104E+00
                          0.9999986299189575E+00
                          0.9999986245065157E+00
                          0.9999986190780534E+00
                          0.9999986136335394E+00
                          0.9999986081729416E+00
                          0.9999986026962288E+00
                          0.9999985972033689E+00
                          0.9999985916943306E+00
                          0.9999985861690819E+00
                          0.9999985806275912E+00
                          0.9999985750698265E+00
                          0.9999985694957561E+00
                          0.9999985639053481E+00
                          0.9999985582985708E+00
                          0.9999985526753918E+00
                          0.9999985470357797E+00
                          0.9999985413797022E+00
                          0.9999985357071274E+00
                          0.9999985300180231E+00
                          0.9999985243123574E+00
                          0.9999985185900980E+00
                          0.9999985128512130E+00
                          0.9999985070956700E+00
                          0.9999985013234369E+00
                          0.9999984955344815E+00
                          0.9999984897287715E+00
                          0.9999984839062747E+00
                          0.9999984780669585E+00
                          0.9999984722107907E+00
                          0.9999984663377390E+00
                          0.9999984604477710E+00
                          0.9999984545408540E+00
                          0.9999984486169556E+00
                          0.9999984426760435E+00
                          0.9999984367180850E+00
                          0.9999984307430475E+00
                          0.9999984247508984E+00
                          0.9999984187416051E+00
                          0.9999984127151350E+00
                          0.9999984066714552E+00
                          0.9999984006105331E+00
                          0.9999983945323360E+00
                          0.9999983884368309E+00
                          0.9999983823239834E+00
                          0.9999983761937659E+00
                          0.9999983700461401E+00
                          0.9999983638810750E+00
                          0.9999983576985376E+00
                          0.9999983514984949E+00
                          0.9999983452809139E+00
                          0.9999983390457615E+00
                          0.9999983327930048E+00
                          0.9999983265226104E+00
                          0.9999983202345455E+00
                          0.9999983139287766E+00
                          0.9999983076052709E+00
                          0.9999983012639947E+00
                          0.9999982949049151E+00
                          0.9999982885279987E+00
                          0.9999982821332122E+00
                          0.9999982757205221E+00
                          0.9999982692898952E+00
                          0.9999982628412980E+00
                          0.9999982563746971E+00
                          0.9999982498900589E+00
                          0.9999982433873501E+00
                          0.9999982368665369E+00
                          0.9999982303275859E+00
                          0.9999982237704635E+00
                          0.9999982171951360E+00
                          0.9999982106015699E+00
                          0.9999982039897313E+00
                          0.9999981973595865E+00
                          0.9999981907111017E+00
                          0.9999981840442433E+00
                          0.9999981773589773E+00
                          0.9999981706552701E+00
                          0.9999981639330875E+00
                          0.9999981571923957E+00
                          0.9999981504331609E+00
                          0.9999981436553489E+00
                          0.9999981368589258E+00
                          0.9999981300438576E+00
                          0.9999981232101102E+00
                          0.9999981163576495E+00
                          0.9999981094864413E+00
                          0.9999981025964516E+00
                          0.9999980956876460E+00
                          0.9999980887599904E+00
                          0.9999980818134506E+00
                          0.9999980748479922E+00
                          0.9999980678635809E+00
                          0.9999980608601824E+00
                          0.9999980538377623E+00
                          0.9999980467962861E+00
                          0.9999980397357195E+00
                          0.9999980326560279E+00
                          0.9999980255571770E+00
                          0.9999980184391321E+00
                          0.9999980113018585E+00
                          0.9999980041453219E+00
                          0.9999979969694875E+00
                          0.9999979897743206E+00
                          0.9999979825597867E+00
                          0.9999979753258509E+00
                          0.9999979680724785E+00
                          0.9999979607996348E+00
                          0.9999979535072848E+00
                          0.9999979461953938E+00
                          0.9999979388639270E+00
                          0.9999979315128492E+00
                          0.9999979241421256E+00
                          0.9999979167517214E+00
                          0.9999979093416015E+00
                          0.9999979019117307E+00
                          0.9999978944620741E+00
                          0.9999978869925966E+00
                          0.9999978795032630E+00
                          0.9999978719940382E+00
                          0.9999978644648870E+00
                          0.9999978569157743E+00
                          0.9999978493466645E+00
                          0.9999978417575227E+00
                          0.9999978341483133E+00
                          0.9999978265190013E+00
                          0.9999978188695509E+00
                          0.9999978111999270E+00
                          0.9999978035100940E+00
                          0.9999977958000166E+00
                          0.9999977880696592E+00
                          0.9999977803189862E+00
                          0.9999977725479622E+00
                          0.9999977647565514E+00
                          0.9999977569447184E+00
                          0.9999977491124273E+00
                          0.9999977412596427E+00
                          0.9999977333863287E+00
                          0.9999977254924495E+00
                          0.9999977175779695E+00
                          0.9999977096428527E+00
                          0.9999977016870635E+00
                          0.9999976937105657E+00
                          0.9999976857133236E+00
                          0.9999976776953013E+00
                          0.9999976696564630E+00
                          0.9999976615967722E+00
                          0.9999976535161933E+00
                          0.9999976454146899E+00
                          0.9999976372922262E+00
                          0.9999976291487661E+00
                          0.9999976209842732E+00
                          0.9999976127987115E+00
                          0.9999976045920447E+00
                          0.9999975963642366E+00
                          0.9999975881152510E+00
                          0.9999975798450513E+00
                          0.9999975715536015E+00
                          0.9999975632408651E+00
                          0.9999975549068056E+00
                          0.9999975465513867E+00
                          0.9999975381745719E+00
                          0.9999975297763247E+00
                          0.9999975213566086E+00
                          0.9999975129153870E+00
                          0.9999975044526233E+00
                          0.9999974959682809E+00
                          0.9999974874623232E+00
                          0.9999974789347135E+00
                          0.9999974703854150E+00
                          0.9999974618143911E+00
                          0.9999974532216049E+00
                          0.9999974446070197E+00
                          0.9999974359705985E+00
                          0.9999974273123046E+00
                          0.9999974186321010E+00
                          0.9999974099299509E+00
                          0.9999974012058171E+00
                          0.9999973924596629E+00
                          0.9999973836914511E+00
                          0.9999973749011447E+00
                          0.9999973660887066E+00
                          0.9999973572540997E+00
                          0.9999973483972867E+00
                          0.9999973395182307E+00
                          0.9999973306168942E+00
                          0.9999973216932402E+00
                          0.9999973127472312E+00
                          0.9999973037788302E+00
                          0.9999972947879996E+00
                          0.9999972857747021E+00
                          0.9999972767389005E+00
                          0.9999972676805571E+00
                          0.9999972585996345E+00
                          0.9999972494960953E+00
                          0.9999972403699019E+00
                          0.9999972312210168E+00
                          0.9999972220494024E+00
                          0.9999972128550211E+00
                          0.9999972036378352E+00
                          0.9999971943978071E+00
                          0.9999971851348991E+00
                          0.9999971758490733E+00
                          0.9999971665402921E+00
                          0.9999971572085178E+00
                          0.9999971478537122E+00
                          0.9999971384758378E+00
                          0.9999971290748565E+00
                          0.9999971196507305E+00
                          0.9999971102034216E+00
                          0.9999971007328922E+00
                          0.9999970912391040E+00
                          0.9999970817220190E+00
                          0.9999970721815992E+00
                          0.9999970626178063E+00
                          0.9999970530306024E+00
                          0.9999970434199492E+00
                          0.9999970337858085E+00
                          0.9999970241281422E+00
                          0.9999970144469117E+00
                          0.9999970047420791E+00
                          0.9999969950136057E+00
                          0.9999969852614534E+00
                          0.9999969754855839E+00
                          0.9999969656859584E+00
                          0.9999969558625387E+00
                          0.9999969460152863E+00
                          0.9999969361441626E+00
                          0.9999969262491292E+00
                          0.9999969163301473E+00
                          0.9999969063871785E+00
                          0.9999968964201841E+00
                          0.9999968864291254E+00
                          0.9999968764139636E+00
                          0.9999968663746602E+00
                          0.9999968563111763E+00
                          0.9999968462234731E+00
                          0.9999968361115118E+00
                          0.9999968259752535E+00
                          0.9999968158146594E+00
                          0.9999968056296904E+00
                          0.9999967954203077E+00
                          0.9999967851864724E+00
                          0.9999967749281453E+00
                          0.9999967646452874E+00
                          0.9999967543378597E+00
                          0.9999967440058231E+00
                          0.9999967336491382E+00
                          0.9999967232677662E+00
                          0.9999967128616677E+00
                          0.9999967024308035E+00
                          0.9999966919751344E+00
                          0.9999966814946211E+00
                          0.9999966709892242E+00
                          0.9999966604589042E+00
                          0.9999966499036221E+00
                          0.9999966393233382E+00
                          0.9999966287180131E+00
                          0.9999966180876073E+00
                          0.9999966074320815E+00
                          0.9999965967513958E+00
                          0.9999965860455110E+00
                          0.9999965753143872E+00
                          0.9999965645579849E+00
                          0.9999965537762640E+00
                          0.9999965429691861E+00
                          0.9999965321367100E+00
                          0.9999965212787967E+00
                          0.9999965103954062E+00
                          0.9999964994864987E+00
                          0.9999964885520343E+00
                          0.9999964775919733E+00
                          0.9999964666062755E+00
                          0.9999964555949012E+00
                          0.9999964445578104E+00
                          0.9999964334949630E+00
                          0.9999964224063189E+00
                          0.9999964112918382E+00
                          0.9999964001514807E+00
                          0.9999963889852064E+00
                          0.9999963777929749E+00
                          0.9999963665747461E+00
                          0.9999963553304799E+00
                          0.9999963440601359E+00
                          0.9999963327636738E+00
                          0.9999963214410534E+00
                          0.9999963100922343E+00
                          0.9999962987171761E+00
                          0.9999962873158385E+00
                          0.9999962758881807E+00
                          0.9999962644341627E+00
                          0.9999962529537437E+00
                          0.9999962414468831E+00
                          0.9999962299135406E+00
                          0.9999962183536756E+00
                          0.9999962067672471E+00
                          0.9999961951542148E+00
                          0.9999961835145378E+00
                          0.9999961718481755E+00
                          0.9999961601550871E+00
                          0.9999961484352319E+00
                          0.9999961366885689E+00
                          0.9999961249150573E+00
                          0.9999961131146564E+00
                          0.9999961012873251E+00
                          0.9999960894330225E+00
                          0.9999960775517077E+00
                          0.9999960656433396E+00
                          0.9999960537078774E+00
                          0.9999960417452797E+00
                          0.9999960297555055E+00
                          0.9999960177385138E+00
                          0.9999960056942633E+00
                          0.9999959936227130E+00
                          0.9999959815238214E+00
                          0.9999959693975475E+00
                          0.9999959572438499E+00
                          0.9999959450626873E+00
                          0.9999959328540183E+00
                          0.9999959206178017E+00
                          0.9999959083539959E+00
                          0.9999958960625596E+00
                          0.9999958837434512E+00
                          0.9999958713966293E+00
                          0.9999958590220523E+00
                          0.9999958466196787E+00
                          0.9999958341894669E+00
                          0.9999958217313752E+00
                          0.9999958092453620E+00
                          0.9999957967313857E+00
                          0.9999957841894044E+00
                          0.9999957716193765E+00
                          0.9999957590212601E+00
                          0.9999957463950134E+00
                          0.9999957337405947E+00
                          0.9999957210579621E+00
                          0.9999957083470735E+00
                          0.9999956956078871E+00
                          0.9999956828403609E+00
                          0.9999956700444530E+00
                          0.9999956572201212E+00
                          0.9999956443673237E+00
                          0.9999956314860181E+00
                          0.9999956185761625E+00
                          0.9999956056377147E+00
                          0.9999955926706324E+00
                          0.9999955796748735E+00
                          0.9999955666503957E+00
                          0.9999955535971567E+00
                          0.9999955405151143E+00
                          0.9999955274042260E+00
                          0.9999955142644497E+00
                          0.9999955010957426E+00
                          0.9999954878980627E+00
                          0.9999954746713672E+00
                          0.9999954614156137E+00
                          0.9999954481307597E+00
                          0.9999954348167627E+00
                          0.9999954214735800E+00
                          0.9999954081011690E+00
                          0.9999953946994872E+00
                          0.9999953812684916E+00
                          0.9999953678081399E+00
                          0.9999953543183890E+00
                          0.9999953407991963E+00
                          0.9999953272505190E+00
                          0.9999953136723141E+00
                          0.9999953000645390E+00
                          0.9999952864271505E+00
                          0.9999952727601059E+00
                          0.9999952590633622E+00
                          0.9999952453368762E+00
                          0.9999952315806052E+00
                          0.9999952177945060E+00
                          0.9999952039785354E+00
                          0.9999951901326503E+00
                          0.9999951762568077E+00
                          0.9999951623509644E+00
                          0.9999951484150771E+00
                          0.9999951344491026E+00
                          0.9999951204529977E+00
                          0.9999951064267188E+00
                          0.9999950923702230E+00
                          0.9999950782834667E+00
                          0.9999950641664064E+00
                          0.9999950500189989E+00
                          0.9999950358412005E+00
                          0.9999950216329679E+00
                          0.9999950073942576E+00
                          0.9999949931250259E+00
                          0.9999949788252293E+00
                          0.9999949644948242E+00
                          0.9999949501337668E+00
                          0.9999949357420137E+00
                          0.9999949213195209E+00
                          0.9999949068662448E+00
                          0.9999948923821417E+00
                          0.9999948778671677E+00
                          0.9999948633212790E+00
                          0.9999948487444317E+00
                          0.9999948341365820E+00
                          0.9999948194976858E+00
                          0.9999948048276993E+00
                          0.9999947901265784E+00
                          0.9999947753942792E+00
                          0.9999947606307575E+00
                          0.9999947458359695E+00
                          0.9999947310098707E+00
                          0.9999947161524173E+00
                          0.9999947012635648E+00
                          0.9999946863432694E+00
                          0.9999946713914865E+00
                          0.9999946564081719E+00
                          0.9999946413932814E+00
                          0.9999946263467707E+00
                          0.9999946112685953E+00
                          0.9999945961587110E+00
                          0.9999945810170732E+00
                          0.9999945658436376E+00
                          0.9999945506383594E+00
                          0.9999945354011944E+00
                          0.9999945201320980E+00
                          0.9999945048310255E+00
                          0.9999944894979325E+00
                          0.9999944741327741E+00
                          0.9999944587355057E+00
                          0.9999944433060828E+00
                          0.9999944278444604E+00
                          0.9999944123505938E+00
                          0.9999943968244384E+00
                          0.9999943812659492E+00
                          0.9999943656750813E+00
                          0.9999943500517898E+00
                          0.9999943343960300E+00
                          0.9999943187077568E+00
                          0.9999943029869252E+00
                          0.9999942872334900E+00
                          0.9999942714474066E+00
                          0.9999942556286296E+00
                          0.9999942397771140E+00
                          0.9999942238928146E+00
                          0.9999942079756863E+00
                          0.9999941920256838E+00
                          0.9999941760427620E+00
                          0.9999941600268755E+00
                          0.9999941439779791E+00
                          0.9999941278960275E+00
                          0.9999941117809753E+00
                          0.9999940956327770E+00
                          0.9999940794513874E+00
                          0.9999940632367609E+00
                          0.9999940469888520E+00
                          0.9999940307076153E+00
                          0.9999940143930052E+00
                          0.9999939980449761E+00
                          0.9999939816634824E+00
                          0.9999939652484786E+00
                          0.9999939487999189E+00
                          0.9999939323177575E+00
                          0.9999939158019489E+00
                          0.9999938992524472E+00
                          0.9999938826692066E+00
                          0.9999938660521813E+00
                          0.9999938494013255E+00
                          0.9999938327165934E+00
                          0.9999938159979388E+00
                          0.9999937992453160E+00
                          0.9999937824586789E+00
                          0.9999937656379815E+00
                          0.9999937487831778E+00
                          0.9999937318942218E+00
                          0.9999937149710673E+00
                          0.9999936980136681E+00
                          0.9999936810219782E+00
                          0.9999936639959512E+00
                          0.9999936469355410E+00
                          0.9999936298407014E+00
                          0.9999936127113861E+00
                          0.9999935955475486E+00
                          0.9999935783491428E+00
                          0.9999935611161221E+00
                          0.9999935438484402E+00
                          0.9999935265460507E+00
                          0.9999935092089069E+00
                          0.9999934918369626E+00
                          0.9999934744301711E+00
                          0.9999934569884857E+00
                          0.9999934395118601E+00
                          0.9999934220002475E+00
                          0.9999934044536012E+00
                          0.9999933868718746E+00
                          0.9999933692550209E+00
                          0.9999933516029934E+00
                          0.9999933339157453E+00
                          0.9999933161932297E+00
                          0.9999932984353999E+00
                          0.9999932806422089E+00
                          0.9999932628136099E+00
                          0.9999932449495558E+00
                          0.9999932270499998E+00
                          0.9999932091148948E+00
                          0.9999931911441937E+00
                          0.9999931731378496E+00
                          0.9999931550958153E+00
                          0.9999931370180437E+00
                          0.9999931189044876E+00
                          0.9999931007550998E+00
                          0.9999930825698332E+00
                          0.9999930643486404E+00
                          0.9999930460914742E+00
                          0.9999930277982872E+00
                          0.9999930094690322E+00
                          0.9999929911036617E+00
                          0.9999929727021284E+00
                          0.9999929542643847E+00
                          0.9999929357903833E+00
                          0.9999929172800766E+00
                          0.9999928987334170E+00
                          0.9999928801503571E+00
                          0.9999928615308492E+00
                          0.9999928428748458E+00
                          0.9999928241822991E+00
                          0.9999928054531614E+00
                          0.9999927866873850E+00
                          0.9999927678849223E+00
                          0.9999927490457253E+00
                          0.9999927301697464E+00
                          0.9999927112569376E+00
                          0.9999926923072511E+00
                          0.9999926733206389E+00
                          0.9999926542970532E+00
                          0.9999926352364459E+00
                          0.9999926161387691E+00
                          0.9999925970039748E+00
                          0.9999925778320148E+00
                          0.9999925586228411E+00
                          0.9999925393764055E+00
                          0.9999925200926599E+00
                          0.9999925007715562E+00
                          0.9999924814130461E+00
                          0.9999924620170814E+00
                          0.9999924425836136E+00
                          0.9999924231125947E+00
                          0.9999924036039762E+00
                          0.9999923840577097E+00
                          0.9999923644737470E+00
                          0.9999923448520392E+00
                          0.9999923251925384E+00
                          0.9999923054951958E+00
                          0.9999922857599630E+00
                          0.9999922659867913E+00
                          0.9999922461756321E+00
                          0.9999922263264369E+00
                          0.9999922064391571E+00
                          0.9999921865137438E+00
                          0.9999921665501484E+00
                          0.9999921465483222E+00
                          0.9999921265082165E+00
                          0.9999921064297822E+00
                          0.9999920863129707E+00
                          0.9999920661577331E+00
                          0.9999920459640204E+00
                          0.9999920257317838E+00
                          0.9999920054609742E+00
                          0.9999919851515428E+00
                          0.9999919648034403E+00
                          0.9999919444166179E+00
                          0.9999919239910263E+00
                          0.9999919035266166E+00
                          0.9999918830233395E+00
                          0.9999918624811459E+00
                          0.9999918418999866E+00
                          0.9999918212798122E+00
                          0.9999918006205736E+00
                          0.9999917799222213E+00
                          0.9999917591847063E+00
                          0.9999917384079788E+00
                          0.9999917175919898E+00
                          0.9999916967366896E+00
                          0.9999916758420290E+00
                          0.9999916549079582E+00
                          0.9999916339344278E+00
                          0.9999916129213884E+00
                          0.9999915918687902E+00
                          0.9999915707765836E+00
                          0.9999915496447191E+00
                          0.9999915284731470E+00
                          0.9999915072618175E+00
                          0.9999914860106809E+00
                          0.9999914647196874E+00
                          0.9999914433887872E+00
                          0.9999914220179306E+00
                          0.9999914006070675E+00
                          0.9999913791561481E+00
                          0.9999913576651226E+00
                          0.9999913361339410E+00
                          0.9999913145625532E+00
                          0.9999912929509092E+00
                          0.9999912712989589E+00
                          0.9999912496066524E+00
                          0.9999912278739396E+00
                          0.9999912061007701E+00
                          0.9999911842870939E+00
                          0.9999911624328608E+00
                          0.9999911405380205E+00
                          0.9999911186025228E+00
                          0.9999910966263172E+00
                          0.9999910746093538E+00
                          0.9999910525515817E+00
                          0.9999910304529509E+00
                          0.9999910083134108E+00
                          0.9999909861329110E+00
                          0.9999909639114011E+00
                          0.9999909416488304E+00
                          0.9999909193451485E+00
                          0.9999908970003047E+00
                          0.9999908746142485E+00
                          0.9999908521869292E+00
                          0.9999908297182961E+00
                          0.9999908072082986E+00
                          0.9999907846568858E+00
                          0.9999907620640071E+00
                          0.9999907394296116E+00
                          0.9999907167536485E+00
                          0.9999906940360670E+00
                          0.9999906712768162E+00
                          0.9999906484758450E+00
                          0.9999906256331026E+00
                          0.9999906027485381E+00
                          0.9999905798221003E+00
                          0.9999905568537383E+00
                          0.9999905338434009E+00
                          0.9999905107910371E+00
                          0.9999904876965957E+00
                          0.9999904645600255E+00
                          0.9999904413812755E+00
                          0.9999904181602941E+00
                          0.9999903948970303E+00
                          0.9999903715914329E+00
                          0.9999903482434502E+00
                          0.9999903248530313E+00
                          0.9999903014201245E+00
                          0.9999902779446783E+00
                          0.9999902544266416E+00
                          0.9999902308659627E+00
                          0.9999902072625901E+00
                          0.9999901836164723E+00
                          0.9999901599275577E+00
                          0.9999901361957947E+00
                          0.9999901124211316E+00
                          0.9999900886035168E+00
                          0.9999900647428986E+00
                          0.9999900408392254E+00
                          0.9999900168924452E+00
                          0.9999899929025062E+00
                          0.9999899688693569E+00
                          0.9999899447929451E+00
                          0.9999899206732191E+00
                          0.9999898965101269E+00
                          0.9999898723036166E+00
                          0.9999898480536362E+00
                          0.9999898237601337E+00
                          0.9999897994230571E+00
                          0.9999897750423542E+00
                          0.9999897506179730E+00
                          0.9999897261498614E+00
                          0.9999897016379672E+00
                          0.9999896770822382E+00
                          0.9999896524826221E+00
                          0.9999896278390666E+00
                          0.9999896031515197E+00
                          0.9999895784199289E+00
                          0.9999895536442417E+00
                          0.9999895288244058E+00
                          0.9999895039603690E+00
                          0.9999894790520787E+00
                          0.9999894540994824E+00
                          0.9999894291025276E+00
                          0.9999894040611618E+00
                          0.9999893789753324E+00
                          0.9999893538449868E+00
                          0.9999893286700724E+00
                          0.9999893034505365E+00
                          0.9999892781863264E+00
                          0.9999892528773894E+00
                          0.9999892275236728E+00
                          0.9999892021251237E+00
                          0.9999891766816893E+00
                          0.9999891511933169E+00
                          0.9999891256599535E+00
                          0.9999891000815461E+00
                          0.9999890744580419E+00
                          0.9999890487893879E+00
                          0.9999890230755311E+00
                          0.9999889973164183E+00
                          0.9999889715119967E+00
                          0.9999889456622131E+00
                          0.9999889197670143E+00
                          0.9999888938263471E+00
                          0.9999888678401586E+00
                          0.9999888418083953E+00
                          0.9999888157310040E+00
                          0.9999887896079314E+00
                          0.9999887634391242E+00
                          0.9999887372245292E+00
                          0.9999887109640928E+00
                          0.9999886846577618E+00
                          0.9999886583054826E+00
                          0.9999886319072018E+00
                          0.9999886054628658E+00
                          0.9999885789724212E+00
                          0.9999885524358144E+00
                          0.9999885258529918E+00
                          0.9999884992238998E+00
                          0.9999884725484846E+00
                          0.9999884458266927E+00
                          0.9999884190584702E+00
                          0.9999883922437635E+00
                          0.9999883653825188E+00
                          0.9999883384746823E+00
                          0.9999883115202000E+00
                          0.9999882845190181E+00
                          0.9999882574710829E+00
                          0.9999882303763401E+00
                          0.9999882032347360E+00
                          0.9999881760462166E+00
                          0.9999881488107277E+00
                          0.9999881215282155E+00
                          0.9999880941986256E+00
                          0.9999880668219040E+00
                          0.9999880393979966E+00
                          0.9999880119268492E+00
                          0.9999879844084075E+00
                          0.9999879568426173E+00
                          0.9999879292294245E+00
                          0.9999879015687745E+00
                          0.9999878738606131E+00
                          0.9999878461048859E+00
                          0.9999878183015385E+00
                          0.9999877904505166E+00
                          0.9999877625517655E+00
                          0.9999877346052307E+00
                          0.9999877066108579E+00
                          0.9999876785685925E+00
                          0.9999876504783798E+00
                          0.9999876223401651E+00
                          0.9999875941538939E+00
                          0.9999875659195115E+00
                          0.9999875376369632E+00
                          0.9999875093061943E+00
                          0.9999874809271498E+00
                          0.9999874524997752E+00
                          0.9999874240240153E+00
                          0.9999873954998156E+00
                          0.9999873669271210E+00
                          0.9999873383058765E+00
                          0.9999873096360273E+00
                          0.9999872809175183E+00
                          0.9999872521502946E+00
                          0.9999872233343010E+00
                          0.9999871944694825E+00
                          0.9999871655557839E+00
                          0.9999871365931502E+00
                          0.9999871075815261E+00
                          0.9999870785208563E+00
                          0.9999870494110858E+00
                          0.9999870202521591E+00
                          0.9999869910440211E+00
                          0.9999869617866164E+00
                          0.9999869324798895E+00
                          0.9999869031237850E+00
                          0.9999868737182477E+00
                          0.9999868442632219E+00
                          0.9999868147586524E+00
                          0.9999867852044834E+00
                          0.9999867556006593E+00
                          0.9999867259471248E+00
                          0.9999866962438241E+00
                          0.9999866664907016E+00
                          0.9999866366877016E+00
                          0.9999866068347684E+00
                          0.9999865769318462E+00
                          0.9999865469788795E+00
                          0.9999865169758121E+00
                          0.9999864869225884E+00
                          0.9999864568191525E+00
                          0.9999864266654486E+00
                          0.9999863964614205E+00
                          0.9999863662070125E+00
                          0.9999863359021686E+00
                          0.9999863055468327E+00
                          0.9999862751409486E+00
                          0.9999862446844605E+00
                          0.9999862141773121E+00
                          0.9999861836194474E+00
                          0.9999861530108101E+00
                          0.9999861223513440E+00
                          0.9999860916409929E+00
                          0.9999860608797007E+00
                          0.9999860300674107E+00
                          0.9999859992040669E+00
                          0.9999859682896128E+00
                          0.9999859373239921E+00
                          0.9999859063071483E+00
                          0.9999858752390250E+00
                          0.9999858441195657E+00
                          0.9999858129487138E+00
                          0.9999857817264128E+00
                          0.9999857504526063E+00
                          0.9999857191272374E+00
                          0.9999856877502497E+00
                          0.9999856563215862E+00
                          0.9999856248411906E+00
                          0.9999855933090059E+00
                          0.9999855617249754E+00
                          0.9999855300890423E+00
                          0.9999854984011499E+00
                          0.9999854666612412E+00
                          0.9999854348692593E+00
                          0.9999854030251473E+00
                          0.9999853711288483E+00
                          0.9999853391803053E+00
                          0.9999853071794612E+00
                          0.9999852751262591E+00
                          0.9999852430206418E+00
                          0.9999852108625522E+00
                          0.9999851786519333E+00
                          0.9999851463887278E+00
                          0.9999851140728785E+00
                          0.9999850817043282E+00
                          0.9999850492830197E+00
                          0.9999850168088956E+00
                          0.9999849842818986E+00
                          0.9999849517019713E+00
                          0.9999849190690565E+00
                          0.9999848863830966E+00
                          0.9999848536440342E+00
                          0.9999848208518118E+00
                          0.9999847880063720E+00
                          0.9999847551076572E+00
                          0.9999847221556096E+00
                          0.9999846891501719E+00
                          0.9999846560912864E+00
                          0.9999846229788953E+00
                          0.9999845898129411E+00
                          0.9999845565933659E+00
                          0.9999845233201120E+00
                          0.9999844899931216E+00
                          0.9999844566123370E+00
                          0.9999844231777001E+00
                          0.9999843896891533E+00
                          0.9999843561466384E+00
                          0.9999843225500976E+00
                          0.9999842888994729E+00
                          0.9999842551947064E+00
                          0.9999842214357398E+00
                          0.9999841876225154E+00
                          0.9999841537549747E+00
                          0.9999841198330599E+00
                          0.9999840858567126E+00
                          0.9999840518258747E+00
                          0.9999840177404881E+00
                          0.9999839836004942E+00
                          0.9999839494058350E+00
                          0.9999839151564522E+00
                          0.9999838808522873E+00
                          0.9999838464932820E+00
                          0.9999838120793778E+00
                          0.9999837776105163E+00
                          0.9999837430866391E+00
                          0.9999837085076876E+00
                          0.9999836738736033E+00
                          0.9999836391843276E+00
                          0.9999836044398019E+00
                          0.9999835696399677E+00
                          0.9999835347847662E+00
                          0.9999834998741387E+00
                          0.9999834649080266E+00
                          0.9999834298863710E+00
                          0.9999833948091132E+00
                          0.9999833596761943E+00
                          0.9999833244875557E+00
                          0.9999832892431382E+00
                          0.9999832539428830E+00
                          0.9999832185867312E+00
                          0.9999831831746239E+00
                          0.9999831477065019E+00
                          0.9999831121823063E+00
                          0.9999830766019780E+00
                          0.9999830409654580E+00
                          0.9999830052726869E+00
                          0.9999829695236059E+00
                          0.9999829337181555E+00
                          0.9999828978562767E+00
                          0.9999828619379102E+00
                          0.9999828259629966E+00
                          0.9999827899314767E+00
                          0.9999827538432912E+00
                          0.9999827176983804E+00
                          0.9999826814966853E+00
                          0.9999826452381463E+00
                          0.9999826089227040E+00
                          0.9999825725502987E+00
                          0.9999825361208710E+00
                          0.9999824996343614E+00
                          0.9999824630907101E+00
                          0.9999824264898578E+00
                          0.9999823898317445E+00
                          0.9999823531163108E+00
                          0.9999823163434968E+00
                          0.9999822795132427E+00
                          0.9999822426254890E+00
                          0.9999822056801756E+00
                          0.9999821686772428E+00
                          0.9999821316166306E+00
                          0.9999820944982792E+00
                          0.9999820573221287E+00
                          0.9999820200881192E+00
                          0.9999819827961904E+00
                          0.9999819454462826E+00
                          0.9999819080383355E+00
                          0.9999818705722893E+00
                          0.9999818330480835E+00
                          0.9999817954656581E+00
                          0.9999817578249530E+00
                          0.9999817201259080E+00
                          0.9999816823684627E+00
                          0.9999816445525570E+00
                          0.9999816066781304E+00
                          0.9999815687451228E+00
                          0.9999815307534735E+00
                          0.9999814927031224E+00
                          0.9999814545940089E+00
                          0.9999814164260726E+00
                          0.9999813781992530E+00
                          0.9999813399134896E+00
                          0.9999813015687218E+00
                          0.9999812631648890E+00
                          0.9999812247019306E+00
                          0.9999811861797859E+00
                          0.9999811475983944E+00
                          0.9999811089576952E+00
                          0.9999810702576275E+00
                          0.9999810314981308E+00
                          0.9999809926791441E+00
                          0.9999809538006065E+00
                          0.9999809148624573E+00
                          0.9999808758646355E+00
                          0.9999808368070802E+00
                          0.9999807976897305E+00
                          0.9999807585125252E+00
                          0.9999807192754036E+00
                          0.9999806799783043E+00
                          0.9999806406211664E+00
                          0.9999806012039288E+00
                          0.9999805617265304E+00
                          0.9999805221889099E+00
                          0.9999804825910060E+00
                          0.9999804429327577E+00
                          0.9999804032141036E+00
                          0.9999803634349824E+00
                          0.9999803235953327E+00
                          0.9999802836950933E+00
                          0.9999802437342027E+00
                          0.9999802037125994E+00
                          0.9999801636302221E+00
                          0.9999801234870093E+00
                          0.9999800832828993E+00
                          0.9999800430178307E+00
                          0.9999800026917419E+00
                          0.9999799623045713E+00
                          0.9999799218562572E+00
                          0.9999798813467380E+00
                          0.9999798407759518E+00
                          0.9999798001438370E+00
                          0.9999797594503320E+00
                          0.9999797186953747E+00
                          0.9999796778789034E+00
                          0.9999796370008562E+00
                          0.9999795960611714E+00
                          0.9999795550597869E+00
                          0.9999795139966405E+00
                          0.9999794728716708E+00
                          0.9999794316848153E+00
                          0.9999793904360121E+00
                          0.9999793491251991E+00
                          0.9999793077523143E+00
