 Longwave heating rate [K/s]
 -0.1716E-04
 -0.2526E-04
 -0.3215E-04
 -0.4038E-04
 -0.5502E-04
 -0.5629E-04
 -0.7589E-04
 -0.6570E-04
 -0.8201E-04
 -0.8961E-04
 -0.7267E-04
 -0.8374E-04
 -0.6341E-04
 -0.6512E-04
 -0.8275E-04
 -0.5948E-04
 -0.6759E-04
 -0.1093E-03
 -0.6265E-04
 -0.1079E-03
 -0.2337E-03
 -0.3277E-03
 -0.4084E-03
 -0.4865E-03
 -0.5613E-03
 -0.6290E-03
 -0.6842E-03
 -0.7208E-03
 -0.7326E-03
 -0.7134E-03
 -0.6528E-03
 -0.5098E-03
 -0.7447E-03
 -0.9791E-03
 -0.1152E-02
 -0.1294E-02
 -0.1406E-02
 -0.1469E-02
 -0.1497E-02
 -0.1479E-02
 -0.1442E-02
 -0.1474E-02
 -0.1704E-02
 -0.2271E-02
 -0.3623E-02
 -0.6671E-02
 -0.1389E-01
 -0.4580E-01
 -0.1166E+00
 -0.6094E+00
