 Spectral ground shortwave flux [W/m2/cm^-1]
  0.0000E+00
  0.0000E+00
  0.0000E+00
  0.0000E+00
  0.0000E+00
  0.0000E+00
  0.0000E+00
  0.0000E+00
  0.0000E+00
  0.0000E+00
  0.0000E+00
  0.0000E+00
  0.0000E+00
  0.0000E+00
  0.0000E+00
  0.0000E+00
  0.0000E+00
  0.0000E+00
  0.2283E-26
  0.0000E+00
  0.0000E+00
  0.0000E+00
  0.0000E+00
  0.0000E+00
  0.0000E+00
  0.0000E+00
  0.0000E+00
  0.0000E+00
  0.0000E+00
  0.0000E+00
  0.0000E+00
  0.0000E+00
  0.0000E+00
  0.0000E+00
  0.3961E-10
  0.3740E-07
  0.9806E-24
  0.0000E+00
  0.0000E+00
  0.0000E+00
  0.6256E-14
  0.0000E+00
  0.0000E+00
  0.0000E+00
  0.8797E-23
  0.2710E-03
  0.2038E-03
  0.1081E-03
  0.1319E-03
  0.1168E-21
  0.0000E+00
  0.0000E+00
  0.6758E-07
  0.2846E-11
  0.0000E+00
  0.0000E+00
  0.0000E+00
  0.0000E+00
  0.0000E+00
  0.0000E+00
  0.0000E+00
  0.0000E+00
  0.0000E+00
  0.0000E+00
  0.0000E+00
  0.0000E+00
  0.0000E+00
  0.0000E+00
  0.0000E+00
  0.0000E+00
  0.0000E+00
  0.0000E+00
  0.0000E+00
  0.0000E+00
  0.0000E+00
  0.0000E+00
  0.0000E+00
  0.0000E+00
  0.0000E+00
  0.0000E+00
  0.0000E+00
  0.0000E+00
  0.0000E+00
  0.0000E+00
  0.0000E+00
  0.0000E+00
  0.0000E+00
  0.9183E-13
  0.0000E+00
  0.0000E+00
  0.0000E+00
  0.0000E+00
  0.0000E+00
  0.0000E+00
  0.0000E+00
  0.0000E+00
  0.0000E+00
  0.0000E+00
  0.0000E+00
  0.1182E-29
  0.5197E-28
  0.3259E-22
  0.2224E-03
  0.1435E-07
  0.0000E+00
  0.0000E+00
  0.4248E-11
  0.5195E-03
  0.1046E-02
  0.1719E-04
  0.8225E-14
  0.2344E-13
  0.5352E-04
  0.9527E-03
  0.1442E-02
  0.1463E-02
  0.1337E-02
  0.1409E-02
  0.8806E-03
  0.2083E-04
  0.2711E-04
  0.1398E-05
  0.2050E-04
  0.3407E-08
  0.3824E-14
  0.1056E-10
  0.3226E-22
  0.3453E-16
  0.0000E+00
  0.7178E-11
  0.1675E-08
  0.8849E-14
  0.0000E+00
  0.0000E+00
  0.0000E+00
  0.0000E+00
  0.1898E-08
  0.1102E-13
  0.0000E+00
  0.0000E+00
  0.0000E+00
  0.0000E+00
  0.0000E+00
  0.0000E+00
  0.0000E+00
  0.0000E+00
  0.0000E+00
  0.0000E+00
  0.0000E+00
  0.0000E+00
  0.0000E+00
  0.0000E+00
  0.0000E+00
  0.0000E+00
  0.0000E+00
  0.0000E+00
  0.0000E+00
  0.0000E+00
  0.0000E+00
  0.1335E-14
  0.2024E-11
  0.1388E-16
  0.1321E-03
  0.2271E-04
  0.5826E-04
  0.9123E-03
  0.4386E-03
  0.9998E-03
  0.1029E-02
  0.1971E-02
  0.1490E-02
  0.2413E-02
  0.2120E-02
  0.2557E-02
  0.2238E-02
  0.2435E-02
  0.2068E-02
  0.7253E-04
  0.1741E-02
  0.1880E-02
  0.6827E-03
  0.6077E-03
  0.1708E-03
  0.1280E-04
  0.3778E-21
  0.0000E+00
  0.0000E+00
  0.2391E-06
  0.2581E-12
  0.0000E+00
  0.0000E+00
  0.0000E+00
  0.0000E+00
  0.0000E+00
  0.0000E+00
  0.0000E+00
  0.0000E+00
  0.0000E+00
  0.0000E+00
  0.0000E+00
  0.0000E+00
  0.0000E+00
  0.0000E+00
  0.0000E+00
  0.0000E+00
  0.0000E+00
  0.0000E+00
  0.6668E-17
  0.0000E+00
  0.0000E+00
  0.0000E+00
  0.0000E+00
  0.0000E+00
  0.0000E+00
  0.0000E+00
  0.0000E+00
  0.0000E+00
  0.0000E+00
  0.4636E-26
  0.2109E-19
  0.0000E+00
  0.2114E-06
  0.2483E-08
  0.1479E-03
  0.4453E-04
  0.1396E-02
  0.2032E-02
  0.5710E-03
  0.9323E-03
  0.3285E-02
  0.3664E-02
  0.3471E-02
  0.2667E-02
  0.8097E-03
  0.2563E-03
  0.6155E-03
  0.2988E-02
  0.6466E-03
  0.4222E-04
  0.6349E-06
  0.4041E-13
  0.6058E-15
  0.0000E+00
  0.0000E+00
  0.0000E+00
  0.6847E-17
  0.2522E-11
  0.0000E+00
  0.0000E+00
  0.0000E+00
  0.0000E+00
  0.1307E-06
  0.0000E+00
  0.0000E+00
  0.0000E+00
  0.0000E+00
  0.9483E-04
  0.1642E-02
  0.7998E-04
  0.0000E+00
  0.0000E+00
  0.0000E+00
  0.5784E-22
  0.1158E-02
  0.2246E-02
  0.1514E-02
  0.1199E-03
  0.0000E+00
  0.4782E-06
  0.4811E-09
  0.0000E+00
  0.2869E-23
  0.9508E-13
  0.1499E-03
  0.1782E-04
  0.3527E-18
  0.0000E+00
  0.0000E+00
  0.0000E+00
  0.0000E+00
  0.0000E+00
  0.2486E-06
  0.5924E-11
  0.1288E-10
  0.0000E+00
  0.1435E-10
  0.4657E-14
  0.0000E+00
  0.0000E+00
  0.0000E+00
  0.0000E+00
  0.9895E-18
  0.0000E+00
  0.0000E+00
  0.0000E+00
  0.0000E+00
  0.1352E-15
  0.3596E-08
  0.1448E-16
  0.5139E-20
  0.1428E-03
  0.7461E-03
  0.3030E-06
  0.0000E+00
  0.0000E+00
  0.3719E-03
  0.1803E-02
  0.2097E-02
  0.2401E-05
  0.6826E-17
  0.2330E-11
  0.1011E-02
  0.2272E-02
  0.2277E-02
  0.2264E-02
  0.1750E-02
  0.1910E-03
  0.3233E-03
  0.8367E-03
  0.8157E-03
  0.1899E-02
  0.1749E-02
  0.3957E-04
  0.1979E-05
  0.1378E-08
  0.7106E-10
  0.3612E-23
  0.0000E+00
  0.0000E+00
  0.1652E-06
  0.0000E+00
  0.0000E+00
  0.0000E+00
  0.1614E-03
  0.1744E-02
  0.1600E-02
  0.1743E-02
  0.1826E-02
  0.1497E-02
  0.1617E-02
  0.1715E-02
  0.1394E-02
  0.1656E-02
  0.1456E-02
  0.1197E-02
  0.7423E-03
  0.3020E-03
  0.7043E-06
  0.1221E-04
  0.2857E-07
  0.1637E-04
  0.1274E-03
  0.4130E-06
  0.4126E-05
  0.4372E-06
  0.4934E-07
  0.1908E-08
  0.3057E-04
  0.2233E-06
  0.1138E-03
  0.8753E-03
  0.1421E-02
  0.1054E-02
  0.1338E-02
  0.1437E-02
  0.1369E-02
  0.1341E-02
  0.1463E-02
  0.1247E-02
  0.1481E-02
  0.1494E-02
  0.1206E-02
  0.1010E-02
  0.9298E-03
  0.6048E-03
  0.7513E-06
  0.3146E-05
  0.1340E-02
  0.7251E-03
  0.2786E-04
  0.2206E-10
  0.7466E-26
  0.1375E-02
  0.1039E-02
  0.1754E-04
  0.8922E-04
  0.9811E-03
  0.1420E-02
  0.1425E-02
  0.1398E-02
  0.1418E-02
  0.1380E-02
  0.1354E-02
  0.1354E-02
  0.1294E-02
  0.1321E-02
  0.1288E-02
  0.1299E-02
  0.1279E-02
  0.1253E-02
  0.1258E-02
  0.1247E-02
  0.1231E-02
  0.1224E-02
  0.1250E-02
  0.1235E-02
  0.1107E-02
  0.1137E-02
  0.9609E-03
  0.1050E-02
  0.7536E-03
  0.7240E-03
  0.7209E-03
  0.9449E-03
  0.7178E-03
  0.8105E-03
  0.4475E-03
  0.5864E-03
  0.4407E-03
  0.3154E-03
  0.7890E-04
  0.9464E-05
  0.1695E-03
  0.2213E-03
  0.5703E-06
  0.3727E-03
  0.1848E-06
  0.7242E-05
  0.7777E-05
  0.2954E-06
  0.4461E-03
  0.7449E-03
  0.6546E-03
  0.3848E-03
  0.2680E-03
  0.8389E-03
  0.7686E-03
  0.7962E-03
  0.7598E-03
  0.6618E-03
  0.6316E-03
  0.6617E-03
  0.7191E-03
  0.4599E-03
  0.3582E-03
  0.4003E-03
  0.6948E-03
  0.7525E-03
  0.8229E-03
  0.8158E-03
  0.7914E-03
  0.7810E-03
  0.8327E-03
  0.8086E-03
  0.7874E-03
  0.7874E-03
  0.7236E-03
  0.7163E-03
  0.3577E-03
  0.1481E-03
  0.1503E-05
  0.6531E-03
  0.7141E-03
  0.7153E-03
  0.6755E-03
  0.6642E-03
  0.6285E-03
  0.6451E-03
  0.5330E-03
  0.5541E-03
  0.5393E-03
  0.5823E-03
  0.5600E-03
  0.5511E-03
  0.5537E-03
  0.6142E-03
  0.5828E-03
  0.5778E-03
  0.5698E-03
  0.5760E-03
  0.5398E-03
  0.5223E-03
  0.5183E-03
  0.3651E-03
  0.4555E-03
  0.5061E-03
  0.4386E-03
  0.5061E-03
  0.2983E-03
  0.4778E-03
  0.4590E-03
  0.4415E-03
  0.4907E-03
  0.4828E-03
  0.4834E-03
  0.4683E-03
  0.5089E-03
  0.4726E-03
  0.4681E-03
  0.4687E-03
  0.4381E-03
  0.4478E-03
  0.4177E-03
  0.4058E-03
  0.4030E-03
  0.3606E-03
  0.3191E-03
  0.7385E-04
  0.3790E-03
  0.3431E-03
  0.2363E-03
  0.2822E-04
  0.3597E-03
  0.3401E-03
  0.3467E-03
  0.3197E-03
  0.3059E-03
  0.3362E-03
  0.3047E-03
  0.2949E-03
  0.3058E-03
  0.2769E-03
  0.3257E-03
  0.3210E-03
  0.3241E-03
  0.3167E-03
  0.3326E-03
  0.3431E-03
  0.3574E-03
  0.3529E-03
  0.3484E-03
  0.3413E-03
  0.3277E-03
  0.3202E-03
  0.3209E-03
  0.3043E-03
  0.3021E-03
  0.2972E-03
  0.2954E-03
  0.2802E-03
  0.2783E-03
  0.2669E-03
  0.2817E-03
  0.2294E-03
  0.2412E-03
  0.2191E-03
  0.2049E-03
  0.1958E-03
  0.1710E-03
  0.1651E-03
  0.1502E-03
  0.1028E-03
  0.8184E-04
  0.1006E-03
  0.1141E-03
  0.5353E-04
  0.8403E-04
  0.8885E-04
  0.9215E-04
  0.7992E-04
  0.7557E-04
  0.8762E-04
  0.9388E-04
  0.7928E-04
  0.9018E-04
  0.9480E-04
  0.8496E-04
  0.1049E-03
  0.1031E-03
  0.8923E-04
  0.7796E-04
  0.6506E-04
  0.7187E-04
  0.6389E-04
  0.5192E-04
  0.4919E-04
  0.4056E-04
  0.5764E-04
  0.7869E-04
  0.7175E-04
  0.6662E-04
  0.7527E-04
  0.7120E-04
  0.6390E-04
  0.6927E-04
  0.6372E-04
  0.5552E-04
  0.5547E-04
  0.5266E-04
  0.4673E-04
  0.5344E-04
  0.5164E-04
  0.4291E-04
  0.4658E-04
  0.4141E-04
  0.4209E-04
  0.4499E-04
  0.4862E-04
  0.3859E-04
  0.4878E-04
  0.3947E-04
  0.3596E-04
  0.4358E-04
  0.3487E-04
  0.3274E-04
  0.3479E-04
  0.3036E-04
  0.2531E-04
  0.2337E-04
  0.2050E-04
  0.1803E-04
  0.1728E-04
  0.1693E-04
  0.1439E-04
  0.1367E-04
  0.1333E-04
  0.1387E-04
  0.1764E-04
  0.2858E-04
  0.2461E-04
  0.2350E-04
  0.2103E-04
  0.1708E-04
  0.1683E-04
  0.1689E-04
  0.1388E-04
  0.1309E-04
  0.1433E-04
  0.1370E-04
  0.1182E-04
  0.1612E-04
  0.1851E-04
  0.1567E-04
  0.1534E-04
  0.1228E-04
  0.1248E-04
  0.1188E-04
  0.9949E-05
  0.9663E-05
  0.1011E-04
  0.9242E-05
  0.8257E-05
  0.1168E-04
  0.1197E-04
  0.1369E-04
  0.1409E-04
  0.1280E-04
  0.1211E-04
  0.1175E-04
  0.1277E-04
  0.1489E-04
  0.1263E-04
  0.1712E-04
  0.1625E-04
  0.1561E-04
  0.1413E-04
  0.1248E-04
  0.1354E-04
  0.1258E-04
  0.1176E-04
  0.1162E-04
  0.1284E-04
  0.1165E-04
  0.1038E-04
  0.1336E-04
  0.1377E-04
  0.1436E-04
  0.1207E-04
  0.1292E-04
  0.1172E-04
  0.1127E-04
  0.9821E-05
  0.1046E-04
  0.1040E-04
  0.1009E-04
  0.8743E-05
  0.9962E-05
  0.9776E-05
  0.1048E-04
  0.1024E-04
  0.1135E-04
  0.1186E-04
  0.1118E-04
  0.1211E-04
  0.1414E-04
  0.1306E-04
  0.1290E-04
  0.1143E-04
  0.1168E-04
  0.1141E-04
  0.9636E-05
  0.7325E-05
  0.9696E-05
  0.8062E-05
  0.7191E-05
  0.6735E-05
  0.7256E-05
  0.7204E-05
  0.6280E-05
  0.7275E-05
  0.6259E-05
  0.5659E-05
  0.7073E-05
  0.6237E-05
  0.5711E-05
  0.4688E-05
  0.3767E-05
  0.4554E-05
  0.3318E-05
  0.3477E-05
  0.4020E-05
  0.3789E-05
  0.3526E-05
  0.3539E-05
  0.3135E-05
  0.3496E-05
  0.3435E-05
  0.3809E-05
  0.3397E-05
  0.2848E-05
  0.3957E-05
  0.4314E-05
  0.3574E-05
  0.3444E-05
  0.3567E-05
  0.2547E-05
  0.2424E-05
  0.2673E-05
  0.2901E-05
  0.2720E-05
  0.2128E-05
  0.1974E-05
  0.2201E-05
  0.1551E-05
  0.2411E-05
  0.2704E-05
  0.2117E-05
  0.2765E-05
  0.2681E-05
  0.1811E-05
  0.2288E-05
  0.1856E-05
  0.2032E-05
  0.2404E-05
  0.1882E-05
  0.2084E-05
  0.2427E-05
  0.2174E-05
  0.1762E-05
  0.1894E-05
  0.1174E-05
  0.1809E-05
  0.2017E-05
  0.2232E-05
  0.1803E-05
  0.1795E-05
  0.1834E-05
  0.1689E-05
  0.8721E-06
  0.8392E-06
  0.1322E-05
  0.9106E-06
  0.8876E-06
  0.1298E-05
  0.1126E-05
  0.1020E-05
  0.9090E-06
  0.5744E-06
  0.5633E-06
  0.6721E-06
  0.4297E-06
  0.3874E-06
  0.3837E-06
  0.2106E-06
  0.6063E-06
  0.7671E-06
  0.4221E-06
  0.6054E-06
  0.5275E-06
  0.4344E-06
  0.3967E-06
  0.4847E-06
  0.3949E-06
  0.5145E-06
  0.3797E-06
  0.3346E-06
  0.3621E-06
  0.3618E-06
  0.3266E-06
  0.3546E-06
  0.3948E-06
  0.2772E-06
  0.4350E-06
  0.2916E-06
  0.3432E-06
  0.3131E-06
  0.2262E-06
  0.1889E-06
  0.2110E-06
  0.2268E-06
  0.2695E-06
  0.2367E-06
  0.1921E-06
  0.1819E-06
  0.2029E-06
  0.1518E-06
  0.1753E-06
  0.3682E-06
  0.3983E-06
  0.2964E-06
  0.3487E-06
  0.3428E-06
  0.2472E-06
  0.3464E-06
  0.2937E-06
  0.2670E-06
  0.2631E-06
  0.2173E-06
  0.1672E-06
  0.1656E-06
  0.1372E-06
  0.1385E-06
  0.1449E-06
  0.1232E-06
  0.1082E-06
  0.1228E-06
  0.1135E-06
  0.1067E-06
  0.9529E-07
  0.8086E-07
  0.7985E-07
  0.4424E-07
  0.6728E-07
  0.7182E-07
  0.8328E-07
  0.7912E-07
  0.6744E-07
  0.8178E-07
  0.5506E-07
  0.4474E-07
  0.7455E-07
  0.9380E-07
  0.1004E-06
  0.6401E-07
  0.8500E-07
  0.4916E-07
  0.6666E-07
  0.7070E-07
  0.7573E-07
  0.4647E-07
  0.6113E-07
  0.6841E-07
  0.5082E-07
  0.5310E-07
  0.3222E-07
  0.4079E-07
  0.3271E-07
  0.4416E-07
  0.5304E-07
  0.3734E-07
  0.2177E-07
  0.3045E-07
  0.2613E-07
  0.2172E-07
  0.2928E-07
  0.3122E-07
  0.3111E-07
  0.3364E-07
  0.1785E-07
  0.1708E-07
  0.1972E-07
  0.1983E-07
  0.2136E-07
  0.1577E-07
  0.2265E-07
  0.2142E-07
  0.1857E-07
  0.2126E-07
  0.1469E-07
  0.9880E-08
  0.1404E-07
  0.1180E-07
  0.1221E-07
  0.7040E-08
  0.1044E-07
  0.1347E-07
  0.1221E-07
  0.1323E-07
  0.1305E-07
  0.9004E-08
  0.7904E-08
  0.8794E-08
  0.6618E-08
  0.7272E-08
  0.4202E-08
  0.6621E-08
  0.4531E-08
  0.2611E-08
  0.4818E-08
  0.6210E-08
  0.5194E-08
  0.2369E-08
  0.4499E-08
  0.2764E-08
  0.3472E-08
  0.3702E-08
  0.3849E-08
  0.1694E-08
  0.3001E-08
  0.3369E-08
  0.2176E-08
  0.1626E-08
  0.1281E-08
  0.2076E-08
  0.1916E-08
  0.2708E-08
  0.3173E-08
  0.2180E-08
  0.1846E-08
  0.2379E-08
  0.1524E-08
  0.1298E-08
  0.2024E-08
  0.1420E-08
  0.8041E-09
  0.1160E-08
  0.1196E-08
  0.8998E-09
  0.4743E-09
  0.6301E-09
  0.4761E-09
  0.5507E-09
  0.2615E-09
  0.4559E-09
  0.4540E-09
  0.1746E-09
  0.3217E-09
  0.5477E-09
  0.4550E-09
  0.2152E-09
  0.1801E-09
  0.4285E-09
  0.5032E-09
  0.2568E-09
  0.1490E-09
  0.9076E-10
  0.5510E-10
  0.1625E-09
  0.1433E-09
  0.2353E-09
  0.4014E-09
  0.9502E-10
  0.1674E-09
  0.2487E-09
  0.1647E-09
  0.2556E-09
  0.2244E-09
  0.1207E-09
  0.1371E-09
  0.1014E-09
  0.1161E-09
  0.1921E-09
  0.1547E-09
  0.6996E-10
  0.1358E-09
  0.8717E-10
  0.6306E-10
  0.4937E-10
  0.1056E-09
  0.1323E-09
  0.5693E-10
  0.7297E-10
  0.5977E-10
  0.8845E-10
  0.5108E-10
  0.6326E-10
  0.5145E-10
  0.7504E-10
  0.7038E-10
  0.4660E-10
  0.2745E-10
  0.3511E-10
  0.2758E-10
  0.2633E-10
  0.2490E-10
  0.2056E-10
  0.2366E-10
  0.2034E-10
  0.1135E-10
  0.1932E-10
  0.1661E-10
  0.3765E-11
  0.1092E-10
  0.1439E-10
  0.2258E-10
  0.2617E-10
  0.1920E-10
  0.1606E-10
  0.1184E-10
  0.1082E-10
  0.1058E-10
  0.1242E-10
  0.7323E-11
  0.6234E-11
  0.3327E-11
  0.3332E-11
  0.1807E-11
  0.5711E-12
  0.1160E-11
  0.1023E-11
  0.1525E-11
  0.2645E-11
  0.1517E-11
  0.1196E-11
  0.9475E-12
  0.6979E-12
  0.2057E-12
  0.3386E-12
  0.6928E-12
  0.5733E-12
  0.7850E-12
  0.1364E-11
  0.1267E-11
  0.4521E-12
  0.8059E-12
  0.2924E-12
  0.4821E-12
  0.6686E-12
  0.3101E-12
  0.3661E-12
  0.3181E-12
  0.2578E-12
  0.5139E-12
  0.5284E-12
  0.2455E-12
  0.1612E-12
  0.9454E-13
  0.2604E-12
  0.2980E-12
  0.3095E-12
  0.3042E-12
  0.1556E-12
  0.1688E-12
  0.1459E-12
  0.1329E-12
  0.4641E-13
  0.6062E-13
  0.1082E-12
  0.1922E-12
  0.2936E-12
  0.1648E-12
  0.2419E-12
  0.7059E-13
  0.1341E-12
  0.1493E-12
  0.6369E-13
  0.2126E-12
  0.1570E-12
  0.1072E-12
  0.1036E-12
  0.9152E-13
  0.4193E-13
  0.4852E-13
  0.2675E-13
  0.5181E-13
  0.3136E-13
  0.1019E-13
  0.8049E-14
  0.1414E-13
  0.9544E-14
  0.6350E-14
  0.1101E-13
  0.1218E-13
  0.1279E-13
  0.3763E-14
  0.5951E-14
  0.1406E-13
  0.1745E-13
  0.6919E-14
  0.6093E-14
  0.2628E-13
  0.2172E-13
  0.1114E-13
  0.2211E-13
  0.4638E-14
  0.1026E-13
  0.4293E-14
  0.7148E-14
  0.7104E-14
  0.5205E-14
  0.1109E-13
  0.7951E-14
  0.9637E-14
  0.4716E-14
  0.4399E-14
  0.3100E-14
  0.2308E-14
  0.2813E-14
  0.4715E-14
  0.2381E-14
  0.2155E-14
  0.1569E-14
  0.4055E-14
  0.2123E-14
  0.1044E-14
  0.1322E-14
  0.1179E-14
  0.8917E-15
  0.5433E-15
  0.4638E-15
  0.1002E-14
  0.7392E-15
  0.2569E-15
  0.4569E-15
  0.3132E-15
  0.3311E-15
  0.1573E-15
  0.1641E-15
  0.3560E-15
  0.3254E-15
  0.3117E-15
  0.2267E-15
  0.3652E-15
  0.4249E-15
  0.1842E-15
  0.4257E-15
  0.3273E-15
  0.1376E-15
  0.3489E-15
  0.5216E-15
  0.1413E-15
  0.1901E-15
  0.1901E-15
  0.9930E-16
  0.3564E-16
  0.8060E-16
  0.8870E-16
  0.3840E-16
  0.6012E-16
  0.9764E-16
  0.9576E-16
  0.6041E-16
  0.3120E-16
  0.1675E-16
  0.3347E-16
  0.1367E-16
  0.3989E-16
  0.2384E-16
  0.4636E-16
  0.2646E-16
  0.5870E-17
  0.1642E-16
  0.1698E-16
  0.7205E-17
  0.7862E-17
  0.9443E-17
  0.8085E-17
  0.1098E-16
  0.8278E-17
  0.5992E-17
  0.3217E-17
  0.2128E-17
  0.2326E-17
  0.4330E-17
  0.3904E-17
  0.6268E-17
  0.5955E-17
  0.5031E-17
  0.2953E-17
  0.4347E-17
  0.2246E-17
  0.6356E-18
  0.2996E-17
  0.2373E-17
  0.1523E-17
  0.2070E-17
  0.1401E-17
  0.2060E-17
  0.6833E-18
  0.9096E-18
  0.1639E-17
  0.8442E-18
  0.9725E-18
  0.7470E-18
  0.6951E-18
  0.3776E-18
  0.2978E-18
  0.3802E-18
  0.5167E-18
  0.2062E-18
  0.2890E-18
  0.2503E-18
  0.4549E-18
  0.1954E-18
  0.2508E-18
  0.3027E-18
  0.1647E-18
  0.2606E-18
  0.1871E-18
  0.1107E-18
  0.1311E-18
  0.1093E-18
  0.7827E-19
  0.7294E-19
  0.9478E-19
  0.3842E-19
  0.4131E-19
  0.6151E-19
  0.9399E-19
  0.4370E-19
  0.1461E-19
  0.1203E-18
  0.5938E-19
  0.4132E-19
  0.5115E-19
  0.3503E-19
  0.2749E-19
  0.1596E-19
  0.1763E-19
  0.1687E-19
  0.1628E-19
  0.6831E-20
  0.6726E-20
  0.1274E-19
  0.8733E-20
  0.1069E-19
  0.4189E-20
  0.5216E-20
  0.6625E-20
  0.3463E-20
  0.1707E-20
  0.2330E-20
  0.2604E-20
  0.1876E-20
  0.1931E-20
  0.1628E-20
  0.1482E-20
  0.1351E-20
  0.1067E-20
  0.7140E-21
  0.7600E-21
  0.3656E-21
  0.1150E-20
  0.5159E-21
  0.4339E-21
  0.4392E-21
  0.5233E-21
  0.3722E-21
  0.2990E-21
  0.2012E-21
  0.2518E-21
  0.2762E-21
  0.6506E-22
  0.1487E-21
  0.2231E-21
  0.5078E-22
  0.1100E-21
  0.1936E-21
  0.1297E-21
  0.1763E-21
  0.6272E-22
  0.7560E-22
  0.5092E-22
  0.7399E-22
  0.2835E-22
  0.1720E-22
  0.7019E-22
  0.3928E-22
  0.3581E-22
  0.3915E-22
  0.2695E-22
  0.9942E-23
  0.7792E-23
  0.9598E-23
  0.2263E-22
  0.1021E-22
  0.4742E-23
  0.5044E-23
  0.8255E-23
  0.7028E-23
  0.5608E-23
  0.4194E-23
  0.3177E-23
  0.2372E-23
  0.3162E-23
  0.3032E-23
  0.2780E-23
  0.1598E-23
  0.1374E-23
  0.7397E-24
  0.1602E-23
  0.9166E-24
  0.4938E-24
  0.5989E-24
  0.5769E-24
  0.8359E-24
  0.4716E-24
  0.2532E-24
  0.3153E-24
  0.3246E-24
  0.2300E-24
  0.2601E-24
  0.5022E-24
  0.5278E-25
  0.1667E-24
  0.1192E-24
  0.9462E-25
  0.5954E-25
  0.4170E-25
  0.7218E-25
  0.6138E-25
  0.3557E-25
  0.4420E-25
  0.4087E-25
  0.2215E-25
  0.2531E-25
  0.1535E-25
  0.2262E-25
  0.2297E-25
  0.1682E-25
  0.1344E-25
  0.4452E-26
  0.8822E-26
  0.2399E-26
  0.2405E-26
  0.5112E-26
  0.5400E-26
  0.4966E-26
  0.4188E-26
  0.1826E-26
  0.3711E-26
  0.2131E-26
  0.1297E-26
  0.1716E-26
  0.1876E-26
  0.8542E-27
  0.1383E-26
  0.1018E-26
  0.2614E-27
  0.4718E-27
  0.4203E-27
  0.7556E-27
  0.4626E-27
  0.3861E-27
  0.2752E-27
  0.1898E-27
  0.1980E-27
  0.1038E-27
  0.1262E-27
  0.2264E-27
  0.2432E-27
  0.1604E-27
  0.7868E-28
  0.6314E-28
  0.8599E-28
  0.5026E-28
  0.3202E-28
  0.5199E-28
  0.2434E-28
  0.3087E-28
  0.4166E-28
  0.1961E-28
  0.2625E-28
  0.2261E-28
  0.2051E-28
  0.8014E-29
  0.1222E-28
  0.8801E-29
  0.7869E-29
  0.8482E-29
  0.8732E-29
  0.7734E-29
  0.3965E-29
  0.2354E-29
  0.2438E-29
  0.2650E-29
  0.2096E-29
  0.1810E-29
  0.1260E-29
  0.1681E-29
  0.2129E-29
  0.0000E+00
  0.0000E+00
  0.0000E+00
  0.0000E+00
  0.0000E+00
  0.0000E+00
  0.0000E+00
  0.0000E+00
  0.0000E+00
  0.0000E+00
  0.0000E+00
  0.0000E+00
  0.0000E+00
  0.0000E+00
  0.0000E+00
  0.0000E+00
  0.0000E+00
  0.0000E+00
  0.0000E+00
  0.0000E+00
  0.0000E+00
  0.0000E+00
  0.0000E+00
  0.0000E+00
  0.0000E+00
  0.0000E+00
  0.0000E+00
  0.0000E+00
  0.0000E+00
  0.0000E+00
  0.0000E+00
  0.0000E+00
  0.0000E+00
  0.0000E+00
  0.0000E+00
  0.0000E+00
  0.0000E+00
  0.0000E+00
  0.0000E+00
  0.0000E+00
  0.0000E+00
  0.0000E+00
  0.0000E+00
  0.0000E+00
  0.0000E+00
  0.0000E+00
  0.0000E+00
  0.0000E+00
  0.0000E+00
  0.0000E+00
  0.0000E+00
  0.0000E+00
  0.0000E+00
  0.0000E+00
  0.0000E+00
  0.0000E+00
  0.0000E+00
  0.0000E+00
  0.0000E+00
  0.0000E+00
  0.0000E+00
  0.0000E+00
  0.0000E+00
  0.0000E+00
  0.0000E+00
  0.0000E+00
  0.0000E+00
  0.0000E+00
  0.0000E+00
  0.0000E+00
  0.0000E+00
  0.0000E+00
  0.0000E+00
  0.0000E+00
  0.0000E+00
  0.0000E+00
  0.0000E+00
  0.0000E+00
  0.0000E+00
  0.0000E+00
  0.0000E+00
  0.0000E+00
  0.0000E+00
  0.0000E+00
  0.0000E+00
  0.0000E+00
  0.0000E+00
  0.0000E+00
  0.0000E+00
  0.0000E+00
  0.0000E+00
  0.0000E+00
  0.0000E+00
  0.0000E+00
  0.0000E+00
  0.0000E+00
  0.0000E+00
  0.0000E+00
  0.0000E+00
  0.0000E+00
  0.0000E+00
  0.0000E+00
  0.0000E+00
  0.0000E+00
  0.0000E+00
  0.0000E+00
  0.0000E+00
  0.0000E+00
  0.0000E+00
  0.0000E+00
  0.0000E+00
  0.0000E+00
  0.0000E+00
  0.0000E+00
  0.0000E+00
  0.0000E+00
  0.0000E+00
  0.0000E+00
  0.0000E+00
  0.0000E+00
  0.0000E+00
  0.0000E+00
  0.0000E+00
  0.0000E+00
  0.0000E+00
  0.0000E+00
  0.0000E+00
  0.0000E+00
  0.0000E+00
  0.0000E+00
  0.0000E+00
  0.0000E+00
  0.0000E+00
  0.0000E+00
  0.0000E+00
  0.0000E+00
  0.0000E+00
  0.0000E+00
  0.0000E+00
  0.0000E+00
  0.0000E+00
  0.0000E+00
  0.0000E+00
  0.0000E+00
  0.0000E+00
  0.0000E+00
  0.0000E+00
  0.0000E+00
  0.0000E+00
  0.0000E+00
  0.0000E+00
  0.0000E+00
  0.0000E+00
  0.0000E+00
  0.0000E+00
  0.0000E+00
  0.0000E+00
  0.0000E+00
  0.0000E+00
  0.0000E+00
  0.0000E+00
  0.0000E+00
  0.0000E+00
  0.0000E+00
  0.0000E+00
  0.0000E+00
  0.0000E+00
  0.0000E+00
  0.0000E+00
  0.0000E+00
  0.0000E+00
  0.0000E+00
  0.0000E+00
  0.0000E+00
  0.0000E+00
  0.0000E+00
  0.0000E+00
  0.0000E+00
  0.0000E+00
  0.0000E+00
  0.0000E+00
  0.0000E+00
  0.0000E+00
  0.0000E+00
  0.0000E+00
  0.0000E+00
  0.0000E+00
  0.0000E+00
  0.0000E+00
  0.0000E+00
  0.0000E+00
  0.0000E+00
  0.0000E+00
  0.0000E+00
  0.0000E+00
  0.0000E+00
  0.0000E+00
  0.0000E+00
  0.0000E+00
  0.0000E+00
  0.0000E+00
  0.0000E+00
  0.0000E+00
  0.0000E+00
  0.0000E+00
  0.0000E+00
  0.0000E+00
  0.0000E+00
  0.0000E+00
  0.0000E+00
  0.0000E+00
  0.0000E+00
  0.0000E+00
  0.0000E+00
  0.0000E+00
  0.0000E+00
  0.0000E+00
  0.0000E+00
  0.0000E+00
  0.0000E+00
  0.0000E+00
  0.0000E+00
  0.0000E+00
  0.0000E+00
  0.0000E+00
  0.0000E+00
  0.0000E+00
  0.0000E+00
  0.0000E+00
  0.0000E+00
  0.0000E+00
  0.0000E+00
  0.0000E+00
  0.0000E+00
  0.0000E+00
  0.0000E+00
  0.0000E+00
  0.0000E+00
  0.0000E+00
  0.0000E+00
  0.0000E+00
  0.0000E+00
  0.0000E+00
  0.0000E+00
  0.0000E+00
  0.0000E+00
  0.0000E+00
  0.0000E+00
  0.0000E+00
  0.0000E+00
  0.0000E+00
  0.0000E+00
  0.0000E+00
  0.0000E+00
  0.0000E+00
  0.0000E+00
  0.0000E+00
  0.0000E+00
  0.0000E+00
  0.0000E+00
  0.0000E+00
  0.0000E+00
  0.0000E+00
  0.0000E+00
  0.0000E+00
  0.0000E+00
  0.0000E+00
  0.0000E+00
  0.0000E+00
  0.0000E+00
  0.0000E+00
  0.0000E+00
  0.0000E+00
  0.0000E+00
  0.0000E+00
  0.0000E+00
  0.0000E+00
  0.0000E+00
  0.0000E+00
  0.0000E+00
  0.0000E+00
  0.0000E+00
  0.0000E+00
  0.0000E+00
  0.0000E+00
  0.0000E+00
  0.0000E+00
  0.0000E+00
  0.0000E+00
  0.0000E+00
  0.0000E+00
  0.0000E+00
  0.0000E+00
  0.0000E+00
  0.0000E+00
  0.0000E+00
  0.0000E+00
  0.0000E+00
  0.0000E+00
  0.0000E+00
  0.0000E+00
  0.0000E+00
  0.0000E+00
  0.0000E+00
  0.0000E+00
  0.0000E+00
  0.0000E+00
  0.0000E+00
  0.0000E+00
  0.0000E+00
  0.0000E+00
  0.0000E+00
  0.0000E+00
  0.0000E+00
  0.0000E+00
  0.0000E+00
  0.0000E+00
  0.0000E+00
  0.0000E+00
  0.0000E+00
  0.0000E+00
  0.0000E+00
  0.0000E+00
  0.0000E+00
  0.0000E+00
  0.0000E+00
  0.0000E+00
  0.0000E+00
  0.0000E+00
  0.0000E+00
  0.0000E+00
  0.0000E+00
  0.0000E+00
  0.0000E+00
  0.0000E+00
  0.0000E+00
  0.0000E+00
  0.0000E+00
  0.0000E+00
  0.0000E+00
  0.0000E+00
  0.0000E+00
  0.0000E+00
  0.0000E+00
  0.0000E+00
  0.0000E+00
  0.0000E+00
  0.0000E+00
  0.0000E+00
  0.0000E+00
  0.0000E+00
  0.0000E+00
  0.0000E+00
  0.0000E+00
  0.0000E+00
  0.0000E+00
  0.0000E+00
  0.0000E+00
  0.0000E+00
  0.0000E+00
  0.0000E+00
  0.0000E+00
  0.0000E+00
  0.0000E+00
  0.0000E+00
  0.0000E+00
  0.0000E+00
  0.0000E+00
  0.0000E+00
  0.0000E+00
  0.0000E+00
  0.0000E+00
  0.0000E+00
  0.0000E+00
  0.0000E+00
  0.0000E+00
  0.0000E+00
  0.0000E+00
  0.0000E+00
  0.0000E+00
  0.0000E+00
  0.0000E+00
  0.0000E+00
  0.0000E+00
  0.0000E+00
  0.0000E+00
  0.0000E+00
  0.0000E+00
  0.0000E+00
  0.0000E+00
  0.0000E+00
  0.0000E+00
  0.0000E+00
  0.0000E+00
  0.0000E+00
  0.0000E+00
  0.0000E+00
  0.0000E+00
  0.0000E+00
  0.0000E+00
  0.0000E+00
  0.0000E+00
  0.0000E+00
  0.0000E+00
  0.0000E+00
  0.0000E+00
  0.0000E+00
  0.0000E+00
  0.0000E+00
  0.0000E+00
  0.0000E+00
  0.0000E+00
  0.0000E+00
  0.0000E+00
  0.0000E+00
  0.0000E+00
  0.0000E+00
  0.0000E+00
  0.0000E+00
  0.0000E+00
  0.0000E+00
  0.0000E+00
  0.0000E+00
  0.0000E+00
  0.0000E+00
  0.0000E+00
  0.0000E+00
  0.0000E+00
  0.0000E+00
  0.0000E+00
  0.0000E+00
  0.0000E+00
  0.0000E+00
  0.0000E+00
  0.0000E+00
  0.0000E+00
  0.0000E+00
  0.0000E+00
  0.0000E+00
  0.0000E+00
  0.0000E+00
  0.0000E+00
  0.0000E+00
  0.0000E+00
  0.0000E+00
  0.0000E+00
  0.0000E+00
  0.0000E+00
  0.0000E+00
  0.0000E+00
  0.0000E+00
  0.0000E+00
  0.0000E+00
  0.0000E+00
  0.0000E+00
  0.0000E+00
  0.0000E+00
  0.0000E+00
  0.0000E+00
  0.0000E+00
  0.0000E+00
  0.0000E+00
  0.0000E+00
  0.0000E+00
  0.0000E+00
  0.0000E+00
  0.0000E+00
  0.0000E+00
  0.0000E+00
  0.0000E+00
  0.0000E+00
  0.0000E+00
  0.0000E+00
  0.0000E+00
  0.0000E+00
  0.0000E+00
  0.0000E+00
  0.0000E+00
  0.0000E+00
  0.0000E+00
  0.0000E+00
  0.0000E+00
  0.0000E+00
  0.0000E+00
  0.0000E+00
  0.0000E+00
  0.0000E+00
  0.0000E+00
  0.0000E+00
  0.0000E+00
  0.0000E+00
  0.0000E+00
  0.0000E+00
  0.0000E+00
  0.0000E+00
  0.0000E+00
  0.0000E+00
  0.0000E+00
  0.0000E+00
  0.0000E+00
  0.0000E+00
  0.0000E+00
  0.0000E+00
  0.0000E+00
  0.0000E+00
  0.0000E+00
  0.0000E+00
  0.0000E+00
  0.0000E+00
  0.0000E+00
  0.0000E+00
  0.0000E+00
  0.0000E+00
  0.0000E+00
  0.0000E+00
  0.0000E+00
  0.0000E+00
  0.0000E+00
  0.0000E+00
  0.0000E+00
  0.0000E+00
  0.0000E+00
  0.0000E+00
  0.0000E+00
  0.0000E+00
  0.0000E+00
  0.0000E+00
  0.0000E+00
  0.0000E+00
  0.0000E+00
  0.0000E+00
  0.0000E+00
  0.0000E+00
  0.0000E+00
  0.0000E+00
  0.0000E+00
  0.0000E+00
  0.0000E+00
  0.0000E+00
  0.0000E+00
  0.0000E+00
  0.0000E+00
  0.0000E+00
  0.0000E+00
  0.0000E+00
  0.0000E+00
  0.0000E+00
  0.0000E+00
  0.0000E+00
  0.0000E+00
  0.0000E+00
  0.0000E+00
  0.0000E+00
  0.0000E+00
  0.0000E+00
  0.0000E+00
  0.0000E+00
  0.0000E+00
  0.0000E+00
  0.0000E+00
  0.0000E+00
  0.0000E+00
  0.0000E+00
  0.0000E+00
  0.0000E+00
  0.0000E+00
  0.0000E+00
  0.0000E+00
  0.0000E+00
  0.0000E+00
  0.0000E+00
  0.0000E+00
  0.0000E+00
  0.0000E+00
  0.0000E+00
  0.0000E+00
  0.0000E+00
  0.0000E+00
  0.0000E+00
  0.0000E+00
  0.0000E+00
  0.0000E+00
  0.0000E+00
  0.0000E+00
  0.0000E+00
  0.0000E+00
  0.0000E+00
  0.0000E+00
  0.0000E+00
  0.0000E+00
  0.0000E+00
  0.0000E+00
  0.0000E+00
  0.0000E+00
  0.0000E+00
  0.0000E+00
  0.0000E+00
  0.0000E+00
  0.0000E+00
  0.0000E+00
  0.0000E+00
  0.0000E+00
  0.0000E+00
  0.0000E+00
  0.0000E+00
  0.0000E+00
  0.0000E+00
  0.0000E+00
  0.0000E+00
  0.0000E+00
  0.0000E+00
  0.0000E+00
  0.0000E+00
  0.0000E+00
  0.0000E+00
  0.0000E+00
  0.0000E+00
  0.0000E+00
  0.0000E+00
