 Spectral outgoing shortwave flux [W/m2/cm^-1]
  0.0000E+00
  0.3604E-16
  0.5336E-15
  0.2632E-14
  0.8210E-14
  0.2138E-13
  0.5622E-13
  0.1408E-12
  0.3129E-12
  0.6314E-12
  0.1182E-11
  0.2081E-11
  0.3504E-11
  0.5637E-11
  0.8753E-11
  0.1313E-10
  0.1934E-10
  0.2766E-10
  0.3885E-10
  0.5356E-10
  0.7252E-10
  0.9671E-10
  0.1272E-09
  0.1657E-09
  0.2127E-09
  0.2728E-09
  0.3421E-09
  0.4283E-09
  0.5328E-09
  0.6543E-09
  0.7983E-09
  0.9695E-09
  0.1169E-08
  0.1399E-08
  0.1656E-08
  0.1997E-08
  0.2355E-08
  0.2767E-08
  0.3258E-08
  0.3779E-08
  0.4357E-08
  0.5077E-08
  0.5862E-08
  0.6745E-08
  0.7701E-08
  0.4994E-04
  0.2608E-04
  0.7159E-05
  0.1014E-04
  0.1443E-07
  0.1627E-07
  0.1830E-07
  0.2049E-07
  0.2300E-07
  0.2555E-07
  0.2826E-07
  0.3149E-07
  0.3524E-07
  0.3877E-07
  0.4183E-07
  0.4639E-07
  0.5115E-07
  0.5556E-07
  0.6296E-07
  0.6795E-07
  0.7267E-07
  0.7539E-07
  0.8334E-07
  0.8684E-07
  0.1052E-06
  0.1086E-06
  0.1150E-06
  0.1197E-06
  0.1297E-06
  0.1446E-06
  0.1601E-06
  0.1686E-06
  0.1699E-06
  0.1718E-06
  0.1884E-06
  0.2022E-06
  0.2103E-06
  0.2279E-06
  0.2383E-06
  0.2554E-06
  0.2713E-06
  0.2902E-06
  0.3029E-06
  0.3255E-06
  0.3454E-06
  0.3860E-06
  0.4365E-06
  0.5151E-06
  0.5587E-06
  0.6439E-06
  0.6813E-06
  0.7153E-06
  0.7709E-06
  0.8028E-06
  0.8618E-06
  0.9186E-06
  0.9638E-06
  0.8875E-05
  0.1068E-05
  0.1137E-05
  0.1196E-05
  0.1249E-05
  0.3834E-04
  0.1501E-03
  0.1535E-05
  0.1548E-05
  0.1644E-05
  0.2224E-05
  0.1167E-03
  0.2683E-03
  0.2672E-03
  0.2236E-03
  0.2406E-03
  0.9294E-04
  0.2536E-05
  0.2619E-05
  0.2675E-05
  0.2808E-05
  0.2887E-05
  0.3099E-05
  0.3189E-05
  0.3324E-05
  0.3489E-05
  0.3590E-05
  0.3758E-05
  0.3996E-05
  0.4086E-05
  0.4269E-05
  0.4361E-05
  0.4606E-05
  0.4744E-05
  0.4713E-05
  0.5126E-05
  0.5351E-05
  0.5448E-05
  0.5661E-05
  0.5892E-05
  0.5652E-05
  0.5812E-05
  0.6133E-05
  0.6662E-05
  0.6635E-05
  0.7005E-05
  0.6582E-05
  0.6814E-05
  0.6681E-05
  0.6838E-05
  0.6952E-05
  0.7874E-05
  0.8071E-05
  0.7834E-05
  0.7808E-05
  0.7282E-05
  0.7172E-05
  0.7103E-05
  0.7084E-05
  0.8513E-05
  0.1260E-04
  0.1036E-04
  0.1123E-04
  0.9006E-04
  0.2964E-04
  0.9972E-04
  0.1118E-03
  0.3475E-03
  0.2115E-03
  0.4690E-03
  0.3969E-03
  0.4894E-03
  0.4027E-03
  0.3895E-03
  0.2820E-03
  0.2236E-04
  0.2026E-03
  0.2354E-03
  0.5308E-04
  0.4795E-04
  0.2785E-04
  0.2645E-04
  0.2710E-04
  0.2799E-04
  0.2900E-04
  0.3012E-04
  0.3064E-04
  0.3081E-04
  0.3215E-04
  0.3263E-04
  0.3346E-04
  0.3488E-04
  0.3526E-04
  0.3705E-04
  0.3790E-04
  0.3845E-04
  0.4017E-04
  0.4125E-04
  0.4203E-04
  0.4181E-04
  0.4252E-04
  0.4663E-04
  0.4649E-04
  0.4647E-04
  0.5028E-04
  0.5015E-04
  0.5297E-04
  0.5409E-04
  0.5562E-04
  0.5563E-04
  0.5688E-04
  0.5826E-04
  0.6008E-04
  0.6124E-04
  0.6202E-04
  0.6384E-04
  0.6611E-04
  0.6832E-04
  0.6943E-04
  0.7068E-04
  0.6995E-04
  0.7700E-04
  0.7219E-04
  0.1638E-03
  0.2586E-03
  0.9459E-04
  0.1201E-03
  0.5612E-03
  0.6988E-03
  0.6478E-03
  0.3951E-03
  0.1202E-03
  0.8365E-04
  0.1095E-03
  0.4785E-03
  0.1100E-03
  0.9766E-04
  0.9744E-04
  0.9458E-04
  0.9847E-04
  0.1030E-03
  0.1006E-03
  0.1006E-03
  0.1071E-03
  0.1039E-03
  0.1005E-03
  0.1178E-03
  0.1006E-03
  0.1018E-03
  0.1114E-03
  0.1071E-03
  0.1033E-03
  0.1185E-03
  0.1190E-03
  0.1148E-03
  0.2449E-03
  0.1218E-03
  0.1213E-03
  0.1188E-03
  0.1223E-03
  0.1240E-03
  0.1879E-03
  0.3804E-03
  0.2388E-03
  0.1185E-03
  0.1279E-03
  0.1240E-03
  0.1203E-03
  0.1217E-03
  0.1239E-03
  0.1255E-03
  0.1212E-03
  0.1216E-03
  0.1265E-03
  0.1337E-03
  0.1318E-03
  0.1353E-03
  0.1329E-03
  0.1306E-03
  0.1315E-03
  0.1354E-03
  0.1357E-03
  0.1381E-03
  0.1424E-03
  0.1405E-03
  0.1367E-03
  0.1512E-03
  0.1531E-03
  0.1522E-03
  0.1529E-03
  0.1564E-03
  0.1513E-03
  0.1557E-03
  0.1570E-03
  0.1592E-03
  0.1622E-03
  0.1543E-03
  0.1611E-03
  0.1641E-03
  0.1969E-03
  0.1671E-03
  0.1659E-03
  0.1676E-03
  0.1741E-03
  0.3644E-03
  0.4361E-03
  0.1752E-03
  0.1672E-03
  0.1661E-03
  0.2361E-03
  0.5035E-03
  0.5017E-03
  0.5041E-03
  0.3706E-03
  0.1842E-03
  0.1895E-03
  0.2244E-03
  0.2218E-03
  0.4144E-03
  0.3817E-03
  0.1906E-03
  0.1902E-03
  0.1930E-03
  0.1943E-03
  0.1944E-03
  0.1967E-03
  0.1976E-03
  0.2016E-03
  0.1998E-03
  0.1990E-03
  0.1992E-03
  0.2038E-03
  0.4065E-03
  0.3748E-03
  0.4092E-03
  0.4304E-03
  0.3579E-03
  0.3845E-03
  0.4095E-03
  0.3449E-03
  0.3993E-03
  0.3590E-03
  0.3129E-03
  0.2556E-03
  0.2320E-03
  0.2231E-03
  0.2285E-03
  0.2210E-03
  0.2239E-03
  0.2251E-03
  0.2281E-03
  0.2237E-03
  0.2301E-03
  0.2213E-03
  0.2317E-03
  0.2315E-03
  0.2390E-03
  0.2342E-03
  0.2883E-03
  0.3805E-03
  0.3120E-03
  0.3619E-03
  0.3877E-03
  0.3780E-03
  0.3745E-03
  0.3980E-03
  0.3639E-03
  0.4061E-03
  0.4116E-03
  0.3564E-03
  0.3315E-03
  0.3154E-03
  0.2927E-03
  0.2567E-03
  0.2706E-03
  0.3935E-03
  0.3034E-03
  0.2705E-03
  0.2734E-03
  0.2733E-03
  0.4082E-03
  0.3502E-03
  0.2736E-03
  0.2752E-03
  0.3460E-03
  0.4236E-03
  0.4274E-03
  0.4225E-03
  0.4305E-03
  0.4216E-03
  0.4163E-03
  0.4192E-03
  0.4063E-03
  0.4156E-03
  0.4095E-03
  0.4121E-03
  0.4095E-03
  0.4080E-03
  0.4074E-03
  0.4080E-03
  0.4053E-03
  0.4048E-03
  0.4162E-03
  0.4178E-03
  0.3921E-03
  0.3994E-03
  0.3698E-03
  0.3798E-03
  0.3373E-03
  0.3289E-03
  0.3388E-03
  0.3692E-03
  0.3357E-03
  0.3585E-03
  0.3222E-03
  0.3404E-03
  0.3260E-03
  0.3212E-03
  0.3133E-03
  0.3150E-03
  0.3171E-03
  0.3054E-03
  0.3098E-03
  0.3184E-03
  0.3090E-03
  0.3041E-03
  0.3220E-03
  0.3169E-03
  0.3243E-03
  0.3594E-03
  0.3441E-03
  0.3282E-03
  0.3198E-03
  0.3867E-03
  0.3702E-03
  0.3823E-03
  0.3929E-03
  0.3763E-03
  0.3646E-03
  0.3836E-03
  0.3818E-03
  0.3388E-03
  0.3397E-03
  0.3367E-03
  0.3804E-03
  0.3715E-03
  0.3903E-03
  0.3900E-03
  0.3817E-03
  0.3783E-03
  0.4062E-03
  0.3990E-03
  0.3934E-03
  0.4013E-03
  0.3832E-03
  0.3941E-03
  0.3575E-03
  0.3481E-03
  0.3181E-03
  0.3467E-03
  0.3828E-03
  0.3873E-03
  0.3692E-03
  0.3669E-03
  0.3509E-03
  0.3639E-03
  0.3058E-03
  0.3197E-03
  0.3144E-03
  0.3425E-03
  0.3321E-03
  0.3309E-03
  0.3381E-03
  0.3800E-03
  0.3646E-03
  0.3648E-03
  0.3706E-03
  0.3754E-03
  0.3639E-03
  0.3625E-03
  0.3855E-03
  0.3819E-03
  0.3878E-03
  0.3858E-03
  0.3920E-03
  0.3636E-03
  0.3617E-03
  0.3920E-03
  0.3936E-03
  0.3831E-03
  0.3817E-03
  0.3677E-03
  0.3702E-03
  0.3569E-03
  0.3919E-03
  0.3743E-03
  0.3802E-03
  0.3785E-03
  0.3562E-03
  0.3663E-03
  0.3647E-03
  0.3419E-03
  0.3511E-03
  0.3265E-03
  0.3423E-03
  0.3419E-03
  0.3447E-03
  0.3307E-03
  0.3075E-03
  0.3297E-03
  0.3323E-03
  0.3170E-03
  0.3271E-03
  0.3051E-03
  0.2956E-03
  0.3289E-03
  0.3015E-03
  0.2954E-03
  0.3101E-03
  0.2841E-03
  0.3383E-03
  0.3375E-03
  0.3451E-03
  0.3414E-03
  0.3630E-03
  0.3800E-03
  0.3999E-03
  0.3999E-03
  0.3997E-03
  0.3965E-03
  0.3856E-03
  0.3816E-03
  0.3873E-03
  0.3720E-03
  0.3742E-03
  0.3731E-03
  0.3756E-03
  0.3629E-03
  0.3650E-03
  0.3551E-03
  0.3829E-03
  0.3290E-03
  0.3385E-03
  0.3384E-03
  0.3072E-03
  0.2989E-03
  0.2914E-03
  0.2752E-03
  0.2691E-03
  0.2594E-03
  0.2148E-03
  0.1960E-03
  0.1868E-03
  0.1773E-03
  0.1917E-03
  0.1884E-03
  0.1657E-03
  0.1377E-03
  0.1307E-03
  0.1543E-03
  0.1700E-03
  0.1430E-03
  0.1639E-03
  0.1751E-03
  0.1604E-03
  0.1999E-03
  0.2004E-03
  0.1809E-03
  0.1587E-03
  0.1373E-03
  0.1540E-03
  0.1314E-03
  0.1105E-03
  0.1096E-03
  0.9288E-04
  0.1292E-03
  0.1734E-03
  0.1600E-03
  0.1506E-03
  0.1725E-03
  0.1659E-03
  0.1509E-03
  0.1660E-03
  0.1550E-03
  0.1371E-03
  0.1389E-03
  0.1339E-03
  0.1206E-03
  0.1399E-03
  0.1373E-03
  0.1158E-03
  0.1276E-03
  0.1152E-03
  0.1189E-03
  0.1290E-03
  0.1416E-03
  0.1142E-03
  0.1465E-03
  0.1205E-03
  0.1115E-03
  0.1373E-03
  0.1121E-03
  0.1074E-03
  0.1161E-03
  0.1019E-03
  0.8673E-04
  0.8256E-04
  0.7399E-04
  0.6595E-04
  0.6313E-04
  0.6306E-04
  0.5516E-04
  0.5272E-04
  0.5262E-04
  0.5560E-04
  0.7215E-04
  0.1179E-03
  0.1021E-03
  0.9889E-04
  0.8981E-04
  0.7471E-04
  0.7432E-04
  0.7582E-04
  0.6335E-04
  0.6075E-04
  0.6763E-04
  0.6573E-04
  0.5768E-04
  0.8005E-04
  0.9351E-04
  0.8107E-04
  0.8025E-04
  0.6525E-04
  0.6775E-04
  0.6578E-04
  0.5580E-04
  0.5508E-04
  0.5859E-04
  0.5447E-04
  0.4953E-04
  0.7129E-04
  0.7439E-04
  0.8681E-04
  0.9069E-04
  0.8391E-04
  0.8078E-04
  0.7980E-04
  0.8835E-04
  0.1049E-03
  0.9056E-04
  0.1253E-03
  0.1209E-03
  0.1183E-03
  0.1092E-03
  0.9834E-04
  0.1084E-03
  0.1026E-03
  0.9779E-04
  0.9855E-04
  0.1110E-03
  0.1024E-03
  0.9310E-04
  0.1223E-03
  0.1283E-03
  0.1366E-03
  0.1179E-03
  0.1280E-03
  0.1191E-03
  0.1165E-03
  0.1045E-03
  0.1147E-03
  0.1144E-03
  0.1128E-03
  0.1012E-03
  0.1172E-03
  0.1176E-03
  0.1288E-03
  0.1314E-03
  0.1431E-03
  0.1513E-03
  0.1460E-03
  0.1606E-03
  0.1912E-03
  0.1803E-03
  0.1819E-03
  0.1642E-03
  0.1713E-03
  0.1707E-03
  0.1473E-03
  0.1143E-03
  0.1546E-03
  0.1313E-03
  0.1197E-03
  0.1144E-03
  0.1263E-03
  0.1276E-03
  0.1137E-03
  0.1350E-03
  0.1181E-03
  0.1093E-03
  0.1399E-03
  0.1261E-03
  0.1175E-03
  0.9843E-04
  0.8084E-04
  0.9989E-04
  0.7470E-04
  0.7968E-04
  0.9419E-04
  0.9075E-04
  0.8636E-04
  0.8862E-04
  0.8028E-04
  0.9155E-04
  0.9202E-04
  0.1044E-03
  0.9521E-04
  0.8165E-04
  0.1161E-03
  0.1295E-03
  0.1098E-03
  0.1083E-03
  0.1148E-03
  0.8386E-04
  0.8174E-04
  0.9230E-04
  0.1025E-03
  0.9840E-04
  0.7884E-04
  0.7502E-04
  0.8569E-04
  0.6177E-04
  0.9832E-04
  0.1131E-03
  0.9085E-04
  0.1217E-03
  0.1206E-03
  0.8357E-04
  0.1079E-03
  0.8967E-04
  0.1006E-03
  0.1220E-03
  0.9789E-04
  0.1111E-03
  0.1327E-03
  0.1219E-03
  0.1013E-03
  0.1117E-03
  0.7101E-04
  0.1122E-03
  0.1283E-03
  0.1457E-03
  0.1207E-03
  0.1233E-03
  0.1293E-03
  0.1223E-03
  0.6478E-04
  0.6400E-04
  0.1034E-03
  0.7319E-04
  0.7327E-04
  0.1099E-03
  0.9799E-04
  0.9119E-04
  0.8341E-04
  0.5414E-04
  0.5455E-04
  0.6686E-04
  0.4392E-04
  0.4069E-04
  0.4142E-04
  0.2338E-04
  0.6918E-04
  0.8992E-04
  0.5087E-04
  0.7501E-04
  0.6722E-04
  0.5692E-04
  0.5346E-04
  0.6719E-04
  0.5643E-04
  0.7551E-04
  0.5734E-04
  0.5204E-04
  0.5796E-04
  0.5979E-04
  0.5551E-04
  0.6210E-04
  0.7106E-04
  0.5132E-04
  0.8287E-04
  0.5745E-04
  0.6953E-04
  0.6512E-04
  0.4842E-04
  0.4166E-04
  0.4793E-04
  0.5308E-04
  0.6498E-04
  0.5882E-04
  0.4919E-04
  0.4802E-04
  0.5522E-04
  0.4260E-04
  0.5071E-04
  0.1099E-03
  0.1226E-03
  0.9409E-04
  0.1142E-03
  0.1158E-03
  0.8618E-04
  0.1246E-03
  0.1090E-03
  0.1023E-03
  0.1040E-03
  0.8873E-04
  0.7046E-04
  0.7206E-04
  0.6167E-04
  0.6431E-04
  0.6949E-04
  0.6105E-04
  0.5539E-04
  0.6490E-04
  0.6202E-04
  0.6020E-04
  0.5560E-04
  0.4876E-04
  0.4977E-04
  0.2851E-04
  0.4484E-04
  0.4949E-04
  0.5936E-04
  0.5834E-04
  0.5144E-04
  0.6453E-04
  0.4496E-04
  0.3780E-04
  0.6519E-04
  0.8491E-04
  0.9411E-04
  0.6210E-04
  0.8539E-04
  0.5115E-04
  0.7182E-04
  0.7889E-04
  0.8755E-04
  0.5566E-04
  0.7588E-04
  0.8809E-04
  0.6774E-04
  0.7337E-04
  0.4614E-04
  0.6055E-04
  0.5035E-04
  0.7049E-04
  0.8781E-04
  0.6412E-04
  0.3878E-04
  0.5627E-04
  0.5010E-04
  0.4323E-04
  0.6047E-04
  0.6694E-04
  0.6923E-04
  0.7773E-04
  0.4283E-04
  0.4256E-04
  0.5106E-04
  0.5332E-04
  0.5966E-04
  0.4577E-04
  0.6832E-04
  0.6714E-04
  0.6050E-04
  0.7202E-04
  0.5173E-04
  0.3618E-04
  0.5348E-04
  0.4672E-04
  0.5031E-04
  0.3018E-04
  0.4657E-04
  0.6251E-04
  0.5899E-04
  0.6652E-04
  0.6829E-04
  0.4906E-04
  0.4485E-04
  0.5196E-04
  0.4073E-04
  0.4662E-04
  0.2807E-04
  0.4609E-04
  0.3287E-04
  0.1975E-04
  0.3798E-04
  0.5103E-04
  0.4454E-04
  0.2116E-04
  0.4194E-04
  0.2698E-04
  0.3520E-04
  0.3921E-04
  0.4249E-04
  0.1951E-04
  0.3607E-04
  0.4228E-04
  0.2851E-04
  0.2224E-04
  0.1830E-04
  0.3097E-04
  0.2986E-04
  0.4410E-04
  0.5399E-04
  0.3876E-04
  0.3431E-04
  0.4623E-04
  0.3095E-04
  0.2757E-04
  0.4496E-04
  0.3299E-04
  0.1954E-04
  0.2950E-04
  0.3183E-04
  0.2506E-04
  0.1382E-04
  0.1922E-04
  0.1521E-04
  0.1842E-04
  0.9161E-05
  0.1673E-04
  0.1745E-04
  0.7031E-05
  0.1358E-04
  0.2422E-04
  0.2110E-04
  0.1046E-04
  0.9180E-05
  0.2290E-04
  0.2820E-04
  0.1510E-04
  0.9188E-05
  0.5874E-05
  0.3742E-05
  0.1158E-04
  0.1072E-04
  0.1848E-04
  0.3311E-04
  0.8231E-05
  0.1524E-04
  0.2378E-04
  0.1654E-04
  0.2697E-04
  0.2490E-04
  0.1407E-04
  0.1681E-04
  0.1307E-04
  0.1573E-04
  0.2739E-04
  0.2320E-04
  0.1104E-04
  0.2254E-04
  0.1523E-04
  0.1160E-04
  0.9560E-05
  0.2152E-04
  0.2842E-04
  0.1287E-04
  0.1738E-04
  0.1500E-04
  0.2340E-04
  0.1424E-04
  0.1859E-04
  0.1594E-04
  0.2451E-04
  0.2424E-04
  0.1693E-04
  0.1052E-04
  0.1420E-04
  0.1177E-04
  0.1186E-04
  0.1184E-04
  0.1032E-04
  0.1254E-04
  0.1138E-04
  0.6709E-05
  0.1207E-04
  0.1096E-04
  0.2626E-05
  0.8053E-05
  0.1122E-04
  0.1861E-04
  0.2280E-04
  0.1771E-04
  0.1566E-04
  0.1222E-04
  0.1182E-04
  0.1223E-04
  0.1519E-04
  0.9491E-05
  0.8550E-05
  0.4833E-05
  0.5126E-05
  0.2947E-05
  0.9865E-06
  0.2124E-05
  0.1985E-05
  0.3137E-05
  0.5769E-05
  0.3508E-05
  0.2934E-05
  0.2466E-05
  0.1927E-05
  0.6027E-06
  0.1053E-05
  0.2288E-05
  0.2010E-05
  0.2923E-05
  0.5395E-05
  0.5326E-05
  0.2019E-05
  0.3824E-05
  0.1475E-05
  0.2585E-05
  0.3812E-05
  0.1880E-05
  0.2361E-05
  0.2182E-05
  0.1882E-05
  0.3992E-05
  0.4370E-05
  0.2161E-05
  0.1511E-05
  0.9438E-06
  0.2770E-05
  0.3376E-05
  0.3737E-05
  0.3914E-05
  0.2135E-05
  0.2469E-05
  0.2276E-05
  0.2211E-05
  0.8232E-06
  0.1147E-05
  0.2186E-05
  0.4143E-05
  0.6757E-05
  0.4049E-05
  0.6347E-05
  0.1978E-05
  0.4014E-05
  0.4775E-05
  0.2177E-05
  0.7767E-05
  0.6135E-05
  0.4478E-05
  0.4630E-05
  0.4374E-05
  0.2144E-05
  0.2655E-05
  0.1567E-05
  0.3248E-05
  0.2105E-05
  0.7325E-06
  0.6197E-06
  0.1166E-05
  0.8436E-06
  0.6015E-06
  0.1118E-05
  0.1326E-05
  0.1493E-05
  0.4712E-06
  0.7993E-06
  0.2027E-05
  0.2699E-05
  0.1149E-05
  0.1086E-05
  0.5031E-05
  0.4466E-05
  0.2460E-05
  0.5246E-05
  0.1183E-05
  0.2811E-05
  0.1265E-05
  0.2265E-05
  0.2421E-05
  0.1908E-05
  0.4376E-05
  0.3375E-05
  0.4403E-05
  0.2320E-05
  0.2330E-05
  0.1768E-05
  0.1418E-05
  0.1862E-05
  0.3364E-05
  0.1831E-05
  0.1787E-05
  0.1402E-05
  0.3911E-05
  0.2209E-05
  0.1172E-05
  0.1602E-05
  0.1541E-05
  0.1259E-05
  0.8281E-06
  0.7636E-06
  0.1782E-05
  0.1421E-05
  0.5336E-06
  0.1026E-05
  0.7604E-06
  0.8691E-06
  0.4466E-06
  0.5041E-06
  0.1184E-05
  0.1171E-05
  0.1214E-05
  0.9560E-06
  0.1668E-05
  0.2103E-05
  0.9877E-06
  0.2473E-05
  0.2061E-05
  0.9394E-06
  0.2583E-05
  0.4189E-05
  0.1231E-05
  0.1797E-05
  0.1950E-05
  0.1106E-05
  0.4310E-06
  0.1059E-05
  0.1266E-05
  0.5953E-06
  0.1013E-05
  0.1788E-05
  0.1906E-05
  0.1308E-05
  0.7348E-06
  0.4292E-06
  0.9331E-06
  0.4149E-06
  0.1318E-05
  0.8574E-06
  0.1816E-05
  0.1129E-05
  0.2730E-06
  0.8320E-06
  0.9379E-06
  0.4340E-06
  0.5165E-06
  0.6768E-06
  0.6322E-06
  0.9373E-06
  0.7711E-06
  0.6094E-06
  0.3573E-06
  0.2582E-06
  0.3083E-06
  0.6272E-06
  0.6180E-06
  0.1085E-05
  0.1127E-05
  0.1042E-05
  0.6690E-06
  0.1078E-05
  0.6094E-06
  0.1888E-06
  0.9748E-06
  0.8455E-06
  0.5945E-06
  0.8855E-06
  0.6570E-06
  0.1059E-05
  0.3852E-06
  0.5624E-06
  0.1112E-05
  0.6284E-06
  0.7946E-06
  0.6701E-06
  0.6847E-06
  0.4086E-06
  0.3541E-06
  0.4967E-06
  0.7420E-06
  0.3255E-06
  0.5018E-06
  0.4780E-06
  0.9558E-06
  0.4518E-06
  0.6385E-06
  0.8482E-06
  0.5081E-06
  0.8859E-06
  0.7008E-06
  0.4570E-06
  0.5967E-06
  0.5486E-06
  0.4331E-06
  0.4453E-06
  0.6384E-06
  0.2856E-06
  0.3390E-06
  0.5574E-06
  0.9408E-06
  0.4832E-06
  0.1786E-06
  0.1625E-05
  0.8868E-06
  0.6823E-06
  0.9343E-06
  0.7080E-06
  0.6148E-06
  0.3951E-06
  0.4833E-06
  0.5122E-06
  0.5478E-06
  0.2546E-06
  0.2778E-06
  0.5836E-06
  0.4435E-06
  0.6024E-06
  0.2618E-06
  0.3618E-06
  0.5101E-06
  0.2960E-06
  0.1620E-06
  0.2458E-06
  0.3052E-06
  0.2443E-06
  0.2796E-06
  0.2622E-06
  0.2654E-06
  0.2692E-06
  0.2366E-06
  0.1763E-06
  0.2089E-06
  0.1119E-06
  0.3923E-06
  0.1961E-06
  0.1838E-06
  0.2074E-06
  0.2756E-06
  0.2187E-06
  0.1960E-06
  0.1472E-06
  0.2056E-06
  0.2519E-06
  0.6628E-07
  0.1693E-06
  0.2837E-06
  0.7220E-07
  0.1749E-06
  0.3443E-06
  0.2580E-06
  0.3926E-06
  0.1563E-06
  0.2109E-06
  0.1591E-06
  0.2590E-06
  0.1112E-06
  0.7560E-07
  0.3459E-06
  0.2171E-06
  0.2220E-06
  0.2723E-06
  0.2104E-06
  0.8715E-07
  0.7669E-07
  0.1061E-06
  0.2812E-06
  0.1426E-06
  0.7444E-07
  0.8903E-07
  0.1639E-06
  0.1570E-06
  0.1410E-06
  0.1187E-06
  0.1013E-06
  0.8513E-07
  0.1279E-06
  0.1382E-06
  0.1429E-06
  0.9258E-07
  0.8980E-07
  0.5454E-07
  0.1333E-06
  0.8611E-07
  0.5238E-07
  0.7176E-07
  0.7810E-07
  0.1279E-06
  0.8157E-07
  0.4952E-07
  0.6975E-07
  0.8124E-07
  0.6516E-07
  0.8341E-07
  0.1824E-06
  0.2171E-07
  0.7769E-07
  0.6300E-07
  0.5668E-07
  0.4044E-07
  0.3213E-07
  0.6311E-07
  0.6091E-07
  0.4007E-07
  0.5656E-07
  0.5941E-07
  0.3659E-07
  0.4753E-07
  0.3277E-07
  0.5493E-07
  0.6345E-07
  0.5288E-07
  0.4808E-07
  0.1814E-07
  0.4094E-07
  0.1268E-07
  0.1449E-07
  0.3512E-07
  0.4230E-07
  0.4438E-07
  0.4270E-07
  0.2125E-07
  0.4931E-07
  0.3233E-07
  0.2248E-07
  0.3398E-07
  0.4249E-07
  0.2212E-07
  0.4097E-07
  0.3449E-07
  0.1014E-07
  0.2094E-07
  0.2137E-07
  0.4400E-07
  0.3087E-07
  0.2953E-07
  0.2413E-07
  0.1909E-07
  0.2284E-07
  0.1374E-07
  0.1917E-07
  0.3951E-07
  0.4876E-07
  0.3696E-07
  0.2083E-07
  0.1922E-07
  0.3010E-07
  0.2024E-07
  0.1484E-07
  0.2774E-07
  0.1495E-07
  0.2185E-07
  0.3396E-07
  0.1843E-07
  0.2844E-07
  0.2825E-07
  0.2957E-07
  0.1333E-07
  0.2347E-07
  0.1952E-07
  0.2015E-07
  0.2510E-07
  0.2987E-07
  0.3059E-07
  0.1813E-07
  0.1246E-07
  0.1493E-07
  0.1879E-07
  0.1721E-07
  0.1721E-07
  0.1389E-07
  0.2148E-07
  0.3153E-07
  0.1282E-07
  0.1731E-07
  0.2286E-07
  0.1422E-07
  0.1377E-07
  0.1708E-07
  0.1402E-07
  0.1592E-07
  0.1018E-07
  0.1060E-07
  0.6650E-08
  0.1205E-07
  0.8996E-08
  0.1393E-07
  0.8457E-08
  0.1128E-07
  0.8470E-08
  0.5560E-08
  0.6686E-08
  0.3608E-08
  0.4679E-09
  0.1276E-08
  0.3807E-08
  0.5201E-08
  0.7848E-08
  0.1004E-07
  0.6712E-08
  0.7754E-08
  0.1116E-07
  0.7040E-08
  0.8539E-08
  0.1161E-07
  0.1569E-07
  0.9191E-08
  0.7430E-08
  0.7366E-08
  0.7669E-08
  0.9321E-08
  0.8154E-08
  0.6717E-08
  0.9448E-08
  0.6312E-08
  0.6784E-08
  0.7168E-08
  0.7392E-08
  0.5775E-08
  0.6166E-08
  0.3923E-08
  0.5604E-08
  0.1293E-08
  0.5909E-08
  0.6151E-08
  0.5624E-08
  0.3803E-08
  0.3433E-08
  0.6772E-08
  0.2739E-08
  0.3257E-08
  0.2953E-08
  0.7633E-08
  0.8932E-08
  0.4155E-08
  0.1466E-08
  0.4566E-08
  0.4686E-08
  0.5448E-08
  0.3761E-08
  0.1453E-08
  0.3351E-08
  0.1719E-08
  0.5036E-08
  0.4740E-08
  0.2682E-08
  0.3411E-08
  0.4397E-08
  0.3503E-08
  0.3657E-08
  0.3391E-08
  0.2856E-08
  0.1870E-08
  0.3719E-08
  0.1939E-08
  0.3368E-08
  0.2440E-08
  0.3386E-08
  0.4602E-08
  0.2319E-08
  0.2432E-08
  0.9624E-09
  0.6855E-09
  0.2805E-08
  0.1425E-08
  0.3004E-08
  0.1382E-08
  0.4254E-08
  0.2533E-08
  0.1504E-08
  0.2029E-08
  0.2320E-08
  0.1747E-08
  0.9771E-09
  0.1061E-08
  0.4524E-09
  0.1551E-08
  0.2282E-08
  0.2777E-08
  0.1935E-08
  0.1794E-08
  0.3647E-08
  0.2128E-08
  0.1711E-08
  0.7500E-09
  0.2086E-08
  0.1668E-08
  0.5554E-09
  0.1704E-08
  0.7079E-09
  0.1579E-08
  0.8731E-09
  0.1808E-08
  0.1316E-08
  0.9907E-09
  0.1618E-08
  0.1346E-08
  0.1225E-08
  0.3680E-08
  0.6196E-09
  0.2556E-08
  0.5162E-09
  0.3497E-09
  0.1688E-08
  0.1713E-08
  0.1886E-08
  0.1663E-08
  0.1549E-08
  0.2698E-08
  0.1726E-08
  0.2065E-08
  0.8348E-09
  0.1723E-08
  0.1328E-08
  0.1077E-08
  0.1817E-08
  0.7790E-09
  0.1875E-08
  0.1353E-08
  0.7703E-09
  0.4602E-09
  0.2529E-09
  0.3530E-09
  0.1007E-08
  0.6730E-09
  0.1148E-08
  0.3860E-09
  0.7013E-09
  0.1197E-08
  0.5553E-09
  0.8302E-09
  0.8074E-09
  0.1611E-09
  0.8820E-10
  0.7932E-09
  0.3562E-10
  0.1355E-09
  0.2062E-09
  0.2923E-09
  0.7005E-09
  0.3024E-09
  0.4121E-09
  0.8753E-09
  0.8605E-09
  0.7241E-09
  0.4636E-09
  0.1583E-09
  0.5351E-09
  0.1208E-09
  0.3050E-10
  0.8611E-10
  0.2065E-09
  0.5095E-09
  0.4939E-09
  0.6298E-09
  0.5178E-09
  0.6721E-09
  0.8496E-09
  0.1063E-08
  0.3097E-09
  0.3854E-09
  0.9596E-09
  0.6515E-09
  0.2895E-09
  0.6760E-09
  0.6031E-09
  0.8183E-09
  0.5135E-09
  0.3645E-09
  0.3105E-09
  0.1533E-09
  0.2959E-09
  0.3401E-09
  0.1692E-09
  0.2485E-09
  0.3367E-09
  0.1134E-09
  0.8767E-10
  0.2623E-09
  0.2382E-09
  0.1111E-09
  0.1289E-09
  0.2634E-09
  0.1031E-09
  0.2832E-10
  0.1656E-09
  0.1009E-09
  0.1761E-09
  0.1997E-09
  0.2168E-09
  0.1730E-09
  0.2632E-09
  0.5378E-10
  0.8513E-10
  0.6740E-10
  0.9669E-10
  0.8750E-10
  0.6129E-10
  0.3260E-10
  0.3277E-10
  0.6059E-10
  0.6874E-10
  0.2339E-10
  0.2104E-09
  0.2308E-09
  0.3340E-09
  0.2186E-09
  0.3170E-09
  0.1421E-09
  0.1191E-09
  0.5964E-10
  0.2491E-09
  0.8005E-10
  0.1329E-09
  0.4080E-10
  0.5781E-10
  0.8311E-10
  0.1558E-10
  0.8805E-10
  0.6704E-10
  0.2665E-09
  0.1285E-09
  0.2043E-09
  0.2169E-09
  0.1735E-09
  0.1843E-09
  0.2646E-09
  0.1290E-09
  0.1657E-09
  0.9825E-10
  0.1936E-09
  0.1437E-09
  0.6750E-10
  0.7446E-10
  0.3775E-10
  0.1289E-09
  0.3357E-09
  0.1385E-09
  0.1790E-09
  0.7240E-10
  0.4061E-10
  0.5354E-11
  0.3036E-11
  0.6171E-11
  0.7440E-11
  0.8031E-12
  0.2140E-10
  0.1557E-10
  0.1170E-10
  0.1007E-09
  0.5231E-10
  0.7510E-10
  0.1364E-10
  0.1348E-09
  0.1332E-09
  0.1865E-10
  0.4575E-10
  0.5009E-10
  0.4214E-10
  0.7728E-10
  0.1590E-10
  0.5125E-11
  0.1298E-10
  0.1259E-10
  0.2767E-10
  0.8216E-11
  0.2375E-10
  0.1036E-09
  0.2891E-10
  0.2137E-09
  0.3689E-10
  0.5713E-10
  0.4323E-11
  0.4312E-10
  0.4618E-10
  0.2833E-11
  0.2336E-11
  0.5059E-11
  0.2523E-11
  0.1029E-10
  0.4111E-11
  0.7210E-12
  0.6016E-11
  0.8561E-10
  0.4613E-10
  0.1004E-10
  0.2387E-10
  0.4538E-11
  0.5382E-11
  0.5330E-11
  0.9339E-11
  0.2532E-11
  0.4715E-11
  0.3560E-11
  0.1597E-11
  0.9093E-12
  0.3988E-12
  0.4480E-11
  0.1764E-10
  0.4230E-10
  0.5915E-10
  0.2730E-10
  0.7437E-11
  0.2212E-10
  0.1070E-10
  0.8338E-11
  0.8820E-11
  0.3944E-10
  0.1409E-10
  0.1260E-10
  0.2013E-10
  0.2162E-10
  0.1930E-10
  0.8411E-11
  0.3335E-10
  0.1160E-10
  0.3218E-10
  0.2740E-10
  0.6748E-10
  0.1414E-10
  0.2574E-10
  0.1083E-10
  0.2331E-10
  0.4604E-11
  0.9069E-12
  0.6615E-11
  0.1009E-11
  0.9519E-12
  0.1026E-11
  0.2181E-12
  0.5824E-13
  0.6407E-11
  0.3965E-10
  0.5273E-11
  0.1020E-10
  0.2000E-10
  0.1150E-10
  0.4009E-11
  0.7074E-11
  0.5111E-11
  0.1041E-10
  0.2813E-11
  0.2648E-11
  0.8663E-12
  0.5908E-11
  0.7478E-12
  0.2100E-11
  0.2452E-11
  0.3633E-11
  0.1154E-10
  0.2515E-11
  0.2894E-11
  0.9805E-11
  0.9586E-11
  0.2407E-12
  0.2717E-11
  0.5083E-11
  0.4138E-11
  0.1267E-10
  0.1335E-11
  0.6512E-12
  0.7731E-12
  0.4572E-12
  0.2217E-12
  0.1855E-10
  0.1695E-10
  0.1246E-10
  0.1626E-10
  0.1120E-10
  0.1028E-10
  0.7620E-11
  0.3687E-11
  0.1532E-11
  0.1336E-11
  0.4354E-12
  0.2433E-11
  0.4949E-12
  0.1282E-11
  0.2036E-11
  0.3060E-11
  0.8748E-11
  0.5569E-11
  0.4381E-11
  0.2539E-11
  0.9509E-12
  0.2468E-11
  0.1856E-11
  0.1138E-11
  0.5442E-11
  0.3702E-11
  0.2036E-11
  0.1187E-12
  0.9396E-13
  0.4421E-13
  0.1143E-11
  0.1487E-12
  0.1732E-11
  0.3850E-11
  0.1291E-11
  0.1137E-11
  0.7721E-12
  0.2997E-11
  0.5384E-12
  0.7282E-12
  0.1709E-11
  0.2665E-12
  0.8591E-12
  0.1491E-11
  0.3250E-12
  0.5878E-13
  0.9337E-13
  0.1053E-10
  0.2969E-11
  0.1099E-11
  0.7388E-12
  0.8163E-12
  0.1054E-11
  0.2764E-11
  0.2548E-11
  0.3374E-12
  0.1443E-12
  0.1330E-12
  0.4418E-11
  0.6214E-12
  0.1514E-12
  0.2489E-12
  0.2608E-12
  0.2219E-13
  0.8337E-12
  0.2663E-11
  0.2354E-11
  0.3758E-11
  0.1371E-11
  0.2020E-12
  0.5069E-12
  0.7793E-12
  0.1717E-11
  0.8431E-12
  0.1277E-12
  0.5117E-12
  0.7003E-12
  0.2727E-12
  0.1663E-11
  0.2903E-13
  0.6826E-12
  0.4045E-11
  0.4761E-11
  0.2719E-11
  0.1293E-11
  0.7545E-12
  0.5972E-12
  0.6556E-12
  0.8732E-12
  0.3144E-13
  0.7409E-14
  0.1454E-12
  0.2926E-12
  0.2932E-12
  0.1275E-11
  0.6729E-13
  0.2965E-12
  0.3407E-11
  0.4973E-12
  0.7332E-13
  0.1047E-12
  0.1479E-12
  0.1294E-11
  0.2493E-12
  0.4494E-12
  0.4748E-12
  0.3415E-12
  0.1111E-12
  0.5129E-13
  0.3668E-12
  0.2448E-11
  0.1251E-12
  0.7599E-12
  0.3616E-12
  0.4153E-13
  0.1754E-13
  0.1039E-12
  0.2372E-12
  0.3835E-12
  0.2639E-12
  0.1873E-12
  0.2632E-11
  0.5309E-12
  0.6694E-12
  0.3650E-12
  0.9053E-13
  0.7410E-13
  0.2814E-13
  0.8900E-12
  0.7486E-12
  0.2439E-11
  0.3787E-12
  0.4717E-12
  0.2377E-12
  0.2143E-12
  0.7677E-13
  0.2608E-12
  0.3513E-12
  0.1139E-12
  0.7094E-12
  0.6559E-12
  0.7361E-12
  0.1909E-12
  0.1177E-12
  0.5070E-12
  0.2636E-12
  0.2466E-12
  0.1281E-11
  0.3945E-12
  0.1165E-12
  0.1166E-12
  0.3296E-12
  0.2683E-12
  0.3599E-12
  0.4497E-12
  0.2992E-12
  0.1499E-12
  0.1570E-12
  0.5051E-12
  0.1385E-12
  0.1701E-12
  0.1350E-12
  0.8279E-13
  0.6355E-13
  0.8964E-13
  0.5636E-13
  0.9879E-13
  0.9903E-13
  0.1057E-12
  0.1118E-12
  0.3453E-12
  0.2454E-12
  0.3505E-12
  0.1137E-12
  0.2124E-12
  0.3255E-12
  0.2584E-12
  0.2701E-12
  0.1655E-12
  0.1198E-12
  0.7829E-13
  0.1389E-12
  0.1946E-12
  0.5852E-13
  0.1077E-12
  0.1440E-12
  0.1809E-12
  0.1308E-12
  0.1302E-12
  0.1685E-12
  0.4739E-13
  0.1569E-12
  0.1945E-12
  0.1692E-12
  0.8034E-13
  0.1690E-12
  0.2721E-12
  0.2164E-12
  0.7099E-13
  0.1000E-12
  0.4767E-13
  0.4358E-13
  0.1060E-12
  0.9277E-13
  0.6092E-13
  0.1059E-12
  0.1423E-12
  0.1468E-12
  0.7113E-13
  0.1877E-12
  0.6002E-13
  0.4086E-13
  0.1575E-12
  0.1596E-12
  0.1755E-12
  0.6184E-13
  0.1192E-12
  0.2300E-12
  0.1566E-12
  0.5918E-13
  0.1033E-12
  0.9385E-13
  0.1144E-12
  0.2467E-13
  0.1170E-12
  0.1874E-12
  0.6385E-13
  0.7284E-12
