 Longwave optical depth [dimless]
  0.6388E+01
  0.3842E+03
  0.1368E+04
  0.5514E+04
  0.1796E+05
  0.1203E+05
  0.3251E+05
  0.1487E+05
  0.1667E+05
  0.1352E+05
  0.4598E+04
  0.3690E+04
  0.3753E+04
  0.2175E+04
  0.2203E+04
  0.1218E+04
  0.1870E+03
  0.8145E+02
  0.3425E+02
  0.4611E+02
  0.7041E+02
  0.3251E+03
  0.4527E+03
  0.8075E+04
  0.2290E+06
  0.7151E+06
  0.2134E+08
  0.3787E+08
  0.3412E+07
  0.2926E+06
  0.5926E+05
  0.1242E+04
  0.9200E+03
  0.1041E+03
  0.1016E+02
  0.5641E+01
  0.3111E+02
  0.1635E+03
  0.8961E+03
  0.1028E+04
  0.1620E+02
  0.1646E+03
  0.1425E+04
  0.1976E+04
  0.2990E+02
  0.4272E-01
  0.2599E+00
  0.7034E+00
  0.5992E+00
  0.2831E+02
  0.2149E+03
  0.1959E+03
  0.5746E+01
  0.1248E+02
  0.2466E+03
  0.3573E+03
  0.1667E+03
  0.1319E+03
  0.3198E+03
  0.7161E+03
  0.6851E+03
  0.1001E+04
  0.7393E+03
  0.2413E+04
  0.9035E+02
  0.5901E+03
  0.3946E+04
  0.9255E+03
  0.2065E+04
  0.2121E+03
  0.1243E+04
  0.2806E+03
  0.2751E+03
  0.2382E+03
  0.6355E+02
  0.1001E+03
  0.2174E+04
  0.1925E+04
  0.2571E+03
  0.7043E+02
  0.8856E+02
  0.6040E+03
  0.2569E+05
  0.2386E+06
  0.1386E+04
  0.1107E+04
  0.5536E+02
  0.1517E+02
  0.2342E+03
  0.2280E+05
  0.1369E+07
  0.1019E+08
  0.1828E+08
  0.3811E+09
  0.3165E+09
  0.8829E+08
  0.5763E+05
  0.4785E+02
  0.5630E+02
  0.4142E+02
  0.3892E+02
  0.3003E+02
  0.1159E+01
  0.7592E+01
  0.1697E+03
  0.1951E+03
  0.1303E+02
  0.6495E+00
  0.1931E+00
  0.2933E+01
  0.1724E+02
  0.1655E+02
  0.2213E+01
  0.2962E+00
  0.3983E-01
  0.5026E-01
  0.1007E+00
  0.8872E-01
  0.3989E+00
  0.2913E+01
  0.2724E+01
  0.4725E+01
  0.2928E+01
  0.8740E+01
  0.1789E+02
  0.1261E+02
  0.3028E+02
  0.2104E+02
  0.6855E+02
  0.1289E+02
  0.9282E+01
  0.1737E+02
  0.7710E+02
  0.9394E+02
  0.1029E+04
  0.1073E+03
  0.9189E+01
  0.1725E+02
  0.1374E+03
  0.1783E+04
  0.1832E+05
  0.1625E+05
  0.1373E+06
  0.8692E+06
  0.6104E+07
  0.7974E+07
  0.1672E+06
  0.7270E+06
  0.8817E+07
  0.1131E+08
  0.1313E+06
  0.3436E+03
  0.1740E+04
  0.7000E+03
  0.3410E+04
  0.3190E+03
  0.7864E+03
  0.9499E+02
  0.5367E+02
  0.1848E+02
  0.1359E+02
  0.2161E+02
  0.1843E+01
  0.2974E+01
  0.2362E+01
  0.5058E+00
  0.1052E+01
  0.5013E+00
  0.4298E+00
  0.8232E-01
  0.2266E+00
  0.2575E-01
  0.4731E-01
  0.3490E-01
  0.7175E-01
  0.1478E+00
  0.2613E+00
  0.2486E+01
  0.3903E+00
  0.3311E+00
  0.1017E+01
  0.1101E+01
  0.1949E+01
  0.3679E+01
  0.2903E+02
  0.1087E+03
  0.1751E+03
  0.6359E+01
  0.1551E+02
  0.1583E+03
  0.2778E+03
  0.9338E+03
  0.2031E+04
  0.2446E+05
  0.1173E+05
  0.2358E+05
  0.2808E+04
  0.3613E+04
  0.1243E+06
  0.7661E+05
  0.5933E+05
  0.2996E+03
  0.1147E+04
  0.3504E+05
  0.7886E+05
  0.1225E+05
  0.4268E+03
  0.2262E+02
  0.4740E+02
  0.6078E+02
  0.1243E+03
  0.5524E+02
  0.2205E+03
  0.4188E+03
  0.2515E+03
  0.1316E+03
  0.7192E+02
  0.3094E+03
  0.3671E+02
  0.2651E+02
  0.4305E+02
  0.6570E+01
  0.9511E+01
  0.2230E+01
  0.2984E+01
  0.7082E+00
  0.4771E+00
  0.1309E+01
  0.9788E+00
  0.1551E+00
  0.7064E-01
  0.8759E-01
  0.3007E+00
  0.1102E+01
  0.1772E+01
  0.1269E+01
  0.2294E+00
  0.1197E+01
  0.3064E+01
  0.5847E+01
  0.1685E+02
  0.1967E+02
  0.1357E+03
  0.1337E+03
  0.9070E+02
  0.2266E+02
  0.1410E+02
  0.1149E+03
  0.1312E+04
  0.9592E+03
  0.7207E+03
  0.6862E+01
  0.9794E+02
  0.2973E+04
  0.2691E+04
  0.1897E+03
  0.2441E+01
  0.5349E+00
  0.2574E+01
  0.1329E+03
  0.1083E+03
  0.1119E+03
  0.3037E+02
  0.7331E+00
  0.2721E+00
  0.5718E+00
  0.2205E+01
  0.8725E+02
  0.5901E+01
  0.1047E+02
  0.8345E+02
  0.3228E+02
  0.1615E+02
  0.2001E+01
  0.3421E+01
  0.2445E+02
  0.2092E+03
  0.1124E+04
  0.5550E+04
  0.1199E+05
  0.1067E+03
  0.6254E+01
  0.1335E+02
  0.1283E+02
  0.4668E+02
  0.1277E+02
  0.1810E+02
  0.7772E+02
  0.1252E+03
  0.1072E+03
  0.6376E+02
  0.2375E+02
  0.8416E+02
  0.1275E+03
  0.1197E+03
  0.6438E+02
  0.2046E+02
  0.9075E+01
  0.2191E+02
  0.2722E+02
  0.1999E+01
  0.8907E+00
  0.6100E+01
  0.5987E+02
  0.9456E+02
  0.1329E+01
  0.2928E+00
  0.1968E+00
  0.4704E+01
  0.2237E+02
  0.1387E+02
  0.6432E+00
  0.1018E+00
  0.1173E+00
  0.1040E+00
  0.2675E+00
  0.1749E+01
  0.1393E+01
  0.7389E+00
  0.7440E+00
  0.2186E+00
  0.2482E+00
  0.2783E+01
  0.4769E+01
  0.9613E+01
  0.1158E+02
  0.3196E+02
  0.3086E+03
  0.6714E+03
  0.6417E+01
  0.5032E+02
  0.2746E+03
  0.7539E+03
  0.1802E+01
  0.1807E+00
  0.2827E+00
  0.1927E+00
  0.1946E+00
  0.3060E+00
  0.2376E+00
  0.2185E+00
  0.3604E+00
  0.2268E+00
  0.3172E+00
  0.4353E+00
  0.7510E+00
  0.1366E+01
  0.5389E+01
  0.3498E+01
  0.7503E+01
  0.3275E+01
  0.1901E+01
  0.5725E+01
  0.4172E+01
  0.5679E+01
  0.7100E+01
  0.9290E+01
  0.2834E+01
  0.6125E+01
  0.1950E+01
  0.5866E+00
  0.2706E+00
  0.4421E+00
  0.2709E+00
  0.2478E+00
  0.2945E+00
  0.3068E+00
  0.2258E+00
  0.3646E+00
  0.2211E+00
  0.2196E+00
  0.3566E+00
  0.4870E+00
  0.5165E+00
  0.8316E+00
  0.5256E+01
  0.4331E+01
  0.2857E+00
  0.6833E+00
  0.2860E+01
  0.1222E+02
  0.3594E+02
  0.2552E+00
  0.4326E+00
  0.3145E+01
  0.2058E+01
  0.4624E+00
  0.2113E+00
  0.2134E+00
  0.2188E+00
  0.2181E+00
  0.2203E+00
  0.2237E+00
  0.2270E+00
  0.2448E+00
  0.2384E+00
  0.2480E+00
  0.2350E+00
  0.2431E+00
  0.2610E+00
  0.2445E+00
  0.2533E+00
  0.2543E+00
  0.2535E+00
  0.2560E+00
  0.2721E+00
  0.3261E+00
  0.3089E+00
  0.4069E+00
  0.3311E+00
  0.5403E+00
  0.5476E+00
  0.5715E+00
  0.3915E+00
  0.5558E+00
  0.5003E+00
  0.8843E+00
  0.7162E+00
  0.8935E+00
  0.1116E+01
  0.2033E+01
  0.3445E+01
  0.1517E+01
  0.1305E+01
  0.5289E+01
  0.9608E+00
  0.6028E+01
  0.3569E+01
  0.3555E+01
  0.5717E+01
  0.8183E+00
  0.4892E+00
  0.5567E+00
  0.9193E+00
  0.1150E+01
  0.4271E+00
  0.4614E+00
  0.4533E+00
  0.5122E+00
  0.5852E+00
  0.5924E+00
  0.5908E+00
  0.5143E+00
  0.7641E+00
  0.9414E+00
  0.8514E+00
  0.5200E+00
  0.4275E+00
  0.3866E+00
  0.3889E+00
  0.3920E+00
  0.3909E+00
  0.3925E+00
  0.3980E+00
  0.4042E+00
  0.4167E+00
  0.4450E+00
  0.4722E+00
  0.9147E+00
  0.1495E+01
  0.4492E+01
  0.4238E+00
  0.4278E+00
  0.4317E+00
  0.4350E+00
  0.4395E+00
  0.4438E+00
  0.4479E+00
  0.4576E+00
  0.4577E+00
  0.4618E+00
  0.4646E+00
  0.4669E+00
  0.4728E+00
  0.4820E+00
  0.4881E+00
  0.4928E+00
  0.4958E+00
  0.5148E+00
  0.5124E+00
  0.5341E+00
  0.5524E+00
  0.6004E+00
  0.8422E+00
  0.6916E+00
  0.6069E+00
  0.7188E+00
  0.5546E+00
  0.9257E+00
  0.6452E+00
  0.6736E+00
  0.6783E+00
  0.5946E+00
  0.5752E+00
  0.5756E+00
  0.5682E+00
  0.5723E+00
  0.5890E+00
  0.6039E+00
  0.5960E+00
  0.5973E+00
  0.5981E+00
  0.6419E+00
  0.6125E+00
  0.6331E+00
  0.6572E+00
  0.7737E+00
  0.1761E+01
  0.6497E+00
  0.6878E+00
  0.8940E+00
  0.2364E+01
  0.6472E+00
  0.6500E+00
  0.6551E+00
  0.6601E+00
  0.6655E+00
  0.6710E+00
  0.6756E+00
  0.6808E+00
  0.6861E+00
  0.6914E+00
  0.6967E+00
  0.7020E+00
  0.7074E+00
  0.7129E+00
  0.7183E+00
  0.7254E+00
  0.7293E+00
  0.7349E+00
  0.7405E+00
  0.7461E+00
  0.7517E+00
  0.7575E+00
  0.7633E+00
  0.7691E+00
  0.7749E+00
  0.7812E+00
  0.7871E+00
  0.7967E+00
  0.8022E+00
  0.8092E+00
  0.8209E+00
  0.8547E+00
  0.8368E+00
  0.8992E+00
  0.8763E+00
  0.8854E+00
  0.9576E+00
  0.9397E+00
  0.9859E+00
  0.1214E+01
  0.1238E+01
  0.1034E+01
  0.9134E+00
  0.1385E+01
  0.1132E+01
  0.1080E+01
  0.9659E+00
  0.9341E+00
  0.9337E+00
  0.9431E+00
  0.9594E+00
  0.9542E+00
  0.9567E+00
  0.9647E+00
  0.9769E+00
  0.9806E+00
  0.9916E+00
  0.1017E+01
  0.1017E+01
  0.1039E+01
  0.1047E+01
  0.1017E+01
  0.1037E+01
  0.1065E+01
  0.1081E+01
  0.1064E+01
  0.1050E+01
  0.1056E+01
  0.1063E+01
  0.1069E+01
  0.1078E+01
  0.1084E+01
  0.1092E+01
  0.1099E+01
  0.1107E+01
  0.1114E+01
  0.1122E+01
  0.1129E+01
  0.1137E+01
  0.1145E+01
  0.1152E+01
  0.1160E+01
  0.1168E+01
  0.1176E+01
  0.1184E+01
  0.1192E+01
  0.1200E+01
  0.1208E+01
  0.1217E+01
  0.1225E+01
  0.1233E+01
  0.1244E+01
  0.1256E+01
  0.1265E+01
  0.1267E+01
  0.1278E+01
  0.1297E+01
  0.1309E+01
  0.1316E+01
  0.1313E+01
  0.1323E+01
  0.1341E+01
  0.1343E+01
  0.1356E+01
  0.1364E+01
  0.1376E+01
  0.1379E+01
  0.1381E+01
  0.1388E+01
  0.1396E+01
  0.1410E+01
  0.1414E+01
  0.1423E+01
  0.1432E+01
  0.1442E+01
  0.1451E+01
  0.1460E+01
  0.1469E+01
  0.1479E+01
  0.1489E+01
  0.1502E+01
  0.1508E+01
  0.1516E+01
  0.1529E+01
  0.1540E+01
  0.1547E+01
  0.1556E+01
  0.1565E+01
  0.1574E+01
  0.1584E+01
  0.1594E+01
  0.1604E+01
  0.1616E+01
  0.1624E+01
  0.1634E+01
  0.1644E+01
  0.1654E+01
  0.1665E+01
  0.1675E+01
  0.1685E+01
  0.1697E+01
  0.1706E+01
  0.1717E+01
  0.1728E+01
  0.1739E+01
  0.1748E+01
  0.1759E+01
  0.1770E+01
  0.1781E+01
  0.1792E+01
  0.1802E+01
  0.1814E+01
  0.1825E+01
  0.1836E+01
  0.1848E+01
  0.1864E+01
  0.1872E+01
  0.1887E+01
  0.1897E+01
  0.1915E+01
  0.1933E+01
  0.1934E+01
  0.1943E+01
  0.1964E+01
  0.1974E+01
  0.1987E+01
  0.2000E+01
  0.2027E+01
  0.2014E+01
  0.2021E+01
  0.2034E+01
  0.2043E+01
  0.2054E+01
  0.2067E+01
  0.2080E+01
  0.2090E+01
  0.2103E+01
  0.2115E+01
  0.2127E+01
  0.2140E+01
  0.2153E+01
  0.2165E+01
  0.2179E+01
  0.2190E+01
  0.2205E+01
  0.2215E+01
  0.2229E+01
  0.2244E+01
  0.2253E+01
  0.2268E+01
  0.2282E+01
  0.2296E+01
  0.2305E+01
  0.2318E+01
  0.2331E+01
  0.2344E+01
  0.2360E+01
  0.2371E+01
  0.2384E+01
  0.2398E+01
  0.2411E+01
  0.2425E+01
  0.2438E+01
  0.2452E+01
  0.2466E+01
  0.2480E+01
  0.2494E+01
  0.2507E+01
  0.2521E+01
  0.2535E+01
  0.2550E+01
  0.2564E+01
  0.2578E+01
  0.2592E+01
  0.2607E+01
  0.2622E+01
  0.2636E+01
  0.2650E+01
  0.2665E+01
  0.2681E+01
  0.2695E+01
  0.2709E+01
  0.2724E+01
  0.2740E+01
  0.2756E+01
  0.2771E+01
  0.2785E+01
  0.2801E+01
  0.2814E+01
  0.2829E+01
  0.2844E+01
  0.2859E+01
  0.2875E+01
  0.2890E+01
  0.2906E+01
  0.2921E+01
  0.2937E+01
  0.2953E+01
  0.2969E+01
  0.2985E+01
  0.3000E+01
  0.3016E+01
  0.3033E+01
  0.3049E+01
  0.3065E+01
  0.3081E+01
  0.3097E+01
  0.3114E+01
  0.3130E+01
  0.3147E+01
  0.3164E+01
  0.3180E+01
  0.3197E+01
  0.3214E+01
  0.3230E+01
  0.3247E+01
  0.3264E+01
  0.3281E+01
  0.3298E+01
  0.3315E+01
  0.3333E+01
  0.3350E+01
  0.3368E+01
  0.3385E+01
  0.3402E+01
  0.3420E+01
  0.3437E+01
  0.3455E+01
  0.3473E+01
  0.3491E+01
  0.3510E+01
  0.3527E+01
  0.3545E+01
  0.3564E+01
  0.3582E+01
  0.3602E+01
  0.3620E+01
  0.3639E+01
  0.3657E+01
  0.3675E+01
  0.3693E+01
  0.3714E+01
  0.3732E+01
  0.3749E+01
  0.3767E+01
  0.3786E+01
  0.3805E+01
  0.3824E+01
  0.3843E+01
  0.3862E+01
  0.3882E+01
  0.3901E+01
  0.3920E+01
  0.3940E+01
  0.3960E+01
  0.3979E+01
  0.3999E+01
  0.4019E+01
  0.4039E+01
  0.4059E+01
  0.4079E+01
  0.4099E+01
  0.4119E+01
  0.4139E+01
  0.4160E+01
  0.4180E+01
  0.4201E+01
  0.4221E+01
  0.4242E+01
  0.4263E+01
  0.4284E+01
  0.4305E+01
  0.4326E+01
  0.4346E+01
  0.4367E+01
  0.4389E+01
  0.4410E+01
  0.4431E+01
  0.4453E+01
  0.4474E+01
  0.4496E+01
  0.4517E+01
  0.4539E+01
  0.4561E+01
  0.4583E+01
  0.4605E+01
  0.4627E+01
  0.4649E+01
  0.4671E+01
  0.4693E+01
  0.4716E+01
  0.4738E+01
  0.4761E+01
  0.4783E+01
  0.4806E+01
  0.4829E+01
  0.4852E+01
  0.4875E+01
  0.4898E+01
  0.4922E+01
  0.4944E+01
  0.4967E+01
  0.4990E+01
  0.5014E+01
  0.5037E+01
  0.5061E+01
  0.5084E+01
  0.5108E+01
  0.5132E+01
  0.5156E+01
  0.5180E+01
  0.5204E+01
  0.5228E+01
  0.5252E+01
  0.5277E+01
  0.5301E+01
  0.5326E+01
  0.5350E+01
  0.5375E+01
  0.5400E+01
  0.5424E+01
  0.5449E+01
  0.5474E+01
  0.5500E+01
  0.5525E+01
  0.5550E+01
  0.5575E+01
  0.5601E+01
  0.5626E+01
  0.5652E+01
  0.5678E+01
  0.5703E+01
  0.5729E+01
  0.5755E+01
  0.5781E+01
  0.5807E+01
  0.5834E+01
  0.5860E+01
  0.5886E+01
  0.5913E+01
  0.5940E+01
  0.5966E+01
  0.5993E+01
  0.6020E+01
  0.6047E+01
  0.6074E+01
  0.6101E+01
  0.6128E+01
  0.6156E+01
  0.6183E+01
  0.6211E+01
  0.6241E+01
  0.6266E+01
  0.6295E+01
  0.6321E+01
  0.6349E+01
  0.6377E+01
  0.6405E+01
  0.6434E+01
  0.6462E+01
  0.6490E+01
  0.6519E+01
  0.6547E+01
  0.6576E+01
  0.6605E+01
  0.6634E+01
  0.6663E+01
  0.6692E+01
  0.6721E+01
  0.6750E+01
  0.6780E+01
  0.6809E+01
  0.6839E+01
  0.6868E+01
  0.6898E+01
  0.6928E+01
  0.6958E+01
  0.6988E+01
  0.7018E+01
  0.7048E+01
  0.7079E+01
  0.7109E+01
  0.7140E+01
  0.7170E+01
  0.7201E+01
  0.7232E+01
  0.7263E+01
  0.7294E+01
  0.7325E+01
  0.7356E+01
  0.7387E+01
  0.7419E+01
  0.7450E+01
  0.7482E+01
  0.7514E+01
  0.7545E+01
  0.7577E+01
  0.7609E+01
  0.7642E+01
  0.7674E+01
  0.7706E+01
  0.7739E+01
  0.7771E+01
  0.7804E+01
  0.7836E+01
  0.7869E+01
  0.7902E+01
  0.7935E+01
  0.7968E+01
  0.8002E+01
  0.8035E+01
  0.8068E+01
  0.8102E+01
  0.8136E+01
  0.8169E+01
  0.8203E+01
  0.8237E+01
  0.8271E+01
  0.8306E+01
  0.8340E+01
  0.8374E+01
  0.8409E+01
  0.8443E+01
  0.8478E+01
  0.8513E+01
  0.8548E+01
  0.8583E+01
  0.8618E+01
  0.8653E+01
  0.8689E+01
  0.8724E+01
  0.8760E+01
  0.8796E+01
  0.8831E+01
  0.8867E+01
  0.8903E+01
  0.8939E+01
  0.8976E+01
  0.9012E+01
  0.9049E+01
  0.9085E+01
  0.9122E+01
  0.9159E+01
  0.9196E+01
  0.9233E+01
  0.9270E+01
  0.9307E+01
  0.9345E+01
  0.9382E+01
  0.9419E+01
  0.9458E+01
  0.9495E+01
  0.9533E+01
  0.9571E+01
  0.9609E+01
  0.9647E+01
  0.9686E+01
  0.9724E+01
  0.9763E+01
  0.9801E+01
  0.9840E+01
  0.9879E+01
  0.9918E+01
  0.9957E+01
  0.9997E+01
  0.1004E+02
  0.1008E+02
  0.1012E+02
  0.1016E+02
  0.1019E+02
  0.1023E+02
  0.1028E+02
  0.1032E+02
  0.1036E+02
  0.1040E+02
  0.1044E+02
  0.1048E+02
  0.1052E+02
  0.1056E+02
  0.1060E+02
  0.1064E+02
  0.1068E+02
  0.1072E+02
  0.1077E+02
  0.1081E+02
  0.1085E+02
  0.1089E+02
  0.1093E+02
  0.1098E+02
  0.1102E+02
  0.1106E+02
  0.1110E+02
  0.1115E+02
  0.1119E+02
  0.1123E+02
  0.1127E+02
  0.1132E+02
  0.1136E+02
  0.1140E+02
  0.1145E+02
  0.1149E+02
  0.1153E+02
  0.1158E+02
  0.1162E+02
  0.1167E+02
  0.1171E+02
  0.1175E+02
  0.1180E+02
  0.1184E+02
  0.1189E+02
  0.1193E+02
  0.1198E+02
  0.1202E+02
  0.1207E+02
  0.1211E+02
  0.1216E+02
  0.1221E+02
  0.1225E+02
  0.1230E+02
  0.1234E+02
  0.1239E+02
  0.1244E+02
  0.1248E+02
  0.1253E+02
  0.1258E+02
  0.1262E+02
  0.1267E+02
  0.1272E+02
  0.1276E+02
  0.1281E+02
  0.1286E+02
  0.1291E+02
  0.1295E+02
  0.1300E+02
  0.1305E+02
  0.1310E+02
  0.1315E+02
  0.1319E+02
  0.1324E+02
  0.1329E+02
  0.1334E+02
  0.1339E+02
  0.1344E+02
  0.1349E+02
  0.1354E+02
  0.1359E+02
  0.1364E+02
  0.1369E+02
  0.1374E+02
  0.1379E+02
  0.1384E+02
  0.1389E+02
  0.1394E+02
  0.1399E+02
  0.1404E+02
  0.1409E+02
  0.1414E+02
  0.1419E+02
  0.1424E+02
  0.1429E+02
  0.1434E+02
  0.1440E+02
  0.1445E+02
  0.1450E+02
  0.1455E+02
  0.1460E+02
  0.1466E+02
  0.1471E+02
  0.1476E+02
  0.1481E+02
  0.1487E+02
  0.1492E+02
  0.1497E+02
  0.1503E+02
  0.1508E+02
  0.1513E+02
  0.1519E+02
  0.1524E+02
  0.1530E+02
  0.1535E+02
  0.1540E+02
  0.1546E+02
  0.1551E+02
  0.1557E+02
  0.1562E+02
  0.1568E+02
  0.1573E+02
  0.1579E+02
  0.1585E+02
  0.1590E+02
  0.1596E+02
  0.1601E+02
  0.1607E+02
  0.1612E+02
  0.1618E+02
  0.1624E+02
  0.1629E+02
  0.1635E+02
  0.1641E+02
  0.1647E+02
  0.1652E+02
  0.1658E+02
  0.1664E+02
  0.1670E+02
  0.1675E+02
  0.1681E+02
  0.1687E+02
  0.1693E+02
  0.1699E+02
  0.1705E+02
  0.1710E+02
  0.1716E+02
  0.1722E+02
  0.1728E+02
  0.1734E+02
  0.1740E+02
  0.1746E+02
  0.1752E+02
  0.1758E+02
  0.1764E+02
  0.1770E+02
  0.1776E+02
  0.1782E+02
  0.1788E+02
  0.1794E+02
  0.1800E+02
  0.1807E+02
  0.1813E+02
  0.1819E+02
  0.1825E+02
  0.1831E+02
  0.1837E+02
  0.1844E+02
  0.1850E+02
  0.1856E+02
  0.1862E+02
  0.1869E+02
  0.1875E+02
  0.1881E+02
  0.1888E+02
  0.1894E+02
  0.1900E+02
  0.1907E+02
  0.1913E+02
  0.1920E+02
  0.1926E+02
  0.1932E+02
  0.1939E+02
  0.1945E+02
  0.1952E+02
  0.1958E+02
  0.1965E+02
  0.1971E+02
  0.1978E+02
  0.1985E+02
  0.1991E+02
  0.1998E+02
  0.2004E+02
  0.2011E+02
  0.2018E+02
  0.2024E+02
  0.2031E+02
  0.2038E+02
  0.2044E+02
  0.2051E+02
  0.2058E+02
  0.2065E+02
  0.2072E+02
  0.2078E+02
  0.2085E+02
  0.2092E+02
  0.2099E+02
  0.2106E+02
  0.2113E+02
  0.2119E+02
  0.2126E+02
  0.2133E+02
  0.2140E+02
  0.2147E+02
  0.2154E+02
  0.2161E+02
  0.2168E+02
  0.2175E+02
  0.2182E+02
  0.2189E+02
  0.2197E+02
  0.2204E+02
  0.2211E+02
  0.2218E+02
  0.2225E+02
  0.2232E+02
  0.2240E+02
  0.2247E+02
  0.2254E+02
  0.2261E+02
  0.2268E+02
  0.2276E+02
  0.2283E+02
  0.2290E+02
  0.2298E+02
  0.2305E+02
  0.2312E+02
  0.2320E+02
  0.2327E+02
  0.2335E+02
  0.2342E+02
  0.2350E+02
  0.2357E+02
  0.2365E+02
  0.2372E+02
  0.2380E+02
  0.2387E+02
  0.2395E+02
  0.2402E+02
  0.2410E+02
  0.2418E+02
  0.2425E+02
  0.2433E+02
  0.2441E+02
  0.2448E+02
  0.2456E+02
  0.2464E+02
  0.2471E+02
  0.2479E+02
  0.2487E+02
  0.2495E+02
  0.2503E+02
  0.2510E+02
  0.2518E+02
  0.2526E+02
  0.2534E+02
  0.2542E+02
  0.2550E+02
  0.2558E+02
  0.2566E+02
  0.2574E+02
  0.2582E+02
  0.2590E+02
  0.2598E+02
  0.2606E+02
  0.2614E+02
  0.2622E+02
  0.2630E+02
  0.2638E+02
  0.2647E+02
  0.2655E+02
  0.2663E+02
  0.2671E+02
  0.2679E+02
  0.2688E+02
  0.2696E+02
  0.2704E+02
  0.2713E+02
  0.2721E+02
  0.2729E+02
  0.2738E+02
  0.2746E+02
  0.2754E+02
  0.2763E+02
  0.2771E+02
  0.2780E+02
  0.2788E+02
  0.2797E+02
  0.2805E+02
  0.2814E+02
  0.2822E+02
  0.2831E+02
  0.2840E+02
  0.2848E+02
  0.2857E+02
  0.2865E+02
  0.2874E+02
  0.2883E+02
  0.2892E+02
  0.2900E+02
  0.2909E+02
  0.2918E+02
  0.2927E+02
  0.2935E+02
  0.2944E+02
  0.2953E+02
  0.2962E+02
  0.2971E+02
  0.2980E+02
  0.2989E+02
  0.2998E+02
  0.3007E+02
  0.3016E+02
  0.3025E+02
  0.3034E+02
  0.3043E+02
  0.3052E+02
  0.3061E+02
  0.3070E+02
  0.3079E+02
  0.3088E+02
  0.3098E+02
  0.3107E+02
  0.3116E+02
  0.3125E+02
  0.3135E+02
  0.3144E+02
  0.3153E+02
  0.3162E+02
  0.3172E+02
  0.3181E+02
  0.3191E+02
  0.3200E+02
  0.3209E+02
  0.3219E+02
  0.3228E+02
  0.3238E+02
  0.3247E+02
  0.3257E+02
  0.3266E+02
  0.3276E+02
  0.3286E+02
  0.3295E+02
  0.3305E+02
  0.3314E+02
  0.3324E+02
  0.3334E+02
  0.3344E+02
  0.3353E+02
  0.3363E+02
  0.3373E+02
  0.3383E+02
  0.3393E+02
  0.3402E+02
  0.3412E+02
  0.3422E+02
  0.3432E+02
  0.3442E+02
  0.3452E+02
  0.3462E+02
  0.3472E+02
  0.3482E+02
  0.3492E+02
  0.3502E+02
  0.3512E+02
  0.3522E+02
  0.3532E+02
  0.3543E+02
  0.3553E+02
  0.3563E+02
  0.3573E+02
  0.3583E+02
  0.3594E+02
  0.3604E+02
  0.3614E+02
  0.3625E+02
  0.3635E+02
  0.3645E+02
  0.3656E+02
  0.3666E+02
  0.3677E+02
  0.3687E+02
  0.3697E+02
  0.3708E+02
  0.3719E+02
  0.3729E+02
  0.3740E+02
  0.3750E+02
  0.3761E+02
  0.3772E+02
  0.3782E+02
  0.3793E+02
  0.3804E+02
  0.3814E+02
  0.3825E+02
  0.3836E+02
  0.3847E+02
  0.3857E+02
  0.3868E+02
  0.3879E+02
  0.3890E+02
  0.3901E+02
  0.3912E+02
  0.3923E+02
  0.3934E+02
  0.3945E+02
  0.3956E+02
  0.3967E+02
  0.3978E+02
  0.3989E+02
  0.4000E+02
  0.4011E+02
  0.4023E+02
  0.4034E+02
  0.4045E+02
  0.4056E+02
  0.4067E+02
  0.4079E+02
  0.4090E+02
  0.4101E+02
  0.4113E+02
  0.4124E+02
  0.4136E+02
  0.4147E+02
  0.4158E+02
  0.4170E+02
  0.4181E+02
  0.4193E+02
  0.4204E+02
  0.4216E+02
  0.4228E+02
  0.4239E+02
  0.4251E+02
  0.4263E+02
  0.4274E+02
  0.4286E+02
  0.4298E+02
  0.4309E+02
  0.4321E+02
  0.4333E+02
  0.4345E+02
  0.4357E+02
  0.4369E+02
  0.4381E+02
  0.4392E+02
  0.4404E+02
  0.4416E+02
  0.4428E+02
  0.4440E+02
  0.4453E+02
  0.4465E+02
  0.4477E+02
  0.4489E+02
  0.4501E+02
  0.4513E+02
  0.4525E+02
  0.4538E+02
  0.4550E+02
  0.4562E+02
  0.4574E+02
  0.4587E+02
  0.4599E+02
  0.4611E+02
  0.4624E+02
  0.4636E+02
  0.4649E+02
  0.4661E+02
  0.4674E+02
  0.4686E+02
  0.4699E+02
  0.4711E+02
  0.4724E+02
  0.4737E+02
  0.4749E+02
  0.4762E+02
  0.4775E+02
  0.4787E+02
  0.4800E+02
  0.4813E+02
  0.4826E+02
  0.4839E+02
  0.4851E+02
  0.4864E+02
  0.4877E+02
  0.4890E+02
  0.4903E+02
  0.4916E+02
  0.4929E+02
  0.4942E+02
  0.4955E+02
  0.4968E+02
  0.4981E+02
  0.4994E+02
  0.5008E+02
  0.5021E+02
  0.5034E+02
  0.5047E+02
  0.5061E+02
  0.5074E+02
  0.5087E+02
  0.5101E+02
  0.5114E+02
  0.5127E+02
  0.5141E+02
  0.5154E+02
  0.5168E+02
  0.5181E+02
  0.5195E+02
  0.5208E+02
  0.5222E+02
  0.5235E+02
  0.5249E+02
  0.5263E+02
  0.5276E+02
  0.5290E+02
  0.5304E+02
  0.5318E+02
  0.5331E+02
  0.5345E+02
  0.5359E+02
  0.5373E+02
  0.5387E+02
  0.5401E+02
  0.5415E+02
  0.5429E+02
  0.5443E+02
  0.5457E+02
  0.5471E+02
  0.5485E+02
  0.5499E+02
  0.5513E+02
  0.5527E+02
  0.5542E+02
  0.5556E+02
  0.5570E+02
  0.5584E+02
  0.5599E+02
  0.5613E+02
  0.5627E+02
  0.5642E+02
  0.5656E+02
  0.5671E+02
  0.5685E+02
  0.5700E+02
  0.5714E+02
  0.5729E+02
  0.5743E+02
  0.5758E+02
  0.5773E+02
  0.5787E+02
  0.5802E+02
  0.5817E+02
  0.5832E+02
  0.5846E+02
  0.5861E+02
  0.5876E+02
  0.5891E+02
  0.5906E+02
  0.5921E+02
  0.5936E+02
  0.5951E+02
  0.5966E+02
  0.5981E+02
  0.5996E+02
  0.6011E+02
  0.6026E+02
  0.6041E+02
  0.6056E+02
  0.6072E+02
  0.6087E+02
  0.6102E+02
  0.6117E+02
  0.6133E+02
  0.6148E+02
  0.6163E+02
  0.6179E+02
  0.6194E+02
  0.6210E+02
  0.6225E+02
  0.6241E+02
  0.6256E+02
  0.6272E+02
  0.6288E+02
  0.6303E+02
  0.6319E+02
  0.6335E+02
  0.6350E+02
  0.6366E+02
  0.6382E+02
  0.6398E+02
  0.6414E+02
  0.6429E+02
  0.6445E+02
  0.6461E+02
  0.6477E+02
  0.6493E+02
  0.6509E+02
  0.6525E+02
  0.6541E+02
  0.6557E+02
  0.6574E+02
  0.6590E+02
  0.6606E+02
  0.6622E+02
  0.6639E+02
  0.6655E+02
  0.6671E+02
  0.6688E+02
  0.6704E+02
  0.6720E+02
  0.6737E+02
  0.6753E+02
  0.6770E+02
  0.6786E+02
  0.6803E+02
  0.6819E+02
  0.6836E+02
  0.6853E+02
  0.6869E+02
  0.6886E+02
  0.6903E+02
  0.6920E+02
  0.6936E+02
  0.6953E+02
  0.6970E+02
  0.6987E+02
  0.7004E+02
  0.7021E+02
  0.7038E+02
  0.7055E+02
  0.7072E+02
  0.7089E+02
  0.7106E+02
  0.7123E+02
  0.7141E+02
  0.7158E+02
  0.7175E+02
  0.7192E+02
  0.7210E+02
  0.7227E+02
  0.7244E+02
  0.7262E+02
  0.7279E+02
  0.7297E+02
  0.7314E+02
  0.7332E+02
  0.7349E+02
  0.7367E+02
  0.7384E+02
  0.7402E+02
  0.7420E+02
  0.7437E+02
  0.7455E+02
  0.7473E+02
  0.7491E+02
  0.7509E+02
  0.7526E+02
  0.7544E+02
  0.7562E+02
  0.7580E+02
  0.7598E+02
  0.7616E+02
  0.7634E+02
  0.7652E+02
  0.7671E+02
  0.7689E+02
  0.7707E+02
  0.7725E+02
  0.7743E+02
  0.7762E+02
  0.7780E+02
  0.7798E+02
  0.7817E+02
  0.7835E+02
  0.7854E+02
  0.7872E+02
  0.7891E+02
  0.7909E+02
  0.7928E+02
  0.7946E+02
  0.7965E+02
  0.7984E+02
  0.8002E+02
  0.8021E+02
  0.8040E+02
  0.8059E+02
  0.8078E+02
  0.8096E+02
  0.8115E+02
  0.8134E+02
  0.8153E+02
  0.8172E+02
  0.8191E+02
  0.8210E+02
  0.8230E+02
  0.8249E+02
  0.8268E+02
  0.8287E+02
  0.8306E+02
  0.8326E+02
  0.8345E+02
  0.8364E+02
  0.8384E+02
  0.8403E+02
  0.8423E+02
  0.8442E+02
  0.8462E+02
  0.8481E+02
  0.8501E+02
  0.8520E+02
  0.8540E+02
  0.8560E+02
  0.8579E+02
  0.8599E+02
  0.8619E+02
  0.8639E+02
  0.8659E+02
  0.8678E+02
  0.8698E+02
  0.8718E+02
  0.8738E+02
  0.8758E+02
  0.8778E+02
  0.8798E+02
  0.8819E+02
  0.8839E+02
  0.8859E+02
  0.8879E+02
  0.8899E+02
  0.8920E+02
  0.8940E+02
  0.8960E+02
  0.8981E+02
  0.9001E+02
  0.9022E+02
  0.9042E+02
  0.9063E+02
  0.9083E+02
  0.9104E+02
  0.9125E+02
  0.9145E+02
  0.9166E+02
  0.9187E+02
  0.9208E+02
  0.9228E+02
  0.9249E+02
  0.9270E+02
  0.9291E+02
  0.9312E+02
  0.9333E+02
  0.9354E+02
  0.9375E+02
  0.9396E+02
  0.9417E+02
  0.9439E+02
  0.9460E+02
  0.9481E+02
  0.9502E+02
  0.9524E+02
  0.9545E+02
  0.9566E+02
  0.9588E+02
  0.9609E+02
  0.9631E+02
  0.9652E+02
  0.9674E+02
  0.9696E+02
  0.9717E+02
  0.9739E+02
  0.9761E+02
  0.9782E+02
  0.9804E+02
  0.9826E+02
  0.9848E+02
  0.9870E+02
  0.9892E+02
  0.9914E+02
  0.9936E+02
  0.9958E+02
  0.9980E+02
  0.1000E+03
  0.1002E+03
  0.1005E+03
  0.1007E+03
  0.1009E+03
  0.1011E+03
  0.1014E+03
  0.1016E+03
  0.1018E+03
  0.1020E+03
  0.1023E+03
  0.1025E+03
  0.1027E+03
  0.1029E+03
  0.1032E+03
  0.1034E+03
  0.1036E+03
  0.1038E+03
  0.1041E+03
  0.1043E+03
  0.1045E+03
  0.1048E+03
  0.1050E+03
  0.1052E+03
  0.1054E+03
  0.1057E+03
  0.1059E+03
  0.1061E+03
  0.1064E+03
  0.1066E+03
  0.1068E+03
  0.1071E+03
  0.1073E+03
  0.1075E+03
  0.1078E+03
  0.1080E+03
  0.1082E+03
  0.1085E+03
  0.1087E+03
  0.1089E+03
  0.1092E+03
  0.1094E+03
  0.1096E+03
  0.1099E+03
  0.1101E+03
  0.1104E+03
  0.1106E+03
  0.1108E+03
  0.1111E+03
  0.1113E+03
  0.1116E+03
  0.1118E+03
  0.1120E+03
  0.1123E+03
  0.1125E+03
  0.1128E+03
  0.1130E+03
  0.1132E+03
  0.1135E+03
  0.1137E+03
  0.1140E+03
  0.1142E+03
  0.1145E+03
  0.1147E+03
  0.1150E+03
  0.1152E+03
  0.1155E+03
  0.1157E+03
  0.1159E+03
  0.1162E+03
  0.1164E+03
  0.1167E+03
  0.1169E+03
  0.1172E+03
  0.1174E+03
  0.1177E+03
  0.1179E+03
  0.1182E+03
  0.1184E+03
  0.1187E+03
  0.1189E+03
  0.1192E+03
  0.1194E+03
  0.1197E+03
  0.1200E+03
  0.1202E+03
  0.1205E+03
  0.1207E+03
  0.1210E+03
  0.1212E+03
  0.1215E+03
  0.1217E+03
  0.1220E+03
  0.1223E+03
  0.1225E+03
  0.1228E+03
  0.1230E+03
  0.1233E+03
  0.1235E+03
  0.1238E+03
  0.1241E+03
  0.1243E+03
  0.1246E+03
  0.1248E+03
  0.1251E+03
  0.1254E+03
  0.1256E+03
  0.1259E+03
  0.1262E+03
  0.1264E+03
  0.1267E+03
  0.1270E+03
  0.1272E+03
  0.1275E+03
  0.1277E+03
  0.1280E+03
  0.1283E+03
  0.1285E+03
  0.1288E+03
  0.1291E+03
  0.1294E+03
  0.1296E+03
  0.1299E+03
  0.1302E+03
  0.1304E+03
  0.1307E+03
  0.1310E+03
  0.1312E+03
  0.1315E+03
  0.1318E+03
  0.1321E+03
  0.1323E+03
  0.1326E+03
  0.1329E+03
  0.1332E+03
  0.1334E+03
  0.1337E+03
  0.1340E+03
  0.1343E+03
  0.1345E+03
  0.1348E+03
  0.1351E+03
  0.1354E+03
  0.1356E+03
  0.1359E+03
  0.1362E+03
  0.1365E+03
  0.1368E+03
  0.1370E+03
  0.1373E+03
  0.1376E+03
  0.1379E+03
  0.1382E+03
  0.1384E+03
  0.1387E+03
  0.1390E+03
  0.1393E+03
  0.1396E+03
  0.1399E+03
  0.1401E+03
  0.1404E+03
  0.1407E+03
  0.1410E+03
  0.1413E+03
  0.1416E+03
  0.1419E+03
  0.1422E+03
  0.1424E+03
  0.1427E+03
  0.1430E+03
  0.1433E+03
  0.1436E+03
  0.1439E+03
  0.1442E+03
  0.1445E+03
  0.1448E+03
  0.1451E+03
  0.1453E+03
  0.1456E+03
  0.1459E+03
  0.1462E+03
  0.1465E+03
  0.1468E+03
  0.1471E+03
  0.1474E+03
  0.1477E+03
  0.1480E+03
  0.1483E+03
  0.1486E+03
  0.1489E+03
  0.1492E+03
  0.1495E+03
  0.1498E+03
