 tau_sw_i
                          0.5948411995624729E-15
                          0.8800992753976102E-13
                          0.9687951074298796E-13
                          0.9297481172765792E-12
                          0.2765178561263868E-11
                          0.1384503708014994E-11
                          0.8027022735553509E-11
                          0.3138126487673287E-11
                          0.5422489671602143E-12
                          0.5254755245903905E-11
                          0.1170022961641549E-12
                          0.1115160149137512E-09
                          0.3669599391104740E-09
                          0.4713515967950789E-13
                          0.5131192145172531E-13
                          0.1608880521596062E-12
                          0.8008688735667786E-13
                          0.1491942976246816E-12
                          0.1303938734869461E-12
                          0.3787342163377441E-11
                          0.1062642844082536E-11
                          0.3843902178594797E-11
                          0.4661275785751278E-10
                          0.1304521225094885E-08
                          0.7098523388636542E-07
                          0.2078396292490275E-06
                          0.1594802860070769E-04
                          0.9818942776347958E-04
                          0.5989985185736461E-06
                          0.9577306919666790E-07
                          0.1654800738195933E-06
                          0.5640201556768015E-11
                          0.4377899937406378E-10
                          0.1797073299579934E-11
                          0.3609855784401409E-10
                          0.1857146271306586E-11
                          0.2106758895337747E-11
                          0.2500250213740099E-11
                          0.2255574594442624E-10
                          0.7710502639581576E-11
                          0.3149538316743810E-11
                          0.3649607912881589E-11
                          0.1372272514497470E-10
                          0.2053316830832386E-10
                          0.4563121534337567E-11
                          0.4962130178749951E-11
                          0.5419449860323700E-11
                          0.5903957788358352E-11
                          0.6448958492537632E-11
                          0.1758303051482192E-10
                          0.6248437971775101E-09
                          0.3762682554761231E-09
                          0.1355041675111456E-05
                          0.3941734487298267E-10
                          0.3607398452122459E-09
                          0.3507519140697617E-08
                          0.3633408703748492E-10
                          0.1278652253840377E-10
                          0.1368954713093440E-10
                          0.1467428313022053E-10
                          0.1569777804590712E-10
                          0.1676345283757497E-10
                          0.1793312874044899E-10
                          0.2006574741248060E-10
                          0.2029019206127609E-10
                          0.2163953626868738E-10
                          0.2371760377523235E-10
                          0.2452337764653195E-10
                          0.2596927173971558E-10
                          0.2742246199430454E-10
                          0.2903999052109810E-10
                          0.3071991558172683E-10
                          0.3278985159414523E-10
                          0.1913412350793625E-08
                          0.5670272029550000E-10
                          0.3257556033499436E-06
                          0.9422749338406258E-03
                          0.1985696882993396E-08
                          0.2694300851058471E-09
                          0.6622759830694032E-10
                          0.8682979023601864E-10
                          0.7829213047721142E-07
                          0.9358559076769521E-07
                          0.2985180632426531E-04
                          0.4109037894792634E-04
                          0.1383696129620730E-09
                          0.6737521637474555E-10
                          0.6934474324464736E-10
                          0.7386361206836032E-10
                          0.1099484353825366E-08
                          0.4642432811894363E-06
                          0.6839467345774867E-02
                          0.9287357035987441E-01
                          0.6017418891983499E-03
                          0.1080503867014312E-02
                          0.1778635649651263E-04
                          0.1654904700194003E-08
                          0.1078222011869275E-09
                          0.1130305446822411E-09
                          0.6971966054370533E-09
                          0.3032934185521224E-08
                          0.1759397480616855E-09
                          0.1524193301690274E-09
                          0.1545094727099679E-05
                          0.1333851759130307E-08
                          0.2013762561967303E-08
                          0.1852020439540910E-09
                          0.1584870807340231E-09
                          0.1648979807975279E-09
                          0.1750518866031829E-09
                          0.2267151654112664E-09
                          0.1978845630312887E-09
                          0.1906414200846430E-09
                          0.1969494899603320E-09
                          0.2039406515913276E-09
                          0.2111925214417517E-09
                          0.2186490016953751E-09
                          0.2262627011391607E-09
                          0.2344221946420257E-09
                          0.5684330985642477E-09
                          0.6866414927432144E-07
                          0.2684217900113041E-09
                          0.2674869432188835E-09
                          0.3915101827728199E-09
                          0.2857018835946021E-09
                          0.3710401316668448E-07
                          0.3134120696688552E-09
                          0.3161870916291860E-09
                          0.3584777281112062E-09
                          0.3344766297435140E-09
                          0.3450749219202437E-09
                          0.3592424118422689E-09
                          0.3921310269396493E-09
                          0.3952692841702612E-06
                          0.6144573439165147E-07
                          0.4112177069108183E-09
                          0.4149541135057639E-09
                          0.1038388012797548E-07
                          0.4972827897592951E-09
                          0.1047833965455877E-08
                          0.2056899284490465E-07
                          0.8854453578862964E-07
                          0.1488804274388183E-03
                          0.4069355772792337E-06
                          0.1169403024512476E-04
                          0.2072105745032324E-04
                          0.1319658642558716E-06
                          0.1055005145173741E-02
                          0.1191027185546002E-04
                          0.6267908704732159E-04
                          0.1708956717410218E-07
                          0.6613031003004621E-09
                          0.7400814610135205E-09
                          0.6939932137940692E-09
                          0.4002638141830541E-06
                          0.7076989324286725E-09
                          0.7179116368159072E-09
                          0.7337294391107241E-09
                          0.7525395742752459E-09
                          0.8175184366027655E-09
                          0.1952810063513904E-06
                          0.1121459532381571E-08
                          0.8313259033405014E-09
                          0.8520274480762542E-09
                          0.8731235181288434E-09
                          0.8946150445229724E-09
                          0.5299776001137419E-05
                          0.9394499354635339E-09
                          0.9623990049731931E-09
                          0.9845445058239727E-09
                          0.1008042494995912E-08
                          0.1031965087467724E-08
                          0.1056312344255189E-08
                          0.1081175630570746E-08
                          0.1106475796352374E-08
                          0.1312814357461754E-08
                          0.1158190053198247E-08
                          0.5466527823080990E-04
                          0.1214037729104446E-08
                          0.2259520036814550E-08
                          0.1347781988962088E-08
                          0.1299551007146534E-08
                          0.1329106612043181E-08
                          0.1163726225015361E-06
                          0.1409134108031907E-08
                          0.2997976877748109E-08
                          0.1305128857636049E-02
                          0.2086243434336163E-08
                          0.1515949604996776E-08
                          0.2105730786884073E-08
                          0.3218141695874370E-08
                          0.5265071680683647E-08
                          0.3080016846799158E-08
                          0.1340893046792603E-06
                          0.1010015569776846E-07
                          0.2636332162772966E-06
                          0.6901319282518613E-07
                          0.4059072553804265E-03
                          0.3253763964826835E-06
                          0.2380672740287745E-06
                          0.7915026250685466E-06
                          0.2254449789310168E-08
                          0.2539736671144732E-08
                          0.1764855516171352E-07
                          0.1360607523764069E-04
                          0.1220537898222985E-07
                          0.2179477904922977E-08
                          0.2218110132931406E-08
                          0.2268157805202409E-08
                          0.2334032410691162E-08
                          0.2393487840580782E-08
                          0.2409297260756783E-08
                          0.3139238389938198E-08
                          0.3572719571520269E-08
                          0.2535550165445968E-08
                          0.2578821643036363E-08
                          0.2669786550766444E-08
                          0.2676269674603242E-08
                          0.2725330435536570E-08
                          0.2775671802350341E-08
                          0.2826709984940664E-08
                          0.2878512368921928E-08
                          0.2930889083922250E-08
                          0.2984056414213689E-08
                          0.3037927415564666E-08
                          0.3092525658275763E-08
                          0.3149720914515099E-08
                          0.3249892300920930E-08
                          0.3260813601083415E-08
                          0.3318410057211422E-08
                          0.3376671394713892E-08
                          0.3440618805743652E-08
                          0.3496206004854212E-08
                          0.3598628051660167E-08
                          0.3621280906656762E-08
                          0.1984635110250874E-07
                          0.3744086583330047E-08
                          0.3810980564939129E-08
                          0.7258219084898510E-07
                          0.7429543380643067E-08
                          0.4010785530154132E-08
                          0.3301634574385615E-06
                          0.4190509571791618E-08
                          0.4710290997300689E-08
                          0.4326171814425606E-08
                          0.4395953291582661E-08
                          0.4897520701758555E-08
                          0.1473216524569878E-06
                          0.5231155346948976E-08
                          0.6746442686252288E-08
                          0.5599052388235400E-08
                          0.4910020705941306E-08
                          0.4945597423991277E-08
                          0.1177468783836175E-05
                          0.9497783717484483E-08
                          0.5132361683524868E-08
                          0.5185480904106495E-08
                          0.5263759357074457E-08
                          0.5489743981952736E-08
                          0.5541599303956597E-08
                          0.5773085393290031E-08
                          0.5722416676008173E-08
                          0.5713342834157998E-08
                          0.5774089276103940E-08
                          0.5868406755075468E-08
                          0.5950243962915431E-08
                          0.7157525354845459E-08
                          0.8008649825938346E-08
                          0.1809777076649786E-07
                          0.6324189752523258E-08
                          0.7252602626893149E-08
                          0.6542623170363502E-08
                          0.6605336273951298E-08
                          0.6701632313466477E-08
                          0.2320215485584446E-07
                          0.8144111859556479E-08
                          0.7166889724629730E-08
                          0.9416586198485935E-08
                          0.1484118511804032E-07
                          0.2474490367357687E-07
                          0.7452639805734286E-08
                          0.7522355640785436E-08
                          0.7630034194628680E-08
                          0.7738697371036053E-08
                          0.7848623330611647E-08
                          0.7987800276164423E-08
                          0.8072072016541203E-08
                          0.1076196821468415E-06
                          0.8300309642073017E-08
                          0.8416122814306967E-08
                          0.8533257486428276E-08
                          0.8660500191561611E-08
                          0.6868506029242978E-07
                          0.8907442207590105E-08
                          0.9016579049183915E-08
                          0.9137156387956463E-08
                          0.9632867058307205E-08
                          0.9388394870244589E-08
                          0.9552179931601360E-08
                          0.9688403116640128E-08
                          0.9772514182108202E-08
                          0.9903408899558132E-08
                          0.1003599601279025E-07
                          0.1024841382042306E-07
                          0.1046322400084596E-07
                          0.1045239197371987E-07
                          0.1074325495123093E-07
                          0.1071661197748913E-07
                          0.1085888167973505E-07
                          0.1339347783214232E-07
                          0.1117619416397555E-07
                          0.1128613965027905E-07
                          0.1143183860852400E-07
                          0.1157908611555682E-07
                          0.1172806273477488E-07
                          0.1187851332692729E-07
                          0.1203446239844411E-07
                          0.1222389819759351E-07
                          0.1235856059445421E-07
                          0.1249537332761557E-07
                          0.1267717190888163E-07
                          0.1280923810040744E-07
                          0.1299927970662896E-07
                          0.2097734357331560E-07
                          0.1409067596109498E-07
                          0.2250196449468948E-07
                          0.1362983260026377E-07
                          0.1765523546054969E-07
                          0.1107689349901458E-02
                          0.1417029212827027E-07
                          0.1431423335826931E-07
                          0.1469616467667027E-07
                          0.1654555344219970E-07
                          0.1483455964846166E-07
                          0.1501305647747424E-07
                          0.1519363365780743E-07
                          0.1537582325015024E-07
                          0.1555966135605729E-07
                          0.1574515450218536E-07
                          0.1593337067386809E-07
                          0.1612109716989915E-07
                          0.1631161969224320E-07
                          0.1650374258744932E-07
                          0.1669870478206778E-07
                          0.1689313039106637E-07
                          0.1709039889886344E-07
                          0.1729031004084429E-07
                          0.3457396817032438E-07
                          0.1776208394778566E-07
                          0.1789688856955084E-07
                          0.1810278135944189E-07
                          0.1831056587004545E-07
                          0.1852027932899089E-07
                          0.3694757350431777E-07
                          0.1894619347258566E-07
                          0.1915947486922180E-07
                          0.1937624172052234E-07
                          0.1961610423053645E-07
                          0.2519594103922493E-06
                          0.2003836929674642E-07
                          0.2026177015285506E-07
                          0.2048781901889482E-07
                          0.2320806300916494E-07
                          0.2094558709033937E-07
                          0.2117733945695974E-07
                          0.2141108320254838E-07
                          0.2164665904295024E-07
                          0.2188406481914404E-07
                          0.2212353469801569E-07
                          0.2236496077439347E-07
                          0.2396090423604255E-07
                          0.2285390906116366E-07
                          0.2310169139052094E-07
                          0.2335064034230156E-07
                          0.2360209200093135E-07
                          0.2570834852715600E-07
                          0.2427240143744102E-07
                          0.2436837409884055E-07
                          0.2462807069053043E-07
                          0.2489015046603840E-07
                          0.2516440759196614E-07
                          0.2557481247537263E-07
                          0.2568684304570346E-07
                          0.2595681725289908E-07
                          0.2623186820025734E-07
                          0.2650464465450398E-07
                          0.2677964416952402E-07
                          0.2705813002980610E-07
                          0.2733885661420315E-07
                          0.2762176250111165E-07
                          0.2790685859552410E-07
                          0.2819416507549444E-07
                          0.2848366596484761E-07
                          0.2877540638993866E-07
                          0.2906945025595616E-07
                          0.2936558630309559E-07
                          0.2966405970036722E-07
                          0.2996480190890014E-07
                          0.3026782630669578E-07
                          0.3057314632551405E-07
                          0.3088076414876448E-07
                          0.3119070450279257E-07
                          0.3150297751096468E-07
                          0.3181756902994328E-07
                          0.3213451972684475E-07
                          0.3245383482977174E-07
                          0.3277552404690153E-07
                          0.3309963375904571E-07
                          0.3342610832898422E-07
                          0.3375495117166148E-07
                          0.3411305874218162E-07
                          0.3444734218615280E-07
                          0.3475616742048046E-07
                          0.3509485371521079E-07
                          0.3543591561085211E-07
                          0.3577949882638888E-07
                          0.3612559705580166E-07
                          0.3647419334601910E-07
                          0.3682525222169154E-07
                          0.3717891293007270E-07
                          0.3754133717812730E-07
                          0.3789377124006211E-07
                          0.3825673919071316E-07
                          0.4000830422332340E-07
                          0.3900411507474265E-07
                          0.3935477119922200E-07
                          0.3972609755817358E-07
                          0.4010045837441271E-07
                          0.4047938998122251E-07
                          0.4088516857346343E-07
                          0.4133343509735547E-07
                          0.4164408848288892E-07
                          0.4201395721685485E-07
                          0.4998952464630816E-07
                          0.4620238284463216E-07
                          0.4319078855932651E-07
                          0.4358928646998011E-07
                          0.4399052250661577E-07
                          0.4439453353817878E-07
                          0.4480290121384200E-07
                          0.4521088558612454E-07
                          0.4562325767040014E-07
                          0.4603844569262746E-07
                          0.4645646142865007E-07
                          0.4687731784798477E-07
                          0.4746440219135811E-07
                          0.4772763623696692E-07
                          0.4815706457084276E-07
                          0.4858939931372647E-07
                          0.4902464853531125E-07
                          0.4946281581548675E-07
                          0.4990391386441307E-07
                          0.5034795543920210E-07
                          0.5079495350419763E-07
                          0.5124492161446362E-07
                          0.5171103005922562E-07
                          0.5215383362025872E-07
                          0.5261280671237238E-07
                          0.5307538133489738E-07
                          0.5354045412736300E-07
                          0.5401058618992551E-07
                          0.5447895898160682E-07
                          0.5495316070876842E-07
                          0.5543045140910721E-07
                          0.5591084383019505E-07
                          0.5639435246551062E-07
                          0.5688099033182102E-07
                          0.5737077087659392E-07
                          0.5786757058839494E-07
                          0.5835981613336617E-07
                          0.5885910387439602E-07
                          0.5936159056113873E-07
                          0.5986728764166605E-07
                          0.6037620891181440E-07
                          0.6088836799780794E-07
                          0.6140396401358633E-07
                          0.6192257680845220E-07
                          0.6244440944602864E-07
                          0.6296965695934099E-07
                          0.6349821135955130E-07
                          0.6403008676203269E-07
                          0.6456577567326092E-07
                          0.6510388661240426E-07
                          0.6564582775993891E-07
                          0.6619106822507814E-07
                          0.6673975354376482E-07
                          0.6729184430017450E-07
                          0.6784735562756843E-07
                          0.6840629387154508E-07
                          0.6896867934006408E-07
                          0.6953452671495941E-07
                          0.7010384999493306E-07
                          0.7067666362475677E-07
                          0.7125303286119325E-07
                          0.7183280811600742E-07
                          0.7241616920689249E-07
                          0.7300307852174625E-07
                          0.7359354974340051E-07
                          0.7418762458364951E-07
                          0.7478522580304695E-07
                          0.7538646298763887E-07
                          0.7599156977734726E-07
                          0.7659994678956154E-07
                          0.7721194036161784E-07
                          0.7782773955294675E-07
                          0.7844721855089699E-07
                          0.7907048958475845E-07
                          0.7970578808618818E-07
                          0.8032783163565849E-07
                          0.8096215643839165E-07
                          0.8160037223069359E-07
                          0.8225417568423831E-07
                          0.8288767201836049E-07
                          0.8353707966346962E-07
                          0.8419029689229684E-07
                          0.8484733752137617E-07
                          0.8550821828710748E-07
                          0.8617294995767775E-07
                          0.8684154886067593E-07
                          0.8751403228085643E-07
                          0.8819041391631648E-07
                          0.8887070858572716E-07
                          0.8955493156677073E-07
                          0.9024309788112949E-07
                          0.9093522265067145E-07
                          0.9163132102617763E-07
                          0.9233140819517204E-07
                          0.9303550265162019E-07
                          0.9374360973510512E-07
                          0.9445607757026476E-07
                          0.9517194943271969E-07
                          0.9589220909578590E-07
                          0.9661655211228450E-07
                          0.9734502450491125E-07
                          0.9807753289609500E-07
                          0.9881420697718090E-07
                          0.9955502324785078E-07
                          0.1002999971921757E-06
                          0.1010491443734623E-06
                          0.1018024802338832E-06
                          0.1025600226478405E-06
                          0.1033217812759097E-06
                          0.1040877933331830E-06
                          0.1048580341175646E-06
                          0.1056325390054963E-06
                          0.1069269592650888E-06
                          0.1071944294668795E-06
                          0.1079818394139324E-06
                          0.1087735809469037E-06
                          0.1095696664335648E-06
                          0.1103701109947578E-06
                          0.1111749577851408E-06
                          0.1119841671060423E-06
                          0.1127979114008455E-06
                          0.1136158361314719E-06
                          0.1144383549623780E-06
                          0.1152652895645061E-06
                          0.1160972019877562E-06
                          0.1169326807671282E-06
                          0.1177730499279204E-06
                          0.1186179940021240E-06
                          0.1194674872381486E-06
                          0.1203215310646015E-06
                          0.1211830496941947E-06
                          0.1220438409002847E-06
                          0.1229111162667928E-06
                          0.1237835353680043E-06
                          0.1246605907367028E-06
                          0.1255422947000791E-06
                          0.1264286706915780E-06
                          0.1273197312955010E-06
                          0.1282154940953153E-06
                          0.1291159752521509E-06
                          0.1300211912329077E-06
                          0.1309311589788619E-06
                          0.1318459137031227E-06
                          0.1327654383767215E-06
                          0.1336899501731155E-06
                          0.1346188755780609E-06
                          0.1355528495799489E-06
                          0.1364916752931361E-06
                          0.1374353692057932E-06
                          0.1383839481755833E-06
                          0.1393374290124081E-06
                          0.1402958285755477E-06
                          0.1412591649948188E-06
                          0.1422274515987700E-06
                          0.1432007086304726E-06
                          0.1441789522551093E-06
                          0.1451621995489640E-06
                          0.1461504669050644E-06
                          0.1471437719891026E-06
                          0.1481421318523558E-06
                          0.1491455632084912E-06
                          0.1501540835948043E-06
                          0.1511677100535023E-06
                          0.1521864598256536E-06
                          0.1532103502090183E-06
                          0.1542393981440369E-06
                          0.1552736738993385E-06
                          0.1563170956089142E-06
                          0.1573576620821315E-06
                          0.1584075145161649E-06
                          0.1594626141387618E-06
                          0.1605229775718254E-06
                          0.1615894196135058E-06
                          0.1626595435895382E-06
                          0.1637357938949027E-06
                          0.1648173835604535E-06
                          0.1659043175684516E-06
                          0.1669966620861023E-06
                          0.1680942879357819E-06
                          0.1692019235580698E-06
                          0.1703058874145006E-06
                          0.1714198259081976E-06
                          0.1725392299539149E-06
                          0.1736640963631732E-06
                          0.1747944607787039E-06
                          0.1759303342129095E-06
                          0.1770717346883235E-06
                          0.1782186800661694E-06
                          0.1793711882652843E-06
                          0.1805299053133955E-06
                          0.1816929650065822E-06
                          0.1828622695223096E-06
                          0.1840372088793174E-06
                          0.1852178011407785E-06
                          0.1864040644071978E-06
                          0.1875960168104774E-06
                          0.1887936765102482E-06
                          0.1899970619679975E-06
                          0.1912061905875316E-06
                          0.1924212688772401E-06
                          0.1936417770536420E-06
                          0.1948682221107049E-06
                          0.1961005089943184E-06
                          0.1973386451522504E-06
                          0.1985826062973273E-06
                          0.1998324529689393E-06
                          0.2010881908294451E-06
                          0.2023498376620638E-06
                          0.2036174119742272E-06
                          0.2048909323028632E-06
                          0.2061704172164511E-06
                          0.2074558978959362E-06
                          0.2087473551906195E-06
                          0.2100448455277511E-06
                          0.2113483750013865E-06
                          0.2126579623192906E-06
                          0.2139736262459685E-06
                          0.2152953856874524E-06
                          0.2166232588838424E-06
                          0.2179572705342087E-06
                          0.2192974234614444E-06
                          0.2206437524465931E-06
                          0.2219962714122993E-06
                          0.2233550076774865E-06
                          0.2247199527078623E-06
                          0.2260911538881552E-06
                          0.2274686217723963E-06
                          0.2288523815332015E-06
                          0.2302424308955488E-06
                          0.2316388050674472E-06
                          0.2330415249559950E-06
                          0.2344506059981400E-06
                          0.2358660673868879E-06
                          0.2372879283636740E-06
                          0.2387162082546821E-06
                          0.2401509261144193E-06
                          0.2443610105169479E-06
                          0.2430397538736032E-06
                          0.2444939020037196E-06
                          0.2459545659026930E-06
                          0.2474217648240115E-06
                          0.2488955184175287E-06
                          0.2503758456057997E-06
                          0.2518627665555706E-06
                          0.2533563002911296E-06
                          0.2548564667684790E-06
                          0.2563632858494508E-06
                          0.2578769607833933E-06
                          0.2593969582867112E-06
                          0.2691528457785818E-06
                          0.2624574755627365E-06
                          0.2639978509783663E-06
                          0.2655449971028554E-06
                          0.2670989333222696E-06
                          0.2686596772905477E-06
                          0.2702272530474006E-06
                          0.2718016786990053E-06
                          0.2733829743161818E-06
                          0.2749711614461977E-06
                          0.2765662543439752E-06
                          0.2781682820267580E-06
                          0.2797772648162186E-06
                          0.2813931994691555E-06
                          0.2830161461468466E-06
                          0.2846460770538791E-06
                          0.2862830515887949E-06
                          0.2879270861893109E-06
                          0.2895781808660004E-06
                          0.2912363594309264E-06
                          0.2929016572499767E-06
                          0.2945740866407037E-06
                          0.2962536949056083E-06
                          0.2979404212077468E-06
                          0.2996343671744610E-06
                          0.3013355263555819E-06
                          0.3066547370413521E-06
                          0.3047595645760396E-06
                          0.3064824851948679E-06
                          0.3082127069056462E-06
                          0.3099502318102203E-06
                          0.3116950989643411E-06
                          0.3134473228000477E-06
                          0.3152069240112069E-06
                          0.3169739232666750E-06
                          0.3187483413225092E-06
                          0.3205301987227519E-06
                          0.3223195164377844E-06
                          0.3241163151931223E-06
                          0.3259206158099396E-06
                          0.3277324391406206E-06
                          0.3295518060651945E-06
                          0.3313787388442860E-06
                          0.3332132543656751E-06
                          0.3350554518495198E-06
                          0.3369051293860865E-06
                          0.3387625274567682E-06
                          0.3406275960854250E-06
                          0.3425003561373273E-06
                          0.3443808262742356E-06
                          0.3462691641050547E-06
                          0.3481649876414651E-06
                          0.3500687206807278E-06
                          0.3519802499770960E-06
                          0.3539618711590351E-06
                          0.3558272803627275E-06
                          0.3577618292614417E-06
                          0.3597047565468332E-06
                          0.3616555876720215E-06
                          0.3636143425964012E-06
                          0.3655810436381005E-06
                          0.3675557120188448E-06
                          0.3695383690845071E-06
                          0.3715290364833501E-06
                          0.3735277357246781E-06
                          0.3755344883782556E-06
                          0.3775493160519702E-06
                          0.3795722405995913E-06
                          0.3816032830375140E-06
                          0.3836424785106941E-06
                          0.3856898100325318E-06
                          0.3877453378832760E-06
                          0.3898090717082513E-06
                          0.3918810311033393E-06
                          0.3939612401472284E-06
                          0.3960497199493429E-06
                          0.3981464924066001E-06
                          0.4002515794328471E-06
                          0.4023650029882986E-06
                          0.4044867850504070E-06
                          0.4066169476741916E-06
                          0.4087555127615893E-06
                          0.4109025025610092E-06
                          0.4130579397977111E-06
                          0.4152218443482368E-06
                          0.4173942406143292E-06
                          0.4195751501063737E-06
                          0.4217645949904226E-06
                          0.4239625975073556E-06
                          0.4261691800091955E-06
                          0.4283843645483262E-06
                          0.4306081739606716E-06
                          0.4328406301411686E-06
                          0.4350817550430005E-06
                          0.4373315721167136E-06
                          0.4395901031673692E-06
                          0.4418573708973593E-06
                          0.4441333977111590E-06
                          0.4464182061772541E-06
                          0.4487118188371347E-06
                          0.4510142606733767E-06
                          0.4533255472110892E-06
                          0.4556457079812710E-06
                          0.4579747934337450E-06
                          0.4603127373080215E-06
                          0.4626596497647739E-06
                          0.4650155258503372E-06
                          0.4673803876502088E-06
                          0.4697542640748085E-06
                          0.4721371596874779E-06
                          0.4745291156403556E-06
                          0.4769302012557208E-06
                          0.4793402819750475E-06
                          0.4817595383093274E-06
                          0.4841879407959330E-06
                          0.4866255120347019E-06
                          0.4890722823005404E-06
                          0.4915282547787899E-06
                          0.4939934723406221E-06
                          0.4964679503670325E-06
                          0.4989517129482935E-06
                          0.5014447838961171E-06
                          0.5039471858858476E-06
                          0.5064589421732836E-06
                          0.5089800760350667E-06
                          0.5115106107889585E-06
                          0.5140505697733045E-06
                          0.5165999763577785E-06
                          0.5191588539737768E-06
                          0.5217272259620933E-06
                          0.5243051158528359E-06
                          0.5268925471011483E-06
                          0.5294895445734354E-06
                          0.5320961278063493E-06
                          0.5347123243689555E-06
                          0.5373381565337620E-06
                          0.5399736517156063E-06
                          0.5426188221940074E-06
                          0.5452737039303870E-06
                          0.5479383141863288E-06
                          0.5506126793654588E-06
                          0.5532968223571371E-06
                          0.5559907674044775E-06
                          0.5586945370181839E-06
                          0.5614081563823842E-06
                          0.5641316489466760E-06
                          0.5668650386303738E-06
                          0.5696083493825540E-06
                          0.5723616051779648E-06
                          0.5751248300252780E-06
                          0.5778980479587764E-06
                          0.5806812830425022E-06
                          0.5834745593708882E-06
                          0.5862779010757778E-06
                          0.5890913322697864E-06
                          0.5919148771738194E-06
                          0.5947485599829432E-06
                          0.5975924049333906E-06
                          0.6004464362932483E-06
                          0.6033106783582444E-06
                          0.6061851554633779E-06
                          0.6090698927764040E-06
                          0.6119649121691834E-06
                          0.6148702406561834E-06
                          0.6177859016174408E-06
                          0.6207119197362753E-06
                          0.6236483195292865E-06
                          0.6265951254148116E-06
                          0.6295523617457818E-06
                          0.6325200541907624E-06
                          0.6354982250646589E-06
                          0.6384869011693965E-06
                          0.6414861072018243E-06
                          0.6444958656240989E-06
                          0.6475162034310543E-06
                          0.6505471445514138E-06
                          0.6535887311977812E-06
                          0.6566409361336315E-06
                          0.6597038362305376E-06
                          0.6627774390204837E-06
                          0.6658617694068131E-06
                          0.6689568523217707E-06
                          0.6720627127358585E-06
                          0.6751793756111272E-06
                          0.6783068659946869E-06
                          0.6814452089341269E-06
                          0.6845944297989801E-06
                          0.6877545527635666E-06
                          0.6909256039121058E-06
                          0.6941076080889287E-06
                          0.6973005904868165E-06
                          0.7005045763270177E-06
                          0.7037195908604752E-06
                          0.7069456593665503E-06
                          0.7101828071621358E-06
                          0.7134310595650195E-06
                          0.7166904419496121E-06
                          0.7199609811407026E-06
                          0.7232427004242763E-06
                          0.7265356231264278E-06
                          0.7298397796977530E-06
                          0.7331551935202537E-06
                          0.7364818901320368E-06
                          0.7398198951030538E-06
                          0.7431692340317511E-06
                          0.7465299325755508E-06
                          0.7499020163101229E-06
                          0.7532855109721541E-06
                          0.7566804422861594E-06
                          0.7600868359805260E-06
                          0.7635047178318519E-06
                          0.7669341136255480E-06
                          0.7703750492050457E-06
                          0.7738275504396302E-06
                          0.7772916431730856E-06
                          0.7807673533621090E-06
                          0.7842547074502507E-06
                          0.7877537298808387E-06
                          0.7912644481883259E-06
                          0.7947868878902645E-06
                          0.7983210750517365E-06
                          0.8018670357660480E-06
                          0.8054247961653323E-06
                          0.8089943823838271E-06
                          0.8125758205086435E-06
                          0.8161691368872539E-06
                          0.8197743576951697E-06
                          0.8233915091997680E-06
                          0.8270206213318471E-06
                          0.8306617094860740E-06
                          0.8343148109429128E-06
                          0.8379799520641172E-06
                          0.8416571483756473E-06
                          0.8453464371978270E-06
                          0.8490478414010977E-06
                          0.8527613873832779E-06
                          0.8564871017656842E-06
                          0.8602250110678379E-06
                          0.8639751418724245E-06
                          0.8677375207906165E-06
                          0.8715121744597166E-06
                          0.8752991295506392E-06
                          0.8790984127601241E-06
                          0.8829100508146271E-06
                          0.8867340704717121E-06
                          0.8905704985092147E-06
                          0.8944193617469241E-06
                          0.8982806870248373E-06
                          0.9021545012330858E-06
                          0.9060408312354362E-06
                          0.9099397039566671E-06
                          0.9138511463960819E-06
                          0.9177751855212749E-06
                          0.9217118485746478E-06
                          0.9256611619257349E-06
                          0.9296231534120733E-06
                          0.9335978496270342E-06
                          0.9375852781409600E-06
                          0.9415854655789409E-06
                          0.9455984395662291E-06
                          0.9496242271759793E-06
                          0.9536628556577982E-06
                          0.9577143522813207E-06
                          0.9617787443584673E-06
                          0.9658560592212620E-06
                          0.9699463242324607E-06
                          0.9740495667845417E-06
                          0.9781658143095360E-06
                          0.9822950942238455E-06
                          0.9864374340699561E-06
                          0.9905928614455515E-06
                          0.9947614034084021E-06
                          0.9989430880838917E-06
                          0.1003137942816266E-05
                          0.1007345995265294E-05
                          0.1011567273100851E-05
                          0.1015801803996412E-05
                          0.1020049616529153E-05
                          0.1024310735855181E-05
                          0.1028585192223524E-05
                          0.1032873012720278E-05
                          0.1037174225107911E-05
                          0.1041488857262237E-05
                          0.1045816937016324E-05
                          0.1050158492336947E-05
                          0.1054513551238554E-05
                          0.1058882141404202E-05
                          0.1063264291128106E-05
                          0.1067660028339722E-05
                          0.1072069381096396E-05
                          0.1076492379665036E-05
                          0.1080929045620960E-05
                          0.1085379413648805E-05
                          0.1089843509741933E-05
                          0.1094321362102682E-05
                          0.1098812998972467E-05
                          0.1103318448581177E-05
                          0.1107837739248325E-05
                          0.1112370899281905E-05
                          0.1116917957028966E-05
                          0.1121478940865499E-05
                          0.1126053879196426E-05
                          0.1130642800455618E-05
                          0.1135245733106417E-05
                          0.1139862705638953E-05
                          0.1144493746575912E-05
                          0.1149138884465219E-05
                          0.1153798147886616E-05
                          0.1158471565447746E-05
                          0.1163159165783345E-05
                          0.1167860977561307E-05
                          0.1172577029473047E-05
                          0.1177307350450794E-05
                          0.1182051969115056E-05
                          0.1186810913399856E-05
                          0.1191584213386151E-05
                          0.1196371905161923E-05
                          0.1201173994318451E-05
                          0.1205990533049691E-05
                          0.1210821542512965E-05
                          0.1215667051733150E-05
                          0.1220527089484616E-05
                          0.1225401684985272E-05
                          0.1230290867212373E-05
                          0.1235194671485170E-05
                          0.1240113108162508E-05
                          0.1245046225090120E-05
                          0.1249994045209432E-05
                          0.1254956597695239E-05
                          0.1259933911762702E-05
                          0.1264926016655983E-05
                          0.1269932941648179E-05
                          0.1274954716041766E-05
                          0.1279991369166431E-05
                          0.1285042930383385E-05
                          0.1290109429081056E-05
                          0.1295190894680157E-05
                          0.1300287356618678E-05
                          0.1305398844381040E-05
                          0.1310525387483182E-05
                          0.1315667015457125E-05
                          0.1320823757784528E-05
                          0.1325995644166140E-05
                          0.1331182704181139E-05
                          0.1336384967775827E-05
                          0.1341602463737486E-05
                          0.1346835222664278E-05
                          0.1352083273995338E-05
                          0.1357346647495739E-05
                          0.1362625372959478E-05
                          0.1367919480209502E-05
                          0.1373228999097700E-05
                          0.1378553959504893E-05
                          0.1383894391554984E-05
                          0.1389250324544259E-05
                          0.1394621789082779E-05
                          0.1400008814952969E-05
                          0.1405411432190053E-05
                          0.1410829670819424E-05
                          0.1416263560977827E-05
                          0.1421713132695083E-05
                          0.1427178416222468E-05
                          0.1432659441594366E-05
                          0.1438156239122546E-05
                          0.1443668838996035E-05
                          0.1449197271504338E-05
                          0.1454741566843958E-05
                          0.1460301755406159E-05
                          0.1465877867526682E-05
                          0.1471469933561818E-05
                          0.1477077983922407E-05
                          0.1482702049045721E-05
                          0.1488342159362440E-05
                          0.1493998346637529E-05
                          0.1499670637636372E-05
                          0.1505359139015373E-05
                          0.1511063662999782E-05
                          0.1516784457296559E-05
                          0.1522521480171388E-05
                          0.1528274762286451E-05
                          0.1534044334375808E-05
                          0.1539830227030705E-05
                          0.1545632471128909E-05
                          0.1551451097414609E-05
                          0.1557286136689640E-05
                          0.1563137619762233E-05
                          0.1569005578401474E-05
                          0.1574890040869646E-05
                          0.1580791040717197E-05
                          0.1586708608021005E-05
                          0.1592642773759541E-05
                          0.1598593568940894E-05
                          0.1604561024604708E-05
                          0.1610545171817950E-05
                          0.1616546041679548E-05
                          0.1622563665306380E-05
                          0.1628598073861965E-05
                          0.1634649298523769E-05
                          0.1640717370600730E-05
                          0.1646802321050512E-05
                          0.1652904181500002E-05
                          0.1659022982930032E-05
                          0.1665158756892289E-05
                          0.1671311534668857E-05
                          0.1677481347645393E-05
                          0.1683668227236497E-05
                          0.1689872204885703E-05
                          0.1696093312153167E-05
                          0.1702331580277273E-05
                          0.1708587041057980E-05
                          0.1714859725947185E-05
                          0.1721149666552844E-05
                          0.1727456894485595E-05
                          0.1733781441391781E-05
                          0.1740123338965313E-05
                          0.1746482618903192E-05
                          0.1752859312861369E-05
                          0.1759253456105416E-05
                          0.1765665070157860E-05
                          0.1772094197102346E-05
                          0.1778540865335813E-05
                          0.1785005106755585E-05
                          0.1791486953481274E-05
                          0.1797986436814748E-05
                          0.1804503589349129E-05
                          0.1811038442861795E-05
                          0.1817591029375490E-05
                          0.1824161380953312E-05
                          0.1830749529670450E-05
                          0.1837355507651222E-05
                          0.1843979346977260E-05
                          0.1850621079875752E-05
                          0.1857280738521941E-05
                          0.1863958355140756E-05
                          0.1870653961988182E-05
                          0.1877367591342882E-05
                          0.1884099275548024E-05
                          0.1890849046853080E-05
                          0.1897616937721053E-05
                          0.1904402980518916E-05
                          0.1911207207673948E-05
                          0.1918029651643668E-05
                          0.1924870344915895E-05
                          0.1931729320122338E-05
                          0.1938606609656036E-05
                          0.1945502245868693E-05
                          0.1952416261689257E-05
                          0.1959348689744476E-05
                          0.1966299562618422E-05
                          0.1973268912999013E-05
                          0.1980256773603675E-05
                          0.1987263177176515E-05
                          0.1994288156493960E-05
                          0.2001331744359128E-05
                          0.2008393973604631E-05
                          0.2015474877092027E-05
                          0.2022574487711812E-05
                          0.2029692838383437E-05
                          0.2036829962055215E-05
                          0.2043985891704650E-05
                          0.2051160660966818E-05
                          0.2058354300995489E-05
                          0.2065566846724763E-05
                          0.2072798330636048E-05
                          0.2080048785845623E-05
                          0.2087318245506183E-05
                          0.2094606742791269E-05
                          0.2101914310916566E-05
                          0.2109240983117455E-05
                          0.2116586792678028E-05
                          0.2123951772841637E-05
                          0.2131335956985211E-05
                          0.2138739378459578E-05
                          0.2146162071853324E-05
                          0.2153604073466202E-05
                          0.2161065405999655E-05
                          0.2168546105526769E-05
                          0.2176046214882278E-05
                          0.2183565762284271E-05
                          0.2191104781283737E-05
                          0.2198663305476761E-05
                          0.2206241368458240E-05
                          0.2213839003888369E-05
                          0.2221456245433239E-05
                          0.2229093126835284E-05
                          0.2236749681699307E-05
                          0.2244425943908906E-05
                          0.2252121947210035E-05
                          0.2259837725419257E-05
                          0.2267573312555242E-05
                          0.2275328741972839E-05
                          0.2283104048095137E-05
                          0.2290899264690356E-05
                          0.2298714425691540E-05
                          0.2306549565118329E-05
                          0.2314404717444294E-05
                          0.2322279915319707E-05
                          0.2330175194221293E-05
                          0.2338090587788086E-05
                          0.2346026130198819E-05
                          0.2353981855505399E-05
                          0.2361957797973499E-05
                          0.2369953991853740E-05
                          0.2377970471343551E-05
                          0.2386007270737229E-05
                          0.2394064424568923E-05
                          0.2402141966618649E-05
                          0.2410239931628747E-05
                          0.2418358354040741E-05
                          0.2426497268209491E-05
                          0.2434656710018432E-05
                          0.2442836709562145E-05
                          0.2451037305771391E-05
                          0.2459258531707644E-05
                          0.2467500421939848E-05
                          0.2475763011065943E-05
                          0.2484046333713539E-05
                          0.2492350424557856E-05
                          0.2500675318220621E-05
                          0.2509021049493883E-05
                          0.2517387653056555E-05
                          0.2525775163731791E-05
                          0.2534183616527990E-05
                          0.2542613045581010E-05
                          0.2551063486405281E-05
                          0.2559534973719351E-05
                          0.2568027542424281E-05
                          0.2576541227439371E-05
                          0.2585076063761786E-05
                          0.2593632086388876E-05
                          0.2602209330366133E-05
                          0.2610807830706024E-05
                          0.2619427622549101E-05
                          0.2628068740996907E-05
                          0.2636731221197195E-05
                          0.2645415098326644E-05
                          0.2654120407600625E-05
                          0.2662847184227817E-05
                          0.2671595463490949E-05
                          0.2680365281113007E-05
                          0.2689156671121171E-05
                          0.2697969670156636E-05
                          0.2706804313168378E-05
                          0.2715660635564595E-05
                          0.2724538672782403E-05
                          0.2733438460287913E-05
                          0.2742360033576129E-05
                          0.2751303428253177E-05
                          0.2760268679625451E-05
                          0.2769255823521288E-05
                          0.2778264895470213E-05
                          0.2787295931143985E-05
                          0.2796348966109608E-05
                          0.2805424036168165E-05
                          0.2814521177011372E-05
                          0.2823640424463387E-05
                          0.2832781815085618E-05
                          0.2841945381948610E-05
                          0.2851131163835379E-05
                          0.2860339195535143E-05
                          0.2869569512948630E-05
                          0.2878822152420179E-05
                          0.2888097148738382E-05
                          0.2897394539112861E-05
                          0.2906714360910176E-05
                          0.2916056644832881E-05
                          0.2925421432293566E-05
                          0.2934808758298261E-05
                          0.2944218656937910E-05
                          0.2953651166413294E-05
                          0.2963106322233886E-05
                          0.2972584160617229E-05
                          0.2982084717811693E-05
                          0.2991608030093337E-05
                          0.3001154133767477E-05
                          0.3010723065182259E-05
                          0.3020314860659196E-05
                          0.3029929556632096E-05
                          0.3039567189514925E-05
                          0.3049227795737334E-05
                          0.3058911411799387E-05
                          0.3068618074204127E-05
                          0.3078347819480125E-05
                          0.3088100684198742E-05
                          0.3097876704956663E-05
                          0.3107675918375648E-05
                          0.3117498361107972E-05
                          0.3127344069835421E-05
                          0.3137213081268415E-05
                          0.3147105434789217E-05
                          0.3157021159239987E-05
                          0.3166960299338907E-05
                          0.3176922889277255E-05
                          0.3186908965907487E-05
                          0.3196918566113759E-05
                          0.3206951745294758E-05
                          0.3217008484935540E-05
                          0.3227088877463410E-05
                          0.3237192941393345E-05
                          0.3247320713762989E-05
                          0.3257472231602648E-05
                          0.3267647532026411E-05
                          0.3277846652140745E-05
                          0.3288069629090205E-05
                          0.3298316500048313E-05
                          0.3308587302245639E-05
                          0.3318882072832286E-05
                          0.3329200849143111E-05
                          0.3339543668451699E-05
                          0.3349910568065599E-05
                          0.3360301585339175E-05
                          0.3370716757646074E-05
                          0.3381156122391299E-05
                          0.3391619717011422E-05
                          0.3402107578961416E-05
                          0.3412619745741797E-05
                          0.3423156254887317E-05
                          0.3433717143893061E-05
                          0.3444302450393852E-05
                          0.3454912211978268E-05
                          0.3465546466299660E-05
                          0.3476205250973007E-05
                          0.3486888603743139E-05
                          0.3497596562316613E-05
                          0.3508329164445672E-05
                          0.3519086447911551E-05
                          0.3529868450531099E-05
                          0.3540675210123217E-05
                          0.3551506764576144E-05
                          0.3562363151780107E-05
                          0.3573244409661008E-05
                          0.3584150576173697E-05
                          0.3595081689302040E-05
                          0.3606037787058570E-05
                          0.3617018907485016E-05
                          0.3628025088652080E-05
                          0.3639056368659243E-05
                          0.3650112785636362E-05
                          0.3661194377736717E-05
                          0.3672301183151356E-05
                          0.3683433240093370E-05
                          0.3694590586825749E-05
                          0.3705773261565090E-05
                          0.3716981302674222E-05
                          0.3728214748454860E-05
                          0.3739473637277196E-05
                          0.3750758007526686E-05
                          0.3762067897621205E-05
                          0.3773403346106999E-05
                          0.3784764391161516E-05
                          0.3796151071600078E-05
                          0.3807563425819878E-05
                          0.3819001492420502E-05
                          0.3830465309981064E-05
                          0.3841954917127336E-05
                          0.3853470352492891E-05
                          0.3865011654771884E-05
                          0.3876578862666778E-05
                          0.3888172014927464E-05
                          0.3899791150274943E-05
                          0.3911436307548306E-05
                          0.3923107525555641E-05
                          0.3934804843148775E-05
                          0.3946528299208605E-05
                          0.3958277932644963E-05
                          0.3970053782396617E-05
                          0.3981855887431303E-05
                          0.3993684286770215E-05
                          0.4005539019365290E-05
                          0.4017420126966419E-05
                          0.4029327640767421E-05
                          0.4041261614376850E-05
                          0.4053222064421227E-05
                          0.4065209050136815E-05
                          0.4077222603573262E-05
                          0.4089262764489395E-05
                          0.4101329571933108E-05
                          0.4113423065244996E-05
                          0.4125543283673376E-05
                          0.4137690266616720E-05
                          0.4149864053429703E-05
                          0.4162064683517876E-05
                          0.4174292196300742E-05
                          0.4186546631277636E-05
                          0.4198828027848628E-05
                          0.4211136425616058E-05
                          0.4223471864096751E-05
                          0.4235834382869739E-05
                          0.4248224021534170E-05
                          0.4260640819727785E-05
                          0.4273084817118252E-05
                          0.4285556053406718E-05
                          0.4298054568241675E-05
                          0.4310580401523055E-05
                          0.4323133592802368E-05
                          0.4335714182082173E-05
                          0.4348322209133148E-05
                          0.4360957713829901E-05
                          0.4373620736036884E-05
                          0.4386311315706107E-05
                          0.4399029492779460E-05
                          0.4411775307237574E-05
                          0.4424548799089820E-05
                          0.4437350008374810E-05
                          0.4450178975161416E-05
                          0.4463035739541427E-05
                          0.4475920341645332E-05
                          0.4488832821623878E-05
                          0.4501773219667179E-05
                          0.4514741575971665E-05
                          0.4527737930794109E-05
                          0.4540762324397341E-05
                          0.4553814797082429E-05
                          0.4566895389176473E-05
                          0.4580004141036303E-05
                          0.4593141093052336E-05
                          0.4606306285625176E-05
                          0.4619499759212564E-05
                          0.4632721554282163E-05
                          0.4645971711345049E-05
                          0.4659250271120530E-05
                          0.4672557273550983E-05
                          0.4685892759855425E-05
                          0.4699256770430669E-05
                          0.4712649345939804E-05
                          0.4726070527046941E-05
                          0.4739520354488713E-05
                          0.4752998868912834E-05
                          0.4766506111164572E-05
                          0.4780042122000780E-05
                          0.4793606942251496E-05
                          0.4807200612760951E-05
                          0.4820823174416703E-05
                          0.4834474668096683E-05
                          0.4848155134765981E-05
                          0.4861864615383119E-05
                          0.4875603150930037E-05
                          0.4889370782433406E-05
                          0.4903167550951978E-05
                          0.4916993497573074E-05
                          0.4930848663371393E-05
                          0.4944733089518357E-05
                          0.4958646817171062E-05
                          0.4972589887525223E-05
                          0.4986562341805741E-05
                          0.5000564221279344E-05
                          0.5014595567193176E-05
                          0.5028656420888845E-05
                          0.5042746823703120E-05
                          0.5056866817063168E-05
                          0.5071016442185971E-05
                          0.5085195740680269E-05
                          0.5099404753942729E-05
                          0.5113643523458471E-05
                          0.5127912090741976E-05
                          0.5142210497336148E-05
                          0.5156538784813625E-05
                          0.5170896994775458E-05
                          0.5185285168851777E-05
                          0.5199703348701569E-05
                          0.5214151576026025E-05
                          0.5228629892502683E-05
                          0.5243138339964921E-05
                          0.5257676960030020E-05
                          0.5272245794646140E-05
                          0.5286844885620550E-05
                          0.5301474274746757E-05
                          0.5316134003983421E-05
                          0.5330824115232514E-05
                          0.5345544650427076E-05
                          0.5360295651559882E-05
                          0.5375077160632127E-05
                          0.5389889219679073E-05
                          0.5404731870764933E-05
                          0.5419605155982836E-05
                          0.5434509117454878E-05
                          0.5449443797332072E-05
                          0.5464409237794380E-05
                          0.5479405481051068E-05
                          0.5494432569340197E-05
                          0.5509490544991420E-05
                          0.5524579450106845E-05
                          0.5539699327230232E-05
                          0.5554850218579703E-05
                          0.5570032166636292E-05
                          0.5585245213702050E-05
                          0.5600489402305859E-05
                          0.5615764774881648E-05
                          0.5631071373933912E-05
                          0.5646409241988314E-05
                          0.5661778421625082E-05
                          0.5677178955356406E-05
                          0.5692610885869313E-05
                          0.5708074255782425E-05
                          0.5723569107794588E-05
                          0.5739095484525589E-05
                          0.5754653428786524E-05
                          0.5770242983309003E-05
                          0.5785864190880696E-05
                          0.5801517094318228E-05
                          0.5817201736467161E-05
                          0.5832918160201993E-05
                          0.5848666408426168E-05
                          0.5864446524072048E-05
                          0.5880258550100963E-05
                          0.5896102529503168E-05
                          0.5911978505297855E-05
                          0.5927886520534787E-05
                          0.5943826618287095E-05
                          0.5959798841662861E-05
                          0.5975803233799444E-05
                          0.5991839837856130E-05
                          0.6007908697029491E-05
                          0.6024009854539844E-05
                          0.6040143353638334E-05
                          0.6056309237603914E-05
                          0.6072507549745803E-05
                          0.6088738333401287E-05
                          0.6105001631936906E-05
                          0.6121297488750300E-05
                          0.6137625947258798E-05
                          0.6153987050922790E-05
                          0.6170380843222120E-05
                          0.6186807367667941E-05
                          0.6203266667800537E-05
                          0.6219758787233867E-05
                          0.6236283769430049E-05
                          0.6252841658317742E-05
                          0.6269432497010834E-05
                          0.6286056329810223E-05
                          0.6302713199905212E-05
                          0.6319403151397453E-05
                          0.6336126227938887E-05
                          0.6352882473330079E-05
                          0.6369671931400508E-05
                          0.6386494646008618E-05
                          0.6403350661041781E-05
                          0.6420240020416286E-05
                          0.6437162768100484E-05
                          0.6454118947999301E-05
                          0.6471108604185715E-05
                          0.6488131780666905E-05
                          0.6505188521505920E-05
                          0.6522278870791387E-05
                          0.6539402872643365E-05
                          0.6556560571208046E-05
                          0.6573752010717459E-05
                          0.6590977235215214E-05
                          0.6608236289133154E-05
                          0.6625529216580620E-05
                          0.6642856061943489E-05
                          0.6660216869509551E-05
                          0.6677611683640476E-05
                          0.6695040548708517E-05
                          0.6712503509123289E-05
                          0.6730000609321583E-05
                          0.6747531893769736E-05
                          0.6765097406967094E-05
                          0.6782697193423668E-05
                          0.6800331297761599E-05
                          0.6817999764393787E-05
                          0.6835702638095155E-05
                          0.6853439963450844E-05
                          0.6871211785129503E-05
                          0.6889018147828882E-05
                          0.6906859096275551E-05
                          0.6924734675225188E-05
                          0.6942644929461875E-05
                          0.6960589903799439E-05
                          0.6978569643080098E-05
                          0.6996584192175162E-05
                          0.7014633595984886E-05
                          0.7032717899438835E-05
                          0.7050837147493859E-05
                          0.7068991385138319E-05
                          0.7087180657429774E-05
                          0.7105405009288051E-05
                          0.7123664485915089E-05
                          0.7141959132360115E-05
                          0.7160288993768567E-05
                          0.7178654115305859E-05
                          0.7197054542131408E-05
                          0.7215490319497061E-05
                          0.7233961492632526E-05
                          0.7252468106821799E-05
                          0.7271010207424665E-05
                          0.7289587839608719E-05
                          0.7308201048967315E-05
                          0.7326849880632373E-05
                          0.7345534380237223E-05
                          0.7364254593159713E-05
                          0.7383010564880752E-05
                          0.7401802340902623E-05
                          0.7420629966786322E-05
                          0.7439493488109923E-05
                          0.7458392950345208E-05
                          0.7477328399215929E-05
                          0.7496299880395225E-05
                          0.7515307439534315E-05
                          0.7534351122408910E-05
                          0.7553430974564221E-05
                          0.7572547041963100E-05
                          0.7591699370337198E-05
                          0.7610888005513845E-05
                          0.7630112993347827E-05
                          0.7649374379723446E-05
                          0.7668672210553719E-05
                          0.7688006531780755E-05
                          0.7707377389375515E-05
                          0.7726784829337927E-05
                          0.7746228897696872E-05
                          0.7765709640510120E-05
                          0.7785227103864451E-05
                          0.7804781333875541E-05
                          0.7824372376688187E-05
                          0.7844000278475408E-05
                          0.7863665085440247E-05
                          0.7883366843835871E-05
                          0.7903105599856960E-05
                          0.7922881399867181E-05
                          0.7942694290136922E-05
                          0.7962544317039361E-05
                          0.7982431526941973E-05
                          0.8002355966250083E-05
                          0.8022317681396921E-05
                          0.8042316718846245E-05
                          0.8062353125089672E-05
                          0.8082426946648032E-05
                          0.8102538230073108E-05
                          0.8122687021937595E-05
                          0.8142873368855170E-05
                          0.8163097317460364E-05
                          0.8183358914418764E-05
                          0.8203658206424805E-05
                          0.8223995240201911E-05
                          0.8244370062502405E-05
                          0.8264782720107721E-05
                          0.8285233259827679E-05
                          0.8305721728502943E-05
                          0.8326248172998178E-05
                          0.8346812640213728E-05
                          0.8367415177074477E-05
                          0.8388055830535309E-05
                          0.8408734647580142E-05
                          0.8429451675221711E-05
                          0.8450206960501800E-05
                          0.8471000550535495E-05
                          0.8491832492289116E-05
                          0.8512702833024523E-05
                          0.8533611619854766E-05
                          0.8554558899966268E-05
                          0.8575544720574530E-05
                          0.8596569128923531E-05
                          0.8617632172286836E-05
                          0.8638733897967704E-05
                          0.8659874353293765E-05
                          0.8681053585628570E-05
                          0.8702271642359964E-05
                          0.8723528570937325E-05
                          0.8744824418713255E-05
                          0.8766159233257853E-05
                          0.8787533062044464E-05
                          0.8808945952607824E-05
                          0.8830397952507453E-05
                          0.8851889109338054E-05
                          0.8873419470719098E-05
                          0.8894989084300062E-05
                          0.8916597997759320E-05
                          0.8938246258804218E-05
                          0.8959933915171043E-05
                          0.8981661014625110E-05
                          0.9003427604960248E-05
                          0.9025233733999863E-05
                          0.9047079449598376E-05
                          0.9068964799629325E-05
                          0.9090889832010047E-05
                          0.9112854594676904E-05
                          0.9134859135597702E-05
                          0.9156903502769159E-05
                          0.9178987744216940E-05
                          0.9201111907995659E-05
                          0.9223276042189527E-05
                          0.9245480194909030E-05
                          0.9267724414297592E-05
                          0.9290008748524911E-05
                          0.9312333245790278E-05
                          0.9334697954321939E-05
                          0.9357102922377080E-05
                          0.9379548198242776E-05
                          0.9402033830231210E-05
                          0.9424559866689244E-05
                          0.9447126355988882E-05
                          0.9469733346531996E-05
                          0.9492380886749369E-05
                          0.9515069025100779E-05
                          0.9537797810074928E-05
                          0.9560567290189437E-05
                          0.9583377514004633E-05
                          0.9606228530054759E-05
                          0.9629120386985546E-05
                          0.9652053133416617E-05
                          0.9675026818010287E-05
                          0.9698041489457849E-05
                          0.9721097196479493E-05
                          0.9744193987824373E-05
                          0.9767331912270570E-05
                          0.9790511018625108E-05
                          0.9813731355723950E-05
                          0.9836992972432003E-05
                          0.9860295917643105E-05
                          0.9883640240280039E-05
                          0.9907025989294523E-05
                          0.9930453213667221E-05
                          0.9953921962407714E-05
                          0.9977432284554557E-05
                          0.1000098422917523E-04
                          0.1002457784536612E-04
                          0.1004821318225262E-04
                          0.1007189028898900E-04
                          0.1009560921475849E-04
                          0.1011937000877328E-04
                          0.1014317272027447E-04
                          0.1016701739853211E-04
                          0.1019090409284519E-04
                          0.1021483285254165E-04
                          0.1023880372697834E-04
                          0.1026281676554109E-04
                          0.1028687201764461E-04
                          0.1031096953273262E-04
                          0.1033510936027773E-04
                          0.1035929154978150E-04
                          0.1038351615077445E-04
                          0.1040778321281601E-04
                          0.1043209278549455E-04
                          0.1045644491842741E-04
                          0.1048083966126084E-04
                          0.1050527706367004E-04
                          0.1052975717535915E-04
                          0.1055428004606123E-04
                          0.1057884572553832E-04
                          0.1060345426358137E-04
                          0.1062810571001026E-04
                          0.1065280011467382E-04
                          0.1067753752744986E-04
                          0.1070231799824506E-04
                          0.1072714157699507E-04
                          0.1075200831366449E-04
                          0.1077691825824684E-04
                          0.1080187146076461E-04
                          0.1082686797126918E-04
                          0.1085190783984091E-04
                          0.1087699111658909E-04
                          0.1090211785165193E-04
                          0.1092728809519661E-04
                          0.1095250189741923E-04
                          0.1097775930854482E-04
                          0.1100306037882737E-04
                          0.1102840515854981E-04
                          0.1105379369802398E-04
                          0.1107922604759069E-04
                          0.1110470225761967E-04
                          0.1113022237850962E-04
                          0.1115578646068813E-04
                          0.1118139455461177E-04
                          0.1120704671076602E-04
                          0.1123274297966534E-04
                          0.1125848341185308E-04
                          0.1128426805790154E-04
                          0.1131009696841201E-04
                          0.1133597019401466E-04
                          0.1136188778536862E-04
                          0.1138784979316196E-04
                          0.1141385626811167E-04
                          0.1143990726096373E-04
                          0.1146600282249299E-04
                          0.1149214300350330E-04
                          0.1151832785482743E-04
                          0.1154455742732706E-04
                          0.1157083177189284E-04
                          0.1159715093944437E-04
                          0.1162351498093014E-04
                          0.1164992394732765E-04
                          0.1167637788964326E-04
                          0.1170287685891231E-04
                          0.1172942090619911E-04
                          0.1175601008259687E-04
                          0.1178264443922770E-04
                          0.1180932402724275E-04
                          0.1183604889782202E-04
                          0.1186281910217451E-04
                          0.1188963469153811E-04
                          0.1191649571717968E-04
                          0.1194340223039502E-04
                          0.1197035428250883E-04
                          0.1199735192487482E-04
                          0.1202439520887556E-04
                          0.1205148418592263E-04
                          0.1207861890745649E-04
                          0.1210579942494657E-04
                          0.1213302578989125E-04
                          0.1216029805381782E-04
                          0.1218761626828252E-04
                          0.1221498048487055E-04
                          0.1224239075519601E-04
                          0.1226984713090199E-04
                          0.1229734966366045E-04
                          0.1232489840517236E-04
                          0.1235249340716758E-04
                          0.1238013472140494E-04
                          0.1240782239967217E-04
                          0.1243555649378600E-04
                          0.1246333705559204E-04
                          0.1249116413696488E-04
                          0.1251903778980802E-04
                          0.1254695806605393E-04
                          0.1257492501766398E-04
                          0.1260293869662850E-04
                          0.1263099915496677E-04
                          0.1265910644472700E-04
                          0.1268726061798632E-04
                          0.1271546172685085E-04
                          0.1274370982345558E-04
                          0.1277200495996450E-04
                          0.1280034718857051E-04
                          0.1282873656149542E-04
                          0.1285717313099005E-04
                          0.1288565694933412E-04
                          0.1291418806883628E-04
                          0.1294276654183412E-04
                          0.1297139242069421E-04
                          0.1300006575781199E-04
                          0.1302878660561191E-04
                          0.1305755501654730E-04
                          0.1308637104310048E-04
                          0.1311523473778267E-04
                          0.1314414615313403E-04
                          0.1317310534172371E-04
                          0.1320211235614974E-04
                          0.1323116724903910E-04
                          0.1326027007304773E-04
                          0.1328942088086052E-04
                          0.1331861972519124E-04
                          0.1334786665878267E-04
                          0.1337716173440649E-04
                          0.1340650500486333E-04
                          0.1343589652298272E-04
                          0.1346533634162321E-04
                          0.1349482451367223E-04
                          0.1352436109204614E-04
                          0.1355394612969029E-04
                          0.1358357967957893E-04
                          0.1361326179471527E-04
                          0.1364299252813142E-04
                          0.1367277193288849E-04
                          0.1370260006207649E-04
                          0.1373247696881437E-04
                          0.1376240270625002E-04
                          0.1379237732756029E-04
                          0.1382240088595094E-04
                          0.1385247343465670E-04
                          0.1388259502694121E-04
                          0.1391276571609707E-04
                          0.1394298555544580E-04
                          0.1397325459833787E-04
                          0.1400357289815270E-04
                          0.1403394050829864E-04
                          0.1406435748221295E-04
                          0.1409482387336189E-04
                          0.1412533973524062E-04
                          0.1415590512137322E-04
                          0.1418652008531277E-04
                          0.1421718468064121E-04
                          0.1424789896096950E-04
                          0.1427866297993748E-04
                          0.1430947679121397E-04
                          0.1434034044849668E-04
                          0.1437125400551231E-04
                          0.1440221751601649E-04
                          0.1443323103379373E-04
                          0.1446429461265758E-04
                          0.1449540830645045E-04
                          0.1452657216904371E-04
                          0.1455778625433767E-04
                          0.1458905061626161E-04
                          0.1462036530877370E-04
                          0.1465173038586107E-04
                          0.1468314590153980E-04
                          0.1471461190985490E-04
                          0.1474612846488031E-04
                          0.1477769562071892E-04
                          0.1480931343150255E-04
                          0.1484098195139198E-04
                          0.1487270123457692E-04
                          0.1490447133527599E-04
                          0.1493629230773679E-04
                          0.1496816420623584E-04
                          0.1500008708507860E-04
                          0.1503206099859945E-04
                          0.1506408600116179E-04
                          0.1509616214715784E-04
                          0.1512828949100884E-04
                          0.1516046808716494E-04
                          0.1519269799010524E-04
                          0.1522497925433780E-04
                          0.1525731193439956E-04
                          0.1528969608485643E-04
                          0.1532213176030330E-04
                          0.1535461901536393E-04
                          0.1538715790469108E-04
                          0.1541974848296639E-04
                          0.1545239080490049E-04
                          0.1548508492523291E-04
                          0.1551783089873215E-04
                          0.1555062878019565E-04
                          0.1558347862444975E-04
                          0.1561638048634980E-04
                          0.1564933442077997E-04
                          0.1568234048265352E-04
                          0.1571539872691252E-04
                          0.1574850920852807E-04
                          0.1578167198250013E-04
                          0.1581488710385766E-04
                          0.1584815462765857E-04
                          0.1588147460898963E-04
                          0.1591484710296663E-04
                          0.1594827216473425E-04
                          0.1598174984946614E-04
                          0.1601528021236484E-04
                          0.1604886330866191E-04
                          0.1608249919361778E-04
                          0.1611618792252185E-04
                          0.1614992955069245E-04
                          0.1618372413347685E-04
                          0.1621757172625125E-04
                          0.1625147238442081E-04
                          0.1628542616341962E-04
                          0.1631943311871070E-04
                          0.1635349330578603E-04
                          0.1638760678016649E-04
                          0.1642177359740194E-04
                          0.1645599381307119E-04
                          0.1649026748278192E-04
                          0.1652459466217079E-04
                          0.1655897540690346E-04
                          0.1659340977267441E-04
                          0.1662789781520714E-04
                          0.1666243959025408E-04
                          0.1669703515359658E-04
                          0.1673168456104492E-04
                          0.1676638786843836E-04
                          0.1680114513164507E-04
                          0.1683595640656216E-04
                          0.1687082174911569E-04
                          0.1690574121526065E-04
                          0.1694071486098097E-04
                          0.1697574274228951E-04
                          0.1701082491522810E-04
                          0.1704596143586749E-04
                          0.1708115236030735E-04
                          0.1711639774467631E-04
                          0.1715169764513195E-04
                          0.1718705211786079E-04
                          0.1722246121907824E-04
                          0.1725792500502868E-04
                          0.1729344353198549E-04
                          0.1732901685625087E-04
                          0.1736464503415606E-04
                          0.1740032812206119E-04
                          0.1743606617635532E-04
                          0.1747185925345651E-04
                          0.1750770740981169E-04
                          0.1754361070189675E-04
                          0.1757956918621656E-04
                          0.1761558291930486E-04
                          0.1765165195772438E-04
                          0.1768777635806679E-04
                          0.1772395617695267E-04
                          0.1776019147103153E-04
                          0.1779648229698188E-04
                          0.1783282871151109E-04
                          0.1786923077135556E-04
                          0.1790568853328053E-04
                          0.1794220205408025E-04
                          0.1797877139057791E-04
                          0.1801539659962558E-04
                          0.1805207773810429E-04
                          0.1808881486292409E-04
                          0.1812560803102385E-04
                          0.1816245729937145E-04
                          0.1819936272496370E-04
                          0.1823632436482632E-04
                          0.1827334227601401E-04
                          0.1831041651561039E-04
                          0.1834754714072798E-04
                          0.1838473420850834E-04
                          0.1842197777612187E-04
                          0.1845927790076796E-04
                          0.1849663463967489E-04
                          0.1853404805009996E-04
                          0.1857151818932933E-04
                          0.1860904511467817E-04
                          0.1864662888349053E-04
                          0.1868426955313940E-04
                          0.1872196718102675E-04
                          0.1875972182458348E-04
                          0.1879753354126941E-04
                          0.1883540238857331E-04
                          0.1887332842401287E-04
                          0.1891131170513475E-04
                          0.1894935228951454E-04
                          0.1898745023475675E-04
                          0.1902560559849486E-04
                          0.1906381843839125E-04
                          0.1910208881213727E-04
                          0.1914041677745322E-04
                          0.1917880239208829E-04
                          0.1921724571382067E-04
                          0.1925574680045743E-04
