 Upwards broadband flux at each level [W/m2]
      535.9503
      549.0009
      531.7221
      507.9562
      484.4716
      462.8992
      444.3315
      429.3905
      417.2093
      406.2090
      396.0392
      386.5719
      377.7150
      369.3957
      361.5541
      354.1408
      347.1840
      340.7751
      334.8155
      329.1534
      323.7561
      318.6040
      313.6835
      308.9854
      304.5034
      300.2323
      296.1676
      292.3038
      288.6349
      285.1603
      281.8786
      278.7895
      275.8947
      273.1985
      270.7075
      268.6606
      267.3128
      266.3165
      265.4189
      264.5888
      263.9528
      263.6717
      263.6237
      263.5848
      263.4554
      263.1350
      262.8529
      262.7243
      262.7786
      262.7677
      262.7203
