 Longwave optical depth [dimless]
  0.5209E+01
  0.6163E+01
  0.7502E+01
  0.9738E+01
  0.8473E+02
  0.1505E+02
  0.1935E+02
  0.2550E+02
  0.1044E+03
  0.1476E+03
  0.1280E+03
  0.5196E+03
  0.3152E+03
  0.7498E+03
  0.9311E+05
  0.9640E+03
  0.4382E+03
  0.3277E+03
  0.4988E+03
  0.6209E+04
  0.1068E+04
  0.4253E+03
  0.3900E+03
  0.4865E+03
  0.7072E+03
  0.2759E+04
  0.2475E+04
  0.1820E+04
  0.1004E+05
  0.6124E+05
  0.1108E+06
  0.8187E+04
  0.2152E+06
  0.1894E+04
  0.1489E+04
  0.1451E+04
  0.2672E+04
  0.4360E+05
  0.1994E+04
  0.1696E+04
  0.1829E+04
  0.2962E+04
  0.1305E+06
  0.2024E+05
  0.1025E+06
  0.2144E+07
  0.1251E+05
  0.4026E+05
  0.4169E+04
  0.3070E+06
  0.1021E+05
  0.5406E+04
  0.2552E+04
  0.2010E+05
  0.8634E+04
  0.5581E+04
  0.6465E+04
  0.4913E+06
  0.6234E+05
  0.2136E+05
  0.2239E+05
  0.1269E+05
  0.2010E+05
  0.1314E+07
  0.3137E+05
  0.2676E+06
  0.5674E+04
  0.4909E+04
  0.8634E+04
  0.3580E+05
  0.1085E+06
  0.4486E+05
  0.1423E+05
  0.2619E+06
  0.2526E+05
  0.9107E+04
  0.2812E+06
  0.1039E+05
  0.4737E+05
  0.5845E+05
  0.7484E+05
  0.1376E+05
  0.1342E+05
  0.1842E+06
  0.6317E+05
  0.1949E+05
  0.6826E+04
  0.7369E+04
  0.4195E+06
  0.8209E+04
  0.3898E+04
  0.3411E+04
  0.4288E+04
  0.7690E+04
  0.1002E+05
  0.5782E+05
  0.3006E+05
  0.1263E+06
  0.1376E+05
  0.1126E+05
  0.2851E+05
  0.2652E+06
  0.4433E+05
  0.8232E+04
  0.1988E+05
  0.1240E+06
  0.1182E+06
  0.8350E+04
  0.7729E+04
  0.8687E+04
  0.5456E+05
  0.1458E+07
  0.6466E+05
  0.8005E+04
  0.4874E+04
  0.5226E+04
  0.6042E+04
  0.1388E+05
  0.6309E+05
  0.9140E+05
  0.2015E+06
  0.2911E+05
  0.1353E+07
  0.1203E+05
  0.1075E+05
  0.3975E+05
  0.2325E+05
  0.6280E+04
  0.4158E+04
  0.4080E+04
  0.4024E+04
  0.3977E+04
  0.1536E+05
  0.1216E+05
  0.2445E+05
  0.8297E+05
  0.6876E+05
  0.1408E+05
  0.1034E+07
  0.9767E+04
  0.2288E+07
  0.1246E+06
  0.2812E+05
  0.5952E+04
  0.2580E+05
  0.6953E+04
  0.6388E+05
  0.4559E+04
  0.4244E+04
  0.9611E+04
  0.5699E+05
  0.4680E+04
  0.3151E+04
  0.3689E+04
  0.3720E+06
  0.1264E+05
  0.1388E+05
  0.1810E+05
  0.5331E+04
  0.8064E+04
  0.2026E+05
  0.4233E+06
  0.7943E+05
  0.1428E+05
  0.9059E+04
  0.1823E+05
  0.1937E+07
  0.1331E+05
  0.1297E+05
  0.1114E+05
  0.1540E+05
  0.2726E+05
  0.3442E+04
  0.2693E+04
  0.2839E+04
  0.4169E+04
  0.1917E+05
  0.2323E+05
  0.6461E+05
  0.9407E+04
  0.1126E+06
  0.7490E+05
  0.4313E+05
  0.7763E+04
  0.9398E+04
  0.5079E+04
  0.8637E+04
  0.1935E+04
  0.1701E+04
  0.1605E+04
  0.1583E+04
  0.1629E+04
  0.1826E+04
  0.2225E+04
  0.3952E+04
  0.1639E+05
  0.3402E+05
  0.3189E+05
  0.3408E+05
  0.8301E+04
  0.2583E+05
  0.9510E+04
  0.1323E+06
  0.3047E+05
  0.1295E+05
  0.3895E+04
  0.2108E+04
  0.1627E+04
  0.1433E+04
  0.1388E+04
  0.1845E+04
  0.2121E+04
  0.5712E+05
  0.2835E+04
  0.1431E+04
  0.1250E+04
  0.1269E+04
  0.1470E+04
  0.1646E+04
  0.2564E+04
  0.6287E+05
  0.1356E+05
  0.1664E+07
  0.1353E+05
  0.1261E+05
  0.1649E+07
  0.7866E+04
  0.1593E+05
  0.2012E+04
  0.2025E+04
  0.5745E+04
  0.3649E+05
  0.4971E+04
  0.1418E+04
  0.1090E+04
  0.1033E+04
  0.1056E+04
  0.1193E+04
  0.1428E+05
  0.2029E+04
  0.5006E+04
  0.2251E+05
  0.3435E+05
  0.4787E+04
  0.2615E+04
  0.1076E+04
  0.9534E+03
  0.1296E+04
  0.7962E+03
  0.8334E+03
  0.1134E+04
  0.3829E+05
  0.1540E+04
  0.8291E+03
  0.7658E+03
  0.8492E+03
  0.1189E+04
  0.2480E+04
  0.1513E+06
  0.4864E+04
  0.2590E+04
  0.3059E+05
  0.7084E+04
  0.1412E+04
  0.9296E+03
  0.8692E+03
  0.1327E+04
  0.1702E+05
  0.2805E+04
  0.1011E+04
  0.7400E+03
  0.1357E+04
  0.2656E+04
  0.9041E+03
  0.2505E+04
  0.6330E+03
  0.1393E+04
  0.6886E+03
  0.1579E+04
  0.6952E+06
  0.3094E+04
  0.7576E+04
  0.3560E+04
  0.1488E+05
  0.1419E+04
  0.2395E+06
  0.3109E+05
  0.6399E+03
  0.4692E+03
  0.4407E+03
  0.3978E+03
  0.3742E+03
  0.3721E+03
  0.3998E+03
  0.5785E+03
  0.8750E+04
  0.7402E+03
  0.5418E+03
  0.9768E+03
  0.6514E+04
  0.9002E+04
  0.6416E+03
  0.4636E+04
  0.3450E+03
  0.3928E+03
  0.3685E+03
  0.1363E+04
  0.4444E+05
  0.1047E+04
  0.3649E+03
  0.3038E+03
  0.5993E+03
  0.2923E+03
  0.3272E+03
  0.6520E+03
  0.9808E+03
  0.2667E+04
  0.1072E+06
  0.1907E+04
  0.1023E+04
  0.4958E+03
  0.2880E+03
  0.2525E+03
  0.2422E+03
  0.2365E+03
  0.2227E+03
  0.2184E+03
  0.2176E+03
  0.2176E+03
  0.2253E+03
  0.2364E+03
  0.3298E+03
  0.3521E+03
  0.1053E+04
  0.9486E+05
  0.5983E+05
  0.7858E+03
  0.4684E+03
  0.5624E+03
  0.3473E+03
  0.4898E+03
  0.2147E+03
  0.1999E+03
  0.2080E+03
  0.3547E+04
  0.2130E+03
  0.1804E+03
  0.2976E+04
  0.2928E+03
  0.1878E+03
  0.1713E+03
  0.1855E+03
  0.3457E+03
  0.2538E+04
  0.1258E+04
  0.1891E+03
  0.2178E+03
  0.2738E+03
  0.1508E+03
  0.1702E+03
  0.1606E+03
  0.2809E+03
  0.2557E+03
  0.1983E+03
  0.3225E+03
  0.1973E+04
  0.8955E+03
  0.2311E+03
  0.2012E+03
  0.1487E+03
  0.2198E+03
  0.1276E+03
  0.1452E+03
  0.1518E+03
  0.2178E+03
  0.1592E+03
  0.2344E+03
  0.5905E+04
  0.6353E+03
  0.1521E+03
  0.1345E+03
  0.1153E+03
  0.1102E+03
  0.1101E+03
  0.9173E+03
  0.1373E+03
  0.6468E+03
  0.2567E+03
  0.4327E+03
  0.1049E+03
  0.9972E+02
  0.1035E+03
  0.1272E+03
  0.6508E+03
  0.1047E+03
  0.9301E+02
  0.8981E+02
  0.8864E+02
  0.9038E+02
  0.1085E+03
  0.1463E+03
  0.2073E+05
  0.1421E+03
  0.1194E+03
  0.1867E+03
  0.6257E+03
  0.1140E+03
  0.9281E+02
  0.9839E+02
  0.8819E+02
  0.8200E+02
  0.1059E+03
  0.1754E+03
  0.3999E+03
  0.1660E+03
  0.8301E+03
  0.9405E+02
  0.7971E+02
  0.8386E+02
  0.1284E+03
  0.7429E+04
  0.1448E+03
  0.8172E+02
  0.6934E+02
  0.6562E+02
  0.6718E+02
  0.9521E+02
  0.8293E+02
  0.3846E+03
  0.7167E+02
  0.6232E+02
  0.6887E+02
  0.9965E+03
  0.6546E+02
  0.7438E+02
  0.5629E+03
  0.4403E+03
  0.1149E+03
  0.7648E+02
  0.3203E+03
  0.6900E+02
  0.1817E+03
  0.6134E+02
  0.2983E+03
  0.1229E+03
  0.7873E+02
  0.5595E+02
  0.6868E+02
  0.1075E+03
  0.7272E+02
  0.1458E+03
  0.8295E+02
  0.1062E+03
  0.1839E+04
  0.1445E+03
  0.2521E+03
  0.1354E+03
  0.1340E+03
  0.9972E+02
  0.3401E+03
  0.5966E+04
  0.1440E+03
  0.1476E+03
  0.4281E+03
  0.2120E+04
  0.6172E+03
  0.2748E+03
  0.6887E+03
  0.7083E+03
  0.1944E+05
  0.8830E+03
  0.5041E+03
  0.1422E+04
  0.2437E+04
  0.1031E+05
  0.1943E+04
  0.2097E+04
  0.2769E+05
  0.9412E+04
  0.9614E+04
  0.3770E+04
  0.1639E+04
  0.3170E+04
  0.2635E+05
  0.9488E+04
  0.4599E+04
  0.2242E+04
  0.4154E+04
  0.3774E+05
  0.7061E+04
  0.3523E+04
  0.6694E+04
  0.1794E+05
  0.2394E+06
  0.2032E+05
  0.4960E+04
  0.1577E+05
  0.1713E+05
  0.3138E+05
  0.5703E+04
  0.9648E+04
  0.5136E+05
  0.2003E+05
  0.1973E+05
  0.3862E+05
  0.1284E+06
  0.1387E+06
  0.2811E+05
  0.1538E+06
  0.3747E+05
  0.1183E+06
  0.2086E+07
  0.1289E+06
  0.1012E+06
  0.6975E+05
  0.1048E+06
  0.4235E+06
  0.3106E+07
  0.1122E+07
  0.2806E+06
  0.1485E+06
  0.3756E+06
  0.2320E+07
  0.1071E+07
  0.2467E+06
  0.1830E+06
  0.2578E+06
  0.7930E+06
  0.2106E+07
  0.4104E+06
  0.2123E+06
  0.2804E+06
  0.5426E+06
  0.1920E+08
  0.9057E+07
  0.2925E+07
  0.7276E+06
  0.2688E+06
  0.2224E+06
  0.6823E+06
  0.7334E+07
  0.8821E+06
  0.2346E+06
  0.2335E+06
  0.6855E+06
  0.7707E+07
  0.3375E+06
  0.1752E+06
  0.2515E+06
  0.1068E+07
  0.7216E+06
  0.1333E+06
  0.9351E+05
  0.2229E+06
  0.5642E+07
  0.1000E+06
  0.4783E+05
  0.9160E+05
  0.3028E+06
  0.8703E+05
  0.5832E+05
  0.3613E+05
  0.4784E+05
  0.9411E+05
  0.1448E+05
  0.4287E+05
  0.1220E+05
  0.1478E+06
  0.9563E+04
  0.1747E+05
  0.1657E+05
  0.3112E+05
  0.4222E+04
  0.4603E+04
  0.2925E+05
  0.2070E+06
  0.5204E+05
  0.1215E+05
  0.4041E+04
  0.2235E+04
  0.1906E+04
  0.5253E+04
  0.1301E+06
  0.6516E+04
  0.2485E+04
  0.3422E+04
  0.4034E+04
  0.2718E+05
  0.1403E+05
  0.2872E+04
  0.2936E+04
  0.3126E+04
  0.8647E+04
  0.9093E+05
  0.3540E+04
  0.1816E+04
  0.7503E+03
  0.9161E+03
  0.2418E+04
  0.2556E+05
  0.2095E+04
  0.4544E+03
  0.2933E+03
  0.3849E+03
  0.1057E+04
  0.5372E+04
  0.3870E+03
  0.1311E+03
  0.9685E+02
  0.9013E+02
  0.1750E+03
  0.6172E+03
  0.2668E+03
  0.6126E+02
  0.4007E+02
  0.6377E+02
  0.2445E+03
  0.4393E+02
  0.7253E+02
  0.2284E+02
  0.3355E+02
  0.1915E+03
  0.8733E+02
  0.2319E+02
  0.2336E+02
  0.3380E+02
  0.1441E+03
  0.2924E+02
  0.2514E+02
  0.2015E+02
  0.2103E+02
  0.3813E+02
  0.1210E+03
  0.4187E+03
  0.5152E+02
  0.1996E+02
  0.3827E+02
  0.2079E+02
  0.3307E+03
  0.4514E+02
  0.1759E+02
  0.1474E+02
  0.6988E+02
  0.8098E+02
  0.4986E+02
  0.1570E+02
  0.1420E+02
  0.1532E+02
  0.4599E+02
  0.4050E+02
  0.1349E+02
  0.1093E+02
  0.1077E+02
  0.2206E+02
  0.2531E+02
  0.9735E+01
  0.8247E+01
  0.8213E+01
  0.1163E+02
  0.1384E+02
  0.7689E+01
  0.8515E+01
  0.2031E+02
  0.1012E+02
  0.8303E+01
  0.7213E+01
  0.7209E+01
  0.6949E+01
  0.8117E+01
  0.6916E+01
  0.7053E+01
  0.2267E+02
  0.7563E+01
  0.6982E+01
  0.6734E+01
  0.6728E+01
  0.7109E+01
  0.6725E+01
  0.6478E+01
  0.8428E+01
  0.6660E+01
  0.2404E+02
  0.6770E+01
  0.7942E+01
  0.7007E+01
  0.7140E+01
  0.7139E+01
  0.6034E+01
  0.6114E+01
  0.6488E+01
  0.7611E+01
  0.7608E+01
  0.5991E+01
  0.5865E+01
  0.5826E+01
  0.5866E+01
  0.8982E+01
  0.6016E+01
  0.5820E+01
  0.5669E+01
  0.5719E+01
  0.5765E+01
  0.1434E+02
  0.5637E+01
  0.1133E+02
  0.6526E+01
  0.6201E+01
  0.5895E+01
  0.7544E+01
  0.1197E+02
  0.8287E+01
  0.6689E+01
  0.6054E+01
  0.5466E+01
  0.5787E+01
  0.5766E+01
  0.5435E+01
  0.5550E+01
  0.9048E+01
  0.5327E+01
  0.5930E+01
  0.6885E+01
  0.6202E+01
  0.7549E+01
  0.6781E+01
  0.5681E+01
  0.9264E+01
  0.6304E+01
  0.5764E+01
  0.7225E+01
  0.5765E+01
  0.1348E+02
  0.5663E+01
  0.1408E+02
  0.1014E+02
  0.7979E+01
  0.6903E+01
  0.1042E+02
  0.5976E+01
  0.1807E+02
  0.6310E+01
  0.1195E+02
  0.1041E+02
  0.6982E+01
  0.4466E+02
  0.8751E+01
  0.7775E+01
  0.1188E+03
  0.1586E+02
  0.1084E+02
  0.9003E+02
  0.9531E+01
  0.1277E+02
  0.2580E+03
  0.1198E+02
  0.1303E+02
  0.1076E+03
  0.1900E+02
  0.1205E+02
  0.2117E+02
  0.1345E+03
  0.1324E+02
  0.1135E+02
  0.2429E+02
  0.9794E+02
  0.1045E+02
  0.7921E+01
  0.8248E+01
  0.5897E+01
  0.6320E+01
  0.1214E+02
  0.9886E+02
  0.5740E+02
  0.2013E+02
  0.1440E+02
  0.1416E+02
  0.1561E+02
  0.2010E+02
  0.2854E+02
  0.4162E+02
  0.6110E+02
  0.7631E+02
  0.7239E+02
  0.5208E+02
  0.3044E+02
  0.1708E+02
  0.1035E+02
  0.7842E+01
  0.6299E+01
  0.7058E+01
  0.2796E+02
  0.6166E+01
  0.6011E+01
  0.5088E+01
  0.4019E+01
  0.4226E+01
  0.3827E+01
  0.3739E+01
  0.4050E+01
  0.3446E+01
  0.3606E+01
  0.4292E+01
  0.4150E+01
  0.3436E+01
  0.6236E+01
  0.3512E+01
  0.3396E+01
  0.4234E+01
  0.4497E+01
  0.6896E+01
  0.3375E+01
  0.4057E+01
  0.4373E+01
  0.3779E+01
  0.4264E+01
  0.3923E+01
  0.2573E+02
  0.3597E+01
  0.4697E+01
  0.4660E+01
  0.4337E+01
  0.8267E+02
  0.6820E+01
  0.1187E+02
  0.1245E+02
  0.9931E+01
  0.5316E+02
  0.1301E+02
  0.8192E+01
  0.1217E+03
  0.8527E+01
  0.1260E+02
  0.6037E+02
  0.1108E+02
  0.1769E+02
  0.8251E+02
  0.1236E+02
  0.1823E+02
  0.3751E+03
  0.1740E+02
  0.1705E+02
  0.1115E+03
  0.3873E+02
  0.1493E+02
  0.2231E+02
  0.3101E+03
  0.2734E+02
  0.1755E+02
  0.1379E+02
  0.2598E+02
  0.7571E+01
  0.1034E+02
  0.1566E+03
  0.5642E+02
  0.2271E+02
  0.1808E+02
  0.1944E+02
  0.2438E+02
  0.4054E+02
  0.8051E+02
  0.1908E+03
  0.4089E+03
  0.6913E+03
  0.7405E+03
  0.5520E+03
  0.2497E+03
  0.8714E+02
  0.3419E+02
  0.1782E+02
  0.1288E+02
  0.1228E+02
  0.1977E+02
  0.4060E+02
  0.1527E+02
  0.6128E+01
  0.1081E+02
  0.3460E+01
  0.8561E+01
  0.5837E+01
  0.5362E+01
  0.4102E+01
  0.2936E+01
  0.2692E+01
  0.2881E+01
  0.3081E+01
  0.2999E+01
  0.2570E+01
  0.2526E+01
  0.3926E+01
  0.2731E+01
  0.2432E+01
  0.2406E+01
  0.2376E+01
  0.2476E+01
  0.2415E+01
  0.2523E+01
  0.1734E+02
  0.2538E+01
  0.2419E+01
  0.2361E+01
  0.2349E+01
  0.2329E+01
  0.2331E+01
  0.3164E+01
  0.2353E+01
  0.2411E+01
  0.2604E+01
  0.3727E+01
  0.9724E+01
  0.3600E+02
  0.2581E+01
  0.2397E+01
  0.2363E+01
  0.2326E+01
  0.2380E+01
  0.2318E+01
  0.2370E+01
  0.2372E+01
  0.2688E+01
  0.4019E+01
  0.3050E+01
  0.1836E+02
  0.2471E+01
  0.2464E+01
  0.2328E+01
  0.2326E+01
  0.2383E+01
  0.2347E+01
  0.2358E+01
  0.2454E+01
  0.3149E+01
  0.8158E+01
  0.5898E+01
  0.2562E+01
  0.2484E+01
  0.2689E+01
  0.2908E+01
  0.3079E+01
  0.1698E+02
  0.2533E+02
  0.3636E+01
  0.2890E+01
  0.4813E+01
  0.2638E+01
  0.3078E+01
  0.2627E+01
  0.2731E+01
  0.3016E+01
  0.5225E+01
  0.1976E+02
  0.3428E+01
  0.3088E+01
  0.8624E+01
  0.2849E+01
  0.4001E+01
  0.3004E+01
  0.4162E+01
  0.4805E+01
  0.9799E+01
  0.3437E+01
  0.2998E+01
  0.2939E+01
  0.3114E+01
  0.3143E+01
  0.7294E+01
  0.3548E+01
  0.4470E+01
  0.4013E+01
  0.3802E+02
  0.1319E+03
  0.4893E+01
  0.7969E+01
  0.4204E+01
  0.5044E+01
  0.9013E+02
  0.4504E+01
  0.1307E+02
  0.7154E+01
  0.5527E+01
  0.8037E+02
  0.2255E+02
  0.5319E+01
  0.4776E+01
  0.1288E+02
  0.5271E+01
  0.5190E+01
  0.1113E+02
  0.6552E+01
  0.7757E+01
  0.1651E+02
  0.9358E+01
  0.1056E+02
  0.1050E+02
  0.1888E+02
  0.2539E+02
  0.2306E+02
  0.4620E+02
  0.1129E+02
  0.1092E+02
  0.4307E+02
  0.1700E+02
  0.6202E+02
  0.1883E+02
  0.1858E+02
  0.1047E+02
  0.2020E+02
  0.1571E+03
  0.7716E+02
  0.3524E+02
  0.4954E+02
  0.1690E+02
  0.1982E+02
  0.1364E+03
  0.2820E+02
  0.8188E+02
  0.4966E+03
  0.7994E+02
  0.1107E+03
  0.3474E+02
  0.5581E+02
  0.1961E+02
  0.1810E+02
  0.2468E+02
  0.6939E+02
  0.4115E+02
  0.2342E+02
  0.5398E+02
  0.3896E+02
  0.4463E+02
  0.1538E+04
  0.5083E+02
  0.2553E+02
  0.2223E+02
  0.3975E+02
  0.1850E+02
  0.2942E+02
  0.2393E+02
  0.2306E+02
  0.1640E+02
  0.1696E+02
  0.1755E+02
  0.1557E+02
  0.1540E+02
  0.1661E+02
  0.2171E+02
  0.2955E+02
  0.6298E+02
  0.2324E+02
  0.2494E+02
  0.1512E+04
  0.1741E+04
  0.1840E+03
  0.8979E+02
  0.1349E+03
  0.5738E+03
  0.5773E+03
  0.7585E+02
  0.2805E+02
  0.4126E+02
  0.3651E+02
  0.1360E+03
  0.2089E+02
  0.2216E+02
  0.6455E+03
  0.2168E+02
  0.3525E+02
  0.6690E+02
  0.3860E+02
  0.1156E+03
  0.1126E+03
  0.4157E+04
  0.7141E+03
  0.2547E+03
  0.5845E+02
  0.5530E+02
  0.1047E+03
  0.4343E+02
  0.5198E+02
  0.8131E+02
  0.1514E+03
  0.4781E+02
  0.1225E+03
  0.5131E+02
  0.5077E+04
  0.6477E+02
  0.4938E+02
  0.1204E+03
  0.1022E+03
  0.1488E+05
  0.1421E+04
  0.1013E+04
  0.1063E+03
  0.8066E+02
  0.1005E+03
  0.2563E+05
  0.1892E+03
  0.1285E+03
  0.4116E+03
  0.9754E+04
  0.4205E+04
  0.2657E+03
  0.1241E+03
  0.2711E+03
  0.3127E+03
  0.7818E+02
  0.1006E+03
  0.1931E+03
  0.1219E+03
  0.5421E+03
  0.1384E+05
  0.3691E+03
  0.4575E+03
  0.2454E+03
  0.2075E+03
  0.8026E+03
  0.2963E+04
  0.1600E+04
  0.5463E+03
  0.1726E+04
  0.1185E+04
  0.2422E+03
  0.1716E+03
  0.2840E+03
  0.1904E+05
  0.3247E+03
  0.1430E+03
  0.1524E+03
  0.1156E+04
  0.1771E+03
  0.2234E+03
  0.1748E+03
  0.3648E+03
  0.5049E+04
  0.5290E+04
  0.4260E+04
  0.6882E+04
  0.5964E+03
  0.3801E+03
  0.2023E+05
  0.6242E+03
  0.2318E+03
  0.2198E+03
  0.4271E+03
  0.5622E+05
  0.4452E+03
  0.3464E+03
  0.1848E+04
  0.6305E+03
  0.4665E+04
  0.4558E+04
  0.5700E+03
  0.3579E+03
  0.2227E+03
  0.1946E+03
  0.1908E+03
  0.2420E+03
  0.4978E+03
  0.1678E+04
  0.1150E+04
  0.3456E+03
  0.4106E+03
  0.8780E+03
  0.6306E+03
  0.2015E+04
  0.7670E+04
  0.1149E+05
  0.6694E+04
  0.1515E+04
  0.5926E+03
  0.5696E+03
  0.1139E+04
  0.3636E+06
  0.1160E+04
  0.5735E+03
  0.4705E+03
  0.7222E+03
  0.2646E+04
  0.1285E+05
  0.4818E+05
  0.1210E+04
  0.1294E+06
  0.7302E+03
  0.3869E+03
  0.3757E+03
  0.8624E+04
  0.4389E+03
  0.3604E+03
  0.5670E+03
  0.1020E+05
  0.1017E+06
  0.1548E+04
  0.5937E+05
  0.6409E+04
  0.7753E+03
  0.7007E+03
  0.1393E+04
  0.1252E+06
  0.2187E+04
  0.3347E+05
  0.1565E+04
  0.1977E+04
  0.1052E+04
  0.1535E+04
  0.7445E+04
  0.1567E+05
  0.3422E+05
  0.4040E+05
  0.1114E+05
  0.1283E+04
  0.3209E+05
  0.9452E+03
  0.1677E+05
  0.5960E+04
  0.1796E+06
  0.1877E+04
  0.9175E+04
  0.1568E+06
  0.1627E+05
  0.8696E+04
  0.8830E+04
  0.3126E+04
  0.2363E+05
  0.2738E+05
  0.9083E+03
  0.1364E+04
  0.2295E+04
  0.1770E+05
  0.2306E+04
  0.1634E+04
  0.2699E+04
  0.2702E+05
  0.2339E+05
  0.8013E+04
  0.3263E+05
  0.9618E+04
  0.1408E+05
  0.1823E+04
  0.9270E+03
  0.1002E+04
  0.5275E+04
  0.1211E+04
  0.1283E+04
  0.4197E+04
  0.6408E+04
  0.3309E+04
  0.9795E+05
  0.1804E+06
  0.4590E+05
  0.5686E+04
  0.1715E+04
  0.1564E+04
  0.1063E+06
  0.1266E+04
  0.1083E+04
  0.5833E+04
  0.8843E+05
  0.1613E+04
  0.1024E+04
  0.1287E+04
  0.3487E+04
  0.8860E+06
  0.4745E+04
  0.1209E+04
  0.6976E+03
  0.5299E+03
  0.7684E+03
  0.4019E+03
  0.3596E+03
  0.3386E+03
  0.3516E+03
  0.3324E+03
  0.7999E+03
  0.3962E+03
  0.3883E+03
  0.4505E+03
  0.8803E+03
  0.2852E+04
  0.3434E+03
  0.3126E+03
  0.3296E+03
  0.6364E+04
  0.4705E+03
  0.9079E+03
  0.3615E+03
  0.4569E+03
  0.2332E+04
  0.6582E+03
  0.2641E+04
  0.5048E+03
  0.5778E+03
  0.8006E+03
  0.1714E+04
  0.1506E+05
  0.9526E+04
  0.1571E+04
  0.9597E+03
  0.9879E+03
  0.4322E+04
  0.9156E+05
  0.1383E+04
  0.9554E+03
  0.4832E+04
  0.1636E+04
  0.7157E+03
  0.7054E+03
  0.9172E+03
  0.1880E+04
  0.1455E+06
  0.1291E+05
  0.3716E+05
  0.1444E+04
  0.1084E+04
  0.7854E+03
  0.8032E+04
  0.1093E+04
  0.2973E+04
  0.5946E+05
  0.1863E+06
  0.6730E+04
  0.2121E+04
  0.4383E+04
  0.1052E+07
  0.3996E+05
  0.9813E+04
  0.1982E+04
  0.1341E+04
  0.8340E+03
  0.7982E+03
  0.1752E+04
  0.9546E+04
  0.2449E+04
  0.9057E+03
  0.8419E+03
  0.1280E+04
  0.6396E+04
  0.7433E+04
  0.7087E+04
  0.3326E+04
  0.1479E+04
  0.2238E+05
  0.3502E+04
  0.1094E+04
  0.8883E+03
  0.8512E+04
  0.1682E+04
  0.3212E+04
  0.1325E+05
  0.3900E+06
  0.3170E+04
  0.1452E+04
  0.2583E+04
  0.5419E+04
  0.9563E+03
  0.1224E+04
  0.1977E+04
  0.6148E+04
  0.5629E+05
  0.1328E+05
  0.4220E+04
  0.8209E+06
  0.6629E+05
  0.2132E+04
  0.2039E+04
  0.4377E+04
  0.3176E+05
  0.2571E+04
  0.7312E+03
  0.2197E+04
  0.6770E+03
  0.7939E+03
  0.2789E+04
  0.1313E+05
  0.2734E+04
  0.8189E+06
  0.1130E+06
  0.1337E+04
  0.6842E+03
  0.5409E+03
  0.2770E+04
  0.4296E+03
  0.4087E+03
  0.6688E+03
  0.5422E+03
  0.1385E+05
  0.9441E+03
  0.2264E+04
  0.1604E+05
  0.2714E+05
  0.1468E+04
  0.1738E+04
  0.1650E+04
  0.1226E+06
  0.1210E+04
  0.9827E+03
  0.1528E+05
  0.7567E+03
  0.1525E+04
  0.2571E+04
  0.1186E+06
  0.1217E+04
  0.1272E+05
  0.8968E+03
  0.4571E+03
  0.3658E+03
  0.1245E+04
  0.1364E+04
  0.1701E+04
  0.4653E+03
  0.2455E+04
  0.2698E+04
  0.4686E+03
  0.3063E+03
  0.3109E+03
  0.7415E+03
  0.1353E+04
  0.8655E+03
  0.4212E+05
  0.2401E+05
  0.2472E+04
  0.9162E+03
  0.8706E+03
  0.3120E+03
  0.4365E+03
  0.7687E+03
  0.1256E+04
  0.2872E+03
  0.4589E+03
  0.3229E+05
  0.2104E+03
  0.1936E+03
  0.3758E+03
  0.1061E+04
  0.4840E+04
  0.2406E+05
  0.1496E+04
  0.7464E+03
  0.6663E+04
  0.2988E+03
  0.6792E+03
  0.4127E+04
  0.1210E+04
  0.1717E+05
  0.1719E+03
  0.4190E+03
  0.1297E+03
  0.4424E+03
  0.4888E+03
  0.6098E+03
  0.9282E+03
  0.1168E+04
  0.1107E+03
  0.9115E+02
  0.1233E+03
  0.5247E+04
  0.7931E+02
  0.8481E+02
  0.1210E+03
  0.1968E+03
  0.2716E+03
  0.5565E+04
  0.5816E+03
  0.3098E+03
  0.1552E+04
  0.1468E+05
  0.6895E+03
  0.2055E+03
  0.1351E+03
  0.4407E+03
  0.1728E+03
  0.1475E+04
  0.1253E+03
  0.1210E+03
  0.1781E+03
  0.4855E+03
  0.4072E+04
  0.2446E+04
  0.4215E+03
  0.7972E+03
  0.2129E+03
  0.9110E+02
  0.7632E+02
  0.7811E+03
  0.5743E+02
  0.5016E+02
  0.1850E+03
  0.5653E+02
  0.4344E+03
  0.1797E+03
  0.6743E+02
  0.5829E+02
  0.7209E+02
  0.1251E+03
  0.2179E+04
  0.1291E+04
  0.2280E+04
  0.1438E+04
  0.2663E+03
  0.1035E+03
  0.6360E+02
  0.5119E+02
  0.4751E+02
  0.3815E+02
  0.3693E+02
  0.6071E+02
  0.5150E+02
  0.3987E+02
  0.7054E+02
  0.2382E+03
  0.5958E+02
  0.1208E+03
  0.3793E+03
  0.1841E+04
  0.1244E+03
  0.7057E+02
  0.3693E+03
  0.1127E+04
  0.3800E+03
  0.1065E+03
  0.4584E+02
  0.3628E+02
  0.3558E+02
  0.6130E+02
  0.1785E+03
  0.3244E+03
  0.1110E+03
  0.1992E+03
  0.1608E+03
  0.1894E+05
  0.2592E+03
  0.6404E+03
  0.1050E+03
  0.7941E+02
  0.1279E+03
  0.8603E+03
  0.1061E+04
  0.3001E+03
  0.1315E+03
  0.3070E+04
  0.3849E+03
  0.1275E+03
  0.3430E+03
  0.4009E+02
  0.2587E+02
  0.2519E+02
  0.3565E+02
  0.9991E+03
  0.5619E+03
  0.1036E+03
  0.4178E+02
  0.2623E+02
  0.4146E+02
  0.3809E+02
  0.1357E+03
  0.1480E+05
  0.1436E+03
  0.1861E+03
  0.7782E+03
  0.5194E+02
  0.2069E+02
  0.1771E+02
  0.4547E+02
  0.2766E+02
  0.2349E+02
  0.1751E+04
  0.3072E+03
  0.2551E+02
  0.6422E+02
  0.1814E+02
  0.1848E+04
  0.1766E+02
  0.1123E+03
  0.2792E+02
  0.2438E+04
  0.2675E+05
  0.5116E+02
  0.1908E+02
  0.1058E+02
  0.8789E+01
  0.1006E+02
  0.1049E+02
  0.5333E+03
  0.8460E+01
  0.7411E+01
  0.8169E+01
  0.7551E+01
  0.6686E+01
  0.8087E+01
  0.9661E+01
  0.1170E+02
  0.4270E+02
  0.2248E+03
  0.3240E+02
  0.1100E+03
  0.1275E+04
  0.4756E+02
  0.1483E+02
  0.1322E+02
  0.1021E+02
  0.1285E+03
  0.3423E+02
  0.7266E+01
  0.4255E+02
  0.1152E+02
  0.6172E+01
  0.7291E+01
  0.4417E+02
  0.3228E+02
  0.1217E+02
  0.7219E+01
  0.8024E+01
  0.2350E+02
  0.2874E+02
  0.6546E+02
  0.7053E+02
  0.8671E+02
  0.6091E+02
  0.2185E+02
  0.1499E+02
  0.1930E+02
  0.2545E+02
  0.9301E+02
  0.2178E+02
  0.9757E+01
  0.1442E+02
  0.6075E+02
  0.1503E+03
  0.2822E+02
  0.2503E+02
  0.4285E+02
  0.4541E+03
  0.5255E+02
  0.1003E+04
  0.8780E+03
  0.6059E+02
  0.9597E+02
  0.7388E+02
  0.2653E+03
  0.2333E+04
  0.2060E+03
  0.1833E+03
  0.1223E+03
  0.2638E+03
  0.3446E+04
  0.8454E+03
  0.2358E+03
  0.1831E+03
  0.2931E+03
  0.1472E+04
  0.2711E+04
  0.3976E+03
  0.2076E+03
  0.8236E+03
  0.7684E+03
  0.4816E+04
  0.3851E+03
  0.3830E+03
  0.1475E+03
  0.2847E+03
  0.2156E+04
  0.1751E+03
  0.7438E+03
  0.1479E+05
  0.2555E+04
  0.2248E+03
  0.1275E+03
  0.7841E+03
  0.2743E+03
  0.1099E+03
  0.7105E+02
  0.2016E+03
  0.3591E+03
  0.2270E+03
  0.2622E+02
  0.4629E+02
  0.1118E+04
  0.1660E+03
  0.7001E+02
  0.4992E+02
  0.2702E+02
  0.2286E+02
  0.1280E+03
  0.2785E+03
  0.2503E+02
  0.1533E+02
  0.4344E+02
  0.1091E+03
  0.2633E+03
  0.3222E+02
  0.1471E+02
  0.5700E+02
  0.3590E+02
  0.5551E+03
  0.4138E+02
  0.1384E+02
  0.6012E+02
  0.1702E+02
  0.1992E+03
  0.2527E+02
  0.1050E+02
  0.3873E+02
  0.1033E+02
  0.5586E+02
  0.1040E+03
  0.1249E+03
  0.1437E+02
  0.6144E+01
  0.4042E+01
  0.4204E+01
  0.9550E+02
  0.2411E+02
  0.3942E+01
  0.4642E+01
  0.3727E+01
  0.3790E+01
  0.4275E+01
  0.4259E+01
  0.3684E+01
  0.2563E+02
  0.2228E+01
  0.1830E+01
  0.7094E+01
  0.2376E+02
  0.3838E+01
  0.2854E+01
  0.4611E+01
  0.2692E+01
  0.1875E+01
  0.3427E+01
  0.3047E+01
  0.4058E+01
  0.2942E+01
  0.8279E+01
  0.2020E+01
  0.2740E+01
  0.1577E+01
  0.1234E+01
  0.2693E+02
  0.2933E+01
  0.3295E+01
  0.2307E+01
  0.1599E+01
  0.1312E+01
  0.1699E+01
  0.1182E+01
  0.8370E+01
  0.3102E+01
  0.1208E+01
  0.2649E+01
  0.1445E+01
  0.2233E+01
  0.4273E+01
  0.2519E+01
  0.1025E+02
  0.2712E+01
  0.2597E+01
  0.1178E+02
  0.1938E+01
  0.2484E+01
  0.7529E+01
  0.4827E+01
  0.7109E+01
  0.1477E+02
  0.3210E+01
  0.1468E+02
  0.7719E+02
  0.3979E+02
  0.2510E+02
  0.1486E+03
  0.7355E+02
  0.4704E+02
  0.6353E+02
  0.1022E+03
  0.7850E+02
  0.4411E+02
  0.9883E+02
  0.1201E+03
  0.2890E+03
  0.2501E+03
  0.1715E+03
  0.1845E+03
  0.2725E+04
  0.4520E+03
  0.2142E+04
  0.4520E+03
  0.1332E+04
  0.6896E+03
  0.1204E+04
  0.1284E+05
  0.8334E+03
  0.4038E+04
  0.4810E+04
  0.5944E+04
  0.5564E+04
  0.3248E+04
  0.2779E+05
  0.8551E+04
  0.4426E+04
  0.2632E+05
  0.1379E+05
  0.1866E+05
  0.1841E+05
  0.1267E+05
  0.2356E+06
  0.6696E+05
  0.1502E+05
  0.8943E+06
  0.2377E+05
  0.2671E+05
  0.8959E+06
  0.2583E+05
  0.5568E+05
  0.2193E+07
  0.6032E+05
  0.3208E+05
  0.2310E+06
  0.1051E+06
  0.3483E+05
  0.6364E+05
  0.6152E+07
  0.7593E+05
  0.4306E+05
  0.7319E+05
  0.2436E+07
  0.1471E+06
  0.5087E+05
  0.5261E+05
  0.2574E+05
  0.3303E+05
  0.6445E+05
  0.2390E+06
  0.1075E+07
  0.2059E+06
  0.2652E+06
  0.1027E+06
  0.3148E+06
  0.9230E+05
  0.3271E+06
  0.2547E+06
  0.2749E+06
  0.3405E+06
  0.2998E+06
  0.7800E+06
  0.9549E+06
  0.7364E+06
  0.2289E+06
  0.5451E+06
  0.8093E+06
  0.4088E+06
  0.3563E+07
  0.1737E+07
  0.1067E+07
  0.2924E+07
  0.2305E+07
  0.2430E+07
  0.1821E+07
  0.1344E+07
  0.2111E+08
  0.4612E+07
  0.2002E+07
  0.2253E+09
  0.2340E+07
  0.2526E+07
  0.2577E+09
  0.3272E+07
  0.2973E+07
  0.4542E+08
  0.5799E+07
  0.3334E+07
  0.1005E+08
  0.2695E+08
  0.3697E+07
  0.3894E+07
  0.2765E+08
  0.1398E+08
  0.4220E+07
  0.4146E+07
  0.1487E+08
  0.1883E+08
  0.1235E+07
  0.1339E+08
  0.8055E+07
  0.3878E+07
  0.3498E+07
  0.4400E+07
  0.8617E+07
  0.3036E+08
  0.4622E+09
  0.5071E+08
  0.1935E+08
  0.1058E+08
  0.7625E+07
  0.6367E+07
  0.5366E+07
  0.4923E+07
  0.4791E+07
  0.5315E+07
  0.7915E+07
  0.2610E+08
  0.1971E+08
  0.2403E+07
  0.8354E+06
  0.6326E+06
  0.2946E+07
  0.5779E+06
  0.1695E+06
  0.2526E+07
  0.6727E+05
  0.7262E+06
  0.2613E+05
  0.1813E+05
  0.1646E+05
  0.1032E+05
  0.5176E+04
  0.3561E+04
  0.2566E+04
  0.1848E+04
  0.1303E+04
  0.9121E+03
  0.5007E+03
  0.3331E+03
  0.2197E+03
  0.1407E+03
  0.8902E+02
  0.6425E+02
  0.2437E+02
  0.1480E+02
  0.4235E+02
  0.4041E+01
  0.2194E+01
  0.4469E+02
  0.1529E+01
  0.1191E+01
  0.7180E+01
  0.2851E+01
  0.1174E+01
  0.1940E+01
  0.4733E+02
  0.1695E+01
  0.1054E+01
  0.1561E+01
  0.1689E+02
  0.1206E+01
  0.6794E+00
  0.1714E+01
  0.1104E+01
  0.1006E+01
  0.1262E+01
  0.2225E+01
  0.8332E+01
  0.4681E+02
  0.8527E+01
  0.3938E+01
  0.2897E+01
  0.2167E+01
  0.1957E+01
  0.1842E+01
  0.1734E+01
  0.2080E+01
  0.1981E+01
  0.2601E+01
  0.5666E+01
  0.8355E+01
  0.1312E+01
  0.8397E+00
  0.9092E+00
  0.1766E+01
  0.7655E+00
  0.5155E+00
  0.1421E+01
  0.4844E+00
  0.8065E+00
  0.8800E+00
  0.5797E+00
  0.6934E+00
  0.9251E+00
  0.5869E+00
  0.6581E+00
  0.2152E+01
  0.1275E+01
  0.7863E+00
  0.1204E+01
  0.8875E+01
  0.1463E+01
  0.1389E+01
  0.2143E+01
  0.1136E+02
  0.1822E+01
  0.1461E+01
  0.4765E+01
  0.5004E+01
  0.1607E+01
  0.2202E+01
  0.2578E+02
  0.2224E+01
  0.1524E+01
  0.3623E+01
  0.3588E+01
  0.1008E+01
  0.1062E+01
  0.2422E+01
