 height of levels
  0.0000E+00
  0.1080E+05
  0.2097E+05
  0.3055E+05
  0.3959E+05
  0.4813E+05
  0.5621E+05
  0.6389E+05
  0.7121E+05
  0.7822E+05
  0.8495E+05
  0.9144E+05
  0.9773E+05
  0.1039E+06
  0.1100E+06
  0.1161E+06
  0.1222E+06
  0.1284E+06
  0.1345E+06
  0.1408E+06
  0.1472E+06
  0.1537E+06
  0.1603E+06
  0.1672E+06
  0.1742E+06
  0.1815E+06
  0.1891E+06
  0.1970E+06
  0.2052E+06
  0.2138E+06
  0.2229E+06
  0.2324E+06
  0.2423E+06
  0.2528E+06
  0.2639E+06
  0.2755E+06
  0.2878E+06
  0.3010E+06
  0.3151E+06
  0.3303E+06
  0.3469E+06
  0.3650E+06
  0.3846E+06
  0.4060E+06
  0.4297E+06
  0.4562E+06
  0.4865E+06
  0.5225E+06
  0.5636E+06
  0.5935E+06
  0.6048E+06
