 Temperature at each level [K]
    238.5959
    314.8244
    334.9202
    342.6645
    344.2420
    342.8199
    340.1231
    336.7220
    332.4873
    327.5722
    321.9795
    315.7702
    308.6622
    300.7777
    292.7387
    284.9169
    277.2805
    269.7572
    262.2905
    254.8935
    247.4898
    239.9642
    232.3238
    224.5473
    216.7299
    209.0413
    201.6417
    194.4032
    187.4237
    180.8828
    174.6949
    168.8835
    163.9359
    160.4135
    157.4343
    154.3168
    151.3605
    149.9994
    149.9994
    149.9994
    149.9994
    149.9994
    149.9994
    149.9994
    149.9994
    149.9994
    149.9994
    149.9994
    149.9994
    149.9994
    149.9994
