 Flux gradient longwave
        0.3976
        0.4160
        0.3761
        0.3433
        0.3145
        0.2571
        0.3067
        0.2616
        0.2094
        0.2866
        0.1629
        0.2404
        0.1258
        0.2506
        0.1284
        0.2063
        0.0894
        0.2059
        0.1522
        0.1371
        0.1301
        0.1304
        0.2103
        0.1900
        0.0690
        0.1986
        0.1247
        0.2078
        0.9179
        1.3628
        1.6880
        1.8967
        1.9726
        1.9136
        1.7415
        1.4958
        1.2193
        0.9482
        0.7094
        0.5205
        0.3868
        0.3006
        0.2548
        0.2465
        0.2541
        0.2819
        0.3524
        0.3182
        0.0938
        0.0169
