 Shortwave heating rate [K/s]
  0.1010E-05
  0.1267E-05
  0.1406E-05
  0.1563E-05
  0.1733E-05
  0.1914E-05
  0.2106E-05
  0.2310E-05
  0.2532E-05
  0.2663E-05
  0.2706E-05
  0.2784E-05
  0.2860E-05
  0.2961E-05
  0.3069E-05
  0.3211E-05
  0.3378E-05
  0.3575E-05
  0.3793E-05
  0.4033E-05
  0.4291E-05
  0.4567E-05
  0.4862E-05
  0.5184E-05
  0.5544E-05
  0.5964E-05
  0.6469E-05
  0.7086E-05
  0.7837E-05
  0.8733E-05
  0.9770E-05
  0.1093E-04
  0.1216E-04
  0.1339E-04
  0.1459E-04
  0.1589E-04
  0.1755E-04
  0.1971E-04
  0.2237E-04
  0.2563E-04
  0.3074E-04
  0.4084E-04
  0.5935E-04
  0.7820E-04
  0.9418E-04
  0.1841E-03
  0.3258E-03
  0.4445E-03
  0.9240E-03
  0.1623E-02
