 Temperature at each level [K]
    141.0120
    195.6628
    202.5389
    204.7953
    204.7599
    203.5675
    201.8225
    199.7062
    197.2577
    194.7223
    192.0427
    189.2673
    186.4296
    183.5410
    180.5580
    177.4447
    174.2568
    171.0371
    167.7961
    164.4428
    161.0995
    157.8162
    154.6604
    151.5924
    148.5720
    145.8946
    143.6044
    141.7029
    141.0022
    141.0022
    141.0022
    141.0022
    141.0022
    141.0022
    141.0022
    141.0022
    141.0022
    141.0022
    141.0022
    141.0022
    141.0022
    141.0022
    141.0022
    141.0022
    141.0022
    141.0022
    141.0022
    141.0022
    141.0022
    141.0022
    141.0022
