 Flux gradient longwave
        0.1394
        0.1287
        0.1161
        0.0984
        0.0976
        0.0858
        0.0890
        0.0819
        0.0747
        0.0802
        0.0752
        0.0723
        0.0700
        0.0676
        0.0682
        0.0562
        0.0576
        0.0601
        0.0495
        0.0564
        0.0512
        0.0480
        0.0429
        0.0506
        0.0459
        0.0441
        0.0427
        0.0389
        0.0484
        0.0402
        0.0464
        0.0601
        0.0679
        0.0751
        0.0828
        0.0915
        0.1002
        0.1077
        0.1130
        0.1171
        0.1267
        0.1453
        0.1619
        0.1653
        0.1524
        0.1354
        0.1011
        0.0417
        0.0107
        0.0205
