 altitude at level i
  0.0000E+00
  0.1926E+04
  0.3809E+04
  0.5643E+04
  0.7426E+04
  0.9164E+04
  0.1086E+05
  0.1251E+05
  0.1414E+05
  0.1573E+05
  0.1730E+05
  0.1886E+05
  0.2040E+05
  0.2194E+05
  0.2348E+05
  0.2502E+05
  0.2657E+05
  0.2813E+05
  0.2972E+05
  0.3133E+05
  0.3297E+05
  0.3464E+05
  0.3635E+05
  0.3810E+05
  0.3990E+05
  0.4175E+05
  0.4365E+05
  0.4562E+05
  0.4765E+05
  0.4977E+05
  0.5197E+05
  0.5428E+05
  0.5670E+05
  0.5925E+05
  0.6195E+05
  0.6482E+05
  0.6787E+05
  0.7114E+05
  0.7465E+05
  0.7844E+05
  0.8256E+05
  0.8706E+05
  0.9204E+05
  0.9759E+05
  0.1038E+06
  0.1110E+06
  0.1193E+06
  0.1289E+06
  0.1395E+06
  0.1476E+06
  0.1508E+06
