 Surface temperature vs. time [K]
    170.0000
    167.7975
    165.7394
    163.8539
    162.1462
    160.5971
    159.1882
    157.9041
    156.7312
    155.6582
    154.6744
    153.7676
    152.9318
    152.1615
    151.4504
    150.7939
    150.1863
    149.6247
    149.1051
    148.6240
    148.1779
    147.7645
    147.3811
    147.0256
    146.6965
    146.3909
    146.1073
    145.8443
    145.5998
    145.3728
    145.1619
    144.9659
    144.7840
    144.6150
    144.4578
    144.3118
    144.1760
    144.0498
    143.9325
    143.8236
    143.7225
    143.6284
    143.5410
    143.4598
    143.3841
    143.3141
    143.2486
    143.1879
    143.1314
    143.0790
    143.0303
    142.9849
    142.9428
    142.9034
    142.8669
    142.8327
    142.8012
    142.7718
    142.7444
    142.7190
    142.6952
    142.6731
    142.6524
    142.6333
    142.6153
    142.5987
    142.5832
    142.5690
    142.5556
    142.5432
    142.5317
    142.5209
    142.5109
    142.5016
    142.4930
    142.4848
    142.4773
    142.4703
    142.4638
    142.4578
    142.4521
    142.4468
    142.4420
    142.4375
    142.4334
    142.4295
    142.4260
    142.4227
    142.4197
    142.4168
    142.4142
    142.4118
    142.4095
    142.4074
    142.4055
    142.4036
    142.4020
    142.4003
    142.3989
    142.3975
    142.3962
    142.3950
    142.3939
    142.3928
    142.3919
    142.3909
    142.3901
    142.3893
    142.3886
    142.3879
    142.3872
    142.3866
    142.3861
    142.3855
    142.3851
    142.3846
    142.3842
    142.3838
    142.3834
    142.3830
    142.3827
    142.3824
    142.3821
    142.3819
    142.3816
    142.3814
    142.3812
    142.3810
    142.3808
    142.3806
    142.3804
    142.3803
    142.3801
    142.3800
    142.3799
    142.3797
    142.3797
    142.3795
    142.3795
    142.3794
    142.3793
    142.3792
    142.3791
    142.3791
    142.3790
    142.3789
    142.3789
    142.3788
    142.3788
    142.3787
    142.3787
    142.3786
    142.3786
    142.3786
    142.3786
    142.3785
    142.3785
    142.3785
    142.3785
    142.3784
    142.3784
    142.3784
    142.3784
    142.3783
    142.3783
    142.3783
    142.3783
    142.3783
    142.3783
    142.3783
    142.3783
    142.3782
    142.3782
    142.3782
    142.3782
    142.3782
    142.3782
    142.3782
    142.3782
    142.3782
    142.3782
    142.3782
    142.3782
    142.3782
    142.3782
    142.3781
    142.3782
    142.3781
    142.3782
    142.3781
    142.3781
    142.3781
    142.3781
    142.3781
    142.3781
    142.3781
    142.3781
    142.3781
    142.3781
    142.3781
    142.3781
    142.3781
    142.3781
    142.3781
    142.3781
    142.3781
    142.3781
    142.3781
    142.3781
    142.3781
    142.3781
    142.3781
    142.3781
    142.3781
    142.3781
    142.3781
    142.3781
    142.3781
    142.3781
    142.3781
    142.3781
    142.3781
    142.3781
    142.3781
    142.3781
    142.3781
    142.3781
    142.3781
    142.3781
    142.3781
    142.3781
    142.3781
    142.3781
    142.3781
    142.3781
    142.3781
    142.3781
    142.3781
    142.3781
    142.3781
    142.3781
    142.3781
    142.3781
    142.3781
    142.3781
    142.3781
    142.3781
    142.3781
    142.3781
    142.3781
    142.3781
    142.3781
    142.3781
    142.3781
    142.3781
    142.3781
    142.3781
    142.3781
    142.3781
    142.3781
    142.3781
    142.3781
    142.3781
    142.3781
    142.3781
    142.3781
    142.3781
    142.3781
    142.3781
    142.3781
    142.3781
    142.3781
    142.3781
    142.3781
    142.3781
    142.3781
    142.3781
    142.3781
    142.3781
    142.3781
    142.3781
    142.3781
    142.3781
    142.3781
    142.3781
    142.3781
    142.3781
    142.3781
    142.3781
    142.3781
    142.3781
    142.3781
    142.3781
    142.3781
    142.3781
    142.3781
    142.3781
    142.3781
    142.3781
    142.3781
