 TOA temperature vs. time [K]
    169.9915
    167.7890
    165.7310
    163.8457
    162.1380
    160.5890
    159.1802
    157.8961
    156.7233
    155.6504
    154.6666
    153.7598
    152.9265
    152.1573
    151.4430
    150.7864
    150.1787
    149.6171
    149.0976
    148.6165
    148.1704
    147.7571
    147.3737
    147.0183
    146.6891
    146.3836
    146.1000
    145.8370
    145.5925
    145.3655
    145.1546
    144.9586
    144.7767
    144.6077
    144.4505
    144.3045
    144.1687
    144.0425
    143.9253
    143.8164
    143.7152
    143.6212
    143.5338
    143.4526
    143.3769
    143.3068
    143.2414
    143.1807
    143.1242
    143.0718
    143.0231
    142.9777
    142.9356
    142.8962
    142.8597
    142.8255
    142.7940
    142.7646
    142.7372
    142.7118
    142.6880
    142.6660
    142.6452
    142.6261
    142.6081
    142.5915
    142.5760
    142.5618
    142.5484
    142.5361
    142.5245
    142.5138
    142.5038
    142.4944
    142.4858
    142.4777
    142.4702
    142.4632
    142.4567
    142.4506
    142.4450
    142.4397
    142.4348
    142.4303
    142.4262
    142.4224
    142.4189
    142.4156
    142.4125
    142.4097
    142.4071
    142.4046
    142.4024
    142.4003
    142.3983
    142.3965
    142.3948
    142.3932
    142.3917
    142.3903
    142.3890
    142.3878
    142.3867
    142.3857
    142.3847
    142.3838
    142.3829
    142.3821
    142.3814
    142.3807
    142.3801
    142.3795
    142.3789
    142.3784
    142.3779
    142.3774
    142.3770
    142.3766
    142.3762
    142.3759
    142.3756
    142.3752
    142.3750
    142.3747
    142.3745
    142.3742
    142.3740
    142.3738
    142.3736
    142.3734
    142.3733
    142.3731
    142.3730
    142.3728
    142.3727
    142.3726
    142.3725
    142.3724
    142.3723
    142.3722
    142.3721
    142.3720
    142.3720
    142.3719
    142.3718
    142.3718
    142.3717
    142.3717
    142.3716
    142.3716
    142.3715
    142.3715
    142.3715
    142.3714
    142.3714
    142.3714
    142.3713
    142.3713
    142.3713
    142.3713
    142.3712
    142.3712
    142.3712
    142.3712
    142.3712
    142.3711
    142.3711
    142.3711
    142.3711
    142.3711
    142.3711
    142.3711
    142.3711
    142.3711
    142.3711
    142.3710
    142.3710
    142.3710
    142.3710
    142.3710
    142.3710
    142.3710
    142.3710
    142.3710
    142.3710
    142.3710
    142.3710
    142.3710
    142.3710
    142.3710
    142.3710
    142.3710
    142.3710
    142.3710
    142.3710
    142.3710
    142.3710
    142.3710
    142.3710
    142.3710
    142.3710
    142.3709
    142.3710
    142.3709
    142.3710
    142.3709
    142.3710
    142.3709
    142.3710
    142.3709
    142.3710
    142.3709
    142.3710
    142.3709
    142.3710
    142.3709
    142.3710
    142.3709
    142.3710
    142.3709
    142.3710
    142.3709
    142.3710
    142.3709
    142.3710
    142.3709
    142.3709
    142.3709
    142.3709
    142.3709
    142.3709
    142.3709
    142.3709
    142.3709
    142.3709
    142.3709
    142.3709
    142.3709
    142.3709
    142.3709
    142.3709
    142.3709
    142.3709
    142.3709
    142.3709
    142.3709
    142.3709
    142.3709
    142.3709
    142.3709
    142.3709
    142.3709
    142.3709
    142.3709
    142.3709
    142.3709
    142.3709
    142.3709
    142.3709
    142.3709
    142.3709
    142.3709
    142.3709
    142.3709
    142.3709
    142.3709
    142.3709
    142.3709
    142.3709
    142.3709
    142.3709
    142.3709
    142.3709
    142.3709
    142.3709
    142.3709
    142.3709
    142.3709
    142.3709
    142.3709
    142.3709
    142.3709
    142.3709
    142.3709
    142.3709
    142.3709
    142.3709
    142.3709
    142.3709
    142.3709
    142.3709
    142.3709
    142.3709
    142.3709
    142.3709
    142.3709
    142.3709
    142.3709
    142.3709
    142.3709
