 Downwards broadband flux at each level [W/m2]
      389.6305
      862.9009
      878.6791
      842.4681
      809.9288
      780.5833
      753.9841
      729.7186
      707.4141
      686.7395
      667.4054
      649.1626
      631.7985
      615.1341
      599.0196
      583.3300
      567.9613
      552.8256
      537.8440
      522.9083
      498.1835
      459.4749
      415.2469
      373.5580
      335.7352
      300.7986
      267.9837
      236.4441
      205.7784
      174.9899
      143.8838
      114.4284
       89.5026
       69.9096
       54.6919
       43.1691
       34.0826
       26.1937
       19.4992
       14.2602
       10.8019
        8.6561
        7.4517
        6.8123
        6.0348
        4.7524
        3.6617
        2.0624
        0.5565
        0.0353
        0.0000
