 Species molar concentration at each layer [mol/mol]
  0.5000E-01
  0.9500E+00
  0.0000E+00
  0.2476E-06
  0.5000E-01
  0.9500E+00
  0.0000E+00
  0.1295E-06
  0.5000E-01
  0.9500E+00
  0.0000E+00
  0.6806E-07
  0.5000E-01
  0.9500E+00
  0.0000E+00
  0.3593E-07
  0.5000E-01
  0.9500E+00
  0.0000E+00
  0.1907E-07
  0.5000E-01
  0.9500E+00
  0.0000E+00
  0.1016E-07
  0.5000E-01
  0.9500E+00
  0.0000E+00
  0.5911E-08
  0.5000E-01
  0.9500E+00
  0.0000E+00
  0.3854E-08
  0.5000E-01
  0.9500E+00
  0.0000E+00
  0.2688E-08
  0.5000E-01
  0.9500E+00
  0.0000E+00
  0.2011E-08
  0.5000E-01
  0.9500E+00
  0.0000E+00
  0.1628E-08
  0.5000E-01
  0.9500E+00
  0.0000E+00
  0.1351E-08
  0.5000E-01
  0.9500E+00
  0.0000E+00
  0.1145E-08
  0.5000E-01
  0.9500E+00
  0.0000E+00
  0.1106E-08
  0.5000E-01
  0.9500E+00
  0.0000E+00
  0.1039E-08
  0.5000E-01
  0.9500E+00
  0.0000E+00
  0.1039E-08
  0.5000E-01
  0.9500E+00
  0.0000E+00
  0.1039E-08
  0.5000E-01
  0.9500E+00
  0.0000E+00
  0.1039E-08
  0.5000E-01
  0.9500E+00
  0.0000E+00
  0.1039E-08
  0.5000E-01
  0.9500E+00
  0.0000E+00
  0.1039E-08
  0.5000E-01
  0.9500E+00
  0.0000E+00
  0.1039E-08
  0.5000E-01
  0.9500E+00
  0.0000E+00
  0.1039E-08
  0.5000E-01
  0.9500E+00
  0.0000E+00
  0.1039E-08
  0.5000E-01
  0.9500E+00
  0.0000E+00
  0.1039E-08
  0.5000E-01
  0.9500E+00
  0.0000E+00
  0.1039E-08
  0.5000E-01
  0.9500E+00
  0.0000E+00
  0.1039E-08
  0.5000E-01
  0.9500E+00
  0.0000E+00
  0.1039E-08
  0.5000E-01
  0.9500E+00
  0.0000E+00
  0.1039E-08
  0.5000E-01
  0.9500E+00
  0.0000E+00
  0.1039E-08
  0.5000E-01
  0.9500E+00
  0.0000E+00
  0.1039E-08
  0.5000E-01
  0.9500E+00
  0.0000E+00
  0.1039E-08
  0.5000E-01
  0.9500E+00
  0.0000E+00
  0.1039E-08
  0.5000E-01
  0.9500E+00
  0.0000E+00
  0.1039E-08
  0.5000E-01
  0.9500E+00
  0.0000E+00
  0.1039E-08
  0.5000E-01
  0.9500E+00
  0.0000E+00
  0.1039E-08
  0.5000E-01
  0.9500E+00
  0.0000E+00
  0.1039E-08
  0.5000E-01
  0.9500E+00
  0.0000E+00
  0.1039E-08
  0.5000E-01
  0.9500E+00
  0.0000E+00
  0.1039E-08
  0.5000E-01
  0.9500E+00
  0.0000E+00
  0.1039E-08
  0.5000E-01
  0.9500E+00
  0.0000E+00
  0.1039E-08
  0.5000E-01
  0.9500E+00
  0.0000E+00
  0.1039E-08
  0.5000E-01
  0.9500E+00
  0.0000E+00
  0.1039E-08
  0.5000E-01
  0.9500E+00
  0.0000E+00
  0.1039E-08
  0.5000E-01
  0.9500E+00
  0.0000E+00
  0.1039E-08
  0.5000E-01
  0.9500E+00
  0.0000E+00
  0.1039E-08
  0.5000E-01
  0.9500E+00
  0.0000E+00
  0.1039E-08
  0.5000E-01
  0.9500E+00
  0.0000E+00
  0.1039E-08
  0.5000E-01
  0.9500E+00
  0.0000E+00
  0.1039E-08
  0.5000E-01
  0.9500E+00
  0.0000E+00
  0.1039E-08
  0.5000E-01
  0.9500E+00
  0.0000E+00
  0.1039E-08
