 height of levels
  0.0000E+00
  0.4737E+03
  0.9221E+03
  0.1347E+04
  0.1749E+04
  0.2132E+04
  0.2496E+04
  0.2845E+04
  0.3181E+04
  0.3506E+04
  0.3823E+04
  0.4134E+04
  0.4439E+04
  0.4742E+04
  0.5043E+04
  0.5345E+04
  0.5648E+04
  0.5954E+04
  0.6265E+04
  0.6581E+04
  0.6905E+04
  0.7236E+04
  0.7577E+04
  0.7928E+04
  0.8290E+04
  0.8663E+04
  0.9050E+04
  0.9451E+04
  0.9867E+04
  0.1030E+05
  0.1075E+05
  0.1122E+05
  0.1171E+05
  0.1223E+05
  0.1278E+05
  0.1335E+05
  0.1397E+05
  0.1462E+05
  0.1533E+05
  0.1609E+05
  0.1691E+05
  0.1782E+05
  0.1881E+05
  0.1993E+05
  0.2118E+05
  0.2261E+05
  0.2427E+05
  0.2620E+05
  0.2833E+05
  0.2995E+05
  0.3060E+05
