 height of levels
  0.0000E+00
  0.6065E+04
  0.1227E+05
  0.1830E+05
  0.2404E+05
  0.2945E+05
  0.3453E+05
  0.3931E+05
  0.4383E+05
  0.4811E+05
  0.5219E+05
  0.5610E+05
  0.5987E+05
  0.6353E+05
  0.6708E+05
  0.7056E+05
  0.7398E+05
  0.7736E+05
  0.8070E+05
  0.8403E+05
  0.8733E+05
  0.9063E+05
  0.9391E+05
  0.9719E+05
  0.1005E+06
  0.1038E+06
  0.1071E+06
  0.1104E+06
  0.1138E+06
  0.1172E+06
  0.1206E+06
  0.1241E+06
  0.1277E+06
  0.1314E+06
  0.1353E+06
  0.1393E+06
  0.1436E+06
  0.1481E+06
  0.1529E+06
  0.1581E+06
  0.1639E+06
  0.1701E+06
  0.1770E+06
  0.1848E+06
  0.1935E+06
  0.2037E+06
  0.2156E+06
  0.2300E+06
  0.2479E+06
  0.2683E+06
  0.2738E+06
