 Spectral outgoing shortwave flux [W/m2/cm^-1]
  0.0000E+00
  0.5549E-16
  0.8216E-15
  0.4052E-14
  0.1264E-13
  0.3292E-13
  0.8657E-13
  0.2168E-12
  0.4817E-12
  0.9722E-12
  0.1820E-11
  0.3204E-11
  0.5396E-11
  0.8680E-11
  0.1348E-10
  0.2022E-10
  0.2978E-10
  0.4259E-10
  0.5981E-10
  0.8247E-10
  0.1117E-09
  0.1489E-09
  0.1959E-09
  0.2552E-09
  0.3274E-09
  0.4200E-09
  0.5267E-09
  0.6594E-09
  0.8203E-09
  0.1007E-08
  0.1229E-08
  0.1493E-08
  0.1800E-08
  0.2154E-08
  0.2550E-08
  0.3066E-08
  0.3626E-08
  0.4261E-08
  0.5016E-08
  0.5819E-08
  0.6709E-08
  0.7817E-08
  0.9026E-08
  0.1039E-07
  0.1186E-07
  0.1376E-07
  0.1542E-07
  0.1735E-07
  0.1970E-07
  0.2221E-07
  0.2505E-07
  0.2817E-07
  0.3153E-07
  0.3541E-07
  0.3934E-07
  0.4350E-07
  0.4848E-07
  0.5425E-07
  0.5969E-07
  0.6440E-07
  0.7142E-07
  0.7876E-07
  0.8554E-07
  0.9693E-07
  0.1046E-06
  0.1119E-06
  0.1161E-06
  0.1283E-06
  0.1337E-06
  0.1619E-06
  0.1671E-06
  0.1770E-06
  0.1843E-06
  0.1996E-06
  0.2226E-06
  0.2464E-06
  0.2596E-06
  0.2615E-06
  0.2644E-06
  0.2901E-06
  0.3112E-06
  0.3237E-06
  0.3508E-06
  0.3668E-06
  0.3932E-06
  0.4176E-06
  0.4467E-06
  0.4662E-06
  0.5010E-06
  0.5316E-06
  0.5941E-06
  0.6718E-06
  0.7927E-06
  0.8598E-06
  0.9910E-06
  0.1048E-05
  0.1101E-05
  0.1186E-05
  0.1235E-05
  0.1326E-05
  0.1414E-05
  0.1483E-05
  0.3285E-05
  0.1644E-05
  0.1750E-05
  0.1839E-05
  0.1922E-05
  0.2058E-05
  0.2168E-05
  0.2259E-05
  0.2381E-05
  0.2529E-05
  0.2660E-05
  0.2760E-05
  0.2946E-05
  0.3143E-05
  0.3206E-05
  0.3435E-05
  0.3538E-05
  0.3772E-05
  0.3821E-05
  0.4112E-05
  0.4196E-05
  0.4439E-05
  0.4765E-05
  0.4902E-05
  0.5110E-05
  0.5363E-05
  0.5518E-05
  0.5776E-05
  0.6141E-05
  0.6280E-05
  0.6561E-05
  0.6701E-05
  0.7078E-05
  0.7288E-05
  0.7241E-05
  0.7875E-05
  0.8219E-05
  0.8369E-05
  0.8695E-05
  0.9049E-05
  0.8679E-05
  0.8925E-05
  0.9416E-05
  0.1023E-04
  0.1019E-04
  0.1075E-04
  0.1010E-04
  0.1046E-04
  0.1025E-04
  0.1049E-04
  0.1067E-04
  0.1208E-04
  0.1238E-04
  0.1202E-04
  0.1198E-04
  0.1117E-04
  0.1100E-04
  0.1089E-04
  0.1086E-04
  0.1305E-04
  0.1637E-04
  0.1575E-04
  0.1653E-04
  0.1632E-04
  0.1826E-04
  0.1864E-04
  0.1764E-04
  0.2053E-04
  0.1972E-04
  0.2464E-04
  0.2245E-04
  0.7039E-04
  0.7045E-04
  0.1836E-03
  0.2283E-03
  0.3403E-04
  0.1553E-03
  0.1971E-03
  0.5735E-04
  0.3917E-04
  0.3928E-04
  0.4040E-04
  0.4142E-04
  0.4278E-04
  0.4432E-04
  0.4601E-04
  0.4680E-04
  0.4705E-04
  0.4909E-04
  0.4981E-04
  0.5107E-04
  0.5324E-04
  0.5381E-04
  0.5652E-04
  0.5782E-04
  0.5863E-04
  0.6125E-04
  0.6288E-04
  0.6406E-04
  0.6371E-04
  0.6477E-04
  0.7103E-04
  0.7079E-04
  0.7075E-04
  0.7654E-04
  0.7633E-04
  0.8059E-04
  0.8229E-04
  0.8458E-04
  0.8458E-04
  0.8646E-04
  0.8854E-04
  0.9128E-04
  0.9303E-04
  0.9419E-04
  0.9692E-04
  0.1003E-03
  0.1037E-03
  0.1053E-03
  0.1072E-03
  0.1061E-03
  0.1148E-03
  0.1092E-03
  0.1142E-03
  0.1195E-03
  0.1190E-03
  0.1204E-03
  0.1253E-03
  0.1252E-03
  0.1237E-03
  0.1331E-03
  0.1367E-03
  0.1204E-03
  0.1380E-03
  0.2170E-03
  0.1518E-03
  0.1476E-03
  0.1470E-03
  0.1426E-03
  0.1485E-03
  0.1552E-03
  0.1516E-03
  0.1515E-03
  0.1613E-03
  0.1564E-03
  0.1512E-03
  0.1772E-03
  0.1512E-03
  0.1530E-03
  0.1673E-03
  0.1609E-03
  0.1551E-03
  0.1778E-03
  0.1784E-03
  0.1727E-03
  0.2641E-03
  0.1825E-03
  0.1817E-03
  0.1779E-03
  0.1829E-03
  0.1855E-03
  0.1782E-03
  0.1754E-03
  0.1882E-03
  0.1754E-03
  0.1909E-03
  0.1849E-03
  0.1793E-03
  0.1814E-03
  0.1845E-03
  0.1869E-03
  0.1779E-03
  0.1808E-03
  0.1880E-03
  0.1988E-03
  0.1957E-03
  0.2008E-03
  0.1972E-03
  0.1937E-03
  0.1949E-03
  0.2006E-03
  0.2010E-03
  0.2045E-03
  0.2107E-03
  0.2078E-03
  0.2020E-03
  0.2233E-03
  0.2260E-03
  0.2245E-03
  0.2255E-03
  0.2305E-03
  0.2229E-03
  0.2292E-03
  0.2310E-03
  0.2341E-03
  0.2384E-03
  0.2267E-03
  0.2364E-03
  0.2386E-03
  0.2389E-03
  0.2449E-03
  0.2430E-03
  0.2453E-03
  0.2410E-03
  0.2495E-03
  0.2542E-03
  0.2558E-03
  0.2439E-03
  0.2422E-03
  0.2852E-03
  0.3186E-03
  0.2630E-03
  0.3738E-03
  0.3500E-03
  0.2693E-03
  0.2773E-03
  0.3071E-03
  0.3011E-03
  0.4135E-03
  0.3838E-03
  0.2759E-03
  0.2750E-03
  0.2788E-03
  0.2805E-03
  0.2803E-03
  0.2836E-03
  0.2846E-03
  0.2902E-03
  0.2874E-03
  0.2860E-03
  0.2860E-03
  0.2895E-03
  0.2769E-03
  0.2991E-03
  0.2876E-03
  0.3052E-03
  0.2987E-03
  0.2940E-03
  0.3061E-03
  0.3111E-03
  0.3052E-03
  0.3105E-03
  0.3078E-03
  0.3095E-03
  0.3200E-03
  0.3167E-03
  0.3241E-03
  0.3132E-03
  0.3170E-03
  0.3164E-03
  0.3225E-03
  0.3160E-03
  0.3248E-03
  0.3121E-03
  0.3265E-03
  0.3257E-03
  0.3361E-03
  0.3275E-03
  0.3281E-03
  0.3345E-03
  0.3239E-03
  0.3206E-03
  0.3356E-03
  0.3460E-03
  0.3483E-03
  0.3394E-03
  0.3596E-03
  0.3471E-03
  0.3524E-03
  0.3524E-03
  0.3622E-03
  0.3634E-03
  0.3845E-03
  0.3556E-03
  0.3744E-03
  0.4334E-03
  0.3961E-03
  0.3738E-03
  0.3770E-03
  0.3764E-03
  0.4537E-03
  0.4246E-03
  0.3759E-03
  0.3796E-03
  0.4260E-03
  0.4518E-03
  0.4547E-03
  0.3962E-03
  0.4406E-03
  0.4338E-03
  0.4182E-03
  0.4202E-03
  0.4036E-03
  0.3951E-03
  0.3909E-03
  0.4183E-03
  0.3916E-03
  0.3967E-03
  0.4037E-03
  0.4059E-03
  0.4027E-03
  0.4124E-03
  0.4125E-03
  0.4151E-03
  0.4063E-03
  0.4096E-03
  0.4040E-03
  0.3967E-03
  0.3926E-03
  0.3841E-03
  0.3991E-03
  0.4021E-03
  0.3936E-03
  0.4117E-03
  0.4073E-03
  0.4175E-03
  0.4122E-03
  0.4149E-03
  0.4137E-03
  0.4163E-03
  0.4153E-03
  0.3970E-03
  0.4082E-03
  0.4040E-03
  0.4062E-03
  0.3992E-03
  0.4223E-03
  0.4152E-03
  0.4031E-03
  0.4132E-03
  0.4044E-03
  0.4123E-03
  0.4085E-03
  0.4346E-03
  0.4218E-03
  0.4343E-03
  0.4555E-03
  0.4454E-03
  0.4322E-03
  0.4544E-03
  0.4429E-03
  0.4147E-03
  0.4240E-03
  0.4162E-03
  0.4419E-03
  0.4189E-03
  0.4341E-03
  0.4340E-03
  0.4258E-03
  0.4289E-03
  0.4690E-03
  0.4510E-03
  0.4439E-03
  0.4656E-03
  0.4492E-03
  0.4660E-03
  0.4454E-03
  0.4404E-03
  0.4023E-03
  0.4046E-03
  0.4464E-03
  0.4519E-03
  0.4310E-03
  0.4248E-03
  0.4048E-03
  0.4192E-03
  0.3483E-03
  0.3664E-03
  0.3594E-03
  0.3935E-03
  0.3845E-03
  0.3800E-03
  0.3868E-03
  0.4352E-03
  0.4178E-03
  0.4181E-03
  0.4261E-03
  0.4313E-03
  0.4196E-03
  0.4193E-03
  0.4493E-03
  0.4572E-03
  0.4571E-03
  0.4493E-03
  0.4628E-03
  0.4193E-03
  0.4335E-03
  0.4577E-03
  0.4609E-03
  0.4485E-03
  0.4417E-03
  0.4239E-03
  0.4266E-03
  0.4113E-03
  0.4521E-03
  0.4312E-03
  0.4387E-03
  0.4360E-03
  0.4101E-03
  0.4218E-03
  0.4216E-03
  0.3944E-03
  0.4048E-03
  0.3772E-03
  0.3993E-03
  0.4084E-03
  0.3973E-03
  0.3843E-03
  0.3615E-03
  0.3926E-03
  0.3845E-03
  0.3663E-03
  0.3776E-03
  0.3524E-03
  0.3412E-03
  0.3794E-03
  0.3475E-03
  0.3403E-03
  0.3570E-03
  0.3269E-03
  0.3890E-03
  0.3879E-03
  0.3962E-03
  0.3918E-03
  0.4162E-03
  0.4354E-03
  0.4579E-03
  0.4575E-03
  0.4570E-03
  0.4531E-03
  0.4402E-03
  0.4353E-03
  0.4414E-03
  0.4237E-03
  0.4257E-03
  0.4240E-03
  0.4265E-03
  0.4110E-03
  0.4131E-03
  0.4016E-03
  0.4327E-03
  0.3720E-03
  0.3820E-03
  0.3824E-03
  0.3466E-03
  0.3369E-03
  0.3289E-03
  0.3102E-03
  0.3034E-03
  0.2934E-03
  0.2429E-03
  0.2205E-03
  0.2093E-03
  0.2000E-03
  0.2154E-03
  0.2113E-03
  0.1852E-03
  0.1536E-03
  0.1456E-03
  0.1718E-03
  0.1892E-03
  0.1590E-03
  0.1821E-03
  0.1943E-03
  0.1778E-03
  0.2215E-03
  0.2218E-03
  0.2002E-03
  0.1754E-03
  0.1517E-03
  0.1699E-03
  0.1448E-03
  0.1217E-03
  0.1206E-03
  0.1021E-03
  0.1419E-03
  0.1902E-03
  0.1754E-03
  0.1650E-03
  0.1889E-03
  0.1814E-03
  0.1649E-03
  0.1812E-03
  0.1690E-03
  0.1494E-03
  0.1512E-03
  0.1456E-03
  0.1310E-03
  0.1519E-03
  0.1489E-03
  0.1255E-03
  0.1382E-03
  0.1246E-03
  0.1284E-03
  0.1393E-03
  0.1528E-03
  0.1231E-03
  0.1577E-03
  0.1296E-03
  0.1198E-03
  0.1473E-03
  0.1202E-03
  0.1151E-03
  0.1242E-03
  0.1090E-03
  0.9266E-04
  0.8812E-04
  0.7890E-04
  0.7026E-04
  0.6719E-04
  0.6705E-04
  0.5860E-04
  0.5595E-04
  0.5580E-04
  0.5891E-04
  0.7637E-04
  0.1246E-03
  0.1079E-03
  0.1044E-03
  0.9472E-04
  0.7872E-04
  0.7825E-04
  0.7975E-04
  0.6657E-04
  0.6379E-04
  0.7094E-04
  0.6889E-04
  0.6040E-04
  0.8374E-04
  0.9773E-04
  0.8465E-04
  0.8373E-04
  0.6802E-04
  0.7055E-04
  0.6844E-04
  0.5800E-04
  0.5721E-04
  0.6080E-04
  0.5648E-04
  0.5131E-04
  0.7378E-04
  0.7693E-04
  0.8969E-04
  0.9361E-04
  0.8654E-04
  0.8324E-04
  0.8216E-04
  0.9089E-04
  0.1078E-03
  0.9300E-04
  0.1286E-03
  0.1239E-03
  0.1212E-03
  0.1118E-03
  0.1006E-03
  0.1108E-03
  0.1047E-03
  0.9974E-04
  0.1004E-03
  0.1130E-03
  0.1042E-03
  0.9464E-04
  0.1242E-03
  0.1302E-03
  0.1385E-03
  0.1194E-03
  0.1295E-03
  0.1205E-03
  0.1178E-03
  0.1056E-03
  0.1158E-03
  0.1153E-03
  0.1137E-03
  0.1018E-03
  0.1178E-03
  0.1182E-03
  0.1293E-03
  0.1318E-03
  0.1434E-03
  0.1516E-03
  0.1462E-03
  0.1607E-03
  0.1911E-03
  0.1801E-03
  0.1815E-03
  0.1637E-03
  0.1707E-03
  0.1700E-03
  0.1465E-03
  0.1137E-03
  0.1536E-03
  0.1304E-03
  0.1188E-03
  0.1133E-03
  0.1250E-03
  0.1263E-03
  0.1124E-03
  0.1334E-03
  0.1166E-03
  0.1079E-03
  0.1380E-03
  0.1243E-03
  0.1156E-03
  0.9684E-04
  0.7948E-04
  0.9814E-04
  0.7334E-04
  0.7818E-04
  0.9234E-04
  0.8891E-04
  0.8455E-04
  0.8670E-04
  0.7849E-04
  0.8944E-04
  0.8984E-04
  0.1018E-03
  0.9283E-04
  0.7955E-04
  0.1130E-03
  0.1260E-03
  0.1067E-03
  0.1052E-03
  0.1114E-03
  0.8137E-04
  0.7926E-04
  0.8944E-04
  0.9929E-04
  0.9523E-04
  0.7625E-04
  0.7251E-04
  0.8277E-04
  0.5962E-04
  0.9484E-04
  0.1090E-03
  0.8753E-04
  0.1172E-03
  0.1161E-03
  0.8036E-04
  0.1037E-03
  0.8611E-04
  0.9654E-04
  0.1170E-03
  0.9383E-04
  0.1065E-03
  0.1270E-03
  0.1166E-03
  0.9682E-04
  0.1067E-03
  0.6782E-04
  0.1071E-03
  0.1224E-03
  0.1389E-03
  0.1150E-03
  0.1174E-03
  0.1231E-03
  0.1163E-03
  0.6157E-04
  0.6079E-04
  0.9821E-04
  0.6945E-04
  0.6948E-04
  0.1042E-03
  0.9281E-04
  0.8633E-04
  0.7892E-04
  0.5119E-04
  0.5155E-04
  0.6314E-04
  0.4146E-04
  0.3839E-04
  0.3905E-04
  0.2203E-04
  0.6516E-04
  0.8465E-04
  0.4787E-04
  0.7054E-04
  0.6317E-04
  0.5347E-04
  0.5019E-04
  0.6305E-04
  0.5292E-04
  0.7078E-04
  0.5372E-04
  0.4873E-04
  0.5424E-04
  0.5593E-04
  0.5189E-04
  0.5803E-04
  0.6636E-04
  0.4791E-04
  0.7732E-04
  0.5357E-04
  0.6480E-04
  0.6067E-04
  0.4509E-04
  0.3877E-04
  0.4458E-04
  0.4934E-04
  0.6039E-04
  0.5463E-04
  0.4566E-04
  0.4455E-04
  0.5121E-04
  0.3949E-04
  0.4698E-04
  0.1018E-03
  0.1134E-03
  0.8706E-04
  0.1056E-03
  0.1070E-03
  0.7963E-04
  0.1151E-03
  0.1007E-03
  0.9439E-04
  0.9595E-04
  0.8179E-04
  0.6492E-04
  0.6637E-04
  0.5677E-04
  0.5917E-04
  0.6391E-04
  0.5612E-04
  0.5090E-04
  0.5961E-04
  0.5694E-04
  0.5524E-04
  0.5100E-04
  0.4470E-04
  0.4562E-04
  0.2612E-04
  0.4106E-04
  0.4530E-04
  0.5431E-04
  0.5335E-04
  0.4702E-04
  0.5896E-04
  0.4107E-04
  0.3451E-04
  0.5950E-04
  0.7745E-04
  0.8581E-04
  0.5660E-04
  0.7780E-04
  0.4658E-04
  0.6538E-04
  0.7179E-04
  0.7964E-04
  0.5061E-04
  0.6897E-04
  0.8003E-04
  0.6152E-04
  0.6661E-04
  0.4187E-04
  0.5493E-04
  0.4566E-04
  0.6389E-04
  0.7956E-04
  0.5807E-04
  0.3511E-04
  0.5093E-04
  0.4533E-04
  0.3910E-04
  0.5467E-04
  0.6049E-04
  0.6254E-04
  0.7020E-04
  0.3867E-04
  0.3841E-04
  0.4605E-04
  0.4808E-04
  0.5378E-04
  0.4124E-04
  0.6154E-04
  0.6045E-04
  0.5445E-04
  0.6480E-04
  0.4653E-04
  0.3253E-04
  0.4807E-04
  0.4198E-04
  0.4519E-04
  0.2710E-04
  0.4180E-04
  0.5609E-04
  0.5291E-04
  0.5965E-04
  0.6122E-04
  0.4396E-04
  0.4017E-04
  0.4653E-04
  0.3646E-04
  0.4172E-04
  0.2511E-04
  0.4122E-04
  0.2938E-04
  0.1766E-04
  0.3394E-04
  0.4558E-04
  0.3977E-04
  0.1889E-04
  0.3742E-04
  0.2406E-04
  0.3139E-04
  0.3496E-04
  0.3786E-04
  0.1738E-04
  0.3213E-04
  0.3764E-04
  0.2537E-04
  0.1979E-04
  0.1628E-04
  0.2754E-04
  0.2655E-04
  0.3919E-04
  0.4797E-04
  0.3443E-04
  0.3046E-04
  0.4104E-04
  0.2747E-04
  0.2446E-04
  0.3987E-04
  0.2925E-04
  0.1732E-04
  0.2614E-04
  0.2820E-04
  0.2219E-04
  0.1224E-04
  0.1702E-04
  0.1346E-04
  0.1630E-04
  0.8102E-05
  0.1479E-04
  0.1543E-04
  0.6213E-05
  0.1199E-04
  0.2140E-04
  0.1863E-04
  0.9231E-05
  0.8101E-05
  0.2020E-04
  0.2487E-04
  0.1331E-04
  0.8099E-05
  0.5177E-05
  0.3297E-05
  0.1020E-04
  0.9440E-05
  0.1627E-04
  0.2914E-04
  0.7243E-05
  0.1340E-04
  0.2091E-04
  0.1455E-04
  0.2371E-04
  0.2188E-04
  0.1236E-04
  0.1476E-04
  0.1147E-04
  0.1381E-04
  0.2404E-04
  0.2036E-04
  0.9685E-05
  0.1977E-04
  0.1336E-04
  0.1017E-04
  0.8380E-05
  0.1886E-04
  0.2490E-04
  0.1128E-04
  0.1522E-04
  0.1313E-04
  0.2048E-04
  0.1246E-04
  0.1626E-04
  0.1394E-04
  0.2143E-04
  0.2120E-04
  0.1480E-04
  0.9193E-05
  0.1241E-04
  0.1028E-04
  0.1036E-04
  0.1034E-04
  0.9010E-05
  0.1095E-04
  0.9932E-05
  0.5852E-05
  0.1052E-04
  0.9557E-05
  0.2290E-05
  0.7019E-05
  0.9776E-05
  0.1621E-04
  0.1986E-04
  0.1542E-04
  0.1364E-04
  0.1064E-04
  0.1028E-04
  0.1065E-04
  0.1321E-04
  0.8254E-05
  0.7435E-05
  0.4201E-05
  0.4455E-05
  0.2561E-05
  0.8571E-06
  0.1845E-05
  0.1724E-05
  0.2724E-05
  0.5009E-05
  0.3045E-05
  0.2546E-05
  0.2140E-05
  0.1672E-05
  0.5227E-06
  0.9132E-06
  0.1983E-05
  0.1742E-05
  0.2533E-05
  0.4675E-05
  0.4614E-05
  0.1748E-05
  0.3311E-05
  0.1277E-05
  0.2237E-05
  0.3299E-05
  0.1627E-05
  0.2042E-05
  0.1888E-05
  0.1628E-05
  0.3452E-05
  0.3778E-05
  0.1868E-05
  0.1306E-05
  0.8155E-06
  0.2393E-05
  0.2916E-05
  0.3227E-05
  0.3379E-05
  0.1843E-05
  0.2131E-05
  0.1964E-05
  0.1908E-05
  0.7102E-06
  0.9896E-06
  0.1885E-05
  0.3573E-05
  0.5826E-05
  0.3490E-05
  0.5471E-05
  0.1705E-05
  0.3458E-05
  0.4113E-05
  0.1875E-05
  0.6689E-05
  0.5283E-05
  0.3855E-05
  0.3985E-05
  0.3764E-05
  0.1845E-05
  0.2284E-05
  0.1348E-05
  0.2793E-05
  0.1810E-05
  0.6298E-06
  0.5328E-06
  0.1003E-05
  0.7249E-06
  0.5168E-06
  0.9601E-06
  0.1139E-05
  0.1282E-05
  0.4046E-06
  0.6863E-06
  0.1740E-05
  0.2317E-05
  0.9858E-06
  0.9319E-06
  0.4316E-05
  0.3831E-05
  0.2110E-05
  0.4499E-05
  0.1014E-05
  0.2410E-05
  0.1084E-05
  0.1941E-05
  0.2074E-05
  0.1635E-05
  0.3749E-05
  0.2891E-05
  0.3771E-05
  0.1986E-05
  0.1995E-05
  0.1514E-05
  0.1214E-05
  0.1594E-05
  0.2879E-05
  0.1567E-05
  0.1529E-05
  0.1200E-05
  0.3345E-05
  0.1889E-05
  0.1002E-05
  0.1369E-05
  0.1317E-05
  0.1076E-05
  0.7077E-06
  0.6525E-06
  0.1523E-05
  0.1213E-05
  0.4558E-06
  0.8760E-06
  0.6493E-06
  0.7420E-06
  0.3813E-06
  0.4303E-06
  0.1010E-05
  0.9990E-06
  0.1036E-05
  0.8156E-06
  0.1423E-05
  0.1793E-05
  0.8424E-06
  0.2109E-05
  0.1757E-05
  0.8009E-06
  0.2202E-05
  0.3570E-05
  0.1049E-05
  0.1531E-05
  0.1662E-05
  0.9422E-06
  0.3671E-06
  0.9016E-06
  0.1078E-05
  0.5069E-06
  0.8622E-06
  0.1522E-05
  0.1623E-05
  0.1113E-05
  0.6253E-06
  0.3652E-06
  0.7939E-06
  0.3529E-06
  0.1121E-05
  0.7292E-06
  0.1545E-05
  0.9603E-06
  0.2321E-06
  0.7073E-06
  0.7973E-06
  0.3689E-06
  0.4390E-06
  0.5751E-06
  0.5372E-06
  0.7963E-06
  0.6550E-06
  0.5176E-06
  0.3034E-06
  0.2192E-06
  0.2617E-06
  0.5325E-06
  0.5247E-06
  0.9210E-06
  0.9568E-06
  0.8840E-06
  0.5677E-06
  0.9143E-06
  0.5170E-06
  0.1602E-06
  0.8268E-06
  0.7171E-06
  0.5042E-06
  0.7509E-06
  0.5571E-06
  0.8979E-06
  0.3265E-06
  0.4767E-06
  0.9421E-06
  0.5326E-06
  0.6733E-06
  0.5678E-06
  0.5801E-06
  0.3461E-06
  0.2999E-06
  0.4207E-06
  0.6284E-06
  0.2756E-06
  0.4249E-06
  0.4047E-06
  0.8091E-06
  0.3825E-06
  0.5404E-06
  0.7179E-06
  0.4300E-06
  0.7496E-06
  0.5929E-06
  0.3866E-06
  0.5047E-06
  0.4641E-06
  0.3663E-06
  0.3766E-06
  0.5399E-06
  0.2415E-06
  0.2866E-06
  0.4712E-06
  0.7953E-06
  0.4085E-06
  0.1509E-06
  0.1373E-05
  0.7494E-06
  0.5765E-06
  0.7894E-06
  0.5982E-06
  0.5194E-06
  0.3337E-06
  0.4082E-06
  0.4326E-06
  0.4626E-06
  0.2150E-06
  0.2346E-06
  0.4927E-06
  0.3744E-06
  0.5085E-06
  0.2210E-06
  0.3053E-06
  0.4305E-06
  0.2498E-06
  0.1367E-06
  0.2073E-06
  0.2574E-06
  0.2061E-06
  0.2358E-06
  0.2211E-06
  0.2238E-06
  0.2270E-06
  0.1995E-06
  0.1486E-06
  0.1761E-06
  0.9434E-07
  0.3307E-06
  0.1653E-06
  0.1549E-06
  0.1748E-06
  0.2323E-06
  0.1843E-06
  0.1651E-06
  0.1240E-06
  0.1732E-06
  0.2122E-06
  0.5582E-07
  0.1426E-06
  0.2389E-06
  0.6080E-07
  0.1473E-06
  0.2899E-06
  0.2172E-06
  0.3305E-06
  0.1315E-06
  0.1775E-06
  0.1339E-06
  0.2180E-06
  0.9357E-07
  0.6362E-07
  0.2911E-06
  0.1827E-06
  0.1868E-06
  0.2291E-06
  0.1770E-06
  0.7330E-07
  0.6450E-07
  0.8925E-07
  0.2365E-06
  0.1199E-06
  0.6259E-07
  0.7486E-07
  0.1378E-06
  0.1320E-06
  0.1185E-06
  0.9978E-07
  0.8511E-07
  0.7155E-07
  0.1075E-06
  0.1161E-06
  0.1200E-06
  0.7778E-07
  0.7545E-07
  0.4582E-07
  0.1120E-06
  0.7233E-07
  0.4400E-07
  0.6027E-07
  0.6559E-07
  0.1074E-06
  0.6849E-07
  0.4158E-07
  0.5856E-07
  0.6821E-07
  0.5470E-07
  0.7001E-07
  0.1531E-06
  0.1822E-07
  0.6520E-07
  0.5287E-07
  0.4756E-07
  0.3394E-07
  0.2696E-07
  0.5295E-07
  0.5110E-07
  0.3362E-07
  0.4745E-07
  0.4983E-07
  0.3069E-07
  0.3986E-07
  0.2748E-07
  0.4606E-07
  0.5321E-07
  0.4434E-07
  0.4031E-07
  0.1521E-07
  0.3432E-07
  0.1063E-07
  0.1215E-07
  0.2944E-07
  0.3546E-07
  0.3719E-07
  0.3579E-07
  0.1781E-07
  0.4132E-07
  0.2709E-07
  0.1884E-07
  0.2847E-07
  0.3560E-07
  0.1853E-07
  0.3432E-07
  0.2889E-07
  0.8490E-08
  0.1754E-07
  0.1789E-07
  0.3685E-07
  0.2585E-07
  0.2473E-07
  0.2020E-07
  0.1598E-07
  0.1912E-07
  0.1150E-07
  0.1605E-07
  0.3308E-07
  0.4082E-07
  0.3093E-07
  0.1743E-07
  0.1609E-07
  0.2519E-07
  0.1694E-07
  0.1242E-07
  0.2321E-07
  0.1251E-07
  0.1828E-07
  0.2841E-07
  0.1542E-07
  0.2379E-07
  0.2363E-07
  0.2473E-07
  0.1115E-07
  0.1963E-07
  0.1632E-07
  0.1685E-07
  0.2099E-07
  0.2498E-07
  0.2558E-07
  0.1516E-07
  0.1042E-07
  0.1248E-07
  0.1571E-07
  0.1439E-07
  0.1439E-07
  0.1161E-07
  0.1796E-07
  0.2636E-07
  0.1072E-07
  0.1447E-07
  0.1911E-07
  0.1188E-07
  0.1151E-07
  0.1427E-07
  0.1171E-07
  0.1330E-07
  0.8503E-08
  0.8851E-08
  0.5555E-08
  0.1007E-07
  0.7515E-08
  0.1163E-07
  0.7063E-08
  0.9419E-08
  0.7074E-08
  0.4643E-08
  0.5584E-08
  0.3012E-08
  0.3907E-09
  0.1066E-08
  0.3178E-08
  0.4342E-08
  0.6552E-08
  0.8385E-08
  0.5603E-08
  0.6473E-08
  0.9317E-08
  0.5876E-08
  0.7127E-08
  0.9689E-08
  0.1309E-07
  0.7670E-08
  0.6201E-08
  0.6147E-08
  0.6399E-08
  0.7777E-08
  0.6803E-08
  0.5604E-08
  0.7883E-08
  0.5266E-08
  0.5659E-08
  0.5980E-08
  0.6166E-08
  0.4817E-08
  0.5143E-08
  0.3272E-08
  0.4674E-08
  0.1078E-08
  0.4927E-08
  0.5129E-08
  0.4690E-08
  0.3171E-08
  0.2862E-08
  0.5647E-08
  0.2283E-08
  0.2715E-08
  0.2462E-08
  0.6363E-08
  0.7446E-08
  0.3464E-08
  0.1222E-08
  0.3806E-08
  0.3906E-08
  0.4541E-08
  0.3135E-08
  0.1211E-08
  0.2793E-08
  0.1433E-08
  0.4197E-08
  0.3950E-08
  0.2235E-08
  0.2842E-08
  0.3664E-08
  0.2919E-08
  0.3047E-08
  0.2825E-08
  0.2379E-08
  0.1558E-08
  0.3098E-08
  0.1615E-08
  0.2805E-08
  0.2033E-08
  0.2820E-08
  0.3833E-08
  0.1931E-08
  0.2025E-08
  0.8014E-09
  0.5709E-09
  0.2336E-08
  0.1187E-08
  0.2501E-08
  0.1151E-08
  0.3542E-08
  0.2109E-08
  0.1252E-08
  0.1689E-08
  0.1931E-08
  0.1454E-08
  0.8134E-09
  0.8834E-09
  0.3765E-09
  0.1291E-08
  0.1900E-08
  0.2311E-08
  0.1611E-08
  0.1493E-08
  0.3035E-08
  0.1771E-08
  0.1424E-08
  0.6241E-09
  0.1736E-08
  0.1388E-08
  0.4621E-09
  0.1418E-08
  0.5889E-09
  0.1314E-08
  0.7264E-09
  0.1504E-08
  0.1095E-08
  0.8241E-09
  0.1346E-08
  0.1120E-08
  0.1019E-08
  0.3061E-08
  0.5153E-09
  0.2126E-08
  0.4293E-09
  0.2908E-09
  0.1404E-08
  0.1424E-08
  0.1568E-08
  0.1383E-08
  0.1288E-08
  0.2244E-08
  0.1435E-08
  0.1717E-08
  0.6941E-09
  0.1433E-08
  0.1104E-08
  0.8951E-09
  0.1511E-08
  0.6476E-09
  0.1559E-08
  0.1125E-08
  0.6403E-09
  0.3825E-09
  0.2102E-09
  0.2934E-09
  0.8372E-09
  0.5593E-09
  0.9544E-09
  0.3208E-09
  0.5828E-09
  0.9944E-09
  0.4614E-09
  0.6898E-09
  0.6709E-09
  0.1339E-09
  0.7328E-10
  0.6591E-09
  0.2959E-10
  0.1125E-09
  0.1713E-09
  0.2428E-09
  0.5819E-09
  0.2512E-09
  0.3423E-09
  0.7271E-09
  0.7147E-09
  0.6015E-09
  0.3851E-09
  0.1315E-09
  0.4444E-09
  0.1003E-09
  0.2533E-10
  0.7151E-10
  0.1715E-09
  0.4231E-09
  0.4102E-09
  0.5230E-09
  0.4300E-09
  0.5581E-09
  0.7055E-09
  0.8823E-09
  0.2571E-09
  0.3200E-09
  0.7967E-09
  0.5409E-09
  0.2404E-09
  0.5612E-09
  0.5007E-09
  0.6793E-09
  0.4263E-09
  0.3026E-09
  0.2577E-09
  0.1272E-09
  0.2456E-09
  0.2823E-09
  0.1404E-09
  0.2062E-09
  0.2794E-09
  0.9411E-10
  0.7276E-10
  0.2176E-09
  0.1977E-09
  0.9223E-10
  0.1070E-09
  0.2186E-09
  0.8557E-10
  0.2350E-10
  0.1374E-09
  0.8370E-10
  0.1461E-09
  0.1657E-09
  0.1798E-09
  0.1435E-09
  0.2184E-09
  0.4462E-10
  0.7063E-10
  0.5591E-10
  0.8021E-10
  0.7259E-10
  0.5084E-10
  0.2704E-10
  0.2718E-10
  0.5026E-10
  0.5702E-10
  0.1940E-10
  0.1745E-09
  0.1914E-09
  0.2770E-09
  0.1813E-09
  0.2629E-09
  0.1178E-09
  0.9881E-10
  0.4946E-10
  0.2066E-09
  0.6638E-10
  0.1102E-09
  0.3384E-10
  0.4794E-10
  0.6891E-10
  0.1291E-10
  0.7301E-10
  0.5558E-10
  0.2209E-09
  0.1065E-09
  0.1694E-09
  0.1799E-09
  0.1438E-09
  0.1528E-09
  0.2194E-09
  0.1070E-09
  0.1373E-09
  0.8145E-10
  0.1604E-09
  0.1191E-09
  0.5595E-10
  0.6172E-10
  0.3129E-10
  0.1068E-09
  0.2782E-09
  0.1148E-09
  0.1484E-09
  0.6000E-10
  0.3366E-10
  0.4437E-11
  0.2516E-11
  0.5114E-11
  0.6165E-11
  0.6655E-12
  0.1773E-10
  0.1290E-10
  0.9697E-11
  0.8340E-10
  0.4335E-10
  0.6223E-10
  0.1130E-10
  0.1117E-09
  0.1104E-09
  0.1545E-10
  0.3790E-10
  0.4150E-10
  0.3491E-10
  0.6403E-10
  0.1317E-10
  0.4245E-11
  0.1075E-10
  0.1043E-10
  0.2292E-10
  0.6805E-11
  0.1968E-10
  0.8583E-10
  0.2395E-10
  0.1770E-09
  0.3055E-10
  0.4732E-10
  0.3580E-11
  0.3572E-10
  0.3824E-10
  0.2346E-11
  0.1935E-11
  0.4190E-11
  0.2089E-11
  0.8523E-11
  0.3405E-11
  0.5971E-12
  0.4982E-11
  0.7089E-10
  0.3820E-10
  0.8310E-11
  0.1977E-10
  0.3757E-11
  0.4456E-11
  0.4414E-11
  0.7733E-11
  0.2096E-11
  0.3904E-11
  0.2947E-11
  0.1322E-11
  0.7528E-12
  0.3302E-12
  0.3709E-11
  0.1460E-10
  0.3502E-10
  0.4897E-10
  0.2260E-10
  0.6157E-11
  0.1831E-10
  0.8855E-11
  0.6902E-11
  0.7301E-11
  0.3265E-10
  0.1166E-10
  0.1043E-10
  0.1667E-10
  0.1790E-10
  0.1598E-10
  0.6962E-11
  0.2760E-10
  0.9603E-11
  0.2664E-10
  0.2268E-10
  0.5584E-10
  0.1170E-10
  0.2130E-10
  0.8966E-11
  0.1929E-10
  0.3810E-11
  0.7504E-12
  0.5474E-11
  0.8348E-12
  0.7877E-12
  0.8488E-12
  0.1805E-12
  0.4819E-13
  0.5302E-11
  0.3281E-10
  0.4363E-11
  0.8441E-11
  0.1655E-10
  0.9515E-11
  0.3317E-11
  0.5853E-11
  0.4228E-11
  0.8609E-11
  0.2328E-11
  0.2191E-11
  0.7167E-12
  0.4887E-11
  0.6186E-12
  0.1738E-11
  0.2028E-11
  0.3005E-11
  0.9548E-11
  0.2081E-11
  0.2394E-11
  0.8110E-11
  0.7929E-11
  0.1991E-12
  0.2247E-11
  0.4204E-11
  0.3423E-11
  0.1048E-10
  0.1105E-11
  0.5386E-12
  0.6394E-12
  0.3782E-12
  0.1833E-12
  0.1534E-10
  0.1402E-10
  0.1031E-10
  0.1345E-10
  0.9260E-11
  0.8502E-11
  0.6301E-11
  0.3049E-11
  0.1267E-11
  0.1105E-11
  0.3601E-12
  0.2012E-11
  0.4093E-12
  0.1060E-11
  0.1683E-11
  0.2530E-11
  0.7234E-11
  0.4604E-11
  0.3623E-11
  0.2099E-11
  0.7862E-12
  0.2040E-11
  0.1535E-11
  0.9408E-12
  0.4499E-11
  0.3061E-11
  0.1683E-11
  0.9816E-13
  0.7768E-13
  0.3655E-13
  0.9450E-12
  0.1229E-12
  0.1432E-11
  0.3182E-11
  0.1067E-11
  0.9402E-12
  0.6382E-12
  0.2477E-11
  0.4450E-12
  0.6019E-12
  0.1412E-11
  0.2203E-12
  0.7101E-12
  0.1233E-11
  0.2687E-12
  0.4859E-13
  0.7717E-13
  0.8706E-11
  0.2454E-11
  0.9086E-12
  0.6106E-12
  0.6746E-12
  0.8708E-12
  0.2284E-11
  0.2106E-11
  0.2788E-12
  0.1193E-12
  0.1099E-12
  0.3651E-11
  0.5135E-12
  0.1251E-12
  0.2057E-12
  0.2155E-12
  0.1834E-13
  0.6889E-12
  0.2200E-11
  0.1945E-11
  0.3105E-11
  0.1133E-11
  0.1669E-12
  0.4188E-12
  0.6440E-12
  0.1419E-11
  0.6967E-12
  0.1055E-12
  0.4228E-12
  0.5786E-12
  0.2253E-12
  0.1374E-11
  0.2398E-13
  0.5640E-12
  0.3342E-11
  0.3933E-11
  0.2246E-11
  0.1068E-11
  0.6233E-12
  0.4934E-12
  0.5416E-12
  0.7214E-12
  0.2597E-13
  0.6120E-14
  0.1201E-12
  0.2417E-12
  0.2422E-12
  0.1053E-11
  0.5559E-13
  0.2449E-12
  0.2814E-11
  0.4108E-12
  0.6056E-13
  0.8652E-13
  0.1221E-12
  0.1069E-11
  0.2059E-12
  0.3712E-12
  0.3921E-12
  0.2820E-12
  0.9174E-13
  0.4236E-13
  0.3029E-12
  0.2022E-11
  0.1033E-12
  0.6276E-12
  0.2986E-12
  0.3430E-13
  0.1448E-13
  0.8578E-13
  0.1959E-12
  0.3167E-12
  0.2180E-12
  0.1547E-12
  0.2174E-11
  0.4384E-12
  0.5528E-12
  0.3014E-12
  0.7476E-13
  0.6119E-13
  0.2324E-13
  0.7350E-12
  0.6182E-12
  0.2014E-11
  0.3127E-12
  0.3895E-12
  0.1963E-12
  0.1769E-12
  0.6339E-13
  0.2153E-12
  0.2901E-12
  0.9402E-13
  0.5857E-12
  0.5415E-12
  0.6078E-12
  0.1576E-12
  0.9717E-13
  0.4186E-12
  0.2177E-12
  0.2036E-12
  0.1057E-11
  0.3257E-12
  0.9619E-13
  0.9623E-13
  0.2721E-12
  0.2215E-12
  0.2971E-12
  0.3712E-12
  0.2470E-12
  0.1238E-12
  0.1296E-12
  0.4170E-12
  0.1143E-12
  0.1405E-12
  0.1115E-12
  0.6835E-13
  0.5246E-13
  0.7399E-13
  0.4652E-13
  0.8154E-13
  0.8175E-13
  0.8724E-13
  0.9229E-13
  0.2851E-12
  0.2026E-12
  0.2893E-12
  0.9384E-13
  0.1753E-12
  0.2687E-12
  0.2133E-12
  0.2230E-12
  0.1366E-12
  0.9885E-13
  0.6462E-13
  0.1146E-12
  0.1606E-12
  0.4830E-13
  0.8890E-13
  0.1189E-12
  0.1493E-12
  0.1079E-12
  0.1074E-12
  0.1390E-12
  0.3911E-13
  0.1295E-12
  0.1606E-12
  0.1396E-12
  0.6630E-13
  0.1395E-12
  0.2246E-12
  0.1786E-12
  0.5858E-13
  0.8253E-13
  0.3934E-13
  0.3596E-13
  0.8744E-13
  0.7656E-13
  0.5027E-13
  0.8737E-13
  0.1175E-12
  0.1212E-12
  0.5869E-13
  0.1549E-12
  0.4952E-13
  0.3371E-13
  0.1300E-12
  0.1317E-12
  0.1448E-12
  0.5103E-13
  0.9832E-13
  0.1898E-12
  0.1292E-12
  0.4883E-13
  0.8522E-13
  0.7744E-13
  0.9440E-13
  0.2035E-13
  0.9657E-13
  0.1546E-12
  0.5268E-13
  0.6010E-12
