 Flux gradient longwave
       10.1155
        9.4803
       10.6324
       13.0720
       10.0043
        4.5712
        1.5460
        1.2501
        1.1562
        1.0470
        0.9593
        0.8902
        0.8361
        0.7814
        0.7465
        0.7500
        0.7453
        0.7385
        0.7328
        0.7220
        0.7455
        0.7269
        0.7384
        0.7770
        0.7657
        0.8113
        0.8331
        0.8703
        0.8710
        0.9204
        0.9184
        0.9088
        0.9282
        0.8721
        0.8573
        0.8599
        0.8063
        0.8145
        0.7815
        0.7693
        0.8583
        0.9966
        0.9844
        0.7835
        0.6623
        0.9532
        0.7443
        0.4387
        0.1603
        0.0139
