 Downwards broadband flux at each level [W/m2]
      352.3053
      342.8266
      324.9207
      304.3617
      284.4939
      266.4979
      250.5145
      235.9539
      222.6033
      209.7213
      197.1741
      184.8913
      172.8676
      161.1276
      149.7032
      138.6202
      127.8896
      117.5177
      107.5155
       97.9013
       88.6969
       79.9223
       71.5954
       63.7358
       56.3613
       49.4892
       43.1466
       37.3606
       32.1281
       27.4040
       23.1704
       19.4749
       16.3768
       13.9281
       12.2014
       10.7096
        9.2835
        7.9586
        6.8082
        5.9406
        5.3670
        4.8847
        4.1699
        3.1497
        2.1069
        1.2732
        0.6697
        0.3178
        0.1458
        0.0528
        0.0000
