 Longwave optical depth [dimless]
  0.5309E+03
  0.3875E+05
  0.1161E+06
  0.5621E+06
  0.1922E+07
  0.1214E+07
  0.3674E+07
  0.1701E+07
  0.1482E+07
  0.1465E+07
  0.3822E+06
  0.3504E+06
  0.3225E+06
  0.1801E+06
  0.1929E+06
  0.1335E+06
  0.1541E+05
  0.7316E+04
  0.2780E+04
  0.3744E+04
  0.5603E+04
  0.1439E+05
  0.1006E+04
  0.1274E+05
  0.1772E+06
  0.5057E+06
  0.1425E+08
  0.2563E+08
  0.2445E+07
  0.1970E+06
  0.4900E+05
  0.9901E+03
  0.7666E+03
  0.8682E+02
  0.2239E+02
  0.6221E+01
  0.2486E+02
  0.1287E+03
  0.7520E+03
  0.8195E+03
  0.1228E+02
  0.1244E+03
  0.1102E+04
  0.1568E+04
  0.4141E+02
  0.2729E+01
  0.2501E+02
  0.5804E+02
  0.1659E+02
  0.1248E+03
  0.2168E+03
  0.2700E+03
  0.8928E+02
  0.3854E+03
  0.1311E+04
  0.8056E+04
  0.1141E+05
  0.1081E+05
  0.2821E+05
  0.7168E+05
  0.5975E+05
  0.9079E+05
  0.6237E+05
  0.2865E+06
  0.8549E+04
  0.5523E+05
  0.4149E+06
  0.8255E+05
  0.1924E+06
  0.1757E+05
  0.1207E+06
  0.2390E+05
  0.2379E+05
  0.2057E+05
  0.3158E+04
  0.1639E+04
  0.2779E+04
  0.2472E+04
  0.6362E+03
  0.2600E+03
  0.2288E+03
  0.7400E+03
  0.1999E+05
  0.1900E+06
  0.1021E+04
  0.7550E+03
  0.7522E+02
  0.1377E+02
  0.1843E+03
  0.1675E+05
  0.9889E+06
  0.7952E+07
  0.1334E+08
  0.2786E+09
  0.2074E+09
  0.6191E+08
  0.3803E+05
  0.3507E+02
  0.4422E+02
  0.2981E+02
  0.2615E+02
  0.2127E+02
  0.1337E+01
  0.7426E+01
  0.1230E+03
  0.1445E+03
  0.2135E+02
  0.1702E+02
  0.3013E+01
  0.1216E+02
  0.2341E+02
  0.2821E+02
  0.2349E+02
  0.1191E+02
  0.2629E+01
  0.3843E+01
  0.7258E+01
  0.6210E+01
  0.1512E+02
  0.1788E+03
  0.1688E+03
  0.4051E+03
  0.2421E+03
  0.8993E+03
  0.1713E+04
  0.1046E+04
  0.1108E+03
  0.1844E+04
  0.3084E+03
  0.1063E+04
  0.6431E+03
  0.1092E+04
  0.2953E+03
  0.5844E+03
  0.1065E+04
  0.3400E+03
  0.5914E+03
  0.7682E+03
  0.5548E+03
  0.2227E+04
  0.2385E+05
  0.2258E+05
  0.1220E+06
  0.6373E+06
  0.4202E+07
  0.5806E+07
  0.1797E+06
  0.6029E+06
  0.6034E+07
  0.7715E+07
  0.3902E+06
  0.2879E+05
  0.1628E+06
  0.5245E+05
  0.3352E+06
  0.2599E+05
  0.7022E+05
  0.8374E+04
  0.5804E+04
  0.6060E+03
  0.3639E+03
  0.4784E+03
  0.1468E+03
  0.2595E+03
  0.2004E+03
  0.4229E+02
  0.5972E+02
  0.1408E+02
  0.2877E+02
  0.4339E+01
  0.1892E+02
  0.1447E+01
  0.3283E+01
  0.4712E+00
  0.4581E+00
  0.2723E+00
  0.2474E+00
  0.2248E+01
  0.3949E+00
  0.3092E+00
  0.9303E+00
  0.1670E+01
  0.4526E+01
  0.1134E+02
  0.2164E+02
  0.8019E+02
  0.1357E+03
  0.5066E+01
  0.1315E+02
  0.1160E+03
  0.2045E+03
  0.6788E+03
  0.1527E+04
  0.1895E+05
  0.6941E+04
  0.1826E+05
  0.2073E+04
  0.2587E+04
  0.9408E+05
  0.4880E+05
  0.4462E+05
  0.2290E+03
  0.8397E+03
  0.2338E+05
  0.5894E+05
  0.9079E+04
  0.1077E+04
  0.1908E+04
  0.3702E+04
  0.4745E+04
  0.1116E+05
  0.2996E+04
  0.3569E+04
  0.1419E+05
  0.2631E+05
  0.1219E+05
  0.7800E+04
  0.3870E+05
  0.3067E+04
  0.2224E+04
  0.4625E+04
  0.5599E+03
  0.9093E+03
  0.1447E+03
  0.2731E+03
  0.6040E+02
  0.1172E+02
  0.3571E+02
  0.6031E+01
  0.8696E+01
  0.3447E+01
  0.2056E+01
  0.4082E+01
  0.3433E+01
  0.5660E+01
  0.5651E+01
  0.5017E+00
  0.1072E+01
  0.2425E+01
  0.4388E+01
  0.1281E+02
  0.1489E+02
  0.9222E+02
  0.8664E+02
  0.6512E+02
  0.1544E+02
  0.1101E+02
  0.8427E+02
  0.9039E+03
  0.5950E+03
  0.5124E+03
  0.5485E+01
  0.7354E+02
  0.2307E+04
  0.1804E+04
  0.1307E+03
  0.1929E+01
  0.4979E+00
  0.2127E+01
  0.9310E+02
  0.6858E+02
  0.8345E+02
  0.2617E+02
  0.4389E+01
  0.1163E+02
  0.3319E+02
  0.3434E+02
  0.8049E+02
  0.1464E+03
  0.1220E+03
  0.6325E+03
  0.1162E+03
  0.1511E+04
  0.1433E+03
  0.8348E+02
  0.1618E+03
  0.3845E+03
  0.1687E+04
  0.5508E+04
  0.8834E+04
  0.8766E+03
  0.5810E+03
  0.1501E+04
  0.1182E+04
  0.4934E+04
  0.1071E+04
  0.1503E+04
  0.7114E+04
  0.1294E+05
  0.9582E+04
  0.6583E+04
  0.1967E+04
  0.7240E+04
  0.1183E+05
  0.1278E+05
  0.6236E+04
  0.1754E+04
  0.2600E+03
  0.1373E+03
  0.1118E+03
  0.1959E+03
  0.5369E+02
  0.3045E+02
  0.8411E+02
  0.9116E+02
  0.3428E+02
  0.1428E+02
  0.3209E+01
  0.7310E+01
  0.1756E+02
  0.1058E+02
  0.6708E+00
  0.3722E+00
  0.1383E+01
  0.2578E+00
  0.3478E+00
  0.1337E+01
  0.1047E+01
  0.5938E+00
  0.6104E+00
  0.2464E+00
  0.2898E+00
  0.2273E+01
  0.3467E+01
  0.7541E+01
  0.1043E+02
  0.2274E+02
  0.2347E+03
  0.5325E+03
  0.1181E+02
  0.5972E+02
  0.1857E+03
  0.5573E+03
  0.1119E+02
  0.5693E+01
  0.1644E+02
  0.6575E+01
  0.6407E+01
  0.1777E+02
  0.9505E+01
  0.7962E+01
  0.2794E+02
  0.9010E+01
  0.1591E+02
  0.2580E+02
  0.4985E+02
  0.9795E+02
  0.6335E+03
  0.3358E+03
  0.9277E+03
  0.3792E+03
  0.1480E+03
  0.4364E+03
  0.4654E+03
  0.4948E+03
  0.6389E+03
  0.8661E+03
  0.2205E+03
  0.4565E+03
  0.7934E+02
  0.3850E+02
  0.1023E+02
  0.2926E+02
  0.9995E+01
  0.6489E+01
  0.4232E+01
  0.3862E+01
  0.4571E+01
  0.2433E+02
  0.4095E+01
  0.2453E+01
  0.6358E+01
  0.6038E+01
  0.7725E+00
  0.8141E+00
  0.4199E+01
  0.3302E+01
  0.3575E+00
  0.6268E+00
  0.2044E+01
  0.8123E+01
  0.2684E+02
  0.3034E+00
  0.4441E+00
  0.2409E+01
  0.1392E+01
  0.4410E+00
  0.2950E+00
  0.3038E+00
  0.6733E+00
  0.3786E+00
  0.3763E+00
  0.4412E+00
  0.4614E+00
  0.5654E+00
  0.9603E+00
  0.2177E+01
  0.4713E+00
  0.1268E+01
  0.3056E+01
  0.6441E+00
  0.6897E+00
  0.7255E+00
  0.5672E+00
  0.8360E+00
  0.2376E+01
  0.7647E+01
  0.3185E+01
  0.1131E+02
  0.6180E+01
  0.2541E+02
  0.3011E+02
  0.3144E+02
  0.1033E+02
  0.2637E+02
  0.1977E+02
  0.5501E+02
  0.3708E+02
  0.5202E+02
  0.8099E+02
  0.1590E+03
  0.3168E+03
  0.1168E+03
  0.8382E+02
  0.4896E+03
  0.6378E+02
  0.6387E+03
  0.2907E+03
  0.2787E+03
  0.5391E+03
  0.4994E+02
  0.1818E+02
  0.1870E+02
  0.1008E+02
  0.9769E+01
  0.8340E+01
  0.1104E+02
  0.1044E+02
  0.1618E+02
  0.1678E+02
  0.2020E+02
  0.2604E+02
  0.1785E+02
  0.3924E+02
  0.5487E+02
  0.4811E+02
  0.1198E+02
  0.4404E+01
  0.1222E+01
  0.1291E+01
  0.1172E+01
  0.7030E+00
  0.5613E+00
  0.7887E+00
  0.8748E+00
  0.5913E+00
  0.5924E+00
  0.5946E+00
  0.9428E+00
  0.1249E+01
  0.3379E+01
  0.5610E+00
  0.5751E+00
  0.5780E+00
  0.5805E+00
  0.6550E+00
  0.7034E+00
  0.7372E+00
  0.1355E+01
  0.8837E+00
  0.1019E+01
  0.8560E+00
  0.7200E+00
  0.9156E+00
  0.1405E+01
  0.1416E+01
  0.1452E+01
  0.1455E+01
  0.2865E+01
  0.2291E+01
  0.4007E+01
  0.3896E+01
  0.7221E+01
  0.3945E+02
  0.1751E+02
  0.8879E+01
  0.1994E+02
  0.2861E+01
  0.4106E+02
  0.1025E+02
  0.1200E+02
  0.1337E+02
  0.5264E+01
  0.2534E+01
  0.2692E+01
  0.1162E+01
  0.1082E+01
  0.2042E+01
  0.2602E+01
  0.1971E+01
  0.1770E+01
  0.1302E+01
  0.5142E+01
  0.1132E+01
  0.2897E+01
  0.1579E+01
  0.1697E+01
  0.2107E+01
  0.1283E+01
  0.9298E+00
  0.1069E+01
  0.2106E+01
  0.8553E+00
  0.8701E+00
  0.8861E+00
  0.8726E+00
  0.8780E+00
  0.8855E+00
  0.8936E+00
  0.8981E+00
  0.9040E+00
  0.9114E+00
  0.9181E+00
  0.9250E+00
  0.9349E+00
  0.9428E+00
  0.9488E+00
  0.9650E+00
  0.9674E+00
  0.9818E+00
  0.9830E+00
  0.9897E+00
  0.9993E+00
  0.1016E+01
  0.1033E+01
  0.1044E+01
  0.1063E+01
  0.1110E+01
  0.1124E+01
  0.1508E+01
  0.1482E+01
  0.1520E+01
  0.2154E+01
  0.5758E+01
  0.2335E+01
  0.7925E+01
  0.4692E+01
  0.4940E+01
  0.1187E+02
  0.9155E+01
  0.1233E+02
  0.3854E+02
  0.4172E+02
  0.1475E+02
  0.3680E+01
  0.6202E+02
  0.2096E+02
  0.1142E+02
  0.3531E+01
  0.2908E+01
  0.2221E+01
  0.1620E+01
  0.1971E+01
  0.2201E+01
  0.1991E+01
  0.2033E+01
  0.2720E+01
  0.2271E+01
  0.2615E+01
  0.4530E+01
  0.3795E+01
  0.5371E+01
  0.5297E+01
  0.1797E+01
  0.2888E+01
  0.5699E+01
  0.5644E+01
  0.4098E+01
  0.1638E+01
  0.1513E+01
  0.1463E+01
  0.1429E+01
  0.1530E+01
  0.1469E+01
  0.1493E+01
  0.1471E+01
  0.1502E+01
  0.1476E+01
  0.1503E+01
  0.1504E+01
  0.1501E+01
  0.1510E+01
  0.1520E+01
  0.1530E+01
  0.1540E+01
  0.1551E+01
  0.1561E+01
  0.1573E+01
  0.1633E+01
  0.1622E+01
  0.1647E+01
  0.1643E+01
  0.1651E+01
  0.1794E+01
  0.1692E+01
  0.1744E+01
  0.1798E+01
  0.1925E+01
  0.2370E+01
  0.2400E+01
  0.3235E+01
  0.2168E+01
  0.2504E+01
  0.3056E+01
  0.2367E+01
  0.2191E+01
  0.3112E+01
  0.3258E+01
  0.2730E+01
  0.2134E+01
  0.2015E+01
  0.1906E+01
  0.2055E+01
  0.1943E+01
  0.1944E+01
  0.1941E+01
  0.1970E+01
  0.1988E+01
  0.1972E+01
  0.1988E+01
  0.2027E+01
  0.2060E+01
  0.2628E+01
  0.2080E+01
  0.2036E+01
  0.2248E+01
  0.2175E+01
  0.2152E+01
  0.2158E+01
  0.2079E+01
  0.2078E+01
  0.2095E+01
  0.2101E+01
  0.2115E+01
  0.2129E+01
  0.2140E+01
  0.2154E+01
  0.2166E+01
  0.2179E+01
  0.2193E+01
  0.2206E+01
  0.2220E+01
  0.2235E+01
  0.2247E+01
  0.2261E+01
  0.2276E+01
  0.2291E+01
  0.2308E+01
  0.2322E+01
  0.2336E+01
  0.2363E+01
  0.2374E+01
  0.2398E+01
  0.2443E+01
  0.2584E+01
  0.2502E+01
  0.2620E+01
  0.3196E+01
  0.2772E+01
  0.3153E+01
  0.3052E+01
  0.3888E+01
  0.4292E+01
  0.3368E+01
  0.3133E+01
  0.4082E+01
  0.3890E+01
  0.4410E+01
  0.4444E+01
  0.6005E+01
  0.3389E+01
  0.2885E+01
  0.2815E+01
  0.2789E+01
  0.2758E+01
  0.2766E+01
  0.2760E+01
  0.2793E+01
  0.2802E+01
  0.2830E+01
  0.2828E+01
  0.2840E+01
  0.2941E+01
  0.3016E+01
  0.3103E+01
  0.2992E+01
  0.3272E+01
  0.3007E+01
  0.3067E+01
  0.3353E+01
  0.3014E+01
  0.3202E+01
  0.3358E+01
  0.3445E+01
  0.3116E+01
  0.3068E+01
  0.3082E+01
  0.3096E+01
  0.3112E+01
  0.3126E+01
  0.3153E+01
  0.3169E+01
  0.3183E+01
  0.3200E+01
  0.3220E+01
  0.3232E+01
  0.3250E+01
  0.3267E+01
  0.3285E+01
  0.3303E+01
  0.3323E+01
  0.3343E+01
  0.3361E+01
  0.3378E+01
  0.3399E+01
  0.3422E+01
  0.3456E+01
  0.3474E+01
  0.3530E+01
  0.3517E+01
  0.3535E+01
  0.3697E+01
  0.3696E+01
  0.3641E+01
  0.3646E+01
  0.3731E+01
  0.3760E+01
  0.4045E+01
  0.3819E+01
  0.3927E+01
  0.3753E+01
  0.3745E+01
  0.3772E+01
  0.3779E+01
  0.3790E+01
  0.3814E+01
  0.3833E+01
  0.3858E+01
  0.3873E+01
  0.3899E+01
  0.3914E+01
  0.3936E+01
  0.3959E+01
  0.3982E+01
  0.4004E+01
  0.4022E+01
  0.4051E+01
  0.4072E+01
  0.4086E+01
  0.4124E+01
  0.4127E+01
  0.4170E+01
  0.4223E+01
  0.4204E+01
  0.4218E+01
  0.4233E+01
  0.4255E+01
  0.4278E+01
  0.4299E+01
  0.4322E+01
  0.4345E+01
  0.4368E+01
  0.4390E+01
  0.4413E+01
  0.4436E+01
  0.4460E+01
  0.4484E+01
  0.4506E+01
  0.4536E+01
  0.4559E+01
  0.4582E+01
  0.4612E+01
  0.4795E+01
  0.4683E+01
  0.4708E+01
  0.4789E+01
  0.4829E+01
  0.5083E+01
  0.5031E+01
  0.5125E+01
  0.5028E+01
  0.5017E+01
  0.4983E+01
  0.5284E+01
  0.5184E+01
  0.5005E+01
  0.5000E+01
  0.5048E+01
  0.5047E+01
  0.5059E+01
  0.5073E+01
  0.5093E+01
  0.5116E+01
  0.5139E+01
  0.5164E+01
  0.5190E+01
  0.5216E+01
  0.5242E+01
  0.5269E+01
  0.5297E+01
  0.5322E+01
  0.5353E+01
  0.5384E+01
  0.5404E+01
  0.5440E+01
  0.5465E+01
  0.5486E+01
  0.5532E+01
  0.5540E+01
  0.5586E+01
  0.5635E+01
  0.5636E+01
  0.5655E+01
  0.5713E+01
  0.5745E+01
  0.5742E+01
  0.5762E+01
  0.5781E+01
  0.5816E+01
  0.5838E+01
  0.5865E+01
  0.5893E+01
  0.5922E+01
  0.5950E+01
  0.5979E+01
  0.6008E+01
  0.6037E+01
  0.6066E+01
  0.6099E+01
  0.6125E+01
  0.6155E+01
  0.6185E+01
  0.6216E+01
  0.6251E+01
  0.6287E+01
  0.6316E+01
  0.6348E+01
  0.6366E+01
  0.6404E+01
  0.6433E+01
  0.6491E+01
  0.6583E+01
  0.6531E+01
  0.6571E+01
  0.6576E+01
  0.6609E+01
  0.6643E+01
  0.6672E+01
  0.6701E+01
  0.6728E+01
  0.6760E+01
  0.6791E+01
  0.6823E+01
  0.6854E+01
  0.6886E+01
  0.6918E+01
  0.6950E+01
  0.6983E+01
  0.7015E+01
  0.7047E+01
  0.7080E+01
  0.7113E+01
  0.7145E+01
  0.7178E+01
  0.7212E+01
  0.7247E+01
  0.7279E+01
  0.7315E+01
  0.7347E+01
  0.7379E+01
  0.7415E+01
  0.7447E+01
  0.7483E+01
  0.7523E+01
  0.7548E+01
  0.7582E+01
  0.7615E+01
  0.7649E+01
  0.7687E+01
  0.7721E+01
  0.7755E+01
  0.7791E+01
  0.7827E+01
  0.7864E+01
  0.7917E+01
  0.7942E+01
  0.7986E+01
  0.8064E+01
  0.8077E+01
  0.8101E+01
  0.8225E+01
  0.8162E+01
  0.8233E+01
  0.8545E+01
  0.8289E+01
  0.8441E+01
  0.8349E+01
  0.8372E+01
  0.8403E+01
  0.8443E+01
  0.8483E+01
  0.8512E+01
  0.8549E+01
  0.8588E+01
  0.8624E+01
  0.8662E+01
  0.8700E+01
  0.8738E+01
  0.8776E+01
  0.8814E+01
  0.8852E+01
  0.8891E+01
  0.8930E+01
  0.8969E+01
  0.9008E+01
  0.9047E+01
  0.9086E+01
  0.9125E+01
  0.9167E+01
  0.9205E+01
  0.9244E+01
  0.9286E+01
  0.9327E+01
  0.9365E+01
  0.9405E+01
  0.9447E+01
  0.9487E+01
  0.9526E+01
  0.9572E+01
  0.9608E+01
  0.9648E+01
  0.9691E+01
  0.9730E+01
  0.9772E+01
  0.9813E+01
  0.9855E+01
  0.9896E+01
  0.9938E+01
  0.9981E+01
  0.1002E+02
  0.1007E+02
  0.1011E+02
  0.1015E+02
  0.1020E+02
  0.1025E+02
  0.1028E+02
  0.1033E+02
  0.1038E+02
  0.1041E+02
  0.1046E+02
  0.1050E+02
  0.1055E+02
  0.1059E+02
  0.1063E+02
  0.1067E+02
  0.1072E+02
  0.1076E+02
  0.1081E+02
  0.1085E+02
  0.1089E+02
  0.1094E+02
  0.1098E+02
  0.1103E+02
  0.1108E+02
  0.1112E+02
  0.1117E+02
  0.1121E+02
  0.1126E+02
  0.1130E+02
  0.1135E+02
  0.1140E+02
  0.1144E+02
  0.1149E+02
  0.1154E+02
  0.1158E+02
  0.1163E+02
  0.1168E+02
  0.1173E+02
  0.1177E+02
  0.1182E+02
  0.1187E+02
  0.1192E+02
  0.1197E+02
  0.1202E+02
  0.1206E+02
  0.1211E+02
  0.1218E+02
  0.1222E+02
  0.1226E+02
  0.1233E+02
  0.1238E+02
  0.1242E+02
  0.1252E+02
  0.1252E+02
  0.1257E+02
  0.1261E+02
  0.1271E+02
  0.1272E+02
  0.1278E+02
  0.1281E+02
  0.1286E+02
  0.1291E+02
  0.1296E+02
  0.1301E+02
  0.1306E+02
  0.1312E+02
  0.1317E+02
  0.1322E+02
  0.1327E+02
  0.1332E+02
  0.1338E+02
  0.1343E+02
  0.1348E+02
  0.1353E+02
  0.1359E+02
  0.1364E+02
  0.1369E+02
  0.1375E+02
  0.1380E+02
  0.1385E+02
  0.1391E+02
  0.1396E+02
  0.1402E+02
  0.1407E+02
  0.1412E+02
  0.1418E+02
  0.1423E+02
  0.1429E+02
  0.1434E+02
  0.1440E+02
  0.1446E+02
  0.1451E+02
  0.1457E+02
  0.1462E+02
  0.1468E+02
  0.1474E+02
  0.1479E+02
  0.1485E+02
  0.1491E+02
  0.1496E+02
  0.1502E+02
  0.1508E+02
  0.1513E+02
  0.1519E+02
  0.1525E+02
  0.1531E+02
  0.1537E+02
  0.1543E+02
  0.1548E+02
  0.1554E+02
  0.1560E+02
  0.1566E+02
  0.1573E+02
  0.1578E+02
  0.1584E+02
  0.1590E+02
  0.1596E+02
  0.1602E+02
  0.1608E+02
  0.1614E+02
  0.1620E+02
  0.1626E+02
  0.1632E+02
  0.1638E+02
  0.1644E+02
  0.1650E+02
  0.1656E+02
  0.1663E+02
  0.1669E+02
  0.1675E+02
  0.1681E+02
  0.1687E+02
  0.1694E+02
  0.1700E+02
  0.1706E+02
  0.1712E+02
  0.1719E+02
  0.1725E+02
  0.1731E+02
  0.1738E+02
  0.1744E+02
  0.1751E+02
  0.1757E+02
  0.1764E+02
  0.1770E+02
  0.1777E+02
  0.1783E+02
  0.1790E+02
  0.1797E+02
  0.1803E+02
  0.1810E+02
  0.1816E+02
  0.1823E+02
  0.1831E+02
  0.1837E+02
  0.1843E+02
  0.1849E+02
  0.1856E+02
  0.1862E+02
  0.1869E+02
  0.1876E+02
  0.1883E+02
  0.1889E+02
  0.1896E+02
  0.1903E+02
  0.1910E+02
  0.1917E+02
  0.1924E+02
  0.1930E+02
  0.1937E+02
  0.1944E+02
  0.1951E+02
  0.1958E+02
  0.1965E+02
  0.1972E+02
  0.1979E+02
  0.1986E+02
  0.1993E+02
  0.2000E+02
  0.2008E+02
  0.2015E+02
  0.2022E+02
  0.2029E+02
  0.2036E+02
  0.2043E+02
  0.2051E+02
  0.2058E+02
  0.2065E+02
  0.2072E+02
  0.2080E+02
  0.2087E+02
  0.2094E+02
  0.2102E+02
  0.2109E+02
  0.2116E+02
  0.2124E+02
  0.2131E+02
  0.2139E+02
  0.2146E+02
  0.2154E+02
  0.2162E+02
  0.2169E+02
  0.2176E+02
  0.2184E+02
  0.2191E+02
  0.2199E+02
  0.2207E+02
  0.2214E+02
  0.2222E+02
  0.2230E+02
  0.2237E+02
  0.2245E+02
  0.2253E+02
  0.2261E+02
  0.2268E+02
  0.2276E+02
  0.2284E+02
  0.2292E+02
  0.2300E+02
  0.2308E+02
  0.2315E+02
  0.2323E+02
  0.2331E+02
  0.2339E+02
  0.2347E+02
  0.2355E+02
  0.2363E+02
  0.2371E+02
  0.2379E+02
  0.2388E+02
  0.2396E+02
  0.2404E+02
  0.2412E+02
  0.2420E+02
  0.2428E+02
  0.2437E+02
  0.2445E+02
  0.2453E+02
  0.2461E+02
  0.2470E+02
  0.2478E+02
  0.2486E+02
  0.2495E+02
  0.2504E+02
  0.2511E+02
  0.2520E+02
  0.2528E+02
  0.2537E+02
  0.2545E+02
  0.2554E+02
  0.2562E+02
  0.2571E+02
  0.2579E+02
  0.2588E+02
  0.2597E+02
  0.2605E+02
  0.2614E+02
  0.2623E+02
  0.2631E+02
  0.2640E+02
  0.2649E+02
  0.2657E+02
  0.2666E+02
  0.2675E+02
  0.2684E+02
  0.2693E+02
  0.2702E+02
  0.2711E+02
  0.2719E+02
  0.2728E+02
  0.2737E+02
  0.2746E+02
  0.2755E+02
  0.2764E+02
  0.2773E+02
  0.2782E+02
  0.2792E+02
  0.2801E+02
  0.2810E+02
  0.2819E+02
  0.2828E+02
  0.2837E+02
  0.2847E+02
  0.2856E+02
  0.2865E+02
  0.2875E+02
  0.2884E+02
  0.2893E+02
  0.2903E+02
  0.2912E+02
  0.2921E+02
  0.2931E+02
  0.2940E+02
  0.2950E+02
  0.2959E+02
  0.2969E+02
  0.2978E+02
  0.2988E+02
  0.2997E+02
  0.3007E+02
  0.3017E+02
  0.3026E+02
  0.3036E+02
  0.3046E+02
  0.3055E+02
  0.3065E+02
  0.3075E+02
  0.3085E+02
  0.3095E+02
  0.3104E+02
  0.3114E+02
  0.3124E+02
  0.3134E+02
  0.3144E+02
  0.3154E+02
  0.3164E+02
  0.3174E+02
  0.3184E+02
  0.3194E+02
  0.3204E+02
  0.3215E+02
  0.3225E+02
  0.3235E+02
  0.3245E+02
  0.3255E+02
  0.3265E+02
  0.3276E+02
  0.3287E+02
  0.3296E+02
  0.3307E+02
  0.3317E+02
  0.3327E+02
  0.3338E+02
  0.3348E+02
  0.3359E+02
  0.3369E+02
  0.3380E+02
  0.3390E+02
  0.3401E+02
  0.3411E+02
  0.3422E+02
  0.3432E+02
  0.3443E+02
  0.3454E+02
  0.3464E+02
  0.3475E+02
  0.3486E+02
  0.3497E+02
  0.3507E+02
  0.3518E+02
  0.3529E+02
  0.3540E+02
  0.3551E+02
  0.3562E+02
  0.3573E+02
  0.3584E+02
  0.3595E+02
  0.3606E+02
  0.3617E+02
  0.3628E+02
  0.3639E+02
  0.3650E+02
  0.3661E+02
  0.3672E+02
  0.3684E+02
  0.3695E+02
  0.3706E+02
  0.3717E+02
  0.3729E+02
  0.3740E+02
  0.3751E+02
  0.3763E+02
  0.3774E+02
  0.3786E+02
  0.3797E+02
  0.3808E+02
  0.3820E+02
  0.3832E+02
  0.3843E+02
  0.3855E+02
  0.3866E+02
  0.3878E+02
  0.3890E+02
  0.3901E+02
  0.3913E+02
  0.3925E+02
  0.3937E+02
  0.3948E+02
  0.3960E+02
  0.3972E+02
  0.3984E+02
  0.3996E+02
  0.4008E+02
  0.4020E+02
  0.4032E+02
  0.4044E+02
  0.4056E+02
  0.4068E+02
  0.4080E+02
  0.4092E+02
  0.4104E+02
  0.4116E+02
  0.4129E+02
  0.4141E+02
  0.4153E+02
  0.4165E+02
  0.4178E+02
  0.4190E+02
  0.4202E+02
  0.4215E+02
  0.4227E+02
  0.4240E+02
  0.4252E+02
  0.4264E+02
  0.4277E+02
  0.4290E+02
  0.4302E+02
  0.4315E+02
  0.4327E+02
  0.4340E+02
  0.4353E+02
  0.4366E+02
  0.4378E+02
  0.4391E+02
  0.4404E+02
  0.4417E+02
  0.4430E+02
  0.4442E+02
  0.4455E+02
  0.4468E+02
  0.4481E+02
  0.4494E+02
  0.4507E+02
  0.4520E+02
  0.4533E+02
  0.4547E+02
  0.4560E+02
  0.4573E+02
  0.4586E+02
  0.4599E+02
  0.4613E+02
  0.4626E+02
  0.4639E+02
  0.4653E+02
  0.4666E+02
  0.4679E+02
  0.4693E+02
  0.4706E+02
  0.4720E+02
  0.4733E+02
  0.4747E+02
  0.4760E+02
  0.4774E+02
  0.4788E+02
  0.4801E+02
  0.4815E+02
  0.4829E+02
  0.4842E+02
  0.4856E+02
  0.4870E+02
  0.4884E+02
  0.4898E+02
  0.4912E+02
  0.4926E+02
  0.4939E+02
  0.4953E+02
  0.4967E+02
  0.4982E+02
  0.4996E+02
  0.5010E+02
  0.5024E+02
  0.5038E+02
  0.5052E+02
  0.5066E+02
  0.5081E+02
  0.5095E+02
  0.5109E+02
  0.5124E+02
  0.5138E+02
  0.5152E+02
  0.5167E+02
  0.5181E+02
  0.5196E+02
  0.5210E+02
  0.5225E+02
  0.5239E+02
  0.5254E+02
  0.5269E+02
  0.5283E+02
  0.5298E+02
  0.5313E+02
  0.5328E+02
  0.5342E+02
  0.5357E+02
  0.5372E+02
  0.5387E+02
  0.5402E+02
  0.5417E+02
  0.5432E+02
  0.5447E+02
  0.5462E+02
  0.5477E+02
  0.5492E+02
  0.5507E+02
  0.5523E+02
  0.5538E+02
  0.5553E+02
  0.5568E+02
  0.5584E+02
  0.5599E+02
  0.5614E+02
  0.5630E+02
  0.5645E+02
  0.5661E+02
  0.5676E+02
  0.5692E+02
  0.5707E+02
  0.5723E+02
  0.5738E+02
  0.5754E+02
  0.5770E+02
  0.5785E+02
  0.5801E+02
  0.5817E+02
  0.5833E+02
  0.5849E+02
  0.5864E+02
  0.5880E+02
  0.5896E+02
  0.5912E+02
  0.5928E+02
  0.5944E+02
  0.5960E+02
  0.5976E+02
  0.5993E+02
  0.6009E+02
  0.6025E+02
  0.6041E+02
  0.6057E+02
  0.6074E+02
  0.6090E+02
  0.6106E+02
  0.6123E+02
  0.6139E+02
  0.6156E+02
  0.6172E+02
  0.6189E+02
  0.6205E+02
  0.6222E+02
  0.6239E+02
  0.6255E+02
  0.6272E+02
  0.6289E+02
  0.6305E+02
  0.6322E+02
  0.6339E+02
  0.6356E+02
  0.6373E+02
  0.6390E+02
  0.6407E+02
  0.6424E+02
  0.6441E+02
  0.6458E+02
  0.6475E+02
  0.6492E+02
  0.6509E+02
  0.6526E+02
  0.6544E+02
  0.6561E+02
  0.6578E+02
  0.6596E+02
  0.6613E+02
  0.6630E+02
  0.6648E+02
  0.6665E+02
  0.6683E+02
  0.6700E+02
  0.6718E+02
  0.6736E+02
  0.6753E+02
  0.6771E+02
  0.6789E+02
  0.6806E+02
  0.6824E+02
  0.6842E+02
  0.6860E+02
  0.6878E+02
  0.6896E+02
  0.6914E+02
  0.6932E+02
  0.6950E+02
  0.6968E+02
  0.6986E+02
  0.7004E+02
  0.7022E+02
  0.7040E+02
  0.7059E+02
  0.7077E+02
  0.7095E+02
  0.7114E+02
  0.7132E+02
  0.7150E+02
  0.7169E+02
  0.7187E+02
  0.7206E+02
  0.7224E+02
  0.7243E+02
  0.7262E+02
  0.7280E+02
  0.7299E+02
  0.7318E+02
  0.7337E+02
  0.7355E+02
  0.7374E+02
  0.7393E+02
  0.7412E+02
  0.7431E+02
  0.7450E+02
  0.7469E+02
  0.7488E+02
  0.7507E+02
  0.7526E+02
  0.7545E+02
  0.7565E+02
  0.7584E+02
  0.7603E+02
  0.7623E+02
  0.7642E+02
  0.7661E+02
  0.7681E+02
  0.7700E+02
  0.7720E+02
  0.7739E+02
  0.7759E+02
  0.7779E+02
  0.7798E+02
  0.7818E+02
  0.7838E+02
  0.7857E+02
  0.7877E+02
  0.7897E+02
  0.7917E+02
  0.7937E+02
  0.7957E+02
  0.7977E+02
  0.7997E+02
  0.8017E+02
  0.8037E+02
  0.8057E+02
  0.8077E+02
  0.8098E+02
  0.8118E+02
  0.8138E+02
  0.8159E+02
  0.8179E+02
  0.8199E+02
  0.8220E+02
  0.8240E+02
  0.8261E+02
  0.8281E+02
  0.8302E+02
  0.8323E+02
  0.8343E+02
  0.8364E+02
  0.8385E+02
  0.8406E+02
  0.8426E+02
  0.8447E+02
  0.8468E+02
  0.8489E+02
  0.8510E+02
  0.8531E+02
  0.8552E+02
  0.8573E+02
  0.8594E+02
  0.8616E+02
  0.8637E+02
  0.8658E+02
  0.8679E+02
  0.8701E+02
  0.8722E+02
  0.8744E+02
  0.8765E+02
  0.8787E+02
  0.8808E+02
  0.8830E+02
  0.8851E+02
  0.8873E+02
  0.8895E+02
  0.8916E+02
  0.8938E+02
  0.8960E+02
  0.8982E+02
  0.9004E+02
  0.9026E+02
  0.9048E+02
  0.9070E+02
  0.9092E+02
  0.9114E+02
  0.9136E+02
  0.9158E+02
  0.9180E+02
  0.9203E+02
  0.9225E+02
  0.9247E+02
  0.9270E+02
  0.9292E+02
  0.9315E+02
  0.9337E+02
  0.9360E+02
  0.9382E+02
  0.9405E+02
  0.9428E+02
  0.9450E+02
  0.9473E+02
  0.9496E+02
  0.9519E+02
  0.9542E+02
  0.9564E+02
  0.9587E+02
  0.9610E+02
  0.9633E+02
  0.9657E+02
  0.9680E+02
  0.9703E+02
  0.9726E+02
  0.9749E+02
  0.9773E+02
  0.9796E+02
  0.9819E+02
  0.9843E+02
  0.9866E+02
  0.9890E+02
  0.9913E+02
  0.9937E+02
  0.9960E+02
  0.9984E+02
  0.1001E+03
  0.1003E+03
  0.1006E+03
  0.1008E+03
  0.1010E+03
  0.1013E+03
  0.1015E+03
  0.1017E+03
  0.1020E+03
  0.1022E+03
  0.1025E+03
  0.1027E+03
  0.1030E+03
  0.1032E+03
  0.1034E+03
  0.1037E+03
  0.1039E+03
  0.1042E+03
  0.1044E+03
  0.1047E+03
  0.1049E+03
  0.1052E+03
  0.1054E+03
  0.1056E+03
  0.1059E+03
  0.1061E+03
  0.1064E+03
  0.1066E+03
  0.1069E+03
  0.1071E+03
  0.1074E+03
  0.1076E+03
  0.1079E+03
  0.1081E+03
  0.1084E+03
  0.1086E+03
  0.1089E+03
  0.1091E+03
  0.1094E+03
  0.1097E+03
  0.1099E+03
  0.1102E+03
  0.1104E+03
  0.1107E+03
  0.1109E+03
  0.1112E+03
  0.1114E+03
  0.1117E+03
  0.1120E+03
  0.1122E+03
  0.1125E+03
  0.1127E+03
  0.1130E+03
  0.1133E+03
  0.1135E+03
  0.1138E+03
  0.1140E+03
  0.1143E+03
  0.1146E+03
  0.1148E+03
  0.1151E+03
  0.1154E+03
  0.1156E+03
  0.1159E+03
  0.1161E+03
  0.1164E+03
  0.1167E+03
  0.1169E+03
  0.1172E+03
  0.1175E+03
  0.1177E+03
  0.1180E+03
  0.1183E+03
  0.1186E+03
  0.1188E+03
  0.1191E+03
  0.1194E+03
  0.1196E+03
  0.1199E+03
  0.1202E+03
  0.1205E+03
  0.1207E+03
  0.1210E+03
  0.1213E+03
  0.1215E+03
  0.1218E+03
  0.1221E+03
  0.1224E+03
  0.1226E+03
  0.1229E+03
  0.1232E+03
  0.1235E+03
  0.1238E+03
  0.1240E+03
  0.1243E+03
  0.1246E+03
  0.1249E+03
  0.1252E+03
  0.1254E+03
  0.1257E+03
  0.1260E+03
  0.1263E+03
  0.1266E+03
  0.1268E+03
  0.1271E+03
  0.1274E+03
  0.1277E+03
  0.1280E+03
  0.1283E+03
  0.1286E+03
  0.1288E+03
  0.1291E+03
  0.1294E+03
  0.1297E+03
  0.1300E+03
  0.1303E+03
  0.1306E+03
  0.1309E+03
  0.1312E+03
  0.1314E+03
  0.1317E+03
  0.1320E+03
  0.1323E+03
  0.1326E+03
  0.1329E+03
  0.1332E+03
  0.1335E+03
  0.1338E+03
  0.1341E+03
  0.1344E+03
  0.1347E+03
  0.1350E+03
  0.1353E+03
  0.1356E+03
  0.1359E+03
  0.1362E+03
  0.1365E+03
  0.1368E+03
  0.1371E+03
  0.1374E+03
  0.1377E+03
  0.1380E+03
  0.1383E+03
  0.1386E+03
  0.1389E+03
  0.1392E+03
  0.1395E+03
  0.1398E+03
  0.1401E+03
  0.1404E+03
  0.1407E+03
  0.1410E+03
  0.1413E+03
  0.1416E+03
  0.1419E+03
  0.1422E+03
  0.1426E+03
  0.1429E+03
  0.1432E+03
  0.1435E+03
  0.1438E+03
  0.1441E+03
  0.1444E+03
  0.1447E+03
  0.1450E+03
  0.1454E+03
  0.1457E+03
  0.1460E+03
  0.1463E+03
  0.1466E+03
  0.1469E+03
  0.1472E+03
  0.1476E+03
  0.1479E+03
  0.1482E+03
  0.1485E+03
  0.1488E+03
  0.1492E+03
  0.1495E+03
  0.1498E+03
  0.1501E+03
  0.1504E+03
  0.1508E+03
  0.1511E+03
  0.1514E+03
  0.1517E+03
  0.1521E+03
  0.1524E+03
  0.1527E+03
  0.1530E+03
  0.1534E+03
  0.1537E+03
  0.1540E+03
  0.1543E+03
  0.1547E+03
  0.1550E+03
  0.1553E+03
  0.1557E+03
  0.1560E+03
  0.1563E+03
  0.1567E+03
  0.1570E+03
  0.1573E+03
  0.1577E+03
  0.1580E+03
  0.1583E+03
  0.1587E+03
  0.1590E+03
  0.1593E+03
  0.1597E+03
  0.1600E+03
  0.1603E+03
  0.1607E+03
  0.1610E+03
  0.1614E+03
  0.1617E+03
  0.1620E+03
  0.1624E+03
  0.1627E+03
  0.1631E+03
  0.1634E+03
  0.1638E+03
  0.1641E+03
  0.1644E+03
  0.1648E+03
  0.1651E+03
  0.1655E+03
  0.1658E+03
  0.1662E+03
  0.1665E+03
  0.1669E+03
  0.1672E+03
  0.1676E+03
  0.1679E+03
  0.1683E+03
  0.1686E+03
  0.1690E+03
  0.1693E+03
  0.1697E+03
  0.1700E+03
  0.1704E+03
  0.1707E+03
  0.1711E+03
  0.1714E+03
  0.1718E+03
  0.1721E+03
  0.1725E+03
  0.1729E+03
  0.1732E+03
  0.1736E+03
  0.1739E+03
  0.1743E+03
  0.1747E+03
  0.1750E+03
  0.1754E+03
  0.1757E+03
  0.1761E+03
  0.1765E+03
  0.1768E+03
  0.1772E+03
  0.1776E+03
  0.1779E+03
  0.1783E+03
  0.1787E+03
  0.1790E+03
  0.1794E+03
  0.1798E+03
  0.1801E+03
  0.1805E+03
  0.1809E+03
  0.1812E+03
  0.1816E+03
  0.1820E+03
  0.1823E+03
  0.1827E+03
  0.1831E+03
  0.1835E+03
  0.1838E+03
  0.1842E+03
  0.1846E+03
  0.1850E+03
  0.1853E+03
  0.1857E+03
  0.1861E+03
  0.1865E+03
  0.1869E+03
  0.1872E+03
  0.1876E+03
  0.1880E+03
  0.1884E+03
  0.1888E+03
  0.1891E+03
  0.1895E+03
  0.1899E+03
  0.1903E+03
  0.1907E+03
  0.1911E+03
  0.1914E+03
  0.1918E+03
  0.1922E+03
  0.1926E+03
  0.1930E+03
  0.1934E+03
  0.1938E+03
  0.1942E+03
  0.1945E+03
  0.1949E+03
  0.1953E+03
  0.1957E+03
  0.1961E+03
  0.1965E+03
  0.1969E+03
  0.1973E+03
