 Adiabat temperature at each layer [K]
    230.2051
    226.5632
    223.1951
    220.0819
    217.2013
    214.5287
    212.0384
    209.7048
    207.5027
    205.4087
    203.4011
    201.4604
    199.5692
    197.7122
    195.8760
    194.0492
    192.2214
    190.3839
    188.5289
    186.6496
    184.7395
    182.7931
    180.8049
    178.7696
    176.6822
    174.5376
    172.3303
    170.0550
    167.7055
    165.2755
    162.7577
    160.1442
    157.4257
    154.5920
    151.6309
    149.9980
    149.9980
    149.9980
    149.9980
    149.9980
    149.9980
    149.9980
    149.9980
    149.9980
    149.9980
    149.9980
    149.9980
    149.9980
    149.9980
    149.9980
