 Absorbed shortwave flux vs. time [W/m2]
     72.6431
     72.1551
     73.4309
     74.9132
     76.2522
     77.4506
     78.5305
     79.5058
     80.3919
     81.1961
     81.9271
     82.5912
     83.1961
     83.7460
     84.2454
     84.6984
     85.1082
     85.4787
     85.8129
     86.1137
     86.3833
     86.6242
     86.8379
     87.0270
     87.1927
     87.3373
     87.4617
     87.5678
     87.6560
     87.7277
     87.7835
     87.8247
     87.8525
     87.8675
     87.8708
     87.8636
     87.8465
     87.8203
     87.7863
     87.7457
     87.6984
     87.6462
     87.5891
     87.5290
     87.4664
     87.4027
     87.3387
     87.2761
     87.2155
     87.1585
     87.1057
     87.0591
     87.0200
     86.9904
     86.9635
     86.9393
     86.9174
     86.8977
     86.8800
     86.8639
     86.8495
     86.8364
     86.8247
     86.8142
     86.8048
     86.7962
     86.7884
     86.7812
     86.7746
     86.7686
     86.7632
     86.7583
     86.7538
     86.7500
     86.7465
     86.7434
     86.7407
     86.7381
     86.7358
     86.7336
     86.7317
     86.7300
     86.7285
     86.7271
     86.7258
     86.7247
     86.7236
     86.7227
     86.7219
     86.7211
     86.7204
     86.7198
     86.7192
     86.7187
     86.7182
     86.7178
     86.7173
     86.7168
     86.7163
     86.7158
     86.7154
     86.7150
     86.7146
     86.7143
     86.7140
     86.7138
     86.7136
     86.7135
     86.7133
     86.7132
     86.7130
     86.7129
     86.7128
     86.7127
     86.7126
     86.7126
     86.7125
     86.7125
     86.7124
     86.7123
     86.7123
     86.7123
     86.7122
     86.7122
     86.7121
     86.7121
     86.7121
     86.7121
     86.7121
     86.7121
     86.7120
     86.7120
     86.7120
     86.7120
     86.7120
     86.7120
     86.7119
     86.7120
     86.7119
     86.7119
     86.7119
     86.7119
     86.7119
     86.7119
     86.7119
     86.7119
     86.7119
     86.7119
     86.7119
     86.7119
     86.7119
     86.7119
     86.7119
     86.7119
     86.7119
     86.7119
     86.7119
     86.7119
     86.7119
     86.7119
     86.7119
     86.7119
     86.7119
     86.7119
     86.7119
     86.7119
     86.7119
     86.7119
     86.7119
     86.7119
     86.7119
     86.7119
     86.7119
     86.7119
     86.7119
     86.7119
     86.7119
     86.7119
     86.7119
     86.7119
     86.7119
     86.7119
     86.7119
     86.7119
     86.7119
     86.7119
     86.7119
     86.7119
     86.7119
     86.7119
     86.7119
     86.7119
     86.7119
     86.7119
     86.7119
     86.7119
     86.7119
     86.7119
     86.7119
     86.7119
     86.7119
     86.7119
     86.7119
     86.7119
     86.7119
     86.7119
     86.7119
     86.7119
     86.7119
     86.7119
     86.7119
     86.7119
     86.7119
     86.7119
     86.7119
     86.7119
     86.7119
     86.7119
     86.7119
     86.7119
     86.7119
     86.7119
     86.7119
     86.7119
     86.7119
     86.7119
     86.7119
     86.7119
     86.7119
     86.7119
     86.7119
     86.7119
     86.7119
     86.7119
     86.7119
     86.7119
     86.7119
     86.7119
     86.7119
     86.7119
     86.7119
     86.7119
     86.7119
     86.7119
     86.7119
     86.7119
     86.7119
     86.7119
     86.7119
     86.7119
     86.7119
     86.7119
     86.7119
     86.7119
     86.7119
     86.7119
     86.7119
     86.7119
     86.7119
     86.7119
     86.7119
     86.7119
     86.7119
     86.7119
     86.7119
     86.7119
     86.7119
     86.7119
     86.7119
     86.7119
     86.7119
     86.7119
     86.7119
     86.7119
     86.7119
     86.7119
     86.7119
     86.7119
     86.7119
     86.7119
     86.7119
     86.7119
     86.7119
     86.7119
     86.7119
     86.7119
     86.7119
     86.7119
     86.7119
     86.7119
     86.7119
     86.7119
     86.7119
     86.7119
     86.7119
     86.7119
     86.7119
     86.7119
     86.7119
     86.7119
     86.7119
     86.7119
     86.7119
     86.7119
     86.7119
     86.7119
     86.7119
     86.7119
     86.7119
     86.7119
     86.7119
     86.7119
     86.7119
     86.7119
     86.7119
     86.7119
     86.7119
     86.7119
     86.7119
     86.7119
     86.7119
     86.7119
     86.7119
     86.7119
     86.7119
     86.7119
     86.7119
     86.7119
     86.7119
     86.7119
     86.7119
     86.7119
     86.7119
     86.7119
     86.7119
     86.7119
     86.7119
     86.7119
     86.7119
     86.7119
     86.7119
     86.7119
     86.7119
     86.7119
     86.7119
     86.7119
     86.7119
     86.7119
     86.7119
     86.7119
     86.7119
     86.7119
     86.7119
     86.7119
     86.7119
     86.7119
     86.7119
     86.7119
     86.7119
     86.7119
     86.7119
     86.7119
     86.7119
     86.7119
     86.7119
     86.7119
     86.7119
     86.7119
     86.7119
     86.7119
     86.7119
     86.7119
     86.7119
     86.7119
     86.7119
     86.7119
     86.7119
     86.7119
     86.7119
     86.7119
     86.7119
     86.7119
     86.7119
     86.7119
     86.7119
     86.7119
     86.7119
     86.7119
     86.7119
     86.7119
     86.7119
     86.7119
     86.7119
     86.7119
     86.7119
     86.7119
     86.7119
     86.7119
     86.7119
     86.7119
     86.7119
     86.7119
     86.7119
     86.7119
     86.7119
     86.7119
     86.7119
     86.7119
     86.7119
     86.7119
     86.7119
     86.7119
     86.7119
     86.7119
     86.7119
     86.7119
     86.7119
     86.7119
     86.7119
     86.7119
     86.7119
     86.7119
     86.7119
     86.7119
     86.7119
     86.7119
     86.7119
     86.7119
     86.7119
     86.7119
     86.7119
     86.7119
     86.7119
     86.7119
     86.7119
     86.7119
     86.7119
     86.7119
     86.7119
     86.7119
     86.7119
     86.7119
     86.7119
     86.7119
     86.7119
     86.7119
     86.7119
     86.7119
     86.7119
     86.7119
     86.7119
     86.7119
     86.7119
     86.7119
     86.7119
     86.7119
     86.7119
     86.7119
     86.7119
     86.7119
     86.7119
     86.7119
     86.7119
     86.7119
     86.7119
     86.7119
     86.7119
     86.7119
     86.7119
     86.7119
     86.7119
     86.7119
     86.7119
     86.7119
     86.7119
     86.7119
     86.7119
     86.7119
     86.7119
     86.7119
     86.7119
     86.7119
     86.7119
     86.7119
     86.7119
     86.7119
     86.7119
     86.7119
     86.7119
     86.7119
     86.7119
     86.7119
     86.7119
     86.7119
     86.7119
     86.7119
     86.7119
     86.7119
     86.7119
     86.7119
