 Longwave heating rate [K/s]
 -0.2735E-03
 -0.2582E-03
 -0.3235E-03
 -0.4134E-03
 -0.5134E-03
 -0.6150E-03
 -0.7135E-03
 -0.8066E-03
 -0.8916E-03
 -0.9646E-03
 -0.1022E-02
 -0.1061E-02
 -0.1081E-02
 -0.1084E-02
 -0.1071E-02
 -0.1041E-02
 -0.9964E-03
 -0.9391E-03
 -0.8704E-03
 -0.7934E-03
 -0.7127E-03
 -0.6340E-03
 -0.5617E-03
 -0.4975E-03
 -0.4369E-03
 -0.3590E-03
 -0.3285E-03
 -0.3352E-03
 -0.3691E-03
 -0.4065E-03
 -0.4064E-03
 -0.4674E-03
 -0.5425E-03
 -0.6540E-03
 -0.7852E-03
 -0.9200E-03
 -0.1017E-02
 -0.1067E-02
 -0.1114E-02
 -0.1294E-02
 -0.1824E-02
 -0.3141E-02
 -0.4388E-02
 -0.5164E-02
 -0.5438E-02
 -0.6520E-02
 -0.8135E-02
 -0.1343E-01
 -0.2021E-01
 -0.7112E-01
