 tau_sw_i
                          0.2656655490319693E-13
                          0.4096099251888538E-11
                          0.4565915292075169E-11
                          0.4382435938991998E-10
                          0.1303384138595819E-09
                          0.6523088205186183E-10
                          0.3783264401701655E-09
                          0.1478092950034758E-09
                          0.2533168624423790E-10
                          0.2473509194042010E-09
                          0.4954440702613406E-11
                          0.5256252295290145E-08
                          0.1729995020089597E-07
                          0.6244923386142613E-12
                          0.2656647361749117E-12
                          0.4758250844390107E-11
                          0.1182950476649679E-12
                          0.2373314142864437E-11
                          0.1740418696662486E-12
                          0.2200120063613829E-11
                          0.7394680493787755E-12
                          0.2746315141810304E-11
                          0.2582339280500510E-10
                          0.7526585929850226E-09
                          0.4384568979081655E-07
                          0.1186392991914759E-06
                          0.8875219777351434E-05
                          0.5373179402941157E-04
                          0.3629529558097208E-06
                          0.5332073619732064E-07
                          0.1017201768731542E-06
                          0.4014847295001437E-11
                          0.2529654936567883E-10
                          0.2123515834705519E-11
                          0.2660904937720801E-10
                          0.2427469264593697E-11
                          0.2729533926938315E-11
                          0.3132915723592546E-11
                          0.1437179701856279E-10
                          0.6442474577116243E-11
                          0.4125551438408112E-11
                          0.4653134436351454E-11
                          0.1046484739284657E-10
                          0.1453613320654052E-10
                          0.6013421024808031E-11
                          0.6560503531678909E-11
                          0.7245060467826913E-11
                          0.7805816032515535E-11
                          0.8507949200371414E-11
                          0.1532063697417578E-10
                          0.3480795696811914E-09
                          0.2320213384317317E-09
                          0.9643131083444012E-06
                          0.3072000610102980E-10
                          0.2082644926971593E-09
                          0.2315669694671281E-08
                          0.2954316254561144E-10
                          0.1696518554907623E-10
                          0.1839591770200459E-10
                          0.2047880107650763E-10
                          0.2207546564643709E-10
                          0.2327892505330495E-10
                          0.2691051066231212E-10
                          0.7338240299260058E-10
                          0.2726680344955833E-10
                          0.3145165542004399E-10
                          0.6680253171600502E-10
                          0.3423924112312836E-10
                          0.4014979284830569E-10
                          0.3749622197274185E-10
                          0.3942913309429885E-10
                          0.4103671443507337E-10
                          0.4336299818612349E-10
                          0.1382845441051335E-08
                          0.5950149619137293E-10
                          0.2318211619742867E-06
                          0.6706081074291464E-03
                          0.1119933453675781E-08
                          0.1856269009564469E-09
                          0.7447822276558658E-10
                          0.8706262662809912E-10
                          0.5528824660310682E-07
                          0.5455768306589806E-07
                          0.1636011463977743E-04
                          0.2923698226197521E-04
                          0.1256433076746501E-09
                          0.8808970667429544E-10
                          0.9158209510985301E-10
                          0.9672161044511751E-10
                          0.7165850970400820E-09
                          0.2710426561819404E-06
                          0.3790984437137563E-02
                          0.6608373804330311E-01
                          0.3403391366292536E-03
                          0.7044426450610305E-03
                          0.1069018706850671E-04
                          0.1124042687965448E-08
                          0.1418596920083043E-09
                          0.1482215219320310E-09
                          0.4848469041354234E-09
                          0.1757161100882379E-08
                          0.1941363318231901E-09
                          0.1857475367886268E-09
                          0.1099391667575111E-05
                          0.8444449151385110E-09
                          0.1227701531363590E-08
                          0.2196026479988162E-09
                          0.2094884226762101E-09
                          0.2176094790337310E-09
                          0.2279971495682155E-09
                          0.2611778588822201E-09
                          0.2508342731609076E-09
                          0.2515770860122325E-09
                          0.2603466694741087E-09
                          0.2696432421675300E-09
                          0.2792178655169916E-09
                          0.2890649595753277E-09
                          0.2991449025682529E-09
                          0.3099247397563832E-09
                          0.5520331762693343E-09
                          0.4890882120648044E-07
                          0.3484633906687547E-09
                          0.3537574798319145E-09
                          0.5793589567877313E-08
                          0.3800736908182937E-09
                          0.2657444130100889E-07
                          0.4077447615041194E-09
                          0.4167171285788290E-09
                          0.4480059394704200E-09
                          0.4429948942326088E-09
                          0.4560519955128570E-09
                          0.4722386779828737E-09
                          0.4999874446248258E-09
                          0.2812926298202888E-06
                          0.3422780018399161E-07
                          0.5365435760070025E-09
                          0.5954709671216913E-09
                          0.7649641800057341E-08
                          0.6125996438464777E-09
                          0.9319728749778042E-09
                          0.1215733586645182E-07
                          0.6071008477453285E-07
                          0.1058132006202585E-03
                          0.2338306091224039E-06
                          0.6436671483364487E-05
                          0.1156491820454440E-04
                          0.7622381228639112E-07
                          0.7506581147211746E-03
                          0.6566786986374409E-05
                          0.3620977128019509E-04
                          0.1032804167885310E-07
                          0.8586860995280529E-09
                          0.9348996525012770E-09
                          0.8970101150292706E-09
                          0.2852570146249930E-06
                          0.9279615907534450E-09
                          0.9472756945333281E-09
                          0.9699450866800029E-09
                          0.9967229637911507E-09
                          0.1045664798711007E-08
                          0.1392921851849956E-06
                          0.1278370779543855E-08
                          0.1099099265225902E-08
                          0.1126475943844155E-08
                          0.1154455637456658E-08
                          0.1182779305010490E-08
                          0.3771697128503249E-05
                          0.1241535282886253E-08
                          0.1271874765663090E-08
                          0.1301676342739570E-08
                          0.1332748611309741E-08
                          0.1364377423302450E-08
                          0.1396566670685399E-08
                          0.1429371013679181E-08
                          0.1465534540038308E-08
                          0.1625248033855007E-08
                          0.1531138185985537E-08
                          0.3889826643966954E-04
                          0.1603575292026408E-08
                          0.2364317980436696E-08
                          0.1731844189406435E-08
                          0.1715029158310033E-08
                          0.1754137093577292E-08
                          0.8363857680289504E-07
                          0.1843551575751112E-08
                          0.2741199515857561E-08
                          0.9286618047178628E-03
                          0.2383838032180052E-08
                          0.1997859033777624E-08
                          0.2407465857661973E-08
                          0.2983795194446342E-08
                          0.4565579744698221E-08
                          0.2996519763012432E-08
                          0.8248100590083929E-07
                          0.6880210027688915E-08
                          0.1583055383925522E-06
                          0.3941716240590178E-07
                          0.2888188021211387E-03
                          0.1879645682584378E-06
                          0.1345255271084729E-06
                          0.5320943581726051E-06
                          0.2764741540655464E-08
                          0.2951713769647531E-08
                          0.1148730740749905E-07
                          0.7431261625394650E-05
                          0.8474955013154989E-08
                          0.2876764571073255E-08
                          0.2930849191593415E-08
                          0.3008234793370325E-08
                          0.3066467693153670E-08
                          0.3129650476081259E-08
                          0.3172165341245729E-08
                          0.3609181728350308E-08
                          0.3889423363521793E-08
                          0.3350096319602804E-08
                          0.3409789766130382E-08
                          0.5242703482801184E-08
                          0.3563945756026837E-08
                          0.3603239939962527E-08
                          0.3669787125298292E-08
                          0.3737270249163083E-08
                          0.3808811333308536E-08
                          0.3875018180866582E-08
                          0.3945259632338408E-08
                          0.4016491639365863E-08
                          0.4088678917483774E-08
                          0.4181233007918291E-08
                          0.4268662743992770E-08
                          0.4311129322598676E-08
                          0.4387262421407821E-08
                          0.4464344276257773E-08
                          0.4545926672721679E-08
                          0.4621953816158665E-08
                          0.4725073875164741E-08
                          0.4784998469386758E-08
                          0.1636400014291123E-07
                          0.4949353632118421E-08
                          0.5035825611639484E-08
                          0.5400374615657860E-07
                          0.7679895185720745E-08
                          0.5296896924495223E-08
                          0.2372781629127030E-06
                          0.5500971465083922E-08
                          0.5890829805760909E-08
                          0.5683492903108361E-08
                          0.5774443097303335E-08
                          0.6177473662979611E-08
                          0.1075536935931033E-06
                          0.6419103019101012E-08
                          0.7330184832380746E-08
                          0.6729015169194872E-08
                          0.6399242249681727E-08
                          0.6629071731950461E-08
                          0.8338489046284627E-06
                          0.9098319186035437E-08
                          0.6762390127698955E-08
                          0.6853259857327696E-08
                          0.6959123989509688E-08
                          0.7168655123649273E-08
                          0.7247496517653249E-08
                          0.7447913229999661E-08
                          0.7475099089595409E-08
                          0.7532825136353687E-08
                          0.7633008774917516E-08
                          0.7754030686647521E-08
                          0.7866763086731496E-08
                          0.8779050944065453E-08
                          0.9135314728146097E-08
                          0.1667869772033689E-07
                          0.8356538667061516E-08
                          0.8952916801205314E-08
                          0.8637666788438565E-08
                          0.8734030142047381E-08
                          0.8860426503543259E-08
                          0.2066160652983254E-07
                          0.1162192727940977E-07
                          0.9359786954840580E-08
                          0.1066674894897216E-07
                          0.1398913854779317E-07
                          0.1922096096774612E-07
                          0.9826786974973005E-08
                          0.9950147207979979E-08
                          0.1009394337411717E-07
                          0.1023163311795098E-07
                          0.1037710133096141E-07
                          0.1054361770205120E-07
                          0.1067224763053597E-07
                          0.8154445927466055E-07
                          0.1097463578922089E-07
                          0.1112731071578748E-07
                          0.1128339296284815E-07
                          0.1144338370014252E-07
                          0.5409895284438259E-07
                          0.1176485951274724E-07
                          0.1192994223069359E-07
                          0.1208025572099804E-07
                          0.1252161234861211E-07
                          0.1241164191155173E-07
                          0.1259964508158833E-07
                          0.1277509197193501E-07
                          0.1292029511152178E-07
                          0.1309322200007620E-07
                          0.1326827630931379E-07
                          0.1348837498863052E-07
                          0.1371061571169933E-07
                          0.1380975592344185E-07
                          0.1410289856104399E-07
                          0.1416853857344448E-07
                          0.1435518983356485E-07
                          0.1585169343265244E-07
                          0.1475402869584362E-07
                          0.1492146696161901E-07
                          0.1511420241803750E-07
                          0.1530888053854370E-07
                          0.1550560662252183E-07
                          0.1570425442544844E-07
                          0.1590713244990812E-07
                          0.1613568331975092E-07
                          0.1632610192364696E-07
                          0.1651823445303573E-07
                          0.1674409498625401E-07
                          0.1693501859868748E-07
                          0.1716690951805608E-07
                          0.2293911649477291E-07
                          0.1814260743561141E-07
                          0.2422650305502690E-07
                          0.1801714944575129E-07
                          0.2036154663467446E-07
                          0.7880486436040426E-03
                          0.1871072279333875E-07
                          0.1891997523901968E-07
                          0.1926406112743915E-07
                          0.2042594454078843E-07
                          0.1961263876845755E-07
                          0.1984900969695667E-07
                          0.2008867840559012E-07
                          0.2032871575071460E-07
                          0.2057167383024127E-07
                          0.2081691284924490E-07
                          0.2106503053420868E-07
                          0.2131395118031882E-07
                          0.2156631794484236E-07
                          0.2181984442596360E-07
                          0.2207693104971365E-07
                          0.2233467370336247E-07
                          0.2259548755849274E-07
                          0.2285909462036074E-07
                          0.3527807934674832E-07
                          0.2666789837738760E-07
                          0.2366618950482422E-07
                          0.2393410227448898E-07
                          0.2420866487507218E-07
                          0.2448588356394104E-07
                          0.8834309567071864E-06
                          0.2505378554622225E-07
                          0.2533106177019878E-07
                          0.2561766397980402E-07
                          0.2592178260853831E-07
                          0.1911846663626966E-06
                          0.2649245749287827E-07
                          0.2678841586494037E-07
                          0.2708728650756226E-07
                          0.2916138156046456E-07
                          0.2769285564233710E-07
                          0.2800008538095413E-07
                          0.2830783816841900E-07
                          0.2861930402444186E-07
                          0.2893326580650958E-07
                          0.2924988271676976E-07
                          0.2956906683990775E-07
                          0.3085288897209487E-07
                          0.3021538520507951E-07
                          0.3054835645552615E-07
                          0.3087214108869281E-07
                          0.3120453879352382E-07
                          0.3269388739566503E-07
                          0.3199076326846641E-07
                          0.3221796284094376E-07
                          0.3256094824395999E-07
                          0.3290713472110175E-07
                          0.3326153545350579E-07
                          0.3369544671747162E-07
                          0.3396096466238031E-07
                          0.3431789379450658E-07
                          0.3467932878710586E-07
                          0.3504106560063671E-07
                          0.3540573280763312E-07
                          0.3577397984833617E-07
                          0.3614513347312209E-07
                          0.3651916798564272E-07
                          0.3689609801267224E-07
                          0.3727636781927968E-07
                          0.3765870410036072E-07
                          0.3804441386247000E-07
                          0.3843368068825269E-07
                          0.3882470372355000E-07
                          0.3921932072872893E-07
                          0.3961693733597934E-07
                          0.4001757179805682E-07
                          0.4042138278370753E-07
                          0.4082794540216707E-07
                          0.4123771955397212E-07
                          0.4165057475595905E-07
                          0.4206651002715779E-07
                          0.4248555548986153E-07
                          0.4290772739622761E-07
                          0.4333303730314748E-07
                          0.4376152207642629E-07
                          0.4419318930821552E-07
                          0.4462795353375732E-07
                          0.4632962996821789E-07
                          0.4552666951744034E-07
                          0.4595167927518667E-07
                          0.4640168900818881E-07
                          0.4685061355725633E-07
                          0.4730489876271806E-07
                          0.4776342859296998E-07
                          0.4822496126609250E-07
                          0.4868724979768979E-07
                          0.4915479634756168E-07
                          0.4963022102576545E-07
                          0.5009997091032182E-07
                          0.5065627006030513E-07
                          0.5204754233838413E-07
                          0.5242078786316102E-07
                          0.5203146883730664E-07
                          0.5252258423855204E-07
                          0.5301867384622678E-07
                          0.5360831933643556E-07
                          0.5527910799590536E-07
                          0.5896741001551033E-07
                          0.5597336394953492E-07
                          0.5565003634943543E-07
                          0.6145748057141642E-07
                          0.5900121901503712E-07
                          0.5710322312090852E-07
                          0.5763007833978257E-07
                          0.5816056486825687E-07
                          0.5869471659280161E-07
                          0.5923339059433055E-07
                          0.5977402414212424E-07
                          0.6031924687562357E-07
                          0.6086816118080579E-07
                          0.6142082263726886E-07
                          0.6197724272337034E-07
                          0.6265367185494773E-07
                          0.6310143365063668E-07
                          0.6366920648039794E-07
                          0.6424082196228241E-07
                          0.6481626127993922E-07
                          0.6539556913175417E-07
                          0.6597875170237556E-07
                          0.6656582607854684E-07
                          0.6715680942219277E-07
                          0.6775171929982473E-07
                          0.6835993612381258E-07
                          0.6895339799737858E-07
                          0.6956019921310349E-07
                          0.7017133528314073E-07
                          0.7078615100962112E-07
                          0.7140614857381390E-07
                          0.7202749113561049E-07
                          0.7265444055048879E-07
                          0.7328547395502095E-07
                          0.7392060868376421E-07
                          0.7455986315051728E-07
                          0.7520325514605488E-07
                          0.7585080131729206E-07
                          0.7650525854542715E-07
                          0.7715843204159721E-07
                          0.7781854983312641E-07
                          0.7848289772170493E-07
                          0.7915148546635126E-07
                          0.7982433834093495E-07
                          0.8050147204418911E-07
                          0.8118302450580156E-07
                          0.8187432296959263E-07
                          0.8255873894165142E-07
                          0.8325317692908881E-07
                          0.8395199058677968E-07
                          0.8465520015813299E-07
                          0.8536306136274302E-07
                          0.8607484937949815E-07
                          0.8679393908231349E-07
                          0.8751227792875029E-07
                          0.8823768146006353E-07
                          0.8896761013162275E-07
                          0.8970205630511521E-07
                          0.9044111157669423E-07
                          0.9118458422435223E-07
                          0.9193269491183524E-07
                          0.9268545560959737E-07
                          0.9344288780376679E-07
                          0.9420471349875110E-07
                          0.9497138766181916E-07
                          0.9574256021668754E-07
                          0.9651852178852415E-07
                          0.9729919813079991E-07
                          0.9808460407005057E-07
                          0.9887472684947019E-07
                          0.9966963185415273E-07
                          0.1004694992075560E-06
                          0.1012738999579649E-06
                          0.1020831238392228E-06
                          0.1028974792261857E-06
                          0.1037162968199658E-06
                          0.1045402545399139E-06
                          0.1053737829229415E-06
                          0.1062026890549235E-06
                          0.1070413379880296E-06
                          0.1078854632348538E-06
                          0.1087401977259877E-06
                          0.1095870980229902E-06
                          0.1104456909142307E-06
                          0.1113093197198019E-06
                          0.1121780034984094E-06
                          0.1130517629800960E-06
                          0.1139306155407242E-06
                          0.1148145817893725E-06
                          0.1157036827106883E-06
                          0.1165979408052669E-06
                          0.1174973658558232E-06
                          0.1184019878534489E-06
                          0.1193118233942472E-06
                          0.1202268924714368E-06
                          0.1211472151152799E-06
                          0.1220728113999317E-06
                          0.1230037033263002E-06
                          0.1239399053447828E-06
                          0.1248966674368907E-06
                          0.1258283420051415E-06
                          0.1267806024523250E-06
                          0.1277383936017149E-06
                          0.1287031802349469E-06
                          0.1296698541999887E-06
                          0.1306438219491559E-06
                          0.1316232668323879E-06
                          0.1326082086799190E-06
                          0.1335986697315428E-06
                          0.1345946651680431E-06
                          0.1355963223235832E-06
                          0.1366033843709343E-06
                          0.1376168869366596E-06
                          0.1386349465177207E-06
                          0.1396584484358380E-06
                          0.1410549768131561E-06
                          0.1417234463643001E-06
                          0.1427645165252487E-06
                          0.1438112679787756E-06
                          0.1448637830618967E-06
                          0.1459220657152416E-06
                          0.1469861528131214E-06
                          0.1480563781186957E-06
                          0.1491318050208168E-06
                          0.1502132907979390E-06
                          0.1513018306591922E-06
                          0.1523940663075234E-06
                          0.1534935683753707E-06
                          0.1545985008065551E-06
                          0.1557096073224565E-06
                          0.1568267279609567E-06
                          0.1579498424853550E-06
                          0.1590790461346573E-06
                          0.1603521364593394E-06
                          0.1613800788578616E-06
                          0.1625027252967715E-06
                          0.1636562414558033E-06
                          0.1648158607049263E-06
                          0.1659814484286060E-06
                          0.1671533568696807E-06
                          0.1683314253900323E-06
                          0.1695157277095238E-06
                          0.1707062691657404E-06
                          0.1719030681681081E-06
                          0.1731061507097953E-06
                          0.1743163152810676E-06
                          0.1755323813173850E-06
                          0.1767634134008163E-06
                          0.1779817495280327E-06
                          0.1792165609316307E-06
                          0.1804577980896586E-06
                          0.1817054698236458E-06
                          0.1829596010486365E-06
                          0.1842202131017222E-06
                          0.1854873282939125E-06
                          0.1867610114996194E-06
                          0.1880411574446169E-06
                          0.1893279160313919E-06
                          0.1906212673615201E-06
                          0.1919212441330448E-06
                          0.1932278387551789E-06
                          0.1945411023041396E-06
                          0.1958610555615565E-06
                          0.1971877020668016E-06
                          0.1985210828632582E-06
                          0.1998612143006808E-06
                          0.2012081194226677E-06
                          0.2025618209555649E-06
                          0.2039223415415984E-06
                          0.2052921886444972E-06
                          0.2066668205440243E-06
                          0.2080450474193514E-06
                          0.2094330738479391E-06
                          0.2108280374547828E-06
                          0.2122299552824920E-06
                          0.2136394218812639E-06
                          0.2150547487041781E-06
                          0.2164776757611481E-06
                          0.2179077975368664E-06
                          0.2193447355328614E-06
                          0.2207915354483194E-06
                          0.2222401100183511E-06
                          0.2239129918478091E-06
                          0.2251641001472589E-06
                          0.2266368733542144E-06
                          0.2281168328680818E-06
                          0.2296040417226021E-06
                          0.2310985167746801E-06
                          0.2326002705930964E-06
                          0.2341093339459761E-06
                          0.2356257286702884E-06
                          0.2371494777853088E-06
                          0.2386810316635071E-06
                          0.2402191356005495E-06
                          0.2417650915638768E-06
                          0.2433184972976310E-06
                          0.2448793769278122E-06
                          0.2464477542897665E-06
                          0.2480236533729571E-06
                          0.2496070981480666E-06
                          0.2511981254899536E-06
                          0.2527967210711085E-06
                          0.2544117726640254E-06
                          0.2560178835559233E-06
                          0.2576383507316946E-06
                          0.2592675765294803E-06
                          0.2609045245168159E-06
                          0.2625492199897263E-06
                          0.2642016386534080E-06
                          0.2658618694865647E-06
                          0.2675299126715299E-06
                          0.2692057926631493E-06
                          0.2708895339808009E-06
                          0.2725811611689945E-06
                          0.2742807057693233E-06
                          0.2759881715180564E-06
                          0.2777036039642057E-06
                          0.2794270208458798E-06
                          0.2811584468990125E-06
                          0.2828979069162220E-06
                          0.2846454257764704E-06
                          0.2864010280372721E-06
                          0.2881647419270133E-06
                          0.2899365832172465E-06
                          0.2917165859611423E-06
                          0.2935047723000899E-06
                          0.2953011720209912E-06
                          0.2971057946730979E-06
                          0.2989186813959910E-06
                          0.3007398539311941E-06
                          0.3025697617381575E-06
                          0.3044071491738258E-06
                          0.3062533185341521E-06
                          0.3081078766350102E-06
                          0.3099708449256989E-06
                          0.3118422487454263E-06
                          0.3137221139797639E-06
                          0.3156104649737677E-06
                          0.3175073286504282E-06
                          0.3213827643586298E-06
                          0.3213266927620881E-06
                          0.3232492457805016E-06
                          0.3251804118832338E-06
                          0.3271202187170209E-06
                          0.3290687008522815E-06
                          0.3310258572281320E-06
                          0.3329917441157450E-06
                          0.3349663625973723E-06
                          0.3369497563466307E-06
                          0.3389419529099367E-06
                          0.3409515406682814E-06
                          0.3429528125686110E-06
                          0.3508263824469089E-06
                          0.3469991690160798E-06
                          0.3490357462375063E-06
                          0.3510812605069735E-06
                          0.3531357121312110E-06
                          0.3551991977471293E-06
                          0.3572717143917034E-06
                          0.3593532875614677E-06
                          0.3614439431667646E-06
                          0.3635437093760532E-06
                          0.3656526080183403E-06
                          0.3677708094887488E-06
                          0.3698984494513641E-06
                          0.3720344553504733E-06
                          0.3741807424750931E-06
                          0.3763350781352183E-06
                          0.3784993389437539E-06
                          0.3806733748861103E-06
                          0.3828562601419503E-06
                          0.3850481897103573E-06
                          0.3872499019207809E-06
                          0.3894610471996140E-06
                          0.3916829239074831E-06
                          0.3939117312243262E-06
                          0.3961513238764634E-06
                          0.3984004671817213E-06
                          0.4032281364870895E-06
                          0.4029274282619883E-06
                          0.4052053287803020E-06
                          0.4074931642100476E-06
                          0.4097900915324863E-06
                          0.4120970084378715E-06
                          0.4144136504556389E-06
                          0.4167400469906929E-06
                          0.4190762245621135E-06
                          0.4214222106175890E-06
                          0.4237780324675086E-06
                          0.4261437176325755E-06
                          0.4285192936192800E-06
                          0.4309047879239121E-06
                          0.4333002281420253E-06
                          0.4357056418464148E-06
                          0.4381211203693445E-06
                          0.4405465004128022E-06
                          0.4429854910133206E-06
                          0.4454275858286105E-06
                          0.4478832819234844E-06
                          0.4503491196272473E-06
                          0.4528251645851335E-06
                          0.4553113232908214E-06
                          0.4578140779946106E-06
                          0.4603144313811509E-06
                          0.4628313946953022E-06
                          0.4653586544997195E-06
                          0.4679405303927015E-06
                          0.4704676604797475E-06
                          0.4730025615626546E-06
                          0.4755713334503867E-06
                          0.4781505718480107E-06
                          0.4807402590508267E-06
                          0.4833404652452534E-06
                          0.4859512075919938E-06
                          0.4885725077779765E-06
                          0.4912044004212101E-06
                          0.4938469122617870E-06
                          0.4965000715642757E-06
                          0.4991639070186051E-06
                          0.5018384473215273E-06
                          0.5045237216283554E-06
                          0.5072203622830687E-06
                          0.5099265830295206E-06
                          0.5126442293091192E-06
                          0.5153727579594832E-06
                          0.5181120935831676E-06
                          0.5208623707880689E-06
                          0.5236235828769689E-06
                          0.5263957589512349E-06
                          0.5291789275843348E-06
                          0.5319731182096195E-06
                          0.5347783597470333E-06
                          0.5375946834474648E-06
                          0.5404221119974339E-06
                          0.5432606810486529E-06
                          0.5461104175854380E-06
                          0.5489713531037694E-06
                          0.5518435103767826E-06
                          0.5547269252219900E-06
                          0.5576216248441325E-06
                          0.5605276386477281E-06
                          0.5634449999509800E-06
                          0.5663737266111319E-06
                          0.5693138599212692E-06
                          0.5722654253474752E-06
                          0.5752284522423609E-06
                          0.5782029746036287E-06
                          0.5811890108256821E-06
                          0.5841866015016322E-06
                          0.5871957718141472E-06
                          0.5902165533521286E-06
                          0.5932489751055621E-06
                          0.5962931798262241E-06
                          0.5993488630560917E-06
                          0.6024163793359997E-06
                          0.6054970679928715E-06
                          0.6085867651009980E-06
                          0.6116896222136418E-06
                          0.6148043628777993E-06
                          0.6179309839753301E-06
                          0.6210698028160647E-06
                          0.6242199875760385E-06
                          0.6273824300308453E-06
                          0.6305593485173798E-06
                          0.6337433489382430E-06
                          0.6369418858480510E-06
                          0.6401525238451325E-06
                          0.6433752689310155E-06
                          0.6466104910606177E-06
                          0.6498572841490994E-06
                          0.6531166103924584E-06
                          0.6563881346925932E-06
                          0.6596719312093742E-06
                          0.6629680596406513E-06
                          0.6662765247890801E-06
                          0.6695973574949945E-06
                          0.6729305882551772E-06
                          0.6762762481791177E-06
                          0.6796343680204653E-06
                          0.6830049786839356E-06
                          0.6863881126579446E-06
                          0.6897837968333844E-06
                          0.6931920657005057E-06
                          0.6966129488889501E-06
                          0.7000465412317894E-06
                          0.7034926849833654E-06
                          0.7069515997321480E-06
                          0.7104232540529198E-06
                          0.7139078576116743E-06
                          0.7174049052466412E-06
                          0.7209150068715721E-06
                          0.7244378895324871E-06
                          0.7279737099237746E-06
                          0.7315224577429436E-06
                          0.7350841851811586E-06
                          0.7386588614317352E-06
                          0.7422465803964336E-06
                          0.7458473528792693E-06
                          0.7494612105022225E-06
                          0.7530881849644020E-06
                          0.7567283078490742E-06
                          0.7603816110128035E-06
                          0.7640481261934915E-06
                          0.7677278852059232E-06
                          0.7714209199717082E-06
                          0.7751272628499412E-06
                          0.7788469439672550E-06
                          0.7825799972294703E-06
                          0.7863264539982255E-06
                          0.7900863462497635E-06
                          0.7938597061361203E-06
                          0.7976465657863862E-06
                          0.8014469578549768E-06
                          0.8052609529292288E-06
                          0.8090884648904101E-06
                          0.8129296487345599E-06
                          0.8167844867916110E-06
                          0.8206530215068534E-06
                          0.8245352861398645E-06
                          0.8284313079917883E-06
                          0.8323411099533822E-06
                          0.8362647756146637E-06
                          0.8402022291351564E-06
                          0.8441536048823739E-06
                          0.8481189366557503E-06
                          0.8520981515834364E-06
                          0.8560913891447717E-06
                          0.8600986429519965E-06
                          0.8641207672416298E-06
                          0.8681553409060237E-06
                          0.8722048494463719E-06
                          0.8762685081836698E-06
                          0.8803463500454859E-06
                          0.8844384079958596E-06
                          0.8885447154762415E-06
                          0.8926653042037994E-06
                          0.8968002085795515E-06
                          0.9009494617010602E-06
                          0.9051131105177150E-06
                          0.9092911443054940E-06
                          0.9134836410548623E-06
                          0.9176906189768117E-06
                          0.9219121113836019E-06
                          0.9261481516035908E-06
                          0.9303987730390095E-06
                          0.9346640091056974E-06
                          0.9389438936628931E-06
                          0.9432384592860450E-06
                          0.9475477398938284E-06
                          0.9518718364529991E-06
                          0.9562106817804620E-06
                          0.9605642092461982E-06
                          0.9649326867759102E-06
                          0.9693160477291669E-06
                          0.9737143257856566E-06
                          0.9781275548004728E-06
                          0.9825557686459130E-06
                          0.9869990026486077E-06
                          0.9914572869551332E-06
                          0.9959306579768155E-06
                          0.1000419150225192E-05
                          0.1004922797068283E-05
                          0.1009441632821011E-05
                          0.1013975690887570E-05
                          0.1018525006081498E-05
                          0.1023089613109183E-05
                          0.1027669544148733E-05
                          0.1032264835375279E-05
                          0.1036875544590359E-05
                          0.1041501633970463E-05
                          0.1046143210094716E-05
                          0.1050800283130959E-05
                          0.1055472887733843E-05
                          0.1060161058562623E-05
                          0.1064864830780955E-05
                          0.1069584238325739E-05
                          0.1074319311585716E-05
                          0.1079070091898618E-05
                          0.1083836611168775E-05
                          0.1088618904305637E-05
                          0.1093417177586732E-05
                          0.1098230950728395E-05
                          0.1103060773820734E-05
                          0.1107906680928265E-05
                          0.1112768193948468E-05
                          0.1117645860902923E-05
                          0.1122539547277334E-05
                          0.1127449283522218E-05
                          0.1132375109298660E-05
                          0.1137317058142620E-05
                          0.1142275165241814E-05
                          0.1147249465800961E-05
                          0.1152239994930574E-05
                          0.1157246787999734E-05
                          0.1162269880268923E-05
                          0.1167309307073629E-05
                          0.1172365103889704E-05
                          0.1177437305822799E-05
                          0.1182525948630236E-05
                          0.1187631067696099E-05
                          0.1192752699441828E-05
                          0.1197890877720013E-05
                          0.1203045637933433E-05
                          0.1208217017672298E-05
                          0.1213405051705787E-05
                          0.1218609786432417E-05
                          0.1223831225775107E-05
                          0.1229069441536770E-05
                          0.1234324445540485E-05
                          0.1239596294340716E-05
                          0.1244884998604350E-05
                          0.1250190614822041E-05
                          0.1255513172131575E-05
                          0.1260852706662845E-05
                          0.1266209254164110E-05
                          0.1271582851050955E-05
                          0.1276973533360813E-05
                          0.1282381337253712E-05
                          0.1287806298965077E-05
                          0.1293248455268748E-05
                          0.1298707840875932E-05
                          0.1304184495115589E-05
                          0.1309678458593163E-05
                          0.1315189745134590E-05
                          0.1320718417570384E-05
                          0.1326264500580180E-05
                          0.1331828032391793E-05
                          0.1337409050383905E-05
                          0.1343007590778571E-05
                          0.1348623731074183E-05
                          0.1354257386167410E-05
                          0.1359908709718969E-05
                          0.1365577704957075E-05
                          0.1371264405669044E-05
                          0.1376968849660065E-05
                          0.1382691071393644E-05
                          0.1388431110311066E-05
                          0.1394189006774720E-05
                          0.1399964784198363E-05
                          0.1405758493481551E-05
                          0.1411570167001932E-05
                          0.1417399841840329E-05
                          0.1423247657912444E-05
                          0.1429113344078032E-05
                          0.1434997245856919E-05
                          0.1440899297727910E-05
                          0.1446819536977027E-05
                          0.1452758001406567E-05
                          0.1458714726949287E-05
                          0.1464689752437177E-05
                          0.1470683114833234E-05
                          0.1476694851615535E-05
                          0.1482725000300425E-05
                          0.1488773598442503E-05
                          0.1494840683634637E-05
                          0.1500926293533317E-05
                          0.1507030465731826E-05
                          0.1513153238032109E-05
                          0.1519294648100103E-05
                          0.1525454733775535E-05
                          0.1531633532887606E-05
                          0.1537831083216492E-05
                          0.1544047422779877E-05
                          0.1550282589377950E-05
                          0.1556536630837621E-05
                          0.1562809578965142E-05
                          0.1569101431875547E-05
                          0.1575412287573584E-05
                          0.1581742525906898E-05
                          0.1588091087765443E-05
                          0.1594459109592366E-05
                          0.1600846263418469E-05
                          0.1607252590830831E-05
                          0.1613678120278904E-05
                          0.1620122899798829E-05
                          0.1626586964753450E-05
                          0.1633070648163824E-05
                          0.1639573105005476E-05
                          0.1646095256188561E-05
                          0.1652636847222812E-05
                          0.1659197916154099E-05
                          0.1665778501605399E-05
                          0.1672378642240921E-05
                          0.1678998376762810E-05
                          0.1685637743932449E-05
                          0.1692296782467594E-05
                          0.1698975531246542E-05
                          0.1705674029104414E-05
                          0.1712392315072333E-05
                          0.1719130427670062E-05
                          0.1725888406280106E-05
                          0.1732666290444791E-05
                          0.1739464119138779E-05
                          0.1746281927636083E-05
                          0.1753119760213754E-05
                          0.1759977654091305E-05
                          0.1766855662468822E-05
                          0.1773753782583770E-05
                          0.1780672095713492E-05
                          0.1787610627172155E-05
                          0.1794569416312768E-05
                          0.1801548502526189E-05
                          0.1808547925241735E-05
                          0.1815567723927405E-05
                          0.1822607938088956E-05
                          0.1829668617365810E-05
                          0.1836749771054594E-05
                          0.1843851469062150E-05
                          0.1850973740951151E-05
                          0.1858116626876480E-05
                          0.1865280165203269E-05
                          0.1872464398220361E-05
                          0.1879669361849525E-05
                          0.1886895101126832E-05
                          0.1894141649537326E-05
                          0.1901409052316787E-05
                          0.1908697347588497E-05
                          0.1916006576886559E-05
                          0.1923336776034968E-05
                          0.1930687988712766E-05
                          0.1938060254655831E-05
                          0.1945453613242822E-05
                          0.1952868105097810E-05
                          0.1960303770765059E-05
                          0.1967760649152039E-05
                          0.1975238840742588E-05
                          0.1982738208998338E-05
                          0.1990262382215165E-05
                          0.1997801107568058E-05
                          0.2005364659959752E-05
                          0.2012949668410501E-05
                          0.2020556173459410E-05
                          0.2028184217707918E-05
                          0.2035833835699110E-05
                          0.2043505074157092E-05
                          0.2051197972182905E-05
                          0.2058912570269007E-05
                          0.2066648907883769E-05
                          0.2074407068465369E-05
                          0.2082186968810220E-05
                          0.2089988773680810E-05
                          0.2097812482764214E-05
                          0.2105658136924271E-05
                          0.2113525777094750E-05
                          0.2121415444371164E-05
                          0.2129327179811037E-05
                          0.2137261024652732E-05
                          0.2145217019654616E-05
                          0.2153195206447993E-05
                          0.2161195625995648E-05
                          0.2169218324132140E-05
                          0.2177263328806417E-05
                          0.2185330698189731E-05
                          0.2193420458671296E-05
                          0.2201532662225430E-05
                          0.2209667346790769E-05
                          0.2217824553862732E-05
                          0.2226004324975161E-05
                          0.2234206701699832E-05
                          0.2242431729780709E-05
                          0.2250679438465506E-05
                          0.2258949882151805E-05
                          0.2267243097501178E-05
                          0.2275559127206775E-05
                          0.2283898012762173E-05
                          0.2292259796018005E-05
                          0.2300644519741664E-05
                          0.2309052225519906E-05
                          0.2317482951678293E-05
                          0.2325936905379751E-05
                          0.2334413644593313E-05
                          0.2342913695243916E-05
                          0.2351436936718534E-05
                          0.2359983412092076E-05
                          0.2368553173592018E-05
                          0.2377146233569810E-05
                          0.2385762663923674E-05
                          0.2394402496769565E-05
                          0.2403065774464738E-05
                          0.2411752539942670E-05
                          0.2420462835381128E-05
                          0.2429196703947558E-05
                          0.2437954185471273E-05
                          0.2446735325317599E-05
                          0.2455540165076709E-05
                          0.2464368747355300E-05
                          0.2473221114898287E-05
                          0.2482097310193336E-05
                          0.2490997377443122E-05
                          0.2499921355107526E-05
                          0.2508869290386430E-05
                          0.2517841224626880E-05
                          0.2526837200692835E-05
                          0.2535857261547807E-05
                          0.2544901450257733E-05
                          0.2553969815345803E-05
                          0.2563062392757613E-05
                          0.2572179215165075E-05
                          0.2581320341125291E-05
                          0.2590485813623900E-05
                          0.2599675672308311E-05
                          0.2608889960395775E-05
                          0.2618128721168394E-05
                          0.2627391997839985E-05
                          0.2636679833822471E-05
                          0.2645992272459470E-05
                          0.2655329357159498E-05
                          0.2664691131369362E-05
                          0.2674077638574040E-05
                          0.2683488922297887E-05
                          0.2692925026099476E-05
                          0.2702385993587776E-05
                          0.2711871898044521E-05
                          0.2721382694453144E-05
                          0.2730918514681388E-05
                          0.2740479373647607E-05
                          0.2750065314872718E-05
                          0.2759676382268671E-05
                          0.2769312619403956E-05
                          0.2778974070507876E-05
                          0.2788660779412200E-05
                          0.2798372790919011E-05
                          0.2808110146584089E-05
                          0.2817872892934019E-05
                          0.2827661073939073E-05
                          0.2837474790594179E-05
                          0.2847314223223618E-05
                          0.2857178909813065E-05
                          0.2867069017352560E-05
                          0.2876985030258278E-05
                          0.2886926742585767E-05
                          0.2896894198459071E-05
                          0.2906887442802860E-05
                          0.2916906519158963E-05
                          0.2926951472822312E-05
                          0.2937022348039273E-05
                          0.2947119191329252E-05
                          0.2957242041397672E-05
                          0.2967390948766756E-05
                          0.2977565956144052E-05
                          0.2987767108239608E-05
                          0.2997994457965069E-05
                          0.3008248025613117E-05
                          0.3018527880508202E-05
                          0.3028834059777670E-05
                          0.3039166606992804E-05
                          0.3049525568481359E-05
                          0.3059911010644691E-05
                          0.3070322912602109E-05
                          0.3080761385394912E-05
                          0.3091226452103566E-05
                          0.3101718159926096E-05
                          0.3112236548754841E-05
                          0.3122781667234381E-05
                          0.3133353561973262E-05
                          0.3143952275746737E-05
                          0.3154577854570174E-05
                          0.3165230354441213E-05
                          0.3175909794477475E-05
                          0.3186616237839826E-05
                          0.3197349732180160E-05
                          0.3208110319739188E-05
                          0.3218898113492010E-05
                          0.3229712952188659E-05
                          0.3240555089809862E-05
                          0.3251424502319273E-05
                          0.3262321235420218E-05
                          0.3273245334856556E-05
                          0.3284196846445322E-05
                          0.3295175816921752E-05
                          0.3306182289173406E-05
                          0.3317216312791208E-05
                          0.3328277930706349E-05
                          0.3339367191324211E-05
                          0.3350484150456791E-05
                          0.3361628821456900E-05
                          0.3372801281339851E-05
                          0.3384001568275665E-05
                          0.3395229727712293E-05
                          0.3406485804631490E-05
                          0.3417769846359971E-05
                          0.3429081898906787E-05
                          0.3440422009224895E-05
                          0.3451790221384294E-05
                          0.3463186584166865E-05
                          0.3474611143189997E-05
                          0.3486063944923149E-05
                          0.3497545035873793E-05
                          0.3509054463047081E-05
                          0.3520592271806911E-05
                          0.3532158509682028E-05
                          0.3543753243629178E-05
                          0.3555376459337601E-05
                          0.3567028264397261E-05
                          0.3578708685299658E-05
                          0.3590417768858420E-05
                          0.3602155561924528E-05
                          0.3613922111389577E-05
                          0.3625717464181708E-05
                          0.3637541671141094E-05
                          0.3649394767652404E-05
                          0.3661276812379311E-05
                          0.3673187848573230E-05
                          0.3685127924864710E-05
                          0.3697097083619895E-05
                          0.3709095376913915E-05
                          0.3721122850340038E-05
                          0.3733179554409569E-05
                          0.3745265573061407E-05
                          0.3757380824346966E-05
                          0.3769525494282954E-05
                          0.3781699579287631E-05
                          0.3793903126852334E-05
                          0.3806136204053596E-05
                          0.3818398803303626E-05
                          0.3830691029817255E-05
                          0.3843012994881949E-05
                          0.3855364494312168E-05
                          0.3867745827476863E-05
                          0.3880156990408741E-05
                          0.3892597934674484E-05
                          0.3905068804259202E-05
                          0.3917569614949426E-05
                          0.3930100414585338E-05
                          0.3942661251134033E-05
                          0.3955252172542518E-05
                          0.3967873226810499E-05
                          0.3980524462631185E-05
                          0.3993205926115896E-05
                          0.4005917667344228E-05
                          0.4018659734134000E-05
                          0.4031432173716528E-05
                          0.4044235035316696E-05
                          0.4057068366973682E-05
                          0.4069932216604338E-05
                          0.4082826632816761E-05
                          0.4095751664086249E-05
                          0.4108707358744962E-05
                          0.4121693765237426E-05
                          0.4134710932073064E-05
                          0.4147758907785297E-05
                          0.4160837865538624E-05
                          0.4173947480287164E-05
                          0.4187088174089856E-05
                          0.4200259871418509E-05
                          0.4213462620872689E-05
                          0.4226696471220014E-05
                          0.4239962342709809E-05
                          0.4253257669847385E-05
                          0.4266585115823933E-05
                          0.4279943858148330E-05
                          0.4293333946193839E-05
                          0.4306755427662488E-05
                          0.4320208352879491E-05
                          0.4333692770485137E-05
                          0.4347208729588888E-05
                          0.4360756279340214E-05
                          0.4374335470251765E-05
                          0.4387946347716552E-05
                          0.4401588964511756E-05
                          0.4415263369199749E-05
                          0.4428969610618099E-05
                          0.4442707738485393E-05
                          0.4456477802103310E-05
                          0.4470279850925775E-05
                          0.4484113934568721E-05
                          0.4497980102189569E-05
                          0.4511878403767025E-05
                          0.4525808889567672E-05
                          0.4539771606661867E-05
                          0.4553766607381592E-05
                          0.4567793940553182E-05
                          0.4581853656729908E-05
                          0.4595945803330343E-05
                          0.4610070432568787E-05
                          0.4624227593529069E-05
                          0.4638417336122388E-05
                          0.4652639710301315E-05
                          0.4666894766371128E-05
                          0.4681182553407646E-05
                          0.4695503122429723E-05
                          0.4709856523223708E-05
                          0.4724242805932038E-05
                          0.4738662020735418E-05
                          0.4753114217856773E-05
                          0.4767599447544339E-05
                          0.4782117760096735E-05
                          0.4796669205852501E-05
                          0.4811253835180721E-05
                          0.4825871698556762E-05
                          0.4840522846233855E-05
                          0.4855207328919946E-05
                          0.4869925197035921E-05
                          0.4884676502029455E-05
                          0.4899461291834635E-05
                          0.4914279619953754E-05
                          0.4929131535681477E-05
                          0.4944017090215137E-05
                          0.4958936334145419E-05
                          0.4973889318265521E-05
                          0.4988876098093898E-05
                          0.5003896710437718E-05
                          0.5018951220848301E-05
                          0.5034039673839916E-05
                          0.5049162122141625E-05
                          0.5064318616192022E-05
                          0.5079509207302648E-05
                          0.5094733945827134E-05
                          0.5109992883649118E-05
                          0.5125286071717818E-05
                          0.5140613561892121E-05
                          0.5155975403343248E-05
                          0.5171371649483531E-05
                          0.5186802350937523E-05
                          0.5202267559065647E-05
                          0.5217767325273203E-05
                          0.5233301701003050E-05
                          0.5248870737736586E-05
                          0.5264474486994352E-05
                          0.5280113001491599E-05
                          0.5295786329352105E-05
                          0.5311494649273499E-05
                          0.5327237640999976E-05
                          0.5343016039607014E-05
                          0.5358828835473829E-05
                          0.5374677026316266E-05
                          0.5390560326922025E-05
                          0.5406478814171679E-05
                          0.5422432530104900E-05
                          0.5438421529233952E-05
                          0.5454445860395037E-05
                          0.5470505578176642E-05
                          0.5486600733777164E-05
                          0.5502731379467023E-05
                          0.5518897566848186E-05
                          0.5535099349960587E-05
                          0.5551336776838049E-05
                          0.5567609903724233E-05
                          0.5583918781505447E-05
                          0.5600263462674520E-05
                          0.5616643999346383E-05
                          0.5633060444129546E-05
                          0.5649512849717530E-05
                          0.5666001269055500E-05
                          0.5682525751280863E-05
                          0.5699086356058634E-05
                          0.5715683125302166E-05
                          0.5732316120861843E-05
                          0.5748985392331627E-05
                          0.5765690992878228E-05
                          0.5782432973863744E-05
                          0.5799211389452300E-05
                          0.5816026292004488E-05
                          0.5832877734381268E-05
                          0.5849765769472906E-05
                          0.5866690450221936E-05
                          0.5883651829671332E-05
                          0.5900649960618404E-05
                          0.5917684896358693E-05
                          0.5934756689817387E-05
                          0.5951865394448857E-05
                          0.5969011062680109E-05
                          0.5986193748455461E-05
                          0.6003413504680046E-05
                          0.6020670384735005E-05
                          0.6037964441902805E-05
                          0.6055295729541891E-05
                          0.6072664301267245E-05
                          0.6090070209848526E-05
                          0.6107513509423399E-05
                          0.6124994253270270E-05
                          0.6142512495389298E-05
                          0.6160068298270097E-05
                          0.6177661686451003E-05
                          0.6195292743327103E-05
                          0.6212961512207515E-05
                          0.6230668047628169E-05
                          0.6248412402846829E-05
                          0.6266194633214737E-05
                          0.6284014788564675E-05
                          0.6301872926716799E-05
                          0.6319769099997462E-05
                          0.6337703362856514E-05
                          0.6355675769087644E-05
                          0.6373686373200497E-05
                          0.6391735227925026E-05
                          0.6409822388774339E-05
                          0.6427947909625444E-05
                          0.6446111844133759E-05
                          0.6464314246737158E-05
                          0.6482555172060111E-05
                          0.6500834674747666E-05
                          0.6519152807523846E-05
                          0.6537509626346855E-05
                          0.6555905185172762E-05
                          0.6574339538453272E-05
                          0.6592812740688604E-05
                          0.6611324847026198E-05
                          0.6629875910363456E-05
                          0.6648465986725450E-05
                          0.6667095130582645E-05
                          0.6685763399341083E-05
                          0.6704470839173290E-05
                          0.6723217513392573E-05
                          0.6742003473989919E-05
                          0.6760828775799221E-05
                          0.6779693473713523E-05
                          0.6798597622638740E-05
                          0.6817541277557442E-05
                          0.6836524493464767E-05
                          0.6855547325401641E-05
                          0.6874609828442869E-05
                          0.6893712058326890E-05
                          0.6912854068350945E-05
                          0.6932035917833427E-05
                          0.6951257654578669E-05
                          0.6970519340664249E-05
                          0.6989821030199062E-05
                          0.7009162775317702E-05
                          0.7028544634614560E-05
                          0.7047966662684887E-05
                          0.7067428914263516E-05
                          0.7086931445574793E-05
                          0.7106474311913905E-05
                          0.7126057568856639E-05
                          0.7145681272016869E-05
                          0.7165345477045910E-05
                          0.7185050239634727E-05
                          0.7204795615511608E-05
                          0.7224581660443383E-05
                          0.7244408430252269E-05
                          0.7264275980792430E-05
                          0.7284184370909263E-05
                          0.7304133647395294E-05
                          0.7324123876537989E-05
                          0.7344155107947070E-05
                          0.7364227402300641E-05
                          0.7384340810513348E-05
                          0.7404495392866599E-05
                          0.7424691203840505E-05
                          0.7444928299914678E-05
                          0.7465206737241397E-05
                          0.7485526573218836E-05
                          0.7505887860711931E-05
                          0.7526290659502134E-05
                          0.7546735024819758E-05
                          0.7567221014350895E-05
                          0.7587748680728847E-05
                          0.7608318084280172E-05
                          0.7628929280256962E-05
                          0.7649582325229487E-05
                          0.7670277275806288E-05
                          0.7691014188634120E-05
                          0.7711793120398092E-05
                          0.7732614127821523E-05
                          0.7753477267665801E-05
                          0.7774382596730993E-05
                          0.7795330171855114E-05
                          0.7816320049914499E-05
                          0.7837352287900464E-05
                          0.7858426942579877E-05
                          0.7879544071041858E-05
                          0.7900703730428762E-05
                          0.7921905977591463E-05
                          0.7943150869812389E-05
                          0.7964438464166937E-05
                          0.7985768817858651E-05
                          0.8007141988074752E-05
                          0.8028558032104724E-05
                          0.8050017007233642E-05
                          0.8071518970801627E-05
                          0.8093063980286850E-05
                          0.8114652092771335E-05
                          0.8136283366040174E-05
                          0.8157957857469490E-05
                          0.8179675624586070E-05
                          0.8201436724963833E-05
                          0.8223241218323111E-05
                          0.8245089155901220E-05
                          0.8266980609602515E-05
                          0.8288915611595824E-05
                          0.8310894248681833E-05
                          0.8332916553932246E-05
                          0.8354982602102659E-05
                          0.8377092445422809E-05
                          0.8399246141802751E-05
                          0.8421443749189532E-05
                          0.8443685325570011E-05
                          0.8465970928967792E-05
                          0.8488300617445326E-05
                          0.8510674450191391E-05
                          0.8533092482080734E-05
                          0.8555554774583079E-05
                          0.8578061384740972E-05
                          0.8600612370904359E-05
                          0.8623207791303016E-05
                          0.8645847704323059E-05
                          0.8668532168255967E-05
                          0.8691261244113982E-05
                          0.8714034982701148E-05
                          0.8736853451796909E-05
                          0.8759716702652103E-05
                          0.8782624798227431E-05
                          0.8805577795534199E-05
                          0.8828575753739824E-05
                          0.8851618731185568E-05
                          0.8874706786647634E-05
                          0.8897839978856430E-05
                          0.8921018366610804E-05
                          0.8944242008938510E-05
                          0.8967510964044888E-05
                          0.8990825294094791E-05
                          0.9014185050063223E-05
                          0.9037590298665785E-05
                          0.9061041096345663E-05
                          0.9084537502155660E-05
                          0.9108079575195754E-05
                          0.9131667374597969E-05
                          0.9155300959540754E-05
                          0.9178980389215073E-05
                          0.9202705722888771E-05
                          0.9226477019842185E-05
                          0.9250294339400392E-05
                          0.9274157740927342E-05
                          0.9298067283843532E-05
                          0.9322023027528225E-05
                          0.9346025031521274E-05
                          0.9370073357298356E-05
                          0.9394168058516736E-05
                          0.9418309200805923E-05
                          0.9442496841270876E-05
                          0.9466731040226315E-05
                          0.9491011857602285E-05
                          0.9515339351721097E-05
                          0.9539713583934712E-05
                          0.9564134613226961E-05
                          0.9588602499813853E-05
                          0.9613117306159506E-05
                          0.9637679084340961E-05
                          0.9662287905179587E-05
                          0.9686943816419565E-05
                          0.9711646888115978E-05
                          0.9736397176953057E-05
                          0.9761194743148574E-05
                          0.9786039646601588E-05
                          0.9810931948653351E-05
                          0.9835871710123701E-05
                          0.9860858985495781E-05
                          0.9885893839805488E-05
                          0.9910976334376171E-05
                          0.9936106528172186E-05
                          0.9961284484700520E-05
                          0.9986510255276546E-05
                          0.1001178390957736E-04
                          0.1003710550505466E-04
                          0.1006247510234542E-04
                          0.1008789276205479E-04
                          0.1011335854485244E-04
                          0.1013887251143739E-04
                          0.1016443472255218E-04
                          0.1019004523897509E-04
                          0.1021570412152343E-04
                          0.1024141143105318E-04
                          0.1026716722845653E-04
                          0.1029297157466706E-04
                          0.1031882453065454E-04
                          0.1034472615743604E-04
                          0.1037067651603264E-04
                          0.1039667566755514E-04
                          0.1042272367415058E-04
                          0.1044882059388362E-04
                          0.1047496649145911E-04
                          0.1050116142585853E-04
                          0.1052740545958258E-04
                          0.1055369865353801E-04
                          0.1058004106908969E-04
                          0.1060643276759126E-04
                          0.1063287381051015E-04
                          0.1065936425930126E-04
                          0.1068590417547050E-04
                          0.1071249362065642E-04
                          0.1073913265615846E-04
                          0.1076582134388100E-04
                          0.1079255974538664E-04
                          0.1081934792237464E-04
                          0.1084618593657982E-04
                          0.1087307384977594E-04
                          0.1090001172377499E-04
                          0.1092699962043335E-04
                          0.1095403760162129E-04
                          0.1098112572933559E-04
                          0.1100826406538004E-04
                          0.1103545267191318E-04
                          0.1106269161092551E-04
                          0.1108998094449472E-04
                          0.1111732073474173E-04
                          0.1114471104382022E-04
                          0.1117215193392683E-04
                          0.1119964346938861E-04
                          0.1122718570619208E-04
                          0.1125477871293127E-04
                          0.1128242254985898E-04
                          0.1131011727936114E-04
                          0.1133786296386672E-04
                          0.1136565966582378E-04
                          0.1139350744774743E-04
                          0.1142140637222661E-04
                          0.1144935650167425E-04
                          0.1147735789887012E-04
                          0.1150541062641323E-04
                          0.1153351474847705E-04
                          0.1156167032334747E-04
                          0.1158987741823739E-04
                          0.1161813609447218E-04
                          0.1164644641494588E-04
                          0.1167480844239479E-04
                          0.1170322223988752E-04
                          0.1173168787033488E-04
                          0.1176020539673500E-04
                          0.1178877488212422E-04
                          0.1181739638957716E-04
                          0.1184606998220672E-04
                          0.1187479572316903E-04
                          0.1190357367563854E-04
                          0.1193240390285785E-04
                          0.1196128646820460E-04
                          0.1199022143463293E-04
                          0.1201920886583534E-04
                          0.1204824882507584E-04
                          0.1207734137577351E-04
                          0.1210648658138531E-04
                          0.1213568450540698E-04
                          0.1216493521137221E-04
                          0.1219423876288397E-04
                          0.1222359522345963E-04
                          0.1225300465684064E-04
                          0.1228246712668282E-04
                          0.1231198269671123E-04
                          0.1234155143068917E-04
                          0.1237117339241825E-04
                          0.1240084864578346E-04
                          0.1243057725452744E-04
                          0.1246035928270197E-04
                          0.1249019479421658E-04
                          0.1252008385306475E-04
                          0.1255002652327576E-04
                          0.1258002286892086E-04
                          0.1261007295410714E-04
                          0.1264017684298050E-04
                          0.1267033460037369E-04
                          0.1270054628856347E-04
                          0.1273081197375626E-04
                          0.1276113171960245E-04
                          0.1279150559043926E-04
                          0.1282193365064222E-04
                          0.1285241596462504E-04
                          0.1288295259683977E-04
                          0.1291354361177668E-04
                          0.1294418907396429E-04
                          0.1297488904796941E-04
                          0.1300564359839709E-04
                          0.1303645278989066E-04
                          0.1306731668713170E-04
                          0.1309823535484005E-04
                          0.1312920885777381E-04
                          0.1316023726072932E-04
                          0.1319132062854124E-04
                          0.1322245902608244E-04
                          0.1325365251826405E-04
                          0.1328490117003551E-04
                          0.1331620504638447E-04
                          0.1334756421233684E-04
                          0.1337897873295684E-04
                          0.1341044867334691E-04
                          0.1344197409864776E-04
                          0.1347355507403834E-04
                          0.1350519166473593E-04
                          0.1353688393599598E-04
                          0.1356863195311227E-04
                          0.1360043578141680E-04
                          0.1363229548627986E-04
                          0.1366421113310998E-04
                          0.1369618278735394E-04
                          0.1372821051449684E-04
                          0.1376029438006198E-04
                          0.1379243444961092E-04
                          0.1382463078874353E-04
                          0.1385688346309791E-04
                          0.1388919253835042E-04
                          0.1392155808021567E-04
                          0.1395398015444656E-04
                          0.1398645882683424E-04
                          0.1401899416320810E-04
                          0.1405158622943583E-04
                          0.1408423509142332E-04
                          0.1411694081511482E-04
                          0.1414970346649274E-04
                          0.1418252311157778E-04
                          0.1421539981642896E-04
                          0.1424833364714348E-04
                          0.1428132466985684E-04
                          0.1431437295074278E-04
                          0.1434747855601335E-04
                          0.1438064155191880E-04
                          0.1441386200474768E-04
                          0.1444713998082679E-04
                          0.1448047554652119E-04
                          0.1451386876823419E-04
                          0.1454731971240737E-04
                          0.1458082844552059E-04
                          0.1461439503409195E-04
                          0.1464801954467780E-04
                          0.1468170204387277E-04
                          0.1471544259830977E-04
                          0.1474924127465991E-04
                          0.1478309813963262E-04
                          0.1481701325997555E-04
                          0.1485098670247466E-04
                          0.1488501853395413E-04
                          0.1491910882127638E-04
                          0.1495325763134216E-04
                          0.1498746503109044E-04
                          0.1502173108749844E-04
                          0.1505605586758167E-04
                          0.1509043943839385E-04
                          0.1512488186702704E-04
                          0.1515938322061150E-04
                          0.1519394356631577E-04
                          0.1522856297134665E-04
                          0.1526324150294920E-04
                          0.1529797922840673E-04
                          0.1533277621504086E-04
                          0.1536763253021138E-04
                          0.1540254824131644E-04
                          0.1543752341579238E-04
                          0.1547255812111383E-04
                          0.1550765242479368E-04
                          0.1554280639438308E-04
                          0.1557802009747142E-04
                          0.1561329360168639E-04
                          0.1564862697469392E-04
                          0.1568402028419820E-04
                          0.1571947359794167E-04
                          0.1575498698370506E-04
                          0.1579056050930733E-04
                          0.1582619424260571E-04
                          0.1586188825149572E-04
                          0.1589764260391110E-04
                          0.1593345736782388E-04
                          0.1596933261124432E-04
                          0.1600526840222095E-04
                          0.1604126480884062E-04
                          0.1607732189922834E-04
                          0.1611343974154745E-04
                          0.1614961840399954E-04
                          0.1618585795482445E-04
                          0.1622215846230030E-04
                          0.1625851999474341E-04
                          0.1629494262050845E-04
                          0.1633142640798829E-04
                          0.1636797142561409E-04
                          0.1640457774185524E-04
                          0.1644124542521942E-04
                          0.1647797454425256E-04
                          0.1651476516753886E-04
                          0.1655161736370078E-04
                          0.1658853120139901E-04
                          0.1662550674933253E-04
                          0.1666254407623858E-04
                          0.1669964325089267E-04
                          0.1673680434210854E-04
                          0.1677402741873820E-04
                          0.1681131254967195E-04
                          0.1684865980383833E-04
                          0.1688606925020414E-04
                          0.1692354095777442E-04
                          0.1696107499559250E-04
                          0.1699867143273999E-04
                          0.1703633033833671E-04
                          0.1707405178154076E-04
                          0.1711183583154853E-04
                          0.1714968255759464E-04
                          0.1718759202895196E-04
                          0.1722556431493167E-04
                          0.1726359948488315E-04
                          0.1730169760819409E-04
                          0.1733985875429040E-04
                          0.1737808299263631E-04
                          0.1741637039273424E-04
                          0.1745472102412492E-04
                          0.1749313495638732E-04
                          0.1753161225913866E-04
                          0.1757015300203448E-04
                          0.1760875725476849E-04
                          0.1764742508707275E-04
                          0.1768615656871751E-04
                          0.1772495176951135E-04
                          0.1776381075930100E-04
                          0.1780273360797160E-04
                          0.1784172038544643E-04
                          0.1788077116168707E-04
                          0.1791988600669340E-04
                          0.1795906499050350E-04
                          0.1799830818319375E-04
                          0.1803761565487875E-04
                          0.1807698747571142E-04
                          0.1811642371588291E-04
                          0.1815592444562262E-04
                          0.1819548973519821E-04
                          0.1823511965491562E-04
                          0.1827481427511905E-04
                          0.1831457366619097E-04
                          0.1835439789855205E-04
                          0.1839428704266131E-04
                          0.1843424116901597E-04
                          0.1847426034815151E-04
                          0.1851434465064172E-04
                          0.1855449414709861E-04
                          0.1859470890817245E-04
                          0.1863498900455179E-04
                          0.1867533450696344E-04
                          0.1871574548617244E-04
                          0.1875622201298214E-04
                          0.1879676415823409E-04
                          0.1883737199280818E-04
                          0.1887804558762249E-04
                          0.1891878501363340E-04
                          0.1895959034183553E-04
                          0.1900046164326177E-04
                          0.1904139898898327E-04
                          0.1908240245010943E-04
                          0.1912347209778795E-04
                          0.1916460800320475E-04
                          0.1920581023758402E-04
                          0.1924707887218821E-04
                          0.1928841397831806E-04
                          0.1932981562731253E-04
                          0.1937128389054883E-04
                          0.1941281883944251E-04
                          0.1945442054544731E-04
                          0.1949608908005524E-04
                          0.1953782451479659E-04
                          0.1957962692123989E-04
                          0.1962149637099196E-04
                          0.1966343293569786E-04
                          0.1970543668704090E-04
                          0.1974750769674268E-04
                          0.1978964603656305E-04
                          0.1983185177830012E-04
                          0.1987412499379022E-04
                          0.1991646575490804E-04
                          0.1995887413356643E-04
                          0.2000135020171655E-04
                          0.2004389403134780E-04
                          0.2008650569448788E-04
                          0.2012918526320271E-04
                          0.2017193280959649E-04
                          0.2021474840581164E-04
                          0.2025763212402894E-04
                          0.2030058403646730E-04
                          0.2034360421538403E-04
                          0.2038669273307456E-04
                          0.2042984966187271E-04
                          0.2047307507415045E-04
                          0.2051636904231808E-04
                          0.2055973163882417E-04
                          0.2060316293615547E-04
                          0.2064666300683711E-04
                          0.2069023192343235E-04
                          0.2073386975854284E-04
                          0.2077757658480837E-04
                          0.2082135247490709E-04
                          0.2086519750155532E-04
                          0.2090911173750774E-04
                          0.2095309525555724E-04
                          0.2099714812853494E-04
                          0.2104127042931028E-04
                          0.2108546223079091E-04
                          0.2112972360592278E-04
                          0.2117405462769006E-04
                          0.2121845536911525E-04
                          0.2126292590325903E-04
                          0.2130746630322040E-04
                          0.2135207664213660E-04
                          0.2139675699318313E-04
                          0.2144150742957373E-04
                          0.2148632802456041E-04
                          0.2153121885143351E-04
                          0.2157617998352153E-04
                          0.2162121149419129E-04
                          0.2166631345684783E-04
                          0.2171148594493451E-04
                          0.2175672903193292E-04
                          0.2180204279136287E-04
                          0.2184742729678248E-04
                          0.2189288262178816E-04
                          0.2193840884001450E-04
                          0.2198400602513438E-04
                          0.2202967425085900E-04
                          0.2207541359093774E-04
                          0.2212122411915827E-04
                          0.2216710590934657E-04
                          0.2221305903536678E-04
                          0.2225908357112138E-04
                          0.2230517959055111E-04
                          0.2235134716763491E-04
                          0.2239758637639004E-04
                          0.2244389729087199E-04
                          0.2249027998517454E-04
                          0.2253673453342971E-04
                          0.2258326100980776E-04
                          0.2262985948851725E-04
                          0.2267653004380499E-04
                          0.2272327274995605E-04
                          0.2277008768129374E-04
                          0.2281697491217964E-04
                          0.2286393451701365E-04
                          0.2291096657023380E-04
                          0.2295807114631653E-04
                          0.2300524831977645E-04
                          0.2305249816516641E-04
                          0.2309982075707764E-04
                          0.2314721617013950E-04
                          0.2319468447901967E-04
                          0.2324222575842412E-04
                          0.2328984008309701E-04
                          0.2333752752782080E-04
                          0.2338528816741623E-04
                          0.2343312207674228E-04
                          0.2348102933069617E-04
                          0.2352901000421340E-04
                          0.2357706417226774E-04
                          0.2362519190987124E-04
                          0.2367339329207412E-04
                          0.2372166839396499E-04
                          0.2377001729067064E-04
                          0.2381844005735612E-04
                          0.2386693676922474E-04
                          0.2391550750151815E-04
                          0.2396415232951613E-04
                          0.2401287132853685E-04
                          0.2406166457393664E-04
                          0.2411053214111013E-04
                          0.2415947410549025E-04
                          0.2420849054254814E-04
                          0.2425758152779317E-04
                          0.2430674713677308E-04
                          0.2435598744507379E-04
                          0.2440530252831947E-04
                          0.2445469246217259E-04
                          0.2450415732233389E-04
                          0.2455369718454231E-04
                          0.2460331212457514E-04
                          0.2465300221824788E-04
                          0.2470276754141422E-04
                          0.2475260816996626E-04
                          0.2480252417983425E-04
                          0.2485251564698676E-04
                          0.2490258264743057E-04
                          0.2495272525721077E-04
                          0.2500294355241066E-04
                          0.2505323760915186E-04
                          0.2510360750359420E-04
                          0.2515405331193581E-04
                          0.2520457511041304E-04
                          0.2525517297530051E-04
                          0.2530584698291116E-04
                          0.2535659720959611E-04
                          0.2540742373174480E-04
                          0.2545832662578489E-04
