 Planetary albedo [cm2 / molecules of air]
          0.00000000E+00
          0.13161694E-11
          0.19484969E-10
          0.96090247E-10
          0.29971814E-09
          0.72595785E-09
          0.14974009E-08
          0.27636418E-08
          0.47012776E-08
          0.75139082E-08
          0.11432136E-07
          0.16713566E-07
          0.23642806E-07
          0.32531467E-07
          0.43718161E-07
          0.57568506E-07
          0.74475117E-07
          0.94857618E-07
          0.11916263E-06
          0.14786378E-06
          0.18146170E-06
          0.22048402E-06
          0.26548536E-06
          0.31704738E-06
          0.37577870E-06
          0.44231496E-06
          0.51731881E-06
          0.60147988E-06
          0.69551484E-06
          0.80016731E-06
          0.91620795E-06
          0.10444344E-05
          0.11856714E-05
          0.13407704E-05
          0.38093201E-05
          0.59028508E-03
          0.18981618E-05
          0.21177659E-05
          0.23558953E-05
          0.26135638E-05
          0.29020656E-05
          0.31917073E-05
          0.35143447E-05
          0.38608458E-05
          0.42323590E-05
          0.14718303E+00
          0.31758187E-01
          0.74408439E-03
          0.23881963E-01
          0.65072006E-05
          0.70544202E-05
          0.76354484E-05
          0.83322225E-05
          0.89044155E-05
          0.95951646E-05
          0.10325342E-04
          0.11096421E-04
          0.11909901E-04
          0.12767308E-04
          0.13670196E-04
          0.14620145E-04
          0.15618763E-04
          0.16667683E-04
          0.17768568E-04
          0.18923105E-04
          0.20133011E-04
          0.21400027E-04
          0.22725922E-04
          0.24112493E-04
          0.25561563E-04
          0.27074981E-04
          0.28654626E-04
          0.30302401E-04
          0.32020237E-04
          0.33810092E-04
          0.35673951E-04
          0.37613826E-04
          0.39631755E-04
          0.41729804E-04
          0.43910066E-04
          0.46174660E-04
          0.48525732E-04
          0.50965456E-04
          0.53496033E-04
          0.56119689E-04
          0.58838679E-04
          0.61655283E-04
          0.64609328E-04
          0.67590593E-04
          0.70713995E-04
          0.73944404E-04
          0.77284236E-04
          0.80735933E-04
          0.84301963E-04
          0.87984823E-04
          0.91787036E-04
          0.95711152E-04
          0.99759746E-04
          0.10393542E-03
          0.10824081E-03
          0.11267857E-03
          0.11725138E-03
          0.46071107E-01
          0.14405414E-03
          0.13180736E-03
          0.13694775E-03
          0.14223804E-03
          0.41628612E-01
          0.12732901E+00
          0.30524101E-02
          0.16494009E-03
          0.17101693E-03
          0.45839260E-02
          0.80880811E-01
          0.15818166E+00
          0.14704778E+00
          0.11799984E+00
          0.10419934E+00
          0.31940821E-01
          0.22606245E-03
          0.23358033E-03
          0.24143841E-03
          0.24951463E-03
          0.25779168E-03
          0.26627289E-03
          0.27496158E-03
          0.28386109E-03
          0.29297481E-03
          0.30230612E-03
          0.31185848E-03
          0.32163532E-03
          0.33164013E-03
          0.34187643E-03
          0.35234775E-03
          0.36305764E-03
          0.37400970E-03
          0.38520754E-03
          0.39665480E-03
          0.40835514E-03
          0.42031227E-03
          0.43252990E-03
          0.44501178E-03
          0.45776167E-03
          0.47078338E-03
          0.48408072E-03
          0.49765756E-03
          0.51151776E-03
          0.52566523E-03
          0.54010389E-03
          0.55483771E-03
          0.56987065E-03
          0.58520673E-03
          0.60084998E-03
          0.61680446E-03
          0.63307425E-03
          0.64966346E-03
          0.66657622E-03
          0.68381671E-03
          0.70138910E-03
          0.71929760E-03
          0.73754646E-03
          0.75613995E-03
          0.77591432E-03
          0.79437799E-03
          0.81403310E-03
          0.47295999E-02
          0.19036426E-02
          0.30537742E-01
          0.13874477E-01
          0.12648141E+00
          0.39123815E-01
          0.17302684E+00
          0.14839479E+00
          0.18575662E+00
          0.17586354E+00
          0.16776761E+00
          0.13951453E+00
          0.38889152E-02
          0.12603374E+00
          0.13055921E+00
          0.42457472E-01
          0.46307544E-01
          0.18601899E-01
          0.20287655E-02
          0.12890933E-02
          0.13173030E-02
          0.13459721E-02
          0.14681835E-02
          0.14047094E-02
          0.14347854E-02
          0.14653417E-02
          0.14963823E-02
          0.15279122E-02
          0.15599365E-02
          0.15924602E-02
          0.16254886E-02
          0.16590266E-02
          0.16930795E-02
          0.17276525E-02
          0.17627508E-02
          0.17983795E-02
          0.18345440E-02
          0.18712495E-02
          0.19085013E-02
          0.19463048E-02
          0.19846653E-02
          0.20235882E-02
          0.20630788E-02
          0.21031426E-02
          0.21437851E-02
          0.21850116E-02
          0.22268278E-02
          0.22692390E-02
          0.23122509E-02
          0.23558689E-02
          0.24000987E-02
          0.24449459E-02
          0.24904160E-02
          0.25365148E-02
          0.25832479E-02
          0.26306210E-02
          0.26786398E-02
          0.27273100E-02
          0.27771293E-02
          0.28266290E-02
          0.46069346E-02
          0.49037234E-01
          0.12729030E-01
          0.48022008E-01
          0.79922234E-01
          0.14194901E+00
          0.15240532E+00
          0.10101605E+00
          0.41694255E-01
          0.12824049E-01
          0.36143114E-01
          0.14842042E+00
          0.45081318E-01
          0.54187725E-02
          0.37359302E-02
          0.37214397E-02
          0.37836057E-02
          0.38465425E-02
          0.39102562E-02
          0.39747528E-02
          0.40400388E-02
          0.41061448E-02
          0.41730033E-02
          0.42406945E-02
          0.43091999E-02
          0.43785260E-02
          0.44860972E-02
          0.45196655E-02
          0.45914915E-02
          0.46641636E-02
          0.47376882E-02
          0.11540596E-01
          0.10567248E+00
          0.13483652E-01
          0.50404403E-02
          0.51183241E-02
          0.51970993E-02
          0.52767722E-02
          0.72640676E-01
          0.79473238E-01
          0.19860888E-01
          0.79464597E-02
          0.56888348E-02
          0.57740585E-02
          0.58601761E-02
          0.59472686E-02
          0.60353191E-02
          0.61243338E-02
          0.62144788E-02
          0.63149597E-02
          0.63972300E-02
          0.64901686E-02
          0.65841050E-02
          0.66790462E-02
          0.67749989E-02
          0.68719699E-02
          0.69699661E-02
          0.70689943E-02
          0.71690614E-02
          0.72701743E-02
          0.73723398E-02
          0.74755650E-02
          0.75798567E-02
          0.76852218E-02
          0.77916673E-02
          0.78992002E-02
          0.80078275E-02
          0.81175561E-02
          0.82283931E-02
          0.83403455E-02
          0.84534202E-02
          0.85676244E-02
          0.86829651E-02
          0.87994493E-02
          0.89170842E-02
          0.90402285E-02
          0.10805020E-01
          0.92927782E-02
          0.93992719E-02
          0.95227665E-02
          0.15682839E-01
          0.61351928E-01
          0.13055055E+00
          0.10385156E-01
          0.10158282E-01
          0.10289045E-01
          0.10216486E+00
          0.17703601E+00
          0.16643277E+00
          0.17792416E+00
          0.14544927E+00
          0.25754007E-01
          0.35696542E-01
          0.84613727E-01
          0.76102227E-01
          0.15787315E+00
          0.15402906E+00
          0.15582134E-01
          0.12291662E-01
          0.12254087E-01
          0.12402953E-01
          0.12554300E-01
          0.12707066E-01
          0.12861191E-01
          0.13045159E-01
          0.13173551E-01
          0.13331800E-01
          0.13491438E-01
          0.25205083E-01
          0.11890138E+00
          0.67741092E-01
          0.10750965E+00
          0.10640116E+00
          0.58887617E-01
          0.82792205E-01
          0.97518903E-01
          0.52942879E-01
          0.93978984E-01
          0.52066613E-01
          0.31716995E-01
          0.16937960E-01
          0.15926595E-01
          0.16057707E-01
          0.16240571E-01
          0.16424950E-01
          0.16610851E-01
          0.16798498E-01
          0.16987245E-01
          0.17177755E-01
          0.17369815E-01
          0.17563433E-01
          0.17758618E-01
          0.17955375E-01
          0.18153713E-01
          0.18403455E-01
          0.25301733E-01
          0.84783303E-01
          0.42841820E-01
          0.87853634E-01
          0.10759840E+00
          0.11352581E+00
          0.11341559E+00
          0.12793366E+00
          0.67606100E-01
          0.13029055E+00
          0.13933252E+00
          0.10899483E+00
          0.98359715E-01
          0.11861756E+00
          0.83908219E-01
          0.21797313E-01
          0.22537598E-01
          0.15263343E+00
          0.10401848E+00
          0.27794019E-01
          0.22931789E-01
          0.23168488E-01
          0.15664502E+00
          0.13186140E+00
          0.26172224E-01
          0.35073446E-01
          0.12793136E+00
          0.16468773E+00
          0.16433614E+00
          0.16076809E+00
          0.16307684E+00
          0.16286434E+00
          0.16169490E+00
          0.16125419E+00
          0.15728184E+00
          0.15648183E+00
          0.14900025E+00
          0.16035488E+00
          0.15580435E+00
          0.14396008E+00
          0.15787287E+00
          0.15679780E+00
          0.15678021E+00
          0.15719612E+00
          0.15446017E+00
          0.14353667E+00
          0.11121839E+00
          0.12625470E+00
          0.79244417E-01
          0.10493852E+00
          0.47308501E-01
          0.51644935E-01
          0.48625692E-01
          0.81231561E-01
          0.48331197E-01
          0.54234463E-01
          0.34012764E-01
          0.36809349E-01
          0.34220002E-01
          0.33797104E-01
          0.33838628E-01
          0.34150621E-01
          0.34484519E-01
          0.34831878E-01
          0.35099865E-01
          0.36491111E-01
          0.35742927E-01
          0.36067547E-01
          0.36394234E-01
          0.36722996E-01
          0.40402493E-01
          0.77099111E-01
          0.75618841E-01
          0.64365826E-01
          0.61552950E-01
          0.94359623E-01
          0.82837725E-01
          0.87387887E-01
          0.75549376E-01
          0.62502965E-01
          0.58401594E-01
          0.62547086E-01
          0.80820457E-01
          0.47761595E-01
          0.43678123E-01
          0.46216396E-01
          0.78044881E-01
          0.11776183E+00
          0.14283154E+00
          0.14387208E+00
          0.14346547E+00
          0.14661118E+00
          0.14782099E+00
          0.14634077E+00
          0.14563539E+00
          0.14560211E+00
          0.14252683E+00
          0.13987549E+00
          0.97790617E-01
          0.69115360E-01
          0.48256649E-01
          0.14635615E+00
          0.14603690E+00
          0.14583986E+00
          0.14568976E+00
          0.14506725E+00
          0.14449825E+00
          0.14405941E+00
          0.14057919E+00
          0.14240696E+00
          0.14212546E+00
          0.14245670E+00
          0.14342134E+00
          0.14202865E+00
          0.13867952E+00
          0.13785364E+00
          0.13719751E+00
          0.13712066E+00
          0.12826353E+00
          0.13159307E+00
          0.12271851E+00
          0.11882686E+00
          0.10153835E+00
          0.68103689E-01
          0.82134995E-01
          0.10199726E+00
          0.79513090E-01
          0.12653875E+00
          0.65805117E-01
          0.94396921E-01
          0.88800115E-01
          0.92065657E-01
          0.11998313E+00
          0.13045910E+00
          0.13289217E+00
          0.13797610E+00
          0.13823083E+00
          0.13278117E+00
          0.12995156E+00
          0.13236626E+00
          0.13487821E+00
          0.13662482E+00
          0.12142155E+00
          0.13715923E+00
          0.12908467E+00
          0.13167116E+00
          0.12161640E+00
          0.81278885E-01
          0.13523910E+00
          0.13440453E+00
          0.11843010E+00
          0.75914179E-01
          0.13910250E+00
          0.13920385E+00
          0.13915728E+00
          0.13917861E+00
          0.13912065E+00
          0.13905209E+00
          0.13908086E+00
          0.13906311E+00
          0.13904622E+00
          0.13902765E+00
          0.13901590E+00
          0.13900770E+00
          0.13899197E+00
          0.13898499E+00
          0.13899482E+00
          0.13884219E+00
          0.13900446E+00
          0.13900333E+00
          0.13903471E+00
          0.13906336E+00
          0.13908604E+00
          0.13908461E+00
          0.13908896E+00
          0.13909978E+00
          0.13911046E+00
          0.13896377E+00
          0.13901533E+00
          0.13775438E+00
          0.13795104E+00
          0.13745213E+00
          0.13574971E+00
          0.12849946E+00
          0.13445786E+00
          0.12132467E+00
          0.12600193E+00
          0.12530610E+00
          0.11357135E+00
          0.11774863E+00
          0.11122728E+00
          0.98807604E-01
          0.99239654E-01
          0.11586269E+00
          0.13188945E+00
          0.98485311E-01
          0.10458537E+00
          0.11419722E+00
          0.13297063E+00
          0.13703745E+00
          0.13917915E+00
          0.14042324E+00
          0.13947734E+00
          0.13991448E+00
          0.14073992E+00
          0.14059773E+00
          0.13945733E+00
          0.14023219E+00
          0.13938854E+00
          0.13557983E+00
          0.13725488E+00
          0.13468905E+00
          0.13475702E+00
          0.14323845E+00
          0.14010546E+00
          0.13671200E+00
          0.13460441E+00
          0.14055969E+00
          0.14517256E+00
          0.14588760E+00
          0.14630506E+00
          0.14669642E+00
          0.14678266E+00
          0.14723264E+00
          0.14750249E+00
          0.14787390E+00
          0.14814824E+00
          0.14854698E+00
          0.14883761E+00
          0.14918804E+00
          0.14953969E+00
          0.14987999E+00
          0.15022366E+00
          0.15057155E+00
          0.15092546E+00
          0.15128354E+00
          0.15164625E+00
          0.15200584E+00
          0.15231124E+00
          0.15272440E+00
          0.15306707E+00
          0.15348490E+00
          0.15387967E+00
          0.15406893E+00
          0.15443577E+00
          0.15478298E+00
          0.15531008E+00
          0.15544259E+00
          0.15498429E+00
          0.15527253E+00
          0.15494501E+00
          0.15690437E+00
          0.15722898E+00
          0.15653356E+00
          0.15803977E+00
          0.15857724E+00
          0.15819068E+00
          0.15829259E+00
          0.15956393E+00
          0.16106116E+00
          0.16177274E+00
          0.16242837E+00
          0.16267865E+00
          0.16344141E+00
          0.16397765E+00
          0.16450713E+00
          0.16503246E+00
          0.16554556E+00
          0.16611476E+00
          0.16664920E+00
          0.16715191E+00
          0.16769355E+00
          0.16787467E+00
          0.16880696E+00
          0.16946689E+00
          0.16978724E+00
          0.17038368E+00
          0.17108752E+00
          0.17173516E+00
          0.17241618E+00
          0.17303253E+00
          0.17363370E+00
          0.17424884E+00
          0.17486180E+00
          0.17544214E+00
          0.17610621E+00
          0.17673445E+00
          0.17736946E+00
          0.17800803E+00
          0.17864974E+00
          0.17929633E+00
          0.17995234E+00
          0.18058269E+00
          0.18127268E+00
          0.18193643E+00
          0.18259720E+00
          0.18325710E+00
          0.18396596E+00
          0.18465260E+00
          0.18534065E+00
          0.18602039E+00
          0.18671547E+00
          0.18742896E+00
          0.18811191E+00
          0.18877213E+00
          0.18952269E+00
          0.19016438E+00
          0.19065085E+00
          0.19155152E+00
          0.19205929E+00
          0.19285758E+00
          0.19328585E+00
          0.19359329E+00
          0.19496497E+00
          0.19584507E+00
          0.19610699E+00
          0.19702865E+00
          0.19776739E+00
          0.19849692E+00
          0.19869667E+00
          0.20054567E+00
          0.20153918E+00
          0.20233612E+00
          0.20319166E+00
          0.20401238E+00
          0.20481384E+00
          0.20562418E+00
          0.20643776E+00
          0.20725688E+00
          0.20807398E+00
          0.20889433E+00
          0.20971769E+00
          0.21051880E+00
          0.21134121E+00
          0.21215613E+00
          0.21302914E+00
          0.21379922E+00
          0.21471777E+00
          0.21555236E+00
          0.21634176E+00
          0.21730025E+00
          0.21809936E+00
          0.21892316E+00
          0.21979199E+00
          0.22075500E+00
          0.22164972E+00
          0.22252791E+00
          0.22341082E+00
          0.22427663E+00
          0.22518318E+00
          0.22607139E+00
          0.22696588E+00
          0.22786339E+00
          0.22876306E+00
          0.22966527E+00
          0.23057279E+00
          0.23148182E+00
          0.23239326E+00
          0.23330888E+00
          0.23422675E+00
          0.23514725E+00
          0.23607038E+00
          0.23699704E+00
          0.23792652E+00
          0.23885822E+00
          0.23979194E+00
          0.24072692E+00
          0.24166487E+00
          0.24260630E+00
          0.24355472E+00
          0.24450301E+00
          0.24543433E+00
          0.24638638E+00
          0.24735611E+00
          0.24831687E+00
          0.24926642E+00
          0.25022936E+00
          0.25117909E+00
          0.25216230E+00
          0.25312507E+00
          0.25412141E+00
          0.25510067E+00
          0.25607798E+00
          0.25705946E+00
          0.25804251E+00
          0.25902634E+00
          0.26001306E+00
          0.26100139E+00
          0.26199243E+00
          0.26298422E+00
          0.26398012E+00
          0.26497699E+00
          0.26597574E+00
          0.26697658E+00
          0.26797938E+00
          0.26898452E+00
          0.26999090E+00
          0.27099994E+00
          0.27201074E+00
          0.27302171E+00
          0.27403783E+00
          0.27505227E+00
          0.27606889E+00
          0.27709059E+00
          0.27811246E+00
          0.27913581E+00
          0.28016089E+00
          0.28118729E+00
          0.28221536E+00
          0.28324501E+00
          0.28427622E+00
          0.28530901E+00
          0.28634335E+00
          0.28737899E+00
          0.28841622E+00
          0.28945539E+00
          0.29049561E+00
          0.29153740E+00
          0.29258026E+00
          0.29362469E+00
          0.29467057E+00
          0.29571746E+00
          0.29676101E+00
          0.29781488E+00
          0.29886580E+00
          0.29991606E+00
          0.30096868E+00
          0.30201699E+00
          0.30307480E+00
          0.30413010E+00
          0.30519191E+00
          0.30625372E+00
          0.30731601E+00
          0.30836923E+00
          0.30943514E+00
          0.31050578E+00
          0.31157186E+00
          0.31263732E+00
          0.31370497E+00
          0.31477312E+00
          0.31584219E+00
          0.31691202E+00
          0.31798271E+00
          0.31905428E+00
          0.32012669E+00
          0.32119994E+00
          0.32227404E+00
          0.32334897E+00
          0.32442468E+00
          0.32550115E+00
          0.32657847E+00
          0.32765643E+00
          0.32873516E+00
          0.32981471E+00
          0.33089476E+00
          0.33197565E+00
          0.33305727E+00
          0.33413920E+00
          0.33522227E+00
          0.33630550E+00
          0.33738934E+00
          0.33847412E+00
          0.33955944E+00
          0.34064488E+00
          0.34173107E+00
          0.34281813E+00
          0.34390550E+00
          0.34499329E+00
          0.34608143E+00
          0.34717015E+00
          0.34825925E+00
          0.34934876E+00
          0.35043868E+00
          0.35152898E+00
          0.35261965E+00
          0.35371069E+00
          0.35480206E+00
          0.35589377E+00
          0.35698576E+00
          0.35807809E+00
          0.35917068E+00
          0.36026355E+00
          0.36135666E+00
          0.36244999E+00
          0.36354356E+00
          0.36463735E+00
          0.36573136E+00
          0.36682558E+00
          0.36791990E+00
          0.36901439E+00
          0.37010898E+00
          0.37120352E+00
          0.37229868E+00
          0.37339365E+00
          0.37448881E+00
          0.37558395E+00
          0.37667915E+00
          0.37777442E+00
          0.37886971E+00
          0.37996502E+00
          0.38106034E+00
          0.38215565E+00
          0.38325094E+00
          0.38434620E+00
          0.38544142E+00
          0.38653658E+00
          0.38763167E+00
          0.38872668E+00
          0.38982160E+00
          0.39091641E+00
          0.39201110E+00
          0.39310566E+00
          0.39420008E+00
          0.39529435E+00
          0.39638844E+00
          0.39748236E+00
          0.39857609E+00
          0.39966961E+00
          0.40076293E+00
          0.40185602E+00
          0.40294886E+00
          0.40404147E+00
          0.40513381E+00
          0.40622587E+00
          0.40731767E+00
          0.40840916E+00
          0.40950035E+00
          0.41059122E+00
          0.41168176E+00
          0.41277196E+00
          0.41386182E+00
          0.41495131E+00
          0.41604043E+00
          0.41712917E+00
          0.41821751E+00
          0.41930546E+00
          0.42039299E+00
          0.42148007E+00
          0.42256676E+00
          0.42365299E+00
          0.42473874E+00
          0.42582408E+00
          0.42690889E+00
          0.42799312E+00
          0.42907709E+00
          0.43016040E+00
          0.43124326E+00
          0.43232557E+00
          0.43340733E+00
          0.43448855E+00
          0.43556920E+00
          0.43664930E+00
          0.43772882E+00
          0.43880775E+00
          0.43988609E+00
          0.44096382E+00
          0.44204094E+00
          0.44311744E+00
          0.44419330E+00
          0.44526853E+00
          0.44634310E+00
          0.44741701E+00
          0.44849026E+00
          0.44956282E+00
          0.45063470E+00
          0.45170588E+00
          0.45277636E+00
          0.45384612E+00
          0.45491516E+00
          0.45598347E+00
          0.45705104E+00
          0.45811786E+00
          0.45918392E+00
          0.46024921E+00
          0.46131373E+00
          0.46237747E+00
          0.46344042E+00
          0.46450256E+00
          0.46556390E+00
          0.46662442E+00
          0.46768412E+00
          0.46874298E+00
          0.46980101E+00
          0.47085818E+00
          0.47191450E+00
          0.47296995E+00
          0.47402453E+00
          0.47507823E+00
          0.47613104E+00
          0.47718295E+00
          0.47823396E+00
          0.47928406E+00
          0.48033324E+00
          0.48138149E+00
          0.48242881E+00
          0.48347519E+00
          0.48452062E+00
          0.48556509E+00
          0.48660860E+00
          0.48765114E+00
          0.48869270E+00
          0.48973327E+00
          0.49077286E+00
          0.49181144E+00
          0.49284901E+00
          0.49388558E+00
          0.49492112E+00
          0.49595564E+00
          0.49698912E+00
          0.49802156E+00
          0.49905295E+00
          0.50008329E+00
          0.50111257E+00
          0.50214079E+00
          0.50316793E+00
          0.50419398E+00
          0.50521896E+00
          0.50624284E+00
          0.50726562E+00
          0.50828729E+00
          0.50930785E+00
          0.51032730E+00
          0.51134562E+00
          0.51236281E+00
          0.51337887E+00
          0.51439378E+00
          0.51540754E+00
          0.51642016E+00
          0.51743161E+00
          0.51844189E+00
          0.51945101E+00
          0.52045894E+00
          0.52146570E+00
          0.52247127E+00
          0.52347564E+00
          0.52447881E+00
          0.52548078E+00
          0.52648154E+00
          0.52748109E+00
          0.52847941E+00
          0.52947651E+00
          0.53047237E+00
          0.53146700E+00
          0.53246039E+00
          0.53345253E+00
          0.53444342E+00
          0.53543305E+00
          0.53642142E+00
          0.53740853E+00
          0.53839436E+00
          0.53937892E+00
          0.54036219E+00
          0.54134418E+00
          0.54232488E+00
          0.54330429E+00
          0.54428239E+00
          0.54525919E+00
          0.54623469E+00
          0.54720887E+00
          0.54818173E+00
          0.54915327E+00
          0.55012349E+00
          0.55109237E+00
          0.55205992E+00
          0.55302613E+00
          0.55399100E+00
          0.55495452E+00
          0.55591669E+00
          0.55687751E+00
          0.55783697E+00
          0.55879506E+00
          0.55975179E+00
          0.56070715E+00
          0.56166113E+00
          0.56261373E+00
          0.56356496E+00
          0.56451479E+00
          0.56546324E+00
          0.56641030E+00
          0.56735596E+00
          0.56830022E+00
          0.56924308E+00
          0.57018453E+00
          0.57112457E+00
          0.57206320E+00
          0.57300041E+00
          0.57393621E+00
          0.57487058E+00
          0.57580352E+00
          0.57673504E+00
          0.57766512E+00
          0.57859377E+00
          0.57952098E+00
          0.58044675E+00
          0.58137108E+00
          0.58229396E+00
          0.58321539E+00
          0.58413537E+00
          0.58505389E+00
          0.58597095E+00
          0.58688656E+00
          0.58780070E+00
          0.58871338E+00
          0.58962458E+00
          0.59053432E+00
          0.59144259E+00
          0.59234938E+00
          0.59325469E+00
          0.59415852E+00
          0.59506087E+00
          0.59596173E+00
          0.59686111E+00
          0.59775900E+00
          0.59865539E+00
          0.59955030E+00
          0.60044370E+00
          0.60133561E+00
          0.60222602E+00
          0.60311493E+00
          0.60400234E+00
          0.60488824E+00
          0.60577263E+00
          0.60665552E+00
          0.60753689E+00
          0.60841675E+00
          0.60929509E+00
          0.61017192E+00
          0.61104724E+00
          0.61192103E+00
          0.61279330E+00
          0.61366405E+00
          0.61453328E+00
          0.61540098E+00
          0.61626715E+00
          0.61713180E+00
          0.61799491E+00
          0.61885650E+00
          0.61971655E+00
          0.62057507E+00
          0.62143206E+00
          0.62228751E+00
          0.62314142E+00
          0.62399379E+00
          0.62484463E+00
          0.62569392E+00
          0.62654167E+00
          0.62738789E+00
          0.62823255E+00
          0.62907567E+00
          0.62991725E+00
          0.63075728E+00
          0.63159577E+00
          0.63243271E+00
          0.63326809E+00
          0.63410193E+00
          0.63493422E+00
          0.63576496E+00
          0.63659415E+00
          0.63742178E+00
          0.63824786E+00
          0.63907239E+00
          0.63989537E+00
          0.64071679E+00
          0.64153666E+00
          0.64235497E+00
          0.64317172E+00
          0.64398692E+00
          0.64480057E+00
          0.64561265E+00
          0.64642318E+00
          0.64723215E+00
          0.64803957E+00
          0.64884542E+00
          0.64964972E+00
          0.65045246E+00
          0.65125365E+00
          0.65205327E+00
          0.65285133E+00
          0.65364784E+00
          0.65444279E+00
          0.65523618E+00
          0.65602801E+00
          0.65681828E+00
          0.65760699E+00
          0.65839415E+00
          0.65917974E+00
          0.65996378E+00
          0.66074626E+00
          0.66152719E+00
          0.66230655E+00
          0.66308436E+00
          0.66386061E+00
          0.66463530E+00
          0.66540844E+00
          0.66618002E+00
          0.66695004E+00
          0.66771851E+00
          0.66848543E+00
          0.66925078E+00
          0.67001459E+00
          0.67077684E+00
          0.67153754E+00
          0.67229668E+00
          0.67305428E+00
          0.67381032E+00
          0.67456481E+00
          0.67531775E+00
          0.67606914E+00
          0.67681898E+00
          0.67756728E+00
          0.67831402E+00
          0.67905922E+00
          0.67980287E+00
          0.68054498E+00
          0.68128554E+00
          0.68202456E+00
          0.68276203E+00
          0.68349796E+00
          0.68423235E+00
          0.68496520E+00
          0.68569651E+00
          0.68642628E+00
          0.68715452E+00
          0.68788121E+00
          0.68860637E+00
          0.68933000E+00
          0.69005209E+00
          0.69077265E+00
          0.69149168E+00
          0.69220918E+00
          0.69292514E+00
          0.69363958E+00
          0.69435249E+00
          0.69506388E+00
          0.69577374E+00
          0.69648207E+00
          0.69718888E+00
          0.69789418E+00
          0.69859795E+00
          0.69930020E+00
          0.70000093E+00
          0.70070015E+00
          0.70139785E+00
          0.70209404E+00
          0.70278872E+00
          0.70348188E+00
          0.70417353E+00
          0.70486368E+00
          0.70555232E+00
          0.70623945E+00
          0.70692508E+00
          0.70760920E+00
          0.70829183E+00
          0.70897295E+00
          0.70965258E+00
          0.71033071E+00
          0.71100734E+00
          0.71168248E+00
          0.71235612E+00
          0.71302828E+00
          0.71369894E+00
          0.71436812E+00
          0.71503581E+00
          0.71570202E+00
          0.71636674E+00
          0.71702999E+00
          0.71769175E+00
          0.71835203E+00
          0.71901084E+00
          0.71966818E+00
          0.72032404E+00
          0.72097843E+00
          0.72163135E+00
          0.72228280E+00
          0.72293278E+00
          0.72358130E+00
          0.72422836E+00
          0.72487396E+00
          0.72551810E+00
          0.72616078E+00
          0.72680200E+00
          0.72744177E+00
          0.72808009E+00
          0.72871696E+00
          0.72935239E+00
          0.72998636E+00
          0.73061889E+00
          0.73124998E+00
          0.73187963E+00
          0.73250784E+00
          0.73313461E+00
          0.73375995E+00
          0.73438385E+00
          0.73500632E+00
          0.73562737E+00
          0.73624699E+00
          0.73686518E+00
          0.73748195E+00
          0.73809729E+00
          0.73871122E+00
          0.73932373E+00
          0.73993483E+00
          0.74054451E+00
          0.74115278E+00
          0.74175965E+00
          0.74236510E+00
          0.74296915E+00
          0.74357180E+00
          0.74417305E+00
          0.74477290E+00
          0.74537135E+00
          0.74596841E+00
          0.74656407E+00
          0.74715834E+00
          0.74775123E+00
          0.74834273E+00
          0.74893285E+00
          0.74952158E+00
          0.75010894E+00
          0.75069491E+00
          0.75127952E+00
          0.75186274E+00
          0.75244460E+00
          0.75302509E+00
          0.75360421E+00
          0.75418197E+00
          0.75475837E+00
          0.75533340E+00
          0.75590708E+00
          0.75647940E+00
          0.75705037E+00
          0.75761999E+00
          0.75818826E+00
          0.75875518E+00
          0.75932076E+00
          0.75988499E+00
          0.76044789E+00
          0.76100944E+00
          0.76156967E+00
          0.76212856E+00
          0.76268611E+00
          0.76324234E+00
          0.76379725E+00
          0.76435083E+00
          0.76490308E+00
          0.76545402E+00
          0.76600364E+00
          0.76655195E+00
          0.76709894E+00
          0.76764463E+00
          0.76818900E+00
          0.76873207E+00
          0.76927384E+00
          0.76981431E+00
          0.77035348E+00
          0.77089135E+00
          0.77142793E+00
          0.77196321E+00
          0.77249721E+00
          0.77302992E+00
          0.77356135E+00
          0.77409149E+00
          0.77462035E+00
          0.77514794E+00
          0.77567425E+00
          0.77619929E+00
          0.77672306E+00
          0.77724556E+00
          0.77776680E+00
          0.77828677E+00
          0.77880548E+00
          0.77932293E+00
          0.77983913E+00
          0.78035408E+00
          0.78086777E+00
          0.78138021E+00
          0.78189141E+00
          0.78240136E+00
          0.78291008E+00
          0.78341755E+00
          0.78392378E+00
          0.78442879E+00
          0.78493256E+00
          0.78543510E+00
          0.78593641E+00
          0.78643650E+00
          0.78693536E+00
          0.78743301E+00
          0.78792944E+00
          0.78842465E+00
          0.78891866E+00
          0.78941145E+00
          0.78990303E+00
          0.79039341E+00
          0.79088258E+00
          0.79137056E+00
          0.79185733E+00
          0.79234291E+00
          0.79282730E+00
          0.79331050E+00
          0.79379251E+00
          0.79427333E+00
          0.79475297E+00
          0.79523143E+00
          0.79570871E+00
          0.79618481E+00
          0.79665974E+00
          0.79713350E+00
          0.79760609E+00
          0.79807751E+00
          0.79854777E+00
          0.79901687E+00
          0.79948480E+00
          0.79995158E+00
          0.80041721E+00
          0.80088169E+00
          0.80134501E+00
          0.80180719E+00
          0.80226822E+00
          0.80272812E+00
          0.80318687E+00
          0.80364448E+00
          0.80410096E+00
          0.80455631E+00
          0.80501053E+00
          0.80546362E+00
          0.80591558E+00
          0.80636642E+00
          0.80681615E+00
          0.80726475E+00
          0.80771224E+00
          0.80815861E+00
          0.80860388E+00
          0.80904804E+00
          0.80949109E+00
          0.80993303E+00
          0.81037388E+00
          0.81081363E+00
          0.81125228E+00
          0.81168984E+00
          0.81212631E+00
          0.81256168E+00
          0.81299598E+00
          0.81342918E+00
          0.81386131E+00
          0.81429236E+00
          0.81472233E+00
          0.81515122E+00
          0.81557905E+00
          0.81600580E+00
          0.81643149E+00
          0.81685611E+00
          0.81727967E+00
          0.81770217E+00
          0.81812361E+00
          0.81854400E+00
          0.81896333E+00
          0.81938162E+00
          0.81979885E+00
          0.82021504E+00
          0.82063019E+00
          0.82104430E+00
          0.82145736E+00
          0.82186939E+00
          0.82228039E+00
          0.82269036E+00
          0.82309929E+00
          0.82350720E+00
          0.82391409E+00
          0.82431995E+00
          0.82472480E+00
          0.82512862E+00
          0.82553143E+00
          0.82593323E+00
          0.82633402E+00
          0.82673380E+00
          0.82713258E+00
          0.82753035E+00
          0.82792712E+00
          0.82832290E+00
          0.82871768E+00
          0.82911146E+00
          0.82950425E+00
          0.82989605E+00
          0.83028687E+00
          0.83067670E+00
          0.83106555E+00
          0.83145342E+00
          0.83184031E+00
          0.83222623E+00
          0.83261117E+00
          0.83299514E+00
          0.83337815E+00
          0.83376019E+00
          0.83414126E+00
          0.83452137E+00
          0.83490053E+00
          0.83527873E+00
          0.83565597E+00
          0.83603226E+00
          0.83640760E+00
          0.83678199E+00
          0.83715544E+00
          0.83752794E+00
          0.83789951E+00
          0.83827013E+00
          0.83863982E+00
          0.83900857E+00
          0.83937640E+00
          0.83974329E+00
          0.84010925E+00
          0.84047429E+00
          0.84083841E+00
          0.84120161E+00
          0.84156389E+00
          0.84192525E+00
          0.84228569E+00
          0.84264523E+00
          0.84300386E+00
          0.84336158E+00
          0.84371839E+00
          0.84407430E+00
          0.84442931E+00
          0.84478343E+00
          0.84513664E+00
          0.84548896E+00
          0.84584039E+00
          0.84619093E+00
          0.84654059E+00
          0.84688935E+00
          0.84723724E+00
          0.84758424E+00
          0.84793037E+00
          0.84827562E+00
          0.84861999E+00
          0.84896349E+00
          0.84930612E+00
          0.84964789E+00
          0.84998879E+00
          0.85032882E+00
          0.85066799E+00
          0.85100631E+00
          0.85134376E+00
          0.85168036E+00
          0.85201611E+00
          0.85235101E+00
          0.85268506E+00
          0.85301826E+00
          0.85335062E+00
          0.85368214E+00
          0.85401281E+00
          0.85434265E+00
          0.85467165E+00
          0.85499982E+00
          0.85532715E+00
          0.85565366E+00
          0.85597934E+00
          0.85630419E+00
          0.85662822E+00
          0.85695143E+00
          0.85727381E+00
          0.85759539E+00
          0.85791614E+00
          0.85823608E+00
          0.85855522E+00
          0.85887354E+00
          0.85919105E+00
          0.85950777E+00
          0.85982367E+00
          0.86013878E+00
          0.86045309E+00
          0.86076660E+00
          0.86107932E+00
          0.86139124E+00
          0.86170237E+00
          0.86201272E+00
          0.86232228E+00
          0.86263105E+00
          0.86293904E+00
          0.86324625E+00
          0.86355268E+00
          0.86385834E+00
          0.86416322E+00
          0.86446732E+00
          0.86477066E+00
          0.86507323E+00
          0.86537503E+00
          0.86567606E+00
          0.86597634E+00
          0.86627585E+00
          0.86657460E+00
          0.86687260E+00
          0.86716984E+00
          0.86746633E+00
          0.86776207E+00
          0.86805705E+00
          0.86835129E+00
          0.86864479E+00
          0.86893754E+00
          0.86922955E+00
          0.86952082E+00
          0.86981135E+00
          0.87010115E+00
          0.87039021E+00
          0.87067854E+00
          0.87096614E+00
          0.87125302E+00
          0.87153916E+00
          0.87182459E+00
          0.87210928E+00
          0.87239326E+00
          0.87267652E+00
          0.87295907E+00
          0.87324089E+00
          0.87352201E+00
          0.87380241E+00
          0.87408211E+00
          0.87436109E+00
          0.87463937E+00
          0.87491695E+00
          0.87519382E+00
          0.87547000E+00
          0.87574547E+00
          0.87602025E+00
          0.87629433E+00
          0.87656772E+00
          0.87684042E+00
          0.87711243E+00
          0.87738376E+00
          0.87765439E+00
          0.87792435E+00
          0.87819362E+00
          0.87846221E+00
          0.87873012E+00
          0.87899735E+00
          0.87926391E+00
          0.87952980E+00
          0.87979501E+00
          0.88005956E+00
          0.88032343E+00
          0.88058664E+00
          0.88084919E+00
          0.88111107E+00
          0.88137230E+00
          0.88163286E+00
          0.88189276E+00
          0.88215201E+00
          0.88241061E+00
          0.88266855E+00
          0.88292584E+00
          0.88318249E+00
          0.88343848E+00
          0.88369383E+00
          0.88394854E+00
          0.88420261E+00
          0.88445603E+00
          0.88470882E+00
          0.88496096E+00
          0.88521248E+00
          0.88546336E+00
          0.88571361E+00
          0.88596322E+00
          0.88621221E+00
          0.88646057E+00
          0.88670831E+00
          0.88695542E+00
          0.88720191E+00
          0.88744778E+00
          0.88769303E+00
          0.88793767E+00
          0.88818169E+00
          0.88842509E+00
          0.88866789E+00
          0.88891007E+00
          0.88915164E+00
          0.88939261E+00
          0.88963297E+00
          0.88987272E+00
          0.89011188E+00
          0.89035043E+00
          0.89058838E+00
          0.89082574E+00
          0.89106250E+00
          0.89129867E+00
          0.89153424E+00
          0.89176922E+00
          0.89200361E+00
          0.89223741E+00
          0.89247063E+00
          0.89270326E+00
          0.89293531E+00
          0.89316677E+00
          0.89339766E+00
          0.89362797E+00
          0.89385769E+00
          0.89408685E+00
          0.89431543E+00
          0.89454343E+00
          0.89477087E+00
          0.89499773E+00
          0.89522403E+00
          0.89544976E+00
          0.89567493E+00
          0.89589953E+00
          0.89612357E+00
          0.89634705E+00
          0.89656997E+00
          0.89679233E+00
          0.89701414E+00
          0.89723539E+00
          0.89745609E+00
          0.89767623E+00
          0.89789583E+00
          0.89811488E+00
          0.89833338E+00
          0.89855134E+00
          0.89876875E+00
          0.89898561E+00
          0.89920194E+00
          0.89941773E+00
          0.89963298E+00
          0.89984769E+00
          0.90006186E+00
          0.90027550E+00
          0.90048861E+00
          0.90070119E+00
          0.90091324E+00
          0.90112476E+00
          0.90133575E+00
          0.90154621E+00
          0.90175616E+00
          0.90196557E+00
          0.90217447E+00
          0.90238285E+00
          0.90259071E+00
          0.90279805E+00
          0.90300488E+00
          0.90321119E+00
          0.90341699E+00
          0.90362227E+00
          0.90382705E+00
          0.90403132E+00
          0.90423508E+00
          0.90443833E+00
          0.90464108E+00
          0.90484332E+00
          0.90504507E+00
          0.90524631E+00
          0.90544705E+00
          0.90564730E+00
          0.90584704E+00
          0.90604630E+00
          0.90624505E+00
          0.90644332E+00
          0.90664109E+00
          0.90683838E+00
          0.90703517E+00
          0.90723148E+00
          0.90742730E+00
          0.90762264E+00
          0.90781749E+00
          0.90801186E+00
          0.90820575E+00
          0.90839916E+00
          0.90859209E+00
          0.90878455E+00
          0.90897653E+00
          0.90916803E+00
          0.90935906E+00
          0.90954962E+00
          0.90973971E+00
          0.90992933E+00
          0.91011848E+00
          0.91030716E+00
          0.91049538E+00
          0.91068313E+00
          0.91087042E+00
          0.91105725E+00
          0.91124362E+00
          0.91142953E+00
          0.91161497E+00
          0.91179997E+00
          0.91198451E+00
          0.91216859E+00
          0.91235222E+00
          0.91253539E+00
          0.91271812E+00
          0.91290040E+00
          0.91308223E+00
          0.91326361E+00
          0.91344454E+00
          0.91362503E+00
          0.91380508E+00
          0.91398469E+00
          0.91416385E+00
          0.91434257E+00
          0.91452086E+00
          0.91469870E+00
          0.91487611E+00
          0.91505309E+00
          0.91522963E+00
          0.91540574E+00
          0.91558141E+00
          0.91575666E+00
          0.91593147E+00
          0.91610586E+00
          0.91627982E+00
          0.91645336E+00
          0.91662647E+00
          0.91679915E+00
          0.91697141E+00
          0.91714326E+00
          0.91731468E+00
          0.91748568E+00
          0.91765626E+00
          0.91782643E+00
          0.91799618E+00
          0.91816552E+00
          0.91833444E+00
          0.91850295E+00
          0.91867105E+00
          0.91883874E+00
          0.91900602E+00
          0.91917289E+00
          0.91933936E+00
          0.91950542E+00
          0.91967107E+00
          0.91983632E+00
          0.92000117E+00
          0.92016562E+00
          0.92032966E+00
          0.92049331E+00
          0.92065656E+00
          0.92081941E+00
          0.92098187E+00
          0.92114393E+00
          0.92130560E+00
          0.92146687E+00
          0.92162775E+00
          0.92178824E+00
          0.92194834E+00
          0.92210806E+00
          0.92226738E+00
          0.92242632E+00
          0.92258487E+00
          0.92274304E+00
          0.92290082E+00
          0.92305823E+00
          0.92321525E+00
          0.92337189E+00
          0.92352815E+00
          0.92368403E+00
          0.92383953E+00
          0.92399466E+00
          0.92414942E+00
          0.92430380E+00
          0.92445780E+00
          0.92461144E+00
          0.92476470E+00
          0.92491759E+00
          0.92507011E+00
          0.92522227E+00
          0.92537405E+00
          0.92552547E+00
          0.92567653E+00
          0.92582722E+00
          0.92597755E+00
          0.92612751E+00
          0.92627712E+00
          0.92642636E+00
          0.92657524E+00
          0.92672377E+00
          0.92687193E+00
          0.92701974E+00
          0.92716720E+00
          0.92731430E+00
          0.92746105E+00
          0.92760744E+00
          0.92775348E+00
          0.92789917E+00
          0.92804451E+00
          0.92818950E+00
          0.92833415E+00
          0.92847845E+00
          0.92862240E+00
          0.92876600E+00
          0.92890926E+00
          0.92905218E+00
          0.92919475E+00
          0.92933699E+00
          0.92947888E+00
          0.92962043E+00
          0.92976164E+00
          0.92990252E+00
          0.93004306E+00
          0.93018326E+00
          0.93032313E+00
          0.93046266E+00
          0.93060186E+00
          0.93074072E+00
          0.93087926E+00
          0.93101746E+00
          0.93115534E+00
          0.93129288E+00
          0.93143010E+00
          0.93156699E+00
          0.93170355E+00
          0.93183979E+00
          0.93197570E+00
          0.93211129E+00
          0.93224656E+00
          0.93238150E+00
          0.93251612E+00
          0.93265043E+00
          0.93278441E+00
          0.93291807E+00
          0.93305142E+00
          0.93318445E+00
          0.93331716E+00
          0.93344956E+00
          0.93358165E+00
          0.93371342E+00
          0.93384487E+00
          0.93397602E+00
          0.93410685E+00
          0.93423738E+00
          0.93436759E+00
          0.93449750E+00
          0.93462710E+00
          0.93475639E+00
          0.93488537E+00
          0.93501405E+00
          0.93514243E+00
          0.93527050E+00
          0.93539827E+00
          0.93552574E+00
          0.93565290E+00
          0.93577977E+00
          0.93590633E+00
          0.93603260E+00
          0.93615857E+00
          0.93628424E+00
          0.93640962E+00
          0.93653470E+00
          0.93665948E+00
          0.93678397E+00
          0.93690817E+00
          0.93703207E+00
          0.93715568E+00
          0.93727900E+00
          0.93740204E+00
          0.93752478E+00
          0.93764723E+00
          0.93776940E+00
          0.93789127E+00
          0.93801287E+00
          0.93813417E+00
          0.93825519E+00
          0.93837593E+00
          0.93849638E+00
          0.93861655E+00
          0.93873644E+00
          0.93885605E+00
          0.93897538E+00
          0.93909443E+00
          0.93921319E+00
          0.93933169E+00
          0.93944990E+00
          0.93956784E+00
          0.93968550E+00
          0.93980288E+00
          0.93991999E+00
          0.94003683E+00
          0.94015339E+00
          0.94026969E+00
          0.94038571E+00
          0.94050146E+00
          0.94061694E+00
          0.94073215E+00
          0.94084709E+00
          0.94096176E+00
          0.94107617E+00
          0.94119031E+00
          0.94130418E+00
          0.94141779E+00
          0.94153113E+00
          0.94164421E+00
          0.94175703E+00
          0.94186958E+00
          0.94198187E+00
          0.94209390E+00
          0.94220568E+00
          0.94231719E+00
          0.94242844E+00
          0.94253943E+00
          0.94265017E+00
          0.94276065E+00
          0.94287087E+00
          0.94298084E+00
          0.94309056E+00
          0.94320001E+00
          0.94330922E+00
          0.94341817E+00
          0.94352687E+00
          0.94363532E+00
          0.94374352E+00
          0.94385147E+00
          0.94395916E+00
          0.94406661E+00
          0.94417381E+00
          0.94428077E+00
          0.94438747E+00
          0.94449393E+00
          0.94460015E+00
          0.94470612E+00
          0.94481184E+00
          0.94491732E+00
          0.94502256E+00
          0.94512756E+00
          0.94523231E+00
          0.94533682E+00
          0.94544109E+00
          0.94554513E+00
          0.94564892E+00
          0.94575247E+00
          0.94585579E+00
          0.94595887E+00
          0.94606171E+00
          0.94616431E+00
          0.94626668E+00
          0.94636882E+00
          0.94647072E+00
          0.94657239E+00
          0.94667382E+00
          0.94677502E+00
          0.94687599E+00
          0.94697673E+00
          0.94707724E+00
          0.94717751E+00
          0.94727756E+00
