 Temperature at each layer [K]
    271.0127
    266.2936
    259.7584
    249.6721
    236.9747
    228.8239
    223.2435
    218.0783
    213.2620
    208.7342
    204.4410
    200.3354
    197.8207
    195.9811
    194.5401
    193.4785
    192.4664
    191.9329
    191.6331
    191.6598
    191.9945
    192.8426
    194.1640
    195.5101
    197.1392
    198.4623
    199.5917
    200.6489
    201.6634
    203.0501
    204.3937
    206.2685
    208.0705
    210.2705
    212.2705
    214.0705
    214.8705
    214.6705
    213.2705
    210.4705
    206.3220
    201.8622
    197.8756
    194.1151
    188.2568
    181.6422
    179.1101
    169.0636
    164.2253
    149.9966
