 Spectral outgoing shortwave flux [W/m2/cm^-1]
  0.0000E+00
  0.3796E-06
  0.3797E-06
  0.3796E-06
  0.3796E-06
  0.4082E-06
  0.5197E-06
  0.7057E-06
  0.9225E-06
  0.1164E-05
  0.1434E-05
  0.1718E-05
  0.2055E-05
  0.2402E-05
  0.2776E-05
  0.3163E-05
  0.3601E-05
  0.4042E-05
  0.4519E-05
  0.5001E-05
  0.5492E-05
  0.5196E-05
  0.3852E-06
  0.7082E-11
  0.9087E-11
  0.1166E-10
  0.1462E-10
  0.1830E-10
  0.2277E-10
  0.2796E-10
  0.3411E-10
  0.7596E-05
  0.5099E-06
  0.1346E-04
  0.1505E-04
  0.1619E-04
  0.1704E-04
  0.1743E-04
  0.2695E-05
  0.1104E-04
  0.2077E-04
  0.2134E-04
  0.8461E-05
  0.4604E-05
  0.2513E-04
  0.2636E-04
  0.2747E-04
  0.2837E-04
  0.2956E-04
  0.2170E-04
  0.1959E-08
  0.7645E-07
  0.2806E-04
  0.2310E-04
  0.1826E-07
  0.1589E-08
  0.2182E-04
  0.4095E-04
  0.4210E-04
  0.4242E-04
  0.4399E-04
  0.4541E-04
  0.4622E-04
  0.4912E-04
  0.4979E-04
  0.5005E-04
  0.4882E-04
  0.5072E-04
  0.4993E-04
  0.5705E-04
  0.5560E-04
  0.5563E-04
  0.5472E-04
  0.5603E-04
  0.5210E-04
  0.3192E-05
  0.7208E-08
  0.7261E-08
  0.2211E-06
  0.3091E-04
  0.3157E-04
  0.8988E-08
  0.9742E-08
  0.1019E-07
  0.1092E-07
  0.2711E-05
  0.5865E-04
  0.6439E-04
  0.6180E-04
  0.1476E-07
  0.1650E-07
  0.1866E-07
  0.2202E-07
  0.2389E-07
  0.2753E-07
  0.2913E-07
  0.3058E-07
  0.1022E-03
  0.9867E-04
  0.3850E-04
  0.4257E-07
  0.4966E-04
  0.9611E-04
  0.4675E-04
  0.4865E-07
  0.5113E-07
  0.6322E-04
  0.1248E-03
  0.1265E-03
  0.1181E-03
  0.4660E-04
  0.8792E-04
  0.1317E-03
  0.1354E-03
  0.1396E-03
  0.1439E-03
  0.1418E-03
  0.1469E-03
  0.1447E-03
  0.1442E-03
  0.1191E-03
  0.1516E-03
  0.1518E-03
  0.1554E-03
  0.1600E-03
  0.1475E-03
  0.1144E-03
  0.1562E-03
  0.5997E-04
  0.1662E-03
  0.1705E-03
  0.1597E-03
  0.9387E-04
  0.2147E-04
  0.1973E-06
  0.1179E-03
  0.1665E-03
  0.1691E-03
  0.3530E-04
  0.2334E-06
  0.2425E-06
  0.2524E-06
  0.2422E-06
  0.2491E-06
  0.2628E-06
  0.2855E-06
  0.2844E-06
  0.3003E-06
  0.2822E-06
  0.2922E-06
  0.2865E-06
  0.1602E-03
  0.8791E-05
  0.7084E-04
  0.1070E-03
  0.1229E-03
  0.1549E-03
  0.1470E-03
  0.1415E-03
  0.5108E-04
  0.5441E-04
  0.1168E-03
  0.1916E-03
  0.1801E-03
  0.1845E-03
  0.1778E-03
  0.1333E-03
  0.1904E-03
  0.1772E-03
  0.2034E-03
  0.1910E-03
  0.2288E-03
  0.2076E-03
  0.2455E-03
  0.2268E-03
  0.2763E-03
  0.2780E-03
  0.1145E-04
  0.2839E-03
  0.2806E-03
  0.2660E-03
  0.2710E-03
  0.2831E-03
  0.2511E-03
  0.1387E-03
  0.1206E-05
  0.1249E-05
  0.2580E-03
  0.2362E-03
  0.3025E-05
  0.1386E-05
  0.1407E-05
  0.1443E-05
  0.1505E-05
  0.1521E-05
  0.1599E-05
  0.1636E-05
  0.1660E-05
  0.1734E-05
  0.1781E-05
  0.1815E-05
  0.2472E-05
  0.1841E-05
  0.2016E-05
  0.2010E-05
  0.2009E-05
  0.2228E-03
  0.3205E-03
  0.3456E-03
  0.3394E-03
  0.2671E-03
  0.2480E-03
  0.2464E-05
  0.2524E-05
  0.3502E-03
  0.3564E-03
  0.3560E-03
  0.3600E-03
  0.3663E-03
  0.3718E-03
  0.3711E-03
  0.3712E-03
  0.3609E-03
  0.3835E-03
  0.3587E-03
  0.3688E-03
  0.3784E-03
  0.3696E-03
  0.3692E-03
  0.3775E-03
  0.3715E-03
  0.3609E-03
  0.3773E-03
  0.2883E-03
  0.3089E-03
  0.3424E-03
  0.3808E-03
  0.3400E-03
  0.2215E-03
  0.2248E-03
  0.2887E-03
  0.2484E-03
  0.8533E-04
  0.1424E-04
  0.6900E-04
  0.1358E-03
  0.2178E-03
  0.1358E-03
  0.5161E-05
  0.4410E-05
  0.4463E-05
  0.1830E-03
  0.1008E-03
  0.4535E-05
  0.5204E-05
  0.1340E-03
  0.3111E-03
  0.3325E-03
  0.3190E-03
  0.4143E-04
  0.8207E-05
  0.2411E-04
  0.1717E-03
  0.3170E-03
  0.3075E-03
  0.3240E-03
  0.2864E-03
  0.5651E-05
  0.2916E-03
  0.2181E-03
  0.5385E-05
  0.1409E-03
  0.2837E-03
  0.2757E-03
  0.2618E-03
  0.2032E-03
  0.1407E-04
  0.5852E-05
  0.6011E-05
  0.5910E-05
  0.1176E-03
  0.2714E-03
  0.2757E-03
  0.2725E-03
  0.2739E-03
  0.2780E-03
  0.2708E-03
  0.2367E-03
  0.2826E-03
  0.2830E-03
  0.2772E-03
  0.2368E-03
  0.7666E-04
  0.2421E-03
  0.2642E-03
  0.2681E-03
  0.2657E-03
  0.2586E-03
  0.1153E-03
  0.8152E-04
  0.2591E-03
  0.2578E-03
  0.2542E-03
  0.4727E-04
  0.1552E-04
  0.2215E-03
  0.2549E-03
  0.2566E-03
  0.2365E-03
  0.7579E-05
  0.1875E-03
  0.2404E-03
  0.2413E-03
  0.2475E-03
  0.2408E-03
  0.2348E-03
  0.2137E-03
  0.2299E-03
  0.2295E-03
  0.2153E-03
  0.2401E-03
  0.2305E-03
  0.1943E-03
  0.1944E-03
  0.1966E-03
  0.1511E-03
  0.1965E-03
  0.9047E-05
  0.9095E-05
  0.1833E-03
  0.1687E-03
  0.1095E-04
  0.9199E-05
  0.2174E-03
  0.2086E-03
  0.2231E-03
  0.2123E-03
  0.2230E-03
  0.2161E-03
  0.2104E-03
  0.2171E-03
  0.2183E-03
  0.2122E-03
  0.2138E-03
  0.2098E-03
  0.2090E-03
  0.2093E-03
  0.2067E-03
  0.2125E-03
  0.2035E-03
  0.2040E-03
  0.2015E-03
  0.2023E-03
  0.1934E-03
  0.1976E-03
  0.1917E-03
  0.1987E-03
  0.1963E-03
  0.5739E-04
  0.1900E-03
  0.1926E-03
  0.1946E-03
  0.1863E-03
  0.1832E-03
  0.1901E-03
  0.1938E-03
  0.1933E-03
  0.1873E-03
  0.1967E-03
  0.1882E-03
  0.1891E-03
  0.1870E-03
  0.1894E-03
  0.1831E-03
  0.1910E-03
  0.1768E-04
  0.1622E-03
  0.1874E-03
  0.1839E-03
  0.1827E-03
  0.1453E-03
  0.2234E-04
  0.1838E-03
  0.1813E-03
  0.1655E-03
  0.1733E-03
  0.1789E-03
  0.1780E-03
  0.1791E-03
  0.1772E-03
  0.1795E-03
  0.1754E-03
  0.1729E-03
  0.1738E-03
  0.1702E-03
  0.1725E-03
  0.1706E-03
  0.1688E-03
  0.1681E-03
  0.1693E-03
  0.1658E-03
  0.1665E-03
  0.1647E-03
  0.1636E-03
  0.1677E-03
  0.1697E-03
  0.1649E-03
  0.1649E-03
  0.1615E-03
  0.1576E-03
  0.1549E-03
  0.1505E-03
  0.1553E-03
  0.1554E-03
  0.1511E-03
  0.1570E-03
  0.1542E-03
  0.1571E-03
  0.1540E-03
  0.1539E-03
  0.1525E-03
  0.1525E-03
  0.1511E-03
  0.1433E-03
  0.1464E-03
  0.1440E-03
  0.1441E-03
  0.1405E-03
  0.1476E-03
  0.1403E-03
  0.1394E-03
  0.1420E-03
  0.1381E-03
  0.1211E-03
  0.1255E-03
  0.1458E-03
  0.1406E-03
  0.1439E-03
  0.1500E-03
  0.1436E-03
  0.1407E-03
  0.1471E-03
  0.1425E-03
  0.1327E-03
  0.1348E-03
  0.1316E-03
  0.1388E-03
  0.1310E-03
  0.1347E-03
  0.1340E-03
  0.1306E-03
  0.1287E-03
  0.1376E-03
  0.1347E-03
  0.1324E-03
  0.1350E-03
  0.1294E-03
  0.1334E-03
  0.1272E-03
  0.1265E-03
  0.1097E-03
  0.1133E-03
  0.1246E-03
  0.1255E-03
  0.1192E-03
  0.1180E-03
  0.1124E-03
  0.1161E-03
  0.9730E-04
  0.1012E-03
  0.9914E-04
  0.1075E-03
  0.1038E-03
  0.1030E-03
  0.1050E-03
  0.1175E-03
  0.1123E-03
  0.1119E-03
  0.1136E-03
  0.1144E-03
  0.1108E-03
  0.1097E-03
  0.1175E-03
  0.1191E-03
  0.1185E-03
  0.1160E-03
  0.1189E-03
  0.1073E-03
  0.1104E-03
  0.1161E-03
  0.1164E-03
  0.1127E-03
  0.1106E-03
  0.1056E-03
  0.1059E-03
  0.1015E-03
  0.1109E-03
  0.1057E-03
  0.1070E-03
  0.1060E-03
  0.9927E-04
  0.1016E-03
  0.1012E-03
  0.9413E-04
  0.9646E-04
  0.8947E-04
  0.9415E-04
  0.8436E-04
  0.9308E-04
  0.8924E-04
  0.8358E-04
  0.7763E-04
  0.8811E-04
  0.8368E-04
  0.8600E-04
  0.7991E-04
  0.7711E-04
  0.8547E-04
  0.7802E-04
  0.7614E-04
  0.7961E-04
  0.7266E-04
  0.8619E-04
  0.8565E-04
  0.8721E-04
  0.8596E-04
  0.9104E-04
  0.9494E-04
  0.9952E-04
  0.9914E-04
  0.9872E-04
  0.9756E-04
  0.9450E-04
  0.9318E-04
  0.9422E-04
  0.9015E-04
  0.9033E-04
  0.8974E-04
  0.9001E-04
  0.8667E-04
  0.8683E-04
  0.8417E-04
  0.9045E-04
  0.7753E-04
  0.7939E-04
  0.7922E-04
  0.7161E-04
  0.6942E-04
  0.6757E-04
  0.6354E-04
  0.6199E-04
  0.5976E-04
  0.4934E-04
  0.4460E-04
  0.4229E-04
  0.4032E-04
  0.4329E-04
  0.4204E-04
  0.3701E-04
  0.3064E-04
  0.2897E-04
  0.3408E-04
  0.3743E-04
  0.3139E-04
  0.3586E-04
  0.3817E-04
  0.3485E-04
  0.4331E-04
  0.4326E-04
  0.3896E-04
  0.3405E-04
  0.2938E-04
  0.3284E-04
  0.2792E-04
  0.2340E-04
  0.2315E-04
  0.1956E-04
  0.2711E-04
  0.3626E-04
  0.3337E-04
  0.3131E-04
  0.3577E-04
  0.3428E-04
  0.3109E-04
  0.3411E-04
  0.3174E-04
  0.2800E-04
  0.2829E-04
  0.2719E-04
  0.2442E-04
  0.2826E-04
  0.2764E-04
  0.2326E-04
  0.2555E-04
  0.2300E-04
  0.2367E-04
  0.2563E-04
  0.2806E-04
  0.2257E-04
  0.2887E-04
  0.2368E-04
  0.2185E-04
  0.2683E-04
  0.2185E-04
  0.2089E-04
  0.2251E-04
  0.1973E-04
  0.1674E-04
  0.1590E-04
  0.1421E-04
  0.1264E-04
  0.1207E-04
  0.1203E-04
  0.1049E-04
  0.1001E-04
  0.9964E-05
  0.1051E-04
  0.1360E-04
  0.2217E-04
  0.1916E-04
  0.1852E-04
  0.1678E-04
  0.1392E-04
  0.1382E-04
  0.1407E-04
  0.1173E-04
  0.1123E-04
  0.1247E-04
  0.1210E-04
  0.1059E-04
  0.1467E-04
  0.1711E-04
  0.1480E-04
  0.1462E-04
  0.1187E-04
  0.1230E-04
  0.1191E-04
  0.1009E-04
  0.9941E-05
  0.1055E-04
  0.9794E-05
  0.8889E-05
  0.1277E-04
  0.1330E-04
  0.1550E-04
  0.1616E-04
  0.1493E-04
  0.1435E-04
  0.1415E-04
  0.1564E-04
  0.1853E-04
  0.1598E-04
  0.2208E-04
  0.2126E-04
  0.2077E-04
  0.1915E-04
  0.1721E-04
  0.1896E-04
  0.1790E-04
  0.1704E-04
  0.1715E-04
  0.1929E-04
  0.1777E-04
  0.1613E-04
  0.2116E-04
  0.2217E-04
  0.2357E-04
  0.2032E-04
  0.2203E-04
  0.2047E-04
  0.2001E-04
  0.1792E-04
  0.1965E-04
  0.1957E-04
  0.1928E-04
  0.1726E-04
  0.1997E-04
  0.2003E-04
  0.2190E-04
  0.2232E-04
  0.2428E-04
  0.2566E-04
  0.2471E-04
  0.2717E-04
  0.3232E-04
  0.3044E-04
  0.3069E-04
  0.2767E-04
  0.2884E-04
  0.2872E-04
  0.2475E-04
  0.1920E-04
  0.2594E-04
  0.2202E-04
  0.2006E-04
  0.1914E-04
  0.2111E-04
  0.2132E-04
  0.1898E-04
  0.2252E-04
  0.1968E-04
  0.1822E-04
  0.2330E-04
  0.2099E-04
  0.1953E-04
  0.1636E-04
  0.1342E-04
  0.1658E-04
  0.1238E-04
  0.1321E-04
  0.1560E-04
  0.1503E-04
  0.1429E-04
  0.1466E-04
  0.1327E-04
  0.1513E-04
  0.1520E-04
  0.1724E-04
  0.1571E-04
  0.1347E-04
  0.1914E-04
  0.2135E-04
  0.1809E-04
  0.1783E-04
  0.1890E-04
  0.1381E-04
  0.1345E-04
  0.1519E-04
  0.1687E-04
  0.1618E-04
  0.1296E-04
  0.1233E-04
  0.1408E-04
  0.1015E-04
  0.1615E-04
  0.1857E-04
  0.1492E-04
  0.1998E-04
  0.1981E-04
  0.1372E-04
  0.1771E-04
  0.1472E-04
  0.1651E-04
  0.2002E-04
  0.1607E-04
  0.1824E-04
  0.2178E-04
  0.2001E-04
  0.1662E-04
  0.1834E-04
  0.1166E-04
  0.1842E-04
  0.2107E-04
  0.2392E-04
  0.1983E-04
  0.2026E-04
  0.2125E-04
  0.2009E-04
  0.1064E-04
  0.1052E-04
  0.1701E-04
  0.1204E-04
  0.1205E-04
  0.1809E-04
  0.1612E-04
  0.1501E-04
  0.1373E-04
  0.8916E-05
  0.8986E-05
  0.1102E-04
  0.7241E-05
  0.6710E-05
  0.6832E-05
  0.3858E-05
  0.1142E-04
  0.1485E-04
  0.8406E-05
  0.1240E-04
  0.1112E-04
  0.9417E-05
  0.8848E-05
  0.1113E-04
  0.9349E-05
  0.1252E-04
  0.9509E-05
  0.8635E-05
  0.9622E-05
  0.9931E-05
  0.9225E-05
  0.1033E-04
  0.1182E-04
  0.8544E-05
  0.1380E-04
  0.9576E-05
  0.1160E-04
  0.1087E-04
  0.8087E-05
  0.6962E-05
  0.8014E-05
  0.8881E-05
  0.1088E-04
  0.9856E-05
  0.8248E-05
  0.8057E-05
  0.9273E-05
  0.7159E-05
  0.8527E-05
  0.1849E-04
  0.2064E-04
  0.1586E-04
  0.1926E-04
  0.1955E-04
  0.1456E-04
  0.2107E-04
  0.1845E-04
  0.1733E-04
  0.1764E-04
  0.1505E-04
  0.1196E-04
  0.1225E-04
  0.1049E-04
  0.1095E-04
  0.1184E-04
  0.1041E-04
  0.9457E-05
  0.1109E-04
  0.1061E-04
  0.1031E-04
  0.9528E-05
  0.8364E-05
  0.8547E-05
  0.4901E-05
  0.7715E-05
  0.8524E-05
  0.1023E-04
  0.1007E-04
  0.8885E-05
  0.1116E-04
  0.7783E-05
  0.6550E-05
  0.1131E-04
  0.1474E-04
  0.1636E-04
  0.1081E-04
  0.1488E-04
  0.8920E-05
  0.1254E-04
  0.1379E-04
  0.1532E-04
  0.9751E-05
  0.1331E-04
  0.1547E-04
  0.1191E-04
  0.1291E-04
  0.8129E-05
  0.1068E-04
  0.8892E-05
  0.1246E-04
  0.1554E-04
  0.1136E-04
  0.6881E-05
  0.9996E-05
  0.8911E-05
  0.7699E-05
  0.1078E-04
  0.1195E-04
  0.1238E-04
  0.1391E-04
  0.7676E-05
  0.7636E-05
  0.9172E-05
  0.9591E-05
  0.1075E-04
  0.8253E-05
  0.1234E-04
  0.1214E-04
  0.1095E-04
  0.1305E-04
  0.9390E-05
  0.6575E-05
  0.9733E-05
  0.8514E-05
  0.9179E-05
  0.5513E-05
  0.8519E-05
  0.1145E-04
  0.1082E-04
  0.1222E-04
  0.1256E-04
  0.9036E-05
  0.8271E-05
  0.9597E-05
  0.7533E-05
  0.8634E-05
  0.5206E-05
  0.8559E-05
  0.6112E-05
  0.3679E-05
  0.7083E-05
  0.9530E-05
  0.8330E-05
  0.3963E-05
  0.7865E-05
  0.5066E-05
  0.6621E-05
  0.7385E-05
  0.8014E-05
  0.3685E-05
  0.6823E-05
  0.8008E-05
  0.5408E-05
  0.4225E-05
  0.3482E-05
  0.5901E-05
  0.5698E-05
  0.8426E-05
  0.1033E-04
  0.7427E-05
  0.6584E-05
  0.8885E-05
  0.5957E-05
  0.5315E-05
  0.8679E-05
  0.6379E-05
  0.3784E-05
  0.5720E-05
  0.6181E-05
  0.4873E-05
  0.2693E-05
  0.3750E-05
  0.2972E-05
  0.3605E-05
  0.1795E-05
  0.3283E-05
  0.3430E-05
  0.1384E-05
  0.2676E-05
  0.4783E-05
  0.4171E-05
  0.2071E-05
  0.1821E-05
  0.4548E-05
  0.5610E-05
  0.3008E-05
  0.1833E-05
  0.1174E-05
  0.7490E-06
  0.2322E-05
  0.2152E-05
  0.3717E-05
  0.6669E-05
  0.1660E-05
  0.3078E-05
  0.4811E-05
  0.3352E-05
  0.5474E-05
  0.5061E-05
  0.2864E-05
  0.3427E-05
  0.2668E-05
  0.3218E-05
  0.5612E-05
  0.4759E-05
  0.2268E-05
  0.4639E-05
  0.3140E-05
  0.2395E-05
  0.1977E-05
  0.4457E-05
  0.5894E-05
  0.2674E-05
  0.3617E-05
  0.3126E-05
  0.4883E-05
  0.2976E-05
  0.3892E-05
  0.3342E-05
  0.5147E-05
  0.5100E-05
  0.3567E-05
  0.2220E-05
  0.3001E-05
  0.2491E-05
  0.2514E-05
  0.2514E-05
  0.2195E-05
  0.2672E-05
  0.2428E-05
  0.1433E-05
  0.2582E-05
  0.2349E-05
  0.5638E-06
  0.1731E-05
  0.2416E-05
  0.4014E-05
  0.4926E-05
  0.3831E-05
  0.3394E-05
  0.2652E-05
  0.2569E-05
  0.2663E-05
  0.3312E-05
  0.2072E-05
  0.1870E-05
  0.1059E-05
  0.1125E-05
  0.6476E-06
  0.2171E-06
  0.4681E-06
  0.4382E-06
  0.6935E-06
  0.1278E-05
  0.7780E-06
  0.6518E-06
  0.5486E-06
  0.4294E-06
  0.1345E-06
  0.2354E-06
  0.5121E-06
  0.4507E-06
  0.6564E-06
  0.1213E-05
  0.1200E-05
  0.4554E-06
  0.8640E-06
  0.3337E-06
  0.5858E-06
  0.8652E-06
  0.4273E-06
  0.5375E-06
  0.4976E-06
  0.4298E-06
  0.9131E-06
  0.1001E-05
  0.4957E-06
  0.3472E-06
  0.2172E-06
  0.6383E-06
  0.7792E-06
  0.8638E-06
  0.9061E-06
  0.4950E-06
  0.5733E-06
  0.5293E-06
  0.5149E-06
  0.1920E-06
  0.2680E-06
  0.5115E-06
  0.9710E-06
  0.1586E-05
  0.9517E-06
  0.1494E-05
  0.4664E-06
  0.9476E-06
  0.1129E-05
  0.5156E-06
  0.1842E-05
  0.1457E-05
  0.1065E-05
  0.1103E-05
  0.1044E-05
  0.5123E-06
  0.6354E-06
  0.3755E-06
  0.7795E-06
  0.5059E-06
  0.1763E-06
  0.1494E-06
  0.2816E-06
  0.2039E-06
  0.1456E-06
  0.2710E-06
  0.3221E-06
  0.3630E-06
  0.1147E-06
  0.1950E-06
  0.4951E-06
  0.6602E-06
  0.2814E-06
  0.2664E-06
  0.1236E-05
  0.1099E-05
  0.6061E-06
  0.1294E-05
  0.2922E-06
  0.6956E-06
  0.3135E-06
  0.5620E-06
  0.6016E-06
  0.4748E-06
  0.1090E-05
  0.8422E-06
  0.1100E-05
  0.5805E-06
  0.5840E-06
  0.4438E-06
  0.3565E-06
  0.4687E-06
  0.8479E-06
  0.4622E-06
  0.4516E-06
  0.3549E-06
  0.9912E-06
  0.5608E-06
  0.2980E-06
  0.4077E-06
  0.3927E-06
  0.3212E-06
  0.2116E-06
  0.1954E-06
  0.4568E-06
  0.3645E-06
  0.1371E-06
  0.2640E-06
  0.1959E-06
  0.2243E-06
  0.1154E-06
  0.1304E-06
  0.3066E-06
  0.3037E-06
  0.3154E-06
  0.2487E-06
  0.4345E-06
  0.5484E-06
  0.2580E-06
  0.6469E-06
  0.5398E-06
  0.2464E-06
  0.6783E-06
  0.1101E-05
  0.3242E-06
  0.4738E-06
  0.5149E-06
  0.2924E-06
  0.1141E-06
  0.2806E-06
  0.3359E-06
  0.1582E-06
  0.2695E-06
  0.4763E-06
  0.5086E-06
  0.3493E-06
  0.1965E-06
  0.1149E-06
  0.2502E-06
  0.1114E-06
  0.3542E-06
  0.2308E-06
  0.4895E-06
  0.3048E-06
  0.7377E-07
  0.2251E-06
  0.2541E-06
  0.1177E-06
  0.1403E-06
  0.1840E-06
  0.1721E-06
  0.2555E-06
  0.2105E-06
  0.1665E-06
  0.9776E-07
  0.7073E-07
  0.8456E-07
  0.1723E-06
  0.1700E-06
  0.2987E-06
  0.3108E-06
  0.2875E-06
  0.1849E-06
  0.2982E-06
  0.1688E-06
  0.5238E-07
  0.2707E-06
  0.2351E-06
  0.1655E-06
  0.2468E-06
  0.1833E-06
  0.2959E-06
  0.1077E-06
  0.1575E-06
  0.3117E-06
  0.1764E-06
  0.2233E-06
  0.1886E-06
  0.1929E-06
  0.1153E-06
  0.9999E-07
  0.1404E-06
  0.2100E-06
  0.9224E-07
  0.1424E-06
  0.1358E-06
  0.2718E-06
  0.1286E-06
  0.1820E-06
  0.2421E-06
  0.1452E-06
  0.2534E-06
  0.2007E-06
  0.1310E-06
  0.1712E-06
  0.1576E-06
  0.1246E-06
  0.1282E-06
  0.1841E-06
  0.8244E-07
  0.9796E-07
  0.1613E-06
  0.2725E-06
  0.1401E-06
  0.5183E-07
  0.4721E-06
  0.2580E-06
  0.1987E-06
  0.2724E-06
  0.2067E-06
  0.1797E-06
  0.1156E-06
  0.1415E-06
  0.1502E-06
  0.1608E-06
  0.7480E-07
  0.8172E-07
  0.1718E-06
  0.1307E-06
  0.1777E-06
  0.7734E-07
  0.1070E-06
  0.1510E-06
  0.8772E-07
  0.4806E-07
  0.7298E-07
  0.9072E-07
  0.7270E-07
  0.8328E-07
  0.7818E-07
  0.7923E-07
  0.8045E-07
  0.7076E-07
  0.5278E-07
  0.6262E-07
  0.3358E-07
  0.1178E-06
  0.5895E-07
  0.5533E-07
  0.6250E-07
  0.8313E-07
  0.6602E-07
  0.5924E-07
  0.4454E-07
  0.6227E-07
  0.7636E-07
  0.2011E-07
  0.5142E-07
  0.8627E-07
  0.2198E-07
  0.5329E-07
  0.1050E-06
  0.7877E-07
  0.1200E-06
  0.4780E-07
  0.6458E-07
  0.4876E-07
  0.7945E-07
  0.3414E-07
  0.2324E-07
  0.1064E-06
  0.6687E-07
  0.6845E-07
  0.8403E-07
  0.6499E-07
  0.2694E-07
  0.2373E-07
  0.3287E-07
  0.8718E-07
  0.4424E-07
  0.2312E-07
  0.2768E-07
  0.5101E-07
  0.4891E-07
  0.4396E-07
  0.3705E-07
  0.3163E-07
  0.2662E-07
  0.4002E-07
  0.4330E-07
  0.4480E-07
  0.2905E-07
  0.2821E-07
  0.1715E-07
  0.4194E-07
  0.2712E-07
  0.1652E-07
  0.2265E-07
  0.2467E-07
  0.4043E-07
  0.2581E-07
  0.1568E-07
  0.2211E-07
  0.2578E-07
  0.2069E-07
  0.2651E-07
  0.5802E-07
  0.6913E-08
  0.2476E-07
  0.2009E-07
  0.1809E-07
  0.1292E-07
  0.1027E-07
  0.2020E-07
  0.1951E-07
  0.1285E-07
  0.1815E-07
  0.1908E-07
  0.1176E-07
  0.1529E-07
  0.1055E-07
  0.1770E-07
  0.2047E-07
  0.1707E-07
  0.1553E-07
  0.5865E-08
  0.1325E-07
  0.4109E-08
  0.4698E-08
  0.1140E-07
  0.1374E-07
  0.1442E-07
  0.1389E-07
  0.6919E-08
  0.1606E-07
  0.1054E-07
  0.7336E-08
  0.1110E-07
  0.1389E-07
  0.7235E-08
  0.1341E-07
  0.1130E-07
  0.3324E-08
  0.6873E-08
  0.7018E-08
  0.1446E-07
  0.1015E-07
  0.9722E-08
  0.7950E-08
  0.6295E-08
  0.7538E-08
  0.4538E-08
  0.6338E-08
  0.1307E-07
  0.1614E-07
  0.1224E-07
  0.6906E-08
  0.6377E-08
  0.9996E-08
  0.6727E-08
  0.4935E-08
  0.9232E-08
  0.4980E-08
  0.7282E-08
  0.1133E-07
  0.6153E-08
  0.9503E-08
  0.9445E-08
  0.9895E-08
  0.4464E-08
  0.7865E-08
  0.6545E-08
  0.6764E-08
  0.8431E-08
  0.1004E-07
  0.1029E-07
  0.6105E-08
  0.4197E-08
  0.5034E-08
  0.6339E-08
  0.5810E-08
  0.5816E-08
  0.4697E-08
  0.7268E-08
  0.1068E-07
  0.4344E-08
  0.5871E-08
  0.7757E-08
  0.4829E-08
  0.4681E-08
  0.5809E-08
  0.4770E-08
  0.5420E-08
  0.3468E-08
  0.3613E-08
  0.2269E-08
  0.4115E-08
  0.3074E-08
  0.4763E-08
  0.2894E-08
  0.3862E-08
  0.2902E-08
  0.1906E-08
  0.2294E-08
  0.1239E-08
  0.1608E-09
  0.4388E-09
  0.1310E-08
  0.1791E-08
  0.2704E-08
  0.3463E-08
  0.2316E-08
  0.2677E-08
  0.3856E-08
  0.2434E-08
  0.2954E-08
  0.4018E-08
  0.5435E-08
  0.3185E-08
  0.2577E-08
  0.2556E-08
  0.2663E-08
  0.3239E-08
  0.2835E-08
  0.2337E-08
  0.3290E-08
  0.2199E-08
  0.2365E-08
  0.2501E-08
  0.2580E-08
  0.2017E-08
  0.2155E-08
  0.1372E-08
  0.1961E-08
  0.4528E-09
  0.2070E-08
  0.2157E-08
  0.1973E-08
  0.1335E-08
  0.1206E-08
  0.2380E-08
  0.9632E-09
  0.1146E-08
  0.1040E-08
  0.2689E-08
  0.3149E-08
  0.1466E-08
  0.5175E-09
  0.1613E-08
  0.1656E-08
  0.1927E-08
  0.1331E-08
  0.5144E-09
  0.1187E-08
  0.6095E-09
  0.1786E-08
  0.1682E-08
  0.9524E-09
  0.1212E-08
  0.1563E-08
  0.1246E-08
  0.1302E-08
  0.1208E-08
  0.1018E-08
  0.6668E-09
  0.1327E-08
  0.6923E-09
  0.1203E-08
  0.8722E-09
  0.1211E-08
  0.1647E-08
  0.8302E-09
  0.8711E-09
  0.3450E-09
  0.2459E-09
  0.1007E-08
  0.5117E-09
  0.1079E-08
  0.4968E-09
  0.1530E-08
  0.9116E-09
  0.5415E-09
  0.7309E-09
  0.8363E-09
  0.6301E-09
  0.3526E-09
  0.3832E-09
  0.1634E-09
  0.5607E-09
  0.8254E-09
  0.1005E-08
  0.7007E-09
  0.6497E-09
  0.1322E-08
  0.7718E-09
  0.6209E-09
  0.2723E-09
  0.7576E-09
  0.6063E-09
  0.2019E-09
  0.6199E-09
  0.2576E-09
  0.5749E-09
  0.3181E-09
  0.6590E-09
  0.4799E-09
  0.3615E-09
  0.5909E-09
  0.4918E-09
  0.4477E-09
  0.1346E-08
  0.2267E-09
  0.9355E-09
  0.1890E-09
  0.1281E-09
  0.6190E-09
  0.6283E-09
  0.6919E-09
  0.6105E-09
  0.5691E-09
  0.9917E-09
  0.6346E-09
  0.7597E-09
  0.3073E-09
  0.6346E-09
  0.4895E-09
  0.3969E-09
  0.6703E-09
  0.2875E-09
  0.6923E-09
  0.4998E-09
  0.2847E-09
  0.1701E-09
  0.9353E-10
  0.1306E-09
  0.3729E-09
  0.2493E-09
  0.4256E-09
  0.1431E-09
  0.2602E-09
  0.4441E-09
  0.2062E-09
  0.3084E-09
  0.3001E-09
  0.5992E-10
  0.3281E-10
  0.2952E-09
  0.1326E-10
  0.5046E-10
  0.7685E-10
  0.1090E-09
  0.2613E-09
  0.1129E-09
  0.1538E-09
  0.3270E-09
  0.3216E-09
  0.2707E-09
  0.1734E-09
  0.5924E-10
  0.2003E-09
  0.4523E-10
  0.1143E-10
  0.3228E-10
  0.7745E-10
  0.1912E-09
  0.1854E-09
  0.2365E-09
  0.1946E-09
  0.2526E-09
  0.3195E-09
  0.3998E-09
  0.1166E-09
  0.1451E-09
  0.3615E-09
  0.2455E-09
  0.1092E-09
  0.2550E-09
  0.2276E-09
  0.3089E-09
  0.1940E-09
  0.1377E-09
  0.1174E-09
  0.5796E-10
  0.1120E-09
  0.1287E-09
  0.6406E-10
  0.9413E-10
  0.1276E-09
  0.4299E-10
  0.3325E-10
  0.9951E-10
  0.9042E-10
  0.4220E-10
  0.4897E-10
  0.1001E-09
  0.3921E-10
  0.1077E-10
  0.6303E-10
  0.3840E-10
  0.6706E-10
  0.7608E-10
  0.8262E-10
  0.6595E-10
  0.1004E-09
  0.2052E-10
  0.3250E-10
  0.2574E-10
  0.3694E-10
  0.3345E-10
  0.2344E-10
  0.1247E-10
  0.1254E-10
  0.2320E-10
  0.2633E-10
  0.8963E-11
  0.8066E-10
  0.8849E-10
  0.1281E-09
  0.8389E-10
  0.1217E-09
  0.5457E-10
  0.4577E-10
  0.2292E-10
  0.9576E-10
  0.3079E-10
  0.5115E-10
  0.1571E-10
  0.2226E-10
  0.3201E-10
  0.6002E-11
  0.3394E-10
  0.2585E-10
  0.1028E-09
  0.4957E-10
  0.7888E-10
  0.8378E-10
  0.6701E-10
  0.7123E-10
  0.1023E-09
  0.4990E-10
  0.6409E-10
  0.3803E-10
  0.7494E-10
  0.5564E-10
  0.2615E-10
  0.2886E-10
  0.1464E-10
  0.4999E-10
  0.1302E-09
  0.5378E-10
  0.6952E-10
  0.2812E-10
  0.1578E-10
  0.2081E-11
  0.1180E-11
  0.2401E-11
  0.2895E-11
  0.3126E-12
  0.8332E-11
  0.6065E-11
  0.4560E-11
  0.3923E-10
  0.2040E-10
  0.2929E-10
  0.5321E-11
  0.5262E-10
  0.5203E-10
  0.7285E-11
  0.1788E-10
  0.1958E-10
  0.1648E-10
  0.3023E-10
  0.6221E-11
  0.2006E-11
  0.5081E-11
  0.4929E-11
  0.1084E-10
  0.3220E-11
  0.9313E-11
  0.4064E-10
  0.1134E-10
  0.8387E-10
  0.1448E-10
  0.2243E-10
  0.1698E-11
  0.1694E-10
  0.1815E-10
  0.1114E-11
  0.9189E-12
  0.1991E-11
  0.9930E-12
  0.4052E-11
  0.1619E-11
  0.2840E-12
  0.2371E-11
  0.3375E-10
  0.1819E-10
  0.3959E-11
  0.9420E-11
  0.1791E-11
  0.2125E-11
  0.2105E-11
  0.3689E-11
  0.1001E-11
  0.1864E-11
  0.1408E-11
  0.6316E-12
  0.3598E-12
  0.1578E-12
  0.1774E-11
  0.6985E-11
  0.1676E-10
  0.2344E-10
  0.1082E-10
  0.2949E-11
  0.8775E-11
  0.4244E-11
  0.3309E-11
  0.3501E-11
  0.1566E-10
  0.5598E-11
  0.5008E-11
  0.8003E-11
  0.8596E-11
  0.7677E-11
  0.3346E-11
  0.1327E-10
  0.4618E-11
  0.1281E-10
  0.1091E-10
  0.2688E-10
  0.5636E-11
  0.1026E-10
  0.4320E-11
  0.9298E-11
  0.1837E-11
  0.3619E-12
  0.2641E-11
  0.4028E-12
  0.3802E-12
  0.4098E-12
  0.8717E-13
  0.2328E-13
  0.2562E-11
  0.1586E-10
  0.2110E-11
  0.4083E-11
  0.8007E-11
  0.4605E-11
  0.1606E-11
  0.2834E-11
  0.2048E-11
  0.4171E-11
  0.1128E-11
  0.1062E-11
  0.3476E-12
  0.2371E-11
  0.3002E-12
  0.8434E-12
  0.9848E-12
  0.1459E-11
  0.4638E-11
  0.1011E-11
  0.1163E-11
  0.3943E-11
  0.3856E-11
  0.9686E-13
  0.1093E-11
  0.2046E-11
  0.1666E-11
  0.5102E-11
  0.5380E-12
  0.2625E-12
  0.3116E-12
  0.1844E-12
  0.8940E-13
  0.7483E-11
  0.6842E-11
  0.5031E-11
  0.6565E-11
  0.4522E-11
  0.4153E-11
  0.3079E-11
  0.1490E-11
  0.6194E-12
  0.5403E-12
  0.1761E-12
  0.9844E-12
  0.2003E-12
  0.5187E-12
  0.8242E-12
  0.1239E-11
  0.3544E-11
  0.2256E-11
  0.1776E-11
  0.1029E-11
  0.3856E-12
  0.1001E-11
  0.7529E-12
  0.4617E-12
  0.2209E-11
  0.1503E-11
  0.8267E-12
  0.4822E-13
  0.3817E-13
  0.1797E-13
  0.4646E-12
  0.6044E-13
  0.7043E-12
  0.1566E-11
  0.5252E-12
  0.4628E-12
  0.3143E-12
  0.1220E-11
  0.2192E-12
  0.2966E-12
  0.6962E-12
  0.1086E-12
  0.3502E-12
  0.6080E-12
  0.1325E-12
  0.2398E-13
  0.3809E-13
  0.4298E-11
  0.1212E-11
  0.4488E-12
  0.3017E-12
  0.3334E-12
  0.4304E-12
  0.1129E-11
  0.1041E-11
  0.1379E-12
  0.5901E-13
  0.5438E-13
  0.1807E-11
  0.2543E-12
  0.6197E-13
  0.1019E-12
  0.1068E-12
  0.9089E-14
  0.3415E-12
  0.1091E-11
  0.9645E-12
  0.1540E-11
  0.5621E-12
  0.8282E-13
  0.2079E-12
  0.3197E-12
  0.7045E-12
  0.3460E-12
  0.5241E-13
  0.2101E-12
  0.2876E-12
  0.1120E-12
  0.6833E-12
  0.1193E-13
  0.2806E-12
  0.1663E-11
  0.1958E-11
  0.1118E-11
  0.5318E-12
  0.3105E-12
  0.2458E-12
  0.2699E-12
  0.3595E-12
  0.1295E-13
  0.3052E-14
  0.5991E-13
  0.1206E-12
  0.1208E-12
  0.5256E-12
  0.2775E-13
  0.1223E-12
  0.1405E-11
  0.2052E-12
  0.3025E-13
  0.4323E-13
  0.6104E-13
  0.5342E-12
  0.1030E-12
  0.1856E-12
  0.1961E-12
  0.1411E-12
  0.4591E-13
  0.2120E-13
  0.1517E-12
  0.1013E-11
  0.5175E-13
  0.3144E-12
  0.1496E-12
  0.1719E-13
  0.7260E-14
  0.4301E-13
  0.9823E-13
  0.1588E-12
  0.1093E-12
  0.7760E-13
  0.1091E-11
  0.2201E-12
  0.2775E-12
  0.1514E-12
  0.3755E-13
  0.3074E-13
  0.1168E-13
  0.3694E-12
  0.3107E-12
  0.1013E-11
  0.1573E-12
  0.1959E-12
  0.9874E-13
  0.8903E-13
  0.3190E-13
  0.1084E-12
  0.1460E-12
  0.4734E-13
  0.2950E-12
  0.2728E-12
  0.3062E-12
  0.7941E-13
  0.4898E-13
  0.2110E-12
  0.1097E-12
  0.1027E-12
  0.5334E-12
  0.1643E-12
  0.4854E-13
  0.4856E-13
  0.1374E-12
  0.1118E-12
  0.1500E-12
  0.1875E-12
  0.1248E-12
  0.6253E-13
  0.6549E-13
  0.2107E-12
  0.5779E-13
  0.7102E-13
  0.5636E-13
  0.3457E-13
  0.2654E-13
  0.3744E-13
  0.2354E-13
  0.4128E-13
  0.4139E-13
  0.4417E-13
  0.4674E-13
  0.1444E-12
  0.1026E-12
  0.1466E-12
  0.4756E-13
  0.8887E-13
  0.1362E-12
  0.1082E-12
  0.1131E-12
  0.6930E-13
  0.5015E-13
  0.3279E-13
  0.5817E-13
  0.8153E-13
  0.2452E-13
  0.4514E-13
  0.6036E-13
  0.7584E-13
  0.5484E-13
  0.5459E-13
  0.7066E-13
  0.1988E-13
  0.6581E-13
  0.8164E-13
  0.7100E-13
  0.3372E-13
  0.7095E-13
  0.1143E-12
  0.9090E-13
  0.2982E-13
  0.4202E-13
  0.2003E-13
  0.1831E-13
  0.4454E-13
  0.3900E-13
  0.2561E-13
  0.4453E-13
  0.5986E-13
  0.6177E-13
  0.2992E-13
  0.7897E-13
  0.2526E-13
  0.1720E-13
  0.6632E-13
  0.6719E-13
  0.7392E-13
  0.2605E-13
  0.5019E-13
  0.9690E-13
  0.6597E-13
  0.2494E-13
  0.4353E-13
  0.3956E-13
  0.4824E-13
  0.1040E-13
  0.4936E-13
  0.7904E-13
  0.2694E-13
  0.3073E-12
