 Surface temperature vs. time [K]
    170.0000
    167.7945
    165.7337
    163.8463
    162.1366
    160.5857
    159.1751
    157.8893
    156.7149
    155.6405
    154.6560
    153.7527
    152.9230
    152.1600
    151.4578
    150.8109
    150.2144
    149.6642
    149.1562
    148.6869
    148.2532
    147.8522
    147.4812
    147.1376
    146.8191
    146.5243
    146.2512
    145.9982
    145.7638
    145.5466
    145.3452
    145.1583
    144.9846
    144.8236
    144.6743
    144.5358
    144.4071
    144.2875
    144.1766
    144.0736
    143.9779
    143.8891
    143.8066
    143.7300
    143.6587
    143.5925
    143.5310
    143.4738
    143.4206
    143.3713
    143.3254
    143.2827
    143.2431
    143.2062
    143.1719
    143.1401
    143.1104
    143.0829
    143.0573
    143.0334
    143.0113
    142.9907
    142.9716
    142.9538
    142.9372
    142.9218
    142.9075
    142.8942
    142.8818
    142.8703
    142.8596
    142.8497
    142.8404
    142.8318
    142.8238
    142.8163
    142.8094
    142.8029
    142.7970
    142.7914
    142.7862
    142.7814
    142.7769
    142.7727
    142.7689
    142.7652
    142.7619
    142.7588
    142.7559
    142.7532
    142.7507
    142.7484
    142.7462
    142.7442
    142.7423
    142.7406
    142.7389
    142.7374
    142.7360
    142.7347
    142.7335
    142.7324
    142.7313
    142.7303
    142.7294
    142.7286
    142.7278
    142.7270
    142.7263
    142.7257
    142.7251
    142.7246
    142.7241
    142.7236
    142.7231
    142.7227
    142.7223
    142.7220
    142.7217
    142.7214
    142.7211
    142.7208
    142.7205
    142.7203
    142.7201
    142.7199
    142.7197
    142.7196
    142.7194
    142.7192
    142.7191
    142.7190
    142.7188
    142.7187
    142.7186
    142.7185
    142.7184
    142.7184
    142.7183
    142.7182
    142.7181
    142.7181
    142.7180
    142.7180
    142.7179
    142.7179
    142.7178
    142.7178
    142.7177
    142.7177
    142.7177
    142.7176
    142.7176
    142.7176
    142.7176
    142.7175
    142.7175
    142.7175
    142.7175
    142.7175
    142.7174
    142.7174
    142.7174
    142.7174
    142.7174
    142.7174
    142.7174
    142.7174
    142.7173
    142.7173
    142.7173
    142.7173
    142.7173
    142.7173
    142.7173
    142.7173
    142.7173
    142.7173
    142.7173
    142.7173
    142.7173
    142.7173
    142.7173
    142.7173
    142.7173
    142.7173
    142.7173
    142.7173
    142.7172
    142.7173
    142.7172
    142.7173
    142.7172
    142.7173
    142.7172
    142.7173
    142.7172
    142.7172
    142.7172
    142.7172
    142.7172
    142.7172
    142.7172
    142.7172
    142.7172
    142.7172
    142.7172
    142.7172
    142.7172
    142.7172
    142.7172
    142.7172
    142.7172
    142.7172
    142.7172
    142.7172
    142.7172
    142.7172
    142.7172
    142.7172
    142.7172
    142.7172
    142.7172
    142.7172
    142.7172
    142.7172
    142.7172
    142.7172
    142.7172
    142.7172
    142.7172
    142.7172
    142.7172
    142.7172
    142.7172
    142.7172
    142.7172
    142.7172
    142.7172
    142.7172
    142.7172
    142.7172
    142.7172
    142.7172
    142.7172
    142.7172
    142.7172
    142.7172
    142.7172
    142.7172
    142.7172
    142.7172
    142.7172
    142.7172
    142.7172
    142.7172
    142.7172
    142.7172
    142.7172
    142.7172
    142.7172
    142.7172
    142.7172
    142.7172
    142.7172
    142.7172
    142.7172
    142.7172
    142.7172
    142.7172
    142.7172
    142.7172
    142.7172
    142.7172
    142.7172
    142.7172
    142.7172
    142.7172
    142.7172
    142.7172
    142.7172
    142.7172
    142.7172
    142.7172
    142.7172
    142.7172
    142.7172
    142.7172
    142.7172
    142.7172
    142.7172
    142.7172
    142.7172
    142.7172
    142.7172
    142.7172
    142.7172
    142.7172
    142.7172
    142.7172
