 Surface temperature vs. time [K]
    270.0000
    261.9274
    254.6265
    248.0480
    242.1046
    236.6895
    231.7264
    227.1559
    222.9301
    219.0118
    215.3721
    211.9869
    208.8331
    205.8938
    203.1528
    200.5943
    198.2055
    195.9745
    193.8899
    191.9416
    190.1206
    188.4193
    186.8298
    185.3447
    183.9574
    182.6630
    181.4555
    180.3296
    179.2807
    178.3042
    177.3962
    176.5526
    175.7699
    175.0442
    174.3724
    173.7513
    173.1780
    172.6497
    172.1639
    171.7181
    171.3103
    170.9385
    170.6003
    170.2940
    170.0177
    169.7698
    169.5486
    169.3524
    169.1797
    169.0292
    168.8993
    168.7891
    168.6974
    168.6229
    168.5648
    168.5221
    168.4939
    168.4792
    168.4769
    168.4864
    168.5070
    168.5380
    168.5789
    168.6288
    168.6872
    168.7531
    168.8265
    168.9065
    168.9927
    169.0847
    169.1822
    169.2846
    169.3917
    169.5030
    169.6182
    169.7370
    169.8591
    169.9842
    170.1121
    170.2425
    170.3749
    170.5091
    170.6449
    170.7823
    170.9210
    171.0608
    171.2013
    171.3426
    171.4844
    171.6267
    171.7694
    171.9124
    172.0556
    172.1987
    172.3418
    172.4844
    172.6269
    172.7691
    172.9109
    173.0522
    173.1928
    173.3328
    173.4722
    173.6109
    173.7491
    173.8866
    174.0234
    174.1595
    174.2950
    174.4299
    174.5642
    174.6980
    174.8310
    174.9634
    175.0951
    175.2263
    175.3568
    175.4867
    175.6161
    175.7448
    175.8730
    176.0006
    176.1274
    176.2536
    176.3793
    176.5044
    176.6289
    176.7527
    176.8760
    176.9987
    177.1207
    177.2420
    177.3628
    177.4831
    177.6028
    177.7219
    177.8406
    177.9588
    178.0765
    178.1934
    178.3098
    178.4256
    178.5409
    178.6556
    178.7698
    178.8834
    178.9965
    179.1089
    179.2209
    179.3323
    179.4433
    179.5538
    179.6638
    179.7732
    179.8820
    179.9903
    180.0980
    180.2051
    180.3117
    180.4179
    180.5236
    180.6288
    180.7336
    180.8380
    180.9418
    181.0450
    181.1477
    181.2500
    181.3517
    181.4529
    181.5536
    181.6539
    181.7536
    181.8529
    181.9518
    182.0503
    182.1484
    182.2460
    182.3431
    182.4397
    182.5359
    182.6316
    182.7270
    182.8219
    182.9163
    183.0104
    183.1039
    183.1970
    183.2897
    183.3819
    183.4736
    183.5650
    183.6559
    183.7465
    183.8365
    183.9261
    184.0152
    184.1040
    184.1923
    184.2802
    184.3677
    184.4549
    184.5417
    184.6280
    184.7139
    184.7996
    184.8848
    184.9698
    185.0543
    185.1383
    185.2220
    185.3054
    185.3883
    185.4708
    185.5530
    185.6347
    185.7161
    185.7970
    185.8776
    185.9578
    186.0376
    186.1171
    186.1962
    186.2750
    186.3534
    186.4313
    186.5090
    186.5863
    186.6633
    186.7399
    186.8162
    186.8922
    186.9677
    187.0430
    187.1179
    187.1925
    187.2668
    187.3408
    187.4143
    187.4875
    187.5603
    187.6329
    187.7052
    187.7773
    187.8489
    187.9201
    187.9910
    188.0616
    188.1317
    188.2016
    188.2712
    188.3405
    188.4096
    188.4784
    188.5466
    188.6147
    188.6825
    188.7500
    188.8172
    188.8841
    188.9507
    189.0169
    189.0828
    189.1485
    189.2139
    189.2790
    189.3437
    189.4082
    189.4724
    189.5363
    189.6000
    189.6635
    189.7265
    189.7893
    189.8520
    189.9142
    189.9760
    190.0377
    190.0990
    190.1600
    190.2206
    190.2808
    190.3405
    190.3997
    190.4585
    190.5168
    190.5746
    190.6319
    190.6886
    190.7448
    190.8006
    190.8558
    190.9105
    190.9646
    191.0182
    191.0712
    191.1237
    191.1756
    191.2269
    191.2776
    191.3277
    191.3774
    191.4264
    191.4747
    191.5225
    191.5696
    191.6162
    191.6622
    191.7076
    191.7523
    191.7963
    191.8398
    191.8827
    191.9250
    191.9666
    192.0075
    192.0478
    192.0875
    192.1267
    192.1652
    192.2030
    192.2401
    192.2766
    192.3126
    192.3479
    192.3826
    192.4166
    192.4500
    192.4827
    192.5148
    192.5464
    192.5773
    192.6076
    192.6371
    192.6660
    192.6943
    192.7220
    192.7492
    192.7757
    192.8015
    192.8266
    192.8511
    192.8750
    192.8984
    192.9212
    192.9433
    192.9646
    192.9853
    193.0054
    193.0250
    193.0440
    193.0625
    193.0802
    193.0972
    193.1135
    193.1293
    193.1445
    193.1591
    193.1733
    193.1867
    193.1994
    193.2114
    193.2228
    193.2337
    193.2440
    193.2538
    193.2629
    193.2712
    193.2789
    193.2859
    193.2924
    193.2983
    193.3038
    193.3088
    193.3133
    193.3175
    193.3214
    193.3249
    193.3282
    193.3312
    193.3339
    193.3365
    193.3388
    193.3409
    193.3429
    193.3446
    193.3463
    193.3478
    193.3492
    193.3505
    193.3516
    193.3527
    193.3537
    193.3546
    193.3555
    193.3562
    193.3569
    193.3576
    193.3581
    193.3587
    193.3592
    193.3597
    193.3601
    193.3605
    193.3608
    193.3611
    193.3614
    193.3617
    193.3619
    193.3622
    193.3624
    193.3626
    193.3628
    193.3629
    193.3631
    193.3632
    193.3634
    193.3635
    193.3636
    193.3637
    193.3637
    193.3638
    193.3639
    193.3640
    193.3640
    193.3641
    193.3641
    193.3642
    193.3642
    193.3642
    193.3643
    193.3643
    193.3643
    193.3643
    193.3644
    193.3644
    193.3644
    193.3645
    193.3645
    193.3645
    193.3646
    193.3646
    193.3646
    193.3646
    193.3647
    193.3647
    193.3647
    193.3647
    193.3647
    193.3648
    193.3648
    193.3648
    193.3648
    193.3648
    193.3648
    193.3648
    193.3648
    193.3648
    193.3648
    193.3648
    193.3648
    193.3648
    193.3648
    193.3648
    193.3649
    193.3649
    193.3649
    193.3649
    193.3649
    193.3649
    193.3649
    193.3649
    193.3649
    193.3649
    193.3649
    193.3649
    193.3649
    193.3649
    193.3649
    193.3649
    193.3649
    193.3649
    193.3649
    193.3649
    193.3649
    193.3649
    193.3649
    193.3649
    193.3649
    193.3649
    193.3649
    193.3649
    193.3649
    193.3649
    193.3649
    193.3649
    193.3649
    193.3649
    193.3649
    193.3649
