 Longwave optical depth [dimless]
  0.3776E-06
  0.4894E+00
  0.1160E+01
  0.2092E+01
  0.3268E+01
  0.4731E+01
  0.6399E+01
  0.8251E+01
  0.1032E+02
  0.1250E+02
  0.1481E+02
  0.1719E+02
  0.1963E+02
  0.2212E+02
  0.2462E+02
  0.2709E+02
  0.2950E+02
  0.3189E+02
  0.3428E+02
  0.3647E+02
  0.3852E+02
  0.4051E+02
  0.4236E+02
  0.4400E+02
  0.4565E+02
  0.4702E+02
  0.4840E+02
  0.4956E+02
  0.5060E+02
  0.5129E+02
  0.5199E+02
  0.5268E+02
  0.5310E+02
  0.5345E+02
  0.5367E+02
  0.5369E+02
  0.5370E+02
  0.5364E+02
  0.5332E+02
  0.5299E+02
  0.5266E+02
  0.5226E+02
  0.5173E+02
  0.5120E+02
  0.5053E+02
  0.4987E+02
  0.4920E+02
  0.4832E+02
  0.4758E+02
  0.4664E+02
  0.4584E+02
  0.4503E+02
  0.4409E+02
  0.4308E+02
  0.4220E+02
  0.4133E+02
  0.4031E+02
  0.3930E+02
  0.3843E+02
  0.3755E+02
  0.3654E+02
  0.3552E+02
  0.3465E+02
  0.3377E+02
  0.3275E+02
  0.3201E+02
  0.3099E+02
  0.3019E+02
  0.2924E+02
  0.2849E+02
  0.2759E+02
  0.2680E+02
  0.2599E+02
  0.2521E+02
  0.2444E+02
  0.2370E+02
  0.2295E+02
  0.2224E+02
  0.2154E+02
  0.2086E+02
  0.2018E+02
  0.1953E+02
  0.1890E+02
  0.1829E+02
  0.1770E+02
  0.1710E+02
  0.1654E+02
  0.1599E+02
  0.1547E+02
  0.1494E+02
  0.1444E+02
  0.1395E+02
  0.1347E+02
  0.1303E+02
  0.1258E+02
  0.1214E+02
  0.1172E+02
  0.1132E+02
  0.1094E+02
  0.1056E+02
  0.1018E+02
  0.9839E+01
  0.9495E+01
  0.9151E+01
  0.8833E+01
  0.8523E+01
  0.8226E+01
  0.7928E+01
  0.7645E+01
  0.7394E+01
  0.7131E+01
  0.6867E+01
  0.6617E+01
  0.6400E+01
  0.6170E+01
  0.5940E+01
  0.5724E+01
  0.5541E+01
  0.5331E+01
  0.5142E+01
  0.4966E+01
  0.4790E+01
  0.4614E+01
  0.4458E+01
  0.4289E+01
  0.4147E+01
  0.3990E+01
  0.3835E+01
  0.3720E+01
  0.3578E+01
  0.3450E+01
  0.3320E+01
  0.3206E+01
  0.3097E+01
  0.2987E+01
  0.2881E+01
  0.2779E+01
  0.2679E+01
  0.2586E+01
  0.2494E+01
  0.2407E+01
  0.2320E+01
  0.2239E+01
  0.2161E+01
  0.2084E+01
  0.2011E+01
  0.1942E+01
  0.1875E+01
  0.1808E+01
  0.1745E+01
  0.1685E+01
  0.1627E+01
  0.1571E+01
  0.1515E+01
  0.1464E+01
  0.1415E+01
  0.1365E+01
  0.1319E+01
  0.1274E+01
  0.1230E+01
  0.1190E+01
  0.1149E+01
  0.1111E+01
  0.1074E+01
  0.1039E+01
  0.1004E+01
  0.9710E+00
  0.9388E+00
  0.9077E+00
  0.8799E+00
  0.8522E+00
  0.8245E+00
  0.7971E+00
  0.7731E+00
  0.7491E+00
  0.7251E+00
  0.7043E+00
  0.6815E+00
  0.6614E+00
  0.6413E+00
  0.6216E+00
  0.6053E+00
  0.5876E+00
  0.5700E+00
  0.5541E+00
  0.5390E+00
  0.5252E+00
  0.5094E+00
  0.4971E+00
  0.4845E+00
  0.4722E+00
  0.4603E+00
  0.4494E+00
  0.4389E+00
  0.4289E+00
  0.4191E+00
  0.4102E+00
  0.4019E+00
  0.3938E+00
  0.3859E+00
  0.3790E+00
  0.3723E+00
  0.3660E+00
  0.3598E+00
  0.3545E+00
  0.3495E+00
  0.3448E+00
  0.3404E+00
  0.3365E+00
  0.3331E+00
  0.3300E+00
  0.3269E+00
  0.3247E+00
  0.3227E+00
  0.3210E+00
  0.3193E+00
  0.3185E+00
  0.3180E+00
  0.3176E+00
  0.3172E+00
  0.3178E+00
  0.3184E+00
  0.3199E+00
  0.3204E+00
  0.3222E+00
  0.3245E+00
  0.3262E+00
  0.3284E+00
  0.3315E+00
  0.3347E+00
  0.3381E+00
  0.3414E+00
  0.3456E+00
  0.3501E+00
  0.3546E+00
  0.3592E+00
  0.3646E+00
  0.3702E+00
  0.3759E+00
  0.3815E+00
  0.3879E+00
  0.3946E+00
  0.4013E+00
  0.4080E+00
  0.4156E+00
  0.4233E+00
  0.4310E+00
  0.4388E+00
  0.4472E+00
  0.4559E+00
  0.4646E+00
  0.4733E+00
  0.4826E+00
  0.4920E+00
  0.5015E+00
  0.5110E+00
  0.5210E+00
  0.5311E+00
  0.5413E+00
  0.5514E+00
  0.5619E+00
  0.5725E+00
  0.5831E+00
  0.5937E+00
  0.6045E+00
  0.6153E+00
  0.6261E+00
  0.6369E+00
  0.6477E+00
  0.6586E+00
  0.6694E+00
  0.6802E+00
  0.6906E+00
  0.7010E+00
  0.7114E+00
  0.7218E+00
  0.7316E+00
  0.7412E+00
  0.7509E+00
  0.7606E+00
  0.7693E+00
  0.7778E+00
  0.7863E+00
  0.7948E+00
  0.8022E+00
  0.8094E+00
  0.8164E+00
  0.8235E+00
  0.8293E+00
  0.8349E+00
  0.8404E+00
  0.8459E+00
  0.8502E+00
  0.8541E+00
  0.8581E+00
  0.8620E+00
  0.8647E+00
  0.8670E+00
  0.8694E+00
  0.8718E+00
  0.8729E+00
  0.8738E+00
  0.8748E+00
  0.8757E+00
  0.8755E+00
  0.8750E+00
  0.8746E+00
  0.8741E+00
  0.8727E+00
  0.8710E+00
  0.8694E+00
  0.8677E+00
  0.8651E+00
  0.8624E+00
  0.8596E+00
  0.8569E+00
  0.8534E+00
  0.8497E+00
  0.8460E+00
  0.8423E+00
  0.8379E+00
  0.8335E+00
  0.8291E+00
  0.8246E+00
  0.8197E+00
  0.8146E+00
  0.8096E+00
  0.8046E+00
  0.7992E+00
  0.7937E+00
  0.7883E+00
  0.7828E+00
  0.7771E+00
  0.7714E+00
  0.7656E+00
  0.7599E+00
  0.7540E+00
  0.7482E+00
  0.7423E+00
  0.7365E+00
  0.7306E+00
  0.7248E+00
  0.7189E+00
  0.7131E+00
  0.7073E+00
  0.7016E+00
  0.6959E+00
  0.6902E+00
  0.6847E+00
  0.6793E+00
  0.6739E+00
  0.6685E+00
  0.6634E+00
  0.6584E+00
  0.6534E+00
  0.6483E+00
  0.6438E+00
  0.6393E+00
  0.6349E+00
  0.6304E+00
  0.6265E+00
  0.6228E+00
  0.6188E+00
  0.6150E+00
  0.6118E+00
  0.6087E+00
  0.6058E+00
  0.6027E+00
  0.6002E+00
  0.5979E+00
  0.5957E+00
  0.5936E+00
  0.5929E+00
  0.5909E+00
  0.5896E+00
  0.5884E+00
  0.5893E+00
  0.5880E+00
  0.5876E+00
  0.5876E+00
  0.5884E+00
  0.5893E+00
  0.5903E+00
  0.5913E+00
  0.5939E+00
  0.5958E+00
  0.5980E+00
  0.6002E+00
  0.6037E+00
  0.6076E+00
  0.6111E+00
  0.6151E+00
  0.6204E+00
  0.6255E+00
  0.6300E+00
  0.6353E+00
  0.6416E+00
  0.6506E+00
  0.6557E+00
  0.6629E+00
  0.6700E+00
  0.6783E+00
  0.6885E+00
  0.6954E+00
  0.7052E+00
  0.7160E+00
  0.7513E+00
  0.7410E+00
  0.7536E+00
  0.7790E+00
  0.7759E+00
  0.7866E+00
  0.8045E+00
  0.8371E+00
  0.8599E+00
  0.1140E+01
  0.8982E+00
  0.8918E+00
  0.9097E+00
  0.9516E+00
  0.1108E+01
  0.1832E+01
  0.1089E+01
  0.1038E+01
  0.1056E+01
  0.1149E+01
  0.2128E+01
  0.1469E+01
  0.1392E+01
  0.1170E+01
  0.1218E+01
  0.1465E+01
  0.1608E+01
  0.1292E+01
  0.1644E+01
  0.1661E+02
  0.2341E+01
  0.1458E+01
  0.1493E+01
  0.4649E+01
  0.1630E+01
  0.1502E+01
  0.1541E+01
  0.1754E+01
  0.3513E+01
  0.1672E+01
  0.1606E+01
  0.1767E+01
  0.2404E+01
  0.1956E+01
  0.1939E+01
  0.1922E+01
  0.2966E+01
  0.2628E+01
  0.2441E+01
  0.4167E+01
  0.2817E+01
  0.4624E+01
  0.3965E+01
  0.8237E+01
  0.2952E+02
  0.5672E+01
  0.6720E+01
  0.2424E+02
  0.2807E+02
  0.2746E+02
  0.2432E+02
  0.1940E+02
  0.4545E+02
  0.1807E+04
  0.6872E+02
  0.4961E+02
  0.1047E+03
  0.2407E+03
  0.1128E+04
  0.2265E+03
  0.2243E+03
  0.1267E+04
  0.1596E+04
  0.1820E+04
  0.7940E+03
  0.3875E+03
  0.7166E+03
  0.6093E+04
  0.2529E+04
  0.1074E+04
  0.6541E+03
  0.1180E+04
  0.1038E+05
  0.2278E+04
  0.9377E+03
  0.1336E+04
  0.1997E+04
  0.4037E+05
  0.6171E+04
  0.1501E+04
  0.5028E+04
  0.6864E+04
  0.3179E+04
  0.1760E+04
  0.3459E+04
  0.1466E+05
  0.1312E+05
  0.1365E+05
  0.1011E+05
  0.2858E+05
  0.3372E+05
  0.1615E+05
  0.1440E+06
  0.2171E+05
  0.5463E+05
  0.8692E+06
  0.8842E+05
  0.1070E+06
  0.6828E+05
  0.9357E+05
  0.3786E+06
  0.2569E+07
  0.1519E+07
  0.2829E+06
  0.2044E+06
  0.4662E+06
  0.3160E+07
  0.1644E+07
  0.4315E+06
  0.3275E+06
  0.4660E+06
  0.1509E+07
  0.3643E+07
  0.6440E+06
  0.3418E+06
  0.4852E+06
  0.9883E+06
  0.3419E+08
  0.6559E+07
  0.3485E+07
  0.1380E+07
  0.4959E+06
  0.4240E+06
  0.8832E+06
  0.1069E+08
  0.1305E+07
  0.4218E+06
  0.3942E+06
  0.1031E+07
  0.8951E+07
  0.4920E+06
  0.2306E+06
  0.2738E+06
  0.1203E+07
  0.7506E+06
  0.1252E+06
  0.8651E+05
  0.1585E+06
  0.3062E+07
  0.6739E+05
  0.2764E+05
  0.3159E+05
  0.1351E+06
  0.3624E+05
  0.1398E+05
  0.7740E+04
  0.1247E+05
  0.2069E+05
  0.3765E+04
  0.9731E+04
  0.2571E+04
  0.1495E+05
  0.1654E+04
  0.4948E+04
  0.4408E+04
  0.2327E+04
  0.1092E+04
  0.1170E+04
  0.5040E+04
  0.2955E+05
  0.1574E+05
  0.3370E+04
  0.9574E+03
  0.5947E+03
  0.6074E+03
  0.1503E+04
  0.4121E+05
  0.1852E+04
  0.7245E+03
  0.9282E+03
  0.1076E+04
  0.6224E+04
  0.3137E+04
  0.6211E+03
  0.4491E+03
  0.4838E+03
  0.9055E+03
  0.1418E+05
  0.5010E+03
  0.1545E+03
  0.9112E+02
  0.9736E+02
  0.2071E+03
  0.1812E+04
  0.1458E+03
  0.2531E+02
  0.1600E+02
  0.1816E+02
  0.3756E+02
  0.1422E+03
  0.1183E+02
  0.4448E+01
  0.3131E+01
  0.2801E+01
  0.4248E+01
  0.1023E+02
  0.4018E+01
  0.1269E+01
  0.9655E+00
  0.1128E+01
  0.4966E+01
  0.9227E+00
  0.9546E+00
  0.6350E+00
  0.1037E+01
  0.6422E+01
  0.1336E+01
  0.7531E+00
  0.7136E+00
  0.1301E+01
  0.6515E+01
  0.8690E+00
  0.6208E+00
  0.7549E+00
  0.9600E+00
  0.1837E+01
  0.5644E+01
  0.1078E+02
  0.1722E+01
  0.7938E+00
  0.7002E+00
  0.9304E+00
  0.4349E+01
  0.2226E+01
  0.8312E+00
  0.6450E+00
  0.8414E+00
  0.3368E+01
  0.1992E+01
  0.6221E+00
  0.4987E+00
  0.5612E+00
  0.1450E+01
  0.1182E+01
  0.4197E+00
  0.3574E+00
  0.3630E+00
  0.5490E+00
  0.5606E+00
  0.3114E+00
  0.2900E+00
  0.2865E+00
  0.3147E+00
  0.3167E+00
  0.2696E+00
  0.2675E+00
  0.3449E+00
  0.2804E+00
  0.2607E+00
  0.2559E+00
  0.2542E+00
  0.2498E+00
  0.2549E+00
  0.2443E+00
  0.2438E+00
  0.2425E+00
  0.2411E+00
  0.2346E+00
  0.2320E+00
  0.2301E+00
  0.2295E+00
  0.2251E+00
  0.2211E+00
  0.2216E+00
  0.2169E+00
  0.2161E+00
  0.2114E+00
  0.2086E+00
  0.2126E+00
  0.2050E+00
  0.2017E+00
  0.1984E+00
  0.1964E+00
  0.1981E+00
  0.2013E+00
  0.1962E+00
  0.1864E+00
  0.1837E+00
  0.1811E+00
  0.1788E+00
  0.1772E+00
  0.1756E+00
  0.1718E+00
  0.1692E+00
  0.1670E+00
  0.1652E+00
  0.1648E+00
  0.1600E+00
  0.1576E+00
  0.1633E+00
  0.1536E+00
  0.1525E+00
  0.1766E+00
  0.1470E+00
  0.1452E+00
  0.1637E+00
  0.1427E+00
  0.1393E+00
  0.1462E+00
  0.1408E+00
  0.1340E+00
  0.1350E+00
  0.2205E+00
  0.1308E+00
  0.1293E+00
  0.1399E+00
  0.1566E+00
  0.1296E+00
  0.1245E+00
  0.1289E+00
  0.1785E+00
  0.1191E+00
  0.1144E+00
  0.1163E+00
  0.1111E+00
  0.1582E+00
  0.1124E+00
  0.2110E+00
  0.1514E+00
  0.1243E+00
  0.1141E+00
  0.1327E+00
  0.1085E+00
  0.1835E+00
  0.1304E+00
  0.2436E+00
  0.1943E+00
  0.1275E+00
  0.5301E+00
  0.1352E+00
  0.1305E+00
  0.1721E+01
  0.2081E+00
  0.1809E+00
  0.1694E+01
  0.1888E+00
  0.2463E+00
  0.6019E+01
  0.2781E+00
  0.2770E+00
  0.3021E+01
  0.5667E+00
  0.3170E+00
  0.6915E+00
  0.4558E+01
  0.4416E+00
  0.3543E+00
  0.8834E+00
  0.3696E+01
  0.3635E+00
  0.2454E+00
  0.2253E+00
  0.1467E+00
  0.1822E+00
  0.4458E+00
  0.3803E+01
  0.2246E+01
  0.7616E+00
  0.5096E+00
  0.4877E+00
  0.5179E+00
  0.6513E+00
  0.8886E+00
  0.1234E+01
  0.1620E+01
  0.1816E+01
  0.1573E+01
  0.1034E+01
  0.5553E+00
  0.2882E+00
  0.1658E+00
  0.1225E+00
  0.9511E-01
  0.9521E-01
  0.2011E+00
  0.7966E-01
  0.1082E+00
  0.7016E-01
  0.6709E-01
  0.8054E-01
  0.6593E-01
  0.6746E-01
  0.8023E-01
  0.6661E-01
  0.6902E-01
  0.1040E+00
  0.6815E-01
  0.6949E-01
  0.1980E+00
  0.7245E-01
  0.6981E-01
  0.7754E-01
  0.1258E+00
  0.7845E-01
  0.7021E-01
  0.7412E-01
  0.1365E+00
  0.6972E-01
  0.7796E-01
  0.9516E-01
  0.1863E+00
  0.7686E-01
  0.8355E-01
  0.8953E-01
  0.9166E-01
  0.8265E+00
  0.1638E+00
  0.3538E+00
  0.3220E+00
  0.2179E+00
  0.9020E+00
  0.2845E+00
  0.1837E+00
  0.2385E+01
  0.1908E+00
  0.3019E+00
  0.1581E+01
  0.2758E+00
  0.5352E+00
  0.2703E+01
  0.4087E+00
  0.6530E+00
  0.1369E+02
  0.6822E+00
  0.6302E+00
  0.5001E+01
  0.1816E+01
  0.6593E+00
  0.1026E+01
  0.1475E+02
  0.1367E+01
  0.5626E+00
  0.5986E+00
  0.1303E+01
  0.2366E+00
  0.4356E+00
  0.5748E+01
  0.3050E+01
  0.1187E+01
  0.8930E+00
  0.9345E+00
  0.1225E+01
  0.1973E+01
  0.3718E+01
  0.7553E+01
  0.1492E+02
  0.2686E+02
  0.3403E+02
  0.1668E+02
  0.6089E+01
  0.2010E+01
  0.7262E+00
  0.3355E+00
  0.2132E+00
  0.1894E+00
  0.2504E+00
  0.2839E+00
  0.1407E+00
  0.7385E-01
  0.9145E-01
  0.5855E-01
  0.6602E-01
  0.5738E-01
  0.5221E-01
  0.5078E-01
  0.4991E-01
  0.4894E-01
  0.4818E-01
  0.4758E-01
  0.4704E-01
  0.4659E-01
  0.4617E-01
  0.4581E-01
  0.4548E-01
  0.4517E-01
  0.4492E-01
  0.4469E-01
  0.4450E-01
  0.4432E-01
  0.4418E-01
  0.4409E-01
  0.4402E-01
  0.4397E-01
  0.4396E-01
  0.4402E-01
  0.4410E-01
  0.4423E-01
  0.4441E-01
  0.4463E-01
  0.4493E-01
  0.4527E-01
  0.4564E-01
  0.4609E-01
  0.4661E-01
  0.4720E-01
  0.4783E-01
  0.4857E-01
  0.4937E-01
  0.5026E-01
  0.5122E-01
  0.5230E-01
  0.5350E-01
  0.5474E-01
  0.5599E-01
  0.5757E-01
  0.5918E-01
  0.6079E-01
  0.6264E-01
  0.6461E-01
  0.6669E-01
  0.6901E-01
  0.7133E-01
  0.7397E-01
  0.7676E-01
  0.7962E-01
  0.8278E-01
  0.8589E-01
  0.8938E-01
  0.9311E-01
  0.9684E-01
  0.1009E+00
  0.1054E+00
  0.1100E+00
  0.1277E+00
  0.1448E+00
  0.1537E+00
  0.1675E+00
  0.1641E+00
  0.1732E+00
  0.1818E+00
  0.1877E+00
  0.1989E+00
  0.2153E+00
  0.2306E+00
  0.2444E+00
  0.2574E+00
  0.2708E+00
  0.2896E+00
  0.3012E+00
  0.3180E+00
  0.3372E+00
  0.3516E+00
  0.3803E+00
  0.3951E+00
  0.4084E+00
  0.4181E+00
  0.4511E+00
  0.4840E+00
  0.5094E+00
  0.5361E+00
  0.5752E+00
  0.5888E+00
  0.6296E+00
  0.6712E+00
  0.7084E+00
  0.7580E+00
  0.7833E+00
  0.9026E+00
  0.9463E+00
  0.9328E+00
  0.1016E+01
  0.1483E+01
  0.1140E+01
  0.1233E+01
  0.2499E+01
  0.1587E+01
  0.1582E+01
  0.4309E+01
  0.2099E+01
  0.2146E+01
  0.5159E+01
  0.3174E+01
  0.3462E+01
  0.6530E+01
  0.6179E+01
  0.4500E+01
  0.8101E+01
  0.1522E+02
  0.6907E+01
  0.9317E+01
  0.4667E+02
  0.1040E+02
  0.1057E+02
  0.5087E+02
  0.1457E+02
  0.1079E+02
  0.2278E+02
  0.1738E+02
  0.1003E+02
  0.1170E+02
  0.1277E+02
  0.9383E+01
  0.1161E+02
  0.5335E+02
  0.1622E+02
  0.1653E+02
  0.3493E+02
  0.2677E+02
  0.2033E+02
  0.2703E+02
  0.4656E+02
  0.2205E+02
  0.2272E+02
  0.5842E+02
  0.2451E+02
  0.2349E+02
  0.3272E+02
  0.4362E+02
  0.3871E+02
  0.3561E+02
  0.4347E+02
  0.3534E+02
  0.2857E+02
  0.3769E+02
  0.3911E+02
  0.3353E+02
  0.2665E+02
  0.2210E+02
  0.2018E+02
  0.1940E+02
  0.1920E+02
  0.1924E+02
  0.1842E+02
  0.1762E+02
  0.1689E+02
  0.1563E+02
  0.1458E+02
  0.1372E+02
  0.1260E+02
  0.1200E+02
  0.1146E+02
  0.1097E+02
  0.1058E+02
  0.1025E+02
  0.9961E+01
  0.9809E+01
  0.9531E+01
  0.9220E+01
  0.9157E+01
  0.8877E+01
  0.8753E+01
  0.8737E+01
  0.8593E+01
  0.8571E+01
  0.8667E+01
  0.8685E+01
  0.8687E+01
  0.8825E+01
  0.9283E+01
  0.9003E+01
  0.9192E+01
  0.1135E+02
  0.9528E+01
  0.9423E+01
  0.9850E+01
  0.1091E+02
  0.1184E+02
  0.1002E+02
  0.1031E+02
  0.1377E+02
  0.1843E+02
  0.1263E+02
  0.1274E+02
  0.2481E+02
  0.2348E+02
  0.1522E+02
  0.1790E+02
  0.8040E+02
  0.2124E+02
  0.1769E+02
  0.2787E+02
  0.3357E+02
  0.1815E+02
  0.2005E+02
  0.7739E+02
  0.1726E+02
  0.1800E+02
  0.2506E+02
  0.2538E+02
  0.2496E+02
  0.3532E+02
  0.4071E+02
  0.3063E+02
  0.3805E+02
  0.5152E+02
  0.3271E+02
  0.3613E+02
  0.5304E+02
  0.3492E+02
  0.4159E+02
  0.5780E+02
  0.4128E+02
  0.3812E+02
  0.4337E+02
  0.3556E+02
  0.3935E+02
  0.4279E+02
  0.3901E+02
  0.3712E+02
  0.3056E+02
  0.2811E+02
  0.3175E+02
  0.2742E+02
  0.2727E+02
  0.2721E+02
  0.2545E+02
  0.2402E+02
  0.2260E+02
  0.2076E+02
  0.1901E+02
  0.1751E+02
  0.1626E+02
  0.1531E+02
  0.1451E+02
  0.1381E+02
  0.1315E+02
  0.1247E+02
  0.1192E+02
  0.1134E+02
  0.1075E+02
  0.1024E+02
  0.9691E+01
  0.9124E+01
  0.8619E+01
  0.8088E+01
  0.7622E+01
  0.7179E+01
  0.6761E+01
  0.6305E+01
  0.5954E+01
  0.5615E+01
  0.5284E+01
  0.4994E+01
  0.4673E+01
  0.4452E+01
  0.4238E+01
  0.3983E+01
  0.3802E+01
  0.3598E+01
  0.3442E+01
  0.3252E+01
  0.3116E+01
  0.2997E+01
  0.2871E+01
  0.2739E+01
  0.2636E+01
  0.2548E+01
  0.2459E+01
  0.2336E+01
  0.2247E+01
  0.2199E+01
  0.2101E+01
  0.2029E+01
  0.1979E+01
  0.1939E+01
  0.1814E+01
  0.1799E+01
  0.1724E+01
  0.1668E+01
  0.1583E+01
  0.1529E+01
  0.1481E+01
  0.1414E+01
  0.1346E+01
  0.1329E+01
  0.1263E+01
  0.1207E+01
  0.1150E+01
  0.1126E+01
  0.1099E+01
  0.1026E+01
  0.1003E+01
  0.9643E+00
  0.9277E+00
  0.8931E+00
  0.8626E+00
  0.8098E+00
  0.7972E+00
  0.7852E+00
  0.7422E+00
  0.7255E+00
  0.6926E+00
  0.6812E+00
  0.6428E+00
  0.6213E+00
  0.5968E+00
  0.5893E+00
  0.5949E+00
  0.5188E+00
  0.5119E+00
  0.5083E+00
  0.4745E+00
  0.4554E+00
  0.4318E+00
  0.4068E+00
  0.3956E+00
  0.3710E+00
  0.3573E+00
  0.3469E+00
  0.3308E+00
  0.3224E+00
  0.3022E+00
  0.2930E+00
  0.2894E+00
  0.2715E+00
  0.2558E+00
  0.2503E+00
  0.2351E+00
  0.2318E+00
  0.2230E+00
  0.2110E+00
  0.2058E+00
  0.1914E+00
  0.1931E+00
  0.1828E+00
  0.1745E+00
  0.1718E+00
  0.1602E+00
  0.1534E+00
  0.1486E+00
  0.1413E+00
  0.1348E+00
  0.1281E+00
  0.1139E+00
  0.1079E+00
  0.1039E+00
  0.1003E+00
  0.9667E-01
  0.9324E-01
  0.8988E-01
  0.8667E-01
  0.8356E-01
  0.8025E-01
  0.7742E-01
  0.7453E-01
  0.7189E-01
  0.6909E-01
  0.6636E-01
  0.6382E-01
  0.6148E-01
  0.5906E-01
  0.5678E-01
  0.5456E-01
  0.5243E-01
  0.5120E-01
  0.4846E-01
  0.4657E-01
  0.4478E-01
  0.4308E-01
  0.4137E-01
  0.3967E-01
  0.3822E-01
  0.3658E-01
  0.3522E-01
  0.3386E-01
  0.3250E-01
  0.3114E-01
  0.2989E-01
  0.2869E-01
  0.2758E-01
  0.2653E-01
  0.2547E-01
  0.2445E-01
  0.2346E-01
  0.2254E-01
  0.2164E-01
  0.2076E-01
  0.1995E-01
  0.1913E-01
  0.1838E-01
  0.1764E-01
  0.1694E-01
  0.1626E-01
  0.1561E-01
  0.1498E-01
  0.1439E-01
  0.1384E-01
  0.1328E-01
  0.1273E-01
  0.1223E-01
  0.1176E-01
  0.1140E-01
  0.1084E-01
  0.1036E-01
  0.9948E-02
  0.9550E-02
  0.9174E-02
  0.8805E-02
  0.8469E-02
  0.8111E-02
  0.7786E-02
  0.7578E-02
  0.7245E-02
  0.6928E-02
  0.6635E-02
  0.6432E-02
  0.6120E-02
  0.5865E-02
  0.5704E-02
  0.5500E-02
  0.5244E-02
  0.5440E-02
  0.4911E-02
  0.4680E-02
  0.5343E-02
  0.5660E-02
  0.4981E-02
  0.4088E-02
  0.4393E-02
  0.3845E-02
  0.3986E-02
  0.3578E-02
  0.4055E-02
  0.3435E-02
  0.6256E-02
  0.3564E-02
  0.4400E-02
  0.9281E-02
  0.1039E-01
  0.4165E-02
  0.2696E-02
  0.2447E-02
  0.2473E-02
  0.2953E-02
  0.2597E-02
  0.4804E-02
  0.3003E-02
  0.2499E-02
  0.2363E-02
  0.2407E-02
  0.3140E-02
  0.2226E-02
  0.1577E-02
  0.1436E-02
  0.1451E-02
  0.1339E-02
  0.1223E-02
  0.1188E-02
  0.1126E-02
  0.1063E-02
  0.1026E-02
  0.9709E-03
  0.9280E-03
  0.2077E-02
  0.8935E-03
  0.8181E-03
  0.7850E-03
  0.7524E-03
  0.7357E-03
  0.6940E-03
  0.6667E-03
  0.6384E-03
  0.6164E-03
  0.5889E-03
  0.5663E-03
  0.5442E-03
  0.5246E-03
  0.9105E-03
  0.5331E-03
  0.4630E-03
  0.4471E-03
  0.4562E-03
  0.4081E-03
  0.3935E-03
  0.3752E-03
  0.3598E-03
  0.3483E-03
  0.3403E-03
  0.3207E-03
  0.3068E-03
  0.2987E-03
  0.2904E-03
  0.2703E-03
  0.2599E-03
  0.2502E-03
  0.2985E-03
  0.2295E-03
  0.2203E-03
  0.2127E-03
  0.2036E-03
  0.1963E-03
  0.1874E-03
  0.2475E-03
  0.1746E-03
  0.1664E-03
  0.1588E-03
  0.1521E-03
  0.1467E-03
  0.1410E-03
  0.1414E-03
  0.1316E-03
  0.1258E-03
  0.1226E-03
  0.1176E-03
  0.1124E-03
  0.1087E-03
  0.1772E-03
  0.1053E-03
  0.9738E-04
  0.9177E-04
  0.1092E-03
  0.9551E-04
  0.8982E-04
  0.1004E-03
  0.8004E-04
  0.7259E-04
  0.7188E-04
  0.6887E-04
  0.6431E-04
  0.6404E-04
  0.6308E-04
  0.5826E-04
  0.5603E-04
  0.5756E-04
  0.8936E-04
  0.6146E-04
  0.5625E-04
  0.7713E-04
  0.9715E-03
  0.1999E-03
  0.8881E-04
  0.9362E-04
  0.2184E-03
  0.9859E-04
  0.1040E-03
  0.1095E-03
  0.3762E-03
  0.3797E-03
  0.1258E-03
  0.1882E-03
  0.1284E-02
  0.4874E-03
  0.2585E-03
  0.3065E-02
  0.3838E-03
  0.1458E-02
  0.3492E-02
  0.7348E-03
  0.6061E-03
  0.3349E-02
  0.4775E-02
  0.8648E-03
  0.2278E-02
  0.1240E-02
  0.7099E-03
  0.1770E-02
  0.8574E-02
  0.1774E-02
  0.1136E-02
  0.2063E-02
  0.2822E-02
  0.1263E-02
  0.3543E-02
  0.4201E-02
  0.7744E-01
  0.1211E-01
  0.4362E-02
  0.4376E-02
  0.3192E-01
  0.1455E-01
  0.3192E-01
  0.1884E-01
  0.1300E-01
  0.2558E-01
  0.4055E+00
  0.7785E-01
  0.4619E-01
  0.5160E-01
  0.8202E-01
  0.1480E+00
  0.3248E+01
  0.1779E+00
  0.1142E+00
  0.1002E+00
  0.2404E+00
  0.1006E+01
  0.9759E+00
  0.3062E+00
  0.2020E+00
  0.4245E+00
  0.3995E+00
  0.4102E+01
  0.3080E+01
  0.3235E+01
  0.5056E+00
  0.4198E+00
  0.8563E+00
  0.7104E+01
  0.1583E+02
  0.1370E+01
  0.1319E+01
  0.3845E+01
  0.1125E+01
  0.3762E+01
  0.4260E+01
  0.2315E+01
  0.9058E+00
  0.1135E+01
  0.5578E+01
  0.3210E+01
  0.4343E+02
  0.1912E+02
  0.4769E+01
  0.3874E+01
  0.4768E+01
  0.1721E+02
  0.5395E+02
  0.1217E+03
  0.3470E+02
  0.1694E+02
  0.1820E+02
  0.3578E+02
  0.1641E+03
  0.5330E+03
  0.8018E+02
  0.4255E+02
  0.4290E+02
  0.8793E+02
  0.5714E+03
  0.3043E+03
  0.6535E+02
  0.3966E+02
  0.4738E+02
  0.1346E+03
  0.4925E+03
  0.3897E+02
  0.1719E+02
  0.1835E+02
  0.3791E+02
  0.1600E+04
  0.4620E+03
  0.8858E+02
  0.3829E+02
  0.9996E+01
  0.6243E+01
  0.7139E+01
  0.3590E+02
  0.3844E+01
  0.1276E+01
  0.8747E+00
  0.7015E+00
  0.7953E+01
  0.1551E+01
  0.1185E+01
  0.1950E+01
  0.1538E+02
  0.8442E+01
  0.2147E+01
  0.1942E+01
  0.5600E+01
  0.3322E+02
  0.2160E+01
  0.1138E+01
  0.1872E+01
  0.3554E+02
  0.1516E+01
  0.5072E+00
  0.5499E+00
  0.3190E+01
  0.8051E+00
  0.1709E+00
  0.1441E+00
  0.4121E+00
  0.3553E+00
  0.8294E-01
  0.5309E-01
  0.1256E+00
  0.1652E+00
  0.9653E-01
  0.4375E-01
  0.2024E+00
  0.1966E+00
  0.1151E+00
  0.5678E-01
  0.2331E+00
  0.2607E+00
  0.1069E+00
  0.8161E-01
  0.4672E+00
  0.3309E+00
  0.5779E+00
  0.2720E+00
  0.1401E+00
  0.1905E+00
  0.3169E+00
  0.8209E+01
  0.2003E+01
  0.4985E+00
  0.9338E+00
  0.1903E+01
  0.1011E+02
  0.1585E+01
  0.1114E+01
  0.1849E+01
  0.1241E+02
  0.1580E+02
  0.3566E+01
  0.2825E+01
  0.5398E+01
  0.4878E+02
  0.1987E+02
  0.5566E+01
  0.4948E+01
  0.1008E+02
  0.9515E+02
  0.1634E+02
  0.5670E+01
  0.6236E+01
  0.4670E+02
  0.5799E+02
  0.8834E+01
  0.8515E+01
  0.3784E+02
  0.3779E+03
  0.1667E+02
  0.1538E+03
  0.3770E+02
  0.2966E+02
  0.1745E+02
  0.3568E+02
  0.1054E+03
  0.8810E+03
  0.1244E+03
  0.1560E+03
  0.8789E+02
  0.2048E+03
  0.2415E+04
  0.7900E+03
  0.2602E+03
  0.2172E+03
  0.3561E+03
  0.1807E+04
  0.3456E+04
  0.5834E+03
  0.3301E+03
  0.4116E+03
  0.1311E+04
  0.6905E+04
  0.5872E+03
  0.2818E+03
  0.2560E+03
  0.5234E+03
  0.3047E+04
  0.2743E+03
  0.1146E+04
  0.1654E+05
  0.1236E+04
  0.2094E+03
  0.1975E+03
  0.9590E+03
  0.4852E+03
  0.1180E+03
  0.7352E+02
  0.9076E+02
  0.4747E+03
  0.1070E+03
  0.2462E+02
  0.2160E+02
  0.2192E+03
  0.7570E+02
  0.1026E+02
  0.7291E+01
  0.8470E+01
  0.5537E+01
  0.5659E+02
  0.2798E+02
  0.5350E+01
  0.3684E+01
  0.8761E+01
  0.1862E+02
  0.3477E+02
  0.5813E+01
  0.2970E+01
  0.1042E+02
  0.5392E+01
  0.4962E+02
  0.7248E+01
  0.2796E+01
  0.6867E+01
  0.4123E+01
  0.4439E+02
  0.5598E+01
  0.1830E+01
  0.1410E+01
  0.2367E+01
  0.1417E+02
  0.1231E+02
  0.3525E+02
  0.2865E+01
  0.9363E+00
  0.5214E+00
  0.5265E+00
  0.1519E+01
  0.3330E+01
  0.3960E+00
  0.2105E+00
  0.2138E+00
  0.4137E+00
  0.6139E+00
  0.6557E-01
  0.7348E-01
  0.9345E-01
  0.3004E-01
  0.6766E-01
  0.7015E-01
  0.6393E-01
  0.1100E+00
  0.7630E-01
  0.2330E+00
  0.7388E-01
  0.3784E-01
  0.7572E-01
  0.6523E-01
  0.1209E+00
  0.3050E-01
  0.2482E+00
  0.3548E-01
  0.4716E-01
  0.1842E-01
  0.4884E-02
  0.3648E-02
  0.2303E-01
  0.3311E-01
  0.1140E-01
  0.5664E-02
  0.6563E-02
  0.5188E-02
  0.2592E-02
  0.9498E-02
  0.2549E-01
  0.2865E-02
  0.8058E-02
  0.3627E-02
  0.8475E-02
  0.4170E-01
  0.1713E-01
  0.7329E-01
  0.8553E-02
  0.1397E-01
  0.1624E+00
  0.1939E-01
  0.1827E-01
  0.8507E-01
  0.3554E-01
  0.1794E+00
  0.2336E+00
  0.4180E-01
  0.7506E-01
  0.1793E+01
  0.3125E+00
  0.2206E+00
  0.1214E+01
  0.5640E+00
  0.4646E+00
  0.1088E+01
  0.2907E+01
  0.5680E+01
  0.1428E+01
  0.2571E+01
  0.3120E+01
  0.6967E+01
  0.1390E+02
  0.8199E+01
  0.8479E+01
  0.1049E+03
  0.3454E+02
  0.8825E+02
  0.4004E+02
  0.2718E+03
  0.9078E+02
  0.1088E+03
  0.1124E+04
  0.1534E+03
  0.6262E+03
  0.1359E+04
  0.7212E+03
  0.1313E+04
  0.9537E+03
  0.6341E+04
  0.3072E+04
  0.1625E+04
  0.9815E+04
  0.3448E+04
  0.9126E+04
  0.8007E+04
  0.5913E+04
  0.1265E+06
  0.2078E+05
  0.1102E+05
  0.5536E+06
  0.1876E+05
  0.2495E+05
  0.7231E+06
  0.2913E+05
  0.4423E+05
  0.1984E+07
  0.6373E+05
  0.4587E+05
  0.3422E+06
  0.1748E+06
  0.5813E+05
  0.1088E+06
  0.6686E+07
  0.1224E+06
  0.6825E+05
  0.1272E+06
  0.3080E+07
  0.1412E+06
  0.3844E+05
  0.3202E+05
  0.2778E+05
  0.3172E+05
  0.7154E+05
  0.3508E+06
  0.1590E+07
  0.2782E+06
  0.1450E+06
  0.1063E+06
  0.1131E+06
  0.1182E+06
  0.1962E+06
  0.1997E+06
  0.2520E+06
  0.2926E+06
  0.2675E+06
  0.2640E+06
  0.1882E+06
  0.1821E+06
  0.7037E+05
  0.1964E+06
  0.2033E+06
  0.1300E+06
  0.1116E+07
  0.3269E+06
  0.6522E+06
  0.1332E+07
  0.7537E+06
  0.1363E+07
  0.1183E+07
  0.7039E+06
  0.1376E+08
  0.1937E+07
  0.1854E+07
  0.1532E+09
  0.2329E+07
  0.2618E+07
  0.2075E+09
  0.4102E+07
  0.3739E+07
  0.5758E+08
  0.9071E+07
  0.5066E+07
  0.1675E+08
  0.4563E+08
  0.6919E+07
  0.7428E+07
  0.4826E+08
  0.2686E+08
  0.7191E+07
  0.6562E+07
  0.1842E+08
  0.3160E+08
  0.1652E+07
  0.2157E+08
  0.1629E+08
  0.7708E+07
  0.6668E+07
  0.8774E+07
  0.1744E+08
  0.5605E+08
  0.5263E+09
  0.8067E+08
  0.3038E+08
  0.1688E+08
  0.1148E+08
  0.8699E+07
  0.6898E+07
  0.5686E+07
  0.4913E+07
  0.4766E+07
  0.5888E+07
  0.1397E+08
  0.9130E+07
  0.1218E+07
  0.4111E+06
  0.2625E+06
  0.6478E+06
  0.1548E+06
  0.6484E+05
  0.2418E+06
  0.3119E+05
  0.5920E+05
  0.1852E+05
  0.1377E+05
  0.1013E+05
  0.7279E+04
  0.5114E+04
  0.3519E+04
  0.2362E+04
  0.1549E+04
  0.9860E+03
  0.6121E+03
  0.2466E+03
  0.1411E+03
  0.7836E+02
  0.4241E+02
  0.2233E+02
  0.7023E+01
  0.3147E+01
  0.1499E+01
  0.1443E+01
  0.1751E+00
  0.6076E-01
  0.1602E+01
  0.4668E-01
  0.3636E-01
  0.2957E+00
  0.1207E+00
  0.4197E-01
  0.8343E-01
  0.2663E+01
  0.7524E-01
  0.3970E-01
  0.7108E-01
  0.9016E+00
  0.4992E-01
  0.1689E-01
  0.7512E-01
  0.4531E-01
  0.3749E-01
  0.5017E-01
  0.1080E+00
  0.4217E+00
  0.2490E+01
  0.3984E+00
  0.1765E+00
  0.1157E+00
  0.8268E-01
  0.6992E-01
  0.6599E-01
  0.6606E-01
  0.8353E-01
  0.9411E-01
  0.6303E-01
  0.1273E+00
  0.2129E+00
  0.9291E-01
  0.3737E-01
  0.9513E-01
  0.6302E-01
  0.1100E+00
  0.4624E-01
  0.7738E-01
  0.2757E-01
  0.7968E-01
  0.1374E+00
  0.2604E-01
  0.7830E-01
  0.1626E+00
  0.8336E-01
  0.1132E+00
  0.6577E+00
  0.4067E+00
  0.2422E+00
  0.4540E+00
  0.4713E+01
  0.9535E+00
  0.7087E+00
  0.1553E+01
  0.9287E+01
  0.1650E+01
  0.1487E+01
  0.5598E+01
  0.6404E+01
  0.2138E+01
  0.3007E+01
  0.2977E+02
  0.3576E+01
  0.2213E+01
  0.5929E+01
  0.5616E+01
  0.1411E+01
  0.1510E+01
  0.2937E+01
