 Spectral outgoing longwave flux [W/m2/cm^-1]
  0.5231E-05
  0.2568E-04
  0.6017E-04
  0.1071E-03
  0.1655E-03
  0.2345E-03
  0.3140E-03
  0.4037E-03
  0.5035E-03
  0.6133E-03
  0.7329E-03
  0.8623E-03
  0.1001E-02
  0.1150E-02
  0.1307E-02
  0.1474E-02
  0.1650E-02
  0.1835E-02
  0.2028E-02
  0.2231E-02
  0.2441E-02
  0.2660E-02
  0.2887E-02
  0.3123E-02
  0.3365E-02
  0.3616E-02
  0.3874E-02
  0.4140E-02
  0.4413E-02
  0.4693E-02
  0.4980E-02
  0.5274E-02
  0.5574E-02
  0.5882E-02
  0.6196E-02
  0.6517E-02
  0.6843E-02
  0.7176E-02
  0.7515E-02
  0.7860E-02
  0.8210E-02
  0.8566E-02
  0.8928E-02
  0.9295E-02
  0.9668E-02
  0.1003E-01
  0.1043E-01
  0.1082E-01
  0.1121E-01
  0.1161E-01
  0.1202E-01
  0.1243E-01
  0.1284E-01
  0.1326E-01
  0.1368E-01
  0.1411E-01
  0.1454E-01
  0.1498E-01
  0.1543E-01
  0.1587E-01
  0.1632E-01
  0.1678E-01
  0.1724E-01
  0.1768E-01
  0.1818E-01
  0.1865E-01
  0.1913E-01
  0.1962E-01
  0.2011E-01
  0.2060E-01
  0.2110E-01
  0.2160E-01
  0.2210E-01
  0.2261E-01
  0.2313E-01
  0.2365E-01
  0.2417E-01
  0.2470E-01
  0.2524E-01
  0.2578E-01
  0.2632E-01
  0.2687E-01
  0.2742E-01
  0.2797E-01
  0.2854E-01
  0.2911E-01
  0.2968E-01
  0.3025E-01
  0.3079E-01
  0.3142E-01
  0.3201E-01
  0.3260E-01
  0.3321E-01
  0.3381E-01
  0.3442E-01
  0.3502E-01
  0.3565E-01
  0.3625E-01
  0.3690E-01
  0.3753E-01
  0.3817E-01
  0.3874E-01
  0.3945E-01
  0.4012E-01
  0.4077E-01
  0.4138E-01
  0.4204E-01
  0.4278E-01
  0.4345E-01
  0.4412E-01
  0.4477E-01
  0.4446E-01
  0.4615E-01
  0.4689E-01
  0.4760E-01
  0.4832E-01
  0.4903E-01
  0.4972E-01
  0.5036E-01
  0.5103E-01
  0.5158E-01
  0.5259E-01
  0.5176E-01
  0.5410E-01
  0.5486E-01
  0.5551E-01
  0.5632E-01
  0.5714E-01
  0.5788E-01
  0.5865E-01
  0.5942E-01
  0.6020E-01
  0.6091E-01
  0.6169E-01
  0.6238E-01
  0.6283E-01
  0.6366E-01
  0.6478E-01
  0.6144E-01
  0.6639E-01
  0.6153E-01
  0.6708E-01
  0.6856E-01
  0.6958E-01
  0.7016E-01
  0.7116E-01
  0.7121E-01
  0.7278E-01
  0.7358E-01
  0.7429E-01
  0.7442E-01
  0.7596E-01
  0.7679E-01
  0.7758E-01
  0.7467E-01
  0.7898E-01
  0.7975E-01
  0.8043E-01
  0.8150E-01
  0.8222E-01
  0.8270E-01
  0.7908E-01
  0.8300E-01
  0.8516E-01
  0.8607E-01
  0.8657E-01
  0.7669E-01
  0.8823E-01
  0.8899E-01
  0.8982E-01
  0.9040E-01
  0.9073E-01
  0.9235E-01
  0.9313E-01
  0.9386E-01
  0.9454E-01
  0.9461E-01
  0.9516E-01
  0.9441E-01
  0.9718E-01
  0.9437E-01
  0.9602E-01
  0.9776E-01
  0.1001E+00
  0.1007E+00
  0.1016E+00
  0.1020E+00
  0.1031E+00
  0.1038E+00
  0.1045E+00
  0.1051E+00
  0.1058E+00
  0.1064E+00
  0.1070E+00
  0.1075E+00
  0.1073E+00
  0.1068E+00
  0.1075E+00
  0.1080E+00
  0.1103E+00
  0.1096E+00
  0.1113E+00
  0.1059E+00
  0.1110E+00
  0.1127E+00
  0.1140E+00
  0.1147E+00
  0.1153E+00
  0.1159E+00
  0.1164E+00
  0.1169E+00
  0.1174E+00
  0.1137E+00
  0.1183E+00
  0.1189E+00
  0.1194E+00
  0.1199E+00
  0.1203E+00
  0.1207E+00
  0.1211E+00
  0.1166E+00
  0.1208E+00
  0.9529E-01
  0.1217E+00
  0.1221E+00
  0.9647E-01
  0.1234E+00
  0.1229E+00
  0.1248E+00
  0.1252E+00
  0.1251E+00
  0.1225E+00
  0.1259E+00
  0.1266E+00
  0.1270E+00
  0.1273E+00
  0.1276E+00
  0.1279E+00
  0.1267E+00
  0.1284E+00
  0.1283E+00
  0.1266E+00
  0.1258E+00
  0.1291E+00
  0.1296E+00
  0.1300E+00
  0.1303E+00
  0.1304E+00
  0.1307E+00
  0.1308E+00
  0.1311E+00
  0.1272E+00
  0.1314E+00
  0.1317E+00
  0.1319E+00
  0.1320E+00
  0.1321E+00
  0.1321E+00
  0.1210E+00
  0.1321E+00
  0.1325E+00
  0.1295E+00
  0.1322E+00
  0.1330E+00
  0.1332E+00
  0.1333E+00
  0.1333E+00
  0.1315E+00
  0.1333E+00
  0.1337E+00
  0.1337E+00
  0.1338E+00
  0.1337E+00
  0.1340E+00
  0.1338E+00
  0.1342E+00
  0.1341E+00
  0.1343E+00
  0.1342E+00
  0.1121E+00
  0.1341E+00
  0.1336E+00
  0.1341E+00
  0.1328E+00
  0.1345E+00
  0.1182E+00
  0.1310E+00
  0.1347E+00
  0.1348E+00
  0.1349E+00
  0.1349E+00
  0.1349E+00
  0.1350E+00
  0.1350E+00
  0.1350E+00
  0.1339E+00
  0.1351E+00
  0.1351E+00
  0.1351E+00
  0.1344E+00
  0.1341E+00
  0.1352E+00
  0.1348E+00
  0.1353E+00
  0.1354E+00
  0.1354E+00
  0.1353E+00
  0.1300E+00
  0.1354E+00
  0.1355E+00
  0.1355E+00
  0.1355E+00
  0.1355E+00
  0.1356E+00
  0.1355E+00
  0.1355E+00
  0.1352E+00
  0.1246E+00
  0.1354E+00
  0.1355E+00
  0.1356E+00
  0.1356E+00
  0.1356E+00
  0.1356E+00
  0.1356E+00
  0.1356E+00
  0.1356E+00
  0.1356E+00
  0.1355E+00
  0.1355E+00
  0.1355E+00
  0.1354E+00
  0.1354E+00
  0.1353E+00
  0.1247E+00
  0.1278E+00
  0.1351E+00
  0.1352E+00
  0.1351E+00
  0.1351E+00
  0.1350E+00
  0.1349E+00
  0.1349E+00
  0.1348E+00
  0.1342E+00
  0.1347E+00
  0.1346E+00
  0.1340E+00
  0.1343E+00
  0.1343E+00
  0.1341E+00
  0.1340E+00
  0.1339E+00
  0.1334E+00
  0.1330E+00
  0.1334E+00
  0.1334E+00
  0.1332E+00
  0.1331E+00
  0.1329E+00
  0.1321E+00
  0.1315E+00
  0.1322E+00
  0.1322E+00
  0.1319E+00
  0.1314E+00
  0.1302E+00
  0.1304E+00
  0.1310E+00
  0.1309E+00
  0.1306E+00
  0.1302E+00
  0.1255E+00
  0.1298E+00
  0.1296E+00
  0.1292E+00
  0.1201E+00
  0.1272E+00
  0.1282E+00
  0.1264E+00
  0.1265E+00
  0.1271E+00
  0.1271E+00
  0.1264E+00
  0.1229E+00
  0.1245E+00
  0.1253E+00
  0.1254E+00
  0.1248E+00
  0.1234E+00
  0.1240E+00
  0.1205E+00
  0.1176E+00
  0.1171E+00
  0.1218E+00
  0.1210E+00
  0.1204E+00
  0.1094E+00
  0.1177E+00
  0.1143E+00
  0.1186E+00
  0.1161E+00
  0.1018E+00
  0.1161E+00
  0.1168E+00
  0.1146E+00
  0.7537E-01
  0.1016E+00
  0.9870E-01
  0.8732E-01
  0.1048E+00
  0.1082E+00
  0.1024E+00
  0.9266E-01
  0.8721E-01
  0.5442E-01
  0.8275E-01
  0.9650E-01
  0.9636E-01
  0.8581E-01
  0.7084E-01
  0.4970E-01
  0.7529E-01
  0.8322E-01
  0.8701E-01
  0.7806E-01
  0.4988E-01
  0.6352E-01
  0.5706E-01
  0.8323E-01
  0.8104E-01
  0.6497E-01
  0.5747E-01
  0.7453E-01
  0.6284E-01
  0.3401E-01
  0.4264E-01
  0.5534E-01
  0.6934E-01
  0.3553E-01
  0.6319E-01
  0.6753E-01
  0.6576E-01
  0.6150E-01
  0.3992E-01
  0.6120E-01
  0.6619E-01
  0.4984E-01
  0.4399E-01
  0.5530E-01
  0.4754E-01
  0.5042E-01
  0.3776E-01
  0.4192E-01
  0.4657E-01
  0.3864E-01
  0.4576E-01
  0.3316E-01
  0.3700E-01
  0.3392E-01
  0.2952E-01
  0.3942E-01
  0.3738E-01
  0.3078E-01
  0.3080E-01
  0.3095E-01
  0.3125E-01
  0.3186E-01
  0.2943E-01
  0.2721E-01
  0.2928E-01
  0.2921E-01
  0.2794E-01
  0.2781E-01
  0.2694E-01
  0.2734E-01
  0.2708E-01
  0.2601E-01
  0.2632E-01
  0.2616E-01
  0.2590E-01
  0.2641E-01
  0.2593E-01
  0.2542E-01
  0.2539E-01
  0.2511E-01
  0.2541E-01
  0.2505E-01
  0.2449E-01
  0.2463E-01
  0.2464E-01
  0.2440E-01
  0.2424E-01
  0.2367E-01
  0.2389E-01
  0.2385E-01
  0.2353E-01
  0.2328E-01
  0.2332E-01
  0.2326E-01
  0.2308E-01
  0.2259E-01
  0.2251E-01
  0.2237E-01
  0.2238E-01
  0.2205E-01
  0.2189E-01
  0.2175E-01
  0.2162E-01
  0.2153E-01
  0.2136E-01
  0.2123E-01
  0.2110E-01
  0.2097E-01
  0.2084E-01
  0.2071E-01
  0.2058E-01
  0.2045E-01
  0.2033E-01
  0.2020E-01
  0.2007E-01
  0.1995E-01
  0.1982E-01
  0.1970E-01
  0.1958E-01
  0.1945E-01
  0.1933E-01
  0.1921E-01
  0.1909E-01
  0.1897E-01
  0.1885E-01
  0.1873E-01
  0.1861E-01
  0.1849E-01
  0.1837E-01
  0.1826E-01
  0.1814E-01
  0.1802E-01
  0.1791E-01
  0.1779E-01
  0.1768E-01
  0.1756E-01
  0.1745E-01
  0.1734E-01
  0.1722E-01
  0.1711E-01
  0.1700E-01
  0.1689E-01
  0.1678E-01
  0.1667E-01
  0.1656E-01
  0.1645E-01
  0.1635E-01
  0.1624E-01
  0.1613E-01
  0.1603E-01
  0.1596E-01
  0.1585E-01
  0.1571E-01
  0.1563E-01
  0.1559E-01
  0.1562E-01
  0.1541E-01
  0.1525E-01
  0.1538E-01
  0.1512E-01
  0.1520E-01
  0.1482E-01
  0.1477E-01
  0.1483E-01
  0.1466E-01
  0.1469E-01
  0.1437E-01
  0.1456E-01
  0.1433E-01
  0.1402E-01
  0.1395E-01
  0.1397E-01
  0.1408E-01
  0.1412E-01
  0.1405E-01
  0.1377E-01
  0.1336E-01
  0.1357E-01
  0.1363E-01
  0.1323E-01
  0.1335E-01
  0.1311E-01
  0.1308E-01
  0.1321E-01
  0.1272E-01
  0.1288E-01
  0.1281E-01
  0.1239E-01
  0.1280E-01
  0.1298E-01
  0.1332E-01
  0.1318E-01
  0.1269E-01
  0.1202E-01
  0.1198E-01
  0.1313E-01
  0.1409E-01
  0.1379E-01
  0.1255E-01
  0.1174E-01
  0.1371E-01
  0.1591E-01
  0.1771E-01
  0.1820E-01
  0.1550E-01
  0.1266E-01
  0.1405E-01
  0.2042E-01
  0.2087E-01
  0.1651E-01
  0.1268E-01
  0.2228E-01
  0.1339E-01
  0.2795E-01
  0.2217E-01
  0.1197E-01
  0.1179E-01
  0.2495E-01
  0.2601E-01
  0.2120E-01
  0.1174E-01
  0.2267E-01
  0.2239E-01
  0.2264E-01
  0.2391E-01
  0.1522E-01
  0.1344E-01
  0.1098E-01
  0.1746E-01
  0.2506E-01
  0.2472E-01
  0.2241E-01
  0.1280E-01
  0.1642E-01
  0.2250E-01
  0.2750E-01
  0.2338E-01
  0.1315E-01
  0.1572E-01
  0.2582E-01
  0.2895E-01
  0.2576E-01
  0.1601E-01
  0.1679E-01
  0.2892E-01
  0.3351E-01
  0.3213E-01
  0.2133E-01
  0.2001E-01
  0.3379E-01
  0.4025E-01
  0.4032E-01
  0.2851E-01
  0.2684E-01
  0.4350E-01
  0.4234E-01
  0.1847E-01
  0.2623E-01
  0.3753E-01
  0.4405E-01
  0.4336E-01
  0.4595E-01
  0.3529E-01
  0.4518E-01
  0.4328E-01
  0.4080E-01
  0.3948E-01
  0.4340E-01
  0.4418E-01
  0.4401E-01
  0.3986E-01
  0.4316E-01
  0.4653E-01
  0.3935E-01
  0.4420E-01
  0.3789E-01
  0.4530E-01
  0.4618E-01
  0.3443E-01
  0.3557E-01
  0.3971E-01
  0.4620E-01
  0.4378E-01
  0.3690E-01
  0.2845E-01
  0.3477E-01
  0.4448E-01
  0.4475E-01
  0.4478E-01
  0.4384E-01
  0.4210E-01
  0.4133E-01
  0.4245E-01
  0.4403E-01
  0.4321E-01
  0.4207E-01
  0.3812E-01
  0.4275E-01
  0.4308E-01
  0.3201E-01
  0.3993E-01
  0.3739E-01
  0.2306E-01
  0.4177E-01
  0.3835E-01
  0.2946E-01
  0.3455E-01
  0.3943E-01
  0.3473E-01
  0.3551E-01
  0.3852E-01
  0.3633E-01
  0.1906E-01
  0.3789E-01
  0.3262E-01
  0.2771E-01
  0.2920E-01
  0.2431E-01
  0.2758E-01
  0.3283E-01
  0.2046E-01
  0.2988E-01
  0.3157E-01
  0.2511E-01
  0.3086E-01
  0.1052E-01
  0.3033E-01
  0.9578E-02
  0.1933E-01
  0.2066E-01
  0.2471E-01
  0.1439E-01
  0.2649E-01
  0.1400E-01
  0.2456E-01
  0.1313E-01
  0.1573E-01
  0.2169E-01
  0.8863E-02
  0.1877E-01
  0.2037E-01
  0.5601E-02
  0.8401E-02
  0.1641E-01
  0.6380E-02
  0.1700E-01
  0.1344E-01
  0.4409E-02
  0.1458E-01
  0.1467E-01
  0.5666E-02
  0.1124E-01
  0.1369E-01
  0.1044E-01
  0.4941E-02
  0.1270E-01
  0.1374E-01
  0.9402E-02
  0.4948E-02
  0.1377E-01
  0.1430E-01
  0.1623E-01
  0.2046E-01
  0.1863E-01
  0.1213E-01
  0.4529E-02
  0.5966E-02
  0.9490E-02
  0.1108E-01
  0.1041E-01
  0.1065E-01
  0.9505E-02
  0.8177E-02
  0.6945E-02
  0.5993E-02
  0.5469E-02
  0.5535E-02
  0.6321E-02
  0.7924E-02
  0.1013E-01
  0.1289E-01
  0.1444E-01
  0.1714E-01
  0.1591E-01
  0.7140E-02
  0.1721E-01
  0.1359E-01
  0.1950E-01
  0.2385E-01
  0.2184E-01
  0.2403E-01
  0.2479E-01
  0.2310E-01
  0.2699E-01
  0.2609E-01
  0.1960E-01
  0.2642E-01
  0.2573E-01
  0.1119E-01
  0.2508E-01
  0.2518E-01
  0.2209E-01
  0.1739E-01
  0.1346E-01
  0.2483E-01
  0.2167E-01
  0.1380E-01
  0.2340E-01
  0.1903E-01
  0.1928E-01
  0.6115E-02
  0.2135E-01
  0.1654E-01
  0.1674E-01
  0.1748E-01
  0.3240E-02
  0.1228E-01
  0.5453E-02
  0.6233E-02
  0.7631E-02
  0.4276E-02
  0.5481E-02
  0.1034E-01
  0.3149E-02
  0.1021E-01
  0.7815E-02
  0.4133E-02
  0.8588E-02
  0.6385E-02
  0.3497E-02
  0.7859E-02
  0.6470E-02
  0.2182E-02
  0.6458E-02
  0.6370E-02
  0.2880E-02
  0.4326E-02
  0.6484E-02
  0.5343E-02
  0.2044E-02
  0.4617E-02
  0.5858E-02
  0.6404E-02
  0.4560E-02
  0.9161E-02
  0.7520E-02
  0.2203E-02
  0.3178E-02
  0.4901E-02
  0.5461E-02
  0.5157E-02
  0.4732E-02
  0.3756E-02
  0.2716E-02
  0.2035E-02
  0.1794E-02
  0.1616E-02
  0.1546E-02
  0.1635E-02
  0.1902E-02
  0.2777E-02
  0.4186E-02
  0.5626E-02
  0.6532E-02
  0.6382E-02
  0.4792E-02
  0.4086E-02
  0.3328E-02
  0.9677E-02
  0.6562E-02
  0.1391E-01
  0.5814E-02
  0.8397E-02
  0.1518E-01
  0.1448E-01
  0.1601E-01
  0.1660E-01
  0.1749E-01
  0.1692E-01
  0.1767E-01
  0.1765E-01
  0.1767E-01
  0.1761E-01
  0.1754E-01
  0.1747E-01
  0.1739E-01
  0.1731E-01
  0.1723E-01
  0.1714E-01
  0.1706E-01
  0.1697E-01
  0.1688E-01
  0.1680E-01
  0.1671E-01
  0.1662E-01
  0.1654E-01
  0.1645E-01
  0.1636E-01
  0.1628E-01
  0.1619E-01
  0.1610E-01
  0.1602E-01
  0.1593E-01
  0.1584E-01
  0.1575E-01
  0.1567E-01
  0.1558E-01
  0.1549E-01
  0.1540E-01
  0.1531E-01
  0.1523E-01
  0.1512E-01
  0.1505E-01
  0.1496E-01
  0.1485E-01
  0.1478E-01
  0.1469E-01
  0.1459E-01
  0.1450E-01
  0.1441E-01
  0.1432E-01
  0.1422E-01
  0.1413E-01
  0.1404E-01
  0.1394E-01
  0.1385E-01
  0.1375E-01
  0.1366E-01
  0.1356E-01
  0.1346E-01
  0.1336E-01
  0.1326E-01
  0.1316E-01
  0.1299E-01
  0.1284E-01
  0.1271E-01
  0.1258E-01
  0.1250E-01
  0.1239E-01
  0.1227E-01
  0.1216E-01
  0.1204E-01
  0.1189E-01
  0.1176E-01
  0.1163E-01
  0.1150E-01
  0.1135E-01
  0.1122E-01
  0.1109E-01
  0.1093E-01
  0.1079E-01
  0.1066E-01
  0.1048E-01
  0.1028E-01
  0.1020E-01
  0.1005E-01
  0.9719E-02
  0.9678E-02
  0.9466E-02
  0.9259E-02
  0.8407E-02
  0.8947E-02
  0.8486E-02
  0.8445E-02
  0.8196E-02
  0.7577E-02
  0.7861E-02
  0.5950E-02
  0.5925E-02
  0.7395E-02
  0.6849E-02
  0.2687E-02
  0.6628E-02
  0.6300E-02
  0.1206E-02
  0.5255E-02
  0.5494E-02
  0.8523E-03
  0.4332E-02
  0.4508E-02
  0.1495E-02
  0.3204E-02
  0.2744E-02
  0.1800E-02
  0.2151E-02
  0.2853E-02
  0.1865E-02
  0.1013E-02
  0.1794E-02
  0.1899E-02
  0.5160E-03
  0.1311E-02
  0.1782E-02
  0.5055E-03
  0.9924E-03
  0.1825E-02
  0.8729E-03
  0.1044E-02
  0.1889E-02
  0.1604E-02
  0.1120E-02
  0.1836E-02
  0.1623E-02
  0.4261E-03
  0.1288E-02
  0.1282E-02
  0.6277E-03
  0.8531E-03
  0.1076E-02
  0.8512E-03
  0.5059E-03
  0.9999E-03
  0.9634E-03
  0.4184E-03
  0.8432E-03
  0.9267E-03
  0.6982E-03
  0.4626E-03
  0.6802E-03
  0.7021E-03
  0.3985E-03
  0.6943E-03
  0.7849E-03
  0.6479E-03
  0.6213E-03
  0.6968E-03
  0.7917E-03
  0.8520E-03
  0.9222E-03
  0.9587E-03
  0.9604E-03
  0.8920E-03
  0.9728E-03
  0.9970E-03
  0.9191E-03
  0.1058E-02
  0.1107E-02
  0.1093E-02
  0.1206E-02
  0.1237E-02
  0.1258E-02
  0.1298E-02
  0.1304E-02
  0.1337E-02
  0.1356E-02
  0.1231E-02
  0.1376E-02
  0.1398E-02
  0.1352E-02
  0.1409E-02
  0.1403E-02
  0.1382E-02
  0.1408E-02
  0.1403E-02
  0.1373E-02
  0.1354E-02
  0.1215E-02
  0.1309E-02
  0.1229E-02
  0.1296E-02
  0.1241E-02
  0.5022E-03
  0.1153E-02
  0.1196E-02
  0.1074E-02
  0.8696E-03
  0.7580E-03
  0.1012E-02
  0.1026E-02
  0.7009E-03
  0.4821E-03
  0.8058E-03
  0.8683E-03
  0.4104E-03
  0.4627E-03
  0.7660E-03
  0.6649E-03
  0.2215E-03
  0.5690E-03
  0.6784E-03
  0.4312E-03
  0.3369E-03
  0.5936E-03
  0.5640E-03
  0.1980E-03
  0.5170E-03
  0.6049E-03
  0.4014E-03
  0.4664E-03
  0.4905E-03
  0.3615E-03
  0.3195E-03
  0.4169E-03
  0.3528E-03
  0.2608E-03
  0.2747E-03
  0.3567E-03
  0.2417E-03
  0.3597E-03
  0.3221E-03
  0.2213E-03
  0.3251E-03
  0.3289E-03
  0.2633E-03
  0.3468E-03
  0.3031E-03
  0.2980E-03
  0.3204E-03
  0.2456E-03
  0.3637E-03
  0.3851E-03
  0.1910E-03
  0.3839E-03
  0.3842E-03
  0.3160E-03
  0.3909E-03
  0.4064E-03
  0.3327E-03
  0.3603E-03
  0.4313E-03
  0.4839E-03
  0.5131E-03
  0.5376E-03
  0.5576E-03
  0.5747E-03
  0.5912E-03
  0.6154E-03
  0.6333E-03
  0.6301E-03
  0.6742E-03
  0.6873E-03
  0.7031E-03
  0.7425E-03
  0.7722E-03
  0.7997E-03
  0.8341E-03
  0.8652E-03
  0.8779E-03
  0.9358E-03
  0.9686E-03
  0.1002E-02
  0.1038E-02
  0.1068E-02
  0.1108E-02
  0.1142E-02
  0.1176E-02
  0.1214E-02
  0.1242E-02
  0.1279E-02
  0.1308E-02
  0.1342E-02
  0.1368E-02
  0.1396E-02
  0.1426E-02
  0.1458E-02
  0.1478E-02
  0.1502E-02
  0.1523E-02
  0.1541E-02
  0.1554E-02
  0.1582E-02
  0.1625E-02
  0.1651E-02
  0.1666E-02
  0.1670E-02
  0.1204E-02
  0.1724E-02
  0.1749E-02
  0.1760E-02
  0.1795E-02
  0.1802E-02
  0.1780E-02
  0.1687E-02
  0.1880E-02
  0.1516E-02
  0.1903E-02
  0.1926E-02
  0.1950E-02
  0.1917E-02
  0.1965E-02
  0.1996E-02
  0.2002E-02
  0.1962E-02
  0.1638E-02
  0.2030E-02
  0.1773E-02
  0.2035E-02
  0.2071E-02
  0.2069E-02
  0.2086E-02
  0.1597E-02
  0.2093E-02
  0.1919E-02
  0.2112E-02
  0.2118E-02
  0.2129E-02
  0.2120E-02
  0.2068E-02
  0.2052E-02
  0.1942E-02
  0.1902E-02
  0.2082E-02
  0.2159E-02
  0.1959E-02
  0.2173E-02
  0.2053E-02
  0.2138E-02
  0.1453E-02
  0.2168E-02
  0.2105E-02
  0.1489E-02
  0.2056E-02
  0.2116E-02
  0.2097E-02
  0.2147E-02
  0.1992E-02
  0.1962E-02
  0.2161E-02
  0.2149E-02
  0.2135E-02
  0.2011E-02
  0.2124E-02
  0.2129E-02
  0.2107E-02
  0.1921E-02
  0.1938E-02
  0.2042E-02
  0.1866E-02
  0.2020E-02
  0.1976E-02
  0.2073E-02
  0.2075E-02
  0.2067E-02
  0.2030E-02
  0.2061E-02
  0.2051E-02
  0.2015E-02
  0.1986E-02
  0.2004E-02
  0.1479E-02
  0.1259E-02
  0.1685E-02
  0.1945E-02
  0.1971E-02
  0.1963E-02
  0.1429E-02
  0.1946E-02
  0.1938E-02
  0.1885E-02
  0.1430E-02
  0.1903E-02
  0.1899E-02
  0.1886E-02
  0.1856E-02
  0.6248E-03
  0.1825E-02
  0.1847E-02
  0.1841E-02
  0.1832E-02
  0.1820E-02
  0.1813E-02
  0.1803E-02
  0.1794E-02
  0.1783E-02
  0.1773E-02
  0.1759E-02
  0.1752E-02
  0.1742E-02
  0.1731E-02
  0.1717E-02
  0.1690E-02
  0.1702E-02
  0.1692E-02
  0.1682E-02
  0.1625E-02
  0.1660E-02
  0.1646E-02
  0.1641E-02
  0.1630E-02
  0.1604E-02
  0.1609E-02
  0.1583E-02
  0.1590E-02
  0.1580E-02
  0.1568E-02
  0.1550E-02
  0.1446E-02
  0.1474E-02
  0.1523E-02
  0.1518E-02
  0.1508E-02
  0.1472E-02
  0.1081E-02
  0.1477E-02
  0.1471E-02
  0.1433E-02
  0.1447E-02
  0.1445E-02
  0.1436E-02
  0.1425E-02
  0.1409E-02
  0.9016E-03
  0.1316E-02
  0.1187E-02
  0.1376E-02
  0.1368E-02
  0.1363E-02
  0.1308E-02
  0.1342E-02
  0.1320E-02
  0.1051E-02
  0.8119E-03
  0.1270E-02
  0.1292E-02
  0.1263E-02
  0.3727E-03
  0.1075E-02
  0.1210E-02
  0.1247E-02
  0.1247E-02
  0.1241E-02
  0.1234E-02
  0.1217E-02
  0.1163E-02
  0.1181E-02
  0.1197E-02
  0.1180E-02
  0.1143E-02
  0.1108E-02
  0.1127E-02
  0.1125E-02
  0.1140E-02
  0.1143E-02
  0.1027E-02
  0.1115E-02
  0.1110E-02
  0.1113E-02
  0.1064E-02
  0.1096E-02
  0.1079E-02
  0.1014E-02
  0.4883E-03
  0.1061E-02
  0.1064E-02
  0.1049E-02
  0.1027E-02
  0.1046E-02
  0.1037E-02
  0.1027E-02
  0.9970E-03
  0.8106E-03
  0.9500E-03
  0.9873E-03
  0.3168E-03
  0.7793E-03
  0.9786E-03
  0.9726E-03
  0.9539E-03
  0.8396E-03
  0.9504E-03
  0.9539E-03
  0.9394E-03
  0.9414E-03
  0.9347E-03
  0.9185E-03
  0.8651E-03
  0.9052E-03
  0.2843E-03
  0.6099E-03
  0.8942E-03
  0.8922E-03
  0.8866E-03
  0.8699E-03
  0.8754E-03
  0.8700E-03
  0.8630E-03
  0.8573E-03
  0.7929E-03
  0.8443E-03
  0.8323E-03
  0.7705E-03
  0.7299E-03
  0.8194E-03
  0.8126E-03
  0.8074E-03
  0.5283E-03
  0.7988E-03
  0.7942E-03
  0.7327E-03
  0.7847E-03
  0.7756E-03
  0.7661E-03
  0.5227E-03
  0.7616E-03
  0.7119E-03
  0.7529E-03
  0.7498E-03
  0.7451E-03
  0.7361E-03
  0.7305E-03
  0.7242E-03
  0.7246E-03
  0.7116E-03
  0.7058E-03
  0.7099E-03
  0.7059E-03
  0.6978E-03
  0.6946E-03
  0.6872E-03
  0.6849E-03
  0.5641E-03
  0.6026E-03
  0.6646E-03
  0.6659E-03
  0.6619E-03
  0.6597E-03
  0.6546E-03
  0.6490E-03
  0.6427E-03
  0.6420E-03
  0.6369E-03
  0.5420E-03
  0.6294E-03
  0.6250E-03
  0.6195E-03
  0.6132E-03
  0.5959E-03
  0.5394E-03
  0.5849E-03
  0.5937E-03
  0.5734E-03
  0.5907E-03
  0.5830E-03
  0.5690E-03
  0.5753E-03
  0.5252E-03
  0.5659E-03
  0.5618E-03
  0.5633E-03
  0.5579E-03
  0.5421E-03
  0.5446E-03
  0.5438E-03
  0.5167E-03
  0.5358E-03
  0.5086E-03
  0.5147E-03
  0.5061E-03
  0.5181E-03
  0.4998E-03
  0.4559E-03
  0.5062E-03
  0.5024E-03
  0.4858E-03
  0.5002E-03
  0.4914E-03
  0.4085E-03
  0.4424E-03
  0.4786E-03
  0.4751E-03
  0.4585E-03
  0.4719E-03
  0.4262E-03
  0.4399E-03
  0.3129E-03
  0.4281E-03
  0.4459E-03
  0.4287E-03
  0.2087E-03
  0.3625E-03
  0.3751E-03
  0.3987E-03
  0.3942E-03
  0.3448E-03
  0.4240E-04
  0.2482E-03
  0.3113E-03
  0.3172E-03
  0.2973E-03
  0.2102E-03
  0.5849E-05
  0.2129E-03
  0.2745E-03
  0.2643E-03
  0.2048E-03
  0.6575E-04
  0.6911E-04
  0.1576E-03
  0.1758E-03
  0.1216E-03
  0.1967E-03
  0.5484E-05
  0.4220E-04
  0.7269E-05
  0.1523E-03
  0.1855E-03
  0.7727E-04
  0.4094E-05
  0.4618E-05
  0.4708E-04
  0.4033E-04
  0.2417E-04
  0.1050E-03
  0.6484E-05
  0.3463E-04
  0.6117E-04
  0.1186E-03
  0.7302E-04
  0.9777E-05
  0.2472E-04
  0.3596E-05
  0.3555E-05
  0.2229E-04
  0.2130E-04
  0.2802E-04
  0.5968E-05
  0.4318E-05
  0.3635E-05
  0.3416E-05
  0.1118E-04
  0.1106E-04
  0.5778E-05
  0.3490E-05
  0.3034E-05
  0.4253E-05
  0.6402E-05
  0.6505E-05
  0.4023E-05
  0.2896E-05
  0.3043E-05
  0.5001E-05
  0.7168E-05
  0.6500E-05
  0.3393E-05
  0.2685E-05
  0.7659E-05
  0.1847E-04
  0.1665E-04
  0.7438E-05
  0.2493E-05
  0.2552E-05
  0.3195E-05
  0.5828E-05
  0.2507E-04
  0.4029E-04
  0.4173E-04
  0.3801E-05
  0.5059E-04
  0.1293E-03
  0.1374E-03
  0.1642E-03
  0.7314E-05
  0.1177E-03
  0.1270E-03
  0.4870E-04
  0.8337E-05
  0.1882E-04
  0.7305E-04
  0.6953E-04
  0.2333E-04
  0.3134E-05
  0.3896E-04
  0.7955E-04
  0.4946E-04
  0.2386E-05
  0.4686E-04
  0.9490E-04
  0.8593E-04
  0.1504E-04
  0.4535E-04
  0.1352E-03
  0.1390E-03
  0.6215E-04
  0.5910E-04
  0.1505E-03
  0.1688E-03
  0.1051E-03
  0.7613E-04
  0.1546E-03
  0.1793E-03
  0.9276E-04
  0.8248E-04
  0.1456E-03
  0.1770E-03
  0.1121E-03
  0.8109E-04
  0.1417E-03
  0.1630E-03
  0.1015E-03
  0.7460E-04
  0.3131E-04
  0.1076E-03
  0.1436E-03
  0.1215E-03
  0.9019E-04
  0.1874E-05
  0.7618E-05
  0.9208E-04
  0.5776E-04
  0.3137E-04
  0.4816E-05
  0.4197E-04
  0.6678E-04
  0.4459E-04
  0.4141E-05
  0.5160E-05
  0.2847E-04
  0.3974E-04
  0.2114E-04
  0.1839E-05
  0.5367E-05
  0.2395E-04
  0.7850E-05
  0.6056E-05
  0.1366E-05
  0.7640E-05
  0.1874E-04
  0.1479E-04
  0.1092E-05
  0.1317E-05
  0.6538E-05
  0.3960E-05
  0.1234E-05
  0.1082E-05
  0.2734E-05
  0.1113E-05
  0.1683E-05
  0.2131E-05
  0.3363E-05
  0.1327E-05
  0.1260E-05
  0.1008E-05
  0.1209E-05
  0.9311E-06
  0.1279E-05
  0.1119E-05
  0.9458E-06
  0.9712E-06
  0.1064E-05
  0.1074E-05
  0.1008E-05
  0.9076E-06
  0.8841E-06
  0.9259E-06
  0.9789E-06
  0.9470E-06
  0.8690E-06
  0.8115E-06
  0.8876E-06
  0.8969E-06
  0.9525E-06
  0.8658E-06
  0.7688E-06
  0.9153E-06
  0.8073E-06
  0.7444E-06
  0.7529E-06
  0.9045E-06
  0.9186E-06
  0.7539E-06
  0.7844E-06
  0.9624E-06
  0.1136E-05
  0.1109E-05
  0.7400E-06
  0.9724E-06
  0.2847E-05
  0.2104E-05
  0.7041E-06
  0.7792E-06
  0.1173E-05
  0.4265E-05
  0.2952E-05
  0.4353E-05
  0.6938E-06
  0.6781E-06
  0.3620E-05
  0.6160E-05
  0.2536E-05
  0.9877E-06
  0.7325E-06
  0.2714E-05
  0.6386E-05
  0.1519E-05
  0.2356E-05
  0.6836E-06
  0.2687E-05
  0.6511E-05
  0.1108E-05
  0.4887E-05
  0.6559E-06
  0.3671E-05
  0.8922E-05
  0.1314E-04
  0.7333E-05
  0.7796E-06
  0.5560E-06
  0.8400E-06
  0.4620E-05
  0.1424E-04
  0.2358E-04
  0.2433E-04
  0.1048E-04
  0.3440E-05
  0.3381E-04
  0.3258E-04
  0.2588E-04
  0.2502E-04
  0.1683E-04
  0.4718E-04
  0.3102E-04
  0.2157E-04
  0.4683E-04
  0.4826E-04
  0.3288E-04
  0.3109E-04
  0.2059E-04
  0.4172E-04
  0.1862E-04
  0.3126E-04
  0.4384E-04
  0.2754E-04
  0.3475E-04
  0.2000E-04
  0.3397E-04
  0.4853E-05
  0.3948E-04
  0.2808E-04
  0.4439E-04
  0.5719E-04
  0.6384E-04
  0.3953E-04
  0.1422E-04
  0.4868E-04
  0.4025E-04
  0.4795E-04
  0.4505E-04
  0.5454E-04
  0.2694E-04
  0.1480E-04
  0.5134E-04
  0.3489E-04
  0.4635E-04
  0.3655E-04
  0.1236E-04
  0.2169E-04
  0.5626E-05
  0.2355E-04
  0.2447E-04
  0.5042E-05
  0.3126E-04
  0.2690E-04
  0.1004E-04
  0.1439E-04
  0.5668E-05
  0.4520E-05
  0.2034E-04
  0.5540E-05
  0.4595E-06
  0.1987E-05
  0.4065E-05
  0.5852E-06
  0.7242E-06
  0.2368E-05
  0.5510E-06
  0.4773E-06
  0.2971E-06
  0.1441E-05
  0.5177E-06
  0.8002E-06
  0.4768E-06
  0.3643E-06
  0.4979E-06
  0.4243E-06
  0.2426E-06
  0.3318E-06
  0.2636E-06
  0.2483E-06
  0.2243E-06
  0.2538E-06
  0.2655E-06
  0.2166E-06
  0.2562E-06
  0.2228E-06
  0.2032E-06
  0.2123E-06
  0.2094E-06
  0.2073E-06
  0.2002E-06
  0.1960E-06
  0.1997E-06
  0.1914E-06
  0.1932E-06
  0.1879E-06
  0.1865E-06
  0.1855E-06
  0.1752E-06
  0.1734E-06
  0.1767E-06
  0.1698E-06
  0.1681E-06
  0.1667E-06
  0.1646E-06
  0.1636E-06
  0.1613E-06
  0.1596E-06
  0.1580E-06
  0.1564E-06
  0.1547E-06
  0.1531E-06
  0.1516E-06
  0.1500E-06
  0.1485E-06
  0.1469E-06
  0.1454E-06
  0.1439E-06
  0.1424E-06
  0.1410E-06
  0.1395E-06
  0.1381E-06
  0.1367E-06
  0.1355E-06
  0.1339E-06
  0.1325E-06
  0.1311E-06
  0.1298E-06
  0.1284E-06
  0.1271E-06
  0.1258E-06
  0.1245E-06
  0.1232E-06
  0.1220E-06
  0.1207E-06
  0.1195E-06
  0.1182E-06
  0.1170E-06
  0.1158E-06
  0.1146E-06
  0.1135E-06
  0.1123E-06
  0.1111E-06
  0.1100E-06
  0.1088E-06
  0.1077E-06
  0.1066E-06
  0.1055E-06
  0.1044E-06
  0.1033E-06
  0.1023E-06
  0.1012E-06
  0.1002E-06
  0.9912E-07
  0.9810E-07
  0.9708E-07
  0.9608E-07
  0.9509E-07
  0.9411E-07
  0.9314E-07
  0.9217E-07
  0.9122E-07
  0.9028E-07
  0.8935E-07
  0.8842E-07
  0.8751E-07
  0.8661E-07
  0.8571E-07
  0.8483E-07
  0.8395E-07
  0.8308E-07
  0.8222E-07
  0.8137E-07
  0.8053E-07
  0.7970E-07
  0.7887E-07
  0.7806E-07
  0.7725E-07
  0.7645E-07
  0.7566E-07
  0.7488E-07
  0.7410E-07
  0.7334E-07
  0.7258E-07
  0.7183E-07
  0.7108E-07
  0.7035E-07
  0.6962E-07
  0.6890E-07
  0.6819E-07
  0.6748E-07
  0.6678E-07
  0.6609E-07
  0.6541E-07
  0.6473E-07
  0.6406E-07
  0.6339E-07
  0.6274E-07
  0.6209E-07
  0.6144E-07
  0.6083E-07
  0.6018E-07
  0.5977E-07
  0.5894E-07
  0.5898E-07
  0.5883E-07
  0.5881E-07
  0.5886E-07
  0.5887E-07
  0.5876E-07
  0.5857E-07
  0.5852E-07
  0.5899E-07
  0.6025E-07
  0.6519E-07
  0.6957E-07
  0.7737E-07
  0.9381E-07
  0.1308E-06
  0.1562E-06
  0.5490E-06
  0.9584E-06
  0.1306E-06
  0.3787E-05
  0.6526E-05
  0.1088E-06
  0.8532E-05
  0.9987E-05
  0.1919E-05
  0.4863E-05
  0.9810E-05
  0.6611E-05
  0.6749E-07
  0.7321E-05
  0.1014E-04
  0.7634E-05
  0.2206E-06
  0.8886E-05
  0.1204E-04
  0.6445E-05
  0.8957E-05
  0.9710E-05
  0.8432E-05
  0.5321E-05
  0.1266E-05
  0.6529E-07
  0.1320E-05
  0.3049E-05
  0.4050E-05
  0.5348E-05
  0.5783E-05
  0.6018E-05
  0.6289E-05
  0.4959E-05
  0.5184E-05
  0.4176E-05
  0.1913E-05
  0.1005E-05
  0.7235E-05
  0.9231E-05
  0.8418E-05
  0.5543E-05
  0.8943E-05
  0.1147E-04
  0.5390E-05
  0.1179E-04
  0.8556E-05
  0.7259E-05
  0.1046E-04
  0.9360E-05
  0.7536E-05
  0.1010E-04
  0.9658E-05
  0.3074E-05
  0.5824E-05
  0.8365E-05
  0.5896E-05
  0.9745E-07
  0.4871E-05
  0.4677E-05
  0.3103E-05
  0.8400E-07
  0.3660E-05
  0.4691E-05
  0.8393E-06
  0.7389E-06
  0.4084E-05
  0.2774E-05
  0.2748E-07
  0.2642E-05
  0.4128E-05
  0.1120E-05
  0.9752E-06
  0.5820E-05
  0.5412E-05
  0.1118E-05
