 Flux gradient longwave
        1.4717
        1.8838
        1.2944
        0.1721
        0.1878
        0.2086
        0.2825
        0.7398
        3.1742
        3.3136
        3.5053
        3.2032
        3.5318
        3.3360
        3.3225
        3.6644
        3.8546
        3.5208
        4.1041
        4.0710
        3.8903
        3.4519
        2.5531
        2.3778
        1.9893
        1.8011
        1.7400
        1.6634
        1.6390
        1.8828
        1.7597
        1.4074
        1.3846
        1.3337
        1.4207
        1.4906
        1.5666
        1.6100
        1.5938
        1.4948
        1.4489
        1.3138
        1.2414
        1.3190
        1.4991
        1.1663
        1.3247
        1.4577
        0.5195
        0.0268
