 Longwave heating rate [K/s]
 -0.3395E-04
 -0.5376E-04
 -0.4534E-04
 -0.7335E-05
 -0.9641E-05
 -0.1276E-04
 -0.2036E-04
 -0.6206E-04
 -0.3064E-03
 -0.3639E-03
 -0.4332E-03
 -0.4413E-03
 -0.5376E-03
 -0.5570E-03
 -0.6048E-03
 -0.7235E-03
 -0.8225E-03
 -0.8096E-03
 -0.1015E-02
 -0.1082E-02
 -0.1111E-02
 -0.1060E-02
 -0.8435E-03
 -0.8467E-03
 -0.7651E-03
 -0.7500E-03
 -0.7870E-03
 -0.8200E-03
 -0.8841E-03
 -0.1116E-02
 -0.1153E-02
 -0.1024E-02
 -0.1127E-02
 -0.1222E-02
 -0.1478E-02
 -0.1777E-02
 -0.2163E-02
 -0.2607E-02
 -0.3071E-02
 -0.3487E-02
 -0.4179E-02
 -0.4809E-02
 -0.5961E-02
 -0.8678E-02
 -0.1435E-01
 -0.1773E-01
 -0.3686E-01
 -0.9703E-01
 -0.1700E+00
 -0.5259E+00
