 Species molar concentration at each layer [mol/mol]
  0.5000E-01
  0.9500E+00
  0.0000E+00
  0.7223E-02
  0.5000E-01
  0.9500E+00
  0.0000E+00
  0.1862E-01
  0.5000E-01
  0.9500E+00
  0.0000E+00
  0.1862E-01
  0.5000E-01
  0.9500E+00
  0.0000E+00
  0.1862E-01
  0.5000E-01
  0.9500E+00
  0.0000E+00
  0.1862E-01
  0.5000E-01
  0.9500E+00
  0.0000E+00
  0.1862E-01
  0.5000E-01
  0.9500E+00
  0.0000E+00
  0.1862E-01
  0.5000E-01
  0.9500E+00
  0.0000E+00
  0.1788E-01
  0.5000E-01
  0.9500E+00
  0.0000E+00
  0.1669E-01
  0.5000E-01
  0.9500E+00
  0.0000E+00
  0.1356E-01
  0.5000E-01
  0.9500E+00
  0.0000E+00
  0.1036E-01
  0.5000E-01
  0.9500E+00
  0.0000E+00
  0.7686E-02
  0.5000E-01
  0.9500E+00
  0.0000E+00
  0.5714E-02
  0.5000E-01
  0.9500E+00
  0.0000E+00
  0.4160E-02
  0.5000E-01
  0.9500E+00
  0.0000E+00
  0.2998E-02
  0.5000E-01
  0.9500E+00
  0.0000E+00
  0.2136E-02
  0.5000E-01
  0.9500E+00
  0.0000E+00
  0.1452E-02
  0.5000E-01
  0.9500E+00
  0.0000E+00
  0.8707E-03
  0.5000E-01
  0.9500E+00
  0.0000E+00
  0.5089E-03
  0.5000E-01
  0.9500E+00
  0.0000E+00
  0.2749E-03
  0.5000E-01
  0.9500E+00
  0.0000E+00
  0.1385E-03
  0.5000E-01
  0.9500E+00
  0.0000E+00
  0.6607E-04
  0.5000E-01
  0.9500E+00
  0.0000E+00
  0.3045E-04
  0.5000E-01
  0.9500E+00
  0.0000E+00
  0.1463E-04
  0.5000E-01
  0.9500E+00
  0.0000E+00
  0.7011E-05
  0.5000E-01
  0.9500E+00
  0.0000E+00
  0.3471E-05
  0.5000E-01
  0.9500E+00
  0.0000E+00
  0.1795E-05
  0.5000E-01
  0.9500E+00
  0.0000E+00
  0.9637E-06
  0.5000E-01
  0.9500E+00
  0.0000E+00
  0.5470E-06
  0.5000E-01
  0.9500E+00
  0.0000E+00
  0.3483E-06
  0.5000E-01
  0.9500E+00
  0.0000E+00
  0.2141E-06
  0.5000E-01
  0.9500E+00
  0.0000E+00
  0.1265E-06
  0.5000E-01
  0.9500E+00
  0.0000E+00
  0.9074E-07
  0.5000E-01
  0.9500E+00
  0.0000E+00
  0.7365E-07
  0.5000E-01
  0.9500E+00
  0.0000E+00
  0.7365E-07
  0.5000E-01
  0.9500E+00
  0.0000E+00
  0.7365E-07
  0.5000E-01
  0.9500E+00
  0.0000E+00
  0.7365E-07
  0.5000E-01
  0.9500E+00
  0.0000E+00
  0.7365E-07
  0.5000E-01
  0.9500E+00
  0.0000E+00
  0.7365E-07
  0.5000E-01
  0.9500E+00
  0.0000E+00
  0.7365E-07
  0.5000E-01
  0.9500E+00
  0.0000E+00
  0.7365E-07
  0.5000E-01
  0.9500E+00
  0.0000E+00
  0.7365E-07
  0.5000E-01
  0.9500E+00
  0.0000E+00
  0.7365E-07
  0.5000E-01
  0.9500E+00
  0.0000E+00
  0.7365E-07
  0.5000E-01
  0.9500E+00
  0.0000E+00
  0.7365E-07
  0.5000E-01
  0.9500E+00
  0.0000E+00
  0.7365E-07
  0.5000E-01
  0.9500E+00
  0.0000E+00
  0.7365E-07
  0.5000E-01
  0.9500E+00
  0.0000E+00
  0.7365E-07
  0.5000E-01
  0.9500E+00
  0.0000E+00
  0.7365E-07
  0.5000E-01
  0.9500E+00
  0.0000E+00
  0.7365E-07
