 Planetary albedo [cm2 / molecules of air]
          0.00000000E+00
          0.86610719E-11
          0.12822510E-09
          0.63234207E-09
          0.19723588E-08
          0.47773191E-08
          0.98539635E-08
          0.18186730E-07
          0.30937752E-07
          0.49446862E-07
          0.75231587E-07
          0.10998715E-06
          0.15558647E-06
          0.21408017E-06
          0.28769655E-06
          0.37884162E-06
          0.49009908E-06
          0.62423032E-06
          0.78417441E-06
          0.97304814E-06
          0.11941460E-05
          0.14509400E-05
          0.17470801E-05
          0.20863937E-05
          0.24728861E-05
          0.29107401E-05
          0.34043162E-05
          0.39581525E-05
          0.45769649E-05
          0.52656470E-05
          0.60292697E-05
          0.68730818E-05
          0.78025098E-05
          0.88231576E-05
          0.99408068E-05
          0.11163419E-04
          0.12491124E-04
          0.13936242E-04
          0.15503264E-04
          0.17198859E-04
          0.19029874E-04
          0.21003332E-04
          0.23126436E-04
          0.25406566E-04
          0.27851277E-04
          0.29612210E-03
          0.33265558E-04
          0.36251128E-04
          0.39433280E-04
          0.42820457E-04
          0.46421279E-04
          0.50244544E-04
          0.54299228E-04
          0.58594481E-04
          0.63139632E-04
          0.67944188E-04
          0.73017830E-04
          0.78370419E-04
          0.84011991E-04
          0.89952759E-04
          0.96203112E-04
          0.10277362E-03
          0.10967502E-03
          0.11691823E-03
          0.12451435E-03
          0.13247466E-03
          0.14081059E-03
          0.14953378E-03
          0.15865602E-03
          0.16818928E-03
          0.17814573E-03
          0.18853769E-03
          0.19937765E-03
          0.21067831E-03
          0.22245250E-03
          0.23471327E-03
          0.24747380E-03
          0.26074749E-03
          0.27454788E-03
          0.28888870E-03
          0.30378385E-03
          0.31924740E-03
          0.33529362E-03
          0.35193691E-03
          0.36919188E-03
          0.38707329E-03
          0.40559609E-03
          0.42477540E-03
          0.44462650E-03
          0.46516485E-03
          0.48640609E-03
          0.50836602E-03
          0.53106063E-03
          0.55450605E-03
          0.57871861E-03
          0.60371479E-03
          0.62951126E-03
          0.65612485E-03
          0.68357256E-03
          0.71187156E-03
          0.74103919E-03
          0.77109295E-03
          0.43309691E-02
          0.83392978E-03
          0.86674868E-03
          0.90052545E-03
          0.93527841E-03
          0.97102609E-03
          0.11329573E-02
          0.10455805E-02
          0.10844250E-02
          0.11243400E-02
          0.11653448E-02
          0.12074588E-02
          0.15855145E-02
          0.13174395E-02
          0.13406685E-02
          0.13874547E-02
          0.14353619E-02
          0.14845503E-02
          0.15349889E-02
          0.15866987E-02
          0.16397006E-02
          0.16940156E-02
          0.17496652E-02
          0.18066706E-02
          0.18650535E-02
          0.19248356E-02
          0.19860389E-02
          0.20486852E-02
          0.21127970E-02
          0.21783964E-02
          0.22455060E-02
          0.23141485E-02
          0.23843467E-02
          0.24561235E-02
          0.25295020E-02
          0.26045055E-02
          0.26811574E-02
          0.27594812E-02
          0.28395006E-02
          0.29212394E-02
          0.30047216E-02
          0.30899714E-02
          0.31770130E-02
          0.32658707E-02
          0.33565692E-02
          0.34491330E-02
          0.35435871E-02
          0.36399563E-02
          0.37382658E-02
          0.38385407E-02
          0.39408064E-02
          0.40450884E-02
          0.41514122E-02
          0.42598037E-02
          0.43702887E-02
          0.44828931E-02
          0.45976432E-02
          0.47145650E-02
          0.48336851E-02
          0.49550298E-02
          0.50786258E-02
          0.52044998E-02
          0.53326787E-02
          0.54631892E-02
          0.55960587E-02
          0.57313141E-02
          0.58689829E-02
          0.60144209E-02
          0.61516699E-02
          0.12213171E-01
          0.65436172E-02
          0.72072750E-01
          0.70556291E-01
          0.10212071E+00
          0.94181022E-01
          0.74383535E-02
          0.65097435E-01
          0.79283007E-01
          0.16210144E-01
          0.93626593E-02
          0.80663157E-02
          0.82424832E-02
          0.84225593E-02
          0.86055279E-02
          0.87914179E-02
          0.89802651E-02
          0.91720783E-02
          0.93669071E-02
          0.95647740E-02
          0.97657083E-02
          0.99697395E-02
          0.10176897E-01
          0.10387210E-01
          0.10600709E-01
          0.10817422E-01
          0.11037381E-01
          0.11260614E-01
          0.11487151E-01
          0.11717022E-01
          0.11950258E-01
          0.12186887E-01
          0.12426940E-01
          0.12670448E-01
          0.12917439E-01
          0.13167944E-01
          0.13421994E-01
          0.13679617E-01
          0.13940846E-01
          0.14205709E-01
          0.14474236E-01
          0.14746459E-01
          0.15022407E-01
          0.15302111E-01
          0.15585600E-01
          0.15872906E-01
          0.16164057E-01
          0.16459085E-01
          0.16758020E-01
          0.17060892E-01
          0.17367731E-01
          0.17678567E-01
          0.17993431E-01
          0.18312353E-01
          0.18635363E-01
          0.18962491E-01
          0.19293767E-01
          0.19629253E-01
          0.19968884E-01
          0.20363381E-01
          0.21868468E-01
          0.21021844E-01
          0.21394062E-01
          0.21731424E-01
          0.22097204E-01
          0.72871677E-01
          0.28649584E-01
          0.23264774E-01
          0.23603584E-01
          0.23991460E-01
          0.24383947E-01
          0.24781027E-01
          0.25182731E-01
          0.25589087E-01
          0.26000124E-01
          0.26415872E-01
          0.26836358E-01
          0.27261612E-01
          0.27691663E-01
          0.28126538E-01
          0.28566268E-01
          0.29010876E-01
          0.29460395E-01
          0.29914852E-01
          0.30374275E-01
          0.31068344E-01
          0.67988363E-01
          0.31912184E-01
          0.32262175E-01
          0.32746839E-01
          0.33236633E-01
          0.33731585E-01
          0.34235916E-01
          0.34737065E-01
          0.35247648E-01
          0.35763493E-01
          0.36284627E-01
          0.36811076E-01
          0.37342866E-01
          0.37880023E-01
          0.38422571E-01
          0.38970535E-01
          0.39523941E-01
          0.40082814E-01
          0.40647178E-01
          0.41217057E-01
          0.41792475E-01
          0.42373457E-01
          0.42960026E-01
          0.43552205E-01
          0.44150018E-01
          0.44753488E-01
          0.45362637E-01
          0.45977489E-01
          0.46598064E-01
          0.47224386E-01
          0.47856476E-01
          0.48494355E-01
          0.49138045E-01
          0.49787567E-01
          0.50442941E-01
          0.51104189E-01
          0.51771329E-01
          0.52444383E-01
          0.53123369E-01
          0.53808307E-01
          0.54499216E-01
          0.55196114E-01
          0.55899020E-01
          0.56607953E-01
          0.57322930E-01
          0.58043968E-01
          0.58771085E-01
          0.59504297E-01
          0.60243621E-01
          0.60989073E-01
          0.61823116E-01
          0.62498426E-01
          0.63262357E-01
          0.64032478E-01
          0.89644488E-01
          0.14272783E+00
          0.74039683E-01
          0.16748896E+00
          0.13874998E+00
          0.70480550E-01
          0.73917683E-01
          0.94690983E-01
          0.94460904E-01
          0.16333027E+00
          0.15689048E+00
          0.73870228E-01
          0.74614113E-01
          0.75471570E-01
          0.76336078E-01
          0.77206963E-01
          0.78084235E-01
          0.78967902E-01
          0.79857972E-01
          0.80754452E-01
          0.81657348E-01
          0.82566668E-01
          0.83482418E-01
          0.84404774E-01
          0.85333227E-01
          0.86268314E-01
          0.87209838E-01
          0.88157789E-01
          0.89112219E-01
          0.90073110E-01
          0.91040463E-01
          0.92014281E-01
          0.92994566E-01
          0.93981319E-01
          0.94974541E-01
          0.95974233E-01
          0.96980395E-01
          0.97993025E-01
          0.99012124E-01
          0.10003769E+00
          0.10106972E+00
          0.10210821E+00
          0.10315317E+00
          0.10420458E+00
          0.10526244E+00
          0.10632675E+00
          0.10739751E+00
          0.10847471E+00
          0.10955834E+00
          0.11064840E+00
          0.11174488E+00
          0.11284778E+00
          0.11395708E+00
          0.11507281E+00
          0.11620006E+00
          0.11733377E+00
          0.11846168E+00
          0.11959941E+00
          0.12075628E+00
          0.12233155E+00
          0.12306122E+00
          0.12422799E+00
          0.14790251E+00
          0.14030103E+00
          0.12776535E+00
          0.12895894E+00
          0.20041496E+00
          0.15772216E+00
          0.13266623E+00
          0.13378611E+00
          0.13500894E+00
          0.21665990E+00
          0.18799973E+00
          0.13875927E+00
          0.14071097E+00
          0.18554508E+00
          0.22876892E+00
          0.22790482E+00
          0.18028746E+00
          0.21605886E+00
          0.21763734E+00
          0.20794218E+00
          0.20695072E+00
          0.19481807E+00
          0.16985627E+00
          0.15516543E+00
          0.21021756E+00
          0.16658556E+00
          0.15822955E+00
          0.19548639E+00
          0.19423021E+00
          0.19355917E+00
          0.20674557E+00
          0.18780838E+00
          0.16689424E+00
          0.16753640E+00
          0.16898318E+00
          0.17029546E+00
          0.17168338E+00
          0.17307675E+00
          0.17447567E+00
          0.17588005E+00
          0.17728988E+00
          0.17870511E+00
          0.18012572E+00
          0.18155167E+00
          0.18298295E+00
          0.18441950E+00
          0.18586130E+00
          0.18730832E+00
          0.18876052E+00
          0.19021786E+00
          0.19168032E+00
          0.19314786E+00
          0.19462044E+00
          0.19609803E+00
          0.19758060E+00
          0.19906810E+00
          0.20056049E+00
          0.20205775E+00
          0.20355984E+00
          0.20506671E+00
          0.20657833E+00
          0.20809466E+00
          0.20961566E+00
          0.21114130E+00
          0.21267153E+00
          0.21420631E+00
          0.21574561E+00
          0.21728938E+00
          0.21883758E+00
          0.22039018E+00
          0.22194712E+00
          0.22350838E+00
          0.22507390E+00
          0.22664364E+00
          0.22822203E+00
          0.23811335E+00
          0.23888015E+00
          0.24245323E+00
          0.26338824E+00
          0.27718119E+00
          0.26232179E+00
          0.25958596E+00
          0.27876216E+00
          0.27949052E+00
          0.27977993E+00
          0.25717707E+00
          0.24988809E+00
          0.24904057E+00
          0.29128150E+00
          0.29149644E+00
          0.29278712E+00
          0.29409994E+00
          0.28971924E+00
          0.28742064E+00
          0.28679731E+00
          0.26863651E+00
          0.28182923E+00
          0.27900187E+00
          0.28624705E+00
          0.29590065E+00
          0.28724350E+00
          0.27713459E+00
          0.27880821E+00
          0.28010107E+00
          0.28173403E+00
          0.27900280E+00
          0.28114933E+00
          0.28222254E+00
          0.28391102E+00
          0.28559258E+00
          0.28728688E+00
          0.28898364E+00
          0.29068282E+00
          0.29238436E+00
          0.29421692E+00
          0.29579433E+00
          0.29750267E+00
          0.29921317E+00
          0.30092580E+00
          0.30264122E+00
          0.30470659E+00
          0.30638525E+00
          0.31656493E+00
          0.32014480E+00
          0.31228982E+00
          0.31325418E+00
          0.31582514E+00
          0.31851132E+00
          0.32429396E+00
          0.31989095E+00
          0.33080998E+00
          0.32349027E+00
          0.32795053E+00
          0.32873708E+00
          0.32898159E+00
          0.33665050E+00
          0.34641172E+00
          0.34214616E+00
          0.33575720E+00
          0.35542350E+00
          0.35654724E+00
          0.35768320E+00
          0.35988674E+00
          0.36137686E+00
          0.36278119E+00
          0.36420024E+00
          0.36573620E+00
          0.36722658E+00
          0.36867188E+00
          0.37014505E+00
          0.37161584E+00
          0.37299042E+00
          0.37443570E+00
          0.37596170E+00
          0.37713294E+00
          0.37880551E+00
          0.38009523E+00
          0.38176426E+00
          0.38329147E+00
          0.38474041E+00
          0.38598612E+00
          0.38728247E+00
          0.38870059E+00
          0.38993229E+00
          0.39056040E+00
          0.39200615E+00
          0.38841210E+00
          0.39045364E+00
          0.39160032E+00
          0.39071352E+00
          0.39167842E+00
          0.39389300E+00
          0.39518735E+00
          0.39694253E+00
          0.39869516E+00
          0.40044713E+00
          0.40219914E+00
          0.40395046E+00
          0.40570105E+00
          0.40745085E+00
          0.40919983E+00
          0.41096329E+00
          0.41269516E+00
          0.41444142E+00
          0.41618669E+00
          0.41795946E+00
          0.41981105E+00
          0.42206067E+00
          0.42583693E+00
          0.42608067E+00
          0.42734095E+00
          0.42954194E+00
          0.43110708E+00
          0.43204400E+00
          0.43411625E+00
          0.43553121E+00
          0.43704009E+00
          0.43878047E+00
          0.44049407E+00
          0.44221964E+00
          0.44559072E+00
          0.44576718E+00
          0.44738644E+00
          0.44910523E+00
          0.45083349E+00
          0.45499460E+00
          0.45755157E+00
          0.45967886E+00
          0.46169458E+00
          0.46254034E+00
          0.46472780E+00
          0.46622837E+00
          0.46811297E+00
          0.46955776E+00
          0.47145404E+00
          0.47292897E+00
          0.47460810E+00
          0.47630859E+00
          0.47792226E+00
          0.47952434E+00
          0.48112978E+00
          0.48273265E+00
          0.48433157E+00
          0.48593382E+00
          0.48752131E+00
          0.48883313E+00
          0.49055610E+00
          0.49206462E+00
          0.49374888E+00
          0.49535739E+00
          0.49639655E+00
          0.49844881E+00
          0.49985161E+00
          0.50128837E+00
          0.50250467E+00
          0.50339329E+00
          0.50499763E+00
          0.50632762E+00
          0.50853940E+00
          0.50986197E+00
          0.51125461E+00
          0.51319405E+00
          0.51501628E+00
          0.51612437E+00
          0.51772262E+00
          0.51945862E+00
          0.52161593E+00
          0.52346111E+00
          0.52533333E+00
          0.52659079E+00
          0.52844425E+00
          0.53003503E+00
          0.53163438E+00
          0.53315805E+00
          0.53469470E+00
          0.53631597E+00
          0.53785825E+00
          0.53934386E+00
          0.54085440E+00
          0.54184294E+00
          0.54395353E+00
          0.54561165E+00
          0.54682001E+00
          0.54847609E+00
          0.55007341E+00
          0.55162766E+00
          0.55330502E+00
          0.55485277E+00
          0.55636363E+00
          0.55789021E+00
          0.55940006E+00
          0.56090625E+00
          0.56241825E+00
          0.56391994E+00
          0.56542272E+00
          0.56692004E+00
          0.56841381E+00
          0.56990529E+00
          0.57139384E+00
          0.57287669E+00
          0.57436074E+00
          0.57583933E+00
          0.57731362E+00
          0.57878443E+00
          0.58025173E+00
          0.58171847E+00
          0.58318122E+00
          0.58462990E+00
          0.58608927E+00
          0.58753480E+00
          0.58896090E+00
          0.59033640E+00
          0.59183289E+00
          0.59321470E+00
          0.59451148E+00
          0.59604254E+00
          0.59739675E+00
          0.59884602E+00
          0.60021625E+00
          0.60163696E+00
          0.60309144E+00
          0.60453621E+00
          0.60590149E+00
          0.60731811E+00
          0.60872116E+00
          0.61012595E+00
          0.61152451E+00
          0.61295831E+00
          0.61442632E+00
          0.61583451E+00
          0.61722928E+00
          0.61862171E+00
          0.61999675E+00
          0.62137271E+00
          0.62273160E+00
          0.62409479E+00
          0.62544887E+00
          0.62680674E+00
          0.62815702E+00
          0.62948156E+00
          0.63081324E+00
          0.63214055E+00
          0.63349719E+00
          0.63479076E+00
          0.63615813E+00
          0.63747368E+00
          0.63876161E+00
          0.64012446E+00
          0.64140900E+00
          0.64270376E+00
          0.64400500E+00
          0.64534099E+00
          0.64664720E+00
          0.64793932E+00
          0.64922759E+00
          0.65051142E+00
          0.65179188E+00
          0.65306660E+00
          0.65433896E+00
          0.65560756E+00
          0.65687192E+00
          0.65813194E+00
          0.65938912E+00
          0.66064164E+00
          0.66189026E+00
          0.66313490E+00
          0.66437564E+00
          0.66561233E+00
          0.66684500E+00
          0.66807405E+00
          0.66929914E+00
          0.67052008E+00
          0.67173692E+00
          0.67294925E+00
          0.67415849E+00
          0.67536199E+00
          0.67656523E+00
          0.67776286E+00
          0.67895019E+00
          0.68014074E+00
          0.68132985E+00
          0.68251248E+00
          0.68368793E+00
          0.68486204E+00
          0.68602650E+00
          0.68719812E+00
          0.68835857E+00
          0.68952243E+00
          0.69067792E+00
          0.69182832E+00
          0.69297545E+00
          0.69411853E+00
          0.69525734E+00
          0.69639241E+00
          0.69752343E+00
          0.69865082E+00
          0.69977408E+00
          0.70089372E+00
          0.70200934E+00
          0.70312109E+00
          0.70422898E+00
          0.70533304E+00
          0.70643333E+00
          0.70752961E+00
          0.70862219E+00
          0.70971102E+00
          0.71079567E+00
          0.71187704E+00
          0.71295403E+00
          0.71402717E+00
          0.71509730E+00
          0.71616325E+00
          0.71722540E+00
          0.71828369E+00
          0.71933820E+00
          0.72038895E+00
          0.72143592E+00
          0.72247914E+00
          0.72351860E+00
          0.72455432E+00
          0.72558631E+00
          0.72661456E+00
          0.72763909E+00
          0.72865990E+00
          0.72967702E+00
          0.73069039E+00
          0.73170011E+00
          0.73270614E+00
          0.73370846E+00
          0.73470659E+00
          0.73570206E+00
          0.73669342E+00
          0.73768095E+00
          0.73866499E+00
          0.73964500E+00
          0.74062196E+00
          0.74159509E+00
          0.74256490E+00
          0.74353100E+00
          0.74449353E+00
          0.74545199E+00
          0.74640741E+00
          0.74735943E+00
          0.74830763E+00
          0.74925217E+00
          0.75019326E+00
          0.75113080E+00
          0.75206481E+00
          0.75299530E+00
          0.75392227E+00
          0.75484575E+00
          0.75576574E+00
          0.75668226E+00
          0.75759530E+00
          0.75850489E+00
          0.75941103E+00
          0.76031372E+00
          0.76121299E+00
          0.76210882E+00
          0.76300125E+00
          0.76389028E+00
          0.76477591E+00
          0.76565816E+00
          0.76653703E+00
          0.76741252E+00
          0.76828468E+00
          0.76915347E+00
          0.77001893E+00
          0.77088108E+00
          0.77173990E+00
          0.77259539E+00
          0.77344760E+00
          0.77429653E+00
          0.77514218E+00
          0.77598455E+00
          0.77682365E+00
          0.77765951E+00
          0.77849213E+00
          0.77932152E+00
          0.78014768E+00
          0.78097063E+00
          0.78179038E+00
          0.78260694E+00
          0.78342032E+00
          0.78423052E+00
          0.78503756E+00
          0.78584145E+00
          0.78664220E+00
          0.78743981E+00
          0.78823430E+00
          0.78902568E+00
          0.78981395E+00
          0.79059914E+00
          0.79138123E+00
          0.79216026E+00
          0.79293622E+00
          0.79370913E+00
          0.79447900E+00
          0.79524583E+00
          0.79600964E+00
          0.79677044E+00
          0.79752823E+00
          0.79828304E+00
          0.79903485E+00
          0.79978370E+00
          0.80052958E+00
          0.80127250E+00
          0.80201249E+00
          0.80274954E+00
          0.80348367E+00
          0.80421488E+00
          0.80494319E+00
          0.80566861E+00
          0.80639114E+00
          0.80711080E+00
          0.80782760E+00
          0.80854154E+00
          0.80925264E+00
          0.80996091E+00
          0.81066635E+00
          0.81136898E+00
          0.81206880E+00
          0.81276583E+00
          0.81346008E+00
          0.81415155E+00
          0.81484026E+00
          0.81552621E+00
          0.81620942E+00
          0.81688989E+00
          0.81756764E+00
          0.81824267E+00
          0.81891500E+00
          0.81958464E+00
          0.82025158E+00
          0.82091586E+00
          0.82157746E+00
          0.82223641E+00
          0.82289272E+00
          0.82354638E+00
          0.82419742E+00
          0.82484584E+00
          0.82549166E+00
          0.82613487E+00
          0.82677550E+00
          0.82741355E+00
          0.82804903E+00
          0.82868195E+00
          0.82931232E+00
          0.82994015E+00
          0.83056545E+00
          0.83118822E+00
          0.83180849E+00
          0.83242625E+00
          0.83304152E+00
          0.83365431E+00
          0.83426462E+00
          0.83487247E+00
          0.83547787E+00
          0.83608081E+00
          0.83668133E+00
          0.83727941E+00
          0.83787508E+00
          0.83846834E+00
          0.83905920E+00
          0.83964767E+00
          0.84023376E+00
          0.84081748E+00
          0.84139883E+00
          0.84197784E+00
          0.84255450E+00
          0.84312882E+00
          0.84370082E+00
          0.84427050E+00
          0.84483788E+00
          0.84540296E+00
          0.84596575E+00
          0.84652625E+00
          0.84708449E+00
          0.84764047E+00
          0.84819419E+00
          0.84874567E+00
          0.84929491E+00
          0.84984192E+00
          0.85038672E+00
          0.85092931E+00
          0.85146969E+00
          0.85200789E+00
          0.85254390E+00
          0.85307774E+00
          0.85360942E+00
          0.85413894E+00
          0.85466631E+00
          0.85519154E+00
          0.85571464E+00
          0.85623562E+00
          0.85675448E+00
          0.85727124E+00
          0.85778590E+00
          0.85829848E+00
          0.85880897E+00
          0.85931740E+00
          0.85982376E+00
          0.86032806E+00
          0.86083032E+00
          0.86133055E+00
          0.86182874E+00
          0.86232491E+00
          0.86281907E+00
          0.86331123E+00
          0.86380139E+00
          0.86428956E+00
          0.86477575E+00
          0.86525996E+00
          0.86574222E+00
          0.86622252E+00
          0.86670087E+00
          0.86717728E+00
          0.86765175E+00
          0.86812431E+00
          0.86859495E+00
          0.86906368E+00
          0.86953051E+00
          0.86999545E+00
          0.87045850E+00
          0.87091968E+00
          0.87137899E+00
          0.87183643E+00
          0.87229203E+00
          0.87274578E+00
          0.87319769E+00
          0.87364777E+00
          0.87409602E+00
          0.87454247E+00
          0.87498710E+00
          0.87542994E+00
          0.87587098E+00
          0.87631023E+00
          0.87674771E+00
          0.87718342E+00
          0.87761737E+00
          0.87804956E+00
          0.87848000E+00
          0.87890871E+00
          0.87933568E+00
          0.87976092E+00
          0.88018444E+00
          0.88060626E+00
          0.88102637E+00
          0.88144478E+00
          0.88186150E+00
          0.88227654E+00
          0.88268990E+00
          0.88310159E+00
          0.88351163E+00
          0.88392000E+00
          0.88432673E+00
          0.88473182E+00
          0.88513528E+00
          0.88553711E+00
          0.88593732E+00
          0.88633591E+00
          0.88673290E+00
          0.88712829E+00
          0.88752209E+00
          0.88791430E+00
          0.88830493E+00
          0.88869399E+00
          0.88908148E+00
          0.88946742E+00
          0.88985180E+00
          0.89023463E+00
          0.89061593E+00
          0.89099569E+00
          0.89137393E+00
          0.89175065E+00
          0.89212585E+00
          0.89249955E+00
          0.89287175E+00
          0.89324245E+00
          0.89361166E+00
          0.89397940E+00
          0.89434566E+00
          0.89471045E+00
          0.89507378E+00
          0.89543565E+00
          0.89579607E+00
          0.89615505E+00
          0.89651259E+00
          0.89686870E+00
          0.89722338E+00
          0.89757665E+00
          0.89792850E+00
          0.89827894E+00
          0.89862799E+00
          0.89897563E+00
          0.89932189E+00
          0.89966677E+00
          0.90001027E+00
          0.90035240E+00
          0.90069316E+00
          0.90103256E+00
          0.90137061E+00
          0.90170732E+00
          0.90204267E+00
          0.90237670E+00
          0.90270939E+00
          0.90304076E+00
          0.90337081E+00
          0.90369954E+00
          0.90402697E+00
          0.90435310E+00
          0.90467793E+00
          0.90500146E+00
          0.90532372E+00
          0.90564469E+00
          0.90596439E+00
          0.90628282E+00
          0.90659998E+00
          0.90691589E+00
          0.90723054E+00
          0.90754395E+00
          0.90785612E+00
          0.90816705E+00
          0.90847674E+00
          0.90878522E+00
          0.90909247E+00
          0.90939850E+00
          0.90970333E+00
          0.91000695E+00
          0.91030937E+00
          0.91061060E+00
          0.91091064E+00
          0.91120949E+00
          0.91150717E+00
          0.91180366E+00
          0.91209900E+00
          0.91239316E+00
          0.91268617E+00
          0.91297802E+00
          0.91326873E+00
          0.91355829E+00
          0.91384671E+00
          0.91413400E+00
          0.91442016E+00
          0.91470519E+00
          0.91498911E+00
          0.91527191E+00
          0.91555359E+00
          0.91583418E+00
          0.91611366E+00
          0.91639205E+00
          0.91666935E+00
          0.91694556E+00
          0.91722069E+00
          0.91749474E+00
          0.91776772E+00
          0.91803963E+00
          0.91831048E+00
          0.91858027E+00
          0.91884901E+00
          0.91911670E+00
          0.91938334E+00
          0.91964894E+00
          0.91991351E+00
          0.92017705E+00
          0.92043955E+00
          0.92070104E+00
          0.92096151E+00
          0.92122096E+00
          0.92147941E+00
          0.92173684E+00
          0.92199328E+00
          0.92224873E+00
          0.92250318E+00
          0.92275664E+00
          0.92300912E+00
          0.92326062E+00
          0.92351114E+00
          0.92376070E+00
          0.92400928E+00
          0.92425691E+00
          0.92450357E+00
          0.92474928E+00
          0.92499404E+00
          0.92523786E+00
          0.92548073E+00
          0.92572267E+00
          0.92596367E+00
          0.92620374E+00
          0.92644288E+00
          0.92668111E+00
          0.92691841E+00
          0.92715480E+00
          0.92739028E+00
          0.92762486E+00
          0.92785853E+00
          0.92809130E+00
          0.92832318E+00
          0.92855417E+00
          0.92878427E+00
          0.92901349E+00
          0.92924183E+00
          0.92946929E+00
          0.92969588E+00
          0.92992160E+00
          0.93014646E+00
          0.93037046E+00
          0.93059360E+00
          0.93081589E+00
          0.93103733E+00
          0.93125792E+00
          0.93147767E+00
          0.93169658E+00
          0.93191465E+00
          0.93213190E+00
          0.93234831E+00
          0.93256390E+00
          0.93277867E+00
          0.93299263E+00
          0.93320576E+00
          0.93341809E+00
          0.93362961E+00
          0.93384033E+00
          0.93405025E+00
          0.93425937E+00
          0.93446769E+00
          0.93467523E+00
          0.93488198E+00
          0.93508795E+00
          0.93529314E+00
          0.93549755E+00
          0.93570118E+00
          0.93590405E+00
          0.93610615E+00
          0.93630749E+00
          0.93650806E+00
          0.93670788E+00
          0.93690695E+00
          0.93710526E+00
          0.93730283E+00
          0.93749966E+00
          0.93769574E+00
          0.93789109E+00
          0.93808570E+00
          0.93827957E+00
          0.93847272E+00
          0.93866515E+00
          0.93885685E+00
          0.93904784E+00
          0.93923810E+00
          0.93942766E+00
          0.93961650E+00
          0.93980464E+00
          0.93999207E+00
          0.94017880E+00
          0.94036484E+00
          0.94055017E+00
          0.94073482E+00
          0.94091878E+00
          0.94110205E+00
          0.94128463E+00
          0.94146654E+00
          0.94164777E+00
          0.94182832E+00
          0.94200820E+00
          0.94218741E+00
          0.94236596E+00
          0.94254384E+00
          0.94272106E+00
          0.94289763E+00
          0.94307354E+00
          0.94324879E+00
          0.94342340E+00
          0.94359736E+00
          0.94377067E+00
          0.94394334E+00
          0.94411538E+00
          0.94428678E+00
          0.94445754E+00
          0.94462768E+00
          0.94479718E+00
          0.94496607E+00
          0.94513432E+00
          0.94530196E+00
          0.94546898E+00
          0.94563539E+00
          0.94580118E+00
          0.94596636E+00
          0.94613094E+00
          0.94629491E+00
          0.94645828E+00
          0.94662104E+00
          0.94678321E+00
          0.94694479E+00
          0.94710578E+00
          0.94726617E+00
          0.94742598E+00
          0.94758520E+00
          0.94774384E+00
          0.94790190E+00
          0.94805938E+00
          0.94821629E+00
          0.94837263E+00
          0.94852839E+00
          0.94868359E+00
          0.94883822E+00
          0.94899228E+00
          0.94914579E+00
          0.94929874E+00
          0.94945113E+00
          0.94960297E+00
          0.94975426E+00
          0.94990499E+00
          0.95005518E+00
          0.95020483E+00
          0.95035393E+00
          0.95050249E+00
          0.95065052E+00
          0.95079801E+00
          0.95094496E+00
          0.95109139E+00
          0.95123728E+00
          0.95138265E+00
          0.95152749E+00
          0.95167181E+00
          0.95181561E+00
          0.95195889E+00
          0.95210166E+00
          0.95224391E+00
          0.95238565E+00
          0.95252688E+00
          0.95266760E+00
          0.95280782E+00
          0.95294753E+00
          0.95308675E+00
          0.95322546E+00
          0.95336367E+00
          0.95350139E+00
          0.95363862E+00
          0.95377536E+00
          0.95391160E+00
          0.95404736E+00
          0.95418264E+00
          0.95431743E+00
          0.95445174E+00
          0.95458557E+00
          0.95471892E+00
          0.95485180E+00
          0.95498421E+00
          0.95511614E+00
          0.95524761E+00
          0.95537860E+00
          0.95550913E+00
          0.95563920E+00
          0.95576881E+00
          0.95589795E+00
          0.95602664E+00
          0.95615487E+00
          0.95628265E+00
          0.95640998E+00
          0.95653685E+00
          0.95666328E+00
          0.95678926E+00
          0.95691479E+00
          0.95703988E+00
          0.95716453E+00
          0.95728874E+00
          0.95741251E+00
          0.95753585E+00
          0.95765875E+00
          0.95778122E+00
          0.95790325E+00
          0.95802486E+00
          0.95814604E+00
          0.95826680E+00
          0.95838713E+00
          0.95850704E+00
          0.95862653E+00
          0.95874560E+00
          0.95886426E+00
          0.95898249E+00
          0.95910032E+00
          0.95921773E+00
          0.95933473E+00
          0.95945133E+00
          0.95956751E+00
          0.95968329E+00
          0.95979867E+00
          0.95991365E+00
          0.96002822E+00
          0.96014240E+00
          0.96025618E+00
          0.96036956E+00
          0.96048255E+00
          0.96059515E+00
          0.96070735E+00
          0.96081917E+00
          0.96093060E+00
          0.96104164E+00
          0.96115230E+00
          0.96126257E+00
          0.96137246E+00
          0.96148198E+00
          0.96159111E+00
          0.96169987E+00
          0.96180825E+00
          0.96191626E+00
          0.96202389E+00
          0.96213116E+00
          0.96223805E+00
          0.96234458E+00
          0.96245074E+00
          0.96255653E+00
          0.96266197E+00
          0.96276704E+00
          0.96287174E+00
          0.96297609E+00
          0.96308008E+00
          0.96318372E+00
          0.96328700E+00
          0.96338992E+00
          0.96349250E+00
          0.96359472E+00
          0.96369659E+00
          0.96379812E+00
          0.96389930E+00
          0.96400013E+00
          0.96410062E+00
          0.96420077E+00
          0.96430057E+00
          0.96440004E+00
          0.96449916E+00
          0.96459795E+00
          0.96469641E+00
          0.96479453E+00
          0.96489231E+00
          0.96498977E+00
          0.96508689E+00
          0.96518369E+00
          0.96528015E+00
          0.96537629E+00
          0.96547211E+00
          0.96556760E+00
          0.96566276E+00
          0.96575761E+00
          0.96585214E+00
          0.96594634E+00
          0.96604023E+00
          0.96613380E+00
          0.96622706E+00
          0.96632000E+00
          0.96641263E+00
          0.96650495E+00
          0.96659696E+00
          0.96668866E+00
          0.96678005E+00
          0.96687113E+00
          0.96696191E+00
          0.96705238E+00
          0.96714255E+00
          0.96723242E+00
          0.96732199E+00
          0.96741126E+00
          0.96750023E+00
          0.96758890E+00
          0.96767728E+00
          0.96776536E+00
          0.96785315E+00
          0.96794064E+00
          0.96802785E+00
          0.96811476E+00
          0.96820138E+00
          0.96828772E+00
          0.96837377E+00
          0.96845953E+00
          0.96854501E+00
          0.96863020E+00
          0.96871511E+00
          0.96879974E+00
          0.96888409E+00
          0.96896816E+00
          0.96905195E+00
          0.96913546E+00
          0.96921870E+00
          0.96930166E+00
          0.96938435E+00
          0.96946677E+00
          0.96954891E+00
          0.96963079E+00
          0.96971239E+00
          0.96979372E+00
          0.96987479E+00
          0.96995559E+00
          0.97003612E+00
          0.97011639E+00
          0.97019640E+00
          0.97027614E+00
          0.97035563E+00
          0.97043485E+00
          0.97051381E+00
          0.97059251E+00
          0.97067096E+00
          0.97074914E+00
          0.97082708E+00
          0.97090475E+00
          0.97098218E+00
          0.97105935E+00
          0.97113627E+00
          0.97121294E+00
          0.97128936E+00
          0.97136553E+00
          0.97144145E+00
          0.97151712E+00
          0.97159255E+00
          0.97166774E+00
          0.97174268E+00
          0.97181737E+00
          0.97189183E+00
          0.97196604E+00
          0.97204001E+00
          0.97211374E+00
          0.97218724E+00
          0.97226049E+00
          0.97233351E+00
          0.97240629E+00
          0.97247884E+00
          0.97255116E+00
          0.97262324E+00
          0.97269508E+00
          0.97276670E+00
          0.97283808E+00
          0.97290924E+00
          0.97298017E+00
          0.97305086E+00
          0.97312134E+00
          0.97319158E+00
          0.97326160E+00
          0.97333139E+00
          0.97340096E+00
          0.97347031E+00
          0.97353944E+00
          0.97360834E+00
          0.97367703E+00
          0.97374549E+00
          0.97381373E+00
          0.97388176E+00
          0.97394957E+00
          0.97401716E+00
          0.97408454E+00
          0.97415171E+00
          0.97421865E+00
          0.97428539E+00
          0.97435191E+00
          0.97441823E+00
          0.97448433E+00
          0.97455022E+00
          0.97461590E+00
          0.97468137E+00
          0.97474664E+00
          0.97481170E+00
          0.97487655E+00
          0.97494120E+00
          0.97500564E+00
          0.97506988E+00
          0.97513391E+00
          0.97519775E+00
          0.97526138E+00
          0.97532481E+00
          0.97538804E+00
          0.97545107E+00
          0.97551391E+00
          0.97557654E+00
          0.97563898E+00
          0.97570122E+00
          0.97576327E+00
          0.97582512E+00
          0.97588677E+00
          0.97594824E+00
          0.97600951E+00
          0.97607058E+00
          0.97613147E+00
          0.97619217E+00
          0.97625267E+00
          0.97631299E+00
          0.97637312E+00
          0.97643306E+00
          0.97649281E+00
          0.97655238E+00
          0.97661176E+00
          0.97667095E+00
          0.97672996E+00
          0.97678879E+00
          0.97684743E+00
          0.97690590E+00
          0.97696418E+00
          0.97702227E+00
          0.97708019E+00
          0.97713793E+00
          0.97719549E+00
          0.97725287E+00
          0.97731007E+00
          0.97736710E+00
          0.97742395E+00
          0.97748062E+00
          0.97753712E+00
          0.97759344E+00
          0.97764959E+00
          0.97770557E+00
          0.97776137E+00
          0.97781700E+00
          0.97787246E+00
          0.97792775E+00
          0.97798287E+00
          0.97803782E+00
          0.97809259E+00
          0.97814721E+00
          0.97820165E+00
          0.97825593E+00
          0.97831004E+00
          0.97836398E+00
          0.97841776E+00
          0.97847137E+00
          0.97852482E+00
          0.97857811E+00
          0.97863123E+00
          0.97868419E+00
          0.97873699E+00
          0.97878963E+00
          0.97884210E+00
          0.97889442E+00
          0.97894658E+00
          0.97899857E+00
          0.97905041E+00
          0.97910210E+00
          0.97915362E+00
          0.97920499E+00
          0.97925620E+00
          0.97930726E+00
          0.97935816E+00
          0.97940890E+00
          0.97945950E+00
          0.97950994E+00
          0.97956022E+00
          0.97961036E+00
          0.97966034E+00
          0.97971017E+00
          0.97975985E+00
          0.97980939E+00
          0.97985877E+00
          0.97990800E+00
          0.97995708E+00
          0.98000602E+00
          0.98005481E+00
          0.98010345E+00
          0.98015194E+00
          0.98020029E+00
          0.98024850E+00
          0.98029656E+00
          0.98034447E+00
          0.98039224E+00
          0.98043987E+00
          0.98048736E+00
          0.98053470E+00
          0.98058190E+00
          0.98062896E+00
          0.98067588E+00
          0.98072266E+00
          0.98076930E+00
          0.98081579E+00
          0.98086215E+00
          0.98090838E+00
          0.98095446E+00
          0.98100041E+00
          0.98104622E+00
          0.98109189E+00
          0.98113743E+00
          0.98118283E+00
          0.98122810E+00
          0.98127323E+00
          0.98131823E+00
          0.98136310E+00
          0.98140783E+00
          0.98145243E+00
          0.98149690E+00
          0.98154123E+00
          0.98158544E+00
          0.98162951E+00
          0.98167346E+00
          0.98171727E+00
          0.98176095E+00
          0.98180451E+00
          0.98184794E+00
          0.98189124E+00
          0.98193441E+00
          0.98197745E+00
          0.98202037E+00
          0.98206316E+00
          0.98210582E+00
          0.98214836E+00
          0.98219078E+00
          0.98223307E+00
          0.98227524E+00
          0.98231728E+00
          0.98235920E+00
          0.98240099E+00
          0.98244267E+00
          0.98248422E+00
          0.98252565E+00
          0.98256696E+00
          0.98260815E+00
          0.98264922E+00
          0.98269017E+00
          0.98273100E+00
          0.98277171E+00
          0.98281230E+00
          0.98285277E+00
          0.98289313E+00
          0.98293337E+00
          0.98297349E+00
          0.98301349E+00
          0.98305338E+00
          0.98309315E+00
          0.98313281E+00
          0.98317235E+00
          0.98321178E+00
          0.98325109E+00
          0.98329029E+00
          0.98332938E+00
          0.98336835E+00
          0.98340721E+00
          0.98344596E+00
          0.98348459E+00
          0.98352312E+00
          0.98356153E+00
          0.98359983E+00
          0.98363803E+00
          0.98367611E+00
          0.98371408E+00
          0.98375195E+00
          0.98378970E+00
          0.98382735E+00
          0.98386488E+00
          0.98390231E+00
          0.98393964E+00
          0.98397685E+00
          0.98401396E+00
          0.98405096E+00
          0.98408786E+00
          0.98412465E+00
          0.98416134E+00
          0.98419792E+00
          0.98423439E+00
          0.98427077E+00
          0.98430703E+00
          0.98434320E+00
          0.98437926E+00
          0.98441522E+00
          0.98445108E+00
          0.98448683E+00
          0.98452248E+00
          0.98455803E+00
          0.98459348E+00
          0.98462883E+00
          0.98466408E+00
          0.98469923E+00
          0.98473428E+00
          0.98476923E+00
          0.98480408E+00
          0.98483883E+00
          0.98487349E+00
          0.98490804E+00
          0.98494250E+00
          0.98497686E+00
          0.98501113E+00
          0.98504529E+00
          0.98507936E+00
          0.98511334E+00
          0.98514722E+00
          0.98518100E+00
          0.98521469E+00
          0.98524828E+00
          0.98528178E+00
          0.98531518E+00
          0.98534849E+00
          0.98538171E+00
          0.98541484E+00
          0.98544787E+00
          0.98548081E+00
          0.98551365E+00
          0.98554641E+00
          0.98557907E+00
          0.98561164E+00
          0.98564412E+00
          0.98567651E+00
          0.98570881E+00
          0.98574101E+00
          0.98577313E+00
          0.98580516E+00
          0.98583710E+00
          0.98586895E+00
          0.98590071E+00
          0.98593239E+00
          0.98596397E+00
          0.98599547E+00
          0.98602688E+00
          0.98605820E+00
          0.98608944E+00
          0.98612058E+00
          0.98615165E+00
          0.98618262E+00
          0.98621351E+00
          0.98624432E+00
          0.98627504E+00
          0.98630567E+00
          0.98633622E+00
          0.98636669E+00
          0.98639707E+00
          0.98642737E+00
          0.98645758E+00
          0.98648771E+00
          0.98651776E+00
          0.98654772E+00
          0.98657761E+00
          0.98660741E+00
          0.98663712E+00
          0.98666676E+00
          0.98669632E+00
          0.98672579E+00
          0.98675518E+00
          0.98678449E+00
          0.98681372E+00
          0.98684288E+00
          0.98687195E+00
          0.98690094E+00
          0.98692985E+00
          0.98695869E+00
          0.98698744E+00
          0.98701612E+00
          0.98704471E+00
          0.98707323E+00
          0.98710168E+00
          0.98713004E+00
          0.98715833E+00
          0.98718654E+00
          0.98721467E+00
          0.98724273E+00
          0.98727071E+00
          0.98729861E+00
          0.98732644E+00
          0.98735419E+00
          0.98738187E+00
          0.98740947E+00
          0.98743700E+00
          0.98746445E+00
          0.98749183E+00
          0.98751914E+00
          0.98754637E+00
          0.98757352E+00
          0.98760061E+00
          0.98762762E+00
          0.98765455E+00
          0.98768142E+00
          0.98770821E+00
          0.98773493E+00
          0.98776158E+00
          0.98778815E+00
          0.98781466E+00
          0.98784109E+00
          0.98786745E+00
          0.98789374E+00
          0.98791996E+00
          0.98794611E+00
          0.98797219E+00
          0.98799820E+00
          0.98802414E+00
          0.98805001E+00
          0.98807581E+00
          0.98810155E+00
          0.98812721E+00
          0.98815280E+00
          0.98817833E+00
          0.98820379E+00
          0.98822918E+00
          0.98825450E+00
          0.98827975E+00
          0.98830494E+00
          0.98833006E+00
          0.98835511E+00
          0.98838010E+00
          0.98840502E+00
          0.98842987E+00
          0.98845466E+00
          0.98847938E+00
          0.98850404E+00
          0.98852863E+00
          0.98855315E+00
          0.98857761E+00
          0.98860201E+00
          0.98862634E+00
          0.98865061E+00
          0.98867481E+00
          0.98869895E+00
          0.98872302E+00
          0.98874703E+00
          0.98877098E+00
          0.98879486E+00
          0.98881868E+00
          0.98884244E+00
          0.98886613E+00
          0.98888977E+00
          0.98891334E+00
          0.98893685E+00
          0.98896029E+00
          0.98898368E+00
          0.98900700E+00
          0.98903026E+00
          0.98905346E+00
          0.98907661E+00
          0.98909968E+00
          0.98912270E+00
          0.98914566E+00
          0.98916856E+00
          0.98919140E+00
          0.98921418E+00
          0.98923690E+00
          0.98925956E+00
          0.98928216E+00
          0.98930470E+00
          0.98932718E+00
          0.98934961E+00
          0.98937197E+00
          0.98939428E+00
          0.98941653E+00
          0.98943872E+00
          0.98946085E+00
          0.98948293E+00
          0.98950495E+00
          0.98952691E+00
          0.98954881E+00
          0.98957066E+00
          0.98959245E+00
          0.98961418E+00
          0.98963586E+00
          0.98965748E+00
          0.98967905E+00
          0.98970056E+00
          0.98972201E+00
          0.98974341E+00
          0.98976475E+00
          0.98978604E+00
          0.98980728E+00
          0.98982845E+00
          0.98984958E+00
          0.98987065E+00
          0.98989166E+00
          0.98991262E+00
          0.98993353E+00
          0.98995438E+00
          0.98997518E+00
          0.98999593E+00
          0.99001662E+00
          0.99003726E+00
          0.99005785E+00
          0.99007838E+00
          0.99009886E+00
          0.99011929E+00
          0.99013967E+00
          0.99015999E+00
          0.99018026E+00
          0.99020048E+00
          0.99022065E+00
          0.99024077E+00
          0.99026083E+00
          0.99028085E+00
          0.99030081E+00
          0.99032072E+00
          0.99034058E+00
          0.99036039E+00
          0.99038015E+00
          0.99039986E+00
          0.99041952E+00
          0.99043913E+00
          0.99045869E+00
          0.99047820E+00
          0.99049766E+00
          0.99051708E+00
          0.99053644E+00
          0.99055575E+00
          0.99057501E+00
          0.99059423E+00
          0.99061340E+00
          0.99063251E+00
          0.99065158E+00
          0.99067060E+00
          0.99068958E+00
          0.99070850E+00
          0.99072738E+00
          0.99074621E+00
          0.99076499E+00
          0.99078373E+00
          0.99080242E+00
          0.99082106E+00
          0.99083965E+00
          0.99085820E+00
          0.99087670E+00
          0.99089515E+00
          0.99091356E+00
          0.99093192E+00
          0.99095023E+00
          0.99096850E+00
          0.99098673E+00
          0.99100490E+00
          0.99102304E+00
          0.99104112E+00
          0.99105916E+00
          0.99107716E+00
          0.99109511E+00
          0.99111302E+00
          0.99113088E+00
          0.99114870E+00
          0.99116647E+00
          0.99118420E+00
          0.99120188E+00
          0.99121952E+00
          0.99123712E+00
          0.99125467E+00
          0.99127218E+00
          0.99128964E+00
          0.99130706E+00
          0.99132444E+00
          0.99134178E+00
          0.99135907E+00
          0.99137632E+00
          0.99139352E+00
          0.99141069E+00
          0.99142781E+00
          0.99144489E+00
          0.99146192E+00
          0.99147892E+00
          0.99149587E+00
          0.99151278E+00
          0.99152965E+00
          0.99154647E+00
          0.99156326E+00
          0.99158000E+00
          0.99159670E+00
          0.99161337E+00
