 Longwave optical depth [dimless]
  0.5280E+03
  0.6942E+03
  0.9160E+03
  0.1225E+04
  0.1659E+04
  0.2081E+04
  0.2746E+04
  0.3555E+04
  0.5777E+04
  0.8657E+04
  0.1101E+05
  0.1568E+05
  0.2271E+05
  0.4079E+05
  0.8140E+05
  0.4798E+05
  0.3144E+05
  0.2932E+05
  0.3680E+05
  0.6212E+05
  0.4962E+05
  0.3647E+05
  0.3542E+05
  0.4010E+05
  0.5324E+05
  0.7945E+05
  0.1034E+06
  0.1338E+06
  0.2648E+06
  0.3536E+06
  0.3902E+06
  0.2894E+06
  0.2211E+06
  0.1307E+06
  0.1043E+06
  0.1061E+06
  0.1451E+06
  0.2143E+06
  0.1375E+06
  0.1247E+06
  0.1483E+06
  0.2170E+06
  0.3851E+06
  0.6965E+06
  0.1039E+07
  0.9234E+06
  0.4840E+06
  0.3372E+06
  0.2710E+06
  0.3389E+06
  0.3107E+06
  0.2473E+06
  0.1874E+06
  0.2165E+06
  0.2772E+06
  0.2825E+06
  0.3823E+06
  0.7042E+06
  0.7694E+06
  0.6780E+06
  0.5866E+06
  0.4105E+06
  0.5259E+06
  0.7151E+06
  0.5121E+06
  0.5704E+06
  0.3865E+06
  0.3846E+06
  0.5619E+06
  0.1218E+07
  0.1657E+07
  0.9296E+06
  0.8619E+06
  0.1467E+07
  0.9958E+06
  0.6419E+06
  0.7546E+06
  0.7151E+06
  0.1231E+07
  0.1847E+07
  0.1877E+07
  0.8758E+06
  0.7760E+06
  0.1132E+07
  0.9248E+06
  0.5697E+06
  0.4264E+06
  0.4426E+06
  0.7427E+06
  0.4366E+06
  0.2843E+06
  0.2543E+06
  0.2890E+06
  0.3933E+06
  0.5385E+06
  0.1015E+07
  0.1360E+07
  0.1865E+07
  0.8194E+06
  0.6907E+06
  0.1171E+07
  0.1791E+07
  0.8570E+06
  0.6192E+06
  0.8252E+06
  0.1559E+07
  0.1122E+07
  0.5849E+06
  0.4741E+06
  0.6002E+06
  0.1521E+07
  0.1713E+07
  0.9982E+06
  0.5215E+06
  0.3822E+06
  0.3839E+06
  0.4809E+06
  0.7656E+06
  0.1700E+07
  0.2978E+07
  0.3481E+07
  0.1670E+07
  0.1606E+07
  0.8009E+06
  0.6610E+06
  0.1190E+07
  0.1009E+07
  0.4166E+06
  0.2881E+06
  0.2503E+06
  0.2453E+06
  0.2857E+06
  0.4428E+06
  0.5606E+06
  0.7766E+06
  0.1897E+07
  0.1830E+07
  0.8885E+06
  0.8847E+06
  0.6605E+06
  0.1528E+07
  0.1148E+07
  0.6824E+06
  0.4119E+06
  0.5689E+06
  0.3796E+06
  0.2594E+06
  0.2147E+06
  0.2418E+06
  0.4048E+06
  0.5824E+06
  0.2899E+06
  0.2191E+06
  0.2519E+06
  0.5738E+06
  0.5647E+06
  0.3228E+06
  0.3713E+06
  0.4029E+06
  0.6260E+06
  0.1375E+07
  0.4563E+07
  0.3123E+07
  0.1102E+07
  0.7240E+06
  0.9545E+06
  0.1831E+07
  0.7672E+06
  0.4258E+06
  0.5046E+06
  0.4017E+06
  0.3980E+06
  0.2172E+06
  0.1877E+06
  0.2015E+06
  0.2788E+06
  0.5464E+06
  0.6331E+06
  0.5881E+06
  0.6118E+06
  0.1271E+07
  0.2026E+07
  0.1546E+07
  0.5460E+06
  0.4013E+06
  0.2267E+06
  0.1678E+06
  0.1224E+06
  0.1049E+06
  0.9700E+05
  0.9581E+05
  0.1005E+06
  0.1149E+06
  0.1487E+06
  0.2397E+06
  0.4758E+06
  0.6234E+06
  0.9372E+06
  0.9404E+06
  0.4522E+06
  0.3891E+06
  0.6916E+06
  0.2872E+07
  0.1616E+07
  0.4628E+06
  0.2288E+06
  0.1432E+06
  0.1062E+06
  0.8835E+05
  0.8171E+05
  0.8578E+05
  0.1133E+06
  0.2159E+06
  0.1358E+06
  0.8376E+05
  0.7238E+05
  0.7400E+05
  0.8580E+05
  0.1046E+06
  0.1636E+06
  0.3248E+06
  0.6920E+06
  0.1754E+07
  0.6151E+06
  0.5151E+06
  0.7689E+06
  0.3010E+06
  0.1623E+06
  0.1183E+06
  0.1284E+06
  0.2297E+06
  0.3457E+06
  0.1565E+06
  0.8604E+05
  0.6354E+05
  0.5653E+05
  0.5731E+05
  0.6730E+05
  0.9504E+05
  0.1298E+06
  0.2849E+06
  0.9869E+06
  0.1303E+07
  0.2543E+06
  0.1097E+06
  0.6653E+05
  0.5055E+05
  0.4419E+05
  0.3977E+05
  0.4124E+05
  0.5365E+05
  0.1018E+06
  0.6622E+05
  0.4353E+05
  0.4086E+05
  0.4758E+05
  0.6897E+05
  0.1354E+06
  0.3796E+06
  0.2258E+06
  0.1728E+06
  0.6129E+06
  0.2913E+06
  0.9083E+05
  0.5585E+05
  0.5132E+05
  0.7180E+05
  0.1567E+06
  0.1033E+06
  0.5109E+05
  0.3985E+05
  0.4999E+05
  0.5639E+05
  0.4114E+05
  0.4339E+05
  0.3066E+05
  0.3200E+05
  0.3840E+05
  0.8143E+05
  0.6835E+06
  0.1700E+06
  0.2186E+06
  0.1263E+06
  0.1611E+06
  0.7912E+05
  0.1141E+06
  0.6366E+05
  0.3220E+05
  0.2156E+05
  0.1770E+05
  0.1561E+05
  0.1460E+05
  0.1474E+05
  0.1685E+05
  0.2472E+05
  0.5267E+05
  0.3241E+05
  0.2678E+05
  0.5493E+05
  0.1679E+06
  0.1095E+06
  0.3408E+05
  0.1865E+05
  0.1412E+05
  0.1349E+05
  0.1565E+05
  0.2731E+05
  0.4785E+05
  0.2977E+05
  0.1576E+05
  0.1192E+05
  0.1118E+05
  0.1141E+05
  0.1444E+05
  0.3638E+05
  0.5178E+05
  0.4711E+05
  0.8139E+05
  0.6884E+05
  0.4085E+05
  0.2163E+05
  0.1203E+05
  0.9342E+04
  0.8274E+04
  0.7682E+04
  0.7190E+04
  0.7019E+04
  0.7045E+04
  0.7252E+04
  0.7862E+04
  0.9087E+04
  0.1178E+05
  0.1789E+05
  0.3877E+05
  0.9366E+05
  0.9732E+05
  0.3800E+05
  0.2350E+05
  0.2002E+05
  0.1328E+05
  0.1111E+05
  0.7754E+04
  0.6781E+04
  0.7170E+04
  0.1012E+05
  0.7052E+04
  0.5887E+04
  0.6320E+04
  0.1190E+05
  0.6830E+04
  0.5663E+04
  0.6694E+04
  0.1126E+05
  0.1696E+05
  0.1612E+05
  0.7091E+04
  0.6587E+04
  0.6981E+04
  0.4741E+04
  0.4654E+04
  0.5324E+04
  0.7516E+04
  0.7969E+04
  0.8317E+04
  0.1453E+05
  0.3825E+05
  0.2893E+05
  0.1095E+05
  0.8397E+04
  0.5527E+04
  0.4352E+04
  0.3994E+04
  0.4060E+04
  0.4952E+04
  0.5807E+04
  0.5904E+04
  0.1022E+05
  0.2600E+05
  0.1355E+05
  0.6259E+04
  0.4947E+04
  0.3736E+04
  0.3353E+04
  0.3379E+04
  0.3889E+04
  0.5087E+04
  0.1045E+05
  0.8033E+04
  0.5447E+04
  0.3327E+04
  0.2932E+04
  0.3007E+04
  0.3881E+04
  0.5161E+04
  0.3217E+04
  0.2671E+04
  0.2483E+04
  0.2487E+04
  0.2665E+04
  0.3310E+04
  0.5877E+04
  0.1571E+05
  0.5842E+04
  0.4461E+04
  0.6709E+04
  0.9430E+04
  0.4214E+04
  0.3107E+04
  0.2827E+04
  0.2542E+04
  0.2623E+04
  0.3302E+04
  0.5561E+04
  0.8882E+04
  0.6485E+04
  0.6920E+04
  0.3508E+04
  0.2874E+04
  0.3213E+04
  0.5641E+04
  0.1620E+05
  0.4839E+04
  0.2819E+04
  0.2276E+04
  0.2073E+04
  0.1998E+04
  0.2034E+04
  0.2230E+04
  0.3023E+04
  0.2347E+04
  0.2022E+04
  0.2089E+04
  0.2471E+04
  0.2513E+04
  0.3419E+04
  0.5677E+04
  0.5939E+04
  0.3983E+04
  0.2980E+04
  0.3602E+04
  0.2395E+04
  0.2064E+04
  0.2138E+04
  0.2503E+04
  0.2100E+04
  0.2012E+04
  0.1980E+04
  0.2058E+04
  0.2231E+04
  0.2516E+04
  0.2927E+04
  0.2985E+04
  0.3750E+04
  0.5696E+04
  0.5271E+04
  0.5613E+04
  0.5240E+04
  0.5520E+04
  0.6452E+04
  0.8409E+04
  0.1445E+05
  0.1138E+05
  0.1243E+05
  0.1589E+05
  0.2076E+05
  0.2270E+05
  0.2513E+05
  0.3005E+05
  0.3686E+05
  0.4851E+05
  0.5318E+05
  0.6022E+05
  0.7354E+05
  0.9461E+05
  0.1204E+06
  0.1324E+06
  0.1615E+06
  0.2054E+06
  0.2097E+06
  0.2190E+06
  0.2116E+06
  0.2193E+06
  0.2449E+06
  0.2952E+06
  0.2936E+06
  0.2790E+06
  0.2812E+06
  0.3039E+06
  0.3543E+06
  0.3603E+06
  0.4182E+06
  0.6061E+06
  0.1142E+07
  0.2680E+07
  0.1850E+07
  0.8441E+06
  0.5860E+06
  0.5213E+06
  0.5257E+06
  0.5841E+06
  0.6916E+06
  0.8500E+06
  0.1009E+07
  0.1203E+07
  0.1497E+07
  0.1922E+07
  0.2241E+07
  0.2592E+07
  0.3259E+07
  0.3838E+07
  0.5109E+07
  0.7666E+07
  0.7500E+07
  0.8183E+07
  0.9629E+07
  0.1177E+08
  0.1593E+08
  0.2313E+08
  0.2393E+08
  0.2068E+08
  0.2083E+08
  0.2409E+08
  0.3335E+08
  0.3113E+08
  0.2606E+08
  0.2500E+08
  0.2635E+08
  0.3100E+08
  0.3491E+08
  0.2993E+08
  0.3378E+08
  0.4955E+08
  0.9788E+08
  0.3591E+09
  0.2383E+09
  0.1012E+09
  0.5753E+08
  0.4034E+08
  0.3480E+08
  0.3629E+08
  0.5464E+08
  0.3839E+08
  0.3232E+08
  0.3149E+08
  0.3559E+08
  0.4905E+08
  0.2962E+08
  0.2476E+08
  0.2394E+08
  0.2742E+08
  0.2343E+08
  0.1670E+08
  0.1421E+08
  0.1384E+08
  0.1651E+08
  0.9290E+07
  0.7137E+07
  0.6289E+07
  0.6244E+07
  0.4603E+07
  0.3319E+07
  0.2737E+07
  0.2459E+07
  0.2069E+07
  0.1476E+07
  0.1230E+07
  0.1040E+07
  0.9218E+06
  0.7099E+06
  0.6297E+06
  0.5809E+06
  0.5344E+06
  0.5335E+06
  0.6843E+06
  0.1194E+07
  0.2535E+07
  0.2275E+07
  0.9098E+06
  0.5023E+06
  0.3517E+06
  0.2963E+06
  0.2926E+06
  0.3437E+06
  0.3012E+06
  0.2838E+06
  0.2812E+06
  0.2915E+06
  0.3199E+06
  0.2982E+06
  0.2577E+06
  0.2368E+06
  0.2341E+06
  0.2534E+06
  0.2388E+06
  0.1720E+06
  0.1343E+06
  0.1084E+06
  0.9428E+05
  0.8437E+05
  0.7491E+05
  0.5717E+05
  0.4477E+05
  0.3646E+05
  0.3092E+05
  0.2676E+05
  0.2303E+05
  0.1751E+05
  0.1351E+05
  0.1094E+05
  0.9041E+04
  0.7631E+04
  0.6392E+04
  0.5131E+04
  0.4083E+04
  0.3463E+04
  0.2998E+04
  0.2682E+04
  0.2226E+04
  0.1880E+04
  0.1689E+04
  0.1570E+04
  0.1493E+04
  0.1328E+04
  0.1213E+04
  0.1142E+04
  0.1120E+04
  0.1127E+04
  0.1088E+04
  0.1066E+04
  0.1190E+04
  0.1571E+04
  0.2593E+04
  0.5576E+04
  0.6380E+04
  0.3188E+04
  0.1881E+04
  0.1454E+04
  0.1246E+04
  0.1311E+04
  0.1167E+04
  0.1088E+04
  0.1064E+04
  0.1087E+04
  0.1091E+04
  0.1042E+04
  0.9509E+03
  0.8904E+03
  0.8440E+03
  0.8220E+03
  0.7571E+03
  0.6729E+03
  0.6019E+03
  0.5489E+03
  0.5052E+03
  0.4564E+03
  0.3984E+03
  0.3580E+03
  0.3312E+03
  0.3125E+03
  0.2981E+03
  0.2844E+03
  0.3030E+03
  0.3210E+03
  0.2664E+03
  0.2338E+03
  0.2161E+03
  0.2065E+03
  0.2009E+03
  0.1970E+03
  0.1938E+03
  0.1925E+03
  0.2000E+03
  0.1896E+03
  0.1856E+03
  0.1821E+03
  0.1801E+03
  0.1785E+03
  0.1774E+03
  0.1792E+03
  0.1861E+03
  0.1796E+03
  0.1957E+03
  0.1808E+03
  0.1750E+03
  0.1666E+03
  0.1635E+03
  0.1616E+03
  0.1590E+03
  0.1588E+03
  0.1622E+03
  0.1715E+03
  0.1733E+03
  0.1597E+03
  0.1519E+03
  0.1492E+03
  0.1491E+03
  0.1556E+03
  0.1480E+03
  0.1442E+03
  0.1428E+03
  0.1421E+03
  0.1423E+03
  0.1448E+03
  0.1410E+03
  0.1404E+03
  0.1400E+03
  0.1417E+03
  0.1399E+03
  0.1422E+03
  0.1497E+03
  0.1424E+03
  0.1398E+03
  0.1393E+03
  0.1382E+03
  0.1391E+03
  0.1402E+03
  0.1402E+03
  0.1420E+03
  0.1448E+03
  0.1436E+03
  0.1455E+03
  0.1482E+03
  0.1494E+03
  0.1507E+03
  0.1549E+03
  0.1558E+03
  0.1652E+03
  0.1624E+03
  0.1579E+03
  0.1613E+03
  0.1623E+03
  0.1677E+03
  0.1730E+03
  0.1777E+03
  0.1917E+03
  0.1913E+03
  0.2079E+03
  0.2169E+03
  0.2220E+03
  0.2548E+03
  0.2507E+03
  0.2852E+03
  0.3104E+03
  0.3268E+03
  0.4010E+03
  0.4114E+03
  0.4518E+03
  0.5537E+03
  0.5468E+03
  0.6072E+03
  0.7213E+03
  0.7015E+03
  0.7651E+03
  0.9042E+03
  0.8579E+03
  0.8918E+03
  0.1019E+04
  0.9834E+03
  0.9520E+03
  0.9920E+03
  0.1022E+04
  0.9008E+03
  0.8369E+03
  0.8025E+03
  0.7299E+03
  0.5881E+03
  0.4851E+03
  0.4121E+03
  0.3823E+03
  0.4379E+03
  0.5547E+03
  0.7128E+03
  0.8501E+03
  0.9494E+03
  0.1034E+04
  0.1110E+04
  0.1174E+04
  0.1217E+04
  0.1235E+04
  0.1222E+04
  0.1180E+04
  0.1104E+04
  0.1011E+04
  0.9051E+03
  0.7929E+03
  0.6783E+03
  0.5725E+03
  0.4775E+03
  0.3952E+03
  0.3280E+03
  0.2728E+03
  0.2236E+03
  0.1875E+03
  0.1603E+03
  0.1407E+03
  0.1276E+03
  0.1176E+03
  0.1120E+03
  0.1097E+03
  0.1061E+03
  0.1052E+03
  0.1051E+03
  0.1045E+03
  0.1047E+03
  0.1061E+03
  0.1065E+03
  0.1069E+03
  0.1132E+03
  0.1127E+03
  0.1156E+03
  0.1176E+03
  0.1277E+03
  0.1262E+03
  0.1330E+03
  0.1466E+03
  0.1494E+03
  0.1769E+03
  0.1805E+03
  0.2065E+03
  0.2315E+03
  0.2468E+03
  0.3129E+03
  0.3145E+03
  0.3701E+03
  0.4212E+03
  0.4382E+03
  0.5590E+03
  0.5677E+03
  0.6282E+03
  0.7955E+03
  0.7707E+03
  0.8824E+03
  0.1051E+04
  0.1018E+04
  0.1159E+04
  0.1345E+04
  0.1278E+04
  0.1395E+04
  0.1623E+04
  0.1489E+04
  0.1506E+04
  0.1667E+04
  0.1578E+04
  0.1441E+04
  0.1409E+04
  0.1405E+04
  0.1180E+04
  0.9938E+03
  0.8498E+03
  0.7245E+03
  0.6324E+03
  0.7061E+03
  0.9358E+03
  0.1124E+04
  0.1304E+04
  0.1482E+04
  0.1660E+04
  0.1831E+04
  0.1991E+04
  0.2112E+04
  0.2171E+04
  0.2171E+04
  0.2107E+04
  0.1984E+04
  0.1831E+04
  0.1649E+04
  0.1450E+04
  0.1243E+04
  0.1049E+04
  0.8728E+03
  0.7208E+03
  0.5939E+03
  0.4867E+03
  0.3786E+03
  0.2996E+03
  0.2401E+03
  0.1932E+03
  0.1606E+03
  0.1380E+03
  0.1251E+03
  0.1166E+03
  0.1006E+03
  0.8982E+02
  0.8610E+02
  0.9390E+02
  0.9162E+02
  0.7824E+02
  0.7713E+02
  0.8615E+02
  0.7932E+02
  0.7104E+02
  0.6834E+02
  0.6717E+02
  0.6735E+02
  0.6829E+02
  0.7438E+02
  0.1033E+03
  0.7513E+02
  0.6684E+02
  0.6450E+02
  0.6365E+02
  0.6329E+02
  0.6346E+02
  0.6416E+02
  0.6554E+02
  0.6910E+02
  0.7898E+02
  0.1171E+03
  0.1584E+03
  0.1099E+03
  0.7860E+02
  0.6828E+02
  0.6491E+02
  0.6334E+02
  0.6266E+02
  0.6271E+02
  0.6358E+02
  0.6634E+02
  0.7631E+02
  0.8722E+02
  0.7937E+02
  0.8445E+02
  0.7123E+02
  0.6705E+02
  0.6551E+02
  0.6548E+02
  0.6612E+02
  0.6706E+02
  0.6880E+02
  0.7265E+02
  0.8086E+02
  0.1049E+03
  0.1002E+03
  0.8362E+02
  0.8182E+02
  0.8573E+02
  0.9532E+02
  0.1223E+03
  0.2220E+03
  0.3253E+03
  0.1563E+03
  0.1167E+03
  0.1083E+03
  0.1033E+03
  0.1055E+03
  0.1070E+03
  0.1149E+03
  0.1349E+03
  0.2002E+03
  0.2658E+03
  0.1636E+03
  0.1393E+03
  0.1367E+03
  0.1365E+03
  0.1433E+03
  0.1475E+03
  0.1647E+03
  0.2119E+03
  0.2453E+03
  0.1880E+03
  0.1772E+03
  0.1771E+03
  0.1851E+03
  0.1962E+03
  0.2110E+03
  0.2214E+03
  0.2411E+03
  0.2758E+03
  0.3769E+03
  0.4609E+03
  0.3416E+03
  0.3127E+03
  0.3163E+03
  0.3524E+03
  0.4275E+03
  0.3795E+03
  0.3924E+03
  0.4115E+03
  0.4736E+03
  0.6726E+03
  0.5657E+03
  0.5042E+03
  0.5088E+03
  0.5281E+03
  0.5553E+03
  0.5850E+03
  0.6286E+03
  0.6677E+03
  0.7231E+03
  0.7955E+03
  0.8654E+03
  0.9220E+03
  0.9961E+03
  0.1129E+04
  0.1352E+04
  0.1376E+04
  0.1359E+04
  0.1334E+04
  0.1395E+04
  0.1516E+04
  0.1531E+04
  0.1598E+04
  0.1683E+04
  0.1735E+04
  0.1809E+04
  0.1951E+04
  0.2259E+04
  0.2976E+04
  0.2898E+04
  0.2636E+04
  0.2676E+04
  0.2895E+04
  0.3239E+04
  0.3487E+04
  0.3904E+04
  0.4320E+04
  0.4834E+04
  0.4868E+04
  0.4155E+04
  0.4023E+04
  0.4046E+04
  0.4413E+04
  0.5278E+04
  0.6472E+04
  0.7027E+04
  0.6453E+04
  0.5640E+04
  0.6655E+04
  0.5670E+04
  0.7421E+04
  0.7612E+04
  0.6579E+04
  0.5423E+04
  0.4542E+04
  0.4180E+04
  0.4092E+04
  0.4202E+04
  0.4104E+04
  0.3912E+04
  0.3776E+04
  0.3627E+04
  0.3471E+04
  0.3322E+04
  0.3226E+04
  0.3167E+04
  0.3306E+04
  0.3407E+04
  0.3109E+04
  0.3303E+04
  0.5158E+04
  0.4857E+04
  0.4625E+04
  0.4307E+04
  0.5490E+04
  0.6746E+04
  0.5880E+04
  0.4228E+04
  0.3127E+04
  0.2886E+04
  0.2692E+04
  0.2653E+04
  0.2626E+04
  0.2683E+04
  0.2849E+04
  0.2810E+04
  0.2941E+04
  0.3177E+04
  0.3787E+04
  0.6928E+04
  0.8115E+04
  0.1450E+05
  0.1353E+05
  0.9299E+04
  0.4993E+04
  0.3951E+04
  0.3590E+04
  0.3547E+04
  0.3765E+04
  0.4678E+04
  0.5069E+04
  0.4240E+04
  0.4216E+04
  0.4781E+04
  0.6459E+04
  0.5152E+04
  0.5234E+04
  0.6029E+04
  0.8714E+04
  0.2804E+05
  0.2133E+05
  0.2524E+05
  0.9988E+04
  0.7807E+04
  0.8836E+04
  0.1424E+05
  0.1024E+05
  0.1049E+05
  0.1542E+05
  0.3168E+05
  0.2709E+05
  0.1656E+05
  0.1229E+05
  0.1119E+05
  0.1060E+05
  0.1004E+05
  0.1095E+05
  0.1239E+05
  0.1473E+05
  0.2375E+05
  0.7600E+05
  0.2690E+05
  0.1700E+05
  0.1775E+05
  0.2139E+05
  0.4188E+05
  0.6529E+05
  0.4033E+05
  0.3464E+05
  0.4565E+05
  0.3958E+05
  0.2097E+05
  0.1682E+05
  0.1946E+05
  0.3187E+05
  0.1916E+05
  0.1298E+05
  0.1132E+05
  0.1228E+05
  0.1248E+05
  0.1294E+05
  0.1302E+05
  0.1645E+05
  0.2843E+05
  0.6564E+05
  0.1006E+06
  0.1343E+06
  0.4379E+05
  0.2842E+05
  0.3538E+05
  0.2440E+05
  0.1719E+05
  0.1746E+05
  0.2463E+05
  0.4660E+05
  0.2730E+05
  0.2371E+05
  0.2828E+05
  0.4354E+05
  0.1210E+06
  0.1106E+06
  0.4095E+05
  0.2356E+05
  0.1810E+05
  0.1603E+05
  0.1586E+05
  0.1763E+05
  0.2352E+05
  0.4322E+05
  0.4109E+05
  0.2696E+05
  0.2850E+05
  0.3820E+05
  0.4653E+05
  0.9491E+05
  0.2226E+06
  0.2492E+06
  0.1466E+06
  0.7610E+05
  0.4732E+05
  0.4417E+05
  0.6381E+05
  0.1177E+06
  0.6343E+05
  0.4136E+05
  0.3887E+05
  0.5120E+05
  0.1009E+06
  0.1629E+06
  0.1730E+06
  0.8129E+05
  0.9707E+05
  0.4797E+05
  0.3123E+05
  0.2837E+05
  0.3452E+05
  0.2855E+05
  0.2813E+05
  0.3378E+05
  0.5260E+05
  0.8923E+05
  0.7686E+05
  0.1108E+06
  0.9582E+05
  0.5641E+05
  0.5612E+05
  0.8918E+05
  0.2107E+06
  0.1233E+06
  0.1323E+06
  0.8604E+05
  0.6948E+05
  0.7704E+05
  0.1115E+06
  0.2337E+06
  0.3480E+06
  0.3249E+06
  0.1831E+06
  0.1240E+06
  0.8560E+05
  0.9836E+05
  0.7102E+05
  0.8952E+05
  0.1178E+06
  0.1617E+06
  0.1222E+06
  0.1784E+06
  0.2937E+06
  0.2167E+06
  0.1405E+06
  0.1404E+06
  0.1247E+06
  0.9893E+05
  0.9098E+05
  0.6957E+05
  0.7721E+05
  0.1101E+06
  0.1723E+06
  0.1231E+06
  0.1166E+06
  0.1763E+06
  0.3750E+06
  0.4232E+06
  0.3241E+06
  0.2918E+06
  0.1723E+06
  0.1562E+06
  0.1040E+06
  0.7378E+05
  0.7125E+05
  0.8567E+05
  0.7814E+05
  0.9033E+05
  0.1473E+06
  0.1810E+06
  0.1899E+06
  0.3527E+06
  0.4809E+06
  0.4416E+06
  0.2526E+06
  0.1309E+06
  0.9963E+05
  0.1059E+06
  0.7944E+05
  0.8030E+05
  0.1231E+06
  0.1722E+06
  0.9901E+05
  0.7991E+05
  0.9656E+05
  0.1720E+06
  0.3477E+06
  0.1753E+06
  0.8669E+05
  0.5448E+05
  0.4056E+05
  0.3351E+05
  0.2815E+05
  0.2527E+05
  0.2300E+05
  0.2192E+05
  0.2162E+05
  0.2222E+05
  0.2168E+05
  0.2232E+05
  0.2420E+05
  0.2591E+05
  0.2335E+05
  0.2071E+05
  0.2019E+05
  0.2091E+05
  0.2366E+05
  0.2400E+05
  0.2549E+05
  0.2349E+05
  0.2611E+05
  0.3137E+05
  0.3368E+05
  0.3761E+05
  0.3600E+05
  0.4259E+05
  0.6044E+05
  0.1079E+06
  0.2506E+06
  0.2275E+06
  0.1047E+06
  0.6897E+05
  0.6611E+05
  0.9437E+05
  0.1406E+06
  0.7959E+05
  0.6387E+05
  0.8522E+05
  0.7185E+05
  0.5416E+05
  0.5499E+05
  0.7021E+05
  0.1174E+06
  0.2540E+06
  0.2489E+06
  0.1499E+06
  0.8950E+05
  0.6683E+05
  0.6075E+05
  0.6552E+05
  0.8374E+05
  0.1488E+06
  0.2620E+06
  0.2023E+06
  0.1665E+06
  0.1568E+06
  0.2609E+06
  0.5784E+06
  0.5118E+06
  0.2646E+06
  0.1328E+06
  0.8606E+05
  0.6774E+05
  0.6491E+05
  0.7871E+05
  0.1290E+06
  0.1013E+06
  0.6718E+05
  0.6417E+05
  0.8449E+05
  0.1516E+06
  0.1655E+06
  0.1284E+06
  0.9865E+05
  0.1022E+06
  0.1944E+06
  0.1391E+06
  0.7887E+05
  0.6813E+05
  0.8155E+05
  0.9616E+05
  0.1590E+06
  0.2967E+06
  0.4697E+06
  0.1919E+06
  0.1053E+06
  0.8599E+05
  0.8075E+05
  0.7030E+05
  0.7610E+05
  0.1110E+06
  0.2417E+06
  0.4125E+06
  0.2114E+06
  0.2206E+06
  0.4173E+06
  0.3086E+06
  0.1434E+06
  0.1163E+06
  0.1222E+06
  0.1240E+06
  0.8094E+05
  0.5529E+05
  0.5505E+05
  0.4866E+05
  0.5334E+05
  0.8704E+05
  0.1574E+06
  0.1606E+06
  0.3413E+06
  0.1975E+06
  0.8742E+05
  0.5042E+05
  0.3995E+05
  0.4126E+05
  0.3057E+05
  0.2827E+05
  0.3037E+05
  0.3879E+05
  0.6508E+05
  0.6715E+05
  0.1288E+06
  0.3036E+06
  0.2416E+06
  0.9799E+05
  0.6895E+05
  0.8515E+05
  0.1424E+06
  0.7081E+05
  0.5310E+05
  0.5271E+05
  0.4071E+05
  0.4539E+05
  0.6027E+05
  0.7652E+05
  0.6787E+05
  0.1763E+06
  0.5899E+05
  0.3028E+05
  0.2805E+05
  0.4694E+05
  0.4879E+05
  0.3120E+05
  0.3337E+05
  0.6595E+05
  0.6775E+05
  0.3243E+05
  0.2384E+05
  0.2517E+05
  0.5033E+05
  0.7467E+05
  0.6043E+05
  0.1313E+06
  0.2121E+06
  0.1147E+06
  0.5568E+05
  0.3855E+05
  0.2441E+05
  0.2309E+05
  0.3014E+05
  0.3276E+05
  0.1867E+05
  0.1769E+05
  0.7478E+05
  0.1645E+05
  0.1510E+05
  0.1953E+05
  0.3413E+05
  0.7009E+05
  0.1241E+06
  0.6739E+05
  0.3422E+05
  0.2979E+05
  0.2130E+05
  0.2962E+05
  0.4392E+05
  0.4069E+05
  0.3062E+05
  0.1227E+05
  0.9782E+04
  0.8915E+04
  0.1245E+05
  0.1204E+05
  0.1993E+05
  0.2220E+05
  0.1304E+05
  0.7753E+04
  0.6194E+04
  0.5820E+04
  0.1818E+05
  0.5570E+04
  0.6057E+04
  0.7356E+04
  0.1140E+05
  0.1728E+05
  0.4192E+05
  0.2806E+05
  0.2219E+05
  0.3975E+05
  0.7026E+05
  0.3408E+05
  0.1557E+05
  0.1057E+05
  0.8609E+04
  0.9399E+04
  0.1204E+05
  0.8859E+04
  0.9662E+04
  0.1449E+05
  0.3127E+05
  0.9727E+05
  0.8350E+05
  0.2823E+05
  0.1920E+05
  0.1226E+05
  0.6949E+04
  0.5158E+04
  0.4449E+04
  0.3799E+04
  0.3433E+04
  0.3295E+04
  0.3467E+04
  0.4121E+04
  0.3677E+04
  0.4315E+04
  0.4177E+04
  0.5336E+04
  0.8489E+04
  0.1773E+05
  0.3088E+05
  0.4790E+05
  0.4211E+05
  0.1477E+05
  0.7148E+04
  0.4523E+04
  0.3361E+04
  0.2804E+04
  0.2434E+04
  0.2267E+04
  0.2240E+04
  0.2193E+04
  0.2405E+04
  0.3282E+04
  0.4322E+04
  0.4011E+04
  0.5888E+04
  0.1384E+05
  0.2135E+05
  0.8036E+04
  0.4885E+04
  0.5198E+04
  0.1023E+05
  0.6009E+04
  0.3733E+04
  0.2933E+04
  0.2819E+04
  0.3077E+04
  0.3608E+04
  0.4684E+04
  0.5518E+04
  0.5532E+04
  0.7575E+04
  0.8907E+04
  0.1225E+05
  0.9170E+04
  0.8752E+04
  0.7494E+04
  0.8102E+04
  0.1195E+05
  0.3477E+05
  0.3326E+05
  0.1318E+05
  0.9973E+04
  0.1407E+05
  0.1246E+05
  0.6525E+04
  0.5106E+04
  0.3327E+04
  0.2884E+04
  0.3176E+04
  0.4881E+04
  0.1509E+05
  0.1177E+05
  0.5508E+04
  0.3191E+04
  0.2367E+04
  0.2308E+04
  0.3096E+04
  0.6668E+04
  0.2298E+05
  0.8478E+04
  0.5016E+04
  0.4675E+04
  0.2404E+04
  0.1406E+04
  0.1069E+04
  0.9562E+03
  0.1006E+04
  0.1186E+04
  0.1911E+04
  0.1279E+04
  0.1055E+04
  0.1061E+04
  0.1030E+04
  0.1347E+04
  0.1102E+04
  0.1283E+04
  0.1815E+04
  0.4580E+04
  0.8361E+04
  0.2564E+04
  0.1144E+04
  0.7156E+03
  0.5463E+03
  0.4787E+03
  0.4509E+03
  0.4784E+03
  0.3798E+03
  0.3389E+03
  0.3294E+03
  0.3348E+03
  0.3387E+03
  0.3802E+03
  0.4684E+03
  0.6898E+03
  0.1446E+04
  0.2574E+04
  0.1939E+04
  0.6019E+04
  0.8452E+04
  0.2238E+04
  0.9559E+03
  0.6278E+03
  0.5849E+03
  0.8687E+03
  0.5725E+03
  0.3942E+03
  0.3727E+03
  0.3538E+03
  0.3514E+03
  0.4080E+03
  0.5963E+03
  0.6471E+03
  0.5755E+03
  0.5048E+03
  0.5637E+03
  0.7643E+03
  0.1142E+04
  0.3045E+04
  0.3327E+04
  0.2015E+04
  0.1312E+04
  0.9649E+03
  0.8633E+03
  0.8281E+03
  0.8348E+03
  0.1139E+04
  0.9601E+03
  0.8303E+03
  0.8635E+03
  0.1035E+04
  0.1288E+04
  0.1460E+04
  0.1811E+04
  0.2630E+04
  0.5040E+04
  0.3794E+04
  0.4861E+04
  0.6668E+04
  0.6051E+04
  0.6915E+04
  0.8211E+04
  0.1101E+05
  0.1531E+05
  0.1476E+05
  0.1590E+05
  0.1759E+05
  0.2172E+05
  0.3177E+05
  0.3019E+05
  0.2740E+05
  0.2771E+05
  0.3088E+05
  0.3988E+05
  0.4401E+05
  0.3329E+05
  0.2999E+05
  0.3240E+05
  0.3363E+05
  0.4060E+05
  0.2498E+05
  0.2069E+05
  0.1946E+05
  0.2084E+05
  0.2707E+05
  0.3421E+05
  0.8045E+05
  0.1870E+06
  0.6960E+05
  0.3170E+05
  0.1941E+05
  0.1628E+05
  0.1248E+05
  0.9032E+04
  0.7309E+04
  0.6482E+04
  0.6550E+04
  0.5612E+04
  0.4348E+04
  0.5661E+04
  0.9612E+04
  0.4748E+04
  0.2685E+04
  0.1960E+04
  0.1609E+04
  0.1491E+04
  0.1580E+04
  0.1429E+04
  0.1346E+04
  0.1377E+04
  0.1575E+04
  0.1822E+04
  0.1723E+04
  0.1558E+04
  0.1500E+04
  0.1612E+04
  0.1627E+04
  0.1866E+04
  0.1426E+04
  0.1239E+04
  0.1157E+04
  0.1086E+04
  0.1112E+04
  0.9169E+03
  0.8131E+03
  0.8120E+03
  0.9206E+03
  0.1387E+04
  0.2968E+04
  0.3677E+04
  0.1396E+04
  0.7279E+03
  0.4708E+03
  0.3795E+03
  0.6756E+03
  0.3192E+03
  0.2539E+03
  0.2097E+03
  0.1598E+03
  0.1384E+03
  0.1226E+03
  0.1295E+03
  0.1169E+03
  0.1091E+03
  0.8787E+02
  0.8023E+02
  0.8485E+02
  0.1194E+03
  0.8456E+02
  0.7393E+02
  0.7774E+02
  0.7156E+02
  0.6687E+02
  0.6912E+02
  0.1015E+03
  0.9606E+02
  0.9563E+02
  0.1176E+03
  0.9441E+02
  0.6126E+02
  0.4606E+02
  0.4071E+02
  0.4551E+02
  0.3582E+02
  0.3137E+02
  0.2986E+02
  0.2891E+02
  0.2895E+02
  0.3098E+02
  0.3330E+02
  0.4344E+02
  0.3859E+02
  0.3877E+02
  0.4663E+02
  0.5127E+02
  0.5915E+02
  0.5599E+02
  0.5954E+02
  0.7017E+02
  0.7618E+02
  0.8814E+02
  0.1082E+03
  0.1116E+03
  0.1342E+03
  0.1604E+03
  0.1897E+03
  0.2150E+03
  0.2732E+03
  0.3027E+03
  0.4042E+03
  0.4729E+03
  0.5858E+03
  0.6870E+03
  0.9242E+03
  0.1086E+04
  0.1453E+04
  0.1705E+04
  0.2334E+04
  0.2769E+04
  0.3639E+04
  0.4645E+04
  0.5834E+04
  0.7776E+04
  0.9302E+04
  0.1298E+05
  0.1502E+05
  0.2237E+05
  0.2435E+05
  0.3551E+05
  0.3910E+05
  0.5178E+05
  0.6486E+05
  0.7603E+05
  0.1169E+06
  0.1138E+06
  0.1691E+06
  0.1847E+06
  0.2267E+06
  0.3118E+06
  0.3143E+06
  0.4972E+06
  0.4857E+06
  0.5748E+06
  0.8463E+06
  0.7805E+06
  0.1101E+07
  0.1220E+07
  0.1270E+07
  0.2177E+07
  0.1800E+07
  0.1994E+07
  0.3773E+07
  0.2564E+07
  0.2932E+07
  0.5309E+07
  0.3528E+07
  0.3902E+07
  0.8095E+07
  0.4689E+07
  0.4642E+07
  0.6714E+07
  0.6139E+07
  0.5113E+07
  0.5713E+07
  0.1434E+08
  0.5508E+07
  0.4762E+07
  0.4975E+07
  0.8674E+07
  0.3832E+07
  0.2876E+07
  0.2502E+07
  0.2387E+07
  0.2952E+07
  0.3974E+07
  0.5912E+07
  0.9127E+07
  0.7957E+07
  0.8429E+07
  0.8797E+07
  0.1012E+08
  0.1053E+08
  0.1248E+08
  0.1294E+08
  0.1450E+08
  0.1600E+08
  0.1645E+08
  0.2089E+08
  0.1999E+08
  0.2633E+08
  0.2646E+08
  0.3163E+08
  0.4168E+08
  0.4102E+08
  0.6466E+08
  0.6088E+08
  0.7253E+08
  0.1040E+09
  0.9507E+08
  0.1333E+09
  0.1459E+09
  0.1482E+09
  0.2516E+09
  0.2080E+09
  0.2254E+09
  0.5040E+09
  0.2884E+09
  0.3160E+09
  0.7021E+09
  0.3877E+09
  0.4007E+09
  0.6569E+09
  0.5040E+09
  0.4590E+09
  0.5832E+09
  0.6910E+09
  0.4952E+09
  0.4919E+09
  0.6458E+09
  0.5407E+09
  0.3924E+09
  0.3464E+09
  0.3411E+09
  0.2913E+09
  0.1805E+09
  0.2380E+09
  0.3129E+09
  0.3569E+09
  0.4171E+09
  0.4995E+09
  0.6157E+09
  0.7960E+09
  0.1410E+10
  0.9161E+09
  0.7939E+09
  0.7223E+09
  0.6633E+09
  0.6053E+09
  0.5469E+09
  0.4874E+09
  0.4278E+09
  0.3703E+09
  0.3202E+09
  0.2823E+09
  0.2182E+09
  0.1500E+09
  0.1070E+09
  0.7873E+08
  0.6036E+08
  0.4111E+08
  0.2782E+08
  0.1994E+08
  0.1329E+08
  0.9633E+07
  0.6751E+07
  0.4853E+07
  0.3532E+07
  0.2589E+07
  0.1902E+07
  0.1393E+07
  0.1012E+07
  0.7279E+06
  0.5159E+06
  0.3605E+06
  0.1970E+06
  0.1309E+06
  0.8540E+05
  0.5488E+05
  0.3464E+05
  0.1533E+05
  0.9199E+04
  0.5446E+04
  0.2137E+04
  0.1229E+04
  0.4806E+03
  0.2352E+03
  0.1398E+03
  0.1147E+03
  0.1217E+03
  0.1156E+03
  0.1066E+03
  0.1081E+03
  0.1123E+03
  0.9393E+02
  0.8209E+02
  0.7395E+02
  0.6485E+02
  0.4940E+02
  0.4070E+02
  0.4264E+02
  0.5285E+02
  0.6624E+02
  0.8207E+02
  0.9980E+02
  0.1183E+03
  0.1339E+03
  0.1395E+03
  0.1414E+03
  0.1409E+03
  0.1380E+03
  0.1326E+03
  0.1247E+03
  0.1151E+03
  0.1042E+03
  0.9268E+02
  0.8073E+02
  0.6941E+02
  0.5813E+02
  0.4664E+02
  0.3723E+02
  0.3009E+02
  0.2445E+02
  0.1976E+02
  0.1626E+02
  0.1405E+02
  0.1260E+02
  0.1212E+02
  0.1247E+02
  0.1299E+02
  0.1474E+02
  0.1712E+02
  0.1938E+02
  0.2253E+02
  0.2748E+02
  0.3114E+02
  0.3480E+02
  0.4068E+02
  0.5226E+02
  0.5373E+02
  0.5866E+02
  0.6804E+02
  0.8567E+02
  0.8045E+02
  0.8532E+02
  0.9943E+02
  0.1042E+03
  0.9648E+02
  0.9905E+02
  0.1311E+03
  0.9376E+02
  0.8378E+02
  0.8285E+02
  0.7153E+02
  0.5254E+02
  0.4187E+02
  0.3403E+02
