 Surface temperature vs. time [K]
    170.0000
    167.7872
    165.7195
    163.8244
    162.1079
    160.5508
    159.1348
    157.8440
    156.6651
    155.5866
    154.5984
    153.6917
    152.8588
    152.0929
    151.3879
    150.7384
    150.1396
    149.5872
    149.0771
    148.6060
    148.1705
    147.7678
    147.3952
    147.0504
    146.7312
    146.4355
    146.1615
    145.9076
    145.6723
    145.4540
    145.2516
    145.0638
    144.8896
    144.7279
    144.5778
    144.4385
    144.3091
    144.1890
    144.0775
    143.9738
    143.8776
    143.7882
    143.7051
    143.6279
    143.5562
    143.4895
    143.4276
    143.3700
    143.3165
    143.2667
    143.2205
    143.1775
    143.1375
    143.1004
    143.0658
    143.0337
    143.0038
    142.9761
    142.9503
    142.9262
    142.9039
    142.8832
    142.8638
    142.8459
    142.8292
    142.8137
    142.7992
    142.7858
    142.7733
    142.7617
    142.7509
    142.7408
    142.7315
    142.7228
    142.7147
    142.7072
    142.7002
    142.6937
    142.6876
    142.6820
    142.6768
    142.6719
    142.6674
    142.6631
    142.6592
    142.6556
    142.6522
    142.6490
    142.6461
    142.6434
    142.6408
    142.6385
    142.6363
    142.6342
    142.6323
    142.6306
    142.6289
    142.6274
    142.6260
    142.6247
    142.6234
    142.6223
    142.6212
    142.6202
    142.6193
    142.6184
    142.6177
    142.6169
    142.6162
    142.6156
    142.6150
    142.6144
    142.6139
    142.6134
    142.6130
    142.6126
    142.6122
    142.6118
    142.6115
    142.6112
    142.6109
    142.6106
    142.6104
    142.6101
    142.6099
    142.6097
    142.6095
    142.6094
    142.6092
    142.6090
    142.6089
    142.6088
    142.6086
    142.6085
    142.6084
    142.6083
    142.6082
    142.6082
    142.6081
    142.6080
    142.6079
    142.6079
    142.6078
    142.6078
    142.6077
    142.6077
    142.6076
    142.6076
    142.6075
    142.6075
    142.6075
    142.6074
    142.6074
    142.6074
    142.6074
    142.6073
    142.6073
    142.6073
    142.6073
    142.6073
    142.6072
    142.6072
    142.6072
    142.6072
    142.6072
    142.6072
    142.6072
    142.6072
    142.6071
    142.6071
    142.6071
    142.6071
    142.6071
    142.6071
    142.6071
    142.6071
    142.6071
    142.6071
    142.6071
    142.6071
    142.6071
    142.6071
    142.6071
    142.6071
    142.6071
    142.6071
    142.6071
    142.6071
    142.6071
    142.6071
    142.6071
    142.6071
    142.6070
    142.6070
    142.6070
    142.6070
    142.6070
    142.6070
    142.6070
    142.6070
    142.6070
    142.6070
    142.6070
    142.6070
    142.6070
    142.6070
    142.6070
    142.6070
    142.6070
    142.6070
    142.6070
    142.6070
    142.6070
    142.6070
    142.6070
    142.6070
    142.6070
    142.6070
    142.6070
    142.6070
    142.6070
    142.6070
    142.6070
    142.6070
    142.6070
    142.6070
    142.6070
    142.6070
    142.6070
    142.6070
    142.6070
    142.6070
    142.6070
    142.6070
    142.6070
    142.6070
    142.6070
    142.6070
    142.6070
    142.6070
    142.6070
    142.6070
    142.6070
    142.6070
    142.6070
    142.6070
    142.6070
    142.6070
    142.6070
    142.6070
    142.6070
    142.6070
    142.6070
    142.6070
    142.6070
    142.6070
    142.6070
    142.6070
    142.6070
    142.6070
    142.6070
    142.6070
    142.6070
    142.6070
    142.6070
    142.6070
    142.6070
    142.6070
    142.6070
    142.6070
    142.6070
    142.6070
    142.6070
    142.6070
    142.6070
    142.6070
    142.6070
    142.6070
    142.6070
    142.6070
    142.6070
    142.6070
    142.6070
    142.6070
    142.6070
    142.6070
    142.6070
    142.6070
    142.6070
    142.6070
    142.6070
    142.6070
    142.6070
    142.6070
    142.6070
    142.6070
    142.6070
    142.6070
    142.6070
    142.6070
