 Shortwave heating rate [K/s]
  0.5984E-04
  0.5072E-04
  0.4436E-04
  0.4009E-04
  0.3821E-04
  0.3779E-04
  0.3817E-04
  0.3909E-04
  0.4041E-04
  0.4191E-04
  0.4340E-04
  0.4483E-04
  0.4629E-04
  0.4794E-04
  0.4987E-04
  0.5206E-04
  0.5440E-04
  0.5678E-04
  0.5916E-04
  0.6157E-04
  0.6416E-04
  0.6715E-04
  0.7081E-04
  0.7535E-04
  0.8107E-04
  0.8868E-04
  0.9913E-04
  0.1132E-03
  0.1306E-03
  0.1499E-03
  0.1691E-03
  0.1859E-03
  0.1991E-03
  0.2082E-03
  0.2138E-03
  0.2181E-03
  0.2318E-03
  0.2852E-03
  0.4100E-03
  0.5901E-03
  0.7628E-03
  0.8570E-03
  0.8571E-03
  0.9315E-03
  0.1081E-02
  0.1315E-02
  0.2076E-02
  0.2385E-02
  0.2452E-02
  0.2480E-02
