 Spectral outgoing shortwave flux [W/m2/cm^-1]
  0.0000E+00
  0.4540E-06
  0.3095E-06
  0.2248E-12
  0.1003E-14
  0.2718E-14
  0.6870E-14
  0.1721E-13
  0.1512E-12
  0.7715E-13
  0.6090E-08
  0.2542E-12
  0.1666E-07
  0.7689E-06
  0.2510E-06
  0.1605E-11
  0.7713E-05
  0.3666E-05
  0.1171E-04
  0.1185E-04
  0.1131E-04
  0.2238E-05
  0.2880E-10
  0.2025E-10
  0.2599E-10
  0.3333E-10
  0.4180E-10
  0.5233E-10
  0.6510E-10
  0.7995E-10
  0.9755E-10
  0.4700E-06
  0.2910E-09
  0.5703E-05
  0.3069E-04
  0.3713E-04
  0.4175E-04
  0.2658E-04
  0.1844E-08
  0.1146E-05
  0.5477E-04
  0.4061E-04
  0.9863E-06
  0.4599E-07
  0.5653E-04
  0.7183E-04
  0.7344E-04
  0.7719E-04
  0.7985E-04
  0.6902E-04
  0.1728E-04
  0.2654E-04
  0.7668E-04
  0.8401E-04
  0.2371E-04
  0.5946E-05
  0.5534E-04
  0.9446E-04
  0.5867E-04
  0.5524E-05
  0.6089E-05
  0.2327E-04
  0.5612E-04
  0.8422E-08
  0.1087E-03
  0.5533E-04
  0.1254E-07
  0.4578E-04
  0.6817E-05
  0.1029E-03
  0.8062E-05
  0.1125E-03
  0.9277E-04
  0.1147E-03
  0.1357E-03
  0.6164E-04
  0.2061E-07
  0.9846E-06
  0.3389E-04
  0.4215E-04
  0.9046E-04
  0.3219E-07
  0.2786E-07
  0.2912E-07
  0.3122E-07
  0.7443E-05
  0.1140E-03
  0.1429E-03
  0.4528E-04
  0.4222E-07
  0.4719E-07
  0.5336E-07
  0.6297E-07
  0.6830E-07
  0.7873E-07
  0.8329E-07
  0.8745E-07
  0.2492E-03
  0.1939E-03
  0.2106E-03
  0.3359E-04
  0.2501E-03
  0.2868E-03
  0.1678E-03
  0.9769E-05
  0.2444E-05
  0.2875E-03
  0.3407E-03
  0.3466E-03
  0.3322E-03
  0.3070E-03
  0.3257E-03
  0.3618E-03
  0.3660E-03
  0.3803E-03
  0.3920E-03
  0.3859E-03
  0.4001E-03
  0.3964E-03
  0.4030E-03
  0.3768E-03
  0.4140E-03
  0.4095E-03
  0.3859E-03
  0.3340E-03
  0.4103E-03
  0.3636E-03
  0.4044E-03
  0.3539E-03
  0.2601E-03
  0.4614E-03
  0.4370E-03
  0.3416E-03
  0.2092E-03
  0.5641E-06
  0.1955E-03
  0.4378E-03
  0.3838E-03
  0.2312E-04
  0.7100E-06
  0.6935E-06
  0.7218E-06
  0.6925E-06
  0.7122E-06
  0.7515E-06
  0.8164E-06
  0.8133E-06
  0.8586E-06
  0.8069E-06
  0.8354E-06
  0.8192E-06
  0.7688E-04
  0.8526E-06
  0.2159E-05
  0.1821E-05
  0.3006E-03
  0.1392E-03
  0.3318E-03
  0.1566E-03
  0.1516E-03
  0.2019E-03
  0.1936E-03
  0.5197E-03
  0.4882E-03
  0.5009E-03
  0.4839E-03
  0.4748E-03
  0.5259E-03
  0.4852E-03
  0.5539E-03
  0.5198E-03
  0.6231E-03
  0.5651E-03
  0.6689E-03
  0.6188E-03
  0.7511E-03
  0.7595E-03
  0.3014E-03
  0.7729E-03
  0.7661E-03
  0.7718E-03
  0.7656E-03
  0.7608E-03
  0.7394E-03
  0.6190E-03
  0.2462E-04
  0.3572E-05
  0.6661E-03
  0.7061E-03
  0.2206E-03
  0.1057E-04
  0.4374E-05
  0.4125E-05
  0.4302E-05
  0.4350E-05
  0.4571E-05
  0.4677E-05
  0.4745E-05
  0.4959E-05
  0.5093E-05
  0.5191E-05
  0.1760E-03
  0.3562E-04
  0.5763E-05
  0.5746E-05
  0.5745E-05
  0.1731E-03
  0.8126E-03
  0.8744E-03
  0.7944E-03
  0.6503E-03
  0.7769E-03
  0.7283E-04
  0.2036E-04
  0.2820E-03
  0.8123E-03
  0.5594E-03
  0.7935E-05
  0.9572E-03
  0.9786E-03
  0.6520E-03
  0.9975E-03
  0.9490E-03
  0.1038E-02
  0.9678E-03
  0.9985E-03
  0.1029E-02
  0.9864E-03
  0.1003E-02
  0.1028E-02
  0.1010E-02
  0.9805E-03
  0.1031E-02
  0.9259E-03
  0.8994E-03
  0.9724E-03
  0.1041E-02
  0.9489E-03
  0.9354E-03
  0.8944E-03
  0.8758E-03
  0.8500E-03
  0.7014E-03
  0.6103E-03
  0.4565E-03
  0.8688E-03
  0.7054E-03
  0.4079E-03
  0.2226E-04
  0.2196E-04
  0.1685E-04
  0.7783E-03
  0.4503E-03
  0.1297E-04
  0.1489E-04
  0.4106E-03
  0.8944E-03
  0.9061E-03
  0.9178E-03
  0.5213E-03
  0.4687E-03
  0.1905E-03
  0.7351E-03
  0.8566E-03
  0.8331E-03
  0.8793E-03
  0.7869E-03
  0.4898E-04
  0.7658E-03
  0.6075E-03
  0.2743E-04
  0.7251E-03
  0.4362E-03
  0.7448E-03
  0.6665E-03
  0.5292E-03
  0.1083E-03
  0.1673E-04
  0.1718E-04
  0.1690E-04
  0.5654E-03
  0.7172E-03
  0.4761E-03
  0.7045E-03
  0.4212E-03
  0.7309E-03
  0.7199E-03
  0.6122E-03
  0.5365E-03
  0.6506E-03
  0.5830E-03
  0.7134E-03
  0.4317E-03
  0.5732E-03
  0.3178E-04
  0.5996E-03
  0.6629E-03
  0.6818E-03
  0.6168E-03
  0.5175E-03
  0.6602E-03
  0.6989E-03
  0.6932E-03
  0.5136E-03
  0.4016E-03
  0.6534E-03
  0.6894E-03
  0.6948E-03
  0.6722E-03
  0.7769E-04
  0.6022E-03
  0.6448E-03
  0.6527E-03
  0.6695E-03
  0.6522E-03
  0.6422E-03
  0.6368E-03
  0.6405E-03
  0.6235E-03
  0.6078E-03
  0.6494E-03
  0.6241E-03
  0.6075E-03
  0.5936E-03
  0.5451E-03
  0.5204E-03
  0.5854E-03
  0.2590E-04
  0.2600E-04
  0.5881E-03
  0.5229E-03
  0.2791E-03
  0.2713E-04
  0.5919E-03
  0.5628E-03
  0.6017E-03
  0.5727E-03
  0.6016E-03
  0.5819E-03
  0.5678E-03
  0.5853E-03
  0.5871E-03
  0.5715E-03
  0.5763E-03
  0.5651E-03
  0.5628E-03
  0.5709E-03
  0.3903E-03
  0.5605E-03
  0.2881E-03
  0.5258E-03
  0.5413E-03
  0.5405E-03
  0.3444E-03
  0.5276E-03
  0.5110E-03
  0.5264E-03
  0.5264E-03
  0.3795E-03
  0.5191E-03
  0.5176E-03
  0.5219E-03
  0.4999E-03
  0.4925E-03
  0.5111E-03
  0.5221E-03
  0.5209E-03
  0.5033E-03
  0.5249E-03
  0.5057E-03
  0.5088E-03
  0.5040E-03
  0.5099E-03
  0.4908E-03
  0.5154E-03
  0.2427E-03
  0.4906E-03
  0.5011E-03
  0.4938E-03
  0.4957E-03
  0.4830E-03
  0.2402E-03
  0.4933E-03
  0.4863E-03
  0.4731E-03
  0.4776E-03
  0.4804E-03
  0.4770E-03
  0.4800E-03
  0.4747E-03
  0.4810E-03
  0.4697E-03
  0.4631E-03
  0.4654E-03
  0.4564E-03
  0.4618E-03
  0.4567E-03
  0.4517E-03
  0.4497E-03
  0.4529E-03
  0.4435E-03
  0.4453E-03
  0.4404E-03
  0.4373E-03
  0.4482E-03
  0.4533E-03
  0.4403E-03
  0.4409E-03
  0.4316E-03
  0.4209E-03
  0.4131E-03
  0.4014E-03
  0.4144E-03
  0.4147E-03
  0.4026E-03
  0.4183E-03
  0.4109E-03
  0.4185E-03
  0.4104E-03
  0.4054E-03
  0.4056E-03
  0.4018E-03
  0.3990E-03
  0.3820E-03
  0.3867E-03
  0.3780E-03
  0.3741E-03
  0.3727E-03
  0.3903E-03
  0.3645E-03
  0.3632E-03
  0.3757E-03
  0.3669E-03
  0.3628E-03
  0.3525E-03
  0.3875E-03
  0.3738E-03
  0.3823E-03
  0.3982E-03
  0.3864E-03
  0.3737E-03
  0.3876E-03
  0.3778E-03
  0.3520E-03
  0.3577E-03
  0.3489E-03
  0.3686E-03
  0.3475E-03
  0.3574E-03
  0.3554E-03
  0.3464E-03
  0.3413E-03
  0.3647E-03
  0.3571E-03
  0.3509E-03
  0.3575E-03
  0.3428E-03
  0.3534E-03
  0.3411E-03
  0.3390E-03
  0.3063E-03
  0.2997E-03
  0.3296E-03
  0.3321E-03
  0.3152E-03
  0.3119E-03
  0.2971E-03
  0.3068E-03
  0.2571E-03
  0.2674E-03
  0.2619E-03
  0.2839E-03
  0.2740E-03
  0.2720E-03
  0.2771E-03
  0.3101E-03
  0.2964E-03
  0.2952E-03
  0.2995E-03
  0.3016E-03
  0.2919E-03
  0.2902E-03
  0.3097E-03
  0.3131E-03
  0.3121E-03
  0.3054E-03
  0.3130E-03
  0.2824E-03
  0.2904E-03
  0.3053E-03
  0.3061E-03
  0.2965E-03
  0.2905E-03
  0.2778E-03
  0.2782E-03
  0.2667E-03
  0.2916E-03
  0.2777E-03
  0.2813E-03
  0.2784E-03
  0.2607E-03
  0.2668E-03
  0.2657E-03
  0.2471E-03
  0.2531E-03
  0.2348E-03
  0.2475E-03
  0.2447E-03
  0.2441E-03
  0.2340E-03
  0.2196E-03
  0.2323E-03
  0.2309E-03
  0.2192E-03
  0.2253E-03
  0.2093E-03
  0.2019E-03
  0.2237E-03
  0.2042E-03
  0.1992E-03
  0.2083E-03
  0.1901E-03
  0.2254E-03
  0.2240E-03
  0.2280E-03
  0.2247E-03
  0.2379E-03
  0.2481E-03
  0.2600E-03
  0.2590E-03
  0.2578E-03
  0.2547E-03
  0.2467E-03
  0.2432E-03
  0.2459E-03
  0.2352E-03
  0.2357E-03
  0.2341E-03
  0.2347E-03
  0.2260E-03
  0.2263E-03
  0.2194E-03
  0.2357E-03
  0.2015E-03
  0.2068E-03
  0.2064E-03
  0.1865E-03
  0.1808E-03
  0.1758E-03
  0.1654E-03
  0.1613E-03
  0.1553E-03
  0.1282E-03
  0.1161E-03
  0.1100E-03
  0.1029E-03
  0.1126E-03
  0.1099E-03
  0.9626E-04
  0.7962E-04
  0.7528E-04
  0.8855E-04
  0.9726E-04
  0.8150E-04
  0.9309E-04
  0.9910E-04
  0.9048E-04
  0.1124E-03
  0.1123E-03
  0.1011E-03
  0.8836E-04
  0.7623E-04
  0.8518E-04
  0.7242E-04
  0.6069E-04
  0.5994E-04
  0.5072E-04
  0.7024E-04
  0.9399E-04
  0.8647E-04
  0.8114E-04
  0.9267E-04
  0.8880E-04
  0.8054E-04
  0.8835E-04
  0.8221E-04
  0.7250E-04
  0.7324E-04
  0.7038E-04
  0.6320E-04
  0.7314E-04
  0.7154E-04
  0.6018E-04
  0.6612E-04
  0.5951E-04
  0.6124E-04
  0.6630E-04
  0.7256E-04
  0.5836E-04
  0.7466E-04
  0.6122E-04
  0.5648E-04
  0.6937E-04
  0.5648E-04
  0.5401E-04
  0.5819E-04
  0.5099E-04
  0.4326E-04
  0.4108E-04
  0.3673E-04
  0.3265E-04
  0.3118E-04
  0.3105E-04
  0.2711E-04
  0.2584E-04
  0.2573E-04
  0.2713E-04
  0.3512E-04
  0.5724E-04
  0.4946E-04
  0.4780E-04
  0.4331E-04
  0.3595E-04
  0.3569E-04
  0.3633E-04
  0.3028E-04
  0.2898E-04
  0.3219E-04
  0.3122E-04
  0.2734E-04
  0.3787E-04
  0.4414E-04
  0.3819E-04
  0.3773E-04
  0.3062E-04
  0.3173E-04
  0.3075E-04
  0.2603E-04
  0.2565E-04
  0.2723E-04
  0.2527E-04
  0.2294E-04
  0.3295E-04
  0.3432E-04
  0.3998E-04
  0.4170E-04
  0.3852E-04
  0.3701E-04
  0.3650E-04
  0.4035E-04
  0.4782E-04
  0.4122E-04
  0.5697E-04
  0.5485E-04
  0.5360E-04
  0.4941E-04
  0.4442E-04
  0.4892E-04
  0.4620E-04
  0.4398E-04
  0.4426E-04
  0.4978E-04
  0.4587E-04
  0.4164E-04
  0.5462E-04
  0.5724E-04
  0.6086E-04
  0.5245E-04
  0.5687E-04
  0.5286E-04
  0.5166E-04
  0.4628E-04
  0.5074E-04
  0.5054E-04
  0.4979E-04
  0.4459E-04
  0.5159E-04
  0.5174E-04
  0.5659E-04
  0.5766E-04
  0.6272E-04
  0.6631E-04
  0.6389E-04
  0.7024E-04
  0.8353E-04
  0.7870E-04
  0.7934E-04
  0.7155E-04
  0.7459E-04
  0.7427E-04
  0.6401E-04
  0.4966E-04
  0.6711E-04
  0.5696E-04
  0.5190E-04
  0.4953E-04
  0.5465E-04
  0.5518E-04
  0.4914E-04
  0.5831E-04
  0.5097E-04
  0.4718E-04
  0.6034E-04
  0.5437E-04
  0.5060E-04
  0.4238E-04
  0.3479E-04
  0.4297E-04
  0.3212E-04
  0.3425E-04
  0.4047E-04
  0.3897E-04
  0.3708E-04
  0.3803E-04
  0.3444E-04
  0.3926E-04
  0.3945E-04
  0.4475E-04
  0.4080E-04
  0.3498E-04
  0.4972E-04
  0.5546E-04
  0.4700E-04
  0.4635E-04
  0.4912E-04
  0.3589E-04
  0.3498E-04
  0.3950E-04
  0.4387E-04
  0.4210E-04
  0.3373E-04
  0.3210E-04
  0.3666E-04
  0.2643E-04
  0.4206E-04
  0.4838E-04
  0.3887E-04
  0.5207E-04
  0.5162E-04
  0.3577E-04
  0.4617E-04
  0.3839E-04
  0.4307E-04
  0.5223E-04
  0.4193E-04
  0.4762E-04
  0.5686E-04
  0.5225E-04
  0.4341E-04
  0.4790E-04
  0.3046E-04
  0.4813E-04
  0.5509E-04
  0.6255E-04
  0.5186E-04
  0.5299E-04
  0.5560E-04
  0.5258E-04
  0.2787E-04
  0.2754E-04
  0.4454E-04
  0.3153E-04
  0.3158E-04
  0.4741E-04
  0.4227E-04
  0.3936E-04
  0.3602E-04
  0.2339E-04
  0.2358E-04
  0.2892E-04
  0.1901E-04
  0.1762E-04
  0.1795E-04
  0.1014E-04
  0.3002E-04
  0.3904E-04
  0.2210E-04
  0.3261E-04
  0.2924E-04
  0.2478E-04
  0.2329E-04
  0.2930E-04
  0.2462E-04
  0.3297E-04
  0.2506E-04
  0.2276E-04
  0.2537E-04
  0.2619E-04
  0.2433E-04
  0.2725E-04
  0.3120E-04
  0.2256E-04
  0.3645E-04
  0.2529E-04
  0.3064E-04
  0.2872E-04
  0.2138E-04
  0.1841E-04
  0.2120E-04
  0.2350E-04
  0.2879E-04
  0.2609E-04
  0.2184E-04
  0.2134E-04
  0.2457E-04
  0.1897E-04
  0.2260E-04
  0.4903E-04
  0.5474E-04
  0.4207E-04
  0.5111E-04
  0.5189E-04
  0.3866E-04
  0.5596E-04
  0.4902E-04
  0.4605E-04
  0.4688E-04
  0.4002E-04
  0.3182E-04
  0.3258E-04
  0.2791E-04
  0.2915E-04
  0.3153E-04
  0.2773E-04
  0.2519E-04
  0.2955E-04
  0.2827E-04
  0.2748E-04
  0.2541E-04
  0.2231E-04
  0.2280E-04
  0.1308E-04
  0.2060E-04
  0.2276E-04
  0.2734E-04
  0.2690E-04
  0.2375E-04
  0.2983E-04
  0.2081E-04
  0.1752E-04
  0.3026E-04
  0.3946E-04
  0.4380E-04
  0.2894E-04
  0.3985E-04
  0.2390E-04
  0.3361E-04
  0.3697E-04
  0.4108E-04
  0.2615E-04
  0.3570E-04
  0.4150E-04
  0.3196E-04
  0.3467E-04
  0.2183E-04
  0.2869E-04
  0.2389E-04
  0.3350E-04
  0.4179E-04
  0.3056E-04
  0.1851E-04
  0.2690E-04
  0.2398E-04
  0.2073E-04
  0.2903E-04
  0.3219E-04
  0.3334E-04
  0.3749E-04
  0.2069E-04
  0.2059E-04
  0.2474E-04
  0.2587E-04
  0.2899E-04
  0.2228E-04
  0.3330E-04
  0.3278E-04
  0.2958E-04
  0.3527E-04
  0.2537E-04
  0.1777E-04
  0.2631E-04
  0.2302E-04
  0.2483E-04
  0.1492E-04
  0.2306E-04
  0.3100E-04
  0.2930E-04
  0.3309E-04
  0.3403E-04
  0.2448E-04
  0.2242E-04
  0.2601E-04
  0.2042E-04
  0.2342E-04
  0.1412E-04
  0.2322E-04
  0.1659E-04
  0.9986E-05
  0.1923E-04
  0.2588E-04
  0.2263E-04
  0.1077E-04
  0.2138E-04
  0.1377E-04
  0.1800E-04
  0.2008E-04
  0.2180E-04
  0.1003E-04
  0.1857E-04
  0.2180E-04
  0.1472E-04
  0.1150E-04
  0.9484E-05
  0.1607E-04
  0.1553E-04
  0.2296E-04
  0.2816E-04
  0.2025E-04
  0.1795E-04
  0.2423E-04
  0.1625E-04
  0.1450E-04
  0.2369E-04
  0.1741E-04
  0.1033E-04
  0.1562E-04
  0.1688E-04
  0.1331E-04
  0.7357E-05
  0.1025E-04
  0.8123E-05
  0.9855E-05
  0.4909E-05
  0.8980E-05
  0.9384E-05
  0.3787E-05
  0.7324E-05
  0.1309E-04
  0.1142E-04
  0.5671E-05
  0.4986E-05
  0.1246E-04
  0.1537E-04
  0.8241E-05
  0.5025E-05
  0.3218E-05
  0.2053E-05
  0.6367E-05
  0.5903E-05
  0.1019E-04
  0.1829E-04
  0.4556E-05
  0.8446E-05
  0.1320E-04
  0.9202E-05
  0.1503E-04
  0.1390E-04
  0.7867E-05
  0.9413E-05
  0.7330E-05
  0.8841E-05
  0.1542E-04
  0.1308E-04
  0.6236E-05
  0.1275E-04
  0.8633E-05
  0.6585E-05
  0.5437E-05
  0.1226E-04
  0.1622E-04
  0.7359E-05
  0.9953E-05
  0.8605E-05
  0.1344E-04
  0.8194E-05
  0.1072E-04
  0.9204E-05
  0.1418E-04
  0.1405E-04
  0.9828E-05
  0.6116E-05
  0.8269E-05
  0.6865E-05
  0.6931E-05
  0.6931E-05
  0.6052E-05
  0.7366E-05
  0.6697E-05
  0.3953E-05
  0.7122E-05
  0.6480E-05
  0.1555E-05
  0.4777E-05
  0.6667E-05
  0.1108E-04
  0.1360E-04
  0.1057E-04
  0.9369E-05
  0.7322E-05
  0.7093E-05
  0.7356E-05
  0.9148E-05
  0.5725E-05
  0.5166E-05
  0.2925E-05
  0.3107E-05
  0.1790E-05
  0.6000E-06
  0.1294E-05
  0.1211E-05
  0.1917E-05
  0.3532E-05
  0.2151E-05
  0.1802E-05
  0.1517E-05
  0.1188E-05
  0.3720E-06
  0.6511E-06
  0.1417E-05
  0.1247E-05
  0.1816E-05
  0.3357E-05
  0.3320E-05
  0.1260E-05
  0.2391E-05
  0.9237E-06
  0.1622E-05
  0.2395E-05
  0.1183E-05
  0.1488E-05
  0.1378E-05
  0.1190E-05
  0.2529E-05
  0.2772E-05
  0.1373E-05
  0.9619E-06
  0.6016E-06
  0.1768E-05
  0.2159E-05
  0.2393E-05
  0.2511E-05
  0.1372E-05
  0.1589E-05
  0.1467E-05
  0.1427E-05
  0.5323E-06
  0.7430E-06
  0.1418E-05
  0.2692E-05
  0.4396E-05
  0.2639E-05
  0.4143E-05
  0.1293E-05
  0.2628E-05
  0.3131E-05
  0.1430E-05
  0.5109E-05
  0.4042E-05
  0.2954E-05
  0.3059E-05
  0.2895E-05
  0.1421E-05
  0.1763E-05
  0.1042E-05
  0.2162E-05
  0.1404E-05
  0.4892E-06
  0.4145E-06
  0.7814E-06
  0.5659E-06
  0.4041E-06
  0.7520E-06
  0.8938E-06
  0.1008E-05
  0.3185E-06
  0.5411E-06
  0.1374E-05
  0.1832E-05
  0.7810E-06
  0.7395E-06
  0.3431E-05
  0.3050E-05
  0.1683E-05
  0.3593E-05
  0.8113E-06
  0.1931E-05
  0.8703E-06
  0.1560E-05
  0.1670E-05
  0.1318E-05
  0.3028E-05
  0.2338E-05
  0.3055E-05
  0.1612E-05
  0.1622E-05
  0.1232E-05
  0.9899E-06
  0.1302E-05
  0.2355E-05
  0.1284E-05
  0.1254E-05
  0.9858E-06
  0.2753E-05
  0.1557E-05
  0.8275E-06
  0.1132E-05
  0.1091E-05
  0.8921E-06
  0.5878E-06
  0.5428E-06
  0.1269E-05
  0.1013E-05
  0.3809E-06
  0.7332E-06
  0.5442E-06
  0.6229E-06
  0.3206E-06
  0.3623E-06
  0.8517E-06
  0.8436E-06
  0.8762E-06
  0.6908E-06
  0.1207E-05
  0.1523E-05
  0.7167E-06
  0.1797E-05
  0.1500E-05
  0.6843E-06
  0.1884E-05
  0.3060E-05
  0.9006E-06
  0.1316E-05
  0.1430E-05
  0.8121E-06
  0.3169E-06
  0.7793E-06
  0.9330E-06
  0.4394E-06
  0.7485E-06
  0.1323E-05
  0.1413E-05
  0.9704E-06
  0.5459E-06
  0.3193E-06
  0.6950E-06
  0.3094E-06
  0.9840E-06
  0.6411E-06
  0.1360E-05
  0.8466E-06
  0.2049E-06
  0.6253E-06
  0.7058E-06
  0.3270E-06
  0.3896E-06
  0.5112E-06
  0.4781E-06
  0.7097E-06
  0.5846E-06
  0.4626E-06
  0.2715E-06
  0.1964E-06
  0.2349E-06
  0.4785E-06
  0.4720E-06
  0.8296E-06
  0.8631E-06
  0.7984E-06
  0.5135E-06
  0.8280E-06
  0.4688E-06
  0.1454E-06
  0.7517E-06
  0.6528E-06
  0.4596E-06
  0.6853E-06
  0.5091E-06
  0.8216E-06
  0.2992E-06
  0.4374E-06
  0.8654E-06
  0.4898E-06
  0.6201E-06
  0.5235E-06
  0.5356E-06
  0.3200E-06
  0.2776E-06
  0.3898E-06
  0.5831E-06
  0.2561E-06
  0.3952E-06
  0.3769E-06
  0.7545E-06
  0.3571E-06
  0.5052E-06
  0.6719E-06
  0.4030E-06
  0.7033E-06
  0.5570E-06
  0.3636E-06
  0.4753E-06
  0.4375E-06
  0.3458E-06
  0.3559E-06
  0.5109E-06
  0.2288E-06
  0.2719E-06
  0.4475E-06
  0.7561E-06
  0.3888E-06
  0.1438E-06
  0.1310E-05
  0.7158E-06
  0.5514E-06
  0.7558E-06
  0.5734E-06
  0.4985E-06
  0.3206E-06
  0.3926E-06
  0.4166E-06
  0.4460E-06
  0.2075E-06
  0.2267E-06
  0.4766E-06
  0.3626E-06
  0.4930E-06
  0.2145E-06
  0.2967E-06
  0.4188E-06
  0.2433E-06
  0.1333E-06
  0.2024E-06
  0.2516E-06
  0.2016E-06
  0.2310E-06
  0.2168E-06
  0.2197E-06
  0.2231E-06
  0.1962E-06
  0.1464E-06
  0.1736E-06
  0.9312E-07
  0.3268E-06
  0.1635E-06
  0.1534E-06
  0.1733E-06
  0.2305E-06
  0.1830E-06
  0.1642E-06
  0.1235E-06
  0.1726E-06
  0.2117E-06
  0.5575E-07
  0.1425E-06
  0.2391E-06
  0.6091E-07
  0.1477E-06
  0.2910E-06
  0.2183E-06
  0.3325E-06
  0.1325E-06
  0.1790E-06
  0.1351E-06
  0.2202E-06
  0.9462E-07
  0.6439E-07
  0.2949E-06
  0.1853E-06
  0.1897E-06
  0.2328E-06
  0.1800E-06
  0.7464E-07
  0.6575E-07
  0.9106E-07
  0.2415E-06
  0.1226E-06
  0.6405E-07
  0.7668E-07
  0.1413E-06
  0.1355E-06
  0.1218E-06
  0.1026E-06
  0.8761E-07
  0.7372E-07
  0.1108E-06
  0.1199E-06
  0.1241E-06
  0.8046E-07
  0.7812E-07
  0.4749E-07
  0.1161E-06
  0.7510E-07
  0.4573E-07
  0.6270E-07
  0.6830E-07
  0.1119E-06
  0.7145E-07
  0.4342E-07
  0.6121E-07
  0.7136E-07
  0.5728E-07
  0.7338E-07
  0.1606E-06
  0.1914E-07
  0.6853E-07
  0.5561E-07
  0.5008E-07
  0.3577E-07
  0.2844E-07
  0.5590E-07
  0.5400E-07
  0.3555E-07
  0.5023E-07
  0.5280E-07
  0.3254E-07
  0.4231E-07
  0.2919E-07
  0.4898E-07
  0.5663E-07
  0.4723E-07
  0.4297E-07
  0.1623E-07
  0.3665E-07
  0.1137E-07
  0.1300E-07
  0.3152E-07
  0.3800E-07
  0.3989E-07
  0.3842E-07
  0.1914E-07
  0.4443E-07
  0.2916E-07
  0.2029E-07
  0.3070E-07
  0.3841E-07
  0.2001E-07
  0.3709E-07
  0.3125E-07
  0.9191E-08
  0.1900E-07
  0.1940E-07
  0.3999E-07
  0.2807E-07
  0.2688E-07
  0.2198E-07
  0.1740E-07
  0.2084E-07
  0.1254E-07
  0.1752E-07
  0.3613E-07
  0.4462E-07
  0.3384E-07
  0.1909E-07
  0.1763E-07
  0.2763E-07
  0.1859E-07
  0.1364E-07
  0.2551E-07
  0.1376E-07
  0.2012E-07
  0.3131E-07
  0.1700E-07
  0.2626E-07
  0.2610E-07
  0.2734E-07
  0.1233E-07
  0.2173E-07
  0.1808E-07
  0.1869E-07
  0.2329E-07
  0.2774E-07
  0.2842E-07
  0.1686E-07
  0.1159E-07
  0.1391E-07
  0.1751E-07
  0.1605E-07
  0.1606E-07
  0.1297E-07
  0.2007E-07
  0.2949E-07
  0.1200E-07
  0.1621E-07
  0.2142E-07
  0.1334E-07
  0.1293E-07
  0.1604E-07
  0.1317E-07
  0.1497E-07
  0.9576E-08
  0.9975E-08
  0.6266E-08
  0.1136E-07
  0.8487E-08
  0.1315E-07
  0.7989E-08
  0.1066E-07
  0.8012E-08
  0.5263E-08
  0.6333E-08
  0.3419E-08
  0.4437E-09
  0.1211E-08
  0.3615E-08
  0.4942E-08
  0.7463E-08
  0.9557E-08
  0.6391E-08
  0.7388E-08
  0.1064E-07
  0.6716E-08
  0.8151E-08
  0.1109E-07
  0.1500E-07
  0.8790E-08
  0.7111E-08
  0.7054E-08
  0.7348E-08
  0.8936E-08
  0.7822E-08
  0.6448E-08
  0.9076E-08
  0.6067E-08
  0.6524E-08
  0.6899E-08
  0.7118E-08
  0.5565E-08
  0.5944E-08
  0.3784E-08
  0.5410E-08
  0.1249E-08
  0.5710E-08
  0.5948E-08
  0.5442E-08
  0.3682E-08
  0.3326E-08
  0.6565E-08
  0.2656E-08
  0.3161E-08
  0.2868E-08
  0.7416E-08
  0.8684E-08
  0.4042E-08
  0.1427E-08
  0.4447E-08
  0.4567E-08
  0.5312E-08
  0.3669E-08
  0.1418E-08
  0.3273E-08
  0.1680E-08
  0.4924E-08
  0.4638E-08
  0.2625E-08
  0.3341E-08
  0.4310E-08
  0.3435E-08
  0.3588E-08
  0.3329E-08
  0.2805E-08
  0.1838E-08
  0.3657E-08
  0.1908E-08
  0.3315E-08
  0.2404E-08
  0.3337E-08
  0.4538E-08
  0.2288E-08
  0.2401E-08
  0.9506E-09
  0.6775E-09
  0.2773E-08
  0.1410E-08
  0.2974E-08
  0.1369E-08
  0.4215E-08
  0.2512E-08
  0.1492E-08
  0.2014E-08
  0.2304E-08
  0.1736E-08
  0.9713E-09
  0.1056E-08
  0.4502E-09
  0.1545E-08
  0.2274E-08
  0.2768E-08
  0.1930E-08
  0.1790E-08
  0.3640E-08
  0.2126E-08
  0.1710E-08
  0.7499E-09
  0.2087E-08
  0.1670E-08
  0.5561E-09
  0.1707E-08
  0.7095E-09
  0.1583E-08
  0.8760E-09
  0.1815E-08
  0.1322E-08
  0.9955E-09
  0.1627E-08
  0.1354E-08
  0.1233E-08
  0.3705E-08
  0.6241E-09
  0.2576E-08
  0.5205E-09
  0.3527E-09
  0.1704E-08
  0.1730E-08
  0.1905E-08
  0.1681E-08
  0.1567E-08
  0.2730E-08
  0.1747E-08
  0.2091E-08
  0.8458E-09
  0.1747E-08
  0.1347E-08
  0.1092E-08
  0.1845E-08
  0.7912E-09
  0.1905E-08
  0.1376E-08
  0.7834E-09
  0.4682E-09
  0.2574E-09
  0.3595E-09
  0.1026E-08
  0.6860E-09
  0.1171E-08
  0.3938E-09
  0.7159E-09
  0.1222E-08
  0.5673E-09
  0.8485E-09
  0.8256E-09
  0.1649E-09
  0.9027E-10
  0.8122E-09
  0.3648E-10
  0.1388E-09
  0.2114E-09
  0.2998E-09
  0.7188E-09
  0.3105E-09
  0.4232E-09
  0.8994E-09
  0.8846E-09
  0.7447E-09
  0.4770E-09
  0.1629E-09
  0.5511E-09
  0.1244E-09
  0.3143E-10
  0.8879E-10
  0.2130E-09
  0.5258E-09
  0.5100E-09
  0.6505E-09
  0.5351E-09
  0.6948E-09
  0.8787E-09
  0.1099E-08
  0.3205E-09
  0.3991E-09
  0.9940E-09
  0.6752E-09
  0.3002E-09
  0.7011E-09
  0.6258E-09
  0.8495E-09
  0.5333E-09
  0.3787E-09
  0.3227E-09
  0.1594E-09
  0.3078E-09
  0.3539E-09
  0.1761E-09
  0.2588E-09
  0.3507E-09
  0.1182E-09
  0.9141E-10
  0.2736E-09
  0.2486E-09
  0.1160E-09
  0.1346E-09
  0.2752E-09
  0.1078E-09
  0.2961E-10
  0.1732E-09
  0.1056E-09
  0.1843E-09
  0.2091E-09
  0.2271E-09
  0.1813E-09
  0.2760E-09
  0.5640E-10
  0.8932E-10
  0.7074E-10
  0.1015E-09
  0.9191E-10
  0.6440E-10
  0.3427E-10
  0.3446E-10
  0.6374E-10
  0.7234E-10
  0.2463E-10
  0.2216E-09
  0.2431E-09
  0.3520E-09
  0.2305E-09
  0.3343E-09
  0.1499E-09
  0.1258E-09
  0.6298E-10
  0.2631E-09
  0.8458E-10
  0.1405E-09
  0.4315E-10
  0.6115E-10
  0.8794E-10
  0.1649E-10
  0.9324E-10
  0.7102E-10
  0.2824E-09
  0.1362E-09
  0.2167E-09
  0.2301E-09
  0.1841E-09
  0.1957E-09
  0.2810E-09
  0.1371E-09
  0.1760E-09
  0.1044E-09
  0.2058E-09
  0.1528E-09
  0.7183E-10
  0.7927E-10
  0.4020E-10
  0.1373E-09
  0.3577E-09
  0.1477E-09
  0.1909E-09
  0.7723E-10
  0.4333E-10
  0.5715E-11
  0.3241E-11
  0.6592E-11
  0.7949E-11
  0.8584E-12
  0.2288E-10
  0.1665E-10
  0.1252E-10
  0.1077E-09
  0.5601E-10
  0.8043E-10
  0.1461E-10
  0.1445E-09
  0.1428E-09
  0.2000E-10
  0.4908E-10
  0.5375E-10
  0.4523E-10
  0.8298E-10
  0.1708E-10
  0.5506E-11
  0.1395E-10
  0.1353E-10
  0.2976E-10
  0.8838E-11
  0.2556E-10
  0.1115E-09
  0.3113E-10
  0.2302E-09
  0.3974E-10
  0.6158E-10
  0.4661E-11
  0.4651E-10
  0.4982E-10
  0.3057E-11
  0.2522E-11
  0.5463E-11
  0.2725E-11
  0.1112E-10
  0.4443E-11
  0.7795E-12
  0.6506E-11
  0.9261E-10
  0.4992E-10
  0.1086E-10
  0.2585E-10
  0.4915E-11
  0.5831E-11
  0.5777E-11
  0.1012E-10
  0.2746E-11
  0.5115E-11
  0.3863E-11
  0.1733E-11
  0.9872E-12
  0.4331E-12
  0.4866E-11
  0.1917E-10
  0.4598E-10
  0.6431E-10
  0.2969E-10
  0.8091E-11
  0.2407E-10
  0.1164E-10
  0.9078E-11
  0.9606E-11
  0.4297E-10
  0.1536E-10
  0.1374E-10
  0.2195E-10
  0.2358E-10
  0.2106E-10
  0.9179E-11
  0.3640E-10
  0.1267E-10
  0.3515E-10
  0.2994E-10
  0.7374E-10
  0.1546E-10
  0.2815E-10
  0.1185E-10
  0.2550E-10
  0.5038E-11
  0.9926E-12
  0.7243E-11
  0.1105E-11
  0.1043E-11
  0.1124E-11
  0.2391E-12
  0.6385E-13
  0.7026E-11
  0.4349E-10
  0.5786E-11
  0.1120E-10
  0.2196E-10
  0.1263E-10
  0.4404E-11
  0.7773E-11
  0.5616E-11
  0.1144E-10
  0.3094E-11
  0.2913E-11
  0.9531E-12
  0.6501E-11
  0.8231E-12
  0.2313E-11
  0.2700E-11
  0.4002E-11
  0.1272E-10
  0.2772E-11
  0.3190E-11
  0.1081E-10
  0.1057E-10
  0.2656E-12
  0.2998E-11
  0.5611E-11
  0.4569E-11
  0.1399E-10
  0.1475E-11
  0.7195E-12
  0.8543E-12
  0.5054E-12
  0.2451E-12
  0.2051E-10
  0.1876E-10
  0.1379E-10
  0.1800E-10
  0.1240E-10
  0.1138E-10
  0.8439E-11
  0.4084E-11
  0.1698E-11
  0.1481E-11
  0.4828E-12
  0.2698E-11
  0.5490E-12
  0.1422E-11
  0.2259E-11
  0.3396E-11
  0.9713E-11
  0.6184E-11
  0.4867E-11
  0.2821E-11
  0.1057E-11
  0.2743E-11
  0.2064E-11
  0.1265E-11
  0.6053E-11
  0.4119E-11
  0.2266E-11
  0.1322E-12
  0.1046E-12
  0.4924E-13
  0.1273E-11
  0.1656E-12
  0.1930E-11
  0.4291E-11
  0.1439E-11
  0.1268E-11
  0.8612E-12
  0.3343E-11
  0.6008E-12
  0.8128E-12
  0.1908E-11
  0.2976E-12
  0.9595E-12
  0.1666E-11
  0.3632E-12
  0.6569E-13
  0.1044E-12
  0.1178E-10
  0.3320E-11
  0.1230E-11
  0.8266E-12
  0.9135E-12
  0.1179E-11
  0.3094E-11
  0.2853E-11
  0.3779E-12
  0.1617E-12
  0.1490E-12
  0.4951E-11
  0.6966E-12
  0.1698E-12
  0.2791E-12
  0.2925E-12
  0.2490E-13
  0.9355E-12
  0.2989E-11
  0.2642E-11
  0.4219E-11
  0.1540E-11
  0.2269E-12
  0.5695E-12
  0.8758E-12
  0.1930E-11
  0.9479E-12
  0.1436E-12
  0.5755E-12
  0.7878E-12
  0.3068E-12
  0.1872E-11
  0.3267E-13
  0.7685E-12
  0.4555E-11
  0.5362E-11
  0.3063E-11
  0.1457E-11
  0.8503E-12
  0.6732E-12
  0.7391E-12
  0.9847E-12
  0.3546E-13
  0.8358E-14
  0.1641E-12
  0.3302E-12
  0.3309E-12
  0.1440E-11
  0.7599E-13
  0.3348E-12
  0.3848E-11
  0.5619E-12
  0.8285E-13
  0.1184E-12
  0.1672E-12
  0.1463E-11
  0.2819E-12
  0.5083E-12
  0.5371E-12
  0.3864E-12
  0.1257E-12
  0.5806E-13
  0.4153E-12
  0.2773E-11
  0.1417E-12
  0.8608E-12
  0.4097E-12
  0.4706E-13
  0.1988E-13
  0.1178E-12
  0.2690E-12
  0.4349E-12
  0.2994E-12
  0.2125E-12
  0.2987E-11
  0.6025E-12
  0.7599E-12
  0.4144E-12
  0.1028E-12
  0.8416E-13
  0.3197E-13
  0.1011E-11
  0.8507E-12
  0.2772E-11
  0.4305E-12
  0.5363E-12
  0.2703E-12
  0.2437E-12
  0.8733E-13
  0.2967E-12
  0.3998E-12
  0.1296E-12
  0.8075E-12
  0.7467E-12
  0.8383E-12
  0.2174E-12
  0.1341E-12
  0.5776E-12
  0.3004E-12
  0.2811E-12
  0.1460E-11
  0.4498E-12
  0.1329E-12
  0.1329E-12
  0.3760E-12
  0.3061E-12
  0.4107E-12
  0.5132E-12
  0.3415E-12
  0.1711E-12
  0.1792E-12
  0.5768E-12
  0.1582E-12
  0.1944E-12
  0.1543E-12
  0.9462E-13
  0.7264E-13
  0.1025E-12
  0.6444E-13
  0.1130E-12
  0.1133E-12
  0.1209E-12
  0.1279E-12
  0.3952E-12
  0.2808E-12
  0.4012E-12
  0.1302E-12
  0.2432E-12
  0.3728E-12
  0.2960E-12
  0.3095E-12
  0.1896E-12
  0.1372E-12
  0.8973E-13
  0.1592E-12
  0.2231E-12
  0.6711E-13
  0.1235E-12
  0.1652E-12
  0.2075E-12
  0.1501E-12
  0.1494E-12
  0.1934E-12
  0.5440E-13
  0.1801E-12
  0.2234E-12
  0.1943E-12
  0.9228E-13
  0.1941E-12
  0.3127E-12
  0.2487E-12
  0.8159E-13
  0.1150E-12
  0.5481E-13
  0.5011E-13
  0.1219E-12
  0.1067E-12
  0.7008E-13
  0.1218E-12
  0.1638E-12
  0.1690E-12
  0.8187E-13
  0.2161E-12
  0.6910E-13
  0.4705E-13
  0.1815E-12
  0.1838E-12
  0.2022E-12
  0.7126E-13
  0.1373E-12
  0.2651E-12
  0.1805E-12
  0.6823E-13
  0.1191E-12
  0.1082E-12
  0.1320E-12
  0.2846E-13
  0.1350E-12
  0.2162E-12
  0.7369E-13
  0.8408E-12
