 tau_sw_i
                          0.2492754456917485E-15
                          0.3795382166252391E-13
                          0.4216343518063100E-13
                          0.4045025204516849E-12
                          0.1203060765853753E-11
                          0.6032640094212895E-12
                          0.3493335537570646E-11
                          0.1369159716554396E-11
                          0.2431904609803216E-12
                          0.2297109542106123E-11
                          0.6878746812029127E-13
                          0.4852552715958277E-10
                          0.1596394750719985E-09
                          0.7144015531377199E-13
                          0.9073448616365235E-13
                          0.1601208917379065E-12
                          0.1514513233312709E-12
                          0.2134114757976918E-12
                          0.2425283451027648E-12
                          0.7908568218275181E-12
                          0.4866716124572920E-12
                          0.1044209967326141E-11
                          0.6828597009797073E-11
                          0.1877888055054999E-09
                          0.1100763490581319E-07
                          0.2948232917749742E-07
                          0.2197841372570601E-05
                          0.1327466588053658E-04
                          0.9090086501636672E-07
                          0.1320544302424462E-07
                          0.2552108004635795E-07
                          0.2750617404497458E-11
                          0.8255493759898803E-11
                          0.2780646636496895E-11
                          0.9309806391709903E-11
                          0.3452549977250382E-11
                          0.3866957660066899E-11
                          0.4336172605221647E-11
                          0.7515253235295028E-11
                          0.5989263085351394E-11
                          0.5883127259082544E-11
                          0.6518039443858496E-11
                          0.8497446989561164E-11
                          0.1008794230244370E-10
                          0.8604101465292903E-11
                          0.9408331310732207E-11
                          0.1027288406221099E-10
                          0.1119407822117631E-10
                          0.1218102428115112E-10
                          0.1474001086578598E-10
                          0.9786955930635892E-10
                          0.7085460250543492E-10
                          0.2460491577374373E-06
                          0.2262678921610342E-10
                          0.6769071956377787E-10
                          0.6029812010684190E-09
                          0.2596208571678084E-10
                          0.2420506076690574E-10
                          0.2594633047790818E-10
                          0.2778846462920313E-10
                          0.2972113828051831E-10
                          0.3174842634947513E-10
                          0.3389969237301378E-10
                          0.3655111634370933E-10
                          0.3845668546559544E-10
                          0.4093813138216131E-10
                          0.4382351389358550E-10
                          0.4621527008427896E-10
                          0.4905299518921837E-10
                          0.5195422416313616E-10
                          0.5502769969910742E-10
                          0.5823193953692671E-10
                          0.6162917289413233E-10
                          0.4062490640618561E-09
                          0.7157209044941979E-10
                          0.5921241768351791E-07
                          0.1711198129206107E-03
                          0.3433585621971751E-09
                          0.1161729063650788E-09
                          0.9231837848956725E-10
                          0.9921749364693901E-10
                          0.1417551434603387E-07
                          0.1367998052354950E-07
                          0.4042787432099167E-05
                          0.7459847640709962E-05
                          0.1300461232455035E-09
                          0.1254704612287081E-09
                          0.1312390794074586E-09
                          0.1375924681050506E-09
                          0.2978761310676263E-09
                          0.6767887658549222E-07
                          0.9382661284785434E-03
                          0.1686113195318934E-01
                          0.8446881363357148E-04
                          0.1779862781817786E-03
                          0.2674706569096130E-05
                          0.4435595857310907E-09
                          0.2028539982186418E-09
                          0.2114518951813902E-09
                          0.3022598451514238E-09
                          0.6237927184198019E-09
                          0.2452119399025706E-09
                          0.2510842331670855E-09
                          0.2807085792416181E-06
                          0.4305219147092813E-09
                          0.5340978476104914E-09
                          0.2935260093142798E-09
                          0.3001555813069277E-09
                          0.3115867245085004E-09
                          0.3238478641733108E-09
                          0.3419766567431611E-09
                          0.3496100169593746E-09
                          0.3603475505847339E-09
                          0.3733017620919068E-09
                          0.3866770769341687E-09
                          0.4004198606758331E-09
                          0.4145276232472017E-09
                          0.4289995486175543E-09
                          0.4439001396213653E-09
                          0.5182410069613235E-09
                          0.1286662437513897E-07
                          0.4923069255498116E-09
                          0.5071429900364574E-09
                          0.5740472772008715E-09
                          0.5412643117896354E-09
                          0.7240135121716992E-08
                          0.5783235156394861E-09
                          0.5957895335965245E-09
                          0.6193200944662416E-09
                          0.6339222493590302E-09
                          0.6538133454214504E-09
                          0.6746527327899787E-09
                          0.6987848981827429E-09
                          0.7231246037253543E-07
                          0.9077536557536129E-08
                          0.7618793019369356E-09
                          0.7836286420816298E-09
                          0.2614581089848766E-08
                          0.8384915362639272E-09
                          0.9378113975579580E-09
                          0.3750188402624483E-08
                          0.1616438180463471E-07
                          0.2699397990321450E-04
                          0.5893717780925660E-07
                          0.1592319845014930E-05
                          0.2865886875606389E-05
                          0.1981723464769079E-07
                          0.1915296027301026E-03
                          0.1624957581176592E-05
                          0.9025158690576034E-05
                          0.3499290849727667E-08
                          0.1195972740317258E-08
                          0.1234885132838224E-08
                          0.1258585884446290E-08
                          0.7383883859815403E-07
                          0.1322562345233417E-08
                          0.1355803518614701E-08
                          0.1390520709106280E-08
                          0.1426282352810694E-08
                          0.1469040732112689E-08
                          0.3676787077641657E-07
                          0.1589787244563018E-08
                          0.1576191980376215E-08
                          0.1615460730335820E-08
                          0.1655460850621174E-08
                          0.1696198905923524E-08
                          0.9638277652294648E-06
                          0.1780017529067510E-08
                          0.1823071815293283E-08
                          0.1866713714872563E-08
                          0.1911278407757870E-08
                          0.1956637200313073E-08
                          0.2002798802107706E-08
                          0.2049784510851527E-08
                          0.2097610294803693E-08
                          0.2179027515716118E-08
                          0.2195681533105140E-08
                          0.9927336536480676E-05
                          0.2297600104397296E-08
                          0.2534487993801817E-08
                          0.2416603825049540E-08
                          0.2456559319252510E-08
                          0.2511528964667122E-08
                          0.2345023175810351E-07
                          0.2626454810737094E-08
                          0.2895958246259435E-08
                          0.2369614946136020E-03
                          0.2908421648427591E-08
                          0.2859545189185505E-08
                          0.3013630581465568E-08
                          0.3205539594842639E-08
                          0.3663917030434220E-08
                          0.3315500259535475E-08
                          0.2327881698733266E-07
                          0.4383483542637571E-08
                          0.4229257825081902E-07
                          0.1254273300080021E-07
                          0.7369552067412481E-04
                          0.4964473478925774E-07
                          0.3630292421648371E-07
                          0.1379021081978811E-06
                          0.3774474611876447E-08
                          0.3882642737557759E-08
                          0.6061618344028852E-08
                          0.1838652571408570E-05
                          0.5443491818970143E-08
                          0.4121182771351943E-08
                          0.4201188875139993E-08
                          0.4284354897381370E-08
                          0.4371208135255387E-08
                          0.4456248093682980E-08
                          0.4537435692770728E-08
                          0.4717123413746258E-08
                          0.4859052291477662E-08
                          0.4799275242237845E-08
                          0.4888798015988673E-08
                          0.4997615765160820E-08
                          0.5073409928315858E-08
                          0.5167307704520131E-08
                          0.5262757298374646E-08
                          0.5359523636412934E-08
                          0.5457646825922126E-08
                          0.5557052653478427E-08
                          0.5657841147370164E-08
                          0.5759992516867275E-08
                          0.5863521056702760E-08
                          0.5968868499886301E-08
                          0.6083098983883298E-08
                          0.6182502083685791E-08
                          0.6291666873856068E-08
                          0.6402257220202822E-08
                          0.6515188971064192E-08
                          0.6627905211032605E-08
                          0.6748566488042412E-08
                          0.6859786254213691E-08
                          0.9910954318934635E-08
                          0.7096970080489940E-08
                          0.7218527740143846E-08
                          0.1981305950989779E-07
                          0.8095694779058603E-08
                          0.7591250391078750E-08
                          0.6688444044532604E-07
                          0.7853721836648299E-08
                          0.8059857562741416E-08
                          0.8116187174660506E-08
                          0.8249283564867261E-08
                          0.8463468285415361E-08
                          0.3444339321507750E-07
                          0.8749527950881397E-08
                          0.9091698408118620E-08
                          0.9059699344814391E-08
                          0.9096867078275943E-08
                          0.9238168059603669E-08
                          0.2202820751662434E-06
                          0.1012972157097377E-07
                          0.9677151172173513E-08
                          0.9825893268581188E-08
                          0.9979845939665694E-08
                          0.1016168289462089E-07
                          0.1031148000669427E-07
                          0.1048975921282749E-07
                          0.1063382230350269E-07
                          0.1078335487140270E-07
                          0.1094506419350346E-07
                          0.1111354841663658E-07
                          0.1128148816698054E-07
                          0.1165495888130148E-07
                          0.1188000484349669E-07
                          0.1395683957447910E-07
                          0.1197910858470942E-07
                          0.1227520850287354E-07
                          0.1234311016963941E-07
                          0.1252153818169458E-07
                          0.1270646831136838E-07
                          0.1587126097475757E-07
                          0.1331666615359084E-07
                          0.1329748043373057E-07
                          0.1378305161283788E-07
                          0.1477494354667192E-07
                          0.1622204172255565E-07
                          0.1406558437277433E-07
                          0.1426243320470252E-07
                          0.1446652872959198E-07
                          0.1467273612111898E-07
                          0.1488119445991292E-07
                          0.1509694837963457E-07
                          0.1530477640132905E-07
                          0.3356425401112112E-07
                          0.1573735069999137E-07
                          0.1595702440661830E-07
                          0.1617901826111309E-07
                          0.1640456399506378E-07
                          0.2747070685514402E-07
                          0.1686097584833098E-07
                          0.1709064495992975E-07
                          0.1732384193916321E-07
                          0.1762736461847495E-07
                          0.1779851599408801E-07
                          0.1804435204085041E-07
                          0.1828903503563790E-07
                          0.1852838232773494E-07
                          0.1877662119150010E-07
                          0.1902741204834448E-07
                          0.1929141278771325E-07
                          0.1955802207266860E-07
                          0.1979629332890720E-07
                          0.2008552042364424E-07
                          0.2031887750323446E-07
                          0.2058517081403572E-07
                          0.2117710686123042E-07
                          0.2113069917068210E-07
                          0.2139858661036194E-07
                          0.2167508296906691E-07
                          0.2195427141089709E-07
                          0.2223619076524020E-07
                          0.2252082359158474E-07
                          0.2280873602214435E-07
                          0.2310552696269758E-07
                          0.2339482902645495E-07
                          0.2368683072588094E-07
                          0.2398975559738443E-07
                          0.2428606436059567E-07
                          0.2459511775055857E-07
                          0.2632001251289706E-07
                          0.2535094924749643E-07
                          0.2716014853608425E-07
                          0.2583529306224564E-07
                          0.2667844596860294E-07
                          0.2010956282027579E-03
                          0.2680475341975371E-07
                          0.2712710743965477E-07
                          0.2748560057458479E-07
                          0.2804897804082753E-07
                          0.2812589369280411E-07
                          0.2846515918616063E-07
                          0.2880755699268542E-07
                          0.2915302121549971E-07
                          0.2950159085525234E-07
                          0.2985327893718829E-07
                          0.3020827751774327E-07
                          0.3056607665617371E-07
                          0.3092723402755205E-07
                          0.3129156475889843E-07
                          0.3165931536139113E-07
                          0.3202988730524812E-07
                          0.3240391161217844E-07
                          0.3278133133421286E-07
                          0.3626284035211726E-07
                          0.3357588352502766E-07
                          0.3393290138747104E-07
                          0.3432340653455939E-07
                          0.3471731762005832E-07
                          0.3511462994391803E-07
                          0.4343723280402459E-07
                          0.3591966034205750E-07
                          0.3632693902365171E-07
                          0.3673794241661430E-07
                          0.3715628246648568E-07
                          0.7965541766833033E-07
                          0.3799200495473801E-07
                          0.3841693131262215E-07
                          0.3884552077632867E-07
                          0.3973000319963044E-07
                          0.3971345005486025E-07
                          0.4015283459202031E-07
                          0.4059585179871945E-07
                          0.4104251972313187E-07
                          0.4149284821157530E-07
                          0.4194688862026762E-07
                          0.4240464453231208E-07
                          0.4311159267335493E-07
                          0.4333140988185303E-07
                          0.4380052764605222E-07
                          0.4427325942563992E-07
                          0.4474990873991018E-07
                          0.4552025043433335E-07
                          0.4574363426213814E-07
                          0.4620293866639931E-07
                          0.4669507284022737E-07
                          0.4719118617138160E-07
                          0.4769258929979257E-07
                          0.4821703418498521E-07
                          0.4870292978757034E-07
                          0.4921485655046547E-07
                          0.4973122307754431E-07
                          0.5025100963079989E-07
                          0.5077488861900747E-07
                          0.5130303623808055E-07
                          0.5183530370347051E-07
                          0.5237170223518161E-07
                          0.5291225310649626E-07
                          0.5345698162519211E-07
                          0.5400589734207994E-07
                          0.5455903456171479E-07
                          0.5511642034654952E-07
                          0.5567804236795495E-07
                          0.5624395783290370E-07
                          0.5681417625188161E-07
                          0.5738871969552478E-07
                          0.5796761113848259E-07
                          0.5855086838516367E-07
                          0.5913851798025502E-07
                          0.5973058069715863E-07
                          0.6032707516526156E-07
                          0.6092802725894466E-07
                          0.6153345839952229E-07
                          0.6214339045515543E-07
                          0.6275785040294448E-07
                          0.6337685177977174E-07
                          0.6400041452077106E-07
                          0.6464023108807935E-07
                          0.6526630870397351E-07
                          0.6589875090257893E-07
                          0.6654083655966167E-07
                          0.6718756241873565E-07
                          0.6783901016553194E-07
                          0.6849519284539195E-07
                          0.6915612135556899E-07
                          0.6982179774261098E-07
                          0.7049228608063129E-07
                          0.7116873307501921E-07
                          0.7184773831928224E-07
                          0.7253347517426176E-07
                          0.7347483890344130E-07
                          0.7392556308135480E-07
                          0.7461724593741375E-07
                          0.7532188511828933E-07
                          0.7603157732085059E-07
                          0.7674710543029185E-07
                          0.7747777786328724E-07
                          0.7823169935742711E-07
                          0.7892921751016944E-07
                          0.7965642928926001E-07
                          0.8177251587672786E-07
                          0.8175836320887865E-07
                          0.8189104893676067E-07
                          0.8264660186285169E-07
                          0.8340736923463296E-07
                          0.8417337834882082E-07
                          0.8494486497592384E-07
                          0.8572121127514578E-07
                          0.8650308428568646E-07
                          0.8729029380365221E-07
                          0.8808286416526771E-07
                          0.8888081963781192E-07
                          0.8971384125727645E-07
                          0.9049298773057379E-07
                          0.9130724089345268E-07
                          0.9212697894816005E-07
                          0.9295222544857816E-07
                          0.9378300394359629E-07
                          0.9461933898880121E-07
                          0.9546125526793951E-07
                          0.9630877753855773E-07
                          0.9716193069840023E-07
                          0.9802312839955666E-07
                          0.9888523107811602E-07
                          0.9975542889715077E-07
                          0.1006314412056496E-06
                          0.1015131254604509E-06
                          0.1024008767742766E-06
                          0.1032937640301585E-06
                          0.1041928645482081E-06
                          0.1050978218668994E-06
                          0.1060086612761574E-06
                          0.1069254083600740E-06
                          0.1078480885504532E-06
                          0.1087767273804720E-06
                          0.1097120484514861E-06
                          0.1106519837151089E-06
                          0.1115986520289143E-06
                          0.1125513820103491E-06
                          0.1135101991381828E-06
                          0.1144751293518241E-06
                          0.1154461985576171E-06
                          0.1164234630807091E-06
                          0.1174069105034962E-06
                          0.1183965002428342E-06
                          0.1193923857685911E-06
                          0.1203945408099273E-06
                          0.1214029916750690E-06
                          0.1224178300662271E-06
                          0.1234388900230461E-06
                          0.1244664055402753E-06
                          0.1255002787412087E-06
                          0.1265406035780374E-06
                          0.1275873831488489E-06
                          0.1286406440626943E-06
                          0.1297004124711257E-06
                          0.1307667145888328E-06
                          0.1318395785915886E-06
                          0.1329190312745114E-06
                          0.1340050996035016E-06
                          0.1350978153636908E-06
                          0.1361971868000857E-06
                          0.1373032604280523E-06
                          0.1384160582902236E-06
                          0.1395356068925880E-06
                          0.1406619370735536E-06
                          0.1417950637841164E-06
                          0.1429350272914615E-06
                          0.1440818962776282E-06
                          0.1452355830488865E-06
                          0.1463961864599426E-06
                          0.1475637558356390E-06
                          0.1487382932176160E-06
                          0.1499198431954526E-06
                          0.1511095797904588E-06
                          0.1523040021891390E-06
                          0.1535066974362991E-06
                          0.1547165236927091E-06
                          0.1559350922387824E-06
                          0.1571575465933107E-06
                          0.1583888450865392E-06
                          0.1596273648298170E-06
                          0.1608731338562765E-06
                          0.1621261806552424E-06
                          0.1633865329320787E-06
                          0.1646542192352873E-06
                          0.1659292682683054E-06
                          0.1672117083274552E-06
                          0.1685015678262031E-06
                          0.1697988754192593E-06
                          0.1711036596922776E-06
                          0.1724159493167686E-06
                          0.1737357730191004E-06
                          0.1750631595815914E-06
                          0.1763981383113174E-06
                          0.1777407366806412E-06
                          0.1790911255082208E-06
                          0.1804489120214829E-06
                          0.1818145464584787E-06
                          0.1831879188475339E-06
                          0.1845690716797683E-06
                          0.1859579868620314E-06
                          0.1873547433583918E-06
                          0.1887593535505753E-06
                          0.1901718468173039E-06
                          0.1915922526140441E-06
                          0.1930206003857213E-06
                          0.1944569206697320E-06
                          0.1959012405017368E-06
                          0.1973535989096536E-06
                          0.1988140080425978E-06
                          0.2002825058243885E-06
                          0.2018527364526867E-06
                          0.2032439002066304E-06
                          0.2047368526711817E-06
                          0.2062380150154465E-06
                          0.2077474171291920E-06
                          0.2092650889887449E-06
                          0.2107910646783526E-06
                          0.2123253682974781E-06
                          0.2138680455724081E-06
                          0.2154190824447422E-06
                          0.2169785686213196E-06
                          0.2185464869842466E-06
                          0.2201229644857061E-06
                          0.2217078264730020E-06
                          0.2233012854822750E-06
                          0.2249033258536142E-06
                          0.2265139724419586E-06
                          0.2281332543556500E-06
                          0.2297624717146917E-06
                          0.2313980706007454E-06
                          0.2330432152933096E-06
                          0.2346973473644347E-06
                          0.2363602694247962E-06
                          0.2380320110191911E-06
                          0.2397126063372330E-06
                          0.2414020848918241E-06
                          0.2431004784123896E-06
                          0.2448078180520330E-06
                          0.2465241351390136E-06
                          0.2482494611640446E-06
                          0.2499838350441971E-06
                          0.2517272761318843E-06
                          0.2534799005793935E-06
                          0.2552414842361130E-06
                          0.2570123276949602E-06
                          0.2587923697879659E-06
                          0.2605816421910201E-06
                          0.2623801767829965E-06
                          0.2641880054642785E-06
                          0.2660051601988296E-06
                          0.2678316734427668E-06
                          0.2696675759756443E-06
                          0.2715129011799152E-06
                          0.2733676808606401E-06
                          0.2752319473308943E-06
                          0.2771057326057920E-06
                          0.2789890692961893E-06
                          0.2808819897879969E-06
                          0.2827845263625759E-06
                          0.2846967117017855E-06
                          0.2866185783142731E-06
                          0.2885501588287822E-06
                          0.2904914859306941E-06
                          0.2924425923065836E-06
                          0.2944035337021851E-06
                          0.2963750109879278E-06
                          0.2983549154654583E-06
                          0.3003454675091363E-06
                          0.3023459637296172E-06
                          0.3043564369819660E-06
                          0.3063770647991453E-06
                          0.3084074443612959E-06
                          0.3104480465871123E-06
                          0.3124987603651956E-06
                          0.3145596147319849E-06
                          0.3166306689922050E-06
                          0.3187118850549743E-06
                          0.3208053479789639E-06
                          0.3229051315288233E-06
                          0.3250172024228241E-06
                          0.3271396186589205E-06
                          0.3292724113208738E-06
                          0.3314156165725245E-06
                          0.3335692672440842E-06
                          0.3357333972855344E-06
                          0.3379080406189802E-06
                          0.3400932312325478E-06
                          0.3422891113264976E-06
                          0.3444953905612721E-06
                          0.3467124275323720E-06
                          0.3489401483108439E-06
                          0.3511785871649164E-06
                          0.3534277784167477E-06
                          0.3556877564444331E-06
                          0.3579585556804119E-06
                          0.3602402107306873E-06
                          0.3625327557834540E-06
                          0.3648363072394214E-06
                          0.3671506653878666E-06
                          0.3694760789772650E-06
                          0.3718125316852738E-06
                          0.3741600500713428E-06
                          0.3765186633638480E-06
                          0.3788884117575396E-06
                          0.3812693289534234E-06
                          0.3836614497400347E-06
                          0.3860648092084783E-06
                          0.3884794425049693E-06
                          0.3909053848308570E-06
                          0.3933426731640440E-06
                          0.3957913376469905E-06
                          0.3982514188136306E-06
                          0.4007229503622227E-06
                          0.4032059677677436E-06
                          0.4057005065639713E-06
                          0.4082066023540742E-06
                          0.4107242907032555E-06
                          0.4132536081351520E-06
                          0.4157945881267371E-06
                          0.4183472687379374E-06
                          0.4209116851170400E-06
                          0.4234878743135159E-06
                          0.4260758685692964E-06
                          0.4286757077562851E-06
                          0.4312874268271455E-06
                          0.4339110654073987E-06
                          0.4365466486752855E-06
                          0.4391942231933169E-06
                          0.4418538228016278E-06
                          0.4445254833355821E-06
                          0.4472092412017377E-06
                          0.4499051328673735E-06
                          0.4526131948519098E-06
                          0.4553334637060781E-06
                          0.4585686535825401E-06
                          0.4608107686766575E-06
                          0.4635678781561118E-06
                          0.4663373413791175E-06
                          0.4691191951812167E-06
                          0.4719134765458110E-06
                          0.4747202221821786E-06
                          0.4775394693830115E-06
                          0.4803712549863979E-06
                          0.4832156162778756E-06
                          0.4860725904781773E-06
                          0.4889422940716277E-06
                          0.4918245260094540E-06
                          0.4962134996198194E-06
                          0.4976273602815099E-06
                          0.5005479581977536E-06
                          0.5034813930718591E-06
                          0.5064277022403665E-06
                          0.5093869234805044E-06
                          0.5123590948296395E-06
                          0.5153442537693013E-06
                          0.5183424380962289E-06
                          0.5213536858655815E-06
                          0.5243780341817439E-06
                          0.5274155231032267E-06
                          0.5304661913673208E-06
                          0.5335300668888866E-06
                          0.5366072052007639E-06
                          0.5396976236240517E-06
                          0.5428013774441666E-06
                          0.5459185033045669E-06
                          0.5490490307463338E-06
                          0.5521929997047892E-06
                          0.5553504551823058E-06
                          0.5585214321994747E-06
                          0.5617059810344671E-06
                          0.5649041049770524E-06
                          0.5681158780039602E-06
                          0.5713413271739297E-06
                          0.5752360010371339E-06
                          0.5778334083073278E-06
                          0.5811001182328583E-06
                          0.5843806622547584E-06
                          0.5876750713317695E-06
                          0.5909833925361476E-06
                          0.5943056622732458E-06
                          0.5976419197140565E-06
                          0.6009922040585519E-06
                          0.6043565545749771E-06
                          0.6077350105533475E-06
                          0.6111276113924539E-06
                          0.6145343965092198E-06
                          0.6179554053839990E-06
                          0.6213906775527091E-06
                          0.6248402526055735E-06
                          0.6283041707755398E-06
                          0.6317824700010359E-06
                          0.6352752240209069E-06
                          0.6387823755348567E-06
                          0.6423040606451885E-06
                          0.6458402874878527E-06
                          0.6493910962510687E-06
                          0.6529565258604507E-06
                          0.6565366758864600E-06
                          0.6601314110038402E-06
                          0.6637409465268664E-06
                          0.6673652642064961E-06
                          0.6710157047224237E-06
                          0.6746586239375320E-06
                          0.6783273140817768E-06
                          0.6820111642743260E-06
                          0.6857099990123904E-06
                          0.6894238583873380E-06
                          0.6931527834182967E-06
                          0.6968968146897672E-06
                          0.7006559928825247E-06
                          0.7044303588511466E-06
                          0.7082199534320562E-06
                          0.7120248175302547E-06
                          0.7158449921093160E-06
                          0.7196805182161764E-06
                          0.7235314368407394E-06
                          0.7273977947648149E-06
                          0.7312796163988009E-06
                          0.7351769597385021E-06
                          0.7390898607988366E-06
                          0.7430183599646086E-06
                          0.7469624996125339E-06
                          0.7509223208702436E-06
                          0.7548978652501397E-06
                          0.7588891743142725E-06
                          0.7628962896871406E-06
                          0.7669192530430249E-06
                          0.7709581061322239E-06
                          0.7750128906806048E-06
                          0.7790836485939160E-06
                          0.7831704217288421E-06
                          0.7872732520739369E-06
                          0.7913921815678638E-06
                          0.7955272523301668E-06
                          0.7996785064554271E-06
                          0.8038459861130451E-06
                          0.8080297335630404E-06
                          0.8122297909773426E-06
                          0.8164462008332655E-06
                          0.8206790054306955E-06
                          0.8249282471565911E-06
                          0.8291939686736496E-06
                          0.8334762123786728E-06
                          0.8377750209802988E-06
                          0.8420904370996278E-06
                          0.8464225034713739E-06
                          0.8507712628607939E-06
                          0.8551367591371189E-06
                          0.8595190320985656E-06
                          0.8639181276771594E-06
                          0.8683341009448554E-06
                          0.8727669562575162E-06
                          0.8772167747404741E-06
                          0.8816835874971076E-06
                          0.8861674374326136E-06
                          0.8906683704627499E-06
                          0.8951864219566214E-06
                          0.8997216432386717E-06
                          0.9042740979266582E-06
                          0.9088437610116904E-06
                          0.9134307445355829E-06
                          0.9180350693260232E-06
                          0.9226567788210270E-06
                          0.9272959198613106E-06
                          0.9319525275632740E-06
                          0.9366266543372063E-06
                          0.9413183406798372E-06
                          0.9460276309179676E-06
                          0.9507545692995206E-06
                          0.9554991996204925E-06
                          0.9602615659716035E-06
                          0.9650417124949275E-06
                          0.9698396833926994E-06
                          0.9746555229183952E-06
                          0.9794892753813959E-06
                          0.9843409851602124E-06
                          0.9892106966362327E-06
                          0.9940984543154654E-06
                          0.9990043027135988E-06
                          0.1003928287002373E-05
                          0.1008870450077861E-05
                          0.1013830838371779E-05
                          0.1018809496054614E-05
                          0.1023806469575572E-05
                          0.1028821798843678E-05
                          0.1033855534109687E-05
                          0.1038907717533919E-05
                          0.1043978395294943E-05
                          0.1049067612085218E-05
                          0.1054175413228248E-05
                          0.1059301843336372E-05
                          0.1064446948226925E-05
                          0.1069610773005150E-05
                          0.1074793363022863E-05
                          0.1079994763687103E-05
                          0.1085215020458363E-05
                          0.1090454178854170E-05
                          0.1095712284445474E-05
                          0.1100989382858449E-05
                          0.1106285519774774E-05
                          0.1111600740934678E-05
                          0.1116935092112314E-05
                          0.1122288619171212E-05
                          0.1127661368005950E-05
                          0.1133053384571295E-05
                          0.1138464714878146E-05
                          0.1143895404991710E-05
                          0.1149345501036559E-05
                          0.1154815049541725E-05
                          0.1160304095645084E-05
                          0.1165812686763403E-05
                          0.1171340868775056E-05
                          0.1176888688167520E-05
                          0.1182456191398048E-05
                          0.1188043424923437E-05
                          0.1193650435214323E-05
                          0.1199277269355816E-05
                          0.1204923973016752E-05
                          0.1210590593859720E-05
                          0.1216277178674063E-05
                          0.1221983773319520E-05
                          0.1227710425669419E-05
                          0.1233457182305888E-05
                          0.1239224097805231E-05
                          0.1245011196581733E-05
                          0.1250818548369881E-05
                          0.1256646192789793E-05
                          0.1262494177058885E-05
                          0.1268362548449433E-05
                          0.1274251354292631E-05
                          0.1280160641958282E-05
                          0.1286090458895466E-05
                          0.1292040852595757E-05
                          0.1298011870733027E-05
                          0.1304003560503614E-05
                          0.1310015969976790E-05
                          0.1316049146724860E-05
                          0.1322103138513960E-05
                          0.1328177993164888E-05
                          0.1334273758553640E-05
                          0.1340390482610860E-05
                          0.1346528213325794E-05
                          0.1352686998730359E-05
                          0.1358866886923388E-05
                          0.1365067926676775E-05
                          0.1371290165265653E-05
                          0.1377533650024830E-05
                          0.1383798431429993E-05
                          0.1390084556924855E-05
                          0.1396392074933143E-05
                          0.1402721033934711E-05
                          0.1409071482464094E-05
                          0.1415443469123756E-05
                          0.1421837042522894E-05
                          0.1428252251383013E-05
                          0.1434689144462607E-05
                          0.1441147770564143E-05
                          0.1447628178553333E-05
                          0.1454130417342008E-05
                          0.1460654535909518E-05
                          0.1467200583288737E-05
                          0.1473768608543735E-05
                          0.1480358660829969E-05
                          0.1486970789556927E-05
                          0.1493605043306440E-05
                          0.1500261472047014E-05
                          0.1506940124912249E-05
                          0.1513641051316163E-05
                          0.1520364300727324E-05
                          0.1527109922673480E-05
                          0.1533877966725567E-05
                          0.1540668482476327E-05
                          0.1547481519673994E-05
                          0.1554317128034318E-05
                          0.1561175357355276E-05
                          0.1568056259070365E-05
                          0.1574959878333562E-05
                          0.1581886269859318E-05
                          0.1588835483655835E-05
                          0.1595807565060920E-05
                          0.1602802568933330E-05
                          0.1609820543889657E-05
                          0.1616861540122881E-05
                          0.1623925607965463E-05
                          0.1631012797747882E-05
                          0.1638123159870366E-05
                          0.1645256744787819E-05
                          0.1652413603008791E-05
                          0.1659593785098735E-05
                          0.1666797341676620E-05
                          0.1674024323416619E-05
                          0.1681274781048721E-05
                          0.1688548765354013E-05
                          0.1695846327174115E-05
                          0.1703167517401712E-05
                          0.1710512386993587E-05
                          0.1717880986937330E-05
                          0.1725273368289355E-05
                          0.1732689582180770E-05
                          0.1740129679771178E-05
                          0.1747593712381977E-05
                          0.1755081730997232E-05
                          0.1762593787281745E-05
                          0.1770129932401494E-05
                          0.1777690217989643E-05
                          0.1785274695310532E-05
                          0.1792883416105772E-05
                          0.1800516431919139E-05
                          0.1808173794413439E-05
                          0.1815855555302465E-05
                          0.1823561766360693E-05
                          0.1831292479413616E-05
                          0.1839047746342386E-05
                          0.1846827619083356E-05
                          0.1854632149632371E-05
                          0.1862461390020759E-05
                          0.1870315392376969E-05
                          0.1878194208895737E-05
                          0.1886097891579269E-05
                          0.1894026492936375E-05
                          0.1901980065178418E-05
                          0.1909958660696274E-05
                          0.1917962331927491E-05
                          0.1925991131353473E-05
                          0.1934045111890933E-05
                          0.1942124325011010E-05
                          0.1950228824442092E-05
                          0.1958358662579254E-05
                          0.1966513892154023E-05
                          0.1974694565989498E-05
                          0.1982900736932474E-05
                          0.1991132457930181E-05
                          0.1999389781992866E-05
                          0.2007672762028931E-05
                          0.2015981451254865E-05
                          0.2024315902770797E-05
                          0.2032676169774769E-05
                          0.2041062306468049E-05
                          0.2049474363314172E-05
                          0.2057912396520274E-05
                          0.2066376458555887E-05
                          0.2074866602893524E-05
                          0.2083382883064976E-05
                          0.2091925352639309E-05
                          0.2100494065266846E-05
                          0.2109089074635186E-05
                          0.2117710434491196E-05
                          0.2126358198636613E-05
                          0.2135032420928044E-05
                          0.2143733155276965E-05
                          0.2152460455649957E-05
                          0.2161214376067529E-05
                          0.2169994970606640E-05
                          0.2178802293397504E-05
                          0.2187636398626459E-05
                          0.2196497340534256E-05
                          0.2205385173415721E-05
                          0.2214299951622376E-05
                          0.2223241729558261E-05
                          0.2232210561774431E-05
                          0.2241206502728657E-05
                          0.2250229606622419E-05
                          0.2259279928633229E-05
                          0.2268357526593333E-05
                          0.2277462445114127E-05
                          0.2286594749116991E-05
                          0.2295754490067625E-05
                          0.2304941722895643E-05
                          0.2314156502464003E-05
                          0.2323398883870832E-05
                          0.2332668922151895E-05
                          0.2341966675143458E-05
                          0.2351292189868408E-05
                          0.2360645529695550E-05
                          0.2370026747204693E-05
                          0.2379435897728926E-05
                          0.2388873036661173E-05
                          0.2398338219449258E-05
                          0.2407831501595867E-05
                          0.2417352938658753E-05
                          0.2426902586249783E-05
                          0.2436480500036818E-05
                          0.2446086735741842E-05
                          0.2455721349143162E-05
                          0.2465384396068881E-05
                          0.2475075932409584E-05
                          0.2484796014111841E-05
                          0.2494544697171500E-05
                          0.2504322037604795E-05
                          0.2514128091565524E-05
                          0.2523962915196897E-05
                          0.2533826564844073E-05
                          0.2543719096390431E-05
                          0.2553640566549190E-05
                          0.2563591031571792E-05
                          0.2573570547893714E-05
                          0.2583579172005291E-05
                          0.2593616960451738E-05
                          0.2603683969833140E-05
                          0.2613780256804443E-05
                          0.2623905878168604E-05
                          0.2634060890410913E-05
                          0.2644245350630328E-05
                          0.2654459315608144E-05
                          0.2664702842277874E-05
                          0.2674975987611046E-05
                          0.2685278808669902E-05
                          0.2695611362512457E-05
                          0.2705973706335334E-05
                          0.2716365897283099E-05
                          0.2726787992663248E-05
                          0.2737240049772171E-05
                          0.2747722125992251E-05
                          0.2758234278707697E-05
                          0.2768776565429711E-05
                          0.2779349043687631E-05
                          0.2789951771062012E-05
                          0.2800584805199418E-05
                          0.2811248203800193E-05
                          0.2821942024604100E-05
                          0.2832666325973480E-05
                          0.2843421164138569E-05
                          0.2854206630117034E-05
                          0.2865022686918924E-05
                          0.2875869486990156E-05
                          0.2886747056939212E-05
                          0.2897655454902519E-05
                          0.2908594739090050E-05
                          0.2919564967691947E-05
                          0.2930566199065250E-05
                          0.2941598491551188E-05
                          0.2952661903558343E-05
                          0.2963756493540364E-05
                          0.2974882320411062E-05
                          0.2986039441601400E-05
                          0.2997227916884494E-05
                          0.3008447804565050E-05
                          0.3019699163382172E-05
                          0.3030982052130131E-05
                          0.3042296529659205E-05
                          0.3053642654873835E-05
                          0.3065020486734648E-05
                          0.3076430084252363E-05
                          0.3087871506500264E-05
                          0.3099344812599983E-05
                          0.3110850061772622E-05
                          0.3122387313128785E-05
                          0.3133956626112415E-05
                          0.3145558059928764E-05
                          0.3157191674073636E-05
                          0.3168857527967868E-05
                          0.3180555681119622E-05
                          0.3192286193091935E-05
                          0.3204049123502707E-05
                          0.3215844532062848E-05
                          0.3227672478385600E-05
                          0.3239533022370734E-05
                          0.3251426223808921E-05
                          0.3263352142600991E-05
                          0.3275310838691222E-05
                          0.3287302372081708E-05
                          0.3299326802837508E-05
                          0.3311384191067313E-05
                          0.3323474596904246E-05
                          0.3335598082093559E-05
                          0.3347754702445839E-05
                          0.3359944522756141E-05
                          0.3372167601909350E-05
                          0.3384424000354980E-05
                          0.3396713778681506E-05
                          0.3409036997164034E-05
                          0.3421393716681542E-05
                          0.3433783997800513E-05
                          0.3446207901236423E-05
                          0.3458665487764586E-05
                          0.3471156818207852E-05
                          0.3483681953452733E-05
                          0.3496240954409444E-05
                          0.3508833882093800E-05
                          0.3521460797541304E-05
                          0.3534121761851352E-05
                          0.3546816836179125E-05
                          0.3559546081731960E-05
                          0.3572309559787526E-05
                          0.3585107331625024E-05
                          0.3597939458658809E-05
                          0.3610806002303755E-05
                          0.3623707024043249E-05
                          0.3636642585416105E-05
                          0.3649612748016607E-05
                          0.3662617573543901E-05
                          0.3675657123635611E-05
                          0.3688731459953672E-05
                          0.3701840644453354E-05
                          0.3714984739000771E-05
                          0.3728163805485772E-05
                          0.3741377905885647E-05
                          0.3754627102232804E-05
                          0.3767911456613538E-05
                          0.3781231031170486E-05
                          0.3794585888100172E-05
                          0.3807976089654237E-05
                          0.3821401698139188E-05
                          0.3834862775916409E-05
                          0.3848359385402153E-05
                          0.3861891589067513E-05
                          0.3875459449438556E-05
                          0.3889063029369622E-05
                          0.3902702390678194E-05
                          0.3916377596868134E-05
                          0.3930088710418887E-05
                          0.3943835794128300E-05
                          0.3957618910852336E-05
                          0.3971438123498308E-05
                          0.3985293495034142E-05
                          0.3999185088478618E-05
                          0.4013112966913979E-05
                          0.4027077193447035E-05
                          0.4041077831284972E-05
                          0.4055114943665914E-05
                          0.4069188594408572E-05
                          0.4083298848118105E-05
                          0.4097445763528065E-05
                          0.4111629405229609E-05
                          0.4125849840796861E-05
                          0.4140107131489394E-05
                          0.4154401340928371E-05
                          0.4168732532796840E-05
                          0.4183100770819624E-05
                          0.4197506118792221E-05
                          0.4211948640554985E-05
                          0.4226428400023750E-05
                          0.4240945461096779E-05
                          0.4255499887835868E-05
                          0.4270091744285236E-05
                          0.4284721094562088E-05
                          0.4299388002913821E-05
                          0.4314092533341407E-05
                          0.4328834750352688E-05
                          0.4343614718212984E-05
                          0.4358432501301580E-05
                          0.4373288164077710E-05
                          0.4388181771240310E-05
                          0.4403113386737616E-05
                          0.4418083075789423E-05
                          0.4433090902858562E-05
                          0.4448136932684872E-05
                          0.4463221229995320E-05
                          0.4478343859652127E-05
                          0.4493504886553248E-05
                          0.4508704375615784E-05
                          0.4523942391841258E-05
                          0.4539219000377787E-05
                          0.4554534266087780E-05
                          0.4569888254294475E-05
                          0.4585281030232555E-05
                          0.4600712659141289E-05
                          0.4616183206967035E-05
                          0.4631692737180788E-05
                          0.4647241317138791E-05
                          0.4662829011686939E-05
                          0.4678455886369032E-05
                          0.4694122006783776E-05
                          0.4709827438585041E-05
                          0.4725572247489704E-05
                          0.4741356499233656E-05
                          0.4757180259669140E-05
                          0.4773043594641490E-05
                          0.4788946570101050E-05
                          0.4804889252121018E-05
                          0.4820871706437380E-05
                          0.4836893999427985E-05
                          0.4852956197166811E-05
                          0.4869058365849507E-05
                          0.4885200571721930E-05
                          0.4901382881106085E-05
                          0.4917605360366354E-05
                          0.4933868075930325E-05
                          0.4950171094253508E-05
                          0.4966514481889411E-05
                          0.4982898305416852E-05
                          0.4999322631477038E-05
                          0.5015787526766029E-05
                          0.5032293058039005E-05
                          0.5048839292090517E-05
                          0.5065426295789599E-05
                          0.5082054136239048E-05
                          0.5098722879846419E-05
                          0.5115432594198413E-05
                          0.5132183346188048E-05
                          0.5148975202950351E-05
                          0.5165808231675202E-05
                          0.5182682499607388E-05
                          0.5199598074046525E-05
                          0.5216555022382859E-05
                          0.5233553411918560E-05
                          0.5250593310225068E-05
                          0.5267674784786165E-05
                          0.5284797903189764E-05
                          0.5301962733020510E-05
                          0.5319169342007133E-05
                          0.5336417797873085E-05
                          0.5353708168441690E-05
                          0.5371040521899207E-05
                          0.5388414924955970E-05
                          0.5405831446848980E-05
                          0.5423290155120611E-05
                          0.5440791117838907E-05
                          0.5458334403307135E-05
                          0.5475920079194245E-05
                          0.5493548214264376E-05
                          0.5511218877392216E-05
                          0.5528932134596522E-05
                          0.5546688056596183E-05
                          0.5564486711366133E-05
                          0.5582328166525600E-05
                          0.5600212491523498E-05
                          0.5618139754680558E-05
                          0.5636110024667727E-05
                          0.5654123370211671E-05
                          0.5672179860093346E-05
                          0.5690279563148741E-05
                          0.5708422548274742E-05
                          0.5726608884398947E-05
                          0.5744838640540064E-05
                          0.5763111885750463E-05
                          0.5781428689131618E-05
                          0.5799789119857910E-05
                          0.5818193247147297E-05
                          0.5836641140271122E-05
                          0.5855132868561623E-05
                          0.5873668501404340E-05
                          0.5892248108237998E-05
                          0.5910871758556870E-05
                          0.5929539521910359E-05
                          0.5948251467902599E-05
                          0.5967007667342019E-05
                          0.5985808186495330E-05
                          0.6004653098576184E-05
                          0.6023542472262240E-05
                          0.6042476377430828E-05
                          0.6061454884015340E-05
                          0.6080478070043596E-05
                          0.6099545981439991E-05
                          0.6118658712420984E-05
                          0.6137816325100179E-05
                          0.6157018889689152E-05
                          0.6176266476438557E-05
                          0.6195559155677780E-05
                          0.6214896997775158E-05
                          0.6234280073157903E-05
                          0.6253708452308088E-05
                          0.6273182205774882E-05
                          0.6292701404114753E-05
                          0.6312266118006796E-05
                          0.6331876418145742E-05
                          0.6351532375283374E-05
                          0.6371234060234135E-05
                          0.6390981543863116E-05
                          0.6410774897091339E-05
                          0.6430614190895835E-05
                          0.6450499496303937E-05
                          0.6470430884405047E-05
                          0.6490408426345750E-05
                          0.6510432193297664E-05
                          0.6530502256535470E-05
                          0.6550618687356001E-05
                          0.6570781557126566E-05
                          0.6590990937240056E-05
                          0.6611246899188117E-05
                          0.6631549514488040E-05
                          0.6651898854719276E-05
                          0.6672294991516155E-05
                          0.6692737996570780E-05
                          0.6713227941618442E-05
                          0.6733764898466857E-05
                          0.6754348938966897E-05
                          0.6774980135027234E-05
                          0.6795658558611412E-05
                          0.6816384281737875E-05
                          0.6837157376479822E-05
                          0.6857977914965432E-05
                          0.6878845969377766E-05
                          0.6899761611954688E-05
                          0.6920724914989549E-05
                          0.6941735950828183E-05
                          0.6962794791875126E-05
                          0.6983901510586786E-05
                          0.7005056179483554E-05
                          0.7026258871107928E-05
                          0.7047509658108285E-05
                          0.7068808613148714E-05
                          0.7090155808965369E-05
                          0.7111551318343318E-05
                          0.7132995214124007E-05
                          0.7154487569247018E-05
                          0.7176028456533797E-05
                          0.7197617949125511E-05
                          0.7219256120023752E-05
                          0.7240943042360421E-05
                          0.7262678789300795E-05
                          0.7284463434072733E-05
                          0.7306297049949769E-05
                          0.7328179710274064E-05
                          0.7350111488433676E-05
                          0.7372092457879588E-05
                          0.7394122692092475E-05
                          0.7416202264646676E-05
                          0.7438331249145325E-05
                          0.7460509719252861E-05
                          0.7482737748688643E-05
                          0.7505015411226905E-05
                          0.7527342780696752E-05
                          0.7549719930982166E-05
                          0.7572146936032656E-05
                          0.7594623869809909E-05
                          0.7617150807534731E-05
                          0.7639727819879308E-05
                          0.7662354987306432E-05
                          0.7685032374237463E-05
                          0.7707760063667265E-05
                          0.7730538126809373E-05
                          0.7753366638272375E-05
                          0.7776245672397942E-05
                          0.7799175303697354E-05
                          0.7822155606684009E-05
                          0.7845186655978920E-05
                          0.7868268526226311E-05
                          0.7891401292134833E-05
                          0.7914585028461489E-05
                          0.7937819810040273E-05
                          0.7961105711704302E-05
                          0.7984442808416943E-05
                          0.8007831175146655E-05
                          0.8031270886931228E-05
                          0.8054762018859496E-05
                          0.8078304646079355E-05
                          0.8101898843793994E-05
                          0.8125544687263467E-05
                          0.8149242251767191E-05
                          0.8172991612736226E-05
                          0.8196792845492371E-05
                          0.8220646025595911E-05
                          0.8244551228548527E-05
                          0.8268508529939405E-05
                          0.8292518005395591E-05
                          0.8316579730624500E-05
                          0.8340693781371420E-05
                          0.8364860233440787E-05
                          0.8389079162691802E-05
                          0.8413350645038671E-05
                          0.8437674756451052E-05
                          0.8462051572950847E-05
                          0.8486481170619084E-05
                          0.8510963625587859E-05
                          0.8535499014048713E-05
                          0.8560087412238163E-05
                          0.8584728896461312E-05
                          0.8609423543068134E-05
                          0.8634171428467544E-05
                          0.8658972629122054E-05
                          0.8683827221549386E-05
                          0.8708735282324156E-05
                          0.8733696888067697E-05
                          0.8758712115468469E-05
                          0.8783781041261533E-05
                          0.8808903742243121E-05
                          0.8834080295342304E-05
                          0.8859310777192530E-05
                          0.8884595265024780E-05
                          0.8909933835754723E-05
                          0.8935326566456099E-05
                          0.8960773534245406E-05
                          0.8986274816312944E-05
                          0.9011830489852638E-05
                          0.9037440632186612E-05
                          0.9063105320640809E-05
                          0.9088824632615307E-05
                          0.9114598645558614E-05
                          0.9140427436980393E-05
                          0.9166311084428369E-05
                          0.9192249665530496E-05
                          0.9218243257954126E-05
                          0.9244291939419093E-05
                          0.9270395787706966E-05
                          0.9296554880655548E-05
                          0.9322769296157343E-05
                          0.9349039112141675E-05
                          0.9375364406622181E-05
                          0.9401745257648586E-05
                          0.9428181743329660E-05
                          0.9454673941829194E-05
                          0.9481221931371405E-05
                          0.9507825790214308E-05
                          0.9534485596699272E-05
                          0.9561201429207851E-05
                          0.9587973366203202E-05
                          0.9614801486099338E-05
                          0.9641685867522947E-05
                          0.9668626589050766E-05
                          0.9695623729340286E-05
                          0.9722677367104049E-05
                          0.9749787581109241E-05
                          0.9776954450178261E-05
                          0.9804178053188158E-05
                          0.9831458469070911E-05
                          0.9858795776813310E-05
                          0.9886190055462809E-05
                          0.9913641384098853E-05
                          0.9941149841910938E-05
                          0.9968715508036875E-05
                          0.9996338461800643E-05
                          0.1002401878250725E-04
                          0.1005175654949800E-04
                          0.1007955184222827E-04
                          0.1010740474017112E-04
                          0.1013531532285538E-04
                          0.1016328366987813E-04
                          0.1019130986088243E-04
                          0.1021939397556840E-04
                          0.1024753609369105E-04
                          0.1027573629506029E-04
                          0.1030399465954084E-04
                          0.1033231126705232E-04
                          0.1036068619756923E-04
                          0.1038911953112109E-04
                          0.1041761134779220E-04
                          0.1044616172774902E-04
                          0.1047477075110131E-04
                          0.1050343849819320E-04
                          0.1053216504926947E-04
                          0.1056095048473153E-04
                          0.1058979488494524E-04
                          0.1061869833041740E-04
                          0.1064766090165576E-04
                          0.1067668267924110E-04
                          0.1070576374380564E-04
                          0.1073490417604765E-04
                          0.1076410405667807E-04
                          0.1079336346652618E-04
                          0.1082268248643376E-04
                          0.1085206119731980E-04
                          0.1088149968011119E-04
                          0.1091099801586027E-04
                          0.1094055628562714E-04
                          0.1097017457053852E-04
                          0.1099985295177605E-04
                          0.1102959151057621E-04
                          0.1105939032823034E-04
                          0.1108924948608470E-04
                          0.1111916906554034E-04
                          0.1114914914805325E-04
                          0.1117918981513426E-04
                          0.1120929114834908E-04
                          0.1123945322931898E-04
                          0.1126967613971769E-04
                          0.1129995996127643E-04
                          0.1133030477578141E-04
                          0.1136071066507070E-04
                          0.1139117771104083E-04
                          0.1142170599564098E-04
                          0.1145229560087596E-04
                          0.1148294660880504E-04
                          0.1151365910154287E-04
                          0.1154443316125862E-04
                          0.1157526887017646E-04
                          0.1160616631057636E-04
                          0.1163712556478916E-04
                          0.1166814671520669E-04
                          0.1169922984427152E-04
                          0.1173037503448216E-04
                          0.1176158236839201E-04
                          0.1179285192862886E-04
                          0.1182418379779670E-04
                          0.1185557805874473E-04
                          0.1188703479401006E-04
                          0.1191855408668836E-04
                          0.1195013601943411E-04
                          0.1198178067534087E-04
                          0.1201348813734893E-04
                          0.1204525848850545E-04
                          0.1207709181191247E-04
                          0.1210898819072693E-04
                          0.1214094770816062E-04
                          0.1217297044748017E-04
                          0.1220505649201718E-04
                          0.1223720592511791E-04
                          0.1226941883024400E-04
                          0.1230169529087078E-04
                          0.1233403539054013E-04
                          0.1236643921284736E-04
                          0.1239890684144372E-04
                          0.1243143836003412E-04
                          0.1246403385240307E-04
                          0.1249669340229544E-04
                          0.1252941709366722E-04
                          0.1256220501037641E-04
                          0.1259505723644359E-04
                          0.1262797385588892E-04
                          0.1266095495280705E-04
                          0.1269400061133943E-04
                          0.1272711091568608E-04
                          0.1276028595010116E-04
                          0.1279352579889389E-04
                          0.1282683054643020E-04
                          0.1286020027712289E-04
                          0.1289363507547584E-04
                          0.1292713502594420E-04
                          0.1296070021318285E-04
                          0.1299433072180641E-04
                          0.1302802663650813E-04
                          0.1306178804203618E-04
                          0.1309561502319353E-04
                          0.1312950766483813E-04
                          0.1316346605188254E-04
                          0.1319749026929456E-04
                          0.1323158040209658E-04
                          0.1326573653536598E-04
                          0.1329995875423500E-04
                          0.1333424714389085E-04
                          0.1336860178957499E-04
                          0.1340302277658478E-04
                          0.1343751019029003E-04
                          0.1347206411604286E-04
                          0.1350668463936042E-04
                          0.1354137184573572E-04
                          0.1357612582074587E-04
                          0.1361094665001900E-04
                          0.1364583441922285E-04
                          0.1368078921410770E-04
                          0.1371581112045646E-04
                          0.1375090022411793E-04
                          0.1378605661101616E-04
                          0.1382128036703390E-04
                          0.1385657157828137E-04
                          0.1389193033071035E-04
                          0.1392735671053300E-04
                          0.1396285080389265E-04
                          0.1399841269701973E-04
                          0.1403404247619624E-04
                          0.1406974022777202E-04
                          0.1410550603814660E-04
                          0.1414133999371558E-04
                          0.1417724218102642E-04
                          0.1421321268664687E-04
                          0.1424925159717741E-04
                          0.1428535899931495E-04
                          0.1432153497969843E-04
                          0.1435777962519073E-04
                          0.1439409302259644E-04
                          0.1443047525880408E-04
                          0.1446692642075634E-04
                          0.1450344659545107E-04
                          0.1454003586994089E-04
                          0.1457669433133336E-04
                          0.1461342206679084E-04
                          0.1465021916353059E-04
                          0.1468708570882476E-04
                          0.1472402179000033E-04
                          0.1476102749443919E-04
                          0.1479810290957807E-04
                          0.1483524812290866E-04
                          0.1487246322197720E-04
                          0.1490974829438528E-04
                          0.1494710342779854E-04
                          0.1498452870989954E-04
                          0.1502202422848654E-04
                          0.1505959007135954E-04
                          0.1509722632640556E-04
                          0.1513493308155139E-04
                          0.1517271042478255E-04
                          0.1521055844413904E-04
                          0.1524847722771638E-04
                          0.1528646686366446E-04
                          0.1532452744018821E-04
                          0.1536265904554830E-04
                          0.1540086176805675E-04
                          0.1543913569608571E-04
                          0.1547748091805867E-04
                          0.1551589752245492E-04
                          0.1555438559780858E-04
                          0.1559294523270866E-04
                          0.1563157651579898E-04
                          0.1567027953577841E-04
                          0.1570905438140032E-04
                          0.1574790114147388E-04
                          0.1578681990486093E-04
                          0.1582581076048113E-04
                          0.1586487379730707E-04
                          0.1590400910436670E-04
                          0.1594321677074287E-04
                          0.1598249688557326E-04
                          0.1602184953805045E-04
                          0.1606127481744115E-04
                          0.1610077281298975E-04
                          0.1614034361411136E-04
                          0.1617998731019871E-04
                          0.1621970399071869E-04
                          0.1625949374519315E-04
                          0.1629935666319859E-04
                          0.1633929283436668E-04
                          0.1637930234838427E-04
                          0.1641938529499109E-04
                          0.1645954176398478E-04
                          0.1649977184521584E-04
                          0.1654007562860380E-04
                          0.1658045320406841E-04
                          0.1662090466166625E-04
                          0.1666143009145416E-04
                          0.1670202958355793E-04
                          0.1674270322815640E-04
                          0.1678345111548602E-04
                          0.1682427333583628E-04
                          0.1686516997955204E-04
                          0.1690614113703296E-04
                          0.1694718689873359E-04
                          0.1698830735516340E-04
                          0.1702950259688673E-04
                          0.1707077271452258E-04
                          0.1711211779874515E-04
                          0.1715353794028440E-04
                          0.1719503322992085E-04
                          0.1723660375849639E-04
                          0.1727824961690344E-04
                          0.1731997089609042E-04
                          0.1736176768706058E-04
                          0.1740364008087202E-04
                          0.1744558816863777E-04
                          0.1748761204152597E-04
                          0.1752971179075848E-04
                          0.1757188750761380E-04
                          0.1761413928342409E-04
                          0.1765646720957669E-04
                          0.1769887137751381E-04
                          0.1774135187873257E-04
                          0.1778390880478530E-04
                          0.1782654224727760E-04
                          0.1786925229787237E-04
                          0.1791203904828579E-04
                          0.1795490259028930E-04
                          0.1799784301570916E-04
                          0.1804086041642654E-04
                          0.1808395488437752E-04
                          0.1812712651155299E-04
                          0.1817037539000470E-04
                          0.1821370161181534E-04
                          0.1825710526915841E-04
                          0.1830058645423829E-04
                          0.1834414525932021E-04
                          0.1838778177672435E-04
                          0.1843149609882567E-04
                          0.1847528831805403E-04
                          0.1851915852689419E-04
                          0.1856310681788574E-04
                          0.1860713328362313E-04
                          0.1865123801675574E-04
                          0.1869542110998776E-04
                          0.1873968265607828E-04
                          0.1878402274784124E-04
                          0.1882844147814548E-04
                          0.1887293893991464E-04
                          0.1891751522612734E-04
                          0.1896217042981699E-04
                          0.1900690464407184E-04
                          0.1905171796203513E-04
                          0.1909661047690487E-04
                          0.1914158228193393E-04
                          0.1918663347043015E-04
                          0.1923176413575613E-04
                          0.1927697437132941E-04
                          0.1932226427062234E-04
                          0.1936763392716221E-04
                          0.1941308343453113E-04
                          0.1945861288636609E-04
                          0.1950422237635896E-04
                          0.1954991199825646E-04
                          0.1959568184586020E-04
                          0.1964153201302664E-04
                          0.1968746259366714E-04
                          0.1973347368174792E-04
                          0.1977956537129000E-04
                          0.1982573775636940E-04
                          0.1987199093111690E-04
                          0.1991832498971821E-04
                          0.1996474002641386E-04
                          0.2001123613549928E-04
                          0.2005781341132479E-04
                          0.2010447194829553E-04
                          0.2015121184087156E-04
                          0.2019803318356775E-04
                          0.2024493607095392E-04
                          0.2029192059765469E-04
                          0.2033898685834956E-04
                          0.2038613494777294E-04
                          0.2043336496071407E-04
                          0.2048067699201708E-04
                          0.2052807113658093E-04
                          0.2057554748935951E-04
                          0.2062310614536156E-04
                          0.2067074719965064E-04
                          0.2071847074734527E-04
                          0.2076627688361876E-04
                          0.2081416570369932E-04
                          0.2086213730287001E-04
                          0.2091019177646883E-04
                          0.2095832921988854E-04
                          0.2100654972857686E-04
                          0.2105485339803632E-04
                          0.2110324032382438E-04
                          0.2115171060155332E-04
                          0.2120026432689029E-04
                          0.2124890159555733E-04
                          0.2129762250333136E-04
                          0.2134642714604414E-04
                          0.2139531561958230E-04
                          0.2144428801988739E-04
                          0.2149334444295576E-04
                          0.2154248498483867E-04
                          0.2159170974164223E-04
                          0.2164101880952744E-04
                          0.2169041228471017E-04
                          0.2173989026346112E-04
                          0.2178945284210590E-04
                          0.2183910011702501E-04
                          0.2188883218465375E-04
                          0.2193864914148231E-04
                          0.2198855108405583E-04
                          0.2203853810897421E-04
                          0.2208861031289229E-04
                          0.2213876779251972E-04
                          0.2218901064462107E-04
                          0.2223933896601579E-04
                          0.2228975285357814E-04
                          0.2234025240423728E-04
                          0.2239083771497728E-04
                          0.2244150888283702E-04
                          0.2249226600491026E-04
                          0.2254310917834565E-04
                          0.2259403850034671E-04
                          0.2264505406817181E-04
                          0.2269615597913419E-04
                          0.2274734433060200E-04
                          0.2279861921999820E-04
                          0.2284998074480067E-04
                          0.2290142900254211E-04
                          0.2295296409081011E-04
                          0.2300458610724720E-04
                          0.2305629514955064E-04
                          0.2310809131547268E-04
                          0.2315997470282037E-04
                          0.2321194540945569E-04
                          0.2326400353329544E-04
                          0.2331614917231126E-04
                          0.2336838242452976E-04
                          0.2342070338803235E-04
                          0.2347311216095530E-04
                          0.2352560884148977E-04
                          0.2357819352788182E-04
                          0.2363086631843233E-04
                          0.2368362731149706E-04
                          0.2373647660548669E-04
                          0.2378941429886670E-04
                          0.2384244049015747E-04
                          0.2389555527793423E-04
                          0.2394875876082714E-04
                          0.2400205103752116E-04
                          0.2405543220675613E-04
                          0.2410890236732681E-04
                          0.2416246161808279E-04
                          0.2421611005792852E-04
                          0.2426984778582335E-04
                          0.2432367490078143E-04
                          0.2437759150187192E-04
                          0.2443159768821871E-04
                          0.2448569355900060E-04
                          0.2453987921345133E-04
                          0.2459415475085941E-04
                          0.2464852027056824E-04
                          0.2470297587197616E-04
                          0.2475752165453631E-04
                          0.2481215771775670E-04
                          0.2486688416120024E-04
                          0.2492170108448472E-04
                          0.2497660858728277E-04
                          0.2503160676932188E-04
                          0.2508669573038444E-04
                          0.2514187557030766E-04
                          0.2519714638898372E-04
                          0.2525250828635954E-04
                          0.2530796136243704E-04
                          0.2536350571727291E-04
                          0.2541914145097875E-04
                          0.2547486866372099E-04
                          0.2553068745572102E-04
                          0.2558659792725501E-04
                          0.2564260017865401E-04
                          0.2569869431030402E-04
                          0.2575488042264581E-04
                          0.2581115861617507E-04
                          0.2586752899144232E-04
                          0.2592399164905303E-04
                          0.2598054668966749E-04
                          0.2603719421400081E-04
                          0.2609393432282304E-04
                          0.2615076711695907E-04
                          0.2620769269728871E-04
                          0.2626471116474655E-04
                          0.2632182262032208E-04
                          0.2637902716505973E-04
                          0.2643632490005873E-04
                          0.2649371592647316E-04
                          0.2655120034551203E-04
                          0.2660877825843920E-04
                          0.2666644976657337E-04
                          0.2672421497128816E-04
                          0.2678207397401202E-04
                          0.2684002687622827E-04
                          0.2689807377947514E-04
                          0.2695621478534562E-04
                          0.2701444999548777E-04
                          0.2707277951160430E-04
                          0.2713120343545298E-04
                          0.2718972186884627E-04
                          0.2724833491365161E-04
                          0.2730704267179133E-04
                          0.2736584524524252E-04
                          0.2742474273603727E-04
                          0.2748373524626245E-04
                          0.2754282287805982E-04
                          0.2760200573362600E-04
                          0.2766128391521255E-04
                          0.2772065752512581E-04
                          0.2778012666572698E-04
                          0.2783969143943224E-04
                          0.2789935194871255E-04
                          0.2795910829609376E-04
                          0.2801896058415657E-04
                          0.2807890891553658E-04
                          0.2813895339292430E-04
                          0.2819909411906501E-04
                          0.2825933119675890E-04
                          0.2831966472886106E-04
                          0.2838009481828144E-04
                          0.2844062156798482E-04
                          0.2850124508099088E-04
                          0.2856196546037420E-04
                          0.2862278280926417E-04
                          0.2868369723084508E-04
                          0.2874470882835608E-04
                          0.2880581770509121E-04
                          0.2886702396439935E-04
                          0.2892832770968427E-04
                          0.2898972904440457E-04
                          0.2905122807207383E-04
                          0.2911282489626033E-04
                          0.2917451962058740E-04
                          0.2923631234873308E-04
                          0.2929820318443040E-04
                          0.2936019223146718E-04
                          0.2942227959368615E-04
                          0.2948446537498490E-04
                          0.2954674967931586E-04
                          0.2960913261068645E-04
                          0.2967161427315874E-04
                          0.2973419477084990E-04
                          0.2979687420793181E-04
                          0.2985965268863131E-04
                          0.2992253031723003E-04
                          0.2998550719806454E-04
                          0.3004858343552630E-04
                          0.3011175913406153E-04
                          0.3017503439817142E-04
                          0.3023840933241197E-04
                          0.3030188404139409E-04
                          0.3036545862978351E-04
                          0.3042913320230091E-04
                          0.3049290786372176E-04
                          0.3055678271887644E-04
                          0.3062075787265019E-04
                          0.3068483342998314E-04
                          0.3074900949587025E-04
                          0.3081328617536131E-04
                          0.3087766357356115E-04
                          0.3094214179562928E-04
                          0.3100672094678018E-04
                          0.3107140113228317E-04
                          0.3113618245746246E-04
                          0.3120106502769712E-04
                          0.3126604894842107E-04
                          0.3133113432512310E-04
                          0.3139632126334691E-04
                          0.3146160986869106E-04
                          0.3152700024680890E-04
                          0.3159249250340877E-04
                          0.3165808674425382E-04
                          0.3172378307516201E-04
                          0.3178958160200633E-04
                          0.3185548243071446E-04
                          0.3192148566726904E-04
                          0.3198759141770762E-04
                          0.3205379978812254E-04
                          0.3212011088466102E-04
                          0.3218652481352518E-04
                          0.3225304168097200E-04
                          0.3231966159331334E-04
                          0.3238638465691590E-04
                          0.3245321097820127E-04
                          0.3252014066364591E-04
                          0.3258717381978115E-04
                          0.3265431055319318E-04
                          0.3272155097052302E-04
                          0.3278889517846670E-04
                          0.3285634328377491E-04
                          0.3292389539325342E-04
                          0.3299155161376273E-04
                          0.3305931205221822E-04
                          0.3312717681559026E-04
                          0.3319514601090391E-04
                          0.3326321974523921E-04
                          0.3333139812573110E-04
                          0.3339968125956928E-04
                          0.3346806925399840E-04
                          0.3353656221631799E-04
                          0.3360516025388238E-04
                          0.3367386347410081E-04
                          0.3374267198443740E-04
                          0.3381158589241110E-04
                          0.3388060530559581E-04
                          0.3394973033162015E-04
                          0.3401896107816781E-04
                          0.3408829765297719E-04
                          0.3415774016384163E-04
                          0.3422728871860929E-04
                          0.3429694342518330E-04
                          0.3436670439152151E-04
                          0.3443657172563678E-04
                          0.3450654553559677E-04
                          0.3457662592952398E-04
                          0.3464681301559588E-04
                          0.3471710690204473E-04
                          0.3478750769715764E-04
                          0.3485801550927669E-04
                          0.3492863044679874E-04
                          0.3499935261817553E-04
                          0.3507018213191370E-04
                          0.3514111909657476E-04
                          0.3521216362077506E-04
                          0.3528331581318583E-04
                          0.3535457578253325E-04
                          0.3542594363759815E-04
                          0.3549741948721650E-04
                          0.3556900344027896E-04
                          0.3564069560573112E-04
                          0.3571249609257343E-04
                          0.3578440500986123E-04
                          0.3585642246670468E-04
                          0.3592854857226889E-04
                          0.3600078343577375E-04
                          0.3607312716649406E-04
                          0.3614557987375951E-04
                          0.3621814166695461E-04
                          0.3629081265551881E-04
                          0.3636359294894634E-04
                          0.3643648265678639E-04
                          0.3650948188864297E-04
