 height of levels
  0.0000E+00
  0.5141E+03
  0.1004E+04
  0.1471E+04
  0.1917E+04
  0.2344E+04
  0.2753E+04
  0.3145E+04
  0.3524E+04
  0.3890E+04
  0.4246E+04
  0.4593E+04
  0.4933E+04
  0.5267E+04
  0.5597E+04
  0.5924E+04
  0.6249E+04
  0.6574E+04
  0.6901E+04
  0.7231E+04
  0.7566E+04
  0.7908E+04
  0.8257E+04
  0.8616E+04
  0.8985E+04
  0.9366E+04
  0.9762E+04
  0.1017E+05
  0.1060E+05
  0.1104E+05
  0.1151E+05
  0.1199E+05
  0.1250E+05
  0.1303E+05
  0.1360E+05
  0.1419E+05
  0.1483E+05
  0.1551E+05
  0.1624E+05
  0.1701E+05
  0.1784E+05
  0.1875E+05
  0.1976E+05
  0.2089E+05
  0.2215E+05
  0.2358E+05
  0.2525E+05
  0.2718E+05
  0.2932E+05
  0.3096E+05
  0.3161E+05
