 Spectral outgoing longwave flux [W/m2/cm^-1]
  0.5358E-05
  0.2631E-04
  0.6167E-04
  0.1099E-03
  0.1698E-03
  0.2408E-03
  0.3226E-03
  0.4151E-03
  0.5181E-03
  0.6316E-03
  0.7554E-03
  0.8894E-03
  0.1034E-02
  0.1188E-02
  0.1351E-02
  0.1525E-02
  0.1708E-02
  0.1900E-02
  0.2102E-02
  0.2312E-02
  0.2532E-02
  0.2760E-02
  0.2997E-02
  0.3243E-02
  0.3497E-02
  0.3759E-02
  0.4028E-02
  0.4306E-02
  0.4591E-02
  0.4884E-02
  0.5185E-02
  0.5492E-02
  0.5805E-02
  0.6128E-02
  0.6457E-02
  0.6793E-02
  0.7135E-02
  0.7483E-02
  0.7838E-02
  0.8199E-02
  0.8566E-02
  0.8939E-02
  0.9318E-02
  0.9704E-02
  0.1009E-01
  0.1044E-01
  0.1089E-01
  0.1130E-01
  0.1171E-01
  0.1213E-01
  0.1256E-01
  0.1298E-01
  0.1342E-01
  0.1386E-01
  0.1430E-01
  0.1475E-01
  0.1521E-01
  0.1566E-01
  0.1613E-01
  0.1659E-01
  0.1707E-01
  0.1755E-01
  0.1803E-01
  0.1844E-01
  0.1901E-01
  0.1950E-01
  0.2001E-01
  0.2052E-01
  0.2103E-01
  0.2154E-01
  0.2206E-01
  0.2259E-01
  0.2312E-01
  0.2364E-01
  0.2419E-01
  0.2473E-01
  0.2527E-01
  0.2584E-01
  0.2639E-01
  0.2695E-01
  0.2752E-01
  0.2810E-01
  0.2867E-01
  0.2924E-01
  0.2984E-01
  0.3043E-01
  0.3103E-01
  0.3163E-01
  0.3215E-01
  0.3285E-01
  0.3347E-01
  0.3409E-01
  0.3472E-01
  0.3534E-01
  0.3598E-01
  0.3660E-01
  0.3726E-01
  0.3787E-01
  0.3857E-01
  0.3923E-01
  0.3989E-01
  0.4041E-01
  0.4122E-01
  0.4193E-01
  0.4261E-01
  0.4319E-01
  0.4387E-01
  0.4471E-01
  0.4542E-01
  0.4612E-01
  0.4676E-01
  0.4579E-01
  0.4818E-01
  0.4901E-01
  0.4976E-01
  0.5050E-01
  0.5125E-01
  0.5195E-01
  0.5254E-01
  0.5319E-01
  0.5365E-01
  0.5491E-01
  0.5328E-01
  0.5653E-01
  0.5733E-01
  0.5792E-01
  0.5881E-01
  0.5973E-01
  0.6051E-01
  0.6132E-01
  0.6212E-01
  0.6294E-01
  0.6362E-01
  0.6445E-01
  0.6507E-01
  0.6532E-01
  0.6621E-01
  0.6766E-01
  0.6205E-01
  0.6938E-01
  0.6244E-01
  0.6948E-01
  0.7147E-01
  0.7276E-01
  0.7316E-01
  0.7440E-01
  0.7381E-01
  0.7613E-01
  0.7698E-01
  0.7764E-01
  0.7723E-01
  0.7947E-01
  0.8037E-01
  0.8119E-01
  0.7656E-01
  0.8249E-01
  0.8326E-01
  0.8387E-01
  0.8528E-01
  0.8597E-01
  0.8619E-01
  0.8094E-01
  0.8571E-01
  0.8887E-01
  0.8997E-01
  0.9024E-01
  0.7763E-01
  0.9210E-01
  0.9290E-01
  0.9384E-01
  0.9430E-01
  0.9429E-01
  0.9678E-01
  0.9764E-01
  0.9841E-01
  0.9907E-01
  0.9853E-01
  0.9897E-01
  0.9735E-01
  0.1016E+00
  0.9676E-01
  0.9880E-01
  0.1011E+00
  0.1047E+00
  0.1053E+00
  0.1065E+00
  0.1068E+00
  0.1083E+00
  0.1091E+00
  0.1098E+00
  0.1105E+00
  0.1112E+00
  0.1119E+00
  0.1125E+00
  0.1129E+00
  0.1119E+00
  0.1106E+00
  0.1114E+00
  0.1118E+00
  0.1155E+00
  0.1136E+00
  0.1165E+00
  0.1082E+00
  0.1150E+00
  0.1177E+00
  0.1199E+00
  0.1208E+00
  0.1215E+00
  0.1221E+00
  0.1227E+00
  0.1231E+00
  0.1236E+00
  0.1169E+00
  0.1246E+00
  0.1254E+00
  0.1260E+00
  0.1265E+00
  0.1269E+00
  0.1274E+00
  0.1277E+00
  0.1195E+00
  0.1264E+00
  0.9467E-01
  0.1273E+00
  0.1279E+00
  0.9641E-01
  0.1296E+00
  0.1284E+00
  0.1318E+00
  0.1322E+00
  0.1317E+00
  0.1267E+00
  0.1327E+00
  0.1339E+00
  0.1344E+00
  0.1348E+00
  0.1351E+00
  0.1354E+00
  0.1327E+00
  0.1358E+00
  0.1354E+00
  0.1320E+00
  0.1305E+00
  0.1363E+00
  0.1372E+00
  0.1379E+00
  0.1382E+00
  0.1383E+00
  0.1387E+00
  0.1388E+00
  0.1391E+00
  0.1315E+00
  0.1395E+00
  0.1399E+00
  0.1401E+00
  0.1403E+00
  0.1404E+00
  0.1402E+00
  0.1232E+00
  0.1399E+00
  0.1407E+00
  0.1350E+00
  0.1398E+00
  0.1415E+00
  0.1418E+00
  0.1419E+00
  0.1419E+00
  0.1381E+00
  0.1417E+00
  0.1424E+00
  0.1424E+00
  0.1425E+00
  0.1422E+00
  0.1428E+00
  0.1425E+00
  0.1431E+00
  0.1430E+00
  0.1433E+00
  0.1431E+00
  0.1144E+00
  0.1428E+00
  0.1417E+00
  0.1428E+00
  0.1401E+00
  0.1436E+00
  0.1186E+00
  0.1368E+00
  0.1441E+00
  0.1442E+00
  0.1443E+00
  0.1444E+00
  0.1444E+00
  0.1445E+00
  0.1446E+00
  0.1446E+00
  0.1423E+00
  0.1446E+00
  0.1448E+00
  0.1447E+00
  0.1431E+00
  0.1425E+00
  0.1450E+00
  0.1439E+00
  0.1452E+00
  0.1452E+00
  0.1453E+00
  0.1450E+00
  0.1351E+00
  0.1452E+00
  0.1455E+00
  0.1456E+00
  0.1455E+00
  0.1456E+00
  0.1457E+00
  0.1456E+00
  0.1455E+00
  0.1450E+00
  0.1274E+00
  0.1453E+00
  0.1456E+00
  0.1459E+00
  0.1460E+00
  0.1460E+00
  0.1460E+00
  0.1460E+00
  0.1460E+00
  0.1461E+00
  0.1461E+00
  0.1461E+00
  0.1461E+00
  0.1461E+00
  0.1460E+00
  0.1460E+00
  0.1457E+00
  0.1280E+00
  0.1326E+00
  0.1457E+00
  0.1459E+00
  0.1458E+00
  0.1458E+00
  0.1457E+00
  0.1457E+00
  0.1458E+00
  0.1457E+00
  0.1444E+00
  0.1456E+00
  0.1455E+00
  0.1444E+00
  0.1453E+00
  0.1453E+00
  0.1451E+00
  0.1450E+00
  0.1449E+00
  0.1440E+00
  0.1438E+00
  0.1445E+00
  0.1445E+00
  0.1443E+00
  0.1442E+00
  0.1440E+00
  0.1433E+00
  0.1426E+00
  0.1434E+00
  0.1434E+00
  0.1431E+00
  0.1422E+00
  0.1412E+00
  0.1416E+00
  0.1423E+00
  0.1422E+00
  0.1419E+00
  0.1414E+00
  0.1365E+00
  0.1411E+00
  0.1409E+00
  0.1405E+00
  0.1308E+00
  0.1374E+00
  0.1394E+00
  0.1376E+00
  0.1377E+00
  0.1384E+00
  0.1385E+00
  0.1377E+00
  0.1339E+00
  0.1358E+00
  0.1365E+00
  0.1367E+00
  0.1360E+00
  0.1346E+00
  0.1353E+00
  0.1316E+00
  0.1285E+00
  0.1279E+00
  0.1331E+00
  0.1323E+00
  0.1316E+00
  0.1198E+00
  0.1288E+00
  0.1252E+00
  0.1297E+00
  0.1245E+00
  0.1118E+00
  0.1272E+00
  0.1279E+00
  0.1255E+00
  0.8355E-01
  0.1116E+00
  0.1086E+00
  0.9640E-01
  0.1151E+00
  0.1188E+00
  0.1126E+00
  0.1022E+00
  0.9632E-01
  0.6149E-01
  0.9157E-01
  0.1064E+00
  0.1062E+00
  0.9490E-01
  0.7880E-01
  0.5668E-01
  0.8364E-01
  0.9218E-01
  0.9625E-01
  0.8664E-01
  0.5681E-01
  0.7108E-01
  0.6443E-01
  0.9226E-01
  0.8991E-01
  0.7265E-01
  0.6478E-01
  0.8293E-01
  0.7039E-01
  0.4142E-01
  0.4946E-01
  0.6237E-01
  0.7739E-01
  0.4296E-01
  0.7079E-01
  0.7547E-01
  0.7362E-01
  0.6899E-01
  0.4670E-01
  0.6866E-01
  0.7405E-01
  0.5668E-01
  0.5054E-01
  0.6236E-01
  0.5416E-01
  0.5718E-01
  0.4451E-01
  0.4842E-01
  0.5314E-01
  0.4516E-01
  0.5227E-01
  0.4012E-01
  0.4364E-01
  0.4071E-01
  0.3605E-01
  0.4582E-01
  0.4381E-01
  0.3776E-01
  0.3778E-01
  0.3786E-01
  0.3806E-01
  0.3856E-01
  0.3634E-01
  0.2796E-01
  0.3615E-01
  0.3602E-01
  0.3457E-01
  0.3441E-01
  0.3250E-01
  0.3374E-01
  0.3340E-01
  0.2705E-01
  0.3162E-01
  0.3135E-01
  0.2966E-01
  0.3266E-01
  0.3178E-01
  0.2880E-01
  0.3015E-01
  0.2846E-01
  0.3126E-01
  0.3043E-01
  0.2649E-01
  0.2883E-01
  0.3006E-01
  0.2942E-01
  0.2906E-01
  0.2374E-01
  0.2769E-01
  0.2886E-01
  0.2662E-01
  0.2562E-01
  0.2692E-01
  0.2792E-01
  0.2716E-01
  0.2384E-01
  0.2427E-01
  0.2412E-01
  0.2512E-01
  0.2334E-01
  0.2252E-01
  0.2246E-01
  0.2167E-01
  0.2293E-01
  0.2221E-01
  0.2124E-01
  0.2184E-01
  0.2150E-01
  0.2152E-01
  0.2143E-01
  0.2092E-01
  0.2053E-01
  0.2038E-01
  0.2020E-01
  0.2058E-01
  0.2023E-01
  0.1984E-01
  0.1973E-01
  0.1993E-01
  0.1987E-01
  0.1963E-01
  0.1924E-01
  0.1911E-01
  0.1902E-01
  0.1921E-01
  0.1878E-01
  0.1944E-01
  0.1872E-01
  0.1840E-01
  0.1832E-01
  0.1818E-01
  0.1828E-01
  0.1820E-01
  0.1782E-01
  0.1783E-01
  0.1761E-01
  0.1778E-01
  0.1769E-01
  0.1730E-01
  0.1722E-01
  0.1730E-01
  0.1733E-01
  0.1725E-01
  0.1674E-01
  0.1674E-01
  0.1704E-01
  0.1697E-01
  0.1680E-01
  0.1624E-01
  0.1671E-01
  0.1709E-01
  0.1692E-01
  0.1627E-01
  0.1665E-01
  0.1708E-01
  0.1804E-01
  0.1714E-01
  0.1654E-01
  0.1852E-01
  0.1692E-01
  0.1860E-01
  0.1578E-01
  0.1615E-01
  0.1742E-01
  0.1662E-01
  0.1791E-01
  0.1569E-01
  0.1830E-01
  0.1673E-01
  0.1446E-01
  0.1496E-01
  0.1583E-01
  0.1778E-01
  0.1806E-01
  0.1800E-01
  0.1723E-01
  0.1338E-01
  0.1689E-01
  0.1744E-01
  0.1501E-01
  0.1692E-01
  0.1529E-01
  0.1598E-01
  0.1701E-01
  0.1394E-01
  0.1626E-01
  0.1637E-01
  0.1275E-01
  0.1659E-01
  0.1698E-01
  0.1740E-01
  0.1724E-01
  0.1662E-01
  0.1377E-01
  0.1401E-01
  0.1714E-01
  0.1799E-01
  0.1769E-01
  0.1649E-01
  0.1523E-01
  0.1754E-01
  0.1961E-01
  0.2142E-01
  0.2192E-01
  0.1915E-01
  0.1645E-01
  0.1770E-01
  0.2426E-01
  0.2481E-01
  0.2011E-01
  0.1634E-01
  0.2629E-01
  0.1697E-01
  0.3262E-01
  0.2618E-01
  0.1555E-01
  0.1536E-01
  0.2927E-01
  0.3045E-01
  0.2509E-01
  0.1522E-01
  0.2672E-01
  0.2639E-01
  0.2669E-01
  0.2811E-01
  0.1860E-01
  0.1673E-01
  0.1436E-01
  0.2093E-01
  0.2940E-01
  0.2902E-01
  0.2648E-01
  0.1599E-01
  0.1979E-01
  0.2659E-01
  0.3216E-01
  0.2750E-01
  0.1628E-01
  0.1898E-01
  0.3026E-01
  0.3380E-01
  0.3020E-01
  0.1926E-01
  0.2012E-01
  0.3377E-01
  0.3898E-01
  0.3742E-01
  0.2517E-01
  0.2369E-01
  0.3930E-01
  0.4662E-01
  0.4670E-01
  0.3333E-01
  0.3143E-01
  0.5032E-01
  0.4901E-01
  0.2195E-01
  0.3078E-01
  0.4357E-01
  0.5097E-01
  0.5018E-01
  0.5313E-01
  0.4105E-01
  0.5226E-01
  0.5011E-01
  0.4731E-01
  0.4582E-01
  0.5027E-01
  0.5116E-01
  0.5098E-01
  0.4627E-01
  0.5003E-01
  0.5385E-01
  0.4571E-01
  0.5122E-01
  0.4406E-01
  0.5247E-01
  0.5348E-01
  0.4012E-01
  0.4144E-01
  0.4614E-01
  0.5353E-01
  0.5079E-01
  0.4296E-01
  0.3335E-01
  0.4055E-01
  0.5161E-01
  0.5191E-01
  0.5196E-01
  0.5089E-01
  0.4892E-01
  0.4805E-01
  0.4933E-01
  0.5113E-01
  0.5021E-01
  0.4892E-01
  0.4441E-01
  0.4970E-01
  0.5008E-01
  0.3745E-01
  0.4651E-01
  0.4361E-01
  0.2721E-01
  0.4862E-01
  0.4472E-01
  0.3456E-01
  0.4038E-01
  0.4597E-01
  0.4060E-01
  0.4150E-01
  0.4494E-01
  0.4245E-01
  0.2264E-01
  0.4424E-01
  0.3822E-01
  0.3259E-01
  0.3429E-01
  0.2869E-01
  0.3245E-01
  0.3847E-01
  0.2426E-01
  0.3510E-01
  0.3704E-01
  0.2962E-01
  0.3623E-01
  0.1285E-01
  0.3563E-01
  0.1181E-01
  0.2297E-01
  0.2449E-01
  0.2918E-01
  0.1727E-01
  0.3123E-01
  0.1679E-01
  0.2901E-01
  0.1581E-01
  0.1881E-01
  0.2571E-01
  0.1089E-01
  0.2233E-01
  0.2419E-01
  0.7338E-02
  0.1042E-01
  0.1960E-01
  0.8120E-02
  0.2029E-01
  0.1617E-01
  0.6107E-02
  0.1749E-01
  0.1759E-01
  0.7325E-02
  0.1361E-01
  0.1645E-01
  0.1269E-01
  0.6548E-02
  0.1530E-01
  0.1651E-01
  0.1148E-01
  0.6520E-02
  0.1655E-01
  0.1718E-01
  0.1942E-01
  0.2433E-01
  0.2221E-01
  0.1464E-01
  0.6033E-02
  0.7551E-02
  0.1157E-01
  0.1343E-01
  0.1265E-01
  0.1292E-01
  0.1158E-01
  0.1004E-01
  0.8621E-02
  0.7539E-02
  0.6952E-02
  0.7019E-02
  0.7895E-02
  0.9734E-02
  0.1231E-01
  0.1554E-01
  0.1735E-01
  0.2051E-01
  0.1907E-01
  0.8811E-02
  0.2059E-01
  0.1636E-01
  0.2327E-01
  0.2834E-01
  0.2600E-01
  0.2855E-01
  0.2944E-01
  0.2747E-01
  0.3201E-01
  0.3096E-01
  0.2340E-01
  0.3136E-01
  0.3056E-01
  0.1356E-01
  0.2979E-01
  0.2992E-01
  0.2632E-01
  0.2083E-01
  0.1622E-01
  0.2953E-01
  0.2584E-01
  0.1663E-01
  0.2786E-01
  0.2276E-01
  0.2306E-01
  0.7583E-02
  0.2548E-01
  0.1985E-01
  0.2009E-01
  0.2095E-01
  0.4336E-02
  0.1486E-01
  0.6850E-02
  0.7742E-02
  0.9374E-02
  0.5451E-02
  0.6866E-02
  0.1256E-01
  0.4194E-02
  0.1241E-01
  0.9589E-02
  0.5269E-02
  0.1050E-01
  0.7901E-02
  0.4547E-02
  0.9639E-02
  0.7995E-02
  0.3155E-02
  0.7980E-02
  0.7878E-02
  0.3851E-02
  0.5473E-02
  0.8012E-02
  0.6661E-02
  0.2969E-02
  0.5810E-02
  0.7266E-02
  0.7914E-02
  0.5737E-02
  0.1119E-01
  0.9239E-02
  0.3090E-02
  0.4134E-02
  0.6132E-02
  0.6793E-02
  0.6433E-02
  0.5929E-02
  0.4783E-02
  0.3601E-02
  0.2876E-02
  0.2624E-02
  0.2378E-02
  0.2171E-02
  0.2424E-02
  0.2714E-02
  0.3638E-02
  0.5268E-02
  0.6980E-02
  0.8062E-02
  0.7883E-02
  0.5990E-02
  0.5141E-02
  0.4284E-02
  0.1182E-01
  0.8099E-02
  0.1685E-01
  0.7204E-02
  0.1029E-01
  0.1836E-01
  0.1753E-01
  0.1935E-01
  0.2004E-01
  0.2110E-01
  0.2043E-01
  0.2132E-01
  0.2130E-01
  0.2132E-01
  0.2126E-01
  0.2117E-01
  0.2109E-01
  0.2100E-01
  0.2091E-01
  0.2081E-01
  0.2071E-01
  0.2061E-01
  0.2051E-01
  0.2041E-01
  0.2031E-01
  0.2021E-01
  0.2011E-01
  0.2001E-01
  0.1991E-01
  0.1981E-01
  0.1971E-01
  0.1961E-01
  0.1950E-01
  0.1940E-01
  0.1930E-01
  0.1919E-01
  0.1910E-01
  0.1900E-01
  0.1889E-01
  0.1879E-01
  0.1869E-01
  0.1858E-01
  0.1848E-01
  0.1836E-01
  0.1827E-01
  0.1817E-01
  0.1804E-01
  0.1795E-01
  0.1785E-01
  0.1774E-01
  0.1764E-01
  0.1753E-01
  0.1742E-01
  0.1731E-01
  0.1720E-01
  0.1709E-01
  0.1698E-01
  0.1686E-01
  0.1675E-01
  0.1664E-01
  0.1652E-01
  0.1641E-01
  0.1629E-01
  0.1618E-01
  0.1606E-01
  0.1585E-01
  0.1567E-01
  0.1552E-01
  0.1536E-01
  0.1527E-01
  0.1513E-01
  0.1500E-01
  0.1487E-01
  0.1472E-01
  0.1455E-01
  0.1438E-01
  0.1424E-01
  0.1408E-01
  0.1390E-01
  0.1375E-01
  0.1359E-01
  0.1339E-01
  0.1324E-01
  0.1308E-01
  0.1286E-01
  0.1262E-01
  0.1253E-01
  0.1235E-01
  0.1195E-01
  0.1190E-01
  0.1164E-01
  0.1140E-01
  0.1037E-01
  0.1102E-01
  0.1046E-01
  0.1041E-01
  0.1012E-01
  0.9367E-02
  0.9712E-02
  0.7393E-02
  0.7363E-02
  0.9150E-02
  0.8489E-02
  0.3435E-02
  0.8221E-02
  0.7823E-02
  0.1632E-02
  0.6554E-02
  0.6845E-02
  0.1220E-02
  0.5431E-02
  0.5647E-02
  0.1972E-02
  0.4055E-02
  0.3500E-02
  0.2341E-02
  0.2768E-02
  0.3626E-02
  0.2419E-02
  0.1390E-02
  0.2338E-02
  0.2460E-02
  0.7911E-03
  0.1749E-02
  0.2316E-02
  0.7755E-03
  0.1362E-02
  0.2367E-02
  0.1214E-02
  0.1417E-02
  0.2445E-02
  0.2096E-02
  0.1507E-02
  0.2378E-02
  0.2117E-02
  0.5652E-03
  0.1707E-02
  0.1699E-02
  0.9132E-03
  0.1179E-02
  0.1447E-02
  0.1174E-02
  0.7669E-03
  0.1352E-02
  0.1307E-02
  0.6479E-03
  0.1160E-02
  0.1260E-02
  0.9852E-03
  0.7024E-03
  0.9621E-03
  0.9872E-03
  0.6223E-03
  0.9760E-03
  0.1084E-02
  0.9189E-03
  0.8863E-03
  0.9753E-03
  0.1089E-02
  0.1160E-02
  0.1245E-02
  0.1290E-02
  0.1291E-02
  0.1207E-02
  0.1305E-02
  0.1334E-02
  0.1239E-02
  0.1408E-02
  0.1468E-02
  0.1450E-02
  0.1589E-02
  0.1627E-02
  0.1652E-02
  0.1701E-02
  0.1708E-02
  0.1748E-02
  0.1771E-02
  0.1619E-02
  0.1796E-02
  0.1824E-02
  0.1766E-02
  0.1836E-02
  0.1829E-02
  0.1802E-02
  0.1834E-02
  0.1828E-02
  0.1791E-02
  0.1767E-02
  0.1593E-02
  0.1710E-02
  0.1611E-02
  0.1694E-02
  0.1626E-02
  0.7146E-03
  0.1515E-02
  0.1569E-02
  0.1416E-02
  0.1161E-02
  0.1023E-02
  0.1338E-02
  0.1355E-02
  0.9509E-03
  0.6825E-03
  0.1081E-02
  0.1158E-02
  0.5942E-03
  0.6566E-03
  0.1030E-02
  0.9039E-03
  0.3334E-03
  0.7846E-03
  0.9197E-03
  0.6149E-03
  0.5006E-03
  0.8054E-03
  0.7763E-03
  0.2016E-03
  0.7156E-03
  0.8258E-03
  0.5750E-03
  0.6531E-03
  0.6829E-03
  0.5246E-03
  0.4732E-03
  0.5909E-03
  0.5123E-03
  0.4010E-03
  0.4031E-03
  0.5153E-03
  0.3766E-03
  0.5179E-03
  0.4718E-03
  0.3497E-03
  0.4744E-03
  0.4784E-03
  0.3988E-03
  0.4993E-03
  0.4456E-03
  0.4388E-03
  0.4656E-03
  0.3720E-03
  0.5176E-03
  0.5436E-03
  0.3074E-03
  0.5413E-03
  0.5413E-03
  0.4572E-03
  0.5487E-03
  0.5676E-03
  0.4768E-03
  0.5107E-03
  0.5978E-03
  0.6630E-03
  0.6994E-03
  0.7301E-03
  0.7549E-03
  0.7763E-03
  0.7969E-03
  0.8269E-03
  0.8493E-03
  0.8449E-03
  0.9002E-03
  0.9173E-03
  0.9371E-03
  0.9821E-03
  0.1024E-02
  0.1059E-02
  0.1103E-02
  0.1142E-02
  0.1135E-02
  0.1231E-02
  0.1273E-02
  0.1313E-02
  0.1361E-02
  0.1395E-02
  0.1446E-02
  0.1491E-02
  0.1535E-02
  0.1583E-02
  0.1619E-02
  0.1666E-02
  0.1703E-02
  0.1745E-02
  0.1775E-02
  0.1813E-02
  0.1852E-02
  0.1892E-02
  0.1917E-02
  0.1948E-02
  0.1971E-02
  0.1977E-02
  0.1982E-02
  0.2030E-02
  0.2101E-02
  0.2136E-02
  0.2156E-02
  0.2159E-02
  0.1257E-02
  0.2227E-02
  0.2261E-02
  0.2275E-02
  0.2319E-02
  0.2318E-02
  0.2244E-02
  0.2026E-02
  0.2424E-02
  0.1680E-02
  0.2456E-02
  0.2488E-02
  0.2519E-02
  0.2425E-02
  0.2538E-02
  0.2577E-02
  0.2583E-02
  0.2469E-02
  0.1820E-02
  0.2612E-02
  0.2052E-02
  0.2581E-02
  0.2671E-02
  0.2669E-02
  0.2684E-02
  0.1767E-02
  0.2687E-02
  0.2287E-02
  0.2716E-02
  0.2720E-02
  0.2743E-02
  0.2726E-02
  0.2610E-02
  0.2529E-02
  0.2300E-02
  0.2223E-02
  0.2595E-02
  0.2779E-02
  0.2321E-02
  0.2801E-02
  0.2515E-02
  0.2705E-02
  0.1485E-02
  0.2786E-02
  0.2635E-02
  0.1587E-02
  0.2518E-02
  0.2654E-02
  0.2625E-02
  0.2745E-02
  0.2386E-02
  0.2327E-02
  0.2789E-02
  0.2768E-02
  0.2740E-02
  0.2447E-02
  0.2726E-02
  0.2741E-02
  0.2700E-02
  0.2282E-02
  0.2322E-02
  0.2563E-02
  0.2187E-02
  0.2520E-02
  0.2429E-02
  0.2669E-02
  0.2683E-02
  0.2672E-02
  0.2574E-02
  0.2662E-02
  0.2649E-02
  0.2567E-02
  0.2508E-02
  0.2565E-02
  0.1581E-02
  0.1316E-02
  0.1923E-02
  0.2465E-02
  0.2543E-02
  0.2535E-02
  0.1485E-02
  0.2518E-02
  0.2510E-02
  0.2389E-02
  0.1540E-02
  0.2460E-02
  0.2462E-02
  0.2443E-02
  0.2379E-02
  0.5909E-03
  0.2326E-02
  0.2394E-02
  0.2394E-02
  0.2385E-02
  0.2366E-02
  0.2362E-02
  0.2351E-02
  0.2339E-02
  0.2326E-02
  0.2313E-02
  0.2289E-02
  0.2286E-02
  0.2274E-02
  0.2259E-02
  0.2236E-02
  0.2178E-02
  0.2223E-02
  0.2211E-02
  0.2198E-02
  0.2065E-02
  0.2169E-02
  0.2146E-02
  0.2146E-02
  0.2132E-02
  0.2077E-02
  0.2102E-02
  0.2049E-02
  0.2080E-02
  0.2066E-02
  0.2049E-02
  0.2016E-02
  0.1778E-02
  0.1850E-02
  0.1983E-02
  0.1984E-02
  0.1971E-02
  0.1891E-02
  0.1157E-02
  0.1927E-02
  0.1924E-02
  0.1837E-02
  0.1886E-02
  0.1893E-02
  0.1882E-02
  0.1866E-02
  0.1835E-02
  0.9171E-03
  0.1635E-02
  0.1374E-02
  0.1798E-02
  0.1792E-02
  0.1788E-02
  0.1659E-02
  0.1759E-02
  0.1713E-02
  0.1176E-02
  0.7940E-03
  0.1620E-02
  0.1686E-02
  0.1629E-02
  0.3392E-03
  0.1244E-02
  0.1525E-02
  0.1630E-02
  0.1635E-02
  0.1633E-02
  0.1624E-02
  0.1594E-02
  0.1468E-02
  0.1542E-02
  0.1575E-02
  0.1555E-02
  0.1504E-02
  0.1422E-02
  0.1438E-02
  0.1437E-02
  0.1483E-02
  0.1502E-02
  0.1243E-02
  0.1450E-02
  0.1462E-02
  0.1468E-02
  0.1352E-02
  0.1440E-02
  0.1406E-02
  0.1266E-02
  0.4981E-03
  0.1384E-02
  0.1401E-02
  0.1373E-02
  0.1326E-02
  0.1382E-02
  0.1369E-02
  0.1350E-02
  0.1284E-02
  0.9162E-03
  0.1187E-02
  0.1284E-02
  0.2848E-03
  0.8582E-03
  0.1287E-02
  0.1280E-02
  0.1240E-02
  0.9923E-03
  0.1248E-02
  0.1266E-02
  0.1237E-02
  0.1250E-02
  0.1241E-02
  0.1206E-02
  0.1085E-02
  0.1189E-02
  0.2700E-03
  0.6392E-03
  0.1185E-02
  0.1187E-02
  0.1181E-02
  0.1144E-02
  0.1167E-02
  0.1160E-02
  0.1150E-02
  0.1143E-02
  0.9936E-03
  0.1123E-02
  0.1099E-02
  0.9589E-03
  0.8774E-03
  0.1088E-02
  0.1077E-02
  0.1071E-02
  0.5540E-03
  0.1063E-02
  0.1059E-02
  0.9140E-03
  0.1048E-02
  0.1031E-02
  0.1012E-02
  0.5374E-03
  0.1015E-02
  0.8990E-03
  0.1006E-02
  0.1004E-02
  0.9989E-03
  0.9817E-03
  0.9737E-03
  0.9636E-03
  0.9716E-03
  0.9431E-03
  0.9344E-03
  0.9525E-03
  0.9482E-03
  0.9376E-03
  0.9309E-03
  0.9177E-03
  0.9176E-03
  0.6549E-03
  0.7343E-03
  0.8827E-03
  0.8926E-03
  0.8876E-03
  0.8880E-03
  0.8807E-03
  0.8715E-03
  0.8607E-03
  0.8650E-03
  0.8575E-03
  0.6474E-03
  0.8490E-03
  0.8434E-03
  0.8352E-03
  0.8233E-03
  0.7836E-03
  0.6586E-03
  0.7844E-03
  0.7995E-03
  0.7476E-03
  0.7979E-03
  0.7859E-03
  0.7523E-03
  0.7732E-03
  0.6561E-03
  0.7660E-03
  0.7593E-03
  0.7629E-03
  0.7542E-03
  0.7330E-03
  0.7359E-03
  0.7334E-03
  0.6966E-03
  0.7268E-03
  0.6905E-03
  0.6985E-03
  0.6675E-03
  0.7035E-03
  0.6791E-03
  0.6200E-03
  0.6874E-03
  0.6820E-03
  0.6406E-03
  0.6778E-03
  0.6673E-03
  0.5530E-03
  0.5626E-03
  0.6489E-03
  0.6462E-03
  0.6243E-03
  0.6415E-03
  0.5810E-03
  0.5951E-03
  0.4279E-03
  0.5837E-03
  0.6077E-03
  0.5837E-03
  0.2858E-03
  0.4910E-03
  0.5121E-03
  0.5427E-03
  0.5384E-03
  0.4724E-03
  0.6119E-04
  0.3413E-03
  0.4272E-03
  0.4353E-03
  0.4081E-03
  0.2905E-03
  0.1109E-04
  0.2942E-03
  0.3777E-03
  0.3638E-03
  0.2833E-03
  0.9339E-04
  0.9794E-04
  0.2179E-03
  0.2428E-03
  0.1692E-03
  0.2723E-03
  0.1018E-04
  0.6080E-04
  0.1126E-04
  0.2119E-03
  0.2574E-03
  0.1093E-03
  0.6573E-05
  0.8765E-05
  0.6750E-04
  0.5817E-04
  0.3576E-04
  0.1475E-03
  0.1139E-04
  0.5027E-04
  0.8692E-04
  0.1662E-03
  0.1034E-03
  0.1576E-04
  0.3640E-04
  0.6983E-05
  0.6514E-05
  0.3300E-04
  0.3160E-04
  0.4098E-04
  0.1039E-04
  0.8212E-05
  0.7140E-05
  0.6643E-05
  0.1747E-04
  0.1728E-04
  0.1004E-04
  0.6823E-05
  0.5547E-05
  0.7913E-05
  0.1081E-04
  0.1093E-04
  0.7528E-05
  0.5299E-05
  0.5868E-05
  0.8805E-05
  0.1176E-04
  0.1083E-04
  0.6509E-05
  0.4690E-05
  0.1239E-04
  0.2750E-04
  0.2494E-04
  0.1205E-04
  0.3718E-05
  0.4672E-05
  0.6154E-05
  0.9761E-05
  0.3671E-04
  0.5798E-04
  0.5996E-04
  0.6914E-05
  0.7147E-04
  0.1810E-03
  0.1922E-03
  0.2285E-03
  0.1173E-04
  0.1653E-03
  0.1781E-03
  0.6966E-04
  0.1310E-04
  0.2785E-04
  0.1033E-03
  0.9868E-04
  0.3420E-04
  0.5863E-05
  0.5612E-04
  0.1123E-03
  0.7083E-04
  0.4768E-05
  0.6722E-04
  0.1332E-03
  0.1159E-03
  0.2244E-04
  0.6515E-04
  0.1898E-03
  0.1951E-03
  0.8865E-04
  0.8440E-04
  0.2106E-03
  0.2363E-03
  0.1483E-03
  0.1082E-03
  0.2167E-03
  0.2509E-03
  0.1312E-03
  0.1170E-03
  0.2044E-03
  0.2478E-03
  0.1579E-03
  0.1150E-03
  0.1990E-03
  0.2271E-03
  0.1431E-03
  0.1059E-03
  0.4539E-04
  0.1518E-03
  0.2017E-03
  0.1712E-03
  0.1277E-03
  0.3745E-05
  0.1178E-04
  0.1303E-03
  0.8237E-04
  0.4549E-04
  0.7777E-05
  0.6032E-04
  0.9514E-04
  0.6408E-04
  0.6819E-05
  0.8235E-05
  0.4137E-04
  0.5726E-04
  0.3098E-04
  0.3545E-05
  0.8504E-05
  0.3496E-04
  0.1203E-04
  0.9444E-05
  0.2757E-05
  0.1173E-04
  0.2758E-04
  0.2195E-04
  0.1313E-05
  0.2664E-05
  0.1010E-04
  0.6427E-05
  0.2483E-05
  0.1804E-05
  0.4674E-05
  0.2245E-05
  0.3211E-05
  0.3813E-05
  0.5538E-05
  0.2636E-05
  0.2586E-05
  0.1841E-05
  0.2479E-05
  0.1004E-05
  0.2581E-05
  0.2307E-05
  0.1537E-05
  0.1887E-05
  0.2185E-05
  0.2203E-05
  0.2056E-05
  0.1601E-05
  0.1378E-05
  0.1816E-05
  0.1996E-05
  0.1916E-05
  0.1589E-05
  0.9910E-06
  0.1755E-05
  0.1832E-05
  0.1946E-05
  0.1718E-05
  0.9032E-06
  0.1875E-05
  0.1519E-05
  0.8466E-06
  0.1044E-05
  0.1867E-05
  0.1881E-05
  0.1308E-05
  0.1555E-05
  0.1958E-05
  0.2210E-05
  0.2158E-05
  0.1440E-05
  0.1950E-05
  0.4632E-05
  0.3554E-05
  0.1402E-05
  0.1628E-05
  0.2241E-05
  0.6661E-05
  0.4754E-05
  0.6784E-05
  0.1425E-05
  0.1416E-05
  0.5708E-05
  0.9408E-05
  0.4131E-05
  0.1939E-05
  0.1561E-05
  0.4378E-05
  0.9730E-05
  0.2658E-05
  0.3849E-05
  0.1459E-05
  0.4324E-05
  0.9905E-05
  0.2064E-05
  0.7530E-05
  0.1398E-05
  0.5749E-05
  0.1342E-04
  0.1954E-04
  0.1110E-04
  0.1572E-05
  0.1073E-05
  0.1651E-05
  0.7125E-05
  0.2112E-04
  0.3457E-04
  0.3564E-04
  0.1567E-04
  0.5387E-05
  0.4920E-04
  0.4748E-04
  0.3790E-04
  0.3664E-04
  0.2483E-04
  0.6831E-04
  0.4528E-04
  0.3172E-04
  0.6784E-04
  0.6984E-04
  0.4793E-04
  0.4538E-04
  0.3030E-04
  0.6056E-04
  0.2745E-04
  0.4563E-04
  0.6361E-04
  0.4027E-04
  0.5063E-04
  0.2945E-04
  0.4954E-04
  0.7430E-05
  0.5743E-04
  0.4106E-04
  0.6441E-04
  0.8270E-04
  0.9216E-04
  0.5741E-04
  0.2103E-04
  0.7053E-04
  0.5853E-04
  0.6955E-04
  0.6544E-04
  0.7900E-04
  0.3941E-04
  0.2187E-04
  0.7445E-04
  0.5093E-04
  0.6731E-04
  0.5332E-04
  0.1841E-04
  0.3187E-04
  0.8571E-05
  0.3465E-04
  0.3597E-04
  0.7707E-05
  0.4575E-04
  0.3952E-04
  0.1508E-04
  0.2141E-04
  0.8617E-05
  0.6933E-05
  0.3005E-04
  0.8450E-05
  0.9290E-06
  0.3155E-05
  0.6253E-05
  0.1096E-05
  0.1290E-05
  0.3719E-05
  0.1042E-05
  0.9366E-06
  0.6567E-06
  0.2333E-05
  0.9863E-06
  0.1384E-05
  0.9243E-06
  0.7619E-06
  0.9482E-06
  0.8450E-06
  0.5182E-06
  0.7072E-06
  0.5935E-06
  0.5439E-06
  0.4186E-06
  0.5629E-06
  0.5920E-06
  0.3787E-06
  0.5699E-06
  0.4815E-06
  0.2919E-06
  0.4410E-06
  0.4288E-06
  0.4203E-06
  0.3378E-06
  0.3100E-06
  0.3951E-06
  0.2970E-06
  0.3397E-06
  0.2951E-06
  0.2979E-06
  0.3069E-06
  0.1947E-06
  0.1953E-06
  0.2616E-06
  0.1707E-06
  0.1855E-06
  0.1982E-06
  0.1658E-06
  0.1998E-06
  0.1813E-06
  0.1613E-06
  0.1785E-06
  0.1798E-06
  0.1657E-06
  0.1697E-06
  0.1724E-06
  0.1681E-06
  0.1485E-06
  0.1641E-06
  0.1644E-06
  0.1607E-06
  0.1528E-06
  0.1453E-06
  0.1537E-06
  0.1532E-06
  0.1481E-06
  0.1599E-06
  0.1511E-06
  0.1395E-06
  0.1316E-06
  0.1401E-06
  0.1422E-06
  0.1426E-06
  0.1413E-06
  0.1396E-06
  0.1297E-06
  0.1349E-06
  0.1318E-06
  0.1298E-06
  0.1290E-06
  0.1290E-06
  0.1285E-06
  0.1288E-06
  0.1312E-06
  0.1184E-06
  0.1140E-06
  0.1176E-06
  0.1123E-06
  0.1175E-06
  0.1070E-06
  0.1085E-06
  0.1064E-06
  0.1064E-06
  0.1041E-06
  0.1072E-06
  0.1013E-06
  0.9961E-07
  0.9898E-07
  0.1029E-06
  0.9673E-07
  0.9549E-07
  0.1055E-06
  0.9340E-07
  0.9245E-07
  0.9662E-07
  0.9080E-07
  0.9012E-07
  0.9391E-07
  0.9329E-07
  0.8699E-07
  0.8613E-07
  0.8892E-07
  0.8626E-07
  0.8803E-07
  0.8347E-07
  0.8138E-07
  0.8509E-07
  0.8036E-07
  0.7888E-07
  0.7926E-07
  0.7768E-07
  0.7680E-07
  0.7612E-07
  0.7589E-07
  0.7825E-07
  0.7348E-07
  0.7877E-07
  0.7359E-07
  0.7191E-07
  0.7086E-07
  0.6998E-07
  0.6917E-07
  0.6840E-07
  0.6768E-07
  0.6698E-07
  0.6630E-07
  0.6627E-07
  0.6522E-07
  0.6623E-07
  0.6959E-07
  0.7009E-07
  0.6615E-07
  0.6947E-07
  0.7023E-07
  0.6212E-07
  0.7327E-07
  0.6228E-07
  0.7794E-07
  0.8256E-07
  0.8829E-07
  0.9488E-07
  0.1018E-06
  0.1086E-06
  0.1150E-06
  0.1214E-06
  0.1284E-06
  0.1364E-06
  0.1529E-06
  0.1627E-06
  0.1762E-06
  0.2012E-06
  0.2558E-06
  0.2934E-06
  0.8990E-06
  0.1533E-05
  0.2541E-06
  0.5844E-05
  0.9954E-05
  0.2202E-06
  0.1295E-04
  0.1512E-04
  0.3009E-05
  0.7462E-05
  0.1486E-04
  0.1008E-04
  0.1545E-06
  0.1115E-04
  0.1536E-04
  0.1162E-04
  0.3858E-06
  0.1349E-04
  0.1819E-04
  0.9826E-05
  0.1359E-04
  0.1472E-04
  0.1282E-04
  0.8155E-05
  0.2006E-05
  0.1458E-06
  0.2090E-05
  0.4730E-05
  0.6245E-05
  0.8201E-05
  0.8856E-05
  0.9209E-05
  0.9617E-05
  0.7609E-05
  0.7948E-05
  0.6434E-05
  0.3003E-05
  0.1602E-05
  0.1104E-04
  0.1403E-04
  0.1280E-04
  0.8499E-05
  0.1358E-04
  0.1739E-04
  0.8249E-05
  0.1788E-04
  0.1302E-04
  0.1105E-04
  0.1588E-04
  0.1423E-04
  0.1149E-04
  0.1535E-04
  0.1469E-04
  0.4749E-05
  0.8918E-05
  0.1275E-04
  0.9025E-05
  0.1834E-06
  0.7478E-05
  0.7176E-05
  0.4798E-05
  0.1612E-06
  0.5643E-05
  0.7208E-05
  0.1336E-05
  0.1181E-05
  0.6289E-05
  0.4297E-05
  0.6194E-07
  0.4096E-05
  0.6356E-05
  0.1767E-05
  0.1540E-05
  0.8923E-05
  0.8303E-05
  0.1745E-05
