 Longwave optical depth [dimless]
  0.2377E-04
  0.2716E-04
  0.3201E-04
  0.4036E-04
  0.3350E-03
  0.7312E-04
  0.7997E-04
  0.1132E-03
  0.5971E-03
  0.7084E-03
  0.6249E-03
  0.2615E-02
  0.1495E-02
  0.3451E-02
  0.3090E+00
  0.4463E-02
  0.2091E-02
  0.1609E-02
  0.2509E-02
  0.2770E-01
  0.5024E-02
  0.2223E-02
  0.1987E-02
  0.2408E-02
  0.3509E-02
  0.1248E-01
  0.1154E-01
  0.8723E-02
  0.4641E-01
  0.2421E+00
  0.3821E+00
  0.3840E-01
  0.4514E+00
  0.9292E-02
  0.7625E-02
  0.7459E-02
  0.1341E-01
  0.1993E+00
  0.1025E-01
  0.8226E-02
  0.9451E-02
  0.1473E-01
  0.4494E+00
  0.9335E-01
  0.4548E+00
  0.4016E+01
  0.5959E-01
  0.1824E+00
  0.2127E-01
  0.1017E+01
  0.4910E-01
  0.2676E-01
  0.1365E-01
  0.6457E-01
  0.4233E-01
  0.2788E-01
  0.3188E-01
  0.1673E+01
  0.2865E+00
  0.9953E-01
  0.1064E+00
  0.5877E-01
  0.9755E-01
  0.2890E+01
  0.1125E+00
  0.1076E+01
  0.2914E-01
  0.2552E-01
  0.4286E-01
  0.1689E+00
  0.5017E+00
  0.2071E+00
  0.6828E-01
  0.1151E+01
  0.1185E+00
  0.4529E-01
  0.1109E+01
  0.5161E-01
  0.2205E+00
  0.2710E+00
  0.3545E+00
  0.6819E-01
  0.6626E-01
  0.8243E+00
  0.2994E+00
  0.9724E-01
  0.3532E-01
  0.3721E-01
  0.1657E+01
  0.4096E-01
  0.2110E-01
  0.1892E-01
  0.2344E-01
  0.4042E-01
  0.5114E-01
  0.2757E+00
  0.1469E+00
  0.6003E+00
  0.6875E-01
  0.5639E-01
  0.1365E+00
  0.1205E+01
  0.2067E+00
  0.4123E-01
  0.9724E-01
  0.5705E+00
  0.5107E+00
  0.4170E-01
  0.3896E-01
  0.4428E-01
  0.2656E+00
  0.4147E+01
  0.3046E+00
  0.3969E-01
  0.2520E-01
  0.2699E-01
  0.3036E-01
  0.6134E-01
  0.2902E+00
  0.4270E+00
  0.9469E+00
  0.1408E+00
  0.5019E+01
  0.5952E-01
  0.5470E-01
  0.1944E+00
  0.1160E+00
  0.3216E-01
  0.2137E-01
  0.2079E-01
  0.1877E-01
  0.2033E-01
  0.7534E-01
  0.6010E-01
  0.8865E-01
  0.3910E+00
  0.3244E+00
  0.6752E-01
  0.2319E+01
  0.4786E-01
  0.6924E+01
  0.5741E+00
  0.1306E+00
  0.2941E-01
  0.1289E+00
  0.3480E-01
  0.2257E+00
  0.1866E-01
  0.2029E-01
  0.4620E-01
  0.2683E+00
  0.2278E-01
  0.1531E-01
  0.1815E-01
  0.1554E+01
  0.6450E-01
  0.6975E-01
  0.7869E-01
  0.2580E-01
  0.3862E-01
  0.9709E-01
  0.1986E+01
  0.3792E+00
  0.6807E-01
  0.4292E-01
  0.8629E-01
  0.7313E+01
  0.6300E-01
  0.5892E-01
  0.5615E-01
  0.7398E-01
  0.1266E+00
  0.1573E-01
  0.1219E-01
  0.1281E-01
  0.1911E-01
  0.8975E-01
  0.1093E+00
  0.3135E+00
  0.4488E-01
  0.5323E+00
  0.3608E+00
  0.2075E+00
  0.3652E-01
  0.4727E-01
  0.2470E-01
  0.4198E-01
  0.8159E-02
  0.6969E-02
  0.6467E-02
  0.6338E-02
  0.6540E-02
  0.7516E-02
  0.9436E-02
  0.1808E-01
  0.7864E-01
  0.1566E+00
  0.1547E+00
  0.1658E+00
  0.4056E-01
  0.8254E-01
  0.4517E-01
  0.6459E+00
  0.1485E+00
  0.5708E-01
  0.1788E-01
  0.8705E-02
  0.6292E-02
  0.5337E-02
  0.5121E-02
  0.7264E-02
  0.8818E-02
  0.2703E+00
  0.1252E-01
  0.5378E-02
  0.4458E-02
  0.4569E-02
  0.5615E-02
  0.6422E-02
  0.1094E-01
  0.2682E+00
  0.6561E-01
  0.4615E+01
  0.6647E-01
  0.6141E-01
  0.4858E+01
  0.3248E-01
  0.7331E-01
  0.8200E-02
  0.8311E-02
  0.2668E-01
  0.1749E+00
  0.2343E-01
  0.5351E-02
  0.3729E-02
  0.3466E-02
  0.3608E-02
  0.4367E-02
  0.6893E-01
  0.8648E-02
  0.2370E-01
  0.1128E+00
  0.1731E+00
  0.2275E-01
  0.1058E-01
  0.3875E-02
  0.3284E-02
  0.4752E-02
  0.2962E-02
  0.4852E-02
  0.4344E-02
  0.1298E+00
  0.6266E-02
  0.2677E-02
  0.2397E-02
  0.3088E-02
  0.4512E-02
  0.1083E-01
  0.6420E+00
  0.2316E-01
  0.1173E-01
  0.1561E+00
  0.3542E-01
  0.5878E-02
  0.3342E-02
  0.3030E-02
  0.5523E-02
  0.7925E-01
  0.1247E-01
  0.3639E-02
  0.4629E-02
  0.5587E-02
  0.1206E-01
  0.3473E-02
  0.1183E-01
  0.1958E-02
  0.5344E-02
  0.2432E-02
  0.6901E-02
  0.3146E+01
  0.1513E-01
  0.3848E-01
  0.1700E-01
  0.7617E-01
  0.6012E-02
  0.6377E+00
  0.1339E+00
  0.2132E-02
  0.1269E-02
  0.1113E-02
  0.9016E-03
  0.9358E-03
  0.7995E-03
  0.1011E-02
  0.1844E-02
  0.4069E-01
  0.2674E-02
  0.1728E-02
  0.4133E-02
  0.3373E-01
  0.4678E-01
  0.2363E-02
  0.1217E-01
  0.8809E-03
  0.9978E-03
  0.9145E-03
  0.5821E-02
  0.1660E+00
  0.4245E-02
  0.9303E-03
  0.6643E-03
  0.2129E-02
  0.6030E-03
  0.7993E-03
  0.2653E-02
  0.4335E-02
  0.1187E-01
  0.3762E+00
  0.9419E-02
  0.4602E-02
  0.1801E-02
  0.6796E-03
  0.5077E-03
  0.5775E-03
  0.5278E-03
  0.4331E-03
  0.3610E-03
  0.4444E-03
  0.3950E-03
  0.5458E-03
  0.5146E-03
  0.9688E-03
  0.1328E-02
  0.4806E-02
  0.3605E+00
  0.2569E+00
  0.5120E-02
  0.1858E-02
  0.2313E-02
  0.1206E-02
  0.1941E-02
  0.1326E-02
  0.6055E-03
  0.5343E-03
  0.1480E-01
  0.7029E-03
  0.6591E-03
  0.1147E-01
  0.2449E-02
  0.9076E-03
  0.1238E-02
  0.1337E-02
  0.1766E-02
  0.1244E-01
  0.1537E-01
  0.3709E-02
  0.1616E-02
  0.1690E-02
  0.1100E-02
  0.2090E-02
  0.1134E-01
  0.1871E-01
  0.4810E-02
  0.2614E-02
  0.4062E-02
  0.1339E-01
  0.2570E-01
  0.1695E-01
  0.4887E-02
  0.2724E-02
  0.3864E-02
  0.7321E-02
  0.6450E-01
  0.5299E-02
  0.4585E-02
  0.7888E-02
  0.1627E+00
  0.4408E-01
  0.1053E-01
  0.2945E-01
  0.2289E-01
  0.1316E-01
  0.8345E-02
  0.1502E-01
  0.6604E-01
  0.3559E-01
  0.1894E-01
  0.9801E-02
  0.1421E-01
  0.3110E-01
  0.1468E-01
  0.7073E-01
  0.1192E+00
  0.1152E+00
  0.2376E-01
  0.3020E-01
  0.3777E-01
  0.2061E+00
  0.6035E-01
  0.1229E+00
  0.3999E-01
  0.1184E+00
  0.3955E+00
  0.6954E-01
  0.4310E-01
  0.8014E-01
  0.2392E+01
  0.4208E+00
  0.5858E+00
  0.1172E+01
  0.2889E+00
  0.1685E+00
  0.3092E+00
  0.4742E+00
  0.1167E+01
  0.1024E+02
  0.1236E+01
  0.4637E+00
  0.4440E+00
  0.9554E+00
  0.3227E+01
  0.1615E+02
  0.1818E+01
  0.9578E+00
  0.7784E+00
  0.1500E+01
  0.1395E+02
  0.4407E+01
  0.3448E+01
  0.8481E+00
  0.1002E+01
  0.3334E+01
  0.4546E+01
  0.1690E+01
  0.4396E+01
  0.1896E+03
  0.3247E+02
  0.7677E+01
  0.2427E+01
  0.3771E+02
  0.3691E+01
  0.2830E+01
  0.2116E+01
  0.4129E+01
  0.2997E+02
  0.5047E+01
  0.3007E+01
  0.6628E+01
  0.2513E+02
  0.7818E+01
  0.1530E+02
  0.1282E+02
  0.1877E+02
  0.2237E+02
  0.1797E+02
  0.5475E+02
  0.2174E+02
  0.3735E+02
  0.2167E+02
  0.1165E+03
  0.3498E+03
  0.3426E+02
  0.3981E+02
  0.1550E+03
  0.3403E+03
  0.2347E+03
  0.9662E+02
  0.1064E+03
  0.2755E+03
  0.8003E+04
  0.3441E+03
  0.1873E+03
  0.5917E+03
  0.9060E+03
  0.4474E+04
  0.6695E+03
  0.8554E+03
  0.1273E+05
  0.3929E+04
  0.3956E+04
  0.1664E+04
  0.6419E+03
  0.1285E+04
  0.1168E+05
  0.3908E+04
  0.1987E+04
  0.8838E+03
  0.1682E+04
  0.1796E+05
  0.2925E+04
  0.1457E+04
  0.2918E+04
  0.5665E+04
  0.1096E+06
  0.8152E+04
  0.2043E+04
  0.7304E+04
  0.8113E+04
  0.1375E+05
  0.2436E+04
  0.4058E+04
  0.2465E+05
  0.9108E+04
  0.9008E+04
  0.1751E+05
  0.6017E+05
  0.6905E+05
  0.1255E+05
  0.9323E+05
  0.1692E+05
  0.5413E+05
  0.1095E+07
  0.5845E+05
  0.5080E+05
  0.3232E+05
  0.4707E+05
  0.1951E+06
  0.1660E+07
  0.6646E+06
  0.1324E+06
  0.6728E+05
  0.1775E+06
  0.1188E+07
  0.5142E+06
  0.1130E+06
  0.8474E+05
  0.1200E+06
  0.3833E+06
  0.1140E+07
  0.2027E+06
  0.1004E+06
  0.1420E+06
  0.2640E+06
  0.1009E+08
  0.4452E+07
  0.1519E+07
  0.3486E+06
  0.1246E+06
  0.1043E+06
  0.3355E+06
  0.4429E+07
  0.4283E+06
  0.1073E+06
  0.1061E+06
  0.3207E+06
  0.4471E+07
  0.1538E+06
  0.8058E+05
  0.1132E+06
  0.5034E+06
  0.3358E+06
  0.5997E+05
  0.4185E+05
  0.1004E+06
  0.3085E+07
  0.4533E+05
  0.2129E+05
  0.4117E+05
  0.1419E+06
  0.3957E+05
  0.2732E+05
  0.1608E+05
  0.2167E+05
  0.4371E+05
  0.6246E+04
  0.1949E+05
  0.5318E+04
  0.6763E+05
  0.4129E+04
  0.7484E+04
  0.7044E+04
  0.1387E+05
  0.1823E+04
  0.1882E+04
  0.1285E+05
  0.9240E+05
  0.2136E+05
  0.5806E+04
  0.1690E+04
  0.9114E+03
  0.7616E+03
  0.2144E+04
  0.6526E+05
  0.2666E+04
  0.9774E+03
  0.1482E+04
  0.1616E+04
  0.1196E+05
  0.5884E+04
  0.1148E+04
  0.1234E+04
  0.1319E+04
  0.3580E+04
  0.4252E+05
  0.1454E+04
  0.5274E+03
  0.3000E+03
  0.3691E+03
  0.1007E+04
  0.1159E+05
  0.9132E+03
  0.1787E+03
  0.1157E+03
  0.1469E+03
  0.4603E+03
  0.2330E+04
  0.1558E+03
  0.4971E+02
  0.3543E+02
  0.3203E+02
  0.6604E+02
  0.2600E+03
  0.1084E+03
  0.2032E+02
  0.1178E+02
  0.2240E+02
  0.1030E+03
  0.1389E+02
  0.2674E+02
  0.5279E+01
  0.9163E+01
  0.8240E+02
  0.3071E+02
  0.5713E+01
  0.5816E+01
  0.9824E+01
  0.6201E+02
  0.5731E+01
  0.6619E+01
  0.4847E+01
  0.4917E+01
  0.1294E+02
  0.4294E+02
  0.1721E+03
  0.1665E+02
  0.4256E+01
  0.3356E+01
  0.4097E+01
  0.3317E+02
  0.1429E+02
  0.3679E+01
  0.2550E+01
  0.4288E+01
  0.2982E+02
  0.1644E+02
  0.3055E+01
  0.2030E+01
  0.3017E+01
  0.1536E+02
  0.1323E+02
  0.2064E+01
  0.1149E+01
  0.1379E+01
  0.5998E+01
  0.7465E+01
  0.1095E+01
  0.5081E+00
  0.5078E+00
  0.1944E+01
  0.2689E+01
  0.3097E+00
  0.3416E+00
  0.5598E+01
  0.1449E+01
  0.6686E+00
  0.2240E+00
  0.2372E+00
  0.1392E+00
  0.6586E+00
  0.1594E+00
  0.2102E+00
  0.3036E+00
  0.3608E+00
  0.1918E+00
  0.1526E+00
  0.1542E+00
  0.3179E+00
  0.1721E+00
  0.5581E-01
  0.2857E+00
  0.1196E+00
  0.3808E+00
  0.6479E-01
  0.4215E-01
  0.4141E+00
  0.4643E+00
  0.2129E+00
  0.2332E-01
  0.8012E-01
  0.2598E+00
  0.7092E+00
  0.4336E+00
  0.4589E-01
  0.3364E-01
  0.2968E-01
  0.4727E-01
  0.9055E-01
  0.1130E+00
  0.7009E-01
  0.2578E-01
  0.4446E-01
  0.7060E-01
  0.2007E+00
  0.4348E-01
  0.2927E-01
  0.4517E+00
  0.1087E+00
  0.1959E+00
  0.9437E+00
  0.4218E-01
  0.1613E+00
  0.5638E+00
  0.2855E+00
  0.9805E-01
  0.2432E+00
  0.2356E+00
  0.1130E+00
  0.1714E+00
  0.1739E+01
  0.1076E+00
  0.3531E+00
  0.7007E+00
  0.4822E+00
  0.1065E+01
  0.6693E+00
  0.2770E+00
  0.1513E+01
  0.4843E+00
  0.3390E+00
  0.9669E+00
  0.3604E+00
  0.3976E+01
  0.3618E+00
  0.4248E+01
  0.2081E+01
  0.1376E+01
  0.8745E+00
  0.2212E+01
  0.5539E+00
  0.4813E+01
  0.6988E+00
  0.3227E+01
  0.2442E+01
  0.1013E+01
  0.1677E+02
  0.1707E+01
  0.1315E+01
  0.5052E+02
  0.5044E+01
  0.2433E+01
  0.3567E+02
  0.1994E+01
  0.3018E+01
  0.1168E+03
  0.2934E+01
  0.2800E+01
  0.4227E+02
  0.5543E+01
  0.2791E+01
  0.6408E+01
  0.5511E+02
  0.3442E+01
  0.2709E+01
  0.7668E+01
  0.4071E+02
  0.2449E+01
  0.1589E+01
  0.1454E+01
  0.7262E+00
  0.9496E+00
  0.3158E+01
  0.4218E+02
  0.2142E+02
  0.6142E+01
  0.3961E+01
  0.3920E+01
  0.4376E+01
  0.5993E+01
  0.9130E+01
  0.1450E+02
  0.2207E+02
  0.2850E+02
  0.2766E+02
  0.1931E+02
  0.1054E+02
  0.5235E+01
  0.2648E+01
  0.1722E+01
  0.1111E+01
  0.1436E+01
  0.1053E+02
  0.1115E+01
  0.1151E+01
  0.7022E+00
  0.2621E+00
  0.3449E+00
  0.1908E+00
  0.1612E+00
  0.2251E+00
  0.3844E-01
  0.6857E-01
  0.4105E+00
  0.4348E-01
  0.6455E-01
  0.1394E+01
  0.8102E-01
  0.7035E-01
  0.2486E+00
  0.5094E+00
  0.1561E+01
  0.6320E-01
  0.2427E+00
  0.5602E+00
  0.1207E+00
  0.4505E+00
  0.3307E+00
  0.9697E+01
  0.2075E+00
  0.6732E+00
  0.6426E+00
  0.5155E+00
  0.3469E+02
  0.1242E+01
  0.3734E+01
  0.4056E+01
  0.2928E+01
  0.2086E+02
  0.4266E+01
  0.2064E+01
  0.5061E+02
  0.2145E+01
  0.3715E+01
  0.2264E+02
  0.3074E+01
  0.5626E+01
  0.3140E+02
  0.3575E+01
  0.5786E+01
  0.1687E+03
  0.5424E+01
  0.5130E+01
  0.4312E+02
  0.1363E+02
  0.4533E+01
  0.7371E+01
  0.1422E+03
  0.9048E+01
  0.5748E+01
  0.4218E+01
  0.9080E+01
  0.1829E+01
  0.2860E+01
  0.4975E+02
  0.2125E+02
  0.7553E+01
  0.5808E+01
  0.6332E+01
  0.8056E+01
  0.1429E+02
  0.2996E+02
  0.7705E+02
  0.1840E+03
  0.3234E+03
  0.3341E+03
  0.2562E+03
  0.1086E+03
  0.3420E+02
  0.1228E+02
  0.5898E+01
  0.4017E+01
  0.3870E+01
  0.7009E+01
  0.1311E+02
  0.5396E+01
  0.1445E+01
  0.3507E+01
  0.3967E+00
  0.2425E+01
  0.1376E+01
  0.2365E+00
  0.2483E+00
  0.1432E+00
  0.9483E-01
  0.3526E-01
  0.5638E-01
  0.1328E-01
  0.1063E-01
  0.4777E-02
  0.3085E-02
  0.2288E-02
  0.1574E-02
  0.9547E-03
  0.5463E-03
  0.3421E-03
  0.2478E-03
  0.1335E-03
  0.1662E-03
  0.1353E-03
  0.3756E-04
  0.2396E-04
  0.5490E-04
  0.1456E-04
  0.8985E-05
  0.1824E-04
  0.6304E-04
  0.4390E-05
  0.9780E-05
  0.1130E-04
  0.4319E-04
  0.2200E-03
  0.4037E-04
  0.1589E-04
  0.1831E-04
  0.2839E-04
  0.8764E-04
  0.1177E-04
  0.1800E-04
  0.5366E-03
  0.1484E-04
  0.2363E-04
  0.6471E-03
  0.9531E-04
  0.1297E-04
  0.1260E-03
  0.2948E-04
  0.1012E-04
  0.2102E-04
  0.2489E-03
  0.1233E-04
  0.7540E-05
  0.1563E-04
  0.1393E-03
  0.2026E-04
  0.1265E-04
  0.6748E-04
  0.1756E-04
  0.1344E-04
  0.1482E-04
  0.9107E-04
  0.1453E-03
  0.5085E-04
  0.8995E-04
  0.1573E-03
  0.1529E-03
  0.1407E-03
  0.1872E-03
  0.8222E-04
  0.6548E-04
  0.2254E-03
  0.3413E-03
  0.1555E-03
  0.2579E-03
  0.1248E-02
  0.4851E-03
  0.5838E-03
  0.2572E-02
  0.1096E-02
  0.1225E-02
  0.3123E-02
  0.7130E-02
  0.2738E-02
  0.5746E-02
  0.1579E-01
  0.7797E-02
  0.1324E-01
  0.1758E-01
  0.5493E-01
  0.2102E-01
  0.4501E-01
  0.3905E-01
  0.5117E-01
  0.1064E+00
  0.4779E-01
  0.2556E+00
  0.3049E+00
  0.5512E-01
  0.1160E+00
  0.1019E+01
  0.1033E+00
  0.1375E+00
  0.2394E+01
  0.2918E+00
  0.2182E+00
  0.4180E+01
  0.5006E+00
  0.3919E+00
  0.3459E+01
  0.9661E+00
  0.8831E+00
  0.2726E+01
  0.1928E+01
  0.8923E+00
  0.2273E+01
  0.5870E+01
  0.1483E+01
  0.1926E+01
  0.2414E+02
  0.2313E+01
  0.1733E+01
  0.2256E+02
  0.3457E+01
  0.1361E+01
  0.5342E+01
  0.3689E+01
  0.8725E+00
  0.1278E+01
  0.2256E+01
  0.4951E+00
  0.7467E+00
  0.2616E+02
  0.1512E+01
  0.1301E+01
  0.7601E+01
  0.3714E+01
  0.1521E+01
  0.3302E+01
  0.1269E+02
  0.1516E+01
  0.1696E+01
  0.2460E+02
  0.2309E+01
  0.1050E+01
  0.3178E+01
  0.5984E+01
  0.7504E+00
  0.8954E+00
  0.1380E+02
  0.7004E+00
  0.4182E+00
  0.1125E+01
  0.1429E+01
  0.3068E+00
  0.2809E+00
  0.7054E+00
  0.3690E+00
  0.1083E+00
  0.7619E-01
  0.5583E+00
  0.6919E-01
  0.2909E-01
  0.2907E+00
  0.7440E-01
  0.2433E-01
  0.1255E+00
  0.8533E-02
  0.1573E-01
  0.3988E-01
  0.5325E-02
  0.3869E-01
  0.2029E-01
  0.1345E-01
  0.1359E+00
  0.1281E-01
  0.9754E-02
  0.1091E+00
  0.2612E-01
  0.4151E-01
  0.1017E+00
  0.4819E-01
  0.2842E-01
  0.8123E-01
  0.1170E+00
  0.3577E+00
  0.1789E+00
  0.2531E+00
  0.9443E-01
  0.2120E+00
  0.2773E+01
  0.4476E+00
  0.2375E+00
  0.5058E+00
  0.1613E+01
  0.2316E+01
  0.6818E+00
  0.6868E+00
  0.2689E+01
  0.5457E+01
  0.1418E+01
  0.1203E+01
  0.6912E+01
  0.5228E+01
  0.1484E+01
  0.2153E+01
  0.4024E+02
  0.2854E+01
  0.1590E+01
  0.4791E+01
  0.7103E+01
  0.1480E+01
  0.1962E+01
  0.4394E+02
  0.1111E+01
  0.8168E+00
  0.2954E+01
  0.2233E+01
  0.1382E+01
  0.3956E+01
  0.5540E+01
  0.1878E+01
  0.3549E+01
  0.9151E+01
  0.2903E+01
  0.3004E+01
  0.1098E+02
  0.1826E+01
  0.2497E+01
  0.9653E+01
  0.1102E+01
  0.2005E+01
  0.5098E+01
  0.6981E+00
  0.2179E+01
  0.1654E+01
  0.4709E+00
  0.3219E+01
  0.6217E+00
  0.3363E+00
  0.5963E+01
  0.3529E+00
  0.2700E+00
  0.1387E+01
  0.3566E+00
  0.3123E+00
  0.8705E+00
  0.6347E+00
  0.4551E+00
  0.2809E+00
  0.2203E+00
  0.1202E+00
  0.9240E-01
  0.8960E-01
  0.9488E-01
  0.6229E-01
  0.5594E-01
  0.1529E+00
  0.5097E-01
  0.3370E-01
  0.6487E-01
  0.8096E-01
  0.1542E-01
  0.2366E-01
  0.8242E-02
  0.6899E-02
  0.2100E+00
  0.6170E-02
  0.2796E-02
  0.9858E-02
  0.4771E-02
  0.2373E-01
  0.2395E-01
  0.3960E-02
  0.2169E-02
  0.1523E-02
  0.1614E-02
  0.1108E-02
  0.1413E-02
  0.2638E-02
  0.8408E-02
  0.5873E-02
  0.1887E-02
  0.2051E-02
  0.4543E-02
  0.3173E-02
  0.1007E-01
  0.3781E-01
  0.5588E-01
  0.3224E-01
  0.7471E-02
  0.2987E-02
  0.2859E-02
  0.5571E-02
  0.7666E+00
  0.5688E-02
  0.2936E-02
  0.2453E-02
  0.3712E-02
  0.1312E-01
  0.6148E-01
  0.2234E+00
  0.6137E-02
  0.3551E+00
  0.3810E-02
  0.2170E-02
  0.2389E-02
  0.3841E-01
  0.2357E-02
  0.1979E-02
  0.2973E-02
  0.3432E-01
  0.3358E+00
  0.7915E-02
  0.2383E+00
  0.3130E-01
  0.4016E-02
  0.3658E-02
  0.7064E-02
  0.5350E+00
  0.1083E-01
  0.1469E+00
  0.7826E-02
  0.7987E-02
  0.5401E-02
  0.7841E-02
  0.3554E-01
  0.7452E-01
  0.1585E+00
  0.1701E+00
  0.5342E-01
  0.6646E-02
  0.1454E+00
  0.5630E-02
  0.7760E-01
  0.2918E-01
  0.5122E+00
  0.9417E-02
  0.4550E-01
  0.6481E+00
  0.7576E-01
  0.2984E-01
  0.4142E-01
  0.1560E-01
  0.1045E+00
  0.1120E+00
  0.4739E-02
  0.7039E-02
  0.1139E-01
  0.8239E-01
  0.1127E-01
  0.7909E-02
  0.1315E-01
  0.1260E+00
  0.1097E+00
  0.3833E-01
  0.1499E+00
  0.4589E-01
  0.6839E-01
  0.9269E-02
  0.4803E-02
  0.5199E-02
  0.2653E-01
  0.6206E-02
  0.6487E-02
  0.2070E-01
  0.3145E-01
  0.1603E-01
  0.3858E+00
  0.7578E+00
  0.2146E+00
  0.2738E-01
  0.8408E-02
  0.7492E-02
  0.2794E+00
  0.6228E-02
  0.5312E-02
  0.2731E-01
  0.3584E+00
  0.7770E-02
  0.4993E-02
  0.6197E-02
  0.1642E-01
  0.2203E+01
  0.2236E-01
  0.5805E-02
  0.3403E-02
  0.2625E-02
  0.3728E-02
  0.2259E-02
  0.1812E-02
  0.1692E-02
  0.1701E-02
  0.1640E-02
  0.3886E-02
  0.2020E-02
  0.1900E-02
  0.2187E-02
  0.4272E-02
  0.1208E-01
  0.1646E-02
  0.1551E-02
  0.1652E-02
  0.2055E-01
  0.2298E-02
  0.4284E-02
  0.1828E-02
  0.2222E-02
  0.1071E-01
  0.3207E-02
  0.9723E-02
  0.2425E-02
  0.2783E-02
  0.3853E-02
  0.8244E-02
  0.6986E-01
  0.4417E-01
  0.7435E-02
  0.4567E-02
  0.4842E-02
  0.2040E-01
  0.3578E+00
  0.6651E-02
  0.4610E-02
  0.2238E-01
  0.7783E-02
  0.3573E-02
  0.3623E-02
  0.4568E-02
  0.9017E-02
  0.4638E+00
  0.6134E-01
  0.1492E+00
  0.7112E-02
  0.5815E-02
  0.4107E-02
  0.2636E-01
  0.5794E-02
  0.1470E-01
  0.2677E+00
  0.4246E+00
  0.3191E-01
  0.1052E-01
  0.2350E-01
  0.2344E+01
  0.1862E+00
  0.4779E-01
  0.1156E-01
  0.6919E-02
  0.5179E-02
  0.4675E-02
  0.1024E-01
  0.4552E-01
  0.1833E-01
  0.7092E-02
  0.9781E-02
  0.1949E-01
  0.4565E-01
  0.3724E-01
  0.3430E-01
  0.1516E-01
  0.7967E-02
  0.1049E+00
  0.1807E-01
  0.1051E-01
  0.6951E-02
  0.3982E-01
  0.9677E-02
  0.1742E-01
  0.6757E-01
  0.1516E+01
  0.1564E-01
  0.7485E-02
  0.1369E-01
  0.2602E-01
  0.5018E-02
  0.6086E-02
  0.8837E-02
  0.2969E-01
  0.2625E+00
  0.5912E-01
  0.1958E-01
  0.1734E+01
  0.1958E+00
  0.1048E-01
  0.1006E-01
  0.2107E-01
  0.1291E+00
  0.1243E-01
  0.3758E-02
  0.1102E-01
  0.3601E-02
  0.4020E-02
  0.1282E-01
  0.6290E-01
  0.1398E-01
  0.2135E+01
  0.3984E+00
  0.7088E-02
  0.3575E-02
  0.3060E-02
  0.1371E-01
  0.2416E-02
  0.2151E-02
  0.3000E-02
  0.3011E-02
  0.6504E-01
  0.4784E-02
  0.1112E-01
  0.7889E-01
  0.1265E+00
  0.7175E-02
  0.8499E-02
  0.7992E-02
  0.4622E+00
  0.5824E-02
  0.5023E-02
  0.6263E-01
  0.3895E-02
  0.7815E-02
  0.1267E-01
  0.3028E+00
  0.6197E-02
  0.6349E-01
  0.4578E-02
  0.2291E-02
  0.1921E-02
  0.6392E-02
  0.7100E-02
  0.8501E-02
  0.2501E-02
  0.1209E-01
  0.1325E-01
  0.2575E-02
  0.1736E-02
  0.3510E-02
  0.3942E-02
  0.7168E-02
  0.4249E-02
  0.1764E+00
  0.1110E+00
  0.1198E-01
  0.4824E-02
  0.4418E-02
  0.1591E-02
  0.2298E-02
  0.3781E-02
  0.6124E-02
  0.1552E-02
  0.2314E-02
  0.1583E+00
  0.1135E-02
  0.1124E-02
  0.2471E-02
  0.5471E-02
  0.2414E-01
  0.1110E+00
  0.1940E-01
  0.7409E-02
  0.2944E-01
  0.2339E-02
  0.6152E-02
  0.2086E-01
  0.7349E-02
  0.7917E-01
  0.6492E-02
  0.6838E-02
  0.1811E-02
  0.3915E-02
  0.1216E-01
  0.9301E-02
  0.7240E-02
  0.2603E-01
  0.6602E-02
  0.2449E-01
  0.1676E-01
  0.3669E-01
  0.9475E-02
  0.2321E-01
  0.5325E-01
  0.1119E-01
  0.1119E-01
  0.3535E-01
  0.7139E-02
  0.1228E-01
  0.1016E+00
  0.9007E-01
  0.1605E-01
  0.1456E-01
  0.2801E-01
  0.1212E-01
  0.6893E-01
  0.4776E-01
  0.1610E+00
  0.4432E-01
  0.2453E-01
  0.4439E-01
  0.6158E+00
  0.1523E+00
  0.9885E-01
  0.6746E-01
  0.6980E-01
  0.1572E+00
  0.3200E+01
  0.3966E+00
  0.2008E+00
  0.1880E+00
  0.2208E+00
  0.4898E+00
  0.1120E+02
  0.4818E+00
  0.2601E+00
  0.2728E+00
  0.4943E+00
  0.2002E+01
  0.1938E+01
  0.5523E+00
  0.6174E+00
  0.7949E+00
  0.4769E+00
  0.6288E+01
  0.2473E+01
  0.2730E+01
  0.7026E+00
  0.5428E+00
  0.1586E+01
  0.5589E+01
  0.1149E+02
  0.2009E+01
  0.2148E+01
  0.2930E+01
  0.1244E+01
  0.1666E+02
  0.3638E+01
  0.1853E+01
  0.9880E+00
  0.1460E+01
  0.4711E+01
  0.6364E+01
  0.1276E+03
  0.2822E+02
  0.6093E+01
  0.5705E+01
  0.4695E+01
  0.1427E+02
  0.5868E+02
  0.1215E+03
  0.3343E+02
  0.1019E+02
  0.9830E+01
  0.2004E+02
  0.8428E+02
  0.3025E+03
  0.3013E+02
  0.1441E+02
  0.1392E+02
  0.2980E+02
  0.2186E+03
  0.9368E+02
  0.1668E+02
  0.1049E+02
  0.1115E+02
  0.3319E+02
  0.1827E+03
  0.8672E+01
  0.3849E+01
  0.4269E+01
  0.9129E+01
  0.5420E+03
  0.2731E+03
  0.4260E+02
  0.1259E+02
  0.3046E+01
  0.1924E+01
  0.1755E+01
  0.1298E+02
  0.1590E+01
  0.4409E+00
  0.3859E+00
  0.2773E+00
  0.6094E+01
  0.5093E+00
  0.4251E+00
  0.1371E+01
  0.7521E+01
  0.3653E+01
  0.9647E+00
  0.1044E+01
  0.3196E+01
  0.2666E+02
  0.1847E+01
  0.8803E+00
  0.1548E+01
  0.5017E+02
  0.1687E+01
  0.6673E+00
  0.8179E+00
  0.5774E+01
  0.1807E+01
  0.3531E+00
  0.3248E+00
  0.1270E+01
  0.1340E+01
  0.2359E+00
  0.1562E+00
  0.5316E+00
  0.9303E+00
  0.1873E+00
  0.9133E-01
  0.5649E+00
  0.7305E+00
  0.1990E+00
  0.8031E-01
  0.3718E+00
  0.6163E+00
  0.2109E+00
  0.1139E+00
  0.3754E+00
  0.6251E+00
  0.1913E+01
  0.3532E+00
  0.1682E+00
  0.2734E+00
  0.5196E+00
  0.1769E+02
  0.3153E+01
  0.4590E+00
  0.8137E+00
  0.1857E+01
  0.1010E+02
  0.1174E+01
  0.7239E+00
  0.1202E+01
  0.7949E+01
  0.8415E+01
  0.1775E+01
  0.1269E+01
  0.2304E+01
  0.2315E+02
  0.7117E+01
  0.1958E+01
  0.4719E+01
  0.9011E+01
  0.4197E+02
  0.5000E+01
  0.2592E+01
  0.3321E+01
  0.3309E+02
  0.7157E+02
  0.1068E+02
  0.9924E+01
  0.2229E+02
  0.1979E+03
  0.2190E+02
  0.4689E+03
  0.4841E+02
  0.2308E+02
  0.1672E+02
  0.3209E+02
  0.1175E+03
  0.1159E+04
  0.9188E+02
  0.9184E+02
  0.5400E+02
  0.1177E+03
  0.1735E+04
  0.3884E+03
  0.1049E+03
  0.8138E+02
  0.1304E+03
  0.6890E+03
  0.1339E+04
  0.1815E+03
  0.9119E+02
  0.1080E+03
  0.3522E+03
  0.2767E+04
  0.1761E+03
  0.1791E+03
  0.6609E+02
  0.1236E+03
  0.1424E+04
  0.7714E+02
  0.3421E+03
  0.7932E+04
  0.1203E+04
  0.9986E+02
  0.5667E+02
  0.4011E+03
  0.1315E+03
  0.4865E+02
  0.3044E+02
  0.2520E+02
  0.1824E+03
  0.3367E+02
  0.9575E+01
  0.1800E+02
  0.5115E+03
  0.8075E+02
  0.2989E+02
  0.8184E+01
  0.1080E+02
  0.7787E+01
  0.6630E+02
  0.1245E+03
  0.9875E+01
  0.5652E+01
  0.1259E+02
  0.4466E+02
  0.1255E+03
  0.1280E+02
  0.5477E+01
  0.2489E+02
  0.1414E+02
  0.1265E+03
  0.1226E+02
  0.5130E+01
  0.2668E+02
  0.6359E+01
  0.8904E+02
  0.7872E+01
  0.3693E+01
  0.2314E+01
  0.3614E+01
  0.2706E+02
  0.4218E+02
  0.5073E+02
  0.5650E+01
  0.2058E+01
  0.1157E+01
  0.1088E+01
  0.2467E+01
  0.6480E+01
  0.6621E+00
  0.7540E+00
  0.1019E+01
  0.9810E+00
  0.1362E+01
  0.3803E+00
  0.7732E+00
  0.1198E+01
  0.3676E+00
  0.3156E+00
  0.6526E+00
  0.7083E+00
  0.1141E+01
  0.4144E+00
  0.1260E+01
  0.6495E+00
  0.3592E+00
  0.7215E+00
  0.5674E+00
  0.1148E+01
  0.5756E+00
  0.3142E+01
  0.4163E+00
  0.7014E+00
  0.3051E+00
  0.1390E+00
  0.6773E-01
  0.3253E+00
  0.9799E+00
  0.2004E+00
  0.3483E+00
  0.2156E+00
  0.2782E+00
  0.1322E+00
  0.5749E+00
  0.9052E+00
  0.1596E+00
  0.4624E+00
  0.2072E+00
  0.4051E+00
  0.1538E+01
  0.7326E+00
  0.4102E+01
  0.7963E+00
  0.7322E+00
  0.4671E+01
  0.4819E+00
  0.6966E+00
  0.2446E+01
  0.1484E+01
  0.2810E+01
  0.5639E+01
  0.9963E+00
  0.5465E+01
  0.3453E+02
  0.1654E+02
  0.5613E+01
  0.6154E+02
  0.2937E+02
  0.1885E+02
  0.2559E+02
  0.4611E+02
  0.3147E+02
  0.1864E+02
  0.4111E+02
  0.5115E+02
  0.1251E+03
  0.1099E+03
  0.7442E+02
  0.7844E+02
  0.1211E+04
  0.1956E+03
  0.9495E+03
  0.1948E+03
  0.6217E+03
  0.3068E+03
  0.5191E+03
  0.5724E+04
  0.3577E+03
  0.1808E+04
  0.2321E+04
  0.2647E+04
  0.2481E+04
  0.1451E+04
  0.1273E+05
  0.3925E+04
  0.1936E+04
  0.1190E+05
  0.6119E+04
  0.8364E+04
  0.8065E+04
  0.5496E+04
  0.1160E+06
  0.3319E+05
  0.6586E+04
  0.4892E+06
  0.1084E+05
  0.1218E+05
  0.4834E+06
  0.1144E+05
  0.2673E+05
  0.1324E+07
  0.2833E+05
  0.1452E+05
  0.1094E+06
  0.4859E+05
  0.1589E+05
  0.2928E+05
  0.4317E+07
  0.3480E+05
  0.1991E+05
  0.3366E+05
  0.1735E+07
  0.7158E+05
  0.2126E+05
  0.2162E+05
  0.1233E+05
  0.1465E+05
  0.2970E+05
  0.1177E+06
  0.6377E+06
  0.9739E+05
  0.1188E+06
  0.4723E+05
  0.1420E+06
  0.4145E+05
  0.1471E+06
  0.1143E+06
  0.1252E+06
  0.1568E+06
  0.1383E+06
  0.3523E+06
  0.4411E+06
  0.3325E+06
  0.9967E+05
  0.2570E+06
  0.3584E+06
  0.1845E+06
  0.1649E+07
  0.7996E+06
  0.5541E+06
  0.1324E+07
  0.1086E+07
  0.1101E+07
  0.8182E+06
  0.5833E+06
  0.1024E+08
  0.2228E+07
  0.9721E+06
  0.1279E+09
  0.1037E+07
  0.1122E+07
  0.1564E+09
  0.1468E+07
  0.1335E+07
  0.2261E+08
  0.2652E+07
  0.1591E+07
  0.4660E+07
  0.1306E+08
  0.1697E+07
  0.1790E+07
  0.1365E+08
  0.6759E+07
  0.2152E+07
  0.2021E+07
  0.7567E+07
  0.1042E+08
  0.5506E+06
  0.7912E+07
  0.3940E+07
  0.1795E+07
  0.1611E+07
  0.2033E+07
  0.4047E+07
  0.1494E+08
  0.3211E+09
  0.2558E+08
  0.9087E+07
  0.4886E+07
  0.3492E+07
  0.2890E+07
  0.2429E+07
  0.2230E+07
  0.2176E+07
  0.2414E+07
  0.3654E+07
  0.1301E+08
  0.9712E+07
  0.1099E+07
  0.3785E+06
  0.2875E+06
  0.1385E+07
  0.2645E+06
  0.7709E+05
  0.1089E+07
  0.3055E+05
  0.2876E+06
  0.1185E+05
  0.8208E+04
  0.7371E+04
  0.4640E+04
  0.2384E+04
  0.1652E+04
  0.1192E+04
  0.8587E+03
  0.6064E+03
  0.4244E+03
  0.2322E+03
  0.1543E+03
  0.1016E+03
  0.6496E+02
  0.4100E+02
  0.2931E+02
  0.1092E+02
  0.6516E+01
  0.1956E+02
  0.1587E+01
  0.7576E+00
  0.2095E+02
  0.4431E+00
  0.3135E+00
  0.2672E+01
  0.9425E+00
  0.3063E+00
  0.5992E+00
  0.2246E+02
  0.4985E+00
  0.2631E+00
  0.4562E+00
  0.7972E+01
  0.3332E+00
  0.1357E+00
  0.5338E+00
  0.2945E+00
  0.2538E+00
  0.3477E+00
  0.7141E+00
  0.3224E+01
  0.2234E+02
  0.3252E+01
  0.1373E+01
  0.9824E+00
  0.6891E+00
  0.6128E+00
  0.5702E+00
  0.5293E+00
  0.7050E+00
  0.6626E+00
  0.9061E+00
  0.2227E+01
  0.3528E+01
  0.3998E+00
  0.2108E+00
  0.2570E+00
  0.6087E+00
  0.1891E+00
  0.7666E-01
  0.4623E+00
  0.5634E-01
  0.2068E+00
  0.2651E+00
  0.1065E+00
  0.1630E+00
  0.2788E+00
  0.1103E+00
  0.1309E+00
  0.8882E+00
  0.4316E+00
  0.1990E+00
  0.4011E+00
  0.4684E+01
  0.5274E+00
  0.5002E+00
  0.8476E+00
  0.6345E+01
  0.6937E+00
  0.5174E+00
  0.2229E+01
  0.2378E+01
  0.5933E+00
  0.8844E+00
  0.1722E+02
  0.9118E+00
  0.5580E+00
  0.1716E+01
  0.1730E+01
  0.3212E+00
  0.3634E+00
  0.1409E+01
