 Outgoing longwave flux vs. time [W/m2]
  0.9545E+02
  0.9569E+02
  0.9375E+02
  0.9187E+02
  0.9038E+02
  0.8894E+02
  0.8799E+02
  0.8711E+02
  0.8638E+02
  0.8558E+02
  0.8496E+02
  0.8439E+02
  0.8386E+02
  0.8340E+02
  0.8296E+02
  0.8253E+02
  0.8212E+02
  0.8170E+02
  0.8136E+02
  0.8098E+02
  0.8065E+02
  0.8028E+02
  0.7998E+02
  0.7965E+02
  0.7935E+02
  0.7905E+02
  0.7879E+02
  0.7849E+02
  0.7825E+02
  0.7798E+02
  0.7775E+02
  0.7750E+02
  0.7728E+02
  0.7704E+02
  0.7683E+02
  0.7660E+02
  0.7640E+02
  0.7620E+02
  0.7600E+02
  0.7580E+02
  0.7561E+02
  0.7543E+02
  0.7526E+02
  0.7508E+02
  0.7491E+02
  0.7474E+02
  0.7458E+02
  0.7442E+02
  0.7427E+02
  0.7412E+02
  0.7398E+02
  0.7382E+02
  0.7369E+02
  0.7353E+02
  0.7341E+02
  0.7326E+02
  0.7314E+02
  0.7300E+02
  0.7288E+02
  0.7276E+02
  0.7264E+02
  0.7253E+02
  0.7241E+02
  0.7231E+02
  0.7220E+02
  0.7209E+02
  0.7198E+02
  0.7188E+02
  0.7177E+02
  0.7167E+02
  0.7158E+02
  0.7148E+02
  0.7139E+02
  0.7130E+02
  0.7121E+02
  0.7112E+02
  0.7104E+02
  0.7096E+02
  0.7087E+02
  0.7078E+02
  0.7071E+02
  0.7062E+02
  0.7056E+02
  0.7047E+02
  0.7041E+02
  0.7032E+02
  0.7027E+02
  0.7019E+02
  0.7013E+02
  0.7005E+02
  0.6999E+02
  0.6991E+02
  0.6986E+02
  0.6979E+02
  0.6973E+02
  0.6967E+02
  0.6961E+02
  0.6954E+02
  0.6949E+02
  0.6943E+02
  0.6938E+02
  0.6932E+02
  0.6927E+02
  0.6921E+02
  0.6916E+02
  0.6910E+02
  0.6905E+02
  0.6900E+02
  0.6895E+02
  0.6889E+02
  0.6884E+02
  0.6879E+02
  0.6874E+02
  0.6868E+02
  0.6863E+02
  0.6858E+02
  0.6853E+02
  0.6848E+02
  0.6843E+02
  0.6838E+02
  0.6833E+02
  0.6828E+02
  0.6823E+02
  0.6819E+02
  0.6814E+02
  0.6809E+02
  0.6805E+02
  0.6800E+02
  0.6795E+02
  0.6790E+02
  0.6785E+02
  0.6780E+02
  0.6776E+02
  0.6771E+02
  0.6766E+02
  0.6762E+02
  0.6758E+02
  0.6753E+02
  0.6749E+02
  0.6745E+02
  0.6740E+02
  0.6736E+02
  0.6732E+02
  0.6727E+02
  0.6723E+02
  0.6718E+02
  0.6714E+02
  0.6710E+02
  0.6706E+02
  0.6702E+02
  0.6698E+02
  0.6694E+02
  0.6690E+02
  0.6686E+02
  0.6682E+02
  0.6678E+02
  0.6673E+02
  0.6669E+02
  0.6665E+02
  0.6661E+02
  0.6657E+02
  0.6654E+02
  0.6650E+02
  0.6646E+02
  0.6642E+02
  0.6639E+02
  0.6635E+02
  0.6631E+02
  0.6628E+02
  0.6624E+02
  0.6620E+02
  0.6617E+02
  0.6614E+02
  0.6610E+02
  0.6606E+02
  0.6603E+02
  0.6599E+02
  0.6596E+02
  0.6592E+02
  0.6589E+02
  0.6585E+02
  0.6582E+02
  0.6578E+02
  0.6575E+02
  0.6572E+02
  0.6569E+02
  0.6566E+02
  0.6563E+02
  0.6560E+02
  0.6557E+02
  0.6554E+02
  0.6551E+02
  0.6548E+02
  0.6545E+02
  0.6542E+02
  0.6540E+02
  0.6536E+02
  0.6534E+02
  0.6530E+02
  0.6527E+02
  0.6524E+02
  0.6521E+02
  0.6519E+02
  0.6516E+02
  0.6513E+02
  0.6510E+02
  0.6509E+02
  0.6505E+02
  0.6503E+02
  0.6500E+02
  0.6499E+02
  0.6496E+02
  0.6494E+02
  0.6491E+02
  0.6489E+02
  0.6486E+02
  0.6484E+02
  0.6481E+02
  0.6479E+02
  0.6476E+02
  0.6474E+02
  0.6472E+02
  0.6470E+02
  0.6468E+02
  0.6465E+02
  0.6463E+02
  0.6461E+02
  0.6459E+02
  0.6457E+02
  0.6455E+02
  0.6453E+02
  0.6451E+02
  0.6449E+02
  0.6447E+02
  0.6445E+02
  0.6443E+02
  0.6442E+02
  0.6440E+02
  0.6438E+02
  0.6436E+02
  0.6434E+02
  0.6432E+02
  0.6430E+02
  0.6428E+02
  0.6427E+02
  0.6425E+02
  0.6423E+02
  0.6421E+02
  0.6420E+02
  0.6418E+02
  0.6417E+02
  0.6414E+02
  0.6413E+02
  0.6411E+02
  0.6411E+02
  0.6408E+02
  0.6408E+02
  0.6406E+02
  0.6405E+02
  0.6403E+02
  0.6402E+02
  0.6400E+02
  0.6399E+02
  0.6397E+02
  0.6396E+02
  0.6395E+02
  0.6394E+02
  0.6392E+02
  0.6391E+02
  0.6389E+02
  0.6388E+02
  0.6387E+02
  0.6386E+02
  0.6384E+02
  0.6384E+02
  0.6382E+02
  0.6381E+02
  0.6379E+02
  0.6379E+02
  0.6377E+02
  0.6377E+02
  0.6375E+02
  0.6375E+02
  0.6373E+02
  0.6372E+02
  0.6371E+02
  0.6371E+02
  0.6370E+02
  0.6369E+02
  0.6368E+02
  0.6367E+02
  0.6366E+02
  0.6366E+02
  0.6364E+02
  0.6364E+02
  0.6362E+02
  0.6362E+02
  0.6361E+02
  0.6361E+02
  0.6359E+02
  0.6360E+02
  0.6358E+02
  0.6358E+02
  0.6357E+02
  0.6356E+02
  0.6355E+02
  0.6355E+02
  0.6354E+02
  0.6354E+02
  0.6353E+02
  0.6353E+02
  0.6352E+02
  0.6351E+02
  0.6350E+02
  0.6350E+02
  0.6349E+02
  0.6348E+02
  0.6348E+02
  0.6347E+02
  0.6347E+02
  0.6346E+02
  0.6346E+02
  0.6345E+02
  0.6344E+02
  0.6344E+02
  0.6344E+02
  0.6344E+02
  0.6343E+02
  0.6343E+02
  0.6343E+02
  0.6342E+02
  0.6342E+02
  0.6342E+02
  0.6342E+02
  0.6341E+02
  0.6341E+02
  0.6341E+02
  0.6341E+02
  0.6341E+02
  0.6341E+02
  0.6341E+02
  0.6341E+02
  0.6341E+02
  0.6341E+02
  0.6340E+02
  0.6341E+02
  0.6340E+02
  0.6341E+02
  0.6340E+02
  0.6341E+02
  0.6340E+02
  0.6340E+02
  0.6340E+02
  0.6341E+02
  0.6341E+02
  0.6342E+02
  0.6342E+02
  0.6343E+02
  0.6343E+02
  0.6343E+02
  0.6343E+02
  0.6344E+02
  0.6344E+02
  0.6344E+02
  0.6344E+02
  0.6345E+02
  0.6345E+02
  0.6345E+02
  0.6345E+02
  0.6346E+02
  0.6345E+02
  0.6346E+02
  0.6346E+02
  0.6346E+02
  0.6346E+02
  0.6346E+02
  0.6346E+02
  0.6347E+02
  0.6346E+02
  0.6347E+02
  0.6346E+02
  0.6347E+02
  0.6347E+02
  0.6347E+02
  0.6347E+02
  0.6347E+02
  0.6347E+02
  0.6347E+02
  0.6347E+02
  0.6347E+02
  0.6347E+02
  0.6348E+02
  0.6347E+02
  0.6348E+02
  0.6347E+02
  0.6348E+02
  0.6347E+02
  0.6348E+02
  0.6347E+02
  0.6348E+02
  0.6347E+02
  0.6348E+02
  0.6347E+02
  0.6348E+02
  0.6347E+02
  0.6348E+02
  0.6348E+02
  0.6348E+02
  0.6348E+02
  0.6348E+02
  0.6348E+02
  0.6348E+02
  0.6348E+02
  0.6348E+02
  0.6348E+02
  0.6348E+02
  0.6348E+02
  0.6348E+02
  0.6348E+02
  0.6348E+02
  0.6348E+02
  0.6348E+02
  0.6348E+02
  0.6348E+02
  0.6348E+02
  0.6348E+02
  0.6348E+02
  0.6348E+02
  0.6348E+02
  0.6348E+02
  0.6348E+02
  0.6348E+02
  0.6348E+02
  0.6348E+02
  0.6348E+02
  0.6348E+02
  0.6348E+02
  0.6348E+02
  0.6348E+02
  0.6348E+02
  0.6348E+02
  0.6348E+02
  0.6348E+02
  0.6348E+02
  0.6348E+02
  0.6348E+02
  0.6348E+02
  0.6348E+02
  0.6348E+02
  0.6348E+02
  0.6348E+02
  0.6348E+02
  0.6348E+02
  0.6348E+02
  0.6348E+02
  0.6348E+02
  0.6348E+02
  0.6348E+02
  0.6348E+02
  0.6348E+02
  0.6348E+02
  0.6348E+02
  0.6348E+02
  0.6348E+02
  0.6348E+02
  0.6348E+02
  0.6348E+02
  0.6348E+02
  0.6348E+02
  0.6348E+02
  0.6348E+02
  0.6348E+02
  0.6348E+02
  0.6348E+02
  0.6348E+02
  0.6348E+02
  0.6348E+02
  0.6348E+02
  0.6348E+02
  0.6348E+02
  0.6348E+02
  0.6348E+02
  0.6348E+02
  0.6348E+02
  0.6348E+02
  0.6348E+02
  0.6348E+02
  0.6348E+02
  0.6348E+02
  0.6348E+02
  0.6348E+02
  0.6348E+02
  0.6348E+02
  0.6348E+02
  0.6348E+02
  0.6348E+02
  0.6348E+02
  0.6348E+02
  0.6348E+02
  0.6348E+02
