 Flux gradient shortwave
       -3.3247
       -2.7120
       -2.2831
       -1.9660
       -1.7326
       -1.5643
       -1.4362
       -1.3309
       -1.2431
       -1.1695
       -1.1088
       -1.0594
       -1.0197
       -0.9883
       -0.9640
       -0.9465
       -0.9359
       -0.9324
       -0.9346
       -0.9398
       -0.9453
       -0.9492
       -0.9511
       -0.9513
       -0.9497
       -0.9458
       -0.9383
       -0.9271
       -0.9140
       -0.9106
       -0.9036
       -0.8958
       -0.8941
       -0.9087
       -0.9482
       -1.0103
       -1.0721
       -1.1000
       -1.0773
       -1.0266
       -0.9729
       -0.9003
       -0.8457
       -0.9029
       -1.0169
       -0.7973
       -0.9061
       -0.9874
       -0.3519
       -0.0145
