 Spectral outgoing longwave flux [W/m2/cm^-1]
  0.5845E-05
  0.2947E-04
  0.7100E-04
  0.1302E-03
  0.2067E-03
  0.3005E-03
  0.4109E-03
  0.5377E-03
  0.6763E-03
  0.8300E-03
  0.9993E-03
  0.1178E-02
  0.1366E-02
  0.1545E-02
  0.1698E-02
  0.1993E-02
  0.2288E-02
  0.2564E-02
  0.2823E-02
  0.3010E-02
  0.3376E-02
  0.3748E-02
  0.4087E-02
  0.4413E-02
  0.4715E-02
  0.4974E-02
  0.5278E-02
  0.5617E-02
  0.5789E-02
  0.6243E-02
  0.6637E-02
  0.6962E-02
  0.7666E-02
  0.8086E-02
  0.8626E-02
  0.9083E-02
  0.9414E-02
  0.9625E-02
  0.1040E-01
  0.1093E-01
  0.1135E-01
  0.1165E-01
  0.1211E-01
  0.1228E-01
  0.1325E-01
  0.1344E-01
  0.1385E-01
  0.1456E-01
  0.1526E-01
  0.1587E-01
  0.1617E-01
  0.1690E-01
  0.1775E-01
  0.1820E-01
  0.1853E-01
  0.1916E-01
  0.1954E-01
  0.2157E-01
  0.2065E-01
  0.2105E-01
  0.2170E-01
  0.2262E-01
  0.2297E-01
  0.2535E-01
  0.2426E-01
  0.2564E-01
  0.2579E-01
  0.2648E-01
  0.2679E-01
  0.2730E-01
  0.2871E-01
  0.2861E-01
  0.2917E-01
  0.3210E-01
  0.3060E-01
  0.3128E-01
  0.3231E-01
  0.3256E-01
  0.3343E-01
  0.3405E-01
  0.3479E-01
  0.3512E-01
  0.3584E-01
  0.3781E-01
  0.3713E-01
  0.3817E-01
  0.3926E-01
  0.3974E-01
  0.4328E-01
  0.4105E-01
  0.4259E-01
  0.4357E-01
  0.4415E-01
  0.4437E-01
  0.4459E-01
  0.4477E-01
  0.4515E-01
  0.4673E-01
  0.4691E-01
  0.4781E-01
  0.4812E-01
  0.5203E-01
  0.4961E-01
  0.5075E-01
  0.5105E-01
  0.5400E-01
  0.5283E-01
  0.5361E-01
  0.5484E-01
  0.5523E-01
  0.5481E-01
  0.6113E-01
  0.5691E-01
  0.5822E-01
  0.5961E-01
  0.6027E-01
  0.6045E-01
  0.6035E-01
  0.6169E-01
  0.6318E-01
  0.6535E-01
  0.6247E-01
  0.6975E-01
  0.6442E-01
  0.6570E-01
  0.6513E-01
  0.6608E-01
  0.6899E-01
  0.7057E-01
  0.7154E-01
  0.7241E-01
  0.7266E-01
  0.7173E-01
  0.7177E-01
  0.7212E-01
  0.7337E-01
  0.7365E-01
  0.7353E-01
  0.8244E-01
  0.7565E-01
  0.8084E-01
  0.7847E-01
  0.7709E-01
  0.7987E-01
  0.7890E-01
  0.8154E-01
  0.8355E-01
  0.8504E-01
  0.8513E-01
  0.8296E-01
  0.8238E-01
  0.8626E-01
  0.8859E-01
  0.8903E-01
  0.8585E-01
  0.8715E-01
  0.8977E-01
  0.8956E-01
  0.9007E-01
  0.8878E-01
  0.8728E-01
  0.9385E-01
  0.8933E-01
  0.8946E-01
  0.9121E-01
  0.9057E-01
  0.1046E+00
  0.9222E-01
  0.9561E-01
  0.9608E-01
  0.9683E-01
  0.9748E-01
  0.1019E+00
  0.1033E+00
  0.1034E+00
  0.1017E+00
  0.9751E-01
  0.9774E-01
  0.9910E-01
  0.1003E+00
  0.9951E-01
  0.9884E-01
  0.9888E-01
  0.1031E+00
  0.1060E+00
  0.1099E+00
  0.1120E+00
  0.1150E+00
  0.1166E+00
  0.1177E+00
  0.1184E+00
  0.1188E+00
  0.1185E+00
  0.1172E+00
  0.1141E+00
  0.1083E+00
  0.1080E+00
  0.1064E+00
  0.1069E+00
  0.1127E+00
  0.1145E+00
  0.1112E+00
  0.1085E+00
  0.1082E+00
  0.1151E+00
  0.1209E+00
  0.1252E+00
  0.1281E+00
  0.1302E+00
  0.1314E+00
  0.1314E+00
  0.1296E+00
  0.1209E+00
  0.1290E+00
  0.1340E+00
  0.1358E+00
  0.1362E+00
  0.1355E+00
  0.1342E+00
  0.1302E+00
  0.1224E+00
  0.1188E+00
  0.1281E+00
  0.1205E+00
  0.1217E+00
  0.1282E+00
  0.1273E+00
  0.1345E+00
  0.1379E+00
  0.1372E+00
  0.1300E+00
  0.1236E+00
  0.1358E+00
  0.1432E+00
  0.1468E+00
  0.1485E+00
  0.1489E+00
  0.1479E+00
  0.1446E+00
  0.1420E+00
  0.1340E+00
  0.1233E+00
  0.1217E+00
  0.1368E+00
  0.1457E+00
  0.1513E+00
  0.1545E+00
  0.1560E+00
  0.1578E+00
  0.1578E+00
  0.1551E+00
  0.1450E+00
  0.1533E+00
  0.1588E+00
  0.1599E+00
  0.1585E+00
  0.1544E+00
  0.1457E+00
  0.1321E+00
  0.1400E+00
  0.1455E+00
  0.1295E+00
  0.1395E+00
  0.1542E+00
  0.1599E+00
  0.1609E+00
  0.1561E+00
  0.1409E+00
  0.1505E+00
  0.1618E+00
  0.1655E+00
  0.1629E+00
  0.1613E+00
  0.1665E+00
  0.1663E+00
  0.1706E+00
  0.1699E+00
  0.1687E+00
  0.1601E+00
  0.1301E+00
  0.1510E+00
  0.1465E+00
  0.1544E+00
  0.1497E+00
  0.1602E+00
  0.1498E+00
  0.1633E+00
  0.1732E+00
  0.1783E+00
  0.1808E+00
  0.1823E+00
  0.1832E+00
  0.1834E+00
  0.1822E+00
  0.1779E+00
  0.1646E+00
  0.1747E+00
  0.1778E+00
  0.1691E+00
  0.1529E+00
  0.1589E+00
  0.1759E+00
  0.1831E+00
  0.1863E+00
  0.1869E+00
  0.1855E+00
  0.1792E+00
  0.1675E+00
  0.1770E+00
  0.1860E+00
  0.1892E+00
  0.1900E+00
  0.1900E+00
  0.1878E+00
  0.1769E+00
  0.1720E+00
  0.1719E+00
  0.1621E+00
  0.1679E+00
  0.1758E+00
  0.1842E+00
  0.1907E+00
  0.1931E+00
  0.1943E+00
  0.1950E+00
  0.1956E+00
  0.1958E+00
  0.1959E+00
  0.1958E+00
  0.1952E+00
  0.1940E+00
  0.1916E+00
  0.1869E+00
  0.1762E+00
  0.1579E+00
  0.1553E+00
  0.1757E+00
  0.1835E+00
  0.1861E+00
  0.1908E+00
  0.1925E+00
  0.1957E+00
  0.1967E+00
  0.1963E+00
  0.1924E+00
  0.1962E+00
  0.1973E+00
  0.1968E+00
  0.1913E+00
  0.1956E+00
  0.1965E+00
  0.1950E+00
  0.1903E+00
  0.1847E+00
  0.1863E+00
  0.1919E+00
  0.1917E+00
  0.1904E+00
  0.1910E+00
  0.1894E+00
  0.1870E+00
  0.1843E+00
  0.1830E+00
  0.1817E+00
  0.1770E+00
  0.1661E+00
  0.1688E+00
  0.1761E+00
  0.1775E+00
  0.1791E+00
  0.1793E+00
  0.1785E+00
  0.1771E+00
  0.1739E+00
  0.1672E+00
  0.1540E+00
  0.1344E+00
  0.1406E+00
  0.1585E+00
  0.1687E+00
  0.1721E+00
  0.1727E+00
  0.1707E+00
  0.1662E+00
  0.1636E+00
  0.1626E+00
  0.1590E+00
  0.1582E+00
  0.1568E+00
  0.1551E+00
  0.1530E+00
  0.1505E+00
  0.1480E+00
  0.1460E+00
  0.1449E+00
  0.1431E+00
  0.1415E+00
  0.1398E+00
  0.1382E+00
  0.1359E+00
  0.1337E+00
  0.1305E+00
  0.1275E+00
  0.1237E+00
  0.1197E+00
  0.1149E+00
  0.1111E+00
  0.1126E+00
  0.1122E+00
  0.1112E+00
  0.1106E+00
  0.1100E+00
  0.1093E+00
  0.1085E+00
  0.1072E+00
  0.1097E+00
  0.1063E+00
  0.1059E+00
  0.1056E+00
  0.1054E+00
  0.1075E+00
  0.1163E+00
  0.1061E+00
  0.1046E+00
  0.1043E+00
  0.1057E+00
  0.1186E+00
  0.1104E+00
  0.1080E+00
  0.1034E+00
  0.1038E+00
  0.1080E+00
  0.1091E+00
  0.1031E+00
  0.1100E+00
  0.1340E+00
  0.1140E+00
  0.1029E+00
  0.1037E+00
  0.1301E+00
  0.1049E+00
  0.1014E+00
  0.1012E+00
  0.1049E+00
  0.1215E+00
  0.1014E+00
  0.9919E-01
  0.1013E+00
  0.1091E+00
  0.1034E+00
  0.1016E+00
  0.1011E+00
  0.1137E+00
  0.1091E+00
  0.1080E+00
  0.1208E+00
  0.1123E+00
  0.1250E+00
  0.1220E+00
  0.1305E+00
  0.1109E+00
  0.1278E+00
  0.1304E+00
  0.1352E+00
  0.1374E+00
  0.1372E+00
  0.1362E+00
  0.1356E+00
  0.1327E+00
  0.4520E-01
  0.1337E+00
  0.1325E+00
  0.1185E+00
  0.1165E+00
  0.8729E-01
  0.1080E+00
  0.1070E+00
  0.4898E-01
  0.8246E-01
  0.8048E-01
  0.6554E-01
  0.1044E+00
  0.9351E-01
  0.6236E-01
  0.7424E-01
  0.6266E-01
  0.9339E-01
  0.8351E-01
  0.5342E-01
  0.6800E-01
  0.8467E-01
  0.7770E-01
  0.7498E-01
  0.3296E-01
  0.6372E-01
  0.7731E-01
  0.5828E-01
  0.5361E-01
  0.6162E-01
  0.7184E-01
  0.6539E-01
  0.4679E-01
  0.4954E-01
  0.4925E-01
  0.5464E-01
  0.4629E-01
  0.3742E-01
  0.3902E-01
  0.2995E-01
  0.4623E-01
  0.4200E-01
  0.2741E-01
  0.3994E-01
  0.3482E-01
  0.3783E-01
  0.3877E-01
  0.3233E-01
  0.2504E-01
  0.2421E-01
  0.2020E-01
  0.3348E-01
  0.3098E-01
  0.2554E-01
  0.2736E-01
  0.3115E-01
  0.3168E-01
  0.3036E-01
  0.2678E-01
  0.2393E-01
  0.2694E-01
  0.3041E-01
  0.2224E-01
  0.2020E-01
  0.2066E-01
  0.2274E-01
  0.2143E-01
  0.2568E-01
  0.2829E-01
  0.2849E-01
  0.2497E-01
  0.1998E-01
  0.2508E-01
  0.2829E-01
  0.2839E-01
  0.2512E-01
  0.1958E-01
  0.2740E-01
  0.2873E-01
  0.2897E-01
  0.2442E-01
  0.2560E-01
  0.3126E-01
  0.3243E-01
  0.3029E-01
  0.1846E-01
  0.3318E-01
  0.3677E-01
  0.3623E-01
  0.2999E-01
  0.3553E-01
  0.3826E-01
  0.4411E-01
  0.3933E-01
  0.3660E-01
  0.5024E-01
  0.3932E-01
  0.5346E-01
  0.3402E-01
  0.3669E-01
  0.4440E-01
  0.4048E-01
  0.5143E-01
  0.3548E-01
  0.5966E-01
  0.4233E-01
  0.2548E-01
  0.3301E-01
  0.3806E-01
  0.6021E-01
  0.6620E-01
  0.6662E-01
  0.5496E-01
  0.1904E-01
  0.5265E-01
  0.6398E-01
  0.3660E-01
  0.5831E-01
  0.3916E-01
  0.4624E-01
  0.6590E-01
  0.3273E-01
  0.5731E-01
  0.6048E-01
  0.2232E-01
  0.6866E-01
  0.8112E-01
  0.8863E-01
  0.8814E-01
  0.7945E-01
  0.3462E-01
  0.3770E-01
  0.9043E-01
  0.8938E-01
  0.8938E-01
  0.8864E-01
  0.6751E-01
  0.8587E-01
  0.7933E-01
  0.7612E-01
  0.7407E-01
  0.7625E-01
  0.8295E-01
  0.7359E-01
  0.6235E-01
  0.5967E-01
  0.6001E-01
  0.7606E-01
  0.5767E-01
  0.5644E-01
  0.5420E-01
  0.5891E-01
  0.7885E-01
  0.5854E-01
  0.5530E-01
  0.5477E-01
  0.6093E-01
  0.7824E-01
  0.5646E-01
  0.5275E-01
  0.5420E-01
  0.5679E-01
  0.6357E-01
  0.7348E-01
  0.7722E-01
  0.6175E-01
  0.5396E-01
  0.5239E-01
  0.5486E-01
  0.7065E-01
  0.6332E-01
  0.5287E-01
  0.5065E-01
  0.5277E-01
  0.6590E-01
  0.6008E-01
  0.4912E-01
  0.4706E-01
  0.4769E-01
  0.5502E-01
  0.5260E-01
  0.4476E-01
  0.4369E-01
  0.4355E-01
  0.4535E-01
  0.4504E-01
  0.4255E-01
  0.4251E-01
  0.4237E-01
  0.4225E-01
  0.4227E-01
  0.4249E-01
  0.4210E-01
  0.4150E-01
  0.4206E-01
  0.4255E-01
  0.4321E-01
  0.4352E-01
  0.4360E-01
  0.4358E-01
  0.4376E-01
  0.4382E-01
  0.4374E-01
  0.4374E-01
  0.4407E-01
  0.4435E-01
  0.4422E-01
  0.4413E-01
  0.4470E-01
  0.4555E-01
  0.4567E-01
  0.4555E-01
  0.4597E-01
  0.4716E-01
  0.4766E-01
  0.4727E-01
  0.4655E-01
  0.4840E-01
  0.4875E-01
  0.4685E-01
  0.4295E-01
  0.3851E-01
  0.3787E-01
  0.4289E-01
  0.4759E-01
  0.5009E-01
  0.5092E-01
  0.5033E-01
  0.4926E-01
  0.4926E-01
  0.4846E-01
  0.4738E-01
  0.4680E-01
  0.4504E-01
  0.4513E-01
  0.4501E-01
  0.4231E-01
  0.4245E-01
  0.4140E-01
  0.3914E-01
  0.3937E-01
  0.3832E-01
  0.3636E-01
  0.3620E-01
  0.3597E-01
  0.3452E-01
  0.3395E-01
  0.3424E-01
  0.3338E-01
  0.3309E-01
  0.3279E-01
  0.3250E-01
  0.3182E-01
  0.3177E-01
  0.3162E-01
  0.3140E-01
  0.3115E-01
  0.3132E-01
  0.3077E-01
  0.3085E-01
  0.3046E-01
  0.3040E-01
  0.3014E-01
  0.2968E-01
  0.2992E-01
  0.2908E-01
  0.2893E-01
  0.2844E-01
  0.2847E-01
  0.2820E-01
  0.2798E-01
  0.2795E-01
  0.2839E-01
  0.2778E-01
  0.2721E-01
  0.2924E-01
  0.2672E-01
  0.2653E-01
  0.3446E-01
  0.2659E-01
  0.2650E-01
  0.3460E-01
  0.2639E-01
  0.2681E-01
  0.4341E-01
  0.2702E-01
  0.2690E-01
  0.3832E-01
  0.2925E-01
  0.2700E-01
  0.2991E-01
  0.4078E-01
  0.2789E-01
  0.2696E-01
  0.3061E-01
  0.3908E-01
  0.2666E-01
  0.2526E-01
  0.2499E-01
  0.2404E-01
  0.2427E-01
  0.2664E-01
  0.3810E-01
  0.3432E-01
  0.2847E-01
  0.2665E-01
  0.2628E-01
  0.2636E-01
  0.2705E-01
  0.2812E-01
  0.2933E-01
  0.3035E-01
  0.3056E-01
  0.2940E-01
  0.2707E-01
  0.2452E-01
  0.2265E-01
  0.2160E-01
  0.2120E-01
  0.2100E-01
  0.2096E-01
  0.2133E-01
  0.2102E-01
  0.2140E-01
  0.2135E-01
  0.2156E-01
  0.2159E-01
  0.2202E-01
  0.2198E-01
  0.2168E-01
  0.2227E-01
  0.2183E-01
  0.2140E-01
  0.2178E-01
  0.2149E-01
  0.2155E-01
  0.2096E-01
  0.2114E-01
  0.2042E-01
  0.2071E-01
  0.2016E-01
  0.2053E-01
  0.1992E-01
  0.2039E-01
  0.1981E-01
  0.1901E-01
  0.1920E-01
  0.1854E-01
  0.1842E-01
  0.1802E-01
  0.1781E-01
  0.1781E-01
  0.2015E-01
  0.1796E-01
  0.1889E-01
  0.1849E-01
  0.1780E-01
  0.2067E-01
  0.1783E-01
  0.1716E-01
  0.2465E-01
  0.1707E-01
  0.1778E-01
  0.2293E-01
  0.1750E-01
  0.1907E-01
  0.2531E-01
  0.1828E-01
  0.1960E-01
  0.3143E-01
  0.1967E-01
  0.1933E-01
  0.2769E-01
  0.2327E-01
  0.1929E-01
  0.2079E-01
  0.3041E-01
  0.2177E-01
  0.1829E-01
  0.1845E-01
  0.2113E-01
  0.1582E-01
  0.1718E-01
  0.2754E-01
  0.2436E-01
  0.2033E-01
  0.1917E-01
  0.1920E-01
  0.2006E-01
  0.2171E-01
  0.2395E-01
  0.2646E-01
  0.2804E-01
  0.2334E-01
  0.1507E-01
  0.2581E-01
  0.2485E-01
  0.1981E-01
  0.1631E-01
  0.1450E-01
  0.1371E-01
  0.1346E-01
  0.1359E-01
  0.1349E-01
  0.1293E-01
  0.1285E-01
  0.1295E-01
  0.1301E-01
  0.1312E-01
  0.1328E-01
  0.1350E-01
  0.1382E-01
  0.1425E-01
  0.1488E-01
  0.1576E-01
  0.1694E-01
  0.1843E-01
  0.2030E-01
  0.2254E-01
  0.2507E-01
  0.2776E-01
  0.3046E-01
  0.3298E-01
  0.3602E-01
  0.3775E-01
  0.3892E-01
  0.4000E-01
  0.4044E-01
  0.4078E-01
  0.4087E-01
  0.4092E-01
  0.4082E-01
  0.4070E-01
  0.4055E-01
  0.4038E-01
  0.4020E-01
  0.4002E-01
  0.3983E-01
  0.3962E-01
  0.3941E-01
  0.3925E-01
  0.3908E-01
  0.3890E-01
  0.3872E-01
  0.3853E-01
  0.3835E-01
  0.3817E-01
  0.3799E-01
  0.3780E-01
  0.3762E-01
  0.3743E-01
  0.3726E-01
  0.3708E-01
  0.3692E-01
  0.3674E-01
  0.3657E-01
  0.3641E-01
  0.3624E-01
  0.3607E-01
  0.3590E-01
  0.3574E-01
  0.3557E-01
  0.3539E-01
  0.3523E-01
  0.3507E-01
  0.3490E-01
  0.3472E-01
  0.3454E-01
  0.3436E-01
  0.3413E-01
  0.3392E-01
  0.3382E-01
  0.3368E-01
  0.3352E-01
  0.3335E-01
  0.3317E-01
  0.3299E-01
  0.3280E-01
  0.3259E-01
  0.3235E-01
  0.3210E-01
  0.3189E-01
  0.3163E-01
  0.3130E-01
  0.3092E-01
  0.3049E-01
  0.2996E-01
  0.2933E-01
  0.2862E-01
  0.2776E-01
  0.2677E-01
  0.2569E-01
  0.2439E-01
  0.2290E-01
  0.2130E-01
  0.1966E-01
  0.1788E-01
  0.1612E-01
  0.1449E-01
  0.1291E-01
  0.1156E-01
  0.1040E-01
  0.9488E-02
  0.8763E-02
  0.8561E-02
  0.8065E-02
  0.7564E-02
  0.7533E-02
  0.9157E-02
  0.7406E-02
  0.7453E-02
  0.1056E-01
  0.9031E-02
  0.8191E-02
  0.1310E-01
  0.1009E-01
  0.1006E-01
  0.1403E-01
  0.1197E-01
  0.1241E-01
  0.1408E-01
  0.1380E-01
  0.1272E-01
  0.1399E-01
  0.1375E-01
  0.1311E-01
  0.1385E-01
  0.7481E-02
  0.1326E-01
  0.1363E-01
  0.7348E-02
  0.1316E-01
  0.1340E-01
  0.1239E-01
  0.1300E-01
  0.1288E-01
  0.1308E-01
  0.1282E-01
  0.1138E-01
  0.1244E-01
  0.3007E-02
  0.1282E-01
  0.1269E-01
  0.1091E-01
  0.1235E-01
  0.1249E-01
  0.1238E-01
  0.9602E-02
  0.1221E-01
  0.1217E-01
  0.6528E-02
  0.1203E-01
  0.1139E-01
  0.1196E-01
  0.8557E-02
  0.1039E-01
  0.1040E-01
  0.7507E-02
  0.9409E-02
  0.8779E-02
  0.1015E-01
  0.9171E-02
  0.7764E-02
  0.7409E-02
  0.6922E-02
  0.7071E-02
  0.5733E-02
  0.5259E-02
  0.6552E-02
  0.5231E-02
  0.5325E-02
  0.6495E-02
  0.6124E-02
  0.6857E-02
  0.7802E-02
  0.8735E-02
  0.9647E-02
  0.1041E-01
  0.1094E-01
  0.1096E-01
  0.1069E-01
  0.1015E-01
  0.9319E-02
  0.8549E-02
  0.7681E-02
  0.7032E-02
  0.6154E-02
  0.5664E-02
  0.5773E-02
  0.5228E-02
  0.4813E-02
  0.5385E-02
  0.5583E-02
  0.4912E-02
  0.5365E-02
  0.6728E-02
  0.4919E-02
  0.5407E-02
  0.8182E-02
  0.5851E-02
  0.5498E-02
  0.7122E-02
  0.7780E-02
  0.8336E-02
  0.6956E-02
  0.7344E-02
  0.8668E-02
  0.8707E-02
  0.8413E-02
  0.8250E-02
  0.8243E-02
  0.8360E-02
  0.8413E-02
  0.8513E-02
  0.2698E-02
  0.8407E-02
  0.8311E-02
  0.7941E-02
  0.7155E-02
  0.7337E-02
  0.8160E-02
  0.3459E-03
  0.7049E-02
  0.7630E-02
  0.7599E-02
  0.7919E-02
  0.7846E-02
  0.7543E-02
  0.7264E-02
  0.7739E-02
  0.7606E-02
  0.6502E-02
  0.6186E-02
  0.7582E-02
  0.6281E-02
  0.7339E-02
  0.7430E-02
  0.5813E-02
  0.6868E-02
  0.7128E-02
  0.6939E-02
  0.6101E-02
  0.6777E-02
  0.6636E-02
  0.5123E-02
  0.6014E-02
  0.5025E-02
  0.4204E-02
  0.5652E-02
  0.3760E-02
  0.3564E-02
  0.4619E-02
  0.3255E-02
  0.3246E-02
  0.3487E-02
  0.3240E-02
  0.3300E-02
  0.2933E-02
  0.2905E-02
  0.2958E-02
  0.3037E-02
  0.3204E-02
  0.3420E-02
  0.3651E-02
  0.3758E-02
  0.3792E-02
  0.3754E-02
  0.4908E-02
  0.5558E-02
  0.5677E-02
  0.6485E-02
  0.7153E-02
  0.7478E-02
  0.7364E-02
  0.6211E-02
  0.7548E-02
  0.7881E-02
  0.7661E-02
  0.6937E-02
  0.4894E-02
  0.4998E-02
  0.7049E-02
  0.8032E-02
  0.8442E-02
  0.8598E-02
  0.8576E-02
  0.8381E-02
  0.7878E-02
  0.6773E-02
  0.6828E-02
  0.7495E-02
  0.7349E-02
  0.6812E-02
  0.6373E-02
  0.5037E-02
  0.3456E-02
  0.3174E-02
  0.3968E-02
  0.5245E-02
  0.6072E-02
  0.6138E-02
  0.5398E-02
  0.4059E-02
  0.5336E-02
  0.6088E-02
  0.6162E-02
  0.5668E-02
  0.4423E-02
  0.3423E-02
  0.3271E-02
  0.4807E-02
  0.4240E-02
  0.5591E-02
  0.6187E-02
  0.6283E-02
  0.5912E-02
  0.6185E-02
  0.6150E-02
  0.5844E-02
  0.5129E-02
  0.3846E-02
  0.4515E-02
  0.3764E-02
  0.3951E-02
  0.4889E-02
  0.4863E-02
  0.4142E-02
  0.2631E-02
  0.3594E-02
  0.3083E-02
  0.4028E-02
  0.4352E-02
  0.4183E-02
  0.3617E-02
  0.2492E-02
  0.2092E-02
  0.2128E-02
  0.2828E-02
  0.3424E-02
  0.3918E-02
  0.3613E-02
  0.4107E-02
  0.3731E-02
  0.3334E-02
  0.2900E-02
  0.3288E-02
  0.2758E-02
  0.2213E-02
  0.2333E-02
  0.2971E-02
  0.2946E-02
  0.3092E-02
  0.3366E-02
  0.3275E-02
  0.3766E-02
  0.3621E-02
  0.3111E-02
  0.2370E-02
  0.2961E-02
  0.3028E-02
  0.2509E-02
  0.1721E-02
  0.1656E-02
  0.1850E-02
  0.1846E-02
  0.2476E-02
  0.2505E-02
  0.3041E-02
  0.3404E-02
  0.3427E-02
  0.3188E-02
  0.3289E-02
  0.3103E-02
  0.2512E-02
  0.2266E-02
  0.2242E-02
  0.1834E-02
  0.1852E-02
  0.1494E-02
  0.1883E-02
  0.2547E-02
  0.2780E-02
  0.2552E-02
  0.2973E-02
  0.2950E-02
  0.2354E-02
  0.1939E-02
  0.2642E-02
  0.2880E-02
  0.2651E-02
  0.1985E-02
  0.2656E-02
  0.1929E-02
  0.2693E-02
  0.3174E-02
  0.3463E-02
  0.3637E-02
  0.3785E-02
  0.3865E-02
  0.3930E-02
  0.3954E-02
  0.3950E-02
  0.3911E-02
  0.3913E-02
  0.3867E-02
  0.3781E-02
  0.3694E-02
  0.3759E-02
  0.3845E-02
  0.3841E-02
  0.3793E-02
  0.3621E-02
  0.3643E-02
  0.3550E-02
  0.3610E-02
  0.3505E-02
  0.3304E-02
  0.3239E-02
  0.3090E-02
  0.3129E-02
  0.2951E-02
  0.2601E-02
  0.2026E-02
  0.1238E-02
  0.1304E-02
  0.2025E-02
  0.2405E-02
  0.2429E-02
  0.2041E-02
  0.1566E-02
  0.2201E-02
  0.2392E-02
  0.1984E-02
  0.2216E-02
  0.2490E-02
  0.2465E-02
  0.2246E-02
  0.1793E-02
  0.1488E-02
  0.1157E-02
  0.1497E-02
  0.1976E-02
  0.2199E-02
  0.2261E-02
  0.2181E-02
  0.1987E-02
  0.1521E-02
  0.1091E-02
  0.1414E-02
  0.1370E-02
  0.1478E-02
  0.1141E-02
  0.1677E-02
  0.9131E-03
  0.1092E-02
  0.1527E-02
  0.1802E-02
  0.1947E-02
  0.1961E-02
  0.1801E-02
  0.1314E-02
  0.1553E-02
  0.1839E-02
  0.1818E-02
  0.1585E-02
  0.1154E-02
  0.1115E-02
  0.1333E-02
  0.1568E-02
  0.1549E-02
  0.1028E-02
  0.1314E-02
  0.1697E-02
  0.1784E-02
  0.1656E-02
  0.1557E-02
  0.1228E-02
  0.8796E-03
  0.1207E-02
  0.1103E-02
  0.1461E-02
  0.1575E-02
  0.1567E-02
  0.1684E-02
  0.1629E-02
  0.1401E-02
  0.9400E-03
  0.7271E-03
  0.1013E-02
  0.9793E-03
  0.1306E-02
  0.8466E-03
  0.1197E-02
  0.1296E-02
  0.1223E-02
  0.1070E-02
  0.1450E-02
  0.1697E-02
  0.1686E-02
  0.1763E-02
  0.1706E-02
  0.1408E-02
  0.1006E-02
  0.1076E-02
  0.1080E-02
  0.9390E-03
  0.1360E-02
  0.1667E-02
  0.1790E-02
  0.1765E-02
  0.1916E-02
  0.1946E-02
  0.1901E-02
  0.1768E-02
  0.1434E-02
  0.1455E-02
  0.1111E-02
  0.6794E-03
  0.6977E-03
  0.1201E-02
  0.1378E-02
  0.1228E-02
  0.8731E-03
  0.1319E-02
  0.1496E-02
  0.1492E-02
  0.1630E-02
  0.1559E-02
  0.1391E-02
  0.1171E-02
  0.1339E-02
  0.8426E-03
  0.1403E-02
  0.1716E-02
  0.1744E-02
  0.1495E-02
  0.1466E-02
  0.1668E-02
  0.1622E-02
  0.1265E-02
  0.1239E-02
  0.1606E-02
  0.1734E-02
  0.1699E-02
  0.1380E-02
  0.1186E-02
  0.1240E-02
  0.7672E-03
  0.5797E-03
  0.8878E-03
  0.1254E-02
  0.1436E-02
  0.1631E-02
  0.1653E-02
  0.1529E-02
  0.1486E-02
  0.1715E-02
  0.1722E-02
  0.1100E-02
  0.1727E-02
  0.1744E-02
  0.1636E-02
  0.1397E-02
  0.1053E-02
  0.6863E-03
  0.9893E-03
  0.1282E-02
  0.1372E-02
  0.1496E-02
  0.1366E-02
  0.1160E-02
  0.1241E-02
  0.1335E-02
  0.1575E-02
  0.1604E-02
  0.1598E-02
  0.1505E-02
  0.1463E-02
  0.1318E-02
  0.1264E-02
  0.1353E-02
  0.1396E-02
  0.1389E-02
  0.1357E-02
  0.1175E-02
  0.1273E-02
  0.1233E-02
  0.1184E-02
  0.1103E-02
  0.1019E-02
  0.8302E-03
  0.8980E-03
  0.8965E-03
  0.7560E-03
  0.6020E-03
  0.7456E-03
  0.8024E-03
  0.7808E-03
  0.7164E-03
  0.6207E-03
  0.5258E-03
  0.4786E-03
  0.4375E-03
  0.3867E-03
  0.3279E-03
  0.2757E-03
  0.2601E-03
  0.2676E-03
  0.2519E-03
  0.2379E-03
  0.2265E-03
  0.3001E-03
  0.2288E-03
  0.2210E-03
  0.2248E-03
  0.2380E-03
  0.2396E-03
  0.5108E-03
  0.2468E-03
  0.2401E-03
  0.2233E-03
  0.2641E-03
  0.4122E-03
  0.4007E-03
  0.2738E-03
  0.2625E-03
  0.3200E-03
  0.3136E-03
  0.4662E-03
  0.5924E-03
  0.2549E-03
  0.3501E-03
  0.3325E-03
  0.4136E-03
  0.1630E-03
  0.3280E-03
  0.4783E-03
  0.4573E-03
  0.5705E-03
  0.4479E-03
  0.5457E-03
  0.5785E-03
  0.5311E-03
  0.4070E-03
  0.4272E-03
  0.4253E-03
  0.5095E-03
  0.2962E-03
  0.1863E-03
  0.5241E-03
  0.4940E-03
  0.5105E-03
  0.4516E-03
  0.4739E-03
  0.3331E-03
  0.3022E-03
  0.5379E-03
  0.5331E-03
  0.4855E-03
  0.2900E-03
  0.1230E-03
  0.3846E-03
  0.4562E-03
  0.4519E-03
  0.3510E-03
  0.1154E-03
  0.1783E-03
  0.3806E-03
  0.4328E-03
  0.4096E-03
  0.2622E-03
  0.8413E-04
  0.4129E-03
  0.4713E-03
  0.4663E-03
  0.4135E-03
  0.4485E-04
  0.1051E-03
  0.2772E-03
  0.3830E-03
  0.4529E-03
  0.4492E-03
  0.4502E-03
  0.3036E-03
  0.4233E-03
  0.3479E-03
  0.3156E-03
  0.2940E-03
  0.4073E-03
  0.3491E-03
  0.3240E-03
  0.3545E-03
  0.4150E-03
  0.4181E-03
  0.3484E-03
  0.3373E-03
  0.3937E-03
  0.3478E-03
  0.3271E-03
  0.2754E-03
  0.3079E-03
  0.2870E-03
  0.2796E-03
  0.1965E-03
  0.1989E-03
  0.3210E-03
  0.2095E-03
  0.1322E-03
  0.1256E-03
  0.1577E-03
  0.1468E-03
  0.1132E-03
  0.1071E-03
  0.1145E-03
  0.1190E-03
  0.1194E-03
  0.1060E-03
  0.1270E-03
  0.1373E-03
  0.1203E-03
  0.1078E-03
  0.1367E-03
  0.1518E-03
  0.1168E-03
  0.1117E-03
  0.1978E-03
  0.1447E-03
  0.1613E-03
  0.1382E-03
  0.1202E-03
  0.1218E-03
  0.1405E-03
  0.2740E-03
  0.2316E-03
  0.1720E-03
  0.2135E-03
  0.2411E-03
  0.3114E-03
  0.2332E-03
  0.2134E-03
  0.2417E-03
  0.2980E-03
  0.2992E-03
  0.2734E-03
  0.2625E-03
  0.2853E-03
  0.2159E-03
  0.2837E-03
  0.2818E-03
  0.2764E-03
  0.2873E-03
  0.1210E-03
  0.2780E-03
  0.2746E-03
  0.2745E-03
  0.1235E-04
  0.1215E-03
  0.2736E-03
  0.2706E-03
  0.1044E-03
  0.3080E-04
  0.2638E-03
  0.1060E-03
  0.2287E-03
  0.2250E-03
  0.2602E-03
  0.1401E-03
  0.1932E-03
  0.4378E-04
  0.1588E-03
  0.5786E-05
  0.1830E-03
  0.1335E-03
  0.2488E-04
  0.5799E-04
  0.1102E-03
  0.1142E-03
  0.8948E-04
  0.3252E-04
  0.2041E-04
  0.5706E-04
  0.8560E-04
  0.7421E-04
  0.3621E-04
  0.9869E-05
  0.5653E-04
  0.8035E-04
  0.8867E-04
  0.5606E-04
  0.8343E-05
  0.8550E-04
  0.3872E-04
  0.7008E-05
  0.1289E-04
  0.9945E-04
  0.9680E-04
  0.2595E-04
  0.5091E-04
  0.1234E-03
  0.1499E-03
  0.1347E-03
  0.4300E-04
  0.1207E-03
  0.1923E-03
  0.1967E-03
  0.5733E-04
  0.9474E-04
  0.1906E-03
  0.1894E-03
  0.1902E-03
  0.1815E-03
  0.6598E-04
  0.1025E-03
  0.1710E-03
  0.1602E-03
  0.1805E-03
  0.1815E-03
  0.1511E-03
  0.1628E-03
  0.1412E-03
  0.1749E-03
  0.1554E-03
  0.1300E-03
  0.1628E-03
  0.1338E-03
  0.1613E-03
  0.1458E-03
  0.1218E-03
  0.1537E-03
  0.1175E-03
  0.1089E-03
  0.1257E-03
  0.1507E-03
  0.9698E-04
  0.1588E-03
  0.1305E-03
  0.9091E-04
  0.7404E-04
  0.7404E-04
  0.1063E-03
  0.1340E-03
  0.6524E-04
  0.5211E-04
  0.5132E-04
  0.6313E-04
  0.7221E-04
  0.3951E-04
  0.3839E-04
  0.3861E-04
  0.3638E-04
  0.3872E-04
  0.3705E-04
  0.3629E-04
  0.3792E-04
  0.3690E-04
  0.4386E-04
  0.3560E-04
  0.3417E-04
  0.3552E-04
  0.3454E-04
  0.3641E-04
  0.3248E-04
  0.3842E-04
  0.3155E-04
  0.3345E-04
  0.3410E-04
  0.3629E-04
  0.3810E-04
  0.3907E-04
  0.3941E-04
  0.4081E-04
  0.4127E-04
  0.4149E-04
  0.3952E-04
  0.4005E-04
  0.3738E-04
  0.3639E-04
  0.3515E-04
  0.3275E-04
  0.3318E-04
  0.3075E-04
  0.3039E-04
  0.2974E-04
  0.2883E-04
  0.2824E-04
  0.2743E-04
  0.2947E-04
  0.2661E-04
  0.2590E-04
  0.2651E-04
  0.2561E-04
  0.2954E-04
  0.2939E-04
  0.2482E-04
  0.2508E-04
  0.5709E-04
  0.3089E-04
  0.2922E-04
  0.4792E-04
  0.3525E-04
  0.3524E-04
  0.5054E-04
  0.7000E-04
  0.7303E-04
  0.5806E-04
  0.6963E-04
  0.7126E-04
  0.8518E-04
  0.9419E-04
  0.8728E-04
  0.8984E-04
  0.5883E-04
  0.9309E-04
  0.8038E-04
  0.6972E-04
  0.1185E-04
  0.6228E-04
  0.7448E-04
  0.8787E-05
  0.6135E-04
  0.3310E-04
  0.4460E-05
  0.2331E-04
  0.1902E-04
  0.1684E-04
  0.7040E-05
  0.5601E-05
  0.1446E-04
  0.5197E-05
  0.7968E-05
  0.5292E-05
  0.5526E-05
  0.6126E-05
  0.1282E-05
  0.1626E-05
  0.4253E-05
  0.5444E-06
  0.1146E-05
  0.2232E-05
  0.5483E-06
  0.2397E-05
  0.1452E-05
  0.2923E-06
  0.1559E-05
  0.1803E-05
  0.8442E-06
  0.1090E-05
  0.1611E-05
  0.1261E-05
  0.1484E-06
  0.1155E-05
  0.1440E-05
  0.1129E-05
  0.2031E-06
  0.1462E-06
  0.1168E-05
  0.1232E-05
  0.8153E-06
  0.1806E-05
  0.1289E-05
  0.6572E-06
  0.3208E-06
  0.7569E-06
  0.9094E-06
  0.1081E-05
  0.1105E-05
  0.1058E-05
  0.1316E-06
  0.8603E-06
  0.7655E-06
  0.7302E-06
  0.7477E-06
  0.8038E-06
  0.8455E-06
  0.1014E-05
  0.1392E-05
  0.5718E-06
  0.3336E-06
  0.1201E-06
  0.4775E-06
  0.6847E-06
  0.2615E-06
  0.4529E-06
  0.4144E-06
  0.1070E-06
  0.4045E-06
  0.5312E-06
  0.1846E-06
  0.3235E-06
  0.1944E-06
  0.1053E-06
  0.3275E-06
  0.3004E-06
  0.1105E-06
  0.2677E-06
  0.2721E-06
  0.1332E-06
  0.2012E-06
  0.1776E-06
  0.1390E-06
  0.1293E-06
  0.2081E-06
  0.2007E-06
  0.1259E-06
  0.1320E-06
  0.1218E-06
  0.1459E-06
  0.8133E-07
  0.1183E-06
  0.2836E-06
  0.7884E-07
  0.1358E-06
  0.1759E-06
  0.1837E-06
  0.1674E-06
  0.1345E-06
  0.1091E-06
  0.7339E-07
  0.1041E-06
  0.1153E-06
  0.1326E-06
  0.1492E-06
  0.1629E-06
  0.1751E-06
  0.1855E-06
  0.1935E-06
  0.1946E-06
  0.1800E-06
  0.1187E-06
  0.1357E-06
  0.2960E-06
  0.4360E-06
  0.5092E-06
  0.3505E-06
  0.6134E-06
  0.7828E-06
  0.2761E-06
  0.9936E-06
  0.3172E-06
  0.1210E-05
  0.1406E-05
  0.1671E-05
  0.2031E-05
  0.2521E-05
  0.3183E-05
  0.4103E-05
  0.5416E-05
  0.7387E-05
  0.1032E-04
  0.1906E-04
  0.2536E-04
  0.3133E-04
  0.3523E-04
  0.3607E-04
  0.3117E-04
  0.2529E-04
  0.1927E-04
  0.1703E-04
  0.8342E-05
  0.6927E-05
  0.1745E-04
  0.6833E-05
  0.6726E-05
  0.9035E-05
  0.7420E-05
  0.6624E-05
  0.6964E-05
  0.2075E-04
  0.6812E-05
  0.6458E-05
  0.6718E-05
  0.1357E-04
  0.6603E-05
  0.6580E-05
  0.6889E-05
  0.6355E-05
  0.6157E-05
  0.6158E-05
  0.6621E-05
  0.9142E-05
  0.1890E-04
  0.8782E-05
  0.6966E-05
  0.6374E-05
  0.6017E-05
  0.5875E-05
  0.5854E-05
  0.5949E-05
  0.6332E-05
  0.6390E-05
  0.5780E-05
  0.6315E-05
  0.7504E-05
  0.7509E-05
  0.6128E-05
  0.7075E-05
  0.6680E-05
  0.8716E-05
  0.7129E-05
  0.7812E-05
  0.7451E-05
  0.8698E-05
  0.8255E-05
  0.6414E-05
  0.6449E-05
  0.7313E-05
  0.6153E-05
  0.6649E-05
  0.1246E-04
  0.1005E-04
  0.8523E-05
  0.1071E-04
  0.2005E-04
  0.1497E-04
  0.1304E-04
  0.1744E-04
  0.1907E-04
  0.1768E-04
  0.1712E-04
  0.2231E-04
  0.2230E-04
  0.1869E-04
  0.2000E-04
  0.4206E-05
  0.2042E-04
  0.1855E-04
  0.2139E-04
  0.2043E-04
  0.1652E-04
  0.1699E-04
  0.1743E-04
