 Rayleigh Transmission
                          0.9999999999999997E+00
                          0.9999999999999586E+00
                          0.9999999999999546E+00
                          0.9999999999995640E+00
                          0.9999999999987031E+00
                          0.9999999999993501E+00
                          0.9999999999962348E+00
                          0.9999999999985257E+00
                          0.9999999999997410E+00
                          0.9999999999975284E+00
                          0.9999999999999335E+00
                          0.9999999999476946E+00
                          0.9999999998278942E+00
                          0.9999999999999447E+00
                          0.9999999999999313E+00
                          0.9999999999998658E+00
                          0.9999999999998864E+00
                          0.9999999999998332E+00
                          0.9999999999998169E+00
                          0.9999999999976414E+00
                          0.9999999999992111E+00
                          0.9999999999971313E+00
                          0.9999999999722506E+00
                          0.9999999991912217E+00
                          0.9999999528828847E+00
                          0.9999998725087627E+00
                          0.9999904626253461E+00
                          0.9999422608214339E+00
                          0.9999996099663737E+00
                          0.9999999427008839E+00
                          0.9999998906902551E+00
                          0.9999999999956856E+00
                          0.9999999999728161E+00
                          0.9999999999977180E+00
                          0.9999999999714057E+00
                          0.9999999999973914E+00
                          0.9999999999970668E+00
                          0.9999999999966334E+00
                          0.9999999999845559E+00
                          0.9999999999930769E+00
                          0.9999999999955667E+00
                          0.9999999999949997E+00
                          0.9999999999887543E+00
                          0.9999999999843793E+00
                          0.9999999999935387E+00
                          0.9999999999929500E+00
                          0.9999999999923019E+00
                          0.9999999999916119E+00
                          0.9999999999908573E+00
                          0.9999999999835367E+00
                          0.9999999996259513E+00
                          0.9999999997506673E+00
                          0.9999989637378319E+00
                          0.9999999999669914E+00
                          0.9999999997762031E+00
                          0.9999999975116270E+00
                          0.9999999999683143E+00
                          0.9999999999818510E+00
                          0.9999999999805566E+00
                          0.9999999999791738E+00
                          0.9999999999777247E+00
                          0.9999999999762064E+00
                          0.9999999999745878E+00
                          0.9999999999724648E+00
                          0.9999999999711817E+00
                          0.9999999999693147E+00
                          0.9999999999670466E+00
                          0.9999999999653022E+00
                          0.9999999999632248E+00
                          0.9999999999610650E+00
                          0.9999999999587627E+00
                          0.9999999999563634E+00
                          0.9999999999536405E+00
                          0.9999999985142288E+00
                          0.9999999999360992E+00
                          0.9999997508821836E+00
                          0.9992796158959263E+00
                          0.9999999987965106E+00
                          0.9999999998005253E+00
                          0.9999999999199686E+00
                          0.9999999999064422E+00
                          0.9999999405871413E+00
                          0.9999999413716462E+00
                          0.9999824193744938E+00
                          0.9999685820734683E+00
                          0.9999999998649822E+00
                          0.9999999999053378E+00
                          0.9999999999015848E+00
                          0.9999999998960618E+00
                          0.9999999992302047E+00
                          0.9999997087342765E+00
                          0.9959344484042639E+00
                          0.9314484826933067E+00
                          0.9996343342574077E+00
                          0.9992432837404526E+00
                          0.9999885122597159E+00
                          0.9999999987920900E+00
                          0.9999999998475558E+00
                          0.9999999998407194E+00
                          0.9999999994789776E+00
                          0.9999999981117331E+00
                          0.9999999997913791E+00
                          0.9999999998003934E+00
                          0.9999988185809146E+00
                          0.9999999990925492E+00
                          0.9999999986806970E+00
                          0.9999999997640137E+00
                          0.9999999997749812E+00
                          0.9999999997662081E+00
                          0.9999999997549920E+00
                          0.9999999997194056E+00
                          0.9999999997307123E+00
                          0.9999999997296541E+00
                          0.9999999997202356E+00
                          0.9999999997102493E+00
                          0.9999999996999493E+00
                          0.9999999996893694E+00
                          0.9999999996785354E+00
                          0.9999999996671992E+00
                          0.9999999994067962E+00
                          0.9999999474419842E+00
                          0.9999999996255441E+00
                          0.9999999996199748E+00
                          0.9999999995533668E+00
                          0.9999999995942981E+00
                          0.9999999714428492E+00
                          0.9999999995618342E+00
                          0.9999999995525209E+00
                          0.9999999995185743E+00
                          0.9999999995249078E+00
                          0.9999999995099342E+00
                          0.9999999994925489E+00
                          0.9999999994627111E+00
                          0.9999996978910234E+00
                          0.9999999632183918E+00
                          0.9999999994234322E+00
                          0.9999999994121747E+00
                          0.9999999917796237E+00
                          0.9999999993417180E+00
                          0.9999999989984981E+00
                          0.9999999869359305E+00
                          0.9999999347607419E+00
                          0.9998862983005904E+00
                          0.9999997487230422E+00
                          0.9999930830982596E+00
                          0.9999875722773175E+00
                          0.9999999180902694E+00
                          0.9991936588452593E+00
                          0.9999929432777500E+00
                          0.9999610892942417E+00
                          0.9999999890144363E+00
                          0.9999999990827078E+00
                          0.9999999990280131E+00
                          0.9999999990409797E+00
                          0.9999996934721624E+00
                          0.9999999990033102E+00
                          0.9999999989825643E+00
                          0.9999999989578470E+00
                          0.9999999989310884E+00
                          0.9999999988763214E+00
                          0.9999998503149212E+00
                          0.9999999986264273E+00
                          0.9999999988188965E+00
                          0.9999999987894765E+00
                          0.9999999987595040E+00
                          0.9999999987289740E+00
                          0.9999959468961745E+00
                          0.9999999986658350E+00
                          0.9999999986334133E+00
                          0.9999999986012030E+00
                          0.9999999985678124E+00
                          0.9999999985338237E+00
                          0.9999999984992327E+00
                          0.9999999984639808E+00
                          0.9999999984281175E+00
                          0.9999999982534894E+00
                          0.9999999983546205E+00
                          0.9999582003189560E+00
                          0.9999999982767788E+00
                          0.9999999974592754E+00
                          0.9999999981389395E+00
                          0.9999999981570091E+00
                          0.9999999981149853E+00
                          0.9999999101209632E+00
                          0.9999999980188974E+00
                          0.9999999970542739E+00
                          0.9990025464112160E+00
                          0.9999999974382989E+00
                          0.9999999978530767E+00
                          0.9999999974129082E+00
                          0.9999999967935777E+00
                          0.9999999950937726E+00
                          0.9999999967799037E+00
                          0.9999999113649030E+00
                          0.9999999926064743E+00
                          0.9999998298829400E+00
                          0.9999999576418349E+00
                          0.9996896799310671E+00
                          0.9999997980109884E+00
                          0.9999998554375708E+00
                          0.9999994282050346E+00
                          0.9999999970289775E+00
                          0.9999999968280533E+00
                          0.9999999876592991E+00
                          0.9999920143071879E+00
                          0.9999999908927116E+00
                          0.9999999969085979E+00
                          0.9999999968506715E+00
                          0.9999999967839246E+00
                          0.9999999967048272E+00
                          0.9999999966371941E+00
                          0.9999999965912616E+00
                          0.9999999961216807E+00
                          0.9999999958214371E+00
                          0.9999999964008297E+00
                          0.9999999963364505E+00
                          0.9999999962462344E+00
                          0.9999999961982206E+00
                          0.9999999961279565E+00
                          0.9999999960564330E+00
                          0.9999999959839216E+00
                          0.9999999959103855E+00
                          0.9999999958359069E+00
                          0.9999999957603772E+00
                          0.9999999956838346E+00
                          0.9999999956062595E+00
                          0.9999999955263622E+00
                          0.9999999954128456E+00
                          0.9999999953672087E+00
                          0.9999999952853952E+00
                          0.9999999952025621E+00
                          0.9999999951148927E+00
                          0.9999999950331929E+00
                          0.9999999949223789E+00
                          0.9999999948579836E+00
                          0.9999999824150463E+00
                          0.9999999946813651E+00
                          0.9999999945884414E+00
                          0.9999999419669144E+00
                          0.9999999917470918E+00
                          0.9999999943078911E+00
                          0.9999997450180070E+00
                          0.9999999940885901E+00
                          0.9999999936696435E+00
                          0.9999999938924503E+00
                          0.9999999937947142E+00
                          0.9999999933616126E+00
                          0.9999998844214887E+00
                          0.9999999931019954E+00
                          0.9999999921228950E+00
                          0.9999999927689194E+00
                          0.9999999931232976E+00
                          0.9999999930374648E+00
                          0.9999991039361331E+00
                          0.9999999902228448E+00
                          0.9999999927330548E+00
                          0.9999999926354054E+00
                          0.9999999925216418E+00
                          0.9999999922964773E+00
                          0.9999999922117538E+00
                          0.9999999920114946E+00
                          0.9999999919671688E+00
                          0.9999999919051489E+00
                          0.9999999917974771E+00
                          0.9999999916674260E+00
                          0.9999999915462887E+00
                          0.9999999905659309E+00
                          0.9999999901830811E+00
                          0.9999999820768707E+00
                          0.9999999910199842E+00
                          0.9999999903790997E+00
                          0.9999999907338009E+00
                          0.9999999906165157E+00
                          0.9999999904785917E+00
                          0.9999999777967900E+00
                          0.9999999892589958E+00
                          0.9999999899525891E+00
                          0.9999999885374602E+00
                          0.9999999849684492E+00
                          0.9999999793449376E+00
                          0.9999999894418770E+00
                          0.9999999893126394E+00
                          0.9999999891596939E+00
                          0.9999999890051897E+00
                          0.9999999888489962E+00
                          0.9999999886697204E+00
                          0.9999999885315666E+00
                          0.9999999123724084E+00
                          0.9999999882073790E+00
                          0.9999999880427931E+00
                          0.9999999878764214E+00
                          0.9999999877028568E+00
                          0.9999999418649428E+00
                          0.9999999873577542E+00
                          0.9999999871918864E+00
                          0.9999999870185060E+00
                          0.9999999865578546E+00
                          0.9999999866623102E+00
                          0.9999999864602749E+00
                          0.9999999862722082E+00
                          0.9999999861158565E+00
                          0.9999999859298726E+00
                          0.9999999857417513E+00
                          0.9999999855052323E+00
                          0.9999999852664082E+00
                          0.9999999851598756E+00
                          0.9999999848451123E+00
                          0.9999999847743185E+00
                          0.9999999845737414E+00
                          0.9999999829659926E+00
                          0.9999999841451438E+00
                          0.9999999839652126E+00
                          0.9999999837580985E+00
                          0.9999999835488933E+00
                          0.9999999833374891E+00
                          0.9999999831240243E+00
                          0.9999999829061040E+00
                          0.9999999826604011E+00
                          0.9999999824557750E+00
                          0.9999999822493075E+00
                          0.9999999820065947E+00
                          0.9999999818014260E+00
                          0.9999999815522331E+00
                          0.9999999753493488E+00
                          0.9999999805037363E+00
                          0.9999999739659076E+00
                          0.9999999806385552E+00
                          0.9999999781192372E+00
                          0.9991535117295417E+00
                          0.9999999798932331E+00
                          0.9999999796688304E+00
                          0.9999999792986094E+00
                          0.9999999780500365E+00
                          0.9999999789240384E+00
                          0.9999999786700525E+00
                          0.9999999784134924E+00
                          0.9999999781546278E+00
                          0.9999999778934329E+00
                          0.9999999776298971E+00
                          0.9999999773632661E+00
                          0.9999999770957727E+00
                          0.9999999768251261E+00
                          0.9999999765521337E+00
                          0.9999999762758652E+00
                          0.9999999759988921E+00
                          0.9999999757186220E+00
                          0.9999999754353446E+00
                          0.9999999620903720E+00
                          0.9999999748304793E+00
                          0.9999999745728836E+00
                          0.9999999742802750E+00
                          0.9999999739850842E+00
                          0.9999999736872776E+00
                          0.9999999648460007E+00
                          0.9999999730833717E+00
                          0.9999999727789604E+00
                          0.9999999724709833E+00
                          0.9999999721441449E+00
                          0.9999997945771875E+00
                          0.9999999715308893E+00
                          0.9999999712128584E+00
                          0.9999999708916997E+00
                          0.9999999686628318E+00
                          0.9999999702413287E+00
                          0.9999999699120803E+00
                          0.9999999695800584E+00
                          0.9999999692453565E+00
                          0.9999999689079662E+00
                          0.9999999685677375E+00
                          0.9999999682247263E+00
                          0.9999999668451154E+00
                          0.9999999675301852E+00
                          0.9999999671785031E+00
                          0.9999999668244270E+00
                          0.9999999664672286E+00
                          0.9999999648667564E+00
                          0.9999999656223423E+00
                          0.9999999653784544E+00
                          0.9999999650096146E+00
                          0.9999999646375985E+00
                          0.9999999642567553E+00
                          0.9999999637904690E+00
                          0.9999999635051720E+00
                          0.9999999631215799E+00
                          0.9999999627331776E+00
                          0.9999999623444509E+00
                          0.9999999619525751E+00
                          0.9999999615568524E+00
                          0.9999999611580064E+00
                          0.9999999607560643E+00
                          0.9999999603510109E+00
                          0.9999999599428255E+00
                          0.9999999595315052E+00
                          0.9999999591170169E+00
                          0.9999999586993236E+00
                          0.9999999582785082E+00
                          0.9999999578544482E+00
                          0.9999999574271644E+00
                          0.9999999569966390E+00
                          0.9999999565628551E+00
                          0.9999999561258006E+00
                          0.9999999556854524E+00
                          0.9999999552417947E+00
                          0.9999999547948261E+00
                          0.9999999543445129E+00
                          0.9999999538908424E+00
                          0.9999999534337990E+00
                          0.9999999529733457E+00
                          0.9999999525095046E+00
                          0.9999999520422665E+00
                          0.9999999515589968E+00
                          0.9999999510764987E+00
                          0.9999999506197772E+00
                          0.9999999501386323E+00
                          0.9999999496540241E+00
                          0.9999999491658728E+00
                          0.9999999486741694E+00
                          0.9999999481789107E+00
                          0.9999999476801017E+00
                          0.9999999471776805E+00
                          0.9999999466668460E+00
                          0.9999999461619931E+00
                          0.9999999456479013E+00
                          0.9999999440695880E+00
                          0.9999999446022834E+00
                          0.9999999440865099E+00
                          0.9999999435586948E+00
                          0.9999999430268730E+00
                          0.9999999424903970E+00
                          0.9999999419386483E+00
                          0.9999999413647885E+00
                          0.9999999408527183E+00
                          0.9999999403103400E+00
                          0.9999999339570549E+00
                          0.9999999365965834E+00
                          0.9999999386361931E+00
                          0.9999999380700280E+00
                          0.9999999374999617E+00
                          0.9999999369259622E+00
                          0.9999999363470896E+00
                          0.9999999357661187E+00
                          0.9999999351802350E+00
                          0.9999999345903516E+00
                          0.9999999339964512E+00
                          0.9999999333985151E+00
                          0.9999999326716169E+00
                          0.9999999321904441E+00
                          0.9999999315803086E+00
                          0.9999999309660556E+00
                          0.9999999303476699E+00
                          0.9999999297251387E+00
                          0.9999999290984437E+00
                          0.9999999284675667E+00
                          0.9999999278324889E+00
                          0.9999999271931916E+00
                          0.9999999265395946E+00
                          0.9999999259018560E+00
                          0.9999999252497775E+00
                          0.9999999245930434E+00
                          0.9999999239323552E+00
                          0.9999999232660983E+00
                          0.9999999225983962E+00
                          0.9999999219246689E+00
                          0.9999999212465529E+00
                          0.9999999205640295E+00
                          0.9999999198770791E+00
                          0.9999999191856829E+00
                          0.9999999184898215E+00
                          0.9999999177865350E+00
                          0.9999999170846260E+00
                          0.9999999163752555E+00
                          0.9999999156613419E+00
                          0.9999999149428670E+00
                          0.9999999142198113E+00
                          0.9999999134921554E+00
                          0.9999999127597510E+00
                          0.9999999120229077E+00
                          0.9999999112813920E+00
                          0.9999999105351405E+00
                          0.9999999097841910E+00
                          0.9999999090285234E+00
                          0.9999999082678336E+00
                          0.9999999075029378E+00
                          0.9999999067329935E+00
                          0.9999999059582844E+00
                          0.9999999051787329E+00
                          0.9999999043943444E+00
                          0.9999999036050979E+00
                          0.9999999028109784E+00
                          0.9999999020119614E+00
                          0.9999999012080273E+00
                          0.9999999003991558E+00
                          0.9999998995853266E+00
                          0.9999998987664890E+00
                          0.9999998979427200E+00
                          0.9999998971139010E+00
                          0.9999998962800429E+00
                          0.9999998954411257E+00
                          0.9999998945971124E+00
                          0.9999998937480370E+00
                          0.9999998928938227E+00
                          0.9999998920342756E+00
                          0.9999998911698588E+00
                          0.9999998903002557E+00
                          0.9999998894253553E+00
                          0.9999998885452285E+00
                          0.9999998876597994E+00
                          0.9999998867640740E+00
                          0.9999998858733221E+00
                          0.9999998849720996E+00
                          0.9999998840654677E+00
                          0.9999998831464847E+00
                          0.9999998822363956E+00
                          0.9999998813137415E+00
                          0.9999998803856757E+00
                          0.9999998794521778E+00
                          0.9999998785132255E+00
                          0.9999998775688000E+00
                          0.9999998766188795E+00
                          0.9999998756634411E+00
                          0.9999998747024642E+00
                          0.9999998737359278E+00
                          0.9999998727638103E+00
                          0.9999998717860902E+00
                          0.9999998708027461E+00
                          0.9999998698137565E+00
                          0.9999998688190997E+00
                          0.9999998678187523E+00
                          0.9999998668126985E+00
                          0.9999998658007592E+00
                          0.9999998647833688E+00
                          0.9999998637600517E+00
                          0.9999998627309358E+00
                          0.9999998616959849E+00
                          0.9999998606552282E+00
                          0.9999998596085902E+00
                          0.9999998585560671E+00
                          0.9999998574976370E+00
                          0.9999998564332777E+00
                          0.9999998553629672E+00
                          0.9999998542866824E+00
                          0.9999998532044037E+00
                          0.9999998521160989E+00
                          0.9999998510217647E+00
                          0.9999998499213693E+00
                          0.9999998484206403E+00
                          0.9999998477022946E+00
                          0.9999998465835734E+00
                          0.9999998454586992E+00
                          0.9999998443276520E+00
                          0.9999998431904092E+00
                          0.9999998420469313E+00
                          0.9999998408972324E+00
                          0.9999998397411910E+00
                          0.9999998385790088E+00
                          0.9999998374104283E+00
                          0.9999998362355337E+00
                          0.9999998350539823E+00
                          0.9999998338666086E+00
                          0.9999998326726008E+00
                          0.9999998314721368E+00
                          0.9999998302652182E+00
                          0.9999998290518317E+00
                          0.9999998278305917E+00
                          0.9999998266053247E+00
                          0.9999998253726355E+00
                          0.9999998241331373E+00
                          0.9999998228870520E+00
                          0.9999998216343585E+00
                          0.9999998203750302E+00
                          0.9999998191090456E+00
                          0.9999998178363805E+00
                          0.9999998165570118E+00
                          0.9999998152709160E+00
                          0.9999998139780694E+00
                          0.9999998126784393E+00
                          0.9999998113720190E+00
                          0.9999998100586895E+00
                          0.9999998087387045E+00
                          0.9999998074117503E+00
                          0.9999998060779032E+00
                          0.9999998047371395E+00
                          0.9999998033894353E+00
                          0.9999998020347667E+00
                          0.9999998006731098E+00
                          0.9999997993044399E+00
                          0.9999997979287348E+00
                          0.9999997965459689E+00
                          0.9999997951561183E+00
                          0.9999997937591589E+00
                          0.9999997923550669E+00
                          0.9999997909438175E+00
                          0.9999997895253867E+00
                          0.9999997880997502E+00
                          0.9999997866668836E+00
                          0.9999997852267625E+00
                          0.9999997837793624E+00
                          0.9999997823246588E+00
                          0.9999997808626273E+00
                          0.9999997793932186E+00
                          0.9999997779133788E+00
                          0.9999997764323191E+00
                          0.9999997749407296E+00
                          0.9999997734416871E+00
                          0.9999997719351679E+00
                          0.9999997704205384E+00
                          0.9999997688996116E+00
                          0.9999997673705174E+00
                          0.9999997658338439E+00
                          0.9999997642895723E+00
                          0.9999997627376568E+00
                          0.9999997611781379E+00
                          0.9999997596087831E+00
                          0.9999997580359895E+00
                          0.9999997564533447E+00
                          0.9999997548629425E+00
                          0.9999997532647705E+00
                          0.9999997516587927E+00
                          0.9999997500449879E+00
                          0.9999997484233305E+00
                          0.9999997467937951E+00
                          0.9999997451563563E+00
                          0.9999997435105306E+00
                          0.9999997418576660E+00
                          0.9999997401963637E+00
                          0.9999997385270555E+00
                          0.9999997368497160E+00
                          0.9999997351643193E+00
                          0.9999997334708396E+00
                          0.9999997317692513E+00
                          0.9999997300595282E+00
                          0.9999997283416451E+00
                          0.9999997266154875E+00
                          0.9999997248812817E+00
                          0.9999997231387732E+00
                          0.9999997213879883E+00
                          0.9999997196289045E+00
                          0.9999997178615213E+00
                          0.9999997160857872E+00
                          0.9999997143016837E+00
                          0.9999997125091850E+00
                          0.9999997107082648E+00
                          0.9999997088988966E+00
                          0.9999997070810542E+00
                          0.9999997052547037E+00
                          0.9999997034198411E+00
                          0.9999997015764174E+00
                          0.9999996997244134E+00
                          0.9999996978638027E+00
                          0.9999996959945587E+00
                          0.9999996941166546E+00
                          0.9999996922300638E+00
                          0.9999996903347563E+00
                          0.9999996884307150E+00
                          0.9999996865179033E+00
                          0.9999996845962973E+00
                          0.9999996826658654E+00
                          0.9999996807265967E+00
                          0.9999996787784474E+00
                          0.9999996768213957E+00
                          0.9999996748554119E+00
                          0.9999996728804780E+00
                          0.9999996708965609E+00
                          0.9999996689036311E+00
                          0.9999996669016638E+00
                          0.9999996648906314E+00
                          0.9999996628705068E+00
                          0.9999996608412625E+00
                          0.9999996588028712E+00
                          0.9999996546382817E+00
                          0.9999996546985376E+00
                          0.9999996526325404E+00
                          0.9999996505572861E+00
                          0.9999996484727471E+00
                          0.9999996463788957E+00
                          0.9999996442757044E+00
                          0.9999996421631453E+00
                          0.9999996400411907E+00
                          0.9999996379098127E+00
                          0.9999996357689833E+00
                          0.9999996336185882E+00
                          0.9999996314588597E+00
                          0.9999996229978265E+00
                          0.9999996271105961E+00
                          0.9999996249220914E+00
                          0.9999996227239671E+00
                          0.9999996205161956E+00
                          0.9999996182987501E+00
                          0.9999996160715997E+00
                          0.9999996138347172E+00
                          0.9999996115880743E+00
                          0.9999996093316417E+00
                          0.9999996070653943E+00
                          0.9999996047892987E+00
                          0.9999996025033268E+00
                          0.9999996002074606E+00
                          0.9999995979016532E+00
                          0.9999995955858981E+00
                          0.9999995932601485E+00
                          0.9999995909243774E+00
                          0.9999995885785655E+00
                          0.9999995862226825E+00
                          0.9999995838566923E+00
                          0.9999995814805700E+00
                          0.9999995790942741E+00
                          0.9999995766978136E+00
                          0.9999995742911214E+00
                          0.9999995718741813E+00
                          0.9999995666862962E+00
                          0.9999995670094415E+00
                          0.9999995645615832E+00
                          0.9999995621033578E+00
                          0.9999995596347445E+00
                          0.9999995571557057E+00
                          0.9999995546662146E+00
                          0.9999995521662420E+00
                          0.9999995496557587E+00
                          0.9999995471347350E+00
                          0.9999995446031418E+00
                          0.9999995420609492E+00
                          0.9999995395081279E+00
                          0.9999995369446483E+00
                          0.9999995343704806E+00
                          0.9999995317855954E+00
                          0.9999995291899622E+00
                          0.9999995265835531E+00
                          0.9999995239663018E+00
                          0.9999995213382826E+00
                          0.9999995186993634E+00
                          0.9999995160495470E+00
                          0.9999995133888038E+00
                          0.9999995107171048E+00
                          0.9999995080343562E+00
                          0.9999995053407168E+00
                          0.9999995026359677E+00
                          0.9999994999201418E+00
                          0.9999994971456140E+00
                          0.9999994944549055E+00
                          0.9999994917059009E+00
                          0.9999994889454656E+00
                          0.9999994861738015E+00
                          0.9999994833908792E+00
                          0.9999994805966675E+00
                          0.9999994777911362E+00
                          0.9999994749742549E+00
                          0.9999994721459927E+00
                          0.9999994693063193E+00
                          0.9999994664552040E+00
                          0.9999994635926159E+00
                          0.9999994607185244E+00
                          0.9999994578328989E+00
                          0.9999994549357023E+00
                          0.9999994520269219E+00
                          0.9999994491065087E+00
                          0.9999994461744375E+00
                          0.9999994432306784E+00
                          0.9999994402751990E+00
                          0.9999994373079690E+00
                          0.9999994343289572E+00
                          0.9999994313381323E+00
                          0.9999994283354632E+00
                          0.9999994253209187E+00
                          0.9999994222944675E+00
                          0.9999994192560783E+00
                          0.9999994162057196E+00
                          0.9999994131433604E+00
                          0.9999994100689689E+00
                          0.9999994069825137E+00
                          0.9999994038839632E+00
                          0.9999994007732862E+00
                          0.9999993976504508E+00
                          0.9999993945154253E+00
                          0.9999993913681782E+00
                          0.9999993882086776E+00
                          0.9999993850368919E+00
                          0.9999993818527896E+00
                          0.9999993786563381E+00
                          0.9999993754475062E+00
                          0.9999993722262615E+00
                          0.9999993689925722E+00
                          0.9999993657464065E+00
                          0.9999993624877320E+00
                          0.9999993592165157E+00
                          0.9999993559327287E+00
                          0.9999993526363357E+00
                          0.9999993493272913E+00
                          0.9999993460056051E+00
                          0.9999993426712038E+00
                          0.9999993393240680E+00
                          0.9999993359641657E+00
                          0.9999993325914615E+00
                          0.9999993292059317E+00
                          0.9999993258075350E+00
                          0.9999993223962174E+00
                          0.9999993189720199E+00
                          0.9999993155348360E+00
                          0.9999993120846578E+00
                          0.9999993086214527E+00
                          0.9999993051451845E+00
                          0.9999993016558300E+00
                          0.9999992981533466E+00
                          0.9999992946377056E+00
                          0.9999992911088733E+00
                          0.9999992875668167E+00
                          0.9999992840115028E+00
                          0.9999992804428988E+00
                          0.9999992768609715E+00
                          0.9999992732656878E+00
                          0.9999992696570145E+00
                          0.9999992660349185E+00
                          0.9999992623993664E+00
                          0.9999992587503251E+00
                          0.9999992550877611E+00
                          0.9999992514116411E+00
                          0.9999992477219313E+00
                          0.9999992440185997E+00
                          0.9999992403016111E+00
                          0.9999992365709328E+00
                          0.9999992328265292E+00
                          0.9999992290683721E+00
                          0.9999992252964222E+00
                          0.9999992215106487E+00
                          0.9999992177110166E+00
                          0.9999992138974926E+00
                          0.9999992100700427E+00
                          0.9999992062286336E+00
                          0.9999992023732307E+00
                          0.9999991985038005E+00
                          0.9999991946203088E+00
                          0.9999991907227217E+00
                          0.9999991868110051E+00
                          0.9999991828851248E+00
                          0.9999991789450468E+00
                          0.9999991749907369E+00
                          0.9999991710221606E+00
                          0.9999991670392840E+00
                          0.9999991630420727E+00
                          0.9999991590304922E+00
                          0.9999991550045082E+00
                          0.9999991509640862E+00
                          0.9999991469091919E+00
                          0.9999991428397905E+00
                          0.9999991387558477E+00
                          0.9999991346573284E+00
                          0.9999991305441991E+00
                          0.9999991264164239E+00
                          0.9999991222739686E+00
                          0.9999991181167984E+00
                          0.9999991139448785E+00
                          0.9999991097581740E+00
                          0.9999991055566501E+00
                          0.9999991013402714E+00
                          0.9999990971090040E+00
                          0.9999990928628120E+00
                          0.9999990886016601E+00
                          0.9999990843255144E+00
                          0.9999990800343388E+00
                          0.9999990757280983E+00
                          0.9999990714067497E+00
                          0.9999990670702820E+00
                          0.9999990627186356E+00
                          0.9999990583517832E+00
                          0.9999990539696895E+00
                          0.9999990495723190E+00
                          0.9999990451596364E+00
                          0.9999990407316061E+00
                          0.9999990362881924E+00
                          0.9999990318293600E+00
                          0.9999990273550728E+00
                          0.9999990228652960E+00
                          0.9999990183599931E+00
                          0.9999990138391285E+00
                          0.9999990093026665E+00
                          0.9999990047505714E+00
                          0.9999990001828071E+00
                          0.9999989955993378E+00
                          0.9999989910001275E+00
                          0.9999989863851403E+00
                          0.9999989817543400E+00
                          0.9999989771076899E+00
                          0.9999989724451550E+00
                          0.9999989677667001E+00
                          0.9999989630722865E+00
                          0.9999989583618791E+00
                          0.9999989536354417E+00
                          0.9999989488929377E+00
                          0.9999989441343310E+00
                          0.9999989393595849E+00
                          0.9999989345686634E+00
                          0.9999989297615296E+00
                          0.9999989249381471E+00
                          0.9999989200984793E+00
                          0.9999989152424897E+00
                          0.9999989103701415E+00
                          0.9999989054813981E+00
                          0.9999989005762228E+00
                          0.9999988956545786E+00
                          0.9999988907164289E+00
                          0.9999988857617365E+00
                          0.9999988807904652E+00
                          0.9999988758025774E+00
                          0.9999988707980364E+00
                          0.9999988657768051E+00
                          0.9999988607388464E+00
                          0.9999988556841233E+00
                          0.9999988506125984E+00
                          0.9999988455242349E+00
                          0.9999988404189953E+00
                          0.9999988352968424E+00
                          0.9999988301577388E+00
                          0.9999988250016456E+00
                          0.9999988198285303E+00
                          0.9999988146383506E+00
                          0.9999988094310689E+00
                          0.9999988042066528E+00
                          0.9999987989650596E+00
                          0.9999987937062534E+00
                          0.9999987884301966E+00
                          0.9999987831368516E+00
                          0.9999987778261805E+00
                          0.9999987724981456E+00
                          0.9999987671527091E+00
                          0.9999987617898332E+00
                          0.9999987564094799E+00
                          0.9999987510116114E+00
                          0.9999987455961896E+00
                          0.9999987401631766E+00
                          0.9999987347125342E+00
                          0.9999987292442245E+00
                          0.9999987237582093E+00
                          0.9999987182544503E+00
                          0.9999987127329094E+00
                          0.9999987071935483E+00
                          0.9999987016363288E+00
                          0.9999986960612123E+00
                          0.9999986904681606E+00
                          0.9999986848571354E+00
                          0.9999986792280980E+00
                          0.9999986735810101E+00
                          0.9999986679158329E+00
                          0.9999986622325281E+00
                          0.9999986565310568E+00
                          0.9999986508113805E+00
                          0.9999986450734605E+00
                          0.9999986393172580E+00
                          0.9999986335427341E+00
                          0.9999986277498500E+00
                          0.9999986219385670E+00
                          0.9999986161088461E+00
                          0.9999986102606483E+00
                          0.9999986043939346E+00
                          0.9999985985086659E+00
                          0.9999985926048032E+00
                          0.9999985866823075E+00
                          0.9999985807411393E+00
                          0.9999985747812598E+00
                          0.9999985688026295E+00
                          0.9999985628052090E+00
                          0.9999985567889593E+00
                          0.9999985507538405E+00
                          0.9999985446998142E+00
                          0.9999985386268401E+00
                          0.9999985325348787E+00
                          0.9999985264238908E+00
                          0.9999985202938366E+00
                          0.9999985141446768E+00
                          0.9999985079763714E+00
                          0.9999985017888807E+00
                          0.9999984955821652E+00
                          0.9999984893561851E+00
                          0.9999984831109004E+00
                          0.9999984768462713E+00
                          0.9999984705622570E+00
                          0.9999984642588204E+00
                          0.9999984579359187E+00
                          0.9999984515935126E+00
                          0.9999984452315623E+00
                          0.9999984388500276E+00
                          0.9999984324488683E+00
                          0.9999984260280443E+00
                          0.9999984195875152E+00
                          0.9999984131272410E+00
                          0.9999984066471811E+00
                          0.9999984001472952E+00
                          0.9999983936275432E+00
                          0.9999983870878842E+00
                          0.9999983805282781E+00
                          0.9999983739486842E+00
                          0.9999983673490619E+00
                          0.9999983607293707E+00
                          0.9999983540895699E+00
                          0.9999983474296189E+00
                          0.9999983407494768E+00
                          0.9999983340491030E+00
                          0.9999983273284566E+00
                          0.9999983205874967E+00
                          0.9999983138261829E+00
                          0.9999983070444735E+00
                          0.9999983002423244E+00
                          0.9999982934197053E+00
                          0.9999982865765642E+00
                          0.9999982797128638E+00
                          0.9999982728285628E+00
                          0.9999982659236203E+00
                          0.9999982589979948E+00
                          0.9999982520516451E+00
                          0.9999982450845269E+00
                          0.9999982380966079E+00
                          0.9999982310878377E+00
                          0.9999982240581778E+00
                          0.9999982170075870E+00
                          0.9999982099360235E+00
                          0.9999982028434459E+00
                          0.9999981957298124E+00
                          0.9999981885950817E+00
                          0.9999981814392118E+00
                          0.9999981742621613E+00
                          0.9999981670638882E+00
                          0.9999981598443509E+00
                          0.9999981526035074E+00
                          0.9999981453413159E+00
                          0.9999981380577344E+00
                          0.9999981307527210E+00
                          0.9999981234262338E+00
                          0.9999981160782306E+00
                          0.9999981087086695E+00
                          0.9999981013175080E+00
                          0.9999980939047045E+00
                          0.9999980864702164E+00
                          0.9999980790140014E+00
                          0.9999980715360175E+00
                          0.9999980640362222E+00
                          0.9999980565145730E+00
                          0.9999980489710277E+00
                          0.9999980414055438E+00
                          0.9999980338180787E+00
                          0.9999980262085902E+00
                          0.9999980185770354E+00
                          0.9999980109233717E+00
                          0.9999980032475565E+00
                          0.9999979955495472E+00
                          0.9999979878293008E+00
                          0.9999979800867748E+00
                          0.9999979723219261E+00
                          0.9999979645347121E+00
                          0.9999979567250898E+00
                          0.9999979488930163E+00
                          0.9999979410384485E+00
                          0.9999979331613434E+00
                          0.9999979252616580E+00
                          0.9999979173393491E+00
                          0.9999979093943736E+00
                          0.9999979014266883E+00
                          0.9999978934362500E+00
                          0.9999978854230154E+00
                          0.9999978773869406E+00
                          0.9999978693279840E+00
                          0.9999978612460664E+00
                          0.9999978531412469E+00
                          0.9999978450133802E+00
                          0.9999978368624566E+00
                          0.9999978286884327E+00
                          0.9999978204912647E+00
                          0.9999978122709091E+00
                          0.9999978040273223E+00
                          0.9999977957604603E+00
                          0.9999977874702796E+00
                          0.9999977791567362E+00
                          0.9999977708197859E+00
                          0.9999977624593861E+00
                          0.9999977540754915E+00
                          0.9999977456680588E+00
                          0.9999977372370437E+00
                          0.9999977287824022E+00
                          0.9999977203040903E+00
                          0.9999977118020639E+00
                          0.9999977032762786E+00
                          0.9999976947266904E+00
                          0.9999976861532549E+00
                          0.9999976775559278E+00
                          0.9999976689346649E+00
                          0.9999976602894217E+00
                          0.9999976516201539E+00
                          0.9999976429268168E+00
                          0.9999976342093660E+00
                          0.9999976254677571E+00
                          0.9999976167019452E+00
                          0.9999976079118860E+00
                          0.9999975990975346E+00
                          0.9999975902588463E+00
                          0.9999975813957765E+00
                          0.9999975725082803E+00
                          0.9999975635963129E+00
                          0.9999975546598293E+00
                          0.9999975456987847E+00
                          0.9999975367131342E+00
                          0.9999975277028326E+00
                          0.9999975186678349E+00
                          0.9999975096080962E+00
                          0.9999975005235697E+00
                          0.9999974914142149E+00
                          0.9999974822799819E+00
                          0.9999974731208271E+00
                          0.9999974639367051E+00
                          0.9999974547275704E+00
                          0.9999974454933782E+00
                          0.9999974362340825E+00
                          0.9999974269496382E+00
                          0.9999974176399996E+00
                          0.9999974083051213E+00
                          0.9999973989449576E+00
                          0.9999973895594630E+00
                          0.9999973801485917E+00
                          0.9999973707122982E+00
                          0.9999973612505366E+00
                          0.9999973517632612E+00
                          0.9999973422504261E+00
                          0.9999973327119854E+00
                          0.9999973231478934E+00
                          0.9999973135581040E+00
                          0.9999973039425711E+00
                          0.9999972943012490E+00
                          0.9999972846340912E+00
                          0.9999972749410520E+00
                          0.9999972652220849E+00
                          0.9999972554771439E+00
                          0.9999972457061828E+00
                          0.9999972359091553E+00
                          0.9999972260860150E+00
                          0.9999972162367156E+00
                          0.9999972063612107E+00
                          0.9999971964594537E+00
                          0.9999971865313984E+00
                          0.9999971765769980E+00
                          0.9999971665962063E+00
                          0.9999971565889763E+00
                          0.9999971465552615E+00
                          0.9999971364950153E+00
                          0.9999971264081909E+00
                          0.9999971162947415E+00
                          0.9999971061546203E+00
                          0.9999970959877806E+00
                          0.9999970857941750E+00
                          0.9999970755737575E+00
                          0.9999970653264804E+00
                          0.9999970550522967E+00
                          0.9999970447511596E+00
                          0.9999970344230219E+00
                          0.9999970240678364E+00
                          0.9999970136855559E+00
                          0.9999970032761334E+00
                          0.9999969928395215E+00
                          0.9999969823756728E+00
                          0.9999969718845401E+00
                          0.9999969613660759E+00
                          0.9999969508202322E+00
                          0.9999969402469603E+00
                          0.9999969296462177E+00
                          0.9999969190179555E+00
                          0.9999969083621219E+00
                          0.9999968976786716E+00
                          0.9999968869675571E+00
                          0.9999968762287305E+00
                          0.9999968654621442E+00
                          0.9999968546677502E+00
                          0.9999968438455009E+00
                          0.9999968329953483E+00
                          0.9999968221172444E+00
                          0.9999968112111415E+00
                          0.9999968002769912E+00
                          0.9999967893147459E+00
                          0.9999967783243571E+00
                          0.9999967673057770E+00
                          0.9999967562589573E+00
                          0.9999967451838498E+00
                          0.9999967340804062E+00
                          0.9999967229485783E+00
                          0.9999967117883175E+00
                          0.9999967005995760E+00
                          0.9999966893823049E+00
                          0.9999966781364559E+00
                          0.9999966668619804E+00
                          0.9999966555588300E+00
                          0.9999966442269560E+00
                          0.9999966328663099E+00
                          0.9999966214768430E+00
                          0.9999966100585066E+00
                          0.9999965986112518E+00
                          0.9999965871350301E+00
                          0.9999965756297925E+00
                          0.9999965640954902E+00
                          0.9999965525320742E+00
                          0.9999965409394950E+00
                          0.9999965293177056E+00
                          0.9999965176666548E+00
                          0.9999965059862943E+00
                          0.9999964942765750E+00
                          0.9999964825374479E+00
                          0.9999964707688636E+00
                          0.9999964589707728E+00
                          0.9999964471431264E+00
                          0.9999964352858750E+00
                          0.9999964233989693E+00
                          0.9999964114823598E+00
                          0.9999963995359972E+00
                          0.9999963875598320E+00
                          0.9999963755538145E+00
                          0.9999963635178953E+00
                          0.9999963514520247E+00
                          0.9999963393561532E+00
                          0.9999963272302308E+00
                          0.9999963150742082E+00
                          0.9999963028880352E+00
                          0.9999962906716623E+00
                          0.9999962784250396E+00
                          0.9999962661481170E+00
                          0.9999962538408448E+00
                          0.9999962415031729E+00
                          0.9999962291350513E+00
                          0.9999962167364300E+00
                          0.9999962043072588E+00
                          0.9999961918474874E+00
                          0.9999961793570663E+00
                          0.9999961668359446E+00
                          0.9999961542840723E+00
                          0.9999961417013989E+00
                          0.9999961290878744E+00
                          0.9999961164434481E+00
                          0.9999961037680696E+00
                          0.9999960910616885E+00
                          0.9999960783242545E+00
                          0.9999960655557167E+00
                          0.9999960527560247E+00
                          0.9999960399251278E+00
                          0.9999960270629753E+00
                          0.9999960141695166E+00
                          0.9999960012447008E+00
                          0.9999959882884772E+00
                          0.9999959753007945E+00
                          0.9999959622816031E+00
                          0.9999959492308509E+00
                          0.9999959361484871E+00
                          0.9999959230344611E+00
                          0.9999959098887212E+00
                          0.9999958967112172E+00
                          0.9999958835018974E+00
                          0.9999958702607098E+00
                          0.9999958569876058E+00
                          0.9999958436825317E+00
                          0.9999958303454366E+00
                          0.9999958169762702E+00
                          0.9999958035749801E+00
                          0.9999957901415153E+00
                          0.9999957766758243E+00
                          0.9999957631778557E+00
                          0.9999957496475578E+00
                          0.9999957360848790E+00
                          0.9999957224897679E+00
                          0.9999957088621726E+00
                          0.9999956952020416E+00
                          0.9999956815093231E+00
                          0.9999956677839651E+00
                          0.9999956540259161E+00
                          0.9999956402351240E+00
                          0.9999956264115369E+00
                          0.9999956125551031E+00
                          0.9999955986657703E+00
                          0.9999955847434866E+00
                          0.9999955707882000E+00
                          0.9999955567998583E+00
                          0.9999955427784093E+00
                          0.9999955287237997E+00
                          0.9999955146359808E+00
                          0.9999955005148968E+00
                          0.9999954863604965E+00
                          0.9999954721727276E+00
                          0.9999954579515375E+00
                          0.9999954436968654E+00
                          0.9999954294086847E+00
                          0.9999954150869167E+00
                          0.9999954007315177E+00
                          0.9999953863424351E+00
                          0.9999953719196162E+00
                          0.9999953574630082E+00
                          0.9999953429725585E+00
                          0.9999953284482144E+00
                          0.9999953138899228E+00
                          0.9999952992976311E+00
                          0.9999952846712864E+00
                          0.9999952700108357E+00
                          0.9999952553162259E+00
                          0.9999952405874042E+00
                          0.9999952258243174E+00
                          0.9999952110269125E+00
                          0.9999951961951362E+00
                          0.9999951813289355E+00
                          0.9999951664282570E+00
                          0.9999951514930476E+00
                          0.9999951365232539E+00
                          0.9999951215188226E+00
                          0.9999951064797002E+00
                          0.9999950914058335E+00
                          0.9999950762971689E+00
                          0.9999950611536528E+00
                          0.9999950459752316E+00
                          0.9999950307618519E+00
                          0.9999950155134600E+00
                          0.9999950002300023E+00
                          0.9999949849114249E+00
                          0.9999949695576742E+00
                          0.9999949541686963E+00
                          0.9999949387444375E+00
                          0.9999949232848437E+00
                          0.9999949077898611E+00
                          0.9999948922594358E+00
                          0.9999948766935136E+00
                          0.9999948610920407E+00
                          0.9999948454549629E+00
                          0.9999948297822260E+00
                          0.9999948140737759E+00
                          0.9999947983295584E+00
                          0.9999947825495192E+00
                          0.9999947667336041E+00
                          0.9999947508817586E+00
                          0.9999947349939285E+00
                          0.9999947190700593E+00
                          0.9999947031100966E+00
                          0.9999946871139859E+00
                          0.9999946710816725E+00
                          0.9999946550131020E+00
                          0.9999946389082196E+00
                          0.9999946227669709E+00
                          0.9999946065893011E+00
                          0.9999945903751553E+00
                          0.9999945741244788E+00
                          0.9999945578372168E+00
                          0.9999945415133145E+00
                          0.9999945251527168E+00
                          0.9999945087553689E+00
                          0.9999944923212157E+00
                          0.9999944758502024E+00
                          0.9999944593422737E+00
                          0.9999944427973745E+00
                          0.9999944262154498E+00
                          0.9999944095964441E+00
                          0.9999943929403026E+00
                          0.9999943762469696E+00
                          0.9999943595163900E+00
                          0.9999943427485084E+00
                          0.9999943259432694E+00
                          0.9999943091006176E+00
                          0.9999942922204962E+00
                          0.9999942753028535E+00
                          0.9999942583476268E+00
                          0.9999942413547714E+00
                          0.9999942243242221E+00
                          0.9999942072559267E+00
                          0.9999941901498289E+00
                          0.9999941730058735E+00
                          0.9999941558240042E+00
                          0.9999941386041654E+00
                          0.9999941213463011E+00
                          0.9999941040503555E+00
                          0.9999940867162724E+00
                          0.9999940693439962E+00
                          0.9999940519334702E+00
                          0.9999940344846390E+00
                          0.9999940169974458E+00
                          0.9999939994718350E+00
                          0.9999939819077499E+00
                          0.9999939643051345E+00
                          0.9999939466639325E+00
                          0.9999939289840875E+00
                          0.9999939112655430E+00
                          0.9999938935082427E+00
                          0.9999938757121301E+00
                          0.9999938578771487E+00
                          0.9999938400032419E+00
                          0.9999938220903531E+00
                          0.9999938041384258E+00
                          0.9999937861474031E+00
                          0.9999937681172285E+00
                          0.9999937500478451E+00
                          0.9999937319391962E+00
                          0.9999937137912247E+00
                          0.9999936956038741E+00
                          0.9999936773770872E+00
                          0.9999936591108072E+00
                          0.9999936408049770E+00
                          0.9999936224595396E+00
                          0.9999936040744378E+00
                          0.9999935856496146E+00
                          0.9999935671850129E+00
                          0.9999935486805752E+00
                          0.9999935301362445E+00
                          0.9999935115519635E+00
                          0.9999934929276747E+00
                          0.9999934742633207E+00
                          0.9999934555588444E+00
                          0.9999934368141882E+00
                          0.9999934180292944E+00
                          0.9999933992041056E+00
                          0.9999933803385642E+00
                          0.9999933614326127E+00
                          0.9999933424861933E+00
                          0.9999933234992484E+00
                          0.9999933044717201E+00
                          0.9999932854035507E+00
                          0.9999932662946824E+00
                          0.9999932471450573E+00
                          0.9999932279546174E+00
                          0.9999932087233050E+00
                          0.9999931894510619E+00
                          0.9999931701378301E+00
                          0.9999931507835514E+00
                          0.9999931313881680E+00
                          0.9999931119516215E+00
                          0.9999930924738538E+00
                          0.9999930729548067E+00
                          0.9999930533944217E+00
                          0.9999930337926407E+00
                          0.9999930141494052E+00
                          0.9999929944646569E+00
                          0.9999929747383375E+00
                          0.9999929549703881E+00
                          0.9999929351607505E+00
                          0.9999929153093660E+00
                          0.9999928954161761E+00
                          0.9999928754811219E+00
                          0.9999928555041451E+00
                          0.9999928354851867E+00
                          0.9999928154241878E+00
                          0.9999927953210900E+00
                          0.9999927751758342E+00
                          0.9999927549883614E+00
                          0.9999927347586128E+00
                          0.9999927144865294E+00
                          0.9999926941720522E+00
                          0.9999926738151220E+00
                          0.9999926534156800E+00
                          0.9999926329736668E+00
                          0.9999926124890233E+00
                          0.9999925919616902E+00
                          0.9999925713916084E+00
                          0.9999925507787183E+00
                          0.9999925301229609E+00
                          0.9999925094242765E+00
                          0.9999924886826059E+00
                          0.9999924678978896E+00
                          0.9999924470700680E+00
                          0.9999924261990816E+00
                          0.9999924052848707E+00
                          0.9999923843273757E+00
                          0.9999923633265371E+00
                          0.9999923422822949E+00
                          0.9999923211945896E+00
                          0.9999923000633613E+00
                          0.9999922788885501E+00
                          0.9999922576700961E+00
                          0.9999922364079395E+00
                          0.9999922151020203E+00
                          0.9999921937522784E+00
                          0.9999921723586538E+00
                          0.9999921509210865E+00
                          0.9999921294395163E+00
                          0.9999921079138829E+00
                          0.9999920863441264E+00
                          0.9999920647301862E+00
                          0.9999920430720023E+00
                          0.9999920213695142E+00
                          0.9999919996226614E+00
                          0.9999919778313838E+00
                          0.9999919559956207E+00
                          0.9999919341153117E+00
                          0.9999919121903962E+00
                          0.9999918902208137E+00
                          0.9999918682065035E+00
                          0.9999918461474050E+00
                          0.9999918240434574E+00
                          0.9999918018946001E+00
                          0.9999917797007722E+00
                          0.9999917574619129E+00
                          0.9999917351779614E+00
                          0.9999917128488566E+00
                          0.9999916904745376E+00
                          0.9999916680549437E+00
                          0.9999916455900134E+00
                          0.9999916230796860E+00
                          0.9999916005239002E+00
                          0.9999915779225950E+00
                          0.9999915552757089E+00
                          0.9999915325831810E+00
                          0.9999915098449498E+00
                          0.9999914870609541E+00
                          0.9999914642311324E+00
                          0.9999914413554234E+00
                          0.9999914184337657E+00
                          0.9999913954660977E+00
                          0.9999913724523579E+00
                          0.9999913493924848E+00
                          0.9999913262864167E+00
                          0.9999913031340921E+00
                          0.9999912799354491E+00
                          0.9999912566904261E+00
                          0.9999912333989612E+00
                          0.9999912100609928E+00
                          0.9999911866764589E+00
                          0.9999911632452976E+00
                          0.9999911397674470E+00
                          0.9999911162428451E+00
                          0.9999910926714299E+00
                          0.9999910690531393E+00
                          0.9999910453879113E+00
                          0.9999910216756835E+00
                          0.9999909979163940E+00
                          0.9999909741099805E+00
                          0.9999909502563806E+00
                          0.9999909263555322E+00
                          0.9999909024073729E+00
                          0.9999908784118401E+00
                          0.9999908543688715E+00
                          0.9999908302784047E+00
                          0.9999908061403772E+00
                          0.9999907819547262E+00
                          0.9999907577213895E+00
                          0.9999907334403041E+00
                          0.9999907091114075E+00
                          0.9999906847346369E+00
                          0.9999906603099297E+00
                          0.9999906358372229E+00
                          0.9999906113164537E+00
                          0.9999905867475594E+00
                          0.9999905621304768E+00
                          0.9999905374651431E+00
                          0.9999905127514953E+00
                          0.9999904879894702E+00
                          0.9999904631790050E+00
                          0.9999904383200362E+00
                          0.9999904134125009E+00
                          0.9999903884563358E+00
                          0.9999903634514776E+00
                          0.9999903383978631E+00
                          0.9999903132954290E+00
                          0.9999902881441118E+00
                          0.9999902629438481E+00
                          0.9999902376945745E+00
                          0.9999902123962274E+00
                          0.9999901870487433E+00
                          0.9999901616520588E+00
                          0.9999901362061100E+00
                          0.9999901107108333E+00
                          0.9999900851661652E+00
                          0.9999900595720417E+00
                          0.9999900339283991E+00
                          0.9999900082351737E+00
                          0.9999899824923014E+00
                          0.9999899566997185E+00
                          0.9999899308573608E+00
                          0.9999899049651645E+00
                          0.9999898790230656E+00
                          0.9999898530309999E+00
                          0.9999898269889033E+00
                          0.9999898008967117E+00
                          0.9999897747543609E+00
                          0.9999897485617866E+00
                          0.9999897223189246E+00
                          0.9999896960257104E+00
                          0.9999896696820798E+00
                          0.9999896432879685E+00
                          0.9999896168433118E+00
                          0.9999895903480454E+00
                          0.9999895638021046E+00
                          0.9999895372054249E+00
                          0.9999895105579418E+00
                          0.9999894838595905E+00
                          0.9999894571103065E+00
                          0.9999894303100249E+00
                          0.9999894034586808E+00
                          0.9999893765562098E+00
                          0.9999893496025467E+00
                          0.9999893225976266E+00
                          0.9999892955413847E+00
                          0.9999892684337561E+00
                          0.9999892412746756E+00
                          0.9999892140640781E+00
                          0.9999891868018987E+00
                          0.9999891594880721E+00
                          0.9999891321225332E+00
                          0.9999891047052167E+00
                          0.9999890772360573E+00
                          0.9999890497149899E+00
                          0.9999890221419490E+00
                          0.9999889945168692E+00
                          0.9999889668396850E+00
                          0.9999889391103310E+00
                          0.9999889113287418E+00
                          0.9999888834948517E+00
                          0.9999888556085952E+00
                          0.9999888276699065E+00
                          0.9999887996787201E+00
                          0.9999887716349702E+00
                          0.9999887435385910E+00
                          0.9999887153895168E+00
                          0.9999886871876817E+00
                          0.9999886589330199E+00
                          0.9999886306254653E+00
                          0.9999886022649520E+00
                          0.9999885738514140E+00
                          0.9999885453847854E+00
                          0.9999885168649999E+00
                          0.9999884882919915E+00
                          0.9999884596656939E+00
                          0.9999884309860411E+00
                          0.9999884022529666E+00
                          0.9999883734664042E+00
                          0.9999883446262876E+00
                          0.9999883157325504E+00
                          0.9999882867851263E+00
                          0.9999882577839486E+00
                          0.9999882287289510E+00
                          0.9999881996200668E+00
                          0.9999881704572295E+00
                          0.9999881412403726E+00
                          0.9999881119694293E+00
                          0.9999880826443328E+00
                          0.9999880532650165E+00
                          0.9999880238314135E+00
                          0.9999879943434571E+00
                          0.9999879648010803E+00
                          0.9999879352042165E+00
                          0.9999879055527983E+00
                          0.9999878758467589E+00
                          0.9999878460860313E+00
                          0.9999878162705484E+00
                          0.9999877864002431E+00
                          0.9999877564750482E+00
                          0.9999877264948966E+00
                          0.9999876964597210E+00
                          0.9999876663694540E+00
                          0.9999876362240284E+00
                          0.9999876060233768E+00
                          0.9999875757674319E+00
                          0.9999875454561261E+00
                          0.9999875150893920E+00
                          0.9999874846671620E+00
                          0.9999874541893686E+00
                          0.9999874236559442E+00
                          0.9999873930668212E+00
                          0.9999873624219316E+00
                          0.9999873317212081E+00
                          0.9999873009645827E+00
                          0.9999872701519875E+00
                          0.9999872392833548E+00
                          0.9999872083586167E+00
                          0.9999871773777050E+00
                          0.9999871463405522E+00
                          0.9999871152470898E+00
                          0.9999870840972500E+00
                          0.9999870528909647E+00
                          0.9999870216281657E+00
                          0.9999869903087848E+00
                          0.9999869589327537E+00
                          0.9999869275000043E+00
                          0.9999868960104682E+00
                          0.9999868644640770E+00
                          0.9999868328607624E+00
                          0.9999868012004560E+00
                          0.9999867694830892E+00
                          0.9999867377085935E+00
                          0.9999867058769004E+00
                          0.9999866739879414E+00
                          0.9999866420416477E+00
                          0.9999866100379506E+00
                          0.9999865779767815E+00
                          0.9999865458580716E+00
                          0.9999865136817521E+00
                          0.9999864814477541E+00
                          0.9999864491560089E+00
                          0.9999864168064473E+00
                          0.9999863843990006E+00
                          0.9999863519335995E+00
                          0.9999863194101752E+00
                          0.9999862868286586E+00
                          0.9999862541889805E+00
                          0.9999862214910716E+00
                          0.9999861887348629E+00
                          0.9999861559202849E+00
                          0.9999861230472686E+00
                          0.9999860901157446E+00
                          0.9999860571256434E+00
                          0.9999860240768955E+00
                          0.9999859909694317E+00
                          0.9999859578031823E+00
                          0.9999859245780779E+00
                          0.9999858912940488E+00
                          0.9999858579510253E+00
                          0.9999858245489380E+00
                          0.9999857910877171E+00
                          0.9999857575672927E+00
                          0.9999857239875951E+00
                          0.9999856903485546E+00
                          0.9999856566501011E+00
                          0.9999856228921649E+00
                          0.9999855890746758E+00
                          0.9999855551975640E+00
                          0.9999855212607595E+00
                          0.9999854872641921E+00
                          0.9999854532077916E+00
                          0.9999854190914882E+00
                          0.9999853849152113E+00
                          0.9999853506788909E+00
                          0.9999853163824566E+00
                          0.9999852820258381E+00
                          0.9999852476089651E+00
                          0.9999852131317672E+00
                          0.9999851785941739E+00
                          0.9999851439961147E+00
                          0.9999851093375191E+00
                          0.9999850746183164E+00
                          0.9999850398384362E+00
                          0.9999850049978078E+00
                          0.9999849700963604E+00
                          0.9999849351340235E+00
                          0.9999849001107260E+00
                          0.9999848650263973E+00
                          0.9999848298809665E+00
                          0.9999847946743626E+00
                          0.9999847594065149E+00
                          0.9999847240773522E+00
                          0.9999846886868035E+00
                          0.9999846532347978E+00
                          0.9999846177212640E+00
                          0.9999845821461310E+00
                          0.9999845465093274E+00
                          0.9999845108107823E+00
                          0.9999844750504242E+00
                          0.9999844392281818E+00
                          0.9999844033439839E+00
                          0.9999843673977589E+00
                          0.9999843313894355E+00
                          0.9999842953189423E+00
                          0.9999842591862076E+00
                          0.9999842229911600E+00
                          0.9999841867337277E+00
                          0.9999841504138393E+00
                          0.9999841140314230E+00
                          0.9999840775864071E+00
                          0.9999840410787199E+00
                          0.9999840045082894E+00
                          0.9999839678750440E+00
                          0.9999839311789116E+00
                          0.9999838944198205E+00
                          0.9999838575976986E+00
                          0.9999838207124739E+00
                          0.9999837837640744E+00
                          0.9999837467524278E+00
                          0.9999837096774623E+00
                          0.9999836725391056E+00
                          0.9999836353372854E+00
                          0.9999835980719295E+00
                          0.9999835607429656E+00
                          0.9999835233503214E+00
                          0.9999834858939244E+00
                          0.9999834483737023E+00
                          0.9999834107895827E+00
                          0.9999833731414930E+00
                          0.9999833354293607E+00
                          0.9999832976531131E+00
                          0.9999832598126777E+00
                          0.9999832219079818E+00
                          0.9999831839389527E+00
                          0.9999831459055176E+00
                          0.9999831078076038E+00
                          0.9999830696451385E+00
                          0.9999830314180487E+00
                          0.9999829931262615E+00
                          0.9999829547697041E+00
                          0.9999829163483033E+00
                          0.9999828778619863E+00
                          0.9999828393106798E+00
                          0.9999828006943107E+00
                          0.9999827620128060E+00
                          0.9999827232660924E+00
                          0.9999826844540968E+00
                          0.9999826455767457E+00
                          0.9999826066339658E+00
                          0.9999825676256838E+00
                          0.9999825285518265E+00
                          0.9999824894123200E+00
                          0.9999824502070912E+00
                          0.9999824109360664E+00
                          0.9999823715991722E+00
                          0.9999823321963348E+00
                          0.9999822927274806E+00
                          0.9999822531925360E+00
                          0.9999822135914270E+00
                          0.9999821739240802E+00
                          0.9999821341904215E+00
                          0.9999820943903771E+00
                          0.9999820545238732E+00
                          0.9999820145908359E+00
                          0.9999819745911910E+00
                          0.9999819345248647E+00
                          0.9999818943917828E+00
                          0.9999818541918712E+00
                          0.9999818139250558E+00
                          0.9999817735912624E+00
                          0.9999817331904168E+00
                          0.9999816927224447E+00
                          0.9999816521872720E+00
                          0.9999816115848239E+00
                          0.9999815709150264E+00
                          0.9999815301778049E+00
                          0.9999814893730850E+00
                          0.9999814485007921E+00
                          0.9999814075608516E+00
                          0.9999813665531891E+00
                          0.9999813254777299E+00
                          0.9999812843343993E+00
                          0.9999812431231224E+00
                          0.9999812018438247E+00
                          0.9999811604964313E+00
                          0.9999811190808674E+00
                          0.9999810775970580E+00
                          0.9999810360449283E+00
                          0.9999809944244032E+00
                          0.9999809527354079E+00
                          0.9999809109778671E+00
                          0.9999808691517058E+00
                          0.9999808272568490E+00
                          0.9999807852932214E+00
                          0.9999807432607479E+00
                          0.9999807011593531E+00
                          0.9999806589889618E+00
                          0.9999806167494987E+00
                          0.9999805744408883E+00
                          0.9999805320630551E+00
                          0.9999804896159240E+00
                          0.9999804470994192E+00
                          0.9999804045134653E+00
                          0.9999803618579866E+00
                          0.9999803191329074E+00
                          0.9999802763381523E+00
                          0.9999802334736455E+00
                          0.9999801905393112E+00
                          0.9999801475350737E+00
                          0.9999801044608571E+00
                          0.9999800613165853E+00
                          0.9999800181021828E+00
                          0.9999799748175735E+00
                          0.9999799314626814E+00
                          0.9999798880374303E+00
                          0.9999798445417444E+00
                          0.9999798009755473E+00
                          0.9999797573387631E+00
                          0.9999797136313154E+00
                          0.9999796698531283E+00
                          0.9999796260041250E+00
                          0.9999795820842295E+00
                          0.9999795380933655E+00
                          0.9999794940314565E+00
                          0.9999794498984259E+00
                          0.9999794056941974E+00
                          0.9999793614186945E+00
                          0.9999793170718405E+00
                          0.9999792726535588E+00
                          0.9999792281637729E+00
                          0.9999791836024059E+00
                          0.9999791389693813E+00
                          0.9999790942646221E+00
                          0.9999790494880516E+00
                          0.9999790046395929E+00
                          0.9999789597191692E+00
                          0.9999789147267034E+00
                          0.9999788696621187E+00
                          0.9999788245253380E+00
                          0.9999787793162842E+00
                          0.9999787340348802E+00
                          0.9999786886810489E+00
                          0.9999786432547132E+00
                          0.9999785977557957E+00
                          0.9999785521842192E+00
                          0.9999785065399063E+00
                          0.9999784608227799E+00
                          0.9999784150327624E+00
                          0.9999783691697764E+00
                          0.9999783232337445E+00
                          0.9999782772245891E+00
                          0.9999782311422327E+00
                          0.9999781849865977E+00
                          0.9999781387576065E+00
                          0.9999780924551814E+00
                          0.9999780460792446E+00
                          0.9999779996297185E+00
                          0.9999779531065250E+00
                          0.9999779065095866E+00
                          0.9999778598388253E+00
                          0.9999778130941630E+00
                          0.9999777662755220E+00
                          0.9999777193828242E+00
                          0.9999776724159914E+00
                          0.9999776253749457E+00
                          0.9999775782596090E+00
                          0.9999775310699029E+00
                          0.9999774838057495E+00
                          0.9999774364670703E+00
                          0.9999773890537871E+00
                          0.9999773415658215E+00
                          0.9999772940030952E+00
                          0.9999772463655298E+00
                          0.9999771986530467E+00
                          0.9999771508655675E+00
                          0.9999771030030137E+00
                          0.9999770550653067E+00
                          0.9999770070523678E+00
                          0.9999769589641184E+00
                          0.9999769108004798E+00
                          0.9999768625613733E+00
                          0.9999768142467199E+00
                          0.9999767658564410E+00
                          0.9999767173904577E+00
                          0.9999766688486910E+00
                          0.9999766202310620E+00
                          0.9999765715374916E+00
                          0.9999765227679011E+00
                          0.9999764739222110E+00
                          0.9999764250003425E+00
                          0.9999763760022162E+00
                          0.9999763269277531E+00
                          0.9999762777768738E+00
                          0.9999762285494992E+00
                          0.9999761792455498E+00
                          0.9999761298649463E+00
                          0.9999760804076094E+00
                          0.9999760308734595E+00
                          0.9999759812624173E+00
                          0.9999759315744031E+00
                          0.9999758818093374E+00
                          0.9999758319671405E+00
                          0.9999757820477330E+00
                          0.9999757320510348E+00
                          0.9999756819769666E+00
                          0.9999756318254484E+00
                          0.9999755815964004E+00
                          0.9999755312897428E+00
                          0.9999754809053957E+00
                          0.9999754304432791E+00
                          0.9999753799033130E+00
                          0.9999753292854175E+00
                          0.9999752785895124E+00
                          0.9999752278155178E+00
                          0.9999751769633534E+00
                          0.9999751260329390E+00
                          0.9999750750241945E+00
                          0.9999750239370395E+00
                          0.9999749727713937E+00
                          0.9999749215271769E+00
                          0.9999748702043085E+00
                          0.9999748188027083E+00
                          0.9999747673222957E+00
                          0.9999747157629902E+00
                          0.9999746641247113E+00
                          0.9999746124073782E+00
                          0.9999745606109105E+00
                          0.9999745087352274E+00
                          0.9999744567802483E+00
                          0.9999744047458923E+00
                          0.9999743526320787E+00
                          0.9999743004387266E+00
                          0.9999742481657552E+00
                          0.9999741958130834E+00
                          0.9999741433806305E+00
                          0.9999740908683152E+00
                          0.9999740382760567E+00
                          0.9999739856037738E+00
                          0.9999739328513854E+00
                          0.9999738800188103E+00
                          0.9999738271059673E+00
                          0.9999737741127751E+00
                          0.9999737210391525E+00
                          0.9999736678850182E+00
                          0.9999736146502907E+00
                          0.9999735613348886E+00
                          0.9999735079387304E+00
                          0.9999734544617348E+00
                          0.9999734009038201E+00
                          0.9999733472649048E+00
                          0.9999732935449073E+00
                          0.9999732397437457E+00
                          0.9999731858613387E+00
                          0.9999731318976042E+00
                          0.9999730778524605E+00
                          0.9999730237258259E+00
                          0.9999729695176183E+00
                          0.9999729152277561E+00
                          0.9999728608561571E+00
                          0.9999728064027394E+00
                          0.9999727518674210E+00
                          0.9999726972501198E+00
                          0.9999726425507537E+00
