 Temperature at each level [K]
    367.3380
    366.4025
    363.1673
    360.1005
    357.1900
    354.4227
    351.7860
    349.2664
    346.8502
    344.5251
    342.2780
    340.0970
    337.9710
    335.8891
    333.8410
    331.8182
    329.8119
    327.8137
    325.8170
    323.8150
    321.8008
    319.7689
    317.7138
    315.6297
    313.5112
    311.3536
    309.1512
    306.8984
    304.5899
    302.2194
    299.7802
    297.2656
    294.6670
    291.9757
    289.1813
    285.7812
    281.3527
    276.7729
    273.1190
    269.8347
    266.4211
    262.7423
    258.7437
    254.3514
    249.4620
    243.9269
    237.5301
    229.9947
    221.3729
    216.4283
    216.1241
