 Absorbed shortwave flux vs. time [W/m2]
     18.4853
     18.5401
     18.8711
     19.2540
     19.6480
     20.0278
     20.4025
     20.7656
     21.1206
     21.4715
     21.8112
     22.1413
     22.4628
     22.7778
     23.0816
     23.3798
     23.6714
     23.9561
     24.2322
     24.5043
     24.7698
     25.0304
     25.2839
     25.5331
     25.7761
     26.0147
     26.2465
     26.4744
     26.6953
     26.9108
     27.1214
     27.3272
     27.5288
     27.7250
     27.9172
     28.1033
     28.2864
     28.4645
     28.6382
     28.8079
     28.9753
     29.1376
     29.2977
     29.4532
     29.6053
     29.7539
     29.9001
     30.0427
     30.1834
     30.3199
     30.4534
     30.5841
     30.7126
     30.8386
     30.9626
     31.0827
     31.2004
     31.3151
     31.4277
     31.5378
     31.6453
     31.7506
     31.8539
     31.9544
     32.0530
     32.1484
     32.2422
     32.3331
     32.4222
     32.5083
     32.5924
     32.6742
     32.7542
     32.8320
     32.9077
     32.9816
     33.0542
     33.1245
     33.1936
     33.2605
     33.3257
     33.3891
     33.4512
     33.5117
     33.5704
     33.6278
     33.6848
     33.7395
     33.7927
     33.8452
     33.8959
     33.9451
     33.9931
     34.0397
     34.0862
     34.1306
     34.1747
     34.2168
     34.2586
     34.2986
     34.3381
     34.3764
     34.4141
     34.4504
     34.4857
     34.5206
     34.5539
     34.5863
     34.6177
     34.6483
     34.6783
     34.7070
     34.7345
     34.7616
     34.7883
     34.8136
     34.8380
     34.8619
     34.8855
     34.9079
     34.9295
     34.9512
     34.9714
     34.9914
     35.0110
     35.0295
     35.0475
     35.0657
     35.0824
     35.0990
     35.1154
     35.1309
     35.1465
     35.1609
     35.1748
     35.1892
     35.2022
     35.2158
     35.2280
     35.2400
     35.2523
     35.2636
     35.2751
     35.2856
     35.2956
     35.3063
     35.3157
     35.3258
     35.3346
     35.3433
     35.3524
     35.3606
     35.3691
     35.3767
     35.3841
     35.3920
     35.3988
     35.4064
     35.4128
     35.4199
     35.4259
     35.4327
     35.4383
     35.4446
     35.4499
     35.4558
     35.4608
     35.4664
     35.4711
     35.4763
     35.4807
     35.4856
     35.4898
     35.4945
     35.4984
     35.5029
     35.5065
     35.5107
     35.5141
     35.5181
     35.5212
     35.5249
     35.5279
     35.5314
     35.5342
     35.5375
     35.5401
     35.5433
     35.5457
     35.5487
     35.5509
     35.5537
     35.5558
     35.5585
     35.5604
     35.5630
     35.5648
     35.5672
     35.5689
     35.5712
     35.5727
     35.5749
     35.5764
     35.5785
     35.5798
     35.5817
     35.5830
     35.5848
     35.5860
     35.5878
     35.5888
     35.5906
     35.5915
     35.5931
     35.5940
     35.5956
     35.5964
     35.5979
     35.5987
     35.6001
     35.6008
     35.6021
     35.6028
     35.6041
     35.6046
     35.6059
     35.6064
     35.6076
     35.6080
     35.6091
     35.6096
     35.6107
     35.6111
     35.6121
     35.6124
     35.6134
     35.6137
     35.6147
     35.6149
     35.6159
     35.6161
     35.6169
     35.6171
     35.6180
     35.6181
     35.6190
     35.6191
     35.6199
     35.6200
     35.6207
     35.6208
     35.6215
     35.6215
     35.6223
     35.6223
     35.6231
     35.6231
     35.6237
     35.6237
     35.6244
     35.6243
     35.6249
     35.6248
     35.6254
     35.6253
     35.6259
     35.6259
     35.6265
     35.6264
     35.6270
     35.6269
     35.6275
     35.6273
     35.6279
     35.6277
     35.6282
     35.6281
     35.6286
     35.6284
     35.6289
     35.6286
     35.6291
     35.6289
     35.6294
     35.6291
     35.6296
     35.6294
     35.6299
     35.6298
     35.6303
     35.6301
     35.6306
     35.6304
     35.6309
     35.6306
     35.6311
     35.6309
     35.6313
     35.6311
     35.6315
     35.6313
     35.6317
     35.6314
     35.6319
     35.6316
     35.6320
     35.6317
     35.6321
     35.6318
     35.6322
     35.6319
     35.6323
     35.6320
     35.6324
     35.6321
     35.6325
     35.6322
     35.6326
     35.6323
     35.6326
     35.6323
     35.6327
     35.6324
     35.6328
     35.6324
     35.6328
     35.6325
     35.6328
     35.6325
     35.6329
     35.6325
     35.6329
     35.6326
     35.6329
     35.6326
     35.6330
     35.6326
     35.6330
     35.6326
     35.6330
     35.6327
     35.6330
     35.6327
     35.6330
     35.6327
     35.6331
     35.6327
     35.6331
     35.6327
     35.6331
     35.6327
     35.6331
     35.6327
     35.6331
     35.6328
     35.6331
     35.6328
     35.6331
     35.6328
     35.6331
     35.6328
     35.6331
     35.6328
     35.6331
     35.6328
     35.6331
     35.6328
     35.6332
     35.6328
     35.6332
     35.6328
     35.6332
     35.6328
     35.6332
     35.6328
     35.6332
     35.6328
     35.6332
     35.6328
     35.6332
     35.6328
     35.6332
     35.6328
     35.6332
     35.6328
     35.6332
     35.6328
     35.6332
     35.6328
     35.6332
     35.6328
     35.6332
     35.6328
     35.6332
     35.6328
     35.6332
     35.6328
     35.6332
     35.6328
     35.6332
     35.6328
     35.6332
     35.6328
     35.6332
     35.6328
     35.6332
     35.6328
     35.6332
     35.6328
     35.6332
     35.6328
     35.6332
     35.6328
     35.6332
     35.6328
     35.6332
     35.6328
     35.6332
     35.6328
     35.6332
     35.6328
     35.6332
     35.6328
     35.6332
     35.6328
     35.6332
     35.6328
     35.6332
     35.6328
     35.6332
     35.6328
     35.6332
     35.6328
     35.6332
     35.6328
     35.6332
     35.6328
     35.6332
     35.6328
     35.6332
     35.6328
     35.6332
     35.6328
     35.6332
     35.6328
     35.6332
     35.6328
     35.6332
     35.6328
     35.6332
     35.6328
     35.6332
     35.6328
     35.6332
     35.6328
     35.6332
     35.6328
     35.6332
     35.6328
     35.6332
     35.6328
     35.6332
     35.6328
     35.6332
     35.6328
     35.6332
     35.6328
     35.6332
     35.6328
     35.6332
     35.6328
     35.6332
     35.6328
     35.6332
     35.6328
     35.6332
     35.6328
     35.6332
     35.6328
     35.6332
     35.6328
     35.6332
     35.6328
     35.6332
     35.6328
     35.6332
     35.6328
     35.6332
     35.6328
     35.6332
     35.6328
     35.6332
     35.6328
     35.6332
     35.6328
     35.6332
     35.6328
     35.6332
     35.6328
     35.6332
