 Spectral outgoing longwave flux [W/m2/cm^-1]
  0.5947E-05
  0.2973E-04
  0.7090E-04
  0.1284E-03
  0.1996E-03
  0.2886E-03
  0.3891E-03
  0.5019E-03
  0.5392E-03
  0.6496E-03
  0.7710E-03
  0.9011E-03
  0.1038E-02
  0.1183E-02
  0.1325E-02
  0.1503E-02
  0.1677E-02
  0.1857E-02
  0.2045E-02
  0.2239E-02
  0.2444E-02
  0.2656E-02
  0.2875E-02
  0.3102E-02
  0.3336E-02
  0.3576E-02
  0.3824E-02
  0.4080E-02
  0.4340E-02
  0.4607E-02
  0.4882E-02
  0.5165E-02
  0.5450E-02
  0.5745E-02
  0.6044E-02
  0.6349E-02
  0.6659E-02
  0.6974E-02
  0.7295E-02
  0.7620E-02
  0.7951E-02
  0.8286E-02
  0.8626E-02
  0.8971E-02
  0.9318E-02
  0.9660E-02
  0.1003E-01
  0.1039E-01
  0.1076E-01
  0.1112E-01
  0.1150E-01
  0.1187E-01
  0.1225E-01
  0.1263E-01
  0.1302E-01
  0.1340E-01
  0.1379E-01
  0.1418E-01
  0.1458E-01
  0.1498E-01
  0.1538E-01
  0.1578E-01
  0.1618E-01
  0.1658E-01
  0.1700E-01
  0.1741E-01
  0.1782E-01
  0.1823E-01
  0.1864E-01
  0.1906E-01
  0.1947E-01
  0.1989E-01
  0.2031E-01
  0.2072E-01
  0.2115E-01
  0.2157E-01
  0.2199E-01
  0.2241E-01
  0.2283E-01
  0.2325E-01
  0.2367E-01
  0.2409E-01
  0.2451E-01
  0.2494E-01
  0.2536E-01
  0.2578E-01
  0.2620E-01
  0.2662E-01
  0.2704E-01
  0.2746E-01
  0.2788E-01
  0.2830E-01
  0.2872E-01
  0.2913E-01
  0.2955E-01
  0.2997E-01
  0.3038E-01
  0.3079E-01
  0.3121E-01
  0.3162E-01
  0.3203E-01
  0.3243E-01
  0.3284E-01
  0.3325E-01
  0.3365E-01
  0.3406E-01
  0.3446E-01
  0.3486E-01
  0.3526E-01
  0.3566E-01
  0.3605E-01
  0.3644E-01
  0.3684E-01
  0.3723E-01
  0.3762E-01
  0.3801E-01
  0.3839E-01
  0.3878E-01
  0.3916E-01
  0.3954E-01
  0.3991E-01
  0.4029E-01
  0.4066E-01
  0.4104E-01
  0.4141E-01
  0.4178E-01
  0.4215E-01
  0.4251E-01
  0.4288E-01
  0.4324E-01
  0.4360E-01
  0.4396E-01
  0.4431E-01
  0.4467E-01
  0.4502E-01
  0.4536E-01
  0.4571E-01
  0.4607E-01
  0.4636E-01
  0.4676E-01
  0.4708E-01
  0.4742E-01
  0.4777E-01
  0.4811E-01
  0.4845E-01
  0.4878E-01
  0.4911E-01
  0.4944E-01
  0.4977E-01
  0.5010E-01
  0.5041E-01
  0.5075E-01
  0.5107E-01
  0.5139E-01
  0.5170E-01
  0.5202E-01
  0.5234E-01
  0.5265E-01
  0.5297E-01
  0.5328E-01
  0.5358E-01
  0.5381E-01
  0.5417E-01
  0.5450E-01
  0.5481E-01
  0.5510E-01
  0.5514E-01
  0.5570E-01
  0.5600E-01
  0.5630E-01
  0.5659E-01
  0.5688E-01
  0.5717E-01
  0.5745E-01
  0.5774E-01
  0.5802E-01
  0.5827E-01
  0.5854E-01
  0.5883E-01
  0.5911E-01
  0.5929E-01
  0.5956E-01
  0.5984E-01
  0.6014E-01
  0.6039E-01
  0.6063E-01
  0.6088E-01
  0.6111E-01
  0.6134E-01
  0.6156E-01
  0.6178E-01
  0.6199E-01
  0.6219E-01
  0.6238E-01
  0.6257E-01
  0.6273E-01
  0.6283E-01
  0.6304E-01
  0.6320E-01
  0.6339E-01
  0.6352E-01
  0.6364E-01
  0.6364E-01
  0.6385E-01
  0.6398E-01
  0.6408E-01
  0.6417E-01
  0.6425E-01
  0.6431E-01
  0.6435E-01
  0.6440E-01
  0.6444E-01
  0.6444E-01
  0.6447E-01
  0.6448E-01
  0.6449E-01
  0.6447E-01
  0.6444E-01
  0.6442E-01
  0.6439E-01
  0.6430E-01
  0.6428E-01
  0.6408E-01
  0.6418E-01
  0.6410E-01
  0.6392E-01
  0.6395E-01
  0.6388E-01
  0.6379E-01
  0.6369E-01
  0.6360E-01
  0.6350E-01
  0.6340E-01
  0.6330E-01
  0.6319E-01
  0.6309E-01
  0.6298E-01
  0.6287E-01
  0.6276E-01
  0.6265E-01
  0.6253E-01
  0.6242E-01
  0.6230E-01
  0.6219E-01
  0.6208E-01
  0.6196E-01
  0.6185E-01
  0.6174E-01
  0.6163E-01
  0.6151E-01
  0.6140E-01
  0.6129E-01
  0.6118E-01
  0.6107E-01
  0.6096E-01
  0.6085E-01
  0.6074E-01
  0.6063E-01
  0.6052E-01
  0.6041E-01
  0.6031E-01
  0.6020E-01
  0.6009E-01
  0.5999E-01
  0.5988E-01
  0.5977E-01
  0.5966E-01
  0.5956E-01
  0.5945E-01
  0.5934E-01
  0.5923E-01
  0.5913E-01
  0.5902E-01
  0.5891E-01
  0.5880E-01
  0.5869E-01
  0.5858E-01
  0.5847E-01
  0.5836E-01
  0.5825E-01
  0.5813E-01
  0.5802E-01
  0.5791E-01
  0.5779E-01
  0.5767E-01
  0.5756E-01
  0.5744E-01
  0.5732E-01
  0.5720E-01
  0.5708E-01
  0.5696E-01
  0.5684E-01
  0.5672E-01
  0.5659E-01
  0.5647E-01
  0.5634E-01
  0.5621E-01
  0.5608E-01
  0.5595E-01
  0.5582E-01
  0.5569E-01
  0.5556E-01
  0.5543E-01
  0.5529E-01
  0.5516E-01
  0.5502E-01
  0.5488E-01
  0.5475E-01
  0.5461E-01
  0.5447E-01
  0.5433E-01
  0.5419E-01
  0.5404E-01
  0.5390E-01
  0.5376E-01
  0.5361E-01
  0.5347E-01
  0.5332E-01
  0.5317E-01
  0.5303E-01
  0.5288E-01
  0.5273E-01
  0.5258E-01
  0.5243E-01
  0.5228E-01
  0.5213E-01
  0.5198E-01
  0.5183E-01
  0.5167E-01
  0.5152E-01
  0.5137E-01
  0.5121E-01
  0.5106E-01
  0.5090E-01
  0.5075E-01
  0.5059E-01
  0.5044E-01
  0.5028E-01
  0.5013E-01
  0.4997E-01
  0.4981E-01
  0.4966E-01
  0.4950E-01
  0.4934E-01
  0.4918E-01
  0.4903E-01
  0.4887E-01
  0.4871E-01
  0.4855E-01
  0.4839E-01
  0.4823E-01
  0.4807E-01
  0.4792E-01
  0.4776E-01
  0.4760E-01
  0.4744E-01
  0.4728E-01
  0.4712E-01
  0.4696E-01
  0.4680E-01
  0.4664E-01
  0.4648E-01
  0.4631E-01
  0.4615E-01
  0.4599E-01
  0.4583E-01
  0.4566E-01
  0.4550E-01
  0.4534E-01
  0.4517E-01
  0.4501E-01
  0.4484E-01
  0.4467E-01
  0.4450E-01
  0.4434E-01
  0.4417E-01
  0.4400E-01
  0.4382E-01
  0.4365E-01
  0.4348E-01
  0.4330E-01
  0.4312E-01
  0.4295E-01
  0.4277E-01
  0.4259E-01
  0.4241E-01
  0.4222E-01
  0.4204E-01
  0.4185E-01
  0.4167E-01
  0.4148E-01
  0.4129E-01
  0.4110E-01
  0.4091E-01
  0.4071E-01
  0.4052E-01
  0.4033E-01
  0.4013E-01
  0.3993E-01
  0.3974E-01
  0.3954E-01
  0.3934E-01
  0.3914E-01
  0.3894E-01
  0.3874E-01
  0.3854E-01
  0.3834E-01
  0.3814E-01
  0.3794E-01
  0.3774E-01
  0.3754E-01
  0.3734E-01
  0.3714E-01
  0.3694E-01
  0.3675E-01
  0.3655E-01
  0.3635E-01
  0.3616E-01
  0.3596E-01
  0.3577E-01
  0.3558E-01
  0.3538E-01
  0.3519E-01
  0.3501E-01
  0.3482E-01
  0.3463E-01
  0.3443E-01
  0.3425E-01
  0.3407E-01
  0.3389E-01
  0.3370E-01
  0.3352E-01
  0.3334E-01
  0.3316E-01
  0.3298E-01
  0.3276E-01
  0.3263E-01
  0.3245E-01
  0.3228E-01
  0.3209E-01
  0.3193E-01
  0.3176E-01
  0.3159E-01
  0.3142E-01
  0.3124E-01
  0.3108E-01
  0.3091E-01
  0.3074E-01
  0.3057E-01
  0.3041E-01
  0.3024E-01
  0.3008E-01
  0.2991E-01
  0.2975E-01
  0.2958E-01
  0.2942E-01
  0.2926E-01
  0.2910E-01
  0.2894E-01
  0.2878E-01
  0.2861E-01
  0.2846E-01
  0.2830E-01
  0.2814E-01
  0.2798E-01
  0.2783E-01
  0.2767E-01
  0.2752E-01
  0.2736E-01
  0.2720E-01
  0.2705E-01
  0.2690E-01
  0.2674E-01
  0.2659E-01
  0.2644E-01
  0.2629E-01
  0.2614E-01
  0.2599E-01
  0.2584E-01
  0.2569E-01
  0.2554E-01
  0.2540E-01
  0.2525E-01
  0.2510E-01
  0.2496E-01
  0.2481E-01
  0.2467E-01
  0.2452E-01
  0.2438E-01
  0.2424E-01
  0.2409E-01
  0.2395E-01
  0.2381E-01
  0.2367E-01
  0.2353E-01
  0.2339E-01
  0.2325E-01
  0.2311E-01
  0.2297E-01
  0.2283E-01
  0.2270E-01
  0.2256E-01
  0.2242E-01
  0.2229E-01
  0.2215E-01
  0.2202E-01
  0.2188E-01
  0.2175E-01
  0.2162E-01
  0.2149E-01
  0.2136E-01
  0.2122E-01
  0.2109E-01
  0.2096E-01
  0.2083E-01
  0.2071E-01
  0.2058E-01
  0.2045E-01
  0.2032E-01
  0.2020E-01
  0.2007E-01
  0.1995E-01
  0.1982E-01
  0.1970E-01
  0.1957E-01
  0.1945E-01
  0.1933E-01
  0.1921E-01
  0.1909E-01
  0.1896E-01
  0.1884E-01
  0.1873E-01
  0.1861E-01
  0.1849E-01
  0.1837E-01
  0.1825E-01
  0.1814E-01
  0.1802E-01
  0.1790E-01
  0.1779E-01
  0.1767E-01
  0.1756E-01
  0.1745E-01
  0.1733E-01
  0.1722E-01
  0.1711E-01
  0.1700E-01
  0.1689E-01
  0.1678E-01
  0.1667E-01
  0.1656E-01
  0.1645E-01
  0.1634E-01
  0.1624E-01
  0.1613E-01
  0.1602E-01
  0.1592E-01
  0.1581E-01
  0.1571E-01
  0.1560E-01
  0.1550E-01
  0.1540E-01
  0.1530E-01
  0.1519E-01
  0.1509E-01
  0.1499E-01
  0.1489E-01
  0.1479E-01
  0.1469E-01
  0.1459E-01
  0.1450E-01
  0.1440E-01
  0.1430E-01
  0.1420E-01
  0.1411E-01
  0.1401E-01
  0.1392E-01
  0.1382E-01
  0.1373E-01
  0.1364E-01
  0.1354E-01
  0.1345E-01
  0.1336E-01
  0.1327E-01
  0.1318E-01
  0.1309E-01
  0.1300E-01
  0.1291E-01
  0.1282E-01
  0.1273E-01
  0.1264E-01
  0.1256E-01
  0.1247E-01
  0.1238E-01
  0.1230E-01
  0.1221E-01
  0.1214E-01
  0.1205E-01
  0.1196E-01
  0.1188E-01
  0.1179E-01
  0.1199E-01
  0.1208E-01
  0.1199E-01
  0.1166E-01
  0.1139E-01
  0.1200E-01
  0.1220E-01
  0.1221E-01
  0.1219E-01
  0.1209E-01
  0.1183E-01
  0.1204E-01
  0.1212E-01
  0.1209E-01
  0.1205E-01
  0.1177E-01
  0.1198E-01
  0.1194E-01
  0.1192E-01
  0.1185E-01
  0.1137E-01
  0.1177E-01
  0.1176E-01
  0.1172E-01
  0.1163E-01
  0.1108E-01
  0.1159E-01
  0.1158E-01
  0.1153E-01
  0.1147E-01
  0.1131E-01
  0.1095E-01
  0.1061E-01
  0.1123E-01
  0.1130E-01
  0.1127E-01
  0.1120E-01
  0.1074E-01
  0.1096E-01
  0.1110E-01
  0.1109E-01
  0.1103E-01
  0.1067E-01
  0.1081E-01
  0.1095E-01
  0.1093E-01
  0.1089E-01
  0.1074E-01
  0.1074E-01
  0.1080E-01
  0.1078E-01
  0.1075E-01
  0.1069E-01
  0.1066E-01
  0.1066E-01
  0.1064E-01
  0.1061E-01
  0.1058E-01
  0.1056E-01
  0.1054E-01
  0.1052E-01
  0.1049E-01
  0.1047E-01
  0.1045E-01
  0.1044E-01
  0.1042E-01
  0.1040E-01
  0.1039E-01
  0.1037E-01
  0.1036E-01
  0.1035E-01
  0.1034E-01
  0.1033E-01
  0.1033E-01
  0.1032E-01
  0.1032E-01
  0.1031E-01
  0.1031E-01
  0.1031E-01
  0.1031E-01
  0.1032E-01
  0.1032E-01
  0.1033E-01
  0.1034E-01
  0.1035E-01
  0.1036E-01
  0.1037E-01
  0.1039E-01
  0.1040E-01
  0.1042E-01
  0.1044E-01
  0.1046E-01
  0.1048E-01
  0.1050E-01
  0.1053E-01
  0.1056E-01
  0.1059E-01
  0.1062E-01
  0.1065E-01
  0.1068E-01
  0.1072E-01
  0.1076E-01
  0.1080E-01
  0.1084E-01
  0.1088E-01
  0.1093E-01
  0.1097E-01
  0.1101E-01
  0.1107E-01
  0.1112E-01
  0.1117E-01
  0.1123E-01
  0.1128E-01
  0.1134E-01
  0.1140E-01
  0.1146E-01
  0.1152E-01
  0.1154E-01
  0.1166E-01
  0.1172E-01
  0.1178E-01
  0.1184E-01
  0.1193E-01
  0.1200E-01
  0.1207E-01
  0.1211E-01
  0.1223E-01
  0.1231E-01
  0.1238E-01
  0.1247E-01
  0.1254E-01
  0.1262E-01
  0.1265E-01
  0.1276E-01
  0.1286E-01
  0.1295E-01
  0.1302E-01
  0.1311E-01
  0.1316E-01
  0.1326E-01
  0.1326E-01
  0.1338E-01
  0.1351E-01
  0.1334E-01
  0.1365E-01
  0.1373E-01
  0.1286E-01
  0.1384E-01
  0.1389E-01
  0.1280E-01
  0.1401E-01
  0.1400E-01
  0.1049E-01
  0.1404E-01
  0.1410E-01
  0.1171E-01
  0.1374E-01
  0.1417E-01
  0.1363E-01
  0.1058E-01
  0.1404E-01
  0.1423E-01
  0.1347E-01
  0.1118E-01
  0.1431E-01
  0.1460E-01
  0.1466E-01
  0.1485E-01
  0.1477E-01
  0.1427E-01
  0.1111E-01
  0.1209E-01
  0.1363E-01
  0.1402E-01
  0.1407E-01
  0.1398E-01
  0.1374E-01
  0.1340E-01
  0.1302E-01
  0.1271E-01
  0.1266E-01
  0.1297E-01
  0.1351E-01
  0.1401E-01
  0.1431E-01
  0.1446E-01
  0.1450E-01
  0.1448E-01
  0.1442E-01
  0.1431E-01
  0.1431E-01
  0.1421E-01
  0.1416E-01
  0.1408E-01
  0.1397E-01
  0.1390E-01
  0.1380E-01
  0.1369E-01
  0.1362E-01
  0.1351E-01
  0.1336E-01
  0.1331E-01
  0.1321E-01
  0.1296E-01
  0.1300E-01
  0.1290E-01
  0.1278E-01
  0.1262E-01
  0.1259E-01
  0.1249E-01
  0.1239E-01
  0.1223E-01
  0.1220E-01
  0.1209E-01
  0.1197E-01
  0.1185E-01
  0.1181E-01
  0.1171E-01
  0.1161E-01
  0.1152E-01
  0.1106E-01
  0.1128E-01
  0.1104E-01
  0.1098E-01
  0.1102E-01
  0.1039E-01
  0.1082E-01
  0.1081E-01
  0.9201E-02
  0.1066E-01
  0.1044E-01
  0.9166E-02
  0.1037E-01
  0.9942E-02
  0.8051E-02
  0.9994E-02
  0.9597E-02
  0.4235E-02
  0.9451E-02
  0.9485E-02
  0.6258E-02
  0.8082E-02
  0.9347E-02
  0.8844E-02
  0.3617E-02
  0.8468E-02
  0.9502E-02
  0.9451E-02
  0.8771E-02
  0.1010E-01
  0.9740E-02
  0.6049E-02
  0.7090E-02
  0.8516E-02
  0.8868E-02
  0.8808E-02
  0.8431E-02
  0.7684E-02
  0.6525E-02
  0.5073E-02
  0.3608E-02
  0.2541E-02
  0.2266E-02
  0.3901E-02
  0.6564E-02
  0.8640E-02
  0.9798E-02
  0.1038E-01
  0.1068E-01
  0.1082E-01
  0.1086E-01
  0.1097E-01
  0.1119E-01
  0.1130E-01
  0.1137E-01
  0.1146E-01
  0.1154E-01
  0.1161E-01
  0.1169E-01
  0.1177E-01
  0.1185E-01
  0.1193E-01
  0.1201E-01
  0.1210E-01
  0.1218E-01
  0.1227E-01
  0.1237E-01
  0.1246E-01
  0.1255E-01
  0.1265E-01
  0.1275E-01
  0.1285E-01
  0.1295E-01
  0.1306E-01
  0.1317E-01
  0.1327E-01
  0.1339E-01
  0.1350E-01
  0.1362E-01
  0.1374E-01
  0.1386E-01
  0.1398E-01
  0.1411E-01
  0.1424E-01
  0.1436E-01
  0.1449E-01
  0.1462E-01
  0.1473E-01
  0.1489E-01
  0.1505E-01
  0.1520E-01
  0.1534E-01
  0.1549E-01
  0.1564E-01
  0.1579E-01
  0.1594E-01
  0.1610E-01
  0.1625E-01
  0.1641E-01
  0.1657E-01
  0.1673E-01
  0.1691E-01
  0.1709E-01
  0.1726E-01
  0.1743E-01
  0.1761E-01
  0.1779E-01
  0.1797E-01
  0.1814E-01
  0.1831E-01
  0.1841E-01
  0.1862E-01
  0.1888E-01
  0.1908E-01
  0.1928E-01
  0.1945E-01
  0.1961E-01
  0.1959E-01
  0.1937E-01
  0.2013E-01
  0.2041E-01
  0.2062E-01
  0.2086E-01
  0.2104E-01
  0.2126E-01
  0.2146E-01
  0.2164E-01
  0.2161E-01
  0.2140E-01
  0.2217E-01
  0.2247E-01
  0.2266E-01
  0.2290E-01
  0.2307E-01
  0.2333E-01
  0.2345E-01
  0.2333E-01
  0.2319E-01
  0.2402E-01
  0.2433E-01
  0.2456E-01
  0.2474E-01
  0.2491E-01
  0.2491E-01
  0.2519E-01
  0.2524E-01
  0.2517E-01
  0.2391E-01
  0.2398E-01
  0.2533E-01
  0.2555E-01
  0.2565E-01
  0.2497E-01
  0.2364E-01
  0.2502E-01
  0.2427E-01
  0.2202E-01
  0.2313E-01
  0.2048E-01
  0.1671E-01
  0.1898E-01
  0.1873E-01
  0.9761E-02
  0.1347E-01
  0.1236E-01
  0.4842E-02
  0.6843E-02
  0.5869E-02
  0.2139E-02
  0.2061E-02
  0.3274E-02
  0.1205E-02
  0.5815E-03
  0.1530E-02
  0.9158E-03
  0.4663E-03
  0.8231E-03
  0.7898E-03
  0.4539E-03
  0.5780E-03
  0.8244E-03
  0.4572E-03
  0.5068E-03
  0.1227E-02
  0.9552E-03
  0.1089E-02
  0.3782E-02
  0.1558E-02
  0.4148E-03
  0.6868E-03
  0.7366E-03
  0.4073E-03
  0.4383E-03
  0.6801E-03
  0.4557E-03
  0.3902E-03
  0.7511E-03
  0.7263E-03
  0.3790E-03
  0.6781E-03
  0.1357E-02
  0.6745E-03
  0.4707E-03
  0.2156E-02
  0.2267E-02
  0.4526E-03
  0.3422E-02
  0.4624E-02
  0.3178E-02
  0.4287E-02
  0.5833E-02
  0.7333E-02
  0.9193E-02
  0.9698E-02
  0.1145E-01
  0.1214E-01
  0.1153E-01
  0.1324E-01
  0.1392E-01
  0.1379E-01
  0.1513E-01
  0.1570E-01
  0.1581E-01
  0.1604E-01
  0.1597E-01
  0.1563E-01
  0.1675E-01
  0.1651E-01
  0.1397E-01
  0.1233E-01
  0.1455E-01
  0.1524E-01
  0.1390E-01
  0.1086E-01
  0.1122E-01
  0.1411E-01
  0.1461E-01
  0.1513E-01
  0.1546E-01
  0.1400E-01
  0.1346E-01
  0.1399E-01
  0.1232E-01
  0.1058E-01
  0.1222E-01
  0.1089E-01
  0.5514E-02
  0.8375E-02
  0.8296E-02
  0.5176E-02
  0.3778E-02
  0.2651E-02
  0.4129E-02
  0.3157E-02
  0.9489E-03
  0.3931E-03
  0.9628E-03
  0.9088E-03
  0.2439E-03
  0.2492E-03
  0.5066E-03
  0.3488E-03
  0.2111E-03
  0.2671E-03
  0.3754E-03
  0.2179E-03
  0.2064E-03
  0.3998E-03
  0.3326E-03
  0.1979E-03
  0.1094E-02
  0.1392E-02
  0.2797E-03
  0.2938E-03
  0.3772E-03
  0.2024E-03
  0.1921E-03
  0.3121E-03
  0.2058E-03
  0.1817E-03
  0.3152E-03
  0.2302E-03
  0.1769E-03
  0.4169E-03
  0.3017E-03
  0.1768E-03
  0.7012E-03
  0.4990E-03
  0.2574E-03
  0.1400E-02
  0.8621E-03
  0.1029E-02
  0.2255E-02
  0.1195E-02
  0.2196E-02
  0.2969E-02
  0.1487E-02
  0.3056E-02
  0.3299E-02
  0.3666E-02
  0.4725E-02
  0.4673E-02
  0.3320E-02
  0.5003E-02
  0.5708E-02
  0.6189E-02
  0.6131E-02
  0.6303E-02
  0.6145E-02
  0.6416E-02
  0.6111E-02
  0.5459E-02
  0.4339E-02
  0.3449E-02
  0.2962E-02
  0.4962E-02
  0.5338E-02
  0.3475E-02
  0.5449E-02
  0.6185E-02
  0.6175E-02
  0.5398E-02
  0.2748E-02
  0.5224E-02
  0.5796E-02
  0.5415E-02
  0.4896E-02
  0.3139E-02
  0.3009E-02
  0.4858E-02
  0.5696E-02
  0.6093E-02
  0.6231E-02
  0.6242E-02
  0.6088E-02
  0.5418E-02
  0.4195E-02
  0.4452E-02
  0.5432E-02
  0.5337E-02
  0.4858E-02
  0.4561E-02
  0.3568E-02
  0.2347E-02
  0.1994E-02
  0.2320E-02
  0.3448E-02
  0.4196E-02
  0.4108E-02
  0.3239E-02
  0.1380E-02
  0.3190E-02
  0.4064E-02
  0.4282E-02
  0.3926E-02
  0.2809E-02
  0.1885E-02
  0.1761E-02
  0.3568E-02
  0.2121E-02
  0.4152E-02
  0.4593E-02
  0.4608E-02
  0.3476E-02
  0.4437E-02
  0.4399E-02
  0.4057E-02
  0.3247E-02
  0.1483E-02
  0.3081E-02
  0.2132E-02
  0.2181E-02
  0.3496E-02
  0.3496E-02
  0.2900E-02
  0.1142E-02
  0.2425E-02
  0.1302E-02
  0.2517E-02
  0.2944E-02
  0.2864E-02
  0.2389E-02
  0.1448E-02
  0.1188E-02
  0.1144E-02
  0.1657E-02
  0.2433E-02
  0.2917E-02
  0.2302E-02
  0.3103E-02
  0.2548E-02
  0.2252E-02
  0.1158E-02
  0.2337E-02
  0.1885E-02
  0.9673E-03
  0.1194E-02
  0.1905E-02
  0.1949E-02
  0.2090E-02
  0.2283E-02
  0.1647E-02
  0.2663E-02
  0.2548E-02
  0.1970E-02
  0.1224E-02
  0.1952E-02
  0.2014E-02
  0.1595E-02
  0.7915E-03
  0.8295E-03
  0.1136E-02
  0.8511E-03
  0.1627E-02
  0.1551E-02
  0.2164E-02
  0.2440E-02
  0.2475E-02
  0.2181E-02
  0.2372E-02
  0.2190E-02
  0.1685E-02
  0.1483E-02
  0.1467E-02
  0.6474E-03
  0.5528E-03
  0.7322E-03
  0.1209E-02
  0.1707E-02
  0.1742E-02
  0.9013E-03
  0.1821E-02
  0.1846E-02
  0.1205E-02
  0.6393E-03
  0.1540E-02
  0.1764E-02
  0.1573E-02
  0.1088E-02
  0.3421E-03
  0.1045E-02
  0.1570E-02
  0.1931E-02
  0.2183E-02
  0.2353E-02
  0.2512E-02
  0.2609E-02
  0.2691E-02
  0.2734E-02
  0.2747E-02
  0.2577E-02
  0.2661E-02
  0.2642E-02
  0.2442E-02
  0.2098E-02
  0.2313E-02
  0.2675E-02
  0.2681E-02
  0.2587E-02
  0.1947E-02
  0.2316E-02
  0.1949E-02
  0.2428E-02
  0.2295E-02
  0.1810E-02
  0.1919E-02
  0.1608E-02
  0.1932E-02
  0.1770E-02
  0.1487E-02
  0.1091E-02
  0.5314E-03
  0.6046E-03
  0.1109E-02
  0.1394E-02
  0.1427E-02
  0.1038E-02
  0.4684E-03
  0.1206E-02
  0.1372E-02
  0.8093E-03
  0.1097E-02
  0.1493E-02
  0.1515E-02
  0.1352E-02
  0.1009E-02
  0.3934E-03
  0.5738E-03
  0.6386E-03
  0.1180E-02
  0.1370E-02
  0.1455E-02
  0.1365E-02
  0.1271E-02
  0.9056E-03
  0.4200E-03
  0.5939E-03
  0.6909E-03
  0.9105E-03
  0.6725E-03
  0.2177E-03
  0.3297E-03
  0.6421E-03
  0.9593E-03
  0.1145E-02
  0.1248E-02
  0.1255E-02
  0.1080E-02
  0.5550E-03
  0.8133E-03
  0.1175E-02
  0.1225E-02
  0.1058E-02
  0.6268E-03
  0.5487E-03
  0.6716E-03
  0.9508E-03
  0.9778E-03
  0.4444E-03
  0.7671E-03
  0.1104E-02
  0.1209E-02
  0.1060E-02
  0.1038E-02
  0.7562E-03
  0.5056E-03
  0.2088E-03
  0.6624E-03
  0.9350E-03
  0.1012E-02
  0.8383E-03
  0.1094E-02
  0.1052E-02
  0.9116E-03
  0.5692E-03
  0.3025E-03
  0.6006E-03
  0.5822E-03
  0.1715E-03
  0.3934E-03
  0.7537E-03
  0.7987E-03
  0.6714E-03
  0.3620E-03
  0.7609E-03
  0.1059E-02
  0.9676E-03
  0.1172E-02
  0.1176E-02
  0.8888E-03
  0.5195E-03
  0.7359E-03
  0.2408E-03
  0.3117E-03
  0.8298E-03
  0.1101E-02
  0.1223E-02
  0.1057E-02
  0.1335E-02
  0.1341E-02
  0.1321E-02
  0.1230E-02
  0.7108E-03
  0.1012E-02
  0.7796E-03
  0.4302E-03
  0.3034E-03
  0.7387E-03
  0.8311E-03
  0.6321E-03
  0.2257E-03
  0.6874E-03
  0.9109E-03
  0.8636E-03
  0.1103E-02
  0.9596E-03
  0.7595E-03
  0.4317E-03
  0.9404E-03
  0.5522E-03
  0.1090E-02
  0.1288E-02
  0.1300E-02
  0.9765E-03
  0.9450E-03
  0.1195E-02
  0.1130E-02
  0.6945E-03
  0.6589E-03
  0.1072E-02
  0.1205E-02
  0.1194E-02
  0.1030E-02
  0.8578E-03
  0.6992E-03
  0.2666E-03
  0.2251E-03
  0.4488E-03
  0.7191E-03
  0.8432E-03
  0.1049E-02
  0.1049E-02
  0.7577E-03
  0.6811E-03
  0.1111E-02
  0.1131E-02
  0.6465E-03
  0.1293E-02
  0.1257E-02
  0.1140E-02
  0.9284E-03
  0.5893E-03
  0.2507E-03
  0.5394E-03
  0.8387E-03
  0.8370E-03
  0.1022E-02
  0.7330E-03
  0.4223E-03
  0.9099E-03
  0.8136E-03
  0.1326E-02
  0.1180E-02
  0.1398E-02
  0.1263E-02
  0.1250E-02
  0.7994E-03
  0.7090E-03
  0.1143E-02
  0.1444E-02
  0.1538E-02
  0.1554E-02
  0.1212E-02
  0.1595E-02
  0.1528E-02
  0.1430E-02
  0.1266E-02
  0.1030E-02
  0.4822E-03
  0.7938E-03
  0.8756E-03
  0.4984E-03
  0.2896E-03
  0.6311E-03
  0.9700E-03
  0.1164E-02
  0.1191E-02
  0.1175E-02
  0.8376E-03
  0.1193E-02
  0.1155E-02
  0.9842E-03
  0.7104E-03
  0.3203E-03
  0.3706E-03
  0.7241E-03
  0.8354E-03
  0.1085E-02
  0.1261E-02
  0.1252E-02
  0.1262E-02
  0.1435E-02
  0.1482E-02
  0.1426E-02
  0.1357E-02
  0.7310E-03
  0.1221E-02
  0.1318E-02
  0.1265E-02
  0.1039E-02
  0.6352E-03
  0.3797E-03
  0.4149E-03
  0.3839E-03
  0.3705E-03
  0.5860E-03
  0.2557E-03
  0.2235E-03
  0.3570E-03
  0.7112E-03
  0.7430E-03
  0.5350E-03
  0.7140E-04
  0.5845E-05
  0.2451E-03
  0.2886E-03
  0.1059E-03
  0.2666E-03
  0.9946E-04
  0.4407E-04
  0.9723E-04
  0.2796E-03
  0.2539E-03
  0.4481E-04
  0.8074E-04
  0.3670E-05
  0.4083E-05
  0.3606E-04
  0.4965E-04
  0.2599E-04
  0.3912E-05
  0.3051E-05
  0.3000E-05
  0.3061E-05
  0.3946E-05
  0.3651E-05
  0.2948E-05
  0.2853E-05
  0.2825E-05
  0.2797E-05
  0.2788E-05
  0.2758E-05
  0.2714E-05
  0.2686E-05
  0.2660E-05
  0.2634E-05
  0.2621E-05
  0.2586E-05
  0.2555E-05
  0.2529E-05
  0.2515E-05
  0.2781E-05
  0.2706E-05
  0.2444E-05
  0.2405E-05
  0.2381E-05
  0.2358E-05
  0.2342E-05
  0.3734E-05
  0.6723E-05
  0.5439E-05
  0.2245E-05
  0.1734E-04
  0.1068E-03
  0.1681E-03
  0.1872E-03
  0.1303E-04
  0.1012E-03
  0.1422E-03
  0.6987E-04
  0.2678E-05
  0.5745E-05
  0.5668E-04
  0.6798E-04
  0.1298E-04
  0.1997E-05
  0.7148E-04
  0.1642E-03
  0.9737E-04
  0.1986E-05
  0.1554E-03
  0.3365E-03
  0.2575E-03
  0.1279E-03
  0.4528E-03
  0.1063E-02
  0.1224E-02
  0.9593E-03
  0.1131E-02
  0.1277E-02
  0.1784E-02
  0.1771E-02
  0.1813E-02
  0.2012E-02
  0.2091E-02
  0.1805E-02
  0.1708E-02
  0.1627E-02
  0.1248E-02
  0.7825E-03
  0.1035E-02
  0.7384E-03
  0.5822E-03
  0.7781E-03
  0.1138E-02
  0.1078E-02
  0.1128E-02
  0.7476E-03
  0.1033E-02
  0.9341E-03
  0.1384E-03
  0.3083E-03
  0.5300E-03
  0.3236E-03
  0.1157E-03
  0.7894E-05
  0.1008E-03
  0.1384E-03
  0.6413E-04
  0.2513E-05
  0.1714E-05
  0.1646E-04
  0.2324E-04
  0.7039E-05
  0.1188E-05
  0.1308E-05
  0.5521E-05
  0.7160E-05
  0.2170E-05
  0.1128E-05
  0.1305E-05
  0.4820E-05
  0.4542E-05
  0.1084E-05
  0.1072E-05
  0.2588E-05
  0.2796E-05
  0.1041E-05
  0.1030E-05
  0.1424E-05
  0.1009E-05
  0.1018E-05
  0.1010E-05
  0.1348E-05
  0.9798E-06
  0.9592E-06
  0.9493E-06
  0.9397E-06
  0.9302E-06
  0.9211E-06
  0.9115E-06
  0.9023E-06
  0.8932E-06
  0.8841E-06
  0.8752E-06
  0.8663E-06
  0.8576E-06
  0.8489E-06
  0.8403E-06
  0.8318E-06
  0.8234E-06
  0.8150E-06
  0.8068E-06
  0.7986E-06
  0.7905E-06
  0.7825E-06
  0.7746E-06
  0.7667E-06
  0.7590E-06
  0.7513E-06
  0.7437E-06
  0.7361E-06
  0.7287E-06
  0.7213E-06
  0.7140E-06
  0.7067E-06
  0.6996E-06
  0.6926E-06
  0.6855E-06
  0.6785E-06
  0.6716E-06
  0.7034E-06
  0.7580E-06
  0.6514E-06
  0.6448E-06
  0.1983E-05
  0.3283E-05
  0.3148E-05
  0.5143E-05
  0.6130E-06
  0.1529E-05
  0.1150E-04
  0.1660E-04
  0.3558E-05
  0.1110E-05
  0.8515E-06
  0.1313E-04
  0.2759E-04
  0.5295E-05
  0.1334E-04
  0.5692E-06
  0.7996E-05
  0.3213E-04
  0.2162E-04
  0.1813E-04
  0.5415E-06
  0.1182E-04
  0.5761E-04
  0.7538E-04
  0.4415E-04
  0.3752E-05
  0.4303E-05
  0.5611E-06
  0.3710E-04
  0.1324E-03
  0.2404E-03
  0.2660E-03
  0.1365E-03
  0.9462E-04
  0.4100E-03
  0.6503E-03
  0.7394E-03
  0.6997E-03
  0.9097E-03
  0.1398E-02
  0.1566E-02
  0.1639E-02
  0.2032E-02
  0.2043E-02
  0.1835E-02
  0.1361E-02
  0.1772E-02
  0.1846E-02
  0.1605E-02
  0.1908E-02
  0.2135E-02
  0.2123E-02
  0.1812E-02
  0.1883E-02
  0.1972E-02
  0.1195E-02
  0.1702E-02
  0.2498E-02
  0.2840E-02
  0.2917E-02
  0.2374E-02
  0.2962E-02
  0.3178E-02
  0.3260E-02
  0.3311E-02
  0.3320E-02
  0.3272E-02
  0.3222E-02
  0.2760E-02
  0.3062E-02
  0.3104E-02
  0.2802E-02
  0.2891E-02
  0.2699E-02
  0.2707E-02
  0.2716E-02
  0.2389E-02
  0.2464E-02
  0.2231E-02
  0.1739E-02
  0.1985E-02
  0.1763E-02
  0.1378E-02
  0.1427E-02
  0.1208E-02
  0.8673E-03
  0.1056E-02
  0.8301E-03
  0.4720E-03
  0.5555E-03
  0.5061E-03
  0.2784E-03
  0.2852E-03
  0.2185E-03
  0.1689E-03
  0.8134E-04
  0.5713E-04
  0.5514E-04
  0.3390E-04
  0.2388E-04
  0.8093E-05
  0.1988E-05
  0.3211E-05
  0.2129E-05
  0.2225E-06
  0.2592E-06
  0.2199E-06
  0.2399E-06
  0.2108E-06
  0.2089E-06
  0.2068E-06
  0.2044E-06
  0.2023E-06
  0.2002E-06
  0.1981E-06
  0.1961E-06
  0.1941E-06
  0.1921E-06
  0.1901E-06
  0.1882E-06
  0.1862E-06
  0.1843E-06
  0.1824E-06
  0.1806E-06
  0.1787E-06
  0.1769E-06
  0.1751E-06
  0.1733E-06
  0.1715E-06
  0.1697E-06
  0.1680E-06
  0.1662E-06
  0.1645E-06
  0.1628E-06
  0.1612E-06
  0.1595E-06
  0.1579E-06
  0.1563E-06
  0.1546E-06
  0.1531E-06
  0.1515E-06
  0.1499E-06
  0.1484E-06
  0.1469E-06
  0.1453E-06
  0.1438E-06
  0.1424E-06
  0.1409E-06
  0.1395E-06
  0.1380E-06
  0.1366E-06
  0.1352E-06
  0.1338E-06
  0.1324E-06
  0.1311E-06
  0.1297E-06
  0.1284E-06
  0.1270E-06
  0.1257E-06
  0.1244E-06
  0.1232E-06
  0.1219E-06
  0.1206E-06
  0.1194E-06
  0.1182E-06
  0.1169E-06
  0.1157E-06
  0.1145E-06
  0.1134E-06
  0.1122E-06
  0.1110E-06
  0.1099E-06
  0.1088E-06
  0.1076E-06
  0.1065E-06
  0.1054E-06
  0.1043E-06
  0.1033E-06
  0.1022E-06
  0.1011E-06
  0.1001E-06
  0.9906E-07
  0.9804E-07
  0.9703E-07
  0.9603E-07
  0.9504E-07
  0.9405E-07
  0.9308E-07
  0.9212E-07
  0.9117E-07
  0.9023E-07
  0.8930E-07
  0.8837E-07
  0.8746E-07
  0.8656E-07
  0.8566E-07
  0.8478E-07
  0.8390E-07
  0.8303E-07
  0.8217E-07
  0.8132E-07
  0.8048E-07
  0.7965E-07
  0.7883E-07
  0.7801E-07
  0.7721E-07
  0.7641E-07
  0.7562E-07
  0.7483E-07
  0.7406E-07
  0.7329E-07
  0.7254E-07
  0.7178E-07
  0.7104E-07
  0.7031E-07
  0.6958E-07
  0.6886E-07
  0.6815E-07
  0.6744E-07
  0.6674E-07
  0.6605E-07
  0.6537E-07
  0.6469E-07
  0.6402E-07
  0.6336E-07
  0.6270E-07
  0.6205E-07
  0.6141E-07
  0.6077E-07
  0.6014E-07
  0.5952E-07
  0.5890E-07
  0.5829E-07
  0.5769E-07
  0.5709E-07
  0.5650E-07
  0.5591E-07
  0.5533E-07
  0.5476E-07
  0.5419E-07
  0.5363E-07
  0.5307E-07
  0.5252E-07
  0.5198E-07
  0.5161E-07
  0.5444E-07
  0.8536E-07
  0.1070E-05
  0.4296E-05
  0.1289E-04
  0.5212E-04
  0.1182E-03
  0.2935E-03
  0.2697E-03
  0.5108E-03
  0.5601E-03
  0.3311E-03
  0.3877E-03
  0.5204E-03
  0.4271E-03
  0.2380E-03
  0.4694E-03
  0.5759E-03
  0.5449E-03
  0.5029E-03
  0.7979E-03
  0.1009E-02
  0.9216E-03
  0.7529E-03
  0.6455E-03
  0.5304E-03
  0.4015E-03
  0.2851E-03
  0.1975E-03
  0.2492E-03
  0.2860E-03
  0.3191E-03
  0.3494E-03
  0.3788E-03
  0.4103E-03
  0.4460E-03
  0.4841E-03
  0.5295E-03
  0.5849E-03
  0.6340E-03
  0.6920E-03
  0.7889E-03
  0.8828E-03
  0.9028E-03
  0.9208E-03
  0.9001E-03
  0.9054E-03
  0.8784E-03
  0.8714E-03
  0.8368E-03
  0.8004E-03
  0.8238E-03
  0.7620E-03
  0.6744E-03
  0.6283E-03
  0.5360E-03
  0.3616E-03
  0.3042E-03
  0.2652E-03
  0.1741E-03
  0.3721E-04
  0.6509E-04
  0.5819E-04
  0.2297E-04
  0.1361E-05
  0.1108E-04
  0.9557E-05
  0.1009E-05
  0.5607E-06
  0.3425E-05
  0.1762E-05
  0.2457E-07
  0.1161E-05
  0.2801E-05
  0.4959E-06
  0.8162E-06
  0.1137E-04
  0.2112E-04
  0.4006E-04
