 altitude at level i
  0.0000E+00
  0.4326E+04
  0.8448E+04
  0.1235E+05
  0.1604E+05
  0.1951E+05
  0.2281E+05
  0.2595E+05
  0.2894E+05
  0.3183E+05
  0.3463E+05
  0.3736E+05
  0.4006E+05
  0.4273E+05
  0.4540E+05
  0.4807E+05
  0.5078E+05
  0.5353E+05
  0.5633E+05
  0.5919E+05
  0.6213E+05
  0.6515E+05
  0.6827E+05
  0.7150E+05
  0.7484E+05
  0.7832E+05
  0.8194E+05
  0.8571E+05
  0.8965E+05
  0.9377E+05
  0.9809E+05
  0.1026E+06
  0.1074E+06
  0.1124E+06
  0.1177E+06
  0.1233E+06
  0.1292E+06
  0.1355E+06
  0.1421E+06
  0.1493E+06
  0.1569E+06
  0.1653E+06
  0.1746E+06
  0.1849E+06
  0.1967E+06
  0.2102E+06
  0.2262E+06
  0.2454E+06
  0.2694E+06
  0.2967E+06
  0.3040E+06
