  0.3576E-05
  0.5345E-05
  0.6532E-05
  0.7320E-05
  0.7518E-05
  0.7962E-05
  0.7921E-05
  0.7868E-05
  0.7831E-05
  0.8224E-05
  0.8187E-05
  0.8186E-05
  0.8216E-05
  0.8235E-05
  0.8297E-05
  0.8851E-05
  0.8970E-05
  0.9089E-05
  0.9231E-05
  0.9414E-05
  0.9639E-05
  0.9911E-05
  0.1020E-04
  0.1117E-04
  0.1170E-04
  0.1229E-04
  0.1285E-04
  0.1332E-04
  0.1359E-04
  0.1286E-04
  0.1243E-04
  0.1167E-04
  0.1064E-04
  0.8860E-05
  0.7013E-05
  0.5243E-05
  0.3641E-05
  0.2251E-05
  0.1337E-05
  0.8553E-06
  0.6481E-06
  0.6481E-06
  0.6481E-06
  0.6481E-06
  0.6481E-06
  0.6481E-06
  0.6481E-06
  0.6481E-06
  0.6481E-06
  0.6481E-06
