 Flux gradient shortwave
       -7.2534
       -6.9829
       -6.8924
       -6.7242
       -6.4346
       -6.0810
       -5.7388
       -5.4378
       -5.1702
       -4.9330
       -4.7357
       -4.5813
       -4.4612
       -4.3634
       -4.2779
       -4.1973
       -4.1998
       -4.3186
       -4.4664
       -4.6407
       -4.8397
       -5.0641
       -5.3168
       -5.6029
       -5.9288
       -6.3076
       -6.3403
       -6.1465
       -5.8730
       -5.6430
       -5.6521
       -5.6490
       -5.6588
       -5.7178
       -5.8842
       -6.1647
       -6.4971
       -6.7854
       -6.8352
       -6.5126
       -5.9173
       -5.1521
       -4.4702
       -3.8808
       -2.9899
       -1.9248
       -0.9668
       -0.3766
       -0.4877
       -0.1143
