 Shortwave heating rate [K/s]
  0.1187E-02
  0.1338E-02
  0.1540E-02
  0.1744E-02
  0.1928E-02
  0.2094E-02
  0.2257E-02
  0.2430E-02
  0.2610E-02
  0.2796E-02
  0.2998E-02
  0.3223E-02
  0.3470E-02
  0.3736E-02
  0.4015E-02
  0.4305E-02
  0.4693E-02
  0.5246E-02
  0.5888E-02
  0.6632E-02
  0.7494E-02
  0.8496E-02
  0.9668E-02
  0.1105E-01
  0.1271E-01
  0.1472E-01
  0.1615E-01
  0.1714E-01
  0.1799E-01
  0.1907E-01
  0.2116E-01
  0.2356E-01
  0.2645E-01
  0.3015E-01
  0.3529E-01
  0.4243E-01
  0.5185E-01
  0.6355E-01
  0.7622E-01
  0.8796E-01
  0.9882E-01
  0.1091E+00
  0.1241E+00
  0.1474E+00
  0.1647E+00
  0.1675E+00
  0.1521E+00
  0.1369E+00
  0.7216E+00
  0.8572E+00
