 Species molar concentration at each layer [mol/mol]
  0.9900E+00
  0.1000E-01
  0.0000E+00
  0.3581E+00
  0.9900E+00
  0.1000E-01
  0.0000E+00
  0.3560E+00
  0.9900E+00
  0.1000E-01
  0.0000E+00
  0.3539E+00
  0.9900E+00
  0.1000E-01
  0.0000E+00
  0.3518E+00
  0.9900E+00
  0.1000E-01
  0.0000E+00
  0.3498E+00
  0.9900E+00
  0.1000E-01
  0.0000E+00
  0.3478E+00
  0.9900E+00
  0.1000E-01
  0.0000E+00
  0.3459E+00
  0.9900E+00
  0.1000E-01
  0.0000E+00
  0.3439E+00
  0.9900E+00
  0.1000E-01
  0.0000E+00
  0.3420E+00
  0.9900E+00
  0.1000E-01
  0.0000E+00
  0.3401E+00
  0.9900E+00
  0.1000E-01
  0.0000E+00
  0.3382E+00
  0.9900E+00
  0.1000E-01
  0.0000E+00
  0.3364E+00
  0.9900E+00
  0.1000E-01
  0.0000E+00
  0.3345E+00
  0.9900E+00
  0.1000E-01
  0.0000E+00
  0.3325E+00
  0.9900E+00
  0.1000E-01
  0.0000E+00
  0.3306E+00
  0.9900E+00
  0.1000E-01
  0.0000E+00
  0.3286E+00
  0.9900E+00
  0.1000E-01
  0.0000E+00
  0.3266E+00
  0.9900E+00
  0.1000E-01
  0.0000E+00
  0.3246E+00
  0.9900E+00
  0.1000E-01
  0.0000E+00
  0.3224E+00
  0.9900E+00
  0.1000E-01
  0.0000E+00
  0.3202E+00
  0.9900E+00
  0.1000E-01
  0.0000E+00
  0.3179E+00
  0.9900E+00
  0.1000E-01
  0.0000E+00
  0.3156E+00
  0.9900E+00
  0.1000E-01
  0.0000E+00
  0.3131E+00
  0.9900E+00
  0.1000E-01
  0.0000E+00
  0.3105E+00
  0.9900E+00
  0.1000E-01
  0.0000E+00
  0.3077E+00
  0.9900E+00
  0.1000E-01
  0.0000E+00
  0.3049E+00
  0.9900E+00
  0.1000E-01
  0.0000E+00
  0.2833E+00
  0.9900E+00
  0.1000E-01
  0.0000E+00
  0.2555E+00
  0.9900E+00
  0.1000E-01
  0.0000E+00
  0.2305E+00
  0.9900E+00
  0.1000E-01
  0.0000E+00
  0.2134E+00
  0.9900E+00
  0.1000E-01
  0.0000E+00
  0.2097E+00
  0.9900E+00
  0.1000E-01
  0.0000E+00
  0.2057E+00
  0.9900E+00
  0.1000E-01
  0.0000E+00
  0.2016E+00
  0.9900E+00
  0.1000E-01
  0.0000E+00
  0.1971E+00
  0.9900E+00
  0.1000E-01
  0.0000E+00
  0.1923E+00
  0.9900E+00
  0.1000E-01
  0.0000E+00
  0.1872E+00
  0.9900E+00
  0.1000E-01
  0.0000E+00
  0.1817E+00
  0.9900E+00
  0.1000E-01
  0.0000E+00
  0.1758E+00
  0.9900E+00
  0.1000E-01
  0.0000E+00
  0.1694E+00
  0.9900E+00
  0.1000E-01
  0.0000E+00
  0.1625E+00
  0.9900E+00
  0.1000E-01
  0.0000E+00
  0.1548E+00
  0.9900E+00
  0.1000E-01
  0.0000E+00
  0.1464E+00
  0.9900E+00
  0.1000E-01
  0.0000E+00
  0.1369E+00
  0.9900E+00
  0.1000E-01
  0.0000E+00
  0.1260E+00
  0.9900E+00
  0.1000E-01
  0.0000E+00
  0.1135E+00
  0.9900E+00
  0.1000E-01
  0.0000E+00
  0.9858E-01
  0.9900E+00
  0.1000E-01
  0.0000E+00
  0.8042E-01
  0.9900E+00
  0.1000E-01
  0.0000E+00
  0.5781E-01
  0.9900E+00
  0.1000E-01
  0.0000E+00
  0.3510E-01
  0.9900E+00
  0.1000E-01
  0.0000E+00
  0.1612E-01
