 Longwave optical depth [dimless]
  0.4603E+03
  0.7739E+05
  0.1032E+06
  0.1369E+07
  0.4526E+07
  0.2071E+07
  0.1336E+08
  0.2610E+08
  0.1299E+07
  0.1395E+08
  0.4258E+06
  0.2100E+08
  0.3685E+06
  0.1073E+06
  0.1543E+06
  0.4430E+07
  0.9189E+04
  0.8363E+05
  0.1673E+04
  0.2552E+04
  0.4007E+04
  0.4125E+05
  0.3643E+03
  0.3848E+05
  0.5543E+03
  0.7330E+04
  0.1334E+05
  0.6064E+05
  0.2746E+04
  0.1941E+03
  0.1054E+04
  0.5185E+02
  0.1213E+02
  0.5127E+01
  0.1027E+02
  0.1004E+01
  0.1734E+00
  0.1366E+01
  0.2218E+01
  0.5852E+01
  0.4320E+00
  0.6261E+00
  0.1325E+02
  0.3180E+01
  0.5486E+03
  0.1500E+01
  0.1041E+04
  0.5713E+02
  0.9719E+01
  0.1089E+03
  0.1785E+03
  0.2602E+03
  0.4664E+02
  0.3341E+03
  0.1125E+04
  0.5970E+04
  0.7021E+04
  0.7803E+04
  0.3389E+05
  0.1665E+06
  0.1633E+06
  0.9565E+05
  0.5128E+05
  0.1159E+07
  0.1510E+05
  0.7325E+05
  0.9643E+06
  0.7699E+05
  0.2227E+06
  0.3021E+05
  0.1605E+06
  0.1864E+05
  0.2198E+05
  0.1573E+05
  0.2486E+04
  0.1889E+04
  0.1591E+04
  0.7774E+03
  0.2641E+03
  0.2328E+03
  0.9563E+02
  0.1000E+05
  0.1612E+03
  0.4502E+04
  0.1677E+02
  0.8341E+01
  0.3865E+02
  0.1556E+01
  0.1507E+01
  0.3198E+02
  0.1287E+04
  0.4027E+06
  0.2058E+05
  0.6847E+06
  0.2575E+06
  0.6926E+05
  0.1094E+02
  0.3985E-01
  0.1490E+00
  0.2391E+00
  0.9191E+00
  0.2454E+01
  0.1941E+01
  0.2565E+01
  0.2303E+01
  0.5106E+01
  0.4320E+02
  0.7533E+02
  0.2309E+02
  0.1545E+02
  0.1175E+03
  0.1973E+04
  0.5860E+02
  0.2714E+03
  0.3477E+01
  0.2301E+02
  0.6260E+02
  0.5004E+01
  0.7783E+01
  0.3960E+03
  0.1300E+03
  0.3252E+03
  0.8663E+03
  0.6353E+04
  0.2800E+05
  0.2404E+04
  0.4417E+03
  0.7148E+04
  0.1996E+03
  0.3951E+05
  0.5511E+03
  0.1259E+04
  0.3460E+03
  0.1721E+05
  0.3051E+03
  0.2264E+04
  0.1399E+04
  0.3713E+04
  0.3282E+03
  0.6946E+03
  0.2455E+05
  0.3095E+05
  0.3992E+05
  0.1575E+05
  0.4588E+05
  0.2505E+06
  0.8165E+05
  0.1487E+06
  0.9727E+05
  0.2832E+06
  0.1304E+07
  0.1417E+06
  0.9716E+06
  0.1627E+06
  0.4719E+06
  0.1927E+05
  0.6178E+05
  0.9621E+04
  0.6775E+05
  0.4014E+03
  0.1801E+04
  0.4928E+03
  0.1571E+03
  0.2034E+03
  0.1431E+03
  0.4172E+02
  0.1353E+03
  0.1070E+02
  0.3336E+02
  0.3027E+01
  0.1753E+02
  0.1391E+01
  0.1186E+02
  0.1478E+01
  0.2900E+01
  0.2391E+00
  0.6855E-01
  0.3312E+00
  0.1451E+00
  0.5229E-01
  0.1936E+00
  0.7208E+00
  0.4586E+02
  0.7819E+01
  0.8939E+00
  0.2539E+01
  0.5768E+01
  0.7892E+00
  0.1240E+01
  0.1308E+01
  0.1667E+01
  0.4267E+01
  0.1445E+02
  0.1446E+03
  0.7548E+03
  0.2863E+03
  0.2155E+02
  0.2742E+02
  0.4234E+03
  0.1580E+03
  0.5943E+03
  0.6086E+02
  0.4023E+02
  0.5002E+02
  0.9577E+04
  0.9154E+03
  0.8195E+03
  0.6663E+04
  0.3911E+04
  0.7128E+04
  0.1313E+05
  0.3118E+04
  0.7879E+04
  0.3931E+05
  0.7113E+05
  0.1437E+05
  0.4046E+05
  0.9386E+06
  0.2308E+04
  0.1776E+04
  0.1876E+05
  0.4312E+03
  0.1841E+04
  0.1481E+03
  0.3949E+03
  0.1641E+03
  0.2254E+02
  0.2514E+03
  0.4504E+01
  0.5078E+01
  0.3791E+01
  0.1786E+01
  0.2892E+01
  0.1444E+01
  0.3435E+01
  0.2452E+02
  0.1784E+00
  0.9567E-01
  0.2311E+00
  0.4747E+00
  0.1794E+01
  0.1818E+01
  0.1594E+01
  0.1137E+01
  0.1984E+00
  0.1914E+00
  0.2899E+00
  0.2911E+00
  0.2118E+01
  0.9924E+00
  0.1171E+01
  0.1430E+01
  0.8723E+02
  0.3486E+02
  0.2919E+01
  0.1457E+02
  0.1157E+01
  0.1191E+00
  0.7057E+00
  0.5242E+01
  0.6124E+01
  0.2380E+01
  0.4046E+02
  0.4985E+01
  0.9611E+02
  0.1012E+03
  0.2165E+03
  0.1322E+02
  0.1992E+03
  0.7335E+03
  0.9477E+03
  0.6611E+02
  0.5205E+05
  0.1355E+03
  0.3922E+03
  0.4019E+03
  0.3566E+03
  0.2195E+04
  0.3174E+05
  0.8411E+03
  0.1053E+05
  0.1199E+04
  0.2279E+05
  0.2427E+04
  0.3295E+05
  0.1689E+04
  0.1202E+04
  0.8134E+04
  0.2539E+05
  0.1135E+05
  0.1985E+05
  0.1830E+04
  0.8960E+04
  0.1467E+05
  0.3622E+06
  0.1017E+05
  0.5483E+04
  0.2002E+04
  0.2054E+03
  0.3798E+04
  0.4989E+04
  0.1494E+03
  0.2925E+02
  0.2761E+03
  0.5990E+02
  0.4126E+03
  0.1386E+02
  0.2344E+01
  0.3116E+02
  0.2544E+01
  0.7399E+00
  0.2266E+00
  0.1044E+01
  0.2673E+01
  0.1270E+00
  0.1839E+00
  0.7049E+00
  0.1497E+00
  0.1399E+00
  0.2918E+00
  0.7485E-01
  0.5226E-01
  0.7415E+00
  0.7155E-01
  0.3859E+00
  0.3443E+01
  0.3038E+01
  0.7968E+01
  0.2602E+02
  0.8345E+01
  0.1380E+04
  0.6845E+01
  0.4586E+02
  0.2428E+03
  0.1238E+02
  0.2614E+02
  0.8777E+01
  0.5680E+01
  0.1051E+03
  0.1494E+02
  0.1893E+02
  0.1987E+03
  0.4609E+02
  0.1289E+02
  0.4717E+02
  0.4052E+02
  0.2433E+03
  0.2749E+05
  0.3527E+04
  0.7398E+05
  0.3563E+04
  0.1326E+03
  0.1103E+04
  0.1673E+06
  0.1661E+04
  0.7336E+03
  0.1119E+04
  0.2385E+03
  0.1598E+04
  0.8329E+02
  0.5510E+02
  0.1421E+03
  0.2175E+03
  0.2235E+02
  0.1080E+02
  0.6444E+01
  0.2836E+01
  0.8208E+01
  0.5036E+03
  0.4091E+01
  0.1536E+01
  0.2597E+02
  0.3536E+03
  0.1567E+01
  0.1108E+00
  0.1972E+00
  0.4065E-01
  0.2140E+00
  0.1981E-01
  0.2411E-01
  0.3209E-01
  0.1593E+00
  0.1159E+00
  0.1970E-01
  0.4203E-01
  0.2555E-01
  0.5407E-01
  0.8481E-01
  0.3803E-01
  0.1079E+01
  0.1021E+00
  0.1831E+01
  0.1631E+00
  0.3808E+00
  0.8659E+00
  0.1422E+01
  0.8598E+01
  0.1640E+00
  0.4390E+02
  0.2924E+02
  0.4115E+00
  0.6817E+00
  0.1902E+01
  0.2544E+00
  0.5274E+00
  0.2615E+02
  0.4002E+02
  0.3126E+01
  0.2400E+02
  0.7775E+01
  0.3181E+03
  0.8209E+02
  0.6154E+02
  0.3222E+02
  0.8761E+02
  0.7618E+02
  0.1087E+03
  0.1094E+03
  0.5203E+02
  0.8492E+03
  0.1740E+03
  0.8551E+03
  0.7135E+03
  0.8062E+02
  0.1007E+04
  0.1320E+04
  0.2215E+04
  0.3151E+03
  0.5793E+03
  0.3570E+04
  0.3253E+04
  0.7487E+03
  0.1483E+03
  0.3040E+02
  0.4697E+02
  0.1276E+02
  0.1270E+02
  0.5680E+02
  0.1247E+03
  0.1326E+02
  0.1972E+02
  0.6701E+03
  0.1564E+03
  0.5628E+02
  0.6785E+02
  0.9398E+02
  0.8609E+01
  0.3129E+01
  0.1105E+01
  0.1763E+01
  0.1265E+01
  0.2370E+00
  0.6770E-01
  0.2332E+01
  0.1411E+01
  0.7123E-01
  0.9084E+00
  0.3891E-01
  0.4660E-01
  0.4640E-01
  0.4225E-01
  0.3496E-01
  0.4182E-01
  0.1581E+00
  0.3220E-01
  0.4338E+00
  0.2149E+00
  0.2385E+00
  0.2063E+02
  0.4619E+00
  0.1521E+01
  0.3066E+00
  0.2407E+00
  0.5888E+00
  0.1193E+01
  0.1749E+01
  0.3979E+01
  0.1302E+01
  0.2926E+01
  0.4688E+01
  0.9302E+02
  0.2707E+01
  0.5266E+01
  0.1972E+03
  0.3039E+02
  0.1320E+02
  0.4520E+02
  0.4096E+01
  0.7432E+02
  0.4717E+02
  0.1226E+02
  0.2690E+02
  0.1552E+03
  0.2607E+01
  0.7262E+02
  0.4790E+00
  0.4010E+00
  0.3108E+01
  0.3920E+01
  0.1006E+01
  0.2722E+01
  0.4423E+00
  0.2405E+02
  0.2643E+01
  0.1692E+02
  0.8661E+00
  0.6414E+00
  0.3220E+00
  0.4717E+00
  0.7965E-01
  0.2679E+01
  0.6401E-01
  0.4418E-01
  0.5517E-01
  0.2450E+00
  0.4325E-01
  0.4315E-01
  0.4313E-01
  0.6443E-01
  0.4739E-01
  0.4570E-01
  0.4420E-01
  0.4362E-01
  0.4350E-01
  0.4842E-01
  0.4784E-01
  0.4998E-01
  0.6357E-01
  0.6580E-01
  0.3234E+01
  0.6393E-01
  0.5236E-01
  0.1948E+00
  0.7642E+00
  0.1377E+00
  0.9089E-01
  0.1290E+00
  0.1400E+00
  0.3589E+00
  0.8355E+00
  0.8028E+01
  0.1598E+01
  0.4581E+01
  0.4321E+03
  0.1131E+01
  0.1391E+02
  0.2647E+01
  0.3000E+01
  0.5439E+02
  0.1645E+02
  0.1045E+02
  0.1405E+03
  0.1663E+03
  0.1146E+03
  0.3032E+01
  0.2923E+04
  0.1726E+02
  0.2696E+02
  0.4872E+01
  0.2001E+02
  0.3411E+01
  0.2229E+01
  0.3541E+01
  0.6491E+02
  0.3274E+02
  0.1626E+01
  0.5077E+01
  0.1867E+01
  0.1331E+01
  0.4308E+01
  0.2719E+01
  0.8381E+01
  0.5106E+01
  0.5990E+00
  0.1464E+01
  0.2503E+03
  0.4396E+01
  0.6058E+02
  0.3440E+00
  0.2485E+00
  0.1496E+00
  0.8164E-01
  0.3195E+00
  0.1245E+00
  0.3339E+00
  0.2700E+00
  0.1501E+00
  0.7780E-01
  0.1879E+00
  0.4575E+00
  0.7433E-01
  0.7474E-01
  0.2678E+00
  0.7649E-01
  0.9551E-01
  0.7557E-01
  0.7475E-01
  0.7690E-01
  0.2141E+00
  0.2416E+01
  0.3142E+00
  0.1204E+00
  0.1120E+00
  0.9296E+01
  0.1903E+00
  0.1428E+00
  0.2127E+00
  0.3005E+00
  0.1255E+02
  0.8933E+00
  0.8296E+01
  0.1043E+01
  0.1125E+03
  0.2902E+01
  0.1356E+01
  0.5080E+00
  0.4947E+01
  0.2377E+01
  0.1019E+01
  0.6498E+00
  0.6114E+00
  0.2094E+00
  0.3290E+01
  0.1218E+01
  0.4908E+00
  0.1395E+00
  0.9167E+00
  0.2861E+00
  0.3687E+00
  0.2007E+00
  0.1614E+00
  0.2521E+00
  0.3058E+02
  0.7357E+00
  0.1354E+00
  0.4067E+00
  0.2092E+00
  0.1946E+00
  0.3816E+00
  0.1373E+00
  0.1087E+00
  0.1122E+00
  0.9976E-01
  0.1026E+00
  0.1038E+00
  0.1014E+00
  0.1057E+00
  0.1012E+00
  0.1019E+00
  0.1106E+00
  0.1033E+00
  0.1037E+00
  0.1050E+00
  0.1054E+00
  0.1058E+00
  0.1071E+00
  0.1144E+00
  0.1166E+00
  0.1225E+00
  0.1677E+00
  0.6220E+00
  0.1670E+00
  0.1838E+00
  0.1720E+00
  0.2237E+01
  0.3708E+00
  0.1027E+01
  0.4540E+01
  0.6006E+00
  0.2079E+01
  0.3329E+01
  0.3399E+02
  0.3294E+01
  0.2815E+01
  0.9405E+00
  0.6417E+01
  0.1696E+01
  0.2305E+02
  0.2341E+02
  0.1044E+02
  0.2704E+02
  0.6776E+00
  0.3067E+00
  0.4073E+00
  0.3763E+00
  0.2548E+00
  0.1569E+00
  0.1752E+00
  0.2010E+00
  0.5756E+00
  0.1699E+00
  0.1637E+00
  0.4446E+00
  0.7751E+00
  0.1982E+01
  0.2576E+01
  0.1828E+01
  0.2471E+00
  0.4302E+00
  0.4052E+01
  0.8097E+00
  0.7920E+00
  0.7202E+00
  0.1665E+01
  0.6612E+00
  0.2161E+00
  0.1515E+00
  0.5688E+00
  0.1532E+00
  0.1506E+00
  0.1796E+00
  0.1200E+01
  0.2613E+00
  0.1882E+00
  0.1604E+00
  0.1539E+00
  0.1541E+00
  0.1546E+00
  0.1579E+00
  0.1551E+00
  0.1632E+00
  0.1606E+00
  0.1606E+00
  0.1606E+00
  0.2192E+00
  0.1718E+00
  0.2234E+01
  0.2179E+00
  0.8002E+00
  0.2855E+00
  0.2253E+00
  0.9132E+00
  0.3740E+01
  0.3442E+00
  0.6406E+00
  0.3335E+00
  0.6271E+00
  0.1366E+02
  0.1898E+01
  0.1151E+01
  0.2789E+00
  0.1985E+00
  0.2232E+00
  0.4672E+00
  0.2004E+00
  0.1950E+00
  0.3636E+00
  0.3041E+00
  0.1970E+00
  0.4375E+00
  0.1958E+00
  0.5058E+00
  0.1993E+00
  0.4219E+00
  0.2199E+00
  0.2008E+00
  0.4236E+00
  0.3389E+00
  0.1960E+00
  0.2159E+00
  0.2030E+00
  0.2267E+00
  0.6050E+00
  0.2285E+00
  0.2168E+00
  0.1984E+00
  0.2007E+00
  0.2108E+00
  0.2010E+00
  0.2024E+00
  0.2035E+00
  0.2112E+00
  0.2113E+00
  0.2112E+00
  0.2089E+00
  0.2173E+00
  0.2449E+00
  0.2193E+00
  0.4008E+00
  0.2216E+00
  0.2260E+00
  0.2352E+00
  0.2399E+01
  0.2922E+00
  0.3155E+00
  0.1969E+01
  0.5343E+00
  0.3964E+01
  0.6460E+00
  0.7557E+00
  0.7563E+00
  0.6355E+00
  0.6371E+00
  0.1386E+01
  0.7633E+00
  0.3178E+00
  0.3234E+00
  0.4005E+00
  0.1137E+01
  0.3965E+00
  0.4005E+00
  0.2604E+00
  0.2472E+00
  0.2409E+00
  0.2416E+00
  0.2514E+00
  0.2456E+00
  0.2582E+00
  0.2517E+00
  0.2547E+00
  0.3538E+00
  0.2658E+00
  0.3259E+00
  0.2608E+00
  0.3147E+00
  0.2679E+00
  0.2652E+00
  0.3215E+00
  0.3457E+00
  0.3436E+00
  0.6350E+00
  0.2844E+00
  0.2900E+00
  0.4114E+00
  0.3958E+00
  0.3001E+00
  0.3910E+00
  0.2718E+00
  0.2792E+00
  0.2743E+00
  0.2759E+00
  0.2784E+00
  0.2790E+00
  0.2779E+00
  0.2810E+00
  0.2832E+00
  0.2835E+00
  0.2855E+00
  0.3122E+00
  0.2919E+00
  0.2938E+00
  0.2940E+00
  0.3104E+00
  0.4498E+00
  0.3338E+00
  0.3256E+00
  0.3615E+00
  0.3018E+00
  0.3685E+00
  0.3429E+00
  0.6144E+00
  0.7092E+00
  0.3380E+00
  0.3966E+00
  0.3280E+00
  0.3142E+00
  0.3226E+00
  0.5807E+00
  0.7816E+00
  0.3141E+00
  0.3182E+00
  0.3181E+00
  0.3196E+00
  0.3202E+00
  0.3220E+00
  0.3231E+00
  0.3243E+00
  0.3297E+00
  0.3449E+00
  0.3295E+00
  0.3313E+00
  0.3339E+00
  0.3355E+00
  0.3363E+00
  0.3413E+00
  0.3551E+00
  0.3459E+00
  0.3659E+00
  0.3481E+00
  0.4699E+00
  0.4796E+00
  0.3539E+00
  0.3572E+00
  0.5974E+00
  0.3681E+00
  0.3560E+00
  0.3582E+00
  0.3585E+00
  0.3619E+00
  0.3798E+00
  0.3638E+00
  0.3682E+00
  0.3709E+00
  0.3731E+00
  0.4047E+00
  0.3988E+00
  0.4415E+00
  0.4713E+00
  0.8778E+00
  0.4244E+00
  0.2299E+01
  0.4009E+00
  0.4431E+00
  0.2399E+01
  0.4622E+00
  0.1811E+01
  0.4205E+00
  0.4116E+00
  0.3988E+00
  0.4041E+00
  0.5032E+00
  0.4025E+00
  0.4076E+00
  0.6442E+00
  0.4026E+00
  0.4046E+00
  0.4100E+00
  0.4077E+00
  0.4096E+00
  0.4114E+00
  0.4131E+00
  0.4162E+00
  0.4167E+00
  0.4187E+00
  0.4208E+00
  0.4226E+00
  0.4253E+00
  0.4277E+00
  0.4599E+00
  0.4304E+00
  0.4331E+00
  0.4474E+00
  0.4893E+00
  0.4407E+00
  0.4410E+00
  0.4647E+00
  0.4488E+00
  0.4578E+00
  0.4603E+00
  0.4626E+00
  0.4515E+00
  0.4701E+00
  0.4542E+00
  0.4567E+00
  0.4609E+00
  0.4665E+00
  0.4636E+00
  0.4639E+00
  0.4715E+00
  0.4697E+00
  0.4712E+00
  0.4777E+00
  0.4889E+00
  0.4920E+00
  0.5230E+00
  0.6456E+00
  0.4944E+00
  0.5192E+00
  0.5131E+00
  0.5400E+00
  0.5030E+00
  0.5132E+00
  0.5137E+00
  0.5011E+00
  0.5311E+00
  0.5020E+00
  0.5175E+00
  0.5165E+00
  0.5094E+00
  0.5091E+00
  0.5114E+00
  0.5131E+00
  0.5547E+00
  0.5178E+00
  0.5203E+00
  0.5271E+00
  0.5233E+00
  0.5259E+00
  0.5276E+00
  0.5296E+00
  0.5318E+00
  0.5340E+00
  0.5363E+00
  0.5384E+00
  0.5407E+00
  0.5429E+00
  0.5451E+00
  0.5522E+00
  0.5499E+00
  0.5619E+00
  0.5562E+00
  0.5589E+00
  0.5614E+00
  0.5657E+00
  0.5854E+00
  0.5966E+00
  0.7843E+00
  0.6143E+00
  0.7410E+00
  0.6119E+00
  0.6009E+00
  0.6074E+00
  0.2373E+01
  0.6058E+00
  0.6072E+00
  0.5939E+00
  0.1173E+01
  0.6034E+00
  0.7011E+00
  0.6003E+00
  0.6018E+00
  0.6053E+00
  0.6113E+00
  0.6091E+00
  0.6100E+00
  0.6124E+00
  0.6186E+00
  0.6172E+00
  0.6197E+00
  0.6218E+00
  0.6243E+00
  0.6275E+00
  0.6325E+00
  0.6316E+00
  0.6340E+00
  0.6365E+00
  0.6438E+00
  0.6415E+00
  0.6439E+00
  0.6464E+00
  0.6491E+00
  0.6515E+00
  0.6542E+00
  0.6565E+00
  0.6594E+00
  0.6781E+00
  0.6642E+00
  0.6769E+00
  0.6696E+00
  0.6732E+00
  0.6748E+00
  0.7180E+00
  0.6802E+00
  0.6854E+00
  0.6874E+00
  0.6927E+00
  0.7033E+00
  0.6955E+00
  0.6979E+00
  0.6990E+00
  0.7045E+00
  0.7042E+00
  0.7064E+00
  0.7135E+00
  0.7122E+00
  0.8100E+00
  0.7181E+00
  0.2164E+01
  0.7235E+00
  0.7266E+00
  0.7293E+00
  0.7354E+00
  0.7685E+00
  0.7414E+00
  0.7393E+00
  0.7547E+00
  0.7467E+00
  0.7494E+00
  0.7769E+00
  0.7538E+00
  0.7565E+00
  0.7610E+00
  0.7627E+00
  0.7645E+00
  0.7677E+00
  0.7843E+00
  0.7747E+00
  0.7764E+00
  0.7798E+00
  0.7859E+00
  0.7897E+00
  0.7876E+00
  0.7931E+00
  0.7935E+00
  0.7961E+00
  0.7992E+00
  0.8103E+00
  0.8053E+00
  0.8099E+00
  0.8400E+00
  0.8147E+00
  0.8195E+00
  0.8308E+00
  0.8277E+00
  0.8284E+00
  0.8323E+00
  0.8396E+00
  0.8893E+00
  0.9342E+00
  0.9603E+00
  0.8511E+00
  0.8589E+00
  0.1038E+01
  0.9234E+00
  0.9166E+00
  0.8712E+00
  0.8820E+00
  0.8801E+00
  0.8698E+00
  0.8739E+00
  0.8795E+00
  0.8812E+00
  0.8818E+00
  0.8850E+00
  0.8879E+00
  0.8911E+00
  0.8948E+00
  0.8978E+00
  0.9019E+00
  0.9043E+00
  0.9074E+00
  0.9106E+00
  0.9141E+00
  0.9178E+00
  0.9218E+00
  0.9289E+00
  0.9320E+00
  0.9330E+00
  0.9336E+00
  0.9373E+00
  0.9401E+00
  0.9435E+00
  0.9469E+00
  0.9501E+00
  0.9534E+00
  0.9570E+00
  0.9606E+00
  0.9651E+00
  0.9670E+00
  0.9706E+00
  0.9739E+00
  0.9784E+00
  0.1020E+01
  0.9886E+00
  0.9885E+00
  0.9978E+00
  0.9959E+00
  0.1007E+01
  0.1005E+01
  0.1019E+01
  0.1046E+01
  0.1014E+01
  0.1018E+01
  0.1020E+01
  0.1024E+01
  0.1066E+01
  0.1134E+01
  0.1123E+01
  0.1042E+01
  0.1051E+01
  0.1045E+01
  0.1051E+01
  0.1052E+01
  0.1055E+01
  0.1058E+01
  0.1062E+01
  0.1067E+01
  0.1069E+01
  0.1073E+01
  0.1077E+01
  0.1082E+01
  0.1087E+01
  0.1088E+01
  0.1092E+01
  0.1096E+01
  0.1099E+01
  0.1103E+01
  0.1134E+01
  0.1110E+01
  0.1120E+01
  0.1118E+01
  0.1155E+01
  0.1128E+01
  0.1131E+01
  0.1136E+01
  0.1161E+01
  0.1152E+01
  0.1322E+01
  0.1156E+01
  0.1155E+01
  0.1159E+01
  0.1163E+01
  0.1292E+01
  0.1182E+01
  0.1173E+01
  0.1179E+01
  0.1181E+01
  0.1189E+01
  0.1194E+01
  0.1198E+01
  0.1198E+01
  0.1204E+01
  0.1204E+01
  0.1210E+01
  0.1221E+01
  0.1219E+01
  0.1221E+01
  0.1224E+01
  0.1229E+01
  0.1232E+01
  0.1236E+01
  0.1244E+01
  0.1246E+01
  0.1248E+01
  0.1252E+01
  0.1256E+01
  0.1261E+01
  0.1265E+01
  0.1269E+01
  0.1274E+01
  0.1277E+01
  0.1292E+01
  0.1286E+01
  0.1290E+01
  0.1295E+01
  0.1298E+01
  0.1303E+01
  0.1307E+01
  0.1311E+01
  0.1317E+01
  0.1320E+01
  0.1324E+01
  0.1329E+01
  0.1334E+01
  0.1337E+01
  0.1344E+01
  0.1346E+01
  0.1355E+01
  0.1377E+01
  0.1360E+01
  0.1369E+01
  0.1372E+01
  0.1375E+01
  0.1385E+01
  0.1383E+01
  0.1387E+01
  0.1435E+01
  0.1395E+01
  0.1400E+01
  0.1460E+01
  0.1408E+01
  0.1413E+01
  0.1417E+01
  0.1421E+01
  0.1426E+01
  0.1431E+01
  0.1435E+01
  0.1440E+01
  0.1444E+01
  0.1448E+01
  0.1454E+01
  0.1458E+01
  0.1463E+01
  0.1467E+01
  0.1472E+01
  0.1477E+01
  0.1481E+01
  0.1487E+01
  0.1491E+01
  0.1498E+01
  0.1517E+01
  0.1628E+01
  0.1511E+01
  0.1515E+01
  0.1522E+01
  0.1527E+01
  0.1531E+01
  0.2164E+01
  0.1543E+01
  0.1550E+01
  0.1548E+01
  0.1555E+01
  0.1564E+01
  0.1564E+01
  0.1567E+01
  0.1572E+01
  0.1577E+01
  0.1587E+01
  0.1588E+01
  0.1592E+01
  0.1597E+01
  0.1602E+01
  0.1607E+01
  0.1611E+01
  0.1617E+01
  0.1624E+01
  0.1626E+01
  0.1632E+01
  0.1637E+01
  0.1642E+01
  0.1647E+01
  0.1652E+01
  0.1658E+01
  0.1663E+01
  0.1667E+01
  0.1672E+01
  0.1677E+01
  0.1682E+01
  0.1688E+01
  0.1693E+01
  0.1698E+01
  0.1703E+01
  0.1708E+01
  0.1714E+01
  0.1719E+01
  0.1724E+01
  0.1730E+01
  0.1735E+01
  0.1740E+01
  0.1748E+01
  0.1750E+01
  0.1758E+01
  0.1763E+01
  0.1768E+01
  0.1800E+01
  0.1779E+01
  0.1783E+01
  0.1789E+01
  0.1794E+01
  0.1799E+01
  0.1807E+01
  0.1809E+01
  0.1816E+01
  0.1821E+01
  0.1829E+01
  0.1832E+01
  0.1839E+01
  0.1843E+01
  0.1848E+01
  0.1854E+01
  0.1861E+01
  0.1865E+01
  0.1870E+01
  0.1876E+01
  0.1881E+01
  0.1888E+01
  0.1892E+01
  0.1898E+01
  0.1905E+01
  0.1911E+01
  0.1916E+01
  0.2008E+01
  0.1929E+01
  0.2140E+01
  0.1941E+01
  0.1958E+01
  0.1951E+01
  0.1959E+01
  0.1961E+01
  0.1973E+01
  0.1972E+01
  0.1978E+01
  0.1984E+01
  0.1990E+01
  0.1996E+01
  0.2003E+01
  0.2008E+01
  0.2013E+01
  0.2019E+01
  0.2026E+01
  0.2031E+01
  0.2037E+01
  0.2044E+01
  0.2050E+01
  0.2055E+01
  0.2067E+01
  0.2067E+01
  0.2073E+01
  0.2079E+01
  0.2086E+01
  0.2092E+01
  0.2097E+01
  0.2104E+01
  0.2119E+01
  0.2116E+01
  0.2121E+01
  0.2128E+01
  0.2134E+01
  0.2140E+01
  0.2146E+01
  0.2153E+01
  0.2158E+01
  0.2165E+01
  0.2171E+01
  0.2178E+01
  0.2183E+01
  0.2190E+01
  0.2205E+01
  0.2202E+01
  0.2220E+01
  0.2215E+01
  0.2222E+01
  0.2233E+01
  0.2235E+01
  0.2241E+01
  0.2247E+01
  0.2253E+01
  0.2260E+01
  0.2269E+01
  0.2273E+01
  0.2279E+01
  0.2285E+01
  0.2292E+01
  0.2299E+01
  0.2306E+01
  0.2311E+01
  0.2323E+01
  0.2327E+01
  0.2334E+01
  0.2338E+01
  0.2348E+01
  0.2353E+01
  0.2359E+01
  0.2373E+01
  0.2372E+01
  0.2378E+01
  0.2384E+01
  0.2391E+01
  0.2398E+01
  0.2404E+01
  0.2411E+01
  0.2419E+01
  0.2425E+01
  0.2431E+01
  0.2438E+01
  0.2445E+01
  0.2452E+01
  0.2458E+01
  0.2465E+01
  0.2472E+01
  0.2479E+01
  0.2486E+01
  0.2493E+01
  0.2501E+01
  0.2509E+01
  0.2514E+01
  0.2521E+01
  0.2528E+01
  0.2535E+01
  0.2541E+01
  0.2549E+01
  0.2556E+01
  0.2563E+01
  0.2570E+01
  0.2577E+01
  0.2584E+01
  0.2591E+01
  0.2598E+01
  0.2605E+01
  0.2613E+01
  0.2620E+01
  0.2627E+01
  0.2637E+01
  0.2642E+01
  0.2650E+01
  0.2656E+01
  0.2665E+01
  0.2671E+01
  0.2678E+01
  0.2687E+01
  0.2692E+01
  0.2699E+01
  0.2710E+01
  0.2714E+01
  0.2722E+01
  0.2729E+01
  0.2739E+01
  0.2744E+01
  0.2751E+01
  0.2759E+01
  0.2766E+01
  0.2774E+01
  0.2781E+01
  0.2789E+01
  0.2797E+01
  0.2804E+01
  0.2811E+01
  0.2819E+01
  0.2826E+01
  0.2834E+01
  0.2843E+01
  0.2849E+01
  0.2857E+01
  0.2865E+01
  0.2873E+01
  0.2880E+01
  0.2888E+01
  0.2896E+01
  0.2903E+01
  0.2911E+01
  0.2919E+01
  0.2927E+01
  0.2934E+01
  0.2942E+01
  0.2950E+01
  0.2958E+01
  0.2966E+01
  0.2975E+01
  0.2981E+01
  0.2993E+01
  0.2999E+01
  0.3009E+01
  0.3014E+01
  0.3021E+01
  0.3029E+01
  0.3037E+01
  0.3045E+01
  0.3053E+01
  0.3061E+01
  0.3069E+01
  0.3078E+01
  0.3086E+01
  0.3094E+01
  0.3102E+01
  0.3110E+01
  0.3118E+01
  0.3127E+01
  0.3134E+01
  0.3144E+01
  0.3151E+01
  0.3161E+01
  0.3168E+01
  0.3176E+01
  0.3184E+01
  0.3193E+01
  0.3201E+01
  0.3209E+01
  0.3219E+01
  0.3226E+01
  0.3235E+01
  0.3243E+01
  0.3253E+01
  0.3260E+01
  0.3269E+01
  0.3278E+01
  0.3285E+01
  0.3293E+01
  0.3302E+01
  0.3311E+01
  0.3319E+01
  0.3328E+01
  0.3336E+01
  0.3345E+01
  0.3354E+01
  0.3362E+01
  0.3371E+01
  0.3379E+01
  0.3389E+01
  0.3397E+01
  0.3406E+01
  0.3414E+01
  0.3423E+01
  0.3432E+01
  0.3441E+01
  0.3451E+01
  0.3458E+01
  0.3467E+01
  0.3478E+01
  0.3486E+01
  0.3496E+01
  0.3503E+01
  0.3512E+01
  0.3521E+01
  0.3530E+01
  0.3539E+01
  0.3548E+01
  0.3562E+01
  0.3569E+01
  0.3575E+01
  0.3584E+01
  0.3593E+01
  0.3604E+01
  0.3611E+01
  0.3620E+01
  0.3629E+01
  0.3639E+01
  0.3648E+01
  0.3657E+01
  0.3666E+01
  0.3676E+01
  0.3685E+01
  0.3694E+01
  0.3703E+01
  0.3713E+01
  0.3722E+01
  0.3732E+01
  0.3741E+01
  0.3750E+01
  0.3759E+01
  0.3769E+01
  0.3778E+01
  0.3788E+01
  0.3797E+01
  0.3807E+01
  0.3816E+01
  0.3826E+01
  0.3835E+01
  0.3845E+01
  0.3854E+01
  0.3864E+01
  0.3874E+01
  0.3883E+01
  0.3893E+01
  0.3902E+01
  0.3912E+01
  0.3922E+01
  0.3932E+01
  0.3941E+01
  0.3951E+01
  0.3961E+01
  0.3971E+01
  0.3980E+01
  0.3990E+01
  0.4000E+01
  0.4010E+01
  0.4020E+01
  0.4030E+01
  0.4040E+01
  0.4052E+01
  0.4060E+01
  0.4070E+01
  0.4080E+01
  0.4090E+01
  0.4100E+01
  0.4110E+01
  0.4120E+01
  0.4131E+01
  0.4140E+01
  0.4150E+01
  0.4160E+01
  0.4172E+01
  0.4181E+01
  0.4191E+01
  0.4201E+01
  0.4211E+01
  0.4221E+01
  0.4232E+01
  0.4242E+01
  0.4252E+01
  0.4263E+01
  0.4273E+01
  0.4283E+01
  0.4294E+01
  0.4304E+01
  0.4315E+01
  0.4326E+01
  0.4336E+01
  0.4346E+01
  0.4356E+01
  0.4367E+01
  0.4378E+01
  0.4388E+01
  0.4399E+01
  0.4410E+01
  0.4420E+01
  0.4431E+01
  0.4441E+01
  0.4452E+01
  0.4463E+01
  0.4473E+01
  0.4484E+01
  0.4496E+01
  0.4506E+01
  0.4516E+01
  0.4527E+01
  0.4538E+01
  0.4549E+01
  0.4560E+01
  0.4571E+01
  0.4584E+01
  0.4592E+01
  0.4603E+01
  0.4614E+01
  0.4625E+01
  0.4636E+01
  0.4647E+01
  0.4658E+01
  0.4669E+01
  0.4680E+01
  0.4692E+01
  0.4703E+01
  0.4714E+01
  0.4725E+01
  0.4736E+01
  0.4747E+01
  0.4759E+01
  0.4770E+01
  0.4781E+01
  0.4792E+01
  0.4804E+01
  0.4815E+01
  0.4826E+01
  0.4838E+01
  0.4849E+01
  0.4860E+01
  0.4872E+01
  0.4883E+01
  0.4895E+01
  0.4906E+01
  0.4918E+01
  0.4929E+01
  0.4941E+01
  0.4952E+01
  0.4964E+01
  0.4976E+01
  0.4987E+01
  0.4999E+01
  0.5010E+01
  0.5022E+01
  0.5034E+01
  0.5046E+01
  0.5057E+01
  0.5069E+01
  0.5081E+01
  0.5093E+01
  0.5104E+01
  0.5116E+01
  0.5128E+01
  0.5140E+01
  0.5152E+01
  0.5164E+01
  0.5176E+01
  0.5188E+01
  0.5200E+01
  0.5212E+01
  0.5224E+01
  0.5236E+01
  0.5248E+01
  0.5260E+01
  0.5272E+01
  0.5284E+01
  0.5297E+01
  0.5309E+01
  0.5321E+01
  0.5333E+01
  0.5345E+01
  0.5358E+01
  0.5370E+01
  0.5382E+01
  0.5395E+01
  0.5407E+01
  0.5419E+01
  0.5432E+01
  0.5444E+01
  0.5456E+01
  0.5469E+01
  0.5481E+01
  0.5494E+01
  0.5506E+01
  0.5519E+01
  0.5532E+01
  0.5544E+01
  0.5557E+01
  0.5569E+01
  0.5582E+01
  0.5595E+01
  0.5607E+01
  0.5620E+01
  0.5633E+01
  0.5646E+01
  0.5658E+01
  0.5671E+01
  0.5684E+01
  0.5697E+01
  0.5710E+01
  0.5723E+01
  0.5735E+01
  0.5748E+01
  0.5761E+01
  0.5774E+01
  0.5787E+01
  0.5800E+01
  0.5813E+01
  0.5826E+01
  0.5839E+01
  0.5853E+01
  0.5866E+01
  0.5879E+01
  0.5892E+01
  0.5905E+01
  0.5918E+01
  0.5932E+01
  0.5945E+01
  0.5958E+01
  0.5972E+01
  0.5985E+01
  0.5998E+01
  0.6012E+01
  0.6025E+01
  0.6038E+01
  0.6052E+01
  0.6065E+01
  0.6079E+01
  0.6092E+01
  0.6106E+01
  0.6119E+01
  0.6133E+01
  0.6146E+01
  0.6160E+01
  0.6174E+01
  0.6187E+01
  0.6201E+01
  0.6215E+01
  0.6229E+01
  0.6242E+01
  0.6256E+01
  0.6270E+01
  0.6284E+01
  0.6298E+01
  0.6311E+01
  0.6325E+01
  0.6339E+01
  0.6353E+01
  0.6367E+01
  0.6381E+01
  0.6395E+01
  0.6409E+01
  0.6423E+01
  0.6437E+01
  0.6451E+01
  0.6465E+01
  0.6480E+01
  0.6494E+01
  0.6508E+01
  0.6522E+01
  0.6536E+01
  0.6551E+01
  0.6565E+01
  0.6579E+01
  0.6594E+01
  0.6608E+01
  0.6622E+01
  0.6637E+01
  0.6651E+01
  0.6666E+01
  0.6680E+01
  0.6695E+01
  0.6709E+01
  0.6724E+01
  0.6738E+01
  0.6753E+01
  0.6767E+01
  0.6782E+01
  0.6797E+01
  0.6811E+01
  0.6826E+01
  0.6841E+01
  0.6856E+01
  0.6870E+01
  0.6885E+01
  0.6900E+01
  0.6915E+01
  0.6930E+01
  0.6945E+01
  0.6959E+01
  0.6974E+01
  0.6989E+01
  0.7004E+01
  0.7019E+01
  0.7034E+01
  0.7050E+01
  0.7065E+01
  0.7080E+01
  0.7095E+01
  0.7110E+01
  0.7125E+01
  0.7140E+01
  0.7156E+01
  0.7171E+01
  0.7186E+01
  0.7202E+01
  0.7217E+01
  0.7232E+01
  0.7248E+01
  0.7263E+01
  0.7278E+01
  0.7294E+01
  0.7309E+01
  0.7325E+01
  0.7340E+01
  0.7356E+01
  0.7372E+01
  0.7387E+01
  0.7403E+01
  0.7418E+01
  0.7434E+01
  0.7450E+01
  0.7466E+01
  0.7481E+01
  0.7497E+01
  0.7513E+01
  0.7529E+01
  0.7545E+01
  0.7560E+01
  0.7576E+01
  0.7592E+01
  0.7608E+01
  0.7624E+01
  0.7640E+01
  0.7656E+01
  0.7672E+01
  0.7688E+01
  0.7704E+01
  0.7721E+01
  0.7737E+01
  0.7753E+01
  0.7769E+01
  0.7785E+01
  0.7802E+01
  0.7818E+01
  0.7834E+01
  0.7851E+01
  0.7867E+01
  0.7883E+01
  0.7900E+01
  0.7916E+01
  0.7933E+01
  0.7949E+01
  0.7966E+01
  0.7982E+01
  0.7999E+01
  0.8015E+01
  0.8032E+01
  0.8049E+01
  0.8065E+01
  0.8082E+01
  0.8099E+01
  0.8115E+01
  0.8132E+01
  0.8149E+01
  0.8166E+01
  0.8183E+01
  0.8200E+01
  0.8216E+01
  0.8233E+01
  0.8250E+01
  0.8267E+01
  0.8284E+01
  0.8301E+01
  0.8318E+01
  0.8335E+01
  0.8353E+01
  0.8370E+01
  0.8387E+01
  0.8404E+01
  0.8421E+01
  0.8439E+01
  0.8456E+01
  0.8473E+01
  0.8490E+01
  0.8508E+01
  0.8525E+01
  0.8543E+01
  0.8560E+01
  0.8577E+01
  0.8595E+01
  0.8612E+01
  0.8630E+01
  0.8648E+01
  0.8665E+01
  0.8683E+01
  0.8700E+01
  0.8718E+01
  0.8736E+01
  0.8753E+01
  0.8771E+01
  0.8789E+01
  0.8807E+01
  0.8825E+01
  0.8842E+01
  0.8860E+01
  0.8878E+01
  0.8896E+01
  0.8914E+01
  0.8932E+01
  0.8950E+01
  0.8968E+01
  0.8986E+01
  0.9004E+01
  0.9023E+01
  0.9041E+01
  0.9059E+01
  0.9077E+01
  0.9095E+01
  0.9114E+01
  0.9132E+01
  0.9150E+01
  0.9169E+01
  0.9187E+01
  0.9205E+01
