 Species molar concentration at each layer [mol/mol]
  0.9000E+00
  0.1000E+00
  0.0000E+00
  0.1179E-05
  0.9000E+00
  0.1000E+00
  0.0000E+00
  0.5647E-06
  0.9000E+00
  0.1000E+00
  0.0000E+00
  0.2710E-06
  0.9000E+00
  0.1000E+00
  0.0000E+00
  0.1304E-06
  0.9000E+00
  0.1000E+00
  0.0000E+00
  0.6293E-07
  0.9000E+00
  0.1000E+00
  0.0000E+00
  0.3384E-07
  0.9000E+00
  0.1000E+00
  0.0000E+00
  0.2386E-07
  0.9000E+00
  0.1000E+00
  0.0000E+00
  0.1818E-07
  0.9000E+00
  0.1000E+00
  0.0000E+00
  0.1498E-07
  0.9000E+00
  0.1000E+00
  0.0000E+00
  0.1321E-07
  0.9000E+00
  0.1000E+00
  0.0000E+00
  0.1198E-07
  0.9000E+00
  0.1000E+00
  0.0000E+00
  0.1174E-07
  0.9000E+00
  0.1000E+00
  0.0000E+00
  0.1174E-07
  0.9000E+00
  0.1000E+00
  0.0000E+00
  0.1174E-07
  0.9000E+00
  0.1000E+00
  0.0000E+00
  0.1174E-07
  0.9000E+00
  0.1000E+00
  0.0000E+00
  0.1174E-07
  0.9000E+00
  0.1000E+00
  0.0000E+00
  0.1174E-07
  0.9000E+00
  0.1000E+00
  0.0000E+00
  0.1174E-07
  0.9000E+00
  0.1000E+00
  0.0000E+00
  0.1174E-07
  0.9000E+00
  0.1000E+00
  0.0000E+00
  0.1174E-07
  0.9000E+00
  0.1000E+00
  0.0000E+00
  0.1174E-07
  0.9000E+00
  0.1000E+00
  0.0000E+00
  0.1174E-07
  0.9000E+00
  0.1000E+00
  0.0000E+00
  0.1174E-07
  0.9000E+00
  0.1000E+00
  0.0000E+00
  0.1174E-07
  0.9000E+00
  0.1000E+00
  0.0000E+00
  0.1174E-07
  0.9000E+00
  0.1000E+00
  0.0000E+00
  0.1174E-07
  0.9000E+00
  0.1000E+00
  0.0000E+00
  0.1174E-07
  0.9000E+00
  0.1000E+00
  0.0000E+00
  0.1174E-07
  0.9000E+00
  0.1000E+00
  0.0000E+00
  0.1174E-07
  0.9000E+00
  0.1000E+00
  0.0000E+00
  0.1174E-07
  0.9000E+00
  0.1000E+00
  0.0000E+00
  0.1174E-07
  0.9000E+00
  0.1000E+00
  0.0000E+00
  0.1174E-07
  0.9000E+00
  0.1000E+00
  0.0000E+00
  0.1174E-07
  0.9000E+00
  0.1000E+00
  0.0000E+00
  0.1174E-07
  0.9000E+00
  0.1000E+00
  0.0000E+00
  0.1174E-07
  0.9000E+00
  0.1000E+00
  0.0000E+00
  0.1174E-07
  0.9000E+00
  0.1000E+00
  0.0000E+00
  0.1174E-07
  0.9000E+00
  0.1000E+00
  0.0000E+00
  0.1174E-07
  0.9000E+00
  0.1000E+00
  0.0000E+00
  0.1174E-07
  0.9000E+00
  0.1000E+00
  0.0000E+00
  0.1174E-07
  0.9000E+00
  0.1000E+00
  0.0000E+00
  0.1174E-07
  0.9000E+00
  0.1000E+00
  0.0000E+00
  0.1174E-07
  0.9000E+00
  0.1000E+00
  0.0000E+00
  0.1174E-07
  0.9000E+00
  0.1000E+00
  0.0000E+00
  0.1174E-07
  0.9000E+00
  0.1000E+00
  0.0000E+00
  0.1174E-07
  0.9000E+00
  0.1000E+00
  0.0000E+00
  0.1174E-07
  0.9000E+00
  0.1000E+00
  0.0000E+00
  0.1174E-07
  0.9000E+00
  0.1000E+00
  0.0000E+00
  0.1174E-07
  0.9000E+00
  0.1000E+00
  0.0000E+00
  0.1174E-07
  0.9000E+00
  0.1000E+00
  0.0000E+00
  0.1174E-07
