 Adiabat temperature at each layer [K]
    198.9493
    193.5375
    188.4440
    183.6457
    179.1189
    174.8392
    170.7825
    166.9249
    163.2435
    159.7162
    156.3222
    153.0422
    149.9980
    149.9980
    149.9980
    149.9980
    149.9980
    149.9980
    149.9980
    149.9980
    149.9980
    149.9980
    149.9980
    149.9980
    149.9980
    149.9980
    149.9980
    149.9980
    149.9980
    149.9980
    149.9980
    149.9980
    149.9980
    149.9980
    149.9980
    149.9980
    149.9980
    149.9980
    149.9980
    149.9980
    149.9980
    149.9980
    149.9980
    149.9980
    149.9980
    149.9980
    149.9980
    149.9980
    149.9980
    149.9980
