 Shortwave heating rate [K/s]
  0.1441E-04
  0.1886E-04
  0.2339E-04
  0.2796E-04
  0.3235E-04
  0.3495E-04
  0.3588E-04
  0.3549E-04
  0.3492E-04
  0.3458E-04
  0.3500E-04
  0.3581E-04
  0.3722E-04
  0.3910E-04
  0.4133E-04
  0.4395E-04
  0.4693E-04
  0.5030E-04
  0.5410E-04
  0.5842E-04
  0.6345E-04
  0.6935E-04
  0.7625E-04
  0.8409E-04
  0.9272E-04
  0.1019E-03
  0.1116E-03
  0.1215E-03
  0.1317E-03
  0.1420E-03
  0.1524E-03
  0.1639E-03
  0.1786E-03
  0.2007E-03
  0.2352E-03
  0.2857E-03
  0.3512E-03
  0.4228E-03
  0.4928E-03
  0.5687E-03
  0.6664E-03
  0.7826E-03
  0.9641E-03
  0.1410E-02
  0.2311E-02
  0.2880E-02
  0.5983E-02
  0.1562E-01
  0.2736E-01
  0.6764E-01
