 tauray
                          0.2522396417457974E-16
                          0.1154805179666012E-10
                          0.1709667898540810E-09
                          0.8431227351952257E-09
                          0.2629811633574664E-08
                          0.6369758480702536E-08
                          0.1313861752224456E-07
                          0.2424897225382202E-07
                          0.4125033542101176E-07
                          0.6592914901934617E-07
                          0.1003087842943133E-06
                          0.1466495417413569E-06
                          0.2074486511058758E-06
                          0.2854402713832247E-06
                          0.3835954908187140E-06
                          0.5051223269076097E-06
                          0.6534657263951331E-06
                          0.8323075652764613E-06
                          0.1045566648796727E-05
                          0.1297398711451018E-05
                          0.1592196416984378E-05
                          0.1934589358391806E-05
                          0.2329444057918258E-05
                          0.2781863967058641E-05
                          0.3297189466557827E-05
                          0.3880997866410633E-05
                          0.4539103405861840E-05
                          0.5277557253406173E-05
                          0.6102647506788332E-05
                          0.7020899193002946E-05
                          0.8039074268294628E-05
                          0.9164171618157928E-05
                          0.1040342705733736E-04
                          0.1176431332982737E-04
                          0.1325454010887241E-04
                          0.1488205399696684E-04
                          0.1665503852585499E-04
                          0.1858191415653116E-04
                          0.2067133827923961E-04
                          0.2293220521347449E-04
                          0.2537364620797999E-04
                          0.2800502944075022E-04
                          0.3083596001902925E-04
                          0.3387627997931108E-04
                          0.3713606828733969E-04
                          0.4062564083810902E-04
                          0.4435555045586300E-04
                          0.4833658689409539E-04
                          0.5257977683555006E-04
                          0.5709638389222072E-04
                          0.6189790860535113E-04
                          0.6699608844543492E-04
                          0.7240289781221567E-04
                          0.7813054803468713E-04
                          0.8419148737109257E-04
                          0.9059840100892568E-04
                          0.9736421106492985E-04
                          0.1045020765850985E-03
                          0.1120253935446749E-03
                          0.1199477948481524E-03
                          0.1282831503292744E-03
                          0.1370455667510339E-03
                          0.1462493878056741E-03
                          0.1559091941146884E-03
                          0.1660398032288198E-03
                          0.1766562696280610E-03
                          0.1877738847216554E-03
                          0.1994081768480957E-03
                          0.2115749112751249E-03
                          0.2242900901997360E-03
                          0.2375699527481716E-03
                          0.2514309749759249E-03
                          0.2658898698677380E-03
                          0.2809635873376039E-03
                          0.2966693142287655E-03
                          0.3130244743137149E-03
                          0.3300467282941951E-03
                          0.3477539738011983E-03
                          0.3661643453949668E-03
                          0.3852962145649940E-03
                          0.4051681897300210E-03
                          0.4257991162380409E-03
                          0.4472080763662962E-03
                          0.4694143893212784E-03
                          0.4924376112387306E-03
                          0.5162975351836441E-03
                          0.5410141911502612E-03
                          0.5666078460620744E-03
                          0.5930990037718251E-03
                          0.6205084050615058E-03
                          0.6488570276423583E-03
                          0.6781660861548746E-03
                          0.7084570321687961E-03
                          0.7397515541831148E-03
                          0.7720715776260723E-03
                          0.8054392648551614E-03
                          0.8398770151571221E-03
                          0.8754074647479469E-03
                          0.9120534867728777E-03
                          0.9498381913064051E-03
                          0.9887849253522722E-03
                          0.1028917272843469E-02
                          0.1070259054642237E-02
                          0.1112834328540067E-02
                          0.1156667389257703E-02
                          0.1201782768445133E-02
                          0.1248205234681600E-02
                          0.1295959793475595E-02
                          0.1345071687264858E-02
                          0.1395566395416384E-02
                          0.1447469634226409E-02
                          0.1500807356920425E-02
                          0.1555605753653176E-02
                          0.1611891251508649E-02
                          0.1669690514500089E-02
                          0.1729030443569984E-02
                          0.1789938176590074E-02
                          0.1852441088361353E-02
                          0.1916566790614059E-02
                          0.1982343132007684E-02
                          0.2049798198130968E-02
                          0.2118960311501902E-02
                          0.2189858031567725E-02
                          0.2262520154704928E-02
                          0.2336975714219254E-02
                          0.2413253980345691E-02
                          0.2491384460248480E-02
                          0.2571396898021111E-02
                          0.2653321274686325E-02
                          0.2737187808196110E-02
                          0.2823026953431708E-02
                          0.2910869402203610E-02
                          0.3000746083251552E-02
                          0.3092688162244529E-02
                          0.3186727041780780E-02
                          0.3282894361387793E-02
                          0.3381221997522306E-02
                          0.3481742063570316E-02
                          0.3584486909847054E-02
                          0.3689489123597017E-02
                          0.3796781528993941E-02
                          0.3906397187140817E-02
                          0.4018369396069884E-02
                          0.4132731690742632E-02
                          0.4249517843049799E-02
                          0.4368761861811378E-02
                          0.4490497992776604E-02
                          0.4614760718623967E-02
                          0.4741584758961211E-02
                          0.4871005070325318E-02
                          0.5003056846182539E-02
                          0.5137775516928348E-02
                          0.5275196749887496E-02
                          0.5415356449313968E-02
                          0.5558290756391003E-02
                          0.5704036049231091E-02
                          0.5852628942875969E-02
                          0.6004106289296628E-02
                          0.6158505177393301E-02
                          0.6315862932995489E-02
                          0.6476217118861921E-02
                          0.6639605534680589E-02
                          0.6806066217068731E-02
                          0.6975637439572835E-02
                          0.7148357712668640E-02
                          0.7324265783761137E-02
                          0.7503400637184557E-02
                          0.7685801494202398E-02
                          0.7871507813007390E-02
                          0.8060559288721526E-02
                          0.8252995853396053E-02
                          0.8448857676011437E-02
                          0.8648185162477442E-02
                          0.8851018955633042E-02
                          0.9057399935246476E-02
                          0.9267369218015234E-02
                          0.9480968157566053E-02
                          0.9698238344454921E-02
                          0.9919221606167079E-02
                          0.1014396000711701E-01
                          0.1037249584864846E-01
                          0.1060487166903441E-01
                          0.1084113024347710E-01
                          0.1108131458410801E-01
                          0.1132546793998788E-01
                          0.1157363379710673E-01
                          0.1182585587838375E-01
                          0.1208217814366744E-01
                          0.1234264478973556E-01
                          0.1260730025029509E-01
                          0.1287618919598225E-01
                          0.1314935653436253E-01
                          0.1342684740993069E-01
                          0.1370870720411069E-01
                          0.1399498153525580E-01
                          0.1428571625864847E-01
                          0.1458095746650046E-01
                          0.1488075148795275E-01
                          0.1518514488907558E-01
                          0.1549418447286844E-01
                          0.1580791727926006E-01
                          0.1612639058510843E-01
                          0.1644965190420079E-01
                          0.1677774898725362E-01
                          0.1711072982191266E-01
                          0.1744864263275290E-01
                          0.1779153588127856E-01
                          0.1813945826592318E-01
                          0.1849245872204943E-01
                          0.1885058642194931E-01
                          0.1921389077484409E-01
                          0.1958242142688425E-01
                          0.1995622826114950E-01
                          0.2033536139764885E-01
                          0.2071987119332050E-01
                          0.2110980824203199E-01
                          0.2150522337458003E-01
                          0.2190616765869059E-01
                          0.2231269239901893E-01
                          0.2272484913714953E-01
                          0.2314268965159612E-01
                          0.2356626595780168E-01
                          0.2399563030813849E-01
                          0.2443083519190798E-01
                          0.2487193333534092E-01
                          0.2531897770159728E-01
                          0.2577202149076629E-01
                          0.2623111813986646E-01
                          0.2669632132284550E-01
                          0.2716768495058042E-01
                          0.2764526317087744E-01
                          0.2812911036847205E-01
                          0.2861928116502898E-01
                          0.2911583041914223E-01
                          0.2961881322633502E-01
                          0.3012828491905984E-01
                          0.3064430106669843E-01
                          0.3116691747556177E-01
                          0.3169619018889010E-01
                          0.3223217548685291E-01
                          0.3277492988654892E-01
                          0.3332451014200612E-01
                          0.3388097324418175E-01
                          0.3444437642096233E-01
                          0.3501477713716349E-01
                          0.3559223309453033E-01
                          0.3617680223173705E-01
                          0.3676854272438711E-01
                          0.3736751298501324E-01
                          0.3797377166307746E-01
                          0.3858737764497098E-01
                          0.3920839005401430E-01
                          0.3983686825045715E-01
                          0.4047287183147853E-01
                          0.4111646063118661E-01
                          0.4176769472061896E-01
                          0.4242663440774227E-01
                          0.4309334023745255E-01
                          0.4376787299157497E-01
                          0.4445029368886409E-01
                          0.4514066358500361E-01
                          0.4583904417260651E-01
                          0.4654549718121505E-01
                          0.4726008457730071E-01
                          0.4798286856426416E-01
                          0.4871391158243552E-01
                          0.4945327630907387E-01
                          0.5020102565836777E-01
                          0.5095722278143497E-01
                          0.5172193106632241E-01
                          0.5249521413800637E-01
                          0.5327713585839228E-01
                          0.5406776032631489E-01
                          0.5486715187753823E-01
                          0.5567537508475554E-01
                          0.5649249475758921E-01
                          0.5731857594259101E-01
                          0.5815368392324200E-01
                          0.5899788421995234E-01
                          0.5985124259006151E-01
                          0.6071382502783827E-01
                          0.6158569776448061E-01
                          0.6246692726811573E-01
                          0.6335758024380012E-01
                          0.6425772363351957E-01
                          0.6516742461618900E-01
                          0.6608675060765265E-01
                          0.6701576926068400E-01
                          0.6795454846498587E-01
                          0.6890315634719010E-01
                          0.6986166127085801E-01
                          0.7083013183648011E-01
                          0.7180863688147607E-01
                          0.7279724548019487E-01
                          0.7379602694391477E-01
                          0.7480505082084327E-01
                          0.7582438689611706E-01
                          0.7685410519180218E-01
                          0.7789427596689383E-01
                          0.7894496971731645E-01
                          0.8000625717592383E-01
                          0.8107820931249891E-01
                          0.8216089733375399E-01
                          0.8325439268333050E-01
                          0.8435876704179916E-01
                          0.8547409232666002E-01
                          0.8660044069234221E-01
                          0.8773788453020433E-01
                          0.8888649646853400E-01
                          0.9004634937254830E-01
                          0.9121751634439344E-01
                          0.9240007072314479E-01
                          0.9359408608480722E-01
                          0.9479963624231465E-01
                          0.9601679524553035E-01
                          0.9724563738124681E-01
                          0.9848623717318564E-01
                          0.9973866938199795E-01
                          0.1010030090052640E+00
                          0.1022793312774931E+00
                          0.1035677116701241E+00
                          0.1048682258915250E+00
                          0.1061809498869930E+00
                          0.1075059598387545E+00
                          0.1088433321659654E+00
                          0.1101931435247106E+00
                          0.1115554708080044E+00
                          0.1129303911457900E+00
                          0.1143179819049405E+00
                          0.1157183206892577E+00
                          0.1171314853394729E+00
                          0.1185575539332465E+00
                          0.1199966047851683E+00
                          0.1214487164467571E+00
                          0.1229139677064615E+00
                          0.1243924375896586E+00
                          0.1258842053586554E+00
                          0.1273893505126876E+00
                          0.1289079527879208E+00
                          0.1304400921574491E+00
                          0.1319858488312965E+00
                          0.1335453032564159E+00
                          0.1351185361166895E+00
                          0.1367056283329289E+00
                          0.1383066610628746E+00
                          0.1399217157011968E+00
                          0.1415508738794946E+00
                          0.1431942174662966E+00
                          0.1448518285670603E+00
                          0.1465237895241729E+00
                          0.1482101829169506E+00
                          0.1499110915616388E+00
                          0.1516265985114124E+00
                          0.1533567870563753E+00
                          0.1551017407235605E+00
                          0.1568615432769307E+00
                          0.1586362787173776E+00
                          0.1604260312827223E+00
                          0.1622308854477149E+00
                          0.1640509259240348E+00
                          0.1658862376602908E+00
                          0.1677369058420210E+00
                          0.1696030158916924E+00
                          0.1714846534687017E+00
                          0.1733819044693745E+00
                          0.1752948550269658E+00
                          0.1772235915116599E+00
                          0.1791682005305703E+00
                          0.1811287689277395E+00
                          0.1831053837841397E+00
                          0.1850981324176722E+00
                          0.1871071023831672E+00
                          0.1891323814723846E+00
                          0.1911740577140133E+00
                          0.1932322193736717E+00
                          0.1953069549539070E+00
                          0.1973983531941961E+00
                          0.1995065030709452E+00
                          0.2016314937974890E+00
                          0.2037734148240926E+00
                          0.2059323558379492E+00
                          0.2081084067631820E+00
                          0.2103016577608433E+00
                          0.2125121992289145E+00
                          0.2147401218023061E+00
                          0.2169855163528585E+00
                          0.2192484739893406E+00
                          0.2215290860574513E+00
                          0.2238274441398178E+00
                          0.2261436400559974E+00
                          0.2284777658624763E+00
                          0.2308299138526698E+00
                          0.2332001765569229E+00
                          0.2355886467425093E+00
                          0.2379954174136323E+00
                          0.2404205818114246E+00
                          0.2428642334139476E+00
                          0.2453264659361927E+00
                          0.2478073733300796E+00
                          0.2503070497844584E+00
                          0.2528255897251070E+00
                          0.2553630878147342E+00
                          0.2579196389529768E+00
                          0.2604953382764013E+00
                          0.2630902811585036E+00
                          0.2657045632097086E+00
                          0.2683382802773703E+00
                          0.2709915284457726E+00
                          0.2736644040361280E+00
                          0.2763570036065781E+00
                          0.2790694239521951E+00
                          0.2818017621049786E+00
                          0.2845541153338584E+00
                          0.2873265811446938E+00
                          0.2901192572802732E+00
                          0.2929322417203136E+00
                          0.2957656326814619E+00
                          0.2986195286172941E+00
                          0.3014940282183157E+00
                          0.3043892304119606E+00
                          0.3073052343625929E+00
                          0.3102421394715056E+00
                          0.3132000453769208E+00
                          0.3161790519539900E+00
                          0.3191792593147940E+00
                          0.3222007678083424E+00
                          0.3252436780205752E+00
                          0.3283080907743600E+00
                          0.3313941071294951E+00
                          0.3345018283827075E+00
                          0.3376313560676532E+00
                          0.3407827919549176E+00
                          0.3439562380520158E+00
                          0.3471517966033913E+00
                          0.3503695700904176E+00
                          0.3536096612313974E+00
                          0.3568721729815619E+00
                          0.3601572085330721E+00
                          0.3634648713150191E+00
                          0.3667952649934211E+00
                          0.3701484934712279E+00
                          0.3735246608883169E+00
                          0.3769238716214955E+00
                          0.3803462302845002E+00
                          0.3837918417279965E+00
                          0.3872608110395798E+00
                          0.3907532435437738E+00
                          0.3942692448020326E+00
                          0.3978089206127381E+00
                          0.4013723770112030E+00
                          0.4049597202696684E+00
                          0.4085710568973046E+00
                          0.4122064936402114E+00
                          0.4158661374814177E+00
                          0.4195500956408819E+00
                          0.4232584755754912E+00
                          0.4269913849790626E+00
                          0.4307489317823419E+00
                          0.4345312241530045E+00
                          0.4383383704956544E+00
                          0.4421704794518260E+00
                          0.4460276598999823E+00
                          0.4499100209555145E+00
                          0.4538176719707451E+00
                          0.4577507225349246E+00
                          0.4617092824742328E+00
                          0.4656934618517788E+00
                          0.4697033709676015E+00
                          0.4737391203586682E+00
                          0.4778008207988763E+00
                          0.4818885832990518E+00
                          0.4860025191069496E+00
                          0.4901427397072555E+00
                          0.4943093568215832E+00
                          0.4985024824084751E+00
                          0.5027222286634044E+00
                          0.5069687080187730E+00
                          0.5112420331439113E+00
                          0.5155423169450800E+00
                          0.5198696725654683E+00
                          0.5242242133851949E+00
                          0.5286060530213080E+00
                          0.5330153053277846E+00
                          0.5374520843955313E+00
                          0.5419165045523836E+00
                          0.5464086803631064E+00
                          0.5509287266293948E+00
                          0.5554767583898716E+00
                          0.5600528909200898E+00
                          0.5646572397325306E+00
                          0.5692899205766059E+00
                          0.5739510494386560E+00
                          0.5786407425419511E+00
                          0.5833591163466895E+00
                          0.5881062875499997E+00
                          0.5928823730859388E+00
                          0.5976874901254945E+00
                          0.6025217560765815E+00
                          0.6073852885840459E+00
                          0.6122782055296627E+00
                          0.6172006250321341E+00
                          0.6221526654470937E+00
                          0.6271344453671043E+00
                          0.6321460836216569E+00
                          0.6371876992771722E+00
                          0.6422594116370002E+00
                          0.6473613402414201E+00
                          0.6524936048676407E+00
                          0.6576563255297992E+00
                          0.6628496224789630E+00
                          0.6680736162031277E+00
                          0.6733284274272200E+00
                          0.6786141771130936E+00
                          0.6839309864595322E+00
                          0.6892789769022498E+00
                          0.6946582701138888E+00
                          0.7000689880040210E+00
                          0.7055112527191467E+00
                          0.7109851866426967E+00
                          0.7164909123950305E+00
                          0.7220285528334358E+00
                          0.7275982310521322E+00
                          0.7332000703822664E+00
                          0.7388341943919138E+00
                          0.7445007268860814E+00
                          0.7501997919067037E+00
                          0.7559315137326448E+00
                          0.7616960168796985E+00
                          0.7674934261005870E+00
                          0.7733238663849629E+00
                          0.7791874629594069E+00
                          0.7850843412874294E+00
                          0.7910146270694706E+00
                          0.7969784462429000E+00
                          0.8029759249820142E+00
                          0.8090071896980425E+00
                          0.8150723670391395E+00
                          0.8211715838903931E+00
                          0.8273049673738178E+00
                          0.8334726448483579E+00
                          0.8396747439098874E+00
                          0.8459113923912090E+00
                          0.8521827183620554E+00
                          0.8584888501290875E+00
                          0.8648299162358962E+00
                          0.8712060454630013E+00
                          0.8776173668278526E+00
                          0.8840640095848284E+00
                          0.8905461032252359E+00
                          0.8970637774773133E+00
                          0.9036171623062254E+00
                          0.9102063879140675E+00
                          0.9168315847398658E+00
                          0.9234928834595734E+00
                          0.9301904149860737E+00
                          0.9369243104691790E+00
                          0.9436947012956313E+00
                          0.9505017190891011E+00
                          0.9573454957101892E+00
                          0.9642261632564249E+00
                          0.9711438540622659E+00
                          0.9780987006991019E+00
                          0.9850908359752492E+00
                          0.9921203929359544E+00
                          0.9991875048633932E+00
                          0.1006292305276671E+01
                          0.1013434927931821E+01
                          0.1020615506821807E+01
                          0.1027834176176522E+01
                          0.1035091070462789E+01
                          0.1042386324384358E+01
                          0.1049720072881908E+01
                          0.1057092451133052E+01
                          0.1064503594552326E+01
                          0.1071953638791201E+01
                          0.1079442719738072E+01
                          0.1086970973518268E+01
                          0.1094538536494043E+01
                          0.1102145545264582E+01
                          0.1109792136666002E+01
                          0.1117478447771344E+01
                          0.1125204615890583E+01
                          0.1132970778570619E+01
                          0.1140777073595286E+01
                          0.1148623638985343E+01
                          0.1156510612998480E+01
                          0.1164438134129318E+01
                          0.1172406341109404E+01
                          0.1180415372907214E+01
                          0.1188465368728159E+01
                          0.1196556468014572E+01
                          0.1204688810445720E+01
                          0.1212862535937797E+01
                          0.1221077784643928E+01
                          0.1229334696954164E+01
                          0.1237633413495490E+01
                          0.1245974075131816E+01
                          0.1254356822963983E+01
                          0.1262781798329763E+01
                          0.1271249142803854E+01
                          0.1279758998197885E+01
                          0.1288311506560415E+01
                          0.1296906810176929E+01
                          0.1305545051569845E+01
                          0.1314226373498508E+01
                          0.1322950918959193E+01
                          0.1331718831185106E+01
                          0.1340530253646379E+01
                          0.1349385330050074E+01
                          0.1358284204340183E+01
                          0.1367227020697629E+01
                          0.1376213923540262E+01
                          0.1385245057522860E+01
                          0.1394320567537133E+01
                          0.1403440598711721E+01
                          0.1412605296412188E+01
                          0.1421814806241033E+01
                          0.1431069274037682E+01
                          0.1440368845878489E+01
                          0.1449713668076740E+01
                          0.1459103887182648E+01
                          0.1468539649983355E+01
                          0.1478021103502934E+01
                          0.1487548395002388E+01
                          0.1497121671979645E+01
                          0.1506741082169566E+01
                          0.1516406773543941E+01
                          0.1526118894311488E+01
                          0.1535877592917855E+01
                          0.1545683018045618E+01
                          0.1555535318614284E+01
                          0.1565434643780289E+01
                          0.1575381142936996E+01
                          0.1585374965714700E+01
                          0.1595416261980624E+01
                          0.1605505181838922E+01
                          0.1615641875630673E+01
                          0.1625826493933889E+01
                          0.1636059187563512E+01
                          0.1646340107571410E+01
                          0.1656669405246381E+01
                          0.1667047232114155E+01
                          0.1677473739937386E+01
                          0.1687949080715664E+01
                          0.1698473406685501E+01
                          0.1709046870320346E+01
                          0.1719669624330572E+01
                          0.1730341821663480E+01
                          0.1741063615503305E+01
                          0.1751835159271209E+01
                          0.1762656606625283E+01
                          0.1773528111460544E+01
                          0.1784449827908949E+01
                          0.1795421910339371E+01
                          0.1806444513357619E+01
                          0.1817517791806434E+01
                          0.1828641900765478E+01
                          0.1839816995551350E+01
                          0.1851043231717574E+01
                          0.1862320765054606E+01
                          0.1873649751589828E+01
                          0.1885030347587553E+01
                          0.1896462709549025E+01
                          0.1907946994212413E+01
                          0.1919483358552821E+01
                          0.1931071959782275E+01
                          0.1942712955349736E+01
                          0.1954406502941094E+01
                          0.1966152760479164E+01
                          0.1977951886123695E+01
                          0.1989804038271362E+01
                          0.2001709375555772E+01
                          0.2013668056847457E+01
                          0.2025680241253884E+01
                          0.2037746088119445E+01
                          0.2049865757025463E+01
                          0.2062039407790187E+01
                          0.2074267200468800E+01
                          0.2086549295353414E+01
                          0.2098885852973066E+01
                          0.2111277034093726E+01
                          0.2123722999718290E+01
                          0.2136223911086587E+01
                          0.2148779929675373E+01
                          0.2161391217198335E+01
                          0.2174057935606087E+01
                          0.2186780247086171E+01
                          0.2199558314063063E+01
                          0.2212392299198166E+01
                          0.2225282365389810E+01
                          0.2238228675773259E+01
                          0.2251231393720701E+01
                          0.2264290682841256E+01
                          0.2277406706980974E+01
                          0.2290579630222832E+01
                          0.2303809616886737E+01
                          0.2317096831529530E+01
                          0.2330441438944973E+01
                          0.2343843604163760E+01
                          0.2357303492453519E+01
                          0.2370821269318803E+01
                          0.2384397100501092E+01
                          0.2398031151978802E+01
                          0.2411723589967273E+01
                          0.2425474580918775E+01
                          0.2439284291522509E+01
                          0.2453152888704602E+01
                          0.2467080539628116E+01
                          0.2481067411693037E+01
                          0.2495113672536281E+01
                          0.2509219490031697E+01
                          0.2523385032290057E+01
                          0.2537610467659067E+01
                          0.2551895964723362E+01
                          0.2566241692304504E+01
                          0.2580647819460987E+01
                          0.2595114515488229E+01
                          0.2609641949918587E+01
                          0.2624230292521335E+01
                          0.2638879713302688E+01
                          0.2653590382505781E+01
                          0.2668362470610681E+01
                          0.2683196148334389E+01
                          0.2698091586630829E+01
                          0.2713048956690860E+01
                          0.2728068429942260E+01
                          0.2743150178049751E+01
                          0.2758294372914969E+01
                          0.2773501186676495E+01
                          0.2788770791709827E+01
                          0.2804103360627392E+01
                          0.2819499066278559E+01
                          0.2834958081749608E+01
                          0.2850480580363765E+01
                          0.2866066735681179E+01
                          0.2881716721498921E+01
                          0.2897430711851005E+01
                          0.2913208881008360E+01
                          0.2929051403478857E+01
                          0.2944958454007287E+01
                          0.2960930207575375E+01
                          0.2976966839401774E+01
                          0.2993068524942063E+01
                          0.3009235439888758E+01
                          0.3025467760171300E+01
                          0.3041765661956056E+01
                          0.3058129321646328E+01
                          0.3074558915882339E+01
                          0.3091054621541255E+01
                          0.3107616615737155E+01
                          0.3124245075821060E+01
                          0.3140940179380914E+01
                          0.3157702104241590E+01
                          0.3174531028464897E+01
                          0.3191427130349566E+01
                          0.3208390588431254E+01
                          0.3225421581482559E+01
                          0.3242520288513000E+01
                          0.3259686888769029E+01
                          0.3276921561734023E+01
                          0.3294224487128290E+01
                          0.3311595844909071E+01
                          0.3329035815270533E+01
                          0.3346544578643766E+01
                          0.3364122315696806E+01
                          0.3381769207334601E+01
                          0.3399485434699036E+01
                          0.3417271179168927E+01
                          0.3435126622360018E+01
                          0.3453051946124973E+01
                          0.3471047332553401E+01
                          0.3489112963971829E+01
                          0.3507249022943718E+01
                          0.3525455692269457E+01
                          0.3543733154986364E+01
                          0.3562081594368685E+01
                          0.3580501193927601E+01
                          0.3598992137411212E+01
                          0.3617554608804555E+01
                          0.3636188792329598E+01
                          0.3654894872445231E+01
                          0.3673673033847278E+01
                          0.3692523461468491E+01
                          0.3711446340478553E+01
                          0.3730441856284074E+01
                          0.3749510194528593E+01
                          0.3768651541092580E+01
                          0.3787866082093432E+01
                          0.3807154003885481E+01
                          0.3826515493059977E+01
                          0.3845950736445113E+01
                          0.3865459921106002E+01
                          0.3885043234344689E+01
                          0.3904700863700143E+01
                          0.3924432996948273E+01
                          0.3944239822101912E+01
                          0.3964121527410817E+01
                          0.3984078301361683E+01
                          0.4004110332678131E+01
                          0.4024217810320703E+01
                          0.4044400923486887E+01
                          0.4064659861611088E+01
                          0.4084994814364639E+01
                          0.4105405971655809E+01
                          0.4125893523629798E+01
                          0.4146457660668723E+01
                          0.4167098573391649E+01
                          0.4187816452654546E+01
                          0.4208611489550338E+01
                          0.4229483875408860E+01
                          0.4250433801796887E+01
                          0.4271461460518119E+01
                          0.4292567043613182E+01
                          0.4313750743359642E+01
                          0.4335012752271983E+01
                          0.4356353263101621E+01
                          0.4377772468836902E+01
                          0.4399270562703109E+01
                          0.4420847738162437E+01
                          0.4442504188914032E+01
                          0.4464240108893948E+01
                          0.4486055692275183E+01
                          0.4507951133467656E+01
                          0.4529926627118222E+01
                          0.4551982368110660E+01
                          0.4574118551565678E+01
                          0.4596335372840922E+01
                          0.4618633027530951E+01
                          0.4641011711467271E+01
                          0.4663471620718301E+01
                          0.4686012951589405E+01
                          0.4708635900622863E+01
                          0.4731340664597891E+01
                          0.4754127440530638E+01
                          0.4776996425674167E+01
                          0.4799947817518492E+01
                          0.4822981813790534E+01
                          0.4846098612454163E+01
                          0.4869298411710161E+01
                          0.4892581409996259E+01
                          0.4915947805987095E+01
                          0.4939397798594247E+01
                          0.4962931586966224E+01
                          0.4986549370488471E+01
                          0.5010251348783340E+01
                          0.5034037721710134E+01
                          0.5057908689365080E+01
                          0.5081864452081323E+01
                          0.5105905210428954E+01
                          0.5130031165214977E+01
                          0.5154242517483342E+01
                          0.5178539468514911E+01
                          0.5202922219827488E+01
                          0.5227390973175801E+01
                          0.5251945930551512E+01
                          0.5276587294183199E+01
                          0.5301315266536390E+01
                          0.5326130050313522E+01
                          0.5351031848453979E+01
                          0.5376020864134055E+01
                          0.5401097300766986E+01
                          0.5426261362002945E+01
                          0.5451513251729017E+01
                          0.5476853174069220E+01
                          0.5502281333384511E+01
                          0.5527797934272765E+01
                          0.5553403181568793E+01
                          0.5579097280344340E+01
                          0.5604880435908062E+01
                          0.5630752853805564E+01
                          0.5656714739819366E+01
                          0.5682766299968928E+01
                          0.5708907740510640E+01
                          0.5735139267937807E+01
                          0.5761461088980672E+01
                          0.5787873410606410E+01
                          0.5814376440019131E+01
                          0.5840970384659851E+01
                          0.5867655452206543E+01
                          0.5894431850574085E+01
                          0.5921299787914308E+01
                          0.5948259472615948E+01
                          0.5975311113304694E+01
                          0.6002454918843140E+01
                          0.6029691098330833E+01
                          0.6057019861104229E+01
                          0.6084441416736729E+01
                          0.6111955975038651E+01
                          0.6139563746057250E+01
                          0.6167264940076713E+01
                          0.6195059767618139E+01
                          0.6222948439439583E+01
                          0.6250931166536004E+01
                          0.6279008160139303E+01
                          0.6307179631718316E+01
                          0.6335445792978788E+01
                          0.6363806855863417E+01
                          0.6392263032551813E+01
                          0.6420814535460519E+01
                          0.6449461577243017E+01
                          0.6478204370789701E+01
                          0.6507043129227910E+01
                          0.6535978065921912E+01
                          0.6565009394472889E+01
                          0.6594137328718960E+01
                          0.6623362082735179E+01
                          0.6652683870833535E+01
                          0.6682102907562918E+01
                          0.6711619407709183E+01
                          0.6741233586295080E+01
                          0.6770945658580324E+01
                          0.6800755840061521E+01
                          0.6830664346472235E+01
                          0.6860671393782959E+01
                          0.6890777198201096E+01
                          0.6920981976170983E+01
                          0.6951285944373903E+01
                          0.6981689319728052E+01
                          0.7012192319388560E+01
                          0.7042795160747486E+01
                          0.7073498061433825E+01
                          0.7104301239313488E+01
                          0.7135204912489321E+01
                          0.7166209299301104E+01
                          0.7197314618325546E+01
                          0.7228521088376274E+01
                          0.7259828928503860E+01
                          0.7291238357995791E+01
                          0.7322749596376497E+01
                          0.7354362863407319E+01
                          0.7386078379086550E+01
                          0.7417896363649391E+01
                          0.7449817037567990E+01
                          0.7481840621551407E+01
                          0.7513967336545652E+01
                          0.7546197403733639E+01
                          0.7578531044535236E+01
                          0.7610968480607218E+01
                          0.7643509933843307E+01
                          0.7676155626374154E+01
                          0.7708905780567319E+01
                          0.7741760619027317E+01
                          0.7774720364595567E+01
                          0.7807785240350447E+01
                          0.7840955469607231E+01
                          0.7874231275918153E+01
                          0.7907612883072351E+01
                          0.7941100515095914E+01
                          0.7974694396251836E+01
                          0.8008394751040070E+01
                          0.8042201804197472E+01
                          0.8076115780697839E+01
                          0.8110136905751892E+01
                          0.8144265404807292E+01
                          0.8178501503548626E+01
                          0.8212845427897394E+01
                          0.8247297404012047E+01
                          0.8281857658287946E+01
                          0.8316526417357400E+01
                          0.8351303908089642E+01
                          0.8386190357590818E+01
                          0.8421185993204034E+01
                          0.8456291042509283E+01
                          0.8491505733323537E+01
                          0.8526830293700652E+01
                          0.8562264951931443E+01
                          0.8597809936543637E+01
                          0.8633465476301904E+01
                          0.8669231800207839E+01
                          0.8705109137499962E+01
                          0.8741097717653712E+01
                          0.8777197770381488E+01
                          0.8813409525632586E+01
                          0.8849733213593245E+01
                          0.8886169064686650E+01
                          0.8922717309572883E+01
                          0.8959378179148970E+01
                          0.8996151904548869E+01
                          0.9033038717143469E+01
                          0.9070038848540587E+01
                          0.9107152530584965E+01
                          0.9144379995358269E+01
                          0.9181721475179112E+01
                          0.9219177202603007E+01
                          0.9256747410422435E+01
                          0.9294432331666782E+01
                          0.9332232199602350E+01
                          0.9370147247732412E+01
                          0.9408177709797128E+01
                          0.9446323819773617E+01
                          0.9484585811875904E+01
                          0.9522963920554965E+01
                          0.9561458380498685E+01
                          0.9600069426631896E+01
                          0.9638797294116346E+01
                          0.9677642218350721E+01
                          0.9716604434970627E+01
                          0.9755684179848615E+01
                          0.9794881689094142E+01
                          0.9834197199053614E+01
                          0.9873630946310360E+01
                          0.9913183167684645E+01
                          0.9952854100233651E+01
                          0.9992643981251492E+01
                          0.1003255304826920E+02
                          0.1007258153905479E+02
                          0.1011272969161312E+02
                          0.1015299774418604E+02
                          0.1019338593525233E+02
                          0.1023389450352767E+02
                          0.1027452368796466E+02
                          0.1031527372775289E+02
                          0.1035614486231882E+02
                          0.1039713733132586E+02
                          0.1043825137467433E+02
                          0.1047948723250153E+02
                          0.1052084514518164E+02
                          0.1056232535332578E+02
                          0.1060392809778202E+02
                          0.1064565361963533E+02
                          0.1068750216020764E+02
                          0.1072947396105779E+02
                          0.1077156926398153E+02
                          0.1081378831101158E+02
                          0.1085613134441757E+02
                          0.1089859860670605E+02
                          0.1094119034062053E+02
                          0.1098390678914142E+02
                          0.1102674819548605E+02
                          0.1106971480310871E+02
                          0.1111280685570062E+02
                          0.1115602459718988E+02
                          0.1119936827174160E+02
                          0.1124283812375773E+02
                          0.1128643439787722E+02
                          0.1133015733897593E+02
                          0.1137400719216661E+02
                          0.1141798420279900E+02
                          0.1146208861645972E+02
                          0.1150632067897236E+02
                          0.1155068063639740E+02
                          0.1159516873503228E+02
                          0.1163978522141135E+02
                          0.1168453034230590E+02
                          0.1172940434472414E+02
                          0.1177440747591123E+02
                          0.1181953998334922E+02
                          0.1186480211475713E+02
                          0.1191019411809089E+02
                          0.1195571624154336E+02
                          0.1200136873354434E+02
                          0.1204715184276054E+02
                          0.1209306581809562E+02
                          0.1213911090869014E+02
                          0.1218528736392163E+02
                          0.1223159543340451E+02
                          0.1227803536699015E+02
                          0.1232460741476686E+02
                          0.1237131182705986E+02
                          0.1241814885443129E+02
                          0.1246511874768025E+02
                          0.1251222175784274E+02
                          0.1255945813619172E+02
                          0.1260682813423704E+02
                          0.1265433200372551E+02
                          0.1270196999664086E+02
                          0.1274974236520376E+02
                          0.1279764936187179E+02
                          0.1284569123933945E+02
                          0.1289386825053822E+02
                          0.1294218064863645E+02
                          0.1299062868703946E+02
                          0.1303921261938948E+02
                          0.1308793269956566E+02
                          0.1313678918168412E+02
                          0.1318578232009787E+02
                          0.1323491236939685E+02
                          0.1328417958440796E+02
                          0.1333358422019501E+02
                          0.1338312653205872E+02
                          0.1343280677553677E+02
                          0.1348262520640376E+02
                          0.1353258208067122E+02
                          0.1358267765458760E+02
                          0.1363291218463828E+02
                          0.1368328592754559E+02
                          0.1373379914026876E+02
                          0.1378445208000398E+02
                          0.1383524500418433E+02
                          0.1388617817047987E+02
                          0.1393725183679754E+02
                          0.1398846626128123E+02
                          0.1403982170231177E+02
                          0.1409131841850690E+02
                          0.1414295666872131E+02
                          0.1419473671204661E+02
                          0.1424665880781131E+02
                          0.1429872321558089E+02
                          0.1435093019515776E+02
                          0.1440328000658123E+02
                          0.1445577291012756E+02
                          0.1450840916630992E+02
                          0.1456118903587845E+02
                          0.1461411277982016E+02
                          0.1466718065935904E+02
                          0.1472039293595597E+02
                          0.1477374987130880E+02
                          0.1482725172735229E+02
                          0.1488089876625811E+02
                          0.1493469125043489E+02
                          0.1498862944252817E+02
                          0.1504271360542043E+02
                          0.1509694400223107E+02
                          0.1515132089631643E+02
                          0.1520584455126977E+02
                          0.1526051523092129E+02
                          0.1531533319933808E+02
                          0.1537029872082423E+02
                          0.1542541205992070E+02
                          0.1548067348140541E+02
                          0.1553608325029320E+02
                          0.1559164163183581E+02
                          0.1564734889152198E+02
                          0.1570320529507730E+02
                          0.1575921110846434E+02
                          0.1581536659788259E+02
                          0.1587167202976847E+02
                          0.1592812767079530E+02
                          0.1598473378787337E+02
                          0.1604149064814987E+02
                          0.1609839851900895E+02
                          0.1615545766807164E+02
                          0.1621266836319597E+02
                          0.1627003087247683E+02
                          0.1632754546424608E+02
                          0.1638521240707249E+02
                          0.1644303196976177E+02
                          0.1650100442135655E+02
                          0.1655913003113641E+02
                          0.1661740906861784E+02
                          0.1667584180355426E+02
                          0.1673442850593600E+02
                          0.1679316944599038E+02
                          0.1685206489418159E+02
                          0.1691111512121078E+02
                          0.1697032039801602E+02
                          0.1702968099577231E+02
                          0.1708919718589158E+02
                          0.1714886924002267E+02
                          0.1720869743005137E+02
                          0.1726868202810041E+02
                          0.1732882330652945E+02
                          0.1738912153793502E+02
                          0.1744957699515066E+02
                          0.1751018995124680E+02
                          0.1757096067953079E+02
                          0.1763188945354693E+02
                          0.1769297654707643E+02
                          0.1775422223413744E+02
                          0.1781562678898506E+02
                          0.1787719048611127E+02
                          0.1793891360024505E+02
                          0.1800079640635222E+02
                          0.1806283917963561E+02
                          0.1812504219553493E+02
                          0.1818740572972683E+02
                          0.1824993005812491E+02
                          0.1831261545687968E+02
                          0.1837546220237856E+02
                          0.1843847057124596E+02
                          0.1850164084034314E+02
                          0.1856497328676838E+02
                          0.1862846818785680E+02
                          0.1869212582118049E+02
                          0.1875594646454850E+02
                          0.1881993039600674E+02
                          0.1888407789383810E+02
                          0.1894838923656239E+02
                          0.1901286470293635E+02
                          0.1907750457195365E+02
                          0.1914230912284487E+02
                          0.1920727863507751E+02
                          0.1927241338835607E+02
                          0.1933771366262190E+02
                          0.1940317973805333E+02
                          0.1946881189506557E+02
                          0.1953461041431083E+02
                          0.1960057557667816E+02
                          0.1966670766329363E+02
                          0.1973300695552018E+02
                          0.1979947373495771E+02
                          0.1986610828344301E+02
                          0.1993291088304985E+02
                          0.1999988181608888E+02
                          0.2006702136510772E+02
                          0.2013432981289089E+02
                          0.2020180744245986E+02
                          0.2026945453707303E+02
                          0.2033727138022572E+02
                          0.2040525825565016E+02
                          0.2047341544731553E+02
                          0.2054174323942795E+02
                          0.2061024191643044E+02
                          0.2067891176300300E+02
                          0.2074775306406252E+02
                          0.2081676610476278E+02
                          0.2088595117049458E+02
                          0.2095530854688558E+02
                          0.2102483851980042E+02
                          0.2109454137534061E+02
                          0.2116441739984462E+02
                          0.2123446687988789E+02
                          0.2130469010228272E+02
                          0.2137508735407835E+02
                          0.2144565892256102E+02
                          0.2151640509525379E+02
                          0.2158732615991677E+02
                          0.2165842240454688E+02
                          0.2172969411737805E+02
                          0.2180114158688112E+02
                          0.2187276510176383E+02
                          0.2194456495097091E+02
                          0.2201654142368393E+02
                          0.2208869480932149E+02
                          0.2216102539753905E+02
                          0.2223353347822902E+02
                          0.2230621934152073E+02
                          0.2237908327778050E+02
                          0.2245212557761145E+02
                          0.2252534653185375E+02
                          0.2259874643158446E+02
                          0.2267232556811755E+02
                          0.2274608423300394E+02
                          0.2282002271803148E+02
                          0.2289414131522492E+02
                          0.2296844031684599E+02
                          0.2304292001539333E+02
                          0.2311758070360246E+02
                          0.2319242267444590E+02
                          0.2326744622113308E+02
                          0.2334265163711031E+02
                          0.2341803921606091E+02
                          0.2349360925190504E+02
                          0.2356936203879987E+02
                          0.2364529787113947E+02
                          0.2372141704355481E+02
                          0.2379771985091383E+02
                          0.2387420658832138E+02
                          0.2395087755111926E+02
                          0.2402773303488615E+02
                          0.2410477333543773E+02
                          0.2418199874882652E+02
                          0.2425940957134205E+02
                          0.2433700609951076E+02
                          0.2441478863009599E+02
                          0.2449275746009802E+02
                          0.2457091288675410E+02
                          0.2464925520753834E+02
                          0.2472778472016183E+02
                          0.2480650172257257E+02
                          0.2488540651295549E+02
                          0.2496449938973247E+02
                          0.2504378065156230E+02
                          0.2512325059734070E+02
                          0.2520290952620031E+02
                          0.2528275773751069E+02
                          0.2536279553087839E+02
                          0.2544302320614685E+02
                          0.2552344106339639E+02
                          0.2560404940294435E+02
                          0.2568484852534496E+02
                          0.2576583873138933E+02
                          0.2584702032210558E+02
                          0.2592839359875873E+02
                          0.2600995886285072E+02
                          0.2609171641612038E+02
                          0.2617366656054357E+02
                          0.2625580959833299E+02
                          0.2633814583193830E+02
                          0.2642067556404612E+02
                          0.2650339909757990E+02
                          0.2658631673570017E+02
                          0.2666942878180425E+02
                          0.2675273553952647E+02
                          0.2683623731273805E+02
                          0.2691993440554718E+02
                          0.2700382712229895E+02
                          0.2708791576757535E+02
                          0.2717220064619537E+02
                          0.2725668206321487E+02
                          0.2734136032392668E+02
                          0.2742623573386051E+02
                          0.2751130859878307E+02
                          0.2759657922469794E+02
                          0.2768204791784564E+02
                          0.2776771498470362E+02
                          0.2785358073198631E+02
                          0.2793964546664499E+02
                          0.2802590949586789E+02
                          0.2811237312708020E+02
                          0.2819903666794407E+02
                          0.2828590042635846E+02
                          0.2837296471045938E+02
                          0.2846022982861972E+02
                          0.2854769608944926E+02
                          0.2863536380179477E+02
                          0.2872323327473996E+02
                          0.2881130481760542E+02
                          0.2889957873994868E+02
                          0.2898805535156421E+02
                          0.2907673496248339E+02
                          0.2916561788297456E+02
                          0.2925470442354298E+02
                          0.2934399489493084E+02
                          0.2943348960811724E+02
                          0.2952318887431822E+02
                          0.2961309300498678E+02
                          0.2970320231181277E+02
                          0.2979351710672307E+02
                          0.2988403770188139E+02
                          0.2997476440968846E+02
                          0.3006569754278188E+02
                          0.3015683741403621E+02
                          0.3024818433656291E+02
                          0.3033973862371041E+02
                          0.3043150058906400E+02
                          0.3052347054644599E+02
                          0.3061564880991556E+02
                          0.3070803569376884E+02
                          0.3080063151253885E+02
                          0.3089343658099560E+02
                          0.3098645121414599E+02
                          0.3107967572723387E+02
                          0.3117311043573999E+02
                          0.3126675565538206E+02
                          0.3136061170211471E+02
                          0.3145467889212948E+02
                          0.3154895754185489E+02
                          0.3164344796795633E+02
                          0.3173815048733613E+02
                          0.3183306541713361E+02
                          0.3192819307472494E+02
                          0.3202353377772324E+02
                          0.3211908784397860E+02
                          0.3221485559157802E+02
                          0.3231083733884536E+02
                          0.3240703340434154E+02
                          0.3250344410686429E+02
                          0.3260006976544835E+02
                          0.3269691069936533E+02
                          0.3279396722812382E+02
                          0.3289123967146929E+02
                          0.3298872834938417E+02
                          0.3308643358208785E+02
                          0.3318435569003658E+02
                          0.3328249499392358E+02
                          0.3338085181467897E+02
                          0.3347942647346985E+02
                          0.3357821929170020E+02
                          0.3367723059101098E+02
                          0.3377646069328001E+02
                          0.3387590992062212E+02
                          0.3397557859538900E+02
                          0.3407546704016926E+02
                          0.3417557557778856E+02
                          0.3427590453130934E+02
                          0.3437645422403106E+02
                          0.3447722497949010E+02
                          0.3457821712145973E+02
                          0.3467943097395015E+02
                          0.3478086686120854E+02
                          0.3488252510771898E+02
                          0.3498440603820244E+02
                          0.3508650997761693E+02
                          0.3518883725115729E+02
                          0.3529138818425530E+02
                          0.3539416310257967E+02
                          0.3549716233203611E+02
                          0.3560038619876718E+02
                          0.3570383502915237E+02
                          0.3580750914980817E+02
                          0.3591140888758790E+02
                          0.3601553456958189E+02
                          0.3611988652311741E+02
                          0.3622446507575857E+02
                          0.3632927055530645E+02
                          0.3643430328979908E+02
                          0.3653956360751143E+02
                          0.3664505183695540E+02
                          0.3675076830687973E+02
                          0.3685671334627023E+02
                          0.3696288728434948E+02
                          0.3706929045057714E+02
                          0.3717592317464971E+02
                          0.3728278578650066E+02
                          0.3738987861630037E+02
                          0.3749720199445611E+02
                          0.3760475625161217E+02
                          0.3771254171864971E+02
                          0.3782055872668681E+02
                          0.3792880760707852E+02
                          0.3803728869141677E+02
                          0.3814600231153049E+02
                          0.3825494879948545E+02
                          0.3836412848758443E+02
                          0.3847354170836710E+02
                          0.3858318879461005E+02
                          0.3869307007932683E+02
                          0.3880318589576789E+02
                          0.3891353657742061E+02
                          0.3902412245800935E+02
                          0.3913494387149533E+02
                          0.3924600115207676E+02
                          0.3935729463418868E+02
                          0.3946882465250322E+02
                          0.3958059154192926E+02
                          0.3969259563761275E+02
                          0.3980483727493651E+02
                          0.3991731678952029E+02
                          0.4003003451722077E+02
                          0.4014299079413156E+02
                          0.4025618595658320E+02
                          0.4036962034114322E+02
                          0.4048329428461593E+02
                          0.4059720812404273E+02
                          0.4071136219670181E+02
                          0.4082575684010848E+02
                          0.4094039239201473E+02
                          0.4105526919040968E+02
                          0.4117038757351926E+02
                          0.4128574787980641E+02
                          0.4140135044797098E+02
                          0.4151719561694969E+02
                          0.4163328372591629E+02
                          0.4174961511428133E+02
                          0.4186619012169242E+02
                          0.4198300908803402E+02
                          0.4210007235342755E+02
                          0.4221738025823134E+02
                          0.4233493314304069E+02
                          0.4245273134868777E+02
                          0.4257077521624170E+02
                          0.4268906508700853E+02
                          0.4280760130253130E+02
                          0.4292638420458984E+02
                          0.4304541413520109E+02
                          0.4316469143661874E+02
                          0.4328421645133356E+02
                          0.4340398952207318E+02
                          0.4352401099180207E+02
                          0.4364428120372187E+02
                          0.4376480050127088E+02
                          0.4388556922812450E+02
                          0.4400658772819500E+02
                          0.4412785634563156E+02
                          0.4424937542482034E+02
                          0.4437114531038442E+02
                          0.4449316634718382E+02
                          0.4461543888031541E+02
                          0.4473796325511307E+02
                          0.4486073981714759E+02
                          0.4498376891222663E+02
                          0.4510705088639491E+02
                          0.4523058608593396E+02
                          0.4535437485736229E+02
                          0.4547841754743531E+02
                          0.4560271450314540E+02
                          0.4572726607172186E+02
                          0.4585207260063090E+02
                          0.4597713443757561E+02
                          0.4610245193049614E+02
                          0.4622802542756946E+02
                          0.4635385527720955E+02
                          0.4647994182806725E+02
                          0.4660628542903032E+02
                          0.4673288642922348E+02
                          0.4685974517800842E+02
                          0.4698686202498373E+02
                          0.4711423731998487E+02
                          0.4724187141308432E+02
                          0.4736976465459143E+02
                          0.4749791739505249E+02
                          0.4762632998525078E+02
                          0.4775500277620638E+02
                          0.4788393611917648E+02
                          0.4801313036565496E+02
                          0.4814258586737284E+02
                          0.4827230297629800E+02
                          0.4840228204463522E+02
                          0.4853252342482626E+02
                          0.4866302746954972E+02
                          0.4879379453172126E+02
                          0.4892482496449338E+02
                          0.4905611912125551E+02
                          0.4918767735563404E+02
                          0.4931950002149229E+02
                          0.4945158747293042E+02
                          0.4958394006428571E+02
                          0.4971655815013219E+02
                          0.4984944208528096E+02
                          0.4998259222477981E+02
                          0.5011600892391379E+02
                          0.5024969253820461E+02
                          0.5038364342341107E+02
                          0.5051786193552883E+02
                          0.5065234843079048E+02
                          0.5078710326566551E+02
                          0.5092212679686046E+02
                          0.5105741938131867E+02
                          0.5119298137622043E+02
                          0.5132881313898306E+02
                          0.5146491502726062E+02
                          0.5160128739894433E+02
                          0.5173793061216219E+02
                          0.5187484502527918E+02
                          0.5201203099689714E+02
                          0.5214948888585491E+02
                          0.5228721905122824E+02
                          0.5242522185232987E+02
                          0.5256349764870929E+02
                          0.5270204680015316E+02
                          0.5284086966668490E+02
                          0.5297996660856488E+02
                          0.5311933798629043E+02
                          0.5325898416059584E+02
                          0.5339890549245230E+02
                          0.5353910234306790E+02
                          0.5367957507388767E+02
                          0.5382032404659360E+02
                          0.5396134962310458E+02
                          0.5410265216557649E+02
                          0.5424423203640203E+02
                          0.5438608959821094E+02
                          0.5452822521386977E+02
                          0.5467063924648218E+02
                          0.5481333205938856E+02
                          0.5495630401616626E+02
                          0.5509955548062975E+02
                          0.5524308681683022E+02
                          0.5538689838905590E+02
                          0.5553099056183187E+02
                          0.5567536369992021E+02
                          0.5582001816831992E+02
                          0.5596495433226689E+02
                          0.5611017255723390E+02
                          0.5625567320893085E+02
                          0.5640145665330436E+02
                          0.5654752325653804E+02
                          0.5669387338505248E+02
                          0.5684050740550519E+02
                          0.5698742568479057E+02
                          0.5713462859003990E+02
                          0.5728211648862155E+02
                          0.5742988974814072E+02
                          0.5757794873643942E+02
                          0.5772629382159685E+02
                          0.5787492537192895E+02
                          0.5802384375598866E+02
                          0.5817304934256575E+02
                          0.5832254250068709E+02
                          0.5847232359961638E+02
                          0.5862239300885422E+02
                          0.5877275109813824E+02
                          0.5892339823744281E+02
                          0.5907433479697949E+02
                          0.5922556114719657E+02
                          0.5937707765877939E+02
                          0.5952888470265006E+02
                          0.5968098264996775E+02
                          0.5983337187212863E+02
                          0.5998605274076564E+02
                          0.6013902562774864E+02
                          0.6029229090518461E+02
                          0.6044584894541731E+02
                          0.6059970012102740E+02
                          0.6075384480483259E+02
                          0.6090828336988738E+02
                          0.6106301618948333E+02
                          0.6121804363714886E+02
                          0.6137336608664936E+02
                          0.6152898391198710E+02
                          0.6168489748740134E+02
                          0.6184110718736815E+02
                          0.6199761338660069E+02
                          0.6215441646004894E+02
                          0.6231151678289990E+02
                          0.6246891473057727E+02
                          0.6262661067874204E+02
                          0.6278460500329179E+02
                          0.6294289808036134E+02
                          0.6310149028632215E+02
                          0.6326038199778272E+02
                          0.6341957359158858E+02
                          0.6357906544482205E+02
                          0.6373885793480247E+02
                          0.6389895143908604E+02
                          0.6405934633546593E+02
                          0.6422004300197226E+02
                          0.6438104181687196E+02
                          0.6454234315866908E+02
                          0.6470394740610448E+02
                          0.6486585493815595E+02
                          0.6502806613403817E+02
                          0.6519058137320293E+02
                          0.6535340103533875E+02
                          0.6551652550037110E+02
                          0.6567995514846255E+02
                          0.6584369036001247E+02
                          0.6600773151565710E+02
                          0.6617207899626966E+02
                          0.6633673318296044E+02
                          0.6650169445707647E+02
                          0.6666696320020182E+02
                          0.6683253979415733E+02
                          0.6699842462100105E+02
                          0.6716461806302769E+02
                          0.6733112050276907E+02
                          0.6749793232299373E+02
                          0.6766505390670746E+02
                          0.6783248563715264E+02
                          0.6800022789780884E+02
                          0.6816828107239240E+02
                          0.6833664554485669E+02
                          0.6850532169939186E+02
                          0.6867430992042517E+02
                          0.6884361059262075E+02
                          0.6901322410087960E+02
                          0.6918315083033970E+02
                          0.6935339116637590E+02
                          0.6952394549460008E+02
                          0.6969481420086102E+02
                          0.6986599767124437E+02
                          0.7003749629207265E+02
                          0.7020931044990560E+02
                          0.7038144053153950E+02
                          0.7055388692400788E+02
                          0.7072665001458108E+02
                          0.7089973019076629E+02
                          0.7107312784030773E+02
                          0.7124684335118648E+02
                          0.7142087711162067E+02
                          0.7159522951006522E+02
                          0.7176990093521201E+02
                          0.7194489177598996E+02
                          0.7212020242156481E+02
                          0.7229583326133920E+02
                          0.7247178468495281E+02
                          0.7264805708228212E+02
                          0.7282465084344074E+02
                          0.7300156635877897E+02
                          0.7317880401888414E+02
                          0.7335636421458064E+02
                          0.7353424733692960E+02
                          0.7371245377722914E+02
                          0.7389098392701428E+02
                          0.7406983817805711E+02
                          0.7424901692236648E+02
                          0.7442852055218829E+02
                          0.7460834946000516E+02
                          0.7478850403853697E+02
                          0.7496898468074033E+02
                          0.7514979177980867E+02
                          0.7533092572917262E+02
                          0.7551238692249959E+02
                          0.7569417575369383E+02
                          0.7587629261689676E+02
                          0.7605873790648648E+02
                          0.7624151201707818E+02
                          0.7642461534352387E+02
                          0.7660804828091260E+02
                          0.7679181122457035E+02
                          0.7697590457005988E+02
                          0.7716032871318092E+02
                          0.7734508404997037E+02
                          0.7753017097670175E+02
                          0.7771558988988569E+02
                          0.7790134118626955E+02
                          0.7808742526283795E+02
                          0.7827384251681215E+02
                          0.7846059334565045E+02
                          0.7864767814704808E+02
                          0.7883509731893722E+02
                          0.7902285125948690E+02
                          0.7921094036710308E+02
                          0.7939936504042879E+02
                          0.7958812567834387E+02
                          0.7977722267996505E+02
                          0.7996665644464615E+02
                          0.8015642737197778E+02
                          0.8034653586178749E+02
                          0.8053698231413983E+02
                          0.8072776712933629E+02
                          0.8091889070791514E+02
                          0.8111035345065174E+02
                          0.8130215575855831E+02
                          0.8149429803288392E+02
                          0.8168678067511478E+02
                          0.8187960408697390E+02
                          0.8207276867042106E+02
                          0.8226627482765333E+02
                          0.8246012296110452E+02
                          0.8265431347344511E+02
                          0.8284884676758308E+02
                          0.8304372324666286E+02
                          0.8323894331406598E+02
                          0.8343450737341085E+02
                          0.8363041582855296E+02
                          0.8382666908358453E+02
                          0.8402326754283484E+02
                          0.8422021161087000E+02
                          0.8441750169249320E+02
                          0.8461513819274438E+02
                          0.8481312151690047E+02
                          0.8501145207047550E+02
                          0.8521013025922021E+02
                          0.8540915648912221E+02
                          0.8560853116640639E+02
                          0.8580825469753425E+02
                          0.8600832748920432E+02
                          0.8620874994835206E+02
                          0.8640952248214978E+02
                          0.8661064549800693E+02
                          0.8681211940356971E+02
                          0.8701394460672131E+02
                          0.8721612151558172E+02
                          0.8741865053850815E+02
                          0.8762153208409450E+02
                          0.8782476656117156E+02
                          0.8802835437880734E+02
                          0.8823229594630645E+02
                          0.8843659167321064E+02
                          0.8864124196929839E+02
                          0.8884624724458543E+02
                          0.8905160790932415E+02
                          0.8925732437400387E+02
                          0.8946339704935107E+02
                          0.8966982634632890E+02
                          0.8987661267613757E+02
                          0.9008375645021414E+02
                          0.9029125808023279E+02
                          0.9049911797810439E+02
                          0.9070733655597687E+02
                          0.9091591422623500E+02
                          0.9112485140150069E+02
                          0.9133414849463250E+02
                          0.9154380591872609E+02
                          0.9175382408711397E+02
                          0.9196420341336572E+02
                          0.9217494431128769E+02
                          0.9238604719492311E+02
                          0.9259751247855245E+02
                          0.9280934057669282E+02
                          0.9302153190409831E+02
                          0.9323408687575998E+02
                          0.9344700590690577E+02
                          0.9366028941300073E+02
                          0.9387393780974659E+02
                          0.9408795151308209E+02
                          0.9430233093918308E+02
                          0.9451707650446208E+02
                          0.9473218862556860E+02
                          0.9494766771938930E+02
                          0.9516351420304746E+02
                          0.9537972849390349E+02
                          0.9559631100955458E+02
                          0.9581326216783496E+02
                          0.9603058238681589E+02
                          0.9624827208480534E+02
                          0.9646633168034818E+02
                          0.9668476159222652E+02
                          0.9690356223945916E+02
                          0.9712273404130191E+02
                          0.9734227741724736E+02
                          0.9756219278702524E+02
                          0.9778248057060213E+02
                          0.9800314118818143E+02
                          0.9822417506020372E+02
                          0.9844558260734624E+02
                          0.9866736425052336E+02
                          0.9888952041088622E+02
                          0.9911205150982288E+02
                          0.9933495796895863E+02
                          0.9955824021015532E+02
                          0.9978189865551190E+02
                          0.1000059337273643E+03
                          0.1002303458482852E+03
                          0.1004551354410845E+03
                          0.1006803029288086E+03
                          0.1009058487347413E+03
                          0.1011317732824029E+03
                          0.1013580769955511E+03
                          0.1015847602981800E+03
                          0.1018118236145210E+03
                          0.1020392673690424E+03
                          0.1022670919864493E+03
                          0.1024952978916837E+03
                          0.1027238855099248E+03
                          0.1029528552665884E+03
                          0.1031822075873272E+03
                          0.1034119428980314E+03
                          0.1036420616248275E+03
                          0.1038725641940790E+03
                          0.1041034510323869E+03
                          0.1043347225665884E+03
                          0.1045663792237580E+03
                          0.1047984214312072E+03
                          0.1050308496164840E+03
                          0.1052636642073740E+03
                          0.1054968656318992E+03
                          0.1057304543183186E+03
                          0.1059644306951284E+03
                          0.1061987951910615E+03
                          0.1064335482350876E+03
                          0.1066686902564138E+03
                          0.1069042216844836E+03
                          0.1071401429489779E+03
                          0.1073764544798140E+03
                          0.1076131567071466E+03
                          0.1078502500613673E+03
                          0.1080877349731042E+03
                          0.1083256118732228E+03
                          0.1085638811928251E+03
                          0.1088025433632506E+03
                          0.1090415988160752E+03
                          0.1092810479831120E+03
                          0.1095208912964110E+03
                          0.1097611291882590E+03
                          0.1100017620911798E+03
                          0.1102427904379342E+03
                          0.1104842146615200E+03
                          0.1107260351951715E+03
                          0.1109682524723606E+03
                          0.1112108669267955E+03
                          0.1114538789924217E+03
                          0.1116972891034214E+03
                          0.1119410976942141E+03
                          0.1121853051994558E+03
                          0.1124299120540396E+03
                          0.1126749186930956E+03
                          0.1129203255519907E+03
                          0.1131661330663289E+03
                          0.1134123416719510E+03
                          0.1136589518049347E+03
                          0.1139059639015947E+03
                          0.1141533783984827E+03
                          0.1144011957323872E+03
                          0.1146494163403336E+03
                          0.1148980406595844E+03
                          0.1151470691276388E+03
                          0.1153965021822333E+03
                          0.1156463402613409E+03
                          0.1158965838031718E+03
                          0.1161472332461730E+03
                          0.1163982890290283E+03
                          0.1166497515906591E+03
                          0.1169016213702228E+03
                          0.1171538988071144E+03
                          0.1174065843409654E+03
                          0.1176596784116445E+03
                          0.1179131814592574E+03
                          0.1181670939241464E+03
                          0.1184214162468910E+03
                          0.1186761488683075E+03
                          0.1189312922294493E+03
                          0.1191868467716063E+03
                          0.1194428129363060E+03
                          0.1196991911653122E+03
                          0.1199559819006260E+03
                          0.1202131855844853E+03
                          0.1204708026593649E+03
                          0.1207288335679767E+03
                          0.1209872787532693E+03
                          0.1212461386584282E+03
                          0.1215054137268763E+03
                          0.1217651044022729E+03
                          0.1220252111285143E+03
                          0.1222857343497341E+03
                          0.1225466745103024E+03
                          0.1228080320548266E+03
                          0.1230698074281505E+03
                          0.1233320010753555E+03
                          0.1235946134417595E+03
                          0.1238576449729174E+03
                          0.1241210961146211E+03
                          0.1243849673128993E+03
                          0.1246492590140178E+03
                          0.1249139716644792E+03
                          0.1251791057110230E+03
                          0.1254446616006259E+03
                          0.1257106397805011E+03
                          0.1259770406980993E+03
                          0.1262438648011073E+03
                          0.1265111125374498E+03
                          0.1267787843552877E+03
                          0.1270468807030190E+03
                          0.1273154020292789E+03
                          0.1275843487829392E+03
                          0.1278537214131090E+03
                          0.1281235203691337E+03
                          0.1283937461005964E+03
                          0.1286643990573166E+03
                          0.1289354796893509E+03
                          0.1292069884469926E+03
                          0.1294789257807724E+03
                          0.1297512921414578E+03
                          0.1300240879800527E+03
                          0.1302973137477987E+03
                          0.1305709698961737E+03
                          0.1308450568768929E+03
                          0.1311195751419083E+03
                          0.1313945251434088E+03
                          0.1316699073338203E+03
                          0.1319457221658058E+03
                          0.1322219700922647E+03
                          0.1324986515663339E+03
                          0.1327757670413869E+03
                          0.1330533169710341E+03
                          0.1333313018091233E+03
                          0.1336097220097386E+03
                          0.1338885780272014E+03
                          0.1341678703160698E+03
                          0.1344475993311391E+03
                          0.1347277655274415E+03
                          0.1350083693602459E+03
                          0.1352894112850581E+03
                          0.1355708917576213E+03
                          0.1358528112339151E+03
                          0.1361351701701563E+03
                          0.1364179690227986E+03
                          0.1367012082485326E+03
                          0.1369848883042857E+03
                          0.1372690096472226E+03
                          0.1375535727347446E+03
                          0.1378385780244897E+03
                          0.1381240259743337E+03
                          0.1384099170423885E+03
                          0.1386962516870032E+03
                          0.1389830303667637E+03
                          0.1392702535404932E+03
                          0.1395579216672515E+03
                          0.1398460352063355E+03
                          0.1401345946172788E+03
                          0.1404236003598522E+03
                          0.1407130528940634E+03
                          0.1410029526801567E+03
                          0.1412933001786136E+03
                          0.1415840958501528E+03
                          0.1418753401557292E+03
                          0.1421670335565354E+03
                          0.1424591765140004E+03
                          0.1427517694897903E+03
                          0.1430448129458084E+03
                          0.1433383073441945E+03
                          0.1436322531473253E+03
                          0.1439266508178150E+03
                          0.1442215008185141E+03
                          0.1445168036125104E+03
                          0.1448125596631286E+03
                          0.1451087694339301E+03
                          0.1454054333887135E+03
                          0.1457025519915141E+03
                          0.1460001257066042E+03
                          0.1462981549984933E+03
                          0.1465966403319273E+03
                          0.1468955821718896E+03
                          0.1471949809836001E+03
                          0.1474948372325158E+03
                          0.1477951513843306E+03
                          0.1480959239049754E+03
                          0.1483971552606179E+03
                          0.1486988459176629E+03
                          0.1490009963427520E+03
                          0.1493036070027636E+03
                          0.1496066783648134E+03
                          0.1499102108962538E+03
                          0.1502142050646739E+03
                          0.1505186613379003E+03
                          0.1508235801839961E+03
                          0.1511289620712614E+03
                          0.1514348074682331E+03
                          0.1517411168436856E+03
                          0.1520478906666294E+03
                          0.1523551294063126E+03
                          0.1526628335322202E+03
                          0.1529710035140732E+03
                          0.1532796398218308E+03
                          0.1535887429256885E+03
                          0.1538983132960788E+03
                          0.1542083514036710E+03
                          0.1545188577193715E+03
                          0.1548298327143235E+03
                          0.1551412768599075E+03
                          0.1554531906277404E+03
                          0.1557655744896764E+03
                          0.1560784289178064E+03
                          0.1563917543844583E+03
                          0.1567055513621971E+03
                          0.1570198203238245E+03
                          0.1573345617423793E+03
                          0.1576497760911372E+03
