 Downwards broadband flux at each level [W/m2]
       57.0570
       46.3306
       37.9990
       31.6251
       26.7147
       23.0505
       20.4330
       18.4501
       16.8192
       15.4837
       14.4134
       13.4965
       12.6925
       12.0207
       11.4783
       11.0456
       10.6952
       10.3903
       10.1384
        9.9186
        9.7310
        9.5923
        9.4278
        9.2278
        9.0097
        8.7289
        8.4182
        8.0747
        7.7295
        7.3765
        6.9745
        6.5469
        6.1217
        5.6947
        5.2412
        4.7649
        4.2519
        3.7037
        3.1656
        2.6800
        2.2826
        1.9926
        1.7193
        1.3526
        0.9324
        0.5770
        0.3369
        0.1473
        0.0601
        0.0321
        0.0000
