 Outgoing longwave flux vs. time [W/m2]
  0.1536E+03
  0.1463E+03
  0.1386E+03
  0.1330E+03
  0.1283E+03
  0.1242E+03
  0.1207E+03
  0.1175E+03
  0.1147E+03
  0.1122E+03
  0.1099E+03
  0.1078E+03
  0.1059E+03
  0.1041E+03
  0.1025E+03
  0.1010E+03
  0.9967E+02
  0.9841E+02
  0.9722E+02
  0.9615E+02
  0.9511E+02
  0.9415E+02
  0.9328E+02
  0.9243E+02
  0.9165E+02
  0.9093E+02
  0.9026E+02
  0.8964E+02
  0.8905E+02
  0.8851E+02
  0.8798E+02
  0.8747E+02
  0.8699E+02
  0.8658E+02
  0.8616E+02
  0.8577E+02
  0.8541E+02
  0.8509E+02
  0.8478E+02
  0.8447E+02
  0.8419E+02
  0.8393E+02
  0.8370E+02
  0.8347E+02
  0.8326E+02
  0.8305E+02
  0.8284E+02
  0.8267E+02
  0.8249E+02
  0.8232E+02
  0.8216E+02
  0.8201E+02
  0.8189E+02
  0.8176E+02
  0.8164E+02
  0.8153E+02
  0.8142E+02
  0.8132E+02
  0.8122E+02
  0.8112E+02
  0.8103E+02
  0.8094E+02
  0.8086E+02
  0.8079E+02
  0.8072E+02
  0.8066E+02
  0.8059E+02
  0.8053E+02
  0.8047E+02
  0.8041E+02
  0.8035E+02
  0.8031E+02
  0.8026E+02
  0.8022E+02
  0.8017E+02
  0.8014E+02
  0.8009E+02
  0.8006E+02
  0.8002E+02
  0.7999E+02
  0.7995E+02
  0.7992E+02
  0.7989E+02
  0.7986E+02
  0.7984E+02
  0.7980E+02
  0.7978E+02
  0.7975E+02
  0.7973E+02
  0.7971E+02
  0.7968E+02
  0.7967E+02
  0.7964E+02
  0.7962E+02
  0.7961E+02
  0.7958E+02
  0.7956E+02
  0.7954E+02
  0.7952E+02
  0.7950E+02
  0.7948E+02
  0.7947E+02
  0.7945E+02
  0.7943E+02
  0.7941E+02
  0.7938E+02
  0.7937E+02
  0.7935E+02
  0.7933E+02
  0.7931E+02
  0.7930E+02
  0.7928E+02
  0.7927E+02
  0.7925E+02
  0.7923E+02
  0.7921E+02
  0.7920E+02
  0.7919E+02
  0.7916E+02
  0.7914E+02
  0.7913E+02
  0.7911E+02
  0.7910E+02
  0.7908E+02
  0.7906E+02
  0.7905E+02
  0.7903E+02
  0.7900E+02
  0.7898E+02
  0.7897E+02
  0.7895E+02
  0.7893E+02
  0.7891E+02
  0.7889E+02
  0.7888E+02
  0.7887E+02
  0.7886E+02
  0.7883E+02
  0.7881E+02
  0.7880E+02
  0.7878E+02
  0.7877E+02
  0.7875E+02
  0.7873E+02
  0.7871E+02
  0.7870E+02
  0.7869E+02
  0.7866E+02
  0.7865E+02
  0.7863E+02
  0.7862E+02
  0.7861E+02
  0.7860E+02
  0.7858E+02
  0.7857E+02
  0.7855E+02
  0.7854E+02
  0.7853E+02
  0.7851E+02
  0.7850E+02
  0.7848E+02
  0.7847E+02
  0.7846E+02
  0.7845E+02
  0.7843E+02
  0.7842E+02
  0.7840E+02
  0.7839E+02
  0.7838E+02
  0.7836E+02
  0.7835E+02
  0.7834E+02
  0.7834E+02
  0.7832E+02
  0.7831E+02
  0.7830E+02
  0.7828E+02
  0.7827E+02
  0.7826E+02
  0.7825E+02
  0.7824E+02
  0.7822E+02
  0.7822E+02
  0.7820E+02
  0.7819E+02
  0.7818E+02
  0.7817E+02
  0.7816E+02
  0.7815E+02
  0.7814E+02
  0.7813E+02
  0.7811E+02
  0.7810E+02
  0.7809E+02
  0.7808E+02
  0.7807E+02
  0.7805E+02
  0.7805E+02
  0.7804E+02
  0.7802E+02
  0.7802E+02
  0.7801E+02
  0.7800E+02
  0.7800E+02
  0.7799E+02
  0.7798E+02
  0.7797E+02
  0.7797E+02
  0.7796E+02
  0.7795E+02
  0.7795E+02
  0.7794E+02
  0.7793E+02
  0.7792E+02
  0.7791E+02
  0.7791E+02
  0.7790E+02
  0.7790E+02
  0.7789E+02
  0.7789E+02
  0.7789E+02
  0.7789E+02
  0.7789E+02
  0.7789E+02
  0.7789E+02
  0.7789E+02
  0.7789E+02
  0.7789E+02
  0.7789E+02
  0.7790E+02
  0.7790E+02
  0.7791E+02
  0.7791E+02
  0.7791E+02
  0.7792E+02
  0.7793E+02
  0.7793E+02
  0.7794E+02
  0.7795E+02
  0.7796E+02
  0.7796E+02
  0.7797E+02
  0.7797E+02
  0.7798E+02
  0.7798E+02
  0.7798E+02
  0.7799E+02
  0.7799E+02
  0.7799E+02
  0.7800E+02
  0.7800E+02
  0.7800E+02
  0.7800E+02
  0.7800E+02
  0.7800E+02
  0.7801E+02
  0.7801E+02
  0.7801E+02
  0.7801E+02
  0.7801E+02
  0.7801E+02
  0.7801E+02
  0.7801E+02
  0.7802E+02
  0.7801E+02
  0.7802E+02
  0.7802E+02
  0.7802E+02
  0.7802E+02
  0.7802E+02
  0.7802E+02
  0.7802E+02
  0.7802E+02
  0.7802E+02
  0.7802E+02
  0.7802E+02
  0.7802E+02
  0.7802E+02
  0.7802E+02
  0.7802E+02
  0.7802E+02
  0.7802E+02
  0.7802E+02
  0.7802E+02
  0.7802E+02
  0.7802E+02
  0.7802E+02
  0.7802E+02
  0.7802E+02
  0.7802E+02
  0.7802E+02
  0.7802E+02
  0.7802E+02
  0.7802E+02
  0.7802E+02
  0.7802E+02
  0.7802E+02
  0.7802E+02
  0.7802E+02
  0.7802E+02
  0.7802E+02
  0.7802E+02
  0.7802E+02
  0.7802E+02
  0.7802E+02
  0.7802E+02
  0.7802E+02
  0.7802E+02
  0.7802E+02
  0.7802E+02
  0.7802E+02
  0.7802E+02
  0.7802E+02
  0.7802E+02
  0.7802E+02
  0.7802E+02
  0.7802E+02
  0.7802E+02
  0.7802E+02
  0.7802E+02
  0.7802E+02
  0.7802E+02
  0.7802E+02
  0.7802E+02
  0.7802E+02
  0.7802E+02
  0.7802E+02
  0.7802E+02
  0.7802E+02
  0.7802E+02
  0.7802E+02
  0.7802E+02
  0.7802E+02
  0.7802E+02
  0.7802E+02
  0.7802E+02
  0.7802E+02
  0.7802E+02
  0.7802E+02
  0.7802E+02
  0.7802E+02
  0.7802E+02
  0.7802E+02
  0.7802E+02
  0.7802E+02
  0.7802E+02
  0.7802E+02
  0.7802E+02
  0.7802E+02
  0.7802E+02
  0.7802E+02
  0.7802E+02
  0.7802E+02
  0.7802E+02
  0.7802E+02
  0.7802E+02
  0.7802E+02
  0.7802E+02
  0.7802E+02
  0.7802E+02
  0.7802E+02
  0.7802E+02
  0.7802E+02
  0.7802E+02
  0.7802E+02
  0.7802E+02
  0.7802E+02
  0.7802E+02
  0.7802E+02
  0.7802E+02
  0.7802E+02
  0.7802E+02
  0.7802E+02
  0.7802E+02
  0.7802E+02
  0.7802E+02
  0.7802E+02
  0.7802E+02
  0.7802E+02
  0.7802E+02
  0.7802E+02
  0.7802E+02
  0.7802E+02
  0.7802E+02
  0.7802E+02
  0.7802E+02
  0.7802E+02
  0.7802E+02
  0.7802E+02
  0.7802E+02
  0.7802E+02
  0.7802E+02
  0.7802E+02
  0.7802E+02
  0.7802E+02
  0.7802E+02
  0.7802E+02
  0.7802E+02
  0.7802E+02
  0.7802E+02
  0.7802E+02
  0.7802E+02
  0.7802E+02
  0.7802E+02
  0.7802E+02
  0.7802E+02
  0.7802E+02
  0.7802E+02
  0.7802E+02
  0.7802E+02
  0.7802E+02
  0.7802E+02
  0.7802E+02
  0.7802E+02
  0.7802E+02
  0.7802E+02
  0.7802E+02
  0.7802E+02
  0.7802E+02
  0.7802E+02
  0.7802E+02
  0.7802E+02
  0.7802E+02
  0.7802E+02
  0.7802E+02
  0.7802E+02
  0.7802E+02
  0.7802E+02
  0.7802E+02
  0.7802E+02
  0.7802E+02
  0.7802E+02
  0.7802E+02
  0.7802E+02
  0.7802E+02
  0.7802E+02
  0.7802E+02
  0.7802E+02
  0.7802E+02
  0.7802E+02
  0.7802E+02
  0.7802E+02
  0.7802E+02
  0.7802E+02
  0.7802E+02
  0.7802E+02
  0.7802E+02
  0.7802E+02
  0.7802E+02
  0.7802E+02
  0.7802E+02
  0.7802E+02
  0.7802E+02
  0.7802E+02
  0.7802E+02
  0.7802E+02
  0.7802E+02
  0.7802E+02
  0.7802E+02
  0.7802E+02
  0.7802E+02
  0.7802E+02
  0.7802E+02
  0.7802E+02
  0.7802E+02
  0.7802E+02
  0.7802E+02
  0.7802E+02
  0.7802E+02
  0.7802E+02
  0.7802E+02
  0.7802E+02
  0.7802E+02
  0.7802E+02
  0.7802E+02
  0.7802E+02
  0.7802E+02
  0.7802E+02
  0.7802E+02
  0.7802E+02
  0.7802E+02
  0.7802E+02
  0.7802E+02
  0.7802E+02
  0.7802E+02
  0.7802E+02
  0.7802E+02
  0.7802E+02
  0.7802E+02
  0.7802E+02
  0.7802E+02
  0.7802E+02
  0.7802E+02
  0.7802E+02
  0.7802E+02
  0.7802E+02
  0.7802E+02
  0.7802E+02
  0.7802E+02
  0.7802E+02
