 Upwards broadband flux at each level [W/m2]
      179.4422
      170.3290
      161.0719
      153.0128
      146.1593
      140.3725
      135.4902
      131.3605
      128.0013
      125.6602
      124.0756
      122.9553
      122.1445
      121.5556
      121.1711
      120.9511
      120.9109
      120.9248
      121.0272
      121.2164
      121.4014
      121.6283
      121.8330
      121.9870
      122.1102
      122.1433
      122.1366
      122.0440
      121.9401
      121.8402
      121.6836
      121.4432
      121.1771
      120.9276
      120.6912
      120.4247
      120.1014
      119.6537
      119.1499
      118.6863
      118.3198
      118.1365
      118.0802
      117.9887
      117.7719
      117.5153
      117.3425
      117.2692
      117.2899
      117.2895
      117.2697
