 Flux gradient longwave
        3.5740
        3.0762
        3.1202
        3.1600
        3.1159
        2.9882
        2.7986
        2.5713
        2.3286
        2.0880
        1.8599
        1.6479
        1.4519
        1.2706
        1.1031
        0.9493
        0.8095
        0.6841
        0.5731
        0.4756
        0.3906
        0.3168
        0.2528
        0.1966
        0.1431
        0.0741
        0.0924
        0.1164
        0.1272
        0.1357
        0.1432
        0.1494
        0.1537
        0.1574
        0.1627
        0.1710
        0.1807
        0.1869
        0.1849
        0.1762
        0.1699
        0.1790
        0.2044
        0.2234
        0.2181
        0.1958
        0.1550
        0.0670
        0.0148
        0.0282
