 Surface temperature vs. time [K]
    270.0000
    262.5851
    255.8837
    249.8776
    244.4443
    239.4728
    234.8816
    230.6154
    226.6341
    222.9057
    219.4054
    216.1140
    213.0137
    210.0897
    207.3292
    204.7214
    202.2561
    199.9228
    197.7138
    195.6222
    193.6408
    191.7633
    189.9845
    188.2991
    186.7012
    185.1861
    183.7502
    182.3900
    181.1013
    179.8805
    178.7241
    177.6293
    176.5933
    175.6132
    174.6860
    173.8098
    172.9822
    172.2011
    171.4644
    170.7697
    170.1155
    169.4998
    168.9209
    168.3770
    167.8670
    167.3890
    166.9421
    166.5248
    166.1355
    165.7731
    165.4366
    165.1247
    164.8363
    164.5706
    164.3262
    164.1023
    163.8984
    163.7132
    163.5461
    163.3962
    163.2628
    163.1454
    163.0431
    162.9551
    162.8810
    162.8198
    162.7712
    162.7346
    162.7094
    162.6951
    162.6913
    162.6974
    162.7128
    162.7373
    162.7704
    162.8117
    162.8608
    162.9174
    162.9810
    163.0515
    163.1283
    163.2113
    163.3001
    163.3944
    163.4939
    163.5981
    163.7073
    163.8209
    163.9388
    164.0607
    164.1865
    164.3156
    164.4481
    164.5837
    164.7223
    164.8637
    165.0078
    165.1543
    165.3031
    165.4542
    165.6071
    165.7619
    165.9187
    166.0769
    166.2369
    166.3985
    166.5616
    166.7262
    166.8922
    167.0597
    167.2287
    167.3989
    167.5703
    167.7430
    167.9165
    168.0911
    168.2667
    168.4432
    168.6208
    168.7992
    168.9785
    169.1586
    169.3396
    169.5213
    169.7038
    169.8870
    170.0710
    170.2556
    170.4409
    170.6269
    170.8133
    171.0002
    171.1875
    171.3753
    171.5636
    171.7523
    171.9413
    172.1306
    172.3202
    172.5101
    172.7003
    172.8909
    173.0816
    173.2724
    173.4634
    173.6547
    173.8461
    174.0378
    174.2297
    174.4218
    174.6141
    174.8067
    174.9992
    175.1915
    175.3839
    175.5763
    175.7686
    175.9609
    176.1533
    176.3453
    176.5374
    176.7294
    176.9213
    177.1133
    177.3053
    177.4972
    177.6891
    177.8808
    178.0723
    178.2636
    178.4549
    178.6461
    178.8372
    179.0280
    179.2186
    179.4091
    179.5994
    179.7895
    179.9794
    180.1690
    180.3585
    180.5476
    180.7367
    180.9255
    181.1139
    181.3020
    181.4898
    181.6776
    181.8649
    182.0519
    182.2387
    182.4251
    182.6111
    182.7967
    182.9822
    183.1673
    183.3522
    183.5367
    183.7210
    183.9050
    184.0886
    184.2718
    184.4546
    184.6372
    184.8195
    185.0013
    185.1828
    185.3639
    185.5447
    185.7250
    185.9049
    186.0845
    186.2638
    186.4427
    186.6214
    186.7997
    186.9774
    187.1547
    187.3318
    187.5084
    187.6846
    187.8603
    188.0357
    188.2106
    188.3849
    188.5590
    188.7326
    188.9057
    189.0784
    189.2508
    189.4229
    189.5945
    189.7654
    189.9360
    190.1062
    190.2760
    190.4453
    190.6142
    190.7825
    190.9505
    191.1180
    191.2851
    191.4518
    191.6181
    191.7840
    191.9494
    192.1142
    192.2787
    192.4427
    192.6063
    192.7693
    192.9316
    193.0931
    193.2535
    193.4130
    193.5714
    193.7285
    193.8847
    194.0394
    194.1927
    194.3446
    194.4950
    194.6437
    194.7907
    194.9358
    195.0791
    195.2204
    195.3597
    195.4969
    195.6318
    195.7645
    195.8947
    196.0226
    196.1478
    196.2704
    196.3906
    196.5078
    196.6222
    196.7338
    196.8424
    196.9481
    197.0509
    197.1505
    197.2471
    197.3407
    197.4311
    197.5185
    197.6029
    197.6841
    197.7622
    197.8375
    197.9096
    197.9787
    198.0449
    198.1084
    198.1688
    198.2263
    198.2814
    198.3337
    198.3832
    198.4303
    198.4750
    198.5173
    198.5572
    198.5948
    198.6304
    198.6640
    198.6955
    198.7249
    198.7526
    198.7785
    198.8028
    198.8254
    198.8464
    198.8659
    198.8841
    198.9010
    198.9166
    198.9310
    198.9441
    198.9563
    198.9675
    198.9778
    198.9872
    198.9959
    199.0039
    199.0112
    199.0179
    199.0241
    199.0298
    199.0351
    199.0399
    199.0443
    199.0484
    199.0521
    199.0556
    199.0588
    199.0617
    199.0644
    199.0669
    199.0692
    199.0713
    199.0732
    199.0750
    199.0766
    199.0781
    199.0795
    199.0808
    199.0819
    199.0830
    199.0840
    199.0849
    199.0857
    199.0865
    199.0872
    199.0879
    199.0885
    199.0890
    199.0895
    199.0900
    199.0904
    199.0908
    199.0912
    199.0915
    199.0918
    199.0921
    199.0923
    199.0926
    199.0928
    199.0931
    199.0932
    199.0934
    199.0935
    199.0937
    199.0938
    199.0940
    199.0940
    199.0942
    199.0942
    199.0943
    199.0944
    199.0945
    199.0945
    199.0946
    199.0946
    199.0947
    199.0947
    199.0948
    199.0949
    199.0949
    199.0949
    199.0950
    199.0950
    199.0951
    199.0951
    199.0951
    199.0951
    199.0952
    199.0952
    199.0952
    199.0952
    199.0952
    199.0952
    199.0953
    199.0953
    199.0953
    199.0953
    199.0953
    199.0953
    199.0953
    199.0953
    199.0953
    199.0953
    199.0954
    199.0953
    199.0954
    199.0953
    199.0954
    199.0953
    199.0954
    199.0954
    199.0954
    199.0954
    199.0954
    199.0954
    199.0954
    199.0954
    199.0954
    199.0954
    199.0954
    199.0954
    199.0954
    199.0954
    199.0954
    199.0954
    199.0954
    199.0954
    199.0954
    199.0954
    199.0954
    199.0954
    199.0954
    199.0954
    199.0954
    199.0954
    199.0954
    199.0954
    199.0954
    199.0954
    199.0954
    199.0954
    199.0954
    199.0954
    199.0954
    199.0954
    199.0954
    199.0954
    199.0954
    199.0954
    199.0954
    199.0954
    199.0954
    199.0954
    199.0954
    199.0954
    199.0954
    199.0954
    199.0954
    199.0954
    199.0954
    199.0954
    199.0954
    199.0954
    199.0954
    199.0954
    199.0954
    199.0954
    199.0954
    199.0954
    199.0954
    199.0954
    199.0954
    199.0954
    199.0954
    199.0954
    199.0954
    199.0954
    199.0954
    199.0954
    199.0954
    199.0954
    199.0954
    199.0954
    199.0954
    199.0954
    199.0954
    199.0954
    199.0954
    199.0954
    199.0954
