 Longwave heating rate [K/s]
 -0.2284E-04
 -0.3726E-04
 -0.4940E-04
 -0.6399E-04
 -0.7360E-04
 -0.1064E-03
 -0.1394E-03
 -0.1757E-03
 -0.1784E-03
 -0.2206E-03
 -0.2049E-03
 -0.2848E-03
 -0.2500E-03
 -0.3327E-03
 -0.3511E-03
 -0.2911E-03
 -0.3107E-03
 -0.2135E-03
 -0.2465E-03
 -0.1957E-03
 -0.1891E-03
 -0.2537E-03
 -0.2490E-03
 -0.2457E-03
 -0.2860E-03
 -0.5512E-03
 -0.7545E-03
 -0.8871E-03
 -0.9695E-03
 -0.1006E-02
 -0.9986E-03
 -0.9487E-03
 -0.8553E-03
 -0.6949E-03
 -0.7347E-03
 -0.8614E-03
 -0.1067E-02
 -0.1286E-02
 -0.1513E-02
 -0.1721E-02
 -0.2059E-02
 -0.2365E-02
 -0.2964E-02
 -0.4254E-02
 -0.7113E-02
 -0.8791E-02
 -0.1824E-01
 -0.4763E-01
 -0.1096E+00
 -0.6090E+00
