 Species molar concentration at each layer [mol/mol]
  0.5000E-01
  0.9500E+00
  0.0000E+00
  0.1636E-02
  0.5000E-01
  0.9500E+00
  0.0000E+00
  0.5129E-02
  0.5000E-01
  0.9500E+00
  0.0000E+00
  0.5129E-02
  0.5000E-01
  0.9500E+00
  0.0000E+00
  0.5129E-02
  0.5000E-01
  0.9500E+00
  0.0000E+00
  0.5129E-02
  0.5000E-01
  0.9500E+00
  0.0000E+00
  0.5129E-02
  0.5000E-01
  0.9500E+00
  0.0000E+00
  0.5129E-02
  0.5000E-01
  0.9500E+00
  0.0000E+00
  0.3728E-02
  0.5000E-01
  0.9500E+00
  0.0000E+00
  0.2508E-02
  0.5000E-01
  0.9500E+00
  0.0000E+00
  0.1649E-02
  0.5000E-01
  0.9500E+00
  0.0000E+00
  0.1038E-02
  0.5000E-01
  0.9500E+00
  0.0000E+00
  0.6118E-03
  0.5000E-01
  0.9500E+00
  0.0000E+00
  0.3309E-03
  0.5000E-01
  0.9500E+00
  0.0000E+00
  0.1769E-03
  0.5000E-01
  0.9500E+00
  0.0000E+00
  0.8944E-04
  0.5000E-01
  0.9500E+00
  0.0000E+00
  0.4292E-04
  0.5000E-01
  0.9500E+00
  0.0000E+00
  0.2063E-04
  0.5000E-01
  0.9500E+00
  0.0000E+00
  0.9672E-05
  0.5000E-01
  0.9500E+00
  0.0000E+00
  0.4717E-05
  0.5000E-01
  0.9500E+00
  0.0000E+00
  0.2284E-05
  0.5000E-01
  0.9500E+00
  0.0000E+00
  0.1144E-05
  0.5000E-01
  0.9500E+00
  0.0000E+00
  0.6010E-06
  0.5000E-01
  0.9500E+00
  0.0000E+00
  0.3123E-06
  0.5000E-01
  0.9500E+00
  0.0000E+00
  0.1644E-06
  0.5000E-01
  0.9500E+00
  0.0000E+00
  0.9128E-07
  0.5000E-01
  0.9500E+00
  0.0000E+00
  0.5927E-07
  0.5000E-01
  0.9500E+00
  0.0000E+00
  0.3886E-07
  0.5000E-01
  0.9500E+00
  0.0000E+00
  0.2478E-07
  0.5000E-01
  0.9500E+00
  0.0000E+00
  0.1531E-07
  0.5000E-01
  0.9500E+00
  0.0000E+00
  0.9134E-08
  0.5000E-01
  0.9500E+00
  0.0000E+00
  0.5238E-08
  0.5000E-01
  0.9500E+00
  0.0000E+00
  0.2872E-08
  0.5000E-01
  0.9500E+00
  0.0000E+00
  0.1496E-08
  0.5000E-01
  0.9500E+00
  0.0000E+00
  0.7345E-09
  0.5000E-01
  0.9500E+00
  0.0000E+00
  0.4967E-09
  0.5000E-01
  0.9500E+00
  0.0000E+00
  0.4485E-09
  0.5000E-01
  0.9500E+00
  0.0000E+00
  0.4485E-09
  0.5000E-01
  0.9500E+00
  0.0000E+00
  0.4485E-09
  0.5000E-01
  0.9500E+00
  0.0000E+00
  0.4485E-09
  0.5000E-01
  0.9500E+00
  0.0000E+00
  0.4485E-09
  0.5000E-01
  0.9500E+00
  0.0000E+00
  0.4485E-09
  0.5000E-01
  0.9500E+00
  0.0000E+00
  0.4485E-09
  0.5000E-01
  0.9500E+00
  0.0000E+00
  0.4485E-09
  0.5000E-01
  0.9500E+00
  0.0000E+00
  0.4485E-09
  0.5000E-01
  0.9500E+00
  0.0000E+00
  0.4485E-09
  0.5000E-01
  0.9500E+00
  0.0000E+00
  0.4485E-09
  0.5000E-01
  0.9500E+00
  0.0000E+00
  0.4485E-09
  0.5000E-01
  0.9500E+00
  0.0000E+00
  0.4485E-09
  0.5000E-01
  0.9500E+00
  0.0000E+00
  0.4485E-09
  0.5000E-01
  0.9500E+00
  0.0000E+00
  0.4485E-09
