 Spectral ground shortwave flux [W/m2/cm^-1]
  0.0000E+00
  0.0000E+00
  0.0000E+00
  0.0000E+00
  0.0000E+00
  0.0000E+00
  0.0000E+00
  0.0000E+00
  0.0000E+00
  0.0000E+00
  0.0000E+00
  0.0000E+00
  0.0000E+00
  0.0000E+00
  0.0000E+00
  0.0000E+00
  0.0000E+00
  0.0000E+00
  0.0000E+00
  0.0000E+00
  0.0000E+00
  0.0000E+00
  0.0000E+00
  0.0000E+00
  0.0000E+00
  0.0000E+00
  0.0000E+00
  0.0000E+00
  0.0000E+00
  0.0000E+00
  0.0000E+00
  0.0000E+00
  0.0000E+00
  0.0000E+00
  0.7323E-12
  0.4471E-07
  0.1827E-23
  0.0000E+00
  0.0000E+00
  0.0000E+00
  0.1066E-13
  0.0000E+00
  0.0000E+00
  0.0000E+00
  0.5031E-25
  0.2215E-03
  0.1972E-06
  0.6032E-12
  0.9839E-06
  0.0000E+00
  0.0000E+00
  0.0000E+00
  0.1583E-19
  0.0000E+00
  0.0000E+00
  0.0000E+00
  0.0000E+00
  0.0000E+00
  0.0000E+00
  0.0000E+00
  0.0000E+00
  0.0000E+00
  0.0000E+00
  0.0000E+00
  0.0000E+00
  0.0000E+00
  0.0000E+00
  0.0000E+00
  0.0000E+00
  0.0000E+00
  0.0000E+00
  0.0000E+00
  0.0000E+00
  0.0000E+00
  0.0000E+00
  0.0000E+00
  0.0000E+00
  0.0000E+00
  0.0000E+00
  0.0000E+00
  0.0000E+00
  0.0000E+00
  0.0000E+00
  0.0000E+00
  0.0000E+00
  0.0000E+00
  0.0000E+00
  0.1060E-12
  0.0000E+00
  0.0000E+00
  0.0000E+00
  0.0000E+00
  0.0000E+00
  0.0000E+00
  0.0000E+00
  0.0000E+00
  0.0000E+00
  0.0000E+00
  0.0000E+00
  0.2443E-29
  0.1034E-27
  0.6653E-22
  0.4015E-03
  0.1669E-07
  0.0000E+00
  0.0000E+00
  0.1956E-12
  0.6771E-05
  0.8520E-03
  0.1174E-05
  0.3905E-15
  0.3955E-15
  0.1118E-06
  0.6090E-04
  0.1247E-02
  0.8824E-03
  0.3005E-03
  0.3447E-03
  0.1049E-04
  0.2503E-28
  0.7283E-29
  0.0000E+00
  0.0000E+00
  0.0000E+00
  0.0000E+00
  0.0000E+00
  0.0000E+00
  0.0000E+00
  0.0000E+00
  0.0000E+00
  0.0000E+00
  0.0000E+00
  0.0000E+00
  0.0000E+00
  0.0000E+00
  0.0000E+00
  0.0000E+00
  0.0000E+00
  0.0000E+00
  0.0000E+00
  0.0000E+00
  0.0000E+00
  0.0000E+00
  0.0000E+00
  0.0000E+00
  0.0000E+00
  0.0000E+00
  0.0000E+00
  0.0000E+00
  0.0000E+00
  0.0000E+00
  0.0000E+00
  0.0000E+00
  0.0000E+00
  0.0000E+00
  0.0000E+00
  0.0000E+00
  0.0000E+00
  0.0000E+00
  0.0000E+00
  0.0000E+00
  0.0000E+00
  0.1774E-24
  0.0000E+00
  0.0000E+00
  0.1115E-08
  0.5202E-11
  0.1764E-04
  0.1325E-06
  0.9441E-03
  0.6084E-05
  0.3098E-02
  0.1534E-02
  0.4637E-02
  0.4093E-02
  0.4855E-02
  0.4244E-02
  0.1433E-03
  0.3534E-02
  0.3852E-02
  0.1327E-02
  0.9488E-03
  0.1322E-03
  0.1387E-05
  0.5800E-21
  0.0000E+00
  0.0000E+00
  0.4476E-06
  0.3204E-12
  0.0000E+00
  0.0000E+00
  0.0000E+00
  0.0000E+00
  0.0000E+00
  0.0000E+00
  0.0000E+00
  0.0000E+00
  0.0000E+00
  0.0000E+00
  0.0000E+00
  0.0000E+00
  0.0000E+00
  0.0000E+00
  0.0000E+00
  0.0000E+00
  0.0000E+00
  0.0000E+00
  0.0000E+00
  0.0000E+00
  0.0000E+00
  0.0000E+00
  0.0000E+00
  0.0000E+00
  0.0000E+00
  0.0000E+00
  0.0000E+00
  0.0000E+00
  0.0000E+00
  0.0000E+00
  0.0000E+00
  0.0000E+00
  0.0000E+00
  0.0000E+00
  0.6827E-24
  0.0000E+00
  0.6308E-11
  0.8428E-04
  0.4962E-07
  0.3029E-03
  0.3317E-03
  0.2438E-02
  0.3631E-02
  0.1480E-02
  0.6995E-03
  0.1202E-03
  0.3236E-03
  0.5620E-02
  0.1276E-02
  0.8265E-04
  0.1297E-05
  0.7603E-13
  0.1200E-14
  0.0000E+00
  0.0000E+00
  0.0000E+00
  0.1392E-16
  0.5075E-11
  0.0000E+00
  0.0000E+00
  0.0000E+00
  0.0000E+00
  0.2408E-06
  0.0000E+00
  0.0000E+00
  0.0000E+00
  0.0000E+00
  0.1872E-03
  0.3315E-02
  0.1531E-03
  0.0000E+00
  0.0000E+00
  0.0000E+00
  0.4001E-22
  0.6936E-03
  0.1418E-03
  0.8904E-07
  0.1321E-07
  0.0000E+00
  0.7778E-26
  0.1384E-24
  0.0000E+00
  0.0000E+00
  0.0000E+00
  0.4114E-25
  0.2726E-16
  0.0000E+00
  0.0000E+00
  0.0000E+00
  0.0000E+00
  0.0000E+00
  0.0000E+00
  0.0000E+00
  0.0000E+00
  0.0000E+00
  0.0000E+00
  0.0000E+00
  0.0000E+00
  0.0000E+00
  0.0000E+00
  0.0000E+00
  0.0000E+00
  0.0000E+00
  0.0000E+00
  0.0000E+00
  0.0000E+00
  0.0000E+00
  0.0000E+00
  0.0000E+00
  0.0000E+00
  0.0000E+00
  0.1196E-27
  0.2085E-10
  0.8323E-10
  0.0000E+00
  0.0000E+00
  0.2298E-07
  0.3306E-04
  0.1578E-02
  0.1517E-05
  0.1084E-16
  0.3650E-11
  0.2026E-02
  0.4387E-02
  0.3225E-02
  0.4542E-02
  0.3549E-02
  0.3925E-03
  0.6659E-03
  0.1734E-02
  0.1684E-02
  0.3926E-02
  0.3612E-02
  0.8043E-04
  0.4048E-05
  0.2599E-08
  0.8803E-10
  0.4226E-23
  0.0000E+00
  0.0000E+00
  0.3018E-07
  0.0000E+00
  0.0000E+00
  0.0000E+00
  0.1406E-04
  0.5830E-03
  0.1624E-04
  0.4096E-03
  0.4374E-03
  0.1143E-04
  0.1328E-03
  0.2681E-03
  0.9315E-06
  0.2003E-03
  0.1419E-04
  0.5078E-06
  0.5682E-10
  0.1217E-16
  0.0000E+00
  0.0000E+00
  0.0000E+00
  0.0000E+00
  0.9097E-26
  0.0000E+00
  0.0000E+00
  0.0000E+00
  0.0000E+00
  0.0000E+00
  0.0000E+00
  0.0000E+00
  0.8949E-15
  0.6086E-08
  0.1105E-03
  0.2259E-06
  0.1057E-03
  0.3684E-03
  0.7418E-03
  0.8024E-03
  0.7467E-03
  0.2973E-05
  0.8558E-03
  0.1461E-02
  0.4113E-03
  0.4373E-03
  0.1785E-02
  0.1214E-02
  0.1556E-05
  0.6518E-05
  0.2779E-02
  0.1514E-02
  0.5822E-04
  0.4596E-10
  0.1563E-25
  0.2877E-02
  0.2175E-02
  0.3655E-04
  0.1863E-03
  0.2040E-02
  0.2959E-02
  0.2961E-02
  0.2585E-02
  0.2878E-02
  0.2808E-02
  0.2693E-02
  0.2683E-02
  0.2487E-02
  0.2239E-02
  0.1534E-02
  0.2572E-02
  0.2048E-02
  0.1181E-02
  0.2361E-02
  0.2328E-02
  0.2288E-02
  0.2363E-02
  0.2210E-02
  0.1384E-02
  0.2542E-03
  0.8971E-03
  0.5246E-04
  0.2911E-03
  0.3259E-06
  0.1386E-06
  0.7192E-07
  0.6108E-04
  0.2808E-06
  0.2301E-05
  0.9341E-11
  0.3994E-08
  0.1651E-10
  0.4546E-14
  0.1036E-26
  0.0000E+00
  0.1063E-19
  0.1279E-15
  0.0000E+00
  0.1022E-11
  0.0000E+00
  0.0000E+00
  0.0000E+00
  0.0000E+00
  0.1985E-09
  0.8028E-05
  0.5996E-05
  0.4232E-04
  0.3572E-04
  0.1180E-03
  0.4265E-04
  0.5831E-04
  0.1089E-04
  0.4808E-05
  0.1372E-05
  0.5707E-06
  0.7238E-05
  0.2411E-08
  0.9561E-11
  0.1704E-09
  0.2772E-04
  0.4262E-03
  0.1352E-02
  0.1334E-02
  0.1330E-02
  0.1531E-02
  0.1717E-02
  0.1562E-02
  0.1487E-02
  0.1622E-02
  0.1502E-02
  0.1495E-02
  0.7476E-03
  0.3085E-03
  0.3142E-05
  0.1367E-02
  0.1490E-02
  0.1494E-02
  0.1411E-02
  0.1359E-02
  0.1265E-02
  0.1286E-02
  0.8853E-03
  0.1053E-02
  0.9922E-03
  0.1120E-02
  0.1132E-02
  0.1047E-02
  0.8931E-03
  0.9897E-03
  0.9300E-03
  0.9219E-03
  0.5694E-03
  0.6999E-03
  0.3846E-03
  0.3585E-03
  0.1097E-03
  0.7421E-08
  0.3486E-05
  0.6880E-04
  0.1800E-05
  0.5018E-03
  0.1393E-08
  0.3808E-04
  0.1916E-04
  0.1562E-04
  0.2514E-03
  0.5604E-03
  0.5743E-03
  0.8500E-03
  0.9498E-03
  0.6446E-03
  0.5392E-03
  0.6447E-03
  0.6633E-03
  0.7834E-03
  0.2219E-03
  0.7579E-03
  0.4233E-03
  0.5808E-03
  0.5060E-03
  0.1350E-03
  0.6817E-03
  0.7029E-03
  0.4842E-03
  0.5877E-04
  0.7519E-03
  0.7087E-03
  0.7211E-03
  0.6687E-03
  0.6402E-03
  0.7034E-03
  0.6373E-03
  0.6173E-03
  0.6403E-03
  0.5796E-03
  0.6819E-03
  0.6720E-03
  0.6779E-03
  0.6623E-03
  0.6958E-03
  0.7159E-03
  0.7467E-03
  0.7359E-03
  0.7275E-03
  0.7129E-03
  0.6840E-03
  0.6664E-03
  0.6658E-03
  0.6304E-03
  0.6236E-03
  0.6054E-03
  0.6007E-03
  0.5060E-03
  0.5100E-03
  0.4778E-03
  0.4156E-03
  0.1244E-03
  0.3290E-03
  0.5274E-04
  0.1237E-03
  0.1085E-03
  0.1119E-04
  0.2398E-04
  0.6593E-05
  0.2136E-08
  0.7481E-09
  0.3825E-05
  0.1004E-03
  0.2880E-11
  0.1885E-06
  0.5927E-05
  0.9093E-04
  0.9847E-04
  0.1148E-03
  0.1621E-03
  0.1567E-03
  0.1235E-03
  0.1505E-03
  0.1545E-03
  0.1128E-03
  0.1578E-03
  0.1372E-03
  0.6390E-04
  0.7124E-04
  0.3614E-04
  0.3962E-04
  0.1142E-03
  0.6320E-04
  0.2783E-04
  0.1965E-04
  0.5424E-04
  0.1510E-03
  0.1441E-03
  0.1364E-03
  0.1564E-03
  0.1437E-03
  0.1319E-03
  0.1423E-03
  0.1323E-03
  0.1146E-03
  0.1157E-03
  0.1093E-03
  0.9732E-04
  0.1117E-03
  0.1080E-03
  0.8974E-04
  0.9741E-04
  0.8661E-04
  0.8802E-04
  0.9411E-04
  0.1016E-03
  0.7948E-04
  0.1011E-03
  0.8135E-04
  0.7448E-04
  0.9033E-04
  0.6975E-04
  0.6756E-04
  0.7075E-04
  0.6075E-04
  0.4867E-04
  0.3917E-04
  0.3396E-04
  0.2301E-04
  0.3099E-04
  0.2817E-04
  0.1945E-04
  0.2324E-04
  0.2412E-04
  0.1887E-04
  0.2260E-04
  0.4374E-04
  0.4639E-04
  0.4629E-04
  0.4300E-04
  0.3358E-04
  0.3432E-04
  0.3455E-04
  0.2851E-04
  0.2679E-04
  0.2921E-04
  0.2818E-04
  0.2427E-04
  0.3278E-04
  0.3741E-04
  0.2721E-04
  0.3104E-04
  0.2534E-04
  0.2407E-04
  0.2357E-04
  0.1999E-04
  0.1952E-04
  0.2102E-04
  0.1930E-04
  0.1722E-04
  0.2441E-04
  0.2502E-04
  0.2860E-04
  0.2945E-04
  0.2676E-04
  0.2532E-04
  0.2456E-04
  0.2670E-04
  0.3113E-04
  0.2640E-04
  0.3580E-04
  0.3397E-04
  0.3264E-04
  0.2955E-04
  0.2607E-04
  0.2827E-04
  0.2625E-04
  0.2455E-04
  0.2417E-04
  0.2674E-04
  0.2416E-04
  0.2132E-04
  0.2650E-04
  0.2801E-04
  0.2819E-04
  0.2019E-04
  0.2438E-04
  0.1968E-04
  0.1954E-04
  0.1344E-04
  0.1197E-04
  0.1646E-04
  0.1723E-04
  0.1098E-04
  0.1340E-04
  0.1180E-04
  0.1239E-04
  0.7382E-05
  0.1893E-04
  0.2301E-04
  0.2229E-04
  0.2450E-04
  0.2904E-04
  0.2689E-04
  0.2676E-04
  0.2357E-04
  0.2416E-04
  0.2353E-04
  0.1996E-04
  0.1519E-04
  0.1957E-04
  0.1602E-04
  0.1399E-04
  0.1359E-04
  0.1350E-04
  0.1459E-04
  0.1254E-04
  0.1338E-04
  0.1287E-04
  0.1098E-04
  0.1312E-04
  0.1141E-04
  0.1162E-04
  0.9745E-05
  0.7839E-05
  0.9490E-05
  0.6922E-05
  0.7255E-05
  0.8364E-05
  0.7889E-05
  0.7350E-05
  0.7377E-05
  0.6529E-05
  0.7296E-05
  0.7171E-05
  0.7954E-05
  0.7093E-05
  0.5947E-05
  0.8260E-05
  0.8999E-05
  0.7458E-05
  0.7189E-05
  0.7441E-05
  0.5304E-05
  0.5028E-05
  0.5539E-05
  0.5953E-05
  0.5629E-05
  0.4406E-05
  0.3911E-05
  0.4375E-05
  0.3162E-05
  0.4938E-05
  0.5413E-05
  0.4240E-05
  0.5158E-05
  0.5325E-05
  0.3504E-05
  0.4702E-05
  0.3850E-05
  0.4206E-05
  0.4997E-05
  0.3924E-05
  0.4342E-05
  0.5059E-05
  0.4526E-05
  0.3672E-05
  0.3942E-05
  0.2448E-05
  0.3769E-05
  0.4201E-05
  0.4645E-05
  0.3750E-05
  0.3737E-05
  0.3811E-05
  0.3511E-05
  0.1816E-05
  0.1737E-05
  0.2754E-05
  0.1884E-05
  0.1821E-05
  0.2694E-05
  0.2344E-05
  0.2129E-05
  0.1896E-05
  0.1198E-05
  0.1175E-05
  0.1402E-05
  0.8964E-06
  0.8079E-06
  0.8002E-06
  0.4393E-06
  0.1264E-05
  0.1599E-05
  0.8796E-06
  0.1262E-05
  0.1098E-05
  0.9035E-06
  0.8251E-06
  0.1006E-05
  0.7822E-06
  0.1060E-05
  0.7815E-06
  0.6761E-06
  0.7267E-06
  0.6779E-06
  0.6236E-06
  0.6611E-06
  0.7650E-06
  0.5448E-06
  0.8715E-06
  0.5324E-06
  0.6524E-06
  0.6374E-06
  0.4653E-06
  0.3859E-06
  0.4347E-06
  0.4694E-06
  0.5598E-06
  0.4925E-06
  0.3999E-06
  0.3790E-06
  0.4229E-06
  0.3164E-06
  0.3652E-06
  0.7673E-06
  0.8295E-06
  0.6171E-06
  0.7262E-06
  0.7127E-06
  0.5135E-06
  0.7207E-06
  0.6092E-06
  0.5541E-06
  0.5470E-06
  0.4489E-06
  0.3475E-06
  0.3420E-06
  0.2817E-06
  0.2865E-06
  0.3007E-06
  0.2532E-06
  0.2220E-06
  0.2543E-06
  0.2358E-06
  0.2221E-06
  0.1980E-06
  0.1684E-06
  0.1663E-06
  0.9214E-07
  0.1401E-06
  0.1496E-06
  0.1734E-06
  0.1648E-06
  0.1404E-06
  0.1703E-06
  0.1145E-06
  0.9311E-07
  0.1551E-06
  0.1951E-06
  0.2088E-06
  0.1328E-06
  0.1761E-06
  0.1018E-06
  0.1380E-06
  0.1469E-06
  0.1570E-06
  0.9631E-07
  0.1258E-06
  0.1379E-06
  0.1051E-06
  0.1095E-06
  0.6698E-07
  0.8472E-07
  0.6788E-07
  0.9174E-07
  0.1103E-06
  0.7770E-07
  0.4529E-07
  0.6336E-07
  0.5436E-07
  0.4520E-07
  0.6092E-07
  0.6496E-07
  0.6472E-07
  0.6998E-07
  0.3714E-07
  0.3553E-07
  0.4103E-07
  0.4124E-07
  0.4443E-07
  0.3280E-07
  0.4709E-07
  0.4450E-07
  0.3859E-07
  0.4415E-07
  0.3052E-07
  0.2053E-07
  0.2917E-07
  0.2451E-07
  0.2535E-07
  0.1459E-07
  0.2170E-07
  0.2799E-07
  0.2539E-07
  0.2751E-07
  0.2710E-07
  0.1870E-07
  0.1642E-07
  0.1826E-07
  0.1374E-07
  0.1508E-07
  0.8665E-08
  0.1370E-07
  0.9352E-08
  0.5314E-08
  0.9887E-08
  0.1278E-07
  0.1043E-07
  0.4892E-08
  0.9181E-08
  0.5178E-08
  0.7126E-08
  0.7362E-08
  0.7937E-08
  0.3510E-08
  0.6228E-08
  0.6984E-08
  0.4508E-08
  0.3376E-08
  0.2661E-08
  0.4308E-08
  0.3979E-08
  0.5623E-08
  0.6589E-08
  0.4526E-08
  0.3833E-08
  0.4941E-08
  0.3164E-08
  0.2695E-08
  0.4202E-08
  0.2948E-08
  0.1669E-08
  0.2408E-08
  0.2483E-08
  0.1868E-08
  0.9837E-09
  0.1308E-08
  0.9882E-09
  0.1142E-08
  0.5422E-09
  0.9457E-09
  0.9419E-09
  0.3620E-09
  0.6671E-09
  0.1136E-08
  0.9422E-09
  0.4463E-09
  0.3736E-09
  0.8884E-09
  0.1044E-08
  0.5326E-09
  0.3090E-09
  0.1882E-09
  0.1143E-09
  0.3371E-09
  0.2971E-09
  0.4878E-09
  0.8322E-09
  0.1969E-09
  0.3469E-09
  0.5151E-09
  0.3404E-09
  0.5290E-09
  0.4642E-09
  0.2493E-09
  0.2837E-09
  0.2096E-09
  0.2402E-09
  0.3975E-09
  0.3202E-09
  0.1449E-09
  0.2811E-09
  0.1806E-09
  0.1307E-09
  0.1023E-09
  0.2187E-09
  0.2742E-09
  0.1179E-09
  0.1512E-09
  0.1238E-09
  0.1832E-09
  0.1058E-09
  0.1310E-09
  0.1066E-09
  0.1554E-09
  0.1458E-09
  0.9652E-10
  0.5684E-10
  0.7272E-10
  0.5710E-10
  0.5453E-10
  0.5157E-10
  0.4258E-10
  0.4899E-10
  0.4209E-10
  0.2349E-10
  0.3997E-10
  0.3437E-10
  0.7790E-11
  0.2260E-10
  0.2978E-10
  0.4670E-10
  0.5411E-10
  0.3956E-10
  0.3310E-10
  0.2445E-10
  0.2221E-10
  0.2172E-10
  0.2561E-10
  0.1487E-10
  0.1285E-10
  0.6861E-11
  0.6878E-11
  0.3669E-11
  0.1177E-11
  0.2379E-11
  0.2113E-11
  0.3151E-11
  0.5467E-11
  0.3133E-11
  0.2472E-11
  0.1959E-11
  0.1443E-11
  0.4251E-12
  0.6997E-12
  0.1432E-11
  0.1185E-11
  0.1622E-11
  0.2819E-11
  0.2619E-11
  0.9342E-12
  0.1665E-11
  0.6042E-12
  0.9959E-12
  0.1381E-11
  0.6405E-12
  0.7561E-12
  0.6570E-12
  0.5325E-12
  0.1061E-11
  0.1091E-11
  0.5069E-12
  0.3329E-12
  0.1952E-12
  0.5376E-12
  0.6151E-12
  0.6390E-12
  0.6279E-12
  0.3212E-12
  0.3485E-12
  0.3011E-12
  0.2743E-12
  0.9575E-13
  0.1251E-12
  0.2233E-12
  0.3965E-12
  0.6057E-12
  0.3400E-12
  0.4991E-12
  0.1456E-12
  0.2765E-12
  0.3079E-12
  0.1313E-12
  0.4382E-12
  0.3232E-12
  0.2210E-12
  0.2136E-12
  0.1886E-12
  0.8640E-13
  0.9964E-13
  0.5511E-13
  0.1068E-12
  0.6462E-13
  0.2100E-13
  0.1659E-13
  0.2913E-13
  0.1967E-13
  0.1308E-13
  0.2267E-13
  0.2510E-13
  0.2634E-13
  0.7751E-14
  0.1226E-13
  0.2896E-13
  0.3593E-13
  0.1425E-13
  0.1255E-13
  0.5412E-13
  0.4473E-13
  0.2294E-13
  0.4552E-13
  0.9549E-14
  0.2111E-13
  0.8835E-14
  0.1471E-13
  0.1462E-13
  0.1071E-13
  0.2283E-13
  0.1635E-13
  0.1981E-13
  0.9696E-14
  0.9045E-14
  0.6371E-14
  0.4741E-14
  0.5768E-14
  0.9673E-14
  0.4885E-14
  0.4424E-14
  0.3220E-14
  0.8314E-14
  0.4334E-14
  0.2141E-14
  0.2715E-14
  0.2420E-14
  0.1832E-14
  0.1116E-14
  0.9530E-15
  0.2059E-14
  0.1519E-14
  0.5279E-15
  0.9386E-15
  0.6435E-15
  0.6801E-15
  0.3231E-15
  0.3371E-15
  0.7312E-15
  0.6682E-15
  0.6402E-15
  0.4654E-15
  0.7498E-15
  0.8724E-15
  0.3782E-15
  0.8739E-15
  0.6719E-15
  0.2824E-15
  0.7160E-15
  0.1070E-14
  0.2900E-15
  0.3901E-15
  0.3900E-15
  0.2037E-15
  0.7311E-16
  0.1653E-15
  0.1819E-15
  0.7876E-16
  0.1233E-15
  0.2002E-15
  0.1963E-15
  0.1238E-15
  0.6396E-16
  0.3434E-16
  0.6859E-16
  0.2802E-16
  0.8174E-16
  0.4882E-16
  0.9497E-16
  0.5419E-16
  0.1200E-16
  0.3363E-16
  0.3477E-16
  0.1475E-16
  0.1610E-16
  0.1934E-16
  0.1655E-16
  0.2248E-16
  0.1694E-16
  0.1226E-16
  0.6584E-17
  0.4355E-17
  0.4760E-17
  0.8862E-17
  0.7989E-17
  0.1283E-16
  0.1219E-16
  0.1029E-16
  0.6042E-17
  0.8892E-17
  0.4594E-17
  0.1300E-17
  0.6128E-17
  0.4852E-17
  0.3114E-17
  0.4232E-17
  0.2865E-17
  0.4211E-17
  0.1397E-17
  0.1859E-17
  0.3349E-17
  0.1724E-17
  0.1987E-17
  0.1526E-17
  0.1420E-17
  0.7711E-18
  0.6074E-18
  0.7756E-18
  0.1055E-17
  0.4207E-18
  0.5900E-18
  0.5107E-18
  0.9281E-18
  0.3979E-18
  0.5119E-18
  0.6172E-18
  0.3360E-18
  0.5317E-18
  0.3817E-18
  0.2258E-18
  0.2675E-18
  0.2231E-18
  0.1597E-18
  0.1488E-18
  0.1933E-18
  0.7834E-19
  0.8422E-19
  0.1254E-18
  0.1916E-18
  0.8908E-19
  0.2978E-19
  0.2451E-18
  0.1210E-18
  0.8419E-19
  0.1042E-18
  0.7137E-19
  0.5600E-19
  0.3250E-19
  0.3590E-19
  0.3436E-19
  0.3316E-19
  0.1391E-19
  0.1369E-19
  0.2594E-19
  0.1778E-19
  0.2177E-19
  0.8527E-20
  0.1061E-19
  0.1348E-19
  0.7046E-20
  0.3472E-20
  0.4741E-20
  0.5297E-20
  0.3814E-20
  0.3926E-20
  0.3310E-20
  0.3013E-20
  0.2746E-20
  0.2168E-20
  0.1451E-20
  0.1544E-20
  0.7428E-21
  0.2337E-20
  0.1048E-20
  0.8811E-21
  0.8922E-21
  0.1063E-20
  0.7559E-21
  0.6071E-21
  0.4085E-21
  0.5112E-21
  0.5606E-21
  0.1321E-21
  0.3019E-21
  0.4527E-21
  0.1031E-21
  0.2233E-21
  0.3929E-21
  0.2631E-21
  0.3577E-21
  0.1272E-21
  0.1533E-21
  0.1033E-21
  0.1500E-21
  0.5748E-22
  0.3486E-22
  0.1423E-21
  0.7961E-22
  0.7257E-22
  0.7930E-22
  0.5456E-22
  0.2013E-22
  0.1578E-22
  0.1943E-22
  0.4583E-22
  0.2067E-22
  0.9597E-23
  0.1019E-22
  0.1670E-22
  0.1421E-22
  0.1135E-22
  0.8487E-23
  0.6428E-23
  0.4798E-23
  0.6397E-23
  0.6134E-23
  0.5624E-23
  0.3231E-23
  0.2778E-23
  0.1496E-23
  0.3238E-23
  0.1853E-23
  0.9982E-24
  0.1211E-23
  0.1166E-23
  0.1689E-23
  0.9529E-24
  0.5115E-24
  0.6368E-24
  0.6556E-24
  0.4645E-24
  0.5251E-24
  0.1014E-23
  0.1065E-24
  0.3364E-24
  0.2407E-24
  0.1910E-24
  0.1202E-24
  0.8413E-25
  0.1456E-24
  0.1238E-24
  0.7174E-25
  0.8915E-25
  0.8241E-25
  0.4466E-25
  0.5103E-25
  0.3094E-25
  0.4560E-25
  0.4630E-25
  0.3390E-25
  0.2707E-25
  0.8967E-26
  0.1777E-25
  0.4831E-26
  0.4842E-26
  0.1029E-25
  0.1087E-25
  0.9997E-26
  0.8430E-26
  0.3675E-26
  0.7468E-26
  0.4287E-26
  0.2609E-26
  0.3451E-26
  0.3774E-26
  0.1718E-26
  0.2782E-26
  0.2047E-26
  0.5255E-27
  0.9483E-27
  0.8448E-27
  0.1518E-26
  0.9295E-27
  0.7758E-27
  0.5528E-27
  0.3813E-27
  0.3976E-27
  0.2084E-27
  0.2532E-27
  0.4545E-27
  0.4882E-27
  0.3220E-27
  0.1578E-27
  0.1266E-27
  0.1724E-27
  0.1008E-27
  0.6422E-28
  0.1043E-27
  0.4880E-28
  0.6190E-28
  0.8351E-28
  0.3931E-28
  0.5262E-28
  0.4530E-28
  0.4111E-28
  0.1606E-28
  0.2448E-28
  0.1763E-28
  0.1576E-28
  0.1698E-28
  0.1748E-28
  0.1548E-28
  0.7935E-29
  0.4712E-29
  0.4879E-29
  0.5302E-29
  0.4193E-29
  0.3620E-29
  0.2521E-29
  0.3362E-29
  0.4256E-29
  0.1492E-29
  0.1736E-29
  0.1974E-29
  0.1058E-29
  0.0000E+00
  0.0000E+00
  0.0000E+00
  0.0000E+00
  0.0000E+00
  0.0000E+00
  0.0000E+00
  0.0000E+00
  0.0000E+00
  0.0000E+00
  0.0000E+00
  0.0000E+00
  0.0000E+00
  0.0000E+00
  0.0000E+00
  0.0000E+00
  0.0000E+00
  0.0000E+00
  0.0000E+00
  0.0000E+00
  0.0000E+00
  0.0000E+00
  0.0000E+00
  0.0000E+00
  0.0000E+00
  0.0000E+00
  0.0000E+00
  0.0000E+00
  0.0000E+00
  0.0000E+00
  0.0000E+00
  0.0000E+00
  0.0000E+00
  0.0000E+00
  0.0000E+00
  0.0000E+00
  0.0000E+00
  0.0000E+00
  0.0000E+00
  0.0000E+00
  0.0000E+00
  0.0000E+00
  0.0000E+00
  0.0000E+00
  0.0000E+00
  0.0000E+00
  0.0000E+00
  0.0000E+00
  0.0000E+00
  0.0000E+00
  0.0000E+00
  0.0000E+00
  0.0000E+00
  0.0000E+00
  0.0000E+00
  0.0000E+00
  0.0000E+00
  0.0000E+00
  0.0000E+00
  0.0000E+00
  0.0000E+00
  0.0000E+00
  0.0000E+00
  0.0000E+00
  0.0000E+00
  0.0000E+00
  0.0000E+00
  0.0000E+00
  0.0000E+00
  0.0000E+00
  0.0000E+00
  0.0000E+00
  0.0000E+00
  0.0000E+00
  0.0000E+00
  0.0000E+00
  0.0000E+00
  0.0000E+00
  0.0000E+00
  0.0000E+00
  0.0000E+00
  0.0000E+00
  0.0000E+00
  0.0000E+00
  0.0000E+00
  0.0000E+00
  0.0000E+00
  0.0000E+00
  0.0000E+00
  0.0000E+00
  0.0000E+00
  0.0000E+00
  0.0000E+00
  0.0000E+00
  0.0000E+00
  0.0000E+00
  0.0000E+00
  0.0000E+00
  0.0000E+00
  0.0000E+00
  0.0000E+00
  0.0000E+00
  0.0000E+00
  0.0000E+00
  0.0000E+00
  0.0000E+00
  0.0000E+00
  0.0000E+00
  0.0000E+00
  0.0000E+00
  0.0000E+00
  0.0000E+00
  0.0000E+00
  0.0000E+00
  0.0000E+00
  0.0000E+00
  0.0000E+00
  0.0000E+00
  0.0000E+00
  0.0000E+00
  0.0000E+00
  0.0000E+00
  0.0000E+00
  0.0000E+00
  0.0000E+00
  0.0000E+00
  0.0000E+00
  0.0000E+00
  0.0000E+00
  0.0000E+00
  0.0000E+00
  0.0000E+00
  0.0000E+00
  0.0000E+00
  0.0000E+00
  0.0000E+00
  0.0000E+00
  0.0000E+00
  0.0000E+00
  0.0000E+00
  0.0000E+00
  0.0000E+00
  0.0000E+00
  0.0000E+00
  0.0000E+00
  0.0000E+00
  0.0000E+00
  0.0000E+00
  0.0000E+00
  0.0000E+00
  0.0000E+00
  0.0000E+00
  0.0000E+00
  0.0000E+00
  0.0000E+00
  0.0000E+00
  0.0000E+00
  0.0000E+00
  0.0000E+00
  0.0000E+00
  0.0000E+00
  0.0000E+00
  0.0000E+00
  0.0000E+00
  0.0000E+00
  0.0000E+00
  0.0000E+00
  0.0000E+00
  0.0000E+00
  0.0000E+00
  0.0000E+00
  0.0000E+00
  0.0000E+00
  0.0000E+00
  0.0000E+00
  0.0000E+00
  0.0000E+00
  0.0000E+00
  0.0000E+00
  0.0000E+00
  0.0000E+00
  0.0000E+00
  0.0000E+00
  0.0000E+00
  0.0000E+00
  0.0000E+00
  0.0000E+00
  0.0000E+00
  0.0000E+00
  0.0000E+00
  0.0000E+00
  0.0000E+00
  0.0000E+00
  0.0000E+00
  0.0000E+00
  0.0000E+00
  0.0000E+00
  0.0000E+00
  0.0000E+00
  0.0000E+00
  0.0000E+00
  0.0000E+00
  0.0000E+00
  0.0000E+00
  0.0000E+00
  0.0000E+00
  0.0000E+00
  0.0000E+00
  0.0000E+00
  0.0000E+00
  0.0000E+00
  0.0000E+00
  0.0000E+00
  0.0000E+00
  0.0000E+00
  0.0000E+00
  0.0000E+00
  0.0000E+00
  0.0000E+00
  0.0000E+00
  0.0000E+00
  0.0000E+00
  0.0000E+00
  0.0000E+00
  0.0000E+00
  0.0000E+00
  0.0000E+00
  0.0000E+00
  0.0000E+00
  0.0000E+00
  0.0000E+00
  0.0000E+00
  0.0000E+00
  0.0000E+00
  0.0000E+00
  0.0000E+00
  0.0000E+00
  0.0000E+00
  0.0000E+00
  0.0000E+00
  0.0000E+00
  0.0000E+00
  0.0000E+00
  0.0000E+00
  0.0000E+00
  0.0000E+00
  0.0000E+00
  0.0000E+00
  0.0000E+00
  0.0000E+00
  0.0000E+00
  0.0000E+00
  0.0000E+00
  0.0000E+00
  0.0000E+00
  0.0000E+00
  0.0000E+00
  0.0000E+00
  0.0000E+00
  0.0000E+00
  0.0000E+00
  0.0000E+00
  0.0000E+00
  0.0000E+00
  0.0000E+00
  0.0000E+00
  0.0000E+00
  0.0000E+00
  0.0000E+00
  0.0000E+00
  0.0000E+00
  0.0000E+00
  0.0000E+00
  0.0000E+00
  0.0000E+00
  0.0000E+00
  0.0000E+00
  0.0000E+00
  0.0000E+00
  0.0000E+00
  0.0000E+00
  0.0000E+00
  0.0000E+00
  0.0000E+00
  0.0000E+00
  0.0000E+00
  0.0000E+00
  0.0000E+00
  0.0000E+00
  0.0000E+00
  0.0000E+00
  0.0000E+00
  0.0000E+00
  0.0000E+00
  0.0000E+00
  0.0000E+00
  0.0000E+00
  0.0000E+00
  0.0000E+00
  0.0000E+00
  0.0000E+00
  0.0000E+00
  0.0000E+00
  0.0000E+00
  0.0000E+00
  0.0000E+00
  0.0000E+00
  0.0000E+00
  0.0000E+00
  0.0000E+00
  0.0000E+00
  0.0000E+00
  0.0000E+00
  0.0000E+00
  0.0000E+00
  0.0000E+00
  0.0000E+00
  0.0000E+00
  0.0000E+00
  0.0000E+00
  0.0000E+00
  0.0000E+00
  0.0000E+00
  0.0000E+00
  0.0000E+00
  0.0000E+00
  0.0000E+00
  0.0000E+00
  0.0000E+00
  0.0000E+00
  0.0000E+00
  0.0000E+00
  0.0000E+00
  0.0000E+00
  0.0000E+00
  0.0000E+00
  0.0000E+00
  0.0000E+00
  0.0000E+00
  0.0000E+00
  0.0000E+00
  0.0000E+00
  0.0000E+00
  0.0000E+00
  0.0000E+00
  0.0000E+00
  0.0000E+00
  0.0000E+00
  0.0000E+00
  0.0000E+00
  0.0000E+00
  0.0000E+00
  0.0000E+00
  0.0000E+00
  0.0000E+00
  0.0000E+00
  0.0000E+00
  0.0000E+00
  0.0000E+00
  0.0000E+00
  0.0000E+00
  0.0000E+00
  0.0000E+00
  0.0000E+00
  0.0000E+00
  0.0000E+00
  0.0000E+00
  0.0000E+00
  0.0000E+00
  0.0000E+00
  0.0000E+00
  0.0000E+00
  0.0000E+00
  0.0000E+00
  0.0000E+00
  0.0000E+00
  0.0000E+00
  0.0000E+00
  0.0000E+00
  0.0000E+00
  0.0000E+00
  0.0000E+00
  0.0000E+00
  0.0000E+00
  0.0000E+00
  0.0000E+00
  0.0000E+00
  0.0000E+00
  0.0000E+00
  0.0000E+00
  0.0000E+00
  0.0000E+00
  0.0000E+00
  0.0000E+00
  0.0000E+00
  0.0000E+00
  0.0000E+00
  0.0000E+00
  0.0000E+00
  0.0000E+00
  0.0000E+00
  0.0000E+00
  0.0000E+00
  0.0000E+00
  0.0000E+00
  0.0000E+00
  0.0000E+00
  0.0000E+00
  0.0000E+00
  0.0000E+00
  0.0000E+00
  0.0000E+00
  0.0000E+00
  0.0000E+00
  0.0000E+00
  0.0000E+00
  0.0000E+00
  0.0000E+00
  0.0000E+00
  0.0000E+00
  0.0000E+00
  0.0000E+00
  0.0000E+00
  0.0000E+00
  0.0000E+00
  0.0000E+00
  0.0000E+00
  0.0000E+00
  0.0000E+00
  0.0000E+00
  0.0000E+00
  0.0000E+00
  0.0000E+00
  0.0000E+00
  0.0000E+00
  0.0000E+00
  0.0000E+00
  0.0000E+00
  0.0000E+00
  0.0000E+00
  0.0000E+00
  0.0000E+00
  0.0000E+00
  0.0000E+00
  0.0000E+00
  0.0000E+00
  0.0000E+00
  0.0000E+00
  0.0000E+00
  0.0000E+00
  0.0000E+00
  0.0000E+00
  0.0000E+00
  0.0000E+00
  0.0000E+00
  0.0000E+00
  0.0000E+00
  0.0000E+00
  0.0000E+00
  0.0000E+00
  0.0000E+00
  0.0000E+00
  0.0000E+00
  0.0000E+00
  0.0000E+00
  0.0000E+00
  0.0000E+00
  0.0000E+00
  0.0000E+00
  0.0000E+00
  0.0000E+00
  0.0000E+00
  0.0000E+00
  0.0000E+00
  0.0000E+00
  0.0000E+00
  0.0000E+00
  0.0000E+00
  0.0000E+00
  0.0000E+00
  0.0000E+00
  0.0000E+00
  0.0000E+00
  0.0000E+00
  0.0000E+00
  0.0000E+00
  0.0000E+00
  0.0000E+00
  0.0000E+00
  0.0000E+00
  0.0000E+00
  0.0000E+00
  0.0000E+00
  0.0000E+00
  0.0000E+00
  0.0000E+00
  0.0000E+00
  0.0000E+00
  0.0000E+00
  0.0000E+00
  0.0000E+00
  0.0000E+00
  0.0000E+00
  0.0000E+00
  0.0000E+00
  0.0000E+00
  0.0000E+00
  0.0000E+00
  0.0000E+00
  0.0000E+00
  0.0000E+00
  0.0000E+00
  0.0000E+00
  0.0000E+00
  0.0000E+00
  0.0000E+00
  0.0000E+00
  0.0000E+00
  0.0000E+00
  0.0000E+00
  0.0000E+00
  0.0000E+00
  0.0000E+00
  0.0000E+00
  0.0000E+00
  0.0000E+00
  0.0000E+00
  0.0000E+00
  0.0000E+00
  0.0000E+00
  0.0000E+00
  0.0000E+00
  0.0000E+00
  0.0000E+00
  0.0000E+00
  0.0000E+00
  0.0000E+00
  0.0000E+00
  0.0000E+00
  0.0000E+00
  0.0000E+00
  0.0000E+00
  0.0000E+00
  0.0000E+00
  0.0000E+00
  0.0000E+00
  0.0000E+00
  0.0000E+00
  0.0000E+00
  0.0000E+00
  0.0000E+00
  0.0000E+00
  0.0000E+00
  0.0000E+00
  0.0000E+00
  0.0000E+00
  0.0000E+00
  0.0000E+00
  0.0000E+00
  0.0000E+00
  0.0000E+00
  0.0000E+00
  0.0000E+00
  0.0000E+00
  0.0000E+00
  0.0000E+00
  0.0000E+00
  0.0000E+00
  0.0000E+00
  0.0000E+00
  0.0000E+00
  0.0000E+00
  0.0000E+00
  0.0000E+00
  0.0000E+00
  0.0000E+00
  0.0000E+00
  0.0000E+00
  0.0000E+00
  0.0000E+00
  0.0000E+00
  0.0000E+00
  0.0000E+00
  0.0000E+00
  0.0000E+00
  0.0000E+00
  0.0000E+00
  0.0000E+00
  0.0000E+00
  0.0000E+00
  0.0000E+00
  0.0000E+00
  0.0000E+00
  0.0000E+00
  0.0000E+00
  0.0000E+00
  0.0000E+00
  0.0000E+00
  0.0000E+00
  0.0000E+00
  0.0000E+00
  0.0000E+00
  0.0000E+00
  0.0000E+00
  0.0000E+00
  0.0000E+00
  0.0000E+00
  0.0000E+00
  0.0000E+00
  0.0000E+00
  0.0000E+00
  0.0000E+00
  0.0000E+00
  0.0000E+00
  0.0000E+00
